 Process in group number            1
 A PDF is used, so alpha_s(MZ) is going to be modified
 Old value of alpha_s from param_card:   0.11839999999999999     
  ****************************************
 
       NNPDFDriver version 1.0.3
   Grid: NNPDF23_lo_as_0130_qed_mem0.grid
  ****************************************
 New value of alpha_s from PDF nn23lo1:  0.13000000000000000     
 Define smin to   1600.0000000000000     
 Define smin to   1600.0000000000000     
 Define smin to   1600.0000000000000     
 *****************************************************
 *               MadGraph/MadEvent                   *
 *        --------------------------------           *
 *          http://madgraph.hep.uiuc.edu             *
 *          http://madgraph.phys.ucl.ac.be           *
 *          http://madgraph.roma2.infn.it            *
 *        --------------------------------           *
 *                                                   *
 *          PARAMETER AND COUPLING VALUES            *
 *                                                   *
 *****************************************************

  External Params
  ---------------------------------
  
 mdl_VeN1 =    1.0000000000000000     
 mdl_VeN2 =    0.0000000000000000     
 mdl_VeN3 =    0.0000000000000000     
 mdl_VmuN1 =    0.0000000000000000     
 mdl_VmuN2 =    1.0000000000000000     
 mdl_VmuN3 =    0.0000000000000000     
 mdl_VtaN1 =    0.0000000000000000     
 mdl_VtaN2 =    0.0000000000000000     
 mdl_VtaN3 =    1.0000000000000000     
 mdl_VN1N1 =    1.0000000000000000     
 mdl_VN1N2 =    1.0000000000000000     
 mdl_VN1N3 =    1.0000000000000000     
 mdl_VN2N2 =    1.0000000000000000     
 mdl_VN2N3 =    1.0000000000000000     
 mdl_VN3N3 =    1.0000000000000000     
 aEWM1 =    127.90000000000001     
 mdl_Gf =    1.1663700000000000E-005
 aS =   0.11839999999999999     
 mdl_ymt =    172.00000000000000     
 mdl_vevf =    50.000000000000000     
 mdl_MZ =    91.187600000000003     
 mdl_MT =    172.00000000000000     
 mdl_MH =    125.00000000000000     
 mdl_mN1 =    1822.0000000000000     
 mdl_mN2 =    1922.0000000000000     
 mdl_mN3 =    2022.0000000000000     
 mdl_MJ =    91.187600000000003     
 mdl_MAx =    173.04800000000000     
 mdl_WZ =    2.4952000000000001     
 mdl_WW =    2.0850000000000000     
 mdl_WT =    1.5083359999999999     
 mdl_WH =    4.0699999999999998E-003
 mdl_WN1 =   0.30299999999999999     
 mdl_WN2 =    1.5000000000000000     
 mdl_WN3 =    12.300000000000001     
 mdl_WJ =    2.4952000000000001     
 mdl_WAx =    4.1700000000000001E-003
  Internal Params
  ---------------------------------
  
 mdl_vevf__exp__2 =    2500.0000000000000     
 mdl_sqrt__vevf__exp__2 =    50.000000000000000     
 mdl_muJ =    50.000000000000000     
 mdl_MZ__exp__2 =    8315.1783937600012     
 mdl_MZ__exp__4 =    69142191.720053151     
 mdl_sqrt__2 =    1.4142135623730951     
 mdl_MJ__exp__2 =    8315.1783937600012     
 mdl_muJ__exp__2 =    2500.0000000000000     
 mdl_lamJ =    4.3260713575040004     
 mdl_MH__exp__2 =    15625.000000000000     
 mdl_complexi =  (  0.0000000000000000     ,  1.0000000000000000     )
 mdl_aEW =    7.8186082877247844E-003
 mdl_MW =    79.824359746197842     
 mdl_sqrt__aEW =    8.8422894590285753E-002
 mdl_ee =   0.31345100004952897     
 mdl_MW__exp__2 =    6371.9284088904105     
 mdl_sw2 =   0.23369913342182447     
 mdl_cw =   0.87538612427783857     
 mdl_sqrt__sw2 =   0.48342438232036300     
 mdl_sw =   0.48342438232036300     
 mdl_g1 =   0.35807170271074895     
 mdl_gN =   0.64839716719502682     
 mdl_gw =   0.64839716719502682     
 mdl_vev =    246.22056907348590     
 mdl_vev__exp__2 =    60624.568634871241     
 mdl_lam =   0.12886689630821144     
 mdl_yt =   0.98791394091683138     
 mdl_muH =    88.388347648318444     
 mdl_I2a33 =  ( 0.98791394091683138     ,  0.0000000000000000     )
 mdl_I3a33 =  ( 0.98791394091683138     ,  0.0000000000000000     )
 mdl_ee__exp__2 =    9.8251529432049817E-002
 mdl_sw__exp__2 =   0.23369913342182450     
 mdl_cw__exp__2 =   0.76630086657817542     
  Internal Params evaluated point by point
  ----------------------------------------
  
 mdl_sqrt__aS =   0.34409301068170506     
 mdl_G__exp__2 =    1.4878582807401259     
  Couplings of SM_HeavyN_UFO
  ---------------------------------
  
         GC_1 =  -0.00000E+00  -0.10448E+00
         GC_2 =   0.00000E+00   0.20897E+00
         GC_3 =  -0.00000E+00  -0.31345E+00
         GC_4 =   0.00000E+00   0.31345E+00
        GC_26 =   0.00000E+00   0.45849E+00
        GC_27 =  -0.00000E+00  -0.28380E+00
        GC_28 =   0.00000E+00   0.28380E+00
        GC_30 =   0.00000E+00   0.56760E+00
        GC_35 =  -0.00000E+00  -0.28850E-01
        GC_37 =   0.00000E+00   0.17310E+00
        GC_39 =   0.00000E+00  -0.19725E+00
        GC_40 =   0.00000E+00   0.37035E+00
        GC_80 =   0.00000E+00   0.67543E+02
       GC_107 =  -0.00000E+00  -0.74070E+00
       GC_109 =  -0.00000E+00  -0.74070E+00
       GC_111 =  -0.00000E+00  -0.74070E+00
       GC_113 =  -0.00000E+00  -0.74070E+00
       GC_115 =  -0.00000E+00  -0.74070E+00
       GC_117 =  -0.00000E+00  -0.74070E+00
       GC_119 =   0.00000E+00   0.00000E+00
       GC_120 =   0.00000E+00   0.00000E+00
       GC_122 =  -0.00000E+00  -0.00000E+00
       GC_126 =   0.00000E+00   0.00000E+00
       GC_127 =   0.00000E+00   0.00000E+00
       GC_129 =  -0.00000E+00  -0.00000E+00
       GC_133 =   0.00000E+00   0.45849E+00
       GC_134 =   0.00000E+00   0.37035E+00
       GC_136 =  -0.00000E+00  -0.82121E+01
        GC_81 =   0.36440E+02   0.00000E+00
        GC_82 =   0.38440E+02   0.00000E+00
        GC_83 =   0.40440E+02   0.00000E+00

 Collider parameters:
 --------------------

 Running at P P   machine @    13000.000000000000       GeV
 PDF set = nn23lo1
 alpha_s(Mz)= 0.1300 running at 2 loops.
 alpha_s(Mz)= 0.1300 running at 2 loops.
 Renormalization scale set on event-by-event basis
 Factorization   scale set on event-by-event basis


 getting user params
Enter number of events and max and min iterations: 
 Number of events and iterations         1000           5           3
Enter desired fractional accuracy: 
 Desired fractional accuracy:   0.10000000000000001     
Enter 0 for fixed, 2 for adjustable grid: 
Suppress amplitude (0 no, 1 yes)? 
 Using suppressed amplitude.
Exact helicity sum (0 yes, n = number/event)? 
 Explicitly summing over helicities
Enter Configuration Number: 
Running Configuration Number:  948
 Using dconfig=          79
 BW Setting            1           2           2           2           0           0           0
 Attempting mappinvarients           1           9
 Completed mapping           9
 about to integrate           19        1000           5           3          19           1
 Using non-zero grid deformation.
 19 dimensions   1000 events 19 invarients  5 iterations  1 config(s),  (0.99)
 Using h-tuple random number sequence.
 Error opening grid
 Using Uniform Grid!          36
 Using uniform alpha   1.0000000000000000     
 Grid defined OK
 Set CM energy to      13000.00
 Mapping Graph         948  to config         948
 Setting BW          -1           1   79.824359746197842     
Setting grid   2    0.28499E-04   1
Setting grid   3    0.15259E-03   1
Setting grid   4    0.15259E-03   1
Setting grid   5    0.15259E-03   1
Setting grid   6    0.15259E-03   1
 Transforming s_hat 1/s           18   2.1493129719111747E-004   1600.0000000000000        168999999.99999997     
 948   1   2   3   4   5   6   7   8   9  10  11  12  13  14
  15  16  17  18  19
 Masses: 0.000E+00 0.000E+00 0.000E+00 0.000E+00 0.000E+00 0.000E+00 0.000E+00 0.000E+00 0.912E+02
Using random seed offsets   948 :      1
  with seed                   24
 Ranmar initialization seeds         678        9398
 
 ********************************************
 * You are using the DiscreteSampler module *
 *      part of the MG5_aMC framework       *
 *         Author: Valentin Hirschi         *
 ********************************************
 
  Particle       3       4       5       6       7       8       9
      Et >    10.0    10.0    10.0    10.0     0.0     0.0     0.0
       E >     0.0     0.0     0.0     0.0     0.0     0.0     0.0
     Eta <     2.5     2.5     2.5     2.5    -1.0    -1.0    -1.0
   xqcut:      0.0     0.0     0.0     0.0     0.0     0.0     0.0
d R # 3  >    -0.0     0.4     0.4     0.4     0.0     0.0     0.0
d R # 4  >    -0.0    -0.0     0.4     0.4     0.0     0.0     0.0
d R # 5  >    -0.0    -0.0    -0.0     0.4     0.0     0.0     0.0
d R # 6  >    -0.0    -0.0    -0.0    -0.0     0.0     0.0     0.0
d R # 7  >    -0.0    -0.0    -0.0    -0.0    -0.0     0.0     0.0
d R # 8  >    -0.0    -0.0    -0.0    -0.0    -0.0    -0.0     0.0
s min # 3>     0.0     0.0     0.0     0.0     0.0     0.0     0.0
s min # 4>     0.0     0.0     0.0     0.0     0.0     0.0     0.0
s min # 5>     0.0     0.0     0.0     0.0     0.0     0.0     0.0
s min # 6>     0.0     0.0     0.0     0.0     0.0     0.0     0.0
s min # 7>     0.0     0.0     0.0     0.0     0.0     0.0     0.0
s min # 8>     0.0     0.0     0.0     0.0     0.0     0.0     0.0
xqcutij # 3>     0.0     0.0     0.0     0.0     0.0     0.0     0.0
xqcutij # 4>     0.0     0.0     0.0     0.0     0.0     0.0     0.0
xqcutij # 5>     0.0     0.0     0.0     0.0     0.0     0.0     0.0
xqcutij # 6>     0.0     0.0     0.0     0.0     0.0     0.0     0.0
xqcutij # 7>     0.0     0.0     0.0     0.0     0.0     0.0     0.0
xqcutij # 8>     0.0     0.0     0.0     0.0     0.0     0.0     0.0
 Requiring BW           -1           1
 Excluding BW           -2           2
 Excluding BW           -3           3
 Excluding BW           -4           4
 alpha_s for scale    334.30154405410786       is   0.10692492494682569     
 Added good helicity            1   10.387514611498334       in event            1 local:           1
 Added good helicity           21   3.5427795927099289E-004  in event            1 local:           1
 Added good helicity           25   12.370589047254759       in event            1 local:           1
 Added good helicity           37   6.6358952546150512E-006  in event            1 local:           1
 Added good helicity           41  0.11346549407758771       in event            1 local:           1
 Added good helicity           61   8.8509716609980011E-006  in event            1 local:           1
 Added good helicity          193   227.22662688253104       in event            1 local:           1
 Added good helicity          213   4.6935285279359681E-003  in event            1 local:           1
 Added good helicity          217   5.6019931378694441       in event            1 local:           1
 Added good helicity          229   1.8044078322754749E-004  in event            1 local:           1
 Added good helicity          233  0.29453806415624761       in event            1 local:           1
 Added good helicity          253   2.9028475242164534E-005  in event            1 local:           1
 Added good helicity            1   10.387514611498636       in event            1 local:           1
 Added good helicity           21   3.5427795927099864E-004  in event            1 local:           1
 Added good helicity           25   12.370589047254823       in event            1 local:           1
 Added good helicity           37   6.6358952546150579E-006  in event            1 local:           1
 Added good helicity           41  0.11346549407758881       in event            1 local:           1
 Added good helicity           61   8.8509716609980790E-006  in event            1 local:           1
 Added good helicity          193   227.22662688253064       in event            1 local:           1
 Added good helicity          213   4.6935285279359265E-003  in event            1 local:           1
 Added good helicity          217   5.6019931378694690       in event            1 local:           1
 Added good helicity          229   1.8044078322754860E-004  in event            1 local:           1
 Added good helicity          233  0.29453806415625178       in event            1 local:           1
 Added good helicity          253   2.9028475242165053E-005  in event            1 local:           1
 RESET CUMULATIVE VARIABLE
 RESET CUMULATIVE VARIABLE
 RESET CUMULATIVE VARIABLE
 Iteration  1   Mean: 0.2124E-12 Abs mean: 0.2124E-12   Fluctuation:  0.168E-12   0.165E-09     5.4%
  1    0.2124E-12 0.2124E-12 +- 0.1685E-12     25.09
 Writing out events   7.8964244228358578E-016   25.085505334644992     
 Relative summed weights:
  0.8780E-03  0.6380E-04  0.5553E-08  0.6382E-05  0.5141E-11  0.3953E-13
  0.2494E-04  0.7544E+00  0.1733E-04  0.4258E-07  0.0000E+00  0.1472E-09
  0.5108E-06  0.2765E-03  0.1436E-06  0.6910E-06  0.5047E-13  0.0000E+00
  0.2102E-05  0.4415E-04  0.9868E-07  0.1222E-11  0.1383E-10  0.1096E-18
  0.3460E-06  0.3005E-01  0.4933E-04  0.6611E-06  0.0000E+00  0.0000E+00
  0.1817E-01  0.5739E-04  0.2918E-07  0.1019E-06  0.3558E-07  0.0000E+00
  0.2825E-03  0.1398E+00  0.1036E-04  0.1146E-05  0.3146E-16  0.0000E+00
  0.5547E-01  0.1391E-04  0.7339E-05  0.3821E-03  0.6672E-12  0.0000E+00
 Relative number of events:
  0.4063E-01  0.4361E-01  0.9911E-02  0.6938E-02  0.9911E-03  0.9911E-03
  0.3271E-01  0.3072E-01  0.9911E-02  0.3964E-02  0.0000E+00  0.9911E-03
  0.2676E-01  0.3766E-01  0.1189E-01  0.9911E-02  0.9911E-03  0.0000E+00
  0.2478E-01  0.4063E-01  0.9911E-02  0.2973E-02  0.9911E-03  0.9911E-03
  0.5649E-01  0.5055E-01  0.1586E-01  0.1982E-01  0.0000E+00  0.0000E+00
  0.5154E-01  0.7730E-01  0.9911E-02  0.2180E-01  0.1982E-02  0.0000E+00
  0.6739E-01  0.5748E-01  0.1388E-01  0.1883E-01  0.9911E-03  0.0000E+00
  0.7929E-01  0.6343E-01  0.2775E-01  0.1586E-01  0.9911E-03  0.0000E+00
 Events:
          41          44          10           7           1           1
          33          31          10           4           0           1
          27          38          12          10           1           0
          25          41          10           3           1           1
          57          51          16          20           0           0
          52          78          10          22           2           0
          68          58          14          19           1           0
          80          64          28          16           1           0
 Iteration  2   Mean: 0.1343E-13 Abs mean: 0.1343E-13   Fluctuation:  0.563E-14   0.745E-11    35.3%
  2    0.1343E-13 0.1343E-13 +- 0.5634E-14     18.76
 Relative summed weights:
  0.3690E-03  0.6458E-03  0.5850E-07  0.6726E-07  0.0000E+00  0.0000E+00
  0.3050E-01  0.2811E+00  0.9790E-06  0.6077E-07  0.7639E-04  0.1781E-07
  0.4860E-03  0.1613E-02  0.1886E-03  0.9361E-04  0.1649E-11  0.0000E+00
  0.5259E-04  0.1601E-03  0.3071E-07  0.1047E-06  0.0000E+00  0.4330E-14
  0.5051E+00  0.6707E-01  0.3540E-05  0.5647E-05  0.4641E-09  0.7066E-11
  0.3303E-03  0.1610E-03  0.4289E-04  0.7159E-02  0.0000E+00  0.0000E+00
  0.1397E-01  0.2428E-01  0.6396E-01  0.3041E-07  0.5237E-13  0.2279E-15
  0.6652E-03  0.7826E-03  0.6566E-04  0.1130E-02  0.0000E+00  0.4872E-10
 Relative number of events:
  0.3850E-01  0.3500E-01  0.4500E-02  0.7500E-02  0.0000E+00  0.0000E+00
  0.3500E-01  0.3600E-01  0.6500E-02  0.6000E-02  0.5000E-03  0.1000E-02
  0.3650E-01  0.3050E-01  0.7000E-02  0.6500E-02  0.1000E-02  0.0000E+00
  0.3250E-01  0.3850E-01  0.7000E-02  0.3500E-02  0.0000E+00  0.5000E-03
  0.6700E-01  0.6500E-01  0.1300E-01  0.1350E-01  0.1000E-02  0.5000E-03
  0.6500E-01  0.5950E-01  0.2200E-01  0.1700E-01  0.0000E+00  0.0000E+00
  0.7000E-01  0.6450E-01  0.1250E-01  0.1450E-01  0.1000E-02  0.1000E-02
  0.7100E-01  0.6600E-01  0.1800E-01  0.2250E-01  0.0000E+00  0.1500E-02
 Events:
          77          70           9          15           0           0
          70          72          13          12           1           2
          73          61          14          13           2           0
          65          77          14           7           0           1
         134         130          26          27           2           1
         130         119          44          34           0           0
         140         129          25          29           2           2
         142         132          36          45           0           3
 Iteration  3   Mean: 0.8013E-13 Abs mean: 0.8013E-13   Fluctuation:  0.481E-13   0.188E-09    56.2%
  3    0.8013E-13 0.8013E-13 +- 0.4808E-13     37.95
 Relative summed weights:
  0.3614E-01  0.8017E-02  0.2219E-06  0.7245E-04  0.5407E-09  0.8125E-09
  0.5877E+00  0.6503E-01  0.1356E-03  0.1940E-03  0.8480E-13  0.5333E-15
  0.1121E-01  0.2920E-02  0.1076E-05  0.1826E-05  0.7353E-09  0.2966E-06
  0.2523E-02  0.1886E-01  0.1678E-02  0.1045E-05  0.2862E-10  0.2461E-09
  0.1479E-02  0.8645E-02  0.3378E-03  0.3085E-03  0.9188E-13  0.1653E-12
  0.3746E-01  0.9645E-01  0.3462E-02  0.8999E-04  0.1593E-12  0.0000E+00
  0.3672E-01  0.2230E-01  0.3985E-04  0.1577E-04  0.0000E+00  0.7691E-12
  0.5621E-02  0.5252E-01  0.2804E-05  0.7917E-04  0.3199E-14  0.0000E+00
 Relative number of events:
  0.3575E-01  0.4525E-01  0.5000E-02  0.2000E-02  0.5000E-03  0.2500E-03
  0.3800E-01  0.4075E-01  0.4250E-02  0.6750E-02  0.2500E-03  0.2500E-03
  0.3425E-01  0.3975E-01  0.4500E-02  0.6250E-02  0.2500E-03  0.2500E-03
  0.3400E-01  0.3725E-01  0.5500E-02  0.5250E-02  0.2500E-03  0.5000E-03
  0.6825E-01  0.6075E-01  0.1350E-01  0.1700E-01  0.5000E-03  0.2500E-03
  0.6375E-01  0.7125E-01  0.1375E-01  0.1225E-01  0.2500E-03  0.0000E+00
  0.6850E-01  0.6775E-01  0.1575E-01  0.1550E-01  0.0000E+00  0.2500E-03
  0.6775E-01  0.6575E-01  0.1350E-01  0.1650E-01  0.2500E-03  0.0000E+00
 Events:
         143         181          20           8           2           1
         152         163          17          27           1           1
         137         159          18          25           1           1
         136         149          22          21           1           2
         273         243          54          68           2           1
         255         285          55          49           1           0
         274         271          63          62           0           1
         271         263          54          66           1           0
 Accuracy:    0.789   0.100   0.315   6.264
 Found          110  events.
 Wrote            1  events.
 Actual xsec    6.3326358477813902E-014
 Correct abs xsec    6.3326358477813902E-014
 Event xsec    6.3326358477813902E-014
 Events wgts > 1:            0
 % Cross section > 1:    0.0000000000000000        0.0000000000000000     
 Iteration  4   Mean: 0.2403E-12 Abs mean: 0.2403E-12   Fluctuation:  0.127E-12   0.968E-09    68.0%
  4    0.2403E-12 0.2403E-12 +- 0.1274E-12     47.41
 Relative summed weights:
  0.1606E-01  0.7696E-02  0.1204E-02  0.1331E-03  0.1946E-07  0.7362E-14
  0.6166E-02  0.5548E-02  0.3387E-04  0.1719E-01  0.0000E+00  0.4831E-07
  0.6132E-01  0.9426E-02  0.4093E-03  0.1673E-02  0.4536E-18  0.7946E-09
  0.8609E-02  0.9505E-02  0.2361E-04  0.2277E-02  0.2600E-10  0.7477E-14
  0.1503E+00  0.1486E-01  0.3621E-03  0.7180E-01  0.0000E+00  0.6039E-10
  0.4382E-02  0.5126E-02  0.1354E-01  0.2542E-02  0.0000E+00  0.0000E+00
  0.1930E-01  0.1300E-01  0.1361E-03  0.3904E-04  0.3020E-12  0.2737E-08
  0.2490E-01  0.5321E+00  0.9435E-04  0.2639E-03  0.1472E-09  0.0000E+00
 Relative number of events:
  0.4275E-01  0.3862E-01  0.3625E-02  0.5500E-02  0.2500E-03  0.1250E-03
  0.3862E-01  0.3900E-01  0.5500E-02  0.6000E-02  0.0000E+00  0.5000E-03
  0.3900E-01  0.3925E-01  0.3125E-02  0.4625E-02  0.1250E-03  0.1250E-03
  0.3875E-01  0.3750E-01  0.5000E-02  0.5125E-02  0.1250E-03  0.1250E-03
  0.6950E-01  0.6775E-01  0.1238E-01  0.1150E-01  0.0000E+00  0.3750E-03
  0.6788E-01  0.6575E-01  0.1312E-01  0.1263E-01  0.0000E+00  0.0000E+00
  0.6975E-01  0.7075E-01  0.1287E-01  0.1200E-01  0.1250E-03  0.1250E-03
  0.6175E-01  0.7087E-01  0.1388E-01  0.1325E-01  0.3750E-03  0.0000E+00
 Events:
         342         309          29          44           2           1
         309         312          44          48           0           4
         312         314          25          37           1           1
         310         300          40          41           1           1
         556         542          99          92           0           3
         543         526         105         101           0           0
         558         566         103          96           1           1
         494         567         111         106           3           0
 Accuracy:    0.520   0.100   0.271   3.677
 Found          170  events.
 Wrote            1  events.
 Actual xsec    9.6003915283672782E-014
 Correct abs xsec    9.6003915283672782E-014
 Event xsec    9.6003915283672782E-014
 Events wgts > 1:            0
 % Cross section > 1:    0.0000000000000000        0.0000000000000000     
 Iteration  5   Mean: 0.2537E-11 Abs mean: 0.2537E-11   Fluctuation:  0.116E-11   0.167E-07    71.5%
  5    0.2537E-11 0.2537E-11 +- 0.1159E-11     57.79
 Relative summed weights:
  0.1337E+00  0.3163E-01  0.1930E-03  0.4366E-03  0.4101E-10  0.8108E-08
  0.3804E-02  0.2554E-02  0.6284E-03  0.1625E+00  0.1519E-04  0.1198E-10
  0.1379E-01  0.5895E-02  0.4494E-02  0.2933E-04  0.6512E-12  0.3025E-16
  0.8034E-02  0.1866E-01  0.3155E-04  0.7627E-02  0.2090E-07  0.1708E-13
  0.1184E-01  0.5320E-02  0.1718E-04  0.1179E-02  0.1395E-11  0.4150E-13
  0.4837E-02  0.6005E-02  0.3999E-03  0.8702E-03  0.1219E-09  0.5934E-10
  0.6268E-01  0.3757E-02  0.7088E-02  0.2209E-04  0.0000E+00  0.3564E-08
  0.4591E+00  0.2546E-01  0.2983E-02  0.1437E-01  0.1857E-11  0.8887E-14
 Relative number of events:
  0.4094E-01  0.3775E-01  0.3750E-02  0.3563E-02  0.6250E-04  0.6250E-04
  0.3712E-01  0.3944E-01  0.4812E-02  0.4625E-02  0.6250E-04  0.6250E-04
  0.3806E-01  0.3975E-01  0.3687E-02  0.4625E-02  0.6250E-04  0.6250E-04
  0.3931E-01  0.3906E-01  0.4125E-02  0.4938E-02  0.6250E-04  0.6250E-04
  0.7150E-01  0.6956E-01  0.1075E-01  0.1150E-01  0.1250E-03  0.6250E-04
  0.6763E-01  0.6850E-01  0.1162E-01  0.1256E-01  0.1875E-03  0.1250E-03
  0.6825E-01  0.7194E-01  0.1188E-01  0.1019E-01  0.0000E+00  0.1250E-03
  0.7450E-01  0.7013E-01  0.1225E-01  0.1044E-01  0.6250E-04  0.6250E-04
 Events:
         655         604          60          57           1           1
         594         631          77          74           1           1
         609         636          59          74           1           1
         629         625          66          79           1           1
        1144        1113         172         184           2           1
        1082        1096         186         201           3           2
        1092        1151         190         163           0           2
        1192        1122         196         167           1           1
 Accuracy:    0.720   0.100   0.233   9.550
 Found          377  events.
 Wrote            2  events.
 Actual xsec    1.1893975534972305E-012
 Correct abs xsec    1.1893975534972305E-012
 Event xsec    1.1893975534972305E-012
 Events wgts > 1:            0
 % Cross section > 1:    0.0000000000000000        0.0000000000000000     

 -------------------------------------------------------------------------------
 Accumulated results:   Integral =  0.7418E-12
                        Std dev  =  0.1729E-12
                       Cross sec =  0.7418E-12
             Chi**2 per DoF.     =      9.5495
 -------------------------------------------------------------------------------
-------------------------------------------------
---------------------------
 Results Last   3 iters: Integral =   0.1189E-11
                     Abs integral =   0.1189E-11
                          Std dev =   0.3566E-12
                  Chi**2 per DoF. =    294.6002
-------------------------------------------------
---------------------------
 Status  0.10000000000000001                6           5

ls status:
events.lhe
ftn26
input_app.txt
results.dat
run1_app.log
