 Process in group number            1
 A PDF is used, so alpha_s(MZ) is going to be modified
 Old value of alpha_s from param_card:   0.11839999999999999     
  ****************************************
 
       NNPDFDriver version 1.0.3
   Grid: NNPDF23_lo_as_0130_qed_mem0.grid
  ****************************************
 New value of alpha_s from PDF nn23lo1:  0.13000000000000000     
 Define smin to   1600.0000000000000     
 Define smin to   1600.0000000000000     
 Define smin to   1600.0000000000000     
 *****************************************************
 *               MadGraph/MadEvent                   *
 *        --------------------------------           *
 *          http://madgraph.hep.uiuc.edu             *
 *          http://madgraph.phys.ucl.ac.be           *
 *          http://madgraph.roma2.infn.it            *
 *        --------------------------------           *
 *                                                   *
 *          PARAMETER AND COUPLING VALUES            *
 *                                                   *
 *****************************************************

  External Params
  ---------------------------------
  
 mdl_VeN1 =    1.0000000000000000     
 mdl_VeN2 =    0.0000000000000000     
 mdl_VeN3 =    0.0000000000000000     
 mdl_VmuN1 =    0.0000000000000000     
 mdl_VmuN2 =    1.0000000000000000     
 mdl_VmuN3 =    0.0000000000000000     
 mdl_VtaN1 =    0.0000000000000000     
 mdl_VtaN2 =    0.0000000000000000     
 mdl_VtaN3 =    1.0000000000000000     
 mdl_VN1N1 =    1.0000000000000000     
 mdl_VN1N2 =    1.0000000000000000     
 mdl_VN1N3 =    1.0000000000000000     
 mdl_VN2N2 =    1.0000000000000000     
 mdl_VN2N3 =    1.0000000000000000     
 mdl_VN3N3 =    1.0000000000000000     
 aEWM1 =    127.90000000000001     
 mdl_Gf =    1.1663700000000000E-005
 aS =   0.11839999999999999     
 mdl_ymt =    172.00000000000000     
 mdl_vevf =    50.000000000000000     
 mdl_MZ =    91.187600000000003     
 mdl_MT =    172.00000000000000     
 mdl_MH =    125.00000000000000     
 mdl_mN1 =    510.00000000000000     
 mdl_mN2 =    610.00000000000000     
 mdl_mN3 =    710.00000000000000     
 mdl_MJ =    91.187600000000003     
 mdl_MAx =    173.04800000000000     
 mdl_WZ =    2.4952000000000001     
 mdl_WW =    2.0850000000000000     
 mdl_WT =    1.5083359999999999     
 mdl_WH =    4.0699999999999998E-003
 mdl_WN1 =   0.30299999999999999     
 mdl_WN2 =    1.5000000000000000     
 mdl_WN3 =    12.300000000000001     
 mdl_WJ =    2.4952000000000001     
 mdl_WAx =    4.1700000000000001E-003
  Internal Params
  ---------------------------------
  
 mdl_vevf__exp__2 =    2500.0000000000000     
 mdl_sqrt__vevf__exp__2 =    50.000000000000000     
 mdl_muJ =    50.000000000000000     
 mdl_MZ__exp__2 =    8315.1783937600012     
 mdl_MZ__exp__4 =    69142191.720053151     
 mdl_sqrt__2 =    1.4142135623730951     
 mdl_MJ__exp__2 =    8315.1783937600012     
 mdl_muJ__exp__2 =    2500.0000000000000     
 mdl_lamJ =    4.3260713575040004     
 mdl_MH__exp__2 =    15625.000000000000     
 mdl_complexi =  (  0.0000000000000000     ,  1.0000000000000000     )
 mdl_aEW =    7.8186082877247844E-003
 mdl_MW =    79.824359746197842     
 mdl_sqrt__aEW =    8.8422894590285753E-002
 mdl_ee =   0.31345100004952897     
 mdl_MW__exp__2 =    6371.9284088904105     
 mdl_sw2 =   0.23369913342182447     
 mdl_cw =   0.87538612427783857     
 mdl_sqrt__sw2 =   0.48342438232036300     
 mdl_sw =   0.48342438232036300     
 mdl_g1 =   0.35807170271074895     
 mdl_gN =   0.64839716719502682     
 mdl_gw =   0.64839716719502682     
 mdl_vev =    246.22056907348590     
 mdl_vev__exp__2 =    60624.568634871241     
 mdl_lam =   0.12886689630821144     
 mdl_yt =   0.98791394091683138     
 mdl_muH =    88.388347648318444     
 mdl_I2a33 =  ( 0.98791394091683138     ,  0.0000000000000000     )
 mdl_I3a33 =  ( 0.98791394091683138     ,  0.0000000000000000     )
 mdl_ee__exp__2 =    9.8251529432049817E-002
 mdl_sw__exp__2 =   0.23369913342182450     
 mdl_cw__exp__2 =   0.76630086657817542     
  Internal Params evaluated point by point
  ----------------------------------------
  
 mdl_sqrt__aS =   0.34409301068170506     
 mdl_G__exp__2 =    1.4878582807401259     
  Couplings of SM_HeavyN_UFO
  ---------------------------------
  
         GC_1 =  -0.00000E+00  -0.10448E+00
         GC_2 =   0.00000E+00   0.20897E+00
         GC_3 =  -0.00000E+00  -0.31345E+00
         GC_4 =   0.00000E+00   0.31345E+00
        GC_26 =   0.00000E+00   0.45849E+00
        GC_27 =  -0.00000E+00  -0.28380E+00
        GC_28 =   0.00000E+00   0.28380E+00
        GC_30 =   0.00000E+00   0.56760E+00
        GC_35 =  -0.00000E+00  -0.28850E-01
        GC_37 =   0.00000E+00   0.17310E+00
        GC_39 =   0.00000E+00  -0.19725E+00
        GC_40 =   0.00000E+00   0.37035E+00
        GC_80 =   0.00000E+00   0.67543E+02
       GC_107 =  -0.00000E+00  -0.74070E+00
       GC_109 =  -0.00000E+00  -0.74070E+00
       GC_111 =  -0.00000E+00  -0.74070E+00
       GC_113 =  -0.00000E+00  -0.74070E+00
       GC_115 =  -0.00000E+00  -0.74070E+00
       GC_117 =  -0.00000E+00  -0.74070E+00
       GC_119 =   0.00000E+00   0.00000E+00
       GC_120 =   0.00000E+00   0.00000E+00
       GC_122 =  -0.00000E+00  -0.00000E+00
       GC_126 =   0.00000E+00   0.00000E+00
       GC_127 =   0.00000E+00   0.00000E+00
       GC_129 =  -0.00000E+00  -0.00000E+00
       GC_133 =   0.00000E+00   0.45849E+00
       GC_134 =   0.00000E+00   0.37035E+00
       GC_136 =  -0.00000E+00  -0.28836E+01
        GC_81 =   0.10200E+02   0.00000E+00
        GC_82 =   0.12200E+02   0.00000E+00
        GC_83 =   0.14200E+02   0.00000E+00

 Collider parameters:
 --------------------

 Running at P P   machine @    13000.000000000000       GeV
 PDF set = nn23lo1
 alpha_s(Mz)= 0.1300 running at 2 loops.
 alpha_s(Mz)= 0.1300 running at 2 loops.
 Renormalization scale set on event-by-event basis
 Factorization   scale set on event-by-event basis


 getting user params
Enter number of events and max and min iterations: 
 Number of events and iterations         1000           5           3
Enter desired fractional accuracy: 
 Desired fractional accuracy:   0.10000000000000001     
Enter 0 for fixed, 2 for adjustable grid: 
Suppress amplitude (0 no, 1 yes)? 
 Using suppressed amplitude.
Exact helicity sum (0 yes, n = number/event)? 
 Explicitly summing over helicities
Enter Configuration Number: 
Running Configuration Number:  195
 Using dconfig=         617
 BW Setting            2           1           2           1           1           2           0
 Attempting mappinvarients           1           9
 Completed mapping           9
 about to integrate           19        1000           5           3          19           1
 Using non-zero grid deformation.
 19 dimensions   1000 events 19 invarients  5 iterations  1 config(s),  (0.99)
 Using h-tuple random number sequence.
 Error opening grid
 Using Uniform Grid!          36
 Using uniform alpha   1.0000000000000000     
 Grid defined OK
 Set CM energy to      13000.00
 Mapping Graph         195  to config         195
Setting grid   1    0.75740E-07   1
 Setting BW          -2           2   710.00000000000000     
Setting grid   3    0.75740E-07   1
 Setting BW          -4           4   710.00000000000000     
 Setting BW          -5           5   710.00000000000000     
Setting grid   6    0.32689E-02   1
 Transforming s_hat 1/s           18   3.4149423052885213E-003   1600.0000000000000        168999999.99999997     
 195   1   2   3   4   5   6   7   8   9  10  11  12  13  14
  15  16  17  18  19
 Masses: 0.000E+00 0.000E+00 0.000E+00 0.000E+00 0.000E+00 0.000E+00 0.000E+00 0.000E+00 0.912E+02
Using random seed offsets   195 :      1
  with seed                   24
 Ranmar initialization seeds       31253        9398
 
 ********************************************
 * You are using the DiscreteSampler module *
 *      part of the MG5_aMC framework       *
 *         Author: Valentin Hirschi         *
 ********************************************
 
  Particle       3       4       5       6       7       8       9
      Et >    10.0    10.0    10.0    10.0     0.0     0.0     0.0
       E >     0.0     0.0     0.0     0.0     0.0     0.0     0.0
     Eta <     2.5     2.5     2.5     2.5    -1.0    -1.0    -1.0
   xqcut:      0.0     0.0     0.0     0.0     0.0     0.0     0.0
d R # 3  >    -0.0     0.4     0.4     0.4     0.0     0.0     0.0
d R # 4  >    -0.0    -0.0     0.4     0.4     0.0     0.0     0.0
d R # 5  >    -0.0    -0.0    -0.0     0.4     0.0     0.0     0.0
d R # 6  >    -0.0    -0.0    -0.0    -0.0     0.0     0.0     0.0
d R # 7  >    -0.0    -0.0    -0.0    -0.0    -0.0     0.0     0.0
d R # 8  >    -0.0    -0.0    -0.0    -0.0    -0.0    -0.0     0.0
s min # 3>     0.0     0.0     0.0     0.0     0.0     0.0     0.0
s min # 4>     0.0     0.0     0.0     0.0     0.0     0.0     0.0
s min # 5>     0.0     0.0     0.0     0.0     0.0     0.0     0.0
s min # 6>     0.0     0.0     0.0     0.0     0.0     0.0     0.0
s min # 7>     0.0     0.0     0.0     0.0     0.0     0.0     0.0
s min # 8>     0.0     0.0     0.0     0.0     0.0     0.0     0.0
xqcutij # 3>     0.0     0.0     0.0     0.0     0.0     0.0     0.0
xqcutij # 4>     0.0     0.0     0.0     0.0     0.0     0.0     0.0
xqcutij # 5>     0.0     0.0     0.0     0.0     0.0     0.0     0.0
xqcutij # 6>     0.0     0.0     0.0     0.0     0.0     0.0     0.0
xqcutij # 7>     0.0     0.0     0.0     0.0     0.0     0.0     0.0
xqcutij # 8>     0.0     0.0     0.0     0.0     0.0     0.0     0.0
 Excluding BW           -1           1
 Requiring BW           -2           2
 Excluding BW           -3           3
 Requiring BW           -4           4
 Requiring BW           -5           5
 Excluding BW           -6           6
 alpha_s for scale    769.67107206546984       is    9.6049849770479798E-002
 Added good helicity            1   33.245964407872684       in event            1 local:           1
 Added good helicity           21   14.925826248996101       in event            1 local:           1
 Added good helicity           25   3.9920002022359000E-002  in event            1 local:           1
 Added good helicity           37   122.93151951517176       in event            1 local:           1
 Added good helicity           41   6.5760849744579444       in event            1 local:           1
 Added good helicity           61   8.4207558299199228       in event            1 local:           1
 Added good helicity          193   46.060928513841439       in event            1 local:           1
 Added good helicity          213  0.72292037349972094       in event            1 local:           1
 Added good helicity          217   3.1243349254778585       in event            1 local:           1
 Added good helicity          229   2.3793208426641725       in event            1 local:           1
 Added good helicity          233   16.493657600049360       in event            1 local:           1
 Added good helicity          253   1.0787667660266829       in event            1 local:           1
 Added good helicity            1   33.245964407870794       in event            1 local:           1
 Added good helicity           21   14.925826248996401       in event            1 local:           1
 Added good helicity           25   3.9920002022359874E-002  in event            1 local:           1
 Added good helicity           37   122.93151951517318       in event            1 local:           1
 Added good helicity           41   6.5760849744581620       in event            1 local:           1
 Added good helicity           61   8.4207558299200418       in event            1 local:           1
 Added good helicity          193   46.060928513840977       in event            1 local:           1
 Added good helicity          213  0.72292037349973959       in event            1 local:           1
 Added good helicity          217   3.1243349254778154       in event            1 local:           1
 Added good helicity          229   2.3793208426642822       in event            1 local:           1
 Added good helicity          233   16.493657600049563       in event            1 local:           1
 Added good helicity          253   1.0787667660267051       in event            1 local:           1
 RESET CUMULATIVE VARIABLE
 RESET CUMULATIVE VARIABLE
 DiscreteSampler:: WARNING, the bin '16' of dimension 'grouped_processes' will be used for reference even though it has been probed only 7 times (minimum requested is 10 times).
 DiscreteSampler:: WARNING, the bin '17' of dimension 'grouped_processes' will be used for reference even though it has been probed only 7 times (minimum requested is 10 times).
 DiscreteSampler:: WARNING, the bin '19' of dimension 'grouped_processes' will be used for reference even though it has been probed only 7 times (minimum requested is 10 times).
 DiscreteSampler:: WARNING, the bin '20' of dimension 'grouped_processes' will be used for reference even though it has been probed only 7 times (minimum requested is 10 times).
 DiscreteSampler:: WARNING, the bin '22' of dimension 'grouped_processes' will be used for reference even though it has been probed only 7 times (minimum requested is 10 times).
 DiscreteSampler:: WARNING, the bin '23' of dimension 'grouped_processes' will be used for reference even though it has been probed only 7 times (minimum requested is 10 times).
 DiscreteSampler:: WARNING, the bin '28' of dimension 'grouped_processes' will be used for reference even though it has been probed only 7 times (minimum requested is 10 times).
 DiscreteSampler:: WARNING, the bin '29' of dimension 'grouped_processes' will be used for reference even though it has been probed only 7 times (minimum requested is 10 times).
 DiscreteSampler:: WARNING, the bin '31' of dimension 'grouped_processes' will be used for reference even though it has been probed only 7 times (minimum requested is 10 times).
 DiscreteSampler:: WARNING, the bin '32' of dimension 'grouped_processes' will be used for reference even though it has been probed only 7 times (minimum requested is 10 times).
 DiscreteSampler:: WARNING, the bin '34' of dimension 'grouped_processes' will be used for reference even though it has been probed only 7 times (minimum requested is 10 times).
 DiscreteSampler:: WARNING, the bin '35' of dimension 'grouped_processes' will be used for reference even though it has been probed only 7 times (minimum requested is 10 times).
 DiscreteSampler:: WARNING, the bin '40' of dimension 'grouped_processes' will be used for reference even though it has been probed only 7 times (minimum requested is 10 times).
 DiscreteSampler:: WARNING, the bin '41' of dimension 'grouped_processes' will be used for reference even though it has been probed only 7 times (minimum requested is 10 times).
 DiscreteSampler:: WARNING, the bin '43' of dimension 'grouped_processes' will be used for reference even though it has been probed only 7 times (minimum requested is 10 times).
 DiscreteSampler:: WARNING, the bin '44' of dimension 'grouped_processes' will be used for reference even though it has been probed only 7 times (minimum requested is 10 times).
 DiscreteSampler:: WARNING, the bin '46' of dimension 'grouped_processes' will be used for reference even though it has been probed only 7 times (minimum requested is 10 times).
 DiscreteSampler:: WARNING, the bin '47' of dimension 'grouped_processes' will be used for reference even though it has been probed only 7 times (minimum requested is 10 times).
 DiscreteSampler:: WARNING, the bin '52' of dimension 'grouped_processes' will be used for reference even though it has been probed only 7 times (minimum requested is 10 times).
 DiscreteSampler:: WARNING, the bin '53' of dimension 'grouped_processes' will be used for reference even though it has been probed only 7 times (minimum requested is 10 times).
 DiscreteSampler:: WARNING, the bin '55' of dimension 'grouped_processes' will be used for reference even though it has been probed only 7 times (minimum requested is 10 times).
 DiscreteSampler:: WARNING, the bin '56' of dimension 'grouped_processes' will be used for reference even though it has been probed only 7 times (minimum requested is 10 times).
 DiscreteSampler:: WARNING, the bin '58' of dimension 'grouped_processes' will be used for reference even though it has been probed only 7 times (minimum requested is 10 times).
 DiscreteSampler:: WARNING, the bin '59' of dimension 'grouped_processes' will be used for reference even though it has been probed only 7 times (minimum requested is 10 times).
 DiscreteSampler:: WARNING, the bin '64' of dimension 'grouped_processes' will be used for reference even though it has been probed only 7 times (minimum requested is 10 times).
 DiscreteSampler:: WARNING, the bin '65' of dimension 'grouped_processes' will be used for reference even though it has been probed only 7 times (minimum requested is 10 times).
 DiscreteSampler:: WARNING, the bin '67' of dimension 'grouped_processes' will be used for reference even though it has been probed only 7 times (minimum requested is 10 times).
 DiscreteSampler:: WARNING, the bin '68' of dimension 'grouped_processes' will be used for reference even though it has been probed only 7 times (minimum requested is 10 times).
 DiscreteSampler:: WARNING, the bin '70' of dimension 'grouped_processes' will be used for reference even though it has been probed only 7 times (minimum requested is 10 times).
 DiscreteSampler:: WARNING, the bin '71' of dimension 'grouped_processes' will be used for reference even though it has been probed only 7 times (minimum requested is 10 times).
 DiscreteSampler:: WARNING, the bin '76' of dimension 'grouped_processes' will be used for reference even though it has been probed only 7 times (minimum requested is 10 times).
 DiscreteSampler:: WARNING, the bin '77' of dimension 'grouped_processes' will be used for reference even though it has been probed only 7 times (minimum requested is 10 times).
 DiscreteSampler:: WARNING, the bin '79' of dimension 'grouped_processes' will be used for reference even though it has been probed only 7 times (minimum requested is 10 times).
 DiscreteSampler:: WARNING, the bin '80' of dimension 'grouped_processes' will be used for reference even though it has been probed only 7 times (minimum requested is 10 times).
 DiscreteSampler:: WARNING, the bin '82' of dimension 'grouped_processes' will be used for reference even though it has been probed only 7 times (minimum requested is 10 times).
 DiscreteSampler:: WARNING, the bin '83' of dimension 'grouped_processes' will be used for reference even though it has been probed only 7 times (minimum requested is 10 times).
 DiscreteSampler:: WARNING, the bin '88' of dimension 'grouped_processes' will be used for reference even though it has been probed only 7 times (minimum requested is 10 times).
 DiscreteSampler:: WARNING, the bin '89' of dimension 'grouped_processes' will be used for reference even though it has been probed only 7 times (minimum requested is 10 times).
 DiscreteSampler:: WARNING, the bin '91' of dimension 'grouped_processes' will be used for reference even though it has been probed only 7 times (minimum requested is 10 times).
 DiscreteSampler:: WARNING, the bin '92' of dimension 'grouped_processes' will be used for reference even though it has been probed only 7 times (minimum requested is 10 times).
 DiscreteSampler:: WARNING, the bin '94' of dimension 'grouped_processes' will be used for reference even though it has been probed only 7 times (minimum requested is 10 times).
 DiscreteSampler:: WARNING, the bin '95' of dimension 'grouped_processes' will be used for reference even though it has been probed only 7 times (minimum requested is 10 times).
 DiscreteSampler:: WARNING, the bin '100' of dimension 'grouped_processes' will be used for reference even though it has been probed only 7 times (minimum requested is 10 times).
 DiscreteSampler:: WARNING, the bin '101' of dimension 'grouped_processes' will be used for reference even though it has been probed only 7 times (minimum requested is 10 times).
 DiscreteSampler:: WARNING, the bin '103' of dimension 'grouped_processes' will be used for reference even though it has been probed only 7 times (minimum requested is 10 times).
 DiscreteSampler:: WARNING, the bin '104' of dimension 'grouped_processes' will be used for reference even though it has been probed only 7 times (minimum requested is 10 times).
 DiscreteSampler:: WARNING, the bin '106' of dimension 'grouped_processes' will be used for reference even though it has been probed only 7 times (minimum requested is 10 times).
 DiscreteSampler:: WARNING, the bin '107' of dimension 'grouped_processes' will be used for reference even though it has been probed only 7 times (minimum requested is 10 times).
 Iteration  1   Mean: 0.9256E-27 Abs mean: 0.9256E-27   Fluctuation:  0.909E-27   0.545E-26     0.0%
  1    0.9256E-27 0.9256E-27 +- 0.9091E-27      2.41
 Writing out events   7.4140584714215187E-029   2.4058935159099817     
 Relative summed weights:
  0.0000E+00  0.1779E-01  0.0000E+00  0.0000E+00  0.0000E+00  0.0000E+00
  0.0000E+00  0.0000E+00  0.9814E+00  0.0000E+00  0.0000E+00  0.0000E+00
  0.0000E+00  0.4497E-05  0.0000E+00  0.0000E+00  0.1579E-03  0.0000E+00
  0.0000E+00  0.0000E+00  0.1896E-06  0.5888E-06  0.0000E+00  0.0000E+00
  0.0000E+00  0.0000E+00  0.0000E+00  0.0000E+00  0.0000E+00  0.0000E+00
  0.0000E+00  0.0000E+00  0.0000E+00  0.0000E+00  0.0000E+00  0.0000E+00
  0.0000E+00  0.0000E+00  0.0000E+00  0.0000E+00  0.0000E+00  0.0000E+00
  0.0000E+00  0.0000E+00  0.6426E-03  0.0000E+00  0.0000E+00  0.0000E+00
 Relative number of events:
  0.0000E+00  0.1429E+00  0.0000E+00  0.0000E+00  0.0000E+00  0.0000E+00
  0.0000E+00  0.0000E+00  0.1429E+00  0.0000E+00  0.0000E+00  0.0000E+00
  0.0000E+00  0.1429E+00  0.0000E+00  0.0000E+00  0.1429E+00  0.0000E+00
  0.0000E+00  0.0000E+00  0.1429E+00  0.1429E+00  0.0000E+00  0.0000E+00
  0.0000E+00  0.0000E+00  0.0000E+00  0.0000E+00  0.0000E+00  0.0000E+00
  0.0000E+00  0.0000E+00  0.0000E+00  0.0000E+00  0.0000E+00  0.0000E+00
  0.0000E+00  0.0000E+00  0.0000E+00  0.0000E+00  0.0000E+00  0.0000E+00
  0.0000E+00  0.0000E+00  0.1429E+00  0.0000E+00  0.0000E+00  0.0000E+00
 Events:
           0           1           0           0           0           0
           0           0           1           0           0           0
           0           1           0           0           1           0
           0           0           1           1           0           0
           0           0           0           0           0           0
           0           0           0           0           0           0
           0           0           0           0           0           0
           0           0           1           0           0           0
 Iteration  2   Mean: 0.1328E-32 Abs mean: 0.1328E-32   Fluctuation:  0.953E-33   0.182E-29     1.9%
  2    0.1328E-32 0.1328E-32 +- 0.9526E-33     32.09
 Relative summed weights:
  0.4767E-06  0.6850E+00  0.5094E-06  0.1415E-05  0.2181E-11  0.1489E-12
  0.1829E-03  0.1348E-05  0.5100E-03  0.9840E-05  0.7541E-10  0.1562E-10
  0.1368E-03  0.4488E-03  0.1598E-03  0.1558E-04  0.7946E-15  0.2222E-13
  0.1831E+00  0.2238E-04  0.2070E-03  0.1629E-03  0.3207E-07  0.1972E-09
  0.8716E-04  0.8244E-06  0.3552E-05  0.1415E-01  0.1483E-14  0.3474E-10
  0.1473E-04  0.1191E-04  0.4444E-06  0.5492E-06  0.7317E-15  0.3649E-16
  0.1380E-04  0.1085E-02  0.3920E-04  0.1421E-02  0.1687E-11  0.5748E-11
  0.1114E+00  0.1701E-02  0.7411E-04  0.6783E-06  0.2747E-08  0.9909E-21
 Relative number of events:
  0.2600E-01  0.2300E-01  0.3750E-01  0.3500E-01  0.1000E-02  0.1000E-02
  0.2100E-01  0.2300E-01  0.4300E-01  0.3900E-01  0.2000E-02  0.3500E-02
  0.3250E-01  0.3850E-01  0.2200E-01  0.2150E-01  0.2500E-02  0.2000E-02
  0.4050E-01  0.4150E-01  0.1700E-01  0.2750E-01  0.1000E-02  0.1000E-02
  0.2700E-01  0.2750E-01  0.4250E-01  0.3850E-01  0.1500E-02  0.1500E-02
  0.2200E-01  0.2300E-01  0.3400E-01  0.3750E-01  0.1500E-02  0.1500E-02
  0.4100E-01  0.3300E-01  0.2200E-01  0.2000E-01  0.1500E-02  0.1500E-02
  0.4700E-01  0.3000E-01  0.2000E-01  0.2150E-01  0.1500E-02  0.5000E-03
 Events:
          52          46          75          70           2           2
          42          46          86          78           4           7
          65          77          44          43           5           4
          81          83          34          55           2           2
          54          55          85          77           3           3
          44          46          68          75           3           3
          82          66          44          40           3           3
          94          60          40          43           3           1
 Iteration  3   Mean: 0.3894E-30 Abs mean: 0.3894E-30   Fluctuation:  0.308E-30   0.121E-26    14.3%
  3    0.3894E-30 0.3894E-30 +- 0.3075E-30     49.95
 Relative summed weights:
  0.7795E+00  0.1230E-02  0.2743E-05  0.1473E-04  0.7161E-07  0.2968E-09
  0.7331E-04  0.3319E-02  0.6969E-03  0.4376E-01  0.2705E-07  0.7673E-08
  0.1730E-02  0.3690E-04  0.2480E-04  0.3100E-05  0.1288E-07  0.3499E-06
  0.3573E-05  0.3352E-06  0.5224E-06  0.6964E-01  0.1250E-06  0.2894E-14
  0.4642E-03  0.2335E-03  0.1124E-04  0.6364E-03  0.1060E-04  0.1239E-06
  0.4899E-06  0.8335E-04  0.5153E-04  0.1765E-02  0.1960E-13  0.1276E-07
  0.1542E-04  0.1608E-03  0.7833E-05  0.1176E-05  0.2721E-08  0.1739E-06
  0.2694E-03  0.2531E-05  0.9617E-01  0.1378E-05  0.2493E-04  0.1093E-11
 Relative number of events:
  0.2625E-01  0.2450E-01  0.3700E-01  0.3400E-01  0.3500E-02  0.1500E-02
  0.2300E-01  0.2650E-01  0.4075E-01  0.4325E-01  0.3000E-02  0.2500E-02
  0.3750E-01  0.3500E-01  0.2400E-01  0.1750E-01  0.1000E-02  0.2750E-02
  0.3925E-01  0.4200E-01  0.2150E-01  0.1750E-01  0.1500E-02  0.1250E-02
  0.2225E-01  0.2425E-01  0.3675E-01  0.3575E-01  0.3500E-02  0.1500E-02
  0.2475E-01  0.2250E-01  0.3400E-01  0.3925E-01  0.1000E-02  0.3500E-02
  0.4125E-01  0.3825E-01  0.2050E-01  0.1900E-01  0.1000E-02  0.1000E-02
  0.3350E-01  0.4225E-01  0.2100E-01  0.2375E-01  0.1500E-02  0.1500E-02
 Events:
         105          98         148         136          14           6
          92         106         163         173          12          10
         150         140          96          70           4          11
         157         168          86          70           6           5
          89          97         147         143          14           6
          99          90         136         157           4          14
         165         153          82          76           4           4
         134         169          84          95           6           6
 Accuracy:    1.307   0.100   0.467   7.824
 Found          117  events.
 Wrote            1  events.
 Actual xsec    2.0951211081192575E-028
 Correct abs xsec    2.0951211081192575E-028
 Event xsec    2.0951211081192575E-028
 Events wgts > 1:            1
 % Cross section > 1:    1.4674582714014530E-036   7.0041691896214860E-007
 Iteration  4   Mean: 0.1588E-25 Abs mean: 0.1588E-25   Fluctuation:  0.938E-26   0.582E-22    18.3%
  4    0.1588E-25 0.1588E-25 +- 0.9383E-26     52.85
 Relative summed weights:
  0.3046E-05  0.4976E-05  0.1221E-05  0.5131E-05  0.2868E-08  0.2166E-12
  0.7105E-01  0.1094E-05  0.2213E-05  0.1920E-04  0.1825E-09  0.1139E-06
  0.2778E-04  0.1638E-06  0.1008E-05  0.6912E-06  0.4712E-12  0.7031E-06
  0.4549E-05  0.4142E-05  0.6391E-06  0.9319E-03  0.8456E-13  0.1552E-06
  0.1068E-05  0.1181E-02  0.4581E+00  0.5199E-03  0.7365E-10  0.3889E-09
  0.1197E+00  0.4461E-04  0.5803E-06  0.1275E-03  0.1080E-12  0.6540E-09
  0.3482E+00  0.1626E-06  0.2187E-06  0.9755E-07  0.1486E-10  0.8872E-09
  0.8327E-05  0.9601E-05  0.7370E-06  0.1706E-05  0.3461E-12  0.2084E-08
 Relative number of events:
  0.2488E-01  0.2788E-01  0.3600E-01  0.3363E-01  0.1875E-02  0.2250E-02
  0.2538E-01  0.2513E-01  0.3825E-01  0.3587E-01  0.2125E-02  0.1500E-02
  0.3662E-01  0.3450E-01  0.1762E-01  0.2300E-01  0.1500E-02  0.1750E-02
  0.3825E-01  0.3938E-01  0.2187E-01  0.2063E-01  0.8750E-03  0.1125E-02
  0.2500E-01  0.2500E-01  0.3887E-01  0.3975E-01  0.2750E-02  0.3500E-02
  0.2712E-01  0.2138E-01  0.3488E-01  0.3913E-01  0.1250E-02  0.1625E-02
  0.4075E-01  0.3825E-01  0.2350E-01  0.2337E-01  0.1375E-02  0.1875E-02
  0.3675E-01  0.3675E-01  0.2287E-01  0.2013E-01  0.1000E-02  0.1250E-02
 Events:
         199         223         288         269          15          18
         203         201         306         287          17          12
         293         276         141         184          12          14
         306         315         175         165           7           9
         200         200         311         318          22          28
         217         171         279         313          10          13
         326         306         188         187          11          15
         294         294         183         161           8          10
 Accuracy:    0.706   0.100   0.366   3.715
 Found          204  events.
 Wrote            3  events.
 Actual xsec    7.0949813064832815E-027
 Correct abs xsec    7.0949813064832815E-027
 Event xsec    7.0949813064832815E-027
 Events wgts > 1:            0
 % Cross section > 1:    0.0000000000000000        0.0000000000000000     
 Iteration  5   Mean: 0.3469E-25 Abs mean: 0.3469E-25   Fluctuation:  0.252E-25   0.401E-21    23.1%
  5    0.3469E-25 0.3469E-25 +- 0.2521E-25     91.92
 Relative summed weights:
  0.2658E-03  0.2211E-04  0.1538E-01  0.1035E-03  0.1203E-07  0.1533E-04
  0.4453E-03  0.2256E-02  0.1131E-01  0.6101E-03  0.3076E-08  0.7130E-11
  0.3390E-03  0.4227E-01  0.3789E-01  0.2891E-03  0.4763E-10  0.2677E-08
  0.3891E-01  0.1005E-03  0.4727E-04  0.1871E-02  0.2162E-09  0.9489E-05
  0.1050E-02  0.1294E-01  0.4880E-02  0.8704E-03  0.1182E-05  0.8582E-05
  0.1053E-02  0.9067E-02  0.3800E-03  0.8887E-03  0.5577E-06  0.4258E-05
  0.3980E-02  0.2674E-01  0.3570E-01  0.1228E-02  0.7593E-10  0.1142E-08
  0.3692E-02  0.7255E+00  0.1920E-03  0.1967E-01  0.7751E-05  0.6036E-09
 Relative number of events:
  0.2662E-01  0.2500E-01  0.3744E-01  0.3781E-01  0.1563E-02  0.2312E-02
  0.2194E-01  0.2350E-01  0.3450E-01  0.3731E-01  0.1937E-02  0.1187E-02
  0.3744E-01  0.4081E-01  0.2237E-01  0.2244E-01  0.9375E-03  0.9375E-03
  0.3938E-01  0.3906E-01  0.2169E-01  0.2212E-01  0.5000E-03  0.1000E-02
  0.2513E-01  0.2594E-01  0.3769E-01  0.3681E-01  0.1375E-02  0.1250E-02
  0.2481E-01  0.2600E-01  0.3675E-01  0.3894E-01  0.2250E-02  0.1500E-02
  0.3919E-01  0.3925E-01  0.2063E-01  0.2000E-01  0.1250E-02  0.8125E-03
  0.3744E-01  0.4019E-01  0.2019E-01  0.2119E-01  0.8750E-03  0.7500E-03
 Events:
         426         400         599         605          25          37
         351         376         552         597          31          19
         599         653         358         359          15          15
         630         625         347         354           8          16
         402         415         603         589          22          20
         397         416         588         623          36          24
         627         628         330         320          20          13
         599         643         323         339          14          12
 Accuracy:    0.555   0.100   0.327   2.872
 Found          101  events.
 Wrote            2  events.
 Actual xsec    1.7477344384310649E-026
 Correct abs xsec    1.7477344384310649E-026
 Event xsec    1.7477344384310649E-026
 Events wgts > 1:            1
 % Cross section > 1:    3.3757512270468993E-033   1.9315012354378619E-005

 -------------------------------------------------------------------------------
 Accumulated results:   Integral =  0.1201E-25
                        Std dev  =  0.3929E-26
                       Cross sec =  0.1201E-25
             Chi**2 per DoF.     =      2.8722
 -------------------------------------------------------------------------------
-------------------------------------------------
---------------------------
 Results Last   3 iters: Integral =   0.1748E-25
                     Abs integral =   0.1748E-25
                          Std dev =   0.6930E-26
                  Chi**2 per DoF. =************
-------------------------------------------------
---------------------------
 Status  0.10000000000000001                6           5

ls status:
events.lhe
ftn26
input_app.txt
results.dat
run1_app.log
