 Process in group number            1
 A PDF is used, so alpha_s(MZ) is going to be modified
 Old value of alpha_s from param_card:   0.11839999999999999     
  ****************************************
 
       NNPDFDriver version 1.0.3
   Grid: NNPDF23_lo_as_0130_qed_mem0.grid
  ****************************************
 New value of alpha_s from PDF nn23lo1:  0.13000000000000000     
 Define smin to   1600.0000000000000     
 Define smin to   1600.0000000000000     
 Define smin to   1600.0000000000000     
 *****************************************************
 *               MadGraph/MadEvent                   *
 *        --------------------------------           *
 *          http://madgraph.hep.uiuc.edu             *
 *          http://madgraph.phys.ucl.ac.be           *
 *          http://madgraph.roma2.infn.it            *
 *        --------------------------------           *
 *                                                   *
 *          PARAMETER AND COUPLING VALUES            *
 *                                                   *
 *****************************************************

  External Params
  ---------------------------------
  
 mdl_VeN1 =    1.0000000000000000     
 mdl_VeN2 =    0.0000000000000000     
 mdl_VeN3 =    0.0000000000000000     
 mdl_VmuN1 =    0.0000000000000000     
 mdl_VmuN2 =    1.0000000000000000     
 mdl_VmuN3 =    0.0000000000000000     
 mdl_VtaN1 =    0.0000000000000000     
 mdl_VtaN2 =    0.0000000000000000     
 mdl_VtaN3 =    1.0000000000000000     
 mdl_VN1N1 =    1.0000000000000000     
 mdl_VN1N2 =    1.0000000000000000     
 mdl_VN1N3 =    1.0000000000000000     
 mdl_VN2N2 =    1.0000000000000000     
 mdl_VN2N3 =    1.0000000000000000     
 mdl_VN3N3 =    1.0000000000000000     
 aEWM1 =    127.90000000000001     
 mdl_Gf =    1.1663700000000000E-005
 aS =   0.11839999999999999     
 mdl_ymt =    172.00000000000000     
 mdl_vevf =    50.000000000000000     
 mdl_MZ =    91.187600000000003     
 mdl_MT =    172.00000000000000     
 mdl_MH =    125.00000000000000     
 mdl_mN1 =    1644.0000000000000     
 mdl_mN2 =    1744.0000000000000     
 mdl_mN3 =    1844.0000000000000     
 mdl_MJ =    91.187600000000003     
 mdl_MAx =    173.04800000000000     
 mdl_WZ =    2.4952000000000001     
 mdl_WW =    2.0850000000000000     
 mdl_WT =    1.5083359999999999     
 mdl_WH =    4.0699999999999998E-003
 mdl_WN1 =   0.30299999999999999     
 mdl_WN2 =    1.5000000000000000     
 mdl_WN3 =    12.300000000000001     
 mdl_WJ =    2.4952000000000001     
 mdl_WAx =    4.1700000000000001E-003
  Internal Params
  ---------------------------------
  
 mdl_vevf__exp__2 =    2500.0000000000000     
 mdl_sqrt__vevf__exp__2 =    50.000000000000000     
 mdl_muJ =    50.000000000000000     
 mdl_MZ__exp__2 =    8315.1783937600012     
 mdl_MZ__exp__4 =    69142191.720053151     
 mdl_sqrt__2 =    1.4142135623730951     
 mdl_MJ__exp__2 =    8315.1783937600012     
 mdl_muJ__exp__2 =    2500.0000000000000     
 mdl_lamJ =    4.3260713575040004     
 mdl_MH__exp__2 =    15625.000000000000     
 mdl_complexi =  (  0.0000000000000000     ,  1.0000000000000000     )
 mdl_aEW =    7.8186082877247844E-003
 mdl_MW =    79.824359746197842     
 mdl_sqrt__aEW =    8.8422894590285753E-002
 mdl_ee =   0.31345100004952897     
 mdl_MW__exp__2 =    6371.9284088904105     
 mdl_sw2 =   0.23369913342182447     
 mdl_cw =   0.87538612427783857     
 mdl_sqrt__sw2 =   0.48342438232036300     
 mdl_sw =   0.48342438232036300     
 mdl_g1 =   0.35807170271074895     
 mdl_gN =   0.64839716719502682     
 mdl_gw =   0.64839716719502682     
 mdl_vev =    246.22056907348590     
 mdl_vev__exp__2 =    60624.568634871241     
 mdl_lam =   0.12886689630821144     
 mdl_yt =   0.98791394091683138     
 mdl_muH =    88.388347648318444     
 mdl_I2a33 =  ( 0.98791394091683138     ,  0.0000000000000000     )
 mdl_I3a33 =  ( 0.98791394091683138     ,  0.0000000000000000     )
 mdl_ee__exp__2 =    9.8251529432049817E-002
 mdl_sw__exp__2 =   0.23369913342182450     
 mdl_cw__exp__2 =   0.76630086657817542     
  Internal Params evaluated point by point
  ----------------------------------------
  
 mdl_sqrt__aS =   0.34409301068170506     
 mdl_G__exp__2 =    1.4878582807401259     
  Couplings of SM_HeavyN_UFO
  ---------------------------------
  
         GC_1 =  -0.00000E+00  -0.10448E+00
         GC_2 =   0.00000E+00   0.20897E+00
         GC_3 =  -0.00000E+00  -0.31345E+00
         GC_4 =   0.00000E+00   0.31345E+00
        GC_26 =   0.00000E+00   0.45849E+00
        GC_27 =  -0.00000E+00  -0.28380E+00
        GC_28 =   0.00000E+00   0.28380E+00
        GC_30 =   0.00000E+00   0.56760E+00
        GC_35 =  -0.00000E+00  -0.28850E-01
        GC_37 =   0.00000E+00   0.17310E+00
        GC_39 =   0.00000E+00  -0.19725E+00
        GC_40 =   0.00000E+00   0.37035E+00
        GC_80 =   0.00000E+00   0.67543E+02
       GC_107 =  -0.00000E+00  -0.74070E+00
       GC_109 =  -0.00000E+00  -0.74070E+00
       GC_111 =  -0.00000E+00  -0.74070E+00
       GC_113 =  -0.00000E+00  -0.74070E+00
       GC_115 =  -0.00000E+00  -0.74070E+00
       GC_117 =  -0.00000E+00  -0.74070E+00
       GC_119 =   0.00000E+00   0.00000E+00
       GC_120 =   0.00000E+00   0.00000E+00
       GC_122 =  -0.00000E+00  -0.00000E+00
       GC_126 =   0.00000E+00   0.00000E+00
       GC_127 =   0.00000E+00   0.00000E+00
       GC_129 =  -0.00000E+00  -0.00000E+00
       GC_133 =   0.00000E+00   0.45849E+00
       GC_134 =   0.00000E+00   0.37035E+00
       GC_136 =  -0.00000E+00  -0.74892E+01
        GC_81 =   0.32880E+02   0.00000E+00
        GC_82 =   0.34880E+02   0.00000E+00
        GC_83 =   0.36880E+02   0.00000E+00

 Collider parameters:
 --------------------

 Running at P P   machine @    13000.000000000000       GeV
 PDF set = nn23lo1
 alpha_s(Mz)= 0.1300 running at 2 loops.
 alpha_s(Mz)= 0.1300 running at 2 loops.
 Renormalization scale set on event-by-event basis
 Factorization   scale set on event-by-event basis


 getting user params
Enter number of events and max and min iterations: 
 Number of events and iterations         1000           5           3
Enter desired fractional accuracy: 
 Desired fractional accuracy:   0.10000000000000001     
Enter 0 for fixed, 2 for adjustable grid: 
Suppress amplitude (0 no, 1 yes)? 
 Using suppressed amplitude.
Exact helicity sum (0 yes, n = number/event)? 
 Explicitly summing over helicities
Enter Configuration Number: 
Running Configuration Number:  948
 Using dconfig=          70
 BW Setting            1           2           1           2           0           0           0
 Attempting mappinvarients           1           9
 Completed mapping           9
 about to integrate           19        1000           5           3          19           1
 Using non-zero grid deformation.
 19 dimensions   1000 events 19 invarients  5 iterations  1 config(s),  (0.99)
 Using h-tuple random number sequence.
 Error opening grid
 Using Uniform Grid!          36
 Using uniform alpha   1.0000000000000000     
 Grid defined OK
 Set CM energy to      13000.00
 Mapping Graph         948  to config         948
 Setting BW          -1           1   79.824359746197842     
Setting grid   2    0.28499E-04   1
 Setting BW          -3           3   1844.0000000000000     
Setting grid   4    0.18801E-01   1
Setting grid   5    0.18801E-01   1
Setting grid   6    0.18801E-01   1
 Transforming s_hat 1/s           18   1.9224889053254441E-002   1600.0000000000000        168999999.99999997     
 948   1   2   3   4   5   6   7   8   9  10  11  12  13  14
  15  16  17  18  19
 Masses: 0.000E+00 0.000E+00 0.000E+00 0.000E+00 0.000E+00 0.000E+00 0.000E+00 0.000E+00 0.912E+02
Using random seed offsets   948 :      1
  with seed                   24
 Ranmar initialization seeds         678        9398
 
 ********************************************
 * You are using the DiscreteSampler module *
 *      part of the MG5_aMC framework       *
 *         Author: Valentin Hirschi         *
 ********************************************
 
  Particle       3       4       5       6       7       8       9
      Et >    10.0    10.0    10.0    10.0     0.0     0.0     0.0
       E >     0.0     0.0     0.0     0.0     0.0     0.0     0.0
     Eta <     2.5     2.5     2.5     2.5    -1.0    -1.0    -1.0
   xqcut:      0.0     0.0     0.0     0.0     0.0     0.0     0.0
d R # 3  >    -0.0     0.4     0.4     0.4     0.0     0.0     0.0
d R # 4  >    -0.0    -0.0     0.4     0.4     0.0     0.0     0.0
d R # 5  >    -0.0    -0.0    -0.0     0.4     0.0     0.0     0.0
d R # 6  >    -0.0    -0.0    -0.0    -0.0     0.0     0.0     0.0
d R # 7  >    -0.0    -0.0    -0.0    -0.0    -0.0     0.0     0.0
d R # 8  >    -0.0    -0.0    -0.0    -0.0    -0.0    -0.0     0.0
s min # 3>     0.0     0.0     0.0     0.0     0.0     0.0     0.0
s min # 4>     0.0     0.0     0.0     0.0     0.0     0.0     0.0
s min # 5>     0.0     0.0     0.0     0.0     0.0     0.0     0.0
s min # 6>     0.0     0.0     0.0     0.0     0.0     0.0     0.0
s min # 7>     0.0     0.0     0.0     0.0     0.0     0.0     0.0
s min # 8>     0.0     0.0     0.0     0.0     0.0     0.0     0.0
xqcutij # 3>     0.0     0.0     0.0     0.0     0.0     0.0     0.0
xqcutij # 4>     0.0     0.0     0.0     0.0     0.0     0.0     0.0
xqcutij # 5>     0.0     0.0     0.0     0.0     0.0     0.0     0.0
xqcutij # 6>     0.0     0.0     0.0     0.0     0.0     0.0     0.0
xqcutij # 7>     0.0     0.0     0.0     0.0     0.0     0.0     0.0
xqcutij # 8>     0.0     0.0     0.0     0.0     0.0     0.0     0.0
 Requiring BW           -1           1
 Excluding BW           -2           2
 Requiring BW           -3           3
 Excluding BW           -4           4
 alpha_s for scale    2853.6314208071408       is    8.2868085535886593E-002
 Added good helicity            1   109.34067236322393       in event            1 local:           1
 Added good helicity           21   5.4343563298059664E-005  in event            1 local:           1
 Added good helicity           25   3.0913262269589145E-003  in event            1 local:           1
 Added good helicity           37   4.5614732948200750E-007  in event            1 local:           1
 Added good helicity          193   146.57843849179309       in event            1 local:           1
 Added good helicity          213   2.7744524816453561E-003  in event            1 local:           1
 Added good helicity          217   7.4967373076092414E-002  in event            1 local:           1
 Added good helicity          229   1.1738915208472011E-006  in event            1 local:           1
 Added good helicity          253   1.8412534775397926E-008  in event            1 local:           1
 Added good helicity            1   109.34067236320524       in event            1 local:           1
 Added good helicity           21   5.4343563298037241E-005  in event            1 local:           1
 Added good helicity           25   3.0913262269584964E-003  in event            1 local:           1
 Added good helicity           37   4.5614732948195478E-007  in event            1 local:           1
 Added good helicity          193   146.57843849181185       in event            1 local:           1
 Added good helicity          213   2.7744524816450452E-003  in event            1 local:           1
 Added good helicity          217   7.4967373076082658E-002  in event            1 local:           1
 Added good helicity          229   1.1738915208471662E-006  in event            1 local:           1
 Added good helicity          253   1.8412534775397079E-008  in event            1 local:           1
 Added good helicity          233   1.2648219457917172E-008  in event            2 local:           1
 Added good helicity          233   1.2648219457909354E-008  in event            2 local:           1
 Added good helicity           41   4.5614732948199353E-007  in event            4 local:           2
 Added good helicity           41   4.5614732948193053E-007  in event            4 local:           2
 RESET CUMULATIVE VARIABLE
 Added good helicity           61   2.1497484865874817E-004  in event           25 local:           9
 RESET CUMULATIVE VARIABLE
 RESET CUMULATIVE VARIABLE
 Iteration  1   Mean: 0.1610E-09 Abs mean: 0.1610E-09   Fluctuation:  0.988E-10   0.969E-07    34.7%
  1    0.1610E-09 0.1610E-09 +- 0.9880E-10     19.40
 Writing out events   9.2956102835674622E-014   19.400536968891064     
 Relative summed weights:
  0.6036E+00  0.7924E-01  0.1391E-04  0.8714E-03  0.0000E+00  0.0000E+00
  0.4398E-02  0.3000E-01  0.1282E-01  0.1548E-05  0.0000E+00  0.6975E-05
  0.2586E-01  0.4393E-01  0.2300E-01  0.2184E-04  0.1244E-07  0.2444E-07
  0.1942E-02  0.8892E-02  0.2384E-03  0.7479E-05  0.0000E+00  0.0000E+00
  0.9730E-02  0.2942E-02  0.1460E-02  0.3631E-05  0.0000E+00  0.0000E+00
  0.5443E-03  0.5302E-01  0.3673E-03  0.2189E-03  0.0000E+00  0.1618E-05
  0.1248E-01  0.4428E-01  0.3092E-07  0.2438E-01  0.2719E-08  0.0000E+00
  0.1490E-01  0.7371E-03  0.3303E-04  0.1512E-04  0.4361E-07  0.0000E+00
 Relative number of events:
  0.4460E-01  0.4856E-01  0.1090E-01  0.1090E-01  0.0000E+00  0.0000E+00
  0.4658E-01  0.4559E-01  0.6938E-02  0.6938E-02  0.0000E+00  0.1982E-02
  0.5550E-01  0.4063E-01  0.7929E-02  0.3964E-02  0.9911E-03  0.9911E-03
  0.4361E-01  0.4856E-01  0.1090E-01  0.4955E-02  0.0000E+00  0.0000E+00
  0.5748E-01  0.4757E-01  0.1487E-01  0.1586E-01  0.0000E+00  0.0000E+00
  0.4955E-01  0.5748E-01  0.1784E-01  0.1487E-01  0.0000E+00  0.9911E-03
  0.6640E-01  0.6046E-01  0.2973E-02  0.1883E-01  0.9911E-03  0.0000E+00
  0.5352E-01  0.6046E-01  0.8920E-02  0.8920E-02  0.9911E-03  0.0000E+00
 Events:
          45          49          11          11           0           0
          47          46           7           7           0           2
          56          41           8           4           1           1
          44          49          11           5           0           0
          58          48          15          16           0           0
          50          58          18          15           0           1
          67          61           3          19           1           0
          54          61           9           9           1           0
 Iteration  2   Mean: 0.1585E-09 Abs mean: 0.1585E-09   Fluctuation:  0.977E-10   0.192E-06    64.2%
  2    0.1585E-09 0.1585E-09 +- 0.9767E-10     27.56
 Relative summed weights:
  0.6371E+00  0.1288E-01  0.4729E-03  0.1850E-03  0.0000E+00  0.0000E+00
  0.1807E-01  0.3856E-02  0.1070E-03  0.4970E-03  0.2663E-07  0.0000E+00
  0.6025E-02  0.2805E-01  0.3114E-02  0.3787E-03  0.0000E+00  0.0000E+00
  0.6777E-02  0.3141E-02  0.8719E-01  0.2825E-01  0.0000E+00  0.0000E+00
  0.3002E-01  0.6427E-01  0.1163E-03  0.1167E-02  0.0000E+00  0.0000E+00
  0.1119E-01  0.2168E-01  0.6050E-04  0.2525E-02  0.0000E+00  0.0000E+00
  0.3515E-02  0.5779E-02  0.4327E-02  0.1554E-02  0.2959E-08  0.2466E-07
  0.6798E-02  0.1075E-01  0.1245E-04  0.1621E-03  0.0000E+00  0.0000E+00
 Relative number of events:
  0.4650E-01  0.4300E-01  0.1000E-01  0.1000E-01  0.0000E+00  0.0000E+00
  0.6350E-01  0.4400E-01  0.8000E-02  0.6500E-02  0.1000E-02  0.0000E+00
  0.5100E-01  0.4400E-01  0.7500E-02  0.4500E-02  0.0000E+00  0.0000E+00
  0.4500E-01  0.5450E-01  0.6500E-02  0.5000E-02  0.0000E+00  0.0000E+00
  0.5200E-01  0.5750E-01  0.1100E-01  0.9500E-02  0.0000E+00  0.0000E+00
  0.6750E-01  0.6550E-01  0.6000E-02  0.1250E-01  0.0000E+00  0.0000E+00
  0.4800E-01  0.5850E-01  0.7500E-02  0.1300E-01  0.5000E-03  0.5000E-03
  0.6150E-01  0.5850E-01  0.9500E-02  0.1050E-01  0.0000E+00  0.0000E+00
 Events:
          93          86          20          20           0           0
         127          88          16          13           2           0
         102          88          15           9           0           0
          90         109          13          10           0           0
         104         115          22          19           0           0
         135         131          12          25           0           0
          96         117          15          26           1           1
         123         117          19          21           0           0
 Iteration  3   Mean: 0.2280E-09 Abs mean: 0.2280E-09   Fluctuation:  0.739E-10   0.240E-06    75.9%
  3    0.2280E-09 0.2280E-09 +- 0.7388E-10     20.49
 Relative summed weights:
  0.1462E-01  0.4240E-02  0.8216E-03  0.2619E-02  0.0000E+00  0.0000E+00
  0.2091E-01  0.4064E-01  0.1127E-02  0.2496E-04  0.0000E+00  0.0000E+00
  0.3907E-01  0.2501E-01  0.3195E-04  0.1105E-02  0.0000E+00  0.0000E+00
  0.3232E-02  0.1622E-01  0.5427E-02  0.1956E-01  0.1514E-07  0.0000E+00
  0.1241E+00  0.1472E-01  0.2066E-03  0.1401E-02  0.0000E+00  0.0000E+00
  0.2836E+00  0.1231E+00  0.6012E-02  0.6864E-02  0.0000E+00  0.0000E+00
  0.1385E+00  0.5092E-01  0.8971E-04  0.2952E-02  0.0000E+00  0.0000E+00
  0.1556E-01  0.9614E-02  0.2627E-01  0.1355E-02  0.0000E+00  0.0000E+00
 Relative number of events:
  0.4850E-01  0.4800E-01  0.6250E-02  0.7000E-02  0.0000E+00  0.0000E+00
  0.5525E-01  0.5225E-01  0.6250E-02  0.4500E-02  0.0000E+00  0.0000E+00
  0.5325E-01  0.5450E-01  0.6000E-02  0.7500E-02  0.0000E+00  0.0000E+00
  0.4925E-01  0.4725E-01  0.1125E-01  0.6750E-02  0.2500E-03  0.0000E+00
  0.6175E-01  0.5925E-01  0.7750E-02  0.9000E-02  0.0000E+00  0.0000E+00
  0.5300E-01  0.6150E-01  0.9000E-02  0.1025E-01  0.0000E+00  0.0000E+00
  0.5700E-01  0.5825E-01  0.9000E-02  0.9750E-02  0.0000E+00  0.0000E+00
  0.5550E-01  0.5275E-01  0.1300E-01  0.9250E-02  0.0000E+00  0.0000E+00
 Events:
         194         192          25          28           0           0
         221         209          25          18           0           0
         213         218          24          30           0           0
         197         189          45          27           1           0
         247         237          31          36           0           0
         212         246          36          41           0           0
         228         233          36          39           0           0
         222         211          52          37           0           0
 Accuracy:    0.114   0.100   0.260   0.191
 Found          127  events.
 Wrote            2  events.
 Actual xsec    2.0367252931152662E-010
 Correct abs xsec    2.0367252931152662E-010
 Event xsec    2.0367252931152662E-010
 Events wgts > 1:            0
 % Cross section > 1:    0.0000000000000000        0.0000000000000000     
 Iteration  4   Mean: 0.1523E-09 Abs mean: 0.1523E-09   Fluctuation:  0.313E-10   0.226E-06    79.3%
  4    0.1523E-09 0.1523E-09 +- 0.3126E-10     18.36
 Relative summed weights:
  0.2555E-01  0.3422E-01  0.1627E-02  0.8631E-02  0.0000E+00  0.5022E-05
  0.5883E-01  0.2874E-01  0.5569E-03  0.3195E-02  0.0000E+00  0.0000E+00
  0.3197E-01  0.3096E-01  0.2103E-02  0.1272E-02  0.0000E+00  0.0000E+00
  0.2071E+00  0.4728E-01  0.1742E-02  0.6938E-03  0.1102E-04  0.0000E+00
  0.4088E-01  0.9298E-01  0.2308E-02  0.1972E-01  0.0000E+00  0.1850E-04
  0.6891E-01  0.2324E-01  0.3849E-02  0.1240E-02  0.0000E+00  0.0000E+00
  0.4877E-01  0.6660E-01  0.1229E-02  0.1459E-01  0.0000E+00  0.0000E+00
  0.8431E-01  0.4449E-01  0.6631E-03  0.1735E-02  0.2518E-05  0.0000E+00
 Relative number of events:
  0.4738E-01  0.4675E-01  0.7500E-02  0.6125E-02  0.0000E+00  0.1250E-03
  0.5437E-01  0.5187E-01  0.6125E-02  0.6375E-02  0.0000E+00  0.0000E+00
  0.5063E-01  0.5162E-01  0.7625E-02  0.6500E-02  0.0000E+00  0.0000E+00
  0.4938E-01  0.5000E-01  0.6625E-02  0.7000E-02  0.1250E-03  0.0000E+00
  0.5613E-01  0.6037E-01  0.8500E-02  0.1038E-01  0.0000E+00  0.1250E-03
  0.5412E-01  0.5563E-01  0.1075E-01  0.8125E-02  0.0000E+00  0.0000E+00
  0.5937E-01  0.5875E-01  0.9250E-02  0.9375E-02  0.0000E+00  0.0000E+00
  0.6413E-01  0.6187E-01  0.8625E-02  0.8250E-02  0.1250E-03  0.0000E+00
 Events:
         379         374          60          49           0           1
         435         415          49          51           0           0
         405         413          61          52           0           0
         395         400          53          56           1           0
         449         483          68          83           0           1
         433         445          86          65           0           0
         475         470          74          75           0           0
         513         495          69          66           1           0
 Accuracy:    0.108   0.100   0.161   0.450
 Found          271  events.
 Wrote            2  events.
 Actual xsec    1.7285838286483545E-010
 Correct abs xsec    1.7285838286483545E-010
 Event xsec    1.7285838286483545E-010
 Events wgts > 1:            0
 % Cross section > 1:    0.0000000000000000        0.0000000000000000     
 Iteration  5   Mean: 0.2642E-09 Abs mean: 0.2642E-09   Fluctuation:  0.398E-10   0.464E-06    78.0%
  5    0.2642E-09 0.2642E-09 +- 0.3984E-10     19.07
 Relative summed weights:
  0.1163E+00  0.2814E-01  0.3529E-02  0.1922E-02  0.4113E-09  0.2344E-04
  0.2450E-01  0.3201E-01  0.5758E-03  0.3956E-02  0.3083E-04  0.2617E-07
  0.2856E-01  0.7133E-01  0.7352E-02  0.2514E-02  0.0000E+00  0.1714E-08
  0.7251E-01  0.2558E-01  0.2363E-02  0.2127E-02  0.2703E-06  0.9114E-08
  0.1560E+00  0.1281E+00  0.4674E-02  0.2689E-02  0.0000E+00  0.5670E-04
  0.3974E-01  0.3420E-01  0.1755E-02  0.4632E-02  0.2692E-05  0.0000E+00
  0.6382E-01  0.3442E-01  0.1956E-01  0.4711E-02  0.0000E+00  0.0000E+00
  0.3610E-01  0.4064E-01  0.2922E-02  0.2620E-02  0.0000E+00  0.8400E-08
 Relative number of events:
  0.5169E-01  0.5256E-01  0.5500E-02  0.6812E-02  0.1250E-03  0.1250E-03
  0.5106E-01  0.5187E-01  0.6375E-02  0.5562E-02  0.6250E-04  0.6250E-04
  0.5063E-01  0.5106E-01  0.6500E-02  0.5750E-02  0.0000E+00  0.6250E-04
  0.4988E-01  0.5013E-01  0.5562E-02  0.6812E-02  0.6250E-04  0.6250E-04
  0.5738E-01  0.5912E-01  0.8937E-02  0.1069E-01  0.0000E+00  0.1250E-03
  0.5731E-01  0.5950E-01  0.9250E-02  0.8563E-02  0.6250E-04  0.0000E+00
  0.5756E-01  0.5731E-01  0.7812E-02  0.1038E-01  0.0000E+00  0.0000E+00
  0.6106E-01  0.5856E-01  0.9625E-02  0.8313E-02  0.0000E+00  0.1250E-03
 Events:
         827         841          88         109           2           2
         817         830         102          89           1           1
         810         817         104          92           0           1
         798         802          89         109           1           1
         918         946         143         171           0           2
         917         952         148         137           1           0
         921         917         125         166           0           0
         977         937         154         133           0           2
 Accuracy:    0.115   0.100   0.110   1.096
 Found          924  events.
 Wrote           15  events.
 Actual xsec    2.2537731463771351E-010
 Correct abs xsec    2.2537731463771351E-010
 Event xsec    2.2537731463771362E-010
 Events wgts > 1:            0
 % Cross section > 1:    0.0000000000000000        0.0000000000000000     

 -------------------------------------------------------------------------------
 Accumulated results:   Integral =  0.2212E-09
                        Std dev  =  0.2435E-10
                       Cross sec =  0.2212E-09
             Chi**2 per DoF.     =      1.0964
 -------------------------------------------------------------------------------
-------------------------------------------------
---------------------------
 Results Last   3 iters: Integral =   0.2254E-09
                     Abs integral =   0.2254E-09
                          Std dev =   0.2564E-10
                  Chi**2 per DoF. =      3.2085
-------------------------------------------------
---------------------------
 Status  0.10000000000000001                6           5

ls status:
events.lhe
ftn26
input_app.txt
results.dat
run1_app.log
