 Process in group number            1
 A PDF is used, so alpha_s(MZ) is going to be modified
 Old value of alpha_s from param_card:   0.11839999999999999     
  ****************************************
 
       NNPDFDriver version 1.0.3
   Grid: NNPDF23_lo_as_0130_qed_mem0.grid
  ****************************************
 New value of alpha_s from PDF nn23lo1:  0.13000000000000000     
 Define smin to   1600.0000000000000     
 Define smin to   1600.0000000000000     
 Define smin to   1600.0000000000000     
 *****************************************************
 *               MadGraph/MadEvent                   *
 *        --------------------------------           *
 *          http://madgraph.hep.uiuc.edu             *
 *          http://madgraph.phys.ucl.ac.be           *
 *          http://madgraph.roma2.infn.it            *
 *        --------------------------------           *
 *                                                   *
 *          PARAMETER AND COUPLING VALUES            *
 *                                                   *
 *****************************************************

  External Params
  ---------------------------------
  
 mdl_VeN1 =    1.0000000000000000     
 mdl_VeN2 =    0.0000000000000000     
 mdl_VeN3 =    0.0000000000000000     
 mdl_VmuN1 =    0.0000000000000000     
 mdl_VmuN2 =    1.0000000000000000     
 mdl_VmuN3 =    0.0000000000000000     
 mdl_VtaN1 =    0.0000000000000000     
 mdl_VtaN2 =    0.0000000000000000     
 mdl_VtaN3 =    1.0000000000000000     
 mdl_VN1N1 =    1.0000000000000000     
 mdl_VN1N2 =    1.0000000000000000     
 mdl_VN1N3 =    1.0000000000000000     
 mdl_VN2N2 =    1.0000000000000000     
 mdl_VN2N3 =    1.0000000000000000     
 mdl_VN3N3 =    1.0000000000000000     
 aEWM1 =    127.90000000000001     
 mdl_Gf =    1.1663700000000000E-005
 aS =   0.11839999999999999     
 mdl_ymt =    172.00000000000000     
 mdl_vevf =    50.000000000000000     
 mdl_MZ =    91.187600000000003     
 mdl_MT =    172.00000000000000     
 mdl_MH =    125.00000000000000     
 mdl_mN1 =    510.00000000000000     
 mdl_mN2 =    610.00000000000000     
 mdl_mN3 =    710.00000000000000     
 mdl_MJ =    91.187600000000003     
 mdl_MAx =    173.04800000000000     
 mdl_WZ =    2.4952000000000001     
 mdl_WW =    2.0850000000000000     
 mdl_WT =    1.5083359999999999     
 mdl_WH =    4.0699999999999998E-003
 mdl_WN1 =   0.30299999999999999     
 mdl_WN2 =    1.5000000000000000     
 mdl_WN3 =    12.300000000000001     
 mdl_WJ =    2.4952000000000001     
 mdl_WAx =    4.1700000000000001E-003
  Internal Params
  ---------------------------------
  
 mdl_vevf__exp__2 =    2500.0000000000000     
 mdl_sqrt__vevf__exp__2 =    50.000000000000000     
 mdl_muJ =    50.000000000000000     
 mdl_MZ__exp__2 =    8315.1783937600012     
 mdl_MZ__exp__4 =    69142191.720053151     
 mdl_sqrt__2 =    1.4142135623730951     
 mdl_MJ__exp__2 =    8315.1783937600012     
 mdl_muJ__exp__2 =    2500.0000000000000     
 mdl_lamJ =    4.3260713575040004     
 mdl_MH__exp__2 =    15625.000000000000     
 mdl_complexi =  (  0.0000000000000000     ,  1.0000000000000000     )
 mdl_aEW =    7.8186082877247844E-003
 mdl_MW =    79.824359746197842     
 mdl_sqrt__aEW =    8.8422894590285753E-002
 mdl_ee =   0.31345100004952897     
 mdl_MW__exp__2 =    6371.9284088904105     
 mdl_sw2 =   0.23369913342182447     
 mdl_cw =   0.87538612427783857     
 mdl_sqrt__sw2 =   0.48342438232036300     
 mdl_sw =   0.48342438232036300     
 mdl_g1 =   0.35807170271074895     
 mdl_gN =   0.64839716719502682     
 mdl_gw =   0.64839716719502682     
 mdl_vev =    246.22056907348590     
 mdl_vev__exp__2 =    60624.568634871241     
 mdl_lam =   0.12886689630821144     
 mdl_yt =   0.98791394091683138     
 mdl_muH =    88.388347648318444     
 mdl_I2a33 =  ( 0.98791394091683138     ,  0.0000000000000000     )
 mdl_I3a33 =  ( 0.98791394091683138     ,  0.0000000000000000     )
 mdl_ee__exp__2 =    9.8251529432049817E-002
 mdl_sw__exp__2 =   0.23369913342182450     
 mdl_cw__exp__2 =   0.76630086657817542     
  Internal Params evaluated point by point
  ----------------------------------------
  
 mdl_sqrt__aS =   0.34409301068170506     
 mdl_G__exp__2 =    1.4878582807401259     
  Couplings of SM_HeavyN_UFO
  ---------------------------------
  
         GC_1 =  -0.00000E+00  -0.10448E+00
         GC_2 =   0.00000E+00   0.20897E+00
         GC_3 =  -0.00000E+00  -0.31345E+00
         GC_4 =   0.00000E+00   0.31345E+00
        GC_26 =   0.00000E+00   0.45849E+00
        GC_27 =  -0.00000E+00  -0.28380E+00
        GC_28 =   0.00000E+00   0.28380E+00
        GC_30 =   0.00000E+00   0.56760E+00
        GC_35 =  -0.00000E+00  -0.28850E-01
        GC_37 =   0.00000E+00   0.17310E+00
        GC_39 =   0.00000E+00  -0.19725E+00
        GC_40 =   0.00000E+00   0.37035E+00
        GC_80 =   0.00000E+00   0.67543E+02
       GC_107 =  -0.00000E+00  -0.74070E+00
       GC_109 =  -0.00000E+00  -0.74070E+00
       GC_111 =  -0.00000E+00  -0.74070E+00
       GC_113 =  -0.00000E+00  -0.74070E+00
       GC_115 =  -0.00000E+00  -0.74070E+00
       GC_117 =  -0.00000E+00  -0.74070E+00
       GC_119 =   0.00000E+00   0.00000E+00
       GC_120 =   0.00000E+00   0.00000E+00
       GC_122 =  -0.00000E+00  -0.00000E+00
       GC_126 =   0.00000E+00   0.00000E+00
       GC_127 =   0.00000E+00   0.00000E+00
       GC_129 =  -0.00000E+00  -0.00000E+00
       GC_133 =   0.00000E+00   0.45849E+00
       GC_134 =   0.00000E+00   0.37035E+00
       GC_136 =  -0.00000E+00  -0.28836E+01
        GC_81 =   0.10200E+02   0.00000E+00
        GC_82 =   0.12200E+02   0.00000E+00
        GC_83 =   0.14200E+02   0.00000E+00

 Collider parameters:
 --------------------

 Running at P P   machine @    13000.000000000000       GeV
 PDF set = nn23lo1
 alpha_s(Mz)= 0.1300 running at 2 loops.
 alpha_s(Mz)= 0.1300 running at 2 loops.
 Renormalization scale set on event-by-event basis
 Factorization   scale set on event-by-event basis


 getting user params
Enter number of events and max and min iterations: 
 Number of events and iterations         1000           5           3
Enter desired fractional accuracy: 
 Desired fractional accuracy:   0.10000000000000001     
Enter 0 for fixed, 2 for adjustable grid: 
Suppress amplitude (0 no, 1 yes)? 
 Using suppressed amplitude.
Exact helicity sum (0 yes, n = number/event)? 
 Explicitly summing over helicities
Enter Configuration Number: 
Running Configuration Number:  102
 Using dconfig=         715
 BW Setting            1           1           1           2           2           2           0
 Attempting mappinvarients           1           9
 Completed mapping           9
 about to integrate           19        1000           5           3          19           1
 Using non-zero grid deformation.
 19 dimensions   1000 events 19 invarients  5 iterations  1 config(s),  (0.99)
 Using h-tuple random number sequence.
 Error opening grid
 Using Uniform Grid!          36
 Using uniform alpha   1.0000000000000000     
 Grid defined OK
 Set CM energy to      13000.00
 Mapping Graph         102  to config         102
 Setting BW          -1           1   91.187600000000003     
 Setting BW          -2           2   710.00000000000000     
 Setting BW          -3           3   710.00000000000000     
Setting grid   4    0.32375E-02   1
Setting grid   5    0.32375E-02   1
Setting grid   6    0.32375E-02   1
 Transforming s_hat 1/s           18   3.4149423052885213E-003   1600.0000000000000        168999999.99999997     
 102   1   2   3   4   5   6   7   8   9  10  11  12  13  14
  15  16  17  18  19
 Masses: 0.000E+00 0.000E+00 0.000E+00 0.000E+00 0.000E+00 0.000E+00 0.000E+00 0.000E+00 0.912E+02
Using random seed offsets   102 :      1
  with seed                   24
 Ranmar initialization seeds       31160        9398
 
 ********************************************
 * You are using the DiscreteSampler module *
 *      part of the MG5_aMC framework       *
 *         Author: Valentin Hirschi         *
 ********************************************
 
  Particle       3       4       5       6       7       8       9
      Et >    10.0    10.0    10.0    10.0     0.0     0.0     0.0
       E >     0.0     0.0     0.0     0.0     0.0     0.0     0.0
     Eta <     2.5     2.5     2.5     2.5    -1.0    -1.0    -1.0
   xqcut:      0.0     0.0     0.0     0.0     0.0     0.0     0.0
d R # 3  >    -0.0     0.4     0.4     0.4     0.0     0.0     0.0
d R # 4  >    -0.0    -0.0     0.4     0.4     0.0     0.0     0.0
d R # 5  >    -0.0    -0.0    -0.0     0.4     0.0     0.0     0.0
d R # 6  >    -0.0    -0.0    -0.0    -0.0     0.0     0.0     0.0
d R # 7  >    -0.0    -0.0    -0.0    -0.0    -0.0     0.0     0.0
d R # 8  >    -0.0    -0.0    -0.0    -0.0    -0.0    -0.0     0.0
s min # 3>     0.0     0.0     0.0     0.0     0.0     0.0     0.0
s min # 4>     0.0     0.0     0.0     0.0     0.0     0.0     0.0
s min # 5>     0.0     0.0     0.0     0.0     0.0     0.0     0.0
s min # 6>     0.0     0.0     0.0     0.0     0.0     0.0     0.0
s min # 7>     0.0     0.0     0.0     0.0     0.0     0.0     0.0
s min # 8>     0.0     0.0     0.0     0.0     0.0     0.0     0.0
xqcutij # 3>     0.0     0.0     0.0     0.0     0.0     0.0     0.0
xqcutij # 4>     0.0     0.0     0.0     0.0     0.0     0.0     0.0
xqcutij # 5>     0.0     0.0     0.0     0.0     0.0     0.0     0.0
xqcutij # 6>     0.0     0.0     0.0     0.0     0.0     0.0     0.0
xqcutij # 7>     0.0     0.0     0.0     0.0     0.0     0.0     0.0
xqcutij # 8>     0.0     0.0     0.0     0.0     0.0     0.0     0.0
 Requiring BW           -1           1
 Requiring BW           -2           2
 Requiring BW           -3           3
 Excluding BW           -4           4
 Excluding BW           -5           5
 Excluding BW           -6           6
 alpha_s for scale    929.13729309886776       is    9.3898737038800542E-002
 Added good helicity            1   5.5072506506573422       in event            1 local:           1
 Added good helicity           21   17.785650085986120       in event            1 local:           1
 Added good helicity           25   9.6495558395600690E-004  in event            1 local:           1
 Added good helicity           37   1.8616626674612303E-004  in event            1 local:           1
 Added good helicity           41   5.3938583763767820       in event            1 local:           1
 Added good helicity           61   13.340843003506450       in event            1 local:           1
 Added good helicity          193   17.199600241675121       in event            1 local:           1
 Added good helicity          213   50.566236118568874       in event            1 local:           1
 Added good helicity          217   5.6663493428286849E-003  in event            1 local:           1
 Added good helicity          229   1.5534130218790186E-002  in event            1 local:           1
 Added good helicity          233   56.759304888033064       in event            1 local:           1
 Added good helicity          253   89.424905033783958       in event            1 local:           1
 Added good helicity            1   5.5072506506572791       in event            1 local:           1
 Added good helicity           21   17.785650085986177       in event            1 local:           1
 Added good helicity           25   9.6495558395600734E-004  in event            1 local:           1
 Added good helicity           37   1.8616626674609657E-004  in event            1 local:           1
 Added good helicity           41   5.3938583763766204       in event            1 local:           1
 Added good helicity           61   13.340843003506487       in event            1 local:           1
 Added good helicity          193   17.199600241675110       in event            1 local:           1
 Added good helicity          213   50.566236118569229       in event            1 local:           1
 Added good helicity          217   5.6663493428286745E-003  in event            1 local:           1
 Added good helicity          229   1.5534130218790040E-002  in event            1 local:           1
 Added good helicity          233   56.759304888032524       in event            1 local:           1
 Added good helicity          253   89.424905033784242       in event            1 local:           1
 RESET CUMULATIVE VARIABLE
 RESET CUMULATIVE VARIABLE
 RESET CUMULATIVE VARIABLE
 Iteration  1   Mean: 0.2629E-13 Abs mean: 0.2629E-13   Fluctuation:  0.643E-14   0.183E-11     0.3%
  1    0.2629E-13 0.2629E-13 +- 0.6431E-14      5.61
 Writing out events   1.0514484697162170E-015   5.6114754790836638     
 Relative summed weights:
  0.6388E-03  0.1591E-03  0.6589E-07  0.6281E-05  0.0000E+00  0.0000E+00
  0.1249E+00  0.9881E-01  0.6693E-02  0.1419E-01  0.0000E+00  0.0000E+00
  0.2127E-02  0.1268E-01  0.6545E-03  0.1260E+00  0.0000E+00  0.0000E+00
  0.4746E-04  0.0000E+00  0.1971E-08  0.0000E+00  0.0000E+00  0.0000E+00
  0.2066E-07  0.0000E+00  0.6820E-05  0.4466E-07  0.0000E+00  0.0000E+00
  0.6813E-03  0.6416E-02  0.1882E-02  0.6735E-02  0.0000E+00  0.0000E+00
  0.2591E-02  0.1681E-01  0.9870E-04  0.2206E-02  0.0000E+00  0.0000E+00
  0.4892E-06  0.2788E-02  0.0000E+00  0.2432E-06  0.0000E+00  0.0000E+00
  0.9669E-03  0.0000E+00  0.8326E-02  0.2060E-07  0.0000E+00  0.0000E+00
  0.5636E-02  0.3343E-01  0.9999E-01  0.1804E-02  0.4130E-06  0.6310E-10
  0.4501E-01  0.2996E-01  0.1090E-01  0.6193E-03  0.0000E+00  0.2436E-06
  0.1679E-06  0.2643E-08  0.3383E-05  0.0000E+00  0.0000E+00  0.0000E+00
  0.1667E-03  0.4277E-02  0.1372E+00  0.8745E-02  0.0000E+00  0.0000E+00
  0.1005E-01  0.5419E-01  0.7724E-01  0.1879E-01  0.0000E+00  0.0000E+00
  0.1548E-03  0.6201E-03  0.2227E-01  0.1880E-02  0.0000E+00  0.0000E+00
  0.3234E-04  0.6230E-03  0.0000E+00  0.5118E-05  0.0000E+00  0.0000E+00
 Relative number of events:
  0.7477E-02  0.1869E-02  0.3738E-02  0.1869E-02  0.0000E+00  0.0000E+00
  0.2991E-01  0.3364E-01  0.2617E-01  0.2991E-01  0.0000E+00  0.0000E+00
  0.3738E-02  0.2056E-01  0.1682E-01  0.2804E-01  0.0000E+00  0.0000E+00
  0.3738E-02  0.0000E+00  0.1869E-02  0.0000E+00  0.0000E+00  0.0000E+00
  0.1869E-02  0.0000E+00  0.5607E-02  0.9346E-02  0.0000E+00  0.0000E+00
  0.2804E-01  0.3551E-01  0.3364E-01  0.3178E-01  0.0000E+00  0.0000E+00
  0.1869E-01  0.1308E-01  0.2243E-01  0.2243E-01  0.0000E+00  0.0000E+00
  0.1869E-02  0.1869E-02  0.0000E+00  0.3738E-02  0.0000E+00  0.0000E+00
  0.5607E-02  0.0000E+00  0.7477E-02  0.3738E-02  0.0000E+00  0.0000E+00
  0.2991E-01  0.5421E-01  0.5421E-01  0.3551E-01  0.5607E-02  0.1869E-02
  0.2056E-01  0.7477E-02  0.2430E-01  0.1682E-01  0.0000E+00  0.1869E-02
  0.3738E-02  0.1869E-02  0.5607E-02  0.0000E+00  0.0000E+00  0.0000E+00
  0.1869E-02  0.3738E-02  0.5607E-02  0.7477E-02  0.0000E+00  0.0000E+00
  0.3738E-01  0.3738E-01  0.4486E-01  0.2243E-01  0.0000E+00  0.0000E+00
  0.2804E-01  0.1869E-01  0.2991E-01  0.3364E-01  0.0000E+00  0.0000E+00
  0.3738E-02  0.3738E-02  0.0000E+00  0.1869E-02  0.0000E+00  0.0000E+00
 Events:
           4           1           2           1           0           0
          16          18          14          16           0           0
           2          11           9          15           0           0
           2           0           1           0           0           0
           1           0           3           5           0           0
          15          19          18          17           0           0
          10           7          12          12           0           0
           1           1           0           2           0           0
           3           0           4           2           0           0
          16          29          29          19           3           1
          11           4          13           9           0           1
           2           1           3           0           0           0
           1           2           3           4           0           0
          20          20          24          12           0           0
          15          10          16          18           0           0
           2           2           0           1           0           0
 Iteration  2   Mean: 0.7163E-13 Abs mean: 0.7163E-13   Fluctuation:  0.362E-13   0.668E-10    19.5%
  2    0.7163E-13 0.7163E-13 +- 0.3621E-13     22.61
 Relative summed weights:
  0.5450E-03  0.2334E-05  0.3962E-04  0.4266E-04  0.0000E+00  0.1139E-06
  0.9581E-02  0.1097E-01  0.5240E-02  0.1061E-01  0.6316E-08  0.2197E-03
  0.3497E-02  0.9031E-02  0.1058E-02  0.2077E-02  0.2306E-07  0.3583E-07
  0.5096E-05  0.4608E-02  0.5216E-05  0.1298E-03  0.0000E+00  0.0000E+00
  0.9983E-04  0.8968E-03  0.2625E-04  0.3228E-04  0.1421E-08  0.0000E+00
  0.5929E-02  0.4170E-02  0.1446E-01  0.1337E-01  0.0000E+00  0.1934E-04
  0.1314E-02  0.3273E-02  0.3483E-02  0.1911E+00  0.7944E-06  0.7196E-04
  0.3080E-05  0.1690E-05  0.1903E-03  0.1202E-05  0.0000E+00  0.0000E+00
  0.5651E-04  0.4982E-05  0.3365E-04  0.1555E-04  0.0000E+00  0.9957E-10
  0.4795E-02  0.6592E-02  0.4717E-02  0.1813E-02  0.6364E-06  0.9827E-06
  0.6425E-02  0.4930E+00  0.6170E-02  0.2194E-01  0.1257E-05  0.0000E+00
  0.2803E-05  0.5413E-04  0.7639E-06  0.1960E-05  0.0000E+00  0.0000E+00
  0.1136E-03  0.1155E-03  0.1529E-04  0.1133E-03  0.0000E+00  0.0000E+00
  0.1295E-01  0.1870E-01  0.6875E-02  0.4950E-02  0.0000E+00  0.7538E-05
  0.3383E-01  0.7450E-01  0.7604E-03  0.4790E-02  0.9953E-04  0.3136E-05
  0.2193E-05  0.2790E-11  0.2780E-03  0.8880E-04  0.0000E+00  0.0000E+00
 Relative number of events:
  0.4500E-02  0.2500E-02  0.2000E-02  0.2000E-02  0.0000E+00  0.5000E-03
  0.3350E-01  0.2950E-01  0.4150E-01  0.3500E-01  0.5000E-03  0.1000E-02
  0.2300E-01  0.2200E-01  0.2550E-01  0.2350E-01  0.5000E-03  0.5000E-03
  0.2000E-02  0.3000E-02  0.1000E-02  0.2500E-02  0.0000E+00  0.0000E+00
  0.2500E-02  0.3000E-02  0.6500E-02  0.2000E-02  0.5000E-03  0.0000E+00
  0.3400E-01  0.3300E-01  0.3650E-01  0.3800E-01  0.0000E+00  0.2000E-02
  0.1550E-01  0.2350E-01  0.2450E-01  0.2200E-01  0.5000E-03  0.5000E-03
  0.1000E-02  0.2000E-02  0.1500E-02  0.3000E-02  0.0000E+00  0.0000E+00
  0.1500E-02  0.2000E-02  0.4500E-02  0.4000E-02  0.0000E+00  0.5000E-03
  0.2800E-01  0.3100E-01  0.3350E-01  0.2900E-01  0.1000E-02  0.5000E-03
  0.2200E-01  0.2700E-01  0.2650E-01  0.2350E-01  0.1000E-02  0.0000E+00
  0.1000E-02  0.4000E-02  0.1000E-02  0.1500E-02  0.0000E+00  0.0000E+00
  0.2500E-02  0.2500E-02  0.2500E-02  0.6000E-02  0.0000E+00  0.0000E+00
  0.3900E-01  0.3700E-01  0.3400E-01  0.3350E-01  0.0000E+00  0.2000E-02
  0.2400E-01  0.2000E-01  0.2100E-01  0.1850E-01  0.5000E-03  0.5000E-03
  0.2500E-02  0.5000E-03  0.1000E-02  0.1500E-02  0.0000E+00  0.0000E+00
 Events:
           9           5           4           4           0           1
          67          59          83          70           1           2
          46          44          51          47           1           1
           4           6           2           5           0           0
           5           6          13           4           1           0
          68          66          73          76           0           4
          31          47          49          44           1           1
           2           4           3           6           0           0
           3           4           9           8           0           1
          56          62          67          58           2           1
          44          54          53          47           2           0
           2           8           2           3           0           0
           5           5           5          12           0           0
          78          74          68          67           0           4
          48          40          42          37           1           1
           5           1           2           3           0           0
 Iteration  3   Mean: 0.4118E-13 Abs mean: 0.4118E-13   Fluctuation:  0.968E-14   0.260E-10    48.0%
  3    0.4118E-13 0.4118E-13 +- 0.9676E-14     14.86
 Relative summed weights:
  0.3276E-03  0.9590E-03  0.5445E-04  0.2338E-03  0.0000E+00  0.0000E+00
  0.2521E-01  0.3251E-01  0.1940E-01  0.1302E-01  0.8664E-05  0.1245E-03
  0.1883E-01  0.1189E-01  0.9500E-02  0.3378E-01  0.7999E-06  0.8956E-08
  0.6032E-03  0.6014E-09  0.7709E-05  0.1344E-05  0.0000E+00  0.0000E+00
  0.8517E-04  0.2711E-03  0.1231E-04  0.4553E-03  0.0000E+00  0.0000E+00
  0.9918E-01  0.2447E-01  0.7114E-02  0.6073E-02  0.1256E-02  0.2716E-09
  0.1052E+00  0.8112E-02  0.1804E+00  0.1462E-01  0.0000E+00  0.6472E-05
  0.6763E-04  0.1025E-02  0.1566E-03  0.2213E-04  0.0000E+00  0.0000E+00
  0.5449E-03  0.3337E-03  0.1807E-03  0.2227E-05  0.0000E+00  0.0000E+00
  0.3705E-01  0.1376E-01  0.2771E-01  0.1303E-01  0.4243E-05  0.0000E+00
  0.9798E-02  0.4012E-02  0.1622E-01  0.4752E-02  0.1281E-06  0.1283E-05
  0.1493E-03  0.1761E-04  0.4124E-03  0.1257E-05  0.0000E+00  0.0000E+00
  0.1328E-03  0.6113E-04  0.2237E-02  0.9034E-04  0.0000E+00  0.1471E-04
  0.5776E-02  0.1261E-01  0.8798E-02  0.1505E-01  0.3287E-07  0.1363E-05
  0.5100E-02  0.1950E+00  0.7813E-02  0.2518E-02  0.3974E-03  0.7299E-04
  0.5558E-03  0.6943E-03  0.2868E-04  0.1348E-03  0.0000E+00  0.0000E+00
 Relative number of events:
  0.2500E-02  0.2250E-02  0.4500E-02  0.6000E-02  0.0000E+00  0.0000E+00
  0.3100E-01  0.3250E-01  0.3800E-01  0.3100E-01  0.2500E-03  0.5000E-03
  0.2525E-01  0.2275E-01  0.2125E-01  0.2100E-01  0.7500E-03  0.2500E-03
  0.2250E-02  0.5000E-03  0.1250E-02  0.1250E-02  0.0000E+00  0.0000E+00
  0.3250E-02  0.2750E-02  0.3500E-02  0.4000E-02  0.0000E+00  0.0000E+00
  0.3575E-01  0.3275E-01  0.3600E-01  0.3650E-01  0.1000E-02  0.2500E-03
  0.1875E-01  0.2425E-01  0.2325E-01  0.2400E-01  0.0000E+00  0.2500E-03
  0.3750E-02  0.1250E-02  0.1500E-02  0.5000E-03  0.0000E+00  0.0000E+00
  0.2750E-02  0.3250E-02  0.4750E-02  0.3000E-02  0.0000E+00  0.0000E+00
  0.3125E-01  0.4050E-01  0.3275E-01  0.3550E-01  0.7500E-03  0.0000E+00
  0.2250E-01  0.2125E-01  0.2450E-01  0.2475E-01  0.5000E-03  0.5000E-03
  0.2750E-02  0.1750E-02  0.2000E-02  0.5000E-03  0.0000E+00  0.0000E+00
  0.2250E-02  0.4250E-02  0.4500E-02  0.4250E-02  0.0000E+00  0.5000E-03
  0.3600E-01  0.3350E-01  0.2925E-01  0.3775E-01  0.5000E-03  0.2500E-03
  0.2325E-01  0.2050E-01  0.2075E-01  0.1975E-01  0.2500E-03  0.1250E-02
  0.1750E-02  0.2000E-02  0.1750E-02  0.2000E-02  0.0000E+00  0.0000E+00
 Events:
          10           9          18          24           0           0
         124         130         152         124           1           2
         101          91          85          84           3           1
           9           2           5           5           0           0
          13          11          14          16           0           0
         143         131         144         146           4           1
          75          97          93          96           0           1
          15           5           6           2           0           0
          11          13          19          12           0           0
         125         162         131         142           3           0
          90          85          98          99           2           2
          11           7           8           2           0           0
           9          17          18          17           0           2
         144         134         117         151           2           1
          93          82          83          79           1           5
           7           8           7           8           0           0
 Accuracy:    0.250   0.100   0.161   2.411
 Found          150  events.
 Wrote            6  events.
 Actual xsec    3.7831038769574225E-014
 Correct abs xsec    3.7831038769574225E-014
 Event xsec    3.7831038769574219E-014
 Events wgts > 1:            1
 % Cross section > 1:    1.2561001901575410E-022   3.3202899814841066E-007
 Iteration  4   Mean: 0.3607E-13 Abs mean: 0.3607E-13   Fluctuation:  0.450E-14   0.192E-10    54.7%
  4    0.3607E-13 0.3607E-13 +- 0.4496E-14     11.15
 Relative summed weights:
  0.2443E-03  0.1422E-02  0.5719E-03  0.4442E-02  0.8097E-06  0.0000E+00
  0.2939E-01  0.1847E-01  0.1534E-01  0.1073E-01  0.3288E-04  0.7184E-04
  0.1067E-01  0.1867E-01  0.1635E-01  0.7883E-01  0.0000E+00  0.0000E+00
  0.5259E-03  0.1389E-02  0.4085E-04  0.8718E-04  0.2241E-11  0.0000E+00
  0.3126E-03  0.4790E-03  0.4634E-03  0.7721E-03  0.1815E-07  0.0000E+00
  0.1507E-01  0.5304E-01  0.3062E-01  0.2450E-01  0.7545E-04  0.1941E-03
  0.9122E-01  0.4406E-01  0.3262E-01  0.1594E-01  0.1036E-06  0.5756E-05
  0.7926E-03  0.1097E-01  0.8640E-03  0.6974E-04  0.0000E+00  0.0000E+00
  0.2208E-04  0.3319E-02  0.6317E-04  0.1356E-03  0.0000E+00  0.9848E-06
  0.2393E-01  0.2662E-01  0.1058E-01  0.2455E-01  0.7526E-03  0.1556E-04
  0.1265E-01  0.3260E-01  0.3901E-01  0.8890E-02  0.8537E-03  0.1149E-07
  0.1794E-03  0.1169E-03  0.1914E-03  0.3058E-03  0.4054E-06  0.0000E+00
  0.6827E-03  0.1994E-03  0.7014E-04  0.8738E-03  0.7449E-04  0.8620E-03
  0.1726E-01  0.1902E-01  0.1809E-01  0.3836E-01  0.9398E-05  0.1753E-03
  0.6345E-01  0.6884E-01  0.2383E-01  0.1757E-01  0.1186E-07  0.1574E-06
  0.1413E-01  0.5088E-03  0.1809E-02  0.7366E-04  0.9015E-06  0.0000E+00
 Relative number of events:
  0.3125E-02  0.2250E-02  0.5875E-02  0.3250E-02  0.2500E-03  0.0000E+00
  0.3850E-01  0.3363E-01  0.3037E-01  0.3288E-01  0.3750E-03  0.7500E-03
  0.1688E-01  0.2350E-01  0.2300E-01  0.2350E-01  0.0000E+00  0.0000E+00
  0.1875E-02  0.2250E-02  0.1125E-02  0.7500E-03  0.1250E-03  0.0000E+00
  0.1625E-02  0.2750E-02  0.3500E-02  0.3500E-02  0.1250E-03  0.0000E+00
  0.3450E-01  0.3862E-01  0.3513E-01  0.3400E-01  0.6250E-03  0.3750E-03
  0.2262E-01  0.1887E-01  0.1900E-01  0.2413E-01  0.1250E-03  0.2500E-03
  0.3125E-02  0.2500E-02  0.1250E-02  0.1500E-02  0.0000E+00  0.0000E+00
  0.2250E-02  0.2375E-02  0.4625E-02  0.4375E-02  0.0000E+00  0.5000E-03
  0.3537E-01  0.3612E-01  0.3612E-01  0.3587E-01  0.2500E-03  0.2500E-03
  0.2375E-01  0.1988E-01  0.2562E-01  0.2350E-01  0.5000E-03  0.2500E-03
  0.1625E-02  0.1750E-02  0.1500E-02  0.1375E-02  0.1250E-03  0.0000E+00
  0.1750E-02  0.3125E-02  0.2750E-02  0.4500E-02  0.1250E-03  0.2500E-03
  0.3313E-01  0.3537E-01  0.3612E-01  0.3488E-01  0.5000E-03  0.5000E-03
  0.2413E-01  0.2363E-01  0.2150E-01  0.2125E-01  0.1250E-03  0.1250E-03
  0.1625E-02  0.2125E-02  0.8750E-03  0.1125E-02  0.1250E-03  0.0000E+00
 Events:
          25          18          47          26           2           0
         308         269         243         263           3           6
         135         188         184         188           0           0
          15          18           9           6           1           0
          13          22          28          28           1           0
         276         309         281         272           5           3
         181         151         152         193           1           2
          25          20          10          12           0           0
          18          19          37          35           0           4
         283         289         289         287           2           2
         190         159         205         188           4           2
          13          14          12          11           1           0
          14          25          22          36           1           2
         265         283         289         279           4           4
         193         189         172         170           1           1
          13          17           7           9           1           0
 Accuracy:    0.129   0.100   0.098   1.723
 Found          433  events.
 Wrote            8  events.
 Actual xsec    3.8751635470503359E-014
 Correct abs xsec    3.8751635470503359E-014
 Event xsec    3.8751635470503365E-014
 Events wgts > 1:            0
 % Cross section > 1:    0.0000000000000000        0.0000000000000000     
 Iteration  5   Mean: 0.4646E-13 Abs mean: 0.4646E-13   Fluctuation:  0.432E-14   0.478E-10    57.0%
  5    0.4646E-13 0.4646E-13 +- 0.4318E-14     11.76
 Relative summed weights:
  0.2474E-03  0.1232E-02  0.7703E-03  0.2486E-03  0.0000E+00  0.4354E-06
  0.2679E-01  0.1569E-01  0.1678E-01  0.2508E-01  0.4417E-06  0.2418E-06
  0.4506E-01  0.2589E-01  0.1775E-01  0.2882E-01  0.1399E-04  0.1056E-06
  0.5639E-02  0.1330E-02  0.3482E-02  0.1699E-02  0.7219E-07  0.1804E-06
  0.1855E-02  0.1862E-03  0.1065E-02  0.7896E-03  0.0000E+00  0.0000E+00
  0.1496E-01  0.2155E-01  0.8196E-01  0.3350E-01  0.4235E-02  0.1528E-03
  0.2745E-01  0.5833E-01  0.3337E-01  0.4999E-01  0.7218E-06  0.4392E-04
  0.2657E-03  0.1769E-03  0.6443E-03  0.1054E-02  0.1515E-03  0.0000E+00
  0.1329E-03  0.6051E-03  0.1082E-02  0.1049E-02  0.0000E+00  0.2070E-07
  0.3228E-01  0.2596E-01  0.4689E-01  0.2237E-01  0.9037E-05  0.1336E-03
  0.2097E-01  0.4072E-01  0.2160E-01  0.1800E-01  0.5247E-03  0.0000E+00
  0.1932E-03  0.9846E-03  0.4382E-03  0.1551E-02  0.0000E+00  0.0000E+00
  0.6868E-03  0.1899E-03  0.3295E-03  0.1377E-02  0.5181E-06  0.0000E+00
  0.2617E-01  0.2281E-01  0.1463E-01  0.1730E-01  0.1823E-03  0.2052E-05
  0.4292E-01  0.3446E-01  0.2605E-01  0.2080E-01  0.2215E-03  0.1292E-05
  0.1312E-03  0.7519E-02  0.3155E-03  0.1496E-03  0.0000E+00  0.0000E+00
 Relative number of events:
  0.2625E-02  0.2687E-02  0.3312E-02  0.4938E-02  0.0000E+00  0.6250E-04
  0.3631E-01  0.3306E-01  0.3325E-01  0.3369E-01  0.3750E-03  0.6250E-04
  0.2269E-01  0.2069E-01  0.2106E-01  0.2325E-01  0.1875E-03  0.1250E-03
  0.1813E-02  0.2250E-02  0.1500E-02  0.1375E-02  0.6250E-04  0.6250E-04
  0.2437E-02  0.3687E-02  0.4375E-02  0.4250E-02  0.0000E+00  0.0000E+00
  0.3450E-01  0.3619E-01  0.3425E-01  0.3394E-01  0.7500E-03  0.3750E-03
  0.2113E-01  0.2200E-01  0.2562E-01  0.2056E-01  0.3125E-03  0.2500E-03
  0.2437E-02  0.2125E-02  0.1125E-02  0.1813E-02  0.6250E-04  0.0000E+00
  0.3063E-02  0.2188E-02  0.4437E-02  0.3438E-02  0.0000E+00  0.1250E-03
  0.3762E-01  0.3631E-01  0.3438E-01  0.3344E-01  0.3750E-03  0.7500E-03
  0.2350E-01  0.2325E-01  0.2300E-01  0.2262E-01  0.3125E-03  0.0000E+00
  0.2312E-02  0.2625E-02  0.1500E-02  0.1813E-02  0.0000E+00  0.0000E+00
  0.2437E-02  0.2938E-02  0.3563E-02  0.3625E-02  0.6250E-04  0.0000E+00
  0.3338E-01  0.3469E-01  0.3481E-01  0.3181E-01  0.3125E-03  0.4375E-03
  0.2150E-01  0.2187E-01  0.2381E-01  0.2237E-01  0.3750E-03  0.1250E-03
  0.2188E-02  0.2375E-02  0.1063E-02  0.1563E-02  0.0000E+00  0.0000E+00
 Events:
          42          43          53          79           0           1
         581         529         532         539           6           1
         363         331         337         372           3           2
          29          36          24          22           1           1
          39          59          70          68           0           0
         552         579         548         543          12           6
         338         352         410         329           5           4
          39          34          18          29           1           0
          49          35          71          55           0           2
         602         581         550         535           6          12
         376         372         368         362           5           0
          37          42          24          29           0           0
          39          47          57          58           1           0
         534         555         557         509           5           7
         344         350         381         358           6           2
          35          38          17          25           0           0
 Accuracy:    0.089   0.100   0.068   1.730
 Finished due to accuracy    8.8906610607602077E-002  0.10000000000000001     

 -------------------------------------------------------------------------------
 Accumulated results:   Integral =  0.4188E-13
                        Std dev  =  0.2831E-14
                       Cross sec =  0.4188E-13
             Chi**2 per DoF.     =      1.7297
 -------------------------------------------------------------------------------
 Found         1182  events.
 Wrote           20  events.
 Actual xsec    4.2601867850915955E-014
 Correct abs xsec    4.2601867850915955E-014
 Event xsec    4.2601867850915936E-014
 Events wgts > 1:            1
 % Cross section > 1:    3.6421732764286539E-022   8.5493276707357966E-007
-------------------------------------------------
---------------------------
 Results Last   3 iters: Integral =   0.4260E-13
                     Abs integral =   0.4260E-13
                          Std dev =   0.3026E-14
                  Chi**2 per DoF. =      1.4646
-------------------------------------------------
---------------------------
 Status  0.10000000000000001                6           5

ls status:
events.lhe
ftn26
input_app.txt
results.dat
run1_app.log
