 Process in group number            1
 A PDF is used, so alpha_s(MZ) is going to be modified
 Old value of alpha_s from param_card:   0.11839999999999999     
  ****************************************
 
       NNPDFDriver version 1.0.3
   Grid: NNPDF23_lo_as_0130_qed_mem0.grid
  ****************************************
 New value of alpha_s from PDF nn23lo1:  0.13000000000000000     
 Define smin to   1600.0000000000000     
 Define smin to   1600.0000000000000     
 Define smin to   1600.0000000000000     
 *****************************************************
 *               MadGraph/MadEvent                   *
 *        --------------------------------           *
 *          http://madgraph.hep.uiuc.edu             *
 *          http://madgraph.phys.ucl.ac.be           *
 *          http://madgraph.roma2.infn.it            *
 *        --------------------------------           *
 *                                                   *
 *          PARAMETER AND COUPLING VALUES            *
 *                                                   *
 *****************************************************

  External Params
  ---------------------------------
  
 mdl_VeN1 =    1.0000000000000000     
 mdl_VeN2 =    0.0000000000000000     
 mdl_VeN3 =    0.0000000000000000     
 mdl_VmuN1 =    0.0000000000000000     
 mdl_VmuN2 =    1.0000000000000000     
 mdl_VmuN3 =    0.0000000000000000     
 mdl_VtaN1 =    0.0000000000000000     
 mdl_VtaN2 =    0.0000000000000000     
 mdl_VtaN3 =    1.0000000000000000     
 mdl_VN1N1 =    1.0000000000000000     
 mdl_VN1N2 =    1.0000000000000000     
 mdl_VN1N3 =    1.0000000000000000     
 mdl_VN2N2 =    1.0000000000000000     
 mdl_VN2N3 =    1.0000000000000000     
 mdl_VN3N3 =    1.0000000000000000     
 aEWM1 =    127.90000000000001     
 mdl_Gf =    1.1663700000000000E-005
 aS =   0.11839999999999999     
 mdl_ymt =    172.00000000000000     
 mdl_vevf =    50.000000000000000     
 mdl_MZ =    91.187600000000003     
 mdl_MT =    172.00000000000000     
 mdl_MH =    125.00000000000000     
 mdl_mN1 =    510.00000000000000     
 mdl_mN2 =    610.00000000000000     
 mdl_mN3 =    710.00000000000000     
 mdl_MJ =    91.187600000000003     
 mdl_MAx =    173.04800000000000     
 mdl_WZ =    2.4952000000000001     
 mdl_WW =    2.0850000000000000     
 mdl_WT =    1.5083359999999999     
 mdl_WH =    4.0699999999999998E-003
 mdl_WN1 =   0.30299999999999999     
 mdl_WN2 =    1.5000000000000000     
 mdl_WN3 =    12.300000000000001     
 mdl_WJ =    2.4952000000000001     
 mdl_WAx =    4.1700000000000001E-003
  Internal Params
  ---------------------------------
  
 mdl_vevf__exp__2 =    2500.0000000000000     
 mdl_sqrt__vevf__exp__2 =    50.000000000000000     
 mdl_muJ =    50.000000000000000     
 mdl_MZ__exp__2 =    8315.1783937600012     
 mdl_MZ__exp__4 =    69142191.720053151     
 mdl_sqrt__2 =    1.4142135623730951     
 mdl_MJ__exp__2 =    8315.1783937600012     
 mdl_muJ__exp__2 =    2500.0000000000000     
 mdl_lamJ =    4.3260713575040004     
 mdl_MH__exp__2 =    15625.000000000000     
 mdl_complexi =  (  0.0000000000000000     ,  1.0000000000000000     )
 mdl_aEW =    7.8186082877247844E-003
 mdl_MW =    79.824359746197842     
 mdl_sqrt__aEW =    8.8422894590285753E-002
 mdl_ee =   0.31345100004952897     
 mdl_MW__exp__2 =    6371.9284088904105     
 mdl_sw2 =   0.23369913342182447     
 mdl_cw =   0.87538612427783857     
 mdl_sqrt__sw2 =   0.48342438232036300     
 mdl_sw =   0.48342438232036300     
 mdl_g1 =   0.35807170271074895     
 mdl_gN =   0.64839716719502682     
 mdl_gw =   0.64839716719502682     
 mdl_vev =    246.22056907348590     
 mdl_vev__exp__2 =    60624.568634871241     
 mdl_lam =   0.12886689630821144     
 mdl_yt =   0.98791394091683138     
 mdl_muH =    88.388347648318444     
 mdl_I2a33 =  ( 0.98791394091683138     ,  0.0000000000000000     )
 mdl_I3a33 =  ( 0.98791394091683138     ,  0.0000000000000000     )
 mdl_ee__exp__2 =    9.8251529432049817E-002
 mdl_sw__exp__2 =   0.23369913342182450     
 mdl_cw__exp__2 =   0.76630086657817542     
  Internal Params evaluated point by point
  ----------------------------------------
  
 mdl_sqrt__aS =   0.34409301068170506     
 mdl_G__exp__2 =    1.4878582807401259     
  Couplings of SM_HeavyN_UFO
  ---------------------------------
  
         GC_1 =  -0.00000E+00  -0.10448E+00
         GC_2 =   0.00000E+00   0.20897E+00
         GC_3 =  -0.00000E+00  -0.31345E+00
         GC_4 =   0.00000E+00   0.31345E+00
        GC_26 =   0.00000E+00   0.45849E+00
        GC_27 =  -0.00000E+00  -0.28380E+00
        GC_28 =   0.00000E+00   0.28380E+00
        GC_30 =   0.00000E+00   0.56760E+00
        GC_35 =  -0.00000E+00  -0.28850E-01
        GC_37 =   0.00000E+00   0.17310E+00
        GC_39 =   0.00000E+00  -0.19725E+00
        GC_40 =   0.00000E+00   0.37035E+00
        GC_80 =   0.00000E+00   0.67543E+02
       GC_107 =  -0.00000E+00  -0.74070E+00
       GC_109 =  -0.00000E+00  -0.74070E+00
       GC_111 =  -0.00000E+00  -0.74070E+00
       GC_113 =  -0.00000E+00  -0.74070E+00
       GC_115 =  -0.00000E+00  -0.74070E+00
       GC_117 =  -0.00000E+00  -0.74070E+00
       GC_119 =   0.00000E+00   0.00000E+00
       GC_120 =   0.00000E+00   0.00000E+00
       GC_122 =  -0.00000E+00  -0.00000E+00
       GC_126 =   0.00000E+00   0.00000E+00
       GC_127 =   0.00000E+00   0.00000E+00
       GC_129 =  -0.00000E+00  -0.00000E+00
       GC_133 =   0.00000E+00   0.45849E+00
       GC_134 =   0.00000E+00   0.37035E+00
       GC_136 =  -0.00000E+00  -0.28836E+01
        GC_81 =   0.10200E+02   0.00000E+00
        GC_82 =   0.12200E+02   0.00000E+00
        GC_83 =   0.14200E+02   0.00000E+00

 Collider parameters:
 --------------------

 Running at P P   machine @    13000.000000000000       GeV
 PDF set = nn23lo1
 alpha_s(Mz)= 0.1300 running at 2 loops.
 alpha_s(Mz)= 0.1300 running at 2 loops.
 Renormalization scale set on event-by-event basis
 Factorization   scale set on event-by-event basis


 getting user params
Enter number of events and max and min iterations: 
 Number of events and iterations         1000           5           3
Enter desired fractional accuracy: 
 Desired fractional accuracy:   0.10000000000000001     
Enter 0 for fixed, 2 for adjustable grid: 
Suppress amplitude (0 no, 1 yes)? 
 Using suppressed amplitude.
Exact helicity sum (0 yes, n = number/event)? 
 Explicitly summing over helicities
Enter Configuration Number: 
Running Configuration Number:  102
 Using dconfig=         637
 BW Setting            1           2           1           2           1           2           0
 Attempting mappinvarients           1           9
 Completed mapping           9
 about to integrate           19        1000           5           3          19           1
 Using non-zero grid deformation.
 19 dimensions   1000 events 19 invarients  5 iterations  1 config(s),  (0.99)
 Using h-tuple random number sequence.
 Error opening grid
 Using Uniform Grid!          36
 Using uniform alpha   1.0000000000000000     
 Grid defined OK
 Set CM energy to      13000.00
 Mapping Graph         102  to config         102
 Setting BW          -1           1   91.187600000000003     
Setting grid   2    0.36660E-04   1
 Setting BW          -3           3   710.00000000000000     
Setting grid   4    0.24885E-02   1
 Setting BW          -5           5   710.00000000000000     
Setting grid   6    0.24885E-02   1
 Transforming s_hat 1/s           18   2.6443328402366868E-003   1600.0000000000000        168999999.99999997     
 102   1   2   3   4   5   6   7   8   9  10  11  12  13  14
  15  16  17  18  19
 Masses: 0.000E+00 0.000E+00 0.000E+00 0.000E+00 0.000E+00 0.000E+00 0.000E+00 0.000E+00 0.912E+02
Using random seed offsets   102 :      1
  with seed                   24
 Ranmar initialization seeds       31160        9398
 
 ********************************************
 * You are using the DiscreteSampler module *
 *      part of the MG5_aMC framework       *
 *         Author: Valentin Hirschi         *
 ********************************************
 
  Particle       3       4       5       6       7       8       9
      Et >    10.0    10.0    10.0    10.0     0.0     0.0     0.0
       E >     0.0     0.0     0.0     0.0     0.0     0.0     0.0
     Eta <     2.5     2.5     2.5     2.5    -1.0    -1.0    -1.0
   xqcut:      0.0     0.0     0.0     0.0     0.0     0.0     0.0
d R # 3  >    -0.0     0.4     0.4     0.4     0.0     0.0     0.0
d R # 4  >    -0.0    -0.0     0.4     0.4     0.0     0.0     0.0
d R # 5  >    -0.0    -0.0    -0.0     0.4     0.0     0.0     0.0
d R # 6  >    -0.0    -0.0    -0.0    -0.0     0.0     0.0     0.0
d R # 7  >    -0.0    -0.0    -0.0    -0.0    -0.0     0.0     0.0
d R # 8  >    -0.0    -0.0    -0.0    -0.0    -0.0    -0.0     0.0
s min # 3>     0.0     0.0     0.0     0.0     0.0     0.0     0.0
s min # 4>     0.0     0.0     0.0     0.0     0.0     0.0     0.0
s min # 5>     0.0     0.0     0.0     0.0     0.0     0.0     0.0
s min # 6>     0.0     0.0     0.0     0.0     0.0     0.0     0.0
s min # 7>     0.0     0.0     0.0     0.0     0.0     0.0     0.0
s min # 8>     0.0     0.0     0.0     0.0     0.0     0.0     0.0
xqcutij # 3>     0.0     0.0     0.0     0.0     0.0     0.0     0.0
xqcutij # 4>     0.0     0.0     0.0     0.0     0.0     0.0     0.0
xqcutij # 5>     0.0     0.0     0.0     0.0     0.0     0.0     0.0
xqcutij # 6>     0.0     0.0     0.0     0.0     0.0     0.0     0.0
xqcutij # 7>     0.0     0.0     0.0     0.0     0.0     0.0     0.0
xqcutij # 8>     0.0     0.0     0.0     0.0     0.0     0.0     0.0
 Requiring BW           -1           1
 Excluding BW           -2           2
 Requiring BW           -3           3
 Excluding BW           -4           4
 Requiring BW           -5           5
 Excluding BW           -6           6
 alpha_s for scale    764.96016207226842       is    9.6121680466765919E-002
 Added good helicity            1   15.286343506460248       in event            1 local:           1
 Added good helicity           21   62.727901253058128       in event            1 local:           1
 Added good helicity           25   9.8133857915554804E-002  in event            1 local:           1
 Added good helicity           37   4.4975976686935620E-002  in event            1 local:           1
 Added good helicity           41   7.0251952893811804       in event            1 local:           1
 Added good helicity           61   6.2435384985131988       in event            1 local:           1
 Added good helicity          193   109.14204154266896       in event            1 local:           1
 Added good helicity          213   10.049536259746265       in event            1 local:           1
 Added good helicity          217  0.34031335578942840       in event            1 local:           1
 Added good helicity          229   1.6846746305282979E-002  in event            1 local:           1
 Added good helicity          233   18.685691898842187       in event            1 local:           1
 Added good helicity          253   26.339481814632627       in event            1 local:           1
 Added good helicity            1   15.286343506460438       in event            1 local:           1
 Added good helicity           21   62.727901253058072       in event            1 local:           1
 Added good helicity           25   9.8133857915555275E-002  in event            1 local:           1
 Added good helicity           37   4.4975976686935273E-002  in event            1 local:           1
 Added good helicity           41   7.0251952893812373       in event            1 local:           1
 Added good helicity           61   6.2435384985131686       in event            1 local:           1
 Added good helicity          193   109.14204154266871       in event            1 local:           1
 Added good helicity          213   10.049536259746370       in event            1 local:           1
 Added good helicity          217  0.34031335578942939       in event            1 local:           1
 Added good helicity          229   1.6846746305282875E-002  in event            1 local:           1
 Added good helicity          233   18.685691898842101       in event            1 local:           1
 Added good helicity          253   26.339481814632702       in event            1 local:           1
 RESET CUMULATIVE VARIABLE
 RESET CUMULATIVE VARIABLE
 RESET CUMULATIVE VARIABLE
 Iteration  1   Mean: 0.1773E-12 Abs mean: 0.1773E-12   Fluctuation:  0.560E-13   0.397E-10     1.4%
  1    0.1773E-12 0.1773E-12 +- 0.5596E-13      9.98
 Writing out events   2.4925034426977567E-015   9.9835039974681106     
 Relative summed weights:
  0.5944E-03  0.1532E-01  0.1128E-02  0.2304E-02  0.1194E-09  0.0000E+00
  0.7085E-02  0.2422E-04  0.3302E-02  0.6972E-01  0.3412E-05  0.0000E+00
  0.6436E-03  0.6311E-02  0.7361E-02  0.1359E-02  0.0000E+00  0.0000E+00
  0.3984E-03  0.2075E-01  0.6219E-02  0.1136E-01  0.1837E-11  0.1088E-05
  0.1113E-03  0.5636E-05  0.3488E-04  0.2830E-02  0.0000E+00  0.7605E-08
  0.2858E-04  0.2773E-01  0.3902E-02  0.6668E-01  0.0000E+00  0.0000E+00
  0.5987E-02  0.1471E-03  0.1536E-02  0.6251E-02  0.4698E-08  0.0000E+00
  0.3663E-03  0.3249E-03  0.1837E-02  0.2590E-01  0.0000E+00  0.0000E+00
  0.3412E-02  0.1679E-05  0.1313E-04  0.9500E-02  0.0000E+00  0.0000E+00
  0.1067E-03  0.3524E-04  0.2552E-04  0.7248E-03  0.0000E+00  0.0000E+00
  0.3387E-02  0.1040E-02  0.8003E-02  0.1651E-01  0.3427E-06  0.1222E-10
  0.2756E-02  0.9912E-03  0.2770E-03  0.2333E-03  0.0000E+00  0.1105E-01
  0.1383E-05  0.8691E-02  0.1048E+00  0.7329E-03  0.0000E+00  0.0000E+00
  0.2529E-04  0.1979E-03  0.1704E-01  0.7570E-04  0.0000E+00  0.0000E+00
  0.1188E-02  0.5514E-01  0.2578E+00  0.4196E-02  0.0000E+00  0.6425E-07
  0.1574E+00  0.1402E-01  0.1761E-01  0.5487E-02  0.0000E+00  0.2358E-06
 Relative number of events:
  0.7929E-02  0.7929E-02  0.9911E-02  0.5946E-02  0.9911E-03  0.0000E+00
  0.2973E-02  0.2973E-02  0.7929E-02  0.5946E-02  0.9911E-03  0.0000E+00
  0.5946E-02  0.8920E-02  0.2973E-01  0.4262E-01  0.0000E+00  0.0000E+00
  0.3865E-01  0.3171E-01  0.1685E-01  0.2676E-01  0.9911E-03  0.9911E-03
  0.5946E-02  0.2973E-02  0.5946E-02  0.4955E-02  0.0000E+00  0.9911E-03
  0.4955E-02  0.4955E-02  0.3964E-02  0.9911E-02  0.0000E+00  0.0000E+00
  0.3964E-02  0.5946E-02  0.3766E-01  0.4460E-01  0.9911E-03  0.0000E+00
  0.3667E-01  0.2775E-01  0.2676E-01  0.1685E-01  0.0000E+00  0.0000E+00
  0.6938E-02  0.2973E-02  0.6938E-02  0.7929E-02  0.0000E+00  0.0000E+00
  0.9911E-03  0.2973E-02  0.3964E-02  0.6938E-02  0.0000E+00  0.0000E+00
  0.4955E-02  0.6938E-02  0.3667E-01  0.3568E-01  0.9911E-03  0.9911E-03
  0.3865E-01  0.3667E-01  0.1784E-01  0.2379E-01  0.0000E+00  0.9911E-03
  0.4955E-02  0.5946E-02  0.3964E-02  0.5946E-02  0.0000E+00  0.0000E+00
  0.1982E-02  0.3964E-02  0.8920E-02  0.3964E-02  0.0000E+00  0.0000E+00
  0.1090E-01  0.9911E-02  0.4361E-01  0.4262E-01  0.0000E+00  0.9911E-03
  0.3766E-01  0.2775E-01  0.2478E-01  0.1388E-01  0.0000E+00  0.1982E-02
 Events:
           8           8          10           6           1           0
           3           3           8           6           1           0
           6           9          30          43           0           0
          39          32          17          27           1           1
           6           3           6           5           0           1
           5           5           4          10           0           0
           4           6          38          45           1           0
          37          28          27          17           0           0
           7           3           7           8           0           0
           1           3           4           7           0           0
           5           7          37          36           1           1
          39          37          18          24           0           1
           5           6           4           6           0           0
           2           4           9           4           0           0
          11          10          44          43           0           1
          38          28          25          14           0           2
 Iteration  2   Mean: 0.2627E-12 Abs mean: 0.2627E-12   Fluctuation:  0.577E-13   0.584E-10     8.8%
  2    0.2627E-12 0.2627E-12 +- 0.5772E-13      9.83
 Relative summed weights:
  0.6744E-03  0.2597E-01  0.3511E-02  0.5705E-03  0.0000E+00  0.0000E+00
  0.9321E-01  0.8645E-03  0.1615E-01  0.3329E-02  0.1167E-03  0.0000E+00
  0.1118E-01  0.3135E-02  0.2378E-02  0.7700E-02  0.0000E+00  0.5443E-05
  0.2090E-02  0.4772E-02  0.2024E-02  0.6953E-02  0.0000E+00  0.0000E+00
  0.1149E-01  0.5970E-03  0.4268E-02  0.8796E-01  0.0000E+00  0.0000E+00
  0.1778E-01  0.1054E-02  0.3840E-03  0.2414E-04  0.6237E-05  0.0000E+00
  0.1695E-02  0.1632E-02  0.5895E-02  0.4181E-02  0.1085E-02  0.0000E+00
  0.1091E-01  0.1779E-02  0.1410E+00  0.2307E-02  0.1928E-04  0.0000E+00
  0.1454E+00  0.2025E-01  0.5885E-02  0.8952E-02  0.4912E-05  0.0000E+00
  0.3306E-01  0.5103E-03  0.4855E-04  0.2013E-02  0.0000E+00  0.0000E+00
  0.7572E-04  0.7628E-01  0.1606E-01  0.2521E-02  0.1152E-02  0.1543E-06
  0.2899E-02  0.1723E-02  0.1804E-01  0.1599E-01  0.4757E-05  0.1414E-05
  0.1447E-02  0.7523E-04  0.6070E-02  0.1357E-01  0.4545E-05  0.6111E-06
  0.6786E-03  0.1711E-02  0.7937E-03  0.2121E-03  0.0000E+00  0.0000E+00
  0.3551E-01  0.2772E-01  0.1743E-01  0.2739E-01  0.0000E+00  0.1706E-08
  0.3414E-02  0.1897E-02  0.2646E-01  0.6075E-02  0.1071E-04  0.0000E+00
 Relative number of events:
  0.5500E-02  0.6000E-02  0.1250E-01  0.8000E-02  0.0000E+00  0.0000E+00
  0.3000E-02  0.3000E-02  0.4500E-02  0.6500E-02  0.5000E-03  0.0000E+00
  0.3000E-02  0.5500E-02  0.3050E-01  0.3700E-01  0.0000E+00  0.1000E-02
  0.3600E-01  0.3950E-01  0.2250E-01  0.2000E-01  0.0000E+00  0.0000E+00
  0.8500E-02  0.5000E-02  0.8500E-02  0.7500E-02  0.0000E+00  0.0000E+00
  0.7000E-02  0.4500E-02  0.6500E-02  0.7000E-02  0.1000E-02  0.0000E+00
  0.4500E-02  0.7000E-02  0.3550E-01  0.3250E-01  0.2500E-02  0.0000E+00
  0.3300E-01  0.3250E-01  0.1700E-01  0.2750E-01  0.1000E-02  0.0000E+00
  0.6000E-02  0.6500E-02  0.7500E-02  0.4500E-02  0.5000E-03  0.0000E+00
  0.5500E-02  0.4000E-02  0.7000E-02  0.7500E-02  0.0000E+00  0.0000E+00
  0.3000E-02  0.7500E-02  0.4050E-01  0.2950E-01  0.5000E-03  0.5000E-03
  0.3350E-01  0.3500E-01  0.1900E-01  0.2900E-01  0.5000E-03  0.1000E-02
  0.3500E-02  0.4500E-02  0.1150E-01  0.7000E-02  0.5000E-03  0.5000E-03
  0.2500E-02  0.3000E-02  0.6500E-02  0.6500E-02  0.0000E+00  0.0000E+00
  0.9000E-02  0.9500E-02  0.3500E-01  0.4650E-01  0.0000E+00  0.5000E-03
  0.3300E-01  0.3500E-01  0.1950E-01  0.2250E-01  0.2000E-02  0.0000E+00
 Events:
          11          12          25          16           0           0
           6           6           9          13           1           0
           6          11          61          74           0           2
          72          79          45          40           0           0
          17          10          17          15           0           0
          14           9          13          14           2           0
           9          14          71          65           5           0
          66          65          34          55           2           0
          12          13          15           9           1           0
          11           8          14          15           0           0
           6          15          81          59           1           1
          67          70          38          58           1           2
           7           9          23          14           1           1
           5           6          13          13           0           0
          18          19          70          93           0           1
          66          70          39          45           4           0
 Iteration  3   Mean: 0.3725E-12 Abs mean: 0.3725E-12   Fluctuation:  0.709E-13   0.197E-09    14.4%
  3    0.3725E-12 0.3725E-12 +- 0.7092E-13     12.04
 Relative summed weights:
  0.9367E-02  0.1348E+00  0.7033E-02  0.2599E-02  0.2927E-07  0.6856E-06
  0.2487E-02  0.2493E-02  0.5081E-02  0.2685E-02  0.7658E-03  0.1914E-06
  0.4411E-02  0.4340E-02  0.1210E-01  0.8240E-02  0.1409E-03  0.7963E-05
  0.1367E-01  0.1570E-01  0.5837E-01  0.7310E-02  0.2126E-06  0.2278E-05
  0.1639E-02  0.5918E-02  0.1438E-01  0.7699E-01  0.6230E-05  0.0000E+00
  0.3379E-02  0.3545E-02  0.1075E-02  0.1098E-01  0.1312E-04  0.6466E-02
  0.3853E-02  0.5020E-02  0.2343E-01  0.1182E-01  0.3182E-04  0.1767E-04
  0.1369E-01  0.6572E-02  0.2507E-02  0.1748E-01  0.0000E+00  0.7232E-04
  0.5730E-02  0.6865E-02  0.1075E-01  0.5839E-03  0.3189E-05  0.0000E+00
  0.4062E-03  0.1348E-01  0.6283E-02  0.5209E-02  0.1540E-02  0.9872E-04
  0.1777E-02  0.8016E-02  0.2919E-01  0.8873E-02  0.1723E-05  0.3513E-03
  0.6903E-02  0.1275E-01  0.7512E-01  0.1512E-01  0.1745E-05  0.9746E-04
  0.1090E-02  0.3976E-02  0.2506E-01  0.4339E-01  0.1292E-03  0.2066E-05
  0.3129E-03  0.2849E-02  0.1838E-01  0.3071E-01  0.9449E-05  0.0000E+00
  0.7335E-02  0.5753E-02  0.7133E-01  0.1028E-01  0.3821E-03  0.3800E-04
  0.4495E-01  0.9624E-02  0.4826E-02  0.9941E-02  0.0000E+00  0.9984E-06
 Relative number of events:
  0.7250E-02  0.5750E-02  0.7750E-02  0.8000E-02  0.2500E-03  0.2500E-03
  0.3500E-02  0.2500E-02  0.5500E-02  0.7000E-02  0.5000E-03  0.2500E-03
  0.6750E-02  0.7500E-02  0.3400E-01  0.3575E-01  0.7500E-03  0.7500E-03
  0.3950E-01  0.3950E-01  0.2075E-01  0.2225E-01  0.7500E-03  0.2500E-03
  0.6500E-02  0.5500E-02  0.9250E-02  0.8250E-02  0.5000E-03  0.0000E+00
  0.3500E-02  0.4750E-02  0.5250E-02  0.5750E-02  0.2500E-03  0.7500E-03
  0.5500E-02  0.6000E-02  0.3175E-01  0.3525E-01  0.5000E-03  0.5000E-03
  0.4425E-01  0.3800E-01  0.2050E-01  0.1650E-01  0.0000E+00  0.5000E-03
  0.6750E-02  0.4750E-02  0.7000E-02  0.8000E-02  0.5000E-03  0.0000E+00
  0.3750E-02  0.4250E-02  0.5500E-02  0.5750E-02  0.2500E-03  0.7500E-03
  0.5750E-02  0.9250E-02  0.3150E-01  0.3775E-01  0.2500E-03  0.1750E-02
  0.3850E-01  0.3700E-01  0.2250E-01  0.2350E-01  0.2500E-03  0.7500E-03
  0.7000E-02  0.5750E-02  0.7750E-02  0.7250E-02  0.7500E-03  0.2500E-03
  0.3000E-02  0.3500E-02  0.5500E-02  0.6750E-02  0.2500E-03  0.0000E+00
  0.6000E-02  0.7500E-02  0.2800E-01  0.2825E-01  0.7500E-03  0.1000E-02
  0.4025E-01  0.3850E-01  0.1800E-01  0.2100E-01  0.0000E+00  0.5000E-03
 Events:
          29          23          31          32           1           1
          14          10          22          28           2           1
          27          30         136         143           3           3
         158         158          83          89           3           1
          26          22          37          33           2           0
          14          19          21          23           1           3
          22          24         127         141           2           2
         177         152          82          66           0           2
          27          19          28          32           2           0
          15          17          22          23           1           3
          23          37         126         151           1           7
         154         148          90          94           1           3
          28          23          31          29           3           1
          12          14          22          27           1           0
          24          30         112         113           3           4
         161         154          72          84           0           2
 Accuracy:    0.176   0.100   0.131   1.806
 Found          504  events.
 Wrote            3  events.
 Actual xsec    2.9991442049537508E-013
 Correct abs xsec    2.9991442049537508E-013
 Event xsec    2.9991442049537513E-013
 Events wgts > 1:            0
 % Cross section > 1:    0.0000000000000000        0.0000000000000000     
 Iteration  4   Mean: 0.4859E-12 Abs mean: 0.4859E-12   Fluctuation:  0.135E-12   0.103E-08    17.0%
  4    0.4859E-12 0.4859E-12 +- 0.1350E-12     24.84
 Relative summed weights:
  0.1363E-01  0.3667E-02  0.6492E-02  0.1762E-01  0.8155E-05  0.2440E-02
  0.1450E-02  0.3819E-02  0.6846E-02  0.3823E-02  0.0000E+00  0.0000E+00
  0.1449E-01  0.5467E-02  0.1222E-01  0.6355E-02  0.1259E-05  0.3005E-03
  0.1134E-01  0.2951E-01  0.8982E-02  0.1203E-01  0.0000E+00  0.3130E-04
  0.3009E-02  0.6057E-02  0.1058E-01  0.3496E-01  0.1420E-03  0.1356E-03
  0.2994E-01  0.6249E-01  0.9405E-02  0.1388E-01  0.1828E-03  0.3113E-04
  0.2084E-02  0.1219E-01  0.4648E-01  0.1076E-01  0.2089E-03  0.7327E-03
  0.2102E-01  0.8236E-02  0.7534E-02  0.7799E-02  0.5578E-05  0.6458E-05
  0.3333E-02  0.1816E-01  0.5073E-02  0.4748E-02  0.8807E-04  0.2118E-05
  0.6953E-02  0.2348E-02  0.6787E-02  0.3263E-02  0.1375E-05  0.5474E-05
  0.6401E-02  0.2451E-02  0.1348E-01  0.9710E-02  0.1388E-04  0.1727E-03
  0.1153E-01  0.1827E-01  0.9232E-02  0.6634E-02  0.2423E-02  0.1660E-03
  0.1555E-01  0.2893E-02  0.4802E-02  0.2820E-01  0.3769E-04  0.1509E-04
  0.5618E-02  0.9580E-02  0.4849E-02  0.2739E+00  0.2621E-02  0.0000E+00
  0.1496E-02  0.2152E-02  0.5460E-02  0.4074E-02  0.4030E-04  0.5602E-04
  0.1039E-01  0.3277E-01  0.5406E-02  0.1020E-01  0.1639E-03  0.6481E-04
 Relative number of events:
  0.4875E-02  0.6000E-02  0.8125E-02  0.9875E-02  0.3750E-03  0.3750E-03
  0.3625E-02  0.3250E-02  0.5875E-02  0.5500E-02  0.0000E+00  0.0000E+00
  0.6500E-02  0.5500E-02  0.3700E-01  0.3675E-01  0.5000E-03  0.8750E-03
  0.3737E-01  0.3725E-01  0.2013E-01  0.1700E-01  0.0000E+00  0.1250E-03
  0.5125E-02  0.6000E-02  0.7500E-02  0.8625E-02  0.5000E-03  0.5000E-03
  0.3125E-02  0.3875E-02  0.4750E-02  0.6875E-02  0.3750E-03  0.1250E-03
  0.7125E-02  0.6625E-02  0.3687E-01  0.4013E-01  0.1000E-02  0.1625E-02
  0.3875E-01  0.3913E-01  0.1862E-01  0.2063E-01  0.2500E-03  0.2500E-03
  0.7000E-02  0.6000E-02  0.8000E-02  0.7625E-02  0.5000E-03  0.3750E-03
  0.3375E-02  0.2625E-02  0.8375E-02  0.5000E-02  0.2500E-03  0.1250E-03
  0.6500E-02  0.6000E-02  0.3625E-01  0.3313E-01  0.7500E-03  0.1375E-02
  0.4125E-01  0.3750E-01  0.2038E-01  0.1825E-01  0.1250E-03  0.1125E-02
  0.5500E-02  0.4625E-02  0.6750E-02  0.1063E-01  0.5000E-03  0.6250E-03
  0.3250E-02  0.4500E-02  0.5500E-02  0.6250E-02  0.2500E-03  0.0000E+00
  0.4875E-02  0.6500E-02  0.3750E-01  0.3150E-01  0.6250E-03  0.6250E-03
  0.3687E-01  0.3938E-01  0.1800E-01  0.1787E-01  0.3750E-03  0.3750E-03
 Events:
          39          48          65          79           3           3
          29          26          47          44           0           0
          52          44         296         294           4           7
         299         298         161         136           0           1
          41          48          60          69           4           4
          25          31          38          55           3           1
          57          53         295         321           8          13
         310         313         149         165           2           2
          56          48          64          61           4           3
          27          21          67          40           2           1
          52          48         290         265           6          11
         330         300         163         146           1           9
          44          37          54          85           4           5
          26          36          44          50           2           0
          39          52         300         252           5           5
         295         315         144         143           3           3
 Accuracy:    0.170   0.100   0.118   2.070
 Found         1068  events.
 Wrote            4  events.
 Actual xsec    3.5934245655311804E-013
 Correct abs xsec    3.5934245655311804E-013
 Event xsec    3.5934245655311804E-013
 Events wgts > 1:            1
 % Cross section > 1:    1.3460446502315331E-020   3.7458547568886026E-006
 Iteration  5   Mean: 0.6991E-12 Abs mean: 0.6991E-12   Fluctuation:  0.258E-12   0.403E-08    18.9%
  5    0.6991E-12 0.6991E-12 +- 0.2579E-12     46.66
 Relative summed weights:
  0.4148E-02  0.1044E-01  0.7871E-02  0.6268E-01  0.5310E-04  0.1095E-03
  0.5921E-02  0.3241E-02  0.4607E-01  0.5926E-02  0.2611E-03  0.7536E-06
  0.3670E+00  0.3960E-02  0.6600E-02  0.6573E-02  0.1253E-04  0.2441E-04
  0.6670E-02  0.7484E-02  0.1061E-01  0.1219E-01  0.1455E-03  0.1275E-03
  0.3846E-02  0.3774E-02  0.7733E-02  0.3659E-02  0.1232E-03  0.1305E-05
  0.4304E-02  0.4775E-02  0.1701E-01  0.1238E-01  0.4418E-06  0.4066E-03
  0.2855E-02  0.4187E-02  0.9749E-02  0.1144E-01  0.5905E-04  0.2331E-04
  0.8999E-02  0.1419E-01  0.7769E-02  0.5901E-02  0.7956E-04  0.2336E-04
  0.3595E-02  0.1047E-01  0.5695E-02  0.5540E-02  0.5956E-04  0.7407E-04
  0.2762E-02  0.9827E-02  0.2958E-02  0.8741E-02  0.1559E-04  0.5773E-04
  0.1418E-01  0.1975E-01  0.1055E-01  0.7784E-02  0.6151E-04  0.8149E-05
  0.7527E-02  0.1118E-01  0.8176E-02  0.5732E-02  0.8586E-04  0.4253E-04
  0.2797E-01  0.7762E-02  0.1104E-01  0.9124E-02  0.1225E-05  0.3491E-04
  0.3484E-02  0.6008E-02  0.7128E-02  0.8526E-02  0.5299E-05  0.1742E-03
  0.1179E-01  0.4802E-02  0.9828E-02  0.2080E-01  0.3135E-04  0.4576E-04
  0.9957E-02  0.1077E-01  0.1308E-01  0.1114E-01  0.1083E-03  0.1004E-03
 Relative number of events:
  0.5750E-02  0.5375E-02  0.7437E-02  0.8375E-02  0.3750E-03  0.4375E-03
  0.2938E-02  0.3500E-02  0.6063E-02  0.6750E-02  0.6250E-04  0.1250E-03
  0.5625E-02  0.6313E-02  0.3469E-01  0.3744E-01  0.8750E-03  0.5000E-03
  0.3794E-01  0.3844E-01  0.1950E-01  0.2050E-01  0.2500E-03  0.4375E-03
  0.5938E-02  0.6000E-02  0.6875E-02  0.6000E-02  0.3125E-03  0.1875E-03
  0.2938E-02  0.2938E-02  0.6125E-02  0.7437E-02  0.6250E-04  0.1875E-03
  0.5625E-02  0.5750E-02  0.3488E-01  0.3750E-01  0.9375E-03  0.4375E-03
  0.3756E-01  0.3906E-01  0.1919E-01  0.1981E-01  0.3125E-03  0.4375E-03
  0.6562E-02  0.5687E-02  0.7812E-02  0.8313E-02  0.2500E-03  0.6250E-03
  0.3812E-02  0.3438E-02  0.5750E-02  0.5875E-02  0.1875E-03  0.3125E-03
  0.7125E-02  0.7125E-02  0.3844E-01  0.3550E-01  0.1125E-02  0.8125E-03
  0.3600E-01  0.3694E-01  0.2131E-01  0.2056E-01  0.5000E-03  0.5625E-03
  0.5687E-02  0.5750E-02  0.8000E-02  0.7562E-02  0.2500E-03  0.4375E-03
  0.3187E-02  0.2687E-02  0.6250E-02  0.5063E-02  0.1875E-03  0.1875E-03
  0.6875E-02  0.5437E-02  0.3644E-01  0.3687E-01  0.5000E-03  0.5625E-03
  0.3837E-01  0.3887E-01  0.2050E-01  0.1881E-01  0.1875E-03  0.5000E-03
 Events:
          92          86         119         134           6           7
          47          56          97         108           1           2
          90         101         555         599          14           8
         607         615         312         328           4           7
          95          96         110          96           5           3
          47          47          98         119           1           3
          90          92         558         600          15           7
         601         625         307         317           5           7
         105          91         125         133           4          10
          61          55          92          94           3           5
         114         114         615         568          18          13
         576         591         341         329           8           9
          91          92         128         121           4           7
          51          43         100          81           3           3
         110          87         583         590           8           9
         614         622         328         301           3           8
 Accuracy:    0.193   0.100   0.113   2.921
 Found         2070  events.
 Wrote            3  events.
 Actual xsec    4.5328820532311454E-013
 Correct abs xsec    4.5328820532311454E-013
 Event xsec    4.5328820532311454E-013
 Events wgts > 1:            0
 % Cross section > 1:    0.0000000000000000        0.0000000000000000     

 -------------------------------------------------------------------------------
 Accumulated results:   Integral =  0.3679E-12
                        Std dev  =  0.4148E-13
                       Cross sec =  0.3679E-12
             Chi**2 per DoF.     =      2.9208
 -------------------------------------------------------------------------------
-------------------------------------------------
---------------------------
 Results Last   3 iters: Integral =   0.4533E-12
                     Abs integral =   0.4533E-12
                          Std dev =   0.6550E-13
                  Chi**2 per DoF. =      1.1326
-------------------------------------------------
---------------------------
 Status  0.10000000000000001                6           5

ls status:
events.lhe
ftn26
input_app.txt
results.dat
run1_app.log
