 Process in group number            1
 A PDF is used, so alpha_s(MZ) is going to be modified
 Old value of alpha_s from param_card:   0.11839999999999999     
  ****************************************
 
       NNPDFDriver version 1.0.3
   Grid: NNPDF23_lo_as_0130_qed_mem0.grid
  ****************************************
 New value of alpha_s from PDF nn23lo1:  0.13000000000000000     
 Define smin to   1600.0000000000000     
 Define smin to   1600.0000000000000     
 Define smin to   1600.0000000000000     
 *****************************************************
 *               MadGraph/MadEvent                   *
 *        --------------------------------           *
 *          http://madgraph.hep.uiuc.edu             *
 *          http://madgraph.phys.ucl.ac.be           *
 *          http://madgraph.roma2.infn.it            *
 *        --------------------------------           *
 *                                                   *
 *          PARAMETER AND COUPLING VALUES            *
 *                                                   *
 *****************************************************

  External Params
  ---------------------------------
  
 mdl_VeN1 =    1.0000000000000000     
 mdl_VeN2 =    0.0000000000000000     
 mdl_VeN3 =    0.0000000000000000     
 mdl_VmuN1 =    0.0000000000000000     
 mdl_VmuN2 =    1.0000000000000000     
 mdl_VmuN3 =    0.0000000000000000     
 mdl_VtaN1 =    0.0000000000000000     
 mdl_VtaN2 =    0.0000000000000000     
 mdl_VtaN3 =    1.0000000000000000     
 mdl_VN1N1 =    1.0000000000000000     
 mdl_VN1N2 =    1.0000000000000000     
 mdl_VN1N3 =    1.0000000000000000     
 mdl_VN2N2 =    1.0000000000000000     
 mdl_VN2N3 =    1.0000000000000000     
 mdl_VN3N3 =    1.0000000000000000     
 aEWM1 =    127.90000000000001     
 mdl_Gf =    1.1663700000000000E-005
 aS =   0.11839999999999999     
 mdl_ymt =    172.00000000000000     
 mdl_vevf =    50.000000000000000     
 mdl_MZ =    91.187600000000003     
 mdl_MT =    172.00000000000000     
 mdl_MH =    125.00000000000000     
 mdl_mN1 =    2000.0000000000000     
 mdl_mN2 =    2100.0000000000000     
 mdl_mN3 =    2200.0000000000000     
 mdl_MJ =    91.187600000000003     
 mdl_MAx =    173.04800000000000     
 mdl_WZ =    2.4952000000000001     
 mdl_WW =    2.0850000000000000     
 mdl_WT =    1.5083359999999999     
 mdl_WH =    4.0699999999999998E-003
 mdl_WN1 =   0.30299999999999999     
 mdl_WN2 =    1.5000000000000000     
 mdl_WN3 =    12.300000000000001     
 mdl_WJ =    2.4952000000000001     
 mdl_WAx =    4.1700000000000001E-003
  Internal Params
  ---------------------------------
  
 mdl_vevf__exp__2 =    2500.0000000000000     
 mdl_sqrt__vevf__exp__2 =    50.000000000000000     
 mdl_muJ =    50.000000000000000     
 mdl_MZ__exp__2 =    8315.1783937600012     
 mdl_MZ__exp__4 =    69142191.720053151     
 mdl_sqrt__2 =    1.4142135623730951     
 mdl_MJ__exp__2 =    8315.1783937600012     
 mdl_muJ__exp__2 =    2500.0000000000000     
 mdl_lamJ =    4.3260713575040004     
 mdl_MH__exp__2 =    15625.000000000000     
 mdl_complexi =  (  0.0000000000000000     ,  1.0000000000000000     )
 mdl_aEW =    7.8186082877247844E-003
 mdl_MW =    79.824359746197842     
 mdl_sqrt__aEW =    8.8422894590285753E-002
 mdl_ee =   0.31345100004952897     
 mdl_MW__exp__2 =    6371.9284088904105     
 mdl_sw2 =   0.23369913342182447     
 mdl_cw =   0.87538612427783857     
 mdl_sqrt__sw2 =   0.48342438232036300     
 mdl_sw =   0.48342438232036300     
 mdl_g1 =   0.35807170271074895     
 mdl_gN =   0.64839716719502682     
 mdl_gw =   0.64839716719502682     
 mdl_vev =    246.22056907348590     
 mdl_vev__exp__2 =    60624.568634871241     
 mdl_lam =   0.12886689630821144     
 mdl_yt =   0.98791394091683138     
 mdl_muH =    88.388347648318444     
 mdl_I2a33 =  ( 0.98791394091683138     ,  0.0000000000000000     )
 mdl_I3a33 =  ( 0.98791394091683138     ,  0.0000000000000000     )
 mdl_ee__exp__2 =    9.8251529432049817E-002
 mdl_sw__exp__2 =   0.23369913342182450     
 mdl_cw__exp__2 =   0.76630086657817542     
  Internal Params evaluated point by point
  ----------------------------------------
  
 mdl_sqrt__aS =   0.34409301068170506     
 mdl_G__exp__2 =    1.4878582807401259     
  Couplings of SM_HeavyN_UFO
  ---------------------------------
  
         GC_1 =  -0.00000E+00  -0.10448E+00
         GC_2 =   0.00000E+00   0.20897E+00
         GC_3 =  -0.00000E+00  -0.31345E+00
         GC_4 =   0.00000E+00   0.31345E+00
        GC_26 =   0.00000E+00   0.45849E+00
        GC_27 =  -0.00000E+00  -0.28380E+00
        GC_28 =   0.00000E+00   0.28380E+00
        GC_30 =   0.00000E+00   0.56760E+00
        GC_35 =  -0.00000E+00  -0.28850E-01
        GC_37 =   0.00000E+00   0.17310E+00
        GC_39 =   0.00000E+00  -0.19725E+00
        GC_40 =   0.00000E+00   0.37035E+00
        GC_80 =   0.00000E+00   0.67543E+02
       GC_107 =  -0.00000E+00  -0.74070E+00
       GC_109 =  -0.00000E+00  -0.74070E+00
       GC_111 =  -0.00000E+00  -0.74070E+00
       GC_113 =  -0.00000E+00  -0.74070E+00
       GC_115 =  -0.00000E+00  -0.74070E+00
       GC_117 =  -0.00000E+00  -0.74070E+00
       GC_119 =   0.00000E+00   0.00000E+00
       GC_120 =   0.00000E+00   0.00000E+00
       GC_122 =  -0.00000E+00  -0.00000E+00
       GC_126 =   0.00000E+00   0.00000E+00
       GC_127 =   0.00000E+00   0.00000E+00
       GC_129 =  -0.00000E+00  -0.00000E+00
       GC_133 =   0.00000E+00   0.45849E+00
       GC_134 =   0.00000E+00   0.37035E+00
       GC_136 =  -0.00000E+00  -0.89351E+01
        GC_81 =   0.40000E+02   0.00000E+00
        GC_82 =   0.42000E+02   0.00000E+00
        GC_83 =   0.44000E+02   0.00000E+00

 Collider parameters:
 --------------------

 Running at P P   machine @    13000.000000000000       GeV
 PDF set = nn23lo1
 alpha_s(Mz)= 0.1300 running at 2 loops.
 alpha_s(Mz)= 0.1300 running at 2 loops.
 Renormalization scale set on event-by-event basis
 Factorization   scale set on event-by-event basis


 getting user params
Enter number of events and max and min iterations: 
 Number of events and iterations         1000           5           3
Enter desired fractional accuracy: 
 Desired fractional accuracy:   0.10000000000000001     
Enter 0 for fixed, 2 for adjustable grid: 
Suppress amplitude (0 no, 1 yes)? 
 Using suppressed amplitude.
Exact helicity sum (0 yes, n = number/event)? 
 Explicitly summing over helicities
Enter Configuration Number: 
Running Configuration Number:  387
 Using dconfig=         238
 BW Setting            1           1           2           2           2           0           0
 Attempting mappinvarients           1           9
 Completed mapping           9
 about to integrate           19        1000           5           3          19           1
 Using non-zero grid deformation.
 19 dimensions   1000 events 19 invarients  5 iterations  1 config(s),  (0.99)
 Using h-tuple random number sequence.
 Error opening grid
 Using Uniform Grid!          36
 Using uniform alpha   1.0000000000000000     
 Grid defined OK
 Set CM energy to      13000.00
 Mapping Graph         387  to config         387
 Setting BW          -1           1   91.187600000000003     
 Setting BW          -2           2   2200.0000000000000     
Setting grid   3    0.29417E-01   1
Setting grid   4    0.59172E-08   1
Setting grid   5    0.59172E-08   1
Setting grid   6    0.29417E-01   1
 Transforming s_hat 1/s           18   2.9947303536057766E-002   1600.0000000000000        168999999.99999997     
 387   1   2   3   4   5   6   7   8   9  10  11  12  13  14
  15  16  17  18  19
 Masses: 0.000E+00 0.000E+00 0.000E+00 0.000E+00 0.000E+00 0.000E+00 0.000E+00 0.000E+00 0.912E+02
Using random seed offsets   387 :      1
  with seed                   24
 Ranmar initialization seeds         117        9398
 
 ********************************************
 * You are using the DiscreteSampler module *
 *      part of the MG5_aMC framework       *
 *         Author: Valentin Hirschi         *
 ********************************************
 
  Particle       3       4       5       6       7       8       9
      Et >    10.0    10.0    10.0    10.0     0.0     0.0     0.0
       E >     0.0     0.0     0.0     0.0     0.0     0.0     0.0
     Eta <     2.5     2.5     2.5     2.5    -1.0    -1.0    -1.0
   xqcut:      0.0     0.0     0.0     0.0     0.0     0.0     0.0
d R # 3  >    -0.0     0.4     0.4     0.4     0.0     0.0     0.0
d R # 4  >    -0.0    -0.0     0.4     0.4     0.0     0.0     0.0
d R # 5  >    -0.0    -0.0    -0.0     0.4     0.0     0.0     0.0
d R # 6  >    -0.0    -0.0    -0.0    -0.0     0.0     0.0     0.0
d R # 7  >    -0.0    -0.0    -0.0    -0.0    -0.0     0.0     0.0
d R # 8  >    -0.0    -0.0    -0.0    -0.0    -0.0    -0.0     0.0
s min # 3>     0.0     0.0     0.0     0.0     0.0     0.0     0.0
s min # 4>     0.0     0.0     0.0     0.0     0.0     0.0     0.0
s min # 5>     0.0     0.0     0.0     0.0     0.0     0.0     0.0
s min # 6>     0.0     0.0     0.0     0.0     0.0     0.0     0.0
s min # 7>     0.0     0.0     0.0     0.0     0.0     0.0     0.0
s min # 8>     0.0     0.0     0.0     0.0     0.0     0.0     0.0
xqcutij # 3>     0.0     0.0     0.0     0.0     0.0     0.0     0.0
xqcutij # 4>     0.0     0.0     0.0     0.0     0.0     0.0     0.0
xqcutij # 5>     0.0     0.0     0.0     0.0     0.0     0.0     0.0
xqcutij # 6>     0.0     0.0     0.0     0.0     0.0     0.0     0.0
xqcutij # 7>     0.0     0.0     0.0     0.0     0.0     0.0     0.0
xqcutij # 8>     0.0     0.0     0.0     0.0     0.0     0.0     0.0
 Requiring BW           -1           1
 Requiring BW           -2           2
 Excluding BW           -3           3
 Excluding BW           -4           4
 Excluding BW           -6           5
 alpha_s for scale    6079.5902530495596       is    7.6806110786291112E-002
 Added good helicity            1   37.303718428479058       in event            1 local:           1
 Added good helicity           21  0.86610923537838380       in event            1 local:           1
 Added good helicity           37   2.1490005543566704E-007  in event            1 local:           1
 Added good helicity           41   29.121147475550156       in event            1 local:           1
 Added good helicity           61  0.56570681317253890       in event            1 local:           1
 Added good helicity          193   63.268892502183434       in event            1 local:           1
 Added good helicity          213   48.845633534694279       in event            1 local:           1
 Added good helicity          229   8.7585112088826355E-006  in event            1 local:           1
 Added good helicity          233   43.098532758313638       in event            1 local:           1
 Added good helicity          253   32.930250278779987       in event            1 local:           1
 Added good helicity            1   37.303718428380812       in event            1 local:           1
 Added good helicity           21  0.86610923537775797       in event            1 local:           1
 Added good helicity           37   2.1490005543520305E-007  in event            1 local:           1
 Added good helicity           41   29.121147475514402       in event            1 local:           1
 Added good helicity           61  0.56570681317209526       in event            1 local:           1
 Added good helicity          193   63.268892502431001       in event            1 local:           1
 Added good helicity          213   48.845633534634416       in event            1 local:           1
 Added good helicity          229   8.7585112088721001E-006  in event            1 local:           1
 Added good helicity          233   43.098532758299591       in event            1 local:           1
 Added good helicity          253   32.930250278741383       in event            1 local:           1
 Added good helicity           25   5.1989879745566476E-008  in event            4 local:           2
 Added good helicity          217   4.0530782441785982E-006  in event            4 local:           2
 Added good helicity           25   5.1989879745641299E-008  in event            4 local:           2
 Added good helicity          217   4.0530782441812511E-006  in event            4 local:           2
 RESET CUMULATIVE VARIABLE
 RESET CUMULATIVE VARIABLE
 RESET CUMULATIVE VARIABLE
 Iteration  1   Mean: 0.2076E-12 Abs mean: 0.2076E-12   Fluctuation:  0.104E-12   0.719E-10     6.0%
  1    0.2076E-12 0.2076E-12 +- 0.1042E-12     15.87
 Writing out events   6.9287361955344566E-016   15.872561907590967     
 Relative summed weights:
  0.4139E-03  0.1146E-01  0.3506E-03  0.2280E-03  0.0000E+00  0.4577E-03
  0.5159E-04  0.1368E-05  0.2558E-07  0.1900E-01  0.0000E+00  0.0000E+00
  0.9055E-03  0.2256E-02  0.3490E+00  0.5957E-02  0.0000E+00  0.0000E+00
  0.3306E-03  0.1494E-05  0.3085E-09  0.4794E-03  0.0000E+00  0.1076E-08
  0.5237E-02  0.3245E-01  0.1820E-02  0.9739E-02  0.0000E+00  0.2612E-04
  0.3591E-01  0.4910E-03  0.4261E+00  0.1000E-01  0.0000E+00  0.4255E-08
  0.8718E-01  0.2891E-05  0.6998E-04  0.4269E-04  0.0000E+00  0.0000E+00
  0.1566E-05  0.1125E-05  0.3263E-06  0.1901E-12  0.0000E+00  0.0000E+00
 Relative number of events:
  0.3370E-01  0.2279E-01  0.9217E-01  0.9613E-01  0.0000E+00  0.2973E-02
  0.3964E-02  0.1982E-02  0.9911E-03  0.4955E-02  0.0000E+00  0.0000E+00
  0.2180E-01  0.2478E-01  0.7730E-01  0.9415E-01  0.0000E+00  0.0000E+00
  0.6938E-02  0.1982E-02  0.9911E-03  0.3964E-02  0.0000E+00  0.9911E-03
  0.2973E-01  0.2676E-01  0.8424E-01  0.9415E-01  0.0000E+00  0.9911E-03
  0.2478E-01  0.2478E-01  0.9911E-01  0.9812E-01  0.0000E+00  0.9911E-03
  0.4955E-02  0.1982E-02  0.3964E-02  0.9911E-03  0.0000E+00  0.0000E+00
  0.1982E-02  0.3964E-02  0.4955E-02  0.9911E-03  0.0000E+00  0.0000E+00
 Events:
          34          23          93          97           0           3
           4           2           1           5           0           0
          22          25          78          95           0           0
           7           2           1           4           0           1
          30          27          85          95           0           1
          25          25         100          99           0           1
           5           2           4           1           0           0
           2           4           5           1           0           0
 Iteration  2   Mean: 0.1903E-12 Abs mean: 0.1903E-12   Fluctuation:  0.121E-12   0.225E-09    14.4%
  2    0.1903E-12 0.1903E-12 +- 0.1206E-12     28.34
 Relative summed weights:
  0.3059E-01  0.2052E-02  0.5625E-01  0.2042E-02  0.0000E+00  0.0000E+00
  0.5486E-02  0.4961E-05  0.3016E-03  0.1967E-04  0.0000E+00  0.0000E+00
  0.6464E-02  0.1099E-03  0.2040E-01  0.2457E-01  0.0000E+00  0.6816E-04
  0.3380E-04  0.4694E-03  0.6377E-03  0.1756E-05  0.0000E+00  0.0000E+00
  0.3499E-02  0.4702E-02  0.2251E+00  0.4418E-02  0.0000E+00  0.1424E-08
  0.5198E-02  0.3274E-02  0.3007E-02  0.5156E-02  0.0000E+00  0.0000E+00
  0.1253E-03  0.2037E-02  0.5901E+00  0.5538E-04  0.0000E+00  0.0000E+00
  0.7530E-03  0.2029E-03  0.4809E-04  0.2802E-02  0.0000E+00  0.0000E+00
 Relative number of events:
  0.2900E-01  0.2650E-01  0.8750E-01  0.8600E-01  0.0000E+00  0.0000E+00
  0.5000E-02  0.2000E-02  0.4500E-02  0.4500E-02  0.0000E+00  0.0000E+00
  0.2200E-01  0.2800E-01  0.9100E-01  0.1025E+00  0.0000E+00  0.5000E-03
  0.2000E-02  0.4500E-02  0.4000E-02  0.1500E-02  0.0000E+00  0.0000E+00
  0.2850E-01  0.2250E-01  0.9200E-01  0.9150E-01  0.0000E+00  0.5000E-03
  0.1750E-01  0.2900E-01  0.9250E-01  0.8900E-01  0.0000E+00  0.0000E+00
  0.5000E-02  0.5500E-02  0.5500E-02  0.1500E-02  0.0000E+00  0.0000E+00
  0.8500E-02  0.3500E-02  0.3500E-02  0.3000E-02  0.0000E+00  0.0000E+00
 Events:
          58          53         175         172           0           0
          10           4           9           9           0           0
          44          56         182         205           0           1
           4           9           8           3           0           0
          57          45         184         183           0           1
          35          58         185         178           0           0
          10          11          11           3           0           0
          17           7           7           6           0           0
 Iteration  3   Mean: 0.8274E-13 Abs mean: 0.8274E-13   Fluctuation:  0.316E-13   0.963E-10    22.2%
  3    0.8274E-13 0.8274E-13 +- 0.3160E-13     24.15
 Relative summed weights:
  0.2987E-02  0.2494E-02  0.7002E-02  0.3163E+00  0.0000E+00  0.2355E-09
  0.4369E-01  0.5832E-03  0.7877E-03  0.1664E-02  0.0000E+00  0.0000E+00
  0.9139E-03  0.2360E-02  0.1210E+00  0.1196E-01  0.2133E-03  0.1657E-07
  0.5027E-04  0.1119E-03  0.3678E-05  0.3211E-03  0.0000E+00  0.1769E-09
  0.1131E-02  0.1127E-01  0.2094E-01  0.2148E-01  0.1355E-04  0.6440E-02
  0.4788E-01  0.1066E+00  0.8321E-02  0.2513E+00  0.1204E-03  0.2636E-04
  0.4247E-03  0.3053E-02  0.5213E-03  0.6042E-02  0.0000E+00  0.0000E+00
  0.1816E-02  0.2888E-04  0.2031E-03  0.3921E-05  0.0000E+00  0.0000E+00
 Relative number of events:
  0.2600E-01  0.2350E-01  0.8800E-01  0.9625E-01  0.0000E+00  0.2500E-03
  0.6250E-02  0.4000E-02  0.4000E-02  0.3000E-02  0.0000E+00  0.0000E+00
  0.2400E-01  0.2325E-01  0.9175E-01  0.9125E-01  0.2500E-03  0.5000E-03
  0.4000E-02  0.4000E-02  0.2500E-02  0.2250E-02  0.0000E+00  0.2500E-03
  0.2250E-01  0.2675E-01  0.8850E-01  0.9625E-01  0.2500E-03  0.2500E-03
  0.2650E-01  0.2100E-01  0.9775E-01  0.9075E-01  0.1000E-02  0.7500E-03
  0.3750E-02  0.5250E-02  0.4250E-02  0.4250E-02  0.0000E+00  0.0000E+00
  0.5000E-02  0.3750E-02  0.3500E-02  0.2750E-02  0.0000E+00  0.0000E+00
 Events:
         104          94         352         385           0           1
          25          16          16          12           0           0
          96          93         367         365           1           2
          16          16          10           9           0           1
          90         107         354         385           1           1
         106          84         391         363           4           3
          15          21          17          17           0           0
          20          15          14          11           0           0
 Accuracy:    0.300   0.100   0.274   1.196
 Found           73  events.
 Wrote            4  events.
 Actual xsec    1.4006317509277156E-013
 Correct abs xsec    1.4006317509277156E-013
 Event xsec    1.4006317509277156E-013
 Events wgts > 1:            1
 % Cross section > 1:    1.9054331024377886E-021   1.3604097587932840E-006
 Iteration  4   Mean: 0.1588E-12 Abs mean: 0.1588E-12   Fluctuation:  0.533E-13   0.322E-09    24.0%
  4    0.1588E-12 0.1588E-12 +- 0.5334E-13     30.05
 Relative summed weights:
  0.2123E-01  0.1169E-01  0.1217E+00  0.3017E-01  0.1265E-08  0.6588E-04
  0.2475E-01  0.1481E-02  0.3130E-02  0.6102E-05  0.0000E+00  0.0000E+00
  0.2793E+00  0.5899E-02  0.1229E-01  0.2428E-01  0.1388E-07  0.2868E-03
  0.1369E-02  0.1303E-04  0.2290E-03  0.1487E+00  0.0000E+00  0.0000E+00
  0.5534E-02  0.2958E-01  0.2151E-01  0.1015E-01  0.0000E+00  0.2109E-06
  0.5861E-02  0.3396E-01  0.1248E+00  0.1594E-01  0.0000E+00  0.2917E-05
  0.2510E-03  0.6088E-03  0.3214E-02  0.1618E-03  0.3258E-04  0.1537E-08
  0.5351E-01  0.7140E-02  0.1315E-03  0.1021E-02  0.1107E-05  0.5075E-04
 Relative number of events:
  0.2800E-01  0.2600E-01  0.9438E-01  0.9100E-01  0.1250E-03  0.2500E-03
  0.4000E-02  0.4000E-02  0.3750E-02  0.2375E-02  0.0000E+00  0.0000E+00
  0.2625E-01  0.2525E-01  0.9012E-01  0.9525E-01  0.1250E-03  0.3750E-03
  0.3875E-02  0.3750E-02  0.2500E-02  0.3625E-02  0.0000E+00  0.0000E+00
  0.2187E-01  0.2838E-01  0.9000E-01  0.9075E-01  0.0000E+00  0.2500E-03
  0.2637E-01  0.2562E-01  0.9137E-01  0.9175E-01  0.0000E+00  0.3750E-03
  0.3750E-02  0.3500E-02  0.3375E-02  0.2125E-02  0.1250E-03  0.1250E-03
  0.5250E-02  0.2625E-02  0.3625E-02  0.3500E-02  0.1250E-03  0.1250E-03
 Events:
         224         208         755         728           1           2
          32          32          30          19           0           0
         210         202         721         762           1           3
          31          30          20          29           0           0
         175         227         720         726           0           2
         211         205         731         734           0           3
          30          28          27          17           1           1
          42          21          29          28           1           1
 Accuracy:    0.184   0.100   0.212   0.747
 Found          314  events.
 Wrote            3  events.
 Actual xsec    1.3444958761038031E-013
 Correct abs xsec    1.3444958761038031E-013
 Event xsec    1.3444958761038031E-013
 Events wgts > 1:            0
 % Cross section > 1:    0.0000000000000000        0.0000000000000000     
 Iteration  5   Mean: 0.7454E-12 Abs mean: 0.7454E-12   Fluctuation:  0.321E-12   0.343E-08    24.4%
  5    0.7454E-12 0.7454E-12 +- 0.3214E-12     54.54
 Relative summed weights:
  0.2198E-02  0.6795E-02  0.4306E-02  0.1545E-01  0.1796E-04  0.1579E-06
  0.2658E-03  0.2937E+00  0.1706E-03  0.1236E-03  0.1501E-07  0.1416E-05
  0.1454E+00  0.4186E-02  0.1384E-01  0.9118E-02  0.9370E-05  0.1712E-10
  0.1889E-02  0.1512E-03  0.1733E-02  0.6386E-03  0.4996E-07  0.1513E-05
  0.1980E-02  0.9828E-02  0.7350E-02  0.9670E-02  0.5574E-02  0.9745E-08
  0.8174E-02  0.2747E-02  0.7454E-02  0.2004E-01  0.2068E-06  0.4497E-08
  0.1919E-02  0.7540E-02  0.7527E-04  0.2429E+00  0.5290E-09  0.2886E-06
  0.9478E-04  0.1686E+00  0.3285E-03  0.5656E-02  0.2534E-04  0.4731E-05
 Relative number of events:
  0.2375E-01  0.2438E-01  0.9025E-01  0.9287E-01  0.2500E-03  0.3125E-03
  0.3250E-02  0.3812E-02  0.3375E-02  0.3375E-02  0.6250E-04  0.6250E-04
  0.2538E-01  0.2337E-01  0.9294E-01  0.9275E-01  0.5000E-03  0.6250E-04
  0.3500E-02  0.4125E-02  0.3250E-02  0.3000E-02  0.1875E-03  0.1875E-03
  0.2600E-01  0.2513E-01  0.9312E-01  0.9162E-01  0.3750E-03  0.1875E-03
  0.2687E-01  0.2488E-01  0.9206E-01  0.9619E-01  0.3125E-03  0.1875E-03
  0.3250E-02  0.4313E-02  0.3375E-02  0.3250E-02  0.6250E-04  0.1250E-03
  0.3625E-02  0.3750E-02  0.2875E-02  0.3000E-02  0.3750E-03  0.6250E-04
 Events:
         380         390        1444        1486           4           5
          52          61          54          54           1           1
         406         374        1487        1484           8           1
          56          66          52          48           3           3
         416         402        1490        1466           6           3
         430         398        1473        1539           5           3
          52          69          54          52           1           2
          58          60          46          48           6           1
 Accuracy:    0.455   0.100   0.191   5.714
 Found          581  events.
 Wrote            2  events.
 Actual xsec    2.8365652765045106E-013
 Correct abs xsec    2.8365652765045106E-013
 Event xsec    2.8365652765045106E-013
 Events wgts > 1:            0
 % Cross section > 1:    0.0000000000000000        0.0000000000000000     

 -------------------------------------------------------------------------------
 Accumulated results:   Integral =  0.2643E-12
                        Std dev  =  0.5034E-13
                       Cross sec =  0.2643E-12
             Chi**2 per DoF.     =      5.7145
 -------------------------------------------------------------------------------
-------------------------------------------------
---------------------------
 Results Last   3 iters: Integral =   0.2837E-12
                     Abs integral =   0.2837E-12
                          Std dev =   0.6176E-13
                  Chi**2 per DoF. =     23.9904
-------------------------------------------------
---------------------------
 Status  0.10000000000000001                6           5

ls status:
events.lhe
ftn26
input_app.txt
results.dat
run1_app.log
