 Process in group number            1
 A PDF is used, so alpha_s(MZ) is going to be modified
 Old value of alpha_s from param_card:   0.11839999999999999     
  ****************************************
 
       NNPDFDriver version 1.0.3
   Grid: NNPDF23_lo_as_0130_qed_mem0.grid
  ****************************************
 New value of alpha_s from PDF nn23lo1:  0.13000000000000000     
 Define smin to   1600.0000000000000     
 Define smin to   1600.0000000000000     
 Define smin to   1600.0000000000000     
 *****************************************************
 *               MadGraph/MadEvent                   *
 *        --------------------------------           *
 *          http://madgraph.hep.uiuc.edu             *
 *          http://madgraph.phys.ucl.ac.be           *
 *          http://madgraph.roma2.infn.it            *
 *        --------------------------------           *
 *                                                   *
 *          PARAMETER AND COUPLING VALUES            *
 *                                                   *
 *****************************************************

  External Params
  ---------------------------------
  
 mdl_VeN1 =    1.0000000000000000     
 mdl_VeN2 =    0.0000000000000000     
 mdl_VeN3 =    0.0000000000000000     
 mdl_VmuN1 =    0.0000000000000000     
 mdl_VmuN2 =    1.0000000000000000     
 mdl_VmuN3 =    0.0000000000000000     
 mdl_VtaN1 =    0.0000000000000000     
 mdl_VtaN2 =    0.0000000000000000     
 mdl_VtaN3 =    1.0000000000000000     
 mdl_VN1N1 =    1.0000000000000000     
 mdl_VN1N2 =    1.0000000000000000     
 mdl_VN1N3 =    1.0000000000000000     
 mdl_VN2N2 =    1.0000000000000000     
 mdl_VN2N3 =    1.0000000000000000     
 mdl_VN3N3 =    1.0000000000000000     
 aEWM1 =    127.90000000000001     
 mdl_Gf =    1.1663700000000000E-005
 aS =   0.11839999999999999     
 mdl_ymt =    172.00000000000000     
 mdl_vevf =    50.000000000000000     
 mdl_MZ =    91.187600000000003     
 mdl_MT =    172.00000000000000     
 mdl_MH =    125.00000000000000     
 mdl_mN1 =    2000.0000000000000     
 mdl_mN2 =    2100.0000000000000     
 mdl_mN3 =    2200.0000000000000     
 mdl_MJ =    91.187600000000003     
 mdl_MAx =    173.04800000000000     
 mdl_WZ =    2.4952000000000001     
 mdl_WW =    2.0850000000000000     
 mdl_WT =    1.5083359999999999     
 mdl_WH =    4.0699999999999998E-003
 mdl_WN1 =   0.30299999999999999     
 mdl_WN2 =    1.5000000000000000     
 mdl_WN3 =    12.300000000000001     
 mdl_WJ =    2.4952000000000001     
 mdl_WAx =    4.1700000000000001E-003
  Internal Params
  ---------------------------------
  
 mdl_vevf__exp__2 =    2500.0000000000000     
 mdl_sqrt__vevf__exp__2 =    50.000000000000000     
 mdl_muJ =    50.000000000000000     
 mdl_MZ__exp__2 =    8315.1783937600012     
 mdl_MZ__exp__4 =    69142191.720053151     
 mdl_sqrt__2 =    1.4142135623730951     
 mdl_MJ__exp__2 =    8315.1783937600012     
 mdl_muJ__exp__2 =    2500.0000000000000     
 mdl_lamJ =    4.3260713575040004     
 mdl_MH__exp__2 =    15625.000000000000     
 mdl_complexi =  (  0.0000000000000000     ,  1.0000000000000000     )
 mdl_aEW =    7.8186082877247844E-003
 mdl_MW =    79.824359746197842     
 mdl_sqrt__aEW =    8.8422894590285753E-002
 mdl_ee =   0.31345100004952897     
 mdl_MW__exp__2 =    6371.9284088904105     
 mdl_sw2 =   0.23369913342182447     
 mdl_cw =   0.87538612427783857     
 mdl_sqrt__sw2 =   0.48342438232036300     
 mdl_sw =   0.48342438232036300     
 mdl_g1 =   0.35807170271074895     
 mdl_gN =   0.64839716719502682     
 mdl_gw =   0.64839716719502682     
 mdl_vev =    246.22056907348590     
 mdl_vev__exp__2 =    60624.568634871241     
 mdl_lam =   0.12886689630821144     
 mdl_yt =   0.98791394091683138     
 mdl_muH =    88.388347648318444     
 mdl_I2a33 =  ( 0.98791394091683138     ,  0.0000000000000000     )
 mdl_I3a33 =  ( 0.98791394091683138     ,  0.0000000000000000     )
 mdl_ee__exp__2 =    9.8251529432049817E-002
 mdl_sw__exp__2 =   0.23369913342182450     
 mdl_cw__exp__2 =   0.76630086657817542     
  Internal Params evaluated point by point
  ----------------------------------------
  
 mdl_sqrt__aS =   0.34409301068170506     
 mdl_G__exp__2 =    1.4878582807401259     
  Couplings of SM_HeavyN_UFO
  ---------------------------------
  
         GC_1 =  -0.00000E+00  -0.10448E+00
         GC_2 =   0.00000E+00   0.20897E+00
         GC_3 =  -0.00000E+00  -0.31345E+00
         GC_4 =   0.00000E+00   0.31345E+00
        GC_26 =   0.00000E+00   0.45849E+00
        GC_27 =  -0.00000E+00  -0.28380E+00
        GC_28 =   0.00000E+00   0.28380E+00
        GC_30 =   0.00000E+00   0.56760E+00
        GC_35 =  -0.00000E+00  -0.28850E-01
        GC_37 =   0.00000E+00   0.17310E+00
        GC_39 =   0.00000E+00  -0.19725E+00
        GC_40 =   0.00000E+00   0.37035E+00
        GC_80 =   0.00000E+00   0.67543E+02
       GC_107 =  -0.00000E+00  -0.74070E+00
       GC_109 =  -0.00000E+00  -0.74070E+00
       GC_111 =  -0.00000E+00  -0.74070E+00
       GC_113 =  -0.00000E+00  -0.74070E+00
       GC_115 =  -0.00000E+00  -0.74070E+00
       GC_117 =  -0.00000E+00  -0.74070E+00
       GC_119 =   0.00000E+00   0.00000E+00
       GC_120 =   0.00000E+00   0.00000E+00
       GC_122 =  -0.00000E+00  -0.00000E+00
       GC_126 =   0.00000E+00   0.00000E+00
       GC_127 =   0.00000E+00   0.00000E+00
       GC_129 =  -0.00000E+00  -0.00000E+00
       GC_133 =   0.00000E+00   0.45849E+00
       GC_134 =   0.00000E+00   0.37035E+00
       GC_136 =  -0.00000E+00  -0.89351E+01
        GC_81 =   0.40000E+02   0.00000E+00
        GC_82 =   0.42000E+02   0.00000E+00
        GC_83 =   0.44000E+02   0.00000E+00

 Collider parameters:
 --------------------

 Running at P P   machine @    13000.000000000000       GeV
 PDF set = nn23lo1
 alpha_s(Mz)= 0.1300 running at 2 loops.
 alpha_s(Mz)= 0.1300 running at 2 loops.
 Renormalization scale set on event-by-event basis
 Factorization   scale set on event-by-event basis


 getting user params
Enter number of events and max and min iterations: 
 Number of events and iterations         1000           5           3
Enter desired fractional accuracy: 
 Desired fractional accuracy:   0.10000000000000001     
Enter 0 for fixed, 2 for adjustable grid: 
Suppress amplitude (0 no, 1 yes)? 
 Using suppressed amplitude.
Exact helicity sum (0 yes, n = number/event)? 
 Explicitly summing over helicities
Enter Configuration Number: 
Running Configuration Number:  393
 Using dconfig=         647
 BW Setting            2           2           2           2           1           2           0
 Attempting mappinvarients           1           9
 Completed mapping           9
 about to integrate           19        1000           5           3          19           1
 Using non-zero grid deformation.
 19 dimensions   1000 events 19 invarients  5 iterations  1 config(s),  (0.99)
 Using h-tuple random number sequence.
 Error opening grid
 Using Uniform Grid!          36
 Using uniform alpha   1.0000000000000000     
 Grid defined OK
 Set CM energy to      13000.00
 Mapping Graph         393  to config         393
Setting grid   1    0.75740E-07   1
Setting grid   2    0.75740E-07   1
Setting grid   3    0.53139E-04   1
Setting grid   4    0.59172E-08   1
 Setting BW          -5           5   2200.0000000000000     
Setting grid   6    0.29512E-01   1
 Transforming s_hat 1/s           18   2.9947303536057766E-002   1600.0000000000000        168999999.99999997     
 393   1   2   3   4   5   6   7   8   9  10  11  12  13  14
  15  16  17  18  19
 Masses: 0.000E+00 0.000E+00 0.000E+00 0.000E+00 0.000E+00 0.000E+00 0.000E+00 0.000E+00 0.912E+02
Using random seed offsets   393 :      1
  with seed                   24
 Ranmar initialization seeds         123        9398
 
 ********************************************
 * You are using the DiscreteSampler module *
 *      part of the MG5_aMC framework       *
 *         Author: Valentin Hirschi         *
 ********************************************
 
  Particle       3       4       5       6       7       8       9
      Et >    10.0    10.0    10.0    10.0     0.0     0.0     0.0
       E >     0.0     0.0     0.0     0.0     0.0     0.0     0.0
     Eta <     2.5     2.5     2.5     2.5    -1.0    -1.0    -1.0
   xqcut:      0.0     0.0     0.0     0.0     0.0     0.0     0.0
d R # 3  >    -0.0     0.4     0.4     0.4     0.0     0.0     0.0
d R # 4  >    -0.0    -0.0     0.4     0.4     0.0     0.0     0.0
d R # 5  >    -0.0    -0.0    -0.0     0.4     0.0     0.0     0.0
d R # 6  >    -0.0    -0.0    -0.0    -0.0     0.0     0.0     0.0
d R # 7  >    -0.0    -0.0    -0.0    -0.0    -0.0     0.0     0.0
d R # 8  >    -0.0    -0.0    -0.0    -0.0    -0.0    -0.0     0.0
s min # 3>     0.0     0.0     0.0     0.0     0.0     0.0     0.0
s min # 4>     0.0     0.0     0.0     0.0     0.0     0.0     0.0
s min # 5>     0.0     0.0     0.0     0.0     0.0     0.0     0.0
s min # 6>     0.0     0.0     0.0     0.0     0.0     0.0     0.0
s min # 7>     0.0     0.0     0.0     0.0     0.0     0.0     0.0
s min # 8>     0.0     0.0     0.0     0.0     0.0     0.0     0.0
xqcutij # 3>     0.0     0.0     0.0     0.0     0.0     0.0     0.0
xqcutij # 4>     0.0     0.0     0.0     0.0     0.0     0.0     0.0
xqcutij # 5>     0.0     0.0     0.0     0.0     0.0     0.0     0.0
xqcutij # 6>     0.0     0.0     0.0     0.0     0.0     0.0     0.0
xqcutij # 7>     0.0     0.0     0.0     0.0     0.0     0.0     0.0
xqcutij # 8>     0.0     0.0     0.0     0.0     0.0     0.0     0.0
 Excluding BW           -1           1
 Excluding BW           -2           2
 Excluding BW           -3           3
 Excluding BW           -4           4
 Requiring BW           -5           5
 Excluding BW           -6           6
 alpha_s for scale    5122.2753089851230       is    7.8099169059952900E-002
 Added good helicity            1   16.294008274031853       in event            1 local:           1
 Added good helicity           21   1.2926256090815869E-005  in event            1 local:           1
 Added good helicity           25   9.7167957491896154E-005  in event            1 local:           1
 Added good helicity           37   2.4092423003654964E-005  in event            1 local:           1
 Added good helicity           41  0.23164252710404223       in event            1 local:           1
 Added good helicity           61   3.4025525700849103E-007  in event            1 local:           1
 Added good helicity          193   239.47091910695482       in event            1 local:           1
 Added good helicity          213   1.2311931665475310E-003  in event            1 local:           1
 Added good helicity          217   6.1656524753506690E-004  in event            1 local:           1
 Added good helicity          229   6.2293037279763158E-004  in event            1 local:           1
 Added good helicity          233   8.1097675576513237E-004  in event            1 local:           1
 Added good helicity          253   1.3899474800151300E-005  in event            1 local:           1
 Added good helicity            1   16.294008274033185       in event            1 local:           1
 Added good helicity           21   1.2926256090824543E-005  in event            1 local:           1
 Added good helicity           25   9.7167957491900341E-005  in event            1 local:           1
 Added good helicity           37   2.4092423003594530E-005  in event            1 local:           1
 Added good helicity           41  0.23164252710405522       in event            1 local:           1
 Added good helicity           61   3.4025525700848140E-007  in event            1 local:           1
 Added good helicity          193   239.47091910695343       in event            1 local:           1
 Added good helicity          213   1.2311931665477192E-003  in event            1 local:           1
 Added good helicity          217   6.1656524753505313E-004  in event            1 local:           1
 Added good helicity          229   6.2293037279850404E-004  in event            1 local:           1
 Added good helicity          233   8.1097675576560411E-004  in event            1 local:           1
 Added good helicity          253   1.3899474800151946E-005  in event            1 local:           1
 RESET CUMULATIVE VARIABLE
 RESET CUMULATIVE VARIABLE
 RESET CUMULATIVE VARIABLE
 Iteration  1   Mean: 0.2072E-11 Abs mean: 0.2072E-11   Fluctuation:  0.119E-11   0.966E-09     5.8%
  1    0.2072E-11 0.2072E-11 +- 0.1192E-11     18.20
 Writing out events   7.1684891308202639E-015   18.199347185264685     
 Relative summed weights:
  0.2367E-04  0.1532E-03  0.4516E-03  0.8525E-03  0.0000E+00  0.0000E+00
  0.2018E-05  0.5591E-03  0.3248E-04  0.4494E-04  0.0000E+00  0.0000E+00
  0.9446E-01  0.4376E-04  0.4277E-04  0.9949E-03  0.0000E+00  0.4683E-09
  0.1194E-02  0.3083E+00  0.6065E-03  0.4543E-03  0.0000E+00  0.0000E+00
  0.3903E-04  0.5437E-06  0.5710E-05  0.2998E-07  0.0000E+00  0.0000E+00
  0.6703E-08  0.8581E-05  0.2079E-04  0.1118E-06  0.0000E+00  0.0000E+00
  0.4664E+00  0.1038E+00  0.6147E-03  0.1654E-03  0.0000E+00  0.0000E+00
  0.1949E-01  0.9215E-03  0.1928E-03  0.2495E-04  0.4262E-08  0.0000E+00
 Relative number of events:
  0.9911E-02  0.1090E-01  0.1090E-01  0.8920E-02  0.0000E+00  0.0000E+00
  0.5055E-01  0.4757E-01  0.5946E-01  0.6343E-01  0.0000E+00  0.0000E+00
  0.9911E-02  0.7929E-02  0.8920E-02  0.1982E-02  0.0000E+00  0.9911E-03
  0.5649E-01  0.4757E-01  0.4757E-01  0.5748E-01  0.0000E+00  0.0000E+00
  0.1189E-01  0.9911E-02  0.9911E-02  0.6938E-02  0.0000E+00  0.0000E+00
  0.1982E-02  0.6938E-02  0.3964E-02  0.7929E-02  0.0000E+00  0.0000E+00
  0.5451E-01  0.5946E-01  0.5352E-01  0.4757E-01  0.0000E+00  0.0000E+00
  0.6145E-01  0.4559E-01  0.5748E-01  0.5946E-01  0.9911E-03  0.0000E+00
 Events:
          10          11          11           9           0           0
          51          48          60          64           0           0
          10           8           9           2           0           1
          57          48          48          58           0           0
          12          10          10           7           0           0
           2           7           4           8           0           0
          55          60          54          48           0           0
          62          46          58          60           1           0
 Iteration  2   Mean: 0.2280E-11 Abs mean: 0.2280E-11   Fluctuation:  0.157E-11   0.311E-08    15.1%
  2    0.2280E-11 0.2280E-11 +- 0.1571E-11     30.81
 Relative summed weights:
  0.2714E-04  0.4299E-01  0.1369E-04  0.7365E-03  0.0000E+00  0.0000E+00
  0.2007E-02  0.7280E+00  0.4728E-02  0.9085E-03  0.0000E+00  0.0000E+00
  0.9513E-03  0.3680E-05  0.2566E-04  0.1352E-04  0.0000E+00  0.0000E+00
  0.2555E-01  0.1021E-01  0.1096E-02  0.2204E-02  0.0000E+00  0.0000E+00
  0.1761E-01  0.1111E-02  0.1023E-02  0.8131E-03  0.0000E+00  0.0000E+00
  0.1182E-04  0.2431E-02  0.3778E-02  0.4259E-03  0.0000E+00  0.0000E+00
  0.4756E-01  0.1330E-01  0.2314E-03  0.4379E-03  0.0000E+00  0.0000E+00
  0.2102E-01  0.5836E-01  0.8487E-02  0.3941E-02  0.0000E+00  0.0000E+00
 Relative number of events:
  0.7500E-02  0.1450E-01  0.7500E-02  0.9500E-02  0.0000E+00  0.0000E+00
  0.6350E-01  0.5600E-01  0.5700E-01  0.4700E-01  0.0000E+00  0.0000E+00
  0.7000E-02  0.9000E-02  0.9000E-02  0.7000E-02  0.0000E+00  0.0000E+00
  0.6250E-01  0.5400E-01  0.5600E-01  0.4300E-01  0.0000E+00  0.0000E+00
  0.1450E-01  0.9500E-02  0.6500E-02  0.6000E-02  0.0000E+00  0.0000E+00
  0.8000E-02  0.7500E-02  0.6500E-02  0.7000E-02  0.0000E+00  0.0000E+00
  0.5750E-01  0.5550E-01  0.4800E-01  0.5350E-01  0.0000E+00  0.0000E+00
  0.5700E-01  0.4600E-01  0.5650E-01  0.5050E-01  0.0000E+00  0.0000E+00
 Events:
          15          29          15          19           0           0
         127         112         114          94           0           0
          14          18          18          14           0           0
         125         108         112          86           0           0
          29          19          13          12           0           0
          16          15          13          14           0           0
         115         111          96         107           0           0
         114          92         113         101           0           0
 Iteration  3   Mean: 0.7094E-10 Abs mean: 0.7094E-10   Fluctuation:  0.608E-10   0.242E-06    24.0%
  3    0.7094E-10 0.7094E-10 +- 0.6076E-10     54.17
 Relative summed weights:
  0.1507E-03  0.3618E-04  0.3670E-04  0.1027E-04  0.0000E+00  0.0000E+00
  0.1006E-03  0.2807E-03  0.4484E-04  0.2618E-02  0.0000E+00  0.0000E+00
  0.2595E-04  0.6764E-03  0.5126E-05  0.4574E-01  0.0000E+00  0.0000E+00
  0.1463E-02  0.1354E-03  0.3198E-03  0.1023E-03  0.0000E+00  0.0000E+00
  0.8391E-04  0.5823E-03  0.5198E-06  0.2280E-02  0.0000E+00  0.0000E+00
  0.3414E-03  0.2644E-04  0.5055E-02  0.5401E-04  0.0000E+00  0.0000E+00
  0.8529E+00  0.6282E-03  0.4608E-04  0.3015E-03  0.0000E+00  0.0000E+00
  0.7356E-03  0.6172E-01  0.3958E-04  0.2351E-01  0.0000E+00  0.0000E+00
 Relative number of events:
  0.1100E-01  0.1000E-01  0.8000E-02  0.6500E-02  0.0000E+00  0.0000E+00
  0.5200E-01  0.5150E-01  0.4950E-01  0.4900E-01  0.0000E+00  0.0000E+00
  0.1000E-01  0.1000E-01  0.8000E-02  0.7750E-02  0.0000E+00  0.0000E+00
  0.5875E-01  0.5775E-01  0.5425E-01  0.5475E-01  0.0000E+00  0.0000E+00
  0.8500E-02  0.1125E-01  0.6500E-02  0.8250E-02  0.0000E+00  0.0000E+00
  0.1050E-01  0.9000E-02  0.1050E-01  0.1000E-01  0.0000E+00  0.0000E+00
  0.5675E-01  0.5300E-01  0.4800E-01  0.5575E-01  0.0000E+00  0.0000E+00
  0.5700E-01  0.5525E-01  0.4700E-01  0.5400E-01  0.0000E+00  0.0000E+00
 Events:
          44          40          32          26           0           0
         208         206         198         196           0           0
          40          40          32          31           0           0
         235         231         217         219           0           0
          34          45          26          33           0           0
          42          36          42          40           0           0
         227         212         192         223           0           0
         228         221         188         216           0           0
 Accuracy:    1.193   0.100   0.393   9.238
 Found           90  events.
 Wrote            1  events.
 Actual xsec    1.6603366181194938E-011
 Correct abs xsec    1.6603366181194938E-011
 Event xsec    1.6603366181194938E-011
 Events wgts > 1:            1
 % Cross section > 1:    1.5687107536492895E-018   9.4481488664992516E-006
 Iteration  4   Mean: 0.2328E-11 Abs mean: 0.2328E-11   Fluctuation:  0.850E-12   0.569E-08    26.4%
  4    0.2328E-11 0.2328E-11 +- 0.8496E-12     32.64
 Relative summed weights:
  0.2082E-02  0.6942E-01  0.8945E-04  0.2424E-02  0.0000E+00  0.0000E+00
  0.2925E-01  0.2840E-01  0.5595E-01  0.2002E-01  0.2295E-06  0.0000E+00
  0.7287E-01  0.6820E-02  0.8701E-03  0.1635E-02  0.0000E+00  0.4251E-06
  0.1490E+00  0.4643E-02  0.3800E-02  0.2258E-02  0.0000E+00  0.0000E+00
  0.7698E-02  0.1740E-01  0.5965E-04  0.8899E-02  0.0000E+00  0.0000E+00
  0.3404E+00  0.5658E-03  0.9363E-03  0.1010E-01  0.0000E+00  0.0000E+00
  0.5468E-02  0.2127E-01  0.8591E-03  0.4190E-02  0.0000E+00  0.0000E+00
  0.4743E-01  0.5967E-02  0.6918E-01  0.1009E-01  0.0000E+00  0.5473E-08
 Relative number of events:
  0.9250E-02  0.1087E-01  0.7250E-02  0.8000E-02  0.0000E+00  0.0000E+00
  0.6037E-01  0.5575E-01  0.4537E-01  0.5075E-01  0.1250E-03  0.0000E+00
  0.9500E-02  0.9750E-02  0.6625E-02  0.6375E-02  0.0000E+00  0.1250E-03
  0.5925E-01  0.5613E-01  0.5025E-01  0.5275E-01  0.0000E+00  0.0000E+00
  0.1112E-01  0.8875E-02  0.7625E-02  0.7500E-02  0.0000E+00  0.0000E+00
  0.1263E-01  0.9750E-02  0.7375E-02  0.7500E-02  0.0000E+00  0.0000E+00
  0.5663E-01  0.5237E-01  0.5425E-01  0.4838E-01  0.0000E+00  0.0000E+00
  0.6062E-01  0.5650E-01  0.5262E-01  0.4763E-01  0.0000E+00  0.1250E-03
 Events:
          74          87          58          64           0           0
         483         446         363         406           1           0
          76          78          53          51           0           1
         474         449         402         422           0           0
          89          71          61          60           0           0
         101          78          59          60           0           0
         453         419         434         387           0           0
         485         452         421         381           0           1
 Accuracy:    1.314   0.100   0.267  24.171
 Found           29  events.
 Wrote            3  events.
 Actual xsec    1.0835830595261000E-011
 Correct abs xsec    1.0835830595261000E-011
 Event xsec    1.0835830595261000E-011
 Events wgts > 1:            0
 % Cross section > 1:    0.0000000000000000        0.0000000000000000     
 Iteration  5   Mean: 0.2577E-10 Abs mean: 0.2577E-10   Fluctuation:  0.145E-10   0.227E-06    27.0%
  5    0.2577E-10 0.2577E-10 +- 0.1453E-10     71.33
 Relative summed weights:
  0.7554E-03  0.2682E-01  0.1235E-03  0.1984E-02  0.0000E+00  0.0000E+00
  0.3988E-02  0.9786E-02  0.2170E-02  0.6832E-03  0.0000E+00  0.9375E-11
  0.2363E-02  0.1590E-02  0.1482E-02  0.1151E-03  0.0000E+00  0.0000E+00
  0.3428E-01  0.4286E-01  0.7351E-02  0.2406E-02  0.3045E-09  0.1508E-09
  0.8387E-01  0.7526E-01  0.1937E-01  0.1497E-02  0.0000E+00  0.0000E+00
  0.1089E-02  0.3725E-01  0.2784E-03  0.1395E-02  0.0000E+00  0.0000E+00
  0.5900E+00  0.1026E-01  0.1665E-02  0.1942E-01  0.0000E+00  0.2294E-09
  0.1117E-01  0.3602E-02  0.2758E-02  0.2349E-02  0.1260E-08  0.4658E-11
 Relative number of events:
  0.1000E-01  0.1038E-01  0.8625E-02  0.8375E-02  0.0000E+00  0.0000E+00
  0.5462E-01  0.5700E-01  0.5013E-01  0.4688E-01  0.0000E+00  0.6250E-04
  0.9437E-02  0.1194E-01  0.8500E-02  0.7437E-02  0.0000E+00  0.0000E+00
  0.5706E-01  0.5462E-01  0.5244E-01  0.5106E-01  0.6250E-04  0.1250E-03
  0.9625E-02  0.1081E-01  0.8000E-02  0.7812E-02  0.0000E+00  0.0000E+00
  0.9875E-02  0.1100E-01  0.7437E-02  0.7875E-02  0.0000E+00  0.0000E+00
  0.5856E-01  0.5631E-01  0.4844E-01  0.5038E-01  0.0000E+00  0.6250E-04
  0.5669E-01  0.5656E-01  0.5212E-01  0.4950E-01  0.1250E-03  0.6250E-04
 Events:
         160         166         138         134           0           0
         874         912         802         750           0           1
         151         191         136         119           0           0
         913         874         839         817           1           2
         154         173         128         125           0           0
         158         176         119         126           0           0
         937         901         775         806           0           1
         907         905         834         792           2           1
 Accuracy:    0.811   0.100   0.242  11.277
 Found          630  events.
 Wrote            2  events.
 Actual xsec    1.6244447709084950E-011
 Correct abs xsec    1.6244447709084950E-011
 Event xsec    1.6244447709084950E-011
 Events wgts > 1:            0
 % Cross section > 1:    0.0000000000000000        0.0000000000000000     

 -------------------------------------------------------------------------------
 Accumulated results:   Integral =  0.1203E-10
                        Std dev  =  0.2906E-11
                       Cross sec =  0.1203E-10
             Chi**2 per DoF.     =     11.2765
 -------------------------------------------------------------------------------
-------------------------------------------------
---------------------------
 Results Last   3 iters: Integral =   0.1624E-10
                     Abs integral =   0.1624E-10
                          Std dev =   0.4686E-11
                  Chi**2 per DoF. =    134.7850
-------------------------------------------------
---------------------------
 Status  0.10000000000000001                6           5

ls status:
events.lhe
ftn26
input_app.txt
results.dat
run1_app.log
