 Process in group number            1
 A PDF is used, so alpha_s(MZ) is going to be modified
 Old value of alpha_s from param_card:   0.11839999999999999     
  ****************************************
 
       NNPDFDriver version 1.0.3
   Grid: NNPDF23_lo_as_0130_qed_mem0.grid
  ****************************************
 New value of alpha_s from PDF nn23lo1:  0.13000000000000000     
 Define smin to   1600.0000000000000     
 Define smin to   1600.0000000000000     
 Define smin to   1600.0000000000000     
 *****************************************************
 *               MadGraph/MadEvent                   *
 *        --------------------------------           *
 *          http://madgraph.hep.uiuc.edu             *
 *          http://madgraph.phys.ucl.ac.be           *
 *          http://madgraph.roma2.infn.it            *
 *        --------------------------------           *
 *                                                   *
 *          PARAMETER AND COUPLING VALUES            *
 *                                                   *
 *****************************************************

  External Params
  ---------------------------------
  
 mdl_VeN1 =    1.0000000000000000     
 mdl_VeN2 =    0.0000000000000000     
 mdl_VeN3 =    0.0000000000000000     
 mdl_VmuN1 =    0.0000000000000000     
 mdl_VmuN2 =    1.0000000000000000     
 mdl_VmuN3 =    0.0000000000000000     
 mdl_VtaN1 =    0.0000000000000000     
 mdl_VtaN2 =    0.0000000000000000     
 mdl_VtaN3 =    1.0000000000000000     
 mdl_VN1N1 =    1.0000000000000000     
 mdl_VN1N2 =    1.0000000000000000     
 mdl_VN1N3 =    1.0000000000000000     
 mdl_VN2N2 =    1.0000000000000000     
 mdl_VN2N3 =    1.0000000000000000     
 mdl_VN3N3 =    1.0000000000000000     
 aEWM1 =    127.90000000000001     
 mdl_Gf =    1.1663700000000000E-005
 aS =   0.11839999999999999     
 mdl_ymt =    172.00000000000000     
 mdl_vevf =    50.000000000000000     
 mdl_MZ =    91.187600000000003     
 mdl_MT =    172.00000000000000     
 mdl_MH =    125.00000000000000     
 mdl_mN1 =    510.00000000000000     
 mdl_mN2 =    610.00000000000000     
 mdl_mN3 =    710.00000000000000     
 mdl_MJ =    91.187600000000003     
 mdl_MAx =    173.04800000000000     
 mdl_WZ =    2.4952000000000001     
 mdl_WW =    2.0850000000000000     
 mdl_WT =    1.5083359999999999     
 mdl_WH =    4.0699999999999998E-003
 mdl_WN1 =   0.30299999999999999     
 mdl_WN2 =    1.5000000000000000     
 mdl_WN3 =    12.300000000000001     
 mdl_WJ =    2.4952000000000001     
 mdl_WAx =    4.1700000000000001E-003
  Internal Params
  ---------------------------------
  
 mdl_vevf__exp__2 =    2500.0000000000000     
 mdl_sqrt__vevf__exp__2 =    50.000000000000000     
 mdl_muJ =    50.000000000000000     
 mdl_MZ__exp__2 =    8315.1783937600012     
 mdl_MZ__exp__4 =    69142191.720053151     
 mdl_sqrt__2 =    1.4142135623730951     
 mdl_MJ__exp__2 =    8315.1783937600012     
 mdl_muJ__exp__2 =    2500.0000000000000     
 mdl_lamJ =    4.3260713575040004     
 mdl_MH__exp__2 =    15625.000000000000     
 mdl_complexi =  (  0.0000000000000000     ,  1.0000000000000000     )
 mdl_aEW =    7.8186082877247844E-003
 mdl_MW =    79.824359746197842     
 mdl_sqrt__aEW =    8.8422894590285753E-002
 mdl_ee =   0.31345100004952897     
 mdl_MW__exp__2 =    6371.9284088904105     
 mdl_sw2 =   0.23369913342182447     
 mdl_cw =   0.87538612427783857     
 mdl_sqrt__sw2 =   0.48342438232036300     
 mdl_sw =   0.48342438232036300     
 mdl_g1 =   0.35807170271074895     
 mdl_gN =   0.64839716719502682     
 mdl_gw =   0.64839716719502682     
 mdl_vev =    246.22056907348590     
 mdl_vev__exp__2 =    60624.568634871241     
 mdl_lam =   0.12886689630821144     
 mdl_yt =   0.98791394091683138     
 mdl_muH =    88.388347648318444     
 mdl_I2a33 =  ( 0.98791394091683138     ,  0.0000000000000000     )
 mdl_I3a33 =  ( 0.98791394091683138     ,  0.0000000000000000     )
 mdl_ee__exp__2 =    9.8251529432049817E-002
 mdl_sw__exp__2 =   0.23369913342182450     
 mdl_cw__exp__2 =   0.76630086657817542     
  Internal Params evaluated point by point
  ----------------------------------------
  
 mdl_sqrt__aS =   0.34409301068170506     
 mdl_G__exp__2 =    1.4878582807401259     
  Couplings of SM_HeavyN_UFO
  ---------------------------------
  
         GC_1 =  -0.00000E+00  -0.10448E+00
         GC_2 =   0.00000E+00   0.20897E+00
         GC_3 =  -0.00000E+00  -0.31345E+00
         GC_4 =   0.00000E+00   0.31345E+00
        GC_26 =   0.00000E+00   0.45849E+00
        GC_27 =  -0.00000E+00  -0.28380E+00
        GC_28 =   0.00000E+00   0.28380E+00
        GC_30 =   0.00000E+00   0.56760E+00
        GC_35 =  -0.00000E+00  -0.28850E-01
        GC_37 =   0.00000E+00   0.17310E+00
        GC_39 =   0.00000E+00  -0.19725E+00
        GC_40 =   0.00000E+00   0.37035E+00
        GC_80 =   0.00000E+00   0.67543E+02
       GC_107 =  -0.00000E+00  -0.74070E+00
       GC_109 =  -0.00000E+00  -0.74070E+00
       GC_111 =  -0.00000E+00  -0.74070E+00
       GC_113 =  -0.00000E+00  -0.74070E+00
       GC_115 =  -0.00000E+00  -0.74070E+00
       GC_117 =  -0.00000E+00  -0.74070E+00
       GC_119 =   0.00000E+00   0.00000E+00
       GC_120 =   0.00000E+00   0.00000E+00
       GC_122 =  -0.00000E+00  -0.00000E+00
       GC_126 =   0.00000E+00   0.00000E+00
       GC_127 =   0.00000E+00   0.00000E+00
       GC_129 =  -0.00000E+00  -0.00000E+00
       GC_133 =   0.00000E+00   0.45849E+00
       GC_134 =   0.00000E+00   0.37035E+00
       GC_136 =  -0.00000E+00  -0.28836E+01
        GC_81 =   0.10200E+02   0.00000E+00
        GC_82 =   0.12200E+02   0.00000E+00
        GC_83 =   0.14200E+02   0.00000E+00

 Collider parameters:
 --------------------

 Running at P P   machine @    13000.000000000000       GeV
 PDF set = nn23lo1
 alpha_s(Mz)= 0.1300 running at 2 loops.
 alpha_s(Mz)= 0.1300 running at 2 loops.
 Renormalization scale set on event-by-event basis
 Factorization   scale set on event-by-event basis


 getting user params
Enter number of events and max and min iterations: 
 Number of events and iterations         1000           5           3
Enter desired fractional accuracy: 
 Desired fractional accuracy:   0.10000000000000001     
Enter 0 for fixed, 2 for adjustable grid: 
Suppress amplitude (0 no, 1 yes)? 
 Using suppressed amplitude.
Exact helicity sum (0 yes, n = number/event)? 
 Explicitly summing over helicities
Enter Configuration Number: 
Running Configuration Number:   93
 Using dconfig=         212
 BW Setting            2           1           2           1           2           0           0
 Attempting mappinvarients           1           9
 Completed mapping           9
 about to integrate           19        1000           5           3          19           1
 Using non-zero grid deformation.
 19 dimensions   1000 events 19 invarients  5 iterations  1 config(s),  (0.99)
 Using h-tuple random number sequence.
 Error opening grid
 Using Uniform Grid!          36
 Using uniform alpha   1.0000000000000000     
 Grid defined OK
 Set CM energy to      13000.00
 Mapping Graph          93  to config          93
Setting grid   1    0.75740E-07   1
Setting grid   2    0.75740E-07   1
 Setting BW          -3           2   79.824359746197842     
Setting grid   4    0.28499E-04   1
 Setting BW          -5           4   710.00000000000000     
Setting grid   6    0.24885E-02   1
 Transforming s_hat 1/s           18   2.4884748520710063E-003   1600.0000000000000        168999999.99999997     
  93   1   2   3   4   5   6   7   8   9  10  11  12  13  14
  15  16  17  18  19
 Masses: 0.000E+00 0.000E+00 0.000E+00 0.000E+00 0.000E+00 0.000E+00 0.000E+00 0.000E+00 0.912E+02
Using random seed offsets    93 :      1
  with seed                   24
 Ranmar initialization seeds       31151        9398
 
 ********************************************
 * You are using the DiscreteSampler module *
 *      part of the MG5_aMC framework       *
 *         Author: Valentin Hirschi         *
 ********************************************
 
  Particle       3       4       5       6       7       8       9
      Et >    10.0    10.0    10.0    10.0     0.0     0.0     0.0
       E >     0.0     0.0     0.0     0.0     0.0     0.0     0.0
     Eta <     2.5     2.5     2.5     2.5    -1.0    -1.0    -1.0
   xqcut:      0.0     0.0     0.0     0.0     0.0     0.0     0.0
d R # 3  >    -0.0     0.4     0.4     0.4     0.0     0.0     0.0
d R # 4  >    -0.0    -0.0     0.4     0.4     0.0     0.0     0.0
d R # 5  >    -0.0    -0.0    -0.0     0.4     0.0     0.0     0.0
d R # 6  >    -0.0    -0.0    -0.0    -0.0     0.0     0.0     0.0
d R # 7  >    -0.0    -0.0    -0.0    -0.0    -0.0     0.0     0.0
d R # 8  >    -0.0    -0.0    -0.0    -0.0    -0.0    -0.0     0.0
s min # 3>     0.0     0.0     0.0     0.0     0.0     0.0     0.0
s min # 4>     0.0     0.0     0.0     0.0     0.0     0.0     0.0
s min # 5>     0.0     0.0     0.0     0.0     0.0     0.0     0.0
s min # 6>     0.0     0.0     0.0     0.0     0.0     0.0     0.0
s min # 7>     0.0     0.0     0.0     0.0     0.0     0.0     0.0
s min # 8>     0.0     0.0     0.0     0.0     0.0     0.0     0.0
xqcutij # 3>     0.0     0.0     0.0     0.0     0.0     0.0     0.0
xqcutij # 4>     0.0     0.0     0.0     0.0     0.0     0.0     0.0
xqcutij # 5>     0.0     0.0     0.0     0.0     0.0     0.0     0.0
xqcutij # 6>     0.0     0.0     0.0     0.0     0.0     0.0     0.0
xqcutij # 7>     0.0     0.0     0.0     0.0     0.0     0.0     0.0
xqcutij # 8>     0.0     0.0     0.0     0.0     0.0     0.0     0.0
 Excluding BW           -1           1
 Requiring BW           -3           2
 Excluding BW           -4           3
 Requiring BW           -5           4
 Excluding BW           -6           5
 alpha_s for scale    727.70792310247862       is    9.6709869128118409E-002
 Added good helicity            1   4.2102143429698113       in event            1 local:           1
 Added good helicity           21   1.0945224313680894E-002  in event            1 local:           1
 Added good helicity           25   14.667891366096294       in event            1 local:           1
 Added good helicity           37   2.7360370954589950E-004  in event            1 local:           1
 Added good helicity           41   6.1597035819635186       in event            1 local:           1
 Added good helicity           61   5.3370280211663427E-003  in event            1 local:           1
 Added good helicity          193   24.034911095417979       in event            1 local:           1
 Added good helicity          213   2.0285799671847647E-002  in event            1 local:           1
 Added good helicity          217   136.17878905127165       in event            1 local:           1
 Added good helicity          229   9.9847394970334585E-004  in event            1 local:           1
 Added good helicity          233   70.699273632742518       in event            1 local:           1
 Added good helicity          253   1.1376799872317683E-002  in event            1 local:           1
 Added good helicity            1   4.2102143429697501       in event            1 local:           1
 Added good helicity           21   1.0945224313680930E-002  in event            1 local:           1
 Added good helicity           25   14.667891366096480       in event            1 local:           1
 Added good helicity           37   2.7360370954589906E-004  in event            1 local:           1
 Added good helicity           41   6.1597035819634192       in event            1 local:           1
 Added good helicity           61   5.3370280211663375E-003  in event            1 local:           1
 Added good helicity          193   24.034911095417275       in event            1 local:           1
 Added good helicity          213   2.0285799671847723E-002  in event            1 local:           1
 Added good helicity          217   136.17878905127304       in event            1 local:           1
 Added good helicity          229   9.9847394970334629E-004  in event            1 local:           1
 Added good helicity          233   70.699273632741779       in event            1 local:           1
 Added good helicity          253   1.1376799872317777E-002  in event            1 local:           1
 RESET CUMULATIVE VARIABLE
 RESET CUMULATIVE VARIABLE
 RESET CUMULATIVE VARIABLE
 Iteration  1   Mean: 0.5242E-13 Abs mean: 0.5242E-13   Fluctuation:  0.165E-13   0.134E-10     1.0%
  1    0.5242E-13 0.5242E-13 +- 0.1648E-13      9.94
 Writing out events   1.0305867620739655E-015   9.9422303310208182     
 Relative summed weights:
  0.1991E+00  0.1998E-02  0.5198E-03  0.8226E-01  0.0000E+00  0.0000E+00
  0.2622E+00  0.9383E-02  0.1019E-01  0.1711E-01  0.5336E-05  0.2150E-06
  0.4639E-01  0.1087E+00  0.1128E-02  0.8989E-02  0.2042E-03  0.0000E+00
  0.9899E-02  0.7280E-02  0.2705E-01  0.8590E-02  0.4180E-03  0.0000E+00
  0.6126E-03  0.5757E-02  0.4617E-01  0.3819E-02  0.2647E-10  0.0000E+00
  0.6515E-02  0.8425E-02  0.1677E-01  0.2750E-02  0.9518E-04  0.9273E-04
  0.4856E-01  0.8739E-02  0.1660E-02  0.9327E-02  0.2466E-04  0.5561E-08
  0.1299E-02  0.2371E-01  0.1123E-01  0.2845E-02  0.0000E+00  0.8919E-04
 Relative number of events:
  0.3171E-01  0.2577E-01  0.2180E-01  0.2379E-01  0.0000E+00  0.0000E+00
  0.3568E-01  0.3667E-01  0.3370E-01  0.4063E-01  0.2973E-02  0.9911E-03
  0.3072E-01  0.2478E-01  0.3271E-01  0.2874E-01  0.9911E-03  0.0000E+00
  0.2874E-01  0.3370E-01  0.3469E-01  0.3469E-01  0.1982E-02  0.0000E+00
  0.1982E-01  0.2874E-01  0.2676E-01  0.2279E-01  0.9911E-03  0.0000E+00
  0.3766E-01  0.3469E-01  0.3171E-01  0.4063E-01  0.9911E-03  0.9911E-03
  0.2775E-01  0.2775E-01  0.2577E-01  0.2676E-01  0.2973E-02  0.1982E-02
  0.2478E-01  0.3171E-01  0.3667E-01  0.4163E-01  0.0000E+00  0.9911E-03
 Events:
          32          26          22          24           0           0
          36          37          34          41           3           1
          31          25          33          29           1           0
          29          34          35          35           2           0
          20          29          27          23           1           0
          38          35          32          41           1           1
          28          28          26          27           3           2
          25          32          37          42           0           1
 Iteration  2   Mean: 0.5232E-13 Abs mean: 0.5232E-13   Fluctuation:  0.923E-14   0.927E-11    14.2%
  2    0.5232E-13 0.5232E-13 +- 0.9226E-14      7.89
 Relative summed weights:
  0.2970E-01  0.1409E-01  0.3060E-02  0.1384E-01  0.0000E+00  0.0000E+00
  0.7349E-01  0.1203E-01  0.1407E-01  0.6597E-01  0.2251E-07  0.5043E-03
  0.3766E-01  0.6113E-01  0.4330E-02  0.2158E-01  0.0000E+00  0.0000E+00
  0.3765E-01  0.9778E-01  0.1466E-01  0.7486E-02  0.5113E-04  0.6525E-05
  0.8549E-02  0.2451E-01  0.5479E-01  0.8405E-02  0.1396E-05  0.7651E-03
  0.2557E-01  0.1021E+00  0.8216E-02  0.8078E-01  0.0000E+00  0.5173E-07
  0.2564E-01  0.5617E-02  0.1468E-01  0.2834E-02  0.4312E-05  0.0000E+00
  0.7054E-02  0.7757E-02  0.2304E-01  0.9056E-01  0.2157E-05  0.8039E-06
 Relative number of events:
  0.3300E-01  0.2650E-01  0.2100E-01  0.2700E-01  0.0000E+00  0.0000E+00
  0.4200E-01  0.3900E-01  0.3050E-01  0.3650E-01  0.5000E-03  0.1000E-02
  0.2900E-01  0.3000E-01  0.2550E-01  0.2750E-01  0.0000E+00  0.0000E+00
  0.3300E-01  0.4200E-01  0.2850E-01  0.3350E-01  0.1500E-02  0.1000E-02
  0.2700E-01  0.2550E-01  0.1750E-01  0.2400E-01  0.1000E-02  0.5000E-03
  0.4250E-01  0.3150E-01  0.3550E-01  0.3700E-01  0.0000E+00  0.5000E-03
  0.3050E-01  0.2750E-01  0.2200E-01  0.2400E-01  0.5000E-03  0.0000E+00
  0.3750E-01  0.3850E-01  0.3400E-01  0.3250E-01  0.1000E-02  0.1000E-02
 Events:
          66          53          42          54           0           0
          84          78          61          73           1           2
          58          60          51          55           0           0
          66          84          57          67           3           2
          54          51          35          48           2           1
          85          63          71          74           0           1
          61          55          44          48           1           0
          75          77          68          65           2           2
 Iteration  3   Mean: 0.7463E-13 Abs mean: 0.7463E-13   Fluctuation:  0.276E-13   0.109E-09    18.9%
  3    0.7463E-13 0.7463E-13 +- 0.2762E-13     23.41
 Relative summed weights:
  0.7413E-02  0.2094E-01  0.1511E-01  0.2246E-01  0.1567E-02  0.9203E-04
  0.4281E-01  0.2675E-01  0.1622E-01  0.3726E+00  0.1161E-02  0.1418E-03
  0.1598E-01  0.6083E-01  0.1176E-01  0.6476E-02  0.1126E-02  0.1803E-03
  0.2566E-01  0.5902E-01  0.1361E-01  0.2163E-01  0.2295E-03  0.4516E-04
  0.1945E-01  0.1260E-01  0.7834E-02  0.7728E-02  0.1357E-04  0.0000E+00
  0.1136E-01  0.1754E-01  0.1605E-01  0.9732E-02  0.9984E-05  0.1863E-05
  0.2464E-01  0.1117E-01  0.9977E-02  0.8551E-02  0.4795E-05  0.1257E-02
  0.5024E-01  0.2089E-01  0.1107E-01  0.1607E-01  0.0000E+00  0.6567E-06
 Relative number of events:
  0.2825E-01  0.3200E-01  0.2450E-01  0.2425E-01  0.1250E-02  0.5000E-03
  0.4100E-01  0.3700E-01  0.2925E-01  0.3150E-01  0.7500E-03  0.1000E-02
  0.3175E-01  0.2525E-01  0.2375E-01  0.1725E-01  0.7500E-03  0.7500E-03
  0.3350E-01  0.4500E-01  0.3200E-01  0.3125E-01  0.5000E-03  0.7500E-03
  0.2650E-01  0.2500E-01  0.2450E-01  0.2625E-01  0.2500E-03  0.0000E+00
  0.3700E-01  0.3700E-01  0.3425E-01  0.3350E-01  0.5000E-03  0.2500E-03
  0.3225E-01  0.2800E-01  0.2350E-01  0.2350E-01  0.7500E-03  0.5000E-03
  0.4500E-01  0.3825E-01  0.3250E-01  0.3675E-01  0.0000E+00  0.2500E-03
 Events:
         113         128          98          97           5           2
         164         148         117         126           3           4
         127         101          95          69           3           3
         134         180         128         125           2           3
         106         100          98         105           1           0
         148         148         137         134           2           1
         129         112          94          94           3           2
         180         153         130         147           0           1
 Accuracy:    0.100   0.100   0.142   0.500
 Found          613  events.
 Wrote            1  events.
 Actual xsec    5.5629885833029575E-014
 Correct abs xsec    5.5629885833029575E-014
 Event xsec    5.5629885833029575E-014
 Events wgts > 1:            0
 % Cross section > 1:    0.0000000000000000        0.0000000000000000     
 Iteration  4   Mean: 0.4908E-13 Abs mean: 0.4908E-13   Fluctuation:  0.372E-14   0.128E-10    18.6%
  4    0.4908E-13 0.4908E-13 +- 0.3722E-14      6.78
 Relative summed weights:
  0.4090E-01  0.3474E-01  0.1834E-01  0.2361E-01  0.9533E-04  0.1888E-03
  0.2744E-01  0.2245E-01  0.3262E-01  0.2250E-01  0.2707E-05  0.5612E-02
  0.2015E-01  0.5875E-01  0.4232E-01  0.2499E-01  0.9357E-04  0.1668E-03
  0.4884E-01  0.2174E-01  0.2550E-01  0.2950E-01  0.3667E-03  0.5519E-04
  0.5155E-01  0.2163E-01  0.1337E-01  0.2724E-01  0.1349E-03  0.5906E-04
  0.4157E-01  0.3001E-01  0.4172E-01  0.5741E-01  0.9101E-04  0.5511E-03
  0.3643E-01  0.2917E-01  0.1963E-01  0.2060E-01  0.1269E-03  0.1486E-02
  0.2862E-01  0.2996E-01  0.2064E-01  0.2658E-01  0.6232E-04  0.3877E-03
 Relative number of events:
  0.2937E-01  0.2788E-01  0.2400E-01  0.2250E-01  0.5000E-03  0.6250E-03
  0.4138E-01  0.4050E-01  0.3050E-01  0.3112E-01  0.2500E-03  0.5000E-03
  0.2750E-01  0.2788E-01  0.2063E-01  0.2225E-01  0.3750E-03  0.5000E-03
  0.3913E-01  0.4113E-01  0.3325E-01  0.3125E-01  0.6250E-03  0.8750E-03
  0.3125E-01  0.2763E-01  0.2237E-01  0.2388E-01  0.2500E-03  0.1250E-03
  0.3850E-01  0.3662E-01  0.3313E-01  0.3463E-01  0.3750E-03  0.5000E-03
  0.3062E-01  0.2913E-01  0.2300E-01  0.2625E-01  0.6250E-03  0.6250E-03
  0.3587E-01  0.3988E-01  0.3488E-01  0.3463E-01  0.3750E-03  0.3750E-03
 Events:
         235         223         192         180           4           5
         331         324         244         249           2           4
         220         223         165         178           3           4
         313         329         266         250           5           7
         250         221         179         191           2           1
         308         293         265         277           3           4
         245         233         184         210           5           5
         287         319         279         277           3           3
 Accuracy:    0.053   0.100   0.067   0.620
 Finished due to accuracy    5.2676262621063293E-002  0.10000000000000001     

 -------------------------------------------------------------------------------
 Accumulated results:   Integral =  0.5053E-13
                        Std dev  =  0.3380E-14
                       Cross sec =  0.5053E-13
             Chi**2 per DoF.     =      0.6200
 -------------------------------------------------------------------------------
 Found         1160  events.
 Wrote           35  events.
 Actual xsec    5.0440618155313049E-014
 Correct abs xsec    5.0440618155313049E-014
 Event xsec    5.0440618155313062E-014
 Events wgts > 1:            2
 % Cross section > 1:    6.1257632380744313E-017  0.12144504691065500     
-------------------------------------------------
---------------------------
 Results Last   3 iters: Integral =   0.5044E-13
                     Abs integral =   0.5044E-13
                          Std dev =   0.3454E-14
                  Chi**2 per DoF. =      0.4716
-------------------------------------------------
---------------------------
 Status  0.10000000000000001                5           5

ls status:
events.lhe
ftn26
input_app.txt
results.dat
run1_app.log
