 Process in group number            1
 A PDF is used, so alpha_s(MZ) is going to be modified
 Old value of alpha_s from param_card:   0.11839999999999999     
  ****************************************
 
       NNPDFDriver version 1.0.3
   Grid: NNPDF23_lo_as_0130_qed_mem0.grid
  ****************************************
 New value of alpha_s from PDF nn23lo1:  0.13000000000000000     
 Define smin to   1600.0000000000000     
 Define smin to   1600.0000000000000     
 Define smin to   1600.0000000000000     
 *****************************************************
 *               MadGraph/MadEvent                   *
 *        --------------------------------           *
 *          http://madgraph.hep.uiuc.edu             *
 *          http://madgraph.phys.ucl.ac.be           *
 *          http://madgraph.roma2.infn.it            *
 *        --------------------------------           *
 *                                                   *
 *          PARAMETER AND COUPLING VALUES            *
 *                                                   *
 *****************************************************

  External Params
  ---------------------------------
  
 mdl_VeN1 =    1.0000000000000000     
 mdl_VeN2 =    0.0000000000000000     
 mdl_VeN3 =    0.0000000000000000     
 mdl_VmuN1 =    0.0000000000000000     
 mdl_VmuN2 =    1.0000000000000000     
 mdl_VmuN3 =    0.0000000000000000     
 mdl_VtaN1 =    0.0000000000000000     
 mdl_VtaN2 =    0.0000000000000000     
 mdl_VtaN3 =    1.0000000000000000     
 mdl_VN1N1 =    1.0000000000000000     
 mdl_VN1N2 =    1.0000000000000000     
 mdl_VN1N3 =    1.0000000000000000     
 mdl_VN2N2 =    1.0000000000000000     
 mdl_VN2N3 =    1.0000000000000000     
 mdl_VN3N3 =    1.0000000000000000     
 aEWM1 =    127.90000000000001     
 mdl_Gf =    1.1663700000000000E-005
 aS =   0.11839999999999999     
 mdl_ymt =    172.00000000000000     
 mdl_vevf =    50.000000000000000     
 mdl_MZ =    91.187600000000003     
 mdl_MT =    172.00000000000000     
 mdl_MH =    125.00000000000000     
 mdl_mN1 =    2000.0000000000000     
 mdl_mN2 =    2100.0000000000000     
 mdl_mN3 =    2200.0000000000000     
 mdl_MJ =    91.187600000000003     
 mdl_MAx =    173.04800000000000     
 mdl_WZ =    2.4952000000000001     
 mdl_WW =    2.0850000000000000     
 mdl_WT =    1.5083359999999999     
 mdl_WH =    4.0699999999999998E-003
 mdl_WN1 =   0.30299999999999999     
 mdl_WN2 =    1.5000000000000000     
 mdl_WN3 =    12.300000000000001     
 mdl_WJ =    2.4952000000000001     
 mdl_WAx =    4.1700000000000001E-003
  Internal Params
  ---------------------------------
  
 mdl_vevf__exp__2 =    2500.0000000000000     
 mdl_sqrt__vevf__exp__2 =    50.000000000000000     
 mdl_muJ =    50.000000000000000     
 mdl_MZ__exp__2 =    8315.1783937600012     
 mdl_MZ__exp__4 =    69142191.720053151     
 mdl_sqrt__2 =    1.4142135623730951     
 mdl_MJ__exp__2 =    8315.1783937600012     
 mdl_muJ__exp__2 =    2500.0000000000000     
 mdl_lamJ =    4.3260713575040004     
 mdl_MH__exp__2 =    15625.000000000000     
 mdl_complexi =  (  0.0000000000000000     ,  1.0000000000000000     )
 mdl_aEW =    7.8186082877247844E-003
 mdl_MW =    79.824359746197842     
 mdl_sqrt__aEW =    8.8422894590285753E-002
 mdl_ee =   0.31345100004952897     
 mdl_MW__exp__2 =    6371.9284088904105     
 mdl_sw2 =   0.23369913342182447     
 mdl_cw =   0.87538612427783857     
 mdl_sqrt__sw2 =   0.48342438232036300     
 mdl_sw =   0.48342438232036300     
 mdl_g1 =   0.35807170271074895     
 mdl_gN =   0.64839716719502682     
 mdl_gw =   0.64839716719502682     
 mdl_vev =    246.22056907348590     
 mdl_vev__exp__2 =    60624.568634871241     
 mdl_lam =   0.12886689630821144     
 mdl_yt =   0.98791394091683138     
 mdl_muH =    88.388347648318444     
 mdl_I2a33 =  ( 0.98791394091683138     ,  0.0000000000000000     )
 mdl_I3a33 =  ( 0.98791394091683138     ,  0.0000000000000000     )
 mdl_ee__exp__2 =    9.8251529432049817E-002
 mdl_sw__exp__2 =   0.23369913342182450     
 mdl_cw__exp__2 =   0.76630086657817542     
  Internal Params evaluated point by point
  ----------------------------------------
  
 mdl_sqrt__aS =   0.34409301068170506     
 mdl_G__exp__2 =    1.4878582807401259     
  Couplings of SM_HeavyN_UFO
  ---------------------------------
  
         GC_1 =  -0.00000E+00  -0.10448E+00
         GC_2 =   0.00000E+00   0.20897E+00
         GC_3 =  -0.00000E+00  -0.31345E+00
         GC_4 =   0.00000E+00   0.31345E+00
        GC_26 =   0.00000E+00   0.45849E+00
        GC_27 =  -0.00000E+00  -0.28380E+00
        GC_28 =   0.00000E+00   0.28380E+00
        GC_30 =   0.00000E+00   0.56760E+00
        GC_35 =  -0.00000E+00  -0.28850E-01
        GC_37 =   0.00000E+00   0.17310E+00
        GC_39 =   0.00000E+00  -0.19725E+00
        GC_40 =   0.00000E+00   0.37035E+00
        GC_80 =   0.00000E+00   0.67543E+02
       GC_107 =  -0.00000E+00  -0.74070E+00
       GC_109 =  -0.00000E+00  -0.74070E+00
       GC_111 =  -0.00000E+00  -0.74070E+00
       GC_113 =  -0.00000E+00  -0.74070E+00
       GC_115 =  -0.00000E+00  -0.74070E+00
       GC_117 =  -0.00000E+00  -0.74070E+00
       GC_119 =   0.00000E+00   0.00000E+00
       GC_120 =   0.00000E+00   0.00000E+00
       GC_122 =  -0.00000E+00  -0.00000E+00
       GC_126 =   0.00000E+00   0.00000E+00
       GC_127 =   0.00000E+00   0.00000E+00
       GC_129 =  -0.00000E+00  -0.00000E+00
       GC_133 =   0.00000E+00   0.45849E+00
       GC_134 =   0.00000E+00   0.37035E+00
       GC_136 =  -0.00000E+00  -0.89351E+01
        GC_81 =   0.40000E+02   0.00000E+00
        GC_82 =   0.42000E+02   0.00000E+00
        GC_83 =   0.44000E+02   0.00000E+00

 Collider parameters:
 --------------------

 Running at P P   machine @    13000.000000000000       GeV
 PDF set = nn23lo1
 alpha_s(Mz)= 0.1300 running at 2 loops.
 alpha_s(Mz)= 0.1300 running at 2 loops.
 Renormalization scale set on event-by-event basis
 Factorization   scale set on event-by-event basis


 getting user params
Enter number of events and max and min iterations: 
 Number of events and iterations         1000           5           3
Enter desired fractional accuracy: 
 Desired fractional accuracy:   0.10000000000000001     
Enter 0 for fixed, 2 for adjustable grid: 
Suppress amplitude (0 no, 1 yes)? 
 Using suppressed amplitude.
Exact helicity sum (0 yes, n = number/event)? 
 Explicitly summing over helicities
Enter Configuration Number: 
Running Configuration Number:  387
 Using dconfig=         202
 BW Setting            1           1           1           1           2           0           0
 Attempting mappinvarients           1           9
 Completed mapping           9
 about to integrate           19        1000           5           3          19           1
 Using non-zero grid deformation.
 19 dimensions   1000 events 19 invarients  5 iterations  1 config(s),  (0.99)
 Using h-tuple random number sequence.
 Error opening grid
 Using Uniform Grid!          36
 Using uniform alpha   1.0000000000000000     
 Grid defined OK
 Set CM energy to      13000.00
 Mapping Graph         387  to config         387
 Setting BW          -1           1   91.187600000000003     
 Setting BW          -2           2   2200.0000000000000     
 Setting BW          -3           3   2200.0000000000000     
 Setting BW          -4           4   79.824359746197842     
Setting grid   5    0.28499E-04   1
Setting grid   6    0.31277E-01   1
 Transforming s_hat 1/s           18   3.1549601110473016E-002   1600.0000000000000        168999999.99999997     
 387   1   2   3   4   5   6   7   8   9  10  11  12  13  14
  15  16  17  18  19
 Masses: 0.000E+00 0.000E+00 0.000E+00 0.000E+00 0.000E+00 0.000E+00 0.000E+00 0.000E+00 0.912E+02
Using random seed offsets   387 :      1
  with seed                   24
 Ranmar initialization seeds         117        9398
 
 ********************************************
 * You are using the DiscreteSampler module *
 *      part of the MG5_aMC framework       *
 *         Author: Valentin Hirschi         *
 ********************************************
 
  Particle       3       4       5       6       7       8       9
      Et >    10.0    10.0    10.0    10.0     0.0     0.0     0.0
       E >     0.0     0.0     0.0     0.0     0.0     0.0     0.0
     Eta <     2.5     2.5     2.5     2.5    -1.0    -1.0    -1.0
   xqcut:      0.0     0.0     0.0     0.0     0.0     0.0     0.0
d R # 3  >    -0.0     0.4     0.4     0.4     0.0     0.0     0.0
d R # 4  >    -0.0    -0.0     0.4     0.4     0.0     0.0     0.0
d R # 5  >    -0.0    -0.0    -0.0     0.4     0.0     0.0     0.0
d R # 6  >    -0.0    -0.0    -0.0    -0.0     0.0     0.0     0.0
d R # 7  >    -0.0    -0.0    -0.0    -0.0    -0.0     0.0     0.0
d R # 8  >    -0.0    -0.0    -0.0    -0.0    -0.0    -0.0     0.0
s min # 3>     0.0     0.0     0.0     0.0     0.0     0.0     0.0
s min # 4>     0.0     0.0     0.0     0.0     0.0     0.0     0.0
s min # 5>     0.0     0.0     0.0     0.0     0.0     0.0     0.0
s min # 6>     0.0     0.0     0.0     0.0     0.0     0.0     0.0
s min # 7>     0.0     0.0     0.0     0.0     0.0     0.0     0.0
s min # 8>     0.0     0.0     0.0     0.0     0.0     0.0     0.0
xqcutij # 3>     0.0     0.0     0.0     0.0     0.0     0.0     0.0
xqcutij # 4>     0.0     0.0     0.0     0.0     0.0     0.0     0.0
xqcutij # 5>     0.0     0.0     0.0     0.0     0.0     0.0     0.0
xqcutij # 6>     0.0     0.0     0.0     0.0     0.0     0.0     0.0
xqcutij # 7>     0.0     0.0     0.0     0.0     0.0     0.0     0.0
xqcutij # 8>     0.0     0.0     0.0     0.0     0.0     0.0     0.0
 Requiring BW           -1           1
 Requiring BW           -2           2
 Requiring BW           -3           3
 Requiring BW           -4           4
 Excluding BW           -6           5
 alpha_s for scale    5228.5589696948800       is    7.7941853770768843E-002
 Added good helicity            1   9.5771564263426505       in event            1 local:           1
 Added good helicity           21   6.0478705091219260E-007  in event            1 local:           1
 Added good helicity           41   4.2373181243568947       in event            1 local:           1
 Added good helicity           61   5.1742722025935627E-007  in event            1 local:           1
 Added good helicity          193   136.42262310672740       in event            1 local:           1
 Added good helicity          213   3.4561961349594620E-005  in event            1 local:           1
 Added good helicity          217   3.5211262798861343E-006  in event            1 local:           1
 Added good helicity          229   1.2650028301798047E-007  in event            1 local:           1
 Added good helicity          233   105.76284002133558       in event            1 local:           1
 Added good helicity          253   2.2986252611874676E-005  in event            1 local:           1
 Added good helicity            1   9.5771564264342484       in event            1 local:           1
 Added good helicity           21   6.0478705091336828E-007  in event            1 local:           1
 Added good helicity           41   4.2373181243370972       in event            1 local:           1
 Added good helicity           61   5.1742722026052623E-007  in event            1 local:           1
 Added good helicity          193   136.42262310664006       in event            1 local:           1
 Added good helicity          213   3.4561961349678889E-005  in event            1 local:           1
 Added good helicity          217   3.5211262798951357E-006  in event            1 local:           1
 Added good helicity          229   1.2650028301825467E-007  in event            1 local:           1
 Added good helicity          233   105.76284002135117       in event            1 local:           1
 Added good helicity          253   2.2986252611930997E-005  in event            1 local:           1
 Added good helicity           25   8.2198539636196502E-006  in event            4 local:           2
 Added good helicity           25   8.2198539636431790E-006  in event            4 local:           2
 Added good helicity           37   4.2373181243568121       in event            7 local:           3
 Added good helicity           37   4.2373181243368832       in event            7 local:           3
 RESET CUMULATIVE VARIABLE
 RESET CUMULATIVE VARIABLE
 RESET CUMULATIVE VARIABLE
 Iteration  1   Mean: 0.3165E-14 Abs mean: 0.3165E-14   Fluctuation:  0.252E-14   0.334E-12     0.1%
  1    0.3165E-14 0.3165E-14 +- 0.2518E-14      9.24
 Writing out events   1.2661604262783912E-016   9.2414272008368794     
 Relative summed weights:
  0.9142E-03  0.1496E-01  0.7744E+00  0.1833E-02  0.0000E+00  0.0000E+00
  0.1579E-09  0.1766E-03  0.0000E+00  0.6936E-03  0.0000E+00  0.3199E-04
  0.4318E-03  0.8318E-03  0.3680E-02  0.1557E-03  0.0000E+00  0.0000E+00
  0.8786E-06  0.2471E-04  0.0000E+00  0.0000E+00  0.0000E+00  0.0000E+00
  0.2583E-01  0.5318E-02  0.2788E-03  0.8101E-03  0.0000E+00  0.0000E+00
  0.2987E-02  0.1443E+00  0.2120E-01  0.3708E-04  0.0000E+00  0.0000E+00
  0.6296E-03  0.3555E-03  0.3639E-04  0.0000E+00  0.0000E+00  0.0000E+00
  0.2373E-04  0.5436E-05  0.0000E+00  0.0000E+00  0.2741E-06  0.0000E+00
 Relative number of events:
  0.5556E-01  0.6250E-01  0.4167E-01  0.2083E-01  0.0000E+00  0.0000E+00
  0.6944E-02  0.6944E-02  0.0000E+00  0.2083E-01  0.0000E+00  0.6944E-02
  0.5556E-01  0.6250E-01  0.4861E-01  0.4167E-01  0.0000E+00  0.0000E+00
  0.1389E-01  0.2083E-01  0.0000E+00  0.0000E+00  0.0000E+00  0.0000E+00
  0.9028E-01  0.4861E-01  0.4167E-01  0.4861E-01  0.0000E+00  0.0000E+00
  0.4861E-01  0.4861E-01  0.4861E-01  0.5556E-01  0.0000E+00  0.0000E+00
  0.2083E-01  0.3472E-01  0.1389E-01  0.0000E+00  0.0000E+00  0.0000E+00
  0.1389E-01  0.1389E-01  0.0000E+00  0.0000E+00  0.6944E-02  0.0000E+00
 Events:
           8           9           6           3           0           0
           1           1           0           3           0           1
           8           9           7           6           0           0
           2           3           0           0           0           0
          13           7           6           7           0           0
           7           7           7           8           0           0
           3           5           2           0           0           0
           2           2           0           0           1           0
 Iteration  2   Mean: 0.4460E-15 Abs mean: 0.4460E-15   Fluctuation:  0.142E-15   0.180E-12     7.5%
  2    0.4460E-15 0.4460E-15 +- 0.1420E-15     14.24
 Relative summed weights:
  0.8264E-02  0.9014E-02  0.7645E-02  0.8250E-03  0.3466E-06  0.0000E+00
  0.9337E-02  0.2482E-02  0.4663E-04  0.1316E-05  0.8722E-03  0.1331E-04
  0.3443E+00  0.1521E+00  0.1407E-01  0.1918E-02  0.0000E+00  0.2787E-04
  0.1516E-02  0.2856E-02  0.1493E-05  0.7470E-04  0.1342E-05  0.0000E+00
  0.3478E-01  0.4200E-01  0.1048E-02  0.1109E+00  0.2755E-02  0.8032E-05
  0.4933E-01  0.3798E-01  0.8430E-01  0.2470E-02  0.3819E-05  0.1305E-08
  0.2226E-03  0.6113E-01  0.1169E-04  0.2161E-05  0.4017E-08  0.2187E-06
  0.2930E-03  0.2052E-03  0.6487E-04  0.1709E-01  0.3610E-06  0.0000E+00
 Relative number of events:
  0.6450E-01  0.6500E-01  0.4650E-01  0.3700E-01  0.1000E-02  0.0000E+00
  0.1700E-01  0.1400E-01  0.4500E-02  0.1000E-02  0.5000E-03  0.1000E-02
  0.7500E-01  0.6700E-01  0.3550E-01  0.3550E-01  0.0000E+00  0.1000E-02
  0.1550E-01  0.1550E-01  0.2000E-02  0.2000E-02  0.1500E-02  0.0000E+00
  0.6650E-01  0.7300E-01  0.3650E-01  0.3250E-01  0.1000E-02  0.5000E-03
  0.7200E-01  0.6950E-01  0.4100E-01  0.3200E-01  0.5000E-03  0.5000E-03
  0.1550E-01  0.1650E-01  0.2500E-02  0.2000E-02  0.5000E-03  0.5000E-03
  0.1700E-01  0.1150E-01  0.2500E-02  0.3000E-02  0.5000E-03  0.0000E+00
 Events:
         129         130          93          74           2           0
          34          28           9           2           1           2
         150         134          71          71           0           2
          31          31           4           4           3           0
         133         146          73          65           2           1
         144         139          82          64           1           1
          31          33           5           4           1           1
          34          23           5           6           1           0
 Iteration  3   Mean: 0.1982E-14 Abs mean: 0.1982E-14   Fluctuation:  0.869E-15   0.304E-11    20.8%
  3    0.1982E-14 0.1982E-14 +- 0.8690E-15     27.72
 Relative summed weights:
  0.3800E-02  0.1827E-01  0.1301E-01  0.1495E+00  0.2052E-07  0.7001E-05
  0.2423E-02  0.1478E-02  0.1754E-02  0.7230E-04  0.1712E-09  0.6833E-04
  0.1706E-01  0.2284E-01  0.3704E-02  0.4873E-01  0.0000E+00  0.9039E-06
  0.5048E-02  0.1245E-02  0.1080E-05  0.4942E-04  0.9246E-07  0.1399E-06
  0.5118E+00  0.2834E-02  0.3036E-01  0.6865E-02  0.1985E-02  0.1354E-02
  0.9489E-02  0.1119E-01  0.4005E-02  0.1267E+00  0.1458E-05  0.4967E-06
  0.3175E-03  0.5167E-04  0.1925E-04  0.2056E-06  0.1623E-05  0.2955E-12
  0.3741E-02  0.1011E-03  0.8104E-04  0.3822E-07  0.1983E-06  0.8407E-06
 Relative number of events:
  0.6450E-01  0.6550E-01  0.3900E-01  0.3925E-01  0.2500E-03  0.2500E-03
  0.1800E-01  0.1400E-01  0.1250E-02  0.2250E-02  0.7500E-03  0.1250E-02
  0.7275E-01  0.6475E-01  0.3800E-01  0.3600E-01  0.0000E+00  0.7500E-03
  0.2125E-01  0.1400E-01  0.5000E-03  0.3000E-02  0.2500E-03  0.1000E-02
  0.6800E-01  0.7025E-01  0.3700E-01  0.3700E-01  0.7500E-03  0.1500E-02
  0.6500E-01  0.6575E-01  0.4200E-01  0.3575E-01  0.1000E-02  0.1000E-02
  0.1900E-01  0.1675E-01  0.2000E-02  0.2000E-02  0.7500E-03  0.2500E-03
  0.1700E-01  0.1350E-01  0.1750E-02  0.1750E-02  0.7500E-03  0.1000E-02
 Events:
         258         262         156         157           1           1
          72          56           5           9           3           5
         291         259         152         144           0           3
          85          56           2          12           1           4
         272         281         148         148           3           6
         260         263         168         143           4           4
          76          67           8           8           3           1
          68          54           7           7           3           4
 Accuracy:    0.565   0.100   0.245   5.306
 Found          228  events.
 Wrote            1  events.
 Actual xsec    1.1846490016817649E-015
 Correct abs xsec    1.1846490016817649E-015
 Event xsec    1.1846490016817649E-015
 Events wgts > 1:            1
 % Cross section > 1:    1.7192559168966711E-022   1.4512787453971274E-005
 Iteration  4   Mean: 0.1816E-14 Abs mean: 0.1816E-14   Fluctuation:  0.115E-14   0.913E-11    24.2%
  4    0.1816E-14 0.1816E-14 +- 0.1147E-14     56.50
 Relative summed weights:
  0.1259E-01  0.1717E-01  0.6486E+00  0.7846E-02  0.2803E-07  0.2679E-05
  0.2939E-01  0.3921E-03  0.1734E-04  0.1307E-02  0.1390E-06  0.7560E-07
  0.3092E-01  0.9567E-02  0.2088E-01  0.6569E-02  0.0000E+00  0.3619E-07
  0.8287E-03  0.4213E-02  0.2447E-02  0.2082E-03  0.2568E-05  0.2309E-04
  0.2969E-01  0.2065E-01  0.6824E-02  0.5799E-02  0.3236E-01  0.5127E-04
  0.2470E-01  0.3402E-01  0.1382E-01  0.4578E-02  0.1276E-05  0.1934E-04
  0.1249E-02  0.9962E-02  0.8903E-02  0.3092E-03  0.1518E-04  0.8633E-03
  0.4348E-03  0.1277E-01  0.3905E-04  0.5181E-05  0.2834E-05  0.1665E-06
 Relative number of events:
  0.6813E-01  0.7037E-01  0.3862E-01  0.3700E-01  0.3750E-03  0.7500E-03
  0.2013E-01  0.1650E-01  0.4000E-02  0.4375E-02  0.3750E-03  0.7500E-03
  0.7187E-01  0.5975E-01  0.3812E-01  0.3338E-01  0.0000E+00  0.2500E-03
  0.1862E-01  0.1750E-01  0.2625E-02  0.2125E-02  0.3750E-03  0.1000E-02
  0.6550E-01  0.6513E-01  0.3837E-01  0.3988E-01  0.6250E-03  0.6250E-03
  0.6513E-01  0.6388E-01  0.3488E-01  0.3650E-01  0.6250E-03  0.5000E-03
  0.1750E-01  0.1812E-01  0.2000E-02  0.3000E-02  0.5000E-03  0.8750E-03
  0.1600E-01  0.1700E-01  0.2375E-02  0.2500E-02  0.7500E-03  0.7500E-03
 Events:
         545         563         309         296           3           6
         161         132          32          35           3           6
         575         478         305         267           0           2
         149         140          21          17           3           8
         524         521         307         319           5           5
         521         511         279         292           5           4
         140         145          16          24           4           7
         128         136          19          20           6           6
 Accuracy:    0.413   0.100   0.229   3.271
 Found          252  events.
 Wrote            1  events.
 Actual xsec    1.0964416905682589E-015
 Correct abs xsec    1.0964416905682589E-015
 Event xsec    1.0964416905682589E-015
 Events wgts > 1:            1
 % Cross section > 1:    1.1122583993145666E-022   1.0144254900943345E-005
 Iteration  5   Mean: 0.1064E-13 Abs mean: 0.1064E-13   Fluctuation:  0.560E-14   0.724E-10    24.0%
  5    0.1064E-13 0.1064E-13 +- 0.5598E-14     66.55
 Relative summed weights:
  0.2495E-01  0.4899E-02  0.2362E-02  0.3354E-02  0.2021E-05  0.1208E-04
  0.1023E-01  0.1375E-01  0.3924E-04  0.2240E-05  0.1151E-05  0.1140E-04
  0.1782E-01  0.1991E-01  0.3466E-01  0.8528E-02  0.5016E-04  0.1220E-05
  0.1609E-03  0.3110E-01  0.2929E-03  0.5154E-03  0.7794E-05  0.2335E-06
  0.3137E-02  0.1155E-01  0.8651E-02  0.3133E+00  0.1154E-03  0.2672E-05
  0.3476E-02  0.4914E-02  0.4716E-02  0.4421E+00  0.3332E-03  0.3300E-04
  0.4382E-03  0.1791E-02  0.1992E-03  0.2187E-01  0.3070E-06  0.2579E-06
  0.7616E-02  0.3006E-02  0.2672E-04  0.1132E-04  0.9802E-05  0.2376E-07
 Relative number of events:
  0.6488E-01  0.6725E-01  0.3850E-01  0.3900E-01  0.7500E-03  0.5625E-03
  0.1794E-01  0.1769E-01  0.2625E-02  0.2250E-02  0.1125E-02  0.6250E-03
  0.6688E-01  0.6444E-01  0.4213E-01  0.3819E-01  0.5625E-03  0.6250E-03
  0.1469E-01  0.1681E-01  0.2750E-02  0.2625E-02  0.4375E-03  0.7500E-03
  0.6531E-01  0.6638E-01  0.3581E-01  0.3712E-01  0.5000E-03  0.5625E-03
  0.6488E-01  0.6406E-01  0.3694E-01  0.3900E-01  0.7500E-03  0.5000E-03
  0.1762E-01  0.1919E-01  0.2938E-02  0.2750E-02  0.8125E-03  0.5625E-03
  0.1644E-01  0.1613E-01  0.2563E-02  0.3375E-02  0.1187E-02  0.5625E-03
 Events:
        1038        1076         616         624          12           9
         287         283          42          36          18          10
        1070        1031         674         611           9          10
         235         269          44          42           7          12
        1045        1062         573         594           8           9
        1038        1025         591         624          12           8
         282         307          47          44          13           9
         263         258          41          54          19           9
 Accuracy:    0.640   0.100   0.210   9.315
 Found          674  events.
 Wrote            3  events.
 Actual xsec    4.7069742875980740E-015
 Correct abs xsec    4.7069742875980740E-015
 Event xsec    4.7069742875980732E-015
 Events wgts > 1:            1
 % Cross section > 1:    2.2063309456063448E-022   4.6873656213070494E-006

 -------------------------------------------------------------------------------
 Accumulated results:   Integral =  0.2754E-14
                        Std dev  =  0.5773E-15
                       Cross sec =  0.2754E-14
             Chi**2 per DoF.     =      9.3145
 -------------------------------------------------------------------------------
-------------------------------------------------
---------------------------
 Results Last   3 iters: Integral =   0.4707E-14
                     Abs integral =   0.4707E-14
                          Std dev =   0.1399E-14
                  Chi**2 per DoF. =      8.6554
-------------------------------------------------
---------------------------
 Status  0.10000000000000001                6           5

ls status:
events.lhe
ftn26
input_app.txt
results.dat
run1_app.log
