 Process in group number            1
 A PDF is used, so alpha_s(MZ) is going to be modified
 Old value of alpha_s from param_card:   0.11839999999999999     
  ****************************************
 
       NNPDFDriver version 1.0.3
   Grid: NNPDF23_lo_as_0130_qed_mem0.grid
  ****************************************
 New value of alpha_s from PDF nn23lo1:  0.13000000000000000     
 Define smin to   1600.0000000000000     
 Define smin to   1600.0000000000000     
 Define smin to   1600.0000000000000     
 *****************************************************
 *               MadGraph/MadEvent                   *
 *        --------------------------------           *
 *          http://madgraph.hep.uiuc.edu             *
 *          http://madgraph.phys.ucl.ac.be           *
 *          http://madgraph.roma2.infn.it            *
 *        --------------------------------           *
 *                                                   *
 *          PARAMETER AND COUPLING VALUES            *
 *                                                   *
 *****************************************************

  External Params
  ---------------------------------
  
 mdl_VeN1 =    1.0000000000000000     
 mdl_VeN2 =    0.0000000000000000     
 mdl_VeN3 =    0.0000000000000000     
 mdl_VmuN1 =    0.0000000000000000     
 mdl_VmuN2 =    1.0000000000000000     
 mdl_VmuN3 =    0.0000000000000000     
 mdl_VtaN1 =    0.0000000000000000     
 mdl_VtaN2 =    0.0000000000000000     
 mdl_VtaN3 =    1.0000000000000000     
 mdl_VN1N1 =    1.0000000000000000     
 mdl_VN1N2 =    1.0000000000000000     
 mdl_VN1N3 =    1.0000000000000000     
 mdl_VN2N2 =    1.0000000000000000     
 mdl_VN2N3 =    1.0000000000000000     
 mdl_VN3N3 =    1.0000000000000000     
 aEWM1 =    127.90000000000001     
 mdl_Gf =    1.1663700000000000E-005
 aS =   0.11839999999999999     
 mdl_ymt =    172.00000000000000     
 mdl_vevf =    50.000000000000000     
 mdl_MZ =    91.187600000000003     
 mdl_MT =    172.00000000000000     
 mdl_MH =    125.00000000000000     
 mdl_mN1 =    510.00000000000000     
 mdl_mN2 =    610.00000000000000     
 mdl_mN3 =    710.00000000000000     
 mdl_MJ =    91.187600000000003     
 mdl_MAx =    173.04800000000000     
 mdl_WZ =    2.4952000000000001     
 mdl_WW =    2.0850000000000000     
 mdl_WT =    1.5083359999999999     
 mdl_WH =    4.0699999999999998E-003
 mdl_WN1 =   0.30299999999999999     
 mdl_WN2 =    1.5000000000000000     
 mdl_WN3 =    12.300000000000001     
 mdl_WJ =    2.4952000000000001     
 mdl_WAx =    4.1700000000000001E-003
  Internal Params
  ---------------------------------
  
 mdl_vevf__exp__2 =    2500.0000000000000     
 mdl_sqrt__vevf__exp__2 =    50.000000000000000     
 mdl_muJ =    50.000000000000000     
 mdl_MZ__exp__2 =    8315.1783937600012     
 mdl_MZ__exp__4 =    69142191.720053151     
 mdl_sqrt__2 =    1.4142135623730951     
 mdl_MJ__exp__2 =    8315.1783937600012     
 mdl_muJ__exp__2 =    2500.0000000000000     
 mdl_lamJ =    4.3260713575040004     
 mdl_MH__exp__2 =    15625.000000000000     
 mdl_complexi =  (  0.0000000000000000     ,  1.0000000000000000     )
 mdl_aEW =    7.8186082877247844E-003
 mdl_MW =    79.824359746197842     
 mdl_sqrt__aEW =    8.8422894590285753E-002
 mdl_ee =   0.31345100004952897     
 mdl_MW__exp__2 =    6371.9284088904105     
 mdl_sw2 =   0.23369913342182447     
 mdl_cw =   0.87538612427783857     
 mdl_sqrt__sw2 =   0.48342438232036300     
 mdl_sw =   0.48342438232036300     
 mdl_g1 =   0.35807170271074895     
 mdl_gN =   0.64839716719502682     
 mdl_gw =   0.64839716719502682     
 mdl_vev =    246.22056907348590     
 mdl_vev__exp__2 =    60624.568634871241     
 mdl_lam =   0.12886689630821144     
 mdl_yt =   0.98791394091683138     
 mdl_muH =    88.388347648318444     
 mdl_I2a33 =  ( 0.98791394091683138     ,  0.0000000000000000     )
 mdl_I3a33 =  ( 0.98791394091683138     ,  0.0000000000000000     )
 mdl_ee__exp__2 =    9.8251529432049817E-002
 mdl_sw__exp__2 =   0.23369913342182450     
 mdl_cw__exp__2 =   0.76630086657817542     
  Internal Params evaluated point by point
  ----------------------------------------
  
 mdl_sqrt__aS =   0.34409301068170506     
 mdl_G__exp__2 =    1.4878582807401259     
  Couplings of SM_HeavyN_UFO
  ---------------------------------
  
         GC_1 =  -0.00000E+00  -0.10448E+00
         GC_2 =   0.00000E+00   0.20897E+00
         GC_3 =  -0.00000E+00  -0.31345E+00
         GC_4 =   0.00000E+00   0.31345E+00
        GC_26 =   0.00000E+00   0.45849E+00
        GC_27 =  -0.00000E+00  -0.28380E+00
        GC_28 =   0.00000E+00   0.28380E+00
        GC_30 =   0.00000E+00   0.56760E+00
        GC_35 =  -0.00000E+00  -0.28850E-01
        GC_37 =   0.00000E+00   0.17310E+00
        GC_39 =   0.00000E+00  -0.19725E+00
        GC_40 =   0.00000E+00   0.37035E+00
        GC_80 =   0.00000E+00   0.67543E+02
       GC_107 =  -0.00000E+00  -0.74070E+00
       GC_109 =  -0.00000E+00  -0.74070E+00
       GC_111 =  -0.00000E+00  -0.74070E+00
       GC_113 =  -0.00000E+00  -0.74070E+00
       GC_115 =  -0.00000E+00  -0.74070E+00
       GC_117 =  -0.00000E+00  -0.74070E+00
       GC_119 =   0.00000E+00   0.00000E+00
       GC_120 =   0.00000E+00   0.00000E+00
       GC_122 =  -0.00000E+00  -0.00000E+00
       GC_126 =   0.00000E+00   0.00000E+00
       GC_127 =   0.00000E+00   0.00000E+00
       GC_129 =  -0.00000E+00  -0.00000E+00
       GC_133 =   0.00000E+00   0.45849E+00
       GC_134 =   0.00000E+00   0.37035E+00
       GC_136 =  -0.00000E+00  -0.28836E+01
        GC_81 =   0.10200E+02   0.00000E+00
        GC_82 =   0.12200E+02   0.00000E+00
        GC_83 =   0.14200E+02   0.00000E+00

 Collider parameters:
 --------------------

 Running at P P   machine @    13000.000000000000       GeV
 PDF set = nn23lo1
 alpha_s(Mz)= 0.1300 running at 2 loops.
 alpha_s(Mz)= 0.1300 running at 2 loops.
 Renormalization scale set on event-by-event basis
 Factorization   scale set on event-by-event basis


 getting user params
Enter number of events and max and min iterations: 
 Number of events and iterations         1000           5           3
Enter desired fractional accuracy: 
 Desired fractional accuracy:   0.10000000000000001     
Enter 0 for fixed, 2 for adjustable grid: 
Suppress amplitude (0 no, 1 yes)? 
 Using suppressed amplitude.
Exact helicity sum (0 yes, n = number/event)? 
 Explicitly summing over helicities
Enter Configuration Number: 
Running Configuration Number:  171
 Using dconfig=         644
 BW Setting            2           1           2           2           1           2           0
 Attempting mappinvarients           1           9
 Completed mapping           9
 about to integrate           19        1000           5           3          19           1
 Using non-zero grid deformation.
 19 dimensions   1000 events 19 invarients  5 iterations  1 config(s),  (0.99)
 Using h-tuple random number sequence.
 Error opening grid
 Using Uniform Grid!          36
 Using uniform alpha   1.0000000000000000     
 Grid defined OK
 Set CM energy to      13000.00
 Mapping Graph         171  to config         171
Setting grid   1    0.75740E-07   1
 Setting BW          -2           2   91.187600000000003     
Setting grid   3    0.40068E-04   1
Setting grid   4    0.40068E-04   1
 Setting BW          -5           5   710.00000000000000     
Setting grid   6    0.24885E-02   1
 Transforming s_hat 1/s           18   2.4884748520710063E-003   1600.0000000000000        168999999.99999997     
 171   1   2   3   4   5   6   7   8   9  10  11  12  13  14
  15  16  17  18  19
 Masses: 0.000E+00 0.000E+00 0.000E+00 0.000E+00 0.000E+00 0.000E+00 0.000E+00 0.000E+00 0.912E+02
Using random seed offsets   171 :      1
  with seed                   24
 Ranmar initialization seeds       31229        9398
 
 ********************************************
 * You are using the DiscreteSampler module *
 *      part of the MG5_aMC framework       *
 *         Author: Valentin Hirschi         *
 ********************************************
 
  Particle       3       4       5       6       7       8       9
      Et >    10.0    10.0    10.0    10.0     0.0     0.0     0.0
       E >     0.0     0.0     0.0     0.0     0.0     0.0     0.0
     Eta <     2.5     2.5     2.5     2.5    -1.0    -1.0    -1.0
   xqcut:      0.0     0.0     0.0     0.0     0.0     0.0     0.0
d R # 3  >    -0.0     0.4     0.4     0.4     0.0     0.0     0.0
d R # 4  >    -0.0    -0.0     0.4     0.4     0.0     0.0     0.0
d R # 5  >    -0.0    -0.0    -0.0     0.4     0.0     0.0     0.0
d R # 6  >    -0.0    -0.0    -0.0    -0.0     0.0     0.0     0.0
d R # 7  >    -0.0    -0.0    -0.0    -0.0    -0.0     0.0     0.0
d R # 8  >    -0.0    -0.0    -0.0    -0.0    -0.0    -0.0     0.0
s min # 3>     0.0     0.0     0.0     0.0     0.0     0.0     0.0
s min # 4>     0.0     0.0     0.0     0.0     0.0     0.0     0.0
s min # 5>     0.0     0.0     0.0     0.0     0.0     0.0     0.0
s min # 6>     0.0     0.0     0.0     0.0     0.0     0.0     0.0
s min # 7>     0.0     0.0     0.0     0.0     0.0     0.0     0.0
s min # 8>     0.0     0.0     0.0     0.0     0.0     0.0     0.0
xqcutij # 3>     0.0     0.0     0.0     0.0     0.0     0.0     0.0
xqcutij # 4>     0.0     0.0     0.0     0.0     0.0     0.0     0.0
xqcutij # 5>     0.0     0.0     0.0     0.0     0.0     0.0     0.0
xqcutij # 6>     0.0     0.0     0.0     0.0     0.0     0.0     0.0
xqcutij # 7>     0.0     0.0     0.0     0.0     0.0     0.0     0.0
xqcutij # 8>     0.0     0.0     0.0     0.0     0.0     0.0     0.0
 Excluding BW           -1           1
 Requiring BW           -2           2
 Excluding BW           -3           3
 Excluding BW           -4           4
 Requiring BW           -5           5
 Excluding BW           -6           6
 alpha_s for scale    654.97219438954403       is    9.7974935228837226E-002
 Added good helicity            1   19.739312908579823       in event            1 local:           1
 Added good helicity           21   4.2450265466445845E-003  in event            1 local:           1
 Added good helicity           25   5.7076663744961859E-003  in event            1 local:           1
 Added good helicity           37   4.0162601599341437E-002  in event            1 local:           1
 Added good helicity           41   133.22260837075618       in event            1 local:           1
 Added good helicity           61   1.1501298290522903E-003  in event            1 local:           1
 Added good helicity          193   59.064922912287294       in event            1 local:           1
 Added good helicity          213   5.3424806003694661E-002  in event            1 local:           1
 Added good helicity          217   2.0939840706279210E-002  in event            1 local:           1
 Added good helicity          229   7.9264548589103078E-004  in event            1 local:           1
 Added good helicity          233   43.846268674305847       in event            1 local:           1
 Added good helicity          253   4.6441752549860005E-004  in event            1 local:           1
 Added good helicity            1   19.739312908579912       in event            1 local:           1
 Added good helicity           21   4.2450265466445793E-003  in event            1 local:           1
 Added good helicity           25   5.7076663744961842E-003  in event            1 local:           1
 Added good helicity           37   4.0162601599341395E-002  in event            1 local:           1
 Added good helicity           41   133.22260837075652       in event            1 local:           1
 Added good helicity           61   1.1501298290522855E-003  in event            1 local:           1
 Added good helicity          193   59.064922912286818       in event            1 local:           1
 Added good helicity          213   5.3424806003694376E-002  in event            1 local:           1
 Added good helicity          217   2.0939840706279071E-002  in event            1 local:           1
 Added good helicity          229   7.9264548589104086E-004  in event            1 local:           1
 Added good helicity          233   43.846268674305854       in event            1 local:           1
 Added good helicity          253   4.6441752549860157E-004  in event            1 local:           1
 RESET CUMULATIVE VARIABLE
 RESET CUMULATIVE VARIABLE
 RESET CUMULATIVE VARIABLE
 Iteration  1   Mean: 0.1519E-09 Abs mean: 0.1519E-09   Fluctuation:  0.924E-10   0.903E-07     9.3%
  1    0.1519E-09 0.1519E-09 +- 0.9240E-10     19.24
 Writing out events   3.2824781068299438E-013   19.238233790112986     
 Relative summed weights:
  0.3640E-02  0.2316E-01  0.5358E-02  0.3140E-01  0.2798E-05  0.1804E-02
  0.4356E-02  0.7595E-01  0.1312E-03  0.5433E-02  0.2639E-06  0.0000E+00
  0.6051E+00  0.1009E-01  0.6738E-01  0.6443E-01  0.1348E-08  0.2292E-05
  0.6144E-02  0.3336E-01  0.5369E-01  0.8535E-02  0.0000E+00  0.1174E-11
 Relative number of events:
  0.8028E-01  0.8622E-01  0.1308E+00  0.1090E+00  0.2973E-02  0.6938E-02
  0.2379E-01  0.2775E-01  0.9911E-02  0.1189E-01  0.9911E-03  0.0000E+00
  0.8920E-01  0.8325E-01  0.1278E+00  0.1288E+00  0.1982E-02  0.9911E-03
  0.2577E-01  0.3469E-01  0.7929E-02  0.7929E-02  0.0000E+00  0.9911E-03
 Events:
          81          87         132         110           3           7
          24          28          10          12           1           0
          90          84         129         130           2           1
          26          35           8           8           0           1
 Iteration  2   Mean: 0.9750E-10 Abs mean: 0.9750E-10   Fluctuation:  0.399E-10   0.697E-07    33.1%
  2    0.9750E-10 0.9750E-10 +- 0.3995E-10     18.32
 Relative summed weights:
  0.3634E-01  0.3011E-01  0.4538E-02  0.8288E-01  0.8855E-03  0.5153E-02
  0.2130E-01  0.1811E+00  0.4987E-02  0.5350E-02  0.4685E-07  0.0000E+00
  0.7692E-01  0.6767E-01  0.8504E-01  0.2579E-01  0.3483E-06  0.3932E-09
  0.9479E-02  0.3587E+00  0.3614E-02  0.7503E-04  0.3808E-04  0.0000E+00
 Relative number of events:
  0.8700E-01  0.8350E-01  0.1170E+00  0.1310E+00  0.3500E-02  0.3500E-02
  0.3150E-01  0.3450E-01  0.8500E-02  0.4500E-02  0.5000E-03  0.0000E+00
  0.9900E-01  0.7500E-01  0.1270E+00  0.1205E+00  0.3000E-02  0.5000E-03
  0.2750E-01  0.2950E-01  0.6500E-02  0.6000E-02  0.5000E-03  0.0000E+00
 Events:
         174         167         234         262           7           7
          63          69          17           9           1           0
         198         150         254         241           6           1
          55          59          13          12           1           0
 Iteration  3   Mean: 0.3663E-09 Abs mean: 0.3663E-09   Fluctuation:  0.229E-09   0.848E-06    44.7%
  3    0.3663E-09 0.3663E-09 +- 0.2286E-09     39.47
 Relative summed weights:
  0.1058E-01  0.4272E-01  0.4597E-02  0.4255E-02  0.4046E-04  0.1286E-04
  0.1237E-01  0.1036E-01  0.2794E-01  0.2347E+00  0.0000E+00  0.0000E+00
  0.1961E-01  0.6436E-02  0.4922E-02  0.1993E-01  0.5544E-04  0.6050E-05
  0.1184E-01  0.3516E-02  0.2282E-02  0.5835E+00  0.7828E-07  0.3720E-03
 Relative number of events:
  0.8950E-01  0.9250E-01  0.1258E+00  0.1105E+00  0.3500E-02  0.2500E-02
  0.3600E-01  0.3250E-01  0.7250E-02  0.5250E-02  0.0000E+00  0.0000E+00
  0.9475E-01  0.8200E-01  0.1153E+00  0.1092E+00  0.3500E-02  0.4000E-02
  0.3375E-01  0.4000E-01  0.6500E-02  0.5250E-02  0.2500E-03  0.2500E-03
 Events:
         358         370         503         442          14          10
         144         130          29          21           0           0
         379         328         461         437          14          16
         135         160          26          21           1           1
 Accuracy:    0.444   0.100   0.298   2.214
 Found          160  events.
 Wrote            1  events.
 Actual xsec    1.7207022178882166E-010
 Correct abs xsec    1.7207022178882166E-010
 Event xsec    1.7207022178882166E-010
 Events wgts > 1:            1
 % Cross section > 1:    2.3501558399221563E-017   1.3658120594546890E-005
 Iteration  4   Mean: 0.4623E-09 Abs mean: 0.4623E-09   Fluctuation:  0.357E-09   0.285E-05    49.6%
  4    0.4623E-09 0.4623E-09 +- 0.3571E-09     69.10
 Relative summed weights:
  0.3869E-02  0.6067E-02  0.2003E-01  0.5648E-01  0.3063E-03  0.1975E-04
  0.2291E-01  0.1469E-01  0.1550E-01  0.5314E-02  0.0000E+00  0.1339E-06
  0.4102E-01  0.2094E-01  0.3658E-02  0.3949E-02  0.1478E-04  0.6007E-04
  0.2443E-02  0.7782E+00  0.2225E-02  0.2262E-02  0.0000E+00  0.0000E+00
 Relative number of events:
  0.8263E-01  0.8675E-01  0.1212E+00  0.1320E+00  0.2125E-02  0.3000E-02
  0.3388E-01  0.3537E-01  0.5625E-02  0.5750E-02  0.0000E+00  0.1250E-03
  0.8712E-01  0.8475E-01  0.1158E+00  0.1209E+00  0.2750E-02  0.4000E-02
  0.3200E-01  0.3400E-01  0.4250E-02  0.6000E-02  0.0000E+00  0.0000E+00
 Events:
         661         694         970        1056          17          24
         271         283          45          46           0           1
         697         678         926         967          22          32
         256         272          34          48           0           0
 Accuracy:    0.386   0.100   0.278   1.924
 Found          111  events.
 Wrote            1  events.
 Actual xsec    2.2510063419503510E-010
 Correct abs xsec    2.2510063419503510E-010
 Event xsec    2.2510063419503512E-010
 Events wgts > 1:            0
 % Cross section > 1:    0.0000000000000000        0.0000000000000000     
 Iteration  5   Mean: 0.8253E-09 Abs mean: 0.8253E-09   Fluctuation:  0.492E-09   0.767E-05    48.6%
  5    0.8253E-09 0.8253E-09 +- 0.4924E-09     75.47
 Relative summed weights:
  0.4489E-02  0.6180E+00  0.3317E-01  0.3882E-01  0.1295E-03  0.3483E-04
  0.3228E-02  0.3543E-01  0.1315E+00  0.2977E-02  0.5821E-06  0.3381E-06
  0.1227E-01  0.2719E-01  0.2372E-01  0.7724E-02  0.2620E-02  0.6108E-05
  0.1890E-01  0.2659E-01  0.1082E-01  0.2299E-02  0.0000E+00  0.4690E-04
 Relative number of events:
  0.9181E-01  0.9100E-01  0.1187E+00  0.1116E+00  0.2812E-02  0.3375E-02
  0.3750E-01  0.3575E-01  0.5812E-02  0.5750E-02  0.6250E-04  0.1875E-03
  0.8725E-01  0.8725E-01  0.1138E+00  0.1168E+00  0.3625E-02  0.2563E-02
  0.3406E-01  0.3787E-01  0.5938E-02  0.6375E-02  0.0000E+00  0.1250E-03
 Events:
        1469        1456        1900        1785          45          54
         600         572          93          92           1           3
        1396        1396        1820        1869          58          41
         545         606          95         102           0           2
 Accuracy:    0.419   0.100   0.252   2.757
 Found          285  events.
 Wrote            2  events.
 Actual xsec    5.7198427585691222E-010
 Correct abs xsec    5.7198427585691222E-010
 Event xsec    5.7198427585691222E-010
 Events wgts > 1:            0
 % Cross section > 1:    0.0000000000000000        0.0000000000000000     

 -------------------------------------------------------------------------------
 Accumulated results:   Integral =  0.3198E-09
                        Std dev  =  0.8069E-10
                       Cross sec =  0.3198E-09
             Chi**2 per DoF.     =      2.7569
 -------------------------------------------------------------------------------
-------------------------------------------------
---------------------------
 Results Last   3 iters: Integral =   0.5720E-09
                     Abs integral =   0.5720E-09
                          Std dev =   0.2154E-09
                  Chi**2 per DoF. =      0.5840
-------------------------------------------------
---------------------------
 Status  0.10000000000000001                6           5

ls status:
events.lhe
ftn26
input_app.txt
results.dat
run1_app.log
