 Process in group number            1
 A PDF is used, so alpha_s(MZ) is going to be modified
 Old value of alpha_s from param_card:   0.11839999999999999     
  ****************************************
 
       NNPDFDriver version 1.0.3
   Grid: NNPDF23_lo_as_0130_qed_mem0.grid
  ****************************************
 New value of alpha_s from PDF nn23lo1:  0.13000000000000000     
 Define smin to   1600.0000000000000     
 Define smin to   1600.0000000000000     
 Define smin to   1600.0000000000000     
 *****************************************************
 *               MadGraph/MadEvent                   *
 *        --------------------------------           *
 *          http://madgraph.hep.uiuc.edu             *
 *          http://madgraph.phys.ucl.ac.be           *
 *          http://madgraph.roma2.infn.it            *
 *        --------------------------------           *
 *                                                   *
 *          PARAMETER AND COUPLING VALUES            *
 *                                                   *
 *****************************************************

  External Params
  ---------------------------------
  
 mdl_VeN1 =    1.0000000000000000     
 mdl_VeN2 =    0.0000000000000000     
 mdl_VeN3 =    0.0000000000000000     
 mdl_VmuN1 =    0.0000000000000000     
 mdl_VmuN2 =    1.0000000000000000     
 mdl_VmuN3 =    0.0000000000000000     
 mdl_VtaN1 =    0.0000000000000000     
 mdl_VtaN2 =    0.0000000000000000     
 mdl_VtaN3 =    1.0000000000000000     
 mdl_VN1N1 =    1.0000000000000000     
 mdl_VN1N2 =    1.0000000000000000     
 mdl_VN1N3 =    1.0000000000000000     
 mdl_VN2N2 =    1.0000000000000000     
 mdl_VN2N3 =    1.0000000000000000     
 mdl_VN3N3 =    1.0000000000000000     
 aEWM1 =    127.90000000000001     
 mdl_Gf =    1.1663700000000000E-005
 aS =   0.11839999999999999     
 mdl_ymt =    172.00000000000000     
 mdl_vevf =    50.000000000000000     
 mdl_MZ =    91.187600000000003     
 mdl_MT =    172.00000000000000     
 mdl_MH =    125.00000000000000     
 mdl_mN1 =    510.00000000000000     
 mdl_mN2 =    610.00000000000000     
 mdl_mN3 =    710.00000000000000     
 mdl_MJ =    91.187600000000003     
 mdl_MAx =    173.04800000000000     
 mdl_WZ =    2.4952000000000001     
 mdl_WW =    2.0850000000000000     
 mdl_WT =    1.5083359999999999     
 mdl_WH =    4.0699999999999998E-003
 mdl_WN1 =   0.30299999999999999     
 mdl_WN2 =    1.5000000000000000     
 mdl_WN3 =    12.300000000000001     
 mdl_WJ =    2.4952000000000001     
 mdl_WAx =    4.1700000000000001E-003
  Internal Params
  ---------------------------------
  
 mdl_vevf__exp__2 =    2500.0000000000000     
 mdl_sqrt__vevf__exp__2 =    50.000000000000000     
 mdl_muJ =    50.000000000000000     
 mdl_MZ__exp__2 =    8315.1783937600012     
 mdl_MZ__exp__4 =    69142191.720053151     
 mdl_sqrt__2 =    1.4142135623730951     
 mdl_MJ__exp__2 =    8315.1783937600012     
 mdl_muJ__exp__2 =    2500.0000000000000     
 mdl_lamJ =    4.3260713575040004     
 mdl_MH__exp__2 =    15625.000000000000     
 mdl_complexi =  (  0.0000000000000000     ,  1.0000000000000000     )
 mdl_aEW =    7.8186082877247844E-003
 mdl_MW =    79.824359746197842     
 mdl_sqrt__aEW =    8.8422894590285753E-002
 mdl_ee =   0.31345100004952897     
 mdl_MW__exp__2 =    6371.9284088904105     
 mdl_sw2 =   0.23369913342182447     
 mdl_cw =   0.87538612427783857     
 mdl_sqrt__sw2 =   0.48342438232036300     
 mdl_sw =   0.48342438232036300     
 mdl_g1 =   0.35807170271074895     
 mdl_gN =   0.64839716719502682     
 mdl_gw =   0.64839716719502682     
 mdl_vev =    246.22056907348590     
 mdl_vev__exp__2 =    60624.568634871241     
 mdl_lam =   0.12886689630821144     
 mdl_yt =   0.98791394091683138     
 mdl_muH =    88.388347648318444     
 mdl_I2a33 =  ( 0.98791394091683138     ,  0.0000000000000000     )
 mdl_I3a33 =  ( 0.98791394091683138     ,  0.0000000000000000     )
 mdl_ee__exp__2 =    9.8251529432049817E-002
 mdl_sw__exp__2 =   0.23369913342182450     
 mdl_cw__exp__2 =   0.76630086657817542     
  Internal Params evaluated point by point
  ----------------------------------------
  
 mdl_sqrt__aS =   0.34409301068170506     
 mdl_G__exp__2 =    1.4878582807401259     
  Couplings of SM_HeavyN_UFO
  ---------------------------------
  
         GC_1 =  -0.00000E+00  -0.10448E+00
         GC_2 =   0.00000E+00   0.20897E+00
         GC_3 =  -0.00000E+00  -0.31345E+00
         GC_4 =   0.00000E+00   0.31345E+00
        GC_26 =   0.00000E+00   0.45849E+00
        GC_27 =  -0.00000E+00  -0.28380E+00
        GC_28 =   0.00000E+00   0.28380E+00
        GC_30 =   0.00000E+00   0.56760E+00
        GC_35 =  -0.00000E+00  -0.28850E-01
        GC_37 =   0.00000E+00   0.17310E+00
        GC_39 =   0.00000E+00  -0.19725E+00
        GC_40 =   0.00000E+00   0.37035E+00
        GC_80 =   0.00000E+00   0.67543E+02
       GC_107 =  -0.00000E+00  -0.74070E+00
       GC_109 =  -0.00000E+00  -0.74070E+00
       GC_111 =  -0.00000E+00  -0.74070E+00
       GC_113 =  -0.00000E+00  -0.74070E+00
       GC_115 =  -0.00000E+00  -0.74070E+00
       GC_117 =  -0.00000E+00  -0.74070E+00
       GC_119 =   0.00000E+00   0.00000E+00
       GC_120 =   0.00000E+00   0.00000E+00
       GC_122 =  -0.00000E+00  -0.00000E+00
       GC_126 =   0.00000E+00   0.00000E+00
       GC_127 =   0.00000E+00   0.00000E+00
       GC_129 =  -0.00000E+00  -0.00000E+00
       GC_133 =   0.00000E+00   0.45849E+00
       GC_134 =   0.00000E+00   0.37035E+00
       GC_136 =  -0.00000E+00  -0.28836E+01
        GC_81 =   0.10200E+02   0.00000E+00
        GC_82 =   0.12200E+02   0.00000E+00
        GC_83 =   0.14200E+02   0.00000E+00

 Collider parameters:
 --------------------

 Running at P P   machine @    13000.000000000000       GeV
 PDF set = nn23lo1
 alpha_s(Mz)= 0.1300 running at 2 loops.
 alpha_s(Mz)= 0.1300 running at 2 loops.
 Renormalization scale set on event-by-event basis
 Factorization   scale set on event-by-event basis


 getting user params
Enter number of events and max and min iterations: 
 Number of events and iterations         1000           5           3
Enter desired fractional accuracy: 
 Desired fractional accuracy:   0.10000000000000001     
Enter 0 for fixed, 2 for adjustable grid: 
Suppress amplitude (0 no, 1 yes)? 
 Using suppressed amplitude.
Exact helicity sum (0 yes, n = number/event)? 
 Explicitly summing over helicities
Enter Configuration Number: 
Running Configuration Number:  171
 Using dconfig=         638
 BW Setting            2           2           1           2           1           2           0
 Attempting mappinvarients           1           9
 Completed mapping           9
 about to integrate           19        1000           5           3          19           1
 Using non-zero grid deformation.
 19 dimensions   1000 events 19 invarients  5 iterations  1 config(s),  (0.99)
 Using h-tuple random number sequence.
 Error opening grid
 Using Uniform Grid!          36
 Using uniform alpha   1.0000000000000000     
 Grid defined OK
 Set CM energy to      13000.00
 Mapping Graph         171  to config         171
Setting grid   1    0.75740E-07   1
Setting grid   2    0.75740E-07   1
 Setting BW          -3           3   125.00000000000000     
Setting grid   4    0.92426E-04   1
 Setting BW          -5           5   710.00000000000000     
Setting grid   6    0.24885E-02   1
 Transforming s_hat 1/s           18   2.4884748520710063E-003   1600.0000000000000        168999999.99999997     
 171   1   2   3   4   5   6   7   8   9  10  11  12  13  14
  15  16  17  18  19
 Masses: 0.000E+00 0.000E+00 0.000E+00 0.000E+00 0.000E+00 0.000E+00 0.000E+00 0.000E+00 0.912E+02
Using random seed offsets   171 :      1
  with seed                   24
 Ranmar initialization seeds       31229        9398
 
 ********************************************
 * You are using the DiscreteSampler module *
 *      part of the MG5_aMC framework       *
 *         Author: Valentin Hirschi         *
 ********************************************
 
  Particle       3       4       5       6       7       8       9
      Et >    10.0    10.0    10.0    10.0     0.0     0.0     0.0
       E >     0.0     0.0     0.0     0.0     0.0     0.0     0.0
     Eta <     2.5     2.5     2.5     2.5    -1.0    -1.0    -1.0
   xqcut:      0.0     0.0     0.0     0.0     0.0     0.0     0.0
d R # 3  >    -0.0     0.4     0.4     0.4     0.0     0.0     0.0
d R # 4  >    -0.0    -0.0     0.4     0.4     0.0     0.0     0.0
d R # 5  >    -0.0    -0.0    -0.0     0.4     0.0     0.0     0.0
d R # 6  >    -0.0    -0.0    -0.0    -0.0     0.0     0.0     0.0
d R # 7  >    -0.0    -0.0    -0.0    -0.0    -0.0     0.0     0.0
d R # 8  >    -0.0    -0.0    -0.0    -0.0    -0.0    -0.0     0.0
s min # 3>     0.0     0.0     0.0     0.0     0.0     0.0     0.0
s min # 4>     0.0     0.0     0.0     0.0     0.0     0.0     0.0
s min # 5>     0.0     0.0     0.0     0.0     0.0     0.0     0.0
s min # 6>     0.0     0.0     0.0     0.0     0.0     0.0     0.0
s min # 7>     0.0     0.0     0.0     0.0     0.0     0.0     0.0
s min # 8>     0.0     0.0     0.0     0.0     0.0     0.0     0.0
xqcutij # 3>     0.0     0.0     0.0     0.0     0.0     0.0     0.0
xqcutij # 4>     0.0     0.0     0.0     0.0     0.0     0.0     0.0
xqcutij # 5>     0.0     0.0     0.0     0.0     0.0     0.0     0.0
xqcutij # 6>     0.0     0.0     0.0     0.0     0.0     0.0     0.0
xqcutij # 7>     0.0     0.0     0.0     0.0     0.0     0.0     0.0
xqcutij # 8>     0.0     0.0     0.0     0.0     0.0     0.0     0.0
 Excluding BW           -1           1
 Excluding BW           -2           2
 Requiring BW           -3           3
 Excluding BW           -4           4
 Requiring BW           -5           5
 Excluding BW           -6           6
 alpha_s for scale    788.98145818887451       is    9.5761041896393076E-002
 Added good helicity            1   1.5905847635057082       in event            1 local:           1
 Added good helicity           21  0.10136382097698002       in event            1 local:           1
 Added good helicity           25  0.10168084267443153       in event            1 local:           1
 Added good helicity           37  0.10162392479535096       in event            1 local:           1
 Added good helicity           41  0.10139253391620981       in event            1 local:           1
 Added good helicity           61  0.94316528325626714       in event            1 local:           1
 Added good helicity          193   136.87182924730811       in event            1 local:           1
 Added good helicity          213   8.7107626910223281       in event            1 local:           1
 Added good helicity          217   8.7595394824516344       in event            1 local:           1
 Added good helicity          229   8.7684567584297088       in event            1 local:           1
 Added good helicity          233   8.7147705855447803       in event            1 local:           1
 Added good helicity          253   81.234830066118505       in event            1 local:           1
 Added good helicity            1   1.5905847635056998       in event            1 local:           1
 Added good helicity           21  0.10136382097697903       in event            1 local:           1
 Added good helicity           25  0.10168084267443302       in event            1 local:           1
 Added good helicity           37  0.10162392479535196       in event            1 local:           1
 Added good helicity           41  0.10139253391620914       in event            1 local:           1
 Added good helicity           61  0.94316528325626536       in event            1 local:           1
 Added good helicity          193   136.87182924730797       in event            1 local:           1
 Added good helicity          213   8.7107626910222713       in event            1 local:           1
 Added good helicity          217   8.7595394824517587       in event            1 local:           1
 Added good helicity          229   8.7684567584298119       in event            1 local:           1
 Added good helicity          233   8.7147705855447306       in event            1 local:           1
 Added good helicity          253   81.234830066118519       in event            1 local:           1
 RESET CUMULATIVE VARIABLE
 RESET CUMULATIVE VARIABLE
 RESET CUMULATIVE VARIABLE
 Iteration  1   Mean: 0.8176E-08 Abs mean: 0.8176E-08   Fluctuation:  0.166E-08   0.901E-06     1.2%
  1    0.8176E-08 0.8176E-08 +- 0.1656E-08      6.40
 Writing out events   1.3084487715651563E-010   6.4039387679464479     
 Relative summed weights:
  0.2658E-01  0.3864E-01  0.1495E-01  0.2030E-01  0.6371E-06  0.2856E-05
  0.9641E-01  0.2399E+00  0.1636E-01  0.3115E-01  0.0000E+00  0.3523E-06
  0.6185E-01  0.9448E-01  0.2688E-01  0.9018E-01  0.8649E-08  0.1064E-04
  0.6191E-01  0.7474E-01  0.5151E-01  0.5416E-01  0.0000E+00  0.4026E-10
 Relative number of events:
  0.9713E-01  0.8920E-01  0.9613E-01  0.9713E-01  0.9911E-03  0.1982E-02
  0.2973E-01  0.3964E-01  0.3072E-01  0.1883E-01  0.0000E+00  0.9911E-03
  0.9217E-01  0.9911E-01  0.9118E-01  0.8325E-01  0.9911E-03  0.2973E-02
  0.3271E-01  0.3865E-01  0.3271E-01  0.2279E-01  0.0000E+00  0.9911E-03
 Events:
          98          90          97          98           1           2
          30          40          31          19           0           1
          93         100          92          84           1           3
          33          39          33          23           0           1
 Iteration  2   Mean: 0.7300E-08 Abs mean: 0.7300E-08   Fluctuation:  0.877E-09   0.923E-06    11.4%
  2    0.7300E-08 0.7300E-08 +- 0.8774E-09      5.37
 Relative summed weights:
  0.5994E-01  0.5349E-01  0.6089E-01  0.7781E-01  0.3580E-04  0.2271E-02
  0.4274E-01  0.4713E-01  0.8190E-01  0.7399E-01  0.8771E-03  0.0000E+00
  0.4359E-01  0.5037E-01  0.3609E-01  0.1152E+00  0.6276E-04  0.3026E-02
  0.6511E-01  0.6877E-01  0.6176E-01  0.5488E-01  0.3520E-04  0.0000E+00
 Relative number of events:
  0.9750E-01  0.9550E-01  0.8750E-01  0.9050E-01  0.2500E-02  0.3000E-02
  0.3500E-01  0.3850E-01  0.2600E-01  0.1700E-01  0.1000E-02  0.0000E+00
  0.9250E-01  0.8900E-01  0.9550E-01  0.8850E-01  0.2500E-02  0.4000E-02
  0.4250E-01  0.4150E-01  0.2550E-01  0.2400E-01  0.5000E-03  0.0000E+00
 Events:
         195         191         175         181           5           6
          70          77          52          34           2           0
         185         178         191         177           5           8
          85          83          51          48           1           0
 Iteration  3   Mean: 0.7086E-08 Abs mean: 0.7086E-08   Fluctuation:  0.458E-09   0.565E-06    15.3%
  3    0.7086E-08 0.7086E-08 +- 0.4577E-09      4.08
 Relative summed weights:
  0.8137E-01  0.6830E-01  0.5597E-01  0.3911E-01  0.1764E-02  0.5554E-03
  0.7011E-01  0.6523E-01  0.4965E-01  0.6344E-01  0.1052E-02  0.1948E-03
  0.4997E-01  0.6453E-01  0.7232E-01  0.5996E-01  0.7410E-04  0.5757E-02
  0.3879E-01  0.7287E-01  0.8346E-01  0.5527E-01  0.2144E-03  0.4994E-04
 Relative number of events:
  0.1020E+00  0.1025E+00  0.9375E-01  0.8525E-01  0.3250E-02  0.2250E-02
  0.4175E-01  0.3875E-01  0.1800E-01  0.2175E-01  0.7500E-03  0.1500E-02
  0.9250E-01  0.9775E-01  0.9250E-01  0.9350E-01  0.1500E-02  0.1250E-02
  0.2675E-01  0.3950E-01  0.1925E-01  0.2350E-01  0.2500E-03  0.2500E-03
 Events:
         408         410         375         341          13           9
         167         155          72          87           3           6
         370         391         370         374           6           5
         107         158          77          94           1           1
 Accuracy:    0.028   0.100   0.055   0.259
 Finished due to accuracy    2.7891758773171002E-002  0.10000000000000001     

 -------------------------------------------------------------------------------
 Accumulated results:   Integral =  0.7211E-08
                        Std dev  =  0.3949E-09
                       Cross sec =  0.7211E-08
             Chi**2 per DoF.     =      0.2593
 -------------------------------------------------------------------------------
 Found          995  events.
 Wrote           71  events.
 Actual xsec    7.2105637440613245E-009
 Correct abs xsec    7.2105637440613245E-009
 Event xsec    7.2105637440613312E-009
 Events wgts > 1:            5
 % Cross section > 1:    6.1033501244964620E-011  0.84644562355103270     
-------------------------------------------------
---------------------------
 Results Last   3 iters: Integral =   0.7211E-08
                     Abs integral =   0.7211E-08
                          Std dev =   0.3949E-09
                  Chi**2 per DoF. =      0.2119
-------------------------------------------------
---------------------------
 Status  0.10000000000000001                4           5

ls status:
events.lhe
ftn26
input_app.txt
results.dat
run1_app.log
