 Process in group number            1
 A PDF is used, so alpha_s(MZ) is going to be modified
 Old value of alpha_s from param_card:   0.11839999999999999     
  ****************************************
 
       NNPDFDriver version 1.0.3
   Grid: NNPDF23_lo_as_0130_qed_mem0.grid
  ****************************************
 New value of alpha_s from PDF nn23lo1:  0.13000000000000000     
 Define smin to   1600.0000000000000     
 Define smin to   1600.0000000000000     
 Define smin to   1600.0000000000000     
 *****************************************************
 *               MadGraph/MadEvent                   *
 *        --------------------------------           *
 *          http://madgraph.hep.uiuc.edu             *
 *          http://madgraph.phys.ucl.ac.be           *
 *          http://madgraph.roma2.infn.it            *
 *        --------------------------------           *
 *                                                   *
 *          PARAMETER AND COUPLING VALUES            *
 *                                                   *
 *****************************************************

  External Params
  ---------------------------------
  
 mdl_VeN1 =    1.0000000000000000     
 mdl_VeN2 =    0.0000000000000000     
 mdl_VeN3 =    0.0000000000000000     
 mdl_VmuN1 =    0.0000000000000000     
 mdl_VmuN2 =    1.0000000000000000     
 mdl_VmuN3 =    0.0000000000000000     
 mdl_VtaN1 =    0.0000000000000000     
 mdl_VtaN2 =    0.0000000000000000     
 mdl_VtaN3 =    1.0000000000000000     
 mdl_VN1N1 =    1.0000000000000000     
 mdl_VN1N2 =    1.0000000000000000     
 mdl_VN1N3 =    1.0000000000000000     
 mdl_VN2N2 =    1.0000000000000000     
 mdl_VN2N3 =    1.0000000000000000     
 mdl_VN3N3 =    1.0000000000000000     
 aEWM1 =    127.90000000000001     
 mdl_Gf =    1.1663700000000000E-005
 aS =   0.11839999999999999     
 mdl_ymt =    172.00000000000000     
 mdl_vevf =    50.000000000000000     
 mdl_MZ =    91.187600000000003     
 mdl_MT =    172.00000000000000     
 mdl_MH =    125.00000000000000     
 mdl_mN1 =    1644.0000000000000     
 mdl_mN2 =    1744.0000000000000     
 mdl_mN3 =    1844.0000000000000     
 mdl_MJ =    91.187600000000003     
 mdl_MAx =    173.04800000000000     
 mdl_WZ =    2.4952000000000001     
 mdl_WW =    2.0850000000000000     
 mdl_WT =    1.5083359999999999     
 mdl_WH =    4.0699999999999998E-003
 mdl_WN1 =   0.30299999999999999     
 mdl_WN2 =    1.5000000000000000     
 mdl_WN3 =    12.300000000000001     
 mdl_WJ =    2.4952000000000001     
 mdl_WAx =    4.1700000000000001E-003
  Internal Params
  ---------------------------------
  
 mdl_vevf__exp__2 =    2500.0000000000000     
 mdl_sqrt__vevf__exp__2 =    50.000000000000000     
 mdl_muJ =    50.000000000000000     
 mdl_MZ__exp__2 =    8315.1783937600012     
 mdl_MZ__exp__4 =    69142191.720053151     
 mdl_sqrt__2 =    1.4142135623730951     
 mdl_MJ__exp__2 =    8315.1783937600012     
 mdl_muJ__exp__2 =    2500.0000000000000     
 mdl_lamJ =    4.3260713575040004     
 mdl_MH__exp__2 =    15625.000000000000     
 mdl_complexi =  (  0.0000000000000000     ,  1.0000000000000000     )
 mdl_aEW =    7.8186082877247844E-003
 mdl_MW =    79.824359746197842     
 mdl_sqrt__aEW =    8.8422894590285753E-002
 mdl_ee =   0.31345100004952897     
 mdl_MW__exp__2 =    6371.9284088904105     
 mdl_sw2 =   0.23369913342182447     
 mdl_cw =   0.87538612427783857     
 mdl_sqrt__sw2 =   0.48342438232036300     
 mdl_sw =   0.48342438232036300     
 mdl_g1 =   0.35807170271074895     
 mdl_gN =   0.64839716719502682     
 mdl_gw =   0.64839716719502682     
 mdl_vev =    246.22056907348590     
 mdl_vev__exp__2 =    60624.568634871241     
 mdl_lam =   0.12886689630821144     
 mdl_yt =   0.98791394091683138     
 mdl_muH =    88.388347648318444     
 mdl_I2a33 =  ( 0.98791394091683138     ,  0.0000000000000000     )
 mdl_I3a33 =  ( 0.98791394091683138     ,  0.0000000000000000     )
 mdl_ee__exp__2 =    9.8251529432049817E-002
 mdl_sw__exp__2 =   0.23369913342182450     
 mdl_cw__exp__2 =   0.76630086657817542     
  Internal Params evaluated point by point
  ----------------------------------------
  
 mdl_sqrt__aS =   0.34409301068170506     
 mdl_G__exp__2 =    1.4878582807401259     
  Couplings of SM_HeavyN_UFO
  ---------------------------------
  
         GC_1 =  -0.00000E+00  -0.10448E+00
         GC_2 =   0.00000E+00   0.20897E+00
         GC_3 =  -0.00000E+00  -0.31345E+00
         GC_4 =   0.00000E+00   0.31345E+00
        GC_26 =   0.00000E+00   0.45849E+00
        GC_27 =  -0.00000E+00  -0.28380E+00
        GC_28 =   0.00000E+00   0.28380E+00
        GC_30 =   0.00000E+00   0.56760E+00
        GC_35 =  -0.00000E+00  -0.28850E-01
        GC_37 =   0.00000E+00   0.17310E+00
        GC_39 =   0.00000E+00  -0.19725E+00
        GC_40 =   0.00000E+00   0.37035E+00
        GC_80 =   0.00000E+00   0.67543E+02
       GC_107 =  -0.00000E+00  -0.74070E+00
       GC_109 =  -0.00000E+00  -0.74070E+00
       GC_111 =  -0.00000E+00  -0.74070E+00
       GC_113 =  -0.00000E+00  -0.74070E+00
       GC_115 =  -0.00000E+00  -0.74070E+00
       GC_117 =  -0.00000E+00  -0.74070E+00
       GC_119 =   0.00000E+00   0.00000E+00
       GC_120 =   0.00000E+00   0.00000E+00
       GC_122 =  -0.00000E+00  -0.00000E+00
       GC_126 =   0.00000E+00   0.00000E+00
       GC_127 =   0.00000E+00   0.00000E+00
       GC_129 =  -0.00000E+00  -0.00000E+00
       GC_133 =   0.00000E+00   0.45849E+00
       GC_134 =   0.00000E+00   0.37035E+00
       GC_136 =  -0.00000E+00  -0.74892E+01
        GC_81 =   0.32880E+02   0.00000E+00
        GC_82 =   0.34880E+02   0.00000E+00
        GC_83 =   0.36880E+02   0.00000E+00

 Collider parameters:
 --------------------

 Running at P P   machine @    13000.000000000000       GeV
 PDF set = nn23lo1
 alpha_s(Mz)= 0.1300 running at 2 loops.
 alpha_s(Mz)= 0.1300 running at 2 loops.
 Renormalization scale set on event-by-event basis
 Factorization   scale set on event-by-event basis


 getting user params
Enter number of events and max and min iterations: 
 Number of events and iterations         1000           5           3
Enter desired fractional accuracy: 
 Desired fractional accuracy:   0.10000000000000001     
Enter 0 for fixed, 2 for adjustable grid: 
Suppress amplitude (0 no, 1 yes)? 
 Using suppressed amplitude.
Exact helicity sum (0 yes, n = number/event)? 
 Explicitly summing over helicities
Enter Configuration Number: 
Running Configuration Number:  393
 Using dconfig=         692
 BW Setting            2           2           1           1           2           2           0
 Attempting mappinvarients           1           9
 Completed mapping           9
 about to integrate           19        1000           5           3          19           1
 Using non-zero grid deformation.
 19 dimensions   1000 events 19 invarients  5 iterations  1 config(s),  (0.99)
 Using h-tuple random number sequence.
 Error opening grid
 Using Uniform Grid!          36
 Using uniform alpha   1.0000000000000000     
 Grid defined OK
 Set CM energy to      13000.00
 Mapping Graph         393  to config         393
Setting grid   1    0.75740E-07   1
Setting grid   2    0.75740E-07   1
 Setting BW          -3           3   1844.0000000000000     
 Setting BW          -4           4   79.824359746197842     
Setting grid   5    0.28499E-04   1
Setting grid   6    0.20293E-01   1
 Transforming s_hat 1/s           18   2.0512835655759187E-002   1600.0000000000000        168999999.99999997     
 393   1   2   3   4   5   6   7   8   9  10  11  12  13  14
  15  16  17  18  19
 Masses: 0.000E+00 0.000E+00 0.000E+00 0.000E+00 0.000E+00 0.000E+00 0.000E+00 0.000E+00 0.912E+02
Using random seed offsets   393 :      1
  with seed                   24
 Ranmar initialization seeds         123        9398
 
 ********************************************
 * You are using the DiscreteSampler module *
 *      part of the MG5_aMC framework       *
 *         Author: Valentin Hirschi         *
 ********************************************
 
  Particle       3       4       5       6       7       8       9
      Et >    10.0    10.0    10.0    10.0     0.0     0.0     0.0
       E >     0.0     0.0     0.0     0.0     0.0     0.0     0.0
     Eta <     2.5     2.5     2.5     2.5    -1.0    -1.0    -1.0
   xqcut:      0.0     0.0     0.0     0.0     0.0     0.0     0.0
d R # 3  >    -0.0     0.4     0.4     0.4     0.0     0.0     0.0
d R # 4  >    -0.0    -0.0     0.4     0.4     0.0     0.0     0.0
d R # 5  >    -0.0    -0.0    -0.0     0.4     0.0     0.0     0.0
d R # 6  >    -0.0    -0.0    -0.0    -0.0     0.0     0.0     0.0
d R # 7  >    -0.0    -0.0    -0.0    -0.0    -0.0     0.0     0.0
d R # 8  >    -0.0    -0.0    -0.0    -0.0    -0.0    -0.0     0.0
s min # 3>     0.0     0.0     0.0     0.0     0.0     0.0     0.0
s min # 4>     0.0     0.0     0.0     0.0     0.0     0.0     0.0
s min # 5>     0.0     0.0     0.0     0.0     0.0     0.0     0.0
s min # 6>     0.0     0.0     0.0     0.0     0.0     0.0     0.0
s min # 7>     0.0     0.0     0.0     0.0     0.0     0.0     0.0
s min # 8>     0.0     0.0     0.0     0.0     0.0     0.0     0.0
xqcutij # 3>     0.0     0.0     0.0     0.0     0.0     0.0     0.0
xqcutij # 4>     0.0     0.0     0.0     0.0     0.0     0.0     0.0
xqcutij # 5>     0.0     0.0     0.0     0.0     0.0     0.0     0.0
xqcutij # 6>     0.0     0.0     0.0     0.0     0.0     0.0     0.0
xqcutij # 7>     0.0     0.0     0.0     0.0     0.0     0.0     0.0
xqcutij # 8>     0.0     0.0     0.0     0.0     0.0     0.0     0.0
 Excluding BW           -1           1
 Excluding BW           -2           2
 Requiring BW           -3           3
 Requiring BW           -4           4
 Excluding BW           -5           5
 Excluding BW           -6           6
 alpha_s for scale    2261.5940747031295       is    8.4932196707285898E-002
 Added good helicity            1   32.160499272289655       in event            1 local:           1
 Added good helicity           21   4.3453284935478083       in event            1 local:           1
 Added good helicity           25   1.6729289880240317E-005  in event            1 local:           1
 Added good helicity           37   2.1621440741375926E-007  in event            1 local:           1
 Added good helicity           41   20.449575574473723       in event            1 local:           1
 Added good helicity           61   3.4695496300224087       in event            1 local:           1
 Added good helicity          193   114.90744781359057       in event            1 local:           1
 Added good helicity          213   10.926691661844005       in event            1 local:           1
 Added good helicity          217   4.6302909520219760E-006  in event            1 local:           1
 Added good helicity          229   3.7931729174141151E-006  in event            1 local:           1
 Added good helicity          233   62.041466243135957       in event            1 local:           1
 Added good helicity          253   7.6994159421277324       in event            1 local:           1
 Added good helicity            1   32.160499272293485       in event            1 local:           1
 Added good helicity           21   4.3453284935476351       in event            1 local:           1
 Added good helicity           25   1.6729289880241456E-005  in event            1 local:           1
 Added good helicity           37   2.1621440741378028E-007  in event            1 local:           1
 Added good helicity           41   20.449575574466934       in event            1 local:           1
 Added good helicity           61   3.4695496300222506       in event            1 local:           1
 Added good helicity          193   114.90744781360530       in event            1 local:           1
 Added good helicity          213   10.926691661843613       in event            1 local:           1
 Added good helicity          217   4.6302909520196848E-006  in event            1 local:           1
 Added good helicity          229   3.7931729174142426E-006  in event            1 local:           1
 Added good helicity          233   62.041466243125242       in event            1 local:           1
 Added good helicity          253   7.6994159421273896       in event            1 local:           1
 RESET CUMULATIVE VARIABLE
 RESET CUMULATIVE VARIABLE
 RESET CUMULATIVE VARIABLE
 Iteration  1   Mean: 0.1119E-09 Abs mean: 0.1119E-09   Fluctuation:  0.102E-09   0.102E-06    14.1%
  1    0.1119E-09 0.1119E-09 +- 0.1019E-09     28.81
 Writing out events   1.5872404823098961E-013   28.812082356719372     
 Relative summed weights:
  0.1697E-03  0.7325E-04  0.2575E-03  0.7729E-01  0.0000E+00  0.9436E-06
  0.1062E-02  0.5639E-05  0.1742E-04  0.2795E-05  0.0000E+00  0.0000E+00
  0.1174E-04  0.9077E+00  0.2139E-04  0.6775E-04  0.7791E-06  0.0000E+00
  0.5325E-03  0.9093E-05  0.2590E-07  0.9420E-05  0.1418E-07  0.0000E+00
  0.9270E-04  0.1428E-03  0.3429E-05  0.9319E-02  0.9274E-11  0.5100E-07
  0.1476E-03  0.2452E-02  0.2675E-04  0.7587E-05  0.3160E-07  0.0000E+00
  0.1420E-04  0.2000E-03  0.2807E-05  0.1590E-04  0.0000E+00  0.0000E+00
  0.2603E-03  0.2188E-04  0.2062E-04  0.4086E-05  0.0000E+00  0.5112E-07
 Relative number of events:
  0.5253E-01  0.5253E-01  0.3964E-01  0.4460E-01  0.0000E+00  0.2973E-02
  0.2279E-01  0.9911E-02  0.1982E-01  0.2279E-01  0.0000E+00  0.0000E+00
  0.4063E-01  0.5451E-01  0.3964E-01  0.4063E-01  0.9911E-03  0.0000E+00
  0.1288E-01  0.1784E-01  0.1090E-01  0.2379E-01  0.1982E-02  0.0000E+00
  0.5055E-01  0.5154E-01  0.3370E-01  0.4856E-01  0.1982E-02  0.1982E-02
  0.5253E-01  0.4856E-01  0.3667E-01  0.2478E-01  0.1982E-02  0.0000E+00
  0.1487E-01  0.1189E-01  0.1883E-01  0.2279E-01  0.0000E+00  0.0000E+00
  0.1586E-01  0.1288E-01  0.1388E-01  0.2379E-01  0.0000E+00  0.9911E-03
 Events:
          53          53          40          45           0           3
          23          10          20          23           0           0
          41          55          40          41           1           0
          13          18          11          24           2           0
          51          52          34          49           2           2
          53          49          37          25           2           0
          15          12          19          23           0           0
          16          13          14          24           0           1
 Iteration  2   Mean: 0.5531E-12 Abs mean: 0.5531E-12   Fluctuation:  0.315E-12   0.615E-09    32.8%
  2    0.5531E-12 0.5531E-12 +- 0.3155E-12     25.51
 Relative summed weights:
  0.5729E+00  0.5879E-02  0.1496E-02  0.1021E-01  0.1099E-09  0.4388E-07
  0.6284E-02  0.1241E-03  0.3815E-03  0.7538E-03  0.0000E+00  0.0000E+00
  0.2021E-01  0.7841E-03  0.4830E-04  0.1776E-02  0.4019E-13  0.1037E-08
  0.1091E-01  0.1784E-01  0.2704E-01  0.9633E-03  0.0000E+00  0.0000E+00
  0.2708E-01  0.6569E-03  0.1172E-01  0.1308E-02  0.4773E-05  0.1229E-08
  0.1118E+00  0.6639E-01  0.8896E-02  0.2105E-03  0.1110E-05  0.1236E-05
  0.2833E-03  0.5894E-01  0.8103E-02  0.4631E-03  0.0000E+00  0.0000E+00
  0.1553E-04  0.4398E-02  0.4823E-02  0.1728E-01  0.0000E+00  0.0000E+00
 Relative number of events:
  0.5750E-01  0.5150E-01  0.4450E-01  0.4750E-01  0.5000E-03  0.5000E-03
  0.2350E-01  0.1200E-01  0.1600E-01  0.1300E-01  0.0000E+00  0.0000E+00
  0.4850E-01  0.4900E-01  0.3350E-01  0.3500E-01  0.5000E-03  0.5000E-03
  0.2050E-01  0.1200E-01  0.1400E-01  0.1950E-01  0.0000E+00  0.0000E+00
  0.5100E-01  0.5400E-01  0.3100E-01  0.3750E-01  0.1500E-02  0.1000E-02
  0.5600E-01  0.4100E-01  0.3850E-01  0.5200E-01  0.2000E-02  0.1500E-02
  0.1650E-01  0.1800E-01  0.1150E-01  0.2050E-01  0.0000E+00  0.0000E+00
  0.1850E-01  0.1600E-01  0.1550E-01  0.1700E-01  0.0000E+00  0.0000E+00
 Events:
         115         103          89          95           1           1
          47          24          32          26           0           0
          97          98          67          70           1           1
          41          24          28          39           0           0
         102         108          62          75           3           2
         112          82          77         104           4           3
          33          36          23          41           0           0
          37          32          31          34           0           0
 Iteration  3   Mean: 0.4447E-10 Abs mean: 0.4447E-10   Fluctuation:  0.210E-10   0.740E-07    54.8%
  3    0.4447E-10 0.4447E-10 +- 0.2095E-10     29.80
 Relative summed weights:
  0.9012E-02  0.1338E-03  0.6556E-01  0.9886E-04  0.4985E-08  0.3275E-07
  0.1630E-01  0.8010E-02  0.1802E-03  0.6449E-03  0.0000E+00  0.2185E-08
  0.1623E-01  0.2676E-02  0.4776E-04  0.2685E-03  0.5687E-11  0.0000E+00
  0.5838E-01  0.8988E-03  0.8450E-04  0.6507E-01  0.2284E-06  0.0000E+00
  0.1909E+00  0.5281E-01  0.6131E-02  0.1576E-01  0.0000E+00  0.2329E-07
  0.5618E-01  0.2619E-03  0.6353E-03  0.1569E-03  0.1699E-07  0.6694E-04
  0.7647E-04  0.3712E-04  0.1567E-03  0.5881E-04  0.0000E+00  0.2387E-11
  0.4325E+00  0.1337E-03  0.1933E-04  0.4361E-03  0.5362E-11  0.0000E+00
 Relative number of events:
  0.5400E-01  0.5175E-01  0.3325E-01  0.4150E-01  0.2500E-03  0.1000E-02
  0.1650E-01  0.1700E-01  0.1875E-01  0.1775E-01  0.0000E+00  0.2500E-03
  0.5050E-01  0.5750E-01  0.3650E-01  0.3575E-01  0.5000E-03  0.0000E+00
  0.1800E-01  0.1550E-01  0.1300E-01  0.1600E-01  0.5000E-03  0.0000E+00
  0.5050E-01  0.5000E-01  0.3925E-01  0.3900E-01  0.0000E+00  0.2250E-02
  0.5425E-01  0.5075E-01  0.3450E-01  0.4175E-01  0.1000E-02  0.5000E-03
  0.2000E-01  0.1950E-01  0.1450E-01  0.1725E-01  0.0000E+00  0.2500E-03
  0.2175E-01  0.2100E-01  0.1150E-01  0.1450E-01  0.2500E-03  0.0000E+00
 Events:
         216         207         133         166           1           4
          66          68          75          71           0           1
         202         230         146         143           2           0
          72          62          52          64           2           0
         202         200         157         156           0           9
         217         203         138         167           4           2
          80          78          58          69           0           1
          87          84          46          58           1           0
 Accuracy:    0.655   0.100   0.337   3.765
 Found          140  events.
 Wrote            2  events.
 Actual xsec    3.8339035542825818E-011
 Correct abs xsec    3.8339035542825818E-011
 Event xsec    3.8339035542825812E-011
 Events wgts > 1:            1
 % Cross section > 1:    4.9448999513205204E-019   1.2897820410210696E-006
 Iteration  4   Mean: 0.3226E-10 Abs mean: 0.3226E-10   Fluctuation:  0.181E-10   0.141E-06    50.6%
  4    0.3226E-10 0.3226E-10 +- 0.1813E-10     50.27
 Relative summed weights:
  0.5759E+00  0.3442E-02  0.2239E-01  0.7677E-01  0.3903E-06  0.9449E-13
  0.2731E-02  0.1742E-02  0.4989E-02  0.2956E-01  0.0000E+00  0.8981E-07
  0.8125E-02  0.1460E-01  0.2722E-01  0.2452E-01  0.1870E-05  0.9167E-05
  0.9914E-03  0.1180E-02  0.1607E-02  0.5585E-01  0.4894E-10  0.2462E-08
  0.3169E-01  0.4375E-02  0.8262E-03  0.1931E-02  0.1516E-08  0.1288E-05
  0.2784E-02  0.2606E-02  0.7962E-01  0.8787E-03  0.1259E-05  0.3138E-08
  0.4080E-02  0.5290E-03  0.3900E-02  0.1297E-03  0.4590E-09  0.6553E-10
  0.1951E-02  0.1143E-01  0.4614E-03  0.1160E-02  0.0000E+00  0.0000E+00
 Relative number of events:
  0.5362E-01  0.5325E-01  0.3725E-01  0.3625E-01  0.8750E-03  0.2500E-03
  0.1738E-01  0.1537E-01  0.1550E-01  0.1213E-01  0.0000E+00  0.1250E-03
  0.5387E-01  0.5412E-01  0.3675E-01  0.4000E-01  0.6250E-03  0.1250E-02
  0.1650E-01  0.1800E-01  0.1500E-01  0.1638E-01  0.2500E-03  0.3750E-03
  0.5625E-01  0.5287E-01  0.3600E-01  0.3762E-01  0.3750E-03  0.7500E-03
  0.5838E-01  0.5437E-01  0.3687E-01  0.4038E-01  0.3750E-03  0.5000E-03
  0.1613E-01  0.1875E-01  0.1362E-01  0.1713E-01  0.1250E-03  0.2500E-03
  0.1762E-01  0.1600E-01  0.1362E-01  0.1688E-01  0.0000E+00  0.0000E+00
 Events:
         429         426         298         290           7           2
         139         123         124          97           0           1
         431         433         294         320           5          10
         132         144         120         131           2           3
         450         423         288         301           3           6
         467         435         295         323           3           4
         129         150         109         137           1           2
         141         128         109         135           0           0
 Accuracy:    0.480   0.100   0.289   2.756
 Found           78  events.
 Wrote            1  events.
 Actual xsec    2.8305347928864555E-011
 Correct abs xsec    2.8305347928864555E-011
 Event xsec    2.8305347928864555E-011
 Events wgts > 1:            1
 % Cross section > 1:    1.4767638609179525E-018   5.2172609382130690E-006
 Iteration  5   Mean: 0.3625E-10 Abs mean: 0.3625E-10   Fluctuation:  0.101E-10   0.133E-06    52.5%
  5    0.3625E-10 0.3625E-10 +- 0.1009E-10     35.21
 Relative summed weights:
  0.4717E-02  0.2853E-01  0.7689E-02  0.5771E-01  0.1461E-05  0.2446E-06
  0.3172E-01  0.6817E-02  0.8760E-02  0.1210E-01  0.2021E-06  0.5859E-07
  0.9200E-02  0.3510E-01  0.6812E-02  0.8486E-02  0.8799E-07  0.1049E-04
  0.3935E-02  0.5423E-02  0.1984E-01  0.8103E-02  0.3515E-10  0.1196E-11
  0.9810E-02  0.1120E-01  0.6098E-01  0.1106E+00  0.1967E-06  0.7224E-04
  0.2546E-01  0.1109E-01  0.1739E-01  0.5757E-01  0.1666E-06  0.4841E-03
  0.3110E-02  0.4045E-01  0.2512E-02  0.7230E-01  0.1704E-07  0.1825E-10
  0.4879E-02  0.3108E+00  0.5430E-02  0.9299E-03  0.2099E-07  0.5573E-07
 Relative number of events:
  0.5350E-01  0.5450E-01  0.3750E-01  0.3719E-01  0.8125E-03  0.6250E-03
  0.1837E-01  0.1631E-01  0.1419E-01  0.1625E-01  0.1875E-03  0.1875E-03
  0.5081E-01  0.5500E-01  0.3388E-01  0.3719E-01  0.6875E-03  0.7500E-03
  0.1681E-01  0.1644E-01  0.1550E-01  0.1500E-01  0.1250E-03  0.6250E-04
  0.5456E-01  0.5500E-01  0.3919E-01  0.3575E-01  0.3125E-03  0.8125E-03
  0.5631E-01  0.5781E-01  0.3687E-01  0.3862E-01  0.6875E-03  0.6250E-03
  0.1688E-01  0.1713E-01  0.1606E-01  0.1413E-01  0.6250E-04  0.6250E-04
  0.1594E-01  0.1800E-01  0.1569E-01  0.1713E-01  0.3125E-03  0.1875E-03
 Events:
         856         872         600         595          13          10
         294         261         227         260           3           3
         813         880         542         595          11          12
         269         263         248         240           2           1
         873         880         627         572           5          13
         901         925         590         618          11          10
         270         274         257         226           1           1
         255         288         251         274           5           3
 Accuracy:    0.290   0.100   0.201   2.096
 Found          311  events.
 Wrote            4  events.
 Actual xsec    3.7432318349631248E-011
 Correct abs xsec    3.7432318349631248E-011
 Event xsec    3.7432318349631248E-011
 Events wgts > 1:            0
 % Cross section > 1:    0.0000000000000000        0.0000000000000000     

 -------------------------------------------------------------------------------
 Accumulated results:   Integral =  0.3648E-10
                        Std dev  =  0.7317E-11
                       Cross sec =  0.3648E-10
             Chi**2 per DoF.     =      2.0960
 -------------------------------------------------------------------------------
-------------------------------------------------
---------------------------
 Results Last   3 iters: Integral =   0.3743E-10
                     Abs integral =   0.3743E-10
                          Std dev =   0.8252E-11
                  Chi**2 per DoF. =      0.1039
-------------------------------------------------
---------------------------
 Status  0.10000000000000001                6           5

ls status:
events.lhe
ftn26
input_app.txt
results.dat
run1_app.log
