 Process in group number            1
 A PDF is used, so alpha_s(MZ) is going to be modified
 Old value of alpha_s from param_card:   0.11839999999999999     
  ****************************************
 
       NNPDFDriver version 1.0.3
   Grid: NNPDF23_lo_as_0130_qed_mem0.grid
  ****************************************
 New value of alpha_s from PDF nn23lo1:  0.13000000000000000     
 Define smin to   1600.0000000000000     
 Define smin to   1600.0000000000000     
 Define smin to   1600.0000000000000     
 *****************************************************
 *               MadGraph/MadEvent                   *
 *        --------------------------------           *
 *          http://madgraph.hep.uiuc.edu             *
 *          http://madgraph.phys.ucl.ac.be           *
 *          http://madgraph.roma2.infn.it            *
 *        --------------------------------           *
 *                                                   *
 *          PARAMETER AND COUPLING VALUES            *
 *                                                   *
 *****************************************************

  External Params
  ---------------------------------
  
 mdl_VeN1 =    1.0000000000000000     
 mdl_VeN2 =    0.0000000000000000     
 mdl_VeN3 =    0.0000000000000000     
 mdl_VmuN1 =    0.0000000000000000     
 mdl_VmuN2 =    1.0000000000000000     
 mdl_VmuN3 =    0.0000000000000000     
 mdl_VtaN1 =    0.0000000000000000     
 mdl_VtaN2 =    0.0000000000000000     
 mdl_VtaN3 =    1.0000000000000000     
 mdl_VN1N1 =    1.0000000000000000     
 mdl_VN1N2 =    1.0000000000000000     
 mdl_VN1N3 =    1.0000000000000000     
 mdl_VN2N2 =    1.0000000000000000     
 mdl_VN2N3 =    1.0000000000000000     
 mdl_VN3N3 =    1.0000000000000000     
 aEWM1 =    127.90000000000001     
 mdl_Gf =    1.1663700000000000E-005
 aS =   0.11839999999999999     
 mdl_ymt =    172.00000000000000     
 mdl_vevf =    50.000000000000000     
 mdl_MZ =    91.187600000000003     
 mdl_MT =    172.00000000000000     
 mdl_MH =    125.00000000000000     
 mdl_mN1 =    510.00000000000000     
 mdl_mN2 =    610.00000000000000     
 mdl_mN3 =    710.00000000000000     
 mdl_MJ =    91.187600000000003     
 mdl_MAx =    173.04800000000000     
 mdl_WZ =    2.4952000000000001     
 mdl_WW =    2.0850000000000000     
 mdl_WT =    1.5083359999999999     
 mdl_WH =    4.0699999999999998E-003
 mdl_WN1 =   0.30299999999999999     
 mdl_WN2 =    1.5000000000000000     
 mdl_WN3 =    12.300000000000001     
 mdl_WJ =    2.4952000000000001     
 mdl_WAx =    4.1700000000000001E-003
  Internal Params
  ---------------------------------
  
 mdl_vevf__exp__2 =    2500.0000000000000     
 mdl_sqrt__vevf__exp__2 =    50.000000000000000     
 mdl_muJ =    50.000000000000000     
 mdl_MZ__exp__2 =    8315.1783937600012     
 mdl_MZ__exp__4 =    69142191.720053151     
 mdl_sqrt__2 =    1.4142135623730951     
 mdl_MJ__exp__2 =    8315.1783937600012     
 mdl_muJ__exp__2 =    2500.0000000000000     
 mdl_lamJ =    4.3260713575040004     
 mdl_MH__exp__2 =    15625.000000000000     
 mdl_complexi =  (  0.0000000000000000     ,  1.0000000000000000     )
 mdl_aEW =    7.8186082877247844E-003
 mdl_MW =    79.824359746197842     
 mdl_sqrt__aEW =    8.8422894590285753E-002
 mdl_ee =   0.31345100004952897     
 mdl_MW__exp__2 =    6371.9284088904105     
 mdl_sw2 =   0.23369913342182447     
 mdl_cw =   0.87538612427783857     
 mdl_sqrt__sw2 =   0.48342438232036300     
 mdl_sw =   0.48342438232036300     
 mdl_g1 =   0.35807170271074895     
 mdl_gN =   0.64839716719502682     
 mdl_gw =   0.64839716719502682     
 mdl_vev =    246.22056907348590     
 mdl_vev__exp__2 =    60624.568634871241     
 mdl_lam =   0.12886689630821144     
 mdl_yt =   0.98791394091683138     
 mdl_muH =    88.388347648318444     
 mdl_I2a33 =  ( 0.98791394091683138     ,  0.0000000000000000     )
 mdl_I3a33 =  ( 0.98791394091683138     ,  0.0000000000000000     )
 mdl_ee__exp__2 =    9.8251529432049817E-002
 mdl_sw__exp__2 =   0.23369913342182450     
 mdl_cw__exp__2 =   0.76630086657817542     
  Internal Params evaluated point by point
  ----------------------------------------
  
 mdl_sqrt__aS =   0.34409301068170506     
 mdl_G__exp__2 =    1.4878582807401259     
  Couplings of SM_HeavyN_UFO
  ---------------------------------
  
         GC_1 =  -0.00000E+00  -0.10448E+00
         GC_2 =   0.00000E+00   0.20897E+00
         GC_3 =  -0.00000E+00  -0.31345E+00
         GC_4 =   0.00000E+00   0.31345E+00
        GC_26 =   0.00000E+00   0.45849E+00
        GC_27 =  -0.00000E+00  -0.28380E+00
        GC_28 =   0.00000E+00   0.28380E+00
        GC_30 =   0.00000E+00   0.56760E+00
        GC_35 =  -0.00000E+00  -0.28850E-01
        GC_37 =   0.00000E+00   0.17310E+00
        GC_39 =   0.00000E+00  -0.19725E+00
        GC_40 =   0.00000E+00   0.37035E+00
        GC_80 =   0.00000E+00   0.67543E+02
       GC_107 =  -0.00000E+00  -0.74070E+00
       GC_109 =  -0.00000E+00  -0.74070E+00
       GC_111 =  -0.00000E+00  -0.74070E+00
       GC_113 =  -0.00000E+00  -0.74070E+00
       GC_115 =  -0.00000E+00  -0.74070E+00
       GC_117 =  -0.00000E+00  -0.74070E+00
       GC_119 =   0.00000E+00   0.00000E+00
       GC_120 =   0.00000E+00   0.00000E+00
       GC_122 =  -0.00000E+00  -0.00000E+00
       GC_126 =   0.00000E+00   0.00000E+00
       GC_127 =   0.00000E+00   0.00000E+00
       GC_129 =  -0.00000E+00  -0.00000E+00
       GC_133 =   0.00000E+00   0.45849E+00
       GC_134 =   0.00000E+00   0.37035E+00
       GC_136 =  -0.00000E+00  -0.28836E+01
        GC_81 =   0.10200E+02   0.00000E+00
        GC_82 =   0.12200E+02   0.00000E+00
        GC_83 =   0.14200E+02   0.00000E+00

 Collider parameters:
 --------------------

 Running at P P   machine @    13000.000000000000       GeV
 PDF set = nn23lo1
 alpha_s(Mz)= 0.1300 running at 2 loops.
 alpha_s(Mz)= 0.1300 running at 2 loops.
 Renormalization scale set on event-by-event basis
 Factorization   scale set on event-by-event basis


 getting user params
Enter number of events and max and min iterations: 
 Number of events and iterations         1000           5           3
Enter desired fractional accuracy: 
 Desired fractional accuracy:   0.10000000000000001     
Enter 0 for fixed, 2 for adjustable grid: 
Suppress amplitude (0 no, 1 yes)? 
 Using suppressed amplitude.
Exact helicity sum (0 yes, n = number/event)? 
 Explicitly summing over helicities
Enter Configuration Number: 
Running Configuration Number:   93
 Using dconfig=         233
 BW Setting            2           2           1           2           2           0           0
 Attempting mappinvarients           1           9
 Completed mapping           9
 about to integrate           19        1000           5           3          19           1
 Using non-zero grid deformation.
 19 dimensions   1000 events 19 invarients  5 iterations  1 config(s),  (0.99)
 Using h-tuple random number sequence.
 Error opening grid
 Using Uniform Grid!          36
 Using uniform alpha   1.0000000000000000     
 Grid defined OK
 Set CM energy to      13000.00
 Mapping Graph          93  to config          93
Setting grid   1    0.75740E-07   1
Setting grid   2    0.75740E-07   1
Setting grid   3    0.75740E-07   1
 Setting BW          -4           3   710.00000000000000     
Setting grid   5    0.32375E-02   1
Setting grid   6    0.32375E-02   1
 Transforming s_hat 1/s           18   3.2375014532175150E-003   1600.0000000000000        168999999.99999997     
  93   1   2   3   4   5   6   7   8   9  10  11  12  13  14
  15  16  17  18  19
 Masses: 0.000E+00 0.000E+00 0.000E+00 0.000E+00 0.000E+00 0.000E+00 0.000E+00 0.000E+00 0.912E+02
Using random seed offsets    93 :      1
  with seed                   24
 Ranmar initialization seeds       31151        9398
 
 ********************************************
 * You are using the DiscreteSampler module *
 *      part of the MG5_aMC framework       *
 *         Author: Valentin Hirschi         *
 ********************************************
 
  Particle       3       4       5       6       7       8       9
      Et >    10.0    10.0    10.0    10.0     0.0     0.0     0.0
       E >     0.0     0.0     0.0     0.0     0.0     0.0     0.0
     Eta <     2.5     2.5     2.5     2.5    -1.0    -1.0    -1.0
   xqcut:      0.0     0.0     0.0     0.0     0.0     0.0     0.0
d R # 3  >    -0.0     0.4     0.4     0.4     0.0     0.0     0.0
d R # 4  >    -0.0    -0.0     0.4     0.4     0.0     0.0     0.0
d R # 5  >    -0.0    -0.0    -0.0     0.4     0.0     0.0     0.0
d R # 6  >    -0.0    -0.0    -0.0    -0.0     0.0     0.0     0.0
d R # 7  >    -0.0    -0.0    -0.0    -0.0    -0.0     0.0     0.0
d R # 8  >    -0.0    -0.0    -0.0    -0.0    -0.0    -0.0     0.0
s min # 3>     0.0     0.0     0.0     0.0     0.0     0.0     0.0
s min # 4>     0.0     0.0     0.0     0.0     0.0     0.0     0.0
s min # 5>     0.0     0.0     0.0     0.0     0.0     0.0     0.0
s min # 6>     0.0     0.0     0.0     0.0     0.0     0.0     0.0
s min # 7>     0.0     0.0     0.0     0.0     0.0     0.0     0.0
s min # 8>     0.0     0.0     0.0     0.0     0.0     0.0     0.0
xqcutij # 3>     0.0     0.0     0.0     0.0     0.0     0.0     0.0
xqcutij # 4>     0.0     0.0     0.0     0.0     0.0     0.0     0.0
xqcutij # 5>     0.0     0.0     0.0     0.0     0.0     0.0     0.0
xqcutij # 6>     0.0     0.0     0.0     0.0     0.0     0.0     0.0
xqcutij # 7>     0.0     0.0     0.0     0.0     0.0     0.0     0.0
xqcutij # 8>     0.0     0.0     0.0     0.0     0.0     0.0     0.0
 Excluding BW           -1           1
 Excluding BW           -3           2
 Requiring BW           -4           3
 Excluding BW           -5           4
 Excluding BW           -6           5
 alpha_s for scale    829.80221263764770       is    9.5178538329162787E-002
 Added good helicity            1   70.811835048000304       in event            1 local:           1
 Added good helicity           21   18.760341585837004       in event            1 local:           1
 Added good helicity           25  0.10082239034834876       in event            1 local:           1
 Added good helicity           37   1.8881136329157815       in event            1 local:           1
 Added good helicity           41   4.7488686834650474E-003  in event            1 local:           1
 Added good helicity           61   6.2204041674547321E-003  in event            1 local:           1
 Added good helicity          193   115.51887154488986       in event            1 local:           1
 Added good helicity          213   24.476257696751897       in event            1 local:           1
 Added good helicity          217   19.741909887075007       in event            1 local:           1
 Added good helicity          229   4.6632802478613842       in event            1 local:           1
 Added good helicity          233   8.8900686177914735E-003  in event            1 local:           1
 Added good helicity          253   1.8708624851636390E-002  in event            1 local:           1
 Added good helicity            1   70.811835048000162       in event            1 local:           1
 Added good helicity           21   18.760341585836905       in event            1 local:           1
 Added good helicity           25  0.10082239034834765       in event            1 local:           1
 Added good helicity           37   1.8881136329157804       in event            1 local:           1
 Added good helicity           41   4.7488686834651324E-003  in event            1 local:           1
 Added good helicity           61   6.2204041674547789E-003  in event            1 local:           1
 Added good helicity          193   115.51887154489053       in event            1 local:           1
 Added good helicity          213   24.476257696751695       in event            1 local:           1
 Added good helicity          217   19.741909887074922       in event            1 local:           1
 Added good helicity          229   4.6632802478613593       in event            1 local:           1
 Added good helicity          233   8.8900686177917684E-003  in event            1 local:           1
 Added good helicity          253   1.8708624851636338E-002  in event            1 local:           1
 RESET CUMULATIVE VARIABLE
 RESET CUMULATIVE VARIABLE
 RESET CUMULATIVE VARIABLE
 Iteration  1   Mean: 0.3044E-11 Abs mean: 0.3044E-11   Fluctuation:  0.101E-11   0.618E-09     9.0%
  1    0.3044E-11 0.3044E-11 +- 0.1011E-11     10.50
 Writing out events   6.7923356653176619E-015   10.499155398709751     
 Relative summed weights:
  0.9463E-01  0.1632E-03  0.9184E-03  0.4924E-01  0.0000E+00  0.0000E+00
  0.6586E-02  0.2051E+00  0.1303E-02  0.1073E-01  0.1051E-01  0.8110E-07
  0.5172E-02  0.6263E-03  0.2928E-03  0.1215E-02  0.0000E+00  0.0000E+00
  0.1697E-02  0.1128E+00  0.1643E-02  0.2904E-03  0.5396E-05  0.1692E-08
  0.1222E-01  0.6606E-04  0.2443E-02  0.5579E-03  0.1201E-06  0.0000E+00
  0.3153E-02  0.3372E-02  0.2262E+00  0.5041E-01  0.2116E-01  0.2196E-08
  0.3390E-02  0.2200E-01  0.4874E-02  0.1917E-03  0.0000E+00  0.6904E-03
  0.1727E-01  0.4489E-01  0.7523E-02  0.7682E-01  0.3109E-07  0.0000E+00
 Relative number of events:
  0.1189E-01  0.1784E-01  0.1189E-01  0.1487E-01  0.0000E+00  0.0000E+00
  0.4063E-01  0.4955E-01  0.5154E-01  0.5748E-01  0.2973E-02  0.1982E-02
  0.1189E-01  0.9911E-02  0.1189E-01  0.1288E-01  0.0000E+00  0.0000E+00
  0.4063E-01  0.4361E-01  0.5748E-01  0.4757E-01  0.2973E-02  0.9911E-03
  0.1487E-01  0.1586E-01  0.1090E-01  0.9911E-02  0.9911E-03  0.0000E+00
  0.4063E-01  0.4757E-01  0.4361E-01  0.5550E-01  0.6938E-02  0.9911E-03
  0.1487E-01  0.1189E-01  0.1487E-01  0.7929E-02  0.0000E+00  0.9911E-03
  0.4757E-01  0.3865E-01  0.5550E-01  0.5649E-01  0.2973E-02  0.0000E+00
 Events:
          12          18          12          15           0           0
          41          50          52          58           3           2
          12          10          12          13           0           0
          41          44          58          48           3           1
          15          16          11          10           1           0
          41          48          44          56           7           1
          15          12          15           8           0           1
          48          39          56          57           3           0
 Iteration  2   Mean: 0.3677E-11 Abs mean: 0.3677E-11   Fluctuation:  0.136E-11   0.227E-08    31.4%
  2    0.3677E-11 0.3677E-11 +- 0.1356E-11     16.49
 Relative summed weights:
  0.7221E-02  0.4867E-02  0.9898E-03  0.1174E-01  0.0000E+00  0.0000E+00
  0.1072E-01  0.2728E-01  0.9816E-02  0.1194E-01  0.1093E-05  0.2830E-10
  0.1311E-01  0.4554E-02  0.1349E-02  0.4110E-02  0.1743E-06  0.7293E-07
  0.1510E-01  0.1026E-01  0.6919E-02  0.3916E-02  0.3264E-04  0.1198E-08
  0.1195E-01  0.9996E-02  0.2880E-02  0.4582E-02  0.4799E-07  0.0000E+00
  0.1538E-01  0.1048E-01  0.1760E-01  0.1447E+00  0.7937E-07  0.0000E+00
  0.1905E+00  0.2366E-01  0.7710E-03  0.8528E-02  0.0000E+00  0.0000E+00
  0.1869E-01  0.6395E-01  0.3333E-02  0.3290E+00  0.2985E-04  0.1562E-05
 Relative number of events:
  0.1550E-01  0.1500E-01  0.6500E-02  0.1600E-01  0.0000E+00  0.0000E+00
  0.4500E-01  0.4500E-01  0.4650E-01  0.5000E-01  0.1500E-02  0.5000E-03
  0.1650E-01  0.1300E-01  0.9500E-02  0.1250E-01  0.5000E-03  0.5000E-03
  0.4250E-01  0.4900E-01  0.5600E-01  0.4950E-01  0.1000E-02  0.1000E-02
  0.1250E-01  0.1250E-01  0.1300E-01  0.1150E-01  0.5000E-03  0.0000E+00
  0.4850E-01  0.4800E-01  0.5050E-01  0.4650E-01  0.1500E-02  0.0000E+00
  0.1950E-01  0.1750E-01  0.7500E-02  0.1050E-01  0.0000E+00  0.0000E+00
  0.5450E-01  0.5150E-01  0.4700E-01  0.5150E-01  0.1000E-02  0.1500E-02
 Events:
          31          30          13          32           0           0
          90          90          93         100           3           1
          33          26          19          25           1           1
          85          98         112          99           2           2
          25          25          26          23           1           0
          97          96         101          93           3           0
          39          35          15          21           0           0
         109         103          94         103           2           3
 Iteration  3   Mean: 0.4190E-11 Abs mean: 0.4190E-11   Fluctuation:  0.972E-12   0.228E-08    50.1%
  3    0.4190E-11 0.4190E-11 +- 0.9719E-12     14.67
 Relative summed weights:
  0.2399E-02  0.4307E-01  0.6332E-03  0.1472E-01  0.0000E+00  0.0000E+00
  0.9566E-02  0.1078E-01  0.3151E-01  0.1381E-01  0.1044E-04  0.9186E-05
  0.5903E-01  0.6652E-02  0.3624E-01  0.4701E-01  0.1508E-05  0.1206E-02
  0.1901E-01  0.2687E+00  0.2037E-01  0.1726E-01  0.5059E-04  0.1725E-05
  0.1246E+00  0.6285E-01  0.3614E-01  0.1629E-01  0.1912E-06  0.0000E+00
  0.1600E-01  0.2305E-01  0.7188E-02  0.5117E-02  0.1127E-05  0.1599E-03
  0.2127E-02  0.3766E-02  0.7398E-02  0.7030E-02  0.9427E-07  0.0000E+00
  0.5093E-01  0.5769E-02  0.1566E-01  0.1215E-01  0.6131E-05  0.1735E-02
 Relative number of events:
  0.1575E-01  0.1475E-01  0.8750E-02  0.1225E-01  0.0000E+00  0.0000E+00
  0.4750E-01  0.4950E-01  0.4925E-01  0.4325E-01  0.1250E-02  0.1000E-02
  0.1400E-01  0.1725E-01  0.1375E-01  0.1025E-01  0.2500E-03  0.2500E-03
  0.5150E-01  0.5150E-01  0.4550E-01  0.4725E-01  0.7500E-03  0.5000E-03
  0.1550E-01  0.1800E-01  0.1075E-01  0.1300E-01  0.2500E-03  0.0000E+00
  0.4700E-01  0.4875E-01  0.5125E-01  0.4625E-01  0.1750E-02  0.1000E-02
  0.1375E-01  0.1325E-01  0.1250E-01  0.1000E-01  0.2500E-03  0.0000E+00
  0.5375E-01  0.4300E-01  0.4950E-01  0.5250E-01  0.7500E-03  0.1250E-02
 Events:
          63          59          35          49           0           0
         190         198         197         173           5           4
          56          69          55          41           1           1
         206         206         182         189           3           2
          62          72          43          52           1           0
         188         195         205         185           7           4
          55          53          50          40           1           0
         215         172         198         210           3           5
 Accuracy:    0.090   0.100   0.169   0.283
 Finished due to accuracy    8.9967190831662935E-002  0.10000000000000001     

 -------------------------------------------------------------------------------
 Accumulated results:   Integral =  0.3785E-11
                        Std dev  =  0.6397E-12
                       Cross sec =  0.3785E-11
             Chi**2 per DoF.     =      0.2834
 -------------------------------------------------------------------------------
 Found          186  events.
 Wrote            6  events.
 Actual xsec    3.7854341522428792E-012
 Correct abs xsec    3.7854341522428792E-012
 Event xsec    3.7854341522428800E-012
 Events wgts > 1:            0
 % Cross section > 1:    0.0000000000000000        0.0000000000000000     
-------------------------------------------------
---------------------------
 Results Last   3 iters: Integral =   0.3785E-11
                     Abs integral =   0.3785E-11
                          Std dev =   0.6397E-12
                  Chi**2 per DoF. =      0.3591
-------------------------------------------------
---------------------------
 Status  0.10000000000000001                4           5

ls status:
events.lhe
ftn26
input_app.txt
results.dat
run1_app.log
