 Process in group number            1
 A PDF is used, so alpha_s(MZ) is going to be modified
 Old value of alpha_s from param_card:   0.11839999999999999     
  ****************************************
 
       NNPDFDriver version 1.0.3
   Grid: NNPDF23_lo_as_0130_qed_mem0.grid
  ****************************************
 New value of alpha_s from PDF nn23lo1:  0.13000000000000000     
 Define smin to   1600.0000000000000     
 Define smin to   1600.0000000000000     
 Define smin to   1600.0000000000000     
 *****************************************************
 *               MadGraph/MadEvent                   *
 *        --------------------------------           *
 *          http://madgraph.hep.uiuc.edu             *
 *          http://madgraph.phys.ucl.ac.be           *
 *          http://madgraph.roma2.infn.it            *
 *        --------------------------------           *
 *                                                   *
 *          PARAMETER AND COUPLING VALUES            *
 *                                                   *
 *****************************************************

  External Params
  ---------------------------------
  
 mdl_VeN1 =    1.0000000000000000     
 mdl_VeN2 =    0.0000000000000000     
 mdl_VeN3 =    0.0000000000000000     
 mdl_VmuN1 =    0.0000000000000000     
 mdl_VmuN2 =    1.0000000000000000     
 mdl_VmuN3 =    0.0000000000000000     
 mdl_VtaN1 =    0.0000000000000000     
 mdl_VtaN2 =    0.0000000000000000     
 mdl_VtaN3 =    1.0000000000000000     
 mdl_VN1N1 =    1.0000000000000000     
 mdl_VN1N2 =    1.0000000000000000     
 mdl_VN1N3 =    1.0000000000000000     
 mdl_VN2N2 =    1.0000000000000000     
 mdl_VN2N3 =    1.0000000000000000     
 mdl_VN3N3 =    1.0000000000000000     
 aEWM1 =    127.90000000000001     
 mdl_Gf =    1.1663700000000000E-005
 aS =   0.11839999999999999     
 mdl_ymt =    172.00000000000000     
 mdl_vevf =    50.000000000000000     
 mdl_MZ =    91.187600000000003     
 mdl_MT =    172.00000000000000     
 mdl_MH =    125.00000000000000     
 mdl_mN1 =    1644.0000000000000     
 mdl_mN2 =    1744.0000000000000     
 mdl_mN3 =    1844.0000000000000     
 mdl_MJ =    91.187600000000003     
 mdl_MAx =    173.04800000000000     
 mdl_WZ =    2.4952000000000001     
 mdl_WW =    2.0850000000000000     
 mdl_WT =    1.5083359999999999     
 mdl_WH =    4.0699999999999998E-003
 mdl_WN1 =   0.30299999999999999     
 mdl_WN2 =    1.5000000000000000     
 mdl_WN3 =    12.300000000000001     
 mdl_WJ =    2.4952000000000001     
 mdl_WAx =    4.1700000000000001E-003
  Internal Params
  ---------------------------------
  
 mdl_vevf__exp__2 =    2500.0000000000000     
 mdl_sqrt__vevf__exp__2 =    50.000000000000000     
 mdl_muJ =    50.000000000000000     
 mdl_MZ__exp__2 =    8315.1783937600012     
 mdl_MZ__exp__4 =    69142191.720053151     
 mdl_sqrt__2 =    1.4142135623730951     
 mdl_MJ__exp__2 =    8315.1783937600012     
 mdl_muJ__exp__2 =    2500.0000000000000     
 mdl_lamJ =    4.3260713575040004     
 mdl_MH__exp__2 =    15625.000000000000     
 mdl_complexi =  (  0.0000000000000000     ,  1.0000000000000000     )
 mdl_aEW =    7.8186082877247844E-003
 mdl_MW =    79.824359746197842     
 mdl_sqrt__aEW =    8.8422894590285753E-002
 mdl_ee =   0.31345100004952897     
 mdl_MW__exp__2 =    6371.9284088904105     
 mdl_sw2 =   0.23369913342182447     
 mdl_cw =   0.87538612427783857     
 mdl_sqrt__sw2 =   0.48342438232036300     
 mdl_sw =   0.48342438232036300     
 mdl_g1 =   0.35807170271074895     
 mdl_gN =   0.64839716719502682     
 mdl_gw =   0.64839716719502682     
 mdl_vev =    246.22056907348590     
 mdl_vev__exp__2 =    60624.568634871241     
 mdl_lam =   0.12886689630821144     
 mdl_yt =   0.98791394091683138     
 mdl_muH =    88.388347648318444     
 mdl_I2a33 =  ( 0.98791394091683138     ,  0.0000000000000000     )
 mdl_I3a33 =  ( 0.98791394091683138     ,  0.0000000000000000     )
 mdl_ee__exp__2 =    9.8251529432049817E-002
 mdl_sw__exp__2 =   0.23369913342182450     
 mdl_cw__exp__2 =   0.76630086657817542     
  Internal Params evaluated point by point
  ----------------------------------------
  
 mdl_sqrt__aS =   0.34409301068170506     
 mdl_G__exp__2 =    1.4878582807401259     
  Couplings of SM_HeavyN_UFO
  ---------------------------------
  
         GC_1 =  -0.00000E+00  -0.10448E+00
         GC_2 =   0.00000E+00   0.20897E+00
         GC_3 =  -0.00000E+00  -0.31345E+00
         GC_4 =   0.00000E+00   0.31345E+00
        GC_26 =   0.00000E+00   0.45849E+00
        GC_27 =  -0.00000E+00  -0.28380E+00
        GC_28 =   0.00000E+00   0.28380E+00
        GC_30 =   0.00000E+00   0.56760E+00
        GC_35 =  -0.00000E+00  -0.28850E-01
        GC_37 =   0.00000E+00   0.17310E+00
        GC_39 =   0.00000E+00  -0.19725E+00
        GC_40 =   0.00000E+00   0.37035E+00
        GC_80 =   0.00000E+00   0.67543E+02
       GC_107 =  -0.00000E+00  -0.74070E+00
       GC_109 =  -0.00000E+00  -0.74070E+00
       GC_111 =  -0.00000E+00  -0.74070E+00
       GC_113 =  -0.00000E+00  -0.74070E+00
       GC_115 =  -0.00000E+00  -0.74070E+00
       GC_117 =  -0.00000E+00  -0.74070E+00
       GC_119 =   0.00000E+00   0.00000E+00
       GC_120 =   0.00000E+00   0.00000E+00
       GC_122 =  -0.00000E+00  -0.00000E+00
       GC_126 =   0.00000E+00   0.00000E+00
       GC_127 =   0.00000E+00   0.00000E+00
       GC_129 =  -0.00000E+00  -0.00000E+00
       GC_133 =   0.00000E+00   0.45849E+00
       GC_134 =   0.00000E+00   0.37035E+00
       GC_136 =  -0.00000E+00  -0.74892E+01
        GC_81 =   0.32880E+02   0.00000E+00
        GC_82 =   0.34880E+02   0.00000E+00
        GC_83 =   0.36880E+02   0.00000E+00

 Collider parameters:
 --------------------

 Running at P P   machine @    13000.000000000000       GeV
 PDF set = nn23lo1
 alpha_s(Mz)= 0.1300 running at 2 loops.
 alpha_s(Mz)= 0.1300 running at 2 loops.
 Renormalization scale set on event-by-event basis
 Factorization   scale set on event-by-event basis


 getting user params
Enter number of events and max and min iterations: 
 Number of events and iterations         1000           5           3
Enter desired fractional accuracy: 
 Desired fractional accuracy:   0.10000000000000001     
Enter 0 for fixed, 2 for adjustable grid: 
Suppress amplitude (0 no, 1 yes)? 
 Using suppressed amplitude.
Exact helicity sum (0 yes, n = number/event)? 
 Explicitly summing over helicities
Enter Configuration Number: 
Running Configuration Number: 1253
 Using dconfig=         608
 BW Setting            2           1           1           1           1           2           0
 Attempting mappinvarients           1           9
 Completed mapping           9
 about to integrate           19        1000           5           3          19           1
 Using non-zero grid deformation.
 19 dimensions   1000 events 19 invarients  5 iterations  1 config(s),  (0.99)
 Using h-tuple random number sequence.
 Error opening grid
 Using Uniform Grid!          36
 Using uniform alpha   1.0000000000000000     
 Grid defined OK
 Set CM energy to      13000.00
 Mapping Graph        1253  to config        1253
Setting grid   1    0.59172E-08   1
 Setting BW          -2           2   1844.0000000000000     
 Setting BW          -3           3   1844.0000000000000     
 Setting BW          -4           4   79.824359746197842     
 Setting BW          -5           5   1844.0000000000000     
Setting grid   6    0.79099E-01   1
 Transforming s_hat 1/s           18   7.9098862523040020E-002   1600.0000000000000        168999999.99999997     
1253   1   2   3   4   5   6   7   8   9  10  11  12  13  14
  15  16  17  18  19
 Masses: 0.000E+00 0.000E+00 0.000E+00 0.000E+00 0.000E+00 0.000E+00 0.000E+00 0.000E+00 0.912E+02
Using random seed offsets  1253 :      1
  with seed                   24
 Ranmar initialization seeds         983        9398
 
 ********************************************
 * You are using the DiscreteSampler module *
 *      part of the MG5_aMC framework       *
 *         Author: Valentin Hirschi         *
 ********************************************
 
  Particle       3       4       5       6       7       8       9
      Et >    10.0    10.0    10.0    10.0     0.0     0.0     0.0
       E >     0.0     0.0     0.0     0.0     0.0     0.0     0.0
     Eta <     2.5     2.5     2.5     2.5    -1.0    -1.0    -1.0
   xqcut:      0.0     0.0     0.0     0.0     0.0     0.0     0.0
d R # 3  >    -0.0     0.4     0.4     0.4     0.0     0.0     0.0
d R # 4  >    -0.0    -0.0     0.4     0.4     0.0     0.0     0.0
d R # 5  >    -0.0    -0.0    -0.0     0.4     0.0     0.0     0.0
d R # 6  >    -0.0    -0.0    -0.0    -0.0     0.0     0.0     0.0
d R # 7  >    -0.0    -0.0    -0.0    -0.0    -0.0     0.0     0.0
d R # 8  >    -0.0    -0.0    -0.0    -0.0    -0.0    -0.0     0.0
s min # 3>     0.0     0.0     0.0     0.0     0.0     0.0     0.0
s min # 4>     0.0     0.0     0.0     0.0     0.0     0.0     0.0
s min # 5>     0.0     0.0     0.0     0.0     0.0     0.0     0.0
s min # 6>     0.0     0.0     0.0     0.0     0.0     0.0     0.0
s min # 7>     0.0     0.0     0.0     0.0     0.0     0.0     0.0
s min # 8>     0.0     0.0     0.0     0.0     0.0     0.0     0.0
xqcutij # 3>     0.0     0.0     0.0     0.0     0.0     0.0     0.0
xqcutij # 4>     0.0     0.0     0.0     0.0     0.0     0.0     0.0
xqcutij # 5>     0.0     0.0     0.0     0.0     0.0     0.0     0.0
xqcutij # 6>     0.0     0.0     0.0     0.0     0.0     0.0     0.0
xqcutij # 7>     0.0     0.0     0.0     0.0     0.0     0.0     0.0
xqcutij # 8>     0.0     0.0     0.0     0.0     0.0     0.0     0.0
 Excluding BW           -1           1
 Requiring BW           -2           2
 Requiring BW           -3           3
 Requiring BW           -4           4
 Requiring BW           -5           5
 Excluding BW           -6           6
 alpha_s for scale    4017.2397807131210       is    8.0010776156195881E-002
 Added good helicity            1   83.052662683287380       in event            1 local:           1
 Added good helicity           21   4.8979472022693587E-007  in event            1 local:           1
 Added good helicity           25   9.6997537115366093E-005  in event            1 local:           1
 Added good helicity          193   172.91365997630578       in event            1 local:           1
 Added good helicity          213   4.3474951701313250E-007  in event            1 local:           1
 Added good helicity          217   3.3579406207722387E-002  in event            1 local:           1
 Added good helicity            1   83.052662683301179       in event            1 local:           1
 Added good helicity           21   4.8979472022750115E-007  in event            1 local:           1
 Added good helicity           25   9.6997537115541490E-005  in event            1 local:           1
 Added good helicity          193   172.91365997629191       in event            1 local:           1
 Added good helicity          213   4.3474951701374787E-007  in event            1 local:           1
 Added good helicity          217   3.3579406207769780E-002  in event            1 local:           1
 Added good helicity           37   1.4906494797655254E-008  in event            3 local:           1
 Added good helicity          229   4.4999937390307186E-008  in event            3 local:           1
 Added good helicity           37   1.4906494797704124E-008  in event            3 local:           1
 Added good helicity          229   4.4999937390464476E-008  in event            3 local:           1
 Added good helicity           41   1.4906494797654470E-008  in event            9 local:           3
 Added good helicity          233   4.4999937390304817E-008  in event            9 local:           3
 Added good helicity           41   1.4906494797704078E-008  in event            9 local:           3
 Added good helicity          233   4.4999937390464344E-008  in event            9 local:           3
 RESET CUMULATIVE VARIABLE
 RESET CUMULATIVE VARIABLE
 RESET CUMULATIVE VARIABLE
 Iteration  1   Mean: 0.1853E-10 Abs mean: 0.1853E-10   Fluctuation:  0.677E-11   0.418E-08     0.4%
  1    0.1853E-10 0.1853E-10 +- 0.6765E-11     10.19
 Writing out events   7.4104950216898517E-013   10.185894275346019     
 Relative summed weights:
  0.4501E-02  0.3370E-01  0.6813E-03  0.4047E-03  0.0000E+00  0.0000E+00
  0.2744E-02  0.7582E-01  0.4149E-02  0.9541E-02  0.0000E+00  0.0000E+00
  0.1491E+00  0.1999E-01  0.4972E-03  0.1340E-02  0.0000E+00  0.0000E+00
  0.1509E-01  0.1284E-01  0.1252E-01  0.2905E-01  0.0000E+00  0.0000E+00
  0.2554E-02  0.9715E-02  0.5583E-02  0.2946E-01  0.0000E+00  0.0000E+00
  0.1301E-02  0.1328E-01  0.8062E-04  0.1092E-03  0.0000E+00  0.0000E+00
  0.1474E-01  0.5581E-01  0.6147E-02  0.1440E+00  0.0000E+00  0.0000E+00
  0.2472E-01  0.2913E+00  0.2896E-01  0.2205E-03  0.0000E+00  0.0000E+00
 Relative number of events:
  0.2033E-01  0.2160E-01  0.1017E-01  0.8895E-02  0.0000E+00  0.0000E+00
  0.4701E-01  0.6099E-01  0.2414E-01  0.3431E-01  0.0000E+00  0.0000E+00
  0.1652E-01  0.2922E-01  0.8895E-02  0.1398E-01  0.0000E+00  0.0000E+00
  0.7243E-01  0.4447E-01  0.3685E-01  0.4320E-01  0.0000E+00  0.0000E+00
  0.4956E-01  0.4320E-01  0.3939E-01  0.4447E-01  0.0000E+00  0.0000E+00
  0.2033E-01  0.1398E-01  0.1144E-01  0.6353E-02  0.0000E+00  0.0000E+00
  0.5972E-01  0.5718E-01  0.3812E-01  0.4956E-01  0.0000E+00  0.0000E+00
  0.2033E-01  0.2287E-01  0.1398E-01  0.1652E-01  0.0000E+00  0.0000E+00
 Events:
          16          17           8           7           0           0
          37          48          19          27           0           0
          13          23           7          11           0           0
          57          35          29          34           0           0
          39          34          31          35           0           0
          16          11           9           5           0           0
          47          45          30          39           0           0
          16          18          11          13           0           0
 Iteration  2   Mean: 0.3699E-10 Abs mean: 0.3699E-10   Fluctuation:  0.147E-10   0.220E-07    23.6%
  2    0.3699E-10 0.3699E-10 +- 0.1468E-10     17.75
 Relative summed weights:
  0.3103E-02  0.1547E-02  0.2974E+00  0.7737E-03  0.0000E+00  0.0000E+00
  0.8701E-02  0.2083E-02  0.4139E-02  0.8878E-01  0.0000E+00  0.0000E+00
  0.3843E-02  0.6145E-02  0.9011E-03  0.7288E-03  0.0000E+00  0.0000E+00
  0.9233E-01  0.2485E+00  0.1067E-02  0.2826E-02  0.0000E+00  0.0000E+00
  0.1961E-01  0.2221E-01  0.7220E-02  0.5462E-02  0.0000E+00  0.0000E+00
  0.1500E-01  0.5238E-02  0.1418E-02  0.3935E-02  0.0000E+00  0.0000E+00
  0.2807E-01  0.7812E-02  0.2596E-02  0.4865E-02  0.0000E+00  0.0000E+00
  0.8202E-02  0.1938E-02  0.9524E-01  0.8221E-02  0.0000E+00  0.0000E+00
 Relative number of events:
  0.2400E-01  0.2000E-01  0.1100E-01  0.1100E-01  0.0000E+00  0.0000E+00
  0.5900E-01  0.4950E-01  0.4450E-01  0.3600E-01  0.0000E+00  0.0000E+00
  0.2100E-01  0.2150E-01  0.1300E-01  0.1100E-01  0.0000E+00  0.0000E+00
  0.4750E-01  0.5400E-01  0.3650E-01  0.4200E-01  0.0000E+00  0.0000E+00
  0.5750E-01  0.6050E-01  0.3650E-01  0.4300E-01  0.0000E+00  0.0000E+00
  0.2050E-01  0.2400E-01  0.5500E-02  0.8500E-02  0.0000E+00  0.0000E+00
  0.4750E-01  0.5550E-01  0.3750E-01  0.4050E-01  0.0000E+00  0.0000E+00
  0.1850E-01  0.2150E-01  0.1200E-01  0.9500E-02  0.0000E+00  0.0000E+00
 Events:
          48          40          22          22           0           0
         118          99          89          72           0           0
          42          43          26          22           0           0
          95         108          73          84           0           0
         115         121          73          86           0           0
          41          48          11          17           0           0
          95         111          75          81           0           0
          37          43          24          19           0           0
 Iteration  3   Mean: 0.2985E-10 Abs mean: 0.2985E-10   Fluctuation:  0.128E-10   0.492E-07    70.4%
  3    0.2985E-10 0.2985E-10 +- 0.1279E-10     27.11
 Relative summed weights:
  0.2565E-01  0.7849E-02  0.3610E-01  0.2609E-04  0.0000E+00  0.0000E+00
  0.1058E-01  0.2046E-01  0.2654E-02  0.1149E-01  0.3720E-04  0.0000E+00
  0.4679E-02  0.5978E-01  0.4660E-02  0.7352E-03  0.0000E+00  0.0000E+00
  0.6420E-02  0.5105E+00  0.5176E-01  0.2490E-02  0.0000E+00  0.0000E+00
  0.2283E-01  0.9405E-02  0.2206E-01  0.2472E-02  0.0000E+00  0.4573E-08
  0.5682E-02  0.1189E-01  0.4463E-01  0.1887E-02  0.0000E+00  0.0000E+00
  0.4796E-02  0.6320E-02  0.4138E-02  0.1505E-01  0.0000E+00  0.0000E+00
  0.2465E-01  0.6708E-01  0.7977E-03  0.4106E-03  0.0000E+00  0.0000E+00
 Relative number of events:
  0.2100E-01  0.1950E-01  0.1025E-01  0.6750E-02  0.0000E+00  0.0000E+00
  0.5475E-01  0.5575E-01  0.3750E-01  0.3925E-01  0.5000E-03  0.0000E+00
  0.2050E-01  0.2075E-01  0.9750E-02  0.1150E-01  0.0000E+00  0.0000E+00
  0.5375E-01  0.5425E-01  0.4650E-01  0.4450E-01  0.0000E+00  0.0000E+00
  0.5500E-01  0.5050E-01  0.4175E-01  0.4200E-01  0.0000E+00  0.2500E-03
  0.1925E-01  0.1875E-01  0.1075E-01  0.1100E-01  0.0000E+00  0.0000E+00
  0.5500E-01  0.5050E-01  0.3875E-01  0.3975E-01  0.0000E+00  0.0000E+00
  0.2375E-01  0.2075E-01  0.8250E-02  0.7250E-02  0.0000E+00  0.0000E+00
 Events:
          84          78          41          27           0           0
         219         223         150         157           2           0
          82          83          39          46           0           0
         215         217         186         178           0           0
         220         202         167         168           0           1
          77          75          43          44           0           0
         220         202         155         159           0           0
          95          83          33          29           0           0
 Accuracy:    0.201   0.100   0.228   0.779
 Found           93  events.
 Wrote            2  events.
 Actual xsec    2.7796682740458171E-011
 Correct abs xsec    2.7796682740458171E-011
 Event xsec    2.7796682740458168E-011
 Events wgts > 1:            0
 % Cross section > 1:    0.0000000000000000        0.0000000000000000     
 Iteration  4   Mean: 0.1451E-09 Abs mean: 0.1451E-09   Fluctuation:  0.101E-09   0.797E-06    75.8%
  4    0.1451E-09 0.1451E-09 +- 0.1005E-09     61.97
 Relative summed weights:
  0.4506E-01  0.1438E-02  0.1071E-01  0.9171E-03  0.0000E+00  0.0000E+00
  0.7324E-02  0.6075E-02  0.1694E-02  0.3534E-01  0.8696E-04  0.7217E-08
  0.2357E-01  0.1652E-02  0.7117E-04  0.8497E-03  0.0000E+00  0.0000E+00
  0.3427E-02  0.4926E-02  0.2147E-02  0.1064E-02  0.5121E-08  0.9836E-07
  0.6738E-01  0.6934E+00  0.3769E-02  0.1247E-02  0.0000E+00  0.3133E-05
  0.3765E-02  0.1664E-01  0.2580E-01  0.5563E-03  0.3051E-07  0.0000E+00
  0.1005E-01  0.5558E-02  0.2031E-02  0.7464E-02  0.3146E-07  0.7548E-07
  0.7398E-02  0.5500E-02  0.8932E-03  0.2222E-02  0.6324E-07  0.0000E+00
 Relative number of events:
  0.2138E-01  0.2100E-01  0.8750E-02  0.9875E-02  0.0000E+00  0.0000E+00
  0.5488E-01  0.5325E-01  0.4038E-01  0.4138E-01  0.3750E-03  0.1250E-03
  0.2150E-01  0.1988E-01  0.7000E-02  0.1050E-01  0.0000E+00  0.0000E+00
  0.4975E-01  0.5538E-01  0.3800E-01  0.4050E-01  0.1250E-03  0.1250E-03
  0.5550E-01  0.5200E-01  0.3550E-01  0.4300E-01  0.0000E+00  0.1250E-03
  0.2225E-01  0.2088E-01  0.8750E-02  0.1100E-01  0.1250E-03  0.0000E+00
  0.5462E-01  0.5287E-01  0.4263E-01  0.4163E-01  0.2500E-03  0.1250E-03
  0.2250E-01  0.2113E-01  0.9625E-02  0.1125E-01  0.1250E-03  0.0000E+00
 Events:
         171         168          70          79           0           0
         439         426         323         331           3           1
         172         159          56          84           0           0
         398         443         304         324           1           1
         444         416         284         344           0           1
         178         167          70          88           1           0
         437         423         341         333           2           1
         180         169          77          90           1           0
 Accuracy:    0.524   0.100   0.216   5.861
 Found          232  events.
 Wrote            1  events.
 Actual xsec    5.0411581723513076E-011
 Correct abs xsec    5.0411581723513076E-011
 Event xsec    5.0411581723513070E-011
 Events wgts > 1:            1
 % Cross section > 1:    4.9541462989922603E-018   9.8273970576121354E-006
 Iteration  5   Mean: 0.3051E-10 Abs mean: 0.3051E-10   Fluctuation:  0.719E-11   0.808E-07    74.5%
  5    0.3051E-10 0.3051E-10 +- 0.7190E-11     29.81
 Relative summed weights:
  0.1289E-01  0.1043E-01  0.4272E-02  0.1729E-02  0.0000E+00  0.0000E+00
  0.1615E-01  0.3273E-01  0.1024E-01  0.1159E-01  0.0000E+00  0.9215E-07
  0.6315E-01  0.6417E-02  0.2519E-02  0.4204E-02  0.5296E-07  0.0000E+00
  0.1599E+00  0.2062E-01  0.1560E-01  0.3732E-01  0.4458E-07  0.1004E-04
  0.2567E-01  0.1575E-01  0.9584E-01  0.6296E-02  0.5982E-06  0.2863E-09
  0.8003E-02  0.3381E-01  0.5414E-02  0.3787E-02  0.0000E+00  0.0000E+00
  0.3559E-01  0.1392E-01  0.1850E+00  0.1684E-01  0.9503E-05  0.0000E+00
  0.8636E-01  0.1526E-01  0.3798E-01  0.4596E-02  0.1011E-03  0.0000E+00
 Relative number of events:
  0.2063E-01  0.2056E-01  0.1162E-01  0.9875E-02  0.0000E+00  0.0000E+00
  0.5281E-01  0.5237E-01  0.4025E-01  0.3981E-01  0.0000E+00  0.6250E-04
  0.2225E-01  0.2075E-01  0.8812E-02  0.1075E-01  0.1250E-03  0.0000E+00
  0.5256E-01  0.5206E-01  0.4038E-01  0.3662E-01  0.1250E-03  0.1250E-03
  0.5644E-01  0.5100E-01  0.4031E-01  0.3988E-01  0.2500E-03  0.1250E-03
  0.2287E-01  0.2281E-01  0.1106E-01  0.1087E-01  0.0000E+00  0.0000E+00
  0.5287E-01  0.5531E-01  0.3919E-01  0.3831E-01  0.6250E-04  0.0000E+00
  0.2100E-01  0.2169E-01  0.1131E-01  0.1200E-01  0.6250E-04  0.0000E+00
 Events:
         330         329         186         158           0           0
         845         838         644         637           0           1
         356         332         141         172           2           0
         841         833         646         586           2           2
         903         816         645         638           4           2
         366         365         177         174           0           0
         846         885         627         613           1           0
         336         347         181         192           1           0
 Accuracy:    0.377   0.100   0.159   5.596
 Found          164  events.
 Wrote            7  events.
 Actual xsec    3.9713308264823380E-011
 Correct abs xsec    3.9713308264823380E-011
 Event xsec    3.9713308264823373E-011
 Events wgts > 1:            0
 % Cross section > 1:    0.0000000000000000        0.0000000000000000     

 -------------------------------------------------------------------------------
 Accumulated results:   Integral =  0.3524E-10
                        Std dev  =  0.5616E-11
                       Cross sec =  0.3524E-10
             Chi**2 per DoF.     =      5.5959
 -------------------------------------------------------------------------------
-------------------------------------------------
---------------------------
 Results Last   3 iters: Integral =   0.3971E-10
                     Abs integral =   0.3971E-10
                          Std dev =   0.7859E-11
                  Chi**2 per DoF. =      1.6660
-------------------------------------------------
---------------------------
 Status  0.10000000000000001                6           5

ls status:
events.lhe
ftn26
input_app.txt
results.dat
run1_app.log
