 Process in group number            1
 A PDF is used, so alpha_s(MZ) is going to be modified
 Old value of alpha_s from param_card:   0.11839999999999999     
  ****************************************
 
       NNPDFDriver version 1.0.3
   Grid: NNPDF23_lo_as_0130_qed_mem0.grid
  ****************************************
 New value of alpha_s from PDF nn23lo1:  0.13000000000000000     
 Define smin to   1600.0000000000000     
 Define smin to   1600.0000000000000     
 Define smin to   1600.0000000000000     
 *****************************************************
 *               MadGraph/MadEvent                   *
 *        --------------------------------           *
 *          http://madgraph.hep.uiuc.edu             *
 *          http://madgraph.phys.ucl.ac.be           *
 *          http://madgraph.roma2.infn.it            *
 *        --------------------------------           *
 *                                                   *
 *          PARAMETER AND COUPLING VALUES            *
 *                                                   *
 *****************************************************

  External Params
  ---------------------------------
  
 mdl_VeN1 =    1.0000000000000000     
 mdl_VeN2 =    0.0000000000000000     
 mdl_VeN3 =    0.0000000000000000     
 mdl_VmuN1 =    0.0000000000000000     
 mdl_VmuN2 =    1.0000000000000000     
 mdl_VmuN3 =    0.0000000000000000     
 mdl_VtaN1 =    0.0000000000000000     
 mdl_VtaN2 =    0.0000000000000000     
 mdl_VtaN3 =    1.0000000000000000     
 mdl_VN1N1 =    1.0000000000000000     
 mdl_VN1N2 =    1.0000000000000000     
 mdl_VN1N3 =    1.0000000000000000     
 mdl_VN2N2 =    1.0000000000000000     
 mdl_VN2N3 =    1.0000000000000000     
 mdl_VN3N3 =    1.0000000000000000     
 aEWM1 =    127.90000000000001     
 mdl_Gf =    1.1663700000000000E-005
 aS =   0.11839999999999999     
 mdl_ymt =    172.00000000000000     
 mdl_vevf =    50.000000000000000     
 mdl_MZ =    91.187600000000003     
 mdl_MT =    172.00000000000000     
 mdl_MH =    125.00000000000000     
 mdl_mN1 =    510.00000000000000     
 mdl_mN2 =    610.00000000000000     
 mdl_mN3 =    710.00000000000000     
 mdl_MJ =    91.187600000000003     
 mdl_MAx =    173.04800000000000     
 mdl_WZ =    2.4952000000000001     
 mdl_WW =    2.0850000000000000     
 mdl_WT =    1.5083359999999999     
 mdl_WH =    4.0699999999999998E-003
 mdl_WN1 =   0.30299999999999999     
 mdl_WN2 =    1.5000000000000000     
 mdl_WN3 =    12.300000000000001     
 mdl_WJ =    2.4952000000000001     
 mdl_WAx =    4.1700000000000001E-003
  Internal Params
  ---------------------------------
  
 mdl_vevf__exp__2 =    2500.0000000000000     
 mdl_sqrt__vevf__exp__2 =    50.000000000000000     
 mdl_muJ =    50.000000000000000     
 mdl_MZ__exp__2 =    8315.1783937600012     
 mdl_MZ__exp__4 =    69142191.720053151     
 mdl_sqrt__2 =    1.4142135623730951     
 mdl_MJ__exp__2 =    8315.1783937600012     
 mdl_muJ__exp__2 =    2500.0000000000000     
 mdl_lamJ =    4.3260713575040004     
 mdl_MH__exp__2 =    15625.000000000000     
 mdl_complexi =  (  0.0000000000000000     ,  1.0000000000000000     )
 mdl_aEW =    7.8186082877247844E-003
 mdl_MW =    79.824359746197842     
 mdl_sqrt__aEW =    8.8422894590285753E-002
 mdl_ee =   0.31345100004952897     
 mdl_MW__exp__2 =    6371.9284088904105     
 mdl_sw2 =   0.23369913342182447     
 mdl_cw =   0.87538612427783857     
 mdl_sqrt__sw2 =   0.48342438232036300     
 mdl_sw =   0.48342438232036300     
 mdl_g1 =   0.35807170271074895     
 mdl_gN =   0.64839716719502682     
 mdl_gw =   0.64839716719502682     
 mdl_vev =    246.22056907348590     
 mdl_vev__exp__2 =    60624.568634871241     
 mdl_lam =   0.12886689630821144     
 mdl_yt =   0.98791394091683138     
 mdl_muH =    88.388347648318444     
 mdl_I2a33 =  ( 0.98791394091683138     ,  0.0000000000000000     )
 mdl_I3a33 =  ( 0.98791394091683138     ,  0.0000000000000000     )
 mdl_ee__exp__2 =    9.8251529432049817E-002
 mdl_sw__exp__2 =   0.23369913342182450     
 mdl_cw__exp__2 =   0.76630086657817542     
  Internal Params evaluated point by point
  ----------------------------------------
  
 mdl_sqrt__aS =   0.34409301068170506     
 mdl_G__exp__2 =    1.4878582807401259     
  Couplings of SM_HeavyN_UFO
  ---------------------------------
  
         GC_1 =  -0.00000E+00  -0.10448E+00
         GC_2 =   0.00000E+00   0.20897E+00
         GC_3 =  -0.00000E+00  -0.31345E+00
         GC_4 =   0.00000E+00   0.31345E+00
        GC_26 =   0.00000E+00   0.45849E+00
        GC_27 =  -0.00000E+00  -0.28380E+00
        GC_28 =   0.00000E+00   0.28380E+00
        GC_30 =   0.00000E+00   0.56760E+00
        GC_35 =  -0.00000E+00  -0.28850E-01
        GC_37 =   0.00000E+00   0.17310E+00
        GC_39 =   0.00000E+00  -0.19725E+00
        GC_40 =   0.00000E+00   0.37035E+00
        GC_80 =   0.00000E+00   0.67543E+02
       GC_107 =  -0.00000E+00  -0.74070E+00
       GC_109 =  -0.00000E+00  -0.74070E+00
       GC_111 =  -0.00000E+00  -0.74070E+00
       GC_113 =  -0.00000E+00  -0.74070E+00
       GC_115 =  -0.00000E+00  -0.74070E+00
       GC_117 =  -0.00000E+00  -0.74070E+00
       GC_119 =   0.00000E+00   0.00000E+00
       GC_120 =   0.00000E+00   0.00000E+00
       GC_122 =  -0.00000E+00  -0.00000E+00
       GC_126 =   0.00000E+00   0.00000E+00
       GC_127 =   0.00000E+00   0.00000E+00
       GC_129 =  -0.00000E+00  -0.00000E+00
       GC_133 =   0.00000E+00   0.45849E+00
       GC_134 =   0.00000E+00   0.37035E+00
       GC_136 =  -0.00000E+00  -0.28836E+01
        GC_81 =   0.10200E+02   0.00000E+00
        GC_82 =   0.12200E+02   0.00000E+00
        GC_83 =   0.14200E+02   0.00000E+00

 Collider parameters:
 --------------------

 Running at P P   machine @    13000.000000000000       GeV
 PDF set = nn23lo1
 alpha_s(Mz)= 0.1300 running at 2 loops.
 alpha_s(Mz)= 0.1300 running at 2 loops.
 Renormalization scale set on event-by-event basis
 Factorization   scale set on event-by-event basis


 getting user params
Enter number of events and max and min iterations: 
 Number of events and iterations         1000           5           3
Enter desired fractional accuracy: 
 Desired fractional accuracy:   0.10000000000000001     
Enter 0 for fixed, 2 for adjustable grid: 
Suppress amplitude (0 no, 1 yes)? 
 Using suppressed amplitude.
Exact helicity sum (0 yes, n = number/event)? 
 Explicitly summing over helicities
Enter Configuration Number: 
Running Configuration Number:   59
 Using dconfig=         205
 BW Setting            1           2           1           1           2           0           0
 Attempting mappinvarients           1           9
 Completed mapping           9
 about to integrate           19        1000           5           3          19           1
 Using non-zero grid deformation.
 19 dimensions   1000 events 19 invarients  5 iterations  1 config(s),  (0.99)
 Using h-tuple random number sequence.
 Error opening grid
 Using Uniform Grid!          36
 Using uniform alpha   1.0000000000000000     
 Grid defined OK
 Set CM energy to      13000.00
 Mapping Graph          59  to config          59
 Setting BW          -1           1   91.187600000000003     
Setting grid   2    0.36660E-04   1
Setting grid   3    0.36660E-04   1
 Setting BW          -4           3   710.00000000000000     
 Setting BW          -5           4   710.00000000000000     
Setting grid   6    0.32375E-02   1
 Transforming s_hat 1/s           18   3.2375014532175150E-003   1600.0000000000000        168999999.99999997     
  59   1   2   3   4   5   6   7   8   9  10  11  12  13  14
  15  16  17  18  19
 Masses: 0.000E+00 0.000E+00 0.000E+00 0.000E+00 0.000E+00 0.000E+00 0.000E+00 0.000E+00 0.912E+02
Using random seed offsets    59 :      1
  with seed                   24
 Ranmar initialization seeds       31117        9398
 
 ********************************************
 * You are using the DiscreteSampler module *
 *      part of the MG5_aMC framework       *
 *         Author: Valentin Hirschi         *
 ********************************************
 
  Particle       3       4       5       6       7       8       9
      Et >    10.0    10.0    10.0    10.0     0.0     0.0     0.0
       E >     0.0     0.0     0.0     0.0     0.0     0.0     0.0
     Eta <     2.5     2.5     2.5     2.5    -1.0    -1.0    -1.0
   xqcut:      0.0     0.0     0.0     0.0     0.0     0.0     0.0
d R # 3  >    -0.0     0.4     0.4     0.4     0.0     0.0     0.0
d R # 4  >    -0.0    -0.0     0.4     0.4     0.0     0.0     0.0
d R # 5  >    -0.0    -0.0    -0.0     0.4     0.0     0.0     0.0
d R # 6  >    -0.0    -0.0    -0.0    -0.0     0.0     0.0     0.0
d R # 7  >    -0.0    -0.0    -0.0    -0.0    -0.0     0.0     0.0
d R # 8  >    -0.0    -0.0    -0.0    -0.0    -0.0    -0.0     0.0
s min # 3>     0.0     0.0     0.0     0.0     0.0     0.0     0.0
s min # 4>     0.0     0.0     0.0     0.0     0.0     0.0     0.0
s min # 5>     0.0     0.0     0.0     0.0     0.0     0.0     0.0
s min # 6>     0.0     0.0     0.0     0.0     0.0     0.0     0.0
s min # 7>     0.0     0.0     0.0     0.0     0.0     0.0     0.0
s min # 8>     0.0     0.0     0.0     0.0     0.0     0.0     0.0
xqcutij # 3>     0.0     0.0     0.0     0.0     0.0     0.0     0.0
xqcutij # 4>     0.0     0.0     0.0     0.0     0.0     0.0     0.0
xqcutij # 5>     0.0     0.0     0.0     0.0     0.0     0.0     0.0
xqcutij # 6>     0.0     0.0     0.0     0.0     0.0     0.0     0.0
xqcutij # 7>     0.0     0.0     0.0     0.0     0.0     0.0     0.0
xqcutij # 8>     0.0     0.0     0.0     0.0     0.0     0.0     0.0
 Requiring BW           -1           1
 Excluding BW           -3           2
 Requiring BW           -4           3
 Requiring BW           -5           4
 Excluding BW           -6           5
 alpha_s for scale    772.08409081089394       is    9.6013268870814253E-002
 Added good helicity            1  0.23431373383791237       in event            1 local:           1
 Added good helicity           21   1.1606345768392912       in event            1 local:           1
 Added good helicity           25   1.4925147935334544E-005  in event            1 local:           1
 Added good helicity           37   1.0167344162051286E-008  in event            1 local:           1
 Added good helicity           41  0.50000735117011541       in event            1 local:           1
 Added good helicity           61  0.58339966194277126       in event            1 local:           1
 Added good helicity          193   108.39280535633840       in event            1 local:           1
 Added good helicity          213   1.7111605338640710       in event            1 local:           1
 Added good helicity          217   2.2594234686557378E-002  in event            1 local:           1
 Added good helicity          229   3.1889620378124438E-003  in event            1 local:           1
 Added good helicity          233   142.66484847769530       in event            1 local:           1
 Added good helicity          253  0.72703217627251515       in event            1 local:           1
 Added good helicity            1  0.23431373383791809       in event            1 local:           1
 Added good helicity           21   1.1606345768392921       in event            1 local:           1
 Added good helicity           25   1.4925147935332516E-005  in event            1 local:           1
 Added good helicity           37   1.0167344162034373E-008  in event            1 local:           1
 Added good helicity           41  0.50000735117011708       in event            1 local:           1
 Added good helicity           61  0.58339966194277193       in event            1 local:           1
 Added good helicity          193   108.39280535633809       in event            1 local:           1
 Added good helicity          213   1.7111605338640237       in event            1 local:           1
 Added good helicity          217   2.2594234686557385E-002  in event            1 local:           1
 Added good helicity          229   3.1889620378124693E-003  in event            1 local:           1
 Added good helicity          233   142.66484847769564       in event            1 local:           1
 Added good helicity          253  0.72703217627251204       in event            1 local:           1
 RESET CUMULATIVE VARIABLE
 RESET CUMULATIVE VARIABLE
 RESET CUMULATIVE VARIABLE
 Iteration  1   Mean: 0.1165E-13 Abs mean: 0.1165E-13   Fluctuation:  0.849E-14   0.836E-11     1.7%
  1    0.1165E-13 0.1165E-13 +- 0.8493E-14     23.06
 Writing out events   1.3838561539974266E-016   23.056777093340745     
 Relative summed weights:
  0.1458E-03  0.2760E-02  0.3311E-02  0.6737E-01  0.1345E-04  0.0000E+00
  0.9536E-06  0.4982E-03  0.6855E-05  0.7506E-04  0.0000E+00  0.1140E-06
  0.3465E-04  0.5130E-07  0.8981E-07  0.6624E-05  0.4148E-07  0.0000E+00
  0.3016E-05  0.4764E-05  0.5828E-06  0.1836E-04  0.9902E-04  0.0000E+00
  0.1756E-03  0.2891E-02  0.7131E+00  0.9428E-03  0.6154E-09  0.1311E-05
  0.1159E-01  0.6003E-07  0.4636E-06  0.1967E-01  0.0000E+00  0.0000E+00
  0.6031E-04  0.1587E-08  0.0000E+00  0.0000E+00  0.0000E+00  0.0000E+00
  0.8243E-05  0.2438E-04  0.5268E-03  0.8063E-06  0.0000E+00  0.0000E+00
  0.2415E-03  0.2490E-02  0.8197E-02  0.9635E-02  0.6131E-02  0.1751E-11
  0.3042E-04  0.6264E-05  0.4248E-04  0.4100E-05  0.3612E-10  0.1673E-20
  0.1621E-04  0.3541E-06  0.3161E-03  0.8357E-05  0.0000E+00  0.2178E-04
  0.3370E-04  0.3102E-05  0.5696E-02  0.2359E-02  0.0000E+00  0.0000E+00
  0.2216E-02  0.2594E-02  0.9450E-02  0.1574E-03  0.1148E-09  0.3699E-06
  0.9290E-02  0.6938E-02  0.6193E-05  0.1935E-03  0.0000E+00  0.7205E-09
  0.0000E+00  0.4285E-08  0.5922E-02  0.3451E-06  0.0000E+00  0.3095E-11
  0.1044E+00  0.4318E-05  0.2253E-03  0.1952E-10  0.2186E-07  0.0000E+00
 Relative number of events:
  0.3171E-01  0.3072E-01  0.3964E-01  0.4262E-01  0.9911E-03  0.0000E+00
  0.9911E-02  0.1090E-01  0.1487E-01  0.1388E-01  0.0000E+00  0.9911E-03
  0.3964E-02  0.2973E-02  0.2973E-02  0.3964E-02  0.9911E-03  0.0000E+00
  0.8920E-02  0.1090E-01  0.7929E-02  0.4955E-02  0.1982E-02  0.0000E+00
  0.3766E-01  0.3568E-01  0.4460E-01  0.3469E-01  0.9911E-03  0.9911E-03
  0.9911E-02  0.4955E-02  0.1189E-01  0.9911E-02  0.0000E+00  0.0000E+00
  0.3964E-02  0.1982E-02  0.0000E+00  0.0000E+00  0.0000E+00  0.0000E+00
  0.7929E-02  0.9911E-02  0.7929E-02  0.7929E-02  0.0000E+00  0.0000E+00
  0.4955E-01  0.2973E-01  0.4856E-01  0.4955E-01  0.1982E-02  0.9911E-03
  0.4955E-02  0.9911E-02  0.9911E-02  0.8920E-02  0.9911E-03  0.9911E-03
  0.2973E-02  0.3964E-02  0.1982E-02  0.2973E-02  0.0000E+00  0.9911E-03
  0.1189E-01  0.6938E-02  0.7929E-02  0.7929E-02  0.0000E+00  0.0000E+00
  0.3667E-01  0.4658E-01  0.4163E-01  0.3865E-01  0.9911E-03  0.9911E-03
  0.1189E-01  0.1388E-01  0.7929E-02  0.1487E-01  0.0000E+00  0.9911E-03
  0.0000E+00  0.1982E-02  0.4955E-02  0.2973E-02  0.0000E+00  0.9911E-03
  0.1487E-01  0.7929E-02  0.6938E-02  0.1982E-02  0.1982E-02  0.0000E+00
 Events:
          32          31          40          43           1           0
          10          11          15          14           0           1
           4           3           3           4           1           0
           9          11           8           5           2           0
          38          36          45          35           1           1
          10           5          12          10           0           0
           4           2           0           0           0           0
           8          10           8           8           0           0
          50          30          49          50           2           1
           5          10          10           9           1           1
           3           4           2           3           0           1
          12           7           8           8           0           0
          37          47          42          39           1           1
          12          14           8          15           0           1
           0           2           5           3           0           1
          15           8           7           2           2           0
 Iteration  2   Mean: 0.7699E-14 Abs mean: 0.7699E-14   Fluctuation:  0.242E-14   0.359E-11    19.7%
  2    0.7699E-14 0.7699E-14 +- 0.2416E-14     14.04
 Relative summed weights:
  0.1526E-01  0.9331E-02  0.1895E-01  0.2850E-02  0.9170E-09  0.1882E-05
  0.1502E-02  0.3876E-02  0.3242E-02  0.1637E-02  0.4100E-04  0.0000E+00
  0.2256E-02  0.1473E-02  0.2437E-02  0.6845E-03  0.0000E+00  0.0000E+00
  0.7737E-03  0.4033E-02  0.2534E-04  0.4431E-02  0.0000E+00  0.2681E-03
  0.3926E-02  0.7585E-01  0.1010E-01  0.2021E-02  0.3748E-05  0.3057E-05
  0.6925E-03  0.6213E-01  0.4969E-03  0.2379E-02  0.0000E+00  0.0000E+00
  0.3144E-02  0.1170E-02  0.1651E-02  0.8293E-04  0.0000E+00  0.0000E+00
  0.4731E-02  0.6883E-03  0.1122E+00  0.8417E-02  0.0000E+00  0.7800E-05
  0.2602E+00  0.4100E-02  0.1445E-02  0.1037E-01  0.1754E-05  0.4388E-03
  0.6301E-02  0.3010E-02  0.6133E-02  0.5480E-02  0.0000E+00  0.0000E+00
  0.6028E-05  0.2093E-01  0.2788E-02  0.3340E-03  0.0000E+00  0.0000E+00
  0.4660E-01  0.3187E-02  0.2127E-02  0.1136E-01  0.0000E+00  0.0000E+00
  0.1244E-02  0.1605E+00  0.5440E-02  0.3701E-01  0.4892E-05  0.2340E-04
  0.6354E-03  0.1034E-01  0.5466E-02  0.6704E-02  0.0000E+00  0.2632E-07
  0.8156E-02  0.9829E-04  0.3163E-07  0.1125E-01  0.0000E+00  0.0000E+00
  0.2296E-02  0.3086E-02  0.5262E-05  0.1678E-03  0.0000E+00  0.1464E-06
 Relative number of events:
  0.3050E-01  0.3600E-01  0.3550E-01  0.3850E-01  0.5000E-03  0.5000E-03
  0.1100E-01  0.6000E-02  0.1600E-01  0.1150E-01  0.5000E-03  0.0000E+00
  0.2500E-02  0.3000E-02  0.3500E-02  0.1500E-02  0.0000E+00  0.0000E+00
  0.1050E-01  0.1300E-01  0.4500E-02  0.7500E-02  0.0000E+00  0.5000E-03
  0.3850E-01  0.4550E-01  0.4300E-01  0.4400E-01  0.1000E-02  0.1500E-02
  0.1100E-01  0.1150E-01  0.1100E-01  0.1300E-01  0.0000E+00  0.0000E+00
  0.2500E-02  0.5500E-02  0.1000E-02  0.2000E-02  0.0000E+00  0.0000E+00
  0.1300E-01  0.8000E-02  0.9000E-02  0.5000E-02  0.0000E+00  0.1000E-02
  0.3500E-01  0.4600E-01  0.4000E-01  0.3350E-01  0.5000E-03  0.2000E-02
  0.1300E-01  0.1100E-01  0.1400E-01  0.1150E-01  0.0000E+00  0.0000E+00
  0.2500E-02  0.3500E-02  0.6000E-02  0.1500E-02  0.0000E+00  0.0000E+00
  0.1250E-01  0.1100E-01  0.7500E-02  0.6000E-02  0.0000E+00  0.0000E+00
  0.3900E-01  0.4400E-01  0.3450E-01  0.3800E-01  0.5000E-03  0.2000E-02
  0.8500E-02  0.1150E-01  0.1450E-01  0.1450E-01  0.0000E+00  0.5000E-03
  0.4500E-02  0.3000E-02  0.5000E-03  0.1500E-02  0.0000E+00  0.0000E+00
  0.1050E-01  0.9000E-02  0.3000E-02  0.3000E-02  0.0000E+00  0.5000E-03
 Events:
          61          72          71          77           1           1
          22          12          32          23           1           0
           5           6           7           3           0           0
          21          26           9          15           0           1
          77          91          86          88           2           3
          22          23          22          26           0           0
           5          11           2           4           0           0
          26          16          18          10           0           2
          70          92          80          67           1           4
          26          22          28          23           0           0
           5           7          12           3           0           0
          25          22          15          12           0           0
          78          88          69          76           1           4
          17          23          29          29           0           1
           9           6           1           3           0           0
          21          18           6           6           0           1
 Iteration  3   Mean: 0.1727E-13 Abs mean: 0.1727E-13   Fluctuation:  0.693E-14   0.221E-10    51.2%
  3    0.1727E-13 0.1727E-13 +- 0.6925E-14     25.36
 Relative summed weights:
  0.3803E-02  0.3773E-02  0.1037E-01  0.3631E-02  0.8387E-04  0.3166E-04
  0.4802E-02  0.9635E-03  0.1255E-02  0.1893E-02  0.4925E-07  0.1692E-08
  0.3030E-03  0.4526E-03  0.1088E-02  0.2046E-03  0.1955E-07  0.0000E+00
  0.1813E-02  0.1160E-01  0.2417E-03  0.2111E-03  0.0000E+00  0.0000E+00
  0.6236E-02  0.9439E-02  0.5588E-02  0.1031E+00  0.3668E-04  0.1923E-06
  0.5142E-02  0.3647E-01  0.1113E-01  0.2706E-02  0.2162E-06  0.6052E-05
  0.3267E-02  0.2631E-02  0.2735E-04  0.3518E-05  0.0000E+00  0.6140E-06
  0.1494E-01  0.4018E-03  0.1874E-02  0.3480E-02  0.0000E+00  0.0000E+00
  0.7181E-02  0.8069E-02  0.4670E-02  0.1573E-02  0.6906E-05  0.7123E-05
  0.5332E-01  0.2256E-02  0.8819E-03  0.2245E+00  0.3282E-04  0.2886E-04
  0.5413E-02  0.8011E-04  0.5442E-03  0.5475E-03  0.0000E+00  0.4862E-04
  0.1519E-02  0.4736E-02  0.2680E-03  0.2581E-02  0.1385E-05  0.8042E-06
  0.6988E-02  0.2570E-01  0.1103E-02  0.3939E-02  0.2683E-03  0.3223E-05
  0.8636E-02  0.2739E-01  0.1627E-02  0.1272E-02  0.0000E+00  0.0000E+00
  0.8438E-03  0.6969E-03  0.3194E+00  0.1854E-01  0.0000E+00  0.0000E+00
  0.9438E-03  0.7201E-02  0.3411E-02  0.8450E-03  0.5502E-07  0.0000E+00
 Relative number of events:
  0.4175E-01  0.3975E-01  0.4050E-01  0.4125E-01  0.1500E-02  0.1250E-02
  0.9500E-02  0.1050E-01  0.7750E-02  0.8750E-02  0.2500E-03  0.2500E-03
  0.3250E-02  0.5250E-02  0.3500E-02  0.2000E-02  0.2500E-03  0.0000E+00
  0.1300E-01  0.7500E-02  0.3000E-02  0.6500E-02  0.0000E+00  0.0000E+00
  0.4000E-01  0.4025E-01  0.3775E-01  0.4525E-01  0.7500E-03  0.7500E-03
  0.1050E-01  0.8750E-02  0.9000E-02  0.1075E-01  0.2500E-03  0.2500E-03
  0.5750E-02  0.4000E-02  0.1500E-02  0.1750E-02  0.0000E+00  0.2500E-03
  0.1200E-01  0.1000E-01  0.7000E-02  0.4750E-02  0.0000E+00  0.0000E+00
  0.4200E-01  0.4000E-01  0.4125E-01  0.3400E-01  0.1000E-02  0.1250E-02
  0.1100E-01  0.9750E-02  0.8250E-02  0.1050E-01  0.1000E-02  0.5000E-03
  0.5500E-02  0.2250E-02  0.1750E-02  0.2500E-02  0.0000E+00  0.2500E-03
  0.1250E-01  0.9750E-02  0.4750E-02  0.7000E-02  0.5000E-03  0.2500E-03
  0.4275E-01  0.4200E-01  0.3575E-01  0.4125E-01  0.5000E-03  0.7500E-03
  0.9250E-02  0.1475E-01  0.1175E-01  0.1225E-01  0.0000E+00  0.0000E+00
  0.2750E-02  0.3000E-02  0.2000E-02  0.1500E-02  0.0000E+00  0.0000E+00
  0.1025E-01  0.1150E-01  0.4750E-02  0.7000E-02  0.2500E-03  0.0000E+00
 Events:
         167         159         162         165           6           5
          38          42          31          35           1           1
          13          21          14           8           1           0
          52          30          12          26           0           0
         160         161         151         181           3           3
          42          35          36          43           1           1
          23          16           6           7           0           1
          48          40          28          19           0           0
         168         160         165         136           4           5
          44          39          33          42           4           2
          22           9           7          10           0           1
          50          39          19          28           2           1
         171         168         143         165           2           3
          37          59          47          49           0           0
          11          12           8           6           0           0
          41          46          19          28           1           0
 Accuracy:    0.274   0.100   0.234   1.368
 Found          188  events.
 Wrote            3  events.
 Actual xsec    1.1369199044882291E-014
 Correct abs xsec    1.1369199044882291E-014
 Event xsec    1.1369199044882291E-014
 Events wgts > 1:            0
 % Cross section > 1:    0.0000000000000000        0.0000000000000000     
 Iteration  4   Mean: 0.8035E-14 Abs mean: 0.8035E-14   Fluctuation:  0.139E-14   0.864E-11    59.0%
  4    0.8035E-14 0.8035E-14 +- 0.1386E-14     15.42
 Relative summed weights:
  0.1316E-01  0.9946E-02  0.2817E-01  0.7901E-02  0.1188E-02  0.2275E-05
  0.5123E-01  0.7017E-02  0.7375E-02  0.4860E-02  0.1398E-03  0.1548E-07
  0.2843E-02  0.9827E-02  0.1786E-01  0.1733E-01  0.1523E-04  0.3572E-04
  0.4600E-02  0.1928E-01  0.8604E-02  0.1869E-01  0.3688E-05  0.9940E-06
  0.5964E-02  0.9763E-02  0.7415E-02  0.7102E-02  0.5059E-03  0.1150E-03
  0.4626E-01  0.3322E-02  0.1994E-02  0.3166E-02  0.1349E-03  0.2107E-04
  0.5527E-01  0.1486E-01  0.1063E-01  0.9586E-03  0.3005E-06  0.0000E+00
  0.4595E-01  0.1187E-01  0.3661E-01  0.1555E-01  0.4392E-05  0.0000E+00
  0.2113E-01  0.9236E-02  0.2089E-01  0.6415E-02  0.7139E-04  0.3275E-03
  0.3053E-01  0.3684E-02  0.3640E-02  0.1830E-01  0.6687E-05  0.8444E-06
  0.1836E-01  0.2341E-02  0.1215E-02  0.1186E-02  0.8630E-02  0.1371E-05
  0.1190E-01  0.3253E-02  0.3110E-01  0.2561E-02  0.0000E+00  0.2313E-06
  0.1060E-01  0.1192E-01  0.6604E-02  0.7872E-02  0.2364E-04  0.1017E-03
  0.8542E-02  0.5683E-01  0.3219E-02  0.5090E-02  0.4410E-08  0.1136E-05
  0.3036E-02  0.7559E-02  0.1176E-02  0.1960E-02  0.0000E+00  0.0000E+00
  0.1524E-01  0.1540E+00  0.3049E-02  0.8438E-03  0.4899E-04  0.2278E-05
 Relative number of events:
  0.3887E-01  0.4138E-01  0.4025E-01  0.4175E-01  0.1500E-02  0.6250E-03
  0.9250E-02  0.1025E-01  0.1025E-01  0.1213E-01  0.3750E-03  0.1250E-03
  0.5000E-02  0.5500E-02  0.2000E-02  0.3000E-02  0.1250E-03  0.2500E-03
  0.1063E-01  0.1075E-01  0.4750E-02  0.5500E-02  0.1250E-03  0.2500E-03
  0.3938E-01  0.3463E-01  0.4275E-01  0.3963E-01  0.7500E-03  0.8750E-03
  0.1213E-01  0.1075E-01  0.9250E-02  0.1312E-01  0.2500E-03  0.2500E-03
  0.4000E-02  0.4000E-02  0.2250E-02  0.2000E-02  0.2500E-03  0.0000E+00
  0.8750E-02  0.1013E-01  0.5625E-02  0.6000E-02  0.1250E-03  0.0000E+00
  0.4063E-01  0.3887E-01  0.4088E-01  0.3762E-01  0.1250E-02  0.1500E-02
  0.9250E-02  0.9125E-02  0.1075E-01  0.1075E-01  0.3750E-03  0.3750E-03
  0.4000E-02  0.3125E-02  0.2125E-02  0.1875E-02  0.1250E-03  0.2500E-03
  0.1025E-01  0.1038E-01  0.6875E-02  0.7250E-02  0.0000E+00  0.5000E-03
  0.3963E-01  0.3825E-01  0.4075E-01  0.4175E-01  0.1000E-02  0.1750E-02
  0.8875E-02  0.1013E-01  0.1188E-01  0.9500E-02  0.1250E-03  0.1250E-03
  0.4000E-02  0.3000E-02  0.2125E-02  0.1750E-02  0.0000E+00  0.0000E+00
  0.1162E-01  0.1063E-01  0.7375E-02  0.5750E-02  0.1250E-03  0.2500E-03
 Events:
         311         331         322         334          12           5
          74          82          82          97           3           1
          40          44          16          24           1           2
          85          86          38          44           1           2
         315         277         342         317           6           7
          97          86          74         105           2           2
          32          32          18          16           2           0
          70          81          45          48           1           0
         325         311         327         301          10          12
          74          73          86          86           3           3
          32          25          17          15           1           2
          82          83          55          58           0           4
         317         306         326         334           8          14
          71          81          95          76           1           1
          32          24          17          14           0           0
          93          85          59          46           1           2
 Accuracy:    0.192   0.100   0.139   1.908
 Found          227  events.
 Wrote            6  events.
 Actual xsec    9.1162983610251600E-015
 Correct abs xsec    9.1162983610251600E-015
 Event xsec    9.1162983610251631E-015
 Events wgts > 1:            0
 % Cross section > 1:    0.0000000000000000        0.0000000000000000     
 Iteration  5   Mean: 0.8560E-14 Abs mean: 0.8560E-14   Fluctuation:  0.699E-15   0.579E-11    60.3%
  5    0.8560E-14 0.8560E-14 +- 0.6989E-15     10.33
 Relative summed weights:
  0.3829E-01  0.1837E-01  0.1241E-01  0.9748E-02  0.2412E-03  0.2115E-04
  0.3463E-01  0.2522E-01  0.7560E-02  0.4598E-02  0.3832E-04  0.5743E-03
  0.4384E-02  0.4936E-01  0.1336E-01  0.5126E-02  0.4867E-05  0.2942E-04
  0.1356E-01  0.2674E-01  0.5393E-02  0.9082E-02  0.2242E-04  0.1396E-03
  0.1613E-01  0.1102E-01  0.1437E-01  0.1975E-01  0.9474E-04  0.1979E-03
  0.7250E-02  0.1156E-01  0.9297E-02  0.7220E-02  0.1624E-05  0.1242E-04
  0.1056E-01  0.3203E-02  0.1148E-01  0.2895E-02  0.2597E-06  0.2128E-02
  0.1503E-01  0.1332E-01  0.1256E-01  0.4171E-01  0.1150E-04  0.5277E-06
  0.1660E-01  0.1469E-01  0.1479E-01  0.1630E-01  0.1926E-02  0.6830E-04
  0.2464E-01  0.9414E-02  0.4353E-01  0.1080E-01  0.1176E-02  0.5855E-04
  0.9526E-02  0.1226E-01  0.8606E-02  0.6078E-02  0.1536E-04  0.3342E-05
  0.1044E-01  0.1877E-01  0.3577E-02  0.3570E-02  0.6474E-04  0.0000E+00
  0.2171E-01  0.1710E-01  0.1874E-01  0.1554E-01  0.5237E-03  0.3005E-03
  0.1917E-01  0.1354E-01  0.1872E-01  0.8231E-02  0.1752E-03  0.3749E-03
  0.1994E-01  0.2446E-01  0.1634E-01  0.2449E-02  0.1739E-05  0.0000E+00
  0.4323E-01  0.1081E-01  0.1841E-01  0.1418E-01  0.5672E-04  0.4031E-03
 Relative number of events:
  0.3938E-01  0.3881E-01  0.3844E-01  0.3769E-01  0.1063E-02  0.8125E-03
  0.1056E-01  0.9750E-02  0.1087E-01  0.9813E-02  0.3125E-03  0.3125E-03
  0.3438E-02  0.3750E-02  0.2500E-02  0.1687E-02  0.6250E-04  0.1250E-03
  0.1119E-01  0.1044E-01  0.4750E-02  0.6000E-02  0.1250E-03  0.1875E-03
  0.3800E-01  0.3787E-01  0.4263E-01  0.4406E-01  0.1250E-02  0.9375E-03
  0.1125E-01  0.9875E-02  0.1069E-01  0.1144E-01  0.1250E-03  0.1875E-03
  0.3687E-02  0.2500E-02  0.2125E-02  0.1750E-02  0.6250E-04  0.1875E-03
  0.1131E-01  0.1094E-01  0.6875E-02  0.7188E-02  0.2500E-03  0.6250E-04
  0.4175E-01  0.3975E-01  0.3981E-01  0.3938E-01  0.1125E-02  0.9375E-03
  0.1013E-01  0.1019E-01  0.1131E-01  0.1156E-01  0.5000E-03  0.2500E-03
  0.3875E-02  0.4063E-02  0.2687E-02  0.2312E-02  0.6250E-04  0.1250E-03
  0.1069E-01  0.1069E-01  0.7063E-02  0.5938E-02  0.1250E-03  0.0000E+00
  0.3869E-01  0.4025E-01  0.3981E-01  0.3862E-01  0.1625E-02  0.1500E-02
  0.9875E-02  0.9437E-02  0.1162E-01  0.1112E-01  0.3125E-03  0.2500E-03
  0.3750E-02  0.3750E-02  0.1687E-02  0.1875E-02  0.6250E-04  0.0000E+00
  0.9562E-02  0.1119E-01  0.6750E-02  0.6375E-02  0.1250E-03  0.1250E-03
 Events:
         630         621         615         603          17          13
         169         156         174         157           5           5
          55          60          40          27           1           2
         179         167          76          96           2           3
         608         606         682         705          20          15
         180         158         171         183           2           3
          59          40          34          28           1           3
         181         175         110         115           4           1
         668         636         637         630          18          15
         162         163         181         185           8           4
          62          65          43          37           1           2
         171         171         113          95           2           0
         619         644         637         618          26          24
         158         151         186         178           5           4
          60          60          27          30           1           0
         153         179         108         102           2           2
 Accuracy:    0.090   0.100   0.070   1.646
 Finished due to accuracy    9.0294143367894292E-002  0.10000000000000001     

 -------------------------------------------------------------------------------
 Accumulated results:   Integral =  0.8727E-14
                        Std dev  =  0.6142E-15
                       Cross sec =  0.8727E-14
             Chi**2 per DoF.     =      1.6462
 -------------------------------------------------------------------------------
 Found         1142  events.
 Wrote           34  events.
 Actual xsec    8.7528345473604366E-015
 Correct abs xsec    8.7528345473604366E-015
 Event xsec    8.7528345473604302E-015
 Events wgts > 1:            2
 % Cross section > 1:    7.3630373107186345E-017  0.84121746742477688     
-------------------------------------------------
---------------------------
 Results Last   3 iters: Integral =   0.8753E-14
                     Abs integral =   0.8753E-14
                          Std dev =   0.6352E-15
                  Chi**2 per DoF. =      0.9290
-------------------------------------------------
---------------------------
 Status  0.10000000000000001                6           5

ls status:
events.lhe
ftn26
input_app.txt
results.dat
run1_app.log
