 Process in group number            1
 A PDF is used, so alpha_s(MZ) is going to be modified
 Old value of alpha_s from param_card:   0.11839999999999999     
  ****************************************
 
       NNPDFDriver version 1.0.3
   Grid: NNPDF23_lo_as_0130_qed_mem0.grid
  ****************************************
 New value of alpha_s from PDF nn23lo1:  0.13000000000000000     
 Define smin to   1600.0000000000000     
 Define smin to   1600.0000000000000     
 Define smin to   1600.0000000000000     
 *****************************************************
 *               MadGraph/MadEvent                   *
 *        --------------------------------           *
 *          http://madgraph.hep.uiuc.edu             *
 *          http://madgraph.phys.ucl.ac.be           *
 *          http://madgraph.roma2.infn.it            *
 *        --------------------------------           *
 *                                                   *
 *          PARAMETER AND COUPLING VALUES            *
 *                                                   *
 *****************************************************

  External Params
  ---------------------------------
  
 mdl_VeN1 =    1.0000000000000000     
 mdl_VeN2 =    0.0000000000000000     
 mdl_VeN3 =    0.0000000000000000     
 mdl_VmuN1 =    0.0000000000000000     
 mdl_VmuN2 =    1.0000000000000000     
 mdl_VmuN3 =    0.0000000000000000     
 mdl_VtaN1 =    0.0000000000000000     
 mdl_VtaN2 =    0.0000000000000000     
 mdl_VtaN3 =    1.0000000000000000     
 mdl_VN1N1 =    1.0000000000000000     
 mdl_VN1N2 =    1.0000000000000000     
 mdl_VN1N3 =    1.0000000000000000     
 mdl_VN2N2 =    1.0000000000000000     
 mdl_VN2N3 =    1.0000000000000000     
 mdl_VN3N3 =    1.0000000000000000     
 aEWM1 =    127.90000000000001     
 mdl_Gf =    1.1663700000000000E-005
 aS =   0.11839999999999999     
 mdl_ymt =    172.00000000000000     
 mdl_vevf =    50.000000000000000     
 mdl_MZ =    91.187600000000003     
 mdl_MT =    172.00000000000000     
 mdl_MH =    125.00000000000000     
 mdl_mN1 =    2000.0000000000000     
 mdl_mN2 =    2100.0000000000000     
 mdl_mN3 =    2200.0000000000000     
 mdl_MJ =    91.187600000000003     
 mdl_MAx =    173.04800000000000     
 mdl_WZ =    2.4952000000000001     
 mdl_WW =    2.0850000000000000     
 mdl_WT =    1.5083359999999999     
 mdl_WH =    4.0699999999999998E-003
 mdl_WN1 =   0.30299999999999999     
 mdl_WN2 =    1.5000000000000000     
 mdl_WN3 =    12.300000000000001     
 mdl_WJ =    2.4952000000000001     
 mdl_WAx =    4.1700000000000001E-003
  Internal Params
  ---------------------------------
  
 mdl_vevf__exp__2 =    2500.0000000000000     
 mdl_sqrt__vevf__exp__2 =    50.000000000000000     
 mdl_muJ =    50.000000000000000     
 mdl_MZ__exp__2 =    8315.1783937600012     
 mdl_MZ__exp__4 =    69142191.720053151     
 mdl_sqrt__2 =    1.4142135623730951     
 mdl_MJ__exp__2 =    8315.1783937600012     
 mdl_muJ__exp__2 =    2500.0000000000000     
 mdl_lamJ =    4.3260713575040004     
 mdl_MH__exp__2 =    15625.000000000000     
 mdl_complexi =  (  0.0000000000000000     ,  1.0000000000000000     )
 mdl_aEW =    7.8186082877247844E-003
 mdl_MW =    79.824359746197842     
 mdl_sqrt__aEW =    8.8422894590285753E-002
 mdl_ee =   0.31345100004952897     
 mdl_MW__exp__2 =    6371.9284088904105     
 mdl_sw2 =   0.23369913342182447     
 mdl_cw =   0.87538612427783857     
 mdl_sqrt__sw2 =   0.48342438232036300     
 mdl_sw =   0.48342438232036300     
 mdl_g1 =   0.35807170271074895     
 mdl_gN =   0.64839716719502682     
 mdl_gw =   0.64839716719502682     
 mdl_vev =    246.22056907348590     
 mdl_vev__exp__2 =    60624.568634871241     
 mdl_lam =   0.12886689630821144     
 mdl_yt =   0.98791394091683138     
 mdl_muH =    88.388347648318444     
 mdl_I2a33 =  ( 0.98791394091683138     ,  0.0000000000000000     )
 mdl_I3a33 =  ( 0.98791394091683138     ,  0.0000000000000000     )
 mdl_ee__exp__2 =    9.8251529432049817E-002
 mdl_sw__exp__2 =   0.23369913342182450     
 mdl_cw__exp__2 =   0.76630086657817542     
  Internal Params evaluated point by point
  ----------------------------------------
  
 mdl_sqrt__aS =   0.34409301068170506     
 mdl_G__exp__2 =    1.4878582807401259     
  Couplings of SM_HeavyN_UFO
  ---------------------------------
  
         GC_1 =  -0.00000E+00  -0.10448E+00
         GC_2 =   0.00000E+00   0.20897E+00
         GC_3 =  -0.00000E+00  -0.31345E+00
         GC_4 =   0.00000E+00   0.31345E+00
        GC_26 =   0.00000E+00   0.45849E+00
        GC_27 =  -0.00000E+00  -0.28380E+00
        GC_28 =   0.00000E+00   0.28380E+00
        GC_30 =   0.00000E+00   0.56760E+00
        GC_35 =  -0.00000E+00  -0.28850E-01
        GC_37 =   0.00000E+00   0.17310E+00
        GC_39 =   0.00000E+00  -0.19725E+00
        GC_40 =   0.00000E+00   0.37035E+00
        GC_80 =   0.00000E+00   0.67543E+02
       GC_107 =  -0.00000E+00  -0.74070E+00
       GC_109 =  -0.00000E+00  -0.74070E+00
       GC_111 =  -0.00000E+00  -0.74070E+00
       GC_113 =  -0.00000E+00  -0.74070E+00
       GC_115 =  -0.00000E+00  -0.74070E+00
       GC_117 =  -0.00000E+00  -0.74070E+00
       GC_119 =   0.00000E+00   0.00000E+00
       GC_120 =   0.00000E+00   0.00000E+00
       GC_122 =  -0.00000E+00  -0.00000E+00
       GC_126 =   0.00000E+00   0.00000E+00
       GC_127 =   0.00000E+00   0.00000E+00
       GC_129 =  -0.00000E+00  -0.00000E+00
       GC_133 =   0.00000E+00   0.45849E+00
       GC_134 =   0.00000E+00   0.37035E+00
       GC_136 =  -0.00000E+00  -0.89351E+01
        GC_81 =   0.40000E+02   0.00000E+00
        GC_82 =   0.42000E+02   0.00000E+00
        GC_83 =   0.44000E+02   0.00000E+00

 Collider parameters:
 --------------------

 Running at P P   machine @    13000.000000000000       GeV
 PDF set = nn23lo1
 alpha_s(Mz)= 0.1300 running at 2 loops.
 alpha_s(Mz)= 0.1300 running at 2 loops.
 Renormalization scale set on event-by-event basis
 Factorization   scale set on event-by-event basis


 getting user params
Enter number of events and max and min iterations: 
 Number of events and iterations         1000           5           3
Enter desired fractional accuracy: 
 Desired fractional accuracy:   0.10000000000000001     
Enter 0 for fixed, 2 for adjustable grid: 
Suppress amplitude (0 no, 1 yes)? 
 Using suppressed amplitude.
Exact helicity sum (0 yes, n = number/event)? 
 Explicitly summing over helicities
Enter Configuration Number: 
Running Configuration Number:  393
 Using dconfig=         698
 BW Setting            2           1           2           1           2           2           0
 Attempting mappinvarients           1           9
 Completed mapping           9
 about to integrate           19        1000           5           3          19           1
 Using non-zero grid deformation.
 19 dimensions   1000 events 19 invarients  5 iterations  1 config(s),  (0.99)
 Using h-tuple random number sequence.
 Error opening grid
 Using Uniform Grid!          36
 Using uniform alpha   1.0000000000000000     
 Grid defined OK
 Set CM energy to      13000.00
 Mapping Graph         393  to config         393
Setting grid   1    0.75740E-07   1
 Setting BW          -2           2   2200.0000000000000     
Setting grid   3    0.29417E-01   1
 Setting BW          -4           4   79.824359746197842     
Setting grid   5    0.28499E-04   1
Setting grid   6    0.31277E-01   1
 Transforming s_hat 1/s           18   3.1549601110473016E-002   1600.0000000000000        168999999.99999997     
 393   1   2   3   4   5   6   7   8   9  10  11  12  13  14
  15  16  17  18  19
 Masses: 0.000E+00 0.000E+00 0.000E+00 0.000E+00 0.000E+00 0.000E+00 0.000E+00 0.000E+00 0.912E+02
Using random seed offsets   393 :      1
  with seed                   24
 Ranmar initialization seeds         123        9398
 
 ********************************************
 * You are using the DiscreteSampler module *
 *      part of the MG5_aMC framework       *
 *         Author: Valentin Hirschi         *
 ********************************************
 
  Particle       3       4       5       6       7       8       9
      Et >    10.0    10.0    10.0    10.0     0.0     0.0     0.0
       E >     0.0     0.0     0.0     0.0     0.0     0.0     0.0
     Eta <     2.5     2.5     2.5     2.5    -1.0    -1.0    -1.0
   xqcut:      0.0     0.0     0.0     0.0     0.0     0.0     0.0
d R # 3  >    -0.0     0.4     0.4     0.4     0.0     0.0     0.0
d R # 4  >    -0.0    -0.0     0.4     0.4     0.0     0.0     0.0
d R # 5  >    -0.0    -0.0    -0.0     0.4     0.0     0.0     0.0
d R # 6  >    -0.0    -0.0    -0.0    -0.0     0.0     0.0     0.0
d R # 7  >    -0.0    -0.0    -0.0    -0.0    -0.0     0.0     0.0
d R # 8  >    -0.0    -0.0    -0.0    -0.0    -0.0    -0.0     0.0
s min # 3>     0.0     0.0     0.0     0.0     0.0     0.0     0.0
s min # 4>     0.0     0.0     0.0     0.0     0.0     0.0     0.0
s min # 5>     0.0     0.0     0.0     0.0     0.0     0.0     0.0
s min # 6>     0.0     0.0     0.0     0.0     0.0     0.0     0.0
s min # 7>     0.0     0.0     0.0     0.0     0.0     0.0     0.0
s min # 8>     0.0     0.0     0.0     0.0     0.0     0.0     0.0
xqcutij # 3>     0.0     0.0     0.0     0.0     0.0     0.0     0.0
xqcutij # 4>     0.0     0.0     0.0     0.0     0.0     0.0     0.0
xqcutij # 5>     0.0     0.0     0.0     0.0     0.0     0.0     0.0
xqcutij # 6>     0.0     0.0     0.0     0.0     0.0     0.0     0.0
xqcutij # 7>     0.0     0.0     0.0     0.0     0.0     0.0     0.0
xqcutij # 8>     0.0     0.0     0.0     0.0     0.0     0.0     0.0
 Excluding BW           -1           1
 Requiring BW           -2           2
 Excluding BW           -3           3
 Requiring BW           -4           4
 Excluding BW           -5           5
 Excluding BW           -6           6
 alpha_s for scale    2782.2184007517658       is    8.3088100290431191E-002
 Added good helicity            1  0.31012101077997783       in event            1 local:           1
 Added good helicity           21   5.5495844452094219E-002  in event            1 local:           1
 Added good helicity           25  0.27547140502738460       in event            1 local:           1
 Added good helicity           37   2.0536380635702466E-002  in event            1 local:           1
 Added good helicity           41  0.54524785174208468       in event            1 local:           1
 Added good helicity           61  0.10103228645645475       in event            1 local:           1
 Added good helicity          193   163.19353046434810       in event            1 local:           1
 Added good helicity          213  0.50326635915485285       in event            1 local:           1
 Added good helicity          217  0.14165876165439439       in event            1 local:           1
 Added good helicity          229  0.21543230529295915       in event            1 local:           1
 Added good helicity          233   90.141579440048304       in event            1 local:           1
 Added good helicity          253  0.49662789040769995       in event            1 local:           1
 Added good helicity            1  0.31012101077955767       in event            1 local:           1
 Added good helicity           21   5.5495844452116867E-002  in event            1 local:           1
 Added good helicity           25  0.27547140502739986       in event            1 local:           1
 Added good helicity           37   2.0536380635704937E-002  in event            1 local:           1
 Added good helicity           41  0.54524785173959101       in event            1 local:           1
 Added good helicity           61  0.10103228645647311       in event            1 local:           1
 Added good helicity          193   163.19353046433915       in event            1 local:           1
 Added good helicity          213  0.50326635915478179       in event            1 local:           1
 Added good helicity          217  0.14165876165440644       in event            1 local:           1
 Added good helicity          229  0.21543230529295729       in event            1 local:           1
 Added good helicity          233   90.141579440060141       in event            1 local:           1
 Added good helicity          253  0.49662789040770777       in event            1 local:           1
 RESET CUMULATIVE VARIABLE
 RESET CUMULATIVE VARIABLE
 RESET CUMULATIVE VARIABLE
 Iteration  1   Mean: 0.6378E-10 Abs mean: 0.6378E-10   Fluctuation:  0.607E-10   0.606E-07    13.9%
  1    0.6378E-10 0.6378E-10 +- 0.6068E-10     30.08
 Writing out events   9.1911122544391039E-014   30.083538158532118     
 Relative summed weights:
  0.9502E+00  0.5704E-06  0.1292E-03  0.9571E-06  0.1498E-07  0.5483E-07
  0.1723E-03  0.1446E-04  0.1914E-05  0.1424E-05  0.0000E+00  0.0000E+00
  0.5902E-06  0.3853E-06  0.2230E-03  0.2079E-03  0.5447E-07  0.3012E-08
  0.8119E-04  0.8488E-04  0.1667E-02  0.2734E-03  0.0000E+00  0.0000E+00
  0.1597E-03  0.8385E-05  0.1263E-04  0.1456E-03  0.6779E-09  0.8698E-09
  0.6100E-03  0.7687E-04  0.2499E-03  0.1033E-04  0.5590E-09  0.3355E-09
  0.1833E-03  0.7127E-04  0.4533E-01  0.1557E-07  0.0000E+00  0.0000E+00
  0.2009E-05  0.1333E-04  0.3712E-07  0.7613E-04  0.0000E+00  0.0000E+00
 Relative number of events:
  0.9911E-02  0.1288E-01  0.1784E-01  0.1487E-01  0.1586E-01  0.7929E-02
  0.6739E-01  0.6442E-01  0.1487E-01  0.9911E-02  0.0000E+00  0.0000E+00
  0.1288E-01  0.1487E-01  0.1586E-01  0.2379E-01  0.1487E-01  0.1487E-01
  0.6244E-01  0.6541E-01  0.1883E-01  0.4955E-02  0.0000E+00  0.0000E+00
  0.9911E-02  0.1487E-01  0.1784E-01  0.2081E-01  0.1288E-01  0.1388E-01
  0.1487E-01  0.1685E-01  0.1189E-01  0.2775E-01  0.9911E-02  0.1586E-01
  0.7235E-01  0.8028E-01  0.1487E-01  0.9911E-02  0.0000E+00  0.0000E+00
  0.6838E-01  0.5748E-01  0.1090E-01  0.1388E-01  0.0000E+00  0.0000E+00
 Events:
          10          13          18          15          16           8
          68          65          15          10           0           0
          13          15          16          24          15          15
          63          66          19           5           0           0
          10          15          18          21          13          14
          15          17          12          28          10          16
          73          81          15          10           0           0
          69          58          11          14           0           0
 Iteration  2   Mean: 0.2516E-11 Abs mean: 0.2516E-11   Fluctuation:  0.107E-11   0.127E-08    34.7%
  2    0.2516E-11 0.2516E-11 +- 0.1070E-11     19.02
 Relative summed weights:
  0.3265E-03  0.1515E-02  0.1627E-02  0.4500E-05  0.1716E-07  0.1258E-05
  0.2523E+00  0.4119E-02  0.9772E-01  0.4234E-04  0.0000E+00  0.0000E+00
  0.1366E-02  0.1053E-02  0.6905E-03  0.3304E-03  0.3282E-07  0.1965E-03
  0.4979E-03  0.4568E-03  0.1087E-04  0.4016E-08  0.0000E+00  0.0000E+00
  0.8104E-04  0.7309E-03  0.7474E-03  0.2576E-06  0.1298E-05  0.9365E-06
  0.3024E-04  0.4500E-04  0.4720E-04  0.6876E-03  0.1174E-07  0.3128E-08
  0.1936E+00  0.1217E-01  0.1287E-06  0.1310E-02  0.0000E+00  0.0000E+00
  0.2159E+00  0.2111E+00  0.1321E-02  0.1341E-04  0.0000E+00  0.0000E+00
 Relative number of events:
  0.1800E-01  0.1450E-01  0.1250E-01  0.1350E-01  0.6500E-02  0.8500E-02
  0.7150E-01  0.7100E-01  0.9000E-02  0.1600E-01  0.0000E+00  0.0000E+00
  0.1950E-01  0.1700E-01  0.1500E-01  0.1650E-01  0.9000E-02  0.8000E-02
  0.6500E-01  0.7200E-01  0.1750E-01  0.1100E-01  0.0000E+00  0.0000E+00
  0.1850E-01  0.1550E-01  0.1500E-01  0.1750E-01  0.9500E-02  0.8500E-02
  0.1300E-01  0.1150E-01  0.1500E-01  0.1950E-01  0.8500E-02  0.7500E-02
  0.7600E-01  0.6650E-01  0.1150E-01  0.2100E-01  0.0000E+00  0.0000E+00
  0.7300E-01  0.7400E-01  0.1300E-01  0.1400E-01  0.0000E+00  0.0000E+00
 Events:
          36          29          25          27          13          17
         143         142          18          32           0           0
          39          34          30          33          18          16
         130         144          35          22           0           0
          37          31          30          35          19          17
          26          23          30          39          17          15
         152         133          23          42           0           0
         146         148          26          28           0           0
 Iteration  3   Mean: 0.2692E-11 Abs mean: 0.2692E-11   Fluctuation:  0.117E-11   0.382E-08    43.1%
  3    0.2692E-11 0.2692E-11 +- 0.1174E-11     27.58
 Relative summed weights:
  0.6865E-03  0.3547E+00  0.9001E-04  0.4408E-04  0.2018E-05  0.1460E-04
  0.2131E-02  0.1031E+00  0.2570E-02  0.2463E-01  0.0000E+00  0.0000E+00
  0.1104E-02  0.4179E-03  0.1480E-03  0.1418E-03  0.2388E-04  0.3102E-06
  0.1677E+00  0.1213E-02  0.7653E-01  0.1568E-04  0.0000E+00  0.0000E+00
  0.1955E-01  0.1763E+00  0.1378E-03  0.8461E-03  0.1466E-06  0.8572E-06
  0.6972E-03  0.5012E-03  0.7701E-02  0.1870E-04  0.9662E-07  0.3276E-06
  0.1012E-01  0.2168E-02  0.2420E-03  0.4377E-03  0.0000E+00  0.0000E+00
  0.3946E-01  0.3786E-02  0.9707E-04  0.2744E-02  0.0000E+00  0.0000E+00
 Relative number of events:
  0.1450E-01  0.1375E-01  0.1550E-01  0.1750E-01  0.5250E-02  0.4250E-02
  0.7425E-01  0.7900E-01  0.1325E-01  0.1125E-01  0.0000E+00  0.0000E+00
  0.1750E-01  0.1725E-01  0.1300E-01  0.1850E-01  0.5000E-02  0.4750E-02
  0.8225E-01  0.8050E-01  0.1150E-01  0.1050E-01  0.0000E+00  0.0000E+00
  0.1850E-01  0.1375E-01  0.1375E-01  0.1450E-01  0.4500E-02  0.2750E-02
  0.1525E-01  0.1375E-01  0.1550E-01  0.1450E-01  0.5750E-02  0.5250E-02
  0.7200E-01  0.7100E-01  0.1075E-01  0.1250E-01  0.0000E+00  0.0000E+00
  0.7850E-01  0.8575E-01  0.1025E-01  0.1225E-01  0.0000E+00  0.0000E+00
 Events:
          58          55          62          70          21          17
         297         316          53          45           0           0
          70          69          52          74          20          19
         329         322          46          42           0           0
          74          55          55          58          18          11
          61          55          62          58          23          21
         288         284          43          50           0           0
         314         343          41          49           0           0
 Accuracy:    1.516   0.100   0.290  27.313
 Found           45  events.
 Wrote            3  events.
 Actual xsec    8.2872594571705566E-012
 Correct abs xsec    8.2872594571705566E-012
 Event xsec    8.2872594571705582E-012
 Events wgts > 1:            0
 % Cross section > 1:    0.0000000000000000        0.0000000000000000     
 Iteration  4   Mean: 0.6054E-11 Abs mean: 0.6054E-11   Fluctuation:  0.328E-11   0.238E-07    44.2%
  4    0.6054E-11 0.6054E-11 +- 0.3283E-11     48.50
 Relative summed weights:
  0.3281E-03  0.1990E-02  0.1388E-03  0.3841E-03  0.1776E-05  0.5110E-06
  0.3498E-01  0.3216E-01  0.9121E-03  0.1299E-02  0.0000E+00  0.0000E+00
  0.3630E-02  0.9734E-02  0.1268E-01  0.2231E-02  0.1172E-04  0.3168E-06
  0.1531E-01  0.6541E-02  0.3331E-03  0.1431E-01  0.0000E+00  0.0000E+00
  0.4995E+00  0.1571E-02  0.4282E-01  0.2539E-02  0.1700E-05  0.1005E-05
  0.2224E+00  0.8311E-02  0.7848E-02  0.1635E-01  0.1309E-06  0.8993E-05
  0.6091E-02  0.1209E-01  0.1808E-01  0.4271E-03  0.0000E+00  0.0000E+00
  0.7842E-02  0.1689E-01  0.1741E-03  0.1188E-03  0.0000E+00  0.0000E+00
 Relative number of events:
  0.1613E-01  0.1537E-01  0.1562E-01  0.1638E-01  0.4125E-02  0.6375E-02
  0.8125E-01  0.7287E-01  0.1025E-01  0.1325E-01  0.0000E+00  0.0000E+00
  0.1613E-01  0.1675E-01  0.1512E-01  0.1550E-01  0.4500E-02  0.4375E-02
  0.7637E-01  0.7450E-01  0.1175E-01  0.1475E-01  0.0000E+00  0.0000E+00
  0.1287E-01  0.1725E-01  0.1575E-01  0.1487E-01  0.3125E-02  0.5750E-02
  0.1550E-01  0.1550E-01  0.1675E-01  0.1613E-01  0.5125E-02  0.5125E-02
  0.7650E-01  0.7650E-01  0.1225E-01  0.1312E-01  0.0000E+00  0.0000E+00
  0.7562E-01  0.7800E-01  0.1263E-01  0.1025E-01  0.0000E+00  0.0000E+00
 Events:
         129         123         125         131          33          51
         650         583          82         106           0           0
         129         134         121         124          36          35
         611         596          94         118           0           0
         103         138         126         119          25          46
         124         124         134         129          41          41
         612         612          98         105           0           0
         605         624         101          82           0           0
 Accuracy:    1.163   0.100   0.256  20.677
 Found          142  events.
 Wrote            2  events.
 Actual xsec    3.4296107188866696E-012
 Correct abs xsec    3.4296107188866696E-012
 Event xsec    3.4296107188866700E-012
 Events wgts > 1:            1
 % Cross section > 1:    2.9775186947889605E-019   8.6817978448455835E-006
 Iteration  5   Mean: 0.8180E-11 Abs mean: 0.8180E-11   Fluctuation:  0.251E-11   0.327E-07    41.9%
  5    0.8180E-11 0.8180E-11 +- 0.2507E-11     38.76
 Relative summed weights:
  0.3594E-01  0.2254E-02  0.4075E-01  0.3296E-02  0.5781E-06  0.1313E-05
  0.1423E-01  0.3331E-01  0.3893E-02  0.2331E-01  0.0000E+00  0.1574E-06
  0.7728E-02  0.6278E-02  0.1164E-02  0.1669E+00  0.1430E-04  0.1594E-05
  0.6812E-01  0.6602E-02  0.2977E-02  0.3192E-01  0.2421E-04  0.0000E+00
  0.6023E-02  0.1324E-01  0.7256E-02  0.7617E-02  0.1582E-04  0.9612E-05
  0.1367E-01  0.1593E-01  0.4695E-02  0.2999E-01  0.1809E-05  0.1772E-04
  0.1401E-01  0.7241E-01  0.3173E-02  0.2546E+00  0.0000E+00  0.0000E+00
  0.9060E-01  0.3812E-02  0.8215E-02  0.6005E-02  0.4845E-06  0.0000E+00
 Relative number of events:
  0.1688E-01  0.1669E-01  0.1500E-01  0.1656E-01  0.5437E-02  0.4625E-02
  0.7456E-01  0.7844E-01  0.1125E-01  0.1238E-01  0.0000E+00  0.1250E-03
  0.1581E-01  0.1431E-01  0.1431E-01  0.1550E-01  0.4625E-02  0.4562E-02
  0.7469E-01  0.7812E-01  0.1206E-01  0.1225E-01  0.1250E-03  0.0000E+00
  0.1794E-01  0.1544E-01  0.1619E-01  0.1606E-01  0.5562E-02  0.5250E-02
  0.1606E-01  0.1688E-01  0.1656E-01  0.1550E-01  0.4562E-02  0.5000E-02
  0.7806E-01  0.7175E-01  0.1119E-01  0.1287E-01  0.0000E+00  0.0000E+00
  0.7606E-01  0.7625E-01  0.1356E-01  0.1087E-01  0.6250E-04  0.0000E+00
 Events:
         270         267         240         265          87          74
        1193        1255         180         198           0           2
         253         229         229         248          74          73
        1195        1250         193         196           2           0
         287         247         259         257          89          84
         257         270         265         248          73          80
        1249        1148         179         206           0           0
        1217        1220         217         174           1           0
 Accuracy:    0.758   0.100   0.196  14.894
 Found          350  events.
 Wrote            3  events.
 Actual xsec    6.3107797340575337E-012
 Correct abs xsec    6.3107797340575337E-012
 Event xsec    6.3107797340575337E-012
 Events wgts > 1:            0
 % Cross section > 1:    0.0000000000000000        0.0000000000000000     

 -------------------------------------------------------------------------------
 Accumulated results:   Integral =  0.7950E-11
                        Std dev  =  0.1561E-11
                       Cross sec =  0.7950E-11
             Chi**2 per DoF.     =     14.8941
 -------------------------------------------------------------------------------
-------------------------------------------------
---------------------------
 Results Last   3 iters: Integral =   0.6311E-11
                     Abs integral =   0.6311E-11
                          Std dev =   0.1436E-11
                  Chi**2 per DoF. =      5.0351
-------------------------------------------------
---------------------------
 Status  0.10000000000000001                6           5

ls status:
events.lhe
ftn26
input_app.txt
results.dat
run1_app.log
