 Process in group number            1
 A PDF is used, so alpha_s(MZ) is going to be modified
 Old value of alpha_s from param_card:   0.11839999999999999     
  ****************************************
 
       NNPDFDriver version 1.0.3
   Grid: NNPDF23_lo_as_0130_qed_mem0.grid
  ****************************************
 New value of alpha_s from PDF nn23lo1:  0.13000000000000000     
 Define smin to   1600.0000000000000     
 Define smin to   1600.0000000000000     
 Define smin to   1600.0000000000000     
 *****************************************************
 *               MadGraph/MadEvent                   *
 *        --------------------------------           *
 *          http://madgraph.hep.uiuc.edu             *
 *          http://madgraph.phys.ucl.ac.be           *
 *          http://madgraph.roma2.infn.it            *
 *        --------------------------------           *
 *                                                   *
 *          PARAMETER AND COUPLING VALUES            *
 *                                                   *
 *****************************************************

  External Params
  ---------------------------------
  
 mdl_VeN1 =    1.0000000000000000     
 mdl_VeN2 =    0.0000000000000000     
 mdl_VeN3 =    0.0000000000000000     
 mdl_VmuN1 =    0.0000000000000000     
 mdl_VmuN2 =    1.0000000000000000     
 mdl_VmuN3 =    0.0000000000000000     
 mdl_VtaN1 =    0.0000000000000000     
 mdl_VtaN2 =    0.0000000000000000     
 mdl_VtaN3 =    1.0000000000000000     
 mdl_VN1N1 =    1.0000000000000000     
 mdl_VN1N2 =    1.0000000000000000     
 mdl_VN1N3 =    1.0000000000000000     
 mdl_VN2N2 =    1.0000000000000000     
 mdl_VN2N3 =    1.0000000000000000     
 mdl_VN3N3 =    1.0000000000000000     
 aEWM1 =    127.90000000000001     
 mdl_Gf =    1.1663700000000000E-005
 aS =   0.11839999999999999     
 mdl_ymt =    172.00000000000000     
 mdl_vevf =    50.000000000000000     
 mdl_MZ =    91.187600000000003     
 mdl_MT =    172.00000000000000     
 mdl_MH =    125.00000000000000     
 mdl_mN1 =    2000.0000000000000     
 mdl_mN2 =    2100.0000000000000     
 mdl_mN3 =    2200.0000000000000     
 mdl_MJ =    91.187600000000003     
 mdl_MAx =    173.04800000000000     
 mdl_WZ =    2.4952000000000001     
 mdl_WW =    2.0850000000000000     
 mdl_WT =    1.5083359999999999     
 mdl_WH =    4.0699999999999998E-003
 mdl_WN1 =   0.30299999999999999     
 mdl_WN2 =    1.5000000000000000     
 mdl_WN3 =    12.300000000000001     
 mdl_WJ =    2.4952000000000001     
 mdl_WAx =    4.1700000000000001E-003
  Internal Params
  ---------------------------------
  
 mdl_vevf__exp__2 =    2500.0000000000000     
 mdl_sqrt__vevf__exp__2 =    50.000000000000000     
 mdl_muJ =    50.000000000000000     
 mdl_MZ__exp__2 =    8315.1783937600012     
 mdl_MZ__exp__4 =    69142191.720053151     
 mdl_sqrt__2 =    1.4142135623730951     
 mdl_MJ__exp__2 =    8315.1783937600012     
 mdl_muJ__exp__2 =    2500.0000000000000     
 mdl_lamJ =    4.3260713575040004     
 mdl_MH__exp__2 =    15625.000000000000     
 mdl_complexi =  (  0.0000000000000000     ,  1.0000000000000000     )
 mdl_aEW =    7.8186082877247844E-003
 mdl_MW =    79.824359746197842     
 mdl_sqrt__aEW =    8.8422894590285753E-002
 mdl_ee =   0.31345100004952897     
 mdl_MW__exp__2 =    6371.9284088904105     
 mdl_sw2 =   0.23369913342182447     
 mdl_cw =   0.87538612427783857     
 mdl_sqrt__sw2 =   0.48342438232036300     
 mdl_sw =   0.48342438232036300     
 mdl_g1 =   0.35807170271074895     
 mdl_gN =   0.64839716719502682     
 mdl_gw =   0.64839716719502682     
 mdl_vev =    246.22056907348590     
 mdl_vev__exp__2 =    60624.568634871241     
 mdl_lam =   0.12886689630821144     
 mdl_yt =   0.98791394091683138     
 mdl_muH =    88.388347648318444     
 mdl_I2a33 =  ( 0.98791394091683138     ,  0.0000000000000000     )
 mdl_I3a33 =  ( 0.98791394091683138     ,  0.0000000000000000     )
 mdl_ee__exp__2 =    9.8251529432049817E-002
 mdl_sw__exp__2 =   0.23369913342182450     
 mdl_cw__exp__2 =   0.76630086657817542     
  Internal Params evaluated point by point
  ----------------------------------------
  
 mdl_sqrt__aS =   0.34409301068170506     
 mdl_G__exp__2 =    1.4878582807401259     
  Couplings of SM_HeavyN_UFO
  ---------------------------------
  
         GC_1 =  -0.00000E+00  -0.10448E+00
         GC_2 =   0.00000E+00   0.20897E+00
         GC_3 =  -0.00000E+00  -0.31345E+00
         GC_4 =   0.00000E+00   0.31345E+00
        GC_26 =   0.00000E+00   0.45849E+00
        GC_27 =  -0.00000E+00  -0.28380E+00
        GC_28 =   0.00000E+00   0.28380E+00
        GC_30 =   0.00000E+00   0.56760E+00
        GC_35 =  -0.00000E+00  -0.28850E-01
        GC_37 =   0.00000E+00   0.17310E+00
        GC_39 =   0.00000E+00  -0.19725E+00
        GC_40 =   0.00000E+00   0.37035E+00
        GC_80 =   0.00000E+00   0.67543E+02
       GC_107 =  -0.00000E+00  -0.74070E+00
       GC_109 =  -0.00000E+00  -0.74070E+00
       GC_111 =  -0.00000E+00  -0.74070E+00
       GC_113 =  -0.00000E+00  -0.74070E+00
       GC_115 =  -0.00000E+00  -0.74070E+00
       GC_117 =  -0.00000E+00  -0.74070E+00
       GC_119 =   0.00000E+00   0.00000E+00
       GC_120 =   0.00000E+00   0.00000E+00
       GC_122 =  -0.00000E+00  -0.00000E+00
       GC_126 =   0.00000E+00   0.00000E+00
       GC_127 =   0.00000E+00   0.00000E+00
       GC_129 =  -0.00000E+00  -0.00000E+00
       GC_133 =   0.00000E+00   0.45849E+00
       GC_134 =   0.00000E+00   0.37035E+00
       GC_136 =  -0.00000E+00  -0.89351E+01
        GC_81 =   0.40000E+02   0.00000E+00
        GC_82 =   0.42000E+02   0.00000E+00
        GC_83 =   0.44000E+02   0.00000E+00

 Collider parameters:
 --------------------

 Running at P P   machine @    13000.000000000000       GeV
 PDF set = nn23lo1
 alpha_s(Mz)= 0.1300 running at 2 loops.
 alpha_s(Mz)= 0.1300 running at 2 loops.
 Renormalization scale set on event-by-event basis
 Factorization   scale set on event-by-event basis


 getting user params
Enter number of events and max and min iterations: 
 Number of events and iterations         1000           5           3
Enter desired fractional accuracy: 
 Desired fractional accuracy:   0.10000000000000001     
Enter 0 for fixed, 2 for adjustable grid: 
Suppress amplitude (0 no, 1 yes)? 
 Using suppressed amplitude.
Exact helicity sum (0 yes, n = number/event)? 
 Explicitly summing over helicities
Enter Configuration Number: 
Running Configuration Number:  392
 Using dconfig=         646
 BW Setting            1           2           2           2           1           2           0
 Attempting mappinvarients           1           9
 Completed mapping           9
 about to integrate           19        1000           5           3          19           1
 Using non-zero grid deformation.
 19 dimensions   1000 events 19 invarients  5 iterations  1 config(s),  (0.99)
 Using h-tuple random number sequence.
 Error opening grid
 Using Uniform Grid!          36
 Using uniform alpha   1.0000000000000000     
 Grid defined OK
 Set CM energy to      13000.00
 Mapping Graph         392  to config         392
 Setting BW          -1           1   79.824359746197842     
Setting grid   2    0.28499E-04   1
Setting grid   3    0.15259E-03   1
Setting grid   4    0.75740E-07   1
 Setting BW          -5           5   2200.0000000000000     
Setting grid   6    0.31277E-01   1
 Transforming s_hat 1/s           18   3.1549601110473016E-002   1600.0000000000000        168999999.99999997     
 392   1   2   3   4   5   6   7   8   9  10  11  12  13  14
  15  16  17  18  19
 Masses: 0.000E+00 0.000E+00 0.000E+00 0.000E+00 0.000E+00 0.000E+00 0.000E+00 0.000E+00 0.912E+02
Using random seed offsets   392 :      1
  with seed                   24
 Ranmar initialization seeds         122        9398
 
 ********************************************
 * You are using the DiscreteSampler module *
 *      part of the MG5_aMC framework       *
 *         Author: Valentin Hirschi         *
 ********************************************
 
  Particle       3       4       5       6       7       8       9
      Et >    10.0    10.0    10.0    10.0     0.0     0.0     0.0
       E >     0.0     0.0     0.0     0.0     0.0     0.0     0.0
     Eta <     2.5     2.5     2.5     2.5    -1.0    -1.0    -1.0
   xqcut:      0.0     0.0     0.0     0.0     0.0     0.0     0.0
d R # 3  >    -0.0     0.4     0.4     0.4     0.0     0.0     0.0
d R # 4  >    -0.0    -0.0     0.4     0.4     0.0     0.0     0.0
d R # 5  >    -0.0    -0.0    -0.0     0.4     0.0     0.0     0.0
d R # 6  >    -0.0    -0.0    -0.0    -0.0     0.0     0.0     0.0
d R # 7  >    -0.0    -0.0    -0.0    -0.0    -0.0     0.0     0.0
d R # 8  >    -0.0    -0.0    -0.0    -0.0    -0.0    -0.0     0.0
s min # 3>     0.0     0.0     0.0     0.0     0.0     0.0     0.0
s min # 4>     0.0     0.0     0.0     0.0     0.0     0.0     0.0
s min # 5>     0.0     0.0     0.0     0.0     0.0     0.0     0.0
s min # 6>     0.0     0.0     0.0     0.0     0.0     0.0     0.0
s min # 7>     0.0     0.0     0.0     0.0     0.0     0.0     0.0
s min # 8>     0.0     0.0     0.0     0.0     0.0     0.0     0.0
xqcutij # 3>     0.0     0.0     0.0     0.0     0.0     0.0     0.0
xqcutij # 4>     0.0     0.0     0.0     0.0     0.0     0.0     0.0
xqcutij # 5>     0.0     0.0     0.0     0.0     0.0     0.0     0.0
xqcutij # 6>     0.0     0.0     0.0     0.0     0.0     0.0     0.0
xqcutij # 7>     0.0     0.0     0.0     0.0     0.0     0.0     0.0
xqcutij # 8>     0.0     0.0     0.0     0.0     0.0     0.0     0.0
 Requiring BW           -1           1
 Excluding BW           -2           2
 Excluding BW           -3           3
 Excluding BW           -4           4
 Requiring BW           -5           5
 Excluding BW           -6           6
 alpha_s for scale    2428.9310631752246       is    8.4287508268275912E-002
 Added good helicity            1   20.031888329183580       in event            1 local:           1
 Added good helicity           21   3.0533564645010131E-005  in event            1 local:           1
 Added good helicity           25   3.4040424718347463E-004  in event            1 local:           1
 Added good helicity           37   4.2077467253843386E-003  in event            1 local:           1
 Added good helicity           41   1.5891311716347130       in event            1 local:           1
 Added good helicity           61   2.0574235868431473E-007  in event            1 local:           1
 Added good helicity          193   188.75165716335727       in event            1 local:           1
 Added good helicity          213   3.3312440334372008E-005  in event            1 local:           1
 Added good helicity          217   2.5733097896578030E-004  in event            1 local:           1
 Added good helicity          229   8.3753024552724199E-003  in event            1 local:           1
 Added good helicity          233   45.614076169164782       in event            1 local:           1
 Added good helicity          253   2.3305055042402940E-006  in event            1 local:           1
 Added good helicity            1   20.031888329162108       in event            1 local:           1
 Added good helicity           21   3.0533564644979462E-005  in event            1 local:           1
 Added good helicity           25   3.4040424718326338E-004  in event            1 local:           1
 Added good helicity           37   4.2077467253799393E-003  in event            1 local:           1
 Added good helicity           41   1.5891311716347742       in event            1 local:           1
 Added good helicity           61   2.0574235868416378E-007  in event            1 local:           1
 Added good helicity          193   188.75165716339495       in event            1 local:           1
 Added good helicity          213   3.3312440334314993E-005  in event            1 local:           1
 Added good helicity          217   2.5733097896552855E-004  in event            1 local:           1
 Added good helicity          229   8.3753024552728934E-003  in event            1 local:           1
 Added good helicity          233   45.614076169148476       in event            1 local:           1
 Added good helicity          253   2.3305055042370884E-006  in event            1 local:           1
 RESET CUMULATIVE VARIABLE
 RESET CUMULATIVE VARIABLE
 RESET CUMULATIVE VARIABLE
 Iteration  1   Mean: 0.3270E-11 Abs mean: 0.3270E-11   Fluctuation:  0.197E-11   0.181E-08     6.2%
  1    0.3270E-11 0.3270E-11 +- 0.1968E-11     19.03
 Writing out events   1.0505330676872277E-014   19.032801930280492     
 Relative summed weights:
  0.2298E+00  0.2005E-03  0.5359E+00  0.3732E-06  0.0000E+00  0.0000E+00
  0.8831E-01  0.5912E-02  0.1155E-01  0.1669E-03  0.1705E-05  0.5656E-05
  0.1421E-01  0.3306E-02  0.6860E-05  0.2946E-02  0.0000E+00  0.0000E+00
  0.4068E-01  0.3035E-03  0.7167E-02  0.1125E-03  0.7965E-08  0.9966E-09
  0.9001E-03  0.4321E-06  0.5455E-05  0.2907E-03  0.0000E+00  0.0000E+00
  0.2817E-03  0.4998E-02  0.3068E-05  0.3443E-02  0.0000E+00  0.0000E+00
  0.3699E-01  0.1376E-02  0.1024E-03  0.7746E-02  0.6281E-07  0.4932E-08
  0.7498E-03  0.4005E-04  0.1796E-02  0.6769E-03  0.8055E-07  0.1423E-05
 Relative number of events:
  0.1288E-01  0.1288E-01  0.3964E-02  0.5946E-02  0.0000E+00  0.0000E+00
  0.5253E-01  0.4460E-01  0.5352E-01  0.5451E-01  0.2973E-02  0.1982E-02
  0.1090E-01  0.1883E-01  0.4955E-02  0.5946E-02  0.0000E+00  0.0000E+00
  0.5847E-01  0.4757E-01  0.5847E-01  0.4955E-01  0.1982E-02  0.9911E-03
  0.2081E-01  0.1288E-01  0.4955E-02  0.4955E-02  0.0000E+00  0.0000E+00
  0.1487E-01  0.1586E-01  0.2973E-02  0.4955E-02  0.0000E+00  0.0000E+00
  0.4658E-01  0.4658E-01  0.5550E-01  0.4856E-01  0.1982E-02  0.3964E-02
  0.5352E-01  0.4163E-01  0.6046E-01  0.5253E-01  0.9911E-03  0.1982E-02
 Events:
          13          13           4           6           0           0
          53          45          54          55           3           2
          11          19           5           6           0           0
          59          48          59          50           2           1
          21          13           5           5           0           0
          15          16           3           5           0           0
          47          47          56          49           2           4
          54          42          61          53           1           2
 Iteration  2   Mean: 0.9860E-11 Abs mean: 0.9860E-11   Fluctuation:  0.663E-11   0.130E-07    22.1%
  2    0.9860E-11 0.9860E-11 +- 0.6634E-11     30.09
 Relative summed weights:
  0.1839E-01  0.3525E-03  0.3211E-02  0.7504E-06  0.0000E+00  0.0000E+00
  0.1323E+00  0.1707E-02  0.6025E-02  0.2356E-03  0.3079E-07  0.0000E+00
  0.1693E-01  0.1035E-03  0.1493E-03  0.2047E-04  0.0000E+00  0.0000E+00
  0.2014E-01  0.6602E+00  0.4570E-01  0.3313E-02  0.0000E+00  0.0000E+00
  0.1006E-02  0.1155E-02  0.3959E-03  0.1837E-07  0.0000E+00  0.0000E+00
  0.1259E-02  0.3343E-01  0.2232E-05  0.2815E-03  0.0000E+00  0.0000E+00
  0.3283E-02  0.1454E-01  0.9779E-02  0.2215E-02  0.7744E-06  0.0000E+00
  0.1223E-01  0.6300E-02  0.3597E-02  0.1656E-02  0.6198E-08  0.1038E-05
 Relative number of events:
  0.1600E-01  0.1450E-01  0.4500E-02  0.3500E-02  0.0000E+00  0.0000E+00
  0.5250E-01  0.5950E-01  0.3950E-01  0.4300E-01  0.5000E-03  0.0000E+00
  0.1500E-01  0.2100E-01  0.6000E-02  0.2500E-02  0.0000E+00  0.0000E+00
  0.5350E-01  0.5900E-01  0.4550E-01  0.4900E-01  0.0000E+00  0.0000E+00
  0.2300E-01  0.1850E-01  0.4500E-02  0.2000E-02  0.0000E+00  0.0000E+00
  0.1900E-01  0.1850E-01  0.4500E-02  0.7000E-02  0.0000E+00  0.0000E+00
  0.5100E-01  0.5700E-01  0.5300E-01  0.4750E-01  0.5000E-03  0.0000E+00
  0.6250E-01  0.5450E-01  0.3950E-01  0.5050E-01  0.1000E-02  0.1000E-02
 Events:
          32          29           9           7           0           0
         105         119          79          86           1           0
          30          42          12           5           0           0
         107         118          91          98           0           0
          46          37           9           4           0           0
          38          37           9          14           0           0
         102         114         106          95           1           0
         125         109          79         101           2           2
 Iteration  3   Mean: 0.4135E-10 Abs mean: 0.4135E-10   Fluctuation:  0.309E-10   0.123E-06    24.5%
  3    0.4135E-10 0.4135E-10 +- 0.3090E-10     47.27
 Relative summed weights:
  0.2899E-03  0.3666E-02  0.1451E-04  0.4184E-05  0.5126E-06  0.0000E+00
  0.7471E+00  0.1168E-01  0.8008E-02  0.2385E-02  0.2811E-03  0.2202E-08
  0.6845E-04  0.1106E-01  0.9960E-04  0.7885E-03  0.0000E+00  0.0000E+00
  0.1275E-01  0.8204E-03  0.2349E-02  0.6771E-01  0.9785E-05  0.7569E-07
  0.3684E-02  0.8370E-03  0.7484E-04  0.1906E-01  0.0000E+00  0.0000E+00
  0.2924E-01  0.1232E-02  0.2392E-02  0.2228E-03  0.0000E+00  0.0000E+00
  0.3724E-03  0.7905E-02  0.1733E-03  0.3587E-01  0.4852E-09  0.8731E-07
  0.1186E-01  0.1055E-01  0.6827E-02  0.6603E-03  0.1709E-08  0.6978E-11
 Relative number of events:
  0.1650E-01  0.1550E-01  0.3000E-02  0.2000E-02  0.2500E-03  0.0000E+00
  0.5250E-01  0.5150E-01  0.4750E-01  0.4825E-01  0.1000E-02  0.7500E-03
  0.1625E-01  0.1975E-01  0.3750E-02  0.4500E-02  0.0000E+00  0.0000E+00
  0.4425E-01  0.5900E-01  0.5000E-01  0.4875E-01  0.1250E-02  0.7500E-03
  0.1325E-01  0.1825E-01  0.3500E-02  0.6250E-02  0.0000E+00  0.0000E+00
  0.1775E-01  0.2050E-01  0.6000E-02  0.4750E-02  0.0000E+00  0.0000E+00
  0.5775E-01  0.6000E-01  0.5075E-01  0.4300E-01  0.5000E-03  0.5000E-03
  0.5150E-01  0.5825E-01  0.5275E-01  0.4675E-01  0.7500E-03  0.2500E-03
 Events:
          66          62          12           8           1           0
         210         206         190         193           4           3
          65          79          15          18           0           0
         177         236         200         195           5           3
          53          73          14          25           0           0
          71          82          24          19           0           0
         231         240         203         172           2           2
         206         233         211         187           3           1
 Accuracy:    0.719   0.100   0.385   3.491
 Found          109  events.
 Wrote            1  events.
 Actual xsec    1.5506990352574641E-011
 Correct abs xsec    1.5506990352574641E-011
 Event xsec    1.5506990352574641E-011
 Events wgts > 1:            1
 % Cross section > 1:    1.2965707102636045E-018   8.3612015019299574E-006
 Iteration  4   Mean: 0.6627E-10 Abs mean: 0.6627E-10   Fluctuation:  0.361E-10   0.258E-06    29.3%
  4    0.6627E-10 0.6627E-10 +- 0.3610E-10     48.73
 Relative summed weights:
  0.9288E-02  0.1507E-01  0.2030E-01  0.3360E-02  0.0000E+00  0.0000E+00
  0.8527E-02  0.4672E-01  0.4474E-02  0.1746E-02  0.4644E-09  0.1099E-09
  0.5002E-03  0.3419E-01  0.2383E+00  0.7655E-02  0.0000E+00  0.0000E+00
  0.1952E-02  0.1193E-01  0.5167E-02  0.4101E-02  0.7653E-07  0.2654E-07
  0.7432E-02  0.3151E-02  0.2422E-03  0.3841E-04  0.0000E+00  0.0000E+00
  0.1080E-01  0.4987E-02  0.1397E-03  0.1044E-02  0.0000E+00  0.0000E+00
  0.1497E-01  0.8065E-02  0.3339E-02  0.1266E-02  0.3871E-07  0.8430E-09
  0.4928E+00  0.3199E-01  0.2719E-02  0.3723E-02  0.6301E-05  0.1311E-07
 Relative number of events:
  0.1562E-01  0.1850E-01  0.4000E-02  0.4625E-02  0.0000E+00  0.0000E+00
  0.5412E-01  0.5275E-01  0.4275E-01  0.5162E-01  0.3750E-03  0.3750E-03
  0.1887E-01  0.1713E-01  0.4125E-02  0.4250E-02  0.0000E+00  0.0000E+00
  0.5437E-01  0.5387E-01  0.4600E-01  0.5312E-01  0.1125E-02  0.5000E-03
  0.1875E-01  0.2000E-01  0.4875E-02  0.3625E-02  0.0000E+00  0.0000E+00
  0.1675E-01  0.1762E-01  0.3875E-02  0.5000E-02  0.0000E+00  0.0000E+00
  0.5488E-01  0.5112E-01  0.4863E-01  0.4475E-01  0.8750E-03  0.3750E-03
  0.5650E-01  0.4975E-01  0.5038E-01  0.5237E-01  0.1125E-02  0.6250E-03
 Events:
         125         148          32          37           0           0
         433         422         342         413           3           3
         151         137          33          34           0           0
         435         431         368         425           9           4
         150         160          39          29           0           0
         134         141          31          40           0           0
         439         409         389         358           7           3
         452         398         403         419           9           5
 Accuracy:    0.484   0.100   0.314   2.374
 Found          176  events.
 Wrote            2  events.
 Actual xsec    4.3299492073875086E-011
 Correct abs xsec    4.3299492073875086E-011
 Event xsec    4.3299492073875086E-011
 Events wgts > 1:            0
 % Cross section > 1:    0.0000000000000000        0.0000000000000000     
 Iteration  5   Mean: 0.4153E-10 Abs mean: 0.4153E-10   Fluctuation:  0.143E-10   0.192E-06    33.8%
  5    0.4153E-10 0.4153E-10 +- 0.1426E-10     43.44
 Relative summed weights:
  0.2544E-01  0.1843E-01  0.1135E-02  0.8042E-03  0.0000E+00  0.0000E+00
  0.8483E-02  0.1886E+00  0.1353E-01  0.3751E-01  0.2404E-06  0.2149E-05
  0.2706E-01  0.1445E-01  0.8912E-02  0.4033E-01  0.0000E+00  0.0000E+00
  0.5562E-02  0.1234E-01  0.1049E-01  0.4222E-02  0.9910E-06  0.1219E-04
  0.1496E-01  0.3624E-02  0.1425E-01  0.1251E-03  0.0000E+00  0.0000E+00
  0.5835E-01  0.7569E-02  0.4130E-02  0.8463E-02  0.0000E+00  0.0000E+00
  0.4201E-01  0.2688E-01  0.1667E-01  0.2913E+00  0.6964E-07  0.7569E-05
  0.2029E-01  0.2507E-01  0.5628E-02  0.4326E-01  0.1167E-04  0.1273E-07
 Relative number of events:
  0.1875E-01  0.1925E-01  0.3750E-02  0.3938E-02  0.0000E+00  0.0000E+00
  0.5475E-01  0.5312E-01  0.4744E-01  0.4894E-01  0.5625E-03  0.3125E-03
  0.1738E-01  0.1912E-01  0.4375E-02  0.5063E-02  0.0000E+00  0.0000E+00
  0.5375E-01  0.5675E-01  0.4681E-01  0.4556E-01  0.5625E-03  0.6250E-03
  0.1931E-01  0.1906E-01  0.3812E-02  0.3875E-02  0.0000E+00  0.0000E+00
  0.1887E-01  0.1856E-01  0.4000E-02  0.3750E-02  0.0000E+00  0.0000E+00
  0.5550E-01  0.5594E-01  0.4475E-01  0.4706E-01  0.4375E-03  0.6875E-03
  0.5350E-01  0.5275E-01  0.4581E-01  0.5038E-01  0.8750E-03  0.2500E-03
 Events:
         300         308          60          63           0           0
         876         850         759         783           9           5
         278         306          70          81           0           0
         860         908         749         729           9          10
         309         305          61          62           0           0
         302         297          64          60           0           0
         888         895         716         753           7          11
         856         844         733         806          14           4
 Accuracy:    0.281   0.100   0.232   1.470
 Found          285  events.
 Wrote            4  events.
 Actual xsec    4.7616617033313502E-011
 Correct abs xsec    4.7616617033313502E-011
 Event xsec    4.7616617033313508E-011
 Events wgts > 1:            1
 % Cross section > 1:    4.9485176063424754E-019   1.0392417426211519E-006

 -------------------------------------------------------------------------------
 Accumulated results:   Integral =  0.3655E-10
                        Std dev  =  0.8475E-11
                       Cross sec =  0.3655E-10
             Chi**2 per DoF.     =      1.4700
 -------------------------------------------------------------------------------
-------------------------------------------------
---------------------------
 Results Last   3 iters: Integral =   0.4762E-10
                     Abs integral =   0.4762E-10
                          Std dev =   0.1289E-10
                  Chi**2 per DoF. =      0.2450
-------------------------------------------------
---------------------------
 Status  0.10000000000000001                6           5

ls status:
events.lhe
ftn26
input_app.txt
results.dat
run1_app.log
