 Process in group number            1
 A PDF is used, so alpha_s(MZ) is going to be modified
 Old value of alpha_s from param_card:   0.11839999999999999     
  ****************************************
 
       NNPDFDriver version 1.0.3
   Grid: NNPDF23_lo_as_0130_qed_mem0.grid
  ****************************************
 New value of alpha_s from PDF nn23lo1:  0.13000000000000000     
 Define smin to   1600.0000000000000     
 Define smin to   1600.0000000000000     
 Define smin to   1600.0000000000000     
 *****************************************************
 *               MadGraph/MadEvent                   *
 *        --------------------------------           *
 *          http://madgraph.hep.uiuc.edu             *
 *          http://madgraph.phys.ucl.ac.be           *
 *          http://madgraph.roma2.infn.it            *
 *        --------------------------------           *
 *                                                   *
 *          PARAMETER AND COUPLING VALUES            *
 *                                                   *
 *****************************************************

  External Params
  ---------------------------------
  
 mdl_VeN1 =    1.0000000000000000     
 mdl_VeN2 =    0.0000000000000000     
 mdl_VeN3 =    0.0000000000000000     
 mdl_VmuN1 =    0.0000000000000000     
 mdl_VmuN2 =    1.0000000000000000     
 mdl_VmuN3 =    0.0000000000000000     
 mdl_VtaN1 =    0.0000000000000000     
 mdl_VtaN2 =    0.0000000000000000     
 mdl_VtaN3 =    1.0000000000000000     
 mdl_VN1N1 =    1.0000000000000000     
 mdl_VN1N2 =    1.0000000000000000     
 mdl_VN1N3 =    1.0000000000000000     
 mdl_VN2N2 =    1.0000000000000000     
 mdl_VN2N3 =    1.0000000000000000     
 mdl_VN3N3 =    1.0000000000000000     
 aEWM1 =    127.90000000000001     
 mdl_Gf =    1.1663700000000000E-005
 aS =   0.11839999999999999     
 mdl_ymt =    172.00000000000000     
 mdl_vevf =    50.000000000000000     
 mdl_MZ =    91.187600000000003     
 mdl_MT =    172.00000000000000     
 mdl_MH =    125.00000000000000     
 mdl_mN1 =    2000.0000000000000     
 mdl_mN2 =    2100.0000000000000     
 mdl_mN3 =    2200.0000000000000     
 mdl_MJ =    91.187600000000003     
 mdl_MAx =    173.04800000000000     
 mdl_WZ =    2.4952000000000001     
 mdl_WW =    2.0850000000000000     
 mdl_WT =    1.5083359999999999     
 mdl_WH =    4.0699999999999998E-003
 mdl_WN1 =   0.30299999999999999     
 mdl_WN2 =    1.5000000000000000     
 mdl_WN3 =    12.300000000000001     
 mdl_WJ =    2.4952000000000001     
 mdl_WAx =    4.1700000000000001E-003
  Internal Params
  ---------------------------------
  
 mdl_vevf__exp__2 =    2500.0000000000000     
 mdl_sqrt__vevf__exp__2 =    50.000000000000000     
 mdl_muJ =    50.000000000000000     
 mdl_MZ__exp__2 =    8315.1783937600012     
 mdl_MZ__exp__4 =    69142191.720053151     
 mdl_sqrt__2 =    1.4142135623730951     
 mdl_MJ__exp__2 =    8315.1783937600012     
 mdl_muJ__exp__2 =    2500.0000000000000     
 mdl_lamJ =    4.3260713575040004     
 mdl_MH__exp__2 =    15625.000000000000     
 mdl_complexi =  (  0.0000000000000000     ,  1.0000000000000000     )
 mdl_aEW =    7.8186082877247844E-003
 mdl_MW =    79.824359746197842     
 mdl_sqrt__aEW =    8.8422894590285753E-002
 mdl_ee =   0.31345100004952897     
 mdl_MW__exp__2 =    6371.9284088904105     
 mdl_sw2 =   0.23369913342182447     
 mdl_cw =   0.87538612427783857     
 mdl_sqrt__sw2 =   0.48342438232036300     
 mdl_sw =   0.48342438232036300     
 mdl_g1 =   0.35807170271074895     
 mdl_gN =   0.64839716719502682     
 mdl_gw =   0.64839716719502682     
 mdl_vev =    246.22056907348590     
 mdl_vev__exp__2 =    60624.568634871241     
 mdl_lam =   0.12886689630821144     
 mdl_yt =   0.98791394091683138     
 mdl_muH =    88.388347648318444     
 mdl_I2a33 =  ( 0.98791394091683138     ,  0.0000000000000000     )
 mdl_I3a33 =  ( 0.98791394091683138     ,  0.0000000000000000     )
 mdl_ee__exp__2 =    9.8251529432049817E-002
 mdl_sw__exp__2 =   0.23369913342182450     
 mdl_cw__exp__2 =   0.76630086657817542     
  Internal Params evaluated point by point
  ----------------------------------------
  
 mdl_sqrt__aS =   0.34409301068170506     
 mdl_G__exp__2 =    1.4878582807401259     
  Couplings of SM_HeavyN_UFO
  ---------------------------------
  
         GC_1 =  -0.00000E+00  -0.10448E+00
         GC_2 =   0.00000E+00   0.20897E+00
         GC_3 =  -0.00000E+00  -0.31345E+00
         GC_4 =   0.00000E+00   0.31345E+00
        GC_26 =   0.00000E+00   0.45849E+00
        GC_27 =  -0.00000E+00  -0.28380E+00
        GC_28 =   0.00000E+00   0.28380E+00
        GC_30 =   0.00000E+00   0.56760E+00
        GC_35 =  -0.00000E+00  -0.28850E-01
        GC_37 =   0.00000E+00   0.17310E+00
        GC_39 =   0.00000E+00  -0.19725E+00
        GC_40 =   0.00000E+00   0.37035E+00
        GC_80 =   0.00000E+00   0.67543E+02
       GC_107 =  -0.00000E+00  -0.74070E+00
       GC_109 =  -0.00000E+00  -0.74070E+00
       GC_111 =  -0.00000E+00  -0.74070E+00
       GC_113 =  -0.00000E+00  -0.74070E+00
       GC_115 =  -0.00000E+00  -0.74070E+00
       GC_117 =  -0.00000E+00  -0.74070E+00
       GC_119 =   0.00000E+00   0.00000E+00
       GC_120 =   0.00000E+00   0.00000E+00
       GC_122 =  -0.00000E+00  -0.00000E+00
       GC_126 =   0.00000E+00   0.00000E+00
       GC_127 =   0.00000E+00   0.00000E+00
       GC_129 =  -0.00000E+00  -0.00000E+00
       GC_133 =   0.00000E+00   0.45849E+00
       GC_134 =   0.00000E+00   0.37035E+00
       GC_136 =  -0.00000E+00  -0.89351E+01
        GC_81 =   0.40000E+02   0.00000E+00
        GC_82 =   0.42000E+02   0.00000E+00
        GC_83 =   0.44000E+02   0.00000E+00

 Collider parameters:
 --------------------

 Running at P P   machine @    13000.000000000000       GeV
 PDF set = nn23lo1
 alpha_s(Mz)= 0.1300 running at 2 loops.
 alpha_s(Mz)= 0.1300 running at 2 loops.
 Renormalization scale set on event-by-event basis
 Factorization   scale set on event-by-event basis


 getting user params
Enter number of events and max and min iterations: 
 Number of events and iterations         1000           5           3
Enter desired fractional accuracy: 
 Desired fractional accuracy:   0.10000000000000001     
Enter 0 for fixed, 2 for adjustable grid: 
Suppress amplitude (0 no, 1 yes)? 
 Using suppressed amplitude.
Exact helicity sum (0 yes, n = number/event)? 
 Explicitly summing over helicities
Enter Configuration Number: 
Running Configuration Number:  293
 Using dconfig=         646
 BW Setting            1           2           2           2           1           2           0
 Attempting mappinvarients           1           9
 Completed mapping           9
 about to integrate           19        1000           5           3          19           1
 Using non-zero grid deformation.
 19 dimensions   1000 events 19 invarients  5 iterations  1 config(s),  (0.99)
 Using h-tuple random number sequence.
 Error opening grid
 Using Uniform Grid!          36
 Using uniform alpha   1.0000000000000000     
 Grid defined OK
 Set CM energy to      13000.00
 Mapping Graph         293  to config         293
 Setting BW          -1           1   91.187600000000003     
Setting grid   2    0.36660E-04   1
Setting grid   3    0.17080E-03   1
Setting grid   4    0.75740E-07   1
 Setting BW          -5           5   2200.0000000000000     
Setting grid   6    0.31531E-01   1
 Transforming s_hat 1/s           18   3.1530809861305562E-002   1600.0000000000000        168999999.99999997     
 293   1   2   3   4   5   6   7   8   9  10  11  12  13  14
  15  16  17  18  19
 Masses: 0.000E+00 0.000E+00 0.000E+00 0.000E+00 0.000E+00 0.000E+00 0.000E+00 0.000E+00 0.912E+02
Using random seed offsets   293 :      1
  with seed                   24
 Ranmar initialization seeds          23        9398
 
 ********************************************
 * You are using the DiscreteSampler module *
 *      part of the MG5_aMC framework       *
 *         Author: Valentin Hirschi         *
 ********************************************
 
  Particle       3       4       5       6       7       8       9
      Et >    10.0    10.0    10.0    10.0     0.0     0.0     0.0
       E >     0.0     0.0     0.0     0.0     0.0     0.0     0.0
     Eta <     2.5     2.5     2.5     2.5    -1.0    -1.0    -1.0
   xqcut:      0.0     0.0     0.0     0.0     0.0     0.0     0.0
d R # 3  >    -0.0     0.4     0.4     0.4     0.0     0.0     0.0
d R # 4  >    -0.0    -0.0     0.4     0.4     0.0     0.0     0.0
d R # 5  >    -0.0    -0.0    -0.0     0.4     0.0     0.0     0.0
d R # 6  >    -0.0    -0.0    -0.0    -0.0     0.0     0.0     0.0
d R # 7  >    -0.0    -0.0    -0.0    -0.0    -0.0     0.0     0.0
d R # 8  >    -0.0    -0.0    -0.0    -0.0    -0.0    -0.0     0.0
s min # 3>     0.0     0.0     0.0     0.0     0.0     0.0     0.0
s min # 4>     0.0     0.0     0.0     0.0     0.0     0.0     0.0
s min # 5>     0.0     0.0     0.0     0.0     0.0     0.0     0.0
s min # 6>     0.0     0.0     0.0     0.0     0.0     0.0     0.0
s min # 7>     0.0     0.0     0.0     0.0     0.0     0.0     0.0
s min # 8>     0.0     0.0     0.0     0.0     0.0     0.0     0.0
xqcutij # 3>     0.0     0.0     0.0     0.0     0.0     0.0     0.0
xqcutij # 4>     0.0     0.0     0.0     0.0     0.0     0.0     0.0
xqcutij # 5>     0.0     0.0     0.0     0.0     0.0     0.0     0.0
xqcutij # 6>     0.0     0.0     0.0     0.0     0.0     0.0     0.0
xqcutij # 7>     0.0     0.0     0.0     0.0     0.0     0.0     0.0
xqcutij # 8>     0.0     0.0     0.0     0.0     0.0     0.0     0.0
 Requiring BW           -1           1
 Excluding BW           -2           2
 Excluding BW           -3           3
 Excluding BW           -4           4
 Requiring BW           -5           5
 Excluding BW           -6           6
 alpha_s for scale    12969.512078934082       is    7.1572768517152038E-002
 Added good helicity            1   10.418706332806401       in event            1 local:           1
 Added good helicity           21   4.4864303688642195       in event            1 local:           1
 Added good helicity           25   2.2679824882510563E-003  in event            1 local:           1
 Added good helicity           37   4.7389720567884643E-008  in event            1 local:           1
 Added good helicity           41  0.95161561155102026       in event            1 local:           1
 Added good helicity           61  0.77802409459512867       in event            1 local:           1
 Added good helicity          193   127.71986601880890       in event            1 local:           1
 Added good helicity          213   99.577920576338926       in event            1 local:           1
 Added good helicity          217   1.6437195471009001E-002  in event            1 local:           1
 Added good helicity          229   2.7862567620695507E-006  in event            1 local:           1
 Added good helicity          233   6.5443065114404302       in event            1 local:           1
 Added good helicity          253   5.5044224739892567       in event            1 local:           1
 Added good helicity            1   10.418706332807970       in event            1 local:           1
 Added good helicity           21   4.4864303688605167       in event            1 local:           1
 Added good helicity           25   2.2679824882488077E-003  in event            1 local:           1
 Added good helicity           37   4.7389720567863467E-008  in event            1 local:           1
 Added good helicity           41  0.95161561154972762       in event            1 local:           1
 Added good helicity           61  0.77802409459388822       in event            1 local:           1
 Added good helicity          193   127.71986601878899       in event            1 local:           1
 Added good helicity          213   99.577920576381317       in event            1 local:           1
 Added good helicity          217   1.6437195470991883E-002  in event            1 local:           1
 Added good helicity          229   2.7862567620662049E-006  in event            1 local:           1
 Added good helicity          233   6.5443065114308636       in event            1 local:           1
 Added good helicity          253   5.5044224739810188       in event            1 local:           1
 RESET CUMULATIVE VARIABLE
 RESET CUMULATIVE VARIABLE
 RESET CUMULATIVE VARIABLE
 Iteration  1   Mean: 0.9757E-11 Abs mean: 0.9757E-11   Fluctuation:  0.673E-11   0.570E-08     5.0%
  1    0.9757E-11 0.9757E-11 +- 0.6725E-11     21.80
 Writing out events   3.8916728684019456E-014   21.796394721417276     
 Relative summed weights:
  0.8853E-03  0.8992E-03  0.4058E-04  0.7858E-04  0.0000E+00  0.0000E+00
  0.1805E-03  0.8444E-05  0.1101E-03  0.6681E-08  0.0000E+00  0.0000E+00
  0.3293E-04  0.2047E-03  0.9027E-03  0.1798E-04  0.0000E+00  0.0000E+00
  0.1607E-01  0.3646E+00  0.4903E-02  0.4639E-04  0.0000E+00  0.0000E+00
  0.5847E+00  0.4642E-03  0.1711E-05  0.4482E-04  0.0000E+00  0.5428E-06
  0.2213E-04  0.1981E-02  0.6517E-06  0.2330E-05  0.0000E+00  0.0000E+00
  0.8072E-04  0.9446E-04  0.2325E-01  0.9871E-05  0.0000E+00  0.0000E+00
  0.3733E-03  0.4301E-04  0.7493E-05  0.7895E-06  0.0000E+00  0.0000E+00
 Relative number of events:
  0.5946E-01  0.6838E-01  0.2180E-01  0.3568E-01  0.0000E+00  0.0000E+00
  0.2478E-01  0.1784E-01  0.1189E-01  0.2973E-02  0.0000E+00  0.0000E+00
  0.2478E-01  0.2577E-01  0.5946E-02  0.1090E-01  0.0000E+00  0.0000E+00
  0.5946E-01  0.6739E-01  0.2874E-01  0.2279E-01  0.0000E+00  0.0000E+00
  0.6145E-01  0.6145E-01  0.4063E-01  0.2775E-01  0.0000E+00  0.9911E-03
  0.3171E-01  0.2577E-01  0.1288E-01  0.1487E-01  0.0000E+00  0.0000E+00
  0.1784E-01  0.2279E-01  0.5946E-02  0.1288E-01  0.0000E+00  0.0000E+00
  0.6145E-01  0.4955E-01  0.3072E-01  0.3271E-01  0.0000E+00  0.0000E+00
 Events:
          60          69          22          36           0           0
          25          18          12           3           0           0
          25          26           6          11           0           0
          60          68          29          23           0           0
          62          62          41          28           0           1
          32          26          13          15           0           0
          18          23           6          13           0           0
          62          50          31          33           0           0
 Iteration  2   Mean: 0.1036E-11 Abs mean: 0.1036E-11   Fluctuation:  0.312E-12   0.430E-09    11.2%
  2    0.1036E-11 0.1036E-11 +- 0.3123E-12     13.48
 Relative summed weights:
  0.1451E-01  0.9558E-02  0.8039E-03  0.7901E-03  0.0000E+00  0.0000E+00
  0.1036E-01  0.9313E-04  0.1875E-04  0.7967E-03  0.0000E+00  0.0000E+00
  0.6901E-02  0.3868E-03  0.5655E-04  0.4416E-05  0.0000E+00  0.0000E+00
  0.8606E-01  0.2178E+00  0.4498E-01  0.1682E-01  0.1853E-11  0.0000E+00
  0.7845E-01  0.1411E-02  0.1079E+00  0.3003E-01  0.0000E+00  0.0000E+00
  0.7154E-02  0.7160E-01  0.1342E-03  0.7056E-01  0.0000E+00  0.0000E+00
  0.2491E-01  0.7815E-02  0.1079E+00  0.1308E-04  0.0000E+00  0.0000E+00
  0.5734E-01  0.5133E-02  0.1953E-01  0.2235E-03  0.0000E+00  0.6181E-11
 Relative number of events:
  0.6650E-01  0.7100E-01  0.2650E-01  0.2850E-01  0.0000E+00  0.0000E+00
  0.2550E-01  0.2450E-01  0.1000E-01  0.1250E-01  0.0000E+00  0.0000E+00
  0.2450E-01  0.1900E-01  0.7000E-02  0.6000E-02  0.0000E+00  0.0000E+00
  0.7600E-01  0.6050E-01  0.2200E-01  0.3000E-01  0.5000E-03  0.0000E+00
  0.6400E-01  0.6150E-01  0.2000E-01  0.2950E-01  0.0000E+00  0.0000E+00
  0.3050E-01  0.1800E-01  0.7000E-02  0.9000E-02  0.0000E+00  0.0000E+00
  0.2750E-01  0.2800E-01  0.8000E-02  0.8000E-02  0.0000E+00  0.0000E+00
  0.6750E-01  0.5950E-01  0.2400E-01  0.2700E-01  0.0000E+00  0.5000E-03
 Events:
         133         142          53          57           0           0
          51          49          20          25           0           0
          49          38          14          12           0           0
         152         121          44          60           1           0
         128         123          40          59           0           0
          61          36          14          18           0           0
          55          56          16          16           0           0
         135         119          48          54           0           1
 Iteration  3   Mean: 0.2097E-10 Abs mean: 0.2097E-10   Fluctuation:  0.935E-11   0.297E-07    10.9%
  3    0.2097E-10 0.2097E-10 +- 0.9352E-11     28.21
 Relative summed weights:
  0.2836E-01  0.7411E-02  0.2693E-02  0.8527E-02  0.0000E+00  0.0000E+00
  0.1546E-02  0.2220E+00  0.1345E+00  0.5131E-03  0.0000E+00  0.0000E+00
  0.1017E-02  0.1495E-02  0.4168E-02  0.4048E-02  0.0000E+00  0.0000E+00
  0.1478E-02  0.3070E-02  0.3554E+00  0.2269E-02  0.4677E-11  0.9654E-07
  0.6730E-01  0.3538E-01  0.1651E-03  0.3303E-03  0.0000E+00  0.0000E+00
  0.9730E-02  0.1584E-01  0.1619E-04  0.1654E-02  0.0000E+00  0.0000E+00
  0.5059E-02  0.4516E-02  0.1550E-03  0.7233E-05  0.0000E+00  0.8640E-07
  0.5389E-01  0.1231E-02  0.2440E-01  0.1909E-02  0.7996E-10  0.0000E+00
 Relative number of events:
  0.6900E-01  0.6500E-01  0.2575E-01  0.2675E-01  0.0000E+00  0.0000E+00
  0.2625E-01  0.2600E-01  0.9750E-02  0.8750E-02  0.0000E+00  0.0000E+00
  0.2575E-01  0.2450E-01  0.8000E-02  0.6250E-02  0.0000E+00  0.0000E+00
  0.7100E-01  0.6200E-01  0.2625E-01  0.2750E-01  0.2500E-03  0.5000E-03
  0.6250E-01  0.6950E-01  0.2575E-01  0.2100E-01  0.0000E+00  0.0000E+00
  0.2400E-01  0.2775E-01  0.8250E-02  0.7750E-02  0.0000E+00  0.0000E+00
  0.2575E-01  0.2250E-01  0.1000E-01  0.7500E-02  0.0000E+00  0.2500E-03
  0.6050E-01  0.6150E-01  0.3000E-01  0.2600E-01  0.2500E-03  0.0000E+00
 Events:
         276         260         103         107           0           0
         105         104          39          35           0           0
         103          98          32          25           0           0
         284         248         105         110           1           2
         250         278         103          84           0           0
          96         111          33          31           0           0
         103          90          40          30           0           1
         242         246         120         104           1           0
 Accuracy:    0.815   0.100   0.235  12.063
 Found          293  events.
 Wrote            2  events.
 Actual xsec    7.5688952996162382E-012
 Correct abs xsec    7.5688952996162382E-012
 Event xsec    7.5688952996162382E-012
 Events wgts > 1:            0
 % Cross section > 1:    0.0000000000000000        0.0000000000000000     
 Iteration  4   Mean: 0.2876E-10 Abs mean: 0.2876E-10   Fluctuation:  0.154E-10   0.121E-06    11.2%
  4    0.2876E-10 0.2876E-10 +- 0.1538E-10     47.81
 Relative summed weights:
  0.4184E-02  0.5415E+00  0.7128E-02  0.3279E-02  0.0000E+00  0.0000E+00
  0.6925E-02  0.1357E-01  0.6887E-02  0.5182E-03  0.0000E+00  0.0000E+00
  0.2210E-01  0.6293E-02  0.5289E-02  0.1947E-02  0.0000E+00  0.0000E+00
  0.2162E-01  0.1234E-01  0.1262E-01  0.1340E-02  0.0000E+00  0.0000E+00
  0.3574E-01  0.6593E-01  0.2459E-03  0.2640E-03  0.1498E-06  0.1622E-07
  0.4098E-01  0.2625E-01  0.1723E-01  0.3821E-03  0.0000E+00  0.0000E+00
  0.1244E-02  0.8371E-02  0.3641E-02  0.1174E-01  0.0000E+00  0.0000E+00
  0.9897E-02  0.1026E+00  0.6882E-02  0.1002E-02  0.0000E+00  0.0000E+00
 Relative number of events:
  0.6563E-01  0.6500E-01  0.2475E-01  0.2350E-01  0.0000E+00  0.0000E+00
  0.2475E-01  0.2738E-01  0.7750E-02  0.8500E-02  0.0000E+00  0.0000E+00
  0.2913E-01  0.2388E-01  0.8500E-02  0.9000E-02  0.0000E+00  0.0000E+00
  0.6563E-01  0.6838E-01  0.2725E-01  0.2825E-01  0.0000E+00  0.0000E+00
  0.6513E-01  0.6450E-01  0.2775E-01  0.2562E-01  0.1250E-03  0.1250E-03
  0.2538E-01  0.2700E-01  0.7500E-02  0.7250E-02  0.0000E+00  0.0000E+00
  0.2488E-01  0.2438E-01  0.7375E-02  0.6750E-02  0.0000E+00  0.0000E+00
  0.6338E-01  0.6275E-01  0.2763E-01  0.2525E-01  0.0000E+00  0.0000E+00
 Events:
         525         520         198         188           0           0
         198         219          62          68           0           0
         233         191          68          72           0           0
         525         547         218         226           0           0
         521         516         222         205           1           1
         203         216          60          58           0           0
         199         195          59          54           0           0
         507         502         221         202           0           0
 Accuracy:    0.586   0.100   0.215   7.444
 Found          291  events.
 Wrote            1  events.
 Actual xsec    1.1129503623284679E-011
 Correct abs xsec    1.1129503623284679E-011
 Event xsec    1.1129503623284679E-011
 Events wgts > 1:            1
 % Cross section > 1:    6.4354174412186201E-019   5.7823040982301413E-006
 Iteration  5   Mean: 0.3856E-10 Abs mean: 0.3856E-10   Fluctuation:  0.192E-10   0.297E-06    11.4%
  5    0.3856E-10 0.3856E-10 +- 0.1925E-10     63.14
 Relative summed weights:
  0.1499E-01  0.2028E-01  0.3076E-02  0.2308E-02  0.0000E+00  0.0000E+00
  0.5728E-02  0.1752E-01  0.3692E-02  0.3082E-03  0.0000E+00  0.0000E+00
  0.1172E-01  0.5279E-02  0.9402E-03  0.1362E-02  0.0000E+00  0.3102E-08
  0.8030E-01  0.2674E-01  0.1044E-01  0.3439E-02  0.0000E+00  0.0000E+00
  0.1151E-01  0.1095E-01  0.1247E-01  0.8274E-02  0.0000E+00  0.0000E+00
  0.1618E+00  0.1330E-01  0.2357E-03  0.2978E-02  0.1489E-07  0.0000E+00
  0.7678E-02  0.3939E-02  0.3418E-02  0.2508E-03  0.0000E+00  0.2300E-06
  0.1102E-01  0.5040E+00  0.8526E-02  0.3147E-01  0.0000E+00  0.7302E-07
 Relative number of events:
  0.6219E-01  0.6369E-01  0.2481E-01  0.2562E-01  0.0000E+00  0.0000E+00
  0.2956E-01  0.2381E-01  0.7250E-02  0.7500E-02  0.0000E+00  0.0000E+00
  0.2756E-01  0.2806E-01  0.7500E-02  0.6875E-02  0.0000E+00  0.6250E-04
  0.6500E-01  0.6475E-01  0.2581E-01  0.2525E-01  0.0000E+00  0.0000E+00
  0.6638E-01  0.6606E-01  0.2581E-01  0.2569E-01  0.0000E+00  0.0000E+00
  0.2544E-01  0.2719E-01  0.6812E-02  0.6938E-02  0.6250E-04  0.0000E+00
  0.2600E-01  0.2644E-01  0.8250E-02  0.7938E-02  0.0000E+00  0.6250E-04
  0.6519E-01  0.6713E-01  0.2519E-01  0.2806E-01  0.0000E+00  0.6250E-04
 Events:
         995        1019         397         410           0           0
         473         381         116         120           0           0
         441         449         120         110           0           1
        1040        1036         413         404           0           0
        1062        1057         413         411           0           0
         407         435         109         111           1           0
         416         423         132         127           0           1
        1043        1074         403         449           0           1
 Accuracy:    0.468   0.100   0.197   5.625
 Found          767  events.
 Wrote            5  events.
 Actual xsec    2.8773267734858985E-011
 Correct abs xsec    2.8773267734858985E-011
 Event xsec    2.8773267734858985E-011
 Events wgts > 1:            0
 % Cross section > 1:    0.0000000000000000        0.0000000000000000     

 -------------------------------------------------------------------------------
 Accumulated results:   Integral =  0.1531E-10
                        Std dev  =  0.3022E-11
                       Cross sec =  0.1531E-10
             Chi**2 per DoF.     =      5.6251
 -------------------------------------------------------------------------------
-------------------------------------------------
---------------------------
 Results Last   3 iters: Integral =   0.2877E-10
                     Abs integral =   0.2877E-10
                          Std dev =   0.8126E-11
                  Chi**2 per DoF. =      0.4778
-------------------------------------------------
---------------------------
 Status  0.10000000000000001                6           5

ls status:
events.lhe
ftn26
input_app.txt
results.dat
run1_app.log
