 Process in group number            1
 A PDF is used, so alpha_s(MZ) is going to be modified
 Old value of alpha_s from param_card:   0.11839999999999999     
  ****************************************
 
       NNPDFDriver version 1.0.3
   Grid: NNPDF23_lo_as_0130_qed_mem0.grid
  ****************************************
 New value of alpha_s from PDF nn23lo1:  0.13000000000000000     
 Define smin to   1600.0000000000000     
 Define smin to   1600.0000000000000     
 Define smin to   1600.0000000000000     
 *****************************************************
 *               MadGraph/MadEvent                   *
 *        --------------------------------           *
 *          http://madgraph.hep.uiuc.edu             *
 *          http://madgraph.phys.ucl.ac.be           *
 *          http://madgraph.roma2.infn.it            *
 *        --------------------------------           *
 *                                                   *
 *          PARAMETER AND COUPLING VALUES            *
 *                                                   *
 *****************************************************

  External Params
  ---------------------------------
  
 mdl_VeN1 =    1.0000000000000000     
 mdl_VeN2 =    0.0000000000000000     
 mdl_VeN3 =    0.0000000000000000     
 mdl_VmuN1 =    0.0000000000000000     
 mdl_VmuN2 =    1.0000000000000000     
 mdl_VmuN3 =    0.0000000000000000     
 mdl_VtaN1 =    0.0000000000000000     
 mdl_VtaN2 =    0.0000000000000000     
 mdl_VtaN3 =    1.0000000000000000     
 mdl_VN1N1 =    1.0000000000000000     
 mdl_VN1N2 =    1.0000000000000000     
 mdl_VN1N3 =    1.0000000000000000     
 mdl_VN2N2 =    1.0000000000000000     
 mdl_VN2N3 =    1.0000000000000000     
 mdl_VN3N3 =    1.0000000000000000     
 aEWM1 =    127.90000000000001     
 mdl_Gf =    1.1663700000000000E-005
 aS =   0.11839999999999999     
 mdl_ymt =    172.00000000000000     
 mdl_vevf =    50.000000000000000     
 mdl_MZ =    91.187600000000003     
 mdl_MT =    172.00000000000000     
 mdl_MH =    125.00000000000000     
 mdl_mN1 =    510.00000000000000     
 mdl_mN2 =    610.00000000000000     
 mdl_mN3 =    710.00000000000000     
 mdl_MJ =    91.187600000000003     
 mdl_MAx =    173.04800000000000     
 mdl_WZ =    2.4952000000000001     
 mdl_WW =    2.0850000000000000     
 mdl_WT =    1.5083359999999999     
 mdl_WH =    4.0699999999999998E-003
 mdl_WN1 =   0.30299999999999999     
 mdl_WN2 =    1.5000000000000000     
 mdl_WN3 =    12.300000000000001     
 mdl_WJ =    2.4952000000000001     
 mdl_WAx =    4.1700000000000001E-003
  Internal Params
  ---------------------------------
  
 mdl_vevf__exp__2 =    2500.0000000000000     
 mdl_sqrt__vevf__exp__2 =    50.000000000000000     
 mdl_muJ =    50.000000000000000     
 mdl_MZ__exp__2 =    8315.1783937600012     
 mdl_MZ__exp__4 =    69142191.720053151     
 mdl_sqrt__2 =    1.4142135623730951     
 mdl_MJ__exp__2 =    8315.1783937600012     
 mdl_muJ__exp__2 =    2500.0000000000000     
 mdl_lamJ =    4.3260713575040004     
 mdl_MH__exp__2 =    15625.000000000000     
 mdl_complexi =  (  0.0000000000000000     ,  1.0000000000000000     )
 mdl_aEW =    7.8186082877247844E-003
 mdl_MW =    79.824359746197842     
 mdl_sqrt__aEW =    8.8422894590285753E-002
 mdl_ee =   0.31345100004952897     
 mdl_MW__exp__2 =    6371.9284088904105     
 mdl_sw2 =   0.23369913342182447     
 mdl_cw =   0.87538612427783857     
 mdl_sqrt__sw2 =   0.48342438232036300     
 mdl_sw =   0.48342438232036300     
 mdl_g1 =   0.35807170271074895     
 mdl_gN =   0.64839716719502682     
 mdl_gw =   0.64839716719502682     
 mdl_vev =    246.22056907348590     
 mdl_vev__exp__2 =    60624.568634871241     
 mdl_lam =   0.12886689630821144     
 mdl_yt =   0.98791394091683138     
 mdl_muH =    88.388347648318444     
 mdl_I2a33 =  ( 0.98791394091683138     ,  0.0000000000000000     )
 mdl_I3a33 =  ( 0.98791394091683138     ,  0.0000000000000000     )
 mdl_ee__exp__2 =    9.8251529432049817E-002
 mdl_sw__exp__2 =   0.23369913342182450     
 mdl_cw__exp__2 =   0.76630086657817542     
  Internal Params evaluated point by point
  ----------------------------------------
  
 mdl_sqrt__aS =   0.34409301068170506     
 mdl_G__exp__2 =    1.4878582807401259     
  Couplings of SM_HeavyN_UFO
  ---------------------------------
  
         GC_1 =  -0.00000E+00  -0.10448E+00
         GC_2 =   0.00000E+00   0.20897E+00
         GC_3 =  -0.00000E+00  -0.31345E+00
         GC_4 =   0.00000E+00   0.31345E+00
        GC_26 =   0.00000E+00   0.45849E+00
        GC_27 =  -0.00000E+00  -0.28380E+00
        GC_28 =   0.00000E+00   0.28380E+00
        GC_30 =   0.00000E+00   0.56760E+00
        GC_35 =  -0.00000E+00  -0.28850E-01
        GC_37 =   0.00000E+00   0.17310E+00
        GC_39 =   0.00000E+00  -0.19725E+00
        GC_40 =   0.00000E+00   0.37035E+00
        GC_80 =   0.00000E+00   0.67543E+02
       GC_107 =  -0.00000E+00  -0.74070E+00
       GC_109 =  -0.00000E+00  -0.74070E+00
       GC_111 =  -0.00000E+00  -0.74070E+00
       GC_113 =  -0.00000E+00  -0.74070E+00
       GC_115 =  -0.00000E+00  -0.74070E+00
       GC_117 =  -0.00000E+00  -0.74070E+00
       GC_119 =   0.00000E+00   0.00000E+00
       GC_120 =   0.00000E+00   0.00000E+00
       GC_122 =  -0.00000E+00  -0.00000E+00
       GC_126 =   0.00000E+00   0.00000E+00
       GC_127 =   0.00000E+00   0.00000E+00
       GC_129 =  -0.00000E+00  -0.00000E+00
       GC_133 =   0.00000E+00   0.45849E+00
       GC_134 =   0.00000E+00   0.37035E+00
       GC_136 =  -0.00000E+00  -0.28836E+01
        GC_81 =   0.10200E+02   0.00000E+00
        GC_82 =   0.12200E+02   0.00000E+00
        GC_83 =   0.14200E+02   0.00000E+00

 Collider parameters:
 --------------------

 Running at P P   machine @    13000.000000000000       GeV
 PDF set = nn23lo1
 alpha_s(Mz)= 0.1300 running at 2 loops.
 alpha_s(Mz)= 0.1300 running at 2 loops.
 Renormalization scale set on event-by-event basis
 Factorization   scale set on event-by-event basis


 getting user params
Enter number of events and max and min iterations: 
 Number of events and iterations         1000           5           3
Enter desired fractional accuracy: 
 Desired fractional accuracy:   0.10000000000000001     
Enter 0 for fixed, 2 for adjustable grid: 
Suppress amplitude (0 no, 1 yes)? 
 Using suppressed amplitude.
Exact helicity sum (0 yes, n = number/event)? 
 Explicitly summing over helicities
Enter Configuration Number: 
Running Configuration Number:  104
 Using dconfig=         692
 BW Setting            2           2           1           1           2           2           0
 Attempting mappinvarients           1           9
 Completed mapping           9
 about to integrate           19        1000           5           3          19           1
 Using non-zero grid deformation.
 19 dimensions   1000 events 19 invarients  5 iterations  1 config(s),  (0.99)
 Using h-tuple random number sequence.
 Error opening grid
 Using Uniform Grid!          36
 Using uniform alpha   1.0000000000000000     
 Grid defined OK
 Set CM energy to      13000.00
 Mapping Graph         104  to config         104
Setting grid   1    0.75740E-07   1
Setting grid   2    0.75740E-07   1
 Setting BW          -3           3   79.824359746197842     
 Setting BW          -4           4   710.00000000000000     
Setting grid   5    0.32375E-02   1
Setting grid   6    0.32375E-02   1
 Transforming s_hat 1/s           18   3.2375014532175150E-003   1600.0000000000000        168999999.99999997     
 104   1   2   3   4   5   6   7   8   9  10  11  12  13  14
  15  16  17  18  19
 Masses: 0.000E+00 0.000E+00 0.000E+00 0.000E+00 0.000E+00 0.000E+00 0.000E+00 0.000E+00 0.912E+02
Using random seed offsets   104 :      1
  with seed                   24
 Ranmar initialization seeds       31162        9398
 
 ********************************************
 * You are using the DiscreteSampler module *
 *      part of the MG5_aMC framework       *
 *         Author: Valentin Hirschi         *
 ********************************************
 
  Particle       3       4       5       6       7       8       9
      Et >    10.0    10.0    10.0    10.0     0.0     0.0     0.0
       E >     0.0     0.0     0.0     0.0     0.0     0.0     0.0
     Eta <     2.5     2.5     2.5     2.5    -1.0    -1.0    -1.0
   xqcut:      0.0     0.0     0.0     0.0     0.0     0.0     0.0
d R # 3  >    -0.0     0.4     0.4     0.4     0.0     0.0     0.0
d R # 4  >    -0.0    -0.0     0.4     0.4     0.0     0.0     0.0
d R # 5  >    -0.0    -0.0    -0.0     0.4     0.0     0.0     0.0
d R # 6  >    -0.0    -0.0    -0.0    -0.0     0.0     0.0     0.0
d R # 7  >    -0.0    -0.0    -0.0    -0.0    -0.0     0.0     0.0
d R # 8  >    -0.0    -0.0    -0.0    -0.0    -0.0    -0.0     0.0
s min # 3>     0.0     0.0     0.0     0.0     0.0     0.0     0.0
s min # 4>     0.0     0.0     0.0     0.0     0.0     0.0     0.0
s min # 5>     0.0     0.0     0.0     0.0     0.0     0.0     0.0
s min # 6>     0.0     0.0     0.0     0.0     0.0     0.0     0.0
s min # 7>     0.0     0.0     0.0     0.0     0.0     0.0     0.0
s min # 8>     0.0     0.0     0.0     0.0     0.0     0.0     0.0
xqcutij # 3>     0.0     0.0     0.0     0.0     0.0     0.0     0.0
xqcutij # 4>     0.0     0.0     0.0     0.0     0.0     0.0     0.0
xqcutij # 5>     0.0     0.0     0.0     0.0     0.0     0.0     0.0
xqcutij # 6>     0.0     0.0     0.0     0.0     0.0     0.0     0.0
xqcutij # 7>     0.0     0.0     0.0     0.0     0.0     0.0     0.0
xqcutij # 8>     0.0     0.0     0.0     0.0     0.0     0.0     0.0
 Excluding BW           -1           1
 Excluding BW           -2           2
 Requiring BW           -3           3
 Requiring BW           -4           4
 Excluding BW           -5           5
 Excluding BW           -6           6
 alpha_s for scale    1693.5924914504633       is    8.7650270962195950E-002
 Added good helicity            1   1.2773539057011680       in event            1 local:           1
 Added good helicity           25  0.23774306926507022       in event            1 local:           1
 Added good helicity           37   4.0904670333888915E-008  in event            1 local:           1
 Added good helicity           41  0.59958949177156717       in event            1 local:           1
 Added good helicity          193   154.65266402634671       in event            1 local:           1
 Added good helicity          213   2.2481669600653934E-006  in event            1 local:           1
 Added good helicity          217   28.363407766980078       in event            1 local:           1
 Added good helicity          229   2.8363790450012263E-006  in event            1 local:           1
 Added good helicity          233   70.869236537172441       in event            1 local:           1
 Added good helicity          253   7.0236113072306154E-008  in event            1 local:           1
 Added good helicity            1   1.2773539057011614       in event            1 local:           1
 Added good helicity           25  0.23774306926506902       in event            1 local:           1
 Added good helicity           37   4.0904670333885223E-008  in event            1 local:           1
 Added good helicity           41  0.59958949177157927       in event            1 local:           1
 Added good helicity          193   154.65266402634558       in event            1 local:           1
 Added good helicity          213   2.2481669600651910E-006  in event            1 local:           1
 Added good helicity          217   28.363407766979975       in event            1 local:           1
 Added good helicity          229   2.8363790450008633E-006  in event            1 local:           1
 Added good helicity          233   70.869236537173649       in event            1 local:           1
 Added good helicity          253   7.0236113072310959E-008  in event            1 local:           1
 Added good helicity           21   4.0551439559510517E-004  in event            4 local:           2
 Added good helicity           61   1.6867701036051041E-005  in event            4 local:           2
 Added good helicity           21   4.0551439559510674E-004  in event            4 local:           2
 Added good helicity           61   1.6867701036052389E-005  in event            4 local:           2
 RESET CUMULATIVE VARIABLE
 RESET CUMULATIVE VARIABLE
 RESET CUMULATIVE VARIABLE
 Iteration  1   Mean: 0.3451E-15 Abs mean: 0.3451E-15   Fluctuation:  0.123E-15   0.100E-12     0.7%
  1    0.3451E-15 0.3451E-15 +- 0.1233E-15     11.30
 Writing out events   1.0115865270269883E-017   11.296090403448254     
 Relative summed weights:
  0.0000E+00  0.0000E+00  0.0000E+00  0.1569E-08  0.0000E+00  0.0000E+00
  0.1841E-01  0.4346E-01  0.7632E-03  0.1334E-01  0.2114E-04  0.9601E-05
  0.4504E-02  0.8919E-02  0.7992E-01  0.1900E-02  0.0000E+00  0.0000E+00
  0.0000E+00  0.0000E+00  0.0000E+00  0.0000E+00  0.0000E+00  0.0000E+00
  0.0000E+00  0.0000E+00  0.0000E+00  0.0000E+00  0.0000E+00  0.0000E+00
  0.1861E-01  0.4392E-02  0.2417E-02  0.1386E-02  0.1812E-05  0.1398E-03
  0.3386E-01  0.1318E-04  0.3400E-03  0.6460E-02  0.0000E+00  0.0000E+00
  0.0000E+00  0.0000E+00  0.0000E+00  0.0000E+00  0.0000E+00  0.0000E+00
  0.0000E+00  0.0000E+00  0.0000E+00  0.0000E+00  0.0000E+00  0.0000E+00
  0.1918E+00  0.2708E-01  0.3820E+00  0.6029E-03  0.0000E+00  0.2561E-08
  0.1929E-02  0.2287E-02  0.2554E-02  0.1237E-01  0.0000E+00  0.0000E+00
  0.0000E+00  0.0000E+00  0.0000E+00  0.0000E+00  0.0000E+00  0.0000E+00
  0.0000E+00  0.0000E+00  0.0000E+00  0.0000E+00  0.0000E+00  0.0000E+00
  0.2307E-02  0.1854E-01  0.4749E-01  0.3563E-01  0.9107E-05  0.0000E+00
  0.3348E-03  0.3610E-01  0.3175E-04  0.4064E-04  0.0000E+00  0.0000E+00
  0.0000E+00  0.0000E+00  0.0000E+00  0.0000E+00  0.0000E+00  0.0000E+00
 Relative number of events:
  0.0000E+00  0.0000E+00  0.0000E+00  0.9911E-03  0.0000E+00  0.0000E+00
  0.4658E-01  0.5055E-01  0.3766E-01  0.4361E-01  0.1982E-02  0.9911E-03
  0.1288E-01  0.1982E-01  0.1189E-01  0.8920E-02  0.0000E+00  0.0000E+00
  0.0000E+00  0.0000E+00  0.0000E+00  0.0000E+00  0.0000E+00  0.0000E+00
  0.0000E+00  0.0000E+00  0.0000E+00  0.0000E+00  0.0000E+00  0.0000E+00
  0.4757E-01  0.4757E-01  0.5055E-01  0.4955E-01  0.1982E-02  0.2973E-02
  0.2478E-01  0.1487E-01  0.1388E-01  0.1883E-01  0.0000E+00  0.0000E+00
  0.0000E+00  0.0000E+00  0.0000E+00  0.0000E+00  0.0000E+00  0.0000E+00
  0.0000E+00  0.0000E+00  0.0000E+00  0.0000E+00  0.0000E+00  0.0000E+00
  0.5253E-01  0.4955E-01  0.4559E-01  0.4460E-01  0.0000E+00  0.1982E-02
  0.1982E-01  0.1388E-01  0.8920E-02  0.1388E-01  0.0000E+00  0.0000E+00
  0.0000E+00  0.0000E+00  0.0000E+00  0.0000E+00  0.0000E+00  0.0000E+00
  0.0000E+00  0.0000E+00  0.0000E+00  0.0000E+00  0.0000E+00  0.0000E+00
  0.4955E-01  0.5451E-01  0.4658E-01  0.3667E-01  0.9911E-03  0.0000E+00
  0.2478E-01  0.1189E-01  0.5946E-02  0.9911E-02  0.0000E+00  0.0000E+00
  0.0000E+00  0.0000E+00  0.0000E+00  0.0000E+00  0.0000E+00  0.0000E+00
 Events:
           0           0           0           1           0           0
          47          51          38          44           2           1
          13          20          12           9           0           0
           0           0           0           0           0           0
           0           0           0           0           0           0
          48          48          51          50           2           3
          25          15          14          19           0           0
           0           0           0           0           0           0
           0           0           0           0           0           0
          53          50          46          45           0           2
          20          14           9          14           0           0
           0           0           0           0           0           0
           0           0           0           0           0           0
          50          55          47          37           1           0
          25          12           6          10           0           0
           0           0           0           0           0           0
 Iteration  2   Mean: 0.3721E-15 Abs mean: 0.3721E-15   Fluctuation:  0.150E-15   0.259E-12     7.0%
  2    0.3721E-15 0.3721E-15 +- 0.1497E-15     18.00
 Relative summed weights:
  0.0000E+00  0.0000E+00  0.0000E+00  0.0000E+00  0.0000E+00  0.0000E+00
  0.2195E-01  0.1690E-01  0.2281E-02  0.6366E-01  0.0000E+00  0.1721E-05
  0.5519E-02  0.8420E-01  0.9391E-03  0.1686E-02  0.0000E+00  0.0000E+00
  0.0000E+00  0.0000E+00  0.0000E+00  0.0000E+00  0.0000E+00  0.0000E+00
  0.0000E+00  0.0000E+00  0.0000E+00  0.0000E+00  0.0000E+00  0.0000E+00
  0.6598E-02  0.3528E+00  0.1609E-01  0.2733E-01  0.2415E-09  0.1202E-04
  0.7887E-02  0.1148E-01  0.1198E-02  0.1179E-01  0.1006E-04  0.0000E+00
  0.0000E+00  0.0000E+00  0.0000E+00  0.0000E+00  0.0000E+00  0.0000E+00
  0.0000E+00  0.0000E+00  0.0000E+00  0.0000E+00  0.0000E+00  0.0000E+00
  0.2122E-01  0.5545E-01  0.1081E-01  0.8031E-02  0.3083E-09  0.1818E-02
  0.5234E-02  0.3829E-03  0.1733E+00  0.2554E-02  0.2817E-05  0.2433E-04
  0.0000E+00  0.0000E+00  0.0000E+00  0.0000E+00  0.0000E+00  0.0000E+00
  0.0000E+00  0.0000E+00  0.0000E+00  0.0000E+00  0.0000E+00  0.0000E+00
  0.3852E-01  0.4636E-02  0.2338E-02  0.2090E-01  0.1851E-03  0.6316E-11
  0.3538E-02  0.1786E-01  0.3383E-03  0.4968E-03  0.0000E+00  0.7820E-07
  0.0000E+00  0.0000E+00  0.0000E+00  0.0000E+00  0.0000E+00  0.0000E+00
 Relative number of events:
  0.0000E+00  0.0000E+00  0.0000E+00  0.0000E+00  0.0000E+00  0.0000E+00
  0.4200E-01  0.4800E-01  0.5100E-01  0.4900E-01  0.0000E+00  0.5000E-03
  0.1850E-01  0.1700E-01  0.6500E-02  0.1100E-01  0.0000E+00  0.0000E+00
  0.0000E+00  0.0000E+00  0.0000E+00  0.0000E+00  0.0000E+00  0.0000E+00
  0.0000E+00  0.0000E+00  0.0000E+00  0.0000E+00  0.0000E+00  0.0000E+00
  0.5650E-01  0.5400E-01  0.4300E-01  0.5650E-01  0.5000E-03  0.5000E-03
  0.2100E-01  0.1700E-01  0.1050E-01  0.1150E-01  0.5000E-03  0.0000E+00
  0.0000E+00  0.0000E+00  0.0000E+00  0.0000E+00  0.0000E+00  0.0000E+00
  0.0000E+00  0.0000E+00  0.0000E+00  0.0000E+00  0.0000E+00  0.0000E+00
  0.5250E-01  0.5550E-01  0.5250E-01  0.5100E-01  0.5000E-03  0.2000E-02
  0.1550E-01  0.1200E-01  0.9000E-02  0.9500E-02  0.5000E-03  0.5000E-03
  0.0000E+00  0.0000E+00  0.0000E+00  0.0000E+00  0.0000E+00  0.0000E+00
  0.0000E+00  0.0000E+00  0.0000E+00  0.0000E+00  0.0000E+00  0.0000E+00
  0.3850E-01  0.4600E-01  0.4450E-01  0.4600E-01  0.1500E-02  0.5000E-03
  0.1350E-01  0.1650E-01  0.9000E-02  0.7500E-02  0.0000E+00  0.5000E-03
  0.0000E+00  0.0000E+00  0.0000E+00  0.0000E+00  0.0000E+00  0.0000E+00
 Events:
           0           0           0           0           0           0
          84          96         102          98           0           1
          37          34          13          22           0           0
           0           0           0           0           0           0
           0           0           0           0           0           0
         113         108          86         113           1           1
          42          34          21          23           1           0
           0           0           0           0           0           0
           0           0           0           0           0           0
         105         111         105         102           1           4
          31          24          18          19           1           1
           0           0           0           0           0           0
           0           0           0           0           0           0
          77          92          89          92           3           1
          27          33          18          15           0           1
           0           0           0           0           0           0
 Iteration  3   Mean: 0.2081E-15 Abs mean: 0.2081E-15   Fluctuation:  0.291E-16   0.502E-13    10.9%
  3    0.2081E-15 0.2081E-15 +- 0.2913E-16      8.86
 Relative summed weights:
  0.0000E+00  0.0000E+00  0.3261E-05  0.0000E+00  0.0000E+00  0.0000E+00
  0.1751E-01  0.1313E-01  0.1616E-01  0.1651E-01  0.3350E-05  0.1355E-05
  0.1706E-01  0.4125E-01  0.3710E-01  0.1470E-01  0.1071E-06  0.0000E+00
  0.0000E+00  0.0000E+00  0.0000E+00  0.0000E+00  0.0000E+00  0.0000E+00
  0.0000E+00  0.0000E+00  0.0000E+00  0.0000E+00  0.0000E+00  0.0000E+00
  0.2054E-01  0.7298E-01  0.1722E-01  0.8358E-02  0.8003E-04  0.5827E-07
  0.5049E-01  0.1954E-01  0.8351E-02  0.5474E-01  0.3853E-05  0.3927E-05
  0.0000E+00  0.0000E+00  0.0000E+00  0.0000E+00  0.0000E+00  0.0000E+00
  0.0000E+00  0.1221E-04  0.0000E+00  0.0000E+00  0.0000E+00  0.0000E+00
  0.2366E-01  0.2913E-01  0.8928E-01  0.1666E-01  0.1961E-02  0.1669E-02
  0.4541E-01  0.4716E-01  0.5904E-01  0.2813E-01  0.2487E-05  0.2826E-04
  0.0000E+00  0.0000E+00  0.0000E+00  0.0000E+00  0.0000E+00  0.0000E+00
  0.0000E+00  0.0000E+00  0.1600E-05  0.0000E+00  0.0000E+00  0.0000E+00
  0.3470E-01  0.1738E-01  0.1620E-01  0.5395E-01  0.3636E-04  0.4175E-04
  0.4384E-01  0.9179E-02  0.1009E-01  0.4669E-01  0.1215E-04  0.0000E+00
  0.0000E+00  0.0000E+00  0.0000E+00  0.0000E+00  0.0000E+00  0.0000E+00
 Relative number of events:
  0.0000E+00  0.0000E+00  0.2500E-03  0.0000E+00  0.0000E+00  0.0000E+00
  0.4725E-01  0.5300E-01  0.4225E-01  0.4125E-01  0.1000E-02  0.7500E-03
  0.1575E-01  0.1625E-01  0.1200E-01  0.9500E-02  0.2500E-03  0.0000E+00
  0.0000E+00  0.0000E+00  0.0000E+00  0.0000E+00  0.0000E+00  0.0000E+00
  0.0000E+00  0.0000E+00  0.0000E+00  0.0000E+00  0.0000E+00  0.0000E+00
  0.4750E-01  0.4925E-01  0.4275E-01  0.4625E-01  0.1500E-02  0.2500E-03
  0.1675E-01  0.1775E-01  0.1150E-01  0.1175E-01  0.2500E-03  0.2500E-03
  0.0000E+00  0.0000E+00  0.0000E+00  0.0000E+00  0.0000E+00  0.0000E+00
  0.0000E+00  0.5000E-03  0.0000E+00  0.0000E+00  0.0000E+00  0.0000E+00
  0.4600E-01  0.5325E-01  0.5575E-01  0.4350E-01  0.7500E-03  0.7500E-03
  0.1875E-01  0.1825E-01  0.1150E-01  0.1400E-01  0.2500E-03  0.5000E-03
  0.0000E+00  0.0000E+00  0.0000E+00  0.0000E+00  0.0000E+00  0.0000E+00
  0.0000E+00  0.0000E+00  0.2500E-03  0.0000E+00  0.0000E+00  0.0000E+00
  0.4350E-01  0.5075E-01  0.4675E-01  0.5000E-01  0.1250E-02  0.5000E-03
  0.1900E-01  0.1725E-01  0.1150E-01  0.1000E-01  0.2500E-03  0.0000E+00
  0.0000E+00  0.0000E+00  0.0000E+00  0.0000E+00  0.0000E+00  0.0000E+00
 Events:
           0           0           1           0           0           0
         189         212         169         165           4           3
          63          65          48          38           1           0
           0           0           0           0           0           0
           0           0           0           0           0           0
         190         197         171         185           6           1
          67          71          46          47           1           1
           0           0           0           0           0           0
           0           2           0           0           0           0
         184         213         223         174           3           3
          75          73          46          56           1           2
           0           0           0           0           0           0
           0           0           1           0           0           0
         174         203         187         200           5           2
          76          69          46          40           1           0
           0           0           0           0           0           0
 Accuracy:    0.181   0.100   0.124   2.135
 Found          393  events.
 Wrote           20  events.
 Actual xsec    2.4016035900948300E-016
 Correct abs xsec    2.4016035900948300E-016
 Event xsec    2.4016035900948310E-016
 Events wgts > 1:            2
 % Cross section > 1:    2.2616580158844999E-019   9.4172827906007367E-002
 Iteration  4   Mean: 0.2232E-15 Abs mean: 0.2232E-15   Fluctuation:  0.234E-16   0.928E-13    10.9%
  4    0.2232E-15 0.2232E-15 +- 0.2339E-16      9.37
 Relative summed weights:
  0.0000E+00  0.0000E+00  0.2061E-04  0.2113E-04  0.0000E+00  0.0000E+00
  0.2616E-01  0.2544E-01  0.3403E-01  0.2539E-01  0.6281E-04  0.4242E-04
  0.3399E-01  0.2378E-01  0.4031E-02  0.2627E-01  0.0000E+00  0.0000E+00
  0.0000E+00  0.0000E+00  0.1609E-04  0.7383E-05  0.0000E+00  0.0000E+00
  0.0000E+00  0.1902E-06  0.3432E-06  0.0000E+00  0.0000E+00  0.0000E+00
  0.1944E-01  0.2509E-01  0.2208E-01  0.2399E-01  0.1422E-01  0.2195E-03
  0.8503E-01  0.8722E-02  0.5379E-01  0.1686E-01  0.3045E-01  0.1025E-08
  0.0000E+00  0.0000E+00  0.0000E+00  0.0000E+00  0.0000E+00  0.0000E+00
  0.1177E-03  0.1580E-04  0.0000E+00  0.0000E+00  0.0000E+00  0.0000E+00
  0.4135E-01  0.2814E-01  0.1911E-01  0.1850E-01  0.9373E-04  0.9293E-04
  0.1967E-01  0.6895E-01  0.7603E-01  0.2986E-01  0.1950E-04  0.7133E-05
  0.0000E+00  0.0000E+00  0.0000E+00  0.0000E+00  0.0000E+00  0.0000E+00
  0.0000E+00  0.1504E-03  0.0000E+00  0.0000E+00  0.0000E+00  0.0000E+00
  0.2888E-01  0.5029E-01  0.2564E-01  0.2243E-01  0.1401E-04  0.1133E-04
  0.2751E-01  0.1031E-01  0.2071E-01  0.1287E-01  0.8469E-04  0.0000E+00
  0.0000E+00  0.0000E+00  0.0000E+00  0.0000E+00  0.0000E+00  0.0000E+00
 Relative number of events:
  0.0000E+00  0.0000E+00  0.1250E-03  0.1250E-03  0.0000E+00  0.0000E+00
  0.5050E-01  0.4800E-01  0.4700E-01  0.4662E-01  0.3750E-03  0.1250E-03
  0.1862E-01  0.1787E-01  0.9000E-02  0.8625E-02  0.0000E+00  0.0000E+00
  0.0000E+00  0.0000E+00  0.1250E-03  0.1250E-03  0.0000E+00  0.0000E+00
  0.0000E+00  0.1250E-03  0.2500E-03  0.0000E+00  0.0000E+00  0.0000E+00
  0.4913E-01  0.4888E-01  0.4700E-01  0.4387E-01  0.6250E-03  0.1000E-02
  0.1812E-01  0.1562E-01  0.1050E-01  0.1087E-01  0.1250E-03  0.1250E-03
  0.0000E+00  0.0000E+00  0.0000E+00  0.0000E+00  0.0000E+00  0.0000E+00
  0.1250E-03  0.1250E-03  0.0000E+00  0.0000E+00  0.0000E+00  0.0000E+00
  0.4888E-01  0.5150E-01  0.4788E-01  0.4412E-01  0.5000E-03  0.6250E-03
  0.1675E-01  0.2125E-01  0.9875E-02  0.1100E-01  0.2500E-03  0.1250E-03
  0.0000E+00  0.0000E+00  0.0000E+00  0.0000E+00  0.0000E+00  0.0000E+00
  0.0000E+00  0.1250E-03  0.0000E+00  0.0000E+00  0.0000E+00  0.0000E+00
  0.4950E-01  0.5450E-01  0.5000E-01  0.4312E-01  0.6250E-03  0.7500E-03
  0.1550E-01  0.1862E-01  0.1125E-01  0.9250E-02  0.2500E-03  0.0000E+00
  0.0000E+00  0.0000E+00  0.0000E+00  0.0000E+00  0.0000E+00  0.0000E+00
 Events:
           0           0           1           1           0           0
         404         384         376         373           3           1
         149         143          72          69           0           0
           0           0           1           1           0           0
           0           1           2           0           0           0
         393         391         376         351           5           8
         145         125          84          87           1           1
           0           0           0           0           0           0
           1           1           0           0           0           0
         391         412         383         353           4           5
         134         170          79          88           2           1
           0           0           0           0           0           0
           0           1           0           0           0           0
         396         436         400         345           5           6
         124         149          90          74           2           0
           0           0           0           0           0           0
 Accuracy:    0.102   0.100   0.080   1.616
 Found         1375  events.
 Wrote           22  events.
 Actual xsec    2.2422748005869550E-016
 Correct abs xsec    2.2422748005869550E-016
 Event xsec    2.2422748005869560E-016
 Events wgts > 1:            1
 % Cross section > 1:    8.5441586582394800E-025   3.8104868573659624E-007
 Iteration  5   Mean: 0.2035E-15 Abs mean: 0.2035E-15   Fluctuation:  0.964E-17   0.461E-13    11.8%
  5    0.2035E-15 0.2035E-15 +- 0.9638E-17      5.99
 Relative summed weights:
  0.5366E-03  0.1291E-06  0.1652E-03  0.2975E-03  0.0000E+00  0.0000E+00
  0.2840E-01  0.3450E-01  0.2386E-01  0.2828E-01  0.4303E-03  0.1340E-02
  0.3722E-01  0.5462E-01  0.2768E-01  0.2786E-01  0.1218E-02  0.1533E-02
  0.0000E+00  0.0000E+00  0.4332E-04  0.0000E+00  0.0000E+00  0.0000E+00
  0.0000E+00  0.6811E-09  0.5062E-03  0.1507E-04  0.0000E+00  0.0000E+00
  0.2566E-01  0.3793E-01  0.2848E-01  0.3366E-01  0.1980E-02  0.6850E-04
  0.3659E-01  0.2075E-01  0.2086E-01  0.2850E-01  0.0000E+00  0.2004E-05
  0.0000E+00  0.2567E-05  0.0000E+00  0.0000E+00  0.0000E+00  0.0000E+00
  0.1949E-04  0.4158E-04  0.1414E-04  0.0000E+00  0.0000E+00  0.0000E+00
  0.4727E-01  0.4389E-01  0.2441E-01  0.2068E-01  0.1948E-03  0.6782E-05
  0.4779E-01  0.3276E-01  0.1331E-01  0.1957E-01  0.3268E-04  0.6441E-04
  0.0000E+00  0.0000E+00  0.0000E+00  0.0000E+00  0.0000E+00  0.0000E+00
  0.1809E-04  0.0000E+00  0.0000E+00  0.7712E-06  0.0000E+00  0.0000E+00
  0.3331E-01  0.3100E-01  0.2847E-01  0.3090E-01  0.5206E-03  0.5316E-03
  0.3754E-01  0.3682E-01  0.2413E-01  0.2010E-01  0.1266E-02  0.9887E-05
  0.2342E-02  0.5135E-05  0.0000E+00  0.0000E+00  0.0000E+00  0.0000E+00
 Relative number of events:
  0.1875E-03  0.6250E-04  0.1875E-03  0.6250E-04  0.0000E+00  0.0000E+00
  0.5150E-01  0.4944E-01  0.4406E-01  0.4481E-01  0.6875E-03  0.7500E-03
  0.1837E-01  0.1656E-01  0.1081E-01  0.8875E-02  0.6250E-04  0.6250E-04
  0.0000E+00  0.0000E+00  0.6250E-04  0.0000E+00  0.0000E+00  0.0000E+00
  0.0000E+00  0.6250E-04  0.6250E-04  0.1250E-03  0.0000E+00  0.0000E+00
  0.5000E-01  0.5044E-01  0.4813E-01  0.4688E-01  0.5625E-03  0.3750E-03
  0.1650E-01  0.1906E-01  0.1019E-01  0.9125E-02  0.0000E+00  0.1250E-03
  0.0000E+00  0.6250E-04  0.0000E+00  0.0000E+00  0.0000E+00  0.0000E+00
  0.6250E-04  0.1875E-03  0.6250E-04  0.0000E+00  0.0000E+00  0.0000E+00
  0.5063E-01  0.5031E-01  0.4462E-01  0.4725E-01  0.7500E-03  0.5625E-03
  0.1794E-01  0.1663E-01  0.8188E-02  0.1119E-01  0.6250E-04  0.1250E-03
  0.0000E+00  0.0000E+00  0.0000E+00  0.0000E+00  0.0000E+00  0.0000E+00
  0.6250E-04  0.0000E+00  0.0000E+00  0.6250E-04  0.0000E+00  0.0000E+00
  0.5013E-01  0.4825E-01  0.4794E-01  0.4475E-01  0.1250E-02  0.1063E-02
  0.1919E-01  0.1969E-01  0.1081E-01  0.9562E-02  0.1875E-03  0.1250E-03
  0.6250E-04  0.6250E-04  0.0000E+00  0.0000E+00  0.0000E+00  0.0000E+00
 Events:
           3           1           3           1           0           0
         824         791         705         717          11          12
         294         265         173         142           1           1
           0           0           1           0           0           0
           0           1           1           2           0           0
         800         807         770         750           9           6
         264         305         163         146           0           2
           0           1           0           0           0           0
           1           3           1           0           0           0
         810         805         714         756          12           9
         287         266         131         179           1           2
           0           0           0           0           0           0
           1           0           0           1           0           0
         802         772         767         716          20          17
         307         315         173         153           3           2
           1           1           0           0           0           0
 Accuracy:    0.056   0.100   0.041   1.920
 Finished due to accuracy    5.6484544114759089E-002  0.10000000000000001     

 -------------------------------------------------------------------------------
 Accumulated results:   Integral =  0.2104E-15
                        Std dev  =  0.8578E-17
                       Cross sec =  0.2104E-15
             Chi**2 per DoF.     =      1.9204
 -------------------------------------------------------------------------------
 Found         3269  events.
 Wrote          100  events.
 Actual xsec    2.0695276712904330E-016
 Correct abs xsec    2.0695276712904330E-016
 Event xsec    2.0695276712904310E-016
 Events wgts > 1:            4
 % Cross section > 1:    1.0074868234817148E-018  0.48681969198000991     
-------------------------------------------------
---------------------------
 Results Last   3 iters: Integral =   0.2070E-15
                     Abs integral =   0.2070E-15
                          Std dev =   0.8535E-17
                  Chi**2 per DoF. =      0.3077
-------------------------------------------------
---------------------------
 Status  0.10000000000000001                6           5

ls status:
events.lhe
ftn26
input_app.txt
results.dat
run1_app.log
