 Process in group number            1
 A PDF is used, so alpha_s(MZ) is going to be modified
 Old value of alpha_s from param_card:   0.11839999999999999     
  ****************************************
 
       NNPDFDriver version 1.0.3
   Grid: NNPDF23_lo_as_0130_qed_mem0.grid
  ****************************************
 New value of alpha_s from PDF nn23lo1:  0.13000000000000000     
 Define smin to   1600.0000000000000     
 Define smin to   1600.0000000000000     
 Define smin to   1600.0000000000000     
 *****************************************************
 *               MadGraph/MadEvent                   *
 *        --------------------------------           *
 *          http://madgraph.hep.uiuc.edu             *
 *          http://madgraph.phys.ucl.ac.be           *
 *          http://madgraph.roma2.infn.it            *
 *        --------------------------------           *
 *                                                   *
 *          PARAMETER AND COUPLING VALUES            *
 *                                                   *
 *****************************************************

  External Params
  ---------------------------------
  
 mdl_VeN1 =    1.0000000000000000     
 mdl_VeN2 =    0.0000000000000000     
 mdl_VeN3 =    0.0000000000000000     
 mdl_VmuN1 =    0.0000000000000000     
 mdl_VmuN2 =    1.0000000000000000     
 mdl_VmuN3 =    0.0000000000000000     
 mdl_VtaN1 =    0.0000000000000000     
 mdl_VtaN2 =    0.0000000000000000     
 mdl_VtaN3 =    1.0000000000000000     
 mdl_VN1N1 =    1.0000000000000000     
 mdl_VN1N2 =    1.0000000000000000     
 mdl_VN1N3 =    1.0000000000000000     
 mdl_VN2N2 =    1.0000000000000000     
 mdl_VN2N3 =    1.0000000000000000     
 mdl_VN3N3 =    1.0000000000000000     
 aEWM1 =    127.90000000000001     
 mdl_Gf =    1.1663700000000000E-005
 aS =   0.11839999999999999     
 mdl_ymt =    172.00000000000000     
 mdl_vevf =    50.000000000000000     
 mdl_MZ =    91.187600000000003     
 mdl_MT =    172.00000000000000     
 mdl_MH =    125.00000000000000     
 mdl_mN1 =    1644.0000000000000     
 mdl_mN2 =    1744.0000000000000     
 mdl_mN3 =    1844.0000000000000     
 mdl_MJ =    91.187600000000003     
 mdl_MAx =    173.04800000000000     
 mdl_WZ =    2.4952000000000001     
 mdl_WW =    2.0850000000000000     
 mdl_WT =    1.5083359999999999     
 mdl_WH =    4.0699999999999998E-003
 mdl_WN1 =   0.30299999999999999     
 mdl_WN2 =    1.5000000000000000     
 mdl_WN3 =    12.300000000000001     
 mdl_WJ =    2.4952000000000001     
 mdl_WAx =    4.1700000000000001E-003
  Internal Params
  ---------------------------------
  
 mdl_vevf__exp__2 =    2500.0000000000000     
 mdl_sqrt__vevf__exp__2 =    50.000000000000000     
 mdl_muJ =    50.000000000000000     
 mdl_MZ__exp__2 =    8315.1783937600012     
 mdl_MZ__exp__4 =    69142191.720053151     
 mdl_sqrt__2 =    1.4142135623730951     
 mdl_MJ__exp__2 =    8315.1783937600012     
 mdl_muJ__exp__2 =    2500.0000000000000     
 mdl_lamJ =    4.3260713575040004     
 mdl_MH__exp__2 =    15625.000000000000     
 mdl_complexi =  (  0.0000000000000000     ,  1.0000000000000000     )
 mdl_aEW =    7.8186082877247844E-003
 mdl_MW =    79.824359746197842     
 mdl_sqrt__aEW =    8.8422894590285753E-002
 mdl_ee =   0.31345100004952897     
 mdl_MW__exp__2 =    6371.9284088904105     
 mdl_sw2 =   0.23369913342182447     
 mdl_cw =   0.87538612427783857     
 mdl_sqrt__sw2 =   0.48342438232036300     
 mdl_sw =   0.48342438232036300     
 mdl_g1 =   0.35807170271074895     
 mdl_gN =   0.64839716719502682     
 mdl_gw =   0.64839716719502682     
 mdl_vev =    246.22056907348590     
 mdl_vev__exp__2 =    60624.568634871241     
 mdl_lam =   0.12886689630821144     
 mdl_yt =   0.98791394091683138     
 mdl_muH =    88.388347648318444     
 mdl_I2a33 =  ( 0.98791394091683138     ,  0.0000000000000000     )
 mdl_I3a33 =  ( 0.98791394091683138     ,  0.0000000000000000     )
 mdl_ee__exp__2 =    9.8251529432049817E-002
 mdl_sw__exp__2 =   0.23369913342182450     
 mdl_cw__exp__2 =   0.76630086657817542     
  Internal Params evaluated point by point
  ----------------------------------------
  
 mdl_sqrt__aS =   0.34409301068170506     
 mdl_G__exp__2 =    1.4878582807401259     
  Couplings of SM_HeavyN_UFO
  ---------------------------------
  
         GC_1 =  -0.00000E+00  -0.10448E+00
         GC_2 =   0.00000E+00   0.20897E+00
         GC_3 =  -0.00000E+00  -0.31345E+00
         GC_4 =   0.00000E+00   0.31345E+00
        GC_26 =   0.00000E+00   0.45849E+00
        GC_27 =  -0.00000E+00  -0.28380E+00
        GC_28 =   0.00000E+00   0.28380E+00
        GC_30 =   0.00000E+00   0.56760E+00
        GC_35 =  -0.00000E+00  -0.28850E-01
        GC_37 =   0.00000E+00   0.17310E+00
        GC_39 =   0.00000E+00  -0.19725E+00
        GC_40 =   0.00000E+00   0.37035E+00
        GC_80 =   0.00000E+00   0.67543E+02
       GC_107 =  -0.00000E+00  -0.74070E+00
       GC_109 =  -0.00000E+00  -0.74070E+00
       GC_111 =  -0.00000E+00  -0.74070E+00
       GC_113 =  -0.00000E+00  -0.74070E+00
       GC_115 =  -0.00000E+00  -0.74070E+00
       GC_117 =  -0.00000E+00  -0.74070E+00
       GC_119 =   0.00000E+00   0.00000E+00
       GC_120 =   0.00000E+00   0.00000E+00
       GC_122 =  -0.00000E+00  -0.00000E+00
       GC_126 =   0.00000E+00   0.00000E+00
       GC_127 =   0.00000E+00   0.00000E+00
       GC_129 =  -0.00000E+00  -0.00000E+00
       GC_133 =   0.00000E+00   0.45849E+00
       GC_134 =   0.00000E+00   0.37035E+00
       GC_136 =  -0.00000E+00  -0.74892E+01
        GC_81 =   0.32880E+02   0.00000E+00
        GC_82 =   0.34880E+02   0.00000E+00
        GC_83 =   0.36880E+02   0.00000E+00

 Collider parameters:
 --------------------

 Running at P P   machine @    13000.000000000000       GeV
 PDF set = nn23lo1
 alpha_s(Mz)= 0.1300 running at 2 loops.
 alpha_s(Mz)= 0.1300 running at 2 loops.
 Renormalization scale set on event-by-event basis
 Factorization   scale set on event-by-event basis


 getting user params
Enter number of events and max and min iterations: 
 Number of events and iterations         1000           5           3
Enter desired fractional accuracy: 
 Desired fractional accuracy:   0.10000000000000001     
Enter 0 for fixed, 2 for adjustable grid: 
Suppress amplitude (0 no, 1 yes)? 
 Using suppressed amplitude.
Exact helicity sum (0 yes, n = number/event)? 
 Explicitly summing over helicities
Enter Configuration Number: 
Running Configuration Number:  392
 Using dconfig=         689
 BW Setting            2           1           1           1           2           2           0
 Attempting mappinvarients           1           9
 Completed mapping           9
 about to integrate           19        1000           5           3          19           1
 Using non-zero grid deformation.
 19 dimensions   1000 events 19 invarients  5 iterations  1 config(s),  (0.99)
 Using h-tuple random number sequence.
 Error opening grid
 Using Uniform Grid!          36
 Using uniform alpha   1.0000000000000000     
 Grid defined OK
 Set CM energy to      13000.00
 Mapping Graph         392  to config         392
Setting grid   1    0.59172E-08   1
 Setting BW          -2           2   1844.0000000000000     
 Setting BW          -3           3   1844.0000000000000     
 Setting BW          -4           4   91.187600000000003     
Setting grid   5    0.36660E-04   1
Setting grid   6    0.22555E-01   1
 Transforming s_hat 1/s           18   2.2555400213968287E-002   1600.0000000000000        168999999.99999997     
 392   1   2   3   4   5   6   7   8   9  10  11  12  13  14
  15  16  17  18  19
 Masses: 0.000E+00 0.000E+00 0.000E+00 0.000E+00 0.000E+00 0.000E+00 0.000E+00 0.000E+00 0.912E+02
Using random seed offsets   392 :      1
  with seed                   24
 Ranmar initialization seeds         122        9398
 
 ********************************************
 * You are using the DiscreteSampler module *
 *      part of the MG5_aMC framework       *
 *         Author: Valentin Hirschi         *
 ********************************************
 
  Particle       3       4       5       6       7       8       9
      Et >    10.0    10.0    10.0    10.0     0.0     0.0     0.0
       E >     0.0     0.0     0.0     0.0     0.0     0.0     0.0
     Eta <     2.5     2.5     2.5     2.5    -1.0    -1.0    -1.0
   xqcut:      0.0     0.0     0.0     0.0     0.0     0.0     0.0
d R # 3  >    -0.0     0.4     0.4     0.4     0.0     0.0     0.0
d R # 4  >    -0.0    -0.0     0.4     0.4     0.0     0.0     0.0
d R # 5  >    -0.0    -0.0    -0.0     0.4     0.0     0.0     0.0
d R # 6  >    -0.0    -0.0    -0.0    -0.0     0.0     0.0     0.0
d R # 7  >    -0.0    -0.0    -0.0    -0.0    -0.0     0.0     0.0
d R # 8  >    -0.0    -0.0    -0.0    -0.0    -0.0    -0.0     0.0
s min # 3>     0.0     0.0     0.0     0.0     0.0     0.0     0.0
s min # 4>     0.0     0.0     0.0     0.0     0.0     0.0     0.0
s min # 5>     0.0     0.0     0.0     0.0     0.0     0.0     0.0
s min # 6>     0.0     0.0     0.0     0.0     0.0     0.0     0.0
s min # 7>     0.0     0.0     0.0     0.0     0.0     0.0     0.0
s min # 8>     0.0     0.0     0.0     0.0     0.0     0.0     0.0
xqcutij # 3>     0.0     0.0     0.0     0.0     0.0     0.0     0.0
xqcutij # 4>     0.0     0.0     0.0     0.0     0.0     0.0     0.0
xqcutij # 5>     0.0     0.0     0.0     0.0     0.0     0.0     0.0
xqcutij # 6>     0.0     0.0     0.0     0.0     0.0     0.0     0.0
xqcutij # 7>     0.0     0.0     0.0     0.0     0.0     0.0     0.0
xqcutij # 8>     0.0     0.0     0.0     0.0     0.0     0.0     0.0
 Excluding BW           -1           1
 Requiring BW           -2           2
 Requiring BW           -3           3
 Requiring BW           -4           4
 Excluding BW           -5           5
 Excluding BW           -6           6
 alpha_s for scale    2182.3183417564564       is    8.5258236757394815E-002
 Added good helicity            1   8.7216368737014776       in event            1 local:           1
 Added good helicity           37   1.8641578915991540E-006  in event            1 local:           1
 Added good helicity           41   2.4673503054116210       in event            1 local:           1
 Added good helicity          193   218.46686849221754       in event            1 local:           1
 Added good helicity          213   4.6632707062037666E-008  in event            1 local:           1
 Added good helicity          217   1.3417378373532135E-008  in event            1 local:           1
 Added good helicity          229   1.1177697809551312E-005  in event            1 local:           1
 Added good helicity          233   26.344131121060403       in event            1 local:           1
 Added good helicity          253   9.5112208132472113E-008  in event            1 local:           1
 Added good helicity            1   8.7216368737010637       in event            1 local:           1
 Added good helicity           37   1.8641578915991554E-006  in event            1 local:           1
 Added good helicity           41   2.4673503054118009       in event            1 local:           1
 Added good helicity          193   218.46686849221575       in event            1 local:           1
 Added good helicity          213   4.6632707062008596E-008  in event            1 local:           1
 Added good helicity          217   1.3417378373532930E-008  in event            1 local:           1
 Added good helicity          229   1.1177697809557111E-005  in event            1 local:           1
 Added good helicity          233   26.344131121062436       in event            1 local:           1
 Added good helicity          253   9.5112208132488736E-008  in event            1 local:           1
 Added good helicity           21   8.1176511413426219E-008  in event            4 local:           2
 Added good helicity           25   2.4948195709039928E-006  in event            4 local:           2
 Added good helicity           61   4.0873448215979328E-008  in event            4 local:           2
 Added good helicity           21   8.1176511413413064E-008  in event            4 local:           2
 Added good helicity           25   2.4948195709042800E-006  in event            4 local:           2
 Added good helicity           61   4.0873448215943448E-008  in event            4 local:           2
 RESET CUMULATIVE VARIABLE
 RESET CUMULATIVE VARIABLE
 RESET CUMULATIVE VARIABLE
 Iteration  1   Mean: 0.3911E-14 Abs mean: 0.3911E-14   Fluctuation:  0.279E-14   0.170E-11     0.3%
  1    0.3911E-14 0.3911E-14 +- 0.2788E-14     17.94
 Writing out events   1.5642631389815144E-016   17.937673701554836     
 Relative summed weights:
  0.7467E-02  0.3855E-02  0.7353E-05  0.3019E-03  0.0000E+00  0.2292E-07
  0.1867E-01  0.6962E+00  0.8806E-03  0.2630E-05  0.1251E-06  0.0000E+00
  0.1324E-03  0.2220E-02  0.1450E-03  0.9226E-04  0.0000E+00  0.0000E+00
  0.1101E-04  0.1952E+00  0.1277E-01  0.5500E-04  0.0000E+00  0.0000E+00
  0.3317E-03  0.1864E-01  0.1793E-05  0.1136E-02  0.5733E-08  0.2673E-07
  0.1502E-01  0.3562E-04  0.3621E-04  0.1104E-02  0.0000E+00  0.0000E+00
  0.6960E-03  0.1799E-01  0.2062E-02  0.5727E-03  0.0000E+00  0.1853E-11
  0.1489E-03  0.5035E-03  0.3580E-02  0.1092E-03  0.0000E+00  0.0000E+00
 Relative number of events:
  0.4050E-01  0.3583E-01  0.2648E-01  0.4673E-01  0.0000E+00  0.1558E-02
  0.3427E-01  0.3894E-01  0.2804E-01  0.2648E-01  0.1558E-02  0.0000E+00
  0.2960E-01  0.2804E-01  0.4206E-01  0.3427E-01  0.0000E+00  0.0000E+00
  0.2181E-01  0.3427E-01  0.1713E-01  0.2492E-01  0.0000E+00  0.0000E+00
  0.2804E-01  0.3583E-01  0.1558E-01  0.4206E-01  0.1558E-02  0.3115E-02
  0.3738E-01  0.2336E-01  0.3738E-01  0.4517E-01  0.0000E+00  0.0000E+00
  0.2960E-01  0.3271E-01  0.1246E-01  0.2181E-01  0.0000E+00  0.1558E-02
  0.2648E-01  0.3738E-01  0.2804E-01  0.2804E-01  0.0000E+00  0.0000E+00
 Events:
          26          23          17          30           0           1
          22          25          18          17           1           0
          19          18          27          22           0           0
          14          22          11          16           0           0
          18          23          10          27           1           2
          24          15          24          29           0           0
          19          21           8          14           0           1
          17          24          18          18           0           0
 Iteration  2   Mean: 0.4246E-12 Abs mean: 0.4246E-12   Fluctuation:  0.297E-12   0.526E-09    16.9%
  2    0.4246E-12 0.4246E-12 +- 0.2969E-12     31.27
 Relative summed weights:
  0.7147E-03  0.6196E+00  0.1273E-03  0.4014E-06  0.3573E-14  0.0000E+00
  0.6416E-04  0.2581E-04  0.3196E+00  0.1117E-04  0.0000E+00  0.0000E+00
  0.9985E-05  0.3232E-05  0.4182E-02  0.4240E-06  0.0000E+00  0.0000E+00
  0.1542E-03  0.2394E-05  0.9117E-07  0.7018E-04  0.0000E+00  0.0000E+00
  0.4770E-05  0.6515E-05  0.2053E-04  0.2317E-06  0.0000E+00  0.0000E+00
  0.6052E-05  0.2626E-03  0.6397E-05  0.2849E-04  0.0000E+00  0.0000E+00
  0.2330E-04  0.2702E-04  0.1751E-06  0.1429E-04  0.0000E+00  0.5162E-08
  0.1259E-02  0.5373E-01  0.2953E-04  0.2118E-04  0.0000E+00  0.0000E+00
 Relative number of events:
  0.4400E-01  0.3500E-01  0.3100E-01  0.3100E-01  0.5000E-03  0.0000E+00
  0.4000E-01  0.3900E-01  0.1800E-01  0.2050E-01  0.0000E+00  0.0000E+00
  0.3150E-01  0.3550E-01  0.2400E-01  0.3000E-01  0.0000E+00  0.0000E+00
  0.4300E-01  0.3800E-01  0.1750E-01  0.2300E-01  0.0000E+00  0.0000E+00
  0.3350E-01  0.3250E-01  0.3550E-01  0.2550E-01  0.0000E+00  0.0000E+00
  0.3500E-01  0.3850E-01  0.2700E-01  0.3100E-01  0.0000E+00  0.0000E+00
  0.3750E-01  0.4300E-01  0.1750E-01  0.1750E-01  0.0000E+00  0.5000E-03
  0.3850E-01  0.3700E-01  0.2350E-01  0.2500E-01  0.0000E+00  0.0000E+00
 Events:
          88          70          62          62           1           0
          80          78          36          41           0           0
          63          71          48          60           0           0
          86          76          35          46           0           0
          67          65          71          51           0           0
          70          77          54          62           0           0
          75          86          35          35           0           1
          77          74          47          50           0           0
 Iteration  3   Mean: 0.1271E-13 Abs mean: 0.1271E-13   Fluctuation:  0.774E-14   0.274E-10    25.3%
  3    0.1271E-13 0.1271E-13 +- 0.7738E-14     38.51
 Relative summed weights:
  0.4971E-01  0.9840E-05  0.1095E-03  0.1597E-04  0.0000E+00  0.0000E+00
  0.1530E-02  0.7585E-03  0.5381E-03  0.5400E+00  0.4576E-12  0.1890E-11
  0.1087E-02  0.2347E-02  0.5880E-03  0.6518E-01  0.0000E+00  0.1592E-13
  0.1221E-03  0.1123E-02  0.6326E-03  0.2425E-03  0.1963E-07  0.3289E-09
  0.5190E-03  0.3227E+00  0.4866E-04  0.5383E-04  0.4427E-05  0.0000E+00
  0.2516E-02  0.4182E-03  0.1987E-04  0.1991E-04  0.0000E+00  0.0000E+00
  0.4001E-02  0.6961E-03  0.6412E-04  0.2964E-04  0.0000E+00  0.0000E+00
  0.1616E-02  0.3035E-02  0.5479E-05  0.2530E-03  0.0000E+00  0.1382E-10
 Relative number of events:
  0.3725E-01  0.3950E-01  0.2775E-01  0.2375E-01  0.0000E+00  0.0000E+00
  0.4375E-01  0.4200E-01  0.2225E-01  0.1775E-01  0.2500E-03  0.2500E-03
  0.3875E-01  0.3925E-01  0.2500E-01  0.2800E-01  0.0000E+00  0.2500E-03
  0.3450E-01  0.4300E-01  0.2300E-01  0.1950E-01  0.2500E-03  0.2500E-03
  0.3250E-01  0.3875E-01  0.2875E-01  0.2875E-01  0.2500E-03  0.0000E+00
  0.3275E-01  0.3600E-01  0.2700E-01  0.2600E-01  0.0000E+00  0.0000E+00
  0.4175E-01  0.4025E-01  0.1725E-01  0.2175E-01  0.0000E+00  0.0000E+00
  0.4225E-01  0.3575E-01  0.2275E-01  0.2100E-01  0.0000E+00  0.2500E-03
 Events:
         149         158         111          95           0           0
         175         168          89          71           1           1
         155         157         100         112           0           1
         138         172          92          78           1           1
         130         155         115         115           1           0
         131         144         108         104           0           0
         167         161          69          87           0           0
         169         143          91          84           0           1
 Accuracy:    0.997   0.100   0.386   6.673
 Found           11  events.
 Wrote            2  events.
 Actual xsec    1.3566201530729716E-013
 Correct abs xsec    1.3566201530729716E-013
 Event xsec    1.3566201530729716E-013
 Events wgts > 1:            0
 % Cross section > 1:    0.0000000000000000        0.0000000000000000     
 Iteration  4   Mean: 0.5256E-14 Abs mean: 0.5256E-14   Fluctuation:  0.176E-14   0.921E-11    28.8%
  4    0.5256E-14 0.5256E-14 +- 0.1760E-14     29.94
 Relative summed weights:
  0.6764E-02  0.2258E-01  0.7110E-03  0.8309E-03  0.1764E-07  0.2011E-08
  0.6080E-01  0.2702E-01  0.7683E-02  0.1371E+00  0.0000E+00  0.1045E-03
  0.4595E-02  0.6011E-03  0.4363E-02  0.1534E+00  0.1131E-11  0.0000E+00
  0.3729E-02  0.1636E+00  0.1314E-01  0.3948E-04  0.2976E-06  0.0000E+00
  0.9720E-02  0.2204E+00  0.5596E-02  0.1029E-01  0.4412E-05  0.6400E-11
  0.1202E-02  0.4000E-02  0.8394E-03  0.2776E-03  0.1402E-08  0.1721E-10
  0.3435E-01  0.7851E-02  0.7397E-01  0.9887E-03  0.2748E-09  0.0000E+00
  0.1214E-02  0.1226E-01  0.3514E-03  0.9671E-02  0.1446E-05  0.3537E-10
 Relative number of events:
  0.3887E-01  0.3988E-01  0.2888E-01  0.2500E-01  0.1250E-03  0.3750E-03
  0.4175E-01  0.3862E-01  0.1525E-01  0.2025E-01  0.0000E+00  0.2500E-03
  0.4063E-01  0.3925E-01  0.3175E-01  0.2700E-01  0.2500E-03  0.0000E+00
  0.3925E-01  0.3812E-01  0.1850E-01  0.1762E-01  0.3750E-03  0.0000E+00
  0.3650E-01  0.3550E-01  0.2712E-01  0.3062E-01  0.2500E-03  0.1250E-03
  0.3363E-01  0.3425E-01  0.2700E-01  0.2863E-01  0.1250E-03  0.1250E-03
  0.3875E-01  0.4362E-01  0.2175E-01  0.1887E-01  0.2500E-03  0.0000E+00
  0.4188E-01  0.3950E-01  0.1950E-01  0.1950E-01  0.3750E-03  0.1250E-03
 Events:
         311         319         231         200           1           3
         334         309         122         162           0           2
         325         314         254         216           2           0
         314         305         148         141           3           0
         292         284         217         245           2           1
         269         274         216         229           1           1
         310         349         174         151           2           0
         335         316         156         156           3           1
 Accuracy:    1.329   0.100   0.253  27.628
 Found           83  events.
 Wrote            5  events.
 Actual xsec    6.9481214289606193E-014
 Correct abs xsec    6.9481214289606193E-014
 Event xsec    6.9481214289606193E-014
 Events wgts > 1:            1
 % Cross section > 1:    4.8185207650280542E-022   6.9349979189250654E-007
 Iteration  5   Mean: 0.1608E-13 Abs mean: 0.1608E-13   Fluctuation:  0.447E-14   0.477E-10    30.1%
  5    0.1608E-13 0.1608E-13 +- 0.4466E-14     35.13
 Relative summed weights:
  0.1031E-01  0.7089E-02  0.8529E-03  0.7640E-01  0.1722E-10  0.1952E-06
  0.4204E-01  0.2543E-02  0.2464E-01  0.1580E-02  0.1310E-03  0.4037E-06
  0.6117E-01  0.2510E-02  0.1498E-01  0.5322E-02  0.1147E-04  0.1988E-07
  0.1328E-01  0.2369E-01  0.4731E-01  0.3852E-02  0.2179E-08  0.1164E-07
  0.1903E+00  0.1606E-01  0.2129E-02  0.1202E-02  0.0000E+00  0.0000E+00
  0.3717E-01  0.2977E-02  0.1181E-01  0.1060E-02  0.4259E-06  0.1246E-08
  0.4923E-02  0.4068E-01  0.6118E-01  0.6251E-01  0.4379E-05  0.0000E+00
  0.1161E-01  0.1546E+00  0.7895E-02  0.5610E-01  0.6469E-09  0.3231E-16
 Relative number of events:
  0.3700E-01  0.3737E-01  0.2888E-01  0.2850E-01  0.6250E-04  0.1875E-03
  0.4050E-01  0.4094E-01  0.2075E-01  0.1944E-01  0.6250E-04  0.6250E-04
  0.3612E-01  0.3525E-01  0.2687E-01  0.2681E-01  0.1875E-03  0.6250E-04
  0.3856E-01  0.3988E-01  0.1912E-01  0.1925E-01  0.1250E-03  0.6250E-04
  0.3669E-01  0.3469E-01  0.2944E-01  0.3231E-01  0.0000E+00  0.0000E+00
  0.3488E-01  0.3594E-01  0.2950E-01  0.2744E-01  0.1875E-03  0.6250E-04
  0.4050E-01  0.4081E-01  0.1894E-01  0.2212E-01  0.1250E-03  0.0000E+00
  0.3981E-01  0.4194E-01  0.1937E-01  0.1900E-01  0.1250E-03  0.6250E-04
 Events:
         592         598         462         456           1           3
         648         655         332         311           1           1
         578         564         430         429           3           1
         617         638         306         308           2           1
         587         555         471         517           0           0
         558         575         472         439           3           1
         648         653         303         354           2           0
         637         671         310         304           2           1
 Accuracy:    1.308   0.100   0.187  48.936
 Found          559  events.
 Wrote            5  events.
 Actual xsec    1.1782392297426177E-014
 Correct abs xsec    1.1782392297426177E-014
 Event xsec    1.1782392297426174E-014
 Events wgts > 1:            1
 % Cross section > 1:    1.3329342720271542E-022   1.1312934066185603E-006

 -------------------------------------------------------------------------------
 Accumulated results:   Integral =  0.4076E-13
                        Std dev  =  0.7622E-14
                       Cross sec =  0.4076E-13
             Chi**2 per DoF.     =     48.9359
 -------------------------------------------------------------------------------
-------------------------------------------------
---------------------------
 Results Last   3 iters: Integral =   0.1178E-13
                     Abs integral =   0.1178E-13
                          Std dev =   0.2376E-14
                  Chi**2 per DoF. =      7.3470
-------------------------------------------------
---------------------------
 Status  0.10000000000000001                6           5

ls status:
events.lhe
ftn26
input_app.txt
results.dat
run1_app.log
