 Process in group number            1
 A PDF is used, so alpha_s(MZ) is going to be modified
 Old value of alpha_s from param_card:   0.11839999999999999     
  ****************************************
 
       NNPDFDriver version 1.0.3
   Grid: NNPDF23_lo_as_0130_qed_mem0.grid
  ****************************************
 New value of alpha_s from PDF nn23lo1:  0.13000000000000000     
 Define smin to   1600.0000000000000     
 Define smin to   1600.0000000000000     
 Define smin to   1600.0000000000000     
 *****************************************************
 *               MadGraph/MadEvent                   *
 *        --------------------------------           *
 *          http://madgraph.hep.uiuc.edu             *
 *          http://madgraph.phys.ucl.ac.be           *
 *          http://madgraph.roma2.infn.it            *
 *        --------------------------------           *
 *                                                   *
 *          PARAMETER AND COUPLING VALUES            *
 *                                                   *
 *****************************************************

  External Params
  ---------------------------------
  
 mdl_VeN1 =    1.0000000000000000     
 mdl_VeN2 =    0.0000000000000000     
 mdl_VeN3 =    0.0000000000000000     
 mdl_VmuN1 =    0.0000000000000000     
 mdl_VmuN2 =    1.0000000000000000     
 mdl_VmuN3 =    0.0000000000000000     
 mdl_VtaN1 =    0.0000000000000000     
 mdl_VtaN2 =    0.0000000000000000     
 mdl_VtaN3 =    1.0000000000000000     
 mdl_VN1N1 =    1.0000000000000000     
 mdl_VN1N2 =    1.0000000000000000     
 mdl_VN1N3 =    1.0000000000000000     
 mdl_VN2N2 =    1.0000000000000000     
 mdl_VN2N3 =    1.0000000000000000     
 mdl_VN3N3 =    1.0000000000000000     
 aEWM1 =    127.90000000000001     
 mdl_Gf =    1.1663700000000000E-005
 aS =   0.11839999999999999     
 mdl_ymt =    172.00000000000000     
 mdl_vevf =    50.000000000000000     
 mdl_MZ =    91.187600000000003     
 mdl_MT =    172.00000000000000     
 mdl_MH =    125.00000000000000     
 mdl_mN1 =    2000.0000000000000     
 mdl_mN2 =    2100.0000000000000     
 mdl_mN3 =    2200.0000000000000     
 mdl_MJ =    91.187600000000003     
 mdl_MAx =    173.04800000000000     
 mdl_WZ =    2.4952000000000001     
 mdl_WW =    2.0850000000000000     
 mdl_WT =    1.5083359999999999     
 mdl_WH =    4.0699999999999998E-003
 mdl_WN1 =   0.30299999999999999     
 mdl_WN2 =    1.5000000000000000     
 mdl_WN3 =    12.300000000000001     
 mdl_WJ =    2.4952000000000001     
 mdl_WAx =    4.1700000000000001E-003
  Internal Params
  ---------------------------------
  
 mdl_vevf__exp__2 =    2500.0000000000000     
 mdl_sqrt__vevf__exp__2 =    50.000000000000000     
 mdl_muJ =    50.000000000000000     
 mdl_MZ__exp__2 =    8315.1783937600012     
 mdl_MZ__exp__4 =    69142191.720053151     
 mdl_sqrt__2 =    1.4142135623730951     
 mdl_MJ__exp__2 =    8315.1783937600012     
 mdl_muJ__exp__2 =    2500.0000000000000     
 mdl_lamJ =    4.3260713575040004     
 mdl_MH__exp__2 =    15625.000000000000     
 mdl_complexi =  (  0.0000000000000000     ,  1.0000000000000000     )
 mdl_aEW =    7.8186082877247844E-003
 mdl_MW =    79.824359746197842     
 mdl_sqrt__aEW =    8.8422894590285753E-002
 mdl_ee =   0.31345100004952897     
 mdl_MW__exp__2 =    6371.9284088904105     
 mdl_sw2 =   0.23369913342182447     
 mdl_cw =   0.87538612427783857     
 mdl_sqrt__sw2 =   0.48342438232036300     
 mdl_sw =   0.48342438232036300     
 mdl_g1 =   0.35807170271074895     
 mdl_gN =   0.64839716719502682     
 mdl_gw =   0.64839716719502682     
 mdl_vev =    246.22056907348590     
 mdl_vev__exp__2 =    60624.568634871241     
 mdl_lam =   0.12886689630821144     
 mdl_yt =   0.98791394091683138     
 mdl_muH =    88.388347648318444     
 mdl_I2a33 =  ( 0.98791394091683138     ,  0.0000000000000000     )
 mdl_I3a33 =  ( 0.98791394091683138     ,  0.0000000000000000     )
 mdl_ee__exp__2 =    9.8251529432049817E-002
 mdl_sw__exp__2 =   0.23369913342182450     
 mdl_cw__exp__2 =   0.76630086657817542     
  Internal Params evaluated point by point
  ----------------------------------------
  
 mdl_sqrt__aS =   0.34409301068170506     
 mdl_G__exp__2 =    1.4878582807401259     
  Couplings of SM_HeavyN_UFO
  ---------------------------------
  
         GC_1 =  -0.00000E+00  -0.10448E+00
         GC_2 =   0.00000E+00   0.20897E+00
         GC_3 =  -0.00000E+00  -0.31345E+00
         GC_4 =   0.00000E+00   0.31345E+00
        GC_26 =   0.00000E+00   0.45849E+00
        GC_27 =  -0.00000E+00  -0.28380E+00
        GC_28 =   0.00000E+00   0.28380E+00
        GC_30 =   0.00000E+00   0.56760E+00
        GC_35 =  -0.00000E+00  -0.28850E-01
        GC_37 =   0.00000E+00   0.17310E+00
        GC_39 =   0.00000E+00  -0.19725E+00
        GC_40 =   0.00000E+00   0.37035E+00
        GC_80 =   0.00000E+00   0.67543E+02
       GC_107 =  -0.00000E+00  -0.74070E+00
       GC_109 =  -0.00000E+00  -0.74070E+00
       GC_111 =  -0.00000E+00  -0.74070E+00
       GC_113 =  -0.00000E+00  -0.74070E+00
       GC_115 =  -0.00000E+00  -0.74070E+00
       GC_117 =  -0.00000E+00  -0.74070E+00
       GC_119 =   0.00000E+00   0.00000E+00
       GC_120 =   0.00000E+00   0.00000E+00
       GC_122 =  -0.00000E+00  -0.00000E+00
       GC_126 =   0.00000E+00   0.00000E+00
       GC_127 =   0.00000E+00   0.00000E+00
       GC_129 =  -0.00000E+00  -0.00000E+00
       GC_133 =   0.00000E+00   0.45849E+00
       GC_134 =   0.00000E+00   0.37035E+00
       GC_136 =  -0.00000E+00  -0.89351E+01
        GC_81 =   0.40000E+02   0.00000E+00
        GC_82 =   0.42000E+02   0.00000E+00
        GC_83 =   0.44000E+02   0.00000E+00

 Collider parameters:
 --------------------

 Running at P P   machine @    13000.000000000000       GeV
 PDF set = nn23lo1
 alpha_s(Mz)= 0.1300 running at 2 loops.
 alpha_s(Mz)= 0.1300 running at 2 loops.
 Renormalization scale set on event-by-event basis
 Factorization   scale set on event-by-event basis


 getting user params
Enter number of events and max and min iterations: 
 Number of events and iterations         1000           5           3
Enter desired fractional accuracy: 
 Desired fractional accuracy:   0.10000000000000001     
Enter 0 for fixed, 2 for adjustable grid: 
Suppress amplitude (0 no, 1 yes)? 
 Using suppressed amplitude.
Exact helicity sum (0 yes, n = number/event)? 
 Explicitly summing over helicities
Enter Configuration Number: 
Running Configuration Number:  393
 Using dconfig=         700
 BW Setting            1           2           2           1           2           2           0
 Attempting mappinvarients           1           9
 Completed mapping           9
 about to integrate           19        1000           5           3          19           1
 Using non-zero grid deformation.
 19 dimensions   1000 events 19 invarients  5 iterations  1 config(s),  (0.99)
 Using h-tuple random number sequence.
 Error opening grid
 Using Uniform Grid!          36
 Using uniform alpha   1.0000000000000000     
 Grid defined OK
 Set CM energy to      13000.00
 Mapping Graph         393  to config         393
 Setting BW          -1           1   91.187600000000003     
Setting grid   2    0.36660E-04   1
Setting grid   3    0.17080E-03   1
 Setting BW          -4           4   79.824359746197842     
Setting grid   5    0.28499E-04   1
Setting grid   6    0.33884E-03   1
 Transforming s_hat 1/s           18   3.6775012953567209E-004   1600.0000000000000        168999999.99999997     
 393   1   2   3   4   5   6   7   8   9  10  11  12  13  14
  15  16  17  18  19
 Masses: 0.000E+00 0.000E+00 0.000E+00 0.000E+00 0.000E+00 0.000E+00 0.000E+00 0.000E+00 0.912E+02
Using random seed offsets   393 :      1
  with seed                   24
 Ranmar initialization seeds         123        9398
 
 ********************************************
 * You are using the DiscreteSampler module *
 *      part of the MG5_aMC framework       *
 *         Author: Valentin Hirschi         *
 ********************************************
 
  Particle       3       4       5       6       7       8       9
      Et >    10.0    10.0    10.0    10.0     0.0     0.0     0.0
       E >     0.0     0.0     0.0     0.0     0.0     0.0     0.0
     Eta <     2.5     2.5     2.5     2.5    -1.0    -1.0    -1.0
   xqcut:      0.0     0.0     0.0     0.0     0.0     0.0     0.0
d R # 3  >    -0.0     0.4     0.4     0.4     0.0     0.0     0.0
d R # 4  >    -0.0    -0.0     0.4     0.4     0.0     0.0     0.0
d R # 5  >    -0.0    -0.0    -0.0     0.4     0.0     0.0     0.0
d R # 6  >    -0.0    -0.0    -0.0    -0.0     0.0     0.0     0.0
d R # 7  >    -0.0    -0.0    -0.0    -0.0    -0.0     0.0     0.0
d R # 8  >    -0.0    -0.0    -0.0    -0.0    -0.0    -0.0     0.0
s min # 3>     0.0     0.0     0.0     0.0     0.0     0.0     0.0
s min # 4>     0.0     0.0     0.0     0.0     0.0     0.0     0.0
s min # 5>     0.0     0.0     0.0     0.0     0.0     0.0     0.0
s min # 6>     0.0     0.0     0.0     0.0     0.0     0.0     0.0
s min # 7>     0.0     0.0     0.0     0.0     0.0     0.0     0.0
s min # 8>     0.0     0.0     0.0     0.0     0.0     0.0     0.0
xqcutij # 3>     0.0     0.0     0.0     0.0     0.0     0.0     0.0
xqcutij # 4>     0.0     0.0     0.0     0.0     0.0     0.0     0.0
xqcutij # 5>     0.0     0.0     0.0     0.0     0.0     0.0     0.0
xqcutij # 6>     0.0     0.0     0.0     0.0     0.0     0.0     0.0
xqcutij # 7>     0.0     0.0     0.0     0.0     0.0     0.0     0.0
xqcutij # 8>     0.0     0.0     0.0     0.0     0.0     0.0     0.0
 Requiring BW           -1           1
 Excluding BW           -2           2
 Excluding BW           -3           3
 Requiring BW           -4           4
 Excluding BW           -5           5
 Excluding BW           -6           6
 alpha_s for scale    616.88973099324937       is    9.8709716512488402E-002
 Added good helicity            1   16.875468609749589       in event            1 local:           1
 Added good helicity           21   6.3194859670700071E-003  in event            1 local:           1
 Added good helicity           25  0.87347631848279372       in event            1 local:           1
 Added good helicity           37   1.4480484307745497E-003  in event            1 local:           1
 Added good helicity           41   20.628746840598332       in event            1 local:           1
 Added good helicity           61   9.4087459701955886E-004  in event            1 local:           1
 Added good helicity          193   199.43822913485425       in event            1 local:           1
 Added good helicity          213   7.1939326272202564E-002  in event            1 local:           1
 Added good helicity          217   4.0836898766974855E-002  in event            1 local:           1
 Added good helicity          229   1.4642248227847099E-002  in event            1 local:           1
 Added good helicity          233   18.045024568646713       in event            1 local:           1
 Added good helicity          253   2.9276454064383521E-003  in event            1 local:           1
 Added good helicity            1   16.875468609749650       in event            1 local:           1
 Added good helicity           21   6.3194859670700184E-003  in event            1 local:           1
 Added good helicity           25  0.87347631848279372       in event            1 local:           1
 Added good helicity           37   1.4480484307745482E-003  in event            1 local:           1
 Added good helicity           41   20.628746840598282       in event            1 local:           1
 Added good helicity           61   9.4087459701955713E-004  in event            1 local:           1
 Added good helicity          193   199.43822913485414       in event            1 local:           1
 Added good helicity          213   7.1939326272202522E-002  in event            1 local:           1
 Added good helicity          217   4.0836898766974501E-002  in event            1 local:           1
 Added good helicity          229   1.4642248227847083E-002  in event            1 local:           1
 Added good helicity          233   18.045024568646816       in event            1 local:           1
 Added good helicity          253   2.9276454064383218E-003  in event            1 local:           1
 RESET CUMULATIVE VARIABLE
 RESET CUMULATIVE VARIABLE
 RESET CUMULATIVE VARIABLE
 Iteration  1   Mean: 0.1522E-10 Abs mean: 0.1522E-10   Fluctuation:  0.139E-10   0.139E-07     7.4%
  1    0.1522E-10 0.1522E-10 +- 0.1389E-10     28.87
 Writing out events   4.1360916996959111E-014   28.873205836351975     
 Relative summed weights:
  0.2393E-03  0.1028E-04  0.2878E-04  0.8658E-04  0.1555E-10  0.3629E-08
  0.1167E-03  0.1355E-03  0.2342E-03  0.6240E-05  0.0000E+00  0.0000E+00
  0.1546E-03  0.3370E-01  0.1216E-04  0.1589E-03  0.5061E-07  0.0000E+00
  0.6368E-03  0.4799E-02  0.3843E-05  0.8653E-05  0.1115E-06  0.0000E+00
  0.4658E-05  0.6335E-04  0.4656E-01  0.9766E-03  0.1473E-07  0.0000E+00
  0.2979E-04  0.9112E+00  0.1678E-04  0.3219E-03  0.8790E-07  0.6056E-08
  0.3696E-04  0.4117E-04  0.1106E-03  0.4686E-04  0.0000E+00  0.0000E+00
  0.1716E-03  0.5759E-05  0.1603E-04  0.3175E-04  0.0000E+00  0.0000E+00
 Relative number of events:
  0.2577E-01  0.4163E-01  0.3370E-01  0.2379E-01  0.9911E-03  0.9911E-03
  0.2279E-01  0.2676E-01  0.3271E-01  0.3271E-01  0.0000E+00  0.0000E+00
  0.3171E-01  0.2676E-01  0.3370E-01  0.3568E-01  0.1982E-02  0.0000E+00
  0.2379E-01  0.3271E-01  0.2577E-01  0.3171E-01  0.9911E-03  0.0000E+00
  0.2577E-01  0.3370E-01  0.2973E-01  0.3865E-01  0.9911E-03  0.0000E+00
  0.2973E-01  0.3072E-01  0.2973E-01  0.2279E-01  0.9911E-03  0.9911E-03
  0.2775E-01  0.3568E-01  0.4361E-01  0.3370E-01  0.0000E+00  0.0000E+00
  0.2279E-01  0.2775E-01  0.4262E-01  0.3568E-01  0.0000E+00  0.0000E+00
 Events:
          26          42          34          24           1           1
          23          27          33          33           0           0
          32          27          34          36           2           0
          24          33          26          32           1           0
          26          34          30          39           1           0
          30          31          30          23           1           1
          28          36          44          34           0           0
          23          28          43          36           0           0
 Iteration  2   Mean: 0.1576E-12 Abs mean: 0.1576E-12   Fluctuation:  0.113E-12   0.212E-09    27.5%
  2    0.1576E-12 0.1576E-12 +- 0.1126E-12     31.96
 Relative summed weights:
  0.1381E-02  0.9506E-03  0.2441E-03  0.2418E-03  0.1467E-04  0.0000E+00
  0.2176E-02  0.1099E-03  0.1584E-03  0.7518E-04  0.1469E-09  0.4505E-12
  0.7539E-02  0.7458E-02  0.9255E-04  0.1382E-02  0.6371E-04  0.9258E-07
  0.6777E-04  0.9616E-03  0.2532E-02  0.1593E-03  0.1365E-10  0.0000E+00
  0.2395E-02  0.2061E-02  0.6723E+00  0.1960E-03  0.1390E-06  0.0000E+00
  0.2627E-03  0.2213E-02  0.6679E-02  0.3032E-03  0.0000E+00  0.1076E-06
  0.8881E-03  0.3947E-02  0.2758E-01  0.2001E-03  0.5166E-06  0.0000E+00
  0.2848E-03  0.9370E-02  0.9733E-03  0.2447E+00  0.0000E+00  0.3698E-06
 Relative number of events:
  0.3500E-01  0.2550E-01  0.2300E-01  0.2800E-01  0.1000E-02  0.0000E+00
  0.3500E-01  0.3350E-01  0.2700E-01  0.3600E-01  0.5000E-03  0.5000E-03
  0.3450E-01  0.4100E-01  0.3000E-01  0.3100E-01  0.1000E-02  0.1000E-02
  0.2900E-01  0.3450E-01  0.3000E-01  0.2850E-01  0.5000E-03  0.0000E+00
  0.3600E-01  0.3200E-01  0.2700E-01  0.2900E-01  0.1500E-02  0.0000E+00
  0.3300E-01  0.2650E-01  0.3050E-01  0.2600E-01  0.0000E+00  0.1000E-02
  0.3450E-01  0.3350E-01  0.3250E-01  0.2700E-01  0.5000E-03  0.0000E+00
  0.3350E-01  0.3650E-01  0.2500E-01  0.2800E-01  0.0000E+00  0.5000E-03
 Events:
          70          51          46          56           2           0
          70          67          54          72           1           1
          69          82          60          62           2           2
          58          69          60          57           1           0
          72          64          54          58           3           0
          66          53          61          52           0           2
          69          67          65          54           1           0
          67          73          50          56           0           1
 Iteration  3   Mean: 0.1841E-11 Abs mean: 0.1841E-11   Fluctuation:  0.133E-11   0.519E-08    33.0%
  3    0.1841E-11 0.1841E-11 +- 0.1331E-11     45.71
 Relative summed weights:
  0.4072E-03  0.2229E-01  0.1097E-02  0.4260E-02  0.0000E+00  0.4038E-09
  0.3867E-02  0.9217E-04  0.2734E-02  0.3967E-04  0.0000E+00  0.0000E+00
  0.2238E-01  0.1054E-02  0.7055E+00  0.9908E-03  0.6205E-06  0.0000E+00
  0.1574E+00  0.1184E-02  0.3297E-03  0.1920E-03  0.4213E-07  0.5278E-10
  0.4348E-03  0.3577E-02  0.7389E-04  0.1691E-04  0.2944E-09  0.0000E+00
  0.4795E-03  0.5189E-02  0.5461E-04  0.1469E-01  0.8985E-11  0.0000E+00
  0.1332E-02  0.7968E-03  0.1033E-02  0.2094E-03  0.2200E-06  0.2500E-07
  0.3110E-02  0.2863E-01  0.1642E-01  0.6971E-04  0.0000E+00  0.8671E-10
 Relative number of events:
  0.3225E-01  0.3675E-01  0.2775E-01  0.2675E-01  0.0000E+00  0.2500E-03
  0.3575E-01  0.3450E-01  0.2650E-01  0.2675E-01  0.0000E+00  0.0000E+00
  0.3450E-01  0.3425E-01  0.2600E-01  0.2525E-01  0.5000E-03  0.0000E+00
  0.3475E-01  0.3500E-01  0.2325E-01  0.3025E-01  0.2500E-03  0.5000E-03
  0.3900E-01  0.3925E-01  0.2800E-01  0.2425E-01  0.2500E-03  0.0000E+00
  0.3650E-01  0.3800E-01  0.2875E-01  0.2675E-01  0.2500E-03  0.0000E+00
  0.3175E-01  0.3600E-01  0.2625E-01  0.2800E-01  0.5000E-03  0.5000E-03
  0.3275E-01  0.3875E-01  0.2450E-01  0.2800E-01  0.0000E+00  0.2500E-03
 Events:
         129         147         111         107           0           1
         143         138         106         107           0           0
         138         137         104         101           2           0
         139         140          93         121           1           2
         156         157         112          97           1           0
         146         152         115         107           1           0
         127         144         105         112           2           2
         131         155          98         112           0           1
 Accuracy:    0.989   0.100   0.444   4.961
 Found           90  events.
 Wrote            2  events.
 Actual xsec    4.3540239764885409E-012
 Correct abs xsec    4.3540239764885409E-012
 Event xsec    4.3540239764885409E-012
 Events wgts > 1:            1
 % Cross section > 1:    8.4630105800987213E-020   1.9437216298758233E-006
 Iteration  4   Mean: 0.1003E-11 Abs mean: 0.1003E-11   Fluctuation:  0.342E-12   0.172E-08    34.9%
  4    0.1003E-11 0.1003E-11 +- 0.3424E-12     30.54
 Relative summed weights:
  0.3880E-03  0.1246E-01  0.3280E-01  0.1021E-02  0.0000E+00  0.7464E-09
  0.3341E-02  0.8209E-02  0.1265E-02  0.1781E-03  0.1285E-09  0.1966E-10
  0.5067E-01  0.2321E-02  0.4225E-02  0.1023E-01  0.9342E-09  0.1605E-07
  0.2725E-01  0.6078E-02  0.2190E+00  0.3076E-03  0.0000E+00  0.9851E-07
  0.2833E-01  0.4245E-01  0.3364E-01  0.1390E-02  0.1462E-05  0.1128E-06
  0.5188E-01  0.1237E-01  0.7545E-03  0.1535E-02  0.0000E+00  0.3106E-06
  0.6024E-02  0.1413E-01  0.7971E-02  0.2372E-02  0.5347E-09  0.0000E+00
  0.4744E-02  0.2240E+00  0.1147E-01  0.1772E+00  0.2619E-09  0.1077E-12
 Relative number of events:
  0.3762E-01  0.3562E-01  0.2587E-01  0.2725E-01  0.0000E+00  0.2500E-03
  0.3350E-01  0.3938E-01  0.2813E-01  0.2712E-01  0.2500E-03  0.3750E-03
  0.4000E-01  0.3862E-01  0.2600E-01  0.2350E-01  0.3750E-03  0.6250E-03
  0.3438E-01  0.3125E-01  0.2712E-01  0.2488E-01  0.0000E+00  0.3750E-03
  0.3850E-01  0.3950E-01  0.2275E-01  0.2475E-01  0.5000E-03  0.3750E-03
  0.4125E-01  0.3325E-01  0.2600E-01  0.2475E-01  0.0000E+00  0.6250E-03
  0.3350E-01  0.3425E-01  0.2950E-01  0.2900E-01  0.2500E-03  0.0000E+00
  0.3375E-01  0.3687E-01  0.2425E-01  0.2350E-01  0.2500E-03  0.1250E-03
 Events:
         301         285         207         218           0           2
         268         315         225         217           2           3
         320         309         208         188           3           5
         275         250         217         199           0           3
         308         316         182         198           4           3
         330         266         208         198           0           5
         268         274         236         232           2           0
         270         295         194         188           2           1
 Accuracy:    1.040   0.100   0.271  14.767
 Found           98  events.
 Wrote            4  events.
 Actual xsec    9.9862219360903002E-013
 Correct abs xsec    9.9862219360903002E-013
 Event xsec    9.9862219360903002E-013
 Events wgts > 1:            0
 % Cross section > 1:    0.0000000000000000        0.0000000000000000     
 Iteration  5   Mean: 0.9397E-11 Abs mean: 0.9397E-11   Fluctuation:  0.389E-11   0.543E-07    37.2%
  5    0.9397E-11 0.9397E-11 +- 0.3893E-11     52.41
 Relative summed weights:
  0.3921E-02  0.9341E-03  0.4177E-02  0.1258E-02  0.1166E-04  0.3248E-05
  0.1356E-01  0.2780E-01  0.1369E-02  0.9570E-03  0.2311E-09  0.4268E-08
  0.9462E-02  0.5952E-02  0.3676E-02  0.4133E-02  0.5241E-10  0.1919E-07
  0.6557E-01  0.3667E+00  0.1293E-02  0.5912E-02  0.0000E+00  0.8596E-07
  0.5997E-02  0.9845E-02  0.4784E-03  0.2152E-01  0.1139E-07  0.0000E+00
  0.6404E-01  0.5466E-02  0.8437E-03  0.1985E-02  0.4222E-05  0.1848E-08
  0.5488E-02  0.3378E-01  0.8519E-01  0.1489E+00  0.2621E-06  0.2794E-06
  0.5105E-02  0.1077E-01  0.8367E-01  0.2204E-03  0.7994E-12  0.7317E-10
 Relative number of events:
  0.4225E-01  0.3881E-01  0.2531E-01  0.2350E-01  0.2500E-03  0.3125E-03
  0.3594E-01  0.3769E-01  0.2344E-01  0.2525E-01  0.1250E-03  0.6250E-04
  0.3725E-01  0.4088E-01  0.2400E-01  0.2488E-01  0.1875E-03  0.1875E-03
  0.3831E-01  0.3294E-01  0.2394E-01  0.2156E-01  0.0000E+00  0.1250E-03
  0.3856E-01  0.4025E-01  0.2300E-01  0.2369E-01  0.1875E-03  0.0000E+00
  0.4219E-01  0.3831E-01  0.2569E-01  0.2481E-01  0.2500E-03  0.6250E-04
  0.3594E-01  0.3506E-01  0.2569E-01  0.2406E-01  0.6250E-04  0.6250E-04
  0.3787E-01  0.3650E-01  0.2637E-01  0.2406E-01  0.6250E-04  0.6250E-04
 Events:
         676         621         405         376           4           5
         575         603         375         404           2           1
         596         654         384         398           3           3
         613         527         383         345           0           2
         617         644         368         379           3           0
         675         613         411         397           4           1
         575         561         411         385           1           1
         606         584         422         385           1           1
 Accuracy:    0.537   0.100   0.227   5.620
 Found          496  events.
 Wrote            1  events.
 Actual xsec    4.0979703235310584E-012
 Correct abs xsec    4.0979703235310584E-012
 Event xsec    4.0979703235310584E-012
 Events wgts > 1:            0
 % Cross section > 1:    0.0000000000000000        0.0000000000000000     

 -------------------------------------------------------------------------------
 Accumulated results:   Integral =  0.4387E-11
                        Std dev  =  0.9940E-12
                       Cross sec =  0.4387E-11
             Chi**2 per DoF.     =      5.6198
 -------------------------------------------------------------------------------
-------------------------------------------------
---------------------------
 Results Last   3 iters: Integral =   0.4098E-11
                     Abs integral =   0.4098E-11
                          Std dev =   0.1015E-11
                  Chi**2 per DoF. =     43.2287
-------------------------------------------------
---------------------------
 Status  0.10000000000000001                6           5

ls status:
events.lhe
ftn26
input_app.txt
results.dat
run1_app.log
