 Process in group number            1
 A PDF is used, so alpha_s(MZ) is going to be modified
 Old value of alpha_s from param_card:   0.11839999999999999     
  ****************************************
 
       NNPDFDriver version 1.0.3
   Grid: NNPDF23_lo_as_0130_qed_mem0.grid
  ****************************************
 New value of alpha_s from PDF nn23lo1:  0.13000000000000000     
 Define smin to   1600.0000000000000     
 Define smin to   1600.0000000000000     
 Define smin to   1600.0000000000000     
 *****************************************************
 *               MadGraph/MadEvent                   *
 *        --------------------------------           *
 *          http://madgraph.hep.uiuc.edu             *
 *          http://madgraph.phys.ucl.ac.be           *
 *          http://madgraph.roma2.infn.it            *
 *        --------------------------------           *
 *                                                   *
 *          PARAMETER AND COUPLING VALUES            *
 *                                                   *
 *****************************************************

  External Params
  ---------------------------------
  
 mdl_VeN1 =    1.0000000000000000     
 mdl_VeN2 =    0.0000000000000000     
 mdl_VeN3 =    0.0000000000000000     
 mdl_VmuN1 =    0.0000000000000000     
 mdl_VmuN2 =    1.0000000000000000     
 mdl_VmuN3 =    0.0000000000000000     
 mdl_VtaN1 =    0.0000000000000000     
 mdl_VtaN2 =    0.0000000000000000     
 mdl_VtaN3 =    1.0000000000000000     
 mdl_VN1N1 =    1.0000000000000000     
 mdl_VN1N2 =    1.0000000000000000     
 mdl_VN1N3 =    1.0000000000000000     
 mdl_VN2N2 =    1.0000000000000000     
 mdl_VN2N3 =    1.0000000000000000     
 mdl_VN3N3 =    1.0000000000000000     
 aEWM1 =    127.90000000000001     
 mdl_Gf =    1.1663700000000000E-005
 aS =   0.11839999999999999     
 mdl_ymt =    172.00000000000000     
 mdl_vevf =    50.000000000000000     
 mdl_MZ =    91.187600000000003     
 mdl_MT =    172.00000000000000     
 mdl_MH =    125.00000000000000     
 mdl_mN1 =    1822.0000000000000     
 mdl_mN2 =    1922.0000000000000     
 mdl_mN3 =    2022.0000000000000     
 mdl_MJ =    91.187600000000003     
 mdl_MAx =    173.04800000000000     
 mdl_WZ =    2.4952000000000001     
 mdl_WW =    2.0850000000000000     
 mdl_WT =    1.5083359999999999     
 mdl_WH =    4.0699999999999998E-003
 mdl_WN1 =   0.30299999999999999     
 mdl_WN2 =    1.5000000000000000     
 mdl_WN3 =    12.300000000000001     
 mdl_WJ =    2.4952000000000001     
 mdl_WAx =    4.1700000000000001E-003
  Internal Params
  ---------------------------------
  
 mdl_vevf__exp__2 =    2500.0000000000000     
 mdl_sqrt__vevf__exp__2 =    50.000000000000000     
 mdl_muJ =    50.000000000000000     
 mdl_MZ__exp__2 =    8315.1783937600012     
 mdl_MZ__exp__4 =    69142191.720053151     
 mdl_sqrt__2 =    1.4142135623730951     
 mdl_MJ__exp__2 =    8315.1783937600012     
 mdl_muJ__exp__2 =    2500.0000000000000     
 mdl_lamJ =    4.3260713575040004     
 mdl_MH__exp__2 =    15625.000000000000     
 mdl_complexi =  (  0.0000000000000000     ,  1.0000000000000000     )
 mdl_aEW =    7.8186082877247844E-003
 mdl_MW =    79.824359746197842     
 mdl_sqrt__aEW =    8.8422894590285753E-002
 mdl_ee =   0.31345100004952897     
 mdl_MW__exp__2 =    6371.9284088904105     
 mdl_sw2 =   0.23369913342182447     
 mdl_cw =   0.87538612427783857     
 mdl_sqrt__sw2 =   0.48342438232036300     
 mdl_sw =   0.48342438232036300     
 mdl_g1 =   0.35807170271074895     
 mdl_gN =   0.64839716719502682     
 mdl_gw =   0.64839716719502682     
 mdl_vev =    246.22056907348590     
 mdl_vev__exp__2 =    60624.568634871241     
 mdl_lam =   0.12886689630821144     
 mdl_yt =   0.98791394091683138     
 mdl_muH =    88.388347648318444     
 mdl_I2a33 =  ( 0.98791394091683138     ,  0.0000000000000000     )
 mdl_I3a33 =  ( 0.98791394091683138     ,  0.0000000000000000     )
 mdl_ee__exp__2 =    9.8251529432049817E-002
 mdl_sw__exp__2 =   0.23369913342182450     
 mdl_cw__exp__2 =   0.76630086657817542     
  Internal Params evaluated point by point
  ----------------------------------------
  
 mdl_sqrt__aS =   0.34409301068170506     
 mdl_G__exp__2 =    1.4878582807401259     
  Couplings of SM_HeavyN_UFO
  ---------------------------------
  
         GC_1 =  -0.00000E+00  -0.10448E+00
         GC_2 =   0.00000E+00   0.20897E+00
         GC_3 =  -0.00000E+00  -0.31345E+00
         GC_4 =   0.00000E+00   0.31345E+00
        GC_26 =   0.00000E+00   0.45849E+00
        GC_27 =  -0.00000E+00  -0.28380E+00
        GC_28 =   0.00000E+00   0.28380E+00
        GC_30 =   0.00000E+00   0.56760E+00
        GC_35 =  -0.00000E+00  -0.28850E-01
        GC_37 =   0.00000E+00   0.17310E+00
        GC_39 =   0.00000E+00  -0.19725E+00
        GC_40 =   0.00000E+00   0.37035E+00
        GC_80 =   0.00000E+00   0.67543E+02
       GC_107 =  -0.00000E+00  -0.74070E+00
       GC_109 =  -0.00000E+00  -0.74070E+00
       GC_111 =  -0.00000E+00  -0.74070E+00
       GC_113 =  -0.00000E+00  -0.74070E+00
       GC_115 =  -0.00000E+00  -0.74070E+00
       GC_117 =  -0.00000E+00  -0.74070E+00
       GC_119 =   0.00000E+00   0.00000E+00
       GC_120 =   0.00000E+00   0.00000E+00
       GC_122 =  -0.00000E+00  -0.00000E+00
       GC_126 =   0.00000E+00   0.00000E+00
       GC_127 =   0.00000E+00   0.00000E+00
       GC_129 =  -0.00000E+00  -0.00000E+00
       GC_133 =   0.00000E+00   0.45849E+00
       GC_134 =   0.00000E+00   0.37035E+00
       GC_136 =  -0.00000E+00  -0.82121E+01
        GC_81 =   0.36440E+02   0.00000E+00
        GC_82 =   0.38440E+02   0.00000E+00
        GC_83 =   0.40440E+02   0.00000E+00

 Collider parameters:
 --------------------

 Running at P P   machine @    13000.000000000000       GeV
 PDF set = nn23lo1
 alpha_s(Mz)= 0.1300 running at 2 loops.
 alpha_s(Mz)= 0.1300 running at 2 loops.
 Renormalization scale set on event-by-event basis
 Factorization   scale set on event-by-event basis


 getting user params
Enter number of events and max and min iterations: 
 Number of events and iterations         1000           5           3
Enter desired fractional accuracy: 
 Desired fractional accuracy:   0.10000000000000001     
Enter 0 for fixed, 2 for adjustable grid: 
Suppress amplitude (0 no, 1 yes)? 
 Using suppressed amplitude.
Exact helicity sum (0 yes, n = number/event)? 
 Explicitly summing over helicities
Enter Configuration Number: 
Running Configuration Number:  948
 Using dconfig=          68
 BW Setting            2           1           1           2           0           0           0
 Attempting mappinvarients           1           9
 Completed mapping           9
 about to integrate           19        1000           5           3          19           1
 Using non-zero grid deformation.
 19 dimensions   1000 events 19 invarients  5 iterations  1 config(s),  (0.99)
 Using h-tuple random number sequence.
 Error opening grid
 Using Uniform Grid!          36
 Using uniform alpha   1.0000000000000000     
 Grid defined OK
 Set CM energy to      13000.00
 Mapping Graph         948  to config         948
Setting grid   1    0.59172E-08   1
 Setting BW          -2           2   2022.0000000000000     
 Setting BW          -3           3   2022.0000000000000     
Setting grid   4    0.24908E-01   1
Setting grid   5    0.24908E-01   1
Setting grid   6    0.24908E-01   1
 Transforming s_hat 1/s           18   2.5395795928957170E-002   1600.0000000000000        168999999.99999997     
 948   1   2   3   4   5   6   7   8   9  10  11  12  13  14
  15  16  17  18  19
 Masses: 0.000E+00 0.000E+00 0.000E+00 0.000E+00 0.000E+00 0.000E+00 0.000E+00 0.000E+00 0.912E+02
Using random seed offsets   948 :      1
  with seed                   24
 Ranmar initialization seeds         678        9398
 
 ********************************************
 * You are using the DiscreteSampler module *
 *      part of the MG5_aMC framework       *
 *         Author: Valentin Hirschi         *
 ********************************************
 
  Particle       3       4       5       6       7       8       9
      Et >    10.0    10.0    10.0    10.0     0.0     0.0     0.0
       E >     0.0     0.0     0.0     0.0     0.0     0.0     0.0
     Eta <     2.5     2.5     2.5     2.5    -1.0    -1.0    -1.0
   xqcut:      0.0     0.0     0.0     0.0     0.0     0.0     0.0
d R # 3  >    -0.0     0.4     0.4     0.4     0.0     0.0     0.0
d R # 4  >    -0.0    -0.0     0.4     0.4     0.0     0.0     0.0
d R # 5  >    -0.0    -0.0    -0.0     0.4     0.0     0.0     0.0
d R # 6  >    -0.0    -0.0    -0.0    -0.0     0.0     0.0     0.0
d R # 7  >    -0.0    -0.0    -0.0    -0.0    -0.0     0.0     0.0
d R # 8  >    -0.0    -0.0    -0.0    -0.0    -0.0    -0.0     0.0
s min # 3>     0.0     0.0     0.0     0.0     0.0     0.0     0.0
s min # 4>     0.0     0.0     0.0     0.0     0.0     0.0     0.0
s min # 5>     0.0     0.0     0.0     0.0     0.0     0.0     0.0
s min # 6>     0.0     0.0     0.0     0.0     0.0     0.0     0.0
s min # 7>     0.0     0.0     0.0     0.0     0.0     0.0     0.0
s min # 8>     0.0     0.0     0.0     0.0     0.0     0.0     0.0
xqcutij # 3>     0.0     0.0     0.0     0.0     0.0     0.0     0.0
xqcutij # 4>     0.0     0.0     0.0     0.0     0.0     0.0     0.0
xqcutij # 5>     0.0     0.0     0.0     0.0     0.0     0.0     0.0
xqcutij # 6>     0.0     0.0     0.0     0.0     0.0     0.0     0.0
xqcutij # 7>     0.0     0.0     0.0     0.0     0.0     0.0     0.0
xqcutij # 8>     0.0     0.0     0.0     0.0     0.0     0.0     0.0
 Excluding BW           -1           1
 Requiring BW           -2           2
 Requiring BW           -3           3
 Excluding BW           -4           4
 alpha_s for scale    1293.2644332236871       is    9.0349234809556603E-002
 Added good helicity            1   68.759003730119034       in event            1 local:           1
 Added good helicity           21   8.0431714858103023E-006  in event            1 local:           1
 Added good helicity           25   1.8105434277974616E-002  in event            1 local:           1
 Added good helicity           37   1.2769315196850439E-006  in event            1 local:           1
 Added good helicity           41   3.2985072523962350E-003  in event            1 local:           1
 Added good helicity           61   1.8577158712165587E-006  in event            1 local:           1
 Added good helicity          193   185.58477704381937       in event            1 local:           1
 Added good helicity          213   3.0588153808493943E-004  in event            1 local:           1
 Added good helicity          217   1.5169715841826090       in event            1 local:           1
 Added good helicity          229   1.1683353639313343E-006  in event            1 local:           1
 Added good helicity          233  0.11737435533852093       in event            1 local:           1
 Added good helicity          253   1.5111731776242313E-004  in event            1 local:           1
 Added good helicity            1   68.759003730072038       in event            1 local:           1
 Added good helicity           21   8.0431714858110664E-006  in event            1 local:           1
 Added good helicity           25   1.8105434277962341E-002  in event            1 local:           1
 Added good helicity           37   1.2769315196845480E-006  in event            1 local:           1
 Added good helicity           41   3.2985072523938727E-003  in event            1 local:           1
 Added good helicity           61   1.8577158712156051E-006  in event            1 local:           1
 Added good helicity          193   185.58477704386755       in event            1 local:           1
 Added good helicity          213   3.0588153808374757E-004  in event            1 local:           1
 Added good helicity          217   1.5169715841815825       in event            1 local:           1
 Added good helicity          229   1.1683353639295710E-006  in event            1 local:           1
 Added good helicity          233  0.11737435533843377       in event            1 local:           1
 Added good helicity          253   1.5111731776234775E-004  in event            1 local:           1
 RESET CUMULATIVE VARIABLE
 RESET CUMULATIVE VARIABLE
 RESET CUMULATIVE VARIABLE
 Iteration  1   Mean: 0.3251E-15 Abs mean: 0.3251E-15   Fluctuation:  0.170E-15   0.119E-12     0.4%
  1    0.3251E-15 0.3251E-15 +- 0.1698E-15     14.22
 Writing out events   1.3002309990281063E-017   14.217164179544625     
 Relative summed weights:
  0.6692E-02  0.2556E-01  0.1070E-02  0.1526E-02  0.0000E+00  0.0000E+00
  0.5341E-03  0.1165E-01  0.5843E-06  0.1642E-03  0.0000E+00  0.0000E+00
  0.1609E+00  0.3800E-01  0.4510E-08  0.1383E-04  0.0000E+00  0.0000E+00
  0.1261E+00  0.5911E-02  0.1361E-02  0.6771E-05  0.0000E+00  0.0000E+00
  0.7388E-04  0.1040E+00  0.5658E-03  0.4333E-04  0.0000E+00  0.0000E+00
  0.5485E-01  0.5892E-02  0.1472E-07  0.1070E-05  0.0000E+00  0.0000E+00
  0.4157E+00  0.2222E-01  0.2060E-05  0.6786E-05  0.0000E+00  0.0000E+00
  0.4240E-03  0.1355E-01  0.1255E-04  0.3192E-02  0.0000E+00  0.0000E+00
 Relative number of events:
  0.6267E-01  0.6533E-01  0.1067E-01  0.2667E-02  0.0000E+00  0.0000E+00
  0.5600E-01  0.6267E-01  0.5333E-02  0.8000E-02  0.0000E+00  0.0000E+00
  0.4933E-01  0.7200E-01  0.8000E-02  0.5333E-02  0.0000E+00  0.0000E+00
  0.6000E-01  0.5333E-01  0.1200E-01  0.9333E-02  0.0000E+00  0.0000E+00
  0.3867E-01  0.5600E-01  0.1333E-01  0.9333E-02  0.0000E+00  0.0000E+00
  0.4267E-01  0.4400E-01  0.5333E-02  0.9333E-02  0.0000E+00  0.0000E+00
  0.4133E-01  0.5600E-01  0.6667E-02  0.1333E-01  0.0000E+00  0.0000E+00
  0.4267E-01  0.5600E-01  0.9333E-02  0.1333E-01  0.0000E+00  0.0000E+00
 Events:
          47          49           8           2           0           0
          42          47           4           6           0           0
          37          54           6           4           0           0
          45          40           9           7           0           0
          29          42          10           7           0           0
          32          33           4           7           0           0
          31          42           5          10           0           0
          32          42           7          10           0           0
 Iteration  2   Mean: 0.1018E-14 Abs mean: 0.1018E-14   Fluctuation:  0.470E-15   0.892E-12    30.3%
  2    0.1018E-14 0.1018E-14 +- 0.4700E-15     20.66
 Relative summed weights:
  0.4455E-02  0.2426E-01  0.4213E-03  0.1099E-04  0.0000E+00  0.0000E+00
  0.2158E-01  0.1525E-01  0.4699E-04  0.3426E-03  0.0000E+00  0.2465E-08
  0.1824E-02  0.6671E-01  0.5279E-03  0.6156E-03  0.0000E+00  0.0000E+00
  0.7330E-01  0.5862E-01  0.9074E-04  0.6995E-01  0.0000E+00  0.0000E+00
  0.7337E-02  0.2936E-01  0.3543E-04  0.7195E-02  0.0000E+00  0.0000E+00
  0.7558E-02  0.8282E-01  0.5537E-03  0.3206E-04  0.0000E+00  0.0000E+00
  0.4587E-01  0.4445E+00  0.3665E-04  0.4278E-04  0.0000E+00  0.0000E+00
  0.1827E-01  0.1513E-01  0.1519E-02  0.1727E-02  0.0000E+00  0.0000E+00
 Relative number of events:
  0.4900E-01  0.5600E-01  0.7500E-02  0.5000E-02  0.0000E+00  0.0000E+00
  0.6950E-01  0.7150E-01  0.8500E-02  0.9000E-02  0.0000E+00  0.1000E-02
  0.6500E-01  0.6150E-01  0.6500E-02  0.9000E-02  0.0000E+00  0.0000E+00
  0.6500E-01  0.6600E-01  0.8500E-02  0.1050E-01  0.0000E+00  0.0000E+00
  0.4900E-01  0.3900E-01  0.7500E-02  0.1200E-01  0.0000E+00  0.0000E+00
  0.5000E-01  0.4300E-01  0.1200E-01  0.1000E-01  0.0000E+00  0.0000E+00
  0.4100E-01  0.3700E-01  0.9000E-02  0.1000E-01  0.0000E+00  0.0000E+00
  0.4400E-01  0.4850E-01  0.1000E-01  0.9000E-02  0.0000E+00  0.0000E+00
 Events:
          98         112          15          10           0           0
         139         143          17          18           0           2
         130         123          13          18           0           0
         130         132          17          21           0           0
          98          78          15          24           0           0
         100          86          24          20           0           0
          82          74          18          20           0           0
          88          97          20          18           0           0
 Iteration  3   Mean: 0.1852E-14 Abs mean: 0.1852E-14   Fluctuation:  0.844E-15   0.325E-11    68.8%
  3    0.1852E-14 0.1852E-14 +- 0.8445E-15     28.83
 Relative summed weights:
  0.1008E-01  0.3594E-01  0.1606E-01  0.3249E-03  0.0000E+00  0.0000E+00
  0.1012E-01  0.3860E-01  0.1533E-03  0.2937E-03  0.2246E-07  0.0000E+00
  0.1509E-01  0.1704E+00  0.1371E-03  0.1167E-02  0.0000E+00  0.0000E+00
  0.6302E-02  0.4489E+00  0.3070E-02  0.3496E-03  0.0000E+00  0.0000E+00
  0.1737E-01  0.1125E-01  0.7399E-04  0.1595E-03  0.0000E+00  0.0000E+00
  0.6021E-01  0.1870E-01  0.8200E-03  0.2096E-02  0.0000E+00  0.0000E+00
  0.3922E-01  0.2929E-01  0.1581E-01  0.5924E-02  0.0000E+00  0.0000E+00
  0.2093E-01  0.2059E-01  0.2288E-03  0.3520E-03  0.0000E+00  0.0000E+00
 Relative number of events:
  0.6750E-01  0.6600E-01  0.8750E-02  0.5500E-02  0.0000E+00  0.0000E+00
  0.6750E-01  0.6375E-01  0.7000E-02  0.5500E-02  0.2500E-03  0.0000E+00
  0.6675E-01  0.6975E-01  0.6500E-02  0.8750E-02  0.0000E+00  0.0000E+00
  0.6475E-01  0.6250E-01  0.7500E-02  0.8250E-02  0.0000E+00  0.0000E+00
  0.4300E-01  0.4850E-01  0.6500E-02  0.8750E-02  0.0000E+00  0.0000E+00
  0.4600E-01  0.3900E-01  0.8500E-02  0.8750E-02  0.0000E+00  0.0000E+00
  0.4300E-01  0.4800E-01  0.9000E-02  0.8000E-02  0.0000E+00  0.0000E+00
  0.4175E-01  0.4000E-01  0.7250E-02  0.7500E-02  0.0000E+00  0.0000E+00
 Events:
         270         264          35          22           0           0
         270         255          28          22           1           0
         267         279          26          35           0           0
         259         250          30          33           0           0
         172         194          26          35           0           0
         184         156          34          35           0           0
         172         192          36          32           0           0
         167         160          29          30           0           0
 Accuracy:    0.384   0.100   0.276   1.937
 Found          122  events.
 Wrote            3  events.
 Actual xsec    1.1298283287438301E-015
 Correct abs xsec    1.1298283287438301E-015
 Event xsec    1.1298283287438301E-015
 Events wgts > 1:            0
 % Cross section > 1:    0.0000000000000000        0.0000000000000000     
 Iteration  4   Mean: 0.3082E-14 Abs mean: 0.3082E-14   Fluctuation:  0.130E-14   0.881E-11    73.3%
  4    0.3082E-14 0.3082E-14 +- 0.1301E-14     37.76
 Relative summed weights:
  0.1360E-01  0.7936E-01  0.2542E-02  0.8281E-03  0.0000E+00  0.0000E+00
  0.6583E-02  0.1688E-01  0.2885E-02  0.7568E-03  0.1070E-07  0.0000E+00
  0.1310E-01  0.2126E-01  0.1313E-03  0.3576E+00  0.1357E-07  0.0000E+00
  0.1071E-01  0.7951E-01  0.7092E-03  0.4522E-03  0.0000E+00  0.6510E-10
  0.7759E-01  0.8266E-02  0.2958E-02  0.9132E-03  0.0000E+00  0.0000E+00
  0.6660E-02  0.2118E+00  0.1361E-02  0.1677E-02  0.2556E-07  0.0000E+00
  0.2058E-01  0.7625E-02  0.4263E-03  0.9950E-04  0.0000E+00  0.0000E+00
  0.1568E-01  0.3669E-01  0.3623E-03  0.3999E-03  0.0000E+00  0.0000E+00
 Relative number of events:
  0.6813E-01  0.6550E-01  0.7375E-02  0.7250E-02  0.0000E+00  0.0000E+00
  0.6438E-01  0.6300E-01  0.7625E-02  0.7250E-02  0.1250E-03  0.0000E+00
  0.6738E-01  0.5838E-01  0.7000E-02  0.6500E-02  0.1250E-03  0.0000E+00
  0.6488E-01  0.7100E-01  0.5500E-02  0.6500E-02  0.0000E+00  0.1250E-03
  0.4300E-01  0.4238E-01  0.7875E-02  0.5500E-02  0.0000E+00  0.0000E+00
  0.4675E-01  0.4612E-01  0.7375E-02  0.1063E-01  0.1250E-03  0.0000E+00
  0.4400E-01  0.4688E-01  0.7500E-02  0.8375E-02  0.0000E+00  0.0000E+00
  0.4312E-01  0.4512E-01  0.9375E-02  0.7875E-02  0.0000E+00  0.0000E+00
 Events:
         545         524          59          58           0           0
         515         504          61          58           1           0
         539         467          56          52           1           0
         519         568          44          52           0           1
         344         339          63          44           0           0
         374         369          59          85           1           0
         352         375          60          67           0           0
         345         361          75          63           0           0
 Accuracy:    0.347   0.100   0.231   2.264
 Found          194  events.
 Wrote            1  events.
 Actual xsec    2.0500161044256734E-015
 Correct abs xsec    2.0500161044256734E-015
 Event xsec    2.0500161044256734E-015
 Events wgts > 1:            0
 % Cross section > 1:    0.0000000000000000        0.0000000000000000     
 Iteration  5   Mean: 0.1859E-14 Abs mean: 0.1859E-14   Fluctuation:  0.404E-15   0.559E-11    75.6%
  5    0.1859E-14 0.1859E-14 +- 0.4044E-15     27.51
 Relative summed weights:
  0.1830E-01  0.8385E-01  0.5262E-02  0.1652E-02  0.0000E+00  0.0000E+00
  0.1930E-01  0.2114E-01  0.1626E-02  0.3499E-03  0.0000E+00  0.1294E-10
  0.3224E-01  0.7769E-01  0.2885E-02  0.6748E-03  0.7278E-09  0.5334E-05
  0.3852E-01  0.5480E-01  0.5119E-03  0.1921E-01  0.0000E+00  0.1004E-07
  0.3586E-01  0.6888E-01  0.2908E-02  0.1883E-02  0.4852E-06  0.1654E-08
  0.3171E-01  0.6455E-01  0.3523E-02  0.8253E-02  0.0000E+00  0.2643E-11
  0.2503E-01  0.2360E-01  0.3958E-02  0.1664E-02  0.0000E+00  0.9437E-10
  0.4773E-01  0.1028E+00  0.1932E+00  0.6397E-02  0.5087E-08  0.2333E-09
 Relative number of events:
  0.6181E-01  0.6513E-01  0.5938E-02  0.7063E-02  0.0000E+00  0.0000E+00
  0.6294E-01  0.6519E-01  0.6375E-02  0.6500E-02  0.0000E+00  0.6250E-04
  0.6719E-01  0.6769E-01  0.6125E-02  0.6375E-02  0.6250E-04  0.6250E-04
  0.6419E-01  0.6319E-01  0.7313E-02  0.6875E-02  0.0000E+00  0.6250E-04
  0.4612E-01  0.4738E-01  0.9125E-02  0.8500E-02  0.6250E-04  0.6250E-04
  0.4606E-01  0.4813E-01  0.6938E-02  0.7562E-02  0.0000E+00  0.6250E-04
  0.4394E-01  0.4619E-01  0.6437E-02  0.6938E-02  0.0000E+00  0.6250E-04
  0.4494E-01  0.4487E-01  0.8000E-02  0.8375E-02  0.6250E-04  0.6250E-04
 Events:
         989        1042          95         113           0           0
        1007        1043         102         104           0           1
        1075        1083          98         102           1           1
        1027        1011         117         110           0           1
         738         758         146         136           1           1
         737         770         111         121           0           1
         703         739         103         111           0           1
         719         718         128         134           1           1
 Accuracy:    0.198   0.100   0.158   1.571
 Found          367  events.
 Wrote            3  events.
 Actual xsec    2.0756539893263189E-015
 Correct abs xsec    2.0756539893263189E-015
 Event xsec    2.0756539893263185E-015
 Events wgts > 1:            1
 % Cross section > 1:    6.4596719403798751E-023   3.1121140486793992E-006

 -------------------------------------------------------------------------------
 Accumulated results:   Integral =  0.1791E-14
                        Std dev  =  0.2834E-15
                       Cross sec =  0.1791E-14
             Chi**2 per DoF.     =      1.5711
 -------------------------------------------------------------------------------
-------------------------------------------------
---------------------------
 Results Last   3 iters: Integral =   0.2076E-14
                     Abs integral =   0.2076E-14
                          Std dev =   0.3695E-15
                  Chi**2 per DoF. =      0.4770
-------------------------------------------------
---------------------------
 Status  0.10000000000000001                6           5

ls status:
events.lhe
ftn26
input_app.txt
results.dat
run1_app.log
