 Process in group number            1
 A PDF is used, so alpha_s(MZ) is going to be modified
 Old value of alpha_s from param_card:   0.11839999999999999     
  ****************************************
 
       NNPDFDriver version 1.0.3
   Grid: NNPDF23_lo_as_0130_qed_mem0.grid
  ****************************************
 New value of alpha_s from PDF nn23lo1:  0.13000000000000000     
 Define smin to   1600.0000000000000     
 Define smin to   1600.0000000000000     
 Define smin to   1600.0000000000000     
 *****************************************************
 *               MadGraph/MadEvent                   *
 *        --------------------------------           *
 *          http://madgraph.hep.uiuc.edu             *
 *          http://madgraph.phys.ucl.ac.be           *
 *          http://madgraph.roma2.infn.it            *
 *        --------------------------------           *
 *                                                   *
 *          PARAMETER AND COUPLING VALUES            *
 *                                                   *
 *****************************************************

  External Params
  ---------------------------------
  
 mdl_VeN1 =    1.0000000000000000     
 mdl_VeN2 =    0.0000000000000000     
 mdl_VeN3 =    0.0000000000000000     
 mdl_VmuN1 =    0.0000000000000000     
 mdl_VmuN2 =    1.0000000000000000     
 mdl_VmuN3 =    0.0000000000000000     
 mdl_VtaN1 =    0.0000000000000000     
 mdl_VtaN2 =    0.0000000000000000     
 mdl_VtaN3 =    1.0000000000000000     
 mdl_VN1N1 =    1.0000000000000000     
 mdl_VN1N2 =    1.0000000000000000     
 mdl_VN1N3 =    1.0000000000000000     
 mdl_VN2N2 =    1.0000000000000000     
 mdl_VN2N3 =    1.0000000000000000     
 mdl_VN3N3 =    1.0000000000000000     
 aEWM1 =    127.90000000000001     
 mdl_Gf =    1.1663700000000000E-005
 aS =   0.11839999999999999     
 mdl_ymt =    172.00000000000000     
 mdl_vevf =    50.000000000000000     
 mdl_MZ =    91.187600000000003     
 mdl_MT =    172.00000000000000     
 mdl_MH =    125.00000000000000     
 mdl_mN1 =    2000.0000000000000     
 mdl_mN2 =    2100.0000000000000     
 mdl_mN3 =    2200.0000000000000     
 mdl_MJ =    91.187600000000003     
 mdl_MAx =    173.04800000000000     
 mdl_WZ =    2.4952000000000001     
 mdl_WW =    2.0850000000000000     
 mdl_WT =    1.5083359999999999     
 mdl_WH =    4.0699999999999998E-003
 mdl_WN1 =   0.30299999999999999     
 mdl_WN2 =    1.5000000000000000     
 mdl_WN3 =    12.300000000000001     
 mdl_WJ =    2.4952000000000001     
 mdl_WAx =    4.1700000000000001E-003
  Internal Params
  ---------------------------------
  
 mdl_vevf__exp__2 =    2500.0000000000000     
 mdl_sqrt__vevf__exp__2 =    50.000000000000000     
 mdl_muJ =    50.000000000000000     
 mdl_MZ__exp__2 =    8315.1783937600012     
 mdl_MZ__exp__4 =    69142191.720053151     
 mdl_sqrt__2 =    1.4142135623730951     
 mdl_MJ__exp__2 =    8315.1783937600012     
 mdl_muJ__exp__2 =    2500.0000000000000     
 mdl_lamJ =    4.3260713575040004     
 mdl_MH__exp__2 =    15625.000000000000     
 mdl_complexi =  (  0.0000000000000000     ,  1.0000000000000000     )
 mdl_aEW =    7.8186082877247844E-003
 mdl_MW =    79.824359746197842     
 mdl_sqrt__aEW =    8.8422894590285753E-002
 mdl_ee =   0.31345100004952897     
 mdl_MW__exp__2 =    6371.9284088904105     
 mdl_sw2 =   0.23369913342182447     
 mdl_cw =   0.87538612427783857     
 mdl_sqrt__sw2 =   0.48342438232036300     
 mdl_sw =   0.48342438232036300     
 mdl_g1 =   0.35807170271074895     
 mdl_gN =   0.64839716719502682     
 mdl_gw =   0.64839716719502682     
 mdl_vev =    246.22056907348590     
 mdl_vev__exp__2 =    60624.568634871241     
 mdl_lam =   0.12886689630821144     
 mdl_yt =   0.98791394091683138     
 mdl_muH =    88.388347648318444     
 mdl_I2a33 =  ( 0.98791394091683138     ,  0.0000000000000000     )
 mdl_I3a33 =  ( 0.98791394091683138     ,  0.0000000000000000     )
 mdl_ee__exp__2 =    9.8251529432049817E-002
 mdl_sw__exp__2 =   0.23369913342182450     
 mdl_cw__exp__2 =   0.76630086657817542     
  Internal Params evaluated point by point
  ----------------------------------------
  
 mdl_sqrt__aS =   0.34409301068170506     
 mdl_G__exp__2 =    1.4878582807401259     
  Couplings of SM_HeavyN_UFO
  ---------------------------------
  
         GC_1 =  -0.00000E+00  -0.10448E+00
         GC_2 =   0.00000E+00   0.20897E+00
         GC_3 =  -0.00000E+00  -0.31345E+00
         GC_4 =   0.00000E+00   0.31345E+00
        GC_26 =   0.00000E+00   0.45849E+00
        GC_27 =  -0.00000E+00  -0.28380E+00
        GC_28 =   0.00000E+00   0.28380E+00
        GC_30 =   0.00000E+00   0.56760E+00
        GC_35 =  -0.00000E+00  -0.28850E-01
        GC_37 =   0.00000E+00   0.17310E+00
        GC_39 =   0.00000E+00  -0.19725E+00
        GC_40 =   0.00000E+00   0.37035E+00
        GC_80 =   0.00000E+00   0.67543E+02
       GC_107 =  -0.00000E+00  -0.74070E+00
       GC_109 =  -0.00000E+00  -0.74070E+00
       GC_111 =  -0.00000E+00  -0.74070E+00
       GC_113 =  -0.00000E+00  -0.74070E+00
       GC_115 =  -0.00000E+00  -0.74070E+00
       GC_117 =  -0.00000E+00  -0.74070E+00
       GC_119 =   0.00000E+00   0.00000E+00
       GC_120 =   0.00000E+00   0.00000E+00
       GC_122 =  -0.00000E+00  -0.00000E+00
       GC_126 =   0.00000E+00   0.00000E+00
       GC_127 =   0.00000E+00   0.00000E+00
       GC_129 =  -0.00000E+00  -0.00000E+00
       GC_133 =   0.00000E+00   0.45849E+00
       GC_134 =   0.00000E+00   0.37035E+00
       GC_136 =  -0.00000E+00  -0.89351E+01
        GC_81 =   0.40000E+02   0.00000E+00
        GC_82 =   0.42000E+02   0.00000E+00
        GC_83 =   0.44000E+02   0.00000E+00

 Collider parameters:
 --------------------

 Running at P P   machine @    13000.000000000000       GeV
 PDF set = nn23lo1
 alpha_s(Mz)= 0.1300 running at 2 loops.
 alpha_s(Mz)= 0.1300 running at 2 loops.
 Renormalization scale set on event-by-event basis
 Factorization   scale set on event-by-event basis


 getting user params
Enter number of events and max and min iterations: 
 Number of events and iterations         1000           5           3
Enter desired fractional accuracy: 
 Desired fractional accuracy:   0.10000000000000001     
Enter 0 for fixed, 2 for adjustable grid: 
Suppress amplitude (0 no, 1 yes)? 
 Using suppressed amplitude.
Exact helicity sum (0 yes, n = number/event)? 
 Explicitly summing over helicities
Enter Configuration Number: 
Running Configuration Number:  393
 Using dconfig=         608
 BW Setting            2           1           1           1           1           2           0
 Attempting mappinvarients           1           9
 Completed mapping           9
 about to integrate           19        1000           5           3          19           1
 Using non-zero grid deformation.
 19 dimensions   1000 events 19 invarients  5 iterations  1 config(s),  (0.99)
 Using h-tuple random number sequence.
 Error opening grid
 Using Uniform Grid!          36
 Using uniform alpha   1.0000000000000000     
 Grid defined OK
 Set CM energy to      13000.00
 Mapping Graph         393  to config         393
Setting grid   1    0.75740E-07   1
 Setting BW          -2           2   2200.0000000000000     
 Setting BW          -3           3   2200.0000000000000     
 Setting BW          -4           4   79.824359746197842     
 Setting BW          -5           5   2200.0000000000000     
Setting grid   6    0.11291E+00   1
 Transforming s_hat 1/s           18  0.11290569768517021        1600.0000000000000        168999999.99999997     
 393   1   2   3   4   5   6   7   8   9  10  11  12  13  14
  15  16  17  18  19
 Masses: 0.000E+00 0.000E+00 0.000E+00 0.000E+00 0.000E+00 0.000E+00 0.000E+00 0.000E+00 0.912E+02
Using random seed offsets   393 :      1
  with seed                   24
 Ranmar initialization seeds         123        9398
 
 ********************************************
 * You are using the DiscreteSampler module *
 *      part of the MG5_aMC framework       *
 *         Author: Valentin Hirschi         *
 ********************************************
 
  Particle       3       4       5       6       7       8       9
      Et >    10.0    10.0    10.0    10.0     0.0     0.0     0.0
       E >     0.0     0.0     0.0     0.0     0.0     0.0     0.0
     Eta <     2.5     2.5     2.5     2.5    -1.0    -1.0    -1.0
   xqcut:      0.0     0.0     0.0     0.0     0.0     0.0     0.0
d R # 3  >    -0.0     0.4     0.4     0.4     0.0     0.0     0.0
d R # 4  >    -0.0    -0.0     0.4     0.4     0.0     0.0     0.0
d R # 5  >    -0.0    -0.0    -0.0     0.4     0.0     0.0     0.0
d R # 6  >    -0.0    -0.0    -0.0    -0.0     0.0     0.0     0.0
d R # 7  >    -0.0    -0.0    -0.0    -0.0    -0.0     0.0     0.0
d R # 8  >    -0.0    -0.0    -0.0    -0.0    -0.0    -0.0     0.0
s min # 3>     0.0     0.0     0.0     0.0     0.0     0.0     0.0
s min # 4>     0.0     0.0     0.0     0.0     0.0     0.0     0.0
s min # 5>     0.0     0.0     0.0     0.0     0.0     0.0     0.0
s min # 6>     0.0     0.0     0.0     0.0     0.0     0.0     0.0
s min # 7>     0.0     0.0     0.0     0.0     0.0     0.0     0.0
s min # 8>     0.0     0.0     0.0     0.0     0.0     0.0     0.0
xqcutij # 3>     0.0     0.0     0.0     0.0     0.0     0.0     0.0
xqcutij # 4>     0.0     0.0     0.0     0.0     0.0     0.0     0.0
xqcutij # 5>     0.0     0.0     0.0     0.0     0.0     0.0     0.0
xqcutij # 6>     0.0     0.0     0.0     0.0     0.0     0.0     0.0
xqcutij # 7>     0.0     0.0     0.0     0.0     0.0     0.0     0.0
xqcutij # 8>     0.0     0.0     0.0     0.0     0.0     0.0     0.0
 Excluding BW           -1           1
 Requiring BW           -2           2
 Requiring BW           -3           3
 Requiring BW           -4           4
 Requiring BW           -5           5
 Excluding BW           -6           6
 alpha_s for scale    4693.8653833460467       is    7.8775485396105252E-002
 Added good helicity            1   2.5012090940561120       in event            1 local:           1
 Added good helicity           37   2.0510970766677457E-008  in event            1 local:           1
 Added good helicity           41  0.22360354492949988       in event            1 local:           1
 Added good helicity          193   237.54199622715100       in event            1 local:           1
 Added good helicity          229   4.4204579908903813E-008  in event            1 local:           1
 Added good helicity          233   15.733191064454417       in event            1 local:           1
 Added good helicity            1   2.5012090940558647       in event            1 local:           1
 Added good helicity           37   2.0510970766680594E-008  in event            1 local:           1
 Added good helicity           41  0.22360354492943618       in event            1 local:           1
 Added good helicity          193   237.54199622714964       in event            1 local:           1
 Added good helicity          229   4.4204579908842555E-008  in event            1 local:           1
 Added good helicity          233   15.733191064456102       in event            1 local:           1
 Added good helicity           25   1.0919865107861053E-006  in event            4 local:           2
 Added good helicity          217   1.2033584412084357E-006  in event            4 local:           2
 Added good helicity           25   1.0919865107837652E-006  in event            4 local:           2
 Added good helicity          217   1.2033584412034720E-006  in event            4 local:           2
 Added good helicity           21   1.0919865107861195E-006  in event           10 local:           4
 Added good helicity          213   1.2033584412084513E-006  in event           10 local:           4
 Added good helicity           21   1.0919865107837741E-006  in event           10 local:           4
 Added good helicity          213   1.2033584412034818E-006  in event           10 local:           4
 RESET CUMULATIVE VARIABLE
 RESET CUMULATIVE VARIABLE
 RESET CUMULATIVE VARIABLE
 Iteration  1   Mean: 0.2070E-12 Abs mean: 0.2070E-12   Fluctuation:  0.915E-13   0.206E-10     0.2%
  1    0.2070E-12 0.2070E-12 +- 0.9148E-13      7.71
 Writing out events   8.2797352473082575E-015   7.7056234530341641     
 Relative summed weights:
  0.1206E-06  0.6611E-02  0.7089E-04  0.1133E-05  0.0000E+00  0.0000E+00
  0.1214E-01  0.3574E-02  0.2775E-03  0.1330E-03  0.0000E+00  0.0000E+00
  0.4055E-03  0.1127E-01  0.6118E-05  0.5864E-03  0.0000E+00  0.0000E+00
  0.1416E-01  0.1561E-02  0.1751E-01  0.3221E-02  0.0000E+00  0.0000E+00
  0.1405E-07  0.4411E-04  0.3924E-05  0.7776E-02  0.0000E+00  0.0000E+00
  0.1540E-02  0.9231E-01  0.3321E-03  0.5614E-08  0.0000E+00  0.0000E+00
  0.1023E+00  0.1051E-01  0.2414E+00  0.1495E-02  0.0000E+00  0.0000E+00
  0.3224E-01  0.1422E+00  0.2948E+00  0.1507E-02  0.0000E+00  0.0000E+00
 Relative number of events:
  0.6390E-02  0.2875E-01  0.1597E-01  0.6390E-02  0.0000E+00  0.0000E+00
  0.8307E-01  0.5112E-01  0.3514E-01  0.2556E-01  0.0000E+00  0.0000E+00
  0.1278E-01  0.2556E-01  0.3195E-02  0.1278E-01  0.0000E+00  0.0000E+00
  0.7668E-01  0.4473E-01  0.4473E-01  0.3195E-01  0.0000E+00  0.0000E+00
  0.9585E-02  0.1597E-01  0.9585E-02  0.3195E-02  0.0000E+00  0.0000E+00
  0.1917E-01  0.2236E-01  0.6390E-02  0.3195E-02  0.0000E+00  0.0000E+00
  0.5751E-01  0.7029E-01  0.4153E-01  0.3195E-01  0.0000E+00  0.0000E+00
  0.7987E-01  0.6709E-01  0.3514E-01  0.2236E-01  0.0000E+00  0.0000E+00
 Events:
           2           9           5           2           0           0
          26          16          11           8           0           0
           4           8           1           4           0           0
          24          14          14          10           0           0
           3           5           3           1           0           0
           6           7           2           1           0           0
          18          22          13          10           0           0
          25          21          11           7           0           0
 Iteration  2   Mean: 0.1479E-11 Abs mean: 0.1479E-11   Fluctuation:  0.611E-12   0.102E-08    13.7%
  2    0.1479E-11 0.1479E-11 +- 0.6113E-12     18.49
 Relative summed weights:
  0.4252E-02  0.1512E-02  0.1148E-02  0.2389E-04  0.0000E+00  0.0000E+00
  0.3056E-01  0.1674E+00  0.2210E-01  0.7276E-02  0.0000E+00  0.0000E+00
  0.1593E-01  0.4224E-03  0.1664E-02  0.2256E-03  0.0000E+00  0.0000E+00
  0.4668E-02  0.1661E-02  0.1381E-02  0.2224E-02  0.0000E+00  0.0000E+00
  0.2213E-01  0.3578E+00  0.4284E-01  0.2497E-01  0.0000E+00  0.0000E+00
  0.4890E-01  0.1598E+00  0.2746E-02  0.5344E-02  0.0000E+00  0.0000E+00
  0.1647E-01  0.7439E-02  0.1251E-01  0.1413E-02  0.0000E+00  0.0000E+00
  0.2383E-01  0.5575E-02  0.6611E-03  0.5128E-02  0.0000E+00  0.0000E+00
 Relative number of events:
  0.2450E-01  0.2500E-01  0.7000E-02  0.5500E-02  0.0000E+00  0.0000E+00
  0.6550E-01  0.6150E-01  0.2950E-01  0.2550E-01  0.0000E+00  0.0000E+00
  0.3000E-01  0.2450E-01  0.6000E-02  0.7000E-02  0.0000E+00  0.0000E+00
  0.6700E-01  0.7000E-01  0.2000E-01  0.2850E-01  0.0000E+00  0.0000E+00
  0.2650E-01  0.3200E-01  0.1200E-01  0.5500E-02  0.0000E+00  0.0000E+00
  0.2200E-01  0.2050E-01  0.5500E-02  0.9500E-02  0.0000E+00  0.0000E+00
  0.7000E-01  0.6100E-01  0.2150E-01  0.2450E-01  0.0000E+00  0.0000E+00
  0.6450E-01  0.7050E-01  0.2900E-01  0.2850E-01  0.0000E+00  0.0000E+00
 Events:
          49          50          14          11           0           0
         131         123          59          51           0           0
          60          49          12          14           0           0
         134         140          40          57           0           0
          53          64          24          11           0           0
          44          41          11          19           0           0
         140         122          43          49           0           0
         129         141          58          57           0           0
 Iteration  3   Mean: 0.3141E-11 Abs mean: 0.3141E-11   Fluctuation:  0.101E-11   0.272E-08    26.3%
  3    0.3141E-11 0.3141E-11 +- 0.1007E-11     20.27
 Relative summed weights:
  0.3171E-02  0.6697E-02  0.1052E-01  0.1418E-02  0.0000E+00  0.0000E+00
  0.4086E-02  0.3191E-01  0.7284E-03  0.4981E-03  0.0000E+00  0.0000E+00
  0.1189E+00  0.6470E-01  0.9635E-03  0.2071E-03  0.0000E+00  0.0000E+00
  0.4170E-02  0.1405E-01  0.1514E+00  0.8051E-01  0.0000E+00  0.0000E+00
  0.3704E-01  0.8091E-02  0.4416E-01  0.9533E-04  0.0000E+00  0.0000E+00
  0.1069E-01  0.4974E-02  0.4304E-01  0.2194E-02  0.0000E+00  0.0000E+00
  0.1724E-01  0.2192E+00  0.1019E-01  0.8772E-01  0.0000E+00  0.0000E+00
  0.1153E-01  0.5761E-02  0.1624E-02  0.2398E-02  0.0000E+00  0.0000E+00
 Relative number of events:
  0.2575E-01  0.2225E-01  0.8750E-02  0.6750E-02  0.0000E+00  0.0000E+00
  0.6325E-01  0.5950E-01  0.2675E-01  0.2600E-01  0.0000E+00  0.0000E+00
  0.2575E-01  0.2375E-01  0.9000E-02  0.8250E-02  0.0000E+00  0.0000E+00
  0.6750E-01  0.6300E-01  0.2625E-01  0.2850E-01  0.0000E+00  0.0000E+00
  0.2550E-01  0.2575E-01  0.8250E-02  0.7250E-02  0.0000E+00  0.0000E+00
  0.2350E-01  0.2725E-01  0.9750E-02  0.7250E-02  0.0000E+00  0.0000E+00
  0.6675E-01  0.6100E-01  0.2550E-01  0.2650E-01  0.0000E+00  0.0000E+00
  0.6375E-01  0.6725E-01  0.2900E-01  0.3475E-01  0.0000E+00  0.0000E+00
 Events:
         103          89          35          27           0           0
         253         238         107         104           0           0
         103          95          36          33           0           0
         270         252         105         114           0           0
         102         103          33          29           0           0
          94         109          39          29           0           0
         267         244         102         106           0           0
         255         269         116         139           0           0
 Accuracy:    0.442   0.100   0.220   4.050
 Found          175  events.
 Wrote            2  events.
 Actual xsec    1.9458418322464071E-012
 Correct abs xsec    1.9458418322464071E-012
 Event xsec    1.9458418322464071E-012
 Events wgts > 1:            0
 % Cross section > 1:    0.0000000000000000        0.0000000000000000     
 Iteration  4   Mean: 0.2346E-11 Abs mean: 0.2346E-11   Fluctuation:  0.534E-12   0.289E-08    26.1%
  4    0.2346E-11 0.2346E-11 +- 0.5338E-12     20.35
 Relative summed weights:
  0.9788E-02  0.1558E-01  0.1132E-02  0.2662E-02  0.0000E+00  0.0000E+00
  0.2111E-01  0.9850E-02  0.1625E-01  0.1328E-01  0.0000E+00  0.0000E+00
  0.2333E-01  0.2041E-01  0.2159E-02  0.5879E-02  0.0000E+00  0.0000E+00
  0.2903E-01  0.4997E-01  0.4839E-02  0.1818E-02  0.0000E+00  0.0000E+00
  0.1747E-01  0.2096E-01  0.9518E-02  0.1259E+00  0.0000E+00  0.0000E+00
  0.4982E-02  0.2054E+00  0.1589E+00  0.6903E-02  0.0000E+00  0.0000E+00
  0.7220E-02  0.6945E-02  0.1100E-01  0.2123E-01  0.0000E+00  0.0000E+00
  0.5311E-01  0.9207E-01  0.1773E-01  0.1354E-01  0.0000E+00  0.0000E+00
 Relative number of events:
  0.2350E-01  0.2800E-01  0.7375E-02  0.8000E-02  0.0000E+00  0.0000E+00
  0.6475E-01  0.6800E-01  0.2925E-01  0.2513E-01  0.0000E+00  0.0000E+00
  0.2363E-01  0.2513E-01  0.6500E-02  0.8250E-02  0.0000E+00  0.0000E+00
  0.6288E-01  0.6675E-01  0.2675E-01  0.2438E-01  0.0000E+00  0.0000E+00
  0.2838E-01  0.2738E-01  0.8000E-02  0.7500E-02  0.0000E+00  0.0000E+00
  0.2250E-01  0.2500E-01  0.8250E-02  0.1000E-01  0.0000E+00  0.0000E+00
  0.6363E-01  0.6663E-01  0.2475E-01  0.2625E-01  0.0000E+00  0.0000E+00
  0.6300E-01  0.6288E-01  0.3050E-01  0.2712E-01  0.0000E+00  0.0000E+00
 Events:
         188         224          59          64           0           0
         518         544         234         201           0           0
         189         201          52          66           0           0
         503         534         214         195           0           0
         227         219          64          60           0           0
         180         200          66          80           0           0
         509         533         198         210           0           0
         504         503         244         217           0           0
 Accuracy:    0.242   0.100   0.158   2.351
 Found          311  events.
 Wrote            9  events.
 Actual xsec    2.4222764961713425E-012
 Correct abs xsec    2.4222764961713425E-012
 Event xsec    2.4222764961713417E-012
 Events wgts > 1:            0
 % Cross section > 1:    0.0000000000000000        0.0000000000000000     
 Iteration  5   Mean: 0.3488E-11 Abs mean: 0.3488E-11   Fluctuation:  0.670E-12   0.764E-08    24.2%
  5    0.3488E-11 0.3488E-11 +- 0.6701E-12     24.30
 Relative summed weights:
  0.1734E-01  0.1795E-01  0.1135E-01  0.3223E-01  0.0000E+00  0.0000E+00
  0.2712E-01  0.1451E-01  0.6909E-02  0.2497E-01  0.0000E+00  0.5634E-07
  0.1030E-01  0.1258E+00  0.2912E-01  0.6333E-02  0.0000E+00  0.0000E+00
  0.4114E-01  0.2450E-01  0.1285E-01  0.2565E-01  0.0000E+00  0.0000E+00
  0.2671E-01  0.2816E-01  0.1112E-01  0.6041E-01  0.0000E+00  0.0000E+00
  0.2095E-01  0.2255E-01  0.1103E-01  0.1029E-01  0.0000E+00  0.0000E+00
  0.4711E-01  0.6719E-01  0.6599E-02  0.1259E-01  0.0000E+00  0.1109E-07
  0.1840E+00  0.3339E-01  0.2056E-01  0.9261E-02  0.0000E+00  0.0000E+00
 Relative number of events:
  0.2350E-01  0.2519E-01  0.8188E-02  0.9437E-02  0.0000E+00  0.0000E+00
  0.6025E-01  0.6244E-01  0.2856E-01  0.2875E-01  0.0000E+00  0.6250E-04
  0.2650E-01  0.2456E-01  0.7063E-02  0.8438E-02  0.0000E+00  0.0000E+00
  0.6263E-01  0.6656E-01  0.2775E-01  0.2981E-01  0.0000E+00  0.0000E+00
  0.2531E-01  0.2681E-01  0.7000E-02  0.7750E-02  0.0000E+00  0.0000E+00
  0.2438E-01  0.2637E-01  0.7000E-02  0.8063E-02  0.0000E+00  0.0000E+00
  0.6075E-01  0.6481E-01  0.3037E-01  0.2675E-01  0.0000E+00  0.6250E-04
  0.6244E-01  0.6519E-01  0.2681E-01  0.3044E-01  0.0000E+00  0.0000E+00
 Events:
         376         403         131         151           0           0
         964         999         457         460           0           1
         424         393         113         135           0           0
        1002        1065         444         477           0           0
         405         429         112         124           0           0
         390         422         112         129           0           0
         972        1037         486         428           0           1
         999        1043         429         487           0           0
 Accuracy:    0.179   0.100   0.122   2.141
 Found         1095  events.
 Wrote            9  events.
 Actual xsec    3.0348509806087808E-012
 Correct abs xsec    3.0348509806087808E-012
 Event xsec    3.0348509806087816E-012
 Events wgts > 1:            0
 % Cross section > 1:    0.0000000000000000        0.0000000000000000     

 -------------------------------------------------------------------------------
 Accumulated results:   Integral =  0.2683E-11
                        Std dev  =  0.3276E-12
                       Cross sec =  0.2683E-11
             Chi**2 per DoF.     =      2.1407
 -------------------------------------------------------------------------------
-------------------------------------------------
---------------------------
 Results Last   3 iters: Integral =   0.3035E-11
                     Abs integral =   0.3035E-11
                          Std dev =   0.4051E-12
                  Chi**2 per DoF. =      1.0672
-------------------------------------------------
---------------------------
 Status  0.10000000000000001                6           5

ls status:
events.lhe
ftn26
input_app.txt
results.dat
run1_app.log
