 Process in group number            1
 A PDF is used, so alpha_s(MZ) is going to be modified
 Old value of alpha_s from param_card:   0.11839999999999999     
  ****************************************
 
       NNPDFDriver version 1.0.3
   Grid: NNPDF23_lo_as_0130_qed_mem0.grid
  ****************************************
 New value of alpha_s from PDF nn23lo1:  0.13000000000000000     
 Define smin to   1600.0000000000000     
 Define smin to   1600.0000000000000     
 Define smin to   1600.0000000000000     
 *****************************************************
 *               MadGraph/MadEvent                   *
 *        --------------------------------           *
 *          http://madgraph.hep.uiuc.edu             *
 *          http://madgraph.phys.ucl.ac.be           *
 *          http://madgraph.roma2.infn.it            *
 *        --------------------------------           *
 *                                                   *
 *          PARAMETER AND COUPLING VALUES            *
 *                                                   *
 *****************************************************

  External Params
  ---------------------------------
  
 mdl_VeN1 =    1.0000000000000000     
 mdl_VeN2 =    0.0000000000000000     
 mdl_VeN3 =    0.0000000000000000     
 mdl_VmuN1 =    0.0000000000000000     
 mdl_VmuN2 =    1.0000000000000000     
 mdl_VmuN3 =    0.0000000000000000     
 mdl_VtaN1 =    0.0000000000000000     
 mdl_VtaN2 =    0.0000000000000000     
 mdl_VtaN3 =    1.0000000000000000     
 mdl_VN1N1 =    1.0000000000000000     
 mdl_VN1N2 =    1.0000000000000000     
 mdl_VN1N3 =    1.0000000000000000     
 mdl_VN2N2 =    1.0000000000000000     
 mdl_VN2N3 =    1.0000000000000000     
 mdl_VN3N3 =    1.0000000000000000     
 aEWM1 =    127.90000000000001     
 mdl_Gf =    1.1663700000000000E-005
 aS =   0.11839999999999999     
 mdl_ymt =    172.00000000000000     
 mdl_vevf =    50.000000000000000     
 mdl_MZ =    91.187600000000003     
 mdl_MT =    172.00000000000000     
 mdl_MH =    125.00000000000000     
 mdl_mN1 =    2000.0000000000000     
 mdl_mN2 =    2100.0000000000000     
 mdl_mN3 =    2200.0000000000000     
 mdl_MJ =    91.187600000000003     
 mdl_MAx =    173.04800000000000     
 mdl_WZ =    2.4952000000000001     
 mdl_WW =    2.0850000000000000     
 mdl_WT =    1.5083359999999999     
 mdl_WH =    4.0699999999999998E-003
 mdl_WN1 =   0.30299999999999999     
 mdl_WN2 =    1.5000000000000000     
 mdl_WN3 =    12.300000000000001     
 mdl_WJ =    2.4952000000000001     
 mdl_WAx =    4.1700000000000001E-003
  Internal Params
  ---------------------------------
  
 mdl_vevf__exp__2 =    2500.0000000000000     
 mdl_sqrt__vevf__exp__2 =    50.000000000000000     
 mdl_muJ =    50.000000000000000     
 mdl_MZ__exp__2 =    8315.1783937600012     
 mdl_MZ__exp__4 =    69142191.720053151     
 mdl_sqrt__2 =    1.4142135623730951     
 mdl_MJ__exp__2 =    8315.1783937600012     
 mdl_muJ__exp__2 =    2500.0000000000000     
 mdl_lamJ =    4.3260713575040004     
 mdl_MH__exp__2 =    15625.000000000000     
 mdl_complexi =  (  0.0000000000000000     ,  1.0000000000000000     )
 mdl_aEW =    7.8186082877247844E-003
 mdl_MW =    79.824359746197842     
 mdl_sqrt__aEW =    8.8422894590285753E-002
 mdl_ee =   0.31345100004952897     
 mdl_MW__exp__2 =    6371.9284088904105     
 mdl_sw2 =   0.23369913342182447     
 mdl_cw =   0.87538612427783857     
 mdl_sqrt__sw2 =   0.48342438232036300     
 mdl_sw =   0.48342438232036300     
 mdl_g1 =   0.35807170271074895     
 mdl_gN =   0.64839716719502682     
 mdl_gw =   0.64839716719502682     
 mdl_vev =    246.22056907348590     
 mdl_vev__exp__2 =    60624.568634871241     
 mdl_lam =   0.12886689630821144     
 mdl_yt =   0.98791394091683138     
 mdl_muH =    88.388347648318444     
 mdl_I2a33 =  ( 0.98791394091683138     ,  0.0000000000000000     )
 mdl_I3a33 =  ( 0.98791394091683138     ,  0.0000000000000000     )
 mdl_ee__exp__2 =    9.8251529432049817E-002
 mdl_sw__exp__2 =   0.23369913342182450     
 mdl_cw__exp__2 =   0.76630086657817542     
  Internal Params evaluated point by point
  ----------------------------------------
  
 mdl_sqrt__aS =   0.34409301068170506     
 mdl_G__exp__2 =    1.4878582807401259     
  Couplings of SM_HeavyN_UFO
  ---------------------------------
  
         GC_1 =  -0.00000E+00  -0.10448E+00
         GC_2 =   0.00000E+00   0.20897E+00
         GC_3 =  -0.00000E+00  -0.31345E+00
         GC_4 =   0.00000E+00   0.31345E+00
        GC_26 =   0.00000E+00   0.45849E+00
        GC_27 =  -0.00000E+00  -0.28380E+00
        GC_28 =   0.00000E+00   0.28380E+00
        GC_30 =   0.00000E+00   0.56760E+00
        GC_35 =  -0.00000E+00  -0.28850E-01
        GC_37 =   0.00000E+00   0.17310E+00
        GC_39 =   0.00000E+00  -0.19725E+00
        GC_40 =   0.00000E+00   0.37035E+00
        GC_80 =   0.00000E+00   0.67543E+02
       GC_107 =  -0.00000E+00  -0.74070E+00
       GC_109 =  -0.00000E+00  -0.74070E+00
       GC_111 =  -0.00000E+00  -0.74070E+00
       GC_113 =  -0.00000E+00  -0.74070E+00
       GC_115 =  -0.00000E+00  -0.74070E+00
       GC_117 =  -0.00000E+00  -0.74070E+00
       GC_119 =   0.00000E+00   0.00000E+00
       GC_120 =   0.00000E+00   0.00000E+00
       GC_122 =  -0.00000E+00  -0.00000E+00
       GC_126 =   0.00000E+00   0.00000E+00
       GC_127 =   0.00000E+00   0.00000E+00
       GC_129 =  -0.00000E+00  -0.00000E+00
       GC_133 =   0.00000E+00   0.45849E+00
       GC_134 =   0.00000E+00   0.37035E+00
       GC_136 =  -0.00000E+00  -0.89351E+01
        GC_81 =   0.40000E+02   0.00000E+00
        GC_82 =   0.42000E+02   0.00000E+00
        GC_83 =   0.44000E+02   0.00000E+00

 Collider parameters:
 --------------------

 Running at P P   machine @    13000.000000000000       GeV
 PDF set = nn23lo1
 alpha_s(Mz)= 0.1300 running at 2 loops.
 alpha_s(Mz)= 0.1300 running at 2 loops.
 Renormalization scale set on event-by-event basis
 Factorization   scale set on event-by-event basis


 getting user params
Enter number of events and max and min iterations: 
 Number of events and iterations         1000           5           3
Enter desired fractional accuracy: 
 Desired fractional accuracy:   0.10000000000000001     
Enter 0 for fixed, 2 for adjustable grid: 
Suppress amplitude (0 no, 1 yes)? 
 Using suppressed amplitude.
Exact helicity sum (0 yes, n = number/event)? 
 Explicitly summing over helicities
Enter Configuration Number: 
Running Configuration Number:  336
 Using dconfig=         725
 BW Setting            2           1           2           2           2           2           0
 Attempting mappinvarients           1           9
 Completed mapping           9
 about to integrate           19        1000           5           3          19           1
 Using non-zero grid deformation.
 19 dimensions   1000 events 19 invarients  5 iterations  1 config(s),  (0.99)
 Using h-tuple random number sequence.
 Error opening grid
 Using Uniform Grid!          36
 Using uniform alpha   1.0000000000000000     
 Grid defined OK
 Set CM energy to      13000.00
 Mapping Graph         336  to config         336
Setting grid   1    0.75740E-07   1
 Setting BW          -2           2   2200.0000000000000     
Setting grid   3    0.29417E-01   1
Setting grid   4    0.29417E-01   1
Setting grid   5    0.59172E-08   1
Setting grid   6    0.29417E-01   1
 Transforming s_hat 1/s           18   2.9947303536057766E-002   1600.0000000000000        168999999.99999997     
 336   1   2   3   4   5   6   7   8   9  10  11  12  13  14
  15  16  17  18  19
 Masses: 0.000E+00 0.000E+00 0.000E+00 0.000E+00 0.000E+00 0.000E+00 0.000E+00 0.000E+00 0.912E+02
Using random seed offsets   336 :      1
  with seed                   24
 Ranmar initialization seeds          66        9398
 
 ********************************************
 * You are using the DiscreteSampler module *
 *      part of the MG5_aMC framework       *
 *         Author: Valentin Hirschi         *
 ********************************************
 
  Particle       3       4       5       6       7       8       9
      Et >    10.0    10.0    10.0    10.0     0.0     0.0     0.0
       E >     0.0     0.0     0.0     0.0     0.0     0.0     0.0
     Eta <     2.5     2.5     2.5     2.5    -1.0    -1.0    -1.0
   xqcut:      0.0     0.0     0.0     0.0     0.0     0.0     0.0
d R # 3  >    -0.0     0.4     0.4     0.4     0.0     0.0     0.0
d R # 4  >    -0.0    -0.0     0.4     0.4     0.0     0.0     0.0
d R # 5  >    -0.0    -0.0    -0.0     0.4     0.0     0.0     0.0
d R # 6  >    -0.0    -0.0    -0.0    -0.0     0.0     0.0     0.0
d R # 7  >    -0.0    -0.0    -0.0    -0.0    -0.0     0.0     0.0
d R # 8  >    -0.0    -0.0    -0.0    -0.0    -0.0    -0.0     0.0
s min # 3>     0.0     0.0     0.0     0.0     0.0     0.0     0.0
s min # 4>     0.0     0.0     0.0     0.0     0.0     0.0     0.0
s min # 5>     0.0     0.0     0.0     0.0     0.0     0.0     0.0
s min # 6>     0.0     0.0     0.0     0.0     0.0     0.0     0.0
s min # 7>     0.0     0.0     0.0     0.0     0.0     0.0     0.0
s min # 8>     0.0     0.0     0.0     0.0     0.0     0.0     0.0
xqcutij # 3>     0.0     0.0     0.0     0.0     0.0     0.0     0.0
xqcutij # 4>     0.0     0.0     0.0     0.0     0.0     0.0     0.0
xqcutij # 5>     0.0     0.0     0.0     0.0     0.0     0.0     0.0
xqcutij # 6>     0.0     0.0     0.0     0.0     0.0     0.0     0.0
xqcutij # 7>     0.0     0.0     0.0     0.0     0.0     0.0     0.0
xqcutij # 8>     0.0     0.0     0.0     0.0     0.0     0.0     0.0
 Excluding BW           -1           1
 Requiring BW           -2           2
 Excluding BW           -3           3
 Excluding BW           -4           4
 Excluding BW           -5           5
 Excluding BW           -6           6
 alpha_s for scale    6074.5479079369115       is    7.6812267903162465E-002
 Added good helicity            1   2.4607021964518645       in event            1 local:           1
 Added good helicity           21   1.3308135035435198E-004  in event            1 local:           1
 Added good helicity           25   4.8973431802408462E-006  in event            1 local:           1
 Added good helicity           37   6.4295607428965567E-004  in event            1 local:           1
 Added good helicity           41  0.68312342293305162       in event            1 local:           1
 Added good helicity           61   6.8306453685035211E-005  in event            1 local:           1
 Added good helicity          193   90.611865375140312       in event            1 local:           1
 Added good helicity          213   1.2067904119862792E-003  in event            1 local:           1
 Added good helicity          217   5.2889198856329847E-004  in event            1 local:           1
 Added good helicity          229   1.4138176002821188E-002  in event            1 local:           1
 Added good helicity          233   162.22697547699295       in event            1 local:           1
 Added good helicity          253   6.1042885690081831E-004  in event            1 local:           1
 Added good helicity            1   2.4607021964534979       in event            1 local:           1
 Added good helicity           21   1.3308135035397910E-004  in event            1 local:           1
 Added good helicity           25   4.8973431802379265E-006  in event            1 local:           1
 Added good helicity           37   6.4295607428922080E-004  in event            1 local:           1
 Added good helicity           41  0.68312342293255823       in event            1 local:           1
 Added good helicity           61   6.8306453684763944E-005  in event            1 local:           1
 Added good helicity          193   90.611865375231062       in event            1 local:           1
 Added good helicity          213   1.2067904119850163E-003  in event            1 local:           1
 Added good helicity          217   5.2889198856300942E-004  in event            1 local:           1
 Added good helicity          229   1.4138176002809279E-002  in event            1 local:           1
 Added good helicity          233   162.22697547690109       in event            1 local:           1
 Added good helicity          253   6.1042885689987060E-004  in event            1 local:           1
 RESET CUMULATIVE VARIABLE
 RESET CUMULATIVE VARIABLE
 RESET CUMULATIVE VARIABLE
 Iteration  1   Mean: 0.6426E-09 Abs mean: 0.6426E-09   Fluctuation:  0.421E-09   0.402E-06    16.7%
  1    0.6426E-09 0.6426E-09 +- 0.4212E-09     20.73
 Writing out events   7.6900946995365287E-013   20.726656655026016     
 Relative summed weights:
  0.7628E-02  0.2317E-03  0.8053E-02  0.5228E-03  0.1118E-08  0.8405E-05
  0.4901E-03  0.1641E-01  0.9716E-04  0.7603E-03  0.0000E+00  0.0000E+00
  0.7614E-02  0.4001E-02  0.2740E-02  0.1187E-02  0.6881E-12  0.0000E+00
  0.3001E-02  0.8698E-03  0.2027E-03  0.6263E+00  0.0000E+00  0.0000E+00
  0.5625E-02  0.9109E-03  0.1939E-01  0.1386E+00  0.7343E-11  0.2769E-08
  0.6541E-03  0.2210E-02  0.1416E+00  0.8326E-03  0.2569E-05  0.4904E-07
  0.4564E-03  0.1005E-03  0.1436E-03  0.5562E-03  0.2593E-06  0.0000E+00
  0.1801E-03  0.8671E-02  0.8073E-05  0.1826E-04  0.0000E+00  0.2681E-05
 Relative number of events:
  0.4063E-01  0.2577E-01  0.4063E-01  0.3171E-01  0.1982E-02  0.5946E-02
  0.2775E-01  0.3271E-01  0.1388E-01  0.2478E-01  0.0000E+00  0.0000E+00
  0.3766E-01  0.4262E-01  0.3072E-01  0.3171E-01  0.1982E-02  0.0000E+00
  0.3766E-01  0.2775E-01  0.1883E-01  0.2081E-01  0.0000E+00  0.0000E+00
  0.3766E-01  0.3171E-01  0.3370E-01  0.4559E-01  0.9911E-03  0.1982E-02
  0.3964E-01  0.4361E-01  0.4658E-01  0.3469E-01  0.1982E-02  0.9911E-03
  0.2676E-01  0.3072E-01  0.1487E-01  0.1784E-01  0.9911E-03  0.0000E+00
  0.3370E-01  0.3072E-01  0.1487E-01  0.1388E-01  0.0000E+00  0.9911E-03
 Events:
          41          26          41          32           2           6
          28          33          14          25           0           0
          38          43          31          32           2           0
          38          28          19          21           0           0
          38          32          34          46           1           2
          40          44          47          35           2           1
          27          31          15          18           1           0
          34          31          15          14           0           1
 Iteration  2   Mean: 0.2280E-07 Abs mean: 0.2280E-07   Fluctuation:  0.225E-07   0.450E-04    46.3%
  2    0.2280E-07 0.2280E-07 +- 0.2251E-07     44.15
 Relative summed weights:
  0.4853E-04  0.7811E-03  0.7140E-05  0.5381E-03  0.6078E-10  0.4198E-07
  0.1895E-03  0.5148E-03  0.2916E-04  0.7031E-06  0.0000E+00  0.1799E-13
  0.7355E-04  0.1290E-03  0.1286E-04  0.2108E-02  0.1055E-09  0.3776E-08
  0.4805E-04  0.2043E-04  0.5458E-05  0.2179E-04  0.0000E+00  0.0000E+00
  0.5222E-04  0.2101E-02  0.6686E-05  0.2517E-04  0.5823E-05  0.1494E-10
  0.9873E+00  0.3846E-02  0.4158E-05  0.1067E-03  0.1159E-06  0.2070E-07
  0.1814E-03  0.3651E-04  0.9119E-04  0.2456E-05  0.0000E+00  0.0000E+00
  0.8295E-06  0.7626E-04  0.1746E-05  0.1588E-02  0.3228E-13  0.0000E+00
 Relative number of events:
  0.3950E-01  0.4300E-01  0.3850E-01  0.2500E-01  0.1500E-02  0.2000E-02
  0.3850E-01  0.3500E-01  0.1550E-01  0.1900E-01  0.0000E+00  0.5000E-03
  0.3400E-01  0.3100E-01  0.3900E-01  0.3650E-01  0.1500E-02  0.2000E-02
  0.3600E-01  0.4100E-01  0.1950E-01  0.1950E-01  0.0000E+00  0.0000E+00
  0.4250E-01  0.3850E-01  0.3100E-01  0.3100E-01  0.3500E-02  0.5000E-03
  0.3850E-01  0.3200E-01  0.2900E-01  0.4100E-01  0.1500E-02  0.2500E-02
  0.3050E-01  0.2750E-01  0.1500E-01  0.1250E-01  0.0000E+00  0.0000E+00
  0.3150E-01  0.4100E-01  0.1350E-01  0.1850E-01  0.5000E-03  0.0000E+00
 Events:
          79          86          77          50           3           4
          77          70          31          38           0           1
          68          62          78          73           3           4
          72          82          39          39           0           0
          85          77          62          62           7           1
          77          64          58          82           3           5
          61          55          30          25           0           0
          63          82          27          37           1           0
 Iteration  3   Mean: 0.1511E-06 Abs mean: 0.1511E-06   Fluctuation:  0.150E-06   0.601E-03    48.5%
  3    0.1511E-06 0.1511E-06 +- 0.1503E-06     62.90
 Relative summed weights:
  0.6478E-05  0.2750E-05  0.8449E-05  0.2126E-04  0.1727E-10  0.2279E-09
  0.4848E-05  0.3871E-06  0.1567E-04  0.8175E-04  0.0000E+00  0.0000E+00
  0.3729E-06  0.5231E-02  0.1743E-07  0.6351E-06  0.1929E-10  0.5891E-10
  0.6795E-05  0.3097E-05  0.2083E-07  0.1002E-05  0.3852E-14  0.0000E+00
  0.4608E-06  0.3560E-04  0.1150E-04  0.6942E-06  0.3102E-12  0.1801E-09
  0.5596E-05  0.2312E-05  0.7732E-05  0.7032E-04  0.2214E-09  0.2375E-09
  0.1436E-05  0.3840E-05  0.2843E-07  0.1987E-05  0.0000E+00  0.0000E+00
  0.9945E+00  0.4993E-05  0.2847E-06  0.1166E-06  0.0000E+00  0.0000E+00
 Relative number of events:
  0.4275E-01  0.3900E-01  0.3175E-01  0.2950E-01  0.2000E-02  0.2250E-02
  0.3300E-01  0.3975E-01  0.1625E-01  0.1800E-01  0.0000E+00  0.0000E+00
  0.4225E-01  0.4150E-01  0.3300E-01  0.3250E-01  0.7500E-03  0.1500E-02
  0.3475E-01  0.3000E-01  0.1775E-01  0.1525E-01  0.2500E-03  0.0000E+00
  0.3575E-01  0.3875E-01  0.3075E-01  0.3775E-01  0.7500E-03  0.1750E-02
  0.4150E-01  0.4025E-01  0.2950E-01  0.3450E-01  0.1000E-02  0.1250E-02
  0.3100E-01  0.3725E-01  0.1675E-01  0.1825E-01  0.0000E+00  0.0000E+00
  0.3225E-01  0.3525E-01  0.1525E-01  0.1675E-01  0.0000E+00  0.0000E+00
 Events:
         171         156         127         118           8           9
         132         159          65          72           0           0
         169         166         132         130           3           6
         139         120          71          61           1           0
         143         155         123         151           3           7
         166         161         118         138           4           5
         124         149          67          73           0           0
         129         141          61          67           0           0
 Accuracy:    1.064   0.100   0.479   4.946
 Found            8  events.
 Wrote            1  events.
 Actual xsec    4.0713899669351667E-008
 Correct abs xsec    4.0713899669351667E-008
 Event xsec    4.0713899669351667E-008
 Events wgts > 1:            1
 % Cross section > 1:    1.4361942245169909E-015   3.5275280338673122E-006
 Iteration  4   Mean: 0.3584E-10 Abs mean: 0.3584E-10   Fluctuation:  0.263E-10   0.200E-06    46.3%
  4    0.3584E-10 0.3584E-10 +- 0.2625E-10     65.51
 Relative summed weights:
  0.7544E-04  0.1450E-04  0.5343E-03  0.3829E-01  0.2090E-10  0.1890E-07
  0.1897E-01  0.4024E-03  0.1780E-03  0.1062E-03  0.9800E-12  0.0000E+00
  0.1420E-03  0.3091E-02  0.1249E-02  0.1940E-03  0.1015E-04  0.2605E-11
  0.1610E-02  0.2192E+00  0.2892E-05  0.3532E-03  0.2061E-13  0.0000E+00
  0.1246E-03  0.3463E-03  0.3621E-04  0.3906E-02  0.2202E-10  0.1190E-06
  0.2423E-03  0.6990E+00  0.1828E-02  0.1386E-03  0.4608E-08  0.2562E-07
  0.1437E-03  0.2050E-03  0.1951E-02  0.3254E-03  0.0000E+00  0.9550E-07
  0.9885E-04  0.6550E-02  0.3090E-03  0.3394E-03  0.3912E-10  0.1118E-11
 Relative number of events:
  0.4550E-01  0.3988E-01  0.2763E-01  0.3000E-01  0.3750E-03  0.6250E-03
  0.3913E-01  0.3812E-01  0.1537E-01  0.1562E-01  0.1250E-03  0.0000E+00
  0.4238E-01  0.4425E-01  0.2775E-01  0.3163E-01  0.7500E-03  0.5000E-03
  0.3825E-01  0.3762E-01  0.1463E-01  0.1525E-01  0.1250E-03  0.0000E+00
  0.4425E-01  0.4213E-01  0.3012E-01  0.2913E-01  0.3750E-03  0.5000E-03
  0.4312E-01  0.4075E-01  0.2662E-01  0.2788E-01  0.8750E-03  0.5000E-03
  0.3812E-01  0.3575E-01  0.1625E-01  0.1787E-01  0.0000E+00  0.2500E-03
  0.3463E-01  0.3737E-01  0.1263E-01  0.1512E-01  0.1250E-03  0.1250E-03
 Events:
         364         319         221         240           3           5
         313         305         123         125           1           0
         339         354         222         253           6           4
         306         301         117         122           1           0
         354         337         241         233           3           4
         345         326         213         223           7           4
         305         286         130         143           0           2
         277         299         101         121           1           1
 Accuracy:    1.104   0.100   0.401   7.595
 Found            5  events.
 Wrote            1  events.
 Actual xsec    4.5184369798196248E-008
 Correct abs xsec    4.5184369798196248E-008
 Event xsec    4.5184369798196248E-008
 Events wgts > 1:            0
 % Cross section > 1:    0.0000000000000000        0.0000000000000000     
 Iteration  5   Mean: 0.4840E-08 Abs mean: 0.4840E-08   Fluctuation:  0.467E-08   0.746E-04    49.0%
  5    0.4840E-08 0.4840E-08 +- 0.4667E-08    121.98
 Relative summed weights:
  0.1171E-02  0.3702E-04  0.1944E-05  0.6207E-05  0.6422E-08  0.2836E-07
  0.2067E-04  0.8140E-05  0.6354E-05  0.9640E+00  0.0000E+00  0.1683E-12
  0.1091E-04  0.2085E-02  0.1074E-03  0.7352E-04  0.1512E-10  0.8942E-09
  0.4374E-03  0.2090E-04  0.8613E-03  0.5084E-04  0.1202E-20  0.2191E-13
  0.7412E-04  0.1482E-04  0.1744E-04  0.8764E-05  0.2930E-06  0.4175E-07
  0.2125E-03  0.9852E-04  0.2638E-05  0.9440E-04  0.1937E-10  0.2229E-06
  0.9090E-05  0.2859E-01  0.1104E-04  0.1628E-03  0.1115E-12  0.0000E+00
  0.1545E-02  0.8130E-05  0.7533E-06  0.2751E-03  0.0000E+00  0.3922E-09
 Relative number of events:
  0.4238E-01  0.4444E-01  0.3112E-01  0.2925E-01  0.8125E-03  0.1625E-02
  0.3431E-01  0.3819E-01  0.1575E-01  0.1650E-01  0.0000E+00  0.1250E-03
  0.4056E-01  0.4394E-01  0.3106E-01  0.2937E-01  0.6250E-03  0.6250E-03
  0.3612E-01  0.3438E-01  0.1500E-01  0.1406E-01  0.6250E-04  0.1250E-03
  0.4213E-01  0.4181E-01  0.2937E-01  0.2831E-01  0.9375E-03  0.8125E-03
  0.4450E-01  0.4362E-01  0.2956E-01  0.2925E-01  0.8125E-03  0.1813E-02
  0.3706E-01  0.3488E-01  0.1419E-01  0.1506E-01  0.6250E-04  0.0000E+00
  0.3812E-01  0.3731E-01  0.1550E-01  0.1438E-01  0.0000E+00  0.6250E-04
 Events:
         678         711         498         468          13          26
         549         611         252         264           0           2
         649         703         497         470          10          10
         578         550         240         225           1           2
         674         669         470         453          15          13
         712         698         473         468          13          29
         593         558         227         241           1           0
         610         597         248         230           0           1
 Accuracy:    1.020   0.100   0.370   7.599
 Found          121  events.
 Wrote            1  events.
 Actual xsec    4.0015746808344219E-008
 Correct abs xsec    4.0015746808344219E-008
 Event xsec    4.0015746808344219E-008
 Events wgts > 1:            1
 % Cross section > 1:    4.4148982587710576E-015   1.1032902321969030E-005

 -------------------------------------------------------------------------------
 Accumulated results:   Integral =  0.2505E-07
                        Std dev  =  0.9269E-08
                       Cross sec =  0.2505E-07
             Chi**2 per DoF.     =      7.5985
 -------------------------------------------------------------------------------
-------------------------------------------------
---------------------------
 Results Last   3 iters: Integral =   0.4002E-07
                     Abs integral =   0.4002E-07
                          Std dev =   0.2013E-07
                  Chi**2 per DoF. =1159666.0076
-------------------------------------------------
---------------------------
 Status  0.10000000000000001                6           5

ls status:
events.lhe
ftn26
input_app.txt
results.dat
run1_app.log
