 Process in group number            1
 A PDF is used, so alpha_s(MZ) is going to be modified
 Old value of alpha_s from param_card:   0.11839999999999999     
  ****************************************
 
       NNPDFDriver version 1.0.3
   Grid: NNPDF23_lo_as_0130_qed_mem0.grid
  ****************************************
 New value of alpha_s from PDF nn23lo1:  0.13000000000000000     
 Define smin to   1600.0000000000000     
 Define smin to   1600.0000000000000     
 Define smin to   1600.0000000000000     
 *****************************************************
 *               MadGraph/MadEvent                   *
 *        --------------------------------           *
 *          http://madgraph.hep.uiuc.edu             *
 *          http://madgraph.phys.ucl.ac.be           *
 *          http://madgraph.roma2.infn.it            *
 *        --------------------------------           *
 *                                                   *
 *          PARAMETER AND COUPLING VALUES            *
 *                                                   *
 *****************************************************

  External Params
  ---------------------------------
  
 mdl_VeN1 =    1.0000000000000000     
 mdl_VeN2 =    0.0000000000000000     
 mdl_VeN3 =    0.0000000000000000     
 mdl_VmuN1 =    0.0000000000000000     
 mdl_VmuN2 =    1.0000000000000000     
 mdl_VmuN3 =    0.0000000000000000     
 mdl_VtaN1 =    0.0000000000000000     
 mdl_VtaN2 =    0.0000000000000000     
 mdl_VtaN3 =    1.0000000000000000     
 mdl_VN1N1 =    1.0000000000000000     
 mdl_VN1N2 =    1.0000000000000000     
 mdl_VN1N3 =    1.0000000000000000     
 mdl_VN2N2 =    1.0000000000000000     
 mdl_VN2N3 =    1.0000000000000000     
 mdl_VN3N3 =    1.0000000000000000     
 aEWM1 =    127.90000000000001     
 mdl_Gf =    1.1663700000000000E-005
 aS =   0.11839999999999999     
 mdl_ymt =    172.00000000000000     
 mdl_vevf =    50.000000000000000     
 mdl_MZ =    91.187600000000003     
 mdl_MT =    172.00000000000000     
 mdl_MH =    125.00000000000000     
 mdl_mN1 =    510.00000000000000     
 mdl_mN2 =    610.00000000000000     
 mdl_mN3 =    710.00000000000000     
 mdl_MJ =    91.187600000000003     
 mdl_MAx =    173.04800000000000     
 mdl_WZ =    2.4952000000000001     
 mdl_WW =    2.0850000000000000     
 mdl_WT =    1.5083359999999999     
 mdl_WH =    4.0699999999999998E-003
 mdl_WN1 =   0.30299999999999999     
 mdl_WN2 =    1.5000000000000000     
 mdl_WN3 =    12.300000000000001     
 mdl_WJ =    2.4952000000000001     
 mdl_WAx =    4.1700000000000001E-003
  Internal Params
  ---------------------------------
  
 mdl_vevf__exp__2 =    2500.0000000000000     
 mdl_sqrt__vevf__exp__2 =    50.000000000000000     
 mdl_muJ =    50.000000000000000     
 mdl_MZ__exp__2 =    8315.1783937600012     
 mdl_MZ__exp__4 =    69142191.720053151     
 mdl_sqrt__2 =    1.4142135623730951     
 mdl_MJ__exp__2 =    8315.1783937600012     
 mdl_muJ__exp__2 =    2500.0000000000000     
 mdl_lamJ =    4.3260713575040004     
 mdl_MH__exp__2 =    15625.000000000000     
 mdl_complexi =  (  0.0000000000000000     ,  1.0000000000000000     )
 mdl_aEW =    7.8186082877247844E-003
 mdl_MW =    79.824359746197842     
 mdl_sqrt__aEW =    8.8422894590285753E-002
 mdl_ee =   0.31345100004952897     
 mdl_MW__exp__2 =    6371.9284088904105     
 mdl_sw2 =   0.23369913342182447     
 mdl_cw =   0.87538612427783857     
 mdl_sqrt__sw2 =   0.48342438232036300     
 mdl_sw =   0.48342438232036300     
 mdl_g1 =   0.35807170271074895     
 mdl_gN =   0.64839716719502682     
 mdl_gw =   0.64839716719502682     
 mdl_vev =    246.22056907348590     
 mdl_vev__exp__2 =    60624.568634871241     
 mdl_lam =   0.12886689630821144     
 mdl_yt =   0.98791394091683138     
 mdl_muH =    88.388347648318444     
 mdl_I2a33 =  ( 0.98791394091683138     ,  0.0000000000000000     )
 mdl_I3a33 =  ( 0.98791394091683138     ,  0.0000000000000000     )
 mdl_ee__exp__2 =    9.8251529432049817E-002
 mdl_sw__exp__2 =   0.23369913342182450     
 mdl_cw__exp__2 =   0.76630086657817542     
  Internal Params evaluated point by point
  ----------------------------------------
  
 mdl_sqrt__aS =   0.34409301068170506     
 mdl_G__exp__2 =    1.4878582807401259     
  Couplings of SM_HeavyN_UFO
  ---------------------------------
  
         GC_1 =  -0.00000E+00  -0.10448E+00
         GC_2 =   0.00000E+00   0.20897E+00
         GC_3 =  -0.00000E+00  -0.31345E+00
         GC_4 =   0.00000E+00   0.31345E+00
        GC_26 =   0.00000E+00   0.45849E+00
        GC_27 =  -0.00000E+00  -0.28380E+00
        GC_28 =   0.00000E+00   0.28380E+00
        GC_30 =   0.00000E+00   0.56760E+00
        GC_35 =  -0.00000E+00  -0.28850E-01
        GC_37 =   0.00000E+00   0.17310E+00
        GC_39 =   0.00000E+00  -0.19725E+00
        GC_40 =   0.00000E+00   0.37035E+00
        GC_80 =   0.00000E+00   0.67543E+02
       GC_107 =  -0.00000E+00  -0.74070E+00
       GC_109 =  -0.00000E+00  -0.74070E+00
       GC_111 =  -0.00000E+00  -0.74070E+00
       GC_113 =  -0.00000E+00  -0.74070E+00
       GC_115 =  -0.00000E+00  -0.74070E+00
       GC_117 =  -0.00000E+00  -0.74070E+00
       GC_119 =   0.00000E+00   0.00000E+00
       GC_120 =   0.00000E+00   0.00000E+00
       GC_122 =  -0.00000E+00  -0.00000E+00
       GC_126 =   0.00000E+00   0.00000E+00
       GC_127 =   0.00000E+00   0.00000E+00
       GC_129 =  -0.00000E+00  -0.00000E+00
       GC_133 =   0.00000E+00   0.45849E+00
       GC_134 =   0.00000E+00   0.37035E+00
       GC_136 =  -0.00000E+00  -0.28836E+01
        GC_81 =   0.10200E+02   0.00000E+00
        GC_82 =   0.12200E+02   0.00000E+00
        GC_83 =   0.14200E+02   0.00000E+00

 Collider parameters:
 --------------------

 Running at P P   machine @    13000.000000000000       GeV
 PDF set = nn23lo1
 alpha_s(Mz)= 0.1300 running at 2 loops.
 alpha_s(Mz)= 0.1300 running at 2 loops.
 Renormalization scale set on event-by-event basis
 Factorization   scale set on event-by-event basis


 getting user params
Enter number of events and max and min iterations: 
 Number of events and iterations         1000           5           3
Enter desired fractional accuracy: 
 Desired fractional accuracy:   0.10000000000000001     
Enter 0 for fixed, 2 for adjustable grid: 
Suppress amplitude (0 no, 1 yes)? 
 Using suppressed amplitude.
Exact helicity sum (0 yes, n = number/event)? 
 Explicitly summing over helicities
Enter Configuration Number: 
Running Configuration Number:  174
 Using dconfig=         215
 BW Setting            2           2           2           1           2           0           0
 Attempting mappinvarients           1           9
 Completed mapping           9
 about to integrate           19        1000           5           3          19           1
 Using non-zero grid deformation.
 19 dimensions   1000 events 19 invarients  5 iterations  1 config(s),  (0.99)
 Using h-tuple random number sequence.
 Error opening grid
 Using Uniform Grid!          36
 Using uniform alpha   1.0000000000000000     
 Grid defined OK
 Set CM energy to      13000.00
 Mapping Graph         174  to config         174
Setting grid   1    0.75740E-07   1
Setting grid   2    0.75740E-07   1
Setting grid   3    0.53139E-04   1
 Setting BW          -4           4   91.187600000000003     
Setting grid   5    0.17807E-03   1
Setting grid   6    0.17807E-03   1
 Transforming s_hat 1/s           18   2.1338287669017756E-004   1600.0000000000000        168999999.99999997     
 174   1   2   3   4   5   6   7   8   9  10  11  12  13  14
  15  16  17  18  19
 Masses: 0.000E+00 0.000E+00 0.000E+00 0.000E+00 0.000E+00 0.000E+00 0.000E+00 0.000E+00 0.912E+02
Using random seed offsets   174 :      1
  with seed                   24
 Ranmar initialization seeds       31232        9398
 
 ********************************************
 * You are using the DiscreteSampler module *
 *      part of the MG5_aMC framework       *
 *         Author: Valentin Hirschi         *
 ********************************************
 
  Particle       3       4       5       6       7       8       9
      Et >    10.0    10.0    10.0    10.0     0.0     0.0     0.0
       E >     0.0     0.0     0.0     0.0     0.0     0.0     0.0
     Eta <     2.5     2.5     2.5     2.5    -1.0    -1.0    -1.0
   xqcut:      0.0     0.0     0.0     0.0     0.0     0.0     0.0
d R # 3  >    -0.0     0.4     0.4     0.4     0.0     0.0     0.0
d R # 4  >    -0.0    -0.0     0.4     0.4     0.0     0.0     0.0
d R # 5  >    -0.0    -0.0    -0.0     0.4     0.0     0.0     0.0
d R # 6  >    -0.0    -0.0    -0.0    -0.0     0.0     0.0     0.0
d R # 7  >    -0.0    -0.0    -0.0    -0.0    -0.0     0.0     0.0
d R # 8  >    -0.0    -0.0    -0.0    -0.0    -0.0    -0.0     0.0
s min # 3>     0.0     0.0     0.0     0.0     0.0     0.0     0.0
s min # 4>     0.0     0.0     0.0     0.0     0.0     0.0     0.0
s min # 5>     0.0     0.0     0.0     0.0     0.0     0.0     0.0
s min # 6>     0.0     0.0     0.0     0.0     0.0     0.0     0.0
s min # 7>     0.0     0.0     0.0     0.0     0.0     0.0     0.0
s min # 8>     0.0     0.0     0.0     0.0     0.0     0.0     0.0
xqcutij # 3>     0.0     0.0     0.0     0.0     0.0     0.0     0.0
xqcutij # 4>     0.0     0.0     0.0     0.0     0.0     0.0     0.0
xqcutij # 5>     0.0     0.0     0.0     0.0     0.0     0.0     0.0
xqcutij # 6>     0.0     0.0     0.0     0.0     0.0     0.0     0.0
xqcutij # 7>     0.0     0.0     0.0     0.0     0.0     0.0     0.0
xqcutij # 8>     0.0     0.0     0.0     0.0     0.0     0.0     0.0
 Excluding BW           -1           1
 Excluding BW           -2           2
 Excluding BW           -3           3
 Requiring BW           -4           4
 Excluding BW           -6           5
 alpha_s for scale    1544.2291561226980       is    8.8555621238299104E-002
 Added good helicity            1   15.630866555657283       in event            1 local:           1
 Added good helicity           21   34.758824317852529       in event            1 local:           1
 Added good helicity           25   3.4038182232041077E-004  in event            1 local:           1
 Added good helicity           37   6.0966910267805771E-006  in event            1 local:           1
 Added good helicity           41  0.16381364585497557       in event            1 local:           1
 Added good helicity           61  0.26004741156420080       in event            1 local:           1
 Added good helicity          193   96.671944500731030       in event            1 local:           1
 Added good helicity          213   108.11304771613568       in event            1 local:           1
 Added good helicity          217   1.5069987479385872E-003  in event            1 local:           1
 Added good helicity          229   1.1894122905105475E-004  in event            1 local:           1
 Added good helicity          233  0.36556056526120406       in event            1 local:           1
 Added good helicity          253   3.3922868452783014E-002  in event            1 local:           1
 Added good helicity            1   15.630866555657379       in event            1 local:           1
 Added good helicity           21   34.758824317852664       in event            1 local:           1
 Added good helicity           25   3.4038182232040698E-004  in event            1 local:           1
 Added good helicity           37   6.0966910267807160E-006  in event            1 local:           1
 Added good helicity           41  0.16381364585497557       in event            1 local:           1
 Added good helicity           61  0.26004741156419919       in event            1 local:           1
 Added good helicity          193   96.671944500730945       in event            1 local:           1
 Added good helicity          213   108.11304771613550       in event            1 local:           1
 Added good helicity          217   1.5069987479385922E-003  in event            1 local:           1
 Added good helicity          229   1.1894122905105868E-004  in event            1 local:           1
 Added good helicity          233  0.36556056526121500       in event            1 local:           1
 Added good helicity          253   3.3922868452786359E-002  in event            1 local:           1
 RESET CUMULATIVE VARIABLE
 RESET CUMULATIVE VARIABLE
 RESET CUMULATIVE VARIABLE
 Iteration  1   Mean: 0.2948E-13 Abs mean: 0.2948E-13   Fluctuation:  0.235E-13   0.232E-10     3.4%
  1    0.2948E-13 0.2948E-13 +- 0.2348E-13     25.19
 Writing out events   1.7450045424226372E-016   25.188853775251161     
 Relative summed weights:
  0.7954E-02  0.3641E-04  0.1849E-02  0.3751E-01  0.4427E-11  0.1198E-06
  0.2012E-04  0.8649E-03  0.4725E-02  0.1155E-03  0.1239E-06  0.8995E-11
  0.1776E-05  0.8238E-03  0.2005E-01  0.2828E-02  0.9155E-07  0.8798E-05
  0.4608E-04  0.9362E-04  0.4117E-02  0.4850E-05  0.1435E-04  0.5991E-03
  0.1772E-03  0.2423E-02  0.8174E-03  0.1493E-03  0.3217E-03  0.3841E-06
  0.1953E+00  0.6340E+00  0.8168E-01  0.3223E-03  0.2857E-06  0.1360E-05
  0.3802E-03  0.7566E-04  0.1087E-03  0.5999E-07  0.2669E-06  0.3898E-03
  0.1933E-05  0.2180E-02  0.1412E-04  0.5699E-05  0.2629E-07  0.7411E-07
 Relative number of events:
  0.5154E-01  0.3964E-01  0.3964E-01  0.4063E-01  0.1982E-02  0.1982E-02
  0.3171E-01  0.3171E-01  0.5055E-01  0.5253E-01  0.1189E-01  0.1982E-02
  0.1288E-01  0.1784E-01  0.1784E-01  0.1388E-01  0.5946E-02  0.6938E-02
  0.1288E-01  0.1487E-01  0.1784E-01  0.1487E-01  0.7929E-02  0.2973E-02
  0.4262E-01  0.4460E-01  0.3469E-01  0.4460E-01  0.5946E-02  0.4955E-02
  0.3171E-01  0.2676E-01  0.4262E-01  0.5055E-01  0.3964E-02  0.3964E-02
  0.1388E-01  0.1288E-01  0.1982E-01  0.1586E-01  0.2973E-02  0.6938E-02
  0.1090E-01  0.1883E-01  0.2180E-01  0.2379E-01  0.5946E-02  0.6938E-02
 Events:
          52          40          40          41           2           2
          32          32          51          53          12           2
          13          18          18          14           6           7
          13          15          18          15           8           3
          43          45          35          45           6           5
          32          27          43          51           4           4
          14          13          20          16           3           7
          11          19          22          24           6           7
 Iteration  2   Mean: 0.1619E-13 Abs mean: 0.1619E-13   Fluctuation:  0.100E-13   0.197E-10    26.9%
  2    0.1619E-13 0.1619E-13 +- 0.1004E-13     27.74
 Relative summed weights:
  0.7773E-01  0.3611E-02  0.4111E-03  0.2556E-02  0.1342E-04  0.1559E-07
  0.1107E-01  0.1602E-01  0.1048E-02  0.6763E-03  0.0000E+00  0.2019E-04
  0.2632E-02  0.1749E-02  0.7484E-01  0.4471E-03  0.2216E-08  0.2313E-06
  0.9508E-03  0.9105E-03  0.2104E-02  0.2679E-02  0.1848E-07  0.1032E-05
  0.1799E-01  0.2089E-01  0.1227E-02  0.1984E-02  0.2654E-04  0.7732E-07
  0.2868E-01  0.7488E-03  0.9316E-03  0.6101E+00  0.3216E-06  0.1424E-07
  0.4252E-01  0.5814E-01  0.3026E-03  0.4467E-04  0.1309E-04  0.4572E-08
  0.1129E-01  0.1842E-02  0.7396E-03  0.3035E-02  0.3325E-04  0.1467E-05
 Relative number of events:
  0.3950E-01  0.4550E-01  0.3800E-01  0.4550E-01  0.1000E-02  0.1500E-02
  0.4800E-01  0.3900E-01  0.4100E-01  0.3550E-01  0.0000E+00  0.2500E-02
  0.2100E-01  0.1300E-01  0.1850E-01  0.2000E-01  0.3000E-02  0.1000E-02
  0.1750E-01  0.1900E-01  0.1800E-01  0.1300E-01  0.2000E-02  0.3000E-02
  0.4500E-01  0.4600E-01  0.4350E-01  0.4750E-01  0.2000E-02  0.1500E-02
  0.5100E-01  0.4400E-01  0.3750E-01  0.4050E-01  0.1500E-02  0.1000E-02
  0.1900E-01  0.2100E-01  0.2100E-01  0.1300E-01  0.4500E-02  0.1500E-02
  0.1150E-01  0.1750E-01  0.2200E-01  0.1850E-01  0.2000E-02  0.1500E-02
 Events:
          79          91          76          91           2           3
          96          78          82          71           0           5
          42          26          37          40           6           2
          35          38          36          26           4           6
          90          92          87          95           4           3
         102          88          75          81           3           2
          38          42          42          26           9           3
          23          35          44          37           4           3
 Iteration  3   Mean: 0.4561E-13 Abs mean: 0.4561E-13   Fluctuation:  0.169E-13   0.559E-10    45.8%
  3    0.4561E-13 0.4561E-13 +- 0.1691E-13     23.44
 Relative summed weights:
  0.5577E-01  0.1290E+00  0.5743E-02  0.1320E-02  0.8087E-07  0.8034E-03
  0.1122E+00  0.4101E-02  0.2253E-01  0.1562E-01  0.4940E-06  0.1175E-04
  0.3662E-02  0.1800E-02  0.3097E+00  0.1175E-02  0.4911E-05  0.3483E-04
  0.2846E-02  0.2552E-02  0.5159E-02  0.5234E-01  0.1145E-05  0.2106E-03
  0.2189E-01  0.1979E-01  0.8024E-01  0.2114E-01  0.3452E-05  0.3843E-02
  0.2480E-02  0.1875E-01  0.2296E-02  0.1742E-02  0.2805E-05  0.2065E-05
  0.9365E-03  0.1787E-02  0.7385E-02  0.2236E-02  0.8839E-06  0.2292E-04
  0.7761E-01  0.1127E-02  0.2267E-02  0.7690E-02  0.2064E-03  0.6797E-05
 Relative number of events:
  0.4375E-01  0.4000E-01  0.4300E-01  0.3775E-01  0.1750E-02  0.1500E-02
  0.4600E-01  0.4450E-01  0.3975E-01  0.4250E-01  0.1250E-02  0.2500E-02
  0.1600E-01  0.1800E-01  0.2075E-01  0.1700E-01  0.2500E-02  0.1750E-02
  0.1750E-01  0.1375E-01  0.1750E-01  0.1700E-01  0.2000E-02  0.2250E-02
  0.4275E-01  0.4650E-01  0.4450E-01  0.4125E-01  0.1750E-02  0.1750E-02
  0.4575E-01  0.4000E-01  0.4600E-01  0.4175E-01  0.2250E-02  0.2250E-02
  0.1475E-01  0.1800E-01  0.2250E-01  0.1825E-01  0.1500E-02  0.3000E-02
  0.1725E-01  0.1725E-01  0.1725E-01  0.1900E-01  0.2750E-02  0.1750E-02
 Events:
         175         160         172         151           7           6
         184         178         159         170           5          10
          64          72          83          68          10           7
          70          55          70          68           8           9
         171         186         178         165           7           7
         183         160         184         167           9           9
          59          72          90          73           6          12
          69          69          69          76          11           7
 Accuracy:    0.238   0.100   0.295   0.650
 Found          140  events.
 Wrote            3  events.
 Actual xsec    3.6715444085114230E-014
 Correct abs xsec    3.6715444085114230E-014
 Event xsec    3.6715444085114230E-014
 Events wgts > 1:            0
 % Cross section > 1:    0.0000000000000000        0.0000000000000000     
 Iteration  4   Mean: 0.5752E-13 Abs mean: 0.5752E-13   Fluctuation:  0.129E-13   0.646E-10    45.7%
  4    0.5752E-13 0.5752E-13 +- 0.1294E-13     20.12
 Relative summed weights:
  0.6335E-01  0.1557E-01  0.1735E-01  0.4042E-02  0.8777E-03  0.3243E-02
  0.4939E-02  0.1111E-01  0.1513E+00  0.5267E-02  0.4957E-03  0.1834E-05
  0.4396E-02  0.1133E+00  0.1674E-02  0.3627E-02  0.2032E-05  0.5088E-07
  0.5961E-02  0.1047E+00  0.1843E-01  0.8537E-03  0.5265E-05  0.2549E-03
  0.6692E-02  0.1606E-01  0.1037E+00  0.2758E-01  0.5960E-03  0.4837E-04
  0.1226E-01  0.1282E-01  0.9044E-02  0.1407E+00  0.4371E-04  0.1524E-04
  0.6562E-02  0.7959E-02  0.9582E-01  0.4168E-02  0.2079E-05  0.1100E-03
  0.7139E-02  0.1101E-02  0.1185E-01  0.4963E-02  0.2779E-04  0.6157E-06
 Relative number of events:
  0.4400E-01  0.4387E-01  0.4150E-01  0.4325E-01  0.1625E-02  0.7500E-03
  0.4637E-01  0.4675E-01  0.4350E-01  0.4462E-01  0.1125E-02  0.1500E-02
  0.1725E-01  0.2013E-01  0.1725E-01  0.1675E-01  0.1625E-02  0.1125E-02
  0.1900E-01  0.1775E-01  0.1613E-01  0.1688E-01  0.2250E-02  0.1750E-02
  0.4250E-01  0.4150E-01  0.4250E-01  0.4263E-01  0.1875E-02  0.8750E-03
  0.4512E-01  0.4200E-01  0.3887E-01  0.4200E-01  0.1125E-02  0.7500E-03
  0.1725E-01  0.1925E-01  0.1837E-01  0.1738E-01  0.1375E-02  0.1375E-02
  0.2125E-01  0.1600E-01  0.1887E-01  0.1725E-01  0.2000E-02  0.1125E-02
 Events:
         352         351         332         346          13           6
         371         374         348         357           9          12
         138         161         138         134          13           9
         152         142         129         135          18          14
         340         332         340         341          15           7
         361         336         311         336           9           6
         138         154         147         139          11          11
         170         128         151         138          16           9
 Accuracy:    0.145   0.100   0.179   0.655
 Found          275  events.
 Wrote            8  events.
 Actual xsec    5.0975022138293938E-014
 Correct abs xsec    5.0975022138293938E-014
 Event xsec    5.0975022138293950E-014
 Events wgts > 1:            1
 % Cross section > 1:    7.6345408492352493E-022   1.4977023116386166E-006
 Iteration  5   Mean: 0.2209E-12 Abs mean: 0.2209E-12   Fluctuation:  0.818E-13   0.119E-08    47.8%
  5    0.2209E-12 0.2209E-12 +- 0.8176E-13     46.83
 Relative summed weights:
  0.1362E-01  0.2600E-01  0.6622E-02  0.1248E-01  0.2362E-04  0.2563E-04
  0.3786E-01  0.1532E-01  0.3192E-01  0.1995E-01  0.8757E-04  0.7098E-05
  0.1884E-01  0.1180E-01  0.2445E-02  0.5681E-01  0.1374E-04  0.8998E-03
  0.4269E-02  0.9277E-01  0.7631E-02  0.1675E-02  0.1717E-04  0.2624E-04
  0.4704E-02  0.1036E-01  0.5535E-02  0.7674E-02  0.7264E-05  0.9021E-03
  0.5042E-01  0.5520E-02  0.1027E-01  0.5541E-02  0.2769E-05  0.2392E-04
  0.1750E-01  0.3519E+00  0.3649E-01  0.1132E+00  0.1814E-04  0.8474E-04
  0.4571E-02  0.3667E-02  0.4389E-02  0.6035E-02  0.2871E-04  0.4117E-04
 Relative number of events:
  0.4544E-01  0.4331E-01  0.4256E-01  0.4044E-01  0.1187E-02  0.1313E-02
  0.4606E-01  0.4569E-01  0.4325E-01  0.4394E-01  0.1125E-02  0.8750E-03
  0.1944E-01  0.1675E-01  0.1756E-01  0.1869E-01  0.1063E-02  0.1313E-02
  0.1894E-01  0.1875E-01  0.1756E-01  0.1837E-01  0.2188E-02  0.1250E-02
  0.4288E-01  0.4306E-01  0.4450E-01  0.4506E-01  0.1313E-02  0.1375E-02
  0.4406E-01  0.4319E-01  0.4081E-01  0.4169E-01  0.1063E-02  0.1125E-02
  0.1894E-01  0.1713E-01  0.1525E-01  0.1631E-01  0.1875E-02  0.1000E-02
  0.1769E-01  0.1750E-01  0.1744E-01  0.1656E-01  0.1625E-02  0.1500E-02
 Events:
         727         693         681         647          19          21
         737         731         692         703          18          14
         311         268         281         299          17          21
         303         300         281         294          35          20
         686         689         712         721          21          22
         705         691         653         667          17          18
         303         274         244         261          30          16
         283         280         279         265          26          24
 Accuracy:    0.413   0.100   0.161   6.566
 Found          789  events.
 Wrote            1  events.
 Actual xsec    8.9704811428381824E-014
 Correct abs xsec    8.9704811428381824E-014
 Event xsec    8.9704811428381824E-014
 Events wgts > 1:            0
 % Cross section > 1:    0.0000000000000000        0.0000000000000000     

 -------------------------------------------------------------------------------
 Accumulated results:   Integral =  0.8228E-13
                        Std dev  =  0.1326E-13
                       Cross sec =  0.8228E-13
             Chi**2 per DoF.     =      6.5658
 -------------------------------------------------------------------------------
-------------------------------------------------
---------------------------
 Results Last   3 iters: Integral =   0.8970E-13
                     Abs integral =   0.8970E-13
                          Std dev =   0.1531E-13
                  Chi**2 per DoF. =      7.7811
-------------------------------------------------
---------------------------
 Status  0.10000000000000001                6           5

ls status:
events.lhe
ftn26
input_app.txt
results.dat
run1_app.log
