 Process in group number            1
 A PDF is used, so alpha_s(MZ) is going to be modified
 Old value of alpha_s from param_card:   0.11839999999999999     
  ****************************************
 
       NNPDFDriver version 1.0.3
   Grid: NNPDF23_lo_as_0130_qed_mem0.grid
  ****************************************
 New value of alpha_s from PDF nn23lo1:  0.13000000000000000     
 Define smin to   1600.0000000000000     
 Define smin to   1600.0000000000000     
 Define smin to   1600.0000000000000     
 *****************************************************
 *               MadGraph/MadEvent                   *
 *        --------------------------------           *
 *          http://madgraph.hep.uiuc.edu             *
 *          http://madgraph.phys.ucl.ac.be           *
 *          http://madgraph.roma2.infn.it            *
 *        --------------------------------           *
 *                                                   *
 *          PARAMETER AND COUPLING VALUES            *
 *                                                   *
 *****************************************************

  External Params
  ---------------------------------
  
 mdl_VeN1 =    1.0000000000000000     
 mdl_VeN2 =    0.0000000000000000     
 mdl_VeN3 =    0.0000000000000000     
 mdl_VmuN1 =    0.0000000000000000     
 mdl_VmuN2 =    1.0000000000000000     
 mdl_VmuN3 =    0.0000000000000000     
 mdl_VtaN1 =    0.0000000000000000     
 mdl_VtaN2 =    0.0000000000000000     
 mdl_VtaN3 =    1.0000000000000000     
 mdl_VN1N1 =    1.0000000000000000     
 mdl_VN1N2 =    1.0000000000000000     
 mdl_VN1N3 =    1.0000000000000000     
 mdl_VN2N2 =    1.0000000000000000     
 mdl_VN2N3 =    1.0000000000000000     
 mdl_VN3N3 =    1.0000000000000000     
 aEWM1 =    127.90000000000001     
 mdl_Gf =    1.1663700000000000E-005
 aS =   0.11839999999999999     
 mdl_ymt =    172.00000000000000     
 mdl_vevf =    50.000000000000000     
 mdl_MZ =    91.187600000000003     
 mdl_MT =    172.00000000000000     
 mdl_MH =    125.00000000000000     
 mdl_mN1 =    1644.0000000000000     
 mdl_mN2 =    1744.0000000000000     
 mdl_mN3 =    1844.0000000000000     
 mdl_MJ =    91.187600000000003     
 mdl_MAx =    173.04800000000000     
 mdl_WZ =    2.4952000000000001     
 mdl_WW =    2.0850000000000000     
 mdl_WT =    1.5083359999999999     
 mdl_WH =    4.0699999999999998E-003
 mdl_WN1 =   0.30299999999999999     
 mdl_WN2 =    1.5000000000000000     
 mdl_WN3 =    12.300000000000001     
 mdl_WJ =    2.4952000000000001     
 mdl_WAx =    4.1700000000000001E-003
  Internal Params
  ---------------------------------
  
 mdl_vevf__exp__2 =    2500.0000000000000     
 mdl_sqrt__vevf__exp__2 =    50.000000000000000     
 mdl_muJ =    50.000000000000000     
 mdl_MZ__exp__2 =    8315.1783937600012     
 mdl_MZ__exp__4 =    69142191.720053151     
 mdl_sqrt__2 =    1.4142135623730951     
 mdl_MJ__exp__2 =    8315.1783937600012     
 mdl_muJ__exp__2 =    2500.0000000000000     
 mdl_lamJ =    4.3260713575040004     
 mdl_MH__exp__2 =    15625.000000000000     
 mdl_complexi =  (  0.0000000000000000     ,  1.0000000000000000     )
 mdl_aEW =    7.8186082877247844E-003
 mdl_MW =    79.824359746197842     
 mdl_sqrt__aEW =    8.8422894590285753E-002
 mdl_ee =   0.31345100004952897     
 mdl_MW__exp__2 =    6371.9284088904105     
 mdl_sw2 =   0.23369913342182447     
 mdl_cw =   0.87538612427783857     
 mdl_sqrt__sw2 =   0.48342438232036300     
 mdl_sw =   0.48342438232036300     
 mdl_g1 =   0.35807170271074895     
 mdl_gN =   0.64839716719502682     
 mdl_gw =   0.64839716719502682     
 mdl_vev =    246.22056907348590     
 mdl_vev__exp__2 =    60624.568634871241     
 mdl_lam =   0.12886689630821144     
 mdl_yt =   0.98791394091683138     
 mdl_muH =    88.388347648318444     
 mdl_I2a33 =  ( 0.98791394091683138     ,  0.0000000000000000     )
 mdl_I3a33 =  ( 0.98791394091683138     ,  0.0000000000000000     )
 mdl_ee__exp__2 =    9.8251529432049817E-002
 mdl_sw__exp__2 =   0.23369913342182450     
 mdl_cw__exp__2 =   0.76630086657817542     
  Internal Params evaluated point by point
  ----------------------------------------
  
 mdl_sqrt__aS =   0.34409301068170506     
 mdl_G__exp__2 =    1.4878582807401259     
  Couplings of SM_HeavyN_UFO
  ---------------------------------
  
         GC_1 =  -0.00000E+00  -0.10448E+00
         GC_2 =   0.00000E+00   0.20897E+00
         GC_3 =  -0.00000E+00  -0.31345E+00
         GC_4 =   0.00000E+00   0.31345E+00
        GC_26 =   0.00000E+00   0.45849E+00
        GC_27 =  -0.00000E+00  -0.28380E+00
        GC_28 =   0.00000E+00   0.28380E+00
        GC_30 =   0.00000E+00   0.56760E+00
        GC_35 =  -0.00000E+00  -0.28850E-01
        GC_37 =   0.00000E+00   0.17310E+00
        GC_39 =   0.00000E+00  -0.19725E+00
        GC_40 =   0.00000E+00   0.37035E+00
        GC_80 =   0.00000E+00   0.67543E+02
       GC_107 =  -0.00000E+00  -0.74070E+00
       GC_109 =  -0.00000E+00  -0.74070E+00
       GC_111 =  -0.00000E+00  -0.74070E+00
       GC_113 =  -0.00000E+00  -0.74070E+00
       GC_115 =  -0.00000E+00  -0.74070E+00
       GC_117 =  -0.00000E+00  -0.74070E+00
       GC_119 =   0.00000E+00   0.00000E+00
       GC_120 =   0.00000E+00   0.00000E+00
       GC_122 =  -0.00000E+00  -0.00000E+00
       GC_126 =   0.00000E+00   0.00000E+00
       GC_127 =   0.00000E+00   0.00000E+00
       GC_129 =  -0.00000E+00  -0.00000E+00
       GC_133 =   0.00000E+00   0.45849E+00
       GC_134 =   0.00000E+00   0.37035E+00
       GC_136 =  -0.00000E+00  -0.74892E+01
        GC_81 =   0.32880E+02   0.00000E+00
        GC_82 =   0.34880E+02   0.00000E+00
        GC_83 =   0.36880E+02   0.00000E+00

 Collider parameters:
 --------------------

 Running at P P   machine @    13000.000000000000       GeV
 PDF set = nn23lo1
 alpha_s(Mz)= 0.1300 running at 2 loops.
 alpha_s(Mz)= 0.1300 running at 2 loops.
 Renormalization scale set on event-by-event basis
 Factorization   scale set on event-by-event basis


 getting user params
Enter number of events and max and min iterations: 
 Number of events and iterations         1000           5           3
Enter desired fractional accuracy: 
 Desired fractional accuracy:   0.10000000000000001     
Enter 0 for fixed, 2 for adjustable grid: 
Suppress amplitude (0 no, 1 yes)? 
 Using suppressed amplitude.
Exact helicity sum (0 yes, n = number/event)? 
 Explicitly summing over helicities
Enter Configuration Number: 
Running Configuration Number: 1253
 Using dconfig=         611
 BW Setting            2           2           1           1           1           2           0
 Attempting mappinvarients           1           9
 Completed mapping           9
 about to integrate           19        1000           5           3          19           1
 Using non-zero grid deformation.
 19 dimensions   1000 events 19 invarients  5 iterations  1 config(s),  (0.99)
 Using h-tuple random number sequence.
 Error opening grid
 Using Uniform Grid!          36
 Using uniform alpha   1.0000000000000000     
 Grid defined OK
 Set CM energy to      13000.00
 Mapping Graph        1253  to config        1253
Setting grid   1    0.59172E-08   1
Setting grid   2    0.59172E-08   1
 Setting BW          -3           3   1844.0000000000000     
 Setting BW          -4           4   79.824359746197842     
 Setting BW          -5           5   1844.0000000000000     
Setting grid   6    0.75203E-01   1
 Transforming s_hat 1/s           18   7.5202514792899425E-002   1600.0000000000000        168999999.99999997     
1253   1   2   3   4   5   6   7   8   9  10  11  12  13  14
  15  16  17  18  19
 Masses: 0.000E+00 0.000E+00 0.000E+00 0.000E+00 0.000E+00 0.000E+00 0.000E+00 0.000E+00 0.912E+02
Using random seed offsets  1253 :      1
  with seed                   24
 Ranmar initialization seeds         983        9398
 
 ********************************************
 * You are using the DiscreteSampler module *
 *      part of the MG5_aMC framework       *
 *         Author: Valentin Hirschi         *
 ********************************************
 
  Particle       3       4       5       6       7       8       9
      Et >    10.0    10.0    10.0    10.0     0.0     0.0     0.0
       E >     0.0     0.0     0.0     0.0     0.0     0.0     0.0
     Eta <     2.5     2.5     2.5     2.5    -1.0    -1.0    -1.0
   xqcut:      0.0     0.0     0.0     0.0     0.0     0.0     0.0
d R # 3  >    -0.0     0.4     0.4     0.4     0.0     0.0     0.0
d R # 4  >    -0.0    -0.0     0.4     0.4     0.0     0.0     0.0
d R # 5  >    -0.0    -0.0    -0.0     0.4     0.0     0.0     0.0
d R # 6  >    -0.0    -0.0    -0.0    -0.0     0.0     0.0     0.0
d R # 7  >    -0.0    -0.0    -0.0    -0.0    -0.0     0.0     0.0
d R # 8  >    -0.0    -0.0    -0.0    -0.0    -0.0    -0.0     0.0
s min # 3>     0.0     0.0     0.0     0.0     0.0     0.0     0.0
s min # 4>     0.0     0.0     0.0     0.0     0.0     0.0     0.0
s min # 5>     0.0     0.0     0.0     0.0     0.0     0.0     0.0
s min # 6>     0.0     0.0     0.0     0.0     0.0     0.0     0.0
s min # 7>     0.0     0.0     0.0     0.0     0.0     0.0     0.0
s min # 8>     0.0     0.0     0.0     0.0     0.0     0.0     0.0
xqcutij # 3>     0.0     0.0     0.0     0.0     0.0     0.0     0.0
xqcutij # 4>     0.0     0.0     0.0     0.0     0.0     0.0     0.0
xqcutij # 5>     0.0     0.0     0.0     0.0     0.0     0.0     0.0
xqcutij # 6>     0.0     0.0     0.0     0.0     0.0     0.0     0.0
xqcutij # 7>     0.0     0.0     0.0     0.0     0.0     0.0     0.0
xqcutij # 8>     0.0     0.0     0.0     0.0     0.0     0.0     0.0
 Excluding BW           -1           1
 Excluding BW           -2           2
 Requiring BW           -3           3
 Requiring BW           -4           4
 Requiring BW           -5           5
 Excluding BW           -6           6
 alpha_s for scale    4721.1831373886298       is    7.8730182378796157E-002
 Added good helicity            1   69.971695718680863       in event            1 local:           1
 Added good helicity           21   4.5627513389001689E-005  in event            1 local:           1
 Added good helicity           25   65.264623634418086       in event            1 local:           1
 Added good helicity           37   2.2652865001680601E-007  in event            1 local:           1
 Added good helicity          193   64.597099752999711       in event            1 local:           1
 Added good helicity          213   1.6180475965162154E-004  in event            1 local:           1
 Added good helicity          217   56.166367635557833       in event            1 local:           1
 Added good helicity          229   5.4059227861445627E-006  in event            1 local:           1
 Added good helicity          233   1.8071741386059707E-007  in event            1 local:           1
 Added good helicity            1   69.971695718680095       in event            1 local:           1
 Added good helicity           21   4.5627513389011067E-005  in event            1 local:           1
 Added good helicity           25   65.264623634421298       in event            1 local:           1
 Added good helicity           37   2.2652865001681758E-007  in event            1 local:           1
 Added good helicity          193   64.597099752994595       in event            1 local:           1
 Added good helicity          213   1.6180475965160693E-004  in event            1 local:           1
 Added good helicity          217   56.166367635560505       in event            1 local:           1
 Added good helicity          229   5.4059227861437335E-006  in event            1 local:           1
 Added good helicity          233   1.8071741386055811E-007  in event            1 local:           1
 Added good helicity          253   1.0763652501553839E-008  in event            2 local:           1
 Added good helicity          253   1.0763652501540066E-008  in event            2 local:           1
 Added good helicity           41   2.2652865001680604E-007  in event            7 local:           3
 Added good helicity           41   2.2652865001681710E-007  in event            7 local:           3
 RESET CUMULATIVE VARIABLE
 RESET CUMULATIVE VARIABLE
 RESET CUMULATIVE VARIABLE
 Iteration  1   Mean: 0.7371E-06 Abs mean: 0.7371E-06   Fluctuation:  0.437E-06   0.408E-03    20.8%
  1    0.7371E-06 0.7371E-06 +- 0.4372E-06     18.76
 Writing out events   7.0912202129695275E-010   18.757577508913297     
 Relative summed weights:
  0.4195E-01  0.3415E-02  0.1740E-02  0.2352E-05  0.0000E+00  0.0000E+00
  0.2221E-02  0.9926E-02  0.1460E-02  0.2039E+00  0.0000E+00  0.0000E+00
  0.2372E-01  0.9068E-03  0.2635E-04  0.6715E-02  0.0000E+00  0.0000E+00
  0.1181E-01  0.1159E-02  0.2131E-01  0.1078E-02  0.0000E+00  0.0000E+00
  0.4009E-02  0.1065E-01  0.1540E-01  0.8193E-03  0.0000E+00  0.0000E+00
  0.3138E-01  0.2169E-02  0.1617E-03  0.5527E+00  0.0000E+00  0.0000E+00
  0.5976E-02  0.1752E-01  0.1170E-01  0.2318E-03  0.0000E+00  0.0000E+00
  0.2092E-02  0.7119E-02  0.6100E-02  0.6772E-03  0.0000E+00  0.0000E+00
 Relative number of events:
  0.1685E-01  0.1982E-01  0.9911E-02  0.6938E-02  0.0000E+00  0.0000E+00
  0.5055E-01  0.6145E-01  0.4460E-01  0.3667E-01  0.0000E+00  0.0000E+00
  0.2081E-01  0.1685E-01  0.3964E-02  0.5946E-02  0.0000E+00  0.0000E+00
  0.4460E-01  0.5946E-01  0.4460E-01  0.4262E-01  0.0000E+00  0.0000E+00
  0.5352E-01  0.5451E-01  0.3964E-01  0.4460E-01  0.0000E+00  0.0000E+00
  0.1586E-01  0.1883E-01  0.5946E-02  0.5946E-02  0.0000E+00  0.0000E+00
  0.5847E-01  0.5253E-01  0.5451E-01  0.5451E-01  0.0000E+00  0.0000E+00
  0.1982E-01  0.1487E-01  0.8920E-02  0.1189E-01  0.0000E+00  0.0000E+00
 Events:
          17          20          10           7           0           0
          51          62          45          37           0           0
          21          17           4           6           0           0
          45          60          45          43           0           0
          54          55          40          45           0           0
          16          19           6           6           0           0
          59          53          55          55           0           0
          20          15           9          12           0           0
 Iteration  2   Mean: 0.6907E-06 Abs mean: 0.6907E-06   Fluctuation:  0.201E-06   0.219E-03    66.4%
  2    0.6907E-06 0.6907E-06 +- 0.2006E-06     12.99
 Relative summed weights:
  0.5968E-01  0.2048E-01  0.6407E-03  0.1412E-03  0.0000E+00  0.0000E+00
  0.2064E-01  0.1840E+00  0.6796E-02  0.1404E-02  0.5200E-08  0.0000E+00
  0.1514E-03  0.6104E-03  0.2667E-02  0.8526E-01  0.0000E+00  0.0000E+00
  0.1396E+00  0.2172E+00  0.1888E-02  0.7090E-02  0.9712E-06  0.0000E+00
  0.1838E-01  0.2791E-02  0.1745E-02  0.3794E-01  0.0000E+00  0.0000E+00
  0.9074E-03  0.3291E-01  0.8332E-01  0.2509E-03  0.0000E+00  0.0000E+00
  0.5387E-02  0.4144E-02  0.4079E-01  0.2211E-02  0.0000E+00  0.4989E-08
  0.1544E-01  0.2022E-03  0.2233E-02  0.3028E-02  0.0000E+00  0.0000E+00
 Relative number of events:
  0.2250E-01  0.1650E-01  0.9500E-02  0.5500E-02  0.0000E+00  0.0000E+00
  0.6100E-01  0.5700E-01  0.4450E-01  0.4850E-01  0.5000E-03  0.0000E+00
  0.1400E-01  0.1550E-01  0.7000E-02  0.1100E-01  0.0000E+00  0.0000E+00
  0.6300E-01  0.6400E-01  0.3850E-01  0.4350E-01  0.5000E-03  0.0000E+00
  0.5400E-01  0.5950E-01  0.4200E-01  0.3950E-01  0.0000E+00  0.0000E+00
  0.1250E-01  0.1550E-01  0.7000E-02  0.7000E-02  0.0000E+00  0.0000E+00
  0.5400E-01  0.5100E-01  0.4300E-01  0.4550E-01  0.0000E+00  0.5000E-03
  0.1900E-01  0.1450E-01  0.6500E-02  0.6500E-02  0.0000E+00  0.0000E+00
 Events:
          45          33          19          11           0           0
         122         114          89          97           1           0
          28          31          14          22           0           0
         126         128          77          87           1           0
         108         119          84          79           0           0
          25          31          14          14           0           0
         108         102          86          91           0           1
          38          29          13          13           0           0
 Iteration  3   Mean: 0.3712E-06 Abs mean: 0.3712E-06   Fluctuation:  0.103E-06   0.309E-03    71.5%
  3    0.3712E-06 0.3712E-06 +- 0.1030E-06     17.55
 Relative summed weights:
  0.9206E-01  0.5681E-02  0.6814E-02  0.2394E-02  0.0000E+00  0.0000E+00
  0.4648E-01  0.3570E-01  0.6945E-02  0.1170E-01  0.3265E-06  0.0000E+00
  0.3875E-02  0.5837E-02  0.4630E-01  0.1931E-02  0.0000E+00  0.0000E+00
  0.2880E-01  0.1511E-01  0.1924E-01  0.1682E+00  0.2085E-07  0.0000E+00
  0.2494E-01  0.1573E-01  0.1512E-01  0.9620E-02  0.0000E+00  0.3428E-07
  0.1909E-02  0.8734E-02  0.2289E-02  0.2736E-02  0.5230E-04  0.0000E+00
  0.3213E-01  0.2139E+00  0.1760E-01  0.8990E-01  0.0000E+00  0.0000E+00
  0.3783E-01  0.5273E-02  0.1866E-01  0.6491E-02  0.0000E+00  0.0000E+00
 Relative number of events:
  0.1675E-01  0.1850E-01  0.7000E-02  0.6250E-02  0.0000E+00  0.0000E+00
  0.5700E-01  0.5625E-01  0.4250E-01  0.4150E-01  0.2500E-03  0.0000E+00
  0.1900E-01  0.1650E-01  0.5750E-02  0.6000E-02  0.0000E+00  0.0000E+00
  0.6025E-01  0.6100E-01  0.3950E-01  0.4525E-01  0.2500E-03  0.0000E+00
  0.5875E-01  0.6400E-01  0.3900E-01  0.4175E-01  0.0000E+00  0.2500E-03
  0.1600E-01  0.1525E-01  0.7000E-02  0.7000E-02  0.2500E-03  0.0000E+00
  0.6175E-01  0.5550E-01  0.4050E-01  0.4150E-01  0.0000E+00  0.0000E+00
  0.2200E-01  0.1575E-01  0.8000E-02  0.6250E-02  0.0000E+00  0.0000E+00
 Events:
          67          74          28          25           0           0
         228         225         170         166           1           0
          76          66          23          24           0           0
         241         244         158         181           1           0
         235         256         156         167           0           1
          64          61          28          28           1           0
         247         222         162         166           0           0
          88          63          32          25           0           0
 Accuracy:    0.213   0.100   0.190   1.257
 Found          102  events.
 Wrote            4  events.
 Actual xsec    5.4565619103897360E-007
 Correct abs xsec    5.4565619103897360E-007
 Event xsec    5.4565619103897360E-007
 Events wgts > 1:            1
 % Cross section > 1:    5.9506345710220673E-015   1.0905465142238333E-006
 Iteration  4   Mean: 0.7445E-06 Abs mean: 0.7445E-06   Fluctuation:  0.168E-06   0.111E-02    75.8%
  4    0.7445E-06 0.7445E-06 +- 0.1680E-06     20.19
 Relative summed weights:
  0.3234E-01  0.1601E-01  0.1800E-02  0.1557E-01  0.0000E+00  0.0000E+00
  0.2071E-01  0.3739E-01  0.8792E-01  0.6259E-02  0.1645E-07  0.0000E+00
  0.6469E-02  0.7034E-01  0.1105E-01  0.5642E-01  0.0000E+00  0.0000E+00
  0.1319E-01  0.2803E-01  0.1071E-01  0.1209E-01  0.0000E+00  0.8999E-06
  0.2216E-01  0.1635E-01  0.1190E-01  0.3069E-01  0.0000E+00  0.5484E-06
  0.8249E-02  0.1104E-01  0.3907E-02  0.5961E-02  0.0000E+00  0.0000E+00
  0.2838E-01  0.1159E+00  0.1942E+00  0.2170E-01  0.0000E+00  0.1548E-03
  0.4658E-01  0.1429E-01  0.4204E-02  0.3812E-01  0.0000E+00  0.0000E+00
 Relative number of events:
  0.1625E-01  0.1613E-01  0.8750E-02  0.7250E-02  0.0000E+00  0.0000E+00
  0.5212E-01  0.6150E-01  0.4125E-01  0.4225E-01  0.1250E-03  0.0000E+00
  0.1862E-01  0.1613E-01  0.8125E-02  0.8000E-02  0.0000E+00  0.0000E+00
  0.5613E-01  0.5700E-01  0.4175E-01  0.4213E-01  0.0000E+00  0.2500E-03
  0.5987E-01  0.5862E-01  0.4300E-01  0.4462E-01  0.0000E+00  0.1250E-03
  0.1937E-01  0.1537E-01  0.7875E-02  0.6625E-02  0.0000E+00  0.0000E+00
  0.5488E-01  0.5912E-01  0.3963E-01  0.4763E-01  0.0000E+00  0.2500E-03
  0.1663E-01  0.1650E-01  0.7000E-02  0.9125E-02  0.0000E+00  0.0000E+00
 Events:
         130         129          70          58           0           0
         417         492         330         338           1           0
         149         129          65          64           0           0
         449         456         334         337           0           2
         479         469         344         357           0           1
         155         123          63          53           0           0
         439         473         317         381           0           2
         133         132          56          73           0           0
 Accuracy:    0.147   0.100   0.145   1.016
 Found          387  events.
 Wrote            3  events.
 Actual xsec    6.2118592436704124E-007
 Correct abs xsec    6.2118592436704124E-007
 Event xsec    6.2118592436704114E-007
 Events wgts > 1:            0
 % Cross section > 1:    0.0000000000000000        0.0000000000000000     
 Iteration  5   Mean: 0.8346E-06 Abs mean: 0.8346E-06   Fluctuation:  0.112E-06   0.131E-02    76.1%
  5    0.8346E-06 0.8346E-06 +- 0.1123E-06     17.02
 Relative summed weights:
  0.6938E-01  0.3577E-01  0.1549E-01  0.1868E-01  0.0000E+00  0.0000E+00
  0.5338E-01  0.2341E-01  0.2542E-01  0.2553E-01  0.1012E-07  0.0000E+00
  0.3506E-01  0.3921E-01  0.9782E-02  0.3487E-01  0.0000E+00  0.0000E+00
  0.2524E-01  0.3737E-01  0.2109E-01  0.3372E-01  0.6724E-05  0.1073E-03
  0.1202E+00  0.2273E-01  0.1040E-01  0.1961E-01  0.1460E-04  0.8803E-05
  0.2175E-01  0.2194E-01  0.2105E-01  0.1115E-01  0.0000E+00  0.0000E+00
  0.2826E-01  0.2302E-01  0.2667E-01  0.5370E-01  0.1393E-04  0.3712E-05
  0.2065E-01  0.1402E-01  0.5285E-01  0.2842E-01  0.0000E+00  0.0000E+00
 Relative number of events:
  0.1575E-01  0.1963E-01  0.7500E-02  0.7000E-02  0.0000E+00  0.0000E+00
  0.5825E-01  0.5500E-01  0.4406E-01  0.4231E-01  0.6250E-04  0.0000E+00
  0.1775E-01  0.1638E-01  0.7750E-02  0.7375E-02  0.0000E+00  0.0000E+00
  0.5694E-01  0.5800E-01  0.4437E-01  0.4325E-01  0.3125E-03  0.3125E-03
  0.5862E-01  0.5550E-01  0.4469E-01  0.4088E-01  0.1250E-03  0.1250E-03
  0.1562E-01  0.1644E-01  0.9375E-02  0.7625E-02  0.0000E+00  0.0000E+00
  0.5488E-01  0.5650E-01  0.4256E-01  0.4519E-01  0.6250E-04  0.1875E-03
  0.1600E-01  0.1588E-01  0.7938E-02  0.9813E-02  0.0000E+00  0.0000E+00
 Events:
         252         314         120         112           0           0
         932         880         705         677           1           0
         284         262         124         118           0           0
         911         928         710         692           5           5
         938         888         715         654           2           2
         250         263         150         122           0           0
         878         904         681         723           1           3
         256         254         127         157           0           0
 Accuracy:    0.101   0.100   0.099   1.047
 Found          758  events.
 Wrote            9  events.
 Actual xsec    7.4596909151388339E-007
 Correct abs xsec    7.4596909151388339E-007
 Event xsec    7.4596909151388328E-007
 Events wgts > 1:            0
 % Cross section > 1:    0.0000000000000000        0.0000000000000000     

 -------------------------------------------------------------------------------
 Accumulated results:   Integral =  0.7393E-06
                        Std dev  =  0.7300E-07
                       Cross sec =  0.7393E-06
             Chi**2 per DoF.     =      1.0468
 -------------------------------------------------------------------------------
-------------------------------------------------
---------------------------
 Results Last   3 iters: Integral =   0.7460E-06
                     Abs integral =   0.7460E-06
                          Std dev =   0.7958E-07
                  Chi**2 per DoF. =      6.9261
-------------------------------------------------
---------------------------
 Status  0.10000000000000001                6           5

ls status:
events.lhe
ftn26
input_app.txt
results.dat
run1_app.log
