 Process in group number            1
 A PDF is used, so alpha_s(MZ) is going to be modified
 Old value of alpha_s from param_card:   0.11839999999999999     
  ****************************************
 
       NNPDFDriver version 1.0.3
   Grid: NNPDF23_lo_as_0130_qed_mem0.grid
  ****************************************
 New value of alpha_s from PDF nn23lo1:  0.13000000000000000     
 Define smin to   1600.0000000000000     
 Define smin to   1600.0000000000000     
 Define smin to   1600.0000000000000     
 *****************************************************
 *               MadGraph/MadEvent                   *
 *        --------------------------------           *
 *          http://madgraph.hep.uiuc.edu             *
 *          http://madgraph.phys.ucl.ac.be           *
 *          http://madgraph.roma2.infn.it            *
 *        --------------------------------           *
 *                                                   *
 *          PARAMETER AND COUPLING VALUES            *
 *                                                   *
 *****************************************************

  External Params
  ---------------------------------
  
 mdl_VeN1 =    1.0000000000000000     
 mdl_VeN2 =    0.0000000000000000     
 mdl_VeN3 =    0.0000000000000000     
 mdl_VmuN1 =    0.0000000000000000     
 mdl_VmuN2 =    1.0000000000000000     
 mdl_VmuN3 =    0.0000000000000000     
 mdl_VtaN1 =    0.0000000000000000     
 mdl_VtaN2 =    0.0000000000000000     
 mdl_VtaN3 =    1.0000000000000000     
 mdl_VN1N1 =    1.0000000000000000     
 mdl_VN1N2 =    1.0000000000000000     
 mdl_VN1N3 =    1.0000000000000000     
 mdl_VN2N2 =    1.0000000000000000     
 mdl_VN2N3 =    1.0000000000000000     
 mdl_VN3N3 =    1.0000000000000000     
 aEWM1 =    127.90000000000001     
 mdl_Gf =    1.1663700000000000E-005
 aS =   0.11839999999999999     
 mdl_ymt =    172.00000000000000     
 mdl_vevf =    50.000000000000000     
 mdl_MZ =    91.187600000000003     
 mdl_MT =    172.00000000000000     
 mdl_MH =    125.00000000000000     
 mdl_mN1 =    510.00000000000000     
 mdl_mN2 =    610.00000000000000     
 mdl_mN3 =    710.00000000000000     
 mdl_MJ =    91.187600000000003     
 mdl_MAx =    173.04800000000000     
 mdl_WZ =    2.4952000000000001     
 mdl_WW =    2.0850000000000000     
 mdl_WT =    1.5083359999999999     
 mdl_WH =    4.0699999999999998E-003
 mdl_WN1 =   0.30299999999999999     
 mdl_WN2 =    1.5000000000000000     
 mdl_WN3 =    12.300000000000001     
 mdl_WJ =    2.4952000000000001     
 mdl_WAx =    4.1700000000000001E-003
  Internal Params
  ---------------------------------
  
 mdl_vevf__exp__2 =    2500.0000000000000     
 mdl_sqrt__vevf__exp__2 =    50.000000000000000     
 mdl_muJ =    50.000000000000000     
 mdl_MZ__exp__2 =    8315.1783937600012     
 mdl_MZ__exp__4 =    69142191.720053151     
 mdl_sqrt__2 =    1.4142135623730951     
 mdl_MJ__exp__2 =    8315.1783937600012     
 mdl_muJ__exp__2 =    2500.0000000000000     
 mdl_lamJ =    4.3260713575040004     
 mdl_MH__exp__2 =    15625.000000000000     
 mdl_complexi =  (  0.0000000000000000     ,  1.0000000000000000     )
 mdl_aEW =    7.8186082877247844E-003
 mdl_MW =    79.824359746197842     
 mdl_sqrt__aEW =    8.8422894590285753E-002
 mdl_ee =   0.31345100004952897     
 mdl_MW__exp__2 =    6371.9284088904105     
 mdl_sw2 =   0.23369913342182447     
 mdl_cw =   0.87538612427783857     
 mdl_sqrt__sw2 =   0.48342438232036300     
 mdl_sw =   0.48342438232036300     
 mdl_g1 =   0.35807170271074895     
 mdl_gN =   0.64839716719502682     
 mdl_gw =   0.64839716719502682     
 mdl_vev =    246.22056907348590     
 mdl_vev__exp__2 =    60624.568634871241     
 mdl_lam =   0.12886689630821144     
 mdl_yt =   0.98791394091683138     
 mdl_muH =    88.388347648318444     
 mdl_I2a33 =  ( 0.98791394091683138     ,  0.0000000000000000     )
 mdl_I3a33 =  ( 0.98791394091683138     ,  0.0000000000000000     )
 mdl_ee__exp__2 =    9.8251529432049817E-002
 mdl_sw__exp__2 =   0.23369913342182450     
 mdl_cw__exp__2 =   0.76630086657817542     
  Internal Params evaluated point by point
  ----------------------------------------
  
 mdl_sqrt__aS =   0.34409301068170506     
 mdl_G__exp__2 =    1.4878582807401259     
  Couplings of SM_HeavyN_UFO
  ---------------------------------
  
         GC_1 =  -0.00000E+00  -0.10448E+00
         GC_2 =   0.00000E+00   0.20897E+00
         GC_3 =  -0.00000E+00  -0.31345E+00
         GC_4 =   0.00000E+00   0.31345E+00
        GC_26 =   0.00000E+00   0.45849E+00
        GC_27 =  -0.00000E+00  -0.28380E+00
        GC_28 =   0.00000E+00   0.28380E+00
        GC_30 =   0.00000E+00   0.56760E+00
        GC_35 =  -0.00000E+00  -0.28850E-01
        GC_37 =   0.00000E+00   0.17310E+00
        GC_39 =   0.00000E+00  -0.19725E+00
        GC_40 =   0.00000E+00   0.37035E+00
        GC_80 =   0.00000E+00   0.67543E+02
       GC_107 =  -0.00000E+00  -0.74070E+00
       GC_109 =  -0.00000E+00  -0.74070E+00
       GC_111 =  -0.00000E+00  -0.74070E+00
       GC_113 =  -0.00000E+00  -0.74070E+00
       GC_115 =  -0.00000E+00  -0.74070E+00
       GC_117 =  -0.00000E+00  -0.74070E+00
       GC_119 =   0.00000E+00   0.00000E+00
       GC_120 =   0.00000E+00   0.00000E+00
       GC_122 =  -0.00000E+00  -0.00000E+00
       GC_126 =   0.00000E+00   0.00000E+00
       GC_127 =   0.00000E+00   0.00000E+00
       GC_129 =  -0.00000E+00  -0.00000E+00
       GC_133 =   0.00000E+00   0.45849E+00
       GC_134 =   0.00000E+00   0.37035E+00
       GC_136 =  -0.00000E+00  -0.28836E+01
        GC_81 =   0.10200E+02   0.00000E+00
        GC_82 =   0.12200E+02   0.00000E+00
        GC_83 =   0.14200E+02   0.00000E+00

 Collider parameters:
 --------------------

 Running at P P   machine @    13000.000000000000       GeV
 PDF set = nn23lo1
 alpha_s(Mz)= 0.1300 running at 2 loops.
 alpha_s(Mz)= 0.1300 running at 2 loops.
 Renormalization scale set on event-by-event basis
 Factorization   scale set on event-by-event basis


 getting user params
Enter number of events and max and min iterations: 
 Number of events and iterations         1000           5           3
Enter desired fractional accuracy: 
 Desired fractional accuracy:   0.10000000000000001     
Enter 0 for fixed, 2 for adjustable grid: 
Suppress amplitude (0 no, 1 yes)? 
 Using suppressed amplitude.
Exact helicity sum (0 yes, n = number/event)? 
 Explicitly summing over helicities
Enter Configuration Number: 
Running Configuration Number:  195
 Using dconfig=         689
 BW Setting            2           1           1           1           2           2           0
 Attempting mappinvarients           1           9
 Completed mapping           9
 about to integrate           19        1000           5           3          19           1
 Using non-zero grid deformation.
 19 dimensions   1000 events 19 invarients  5 iterations  1 config(s),  (0.99)
 Using h-tuple random number sequence.
 Error opening grid
 Using Uniform Grid!          36
 Using uniform alpha   1.0000000000000000     
 Grid defined OK
 Set CM energy to      13000.00
 Mapping Graph         195  to config         195
Setting grid   1    0.75740E-07   1
 Setting BW          -2           2   710.00000000000000     
 Setting BW          -3           3   91.187600000000003     
 Setting BW          -4           4   710.00000000000000     
Setting grid   5    0.39632E-02   1
Setting grid   6    0.39632E-02   1
 Transforming s_hat 1/s           18   3.9631789974002365E-003   1600.0000000000000        168999999.99999997     
 195   1   2   3   4   5   6   7   8   9  10  11  12  13  14
  15  16  17  18  19
 Masses: 0.000E+00 0.000E+00 0.000E+00 0.000E+00 0.000E+00 0.000E+00 0.000E+00 0.000E+00 0.912E+02
Using random seed offsets   195 :      1
  with seed                   24
 Ranmar initialization seeds       31253        9398
 
 ********************************************
 * You are using the DiscreteSampler module *
 *      part of the MG5_aMC framework       *
 *         Author: Valentin Hirschi         *
 ********************************************
 
  Particle       3       4       5       6       7       8       9
      Et >    10.0    10.0    10.0    10.0     0.0     0.0     0.0
       E >     0.0     0.0     0.0     0.0     0.0     0.0     0.0
     Eta <     2.5     2.5     2.5     2.5    -1.0    -1.0    -1.0
   xqcut:      0.0     0.0     0.0     0.0     0.0     0.0     0.0
d R # 3  >    -0.0     0.4     0.4     0.4     0.0     0.0     0.0
d R # 4  >    -0.0    -0.0     0.4     0.4     0.0     0.0     0.0
d R # 5  >    -0.0    -0.0    -0.0     0.4     0.0     0.0     0.0
d R # 6  >    -0.0    -0.0    -0.0    -0.0     0.0     0.0     0.0
d R # 7  >    -0.0    -0.0    -0.0    -0.0    -0.0     0.0     0.0
d R # 8  >    -0.0    -0.0    -0.0    -0.0    -0.0    -0.0     0.0
s min # 3>     0.0     0.0     0.0     0.0     0.0     0.0     0.0
s min # 4>     0.0     0.0     0.0     0.0     0.0     0.0     0.0
s min # 5>     0.0     0.0     0.0     0.0     0.0     0.0     0.0
s min # 6>     0.0     0.0     0.0     0.0     0.0     0.0     0.0
s min # 7>     0.0     0.0     0.0     0.0     0.0     0.0     0.0
s min # 8>     0.0     0.0     0.0     0.0     0.0     0.0     0.0
xqcutij # 3>     0.0     0.0     0.0     0.0     0.0     0.0     0.0
xqcutij # 4>     0.0     0.0     0.0     0.0     0.0     0.0     0.0
xqcutij # 5>     0.0     0.0     0.0     0.0     0.0     0.0     0.0
xqcutij # 6>     0.0     0.0     0.0     0.0     0.0     0.0     0.0
xqcutij # 7>     0.0     0.0     0.0     0.0     0.0     0.0     0.0
xqcutij # 8>     0.0     0.0     0.0     0.0     0.0     0.0     0.0
 Excluding BW           -1           1
 Requiring BW           -2           2
 Requiring BW           -3           3
 Requiring BW           -4           4
 Excluding BW           -5           5
 Excluding BW           -6           6
 alpha_s for scale    2346.3405475488394       is    8.4598704127839458E-002
 Added good helicity            1   57.885249271149874       in event            1 local:           1
 Added good helicity           21   86.593868689933061       in event            1 local:           1
 Added good helicity           25   1.3836604244455689E-004  in event            1 local:           1
 Added good helicity           37   1.7109465999207100E-003  in event            1 local:           1
 Added good helicity           41   12.545054661890221       in event            1 local:           1
 Added good helicity           61   14.867186814944235       in event            1 local:           1
 Added good helicity          193   41.823409351852604       in event            1 local:           1
 Added good helicity          213   18.158635252654562       in event            1 local:           1
 Added good helicity          217   1.3646009595145967E-004  in event            1 local:           1
 Added good helicity          229   1.7926633855042316E-002  in event            1 local:           1
 Added good helicity          233   23.533236415297520       in event            1 local:           1
 Added good helicity          253  0.57344713568458017       in event            1 local:           1
 Added good helicity            1   57.885249271150009       in event            1 local:           1
 Added good helicity           21   86.593868689933316       in event            1 local:           1
 Added good helicity           25   1.3836604244455740E-004  in event            1 local:           1
 Added good helicity           37   1.7109465999207189E-003  in event            1 local:           1
 Added good helicity           41   12.545054661890624       in event            1 local:           1
 Added good helicity           61   14.867186814944665       in event            1 local:           1
 Added good helicity          193   41.823409351851218       in event            1 local:           1
 Added good helicity          213   18.158635252654520       in event            1 local:           1
 Added good helicity          217   1.3646009595146900E-004  in event            1 local:           1
 Added good helicity          229   1.7926633855043124E-002  in event            1 local:           1
 Added good helicity          233   23.533236415297385       in event            1 local:           1
 Added good helicity          253  0.57344713568487382       in event            1 local:           1
 RESET CUMULATIVE VARIABLE
 RESET CUMULATIVE VARIABLE
 RESET CUMULATIVE VARIABLE
 Iteration  1   Mean: 0.7443E-12 Abs mean: 0.7443E-12   Fluctuation:  0.349E-12   0.848E-10     0.2%
  1    0.7443E-12 0.7443E-12 +- 0.3493E-12      8.42
 Writing out events   2.9770736686891611E-014   8.4214430192126191     
 Relative summed weights:
  0.1985E-01  0.7024E-04  0.2037E-02  0.2547E-04  0.0000E+00  0.0000E+00
  0.3055E-06  0.3069E-03  0.2039E-02  0.1118E-02  0.0000E+00  0.5485E-11
  0.1955E-03  0.4744E-03  0.2925E-02  0.1509E-03  0.5409E-09  0.0000E+00
  0.4324E-05  0.2979E-04  0.1829E-02  0.1848E-02  0.0000E+00  0.0000E+00
  0.3135E-02  0.1343E-03  0.5447E-03  0.2237E+00  0.0000E+00  0.0000E+00
  0.1215E-03  0.9350E-05  0.5032E-02  0.2305E-05  0.6857E-09  0.1316E-07
  0.3744E+00  0.1351E+00  0.9338E-03  0.2069E+00  0.1327E-05  0.0000E+00
  0.3105E-03  0.7040E-03  0.5632E-03  0.7889E-03  0.0000E+00  0.1460E-01
 Relative number of events:
  0.1511E-01  0.9063E-02  0.1511E-01  0.2417E-01  0.0000E+00  0.0000E+00
  0.6042E-02  0.2417E-01  0.2417E-01  0.3021E-01  0.0000E+00  0.3021E-02
  0.2417E-01  0.4834E-01  0.7855E-01  0.4230E-01  0.3021E-02  0.0000E+00
  0.2115E-01  0.1511E-01  0.4532E-01  0.3927E-01  0.0000E+00  0.0000E+00
  0.2417E-01  0.1208E-01  0.2115E-01  0.3927E-01  0.0000E+00  0.0000E+00
  0.1813E-01  0.1813E-01  0.3323E-01  0.9063E-02  0.3021E-02  0.3021E-02
  0.4532E-01  0.1813E-01  0.2115E-01  0.6344E-01  0.3021E-02  0.0000E+00
  0.3625E-01  0.2417E-01  0.7855E-01  0.5438E-01  0.0000E+00  0.6042E-02
 Events:
           5           3           5           8           0           0
           2           8           8          10           0           1
           8          16          26          14           1           0
           7           5          15          13           0           0
           8           4           7          13           0           0
           6           6          11           3           1           1
          15           6           7          21           1           0
          12           8          26          18           0           2
 Iteration  2   Mean: 0.6194E-12 Abs mean: 0.6194E-12   Fluctuation:  0.465E-12   0.926E-09     9.5%
  2    0.6194E-12 0.6194E-12 +- 0.4647E-12     33.55
 Relative summed weights:
  0.2556E-02  0.3706E-03  0.4865E-02  0.1588E-01  0.1311E-08  0.1998E-06
  0.1390E-03  0.1215E-01  0.1040E-01  0.8177E-03  0.1026E-09  0.0000E+00
  0.2223E-01  0.2815E-02  0.1890E-02  0.4646E-01  0.2227E-05  0.2946E-06
  0.4774E-02  0.1160E-01  0.9937E-02  0.1368E-01  0.6648E-05  0.0000E+00
  0.1478E-03  0.5371E-02  0.1980E-02  0.1936E-02  0.2076E-10  0.8104E-09
  0.7481E+00  0.2011E-03  0.6282E-02  0.9712E-02  0.1594E-08  0.1563E-07
  0.1202E-02  0.2446E-01  0.1878E-01  0.2574E-02  0.1568E-07  0.6901E-10
  0.9569E-03  0.2667E-02  0.4413E-02  0.1064E-01  0.2836E-05  0.3987E-06
 Relative number of events:
  0.2150E-01  0.1100E-01  0.2450E-01  0.2200E-01  0.1000E-02  0.1000E-02
  0.1350E-01  0.1200E-01  0.2050E-01  0.2750E-01  0.5000E-03  0.0000E+00
  0.3800E-01  0.4050E-01  0.5250E-01  0.5250E-01  0.5000E-03  0.5000E-03
  0.3100E-01  0.4050E-01  0.5250E-01  0.5250E-01  0.1500E-02  0.0000E+00
  0.1500E-01  0.1650E-01  0.1950E-01  0.2400E-01  0.5000E-03  0.5000E-03
  0.1200E-01  0.1000E-01  0.2600E-01  0.1700E-01  0.5000E-03  0.5000E-03
  0.3350E-01  0.3450E-01  0.4950E-01  0.5200E-01  0.5000E-03  0.5000E-03
  0.3200E-01  0.3400E-01  0.5050E-01  0.5200E-01  0.1000E-02  0.5000E-03
 Events:
          43          22          49          44           2           2
          27          24          41          55           1           0
          76          81         105         105           1           1
          62          81         105         105           3           0
          30          33          39          48           1           1
          24          20          52          34           1           1
          67          69          99         104           1           1
          64          68         101         104           2           1
 Iteration  3   Mean: 0.3880E-12 Abs mean: 0.3880E-12   Fluctuation:  0.139E-12   0.364E-09    39.3%
  3    0.3880E-12 0.3880E-12 +- 0.1392E-12     22.69
 Relative summed weights:
  0.1500E-02  0.1796E-02  0.6645E-03  0.7078E-02  0.5682E-06  0.1744E-05
  0.1021E-02  0.2391E+00  0.4064E-02  0.1435E-02  0.2866E-04  0.0000E+00
  0.3930E-02  0.7806E-02  0.4855E-01  0.4584E-02  0.1185E-06  0.1156E-05
  0.7195E-01  0.8321E-02  0.4404E-02  0.3715E-02  0.5842E-03  0.3912E-06
  0.3899E-01  0.2401E-02  0.2529E-02  0.5730E-01  0.2481E-05  0.0000E+00
  0.2724E-01  0.2007E-02  0.3412E-02  0.2607E-01  0.7713E-05  0.8085E-04
  0.5032E-02  0.7588E-02  0.8131E-02  0.1173E-01  0.2327E-05  0.6399E-09
  0.9960E-01  0.3054E-01  0.3054E-01  0.2357E+00  0.4908E-06  0.5859E-03
 Relative number of events:
  0.1475E-01  0.1075E-01  0.1950E-01  0.2100E-01  0.5000E-03  0.7500E-03
  0.1625E-01  0.1475E-01  0.2275E-01  0.2275E-01  0.1250E-02  0.0000E+00
  0.3925E-01  0.3275E-01  0.5400E-01  0.4875E-01  0.1000E-02  0.1750E-02
  0.3800E-01  0.3525E-01  0.5025E-01  0.5350E-01  0.1750E-02  0.1250E-02
  0.1300E-01  0.1350E-01  0.2125E-01  0.2550E-01  0.5000E-03  0.0000E+00
  0.1300E-01  0.1050E-01  0.2100E-01  0.2250E-01  0.2500E-03  0.7500E-03
  0.2975E-01  0.3875E-01  0.5400E-01  0.5275E-01  0.1250E-02  0.2500E-03
  0.3025E-01  0.3450E-01  0.5400E-01  0.5625E-01  0.2500E-02  0.1500E-02
 Events:
          59          43          78          84           2           3
          65          59          91          91           5           0
         157         131         216         195           4           7
         152         141         201         214           7           5
          52          54          85         102           2           0
          52          42          84          90           1           3
         119         155         216         211           5           1
         121         138         216         225          10           6
 Accuracy:    0.218   0.100   0.266   0.670
 Found           84  events.
 Wrote            2  events.
 Actual xsec    5.3203789787890880E-013
 Correct abs xsec    5.3203789787890880E-013
 Event xsec    5.3203789787890880E-013
 Events wgts > 1:            1
 % Cross section > 1:    6.1121592838824464E-015   1.1488202829629190     
 Iteration  4   Mean: 0.5356E-12 Abs mean: 0.5356E-12   Fluctuation:  0.294E-12   0.231E-08    48.8%
  4    0.5356E-12 0.5356E-12 +- 0.2937E-12     49.04
 Relative summed weights:
  0.2349E-01  0.3874E-02  0.5729E-02  0.2217E-02  0.2373E-04  0.1721E-07
  0.3686E-02  0.1564E-01  0.6872E-02  0.5630E-02  0.2792E-04  0.2866E-06
  0.1033E-01  0.9605E-02  0.6299E-02  0.2766E-01  0.5560E-05  0.6032E-04
  0.9944E-02  0.2214E-01  0.4515E-01  0.1283E-01  0.1433E-03  0.1038E-04
  0.6122E-02  0.4727E-02  0.7528E-02  0.9598E-02  0.3046E-04  0.1933E-06
  0.1573E-02  0.1015E-01  0.9086E-01  0.2034E-02  0.3190E-06  0.3425E-04
  0.1324E-01  0.1691E-01  0.6189E-02  0.2579E-02  0.2158E-02  0.2101E-04
  0.8256E-02  0.5609E+00  0.4260E-01  0.2681E-02  0.2200E-03  0.1905E-03
 Relative number of events:
  0.1413E-01  0.1487E-01  0.2200E-01  0.2538E-01  0.7500E-03  0.5000E-03
  0.1362E-01  0.1275E-01  0.2100E-01  0.2225E-01  0.6250E-03  0.7500E-03
  0.3350E-01  0.3313E-01  0.5150E-01  0.5212E-01  0.8750E-03  0.1000E-02
  0.3575E-01  0.3475E-01  0.4925E-01  0.5200E-01  0.1375E-02  0.1375E-02
  0.1413E-01  0.1438E-01  0.2513E-01  0.2375E-01  0.6250E-03  0.6250E-03
  0.1213E-01  0.1588E-01  0.2262E-01  0.2375E-01  0.5000E-03  0.7500E-03
  0.3363E-01  0.3363E-01  0.5225E-01  0.5087E-01  0.1500E-02  0.1000E-02
  0.3812E-01  0.3537E-01  0.5087E-01  0.5063E-01  0.1125E-02  0.1500E-02
 Events:
         113         119         176         203           6           4
         109         102         168         178           5           6
         268         265         412         417           7           8
         286         278         394         416          11          11
         113         115         201         190           5           5
          97         127         181         190           4           6
         269         269         418         407          12           8
         305         283         407         405           9          12
 Accuracy:    0.160   0.100   0.240   0.445
 Found          291  events.
 Wrote            2  events.
 Actual xsec    4.5810049353859014E-013
 Correct abs xsec    4.5810049353859014E-013
 Event xsec    4.5810049353859014E-013
 Events wgts > 1:            1
 % Cross section > 1:    5.1288086547108920E-020   1.1195815606076932E-005
 Iteration  5   Mean: 0.5265E-12 Abs mean: 0.5265E-12   Fluctuation:  0.116E-12   0.165E-08    52.8%
  5    0.5265E-12 0.5265E-12 +- 0.1160E-12     27.86
 Relative summed weights:
  0.2146E-01  0.9181E-02  0.1095E-01  0.2155E-01  0.3298E-04  0.1990E-03
  0.2132E+00  0.3350E-01  0.4029E-02  0.2464E-01  0.4091E-04  0.1632E-04
  0.3026E-01  0.9679E-02  0.2551E-01  0.5721E-02  0.1114E-02  0.5622E-04
  0.3008E-01  0.1320E-01  0.3281E-01  0.2117E-01  0.8881E-04  0.2525E-03
  0.7426E-02  0.3331E-01  0.2893E-01  0.5119E-01  0.8600E-03  0.1904E-06
  0.3835E-01  0.1224E-01  0.3742E-01  0.3112E-01  0.9483E-05  0.4468E-06
  0.1633E-01  0.9060E-02  0.1671E-01  0.8553E-01  0.7113E-04  0.8615E-04
  0.2007E-01  0.6845E-01  0.1658E-01  0.1746E-01  0.8957E-05  0.3838E-04
 Relative number of events:
  0.1512E-01  0.1319E-01  0.2463E-01  0.2312E-01  0.3750E-03  0.6250E-03
  0.1469E-01  0.1469E-01  0.2269E-01  0.2225E-01  0.5000E-03  0.6250E-03
  0.3675E-01  0.3594E-01  0.5444E-01  0.5056E-01  0.1000E-02  0.1000E-02
  0.3719E-01  0.3575E-01  0.5200E-01  0.5050E-01  0.6875E-03  0.1000E-02
  0.1375E-01  0.1569E-01  0.2187E-01  0.2237E-01  0.8750E-03  0.1875E-03
  0.1463E-01  0.1419E-01  0.2388E-01  0.1988E-01  0.7500E-03  0.3125E-03
  0.3450E-01  0.3706E-01  0.4988E-01  0.5144E-01  0.8125E-03  0.7500E-03
  0.3394E-01  0.3444E-01  0.4925E-01  0.4888E-01  0.6875E-03  0.6875E-03
 Events:
         242         211         394         370           6          10
         235         235         363         356           8          10
         588         575         871         809          16          16
         595         572         832         808          11          16
         220         251         350         358          14           3
         234         227         382         318          12           5
         552         593         798         823          13          12
         543         551         788         782          11          11
 Accuracy:    0.094   0.100   0.162   0.339
 Finished due to accuracy    9.4382066215832630E-002  0.10000000000000001     

 -------------------------------------------------------------------------------
 Accumulated results:   Integral =  0.5294E-12
                        Std dev  =  0.8585E-13
                       Cross sec =  0.5294E-12
             Chi**2 per DoF.     =      0.3387
 -------------------------------------------------------------------------------
 Found          631  events.
 Wrote            5  events.
 Actual xsec    4.9352987391711985E-013
 Correct abs xsec    4.9352987391711985E-013
 Event xsec    4.9352987391711985E-013
 Events wgts > 1:            1
 % Cross section > 1:    2.6305124514591321E-021   5.3299964003817989E-007
-------------------------------------------------
---------------------------
 Results Last   3 iters: Integral =   0.4935E-12
                     Abs integral =   0.4935E-12
                          Std dev =   0.8766E-13
                  Chi**2 per DoF. =      0.3380
-------------------------------------------------
---------------------------
 Status  0.10000000000000001                6           5

ls status:
events.lhe
ftn26
input_app.txt
results.dat
run1_app.log
