 Process in group number            1
 A PDF is used, so alpha_s(MZ) is going to be modified
 Old value of alpha_s from param_card:   0.11839999999999999     
  ****************************************
 
       NNPDFDriver version 1.0.3
   Grid: NNPDF23_lo_as_0130_qed_mem0.grid
  ****************************************
 New value of alpha_s from PDF nn23lo1:  0.13000000000000000     
 Define smin to   1600.0000000000000     
 Define smin to   1600.0000000000000     
 Define smin to   1600.0000000000000     
 *****************************************************
 *               MadGraph/MadEvent                   *
 *        --------------------------------           *
 *          http://madgraph.hep.uiuc.edu             *
 *          http://madgraph.phys.ucl.ac.be           *
 *          http://madgraph.roma2.infn.it            *
 *        --------------------------------           *
 *                                                   *
 *          PARAMETER AND COUPLING VALUES            *
 *                                                   *
 *****************************************************

  External Params
  ---------------------------------
  
 mdl_VeN1 =    1.0000000000000000     
 mdl_VeN2 =    0.0000000000000000     
 mdl_VeN3 =    0.0000000000000000     
 mdl_VmuN1 =    0.0000000000000000     
 mdl_VmuN2 =    1.0000000000000000     
 mdl_VmuN3 =    0.0000000000000000     
 mdl_VtaN1 =    0.0000000000000000     
 mdl_VtaN2 =    0.0000000000000000     
 mdl_VtaN3 =    1.0000000000000000     
 mdl_VN1N1 =    1.0000000000000000     
 mdl_VN1N2 =    1.0000000000000000     
 mdl_VN1N3 =    1.0000000000000000     
 mdl_VN2N2 =    1.0000000000000000     
 mdl_VN2N3 =    1.0000000000000000     
 mdl_VN3N3 =    1.0000000000000000     
 aEWM1 =    127.90000000000001     
 mdl_Gf =    1.1663700000000000E-005
 aS =   0.11839999999999999     
 mdl_ymt =    172.00000000000000     
 mdl_vevf =    50.000000000000000     
 mdl_MZ =    91.187600000000003     
 mdl_MT =    172.00000000000000     
 mdl_MH =    125.00000000000000     
 mdl_mN1 =    2000.0000000000000     
 mdl_mN2 =    2100.0000000000000     
 mdl_mN3 =    2200.0000000000000     
 mdl_MJ =    91.187600000000003     
 mdl_MAx =    173.04800000000000     
 mdl_WZ =    2.4952000000000001     
 mdl_WW =    2.0850000000000000     
 mdl_WT =    1.5083359999999999     
 mdl_WH =    4.0699999999999998E-003
 mdl_WN1 =   0.30299999999999999     
 mdl_WN2 =    1.5000000000000000     
 mdl_WN3 =    12.300000000000001     
 mdl_WJ =    2.4952000000000001     
 mdl_WAx =    4.1700000000000001E-003
  Internal Params
  ---------------------------------
  
 mdl_vevf__exp__2 =    2500.0000000000000     
 mdl_sqrt__vevf__exp__2 =    50.000000000000000     
 mdl_muJ =    50.000000000000000     
 mdl_MZ__exp__2 =    8315.1783937600012     
 mdl_MZ__exp__4 =    69142191.720053151     
 mdl_sqrt__2 =    1.4142135623730951     
 mdl_MJ__exp__2 =    8315.1783937600012     
 mdl_muJ__exp__2 =    2500.0000000000000     
 mdl_lamJ =    4.3260713575040004     
 mdl_MH__exp__2 =    15625.000000000000     
 mdl_complexi =  (  0.0000000000000000     ,  1.0000000000000000     )
 mdl_aEW =    7.8186082877247844E-003
 mdl_MW =    79.824359746197842     
 mdl_sqrt__aEW =    8.8422894590285753E-002
 mdl_ee =   0.31345100004952897     
 mdl_MW__exp__2 =    6371.9284088904105     
 mdl_sw2 =   0.23369913342182447     
 mdl_cw =   0.87538612427783857     
 mdl_sqrt__sw2 =   0.48342438232036300     
 mdl_sw =   0.48342438232036300     
 mdl_g1 =   0.35807170271074895     
 mdl_gN =   0.64839716719502682     
 mdl_gw =   0.64839716719502682     
 mdl_vev =    246.22056907348590     
 mdl_vev__exp__2 =    60624.568634871241     
 mdl_lam =   0.12886689630821144     
 mdl_yt =   0.98791394091683138     
 mdl_muH =    88.388347648318444     
 mdl_I2a33 =  ( 0.98791394091683138     ,  0.0000000000000000     )
 mdl_I3a33 =  ( 0.98791394091683138     ,  0.0000000000000000     )
 mdl_ee__exp__2 =    9.8251529432049817E-002
 mdl_sw__exp__2 =   0.23369913342182450     
 mdl_cw__exp__2 =   0.76630086657817542     
  Internal Params evaluated point by point
  ----------------------------------------
  
 mdl_sqrt__aS =   0.34409301068170506     
 mdl_G__exp__2 =    1.4878582807401259     
  Couplings of SM_HeavyN_UFO
  ---------------------------------
  
         GC_1 =  -0.00000E+00  -0.10448E+00
         GC_2 =   0.00000E+00   0.20897E+00
         GC_3 =  -0.00000E+00  -0.31345E+00
         GC_4 =   0.00000E+00   0.31345E+00
        GC_26 =   0.00000E+00   0.45849E+00
        GC_27 =  -0.00000E+00  -0.28380E+00
        GC_28 =   0.00000E+00   0.28380E+00
        GC_30 =   0.00000E+00   0.56760E+00
        GC_35 =  -0.00000E+00  -0.28850E-01
        GC_37 =   0.00000E+00   0.17310E+00
        GC_39 =   0.00000E+00  -0.19725E+00
        GC_40 =   0.00000E+00   0.37035E+00
        GC_80 =   0.00000E+00   0.67543E+02
       GC_107 =  -0.00000E+00  -0.74070E+00
       GC_109 =  -0.00000E+00  -0.74070E+00
       GC_111 =  -0.00000E+00  -0.74070E+00
       GC_113 =  -0.00000E+00  -0.74070E+00
       GC_115 =  -0.00000E+00  -0.74070E+00
       GC_117 =  -0.00000E+00  -0.74070E+00
       GC_119 =   0.00000E+00   0.00000E+00
       GC_120 =   0.00000E+00   0.00000E+00
       GC_122 =  -0.00000E+00  -0.00000E+00
       GC_126 =   0.00000E+00   0.00000E+00
       GC_127 =   0.00000E+00   0.00000E+00
       GC_129 =  -0.00000E+00  -0.00000E+00
       GC_133 =   0.00000E+00   0.45849E+00
       GC_134 =   0.00000E+00   0.37035E+00
       GC_136 =  -0.00000E+00  -0.89351E+01
        GC_81 =   0.40000E+02   0.00000E+00
        GC_82 =   0.42000E+02   0.00000E+00
        GC_83 =   0.44000E+02   0.00000E+00

 Collider parameters:
 --------------------

 Running at P P   machine @    13000.000000000000       GeV
 PDF set = nn23lo1
 alpha_s(Mz)= 0.1300 running at 2 loops.
 alpha_s(Mz)= 0.1300 running at 2 loops.
 Renormalization scale set on event-by-event basis
 Factorization   scale set on event-by-event basis


 getting user params
Enter number of events and max and min iterations: 
 Number of events and iterations         1000           5           3
Enter desired fractional accuracy: 
 Desired fractional accuracy:   0.10000000000000001     
Enter 0 for fixed, 2 for adjustable grid: 
Suppress amplitude (0 no, 1 yes)? 
 Using suppressed amplitude.
Exact helicity sum (0 yes, n = number/event)? 
 Explicitly summing over helicities
Enter Configuration Number: 
Running Configuration Number:  393
 Using dconfig=         643
 BW Setting            1           1           2           2           1           2           0
 Attempting mappinvarients           1           9
 Completed mapping           9
 about to integrate           19        1000           5           3          19           1
 Using non-zero grid deformation.
 19 dimensions   1000 events 19 invarients  5 iterations  1 config(s),  (0.99)
 Using h-tuple random number sequence.
 Error opening grid
 Using Uniform Grid!          36
 Using uniform alpha   1.0000000000000000     
 Grid defined OK
 Set CM energy to      13000.00
 Mapping Graph         393  to config         393
 Setting BW          -1           1   91.187600000000003     
 Setting BW          -2           2   2200.0000000000000     
Setting grid   3    0.29417E-01   1
Setting grid   4    0.59172E-08   1
 Setting BW          -5           5   2200.0000000000000     
Setting grid   6    0.11291E+00   1
 Transforming s_hat 1/s           18  0.11290569768517021        1600.0000000000000        168999999.99999997     
 393   1   2   3   4   5   6   7   8   9  10  11  12  13  14
  15  16  17  18  19
 Masses: 0.000E+00 0.000E+00 0.000E+00 0.000E+00 0.000E+00 0.000E+00 0.000E+00 0.000E+00 0.912E+02
Using random seed offsets   393 :      1
  with seed                   24
 Ranmar initialization seeds         123        9398
 
 ********************************************
 * You are using the DiscreteSampler module *
 *      part of the MG5_aMC framework       *
 *         Author: Valentin Hirschi         *
 ********************************************
 
  Particle       3       4       5       6       7       8       9
      Et >    10.0    10.0    10.0    10.0     0.0     0.0     0.0
       E >     0.0     0.0     0.0     0.0     0.0     0.0     0.0
     Eta <     2.5     2.5     2.5     2.5    -1.0    -1.0    -1.0
   xqcut:      0.0     0.0     0.0     0.0     0.0     0.0     0.0
d R # 3  >    -0.0     0.4     0.4     0.4     0.0     0.0     0.0
d R # 4  >    -0.0    -0.0     0.4     0.4     0.0     0.0     0.0
d R # 5  >    -0.0    -0.0    -0.0     0.4     0.0     0.0     0.0
d R # 6  >    -0.0    -0.0    -0.0    -0.0     0.0     0.0     0.0
d R # 7  >    -0.0    -0.0    -0.0    -0.0    -0.0     0.0     0.0
d R # 8  >    -0.0    -0.0    -0.0    -0.0    -0.0    -0.0     0.0
s min # 3>     0.0     0.0     0.0     0.0     0.0     0.0     0.0
s min # 4>     0.0     0.0     0.0     0.0     0.0     0.0     0.0
s min # 5>     0.0     0.0     0.0     0.0     0.0     0.0     0.0
s min # 6>     0.0     0.0     0.0     0.0     0.0     0.0     0.0
s min # 7>     0.0     0.0     0.0     0.0     0.0     0.0     0.0
s min # 8>     0.0     0.0     0.0     0.0     0.0     0.0     0.0
xqcutij # 3>     0.0     0.0     0.0     0.0     0.0     0.0     0.0
xqcutij # 4>     0.0     0.0     0.0     0.0     0.0     0.0     0.0
xqcutij # 5>     0.0     0.0     0.0     0.0     0.0     0.0     0.0
xqcutij # 6>     0.0     0.0     0.0     0.0     0.0     0.0     0.0
xqcutij # 7>     0.0     0.0     0.0     0.0     0.0     0.0     0.0
xqcutij # 8>     0.0     0.0     0.0     0.0     0.0     0.0     0.0
 Requiring BW           -1           1
 Requiring BW           -2           2
 Excluding BW           -3           3
 Excluding BW           -4           4
 Requiring BW           -5           5
 Excluding BW           -6           6
 alpha_s for scale    5784.6617160001269       is    7.7176895981697566E-002
 Added good helicity            1   3.5923245279553577       in event            1 local:           1
 Added good helicity           21   7.9578475081822191       in event            1 local:           1
 Added good helicity           25   8.1007510671781018E-005  in event            1 local:           1
 Added good helicity           37   9.7132841020332369E-003  in event            1 local:           1
 Added good helicity           41   4.8339374457052307       in event            1 local:           1
 Added good helicity           61   4.8834214704872654       in event            1 local:           1
 Added good helicity          193   105.31319345894015       in event            1 local:           1
 Added good helicity          213   10.329121571960666       in event            1 local:           1
 Added good helicity          217   2.1474706227118397E-002  in event            1 local:           1
 Added good helicity          229   1.0658364869651162E-002  in event            1 local:           1
 Added good helicity          233   115.45326854859192       in event            1 local:           1
 Added good helicity          253   3.5949581054677378       in event            1 local:           1
 Added good helicity            1   3.5923245279537555       in event            1 local:           1
 Added good helicity           21   7.9578475081849875       in event            1 local:           1
 Added good helicity           25   8.1007510672721387E-005  in event            1 local:           1
 Added good helicity           37   9.7132841020367931E-003  in event            1 local:           1
 Added good helicity           41   4.8339374457045885       in event            1 local:           1
 Added good helicity           61   4.8834214704888677       in event            1 local:           1
 Added good helicity          193   105.31319345893168       in event            1 local:           1
 Added good helicity          213   10.329121571964231       in event            1 local:           1
 Added good helicity          217   2.1474706227094544E-002  in event            1 local:           1
 Added good helicity          229   1.0658364869655244E-002  in event            1 local:           1
 Added good helicity          233   115.45326854859326       in event            1 local:           1
 Added good helicity          253   3.5949581054691766       in event            1 local:           1
 RESET CUMULATIVE VARIABLE
 RESET CUMULATIVE VARIABLE
 RESET CUMULATIVE VARIABLE
 Iteration  1   Mean: 0.6504E-08 Abs mean: 0.6504E-08   Fluctuation:  0.204E-08   0.143E-05     5.0%
  1    0.6504E-08 0.6504E-08 +- 0.2039E-08      9.91
 Writing out events   2.6095763564840975E-011   9.9130295326101887     
 Relative summed weights:
  0.8169E-01  0.3417E-02  0.9294E-03  0.9317E-02  0.0000E+00  0.0000E+00
  0.2807E-01  0.1208E-01  0.2231E-02  0.5091E-02  0.0000E+00  0.0000E+00
  0.3213E-02  0.1707E-02  0.2445E-01  0.3858E-03  0.0000E+00  0.0000E+00
  0.4910E-01  0.2081E+00  0.1523E-02  0.3303E-02  0.0000E+00  0.0000E+00
  0.2290E+00  0.6543E-01  0.2565E-03  0.1316E-01  0.0000E+00  0.0000E+00
  0.4894E-02  0.5677E-02  0.3695E-02  0.3504E-04  0.0000E+00  0.0000E+00
  0.3021E-01  0.7174E-02  0.8446E-01  0.5142E-03  0.0000E+00  0.0000E+00
  0.1067E-01  0.8009E-01  0.1434E-01  0.1582E-01  0.0000E+00  0.0000E+00
 Relative number of events:
  0.3370E-01  0.2577E-01  0.1189E-01  0.4955E-02  0.0000E+00  0.0000E+00
  0.5748E-01  0.6046E-01  0.3865E-01  0.3469E-01  0.0000E+00  0.0000E+00
  0.2676E-01  0.1982E-01  0.7929E-02  0.8920E-02  0.0000E+00  0.0000E+00
  0.5253E-01  0.6640E-01  0.2180E-01  0.3072E-01  0.0000E+00  0.0000E+00
  0.3072E-01  0.3072E-01  0.7929E-02  0.9911E-02  0.0000E+00  0.0000E+00
  0.2279E-01  0.2775E-01  0.2973E-02  0.3964E-02  0.0000E+00  0.0000E+00
  0.5154E-01  0.6739E-01  0.3469E-01  0.2874E-01  0.0000E+00  0.0000E+00
  0.6046E-01  0.4658E-01  0.2874E-01  0.4262E-01  0.0000E+00  0.0000E+00
 Events:
          34          26          12           5           0           0
          58          61          39          35           0           0
          27          20           8           9           0           0
          53          67          22          31           0           0
          31          31           8          10           0           0
          23          28           3           4           0           0
          52          68          35          29           0           0
          61          47          29          43           0           0
 Iteration  2   Mean: 0.6843E-08 Abs mean: 0.6843E-08   Fluctuation:  0.143E-08   0.207E-05     9.8%
  2    0.6843E-08 0.6843E-08 +- 0.1425E-08      9.32
 Relative summed weights:
  0.9915E-02  0.1360E-01  0.2832E-02  0.1705E-02  0.0000E+00  0.0000E+00
  0.2191E-01  0.8691E-01  0.6084E-02  0.1055E-01  0.0000E+00  0.0000E+00
  0.1745E+00  0.2485E-01  0.7412E-02  0.2328E-01  0.0000E+00  0.0000E+00
  0.1292E+00  0.6346E-01  0.1070E-01  0.1775E-01  0.0000E+00  0.0000E+00
  0.1681E-01  0.3260E-02  0.8824E-02  0.6862E-02  0.0000E+00  0.0000E+00
  0.1828E-01  0.5966E-01  0.7392E-02  0.1141E-01  0.0000E+00  0.0000E+00
  0.7682E-01  0.2679E-01  0.1061E-01  0.2345E-02  0.0000E+00  0.0000E+00
  0.6149E-01  0.4853E-01  0.3075E-01  0.5522E-02  0.0000E+00  0.0000E+00
 Relative number of events:
  0.2350E-01  0.2750E-01  0.8500E-02  0.6500E-02  0.0000E+00  0.0000E+00
  0.6100E-01  0.6600E-01  0.2900E-01  0.3250E-01  0.0000E+00  0.0000E+00
  0.2750E-01  0.2400E-01  0.6500E-02  0.9500E-02  0.0000E+00  0.0000E+00
  0.6750E-01  0.6350E-01  0.2250E-01  0.2900E-01  0.0000E+00  0.0000E+00
  0.1900E-01  0.2450E-01  0.4000E-02  0.6000E-02  0.0000E+00  0.0000E+00
  0.2800E-01  0.2050E-01  0.1050E-01  0.6500E-02  0.0000E+00  0.0000E+00
  0.6150E-01  0.6050E-01  0.3450E-01  0.2450E-01  0.0000E+00  0.0000E+00
  0.6900E-01  0.6750E-01  0.2800E-01  0.3100E-01  0.0000E+00  0.0000E+00
 Events:
          47          55          17          13           0           0
         122         132          58          65           0           0
          55          48          13          19           0           0
         135         127          45          58           0           0
          38          49           8          12           0           0
          56          41          21          13           0           0
         123         121          69          49           0           0
         138         135          56          62           0           0
 Iteration  3   Mean: 0.1065E-07 Abs mean: 0.1065E-07   Fluctuation:  0.124E-08   0.201E-05    12.4%
  3    0.1065E-07 0.1065E-07 +- 0.1238E-08      7.35
 Relative summed weights:
  0.4073E-01  0.2950E-01  0.9457E-03  0.1282E-01  0.0000E+00  0.0000E+00
  0.3508E-01  0.5854E-01  0.2115E-01  0.1232E-01  0.0000E+00  0.0000E+00
  0.1375E-01  0.7943E-01  0.2754E-02  0.1384E-02  0.0000E+00  0.0000E+00
  0.3502E-01  0.6692E-01  0.4890E-01  0.8936E-02  0.0000E+00  0.0000E+00
  0.4041E-01  0.4186E-01  0.1862E-02  0.4883E-01  0.0000E+00  0.0000E+00
  0.5030E-01  0.4265E-01  0.8383E-02  0.7366E-02  0.0000E+00  0.0000E+00
  0.1960E-01  0.8219E-01  0.1750E-01  0.6326E-01  0.0000E+00  0.0000E+00
  0.4828E-01  0.2285E-01  0.6011E-02  0.3046E-01  0.0000E+00  0.0000E+00
 Relative number of events:
  0.2475E-01  0.3050E-01  0.8250E-02  0.7750E-02  0.0000E+00  0.0000E+00
  0.6100E-01  0.6225E-01  0.3100E-01  0.3075E-01  0.0000E+00  0.0000E+00
  0.3000E-01  0.2625E-01  0.8750E-02  0.7750E-02  0.0000E+00  0.0000E+00
  0.5725E-01  0.5975E-01  0.3500E-01  0.2750E-01  0.0000E+00  0.0000E+00
  0.2650E-01  0.2825E-01  0.7500E-02  0.7500E-02  0.0000E+00  0.0000E+00
  0.2825E-01  0.2450E-01  0.8250E-02  0.7750E-02  0.0000E+00  0.0000E+00
  0.5500E-01  0.5075E-01  0.3225E-01  0.3175E-01  0.0000E+00  0.0000E+00
  0.6025E-01  0.5575E-01  0.3425E-01  0.3300E-01  0.0000E+00  0.0000E+00
 Events:
          99         122          33          31           0           0
         244         249         124         123           0           0
         120         105          35          31           0           0
         229         239         140         110           0           0
         106         113          30          30           0           0
         113          98          33          31           0           0
         220         203         129         127           0           0
         241         223         137         132           0           0
 Accuracy:    0.136   0.100   0.097   1.975
 Found          781  events.
 Wrote           21  events.
 Actual xsec    9.4404211699949687E-009
 Correct abs xsec    9.4404211699949687E-009
 Event xsec    9.4404211699949687E-009
 Events wgts > 1:            2
 % Cross section > 1:    3.0425244152108782E-011  0.32228693618893911     
 Iteration  4   Mean: 0.1438E-07 Abs mean: 0.1438E-07   Fluctuation:  0.194E-08   0.110E-04    13.5%
  4    0.1438E-07 0.1438E-07 +- 0.1939E-08     12.06
 Relative summed weights:
  0.2650E-01  0.2843E-01  0.2067E-01  0.7946E-02  0.0000E+00  0.0000E+00
  0.3918E-01  0.4225E-01  0.1433E-01  0.9850E-02  0.3726E-06  0.0000E+00
  0.3393E-01  0.1576E+00  0.1264E-01  0.8428E-02  0.0000E+00  0.0000E+00
  0.3459E-01  0.2719E-01  0.1103E-01  0.2419E-01  0.0000E+00  0.0000E+00
  0.3947E-01  0.1636E-01  0.1385E-01  0.4622E-02  0.0000E+00  0.0000E+00
  0.5227E-01  0.5956E-01  0.4479E-02  0.1521E-01  0.0000E+00  0.0000E+00
  0.2832E-01  0.5086E-01  0.1795E-01  0.1839E-01  0.0000E+00  0.0000E+00
  0.3793E-01  0.1145E+00  0.1202E-01  0.1540E-01  0.2402E-06  0.0000E+00
 Relative number of events:
  0.2525E-01  0.2475E-01  0.9125E-02  0.7875E-02  0.0000E+00  0.0000E+00
  0.5962E-01  0.6075E-01  0.3125E-01  0.2975E-01  0.1250E-03  0.0000E+00
  0.2700E-01  0.2388E-01  0.8875E-02  0.8625E-02  0.0000E+00  0.0000E+00
  0.5925E-01  0.6037E-01  0.2913E-01  0.3388E-01  0.0000E+00  0.0000E+00
  0.2463E-01  0.2600E-01  0.8375E-02  0.7250E-02  0.0000E+00  0.0000E+00
  0.2662E-01  0.2475E-01  0.8625E-02  0.8625E-02  0.0000E+00  0.0000E+00
  0.5962E-01  0.6150E-01  0.3138E-01  0.2900E-01  0.0000E+00  0.0000E+00
  0.6237E-01  0.5725E-01  0.2975E-01  0.3463E-01  0.1250E-03  0.0000E+00
 Events:
         202         198          73          63           0           0
         477         486         250         238           1           0
         216         191          71          69           0           0
         474         483         233         271           0           0
         197         208          67          58           0           0
         213         198          69          69           0           0
         477         492         251         232           0           0
         499         458         238         277           1           0
 Accuracy:    0.144   0.100   0.079   3.341
 Found         1634  events.
 Wrote           11  events.
 Actual xsec    1.1422333974376282E-008
 Correct abs xsec    1.1422333974376282E-008
 Event xsec    1.1422333974376282E-008
 Events wgts > 1:            0
 % Cross section > 1:    0.0000000000000000        0.0000000000000000     
 Iteration  5   Mean: 0.1225E-07 Abs mean: 0.1225E-07   Fluctuation:  0.505E-09   0.269E-05    13.2%
  5    0.1225E-07 0.1225E-07 +- 0.5048E-09      5.21
 Relative summed weights:
  0.2544E-01  0.3367E-01  0.1537E-01  0.2085E-01  0.0000E+00  0.0000E+00
  0.3392E-01  0.4184E-01  0.1994E-01  0.1628E-01  0.7969E-06  0.0000E+00
  0.3914E-01  0.6336E-01  0.1888E-01  0.1465E-01  0.0000E+00  0.0000E+00
  0.4824E-01  0.4223E-01  0.1284E-01  0.1827E-01  0.0000E+00  0.0000E+00
  0.5947E-01  0.4752E-01  0.1870E-01  0.1905E-01  0.0000E+00  0.0000E+00
  0.4155E-01  0.3813E-01  0.1750E-01  0.2265E-01  0.0000E+00  0.0000E+00
  0.4212E-01  0.4261E-01  0.1884E-01  0.2602E-01  0.4799E-06  0.0000E+00
  0.4658E-01  0.3200E-01  0.2981E-01  0.3248E-01  0.5405E-05  0.0000E+00
 Relative number of events:
  0.2438E-01  0.2637E-01  0.8188E-02  0.7562E-02  0.0000E+00  0.0000E+00
  0.6162E-01  0.5619E-01  0.3150E-01  0.3206E-01  0.6250E-04  0.0000E+00
  0.2331E-01  0.2413E-01  0.8563E-02  0.7250E-02  0.0000E+00  0.0000E+00
  0.6069E-01  0.6206E-01  0.2863E-01  0.2825E-01  0.0000E+00  0.0000E+00
  0.2694E-01  0.2488E-01  0.7375E-02  0.9500E-02  0.0000E+00  0.0000E+00
  0.2725E-01  0.2594E-01  0.7875E-02  0.7125E-02  0.0000E+00  0.0000E+00
  0.5831E-01  0.6300E-01  0.3062E-01  0.3194E-01  0.6250E-04  0.0000E+00
  0.6056E-01  0.6325E-01  0.3300E-01  0.3150E-01  0.6250E-04  0.0000E+00
 Events:
         390         422         131         121           0           0
         986         899         504         513           1           0
         373         386         137         116           0           0
         971         993         458         452           0           0
         431         398         118         152           0           0
         436         415         126         114           0           0
         933        1008         490         511           1           0
         969        1012         528         504           1           0
 Accuracy:    0.057   0.100   0.036   2.432
 Finished due to accuracy    5.6916006962858402E-002  0.10000000000000001     

 -------------------------------------------------------------------------------
 Accumulated results:   Integral =  0.1200E-07
                        Std dev  =  0.4380E-09
                       Cross sec =  0.1200E-07
             Chi**2 per DoF.     =      2.4319
 -------------------------------------------------------------------------------
 Found         3377  events.
 Wrote          113  events.
 Actual xsec    1.2244260155977832E-008
 Correct abs xsec    1.2244260155977832E-008
 Event xsec    1.2244260155977888E-008
 Events wgts > 1:            2
 % Cross section > 1:    7.6110908899051754E-011  0.62160480036756582     
-------------------------------------------------
---------------------------
 Results Last   3 iters: Integral =   0.1224E-07
                     Abs integral =   0.1224E-07
                          Std dev =   0.4571E-09
                  Chi**2 per DoF. =      1.4314
-------------------------------------------------
---------------------------
 Status  0.10000000000000001                6           5

ls status:
events.lhe
ftn26
input_app.txt
results.dat
run1_app.log
