 Process in group number            1
 A PDF is used, so alpha_s(MZ) is going to be modified
 Old value of alpha_s from param_card:   0.11839999999999999     
  ****************************************
 
       NNPDFDriver version 1.0.3
   Grid: NNPDF23_lo_as_0130_qed_mem0.grid
  ****************************************
 New value of alpha_s from PDF nn23lo1:  0.13000000000000000     
 Define smin to   1600.0000000000000     
 Define smin to   1600.0000000000000     
 Define smin to   1600.0000000000000     
 *****************************************************
 *               MadGraph/MadEvent                   *
 *        --------------------------------           *
 *          http://madgraph.hep.uiuc.edu             *
 *          http://madgraph.phys.ucl.ac.be           *
 *          http://madgraph.roma2.infn.it            *
 *        --------------------------------           *
 *                                                   *
 *          PARAMETER AND COUPLING VALUES            *
 *                                                   *
 *****************************************************

  External Params
  ---------------------------------
  
 mdl_VeN1 =    1.0000000000000000     
 mdl_VeN2 =    0.0000000000000000     
 mdl_VeN3 =    0.0000000000000000     
 mdl_VmuN1 =    0.0000000000000000     
 mdl_VmuN2 =    1.0000000000000000     
 mdl_VmuN3 =    0.0000000000000000     
 mdl_VtaN1 =    0.0000000000000000     
 mdl_VtaN2 =    0.0000000000000000     
 mdl_VtaN3 =    1.0000000000000000     
 mdl_VN1N1 =    1.0000000000000000     
 mdl_VN1N2 =    1.0000000000000000     
 mdl_VN1N3 =    1.0000000000000000     
 mdl_VN2N2 =    1.0000000000000000     
 mdl_VN2N3 =    1.0000000000000000     
 mdl_VN3N3 =    1.0000000000000000     
 aEWM1 =    127.90000000000001     
 mdl_Gf =    1.1663700000000000E-005
 aS =   0.11839999999999999     
 mdl_ymt =    172.00000000000000     
 mdl_vevf =    50.000000000000000     
 mdl_MZ =    91.187600000000003     
 mdl_MT =    172.00000000000000     
 mdl_MH =    125.00000000000000     
 mdl_mN1 =    1644.0000000000000     
 mdl_mN2 =    1744.0000000000000     
 mdl_mN3 =    1844.0000000000000     
 mdl_MJ =    91.187600000000003     
 mdl_MAx =    173.04800000000000     
 mdl_WZ =    2.4952000000000001     
 mdl_WW =    2.0850000000000000     
 mdl_WT =    1.5083359999999999     
 mdl_WH =    4.0699999999999998E-003
 mdl_WN1 =   0.30299999999999999     
 mdl_WN2 =    1.5000000000000000     
 mdl_WN3 =    12.300000000000001     
 mdl_WJ =    2.4952000000000001     
 mdl_WAx =    4.1700000000000001E-003
  Internal Params
  ---------------------------------
  
 mdl_vevf__exp__2 =    2500.0000000000000     
 mdl_sqrt__vevf__exp__2 =    50.000000000000000     
 mdl_muJ =    50.000000000000000     
 mdl_MZ__exp__2 =    8315.1783937600012     
 mdl_MZ__exp__4 =    69142191.720053151     
 mdl_sqrt__2 =    1.4142135623730951     
 mdl_MJ__exp__2 =    8315.1783937600012     
 mdl_muJ__exp__2 =    2500.0000000000000     
 mdl_lamJ =    4.3260713575040004     
 mdl_MH__exp__2 =    15625.000000000000     
 mdl_complexi =  (  0.0000000000000000     ,  1.0000000000000000     )
 mdl_aEW =    7.8186082877247844E-003
 mdl_MW =    79.824359746197842     
 mdl_sqrt__aEW =    8.8422894590285753E-002
 mdl_ee =   0.31345100004952897     
 mdl_MW__exp__2 =    6371.9284088904105     
 mdl_sw2 =   0.23369913342182447     
 mdl_cw =   0.87538612427783857     
 mdl_sqrt__sw2 =   0.48342438232036300     
 mdl_sw =   0.48342438232036300     
 mdl_g1 =   0.35807170271074895     
 mdl_gN =   0.64839716719502682     
 mdl_gw =   0.64839716719502682     
 mdl_vev =    246.22056907348590     
 mdl_vev__exp__2 =    60624.568634871241     
 mdl_lam =   0.12886689630821144     
 mdl_yt =   0.98791394091683138     
 mdl_muH =    88.388347648318444     
 mdl_I2a33 =  ( 0.98791394091683138     ,  0.0000000000000000     )
 mdl_I3a33 =  ( 0.98791394091683138     ,  0.0000000000000000     )
 mdl_ee__exp__2 =    9.8251529432049817E-002
 mdl_sw__exp__2 =   0.23369913342182450     
 mdl_cw__exp__2 =   0.76630086657817542     
  Internal Params evaluated point by point
  ----------------------------------------
  
 mdl_sqrt__aS =   0.34409301068170506     
 mdl_G__exp__2 =    1.4878582807401259     
  Couplings of SM_HeavyN_UFO
  ---------------------------------
  
         GC_1 =  -0.00000E+00  -0.10448E+00
         GC_2 =   0.00000E+00   0.20897E+00
         GC_3 =  -0.00000E+00  -0.31345E+00
         GC_4 =   0.00000E+00   0.31345E+00
        GC_26 =   0.00000E+00   0.45849E+00
        GC_27 =  -0.00000E+00  -0.28380E+00
        GC_28 =   0.00000E+00   0.28380E+00
        GC_30 =   0.00000E+00   0.56760E+00
        GC_35 =  -0.00000E+00  -0.28850E-01
        GC_37 =   0.00000E+00   0.17310E+00
        GC_39 =   0.00000E+00  -0.19725E+00
        GC_40 =   0.00000E+00   0.37035E+00
        GC_80 =   0.00000E+00   0.67543E+02
       GC_107 =  -0.00000E+00  -0.74070E+00
       GC_109 =  -0.00000E+00  -0.74070E+00
       GC_111 =  -0.00000E+00  -0.74070E+00
       GC_113 =  -0.00000E+00  -0.74070E+00
       GC_115 =  -0.00000E+00  -0.74070E+00
       GC_117 =  -0.00000E+00  -0.74070E+00
       GC_119 =   0.00000E+00   0.00000E+00
       GC_120 =   0.00000E+00   0.00000E+00
       GC_122 =  -0.00000E+00  -0.00000E+00
       GC_126 =   0.00000E+00   0.00000E+00
       GC_127 =   0.00000E+00   0.00000E+00
       GC_129 =  -0.00000E+00  -0.00000E+00
       GC_133 =   0.00000E+00   0.45849E+00
       GC_134 =   0.00000E+00   0.37035E+00
       GC_136 =  -0.00000E+00  -0.74892E+01
        GC_81 =   0.32880E+02   0.00000E+00
        GC_82 =   0.34880E+02   0.00000E+00
        GC_83 =   0.36880E+02   0.00000E+00

 Collider parameters:
 --------------------

 Running at P P   machine @    13000.000000000000       GeV
 PDF set = nn23lo1
 alpha_s(Mz)= 0.1300 running at 2 loops.
 alpha_s(Mz)= 0.1300 running at 2 loops.
 Renormalization scale set on event-by-event basis
 Factorization   scale set on event-by-event basis


 getting user params
Enter number of events and max and min iterations: 
 Number of events and iterations         1000           5           3
Enter desired fractional accuracy: 
 Desired fractional accuracy:   0.10000000000000001     
Enter 0 for fixed, 2 for adjustable grid: 
Suppress amplitude (0 no, 1 yes)? 
 Using suppressed amplitude.
Exact helicity sum (0 yes, n = number/event)? 
 Explicitly summing over helicities
Enter Configuration Number: 
Running Configuration Number: 1013
 Using dconfig=         698
 BW Setting            2           1           2           1           2           2           0
 Attempting mappinvarients           1           9
 Completed mapping           9
 about to integrate           19        1000           5           3          19           1
 Using non-zero grid deformation.
 19 dimensions   1000 events 19 invarients  5 iterations  1 config(s),  (0.99)
 Using h-tuple random number sequence.
 Error opening grid
 Using Uniform Grid!          36
 Using uniform alpha   1.0000000000000000     
 Grid defined OK
 Set CM energy to      13000.00
 Mapping Graph        1013  to config        1013
Setting grid   1    0.59172E-08   1
 Setting BW          -2           2   1844.0000000000000     
Setting grid   3    0.18801E-01   1
 Setting BW          -4           4   1844.0000000000000     
Setting grid   5    0.20773E-01   1
Setting grid   6    0.20773E-01   1
 Transforming s_hat 1/s           18   2.1219246901738226E-002   1600.0000000000000        168999999.99999997     
1013   1   2   3   4   5   6   7   8   9  10  11  12  13  14
  15  16  17  18  19
 Masses: 0.000E+00 0.000E+00 0.000E+00 0.000E+00 0.000E+00 0.000E+00 0.000E+00 0.000E+00 0.912E+02
Using random seed offsets  1013 :      1
  with seed                   24
 Ranmar initialization seeds         743        9398
 
 ********************************************
 * You are using the DiscreteSampler module *
 *      part of the MG5_aMC framework       *
 *         Author: Valentin Hirschi         *
 ********************************************
 
  Particle       3       4       5       6       7       8       9
      Et >    10.0    10.0    10.0    10.0     0.0     0.0     0.0
       E >     0.0     0.0     0.0     0.0     0.0     0.0     0.0
     Eta <     2.5     2.5     2.5     2.5    -1.0    -1.0    -1.0
   xqcut:      0.0     0.0     0.0     0.0     0.0     0.0     0.0
d R # 3  >    -0.0     0.4     0.4     0.4     0.0     0.0     0.0
d R # 4  >    -0.0    -0.0     0.4     0.4     0.0     0.0     0.0
d R # 5  >    -0.0    -0.0    -0.0     0.4     0.0     0.0     0.0
d R # 6  >    -0.0    -0.0    -0.0    -0.0     0.0     0.0     0.0
d R # 7  >    -0.0    -0.0    -0.0    -0.0    -0.0     0.0     0.0
d R # 8  >    -0.0    -0.0    -0.0    -0.0    -0.0    -0.0     0.0
s min # 3>     0.0     0.0     0.0     0.0     0.0     0.0     0.0
s min # 4>     0.0     0.0     0.0     0.0     0.0     0.0     0.0
s min # 5>     0.0     0.0     0.0     0.0     0.0     0.0     0.0
s min # 6>     0.0     0.0     0.0     0.0     0.0     0.0     0.0
s min # 7>     0.0     0.0     0.0     0.0     0.0     0.0     0.0
s min # 8>     0.0     0.0     0.0     0.0     0.0     0.0     0.0
xqcutij # 3>     0.0     0.0     0.0     0.0     0.0     0.0     0.0
xqcutij # 4>     0.0     0.0     0.0     0.0     0.0     0.0     0.0
xqcutij # 5>     0.0     0.0     0.0     0.0     0.0     0.0     0.0
xqcutij # 6>     0.0     0.0     0.0     0.0     0.0     0.0     0.0
xqcutij # 7>     0.0     0.0     0.0     0.0     0.0     0.0     0.0
xqcutij # 8>     0.0     0.0     0.0     0.0     0.0     0.0     0.0
 Excluding BW           -1           1
 Requiring BW           -2           2
 Excluding BW           -3           3
 Requiring BW           -4           4
 Excluding BW           -5           5
 Excluding BW           -6           6
 alpha_s for scale    2042.9554579480607       is    8.5867966691759029E-002
 Added good helicity            1   3.8716710449618241       in event            1 local:           1
 Added good helicity           21   4.0221019857032267       in event            1 local:           1
 Added good helicity           25   3.0630817254774671E-002  in event            1 local:           1
 Added good helicity           37   7.6000815154447432E-003  in event            1 local:           1
 Added good helicity           61   4.6985997574279419E-003  in event            1 local:           1
 Added good helicity          193   238.29041171032929       in event            1 local:           1
 Added good helicity          213   9.7680579341660962       in event            1 local:           1
 Added good helicity          217   8.2395021235384485E-004  in event            1 local:           1
 Added good helicity          229   2.8884010709485384E-003  in event            1 local:           1
 Added good helicity          233   2.7670908743861466E-008  in event            1 local:           1
 Added good helicity          253   1.1154450985549954E-003  in event            1 local:           1
 Added good helicity            1   3.8716710449619058       in event            1 local:           1
 Added good helicity           21   4.0221019857032720       in event            1 local:           1
 Added good helicity           25   3.0630817254774085E-002  in event            1 local:           1
 Added good helicity           37   7.6000815154446165E-003  in event            1 local:           1
 Added good helicity           61   4.6985997574278751E-003  in event            1 local:           1
 Added good helicity          193   238.29041171032850       in event            1 local:           1
 Added good helicity          213   9.7680579341667446       in event            1 local:           1
 Added good helicity          217   8.2395021235389645E-004  in event            1 local:           1
 Added good helicity          229   2.8884010709483853E-003  in event            1 local:           1
 Added good helicity          233   2.7670908743846871E-008  in event            1 local:           1
 Added good helicity          253   1.1154450985549720E-003  in event            1 local:           1
 Added good helicity           41   1.2982400474784167E-008  in event            4 local:           2
 Added good helicity           41   1.2982400474785062E-008  in event            4 local:           2
 RESET CUMULATIVE VARIABLE
 RESET CUMULATIVE VARIABLE
 RESET CUMULATIVE VARIABLE
 Iteration  1   Mean: 0.4475E-13 Abs mean: 0.4475E-13   Fluctuation:  0.425E-13   0.424E-10     1.3%
  1    0.4475E-13 0.4475E-13 +- 0.4245E-13     30.00
 Writing out events   6.9215384148413600E-016   29.998278249345589     
 Relative summed weights:
  0.3846E-02  0.3208E-02  0.1718E-03  0.1152E-05  0.0000E+00  0.0000E+00
  0.8392E-03  0.2218E-04  0.1638E-02  0.1043E-05  0.1354E-06  0.0000E+00
  0.7306E-04  0.4985E-06  0.1471E-04  0.2226E-04  0.1603E-13  0.0000E+00
  0.2326E-02  0.3999E-04  0.1827E-05  0.3114E-03  0.1390E-08  0.0000E+00
  0.3128E-03  0.1024E-03  0.2150E-04  0.2112E-05  0.0000E+00  0.0000E+00
  0.2698E-03  0.1167E-01  0.1811E-04  0.6285E-05  0.4912E-10  0.0000E+00
  0.1241E-03  0.2050E-02  0.1095E-02  0.4830E-03  0.2183E-07  0.0000E+00
  0.7337E-04  0.2861E-05  0.2487E-03  0.2673E-03  0.1386E-08  0.0000E+00
  0.7586E-06  0.2265E-04  0.2495E-05  0.2189E-05  0.0000E+00  0.1901E-03
  0.9474E-05  0.1833E-09  0.4932E-05  0.5520E-06  0.0000E+00  0.0000E+00
  0.2265E-04  0.2919E-07  0.2233E-05  0.6295E-04  0.0000E+00  0.0000E+00
  0.3367E-04  0.3199E-03  0.2915E-08  0.2409E-05  0.0000E+00  0.0000E+00
  0.5735E-05  0.2959E-02  0.1025E-05  0.9484E+00  0.0000E+00  0.0000E+00
  0.3871E-07  0.1132E-05  0.0000E+00  0.2264E-10  0.0000E+00  0.0000E+00
  0.9873E-05  0.3030E-03  0.1932E-05  0.9199E-06  0.0000E+00  0.0000E+00
  0.1650E-02  0.1596E-01  0.1197E-05  0.7608E-03  0.0000E+00  0.0000E+00
 Relative number of events:
  0.2577E-01  0.1685E-01  0.2676E-01  0.2379E-01  0.0000E+00  0.0000E+00
  0.2081E-01  0.1784E-01  0.3568E-01  0.3667E-01  0.9911E-03  0.0000E+00
  0.2279E-01  0.1388E-01  0.1685E-01  0.2081E-01  0.9911E-03  0.0000E+00
  0.2081E-01  0.1883E-01  0.3370E-01  0.3964E-01  0.1982E-02  0.0000E+00
  0.2379E-01  0.2379E-01  0.2081E-01  0.1883E-01  0.0000E+00  0.0000E+00
  0.1784E-01  0.1883E-01  0.3568E-01  0.3072E-01  0.9911E-03  0.0000E+00
  0.2478E-01  0.1784E-01  0.1685E-01  0.1586E-01  0.9911E-03  0.0000E+00
  0.2279E-01  0.1288E-01  0.3072E-01  0.3766E-01  0.9911E-03  0.0000E+00
  0.1189E-01  0.1388E-01  0.1288E-01  0.1586E-01  0.0000E+00  0.9911E-03
  0.1982E-02  0.2973E-02  0.1982E-02  0.1982E-02  0.0000E+00  0.0000E+00
  0.8920E-02  0.5946E-02  0.1189E-01  0.1685E-01  0.0000E+00  0.0000E+00
  0.7929E-02  0.4955E-02  0.3964E-02  0.1982E-02  0.0000E+00  0.0000E+00
  0.5946E-02  0.9911E-02  0.1189E-01  0.8920E-02  0.0000E+00  0.0000E+00
  0.2973E-02  0.4955E-02  0.0000E+00  0.1982E-02  0.0000E+00  0.0000E+00
  0.1288E-01  0.1487E-01  0.7929E-02  0.1189E-01  0.0000E+00  0.0000E+00
  0.4955E-02  0.2973E-02  0.9911E-03  0.1982E-02  0.0000E+00  0.0000E+00
 Events:
          26          17          27          24           0           0
          21          18          36          37           1           0
          23          14          17          21           1           0
          21          19          34          40           2           0
          24          24          21          19           0           0
          18          19          36          31           1           0
          25          18          17          16           1           0
          23          13          31          38           1           0
          12          14          13          16           0           1
           2           3           2           2           0           0
           9           6          12          17           0           0
           8           5           4           2           0           0
           6          10          12           9           0           0
           3           5           0           2           0           0
          13          15           8          12           0           0
           5           3           1           2           0           0
 Iteration  2   Mean: 0.1774E-12 Abs mean: 0.1774E-12   Fluctuation:  0.167E-12   0.334E-09    13.0%
  2    0.1774E-12 0.1774E-12 +- 0.1673E-12     42.18
 Relative summed weights:
  0.3240E-05  0.3795E-03  0.2601E-05  0.1526E-04  0.0000E+00  0.0000E+00
  0.2697E-05  0.1463E-05  0.4505E-03  0.1160E-03  0.0000E+00  0.0000E+00
  0.8454E-05  0.1132E-04  0.1751E-03  0.5040E-03  0.0000E+00  0.6900E-07
  0.1515E-03  0.2234E-02  0.1694E-04  0.9145E-04  0.0000E+00  0.1223E-11
  0.8532E-04  0.3591E-05  0.9240E-06  0.1889E-05  0.6593E-07  0.2223E-08
  0.3427E-01  0.2664E-05  0.1953E-04  0.3305E-05  0.0000E+00  0.0000E+00
  0.1225E-03  0.2471E-05  0.1021E-05  0.2741E-06  0.0000E+00  0.0000E+00
  0.7856E-03  0.2368E-02  0.3966E-04  0.9997E-04  0.0000E+00  0.1282E-09
  0.1777E-04  0.6129E-06  0.3242E-04  0.4420E-07  0.0000E+00  0.0000E+00
  0.4381E-08  0.4938E-05  0.1386E-04  0.0000E+00  0.0000E+00  0.0000E+00
  0.1579E-03  0.1703E-03  0.3242E-06  0.1800E-03  0.0000E+00  0.0000E+00
  0.1051E-05  0.9429E+00  0.9883E-09  0.1618E-08  0.0000E+00  0.0000E+00
  0.1384E-01  0.6338E-05  0.3872E-05  0.4790E-03  0.0000E+00  0.0000E+00
  0.8950E-04  0.1441E-06  0.6207E-04  0.1424E-09  0.0000E+00  0.0000E+00
  0.1657E-04  0.1915E-05  0.1213E-04  0.1540E-05  0.9520E-06  0.0000E+00
  0.4996E-05  0.7991E-05  0.1367E-13  0.1642E-10  0.7792E-10  0.0000E+00
 Relative number of events:
  0.2350E-01  0.2750E-01  0.1700E-01  0.1000E-01  0.0000E+00  0.0000E+00
  0.2350E-01  0.2500E-01  0.2350E-01  0.2750E-01  0.0000E+00  0.0000E+00
  0.2650E-01  0.2650E-01  0.1800E-01  0.2150E-01  0.0000E+00  0.5000E-03
  0.2850E-01  0.2500E-01  0.2850E-01  0.3500E-01  0.0000E+00  0.5000E-03
  0.2600E-01  0.3150E-01  0.1850E-01  0.1500E-01  0.5000E-03  0.5000E-03
  0.2450E-01  0.2050E-01  0.2800E-01  0.2600E-01  0.0000E+00  0.0000E+00
  0.2250E-01  0.2600E-01  0.1750E-01  0.1350E-01  0.0000E+00  0.0000E+00
  0.2600E-01  0.2750E-01  0.3050E-01  0.2750E-01  0.0000E+00  0.5000E-03
  0.1100E-01  0.1550E-01  0.7000E-02  0.8000E-02  0.0000E+00  0.0000E+00
  0.4500E-02  0.5000E-02  0.1500E-02  0.0000E+00  0.0000E+00  0.0000E+00
  0.1300E-01  0.1500E-01  0.9000E-02  0.1000E-01  0.0000E+00  0.0000E+00
  0.2000E-02  0.5500E-02  0.5000E-03  0.1000E-02  0.0000E+00  0.0000E+00
  0.1150E-01  0.1000E-01  0.9000E-02  0.1350E-01  0.0000E+00  0.0000E+00
  0.3500E-02  0.3000E-02  0.5000E-03  0.5000E-03  0.0000E+00  0.0000E+00
  0.1450E-01  0.1750E-01  0.1200E-01  0.1250E-01  0.5000E-03  0.0000E+00
  0.5000E-02  0.6000E-02  0.5000E-03  0.5000E-03  0.5000E-03  0.0000E+00
 Events:
          47          55          34          20           0           0
          47          50          47          55           0           0
          53          53          36          43           0           1
          57          50          57          70           0           1
          52          63          37          30           1           1
          49          41          56          52           0           0
          45          52          35          27           0           0
          52          55          61          55           0           1
          22          31          14          16           0           0
           9          10           3           0           0           0
          26          30          18          20           0           0
           4          11           1           2           0           0
          23          20          18          27           0           0
           7           6           1           1           0           0
          29          35          24          25           1           0
          10          12           1           1           1           0
 Iteration  3   Mean: 0.8215E-13 Abs mean: 0.8215E-13   Fluctuation:  0.804E-13   0.322E-09    38.4%
  3    0.8215E-13 0.8215E-13 +- 0.8038E-13     61.89
 Relative summed weights:
  0.2473E-05  0.4473E-04  0.2754E-06  0.8007E-03  0.0000E+00  0.2796E-10
  0.1156E-04  0.4697E-05  0.3310E-05  0.7353E-04  0.7761E-09  0.0000E+00
  0.1599E-03  0.3662E-04  0.1916E-03  0.1349E-03  0.0000E+00  0.2758E-11
  0.7566E-05  0.3119E-04  0.4654E-04  0.3074E-05  0.0000E+00  0.0000E+00
  0.4412E-05  0.2475E-04  0.9739E-04  0.2627E-04  0.2424E-11  0.6043E-14
  0.3269E-04  0.1956E-04  0.5667E-04  0.4618E-04  0.2840E-09  0.0000E+00
  0.5616E-02  0.4394E-04  0.6776E-03  0.1732E-04  0.0000E+00  0.0000E+00
  0.5580E-02  0.2934E-05  0.1260E-04  0.1448E-02  0.0000E+00  0.0000E+00
  0.4122E-03  0.2522E-04  0.9093E-05  0.6815E-04  0.0000E+00  0.0000E+00
  0.2353E-05  0.2388E-02  0.6202E-07  0.5610E-04  0.0000E+00  0.0000E+00
  0.9785E+00  0.6362E-06  0.9513E-05  0.7948E-06  0.0000E+00  0.0000E+00
  0.8065E-05  0.3554E-05  0.2381E-10  0.6502E-05  0.3976E-10  0.0000E+00
  0.3375E-04  0.3195E-04  0.1046E-05  0.2339E-02  0.0000E+00  0.0000E+00
  0.3135E-06  0.2383E-05  0.9256E-07  0.2942E-07  0.0000E+00  0.0000E+00
  0.2015E-03  0.7623E-05  0.4669E-03  0.9260E-05  0.1013E-09  0.0000E+00
  0.4136E-04  0.2625E-07  0.3495E-06  0.1266E-03  0.0000E+00  0.0000E+00
 Relative number of events:
  0.2325E-01  0.2150E-01  0.1575E-01  0.2200E-01  0.0000E+00  0.2500E-03
  0.2625E-01  0.2025E-01  0.3175E-01  0.3050E-01  0.2500E-03  0.0000E+00
  0.2350E-01  0.3125E-01  0.1525E-01  0.2275E-01  0.0000E+00  0.2500E-03
  0.2300E-01  0.2225E-01  0.3000E-01  0.2650E-01  0.0000E+00  0.0000E+00
  0.2150E-01  0.2400E-01  0.1950E-01  0.1925E-01  0.5000E-03  0.2500E-03
  0.2425E-01  0.2300E-01  0.3400E-01  0.3150E-01  0.2500E-03  0.0000E+00
  0.2775E-01  0.2200E-01  0.2075E-01  0.1700E-01  0.0000E+00  0.0000E+00
  0.2750E-01  0.2475E-01  0.2725E-01  0.3050E-01  0.0000E+00  0.0000E+00
  0.9000E-02  0.1225E-01  0.7500E-02  0.8000E-02  0.0000E+00  0.0000E+00
  0.5000E-02  0.5750E-02  0.1750E-02  0.1750E-02  0.0000E+00  0.0000E+00
  0.1125E-01  0.1250E-01  0.9750E-02  0.8750E-02  0.0000E+00  0.0000E+00
  0.5000E-02  0.4750E-02  0.1000E-02  0.7500E-03  0.2500E-03  0.0000E+00
  0.1375E-01  0.1350E-01  0.8500E-02  0.8750E-02  0.0000E+00  0.0000E+00
  0.5750E-02  0.5750E-02  0.1250E-02  0.1250E-02  0.0000E+00  0.0000E+00
  0.1225E-01  0.1100E-01  0.9250E-02  0.8500E-02  0.2500E-03  0.0000E+00
  0.6250E-02  0.4000E-02  0.1000E-02  0.2000E-02  0.0000E+00  0.0000E+00
 Events:
          93          86          63          88           0           1
         105          81         127         122           1           0
          94         125          61          91           0           1
          92          89         120         106           0           0
          86          96          78          77           2           1
          97          92         136         126           1           0
         111          88          83          68           0           0
         110          99         109         122           0           0
          36          49          30          32           0           0
          20          23           7           7           0           0
          45          50          39          35           0           0
          20          19           4           3           1           0
          55          54          34          35           0           0
          23          23           5           5           0           0
          49          44          37          34           1           0
          25          16           4           8           0           0
 Accuracy:    0.391   0.100   0.552   0.501
 Found           14  events.
 Wrote            1  events.
 Actual xsec    1.0211570147839709E-013
 Correct abs xsec    1.0211570147839709E-013
 Event xsec    1.0211570147839709E-013
 Events wgts > 1:            1
 % Cross section > 1:    6.0014887119765366E-021   5.8771458503334778E-006
 Iteration  4   Mean: 0.5573E-14 Abs mean: 0.5573E-14   Fluctuation:  0.289E-14   0.196E-10    42.9%
  4    0.5573E-14 0.5573E-14 +- 0.2892E-14     46.41
 Relative summed weights:
  0.1000E-01  0.3480E-01  0.4319E-02  0.2088E-03  0.3511E-10  0.0000E+00
  0.9550E-03  0.1637E+00  0.9108E-04  0.8505E-03  0.3339E-13  0.0000E+00
  0.5115E-04  0.1172E-03  0.2941E-02  0.1539E-02  0.1065E-08  0.9203E-15
  0.2702E-02  0.1765E-03  0.3229E-02  0.1692E-03  0.6701E-09  0.1127E-11
  0.5047E-03  0.3885E-03  0.9345E-02  0.2706E-03  0.2353E-07  0.1483E-06
  0.1435E-03  0.2431E-02  0.2478E-02  0.7617E-03  0.8047E-11  0.6191E-12
  0.2188E+00  0.7322E-03  0.8455E-02  0.1613E-02  0.9500E-12  0.7160E-11
  0.7890E-03  0.1088E-01  0.1426E-03  0.1095E-03  0.2377E-04  0.1195E-12
  0.7191E-04  0.8547E-04  0.1727E-04  0.1986E-04  0.4208E-09  0.0000E+00
  0.1410E-04  0.2066E-04  0.2484E-05  0.5288E-06  0.0000E+00  0.0000E+00
  0.7088E-02  0.4569E+00  0.3005E-04  0.1256E-03  0.0000E+00  0.0000E+00
  0.1545E-03  0.1439E-01  0.2045E-05  0.5058E-06  0.0000E+00  0.0000E+00
  0.2653E-02  0.1492E-04  0.4784E-04  0.1643E-05  0.0000E+00  0.0000E+00
  0.7268E-02  0.5010E-06  0.2078E-08  0.1636E-05  0.0000E+00  0.0000E+00
  0.1023E-03  0.2197E-01  0.3051E-02  0.2603E-05  0.0000E+00  0.6001E-16
  0.1156E-02  0.8986E-03  0.2627E-07  0.1614E-03  0.2907E-06  0.0000E+00
 Relative number of events:
  0.2237E-01  0.2337E-01  0.2013E-01  0.2000E-01  0.1250E-03  0.0000E+00
  0.2637E-01  0.2187E-01  0.2637E-01  0.3050E-01  0.1250E-03  0.0000E+00
  0.2463E-01  0.2450E-01  0.2150E-01  0.2138E-01  0.5000E-03  0.1250E-03
  0.2500E-01  0.2275E-01  0.2850E-01  0.3388E-01  0.1250E-03  0.1250E-03
  0.2413E-01  0.2525E-01  0.2075E-01  0.2025E-01  0.2500E-03  0.2500E-03
  0.2187E-01  0.2113E-01  0.3112E-01  0.2687E-01  0.1250E-03  0.2500E-03
  0.2237E-01  0.2337E-01  0.2100E-01  0.1912E-01  0.1250E-03  0.2500E-03
  0.2625E-01  0.2200E-01  0.3200E-01  0.3075E-01  0.2500E-03  0.1250E-03
  0.1100E-01  0.1225E-01  0.1000E-01  0.6125E-02  0.2500E-03  0.0000E+00
  0.5500E-02  0.3500E-02  0.1750E-02  0.1500E-02  0.0000E+00  0.0000E+00
  0.1463E-01  0.1100E-01  0.1100E-01  0.8875E-02  0.0000E+00  0.0000E+00
  0.3875E-02  0.5250E-02  0.1375E-02  0.1250E-02  0.0000E+00  0.0000E+00
  0.1150E-01  0.1238E-01  0.1038E-01  0.8250E-02  0.0000E+00  0.0000E+00
  0.4500E-02  0.5375E-02  0.8750E-03  0.8750E-03  0.0000E+00  0.0000E+00
  0.1050E-01  0.1238E-01  0.9375E-02  0.9250E-02  0.0000E+00  0.1250E-03
  0.4500E-02  0.4375E-02  0.1125E-02  0.8750E-03  0.1250E-03  0.0000E+00
 Events:
         179         187         161         160           1           0
         211         175         211         244           1           0
         197         196         172         171           4           1
         200         182         228         271           1           1
         193         202         166         162           2           2
         175         169         249         215           1           2
         179         187         168         153           1           2
         210         176         256         246           2           1
          88          98          80          49           2           0
          44          28          14          12           0           0
         117          88          88          71           0           0
          31          42          11          10           0           0
          92          99          83          66           0           0
          36          43           7           7           0           0
          84          99          75          74           0           1
          36          35           9           7           1           0
 Accuracy:    0.701   0.100   0.378   3.439
 Found           28  events.
 Wrote            3  events.
 Actual xsec    5.1998214920028000E-014
 Correct abs xsec    5.1998214920028000E-014
 Event xsec    5.1998214920028000E-014
 Events wgts > 1:            1
 % Cross section > 1:    7.8141035378491454E-022   1.5027638063858631E-006
 Iteration  5   Mean: 0.1240E-13 Abs mean: 0.1240E-13   Fluctuation:  0.429E-14   0.528E-10    34.1%
  5    0.1240E-13 0.1240E-13 +- 0.4290E-14     43.75
 Relative summed weights:
  0.3170E-02  0.1935E-02  0.4337E-03  0.5020E-02  0.9046E-05  0.1928E-05
  0.1104E-01  0.2803E-02  0.2134E-02  0.2669E-01  0.2325E-07  0.3360E-08
  0.6279E-01  0.3858E-02  0.1593E+00  0.2360E-01  0.4584E-12  0.5195E-06
  0.2749E-01  0.3131E-03  0.2912E-02  0.4557E-03  0.0000E+00  0.7347E-05
  0.5416E-02  0.8465E-02  0.5149E-03  0.4005E-03  0.0000E+00  0.3776E-10
  0.6902E-01  0.1358E-02  0.1322E-01  0.5099E-02  0.1475E-05  0.2979E-09
  0.7947E-03  0.4589E-03  0.3392E-02  0.1474E-01  0.1119E-05  0.8614E-09
  0.7951E-03  0.1331E-02  0.5148E-02  0.6598E-03  0.1439E-07  0.4878E-12
  0.1107E-02  0.1079E-01  0.5409E-01  0.1471E-02  0.1031E-10  0.0000E+00
  0.4333E-04  0.5384E-03  0.2661E+00  0.2856E-04  0.0000E+00  0.1673E-11
  0.9799E-02  0.2542E-02  0.6325E-04  0.1955E-02  0.0000E+00  0.9042E-06
  0.3490E-02  0.1869E-03  0.6422E-05  0.1017E-04  0.0000E+00  0.0000E+00
  0.5147E-03  0.9582E-03  0.2200E-01  0.1431E-03  0.0000E+00  0.2090E-06
  0.1186E-02  0.6991E-02  0.1084E-04  0.1671E-01  0.0000E+00  0.0000E+00
  0.4006E-02  0.8384E-02  0.1120E+00  0.4008E-03  0.2865E-08  0.8758E-10
  0.9170E-02  0.4074E-03  0.4818E-04  0.3351E-04  0.0000E+00  0.0000E+00
 Relative number of events:
  0.2194E-01  0.2406E-01  0.1906E-01  0.2194E-01  0.1875E-03  0.1250E-03
  0.2106E-01  0.2312E-01  0.2775E-01  0.3213E-01  0.6250E-04  0.6250E-04
  0.2388E-01  0.2375E-01  0.2106E-01  0.2025E-01  0.6250E-04  0.6250E-04
  0.2475E-01  0.2262E-01  0.3131E-01  0.3050E-01  0.0000E+00  0.1250E-03
  0.2150E-01  0.2400E-01  0.2131E-01  0.1969E-01  0.0000E+00  0.1250E-03
  0.2375E-01  0.2506E-01  0.3056E-01  0.2944E-01  0.1875E-03  0.1250E-03
  0.2187E-01  0.2463E-01  0.2038E-01  0.2006E-01  0.1250E-03  0.6250E-04
  0.2413E-01  0.2381E-01  0.3206E-01  0.2813E-01  0.1250E-03  0.1250E-03
  0.1238E-01  0.1244E-01  0.1044E-01  0.9125E-02  0.6250E-04  0.0000E+00
  0.3938E-02  0.4562E-02  0.1375E-02  0.1187E-02  0.0000E+00  0.6250E-04
  0.1206E-01  0.1300E-01  0.8812E-02  0.9500E-02  0.0000E+00  0.1250E-03
  0.4375E-02  0.4750E-02  0.7500E-03  0.1063E-02  0.0000E+00  0.0000E+00
  0.1263E-01  0.1175E-01  0.9312E-02  0.8625E-02  0.0000E+00  0.1250E-03
  0.5125E-02  0.4938E-02  0.1313E-02  0.1250E-02  0.0000E+00  0.0000E+00
  0.1112E-01  0.1300E-01  0.7875E-02  0.9062E-02  0.6250E-04  0.6250E-04
  0.4812E-02  0.5313E-02  0.1125E-02  0.1375E-02  0.0000E+00  0.0000E+00
 Events:
         351         385         305         351           3           2
         337         370         444         514           1           1
         382         380         337         324           1           1
         396         362         501         488           0           2
         344         384         341         315           0           2
         380         401         489         471           3           2
         350         394         326         321           2           1
         386         381         513         450           2           2
         198         199         167         146           1           0
          63          73          22          19           0           1
         193         208         141         152           0           2
          70          76          12          17           0           0
         202         188         149         138           0           2
          82          79          21          20           0           0
         178         208         126         145           1           1
          77          85          18          22           0           0
 Accuracy:    0.767   0.100   0.255   9.023
 Found          288  events.
 Wrote            4  events.
 Actual xsec    1.6022458933428271E-014
 Correct abs xsec    1.6022458933428271E-014
 Event xsec    1.6022458933428271E-014
 Events wgts > 1:            1
 % Cross section > 1:    5.0135085163496708E-022   3.1290506264864223E-006

 -------------------------------------------------------------------------------
 Accumulated results:   Integral =  0.2992E-13
                        Std dev  =  0.7635E-14
                       Cross sec =  0.2992E-13
             Chi**2 per DoF.     =      9.0229
 -------------------------------------------------------------------------------
-------------------------------------------------
---------------------------
 Results Last   3 iters: Integral =   0.1602E-13
                     Abs integral =   0.1602E-13
                          Std dev =   0.4424E-14
                  Chi**2 per DoF. =      7.2221
-------------------------------------------------
---------------------------
 Status  0.10000000000000001                6           5

ls status:
events.lhe
ftn26
input_app.txt
results.dat
run1_app.log
