 Process in group number            1
 A PDF is used, so alpha_s(MZ) is going to be modified
 Old value of alpha_s from param_card:   0.11839999999999999     
  ****************************************
 
       NNPDFDriver version 1.0.3
   Grid: NNPDF23_lo_as_0130_qed_mem0.grid
  ****************************************
 New value of alpha_s from PDF nn23lo1:  0.13000000000000000     
 Define smin to   1600.0000000000000     
 Define smin to   1600.0000000000000     
 Define smin to   1600.0000000000000     
 *****************************************************
 *               MadGraph/MadEvent                   *
 *        --------------------------------           *
 *          http://madgraph.hep.uiuc.edu             *
 *          http://madgraph.phys.ucl.ac.be           *
 *          http://madgraph.roma2.infn.it            *
 *        --------------------------------           *
 *                                                   *
 *          PARAMETER AND COUPLING VALUES            *
 *                                                   *
 *****************************************************

  External Params
  ---------------------------------
  
 mdl_VeN1 =    1.0000000000000000     
 mdl_VeN2 =    0.0000000000000000     
 mdl_VeN3 =    0.0000000000000000     
 mdl_VmuN1 =    0.0000000000000000     
 mdl_VmuN2 =    1.0000000000000000     
 mdl_VmuN3 =    0.0000000000000000     
 mdl_VtaN1 =    0.0000000000000000     
 mdl_VtaN2 =    0.0000000000000000     
 mdl_VtaN3 =    1.0000000000000000     
 mdl_VN1N1 =    1.0000000000000000     
 mdl_VN1N2 =    1.0000000000000000     
 mdl_VN1N3 =    1.0000000000000000     
 mdl_VN2N2 =    1.0000000000000000     
 mdl_VN2N3 =    1.0000000000000000     
 mdl_VN3N3 =    1.0000000000000000     
 aEWM1 =    127.90000000000001     
 mdl_Gf =    1.1663700000000000E-005
 aS =   0.11839999999999999     
 mdl_ymt =    172.00000000000000     
 mdl_vevf =    50.000000000000000     
 mdl_MZ =    91.187600000000003     
 mdl_MT =    172.00000000000000     
 mdl_MH =    125.00000000000000     
 mdl_mN1 =    1644.0000000000000     
 mdl_mN2 =    1744.0000000000000     
 mdl_mN3 =    1844.0000000000000     
 mdl_MJ =    91.187600000000003     
 mdl_MAx =    173.04800000000000     
 mdl_WZ =    2.4952000000000001     
 mdl_WW =    2.0850000000000000     
 mdl_WT =    1.5083359999999999     
 mdl_WH =    4.0699999999999998E-003
 mdl_WN1 =   0.30299999999999999     
 mdl_WN2 =    1.5000000000000000     
 mdl_WN3 =    12.300000000000001     
 mdl_WJ =    2.4952000000000001     
 mdl_WAx =    4.1700000000000001E-003
  Internal Params
  ---------------------------------
  
 mdl_vevf__exp__2 =    2500.0000000000000     
 mdl_sqrt__vevf__exp__2 =    50.000000000000000     
 mdl_muJ =    50.000000000000000     
 mdl_MZ__exp__2 =    8315.1783937600012     
 mdl_MZ__exp__4 =    69142191.720053151     
 mdl_sqrt__2 =    1.4142135623730951     
 mdl_MJ__exp__2 =    8315.1783937600012     
 mdl_muJ__exp__2 =    2500.0000000000000     
 mdl_lamJ =    4.3260713575040004     
 mdl_MH__exp__2 =    15625.000000000000     
 mdl_complexi =  (  0.0000000000000000     ,  1.0000000000000000     )
 mdl_aEW =    7.8186082877247844E-003
 mdl_MW =    79.824359746197842     
 mdl_sqrt__aEW =    8.8422894590285753E-002
 mdl_ee =   0.31345100004952897     
 mdl_MW__exp__2 =    6371.9284088904105     
 mdl_sw2 =   0.23369913342182447     
 mdl_cw =   0.87538612427783857     
 mdl_sqrt__sw2 =   0.48342438232036300     
 mdl_sw =   0.48342438232036300     
 mdl_g1 =   0.35807170271074895     
 mdl_gN =   0.64839716719502682     
 mdl_gw =   0.64839716719502682     
 mdl_vev =    246.22056907348590     
 mdl_vev__exp__2 =    60624.568634871241     
 mdl_lam =   0.12886689630821144     
 mdl_yt =   0.98791394091683138     
 mdl_muH =    88.388347648318444     
 mdl_I2a33 =  ( 0.98791394091683138     ,  0.0000000000000000     )
 mdl_I3a33 =  ( 0.98791394091683138     ,  0.0000000000000000     )
 mdl_ee__exp__2 =    9.8251529432049817E-002
 mdl_sw__exp__2 =   0.23369913342182450     
 mdl_cw__exp__2 =   0.76630086657817542     
  Internal Params evaluated point by point
  ----------------------------------------
  
 mdl_sqrt__aS =   0.34409301068170506     
 mdl_G__exp__2 =    1.4878582807401259     
  Couplings of SM_HeavyN_UFO
  ---------------------------------
  
         GC_1 =  -0.00000E+00  -0.10448E+00
         GC_2 =   0.00000E+00   0.20897E+00
         GC_3 =  -0.00000E+00  -0.31345E+00
         GC_4 =   0.00000E+00   0.31345E+00
        GC_26 =   0.00000E+00   0.45849E+00
        GC_27 =  -0.00000E+00  -0.28380E+00
        GC_28 =   0.00000E+00   0.28380E+00
        GC_30 =   0.00000E+00   0.56760E+00
        GC_35 =  -0.00000E+00  -0.28850E-01
        GC_37 =   0.00000E+00   0.17310E+00
        GC_39 =   0.00000E+00  -0.19725E+00
        GC_40 =   0.00000E+00   0.37035E+00
        GC_80 =   0.00000E+00   0.67543E+02
       GC_107 =  -0.00000E+00  -0.74070E+00
       GC_109 =  -0.00000E+00  -0.74070E+00
       GC_111 =  -0.00000E+00  -0.74070E+00
       GC_113 =  -0.00000E+00  -0.74070E+00
       GC_115 =  -0.00000E+00  -0.74070E+00
       GC_117 =  -0.00000E+00  -0.74070E+00
       GC_119 =   0.00000E+00   0.00000E+00
       GC_120 =   0.00000E+00   0.00000E+00
       GC_122 =  -0.00000E+00  -0.00000E+00
       GC_126 =   0.00000E+00   0.00000E+00
       GC_127 =   0.00000E+00   0.00000E+00
       GC_129 =  -0.00000E+00  -0.00000E+00
       GC_133 =   0.00000E+00   0.45849E+00
       GC_134 =   0.00000E+00   0.37035E+00
       GC_136 =  -0.00000E+00  -0.74892E+01
        GC_81 =   0.32880E+02   0.00000E+00
        GC_82 =   0.34880E+02   0.00000E+00
        GC_83 =   0.36880E+02   0.00000E+00

 Collider parameters:
 --------------------

 Running at P P   machine @    13000.000000000000       GeV
 PDF set = nn23lo1
 alpha_s(Mz)= 0.1300 running at 2 loops.
 alpha_s(Mz)= 0.1300 running at 2 loops.
 Renormalization scale set on event-by-event basis
 Factorization   scale set on event-by-event basis


 getting user params
Enter number of events and max and min iterations: 
 Number of events and iterations         1000           5           3
Enter desired fractional accuracy: 
 Desired fractional accuracy:   0.10000000000000001     
Enter 0 for fixed, 2 for adjustable grid: 
Suppress amplitude (0 no, 1 yes)? 
 Using suppressed amplitude.
Exact helicity sum (0 yes, n = number/event)? 
 Explicitly summing over helicities
Enter Configuration Number: 
Running Configuration Number: 1013
 Using dconfig=         727
 BW Setting            1           2           2           2           2           2           0
 Attempting mappinvarients           1           9
 Completed mapping           9
 about to integrate           19        1000           5           3          19           1
 Using non-zero grid deformation.
 19 dimensions   1000 events 19 invarients  5 iterations  1 config(s),  (0.99)
 Using h-tuple random number sequence.
 Error opening grid
 Using Uniform Grid!          36
 Using uniform alpha   1.0000000000000000     
 Grid defined OK
 Set CM energy to      13000.00
 Mapping Graph        1013  to config        1013
 Setting BW          -1           1   79.824359746197842     
Setting grid   2    0.28499E-04   1
Setting grid   3    0.28499E-04   1
Setting grid   4    0.28499E-04   1
Setting grid   5    0.15259E-03   1
Setting grid   6    0.15259E-03   1
 Transforming s_hat 1/s           18   2.1493129719111747E-004   1600.0000000000000        168999999.99999997     
1013   1   2   3   4   5   6   7   8   9  10  11  12  13  14
  15  16  17  18  19
 Masses: 0.000E+00 0.000E+00 0.000E+00 0.000E+00 0.000E+00 0.000E+00 0.000E+00 0.000E+00 0.912E+02
Using random seed offsets  1013 :      1
  with seed                   24
 Ranmar initialization seeds         743        9398
 
 ********************************************
 * You are using the DiscreteSampler module *
 *      part of the MG5_aMC framework       *
 *         Author: Valentin Hirschi         *
 ********************************************
 
  Particle       3       4       5       6       7       8       9
      Et >    10.0    10.0    10.0    10.0     0.0     0.0     0.0
       E >     0.0     0.0     0.0     0.0     0.0     0.0     0.0
     Eta <     2.5     2.5     2.5     2.5    -1.0    -1.0    -1.0
   xqcut:      0.0     0.0     0.0     0.0     0.0     0.0     0.0
d R # 3  >    -0.0     0.4     0.4     0.4     0.0     0.0     0.0
d R # 4  >    -0.0    -0.0     0.4     0.4     0.0     0.0     0.0
d R # 5  >    -0.0    -0.0    -0.0     0.4     0.0     0.0     0.0
d R # 6  >    -0.0    -0.0    -0.0    -0.0     0.0     0.0     0.0
d R # 7  >    -0.0    -0.0    -0.0    -0.0    -0.0     0.0     0.0
d R # 8  >    -0.0    -0.0    -0.0    -0.0    -0.0    -0.0     0.0
s min # 3>     0.0     0.0     0.0     0.0     0.0     0.0     0.0
s min # 4>     0.0     0.0     0.0     0.0     0.0     0.0     0.0
s min # 5>     0.0     0.0     0.0     0.0     0.0     0.0     0.0
s min # 6>     0.0     0.0     0.0     0.0     0.0     0.0     0.0
s min # 7>     0.0     0.0     0.0     0.0     0.0     0.0     0.0
s min # 8>     0.0     0.0     0.0     0.0     0.0     0.0     0.0
xqcutij # 3>     0.0     0.0     0.0     0.0     0.0     0.0     0.0
xqcutij # 4>     0.0     0.0     0.0     0.0     0.0     0.0     0.0
xqcutij # 5>     0.0     0.0     0.0     0.0     0.0     0.0     0.0
xqcutij # 6>     0.0     0.0     0.0     0.0     0.0     0.0     0.0
xqcutij # 7>     0.0     0.0     0.0     0.0     0.0     0.0     0.0
xqcutij # 8>     0.0     0.0     0.0     0.0     0.0     0.0     0.0
 Requiring BW           -1           1
 Excluding BW           -2           2
 Excluding BW           -3           3
 Excluding BW           -4           4
 Excluding BW           -5           5
 Excluding BW           -6           6
 alpha_s for scale    856.41126498347751       is    9.4817719889511334E-002
 Added good helicity            1   76.219285109859612       in event            1 local:           1
 Added good helicity           21  0.37729942229660979       in event            1 local:           1
 Added good helicity           25  0.46319530927638103       in event            1 local:           1
 Added good helicity           37   8.5562532909901609E-002  in event            1 local:           1
 Added good helicity           41   6.6181538252049060E-003  in event            1 local:           1
 Added good helicity           61   7.8362135067143386E-006  in event            1 local:           1
 Added good helicity          193   170.51402044484951       in event            1 local:           1
 Added good helicity          213   3.2964583840747204       in event            1 local:           1
 Added good helicity          217   4.2373916128070475       in event            1 local:           1
 Added good helicity          229  0.76335673257849057       in event            1 local:           1
 Added good helicity          233   3.6786077489441682E-002  in event            1 local:           1
 Added good helicity          253   1.8383819595764788E-005  in event            1 local:           1
 Added good helicity            1   76.219285109974450       in event            1 local:           1
 Added good helicity           21  0.37729942229532265       in event            1 local:           1
 Added good helicity           25  0.46319530927479252       in event            1 local:           1
 Added good helicity           37   8.5562532909604805E-002  in event            1 local:           1
 Added good helicity           41   6.6181538251818463E-003  in event            1 local:           1
 Added good helicity           61   7.8362135066868439E-006  in event            1 local:           1
 Added good helicity          193   170.51402044476731       in event            1 local:           1
 Added good helicity          213   3.2964583840630852       in event            1 local:           1
 Added good helicity          217   4.2373916127920790       in event            1 local:           1
 Added good helicity          229  0.76335673257583736       in event            1 local:           1
 Added good helicity          233   3.6786077489313708E-002  in event            1 local:           1
 Added good helicity          253   1.8383819595700024E-005  in event            1 local:           1
 RESET CUMULATIVE VARIABLE
 RESET CUMULATIVE VARIABLE
 RESET CUMULATIVE VARIABLE
 Iteration  1   Mean: 0.6182E-13 Abs mean: 0.6182E-13   Fluctuation:  0.543E-13   0.540E-10     8.6%
  1    0.6182E-13 0.6182E-13 +- 0.5426E-13     27.76
 Writing out events   1.4430393263731904E-016   27.758098876553714     
 Relative summed weights:
  0.1175E-05  0.1745E-09  0.2743E-05  0.2961E-06  0.3399E-09  0.7908E-12
  0.3815E-04  0.1429E-03  0.2798E-13  0.5419E-08  0.1185E-04  0.2063E-08
  0.1576E-07  0.9852E-10  0.4123E-03  0.1193E-05  0.3134E-10  0.1056E-12
  0.4164E-06  0.8423E-03  0.2591E-09  0.2106E-10  0.2261E-09  0.4700E-12
  0.7848E-09  0.2323E-09  0.2506E-04  0.1180E-02  0.3471E-08  0.1703E-10
  0.1499E-03  0.2979E-03  0.6968E-06  0.8433E-04  0.1557E-06  0.6555E-07
  0.1677E-03  0.1669E-10  0.1325E-02  0.4194E-06  0.2472E-07  0.3923E-16
  0.6016E-07  0.3203E-03  0.2365E-07  0.4117E-15  0.2216E-05  0.9062E-11
  0.2955E-08  0.3553E-03  0.9599E-03  0.2714E-06  0.3930E-06  0.3160E-07
  0.1032E-08  0.7318E-09  0.8322E-06  0.2528E-08  0.3775E-14  0.1509E-08
  0.8152E-05  0.0000E+00  0.7813E-03  0.1220E-01  0.2362E-03  0.4787E-07
  0.8269E-07  0.1816E-05  0.4185E-06  0.1052E-02  0.1650E-11  0.1711E-12
  0.1510E-05  0.3882E-05  0.6070E-04  0.9693E+00  0.9990E-04  0.6515E-09
  0.1090E-07  0.1356E-03  0.2140E-04  0.1761E-08  0.1341E-14  0.6738E-16
  0.4066E-12  0.2706E-10  0.2597E-05  0.9800E-03  0.4534E-08  0.8828E-02
  0.5254E-10  0.2914E-07  0.3966E-07  0.1265E-05  0.1732E-12  0.1651E-09
 Relative number of events:
  0.5946E-02  0.3964E-02  0.3568E-01  0.2379E-01  0.4955E-02  0.5946E-02
  0.5946E-02  0.2973E-02  0.9911E-03  0.9911E-03  0.4955E-02  0.2973E-02
  0.2973E-02  0.2973E-02  0.3469E-01  0.4460E-01  0.2973E-02  0.3964E-02
  0.3964E-02  0.8920E-02  0.9911E-03  0.9911E-03  0.3964E-02  0.9911E-03
  0.3964E-02  0.4955E-02  0.3568E-01  0.3271E-01  0.6938E-02  0.3964E-02
  0.3964E-02  0.2973E-02  0.2973E-02  0.1982E-02  0.9911E-03  0.3964E-02
  0.4955E-02  0.4955E-02  0.2577E-01  0.3766E-01  0.3964E-02  0.2973E-02
  0.4955E-02  0.6938E-02  0.1982E-02  0.9911E-03  0.9911E-03  0.2973E-02
  0.9911E-03  0.1982E-02  0.3271E-01  0.2180E-01  0.1090E-01  0.1189E-01
  0.8920E-02  0.4955E-02  0.1388E-01  0.1784E-01  0.9911E-03  0.2973E-02
  0.9911E-03  0.0000E+00  0.3072E-01  0.3072E-01  0.1288E-01  0.1288E-01
  0.6938E-02  0.1487E-01  0.2180E-01  0.2081E-01  0.5946E-02  0.1982E-02
  0.1982E-02  0.9911E-03  0.2577E-01  0.3865E-01  0.1288E-01  0.5946E-02
  0.8920E-02  0.9911E-02  0.1883E-01  0.2577E-01  0.1982E-02  0.1982E-02
  0.9911E-03  0.9911E-03  0.1982E-01  0.3171E-01  0.1288E-01  0.1883E-01
  0.3964E-02  0.7929E-02  0.1586E-01  0.2279E-01  0.2973E-02  0.1982E-02
 Events:
           6           4          36          24           5           6
           6           3           1           1           5           3
           3           3          35          45           3           4
           4           9           1           1           4           1
           4           5          36          33           7           4
           4           3           3           2           1           4
           5           5          26          38           4           3
           5           7           2           1           1           3
           1           2          33          22          11          12
           9           5          14          18           1           3
           1           0          31          31          13          13
           7          15          22          21           6           2
           2           1          26          39          13           6
           9          10          19          26           2           2
           1           1          20          32          13          19
           4           8          16          23           3           2
 Iteration  2   Mean: 0.1388E-11 Abs mean: 0.1388E-11   Fluctuation:  0.926E-12   0.177E-08    34.8%
  2    0.1388E-11 0.1388E-11 +- 0.9261E-12     29.84
 Relative summed weights:
  0.1896E-07  0.3186E-08  0.2467E-02  0.4621E-03  0.4088E-09  0.1802E-08
  0.2633E-09  0.8417E-04  0.2591E-06  0.2235E-05  0.5895E-07  0.2767E-12
  0.5861E-06  0.4976E-03  0.1496E-04  0.4685E-06  0.2060E-09  0.5271E-11
  0.2333E-02  0.9810E-08  0.6030E-03  0.7327E-01  0.8484E-13  0.1011E-07
  0.1069E-05  0.7189E-08  0.6225E-03  0.4457E-05  0.5405E-15  0.1236E-05
  0.1807E-04  0.1520E-05  0.4852E-05  0.4033E-06  0.0000E+00  0.1101E-20
  0.5748E-04  0.1928E-08  0.2174E-02  0.1639E-02  0.2650E-14  0.7272E-09
  0.4100E-06  0.5102E-03  0.6561E-05  0.1554E-03  0.9912E-11  0.2810E-10
  0.1028E-11  0.8012E-10  0.3208E-02  0.1312E-01  0.1278E-06  0.3678E-08
  0.2674E-04  0.6387E+00  0.1211E-05  0.6428E-04  0.2659E-07  0.1201E-08
  0.8912E-05  0.1423E-03  0.8021E-02  0.1795E-03  0.5405E-09  0.3974E-07
  0.4280E-04  0.6890E-07  0.2385E-07  0.9238E-02  0.9481E-14  0.1016E-11
  0.2074E-08  0.1157E-09  0.1634E+00  0.6946E-01  0.3900E-09  0.1061E-06
  0.8688E-02  0.9862E-05  0.3835E-07  0.2819E-05  0.5841E-16  0.0000E+00
  0.4810E-05  0.1235E-08  0.5589E-03  0.3573E-05  0.3602E-07  0.2183E-11
  0.4930E-06  0.1266E-03  0.3007E-05  0.3977E-06  0.1754E-20  0.1876E-10
 Relative number of events:
  0.3500E-02  0.5000E-02  0.3600E-01  0.3950E-01  0.2500E-02  0.3500E-02
  0.2500E-02  0.9000E-02  0.1500E-02  0.2500E-02  0.1000E-02  0.5000E-03
  0.4000E-02  0.5500E-02  0.4000E-01  0.4100E-01  0.2000E-02  0.1500E-02
  0.8000E-02  0.2500E-02  0.2500E-02  0.3000E-02  0.5000E-03  0.1000E-02
  0.5500E-02  0.9000E-02  0.4050E-01  0.3350E-01  0.2000E-02  0.2000E-02
  0.7000E-02  0.5500E-02  0.2500E-02  0.2000E-02  0.0000E+00  0.5000E-03
  0.6000E-02  0.6500E-02  0.3650E-01  0.4250E-01  0.5000E-03  0.2500E-02
  0.4500E-02  0.9000E-02  0.1500E-02  0.3500E-02  0.1000E-02  0.5000E-03
  0.5000E-03  0.2000E-02  0.2450E-01  0.3150E-01  0.2500E-02  0.8500E-02
  0.7000E-02  0.1100E-01  0.1850E-01  0.2100E-01  0.1000E-02  0.1500E-02
  0.5000E-03  0.3000E-02  0.3400E-01  0.3050E-01  0.5000E-02  0.7500E-02
  0.1250E-01  0.1150E-01  0.1700E-01  0.2450E-01  0.1000E-02  0.2000E-02
  0.5000E-03  0.1500E-02  0.2850E-01  0.2850E-01  0.5500E-02  0.7000E-02
  0.1050E-01  0.8500E-02  0.1600E-01  0.2000E-01  0.1000E-02  0.0000E+00
  0.5000E-03  0.1500E-02  0.3600E-01  0.2650E-01  0.8000E-02  0.3000E-02
  0.1200E-01  0.1350E-01  0.2150E-01  0.2700E-01  0.1000E-02  0.5000E-03
 Events:
           7          10          72          79           5           7
           5          18           3           5           2           1
           8          11          80          82           4           3
          16           5           5           6           1           2
          11          18          81          67           4           4
          14          11           5           4           0           1
          12          13          73          85           1           5
           9          18           3           7           2           1
           1           4          49          63           5          17
          14          22          37          42           2           3
           1           6          68          61          10          15
          25          23          34          49           2           4
           1           3          57          57          11          14
          21          17          32          40           2           0
           1           3          72          53          16           6
          24          27          43          54           2           1
 Iteration  3   Mean: 0.2315E-10 Abs mean: 0.2315E-10   Fluctuation:  0.169E-10   0.656E-07    50.1%
  3    0.2315E-10 0.2315E-10 +- 0.1686E-10     46.06
 Relative summed weights:
  0.5657E-05  0.5767E-07  0.3273E-04  0.1753E-02  0.1311E-14  0.1012E-07
  0.3626E-03  0.8519E-05  0.7036E-07  0.3012E-05  0.2946E-14  0.1074E-10
  0.6657E-06  0.7426E-02  0.2885E-03  0.2277E-02  0.1220E-10  0.1216E-10
  0.3576E-05  0.1173E-02  0.1478E-05  0.1106E-05  0.2385E-09  0.0000E+00
  0.5859E-03  0.1607E-05  0.1054E-03  0.4522E-03  0.8172E-15  0.3530E-08
  0.1412E-04  0.7255E+00  0.1362E-04  0.1726E-06  0.2408E-13  0.5017E-07
  0.1190E-03  0.9308E-04  0.1280E+00  0.3122E-03  0.3194E-04  0.2431E-17
  0.2985E-03  0.1988E-04  0.5013E-07  0.1451E-08  0.7056E-09  0.3290E-05
  0.2265E-03  0.2833E-04  0.8256E-05  0.1238E-03  0.1522E-07  0.3851E-06
  0.4262E-03  0.1339E-03  0.1163E-02  0.2956E-04  0.2320E-07  0.5277E-13
  0.1581E-04  0.5736E-09  0.9676E-02  0.4040E-03  0.9398E-04  0.5310E-05
  0.3526E-02  0.1991E-02  0.6783E-04  0.7553E-04  0.8208E-05  0.9594E-09
  0.3127E-07  0.2426E-02  0.1150E-03  0.1369E-03  0.2700E-09  0.3041E-07
  0.4941E-05  0.9972E-06  0.8170E-04  0.7394E-03  0.4235E-15  0.0000E+00
  0.2264E-05  0.1169E-08  0.5089E-03  0.4035E-03  0.8356E-06  0.1713E-07
  0.3986E-05  0.5455E-04  0.1086E+00  0.1660E-04  0.2982E-10  0.2083E-08
 Relative number of events:
  0.8750E-02  0.9500E-02  0.3750E-01  0.3950E-01  0.5000E-03  0.1250E-02
  0.7250E-02  0.7250E-02  0.1250E-02  0.1500E-02  0.2500E-03  0.2500E-03
  0.5500E-02  0.6250E-02  0.3875E-01  0.4175E-01  0.1000E-02  0.1250E-02
  0.5500E-02  0.7250E-02  0.1250E-02  0.1500E-02  0.2500E-03  0.0000E+00
  0.6250E-02  0.5000E-02  0.4450E-01  0.3700E-01  0.7500E-03  0.2750E-02
  0.7000E-02  0.1000E-01  0.2500E-02  0.1000E-02  0.2500E-03  0.5000E-03
  0.6250E-02  0.7500E-02  0.3700E-01  0.3850E-01  0.1250E-02  0.2500E-03
  0.8750E-02  0.9000E-02  0.2000E-02  0.2500E-03  0.2500E-03  0.7500E-03
  0.2750E-02  0.2000E-02  0.2925E-01  0.2700E-01  0.3250E-02  0.2250E-02
  0.1300E-01  0.1450E-01  0.1825E-01  0.2250E-01  0.7500E-03  0.5000E-03
  0.1000E-02  0.1250E-02  0.3025E-01  0.2950E-01  0.4250E-02  0.2500E-02
  0.1300E-01  0.1275E-01  0.2250E-01  0.2325E-01  0.5000E-03  0.2500E-03
  0.7500E-03  0.1250E-02  0.3225E-01  0.3100E-01  0.2500E-02  0.2750E-02
  0.1300E-01  0.1375E-01  0.1975E-01  0.1925E-01  0.2500E-03  0.0000E+00
  0.1250E-02  0.5000E-03  0.2425E-01  0.2950E-01  0.3000E-02  0.2750E-02
  0.1175E-01  0.1400E-01  0.2000E-01  0.2450E-01  0.5000E-03  0.2500E-03
 Events:
          35          38         150         158           2           5
          29          29           5           6           1           1
          22          25         155         167           4           5
          22          29           5           6           1           0
          25          20         178         148           3          11
          28          40          10           4           1           2
          25          30         148         154           5           1
          35          36           8           1           1           3
          11           8         117         108          13           9
          52          58          73          90           3           2
           4           5         121         118          17          10
          52          51          90          93           2           1
           3           5         129         124          10          11
          52          55          79          77           1           0
           5           2          97         118          12          11
          47          56          80          98           2           1
 Accuracy:    0.869   0.100   0.429   4.101
 Found           68  events.
 Wrote            1  events.
 Actual xsec    8.6280844379735705E-012
 Correct abs xsec    8.6280844379735705E-012
 Event xsec    8.6280844379735705E-012
 Events wgts > 1:            0
 % Cross section > 1:    0.0000000000000000        0.0000000000000000     
 Iteration  4   Mean: 0.2630E-10 Abs mean: 0.2630E-10   Fluctuation:  0.166E-10   0.126E-06    68.6%
  4    0.2630E-10 0.2630E-10 +- 0.1661E-10     56.49
 Relative summed weights:
  0.1243E-03  0.1242E-03  0.2666E-01  0.1343E-02  0.2121E-06  0.1297E-07
  0.6206E-03  0.2741E-03  0.2390E-04  0.1487E-03  0.2043E-12  0.0000E+00
  0.5985E+00  0.2153E-03  0.1884E+00  0.1424E-03  0.3817E-09  0.8679E-10
  0.9291E-03  0.1184E-03  0.2944E-06  0.4066E-06  0.1062E-04  0.2281E-09
  0.1804E-03  0.3005E-04  0.4049E-04  0.1090E-02  0.2930E-10  0.1009E-08
  0.2087E-03  0.2519E-03  0.4730E-05  0.6360E-03  0.2606E-13  0.1609E-11
  0.7850E-05  0.2364E-04  0.3460E-01  0.7861E-02  0.3049E-05  0.2918E-07
  0.1212E-02  0.3800E-04  0.5984E-06  0.1719E-02  0.3768E-08  0.3166E-07
  0.2499E-05  0.2293E-02  0.1084E-01  0.6953E-03  0.2964E-05  0.9442E-04
  0.3938E-02  0.1984E-02  0.2002E-04  0.1111E-02  0.0000E+00  0.2574E-11
  0.2140E-03  0.3771E-05  0.5331E-01  0.1578E-02  0.6248E-04  0.5894E-05
  0.3033E-04  0.2404E-04  0.2088E-04  0.4225E-04  0.1753E-08  0.2880E-10
  0.5228E-04  0.4450E-05  0.7998E-04  0.2402E-01  0.5105E-06  0.3790E-07
  0.1796E-01  0.4762E-03  0.3787E-04  0.2248E-03  0.3061E-12  0.6276E-10
  0.3462E-04  0.4822E-02  0.9912E-02  0.3392E-03  0.1619E-05  0.4811E-05
  0.2408E-03  0.2021E-04  0.2810E-04  0.1329E-04  0.9314E-07  0.0000E+00
 Relative number of events:
  0.6375E-02  0.4500E-02  0.3662E-01  0.3612E-01  0.1375E-02  0.1125E-02
  0.7000E-02  0.8000E-02  0.1875E-02  0.1500E-02  0.3750E-03  0.0000E+00
  0.6625E-02  0.4750E-02  0.3887E-01  0.4013E-01  0.1250E-02  0.1500E-02
  0.7625E-02  0.8750E-02  0.1625E-02  0.1875E-02  0.7500E-03  0.2500E-03
  0.7125E-02  0.6500E-02  0.3700E-01  0.3775E-01  0.1125E-02  0.1375E-02
  0.7250E-02  0.7750E-02  0.8750E-03  0.1750E-02  0.1250E-03  0.6250E-03
  0.6375E-02  0.6500E-02  0.3625E-01  0.3925E-01  0.8750E-03  0.1000E-02
  0.8250E-02  0.6500E-02  0.2125E-02  0.1750E-02  0.2500E-03  0.5000E-03
  0.1000E-02  0.8750E-03  0.3062E-01  0.3250E-01  0.2875E-02  0.2500E-02
  0.1388E-01  0.1388E-01  0.2113E-01  0.2325E-01  0.0000E+00  0.3750E-03
  0.1500E-02  0.1375E-02  0.3025E-01  0.2788E-01  0.2375E-02  0.3000E-02
  0.1238E-01  0.1413E-01  0.2250E-01  0.2138E-01  0.2500E-03  0.5000E-03
  0.1125E-02  0.1500E-02  0.3163E-01  0.2888E-01  0.2125E-02  0.2625E-02
  0.1375E-01  0.1487E-01  0.2175E-01  0.2262E-01  0.1250E-03  0.7500E-03
  0.1000E-02  0.1000E-02  0.2637E-01  0.3250E-01  0.2375E-02  0.2125E-02
  0.1500E-01  0.1375E-01  0.2150E-01  0.2375E-01  0.7500E-03  0.0000E+00
 Events:
          51          36         293         289          11           9
          56          64          15          12           3           0
          53          38         311         321          10          12
          61          70          13          15           6           2
          57          52         296         302           9          11
          58          62           7          14           1           5
          51          52         290         314           7           8
          66          52          17          14           2           4
           8           7         245         260          23          20
         111         111         169         186           0           3
          12          11         242         223          19          24
          99         113         180         171           2           4
           9          12         253         231          17          21
         110         119         174         181           1           6
           8           8         211         260          19          17
         120         110         172         190           6           0
 Accuracy:    0.488   0.100   0.355   1.892
 Found           51  events.
 Wrote            1  events.
 Actual xsec    1.6977710191988102E-011
 Correct abs xsec    1.6977710191988102E-011
 Event xsec    1.6977710191988102E-011
 Events wgts > 1:            1
 % Cross section > 1:    5.4741012205339935E-019   3.2242871144762848E-006
 Iteration  5   Mean: 0.2988E-10 Abs mean: 0.2988E-10   Fluctuation:  0.105E-10   0.105E-06    70.3%
  5    0.2988E-10 0.2988E-10 +- 0.1053E-10     44.59
 Relative summed weights:
  0.5468E-03  0.1173E-03  0.3599E-02  0.2368E-02  0.1154E-06  0.1127E-07
  0.4359E-02  0.3826E-02  0.2147E-03  0.1760E-01  0.5394E-10  0.3472E-09
  0.3510E-04  0.1982E-02  0.8040E-02  0.3865E-01  0.6791E-03  0.1556E-04
  0.5779E-03  0.3106E-01  0.3865E-04  0.8408E-05  0.2520E-09  0.1905E-12
  0.8272E-04  0.3873E-02  0.3144E-02  0.2019E-02  0.7338E-05  0.7226E-07
  0.4069E-02  0.5304E-03  0.1412E-03  0.2206E-02  0.2871E-10  0.6619E-04
  0.9183E-03  0.1472E-03  0.8882E-03  0.9381E-02  0.6490E-07  0.1302E-08
  0.4359E-02  0.2942E-02  0.3255E-04  0.1426E+00  0.1809E-07  0.6663E-09
  0.5855E-06  0.2683E-03  0.2294E+00  0.2307E-03  0.4533E-06  0.5803E-06
  0.5614E-03  0.2087E-03  0.1100E-02  0.4495E-03  0.2685E-07  0.1407E-07
  0.1663E-02  0.4848E-02  0.1783E+00  0.9108E-01  0.4073E-04  0.2729E-07
  0.3920E-03  0.1324E-03  0.2788E-01  0.2683E-02  0.5504E-10  0.1061E-06
  0.3915E-03  0.9038E-06  0.3080E-02  0.1733E-03  0.1323E-05  0.2103E-05
  0.1760E-01  0.1406E-02  0.7325E-03  0.1679E-01  0.7557E-11  0.2563E-06
  0.9281E-03  0.5922E-04  0.1373E-02  0.1260E-02  0.8511E-07  0.1518E-06
  0.1360E-03  0.1023E-01  0.1967E-03  0.1152E+00  0.8746E-10  0.4175E-07
 Relative number of events:
  0.8000E-02  0.7500E-02  0.3625E-01  0.3694E-01  0.8750E-03  0.5625E-03
  0.6562E-02  0.7188E-02  0.1875E-02  0.1875E-02  0.2500E-03  0.3125E-03
  0.6812E-02  0.7687E-02  0.3631E-01  0.4050E-01  0.1125E-02  0.1000E-02
  0.8000E-02  0.7875E-02  0.1437E-02  0.1437E-02  0.3750E-03  0.1875E-03
  0.7938E-02  0.6938E-02  0.3781E-01  0.3919E-01  0.8750E-03  0.9375E-03
  0.8063E-02  0.8563E-02  0.1375E-02  0.1375E-02  0.1875E-03  0.2500E-03
  0.7188E-02  0.6313E-02  0.4113E-01  0.3950E-01  0.6875E-03  0.5625E-03
  0.7250E-02  0.9125E-02  0.1063E-02  0.1500E-02  0.1875E-03  0.1875E-03
  0.1313E-02  0.1625E-02  0.3288E-01  0.2956E-01  0.2312E-02  0.1313E-02
  0.1425E-01  0.1413E-01  0.2094E-01  0.2106E-01  0.4375E-03  0.2500E-03
  0.2188E-02  0.1375E-02  0.2700E-01  0.2788E-01  0.1563E-02  0.2125E-02
  0.1463E-01  0.1475E-01  0.2212E-01  0.2050E-01  0.6250E-04  0.4375E-03
  0.1687E-02  0.1000E-02  0.3037E-01  0.2962E-01  0.1313E-02  0.1937E-02
  0.1450E-01  0.1419E-01  0.2300E-01  0.2237E-01  0.1250E-03  0.1250E-03
  0.1187E-02  0.1375E-02  0.3025E-01  0.2694E-01  0.2375E-02  0.1875E-02
  0.1450E-01  0.1381E-01  0.2200E-01  0.2081E-01  0.2500E-03  0.5625E-03
 Events:
         128         120         580         591          14           9
         105         115          30          30           4           5
         109         123         581         648          18          16
         128         126          23          23           6           3
         127         111         605         627          14          15
         129         137          22          22           3           4
         115         101         658         632          11           9
         116         146          17          24           3           3
          21          26         526         473          37          21
         228         226         335         337           7           4
          35          22         432         446          25          34
         234         236         354         328           1           7
          27          16         486         474          21          31
         232         227         368         358           2           2
          19          22         484         431          38          30
         232         221         352         333           4           9
 Accuracy:    0.261   0.100   0.250   1.089
 Found          115  events.
 Wrote            4  events.
 Actual xsec    2.8135922846309805E-011
 Correct abs xsec    2.8135922846309805E-011
 Event xsec    2.8135922846309805E-011
 Events wgts > 1:            0
 % Cross section > 1:    0.0000000000000000        0.0000000000000000     

 -------------------------------------------------------------------------------
 Accumulated results:   Integral =  0.2210E-10
                        Std dev  =  0.5527E-11
                       Cross sec =  0.2210E-10
             Chi**2 per DoF.     =      1.0889
 -------------------------------------------------------------------------------
-------------------------------------------------
---------------------------
 Results Last   3 iters: Integral =   0.2814E-10
                     Abs integral =   0.2814E-10
                          Std dev =   0.7977E-11
                  Chi**2 per DoF. =      0.0635
-------------------------------------------------
---------------------------
 Status  0.10000000000000001                6           5

ls status:
events.lhe
ftn26
input_app.txt
results.dat
run1_app.log
