 Process in group number            1
 A PDF is used, so alpha_s(MZ) is going to be modified
 Old value of alpha_s from param_card:   0.11839999999999999     
  ****************************************
 
       NNPDFDriver version 1.0.3
   Grid: NNPDF23_lo_as_0130_qed_mem0.grid
  ****************************************
 New value of alpha_s from PDF nn23lo1:  0.13000000000000000     
 Define smin to   1600.0000000000000     
 Define smin to   1600.0000000000000     
 Define smin to   1600.0000000000000     
 *****************************************************
 *               MadGraph/MadEvent                   *
 *        --------------------------------           *
 *          http://madgraph.hep.uiuc.edu             *
 *          http://madgraph.phys.ucl.ac.be           *
 *          http://madgraph.roma2.infn.it            *
 *        --------------------------------           *
 *                                                   *
 *          PARAMETER AND COUPLING VALUES            *
 *                                                   *
 *****************************************************

  External Params
  ---------------------------------
  
 mdl_VeN1 =    1.0000000000000000     
 mdl_VeN2 =    0.0000000000000000     
 mdl_VeN3 =    0.0000000000000000     
 mdl_VmuN1 =    0.0000000000000000     
 mdl_VmuN2 =    1.0000000000000000     
 mdl_VmuN3 =    0.0000000000000000     
 mdl_VtaN1 =    0.0000000000000000     
 mdl_VtaN2 =    0.0000000000000000     
 mdl_VtaN3 =    1.0000000000000000     
 mdl_VN1N1 =    1.0000000000000000     
 mdl_VN1N2 =    1.0000000000000000     
 mdl_VN1N3 =    1.0000000000000000     
 mdl_VN2N2 =    1.0000000000000000     
 mdl_VN2N3 =    1.0000000000000000     
 mdl_VN3N3 =    1.0000000000000000     
 aEWM1 =    127.90000000000001     
 mdl_Gf =    1.1663700000000000E-005
 aS =   0.11839999999999999     
 mdl_ymt =    172.00000000000000     
 mdl_vevf =    50.000000000000000     
 mdl_MZ =    91.187600000000003     
 mdl_MT =    172.00000000000000     
 mdl_MH =    125.00000000000000     
 mdl_mN1 =    1644.0000000000000     
 mdl_mN2 =    1744.0000000000000     
 mdl_mN3 =    1844.0000000000000     
 mdl_MJ =    91.187600000000003     
 mdl_MAx =    173.04800000000000     
 mdl_WZ =    2.4952000000000001     
 mdl_WW =    2.0850000000000000     
 mdl_WT =    1.5083359999999999     
 mdl_WH =    4.0699999999999998E-003
 mdl_WN1 =   0.30299999999999999     
 mdl_WN2 =    1.5000000000000000     
 mdl_WN3 =    12.300000000000001     
 mdl_WJ =    2.4952000000000001     
 mdl_WAx =    4.1700000000000001E-003
  Internal Params
  ---------------------------------
  
 mdl_vevf__exp__2 =    2500.0000000000000     
 mdl_sqrt__vevf__exp__2 =    50.000000000000000     
 mdl_muJ =    50.000000000000000     
 mdl_MZ__exp__2 =    8315.1783937600012     
 mdl_MZ__exp__4 =    69142191.720053151     
 mdl_sqrt__2 =    1.4142135623730951     
 mdl_MJ__exp__2 =    8315.1783937600012     
 mdl_muJ__exp__2 =    2500.0000000000000     
 mdl_lamJ =    4.3260713575040004     
 mdl_MH__exp__2 =    15625.000000000000     
 mdl_complexi =  (  0.0000000000000000     ,  1.0000000000000000     )
 mdl_aEW =    7.8186082877247844E-003
 mdl_MW =    79.824359746197842     
 mdl_sqrt__aEW =    8.8422894590285753E-002
 mdl_ee =   0.31345100004952897     
 mdl_MW__exp__2 =    6371.9284088904105     
 mdl_sw2 =   0.23369913342182447     
 mdl_cw =   0.87538612427783857     
 mdl_sqrt__sw2 =   0.48342438232036300     
 mdl_sw =   0.48342438232036300     
 mdl_g1 =   0.35807170271074895     
 mdl_gN =   0.64839716719502682     
 mdl_gw =   0.64839716719502682     
 mdl_vev =    246.22056907348590     
 mdl_vev__exp__2 =    60624.568634871241     
 mdl_lam =   0.12886689630821144     
 mdl_yt =   0.98791394091683138     
 mdl_muH =    88.388347648318444     
 mdl_I2a33 =  ( 0.98791394091683138     ,  0.0000000000000000     )
 mdl_I3a33 =  ( 0.98791394091683138     ,  0.0000000000000000     )
 mdl_ee__exp__2 =    9.8251529432049817E-002
 mdl_sw__exp__2 =   0.23369913342182450     
 mdl_cw__exp__2 =   0.76630086657817542     
  Internal Params evaluated point by point
  ----------------------------------------
  
 mdl_sqrt__aS =   0.34409301068170506     
 mdl_G__exp__2 =    1.4878582807401259     
  Couplings of SM_HeavyN_UFO
  ---------------------------------
  
         GC_1 =  -0.00000E+00  -0.10448E+00
         GC_2 =   0.00000E+00   0.20897E+00
         GC_3 =  -0.00000E+00  -0.31345E+00
         GC_4 =   0.00000E+00   0.31345E+00
        GC_26 =   0.00000E+00   0.45849E+00
        GC_27 =  -0.00000E+00  -0.28380E+00
        GC_28 =   0.00000E+00   0.28380E+00
        GC_30 =   0.00000E+00   0.56760E+00
        GC_35 =  -0.00000E+00  -0.28850E-01
        GC_37 =   0.00000E+00   0.17310E+00
        GC_39 =   0.00000E+00  -0.19725E+00
        GC_40 =   0.00000E+00   0.37035E+00
        GC_80 =   0.00000E+00   0.67543E+02
       GC_107 =  -0.00000E+00  -0.74070E+00
       GC_109 =  -0.00000E+00  -0.74070E+00
       GC_111 =  -0.00000E+00  -0.74070E+00
       GC_113 =  -0.00000E+00  -0.74070E+00
       GC_115 =  -0.00000E+00  -0.74070E+00
       GC_117 =  -0.00000E+00  -0.74070E+00
       GC_119 =   0.00000E+00   0.00000E+00
       GC_120 =   0.00000E+00   0.00000E+00
       GC_122 =  -0.00000E+00  -0.00000E+00
       GC_126 =   0.00000E+00   0.00000E+00
       GC_127 =   0.00000E+00   0.00000E+00
       GC_129 =  -0.00000E+00  -0.00000E+00
       GC_133 =   0.00000E+00   0.45849E+00
       GC_134 =   0.00000E+00   0.37035E+00
       GC_136 =  -0.00000E+00  -0.74892E+01
        GC_81 =   0.32880E+02   0.00000E+00
        GC_82 =   0.34880E+02   0.00000E+00
        GC_83 =   0.36880E+02   0.00000E+00

 Collider parameters:
 --------------------

 Running at P P   machine @    13000.000000000000       GeV
 PDF set = nn23lo1
 alpha_s(Mz)= 0.1300 running at 2 loops.
 alpha_s(Mz)= 0.1300 running at 2 loops.
 Renormalization scale set on event-by-event basis
 Factorization   scale set on event-by-event basis


 getting user params
Enter number of events and max and min iterations: 
 Number of events and iterations         1000           5           3
Enter desired fractional accuracy: 
 Desired fractional accuracy:   0.10000000000000001     
Enter 0 for fixed, 2 for adjustable grid: 
Suppress amplitude (0 no, 1 yes)? 
 Using suppressed amplitude.
Exact helicity sum (0 yes, n = number/event)? 
 Explicitly summing over helicities
Enter Configuration Number: 
Running Configuration Number:  975
 Using dconfig=         233
 BW Setting            2           2           1           2           2           0           0
 Attempting mappinvarients           1           9
 Completed mapping           9
 about to integrate           19        1000           5           3          19           1
 Using non-zero grid deformation.
 19 dimensions   1000 events 19 invarients  5 iterations  1 config(s),  (0.99)
 Using h-tuple random number sequence.
 Error opening grid
 Using Uniform Grid!          36
 Using uniform alpha   1.0000000000000000     
 Grid defined OK
 Set CM energy to      13000.00
 Mapping Graph         975  to config         975
Setting grid   1    0.59172E-08   1
Setting grid   2    0.59172E-08   1
 Setting BW          -3           3   1844.0000000000000     
Setting grid   4    0.18801E-01   1
Setting grid   5    0.18801E-01   1
Setting grid   6    0.18801E-01   1
 Transforming s_hat 1/s           18   1.9224889053254441E-002   1600.0000000000000        168999999.99999997     
 975   1   2   3   4   5   6   7   8   9  10  11  12  13  14
  15  16  17  18  19
 Masses: 0.000E+00 0.000E+00 0.000E+00 0.000E+00 0.000E+00 0.000E+00 0.000E+00 0.000E+00 0.912E+02
Using random seed offsets   975 :      1
  with seed                   24
 Ranmar initialization seeds         705        9398
 
 ********************************************
 * You are using the DiscreteSampler module *
 *      part of the MG5_aMC framework       *
 *         Author: Valentin Hirschi         *
 ********************************************
 
  Particle       3       4       5       6       7       8       9
      Et >    10.0    10.0    10.0    10.0     0.0     0.0     0.0
       E >     0.0     0.0     0.0     0.0     0.0     0.0     0.0
     Eta <     2.5     2.5     2.5     2.5    -1.0    -1.0    -1.0
   xqcut:      0.0     0.0     0.0     0.0     0.0     0.0     0.0
d R # 3  >    -0.0     0.4     0.4     0.4     0.0     0.0     0.0
d R # 4  >    -0.0    -0.0     0.4     0.4     0.0     0.0     0.0
d R # 5  >    -0.0    -0.0    -0.0     0.4     0.0     0.0     0.0
d R # 6  >    -0.0    -0.0    -0.0    -0.0     0.0     0.0     0.0
d R # 7  >    -0.0    -0.0    -0.0    -0.0    -0.0     0.0     0.0
d R # 8  >    -0.0    -0.0    -0.0    -0.0    -0.0    -0.0     0.0
s min # 3>     0.0     0.0     0.0     0.0     0.0     0.0     0.0
s min # 4>     0.0     0.0     0.0     0.0     0.0     0.0     0.0
s min # 5>     0.0     0.0     0.0     0.0     0.0     0.0     0.0
s min # 6>     0.0     0.0     0.0     0.0     0.0     0.0     0.0
s min # 7>     0.0     0.0     0.0     0.0     0.0     0.0     0.0
s min # 8>     0.0     0.0     0.0     0.0     0.0     0.0     0.0
xqcutij # 3>     0.0     0.0     0.0     0.0     0.0     0.0     0.0
xqcutij # 4>     0.0     0.0     0.0     0.0     0.0     0.0     0.0
xqcutij # 5>     0.0     0.0     0.0     0.0     0.0     0.0     0.0
xqcutij # 6>     0.0     0.0     0.0     0.0     0.0     0.0     0.0
xqcutij # 7>     0.0     0.0     0.0     0.0     0.0     0.0     0.0
xqcutij # 8>     0.0     0.0     0.0     0.0     0.0     0.0     0.0
 Excluding BW           -1           1
 Excluding BW           -2           2
 Requiring BW           -3           3
 Excluding BW           -4           4
 Excluding BW           -6           5
 alpha_s for scale    3088.1993622816999       is    8.2189838195177140E-002
 Added good helicity            1   19.815807112049715       in event            1 local:           1
 Added good helicity           21   7.9613251052830444E-002  in event            1 local:           1
 Added good helicity           25  0.20730820926263258       in event            1 local:           1
 Added good helicity           37   5.5075405434342620E-003  in event            1 local:           1
 Added good helicity           41   15.765459460928840       in event            1 local:           1
 Added good helicity           61  0.22007378517583992       in event            1 local:           1
 Added good helicity          193   195.28752158571254       in event            1 local:           1
 Added good helicity          213  0.78701747866296112       in event            1 local:           1
 Added good helicity          217   2.1598101279765234       in event            1 local:           1
 Added good helicity          229   3.5328007146397103E-003  in event            1 local:           1
 Added good helicity          233   20.629958442049510       in event            1 local:           1
 Added good helicity          253   1.0383902058704970       in event            1 local:           1
 Added good helicity            1   19.815807112045903       in event            1 local:           1
 Added good helicity           21   7.9613251052819078E-002  in event            1 local:           1
 Added good helicity           25  0.20730820926255092       in event            1 local:           1
 Added good helicity           37   5.5075405434323139E-003  in event            1 local:           1
 Added good helicity           41   15.765459460924340       in event            1 local:           1
 Added good helicity           61  0.22007378517578613       in event            1 local:           1
 Added good helicity          193   195.28752158572780       in event            1 local:           1
 Added good helicity          213  0.78701747866264038       in event            1 local:           1
 Added good helicity          217   2.1598101279761028       in event            1 local:           1
 Added good helicity          229   3.5328007146406158E-003  in event            1 local:           1
 Added good helicity          233   20.629958442043836       in event            1 local:           1
 Added good helicity          253   1.0383902058701007       in event            1 local:           1
 RESET CUMULATIVE VARIABLE
 RESET CUMULATIVE VARIABLE
 RESET CUMULATIVE VARIABLE
 Iteration  1   Mean: 0.2710E-10 Abs mean: 0.2710E-10   Fluctuation:  0.238E-10   0.238E-07    23.5%
  1    0.2710E-10 0.2710E-10 +- 0.2383E-10     27.81
 Writing out events   2.3083780823618816E-014   27.812739901805145     
 Relative summed weights:
  0.6314E-01  0.2062E-02  0.4919E-10  0.0000E+00  0.0000E+00  0.0000E+00
  0.5969E-03  0.2842E-03  0.1330E-06  0.2163E-07  0.0000E+00  0.0000E+00
  0.6165E-06  0.1212E-04  0.0000E+00  0.0000E+00  0.0000E+00  0.0000E+00
  0.8599E-03  0.5660E-03  0.0000E+00  0.0000E+00  0.0000E+00  0.0000E+00
  0.1288E-02  0.8765E+00  0.1065E-02  0.5961E-02  0.0000E+00  0.0000E+00
  0.8250E-04  0.2545E-01  0.9999E-05  0.3891E-04  0.0000E+00  0.0000E+00
  0.1170E-03  0.3567E-03  0.7912E-02  0.4404E-03  0.0000E+00  0.0000E+00
  0.1442E-02  0.1015E-01  0.1039E-02  0.6739E-03  0.0000E+00  0.1102E-09
 Relative number of events:
  0.1685E-01  0.1487E-01  0.9911E-03  0.0000E+00  0.0000E+00  0.0000E+00
  0.1487E-01  0.1685E-01  0.9911E-03  0.9911E-03  0.0000E+00  0.0000E+00
  0.1586E-01  0.1288E-01  0.0000E+00  0.0000E+00  0.0000E+00  0.0000E+00
  0.1586E-01  0.1685E-01  0.0000E+00  0.0000E+00  0.0000E+00  0.0000E+00
  0.3667E-01  0.4856E-01  0.4460E-01  0.6541E-01  0.0000E+00  0.0000E+00
  0.5055E-01  0.7433E-01  0.5649E-01  0.5352E-01  0.0000E+00  0.0000E+00
  0.3964E-01  0.6739E-01  0.4559E-01  0.4163E-01  0.0000E+00  0.0000E+00
  0.5748E-01  0.6145E-01  0.6145E-01  0.6640E-01  0.0000E+00  0.9911E-03
 Events:
          17          15           1           0           0           0
          15          17           1           1           0           0
          16          13           0           0           0           0
          16          17           0           0           0           0
          37          49          45          66           0           0
          51          75          57          54           0           0
          40          68          46          42           0           0
          58          62          62          67           0           1
 Iteration  2   Mean: 0.3924E-11 Abs mean: 0.3924E-11   Fluctuation:  0.211E-11   0.379E-08    57.2%
  2    0.3924E-11 0.3924E-11 +- 0.2109E-11     24.04
 Relative summed weights:
  0.2005E-01  0.2358E-02  0.9840E-07  0.0000E+00  0.0000E+00  0.0000E+00
  0.7425E-04  0.9841E-03  0.0000E+00  0.5985E-06  0.0000E+00  0.0000E+00
  0.1196E-02  0.1129E-02  0.6369E-11  0.3173E-10  0.0000E+00  0.0000E+00
  0.7821E-03  0.4113E-03  0.4017E-06  0.2005E-05  0.0000E+00  0.0000E+00
  0.1024E+00  0.9687E-03  0.4434E-03  0.3357E-02  0.1723E-05  0.0000E+00
  0.2390E+00  0.4875E+00  0.2323E-02  0.1176E-03  0.0000E+00  0.0000E+00
  0.7441E-01  0.5383E-03  0.1464E-01  0.3043E-01  0.0000E+00  0.0000E+00
  0.1001E-01  0.2382E-02  0.8604E-03  0.3629E-02  0.0000E+00  0.0000E+00
 Relative number of events:
  0.1600E-01  0.1400E-01  0.1000E-02  0.0000E+00  0.0000E+00  0.0000E+00
  0.1450E-01  0.1500E-01  0.0000E+00  0.1000E-02  0.0000E+00  0.0000E+00
  0.1750E-01  0.1500E-01  0.1000E-02  0.5000E-03  0.0000E+00  0.0000E+00
  0.1700E-01  0.1550E-01  0.5000E-03  0.5000E-03  0.0000E+00  0.0000E+00
  0.6150E-01  0.5500E-01  0.5400E-01  0.4800E-01  0.5000E-03  0.0000E+00
  0.6350E-01  0.5500E-01  0.5000E-01  0.5400E-01  0.0000E+00  0.0000E+00
  0.5550E-01  0.5450E-01  0.4800E-01  0.4850E-01  0.0000E+00  0.0000E+00
  0.5900E-01  0.5100E-01  0.5150E-01  0.6150E-01  0.0000E+00  0.0000E+00
 Events:
          32          28           2           0           0           0
          29          30           0           2           0           0
          35          30           2           1           0           0
          34          31           1           1           0           0
         123         110         108          96           1           0
         127         110         100         108           0           0
         111         109          96          97           0           0
         118         102         103         123           0           0
 Iteration  3   Mean: 0.1407E-10 Abs mean: 0.1407E-10   Fluctuation:  0.799E-11   0.295E-07    75.7%
  3    0.1407E-10 0.1407E-10 +- 0.7989E-11     35.91
 Relative summed weights:
  0.7191E-02  0.2490E-02  0.5212E-05  0.5140E-02  0.0000E+00  0.0000E+00
  0.6077E-03  0.1631E-02  0.2094E-02  0.3367E-07  0.0000E+00  0.0000E+00
  0.3685E-02  0.5259E-03  0.2245E-07  0.9474E-05  0.0000E+00  0.0000E+00
  0.4320E-02  0.4045E-03  0.1166E-05  0.1238E-07  0.0000E+00  0.0000E+00
  0.2120E+00  0.2884E-01  0.4267E-02  0.2497E-02  0.7607E-04  0.1971E-09
  0.2002E-02  0.8313E-03  0.7841E-02  0.1430E-02  0.1304E-08  0.3851E-07
  0.9812E-03  0.5509E+00  0.1064E+00  0.7389E-03  0.2500E-08  0.0000E+00
  0.9008E-02  0.2440E-01  0.7317E-03  0.1899E-01  0.0000E+00  0.0000E+00
 Relative number of events:
  0.1450E-01  0.1600E-01  0.7500E-03  0.1500E-02  0.0000E+00  0.0000E+00
  0.1325E-01  0.1700E-01  0.7500E-03  0.1000E-02  0.0000E+00  0.0000E+00
  0.1775E-01  0.1525E-01  0.7500E-03  0.1250E-02  0.0000E+00  0.0000E+00
  0.1700E-01  0.1175E-01  0.7500E-03  0.5000E-03  0.0000E+00  0.0000E+00
  0.6475E-01  0.6300E-01  0.5350E-01  0.5100E-01  0.5000E-03  0.2500E-03
  0.5575E-01  0.6350E-01  0.4225E-01  0.4850E-01  0.5000E-03  0.5000E-03
  0.5975E-01  0.5600E-01  0.4675E-01  0.4350E-01  0.2500E-03  0.0000E+00
  0.5975E-01  0.6525E-01  0.4575E-01  0.4925E-01  0.0000E+00  0.0000E+00
 Events:
          58          64           3           6           0           0
          53          68           3           4           0           0
          71          61           3           5           0           0
          68          47           3           2           0           0
         259         252         214         204           2           1
         223         254         169         194           2           2
         239         224         187         174           1           0
         239         261         183         197           0           0
 Accuracy:    0.496   0.100   0.357   1.933
 Found           80  events.
 Wrote            1  events.
 Actual xsec    1.1744827088905297E-011
 Correct abs xsec    1.1744827088905297E-011
 Event xsec    1.1744827088905297E-011
 Events wgts > 1:            1
 % Cross section > 1:    2.9075894678047741E-019   2.4756341202770168E-006
 Iteration  4   Mean: 0.1224E-10 Abs mean: 0.1224E-10   Fluctuation:  0.479E-11   0.315E-07    77.0%
  4    0.1224E-10 0.1224E-10 +- 0.4793E-11     35.04
 Relative summed weights:
  0.1430E+00  0.3643E+00  0.1455E-03  0.2041E-04  0.0000E+00  0.0000E+00
  0.1154E+00  0.2123E-01  0.1555E-03  0.6365E-03  0.0000E+00  0.0000E+00
  0.1453E-01  0.1160E-01  0.6702E-05  0.8767E-04  0.0000E+00  0.0000E+00
  0.1145E-02  0.1180E-02  0.1528E-04  0.2611E-03  0.0000E+00  0.0000E+00
  0.2106E-01  0.5225E-02  0.5338E-02  0.3370E-02  0.4492E-09  0.8448E-05
  0.3804E-02  0.4330E-02  0.1382E-02  0.1045E+00  0.5925E-09  0.0000E+00
  0.6319E-02  0.9518E-02  0.8418E-02  0.1116E-01  0.6712E-11  0.5038E-07
  0.6289E-02  0.1003E+00  0.1101E-01  0.2414E-01  0.5752E-07  0.1611E-08
 Relative number of events:
  0.1537E-01  0.1550E-01  0.7500E-03  0.1375E-02  0.0000E+00  0.0000E+00
  0.1438E-01  0.1787E-01  0.7500E-03  0.1500E-02  0.0000E+00  0.0000E+00
  0.1800E-01  0.1400E-01  0.5000E-03  0.1125E-02  0.0000E+00  0.0000E+00
  0.1475E-01  0.1525E-01  0.1125E-02  0.7500E-03  0.0000E+00  0.0000E+00
  0.6162E-01  0.5887E-01  0.4888E-01  0.4487E-01  0.1250E-03  0.1250E-03
  0.6012E-01  0.6087E-01  0.4800E-01  0.4325E-01  0.1250E-03  0.0000E+00
  0.6225E-01  0.5937E-01  0.4975E-01  0.4863E-01  0.1250E-03  0.2500E-03
  0.5825E-01  0.6150E-01  0.5075E-01  0.4863E-01  0.3750E-03  0.2500E-03
 Events:
         123         124           6          11           0           0
         115         143           6          12           0           0
         144         112           4           9           0           0
         118         122           9           6           0           0
         493         471         391         359           1           1
         481         487         384         346           1           0
         498         475         398         389           1           2
         466         492         406         389           3           2
 Accuracy:    0.294   0.100   0.264   1.243
 Found           96  events.
 Wrote            2  events.
 Actual xsec    1.0471382365357431E-011
 Correct abs xsec    1.0471382365357431E-011
 Event xsec    1.0471382365357431E-011
 Events wgts > 1:            1
 % Cross section > 1:    7.9143504524304351E-019   7.5580760746676127E-006
 Iteration  5   Mean: 0.1159E-10 Abs mean: 0.1159E-10   Fluctuation:  0.283E-11   0.351E-07    77.0%
  5    0.1159E-10 0.1159E-10 +- 0.2833E-11     30.92
 Relative summed weights:
  0.2308E-01  0.4447E-01  0.1008E-03  0.4117E-04  0.0000E+00  0.0000E+00
  0.1079E-01  0.3486E-02  0.1496E-02  0.5848E-01  0.0000E+00  0.0000E+00
  0.8718E-02  0.1378E-01  0.9759E-03  0.7262E-04  0.0000E+00  0.0000E+00
  0.1696E-01  0.6661E-02  0.2588E-02  0.2752E-01  0.0000E+00  0.0000E+00
  0.2173E-01  0.3318E+00  0.1937E-01  0.5598E-02  0.0000E+00  0.1439E-07
  0.1306E-01  0.4292E-01  0.3803E-01  0.9293E-02  0.1674E-05  0.4814E-05
  0.8473E-02  0.5573E-01  0.4459E-01  0.5384E-01  0.1117E-06  0.1476E-05
  0.7507E-01  0.2953E-01  0.1374E-01  0.1797E-01  0.1774E-04  0.2642E-06
 Relative number of events:
  0.1550E-01  0.1406E-01  0.1000E-02  0.8125E-03  0.0000E+00  0.0000E+00
  0.1562E-01  0.1413E-01  0.1000E-02  0.8750E-03  0.0000E+00  0.0000E+00
  0.1581E-01  0.1544E-01  0.8750E-03  0.7500E-03  0.0000E+00  0.0000E+00
  0.1575E-01  0.1619E-01  0.6875E-03  0.1187E-02  0.0000E+00  0.0000E+00
  0.6044E-01  0.6137E-01  0.5137E-01  0.4581E-01  0.0000E+00  0.6250E-04
  0.6050E-01  0.6106E-01  0.4813E-01  0.4763E-01  0.1875E-03  0.3125E-03
  0.5538E-01  0.6056E-01  0.4894E-01  0.4781E-01  0.1875E-03  0.3125E-03
  0.6237E-01  0.6181E-01  0.4831E-01  0.4731E-01  0.3125E-03  0.1250E-03
 Events:
         248         225          16          13           0           0
         250         226          16          14           0           0
         253         247          14          12           0           0
         252         259          11          19           0           0
         967         982         822         733           0           1
         968         977         770         762           3           5
         886         969         783         765           3           5
         998         989         773         757           5           2
 Accuracy:    0.176   0.100   0.179   0.967
 Found          349  events.
 Wrote            8  events.
 Actual xsec    1.2039942033367277E-011
 Correct abs xsec    1.2039942033367277E-011
 Event xsec    1.2039942033367275E-011
 Events wgts > 1:            0
 % Cross section > 1:    0.0000000000000000        0.0000000000000000     

 -------------------------------------------------------------------------------
 Accumulated results:   Integral =  0.1176E-10
                        Std dev  =  0.2109E-11
                       Cross sec =  0.1176E-10
             Chi**2 per DoF.     =      0.9670
 -------------------------------------------------------------------------------
-------------------------------------------------
---------------------------
 Results Last   3 iters: Integral =   0.1204E-10
                     Abs integral =   0.1204E-10
                          Std dev =   0.2345E-11
                  Chi**2 per DoF. =      0.0459
-------------------------------------------------
---------------------------
 Status  0.10000000000000001                6           5

ls status:
events.lhe
ftn26
input_app.txt
results.dat
run1_app.log
