 Process in group number            1
 A PDF is used, so alpha_s(MZ) is going to be modified
 Old value of alpha_s from param_card:   0.11839999999999999     
  ****************************************
 
       NNPDFDriver version 1.0.3
   Grid: NNPDF23_lo_as_0130_qed_mem0.grid
  ****************************************
 New value of alpha_s from PDF nn23lo1:  0.13000000000000000     
 Define smin to   1600.0000000000000     
 Define smin to   1600.0000000000000     
 Define smin to   1600.0000000000000     
 *****************************************************
 *               MadGraph/MadEvent                   *
 *        --------------------------------           *
 *          http://madgraph.hep.uiuc.edu             *
 *          http://madgraph.phys.ucl.ac.be           *
 *          http://madgraph.roma2.infn.it            *
 *        --------------------------------           *
 *                                                   *
 *          PARAMETER AND COUPLING VALUES            *
 *                                                   *
 *****************************************************

  External Params
  ---------------------------------
  
 mdl_VeN1 =    1.0000000000000000     
 mdl_VeN2 =    0.0000000000000000     
 mdl_VeN3 =    0.0000000000000000     
 mdl_VmuN1 =    0.0000000000000000     
 mdl_VmuN2 =    1.0000000000000000     
 mdl_VmuN3 =    0.0000000000000000     
 mdl_VtaN1 =    0.0000000000000000     
 mdl_VtaN2 =    0.0000000000000000     
 mdl_VtaN3 =    1.0000000000000000     
 mdl_VN1N1 =    1.0000000000000000     
 mdl_VN1N2 =    1.0000000000000000     
 mdl_VN1N3 =    1.0000000000000000     
 mdl_VN2N2 =    1.0000000000000000     
 mdl_VN2N3 =    1.0000000000000000     
 mdl_VN3N3 =    1.0000000000000000     
 aEWM1 =    127.90000000000001     
 mdl_Gf =    1.1663700000000000E-005
 aS =   0.11839999999999999     
 mdl_ymt =    172.00000000000000     
 mdl_vevf =    50.000000000000000     
 mdl_MZ =    91.187600000000003     
 mdl_MT =    172.00000000000000     
 mdl_MH =    125.00000000000000     
 mdl_mN1 =    2000.0000000000000     
 mdl_mN2 =    2100.0000000000000     
 mdl_mN3 =    2200.0000000000000     
 mdl_MJ =    91.187600000000003     
 mdl_MAx =    173.04800000000000     
 mdl_WZ =    2.4952000000000001     
 mdl_WW =    2.0850000000000000     
 mdl_WT =    1.5083359999999999     
 mdl_WH =    4.0699999999999998E-003
 mdl_WN1 =   0.30299999999999999     
 mdl_WN2 =    1.5000000000000000     
 mdl_WN3 =    12.300000000000001     
 mdl_WJ =    2.4952000000000001     
 mdl_WAx =    4.1700000000000001E-003
  Internal Params
  ---------------------------------
  
 mdl_vevf__exp__2 =    2500.0000000000000     
 mdl_sqrt__vevf__exp__2 =    50.000000000000000     
 mdl_muJ =    50.000000000000000     
 mdl_MZ__exp__2 =    8315.1783937600012     
 mdl_MZ__exp__4 =    69142191.720053151     
 mdl_sqrt__2 =    1.4142135623730951     
 mdl_MJ__exp__2 =    8315.1783937600012     
 mdl_muJ__exp__2 =    2500.0000000000000     
 mdl_lamJ =    4.3260713575040004     
 mdl_MH__exp__2 =    15625.000000000000     
 mdl_complexi =  (  0.0000000000000000     ,  1.0000000000000000     )
 mdl_aEW =    7.8186082877247844E-003
 mdl_MW =    79.824359746197842     
 mdl_sqrt__aEW =    8.8422894590285753E-002
 mdl_ee =   0.31345100004952897     
 mdl_MW__exp__2 =    6371.9284088904105     
 mdl_sw2 =   0.23369913342182447     
 mdl_cw =   0.87538612427783857     
 mdl_sqrt__sw2 =   0.48342438232036300     
 mdl_sw =   0.48342438232036300     
 mdl_g1 =   0.35807170271074895     
 mdl_gN =   0.64839716719502682     
 mdl_gw =   0.64839716719502682     
 mdl_vev =    246.22056907348590     
 mdl_vev__exp__2 =    60624.568634871241     
 mdl_lam =   0.12886689630821144     
 mdl_yt =   0.98791394091683138     
 mdl_muH =    88.388347648318444     
 mdl_I2a33 =  ( 0.98791394091683138     ,  0.0000000000000000     )
 mdl_I3a33 =  ( 0.98791394091683138     ,  0.0000000000000000     )
 mdl_ee__exp__2 =    9.8251529432049817E-002
 mdl_sw__exp__2 =   0.23369913342182450     
 mdl_cw__exp__2 =   0.76630086657817542     
  Internal Params evaluated point by point
  ----------------------------------------
  
 mdl_sqrt__aS =   0.34409301068170506     
 mdl_G__exp__2 =    1.4878582807401259     
  Couplings of SM_HeavyN_UFO
  ---------------------------------
  
         GC_1 =  -0.00000E+00  -0.10448E+00
         GC_2 =   0.00000E+00   0.20897E+00
         GC_3 =  -0.00000E+00  -0.31345E+00
         GC_4 =   0.00000E+00   0.31345E+00
        GC_26 =   0.00000E+00   0.45849E+00
        GC_27 =  -0.00000E+00  -0.28380E+00
        GC_28 =   0.00000E+00   0.28380E+00
        GC_30 =   0.00000E+00   0.56760E+00
        GC_35 =  -0.00000E+00  -0.28850E-01
        GC_37 =   0.00000E+00   0.17310E+00
        GC_39 =   0.00000E+00  -0.19725E+00
        GC_40 =   0.00000E+00   0.37035E+00
        GC_80 =   0.00000E+00   0.67543E+02
       GC_107 =  -0.00000E+00  -0.74070E+00
       GC_109 =  -0.00000E+00  -0.74070E+00
       GC_111 =  -0.00000E+00  -0.74070E+00
       GC_113 =  -0.00000E+00  -0.74070E+00
       GC_115 =  -0.00000E+00  -0.74070E+00
       GC_117 =  -0.00000E+00  -0.74070E+00
       GC_119 =   0.00000E+00   0.00000E+00
       GC_120 =   0.00000E+00   0.00000E+00
       GC_122 =  -0.00000E+00  -0.00000E+00
       GC_126 =   0.00000E+00   0.00000E+00
       GC_127 =   0.00000E+00   0.00000E+00
       GC_129 =  -0.00000E+00  -0.00000E+00
       GC_133 =   0.00000E+00   0.45849E+00
       GC_134 =   0.00000E+00   0.37035E+00
       GC_136 =  -0.00000E+00  -0.89351E+01
        GC_81 =   0.40000E+02   0.00000E+00
        GC_82 =   0.42000E+02   0.00000E+00
        GC_83 =   0.44000E+02   0.00000E+00

 Collider parameters:
 --------------------

 Running at P P   machine @    13000.000000000000       GeV
 PDF set = nn23lo1
 alpha_s(Mz)= 0.1300 running at 2 loops.
 alpha_s(Mz)= 0.1300 running at 2 loops.
 Renormalization scale set on event-by-event basis
 Factorization   scale set on event-by-event basis


 getting user params
Enter number of events and max and min iterations: 
 Number of events and iterations         1000           5           3
Enter desired fractional accuracy: 
 Desired fractional accuracy:   0.10000000000000001     
Enter 0 for fixed, 2 for adjustable grid: 
Suppress amplitude (0 no, 1 yes)? 
 Using suppressed amplitude.
Exact helicity sum (0 yes, n = number/event)? 
 Explicitly summing over helicities
Enter Configuration Number: 
Running Configuration Number:  368
 Using dconfig=         724
 BW Setting            1           1           2           2           2           2           0
 Attempting mappinvarients           1           9
 Completed mapping           9
 about to integrate           19        1000           5           3          19           1
 Using non-zero grid deformation.
 19 dimensions   1000 events 19 invarients  5 iterations  1 config(s),  (0.99)
 Using h-tuple random number sequence.
 Error opening grid
 Using Uniform Grid!          36
 Using uniform alpha   1.0000000000000000     
 Grid defined OK
 Set CM energy to      13000.00
 Mapping Graph         368  to config         368
 Setting BW          -1           1   79.824359746197842     
 Setting BW          -2           2   2200.0000000000000     
Setting grid   3    0.29417E-01   1
Setting grid   4    0.75740E-07   1
Setting grid   5    0.29512E-01   1
Setting grid   6    0.29512E-01   1
 Transforming s_hat 1/s           18   2.9947303536057766E-002   1600.0000000000000        168999999.99999997     
 368   1   2   3   4   5   6   7   8   9  10  11  12  13  14
  15  16  17  18  19
 Masses: 0.000E+00 0.000E+00 0.000E+00 0.000E+00 0.000E+00 0.000E+00 0.000E+00 0.000E+00 0.912E+02
Using random seed offsets   368 :      1
  with seed                   24
 Ranmar initialization seeds          98        9398
 
 ********************************************
 * You are using the DiscreteSampler module *
 *      part of the MG5_aMC framework       *
 *         Author: Valentin Hirschi         *
 ********************************************
 
  Particle       3       4       5       6       7       8       9
      Et >    10.0    10.0    10.0    10.0     0.0     0.0     0.0
       E >     0.0     0.0     0.0     0.0     0.0     0.0     0.0
     Eta <     2.5     2.5     2.5     2.5    -1.0    -1.0    -1.0
   xqcut:      0.0     0.0     0.0     0.0     0.0     0.0     0.0
d R # 3  >    -0.0     0.4     0.4     0.4     0.0     0.0     0.0
d R # 4  >    -0.0    -0.0     0.4     0.4     0.0     0.0     0.0
d R # 5  >    -0.0    -0.0    -0.0     0.4     0.0     0.0     0.0
d R # 6  >    -0.0    -0.0    -0.0    -0.0     0.0     0.0     0.0
d R # 7  >    -0.0    -0.0    -0.0    -0.0    -0.0     0.0     0.0
d R # 8  >    -0.0    -0.0    -0.0    -0.0    -0.0    -0.0     0.0
s min # 3>     0.0     0.0     0.0     0.0     0.0     0.0     0.0
s min # 4>     0.0     0.0     0.0     0.0     0.0     0.0     0.0
s min # 5>     0.0     0.0     0.0     0.0     0.0     0.0     0.0
s min # 6>     0.0     0.0     0.0     0.0     0.0     0.0     0.0
s min # 7>     0.0     0.0     0.0     0.0     0.0     0.0     0.0
s min # 8>     0.0     0.0     0.0     0.0     0.0     0.0     0.0
xqcutij # 3>     0.0     0.0     0.0     0.0     0.0     0.0     0.0
xqcutij # 4>     0.0     0.0     0.0     0.0     0.0     0.0     0.0
xqcutij # 5>     0.0     0.0     0.0     0.0     0.0     0.0     0.0
xqcutij # 6>     0.0     0.0     0.0     0.0     0.0     0.0     0.0
xqcutij # 7>     0.0     0.0     0.0     0.0     0.0     0.0     0.0
xqcutij # 8>     0.0     0.0     0.0     0.0     0.0     0.0     0.0
 Requiring BW           -1           1
 Requiring BW           -2           2
 Excluding BW           -3           3
 Excluding BW           -4           4
 Excluding BW           -5           5
 Excluding BW           -6           6
 alpha_s for scale    3024.6729806912745       is    8.2367201300655765E-002
 Added good helicity            1   1.0630269719472047       in event            1 local:           1
 Added good helicity           21   8.8242079665300029E-008  in event            1 local:           1
 Added good helicity           25   2.1714710348721704E-006  in event            1 local:           1
 Added good helicity           37   1.4140671078552149E-007  in event            1 local:           1
 Added good helicity           41   3.2833550443016613E-003  in event            1 local:           1
 Added good helicity           61   5.6817713478677864E-008  in event            1 local:           1
 Added good helicity          193   239.80419683290944       in event            1 local:           1
 Added good helicity          213   1.2386848265865501E-005  in event            1 local:           1
 Added good helicity          217   1.0960383738553518E-005  in event            1 local:           1
 Added good helicity          229   3.0109314167339072E-005  in event            1 local:           1
 Added good helicity          233   15.129433935813097       in event            1 local:           1
 Added good helicity          253   2.9898022251110702E-006  in event            1 local:           1
 Added good helicity            1   1.0630269719480128       in event            1 local:           1
 Added good helicity           21   8.8242079665273877E-008  in event            1 local:           1
 Added good helicity           25   2.1714710348727320E-006  in event            1 local:           1
 Added good helicity           37   1.4140671078557067E-007  in event            1 local:           1
 Added good helicity           41   3.2833550443032043E-003  in event            1 local:           1
 Added good helicity           61   5.6817713478687400E-008  in event            1 local:           1
 Added good helicity          193   239.80419683290361       in event            1 local:           1
 Added good helicity          213   1.2386848265861825E-005  in event            1 local:           1
 Added good helicity          217   1.0960383738556019E-005  in event            1 local:           1
 Added good helicity          229   3.0109314167348389E-005  in event            1 local:           1
 Added good helicity          233   15.129433935818136       in event            1 local:           1
 Added good helicity          253   2.9898022251117415E-006  in event            1 local:           1
 RESET CUMULATIVE VARIABLE
 RESET CUMULATIVE VARIABLE
 RESET CUMULATIVE VARIABLE
 Iteration  1   Mean: 0.1302E-11 Abs mean: 0.1302E-11   Fluctuation:  0.323E-12   0.180E-09    24.9%
  1    0.1302E-11 0.1302E-11 +- 0.3228E-12      7.84
 Writing out events   1.0453330426653861E-015   7.8415779646291677     
 Relative summed weights:
  0.1114E-02  0.7974E-01  0.9304E-01  0.4833E-02  0.0000E+00  0.1047E-14
  0.1128E-02  0.1359E-05  0.3889E-02  0.2051E-01  0.0000E+00  0.0000E+00
  0.3155E-01  0.1011E+00  0.1117E+00  0.1129E-02  0.4771E-10  0.5366E-07
  0.6567E-06  0.5653E-02  0.2838E-03  0.1437E-03  0.1016E-09  0.0000E+00
  0.3103E-01  0.7617E-01  0.1532E-01  0.8220E-03  0.0000E+00  0.0000E+00
  0.1958E+00  0.3338E-02  0.1301E+00  0.1782E-02  0.1983E-04  0.0000E+00
  0.1788E-02  0.2627E-02  0.2232E-01  0.5858E-01  0.0000E+00  0.0000E+00
  0.2696E-03  0.2706E-03  0.1479E-03  0.3795E-02  0.0000E+00  0.4256E-08
 Relative number of events:
  0.6145E-01  0.8226E-01  0.3072E-01  0.3271E-01  0.0000E+00  0.9911E-03
  0.6938E-02  0.1982E-02  0.1288E-01  0.1586E-01  0.0000E+00  0.0000E+00
  0.7433E-01  0.7433E-01  0.4063E-01  0.3568E-01  0.9911E-03  0.9911E-03
  0.4955E-02  0.8920E-02  0.5946E-02  0.1388E-01  0.9911E-03  0.0000E+00
  0.8127E-01  0.7631E-01  0.3568E-01  0.3171E-01  0.0000E+00  0.0000E+00
  0.8722E-01  0.5253E-01  0.3469E-01  0.2973E-01  0.9911E-03  0.0000E+00
  0.5946E-02  0.7929E-02  0.6938E-02  0.1090E-01  0.0000E+00  0.0000E+00
  0.5946E-02  0.3964E-02  0.8920E-02  0.1090E-01  0.0000E+00  0.9911E-03
 Events:
          62          83          31          33           0           1
           7           2          13          16           0           0
          75          75          41          36           1           1
           5           9           6          14           1           0
          82          77          36          32           0           0
          88          53          35          30           1           0
           6           8           7          11           0           0
           6           4           9          11           0           1
 Iteration  2   Mean: 0.1348E-10 Abs mean: 0.1348E-10   Fluctuation:  0.942E-11   0.187E-07    51.5%
  2    0.1348E-10 0.1348E-10 +- 0.9419E-11     31.25
 Relative summed weights:
  0.5371E-01  0.3936E-02  0.2330E-02  0.4424E-02  0.4798E-06  0.2362E-05
  0.3443E-03  0.1438E-02  0.4163E-03  0.4029E-04  0.0000E+00  0.0000E+00
  0.1589E-01  0.6754E-02  0.6957E+00  0.5082E-02  0.1591E-06  0.0000E+00
  0.1901E-01  0.4543E-02  0.2140E-01  0.7659E-03  0.8462E-05  0.0000E+00
  0.5750E-02  0.3211E-01  0.1081E-01  0.2923E-02  0.0000E+00  0.0000E+00
  0.7299E-01  0.5929E-02  0.3850E-02  0.2262E-02  0.3350E-06  0.0000E+00
  0.2643E-04  0.1054E-01  0.8837E-03  0.1019E-03  0.0000E+00  0.0000E+00
  0.1340E-01  0.1789E-02  0.1783E-03  0.6050E-03  0.0000E+00  0.5032E-08
 Relative number of events:
  0.7450E-01  0.7050E-01  0.2550E-01  0.3150E-01  0.5000E-03  0.1000E-02
  0.3500E-02  0.6000E-02  0.9000E-02  0.1050E-01  0.0000E+00  0.0000E+00
  0.8050E-01  0.8250E-01  0.3200E-01  0.3900E-01  0.5000E-03  0.0000E+00
  0.5000E-02  0.5000E-02  0.1050E-01  0.1050E-01  0.5000E-03  0.0000E+00
  0.8750E-01  0.8450E-01  0.2850E-01  0.3550E-01  0.0000E+00  0.0000E+00
  0.6950E-01  0.6550E-01  0.2850E-01  0.3650E-01  0.5000E-03  0.0000E+00
  0.5000E-02  0.5500E-02  0.1050E-01  0.1300E-01  0.0000E+00  0.0000E+00
  0.5500E-02  0.4500E-02  0.1100E-01  0.9500E-02  0.0000E+00  0.5000E-03
 Events:
         149         141          51          63           1           2
           7          12          18          21           0           0
         161         165          64          78           1           0
          10          10          21          21           1           0
         175         169          57          71           0           0
         139         131          57          73           1           0
          10          11          21          26           0           0
          11           9          22          19           0           1
 Iteration  3   Mean: 0.3250E-11 Abs mean: 0.3250E-11   Fluctuation:  0.995E-12   0.353E-08    59.0%
  3    0.3250E-11 0.3250E-11 +- 0.9948E-12     19.36
 Relative summed weights:
  0.1458E-01  0.8773E-01  0.4931E-02  0.5786E-02  0.0000E+00  0.5167E-08
  0.2830E-01  0.3206E-03  0.2757E-02  0.2725E+00  0.0000E+00  0.0000E+00
  0.2497E-01  0.3728E-01  0.7866E-02  0.4735E-01  0.0000E+00  0.4339E-06
  0.1986E-01  0.6070E-02  0.8071E-01  0.1757E-01  0.0000E+00  0.0000E+00
  0.2369E-01  0.1013E-01  0.7844E-01  0.4026E-01  0.0000E+00  0.3378E-05
  0.4702E-01  0.9899E-02  0.3622E-01  0.7991E-02  0.0000E+00  0.0000E+00
  0.3227E-03  0.1686E-02  0.8638E-03  0.2507E-01  0.0000E+00  0.0000E+00
  0.1180E-01  0.3149E-01  0.9527E-03  0.1555E-01  0.0000E+00  0.0000E+00
 Relative number of events:
  0.7425E-01  0.7700E-01  0.2650E-01  0.3225E-01  0.0000E+00  0.2500E-03
  0.4000E-02  0.4750E-02  0.1125E-01  0.1375E-01  0.0000E+00  0.0000E+00
  0.7975E-01  0.9000E-01  0.2500E-01  0.3350E-01  0.0000E+00  0.2500E-03
  0.4250E-02  0.4000E-02  0.1000E-01  0.9500E-02  0.0000E+00  0.0000E+00
  0.7950E-01  0.7475E-01  0.2925E-01  0.3250E-01  0.0000E+00  0.5000E-03
  0.7350E-01  0.7575E-01  0.3450E-01  0.3375E-01  0.0000E+00  0.0000E+00
  0.4750E-02  0.8250E-02  0.8250E-02  0.9500E-02  0.0000E+00  0.0000E+00
  0.7750E-02  0.5750E-02  0.1125E-01  0.1025E-01  0.0000E+00  0.0000E+00
 Events:
         297         308         106         129           0           1
          16          19          45          55           0           0
         319         360         100         134           0           1
          17          16          40          38           0           0
         318         299         117         130           0           2
         294         303         138         135           0           0
          19          33          33          38           0           0
          31          23          45          41           0           0
 Accuracy:    0.752   0.100   0.186  16.397
 Found           61  events.
 Wrote            4  events.
 Actual xsec    2.8795600950853467E-012
 Correct abs xsec    2.8795600950853467E-012
 Event xsec    2.8795600950853463E-012
 Events wgts > 1:            1
 % Cross section > 1:    3.1058216698601020E-021   1.0785750487239092E-007
 Iteration  4   Mean: 0.2314E-10 Abs mean: 0.2314E-10   Fluctuation:  0.107E-10   0.766E-07    58.2%
  4    0.2314E-10 0.2314E-10 +- 0.1068E-10     41.27
 Relative summed weights:
  0.4851E-02  0.5798E-02  0.2033E-02  0.4457E-02  0.2869E-05  0.7881E-06
  0.5364E-02  0.8852E-01  0.2332E-02  0.3669E-02  0.0000E+00  0.1850E-06
  0.3722E-01  0.3988E-02  0.2538E-02  0.1390E-02  0.0000E+00  0.4447E-04
  0.4283E-03  0.1769E-02  0.4253E+00  0.6630E-03  0.0000E+00  0.8638E-06
  0.3691E-02  0.1726E-01  0.3915E-02  0.3747E-02  0.2794E-09  0.9408E-07
  0.1562E+00  0.1320E-01  0.7453E-01  0.4706E-02  0.2997E-07  0.6957E-07
  0.4066E-03  0.1112E-01  0.1199E-03  0.2810E-01  0.1124E-06  0.0000E+00
  0.4682E-02  0.6903E-01  0.3391E-02  0.1552E-01  0.0000E+00  0.0000E+00
 Relative number of events:
  0.8388E-01  0.8163E-01  0.3200E-01  0.2975E-01  0.2500E-03  0.1250E-03
  0.4500E-02  0.4750E-02  0.1087E-01  0.1250E-01  0.0000E+00  0.1250E-03
  0.8088E-01  0.7938E-01  0.3087E-01  0.3025E-01  0.0000E+00  0.3750E-03
  0.4500E-02  0.5375E-02  0.1025E-01  0.8250E-02  0.0000E+00  0.2500E-03
  0.7787E-01  0.7450E-01  0.2950E-01  0.3450E-01  0.1250E-03  0.2500E-03
  0.7487E-01  0.7838E-01  0.3025E-01  0.2825E-01  0.2500E-03  0.5000E-03
  0.6875E-02  0.4625E-02  0.1000E-01  0.8250E-02  0.1250E-03  0.0000E+00
  0.5375E-02  0.5750E-02  0.9500E-02  0.9500E-02  0.0000E+00  0.0000E+00
 Events:
         671         653         256         238           2           1
          36          38          87         100           0           1
         647         635         247         242           0           3
          36          43          82          66           0           2
         623         596         236         276           1           2
         599         627         242         226           2           4
          55          37          80          66           1           0
          43          46          76          76           0           0
 Accuracy:    0.766   0.100   0.172  19.778
 Found          366  events.
 Wrote            2  events.
 Actual xsec    9.8146528809706749E-012
 Correct abs xsec    9.8146528809706749E-012
 Event xsec    9.8146528809706749E-012
 Events wgts > 1:            0
 % Cross section > 1:    0.0000000000000000        0.0000000000000000     
 Iteration  5   Mean: 0.7034E-11 Abs mean: 0.7034E-11   Fluctuation:  0.130E-11   0.134E-07    60.1%
  5    0.7034E-11 0.7034E-11 +- 0.1297E-11     23.32
 Relative summed weights:
  0.1364E+00  0.2207E-01  0.1574E-01  0.2461E-01  0.1182E-07  0.3925E-05
  0.8108E-02  0.8795E-01  0.1622E-01  0.5937E-02  0.0000E+00  0.0000E+00
  0.4382E-01  0.5414E-01  0.1207E-01  0.9889E-02  0.4954E-03  0.5451E-05
  0.7425E-01  0.1992E-01  0.1412E-02  0.1031E-01  0.0000E+00  0.3101E-07
  0.7646E-01  0.6175E-01  0.7839E-02  0.2160E-01  0.2440E-10  0.1238E-07
  0.2360E-01  0.4750E-01  0.2045E-01  0.2161E-01  0.2304E-06  0.1026E-05
  0.6824E-01  0.2503E-01  0.1944E-01  0.4404E-02  0.1178E-08  0.1009E-04
  0.1022E-01  0.5881E-02  0.4022E-01  0.2200E-02  0.3809E-05  0.1699E-03
 Relative number of events:
  0.7681E-01  0.7944E-01  0.3175E-01  0.3263E-01  0.3125E-03  0.2500E-03
  0.5375E-02  0.5188E-02  0.1100E-01  0.1100E-01  0.0000E+00  0.0000E+00
  0.7969E-01  0.7537E-01  0.2987E-01  0.3163E-01  0.1250E-03  0.1875E-03
  0.5687E-02  0.5562E-02  0.8875E-02  0.1013E-01  0.0000E+00  0.6250E-04
  0.8238E-01  0.7644E-01  0.2981E-01  0.3106E-01  0.6250E-04  0.1875E-03
  0.7863E-01  0.7956E-01  0.3019E-01  0.3037E-01  0.1875E-03  0.2500E-03
  0.5250E-02  0.4875E-02  0.1056E-01  0.9813E-02  0.1250E-03  0.1250E-03
  0.4000E-02  0.4125E-02  0.1044E-01  0.1038E-01  0.6250E-04  0.1875E-03
 Events:
        1229        1271         508         522           5           4
          86          83         176         176           0           0
        1275        1206         478         506           2           3
          91          89         142         162           0           1
        1318        1223         477         497           1           3
        1258        1273         483         486           3           4
          84          78         169         157           2           2
          64          66         167         166           1           3
 Accuracy:    0.440   0.100   0.126  12.242
 Found          235  events.
 Wrote           13  events.
 Actual xsec    7.8208500091638345E-012
 Correct abs xsec    7.8208500091638345E-012
 Event xsec    7.8208500091638345E-012
 Events wgts > 1:            1
 % Cross section > 1:    8.3560866614924454E-021   1.0684371457963604E-007

 -------------------------------------------------------------------------------
 Accumulated results:   Integral =  0.6324E-11
                        Std dev  =  0.7961E-12
                       Cross sec =  0.6324E-11
             Chi**2 per DoF.     =     12.2416
 -------------------------------------------------------------------------------
-------------------------------------------------
---------------------------
 Results Last   3 iters: Integral =   0.7821E-11
                     Abs integral =   0.7821E-11
                          Std dev =   0.1168E-11
                  Chi**2 per DoF. =     11.7675
-------------------------------------------------
---------------------------
 Status  0.10000000000000001                6           5

ls status:
events.lhe
ftn26
input_app.txt
results.dat
run1_app.log
