 Process in group number            1
 A PDF is used, so alpha_s(MZ) is going to be modified
 Old value of alpha_s from param_card:   0.11839999999999999     
  ****************************************
 
       NNPDFDriver version 1.0.3
   Grid: NNPDF23_lo_as_0130_qed_mem0.grid
  ****************************************
 New value of alpha_s from PDF nn23lo1:  0.13000000000000000     
 Define smin to   1600.0000000000000     
 Define smin to   1600.0000000000000     
 Define smin to   1600.0000000000000     
 *****************************************************
 *               MadGraph/MadEvent                   *
 *        --------------------------------           *
 *          http://madgraph.hep.uiuc.edu             *
 *          http://madgraph.phys.ucl.ac.be           *
 *          http://madgraph.roma2.infn.it            *
 *        --------------------------------           *
 *                                                   *
 *          PARAMETER AND COUPLING VALUES            *
 *                                                   *
 *****************************************************

  External Params
  ---------------------------------
  
 mdl_VeN1 =    1.0000000000000000     
 mdl_VeN2 =    0.0000000000000000     
 mdl_VeN3 =    0.0000000000000000     
 mdl_VmuN1 =    0.0000000000000000     
 mdl_VmuN2 =    1.0000000000000000     
 mdl_VmuN3 =    0.0000000000000000     
 mdl_VtaN1 =    0.0000000000000000     
 mdl_VtaN2 =    0.0000000000000000     
 mdl_VtaN3 =    1.0000000000000000     
 mdl_VN1N1 =    1.0000000000000000     
 mdl_VN1N2 =    1.0000000000000000     
 mdl_VN1N3 =    1.0000000000000000     
 mdl_VN2N2 =    1.0000000000000000     
 mdl_VN2N3 =    1.0000000000000000     
 mdl_VN3N3 =    1.0000000000000000     
 aEWM1 =    127.90000000000001     
 mdl_Gf =    1.1663700000000000E-005
 aS =   0.11839999999999999     
 mdl_ymt =    172.00000000000000     
 mdl_vevf =    50.000000000000000     
 mdl_MZ =    91.187600000000003     
 mdl_MT =    172.00000000000000     
 mdl_MH =    125.00000000000000     
 mdl_mN1 =    2000.0000000000000     
 mdl_mN2 =    2100.0000000000000     
 mdl_mN3 =    2200.0000000000000     
 mdl_MJ =    91.187600000000003     
 mdl_MAx =    173.04800000000000     
 mdl_WZ =    2.4952000000000001     
 mdl_WW =    2.0850000000000000     
 mdl_WT =    1.5083359999999999     
 mdl_WH =    4.0699999999999998E-003
 mdl_WN1 =   0.30299999999999999     
 mdl_WN2 =    1.5000000000000000     
 mdl_WN3 =    12.300000000000001     
 mdl_WJ =    2.4952000000000001     
 mdl_WAx =    4.1700000000000001E-003
  Internal Params
  ---------------------------------
  
 mdl_vevf__exp__2 =    2500.0000000000000     
 mdl_sqrt__vevf__exp__2 =    50.000000000000000     
 mdl_muJ =    50.000000000000000     
 mdl_MZ__exp__2 =    8315.1783937600012     
 mdl_MZ__exp__4 =    69142191.720053151     
 mdl_sqrt__2 =    1.4142135623730951     
 mdl_MJ__exp__2 =    8315.1783937600012     
 mdl_muJ__exp__2 =    2500.0000000000000     
 mdl_lamJ =    4.3260713575040004     
 mdl_MH__exp__2 =    15625.000000000000     
 mdl_complexi =  (  0.0000000000000000     ,  1.0000000000000000     )
 mdl_aEW =    7.8186082877247844E-003
 mdl_MW =    79.824359746197842     
 mdl_sqrt__aEW =    8.8422894590285753E-002
 mdl_ee =   0.31345100004952897     
 mdl_MW__exp__2 =    6371.9284088904105     
 mdl_sw2 =   0.23369913342182447     
 mdl_cw =   0.87538612427783857     
 mdl_sqrt__sw2 =   0.48342438232036300     
 mdl_sw =   0.48342438232036300     
 mdl_g1 =   0.35807170271074895     
 mdl_gN =   0.64839716719502682     
 mdl_gw =   0.64839716719502682     
 mdl_vev =    246.22056907348590     
 mdl_vev__exp__2 =    60624.568634871241     
 mdl_lam =   0.12886689630821144     
 mdl_yt =   0.98791394091683138     
 mdl_muH =    88.388347648318444     
 mdl_I2a33 =  ( 0.98791394091683138     ,  0.0000000000000000     )
 mdl_I3a33 =  ( 0.98791394091683138     ,  0.0000000000000000     )
 mdl_ee__exp__2 =    9.8251529432049817E-002
 mdl_sw__exp__2 =   0.23369913342182450     
 mdl_cw__exp__2 =   0.76630086657817542     
  Internal Params evaluated point by point
  ----------------------------------------
  
 mdl_sqrt__aS =   0.34409301068170506     
 mdl_G__exp__2 =    1.4878582807401259     
  Couplings of SM_HeavyN_UFO
  ---------------------------------
  
         GC_1 =  -0.00000E+00  -0.10448E+00
         GC_2 =   0.00000E+00   0.20897E+00
         GC_3 =  -0.00000E+00  -0.31345E+00
         GC_4 =   0.00000E+00   0.31345E+00
        GC_26 =   0.00000E+00   0.45849E+00
        GC_27 =  -0.00000E+00  -0.28380E+00
        GC_28 =   0.00000E+00   0.28380E+00
        GC_30 =   0.00000E+00   0.56760E+00
        GC_35 =  -0.00000E+00  -0.28850E-01
        GC_37 =   0.00000E+00   0.17310E+00
        GC_39 =   0.00000E+00  -0.19725E+00
        GC_40 =   0.00000E+00   0.37035E+00
        GC_80 =   0.00000E+00   0.67543E+02
       GC_107 =  -0.00000E+00  -0.74070E+00
       GC_109 =  -0.00000E+00  -0.74070E+00
       GC_111 =  -0.00000E+00  -0.74070E+00
       GC_113 =  -0.00000E+00  -0.74070E+00
       GC_115 =  -0.00000E+00  -0.74070E+00
       GC_117 =  -0.00000E+00  -0.74070E+00
       GC_119 =   0.00000E+00   0.00000E+00
       GC_120 =   0.00000E+00   0.00000E+00
       GC_122 =  -0.00000E+00  -0.00000E+00
       GC_126 =   0.00000E+00   0.00000E+00
       GC_127 =   0.00000E+00   0.00000E+00
       GC_129 =  -0.00000E+00  -0.00000E+00
       GC_133 =   0.00000E+00   0.45849E+00
       GC_134 =   0.00000E+00   0.37035E+00
       GC_136 =  -0.00000E+00  -0.89351E+01
        GC_81 =   0.40000E+02   0.00000E+00
        GC_82 =   0.42000E+02   0.00000E+00
        GC_83 =   0.44000E+02   0.00000E+00

 Collider parameters:
 --------------------

 Running at P P   machine @    13000.000000000000       GeV
 PDF set = nn23lo1
 alpha_s(Mz)= 0.1300 running at 2 loops.
 alpha_s(Mz)= 0.1300 running at 2 loops.
 Renormalization scale set on event-by-event basis
 Factorization   scale set on event-by-event basis


 getting user params
Enter number of events and max and min iterations: 
 Number of events and iterations         1000           5           3
Enter desired fractional accuracy: 
 Desired fractional accuracy:   0.10000000000000001     
Enter 0 for fixed, 2 for adjustable grid: 
Suppress amplitude (0 no, 1 yes)? 
 Using suppressed amplitude.
Exact helicity sum (0 yes, n = number/event)? 
 Explicitly summing over helicities
Enter Configuration Number: 
Running Configuration Number:  392
 Using dconfig=         610
 BW Setting            1           2           1           1           1           2           0
 Attempting mappinvarients           1           9
 Completed mapping           9
 about to integrate           19        1000           5           3          19           1
 Using non-zero grid deformation.
 19 dimensions   1000 events 19 invarients  5 iterations  1 config(s),  (0.99)
 Using h-tuple random number sequence.
 Error opening grid
 Using Uniform Grid!          36
 Using uniform alpha   1.0000000000000000     
 Grid defined OK
 Set CM energy to      13000.00
 Mapping Graph         392  to config         392
 Setting BW          -1           1   79.824359746197842     
Setting grid   2    0.28499E-04   1
 Setting BW          -3           3   2200.0000000000000     
 Setting BW          -4           4   91.187600000000003     
 Setting BW          -5           5   2200.0000000000000     
Setting grid   6    0.10824E+00   1
 Transforming s_hat 1/s           18  0.10824100000000002        1600.0000000000000        168999999.99999997     
 392   1   2   3   4   5   6   7   8   9  10  11  12  13  14
  15  16  17  18  19
 Masses: 0.000E+00 0.000E+00 0.000E+00 0.000E+00 0.000E+00 0.000E+00 0.000E+00 0.000E+00 0.912E+02
Using random seed offsets   392 :      1
  with seed                   24
 Ranmar initialization seeds         122        9398
 
 ********************************************
 * You are using the DiscreteSampler module *
 *      part of the MG5_aMC framework       *
 *         Author: Valentin Hirschi         *
 ********************************************
 
  Particle       3       4       5       6       7       8       9
      Et >    10.0    10.0    10.0    10.0     0.0     0.0     0.0
       E >     0.0     0.0     0.0     0.0     0.0     0.0     0.0
     Eta <     2.5     2.5     2.5     2.5    -1.0    -1.0    -1.0
   xqcut:      0.0     0.0     0.0     0.0     0.0     0.0     0.0
d R # 3  >    -0.0     0.4     0.4     0.4     0.0     0.0     0.0
d R # 4  >    -0.0    -0.0     0.4     0.4     0.0     0.0     0.0
d R # 5  >    -0.0    -0.0    -0.0     0.4     0.0     0.0     0.0
d R # 6  >    -0.0    -0.0    -0.0    -0.0     0.0     0.0     0.0
d R # 7  >    -0.0    -0.0    -0.0    -0.0    -0.0     0.0     0.0
d R # 8  >    -0.0    -0.0    -0.0    -0.0    -0.0    -0.0     0.0
s min # 3>     0.0     0.0     0.0     0.0     0.0     0.0     0.0
s min # 4>     0.0     0.0     0.0     0.0     0.0     0.0     0.0
s min # 5>     0.0     0.0     0.0     0.0     0.0     0.0     0.0
s min # 6>     0.0     0.0     0.0     0.0     0.0     0.0     0.0
s min # 7>     0.0     0.0     0.0     0.0     0.0     0.0     0.0
s min # 8>     0.0     0.0     0.0     0.0     0.0     0.0     0.0
xqcutij # 3>     0.0     0.0     0.0     0.0     0.0     0.0     0.0
xqcutij # 4>     0.0     0.0     0.0     0.0     0.0     0.0     0.0
xqcutij # 5>     0.0     0.0     0.0     0.0     0.0     0.0     0.0
xqcutij # 6>     0.0     0.0     0.0     0.0     0.0     0.0     0.0
xqcutij # 7>     0.0     0.0     0.0     0.0     0.0     0.0     0.0
xqcutij # 8>     0.0     0.0     0.0     0.0     0.0     0.0     0.0
 Requiring BW           -1           1
 Excluding BW           -2           2
 Requiring BW           -3           3
 Requiring BW           -4           4
 Requiring BW           -5           5
 Excluding BW           -6           6
 alpha_s for scale    4591.1314164809246       is    7.8948736449426987E-002
 Added good helicity            1   20.153249841432316       in event            1 local:           1
 Added good helicity           21   1.7501436615641828E-003  in event            1 local:           1
 Added good helicity           25   1.4382297380960286E-008  in event            1 local:           1
 Added good helicity           41   3.5291924282656963       in event            1 local:           1
 Added good helicity           61   4.8350411347820280E-004  in event            1 local:           1
 Added good helicity          193   158.26943333551330       in event            1 local:           1
 Added good helicity          213   8.8724054501412419E-003  in event            1 local:           1
 Added good helicity          217   8.2807340279277417E-007  in event            1 local:           1
 Added good helicity          229   4.0552668395416874E-007  in event            1 local:           1
 Added good helicity          233   74.033559715398539       in event            1 local:           1
 Added good helicity          253   3.4573772042934998E-003  in event            1 local:           1
 Added good helicity            1   20.153249841432924       in event            1 local:           1
 Added good helicity           21   1.7501436615641336E-003  in event            1 local:           1
 Added good helicity           25   1.4382297380959068E-008  in event            1 local:           1
 Added good helicity           41   3.5291924282657727       in event            1 local:           1
 Added good helicity           61   4.8350411347818691E-004  in event            1 local:           1
 Added good helicity          193   158.26943333552384       in event            1 local:           1
 Added good helicity          213   8.8724054501410268E-003  in event            1 local:           1
 Added good helicity          217   8.2807340279270376E-007  in event            1 local:           1
 Added good helicity          229   4.0552668395425794E-007  in event            1 local:           1
 Added good helicity          233   74.033559715387312       in event            1 local:           1
 Added good helicity          253   3.4573772042933836E-003  in event            1 local:           1
 Added good helicity           37   3.5291924282656764       in event            7 local:           3
 Added good helicity           37   3.5291924282657203       in event            7 local:           3
 RESET CUMULATIVE VARIABLE
 RESET CUMULATIVE VARIABLE
 RESET CUMULATIVE VARIABLE
 Iteration  1   Mean: 0.3155E-06 Abs mean: 0.3155E-06   Fluctuation:  0.740E-07   0.516E-04     5.4%
  1    0.3155E-06 0.3155E-06 +- 0.7395E-07      7.41
 Writing out events   1.1681116031083507E-009   7.4116391556626748     
 Relative summed weights:
  0.7023E-01  0.1884E-01  0.4266E-02  0.1168E-01  0.0000E+00  0.0000E+00
  0.3144E-02  0.8935E-01  0.3549E-02  0.8093E-02  0.0000E+00  0.0000E+00
  0.7036E-02  0.2025E+00  0.9360E-02  0.5098E-02  0.0000E+00  0.0000E+00
  0.1704E+00  0.9846E-02  0.5006E-03  0.1300E-02  0.0000E+00  0.0000E+00
  0.1454E-01  0.4173E-01  0.3173E-01  0.3902E-02  0.0000E+00  0.0000E+00
  0.4514E-02  0.2363E-01  0.5347E-01  0.7376E-04  0.0000E+00  0.0000E+00
  0.1990E-01  0.3992E-01  0.3650E-03  0.7090E-02  0.0000E+00  0.0000E+00
  0.4847E-01  0.2030E-01  0.1743E-01  0.5772E-01  0.0000E+00  0.0000E+00
 Relative number of events:
  0.5055E-01  0.5649E-01  0.2775E-01  0.3171E-01  0.0000E+00  0.0000E+00
  0.3072E-01  0.4361E-01  0.1982E-01  0.2379E-01  0.0000E+00  0.0000E+00
  0.4163E-01  0.3865E-01  0.2676E-01  0.2775E-01  0.0000E+00  0.0000E+00
  0.3072E-01  0.3370E-01  0.1090E-01  0.2081E-01  0.0000E+00  0.0000E+00
  0.4955E-01  0.3469E-01  0.2775E-01  0.2577E-01  0.0000E+00  0.0000E+00
  0.3865E-01  0.4559E-01  0.3667E-01  0.1090E-01  0.0000E+00  0.0000E+00
  0.3271E-01  0.3271E-01  0.1685E-01  0.7929E-02  0.0000E+00  0.0000E+00
  0.3964E-01  0.3964E-01  0.2081E-01  0.2478E-01  0.0000E+00  0.0000E+00
 Events:
          51          57          28          32           0           0
          31          44          20          24           0           0
          42          39          27          28           0           0
          31          34          11          21           0           0
          50          35          28          26           0           0
          39          46          37          11           0           0
          33          33          17           8           0           0
          40          40          21          25           0           0
 Iteration  2   Mean: 0.3846E-06 Abs mean: 0.3846E-06   Fluctuation:  0.928E-07   0.158E-03    13.5%
  2    0.3846E-06 0.3846E-06 +- 0.9285E-07     10.80
 Relative summed weights:
  0.9132E-01  0.2072E-01  0.2482E-01  0.6998E-02  0.0000E+00  0.0000E+00
  0.1166E-01  0.1488E-01  0.1575E-01  0.3873E-02  0.0000E+00  0.0000E+00
  0.2805E-01  0.2578E-01  0.1058E-01  0.9071E-02  0.0000E+00  0.3505E-07
  0.3624E-01  0.2262E-01  0.3153E-01  0.1150E-01  0.0000E+00  0.0000E+00
  0.1069E+00  0.9212E-02  0.2149E-01  0.4302E-02  0.0000E+00  0.0000E+00
  0.7394E-02  0.2577E-01  0.8974E-02  0.1374E-01  0.0000E+00  0.0000E+00
  0.4325E-01  0.4239E-01  0.3857E-02  0.6640E-02  0.0000E+00  0.0000E+00
  0.2355E+00  0.6638E-01  0.1389E-01  0.2491E-01  0.0000E+00  0.0000E+00
 Relative number of events:
  0.4000E-01  0.4000E-01  0.2900E-01  0.2350E-01  0.0000E+00  0.0000E+00
  0.4150E-01  0.3750E-01  0.1350E-01  0.1400E-01  0.0000E+00  0.0000E+00
  0.4450E-01  0.4250E-01  0.2250E-01  0.1950E-01  0.0000E+00  0.5000E-03
  0.4000E-01  0.3850E-01  0.1850E-01  0.2050E-01  0.0000E+00  0.0000E+00
  0.4850E-01  0.4550E-01  0.2650E-01  0.2800E-01  0.0000E+00  0.0000E+00
  0.4250E-01  0.5200E-01  0.2500E-01  0.2950E-01  0.0000E+00  0.0000E+00
  0.3600E-01  0.3750E-01  0.1450E-01  0.2250E-01  0.0000E+00  0.0000E+00
  0.3950E-01  0.3350E-01  0.1800E-01  0.1500E-01  0.0000E+00  0.0000E+00
 Events:
          80          80          58          47           0           0
          83          75          27          28           0           0
          89          85          45          39           0           1
          80          77          37          41           0           0
          97          91          53          56           0           0
          85         104          50          59           0           0
          72          75          29          45           0           0
          79          67          36          30           0           0
 Iteration  3   Mean: 0.7353E-06 Abs mean: 0.7353E-06   Fluctuation:  0.156E-06   0.472E-03    15.4%
  3    0.7353E-06 0.7353E-06 +- 0.1562E-06     13.43
 Relative summed weights:
  0.2452E-01  0.2058E-01  0.1113E-01  0.2911E-02  0.0000E+00  0.0000E+00
  0.2334E-01  0.4976E-01  0.2555E-02  0.1975E-01  0.0000E+00  0.1950E-10
  0.3763E-01  0.1554E-01  0.4533E-01  0.1286E-01  0.0000E+00  0.0000E+00
  0.3218E-01  0.5285E-01  0.2168E-01  0.6979E-02  0.0000E+00  0.0000E+00
  0.1237E+00  0.4021E-01  0.3900E-02  0.2751E-01  0.0000E+00  0.0000E+00
  0.1797E-01  0.9046E-02  0.4654E-02  0.2003E-01  0.0000E+00  0.0000E+00
  0.1404E-01  0.2296E+00  0.3721E-02  0.4851E-02  0.0000E+00  0.0000E+00
  0.2404E-01  0.6963E-01  0.9755E-02  0.1778E-01  0.0000E+00  0.0000E+00
 Relative number of events:
  0.4875E-01  0.4550E-01  0.2250E-01  0.2675E-01  0.0000E+00  0.0000E+00
  0.3550E-01  0.3950E-01  0.1925E-01  0.1775E-01  0.0000E+00  0.2500E-03
  0.4425E-01  0.4125E-01  0.2550E-01  0.3125E-01  0.0000E+00  0.0000E+00
  0.3875E-01  0.3675E-01  0.1475E-01  0.1850E-01  0.0000E+00  0.0000E+00
  0.4550E-01  0.4450E-01  0.2350E-01  0.2875E-01  0.0000E+00  0.0000E+00
  0.4175E-01  0.4300E-01  0.2600E-01  0.2300E-01  0.0000E+00  0.0000E+00
  0.3050E-01  0.4200E-01  0.1475E-01  0.1800E-01  0.0000E+00  0.0000E+00
  0.3900E-01  0.3725E-01  0.1350E-01  0.2225E-01  0.0000E+00  0.0000E+00
 Events:
         195         182          90         107           0           0
         142         158          77          71           0           1
         177         165         102         125           0           0
         155         147          59          74           0           0
         182         178          94         115           0           0
         167         172         104          92           0           0
         122         168          59          72           0           0
         156         149          54          89           0           0
 Accuracy:    0.270   0.100   0.132   4.186
 Found          611  events.
 Wrote           10  events.
 Actual xsec    4.9787428199349237E-007
 Correct abs xsec    4.9787428199349237E-007
 Event xsec    4.9787428199349226E-007
 Events wgts > 1:            0
 % Cross section > 1:    0.0000000000000000        0.0000000000000000     
 Iteration  4   Mean: 0.6122E-06 Abs mean: 0.6122E-06   Fluctuation:  0.813E-07   0.529E-03    16.6%
  4    0.6122E-06 0.6122E-06 +- 0.8129E-07     11.88
 Relative summed weights:
  0.4158E-01  0.2169E-01  0.1311E-01  0.1102E-01  0.0000E+00  0.0000E+00
  0.4458E-01  0.4321E-01  0.4252E-02  0.1980E-01  0.1181E-03  0.0000E+00
  0.6051E-01  0.2661E-01  0.2640E-01  0.1214E-01  0.4461E-04  0.4493E-01
  0.2012E-01  0.4515E-01  0.1288E-01  0.9682E-02  0.0000E+00  0.0000E+00
  0.6040E-01  0.5402E-01  0.1535E-01  0.1022E-01  0.0000E+00  0.2060E-04
  0.2576E-01  0.5426E-01  0.1179E-01  0.1504E-01  0.0000E+00  0.0000E+00
  0.2133E-01  0.2613E-01  0.8287E-02  0.1989E-01  0.0000E+00  0.0000E+00
  0.3533E-01  0.1403E+00  0.2604E-01  0.1800E-01  0.0000E+00  0.0000E+00
 Relative number of events:
  0.4550E-01  0.5050E-01  0.2363E-01  0.2425E-01  0.0000E+00  0.0000E+00
  0.3800E-01  0.3800E-01  0.1800E-01  0.2050E-01  0.1250E-03  0.0000E+00
  0.5050E-01  0.4688E-01  0.2350E-01  0.2225E-01  0.1250E-03  0.1250E-03
  0.3525E-01  0.3350E-01  0.1675E-01  0.1738E-01  0.0000E+00  0.0000E+00
  0.4562E-01  0.4138E-01  0.2538E-01  0.2300E-01  0.0000E+00  0.1250E-03
  0.4025E-01  0.4263E-01  0.2413E-01  0.2550E-01  0.0000E+00  0.0000E+00
  0.4100E-01  0.3488E-01  0.1663E-01  0.2187E-01  0.0000E+00  0.0000E+00
  0.3525E-01  0.3675E-01  0.2050E-01  0.2038E-01  0.0000E+00  0.0000E+00
 Events:
         364         404         189         194           0           0
         304         304         144         164           1           0
         404         375         188         178           1           1
         282         268         134         139           0           0
         365         331         203         184           0           1
         322         341         193         204           0           0
         328         279         133         175           0           0
         282         294         164         163           0           0
 Accuracy:    0.152   0.100   0.094   2.653
 Found         1005  events.
 Wrote            7  events.
 Actual xsec    5.9995407462615400E-007
 Correct abs xsec    5.9995407462615400E-007
 Event xsec    5.9995407462615389E-007
 Events wgts > 1:            1
 % Cross section > 1:    5.3188648299775211E-015   8.8654532987242996E-007
 Iteration  5   Mean: 0.5395E-06 Abs mean: 0.5395E-06   Fluctuation:  0.294E-07   0.181E-03    16.6%
  5    0.5395E-06 0.5395E-06 +- 0.2941E-07      6.90
 Relative summed weights:
  0.3513E-01  0.3181E-01  0.2189E-01  0.2049E-01  0.0000E+00  0.1405E-06
  0.3282E-01  0.4538E-01  0.1235E-01  0.2121E-01  0.2013E-04  0.0000E+00
  0.3765E-01  0.3950E-01  0.2598E-01  0.2651E-01  0.0000E+00  0.1215E-06
  0.3542E-01  0.5145E-01  0.2962E-01  0.1938E-01  0.0000E+00  0.5785E-06
  0.3137E-01  0.3373E-01  0.1421E-01  0.2307E-01  0.1575E-05  0.9879E-08
  0.3104E-01  0.4607E-01  0.3368E-01  0.1782E-01  0.1220E-02  0.0000E+00
  0.3137E-01  0.3627E-01  0.1642E-01  0.3685E-01  0.0000E+00  0.0000E+00
  0.5965E-01  0.3427E-01  0.1804E-01  0.4830E-01  0.0000E+00  0.0000E+00
 Relative number of events:
  0.4425E-01  0.4412E-01  0.2500E-01  0.2581E-01  0.0000E+00  0.6250E-04
  0.3700E-01  0.3831E-01  0.1825E-01  0.1944E-01  0.1250E-03  0.0000E+00
  0.4431E-01  0.4275E-01  0.2581E-01  0.2562E-01  0.0000E+00  0.6250E-04
  0.3687E-01  0.3687E-01  0.1719E-01  0.1944E-01  0.0000E+00  0.6250E-04
  0.4356E-01  0.3919E-01  0.2763E-01  0.2438E-01  0.6250E-04  0.6250E-04
  0.4587E-01  0.4500E-01  0.2625E-01  0.2287E-01  0.6250E-04  0.0000E+00
  0.3575E-01  0.3587E-01  0.2050E-01  0.1906E-01  0.0000E+00  0.0000E+00
  0.3706E-01  0.3669E-01  0.1931E-01  0.1944E-01  0.0000E+00  0.0000E+00
 Events:
         708         706         400         413           0           1
         592         613         292         311           2           0
         709         684         413         410           0           1
         590         590         275         311           0           1
         697         627         442         390           1           1
         734         720         420         366           1           0
         572         574         328         305           0           0
         593         587         309         311           0           0
 Accuracy:    0.068   0.100   0.047   2.090
 Finished due to accuracy    6.8101609093095553E-002  0.10000000000000001     

 -------------------------------------------------------------------------------
 Accumulated results:   Integral =  0.5433E-06
                        Std dev  =  0.2559E-07
                       Cross sec =  0.5433E-06
             Chi**2 per DoF.     =      2.0901
 -------------------------------------------------------------------------------
 Found         2533  events.
 Wrote           50  events.
 Actual xsec    5.5986699671817769E-007
 Correct abs xsec    5.5986699671817769E-007
 Event xsec    5.5986699671817780E-007
 Events wgts > 1:            2
 % Cross section > 1:    4.4478294716368319E-010   7.9444394788567102E-002
-------------------------------------------------
---------------------------
 Results Last   3 iters: Integral =   0.5599E-06
                     Abs integral =   0.5599E-06
                          Std dev =   0.2747E-07
                  Chi**2 per DoF. =      1.0783
-------------------------------------------------
---------------------------
 Status  0.10000000000000001                6           5

ls status:
events.lhe
ftn26
input_app.txt
results.dat
run1_app.log
