 Process in group number            1
 A PDF is used, so alpha_s(MZ) is going to be modified
 Old value of alpha_s from param_card:   0.11839999999999999     
  ****************************************
 
       NNPDFDriver version 1.0.3
   Grid: NNPDF23_lo_as_0130_qed_mem0.grid
  ****************************************
 New value of alpha_s from PDF nn23lo1:  0.13000000000000000     
 Define smin to   1600.0000000000000     
 Define smin to   1600.0000000000000     
 Define smin to   1600.0000000000000     
 *****************************************************
 *               MadGraph/MadEvent                   *
 *        --------------------------------           *
 *          http://madgraph.hep.uiuc.edu             *
 *          http://madgraph.phys.ucl.ac.be           *
 *          http://madgraph.roma2.infn.it            *
 *        --------------------------------           *
 *                                                   *
 *          PARAMETER AND COUPLING VALUES            *
 *                                                   *
 *****************************************************

  External Params
  ---------------------------------
  
 mdl_VeN1 =    1.0000000000000000     
 mdl_VeN2 =    0.0000000000000000     
 mdl_VeN3 =    0.0000000000000000     
 mdl_VmuN1 =    0.0000000000000000     
 mdl_VmuN2 =    1.0000000000000000     
 mdl_VmuN3 =    0.0000000000000000     
 mdl_VtaN1 =    0.0000000000000000     
 mdl_VtaN2 =    0.0000000000000000     
 mdl_VtaN3 =    1.0000000000000000     
 mdl_VN1N1 =    1.0000000000000000     
 mdl_VN1N2 =    1.0000000000000000     
 mdl_VN1N3 =    1.0000000000000000     
 mdl_VN2N2 =    1.0000000000000000     
 mdl_VN2N3 =    1.0000000000000000     
 mdl_VN3N3 =    1.0000000000000000     
 aEWM1 =    127.90000000000001     
 mdl_Gf =    1.1663700000000000E-005
 aS =   0.11839999999999999     
 mdl_ymt =    172.00000000000000     
 mdl_vevf =    50.000000000000000     
 mdl_MZ =    91.187600000000003     
 mdl_MT =    172.00000000000000     
 mdl_MH =    125.00000000000000     
 mdl_mN1 =    1644.0000000000000     
 mdl_mN2 =    1744.0000000000000     
 mdl_mN3 =    1844.0000000000000     
 mdl_MJ =    91.187600000000003     
 mdl_MAx =    173.04800000000000     
 mdl_WZ =    2.4952000000000001     
 mdl_WW =    2.0850000000000000     
 mdl_WT =    1.5083359999999999     
 mdl_WH =    4.0699999999999998E-003
 mdl_WN1 =   0.30299999999999999     
 mdl_WN2 =    1.5000000000000000     
 mdl_WN3 =    12.300000000000001     
 mdl_WJ =    2.4952000000000001     
 mdl_WAx =    4.1700000000000001E-003
  Internal Params
  ---------------------------------
  
 mdl_vevf__exp__2 =    2500.0000000000000     
 mdl_sqrt__vevf__exp__2 =    50.000000000000000     
 mdl_muJ =    50.000000000000000     
 mdl_MZ__exp__2 =    8315.1783937600012     
 mdl_MZ__exp__4 =    69142191.720053151     
 mdl_sqrt__2 =    1.4142135623730951     
 mdl_MJ__exp__2 =    8315.1783937600012     
 mdl_muJ__exp__2 =    2500.0000000000000     
 mdl_lamJ =    4.3260713575040004     
 mdl_MH__exp__2 =    15625.000000000000     
 mdl_complexi =  (  0.0000000000000000     ,  1.0000000000000000     )
 mdl_aEW =    7.8186082877247844E-003
 mdl_MW =    79.824359746197842     
 mdl_sqrt__aEW =    8.8422894590285753E-002
 mdl_ee =   0.31345100004952897     
 mdl_MW__exp__2 =    6371.9284088904105     
 mdl_sw2 =   0.23369913342182447     
 mdl_cw =   0.87538612427783857     
 mdl_sqrt__sw2 =   0.48342438232036300     
 mdl_sw =   0.48342438232036300     
 mdl_g1 =   0.35807170271074895     
 mdl_gN =   0.64839716719502682     
 mdl_gw =   0.64839716719502682     
 mdl_vev =    246.22056907348590     
 mdl_vev__exp__2 =    60624.568634871241     
 mdl_lam =   0.12886689630821144     
 mdl_yt =   0.98791394091683138     
 mdl_muH =    88.388347648318444     
 mdl_I2a33 =  ( 0.98791394091683138     ,  0.0000000000000000     )
 mdl_I3a33 =  ( 0.98791394091683138     ,  0.0000000000000000     )
 mdl_ee__exp__2 =    9.8251529432049817E-002
 mdl_sw__exp__2 =   0.23369913342182450     
 mdl_cw__exp__2 =   0.76630086657817542     
  Internal Params evaluated point by point
  ----------------------------------------
  
 mdl_sqrt__aS =   0.34409301068170506     
 mdl_G__exp__2 =    1.4878582807401259     
  Couplings of SM_HeavyN_UFO
  ---------------------------------
  
         GC_1 =  -0.00000E+00  -0.10448E+00
         GC_2 =   0.00000E+00   0.20897E+00
         GC_3 =  -0.00000E+00  -0.31345E+00
         GC_4 =   0.00000E+00   0.31345E+00
        GC_26 =   0.00000E+00   0.45849E+00
        GC_27 =  -0.00000E+00  -0.28380E+00
        GC_28 =   0.00000E+00   0.28380E+00
        GC_30 =   0.00000E+00   0.56760E+00
        GC_35 =  -0.00000E+00  -0.28850E-01
        GC_37 =   0.00000E+00   0.17310E+00
        GC_39 =   0.00000E+00  -0.19725E+00
        GC_40 =   0.00000E+00   0.37035E+00
        GC_80 =   0.00000E+00   0.67543E+02
       GC_107 =  -0.00000E+00  -0.74070E+00
       GC_109 =  -0.00000E+00  -0.74070E+00
       GC_111 =  -0.00000E+00  -0.74070E+00
       GC_113 =  -0.00000E+00  -0.74070E+00
       GC_115 =  -0.00000E+00  -0.74070E+00
       GC_117 =  -0.00000E+00  -0.74070E+00
       GC_119 =   0.00000E+00   0.00000E+00
       GC_120 =   0.00000E+00   0.00000E+00
       GC_122 =  -0.00000E+00  -0.00000E+00
       GC_126 =   0.00000E+00   0.00000E+00
       GC_127 =   0.00000E+00   0.00000E+00
       GC_129 =  -0.00000E+00  -0.00000E+00
       GC_133 =   0.00000E+00   0.45849E+00
       GC_134 =   0.00000E+00   0.37035E+00
       GC_136 =  -0.00000E+00  -0.74892E+01
        GC_81 =   0.32880E+02   0.00000E+00
        GC_82 =   0.34880E+02   0.00000E+00
        GC_83 =   0.36880E+02   0.00000E+00

 Collider parameters:
 --------------------

 Running at P P   machine @    13000.000000000000       GeV
 PDF set = nn23lo1
 alpha_s(Mz)= 0.1300 running at 2 loops.
 alpha_s(Mz)= 0.1300 running at 2 loops.
 Renormalization scale set on event-by-event basis
 Factorization   scale set on event-by-event basis


 getting user params
Enter number of events and max and min iterations: 
 Number of events and iterations         1000           5           3
Enter desired fractional accuracy: 
 Desired fractional accuracy:   0.10000000000000001     
Enter 0 for fixed, 2 for adjustable grid: 
Suppress amplitude (0 no, 1 yes)? 
 Using suppressed amplitude.
Exact helicity sum (0 yes, n = number/event)? 
 Explicitly summing over helicities
Enter Configuration Number: 
Running Configuration Number:  372
 Using dconfig=         230
 BW Setting            2           1           1           2           2           0           0
 Attempting mappinvarients           1           9
 Completed mapping           9
 about to integrate           19        1000           5           3          19           1
 Using non-zero grid deformation.
 19 dimensions   1000 events 19 invarients  5 iterations  1 config(s),  (0.99)
 Using h-tuple random number sequence.
 Error opening grid
 Using Uniform Grid!          36
 Using uniform alpha   1.0000000000000000     
 Grid defined OK
 Set CM energy to      13000.00
 Mapping Graph         372  to config         372
Setting grid   1    0.59172E-08   1
 Setting BW          -2           2   1844.0000000000000     
 Setting BW          -3           3   1844.0000000000000     
Setting grid   4    0.75740E-07   1
Setting grid   5    0.75740E-07   1
Setting grid   6    0.20853E-01   1
 Transforming s_hat 1/s           18   2.1219246901738226E-002   1600.0000000000000        168999999.99999997     
 372   1   2   3   4   5   6   7   8   9  10  11  12  13  14
  15  16  17  18  19
 Masses: 0.000E+00 0.000E+00 0.000E+00 0.000E+00 0.000E+00 0.000E+00 0.000E+00 0.000E+00 0.912E+02
Using random seed offsets   372 :      1
  with seed                   24
 Ranmar initialization seeds         102        9398
 
 ********************************************
 * You are using the DiscreteSampler module *
 *      part of the MG5_aMC framework       *
 *         Author: Valentin Hirschi         *
 ********************************************
 
  Particle       3       4       5       6       7       8       9
      Et >    10.0    10.0    10.0    10.0     0.0     0.0     0.0
       E >     0.0     0.0     0.0     0.0     0.0     0.0     0.0
     Eta <     2.5     2.5     2.5     2.5    -1.0    -1.0    -1.0
   xqcut:      0.0     0.0     0.0     0.0     0.0     0.0     0.0
d R # 3  >    -0.0     0.4     0.4     0.4     0.0     0.0     0.0
d R # 4  >    -0.0    -0.0     0.4     0.4     0.0     0.0     0.0
d R # 5  >    -0.0    -0.0    -0.0     0.4     0.0     0.0     0.0
d R # 6  >    -0.0    -0.0    -0.0    -0.0     0.0     0.0     0.0
d R # 7  >    -0.0    -0.0    -0.0    -0.0    -0.0     0.0     0.0
d R # 8  >    -0.0    -0.0    -0.0    -0.0    -0.0    -0.0     0.0
s min # 3>     0.0     0.0     0.0     0.0     0.0     0.0     0.0
s min # 4>     0.0     0.0     0.0     0.0     0.0     0.0     0.0
s min # 5>     0.0     0.0     0.0     0.0     0.0     0.0     0.0
s min # 6>     0.0     0.0     0.0     0.0     0.0     0.0     0.0
s min # 7>     0.0     0.0     0.0     0.0     0.0     0.0     0.0
s min # 8>     0.0     0.0     0.0     0.0     0.0     0.0     0.0
xqcutij # 3>     0.0     0.0     0.0     0.0     0.0     0.0     0.0
xqcutij # 4>     0.0     0.0     0.0     0.0     0.0     0.0     0.0
xqcutij # 5>     0.0     0.0     0.0     0.0     0.0     0.0     0.0
xqcutij # 6>     0.0     0.0     0.0     0.0     0.0     0.0     0.0
xqcutij # 7>     0.0     0.0     0.0     0.0     0.0     0.0     0.0
xqcutij # 8>     0.0     0.0     0.0     0.0     0.0     0.0     0.0
 Excluding BW           -1           1
 Requiring BW           -2           2
 Requiring BW           -3           3
 Excluding BW           -4           4
 Excluding BW           -6           5
 alpha_s for scale    870.65196235586495       is    9.4630300778605056E-002
 Added good helicity            1   64.516047085048598       in event            1 local:           1
 Added good helicity           21   5.2479842587605576E-008  in event            1 local:           1
 Added good helicity           25   5.1815320058244547E-006  in event            1 local:           1
 Added good helicity           37   6.1324461100498018E-006  in event            1 local:           1
 Added good helicity           41   72.832994823775408       in event            1 local:           1
 Added good helicity          193   87.983984035911604       in event            1 local:           1
 Added good helicity          213   1.7014655820253985E-007  in event            1 local:           1
 Added good helicity          217   1.4621554710393698E-006  in event            1 local:           1
 Added good helicity          229   8.8090019957232734E-007  in event            1 local:           1
 Added good helicity          233   30.666960091690292       in event            1 local:           1
 Added good helicity          253   7.9524495267540849E-008  in event            1 local:           1
 Added good helicity            1   64.516047085048228       in event            1 local:           1
 Added good helicity           21   5.2479842587711488E-008  in event            1 local:           1
 Added good helicity           25   5.1815320058240151E-006  in event            1 local:           1
 Added good helicity           37   6.1324461100476766E-006  in event            1 local:           1
 Added good helicity           41   72.832994823769283       in event            1 local:           1
 Added good helicity          193   87.983984035920514       in event            1 local:           1
 Added good helicity          213   1.7014655820311851E-007  in event            1 local:           1
 Added good helicity          217   1.4621554710391373E-006  in event            1 local:           1
 Added good helicity          229   8.8090019957235338E-007  in event            1 local:           1
 Added good helicity          233   30.666960091687866       in event            1 local:           1
 Added good helicity          253   7.9524495267276403E-008  in event            1 local:           1
 Added good helicity           61   4.7514115824368562E-006  in event            4 local:           2
 Added good helicity           61   4.7514115824365182E-006  in event            4 local:           2
 RESET CUMULATIVE VARIABLE
 RESET CUMULATIVE VARIABLE
 RESET CUMULATIVE VARIABLE
 Iteration  1   Mean: 0.7943E-16 Abs mean: 0.7943E-16   Fluctuation:  0.619E-16   0.270E-13     0.2%
  1    0.7943E-16 0.7943E-16 +- 0.6192E-16     16.33
 Writing out events   3.1772627358139518E-018   16.333501809736255     
 Relative summed weights:
  0.5652E-05  0.5655E-04  0.3622E-02  0.5539E-07  0.0000E+00  0.0000E+00
  0.1457E-01  0.5053E-02  0.1891E-01  0.2797E-01  0.0000E+00  0.0000E+00
  0.8397E-05  0.3744E-05  0.2180E-03  0.5307E-02  0.0000E+00  0.0000E+00
  0.1578E-01  0.1159E-02  0.1435E-03  0.1551E-02  0.0000E+00  0.4217E-05
  0.4999E-04  0.1350E-01  0.3937E-06  0.1355E-04  0.0000E+00  0.0000E+00
  0.7767E+00  0.2575E-03  0.1978E-06  0.1632E-04  0.0000E+00  0.0000E+00
  0.6137E-03  0.2696E-04  0.3788E-01  0.6409E-03  0.3766E-09  0.0000E+00
  0.9671E-02  0.4030E-02  0.6120E-01  0.1002E-02  0.0000E+00  0.0000E+00
 Relative number of events:
  0.6696E-02  0.1786E-01  0.1116E-01  0.1116E-01  0.0000E+00  0.0000E+00
  0.2902E-01  0.3348E-01  0.6027E-01  0.7812E-01  0.0000E+00  0.0000E+00
  0.1786E-01  0.8929E-02  0.6696E-02  0.2009E-01  0.0000E+00  0.0000E+00
  0.4241E-01  0.5357E-01  0.6027E-01  0.7589E-01  0.0000E+00  0.2232E-02
  0.2009E-01  0.1562E-01  0.4464E-02  0.6696E-02  0.0000E+00  0.0000E+00
  0.2679E-01  0.1339E-01  0.6696E-02  0.1339E-01  0.0000E+00  0.0000E+00
  0.3348E-01  0.2455E-01  0.4688E-01  0.5580E-01  0.2232E-02  0.0000E+00
  0.2679E-01  0.4018E-01  0.8036E-01  0.4688E-01  0.0000E+00  0.0000E+00
 Events:
           3           8           5           5           0           0
          13          15          27          35           0           0
           8           4           3           9           0           0
          19          24          27          34           0           1
           9           7           2           3           0           0
          12           6           3           6           0           0
          15          11          21          25           1           0
          12          18          36          21           0           0
 Iteration  2   Mean: 0.1425E-15 Abs mean: 0.1425E-15   Fluctuation:  0.736E-16   0.105E-12    16.1%
  2    0.1425E-15 0.1425E-15 +- 0.7360E-16     23.10
 Relative summed weights:
  0.2350E-01  0.6866E-04  0.6501E-03  0.3387E-04  0.0000E+00  0.0000E+00
  0.1464E-01  0.3890E-02  0.4682E-02  0.2585E-01  0.0000E+00  0.1388E-08
  0.4657E-02  0.3223E-02  0.6571E-03  0.4753E-06  0.0000E+00  0.0000E+00
  0.8512E-03  0.8497E-03  0.8447E-02  0.1918E-02  0.3255E-06  0.7004E-06
  0.1564E-02  0.2540E-02  0.5486E-04  0.1769E-02  0.0000E+00  0.0000E+00
  0.7020E-03  0.3550E+00  0.2195E-01  0.2834E-02  0.5718E-03  0.3054E-08
  0.6574E-02  0.3787E+00  0.4787E-02  0.3482E-01  0.1741E-08  0.0000E+00
  0.7898E-01  0.2360E-02  0.1096E-01  0.1919E-02  0.2021E-09  0.0000E+00
 Relative number of events:
  0.1400E-01  0.1500E-01  0.1000E-01  0.6000E-02  0.0000E+00  0.0000E+00
  0.3700E-01  0.3300E-01  0.7150E-01  0.6450E-01  0.0000E+00  0.5000E-03
  0.1550E-01  0.1550E-01  0.5500E-02  0.5000E-02  0.0000E+00  0.0000E+00
  0.3900E-01  0.4200E-01  0.7100E-01  0.6000E-01  0.1000E-02  0.5000E-03
  0.1100E-01  0.1000E-01  0.7000E-02  0.5500E-02  0.0000E+00  0.0000E+00
  0.1600E-01  0.1350E-01  0.5000E-02  0.1300E-01  0.5000E-03  0.5000E-03
  0.3950E-01  0.3850E-01  0.6900E-01  0.6950E-01  0.1000E-02  0.0000E+00
  0.3200E-01  0.3800E-01  0.6000E-01  0.6350E-01  0.5000E-03  0.0000E+00
 Events:
          28          30          20          12           0           0
          74          66         143         129           0           1
          31          31          11          10           0           0
          78          84         142         120           2           1
          22          20          14          11           0           0
          32          27          10          26           1           1
          79          77         138         139           2           0
          64          76         120         127           1           0
 Iteration  3   Mean: 0.1021E-14 Abs mean: 0.1021E-14   Fluctuation:  0.620E-15   0.236E-11    49.0%
  3    0.1021E-14 0.1021E-14 +- 0.6195E-15     38.37
 Relative summed weights:
  0.9489E-03  0.1194E-02  0.1415E-03  0.3536E-04  0.0000E+00  0.1121E-06
  0.5807E+00  0.2854E-03  0.6550E-03  0.1102E-01  0.4502E-11  0.1480E-08
  0.9280E-04  0.2500E-03  0.1923E-02  0.2960E-04  0.0000E+00  0.0000E+00
  0.1146E-03  0.3107E-03  0.3827E-02  0.2170E-01  0.0000E+00  0.0000E+00
  0.7330E-02  0.4019E-03  0.5257E-04  0.4550E-04  0.0000E+00  0.0000E+00
  0.2198E-02  0.9326E-02  0.5597E-04  0.3609E-03  0.0000E+00  0.1189E-08
  0.1158E+00  0.4962E-02  0.1421E-02  0.4918E-02  0.7761E-07  0.1241E-07
  0.1972E-01  0.1024E-02  0.2088E+00  0.3189E-03  0.5322E-08  0.2750E-08
 Relative number of events:
  0.1800E-01  0.1450E-01  0.9250E-02  0.8500E-02  0.0000E+00  0.2500E-03
  0.3525E-01  0.3350E-01  0.6750E-01  0.6825E-01  0.2500E-03  0.2500E-03
  0.1225E-01  0.1875E-01  0.1025E-01  0.7000E-02  0.0000E+00  0.0000E+00
  0.3275E-01  0.3475E-01  0.6400E-01  0.6050E-01  0.0000E+00  0.0000E+00
  0.1750E-01  0.1325E-01  0.9000E-02  0.8000E-02  0.0000E+00  0.0000E+00
  0.1850E-01  0.1350E-01  0.8750E-02  0.8500E-02  0.0000E+00  0.2500E-03
  0.3550E-01  0.3650E-01  0.6775E-01  0.5975E-01  0.5000E-03  0.7500E-03
  0.4200E-01  0.3525E-01  0.6275E-01  0.6500E-01  0.5000E-03  0.7500E-03
 Events:
          72          58          37          34           0           1
         141         134         270         273           1           1
          49          75          41          28           0           0
         131         139         256         242           0           0
          70          53          36          32           0           0
          74          54          35          34           0           1
         142         146         271         239           2           3
         168         141         251         260           2           3
 Accuracy:    0.708   0.100   0.351   4.063
 Found           96  events.
 Wrote            2  events.
 Actual xsec    4.2412405833643601E-016
 Correct abs xsec    4.2412405833643601E-016
 Event xsec    4.2412405833643606E-016
 Events wgts > 1:            0
 % Cross section > 1:    0.0000000000000000        0.0000000000000000     
 Iteration  4   Mean: 0.3910E-15 Abs mean: 0.3910E-15   Fluctuation:  0.172E-15   0.129E-11    53.8%
  4    0.3910E-15 0.3910E-15 +- 0.1718E-15     39.30
 Relative summed weights:
  0.1417E-01  0.4669E-02  0.6795E-03  0.2552E-03  0.1223E-07  0.0000E+00
  0.6143E-02  0.2549E-01  0.3652E-01  0.9374E-02  0.8297E-05  0.2656E-06
  0.1347E-02  0.6895E-02  0.4890E-02  0.3567E-01  0.1573E-06  0.0000E+00
  0.2540E-01  0.1101E-01  0.1469E-01  0.3921E-02  0.0000E+00  0.6086E-05
  0.1074E-02  0.3326E-03  0.7916E-02  0.1657E+00  0.0000E+00  0.4549E-05
  0.4854E-02  0.5165E-02  0.1301E-01  0.5117E-01  0.0000E+00  0.1469E-03
  0.4153E+00  0.7052E-01  0.7317E-02  0.5682E-02  0.1369E-06  0.5810E-04
  0.1452E-02  0.3116E-02  0.8931E-02  0.3714E-01  0.3563E-07  0.3039E-08
 Relative number of events:
  0.1238E-01  0.1438E-01  0.6500E-02  0.7625E-02  0.2500E-03  0.0000E+00
  0.3288E-01  0.3425E-01  0.6475E-01  0.6800E-01  0.6250E-03  0.6250E-03
  0.1713E-01  0.1413E-01  0.7250E-02  0.7625E-02  0.1250E-03  0.0000E+00
  0.3725E-01  0.3500E-01  0.7150E-01  0.6513E-01  0.0000E+00  0.5000E-03
  0.1638E-01  0.1337E-01  0.9000E-02  0.9125E-02  0.0000E+00  0.2500E-03
  0.1463E-01  0.1600E-01  0.9375E-02  0.9000E-02  0.0000E+00  0.1250E-03
  0.3125E-01  0.3587E-01  0.6275E-01  0.7150E-01  0.6250E-03  0.3750E-03
  0.3550E-01  0.3413E-01  0.6638E-01  0.6600E-01  0.2500E-03  0.2500E-03
 Events:
          99         115          52          61           2           0
         263         274         518         544           5           5
         137         113          58          61           1           0
         298         280         572         521           0           4
         131         107          72          73           0           2
         117         128          75          72           0           1
         250         287         502         572           5           3
         284         273         531         528           2           2
 Accuracy:    0.466   0.100   0.274   2.888
 Found           81  events.
 Wrote            1  events.
 Actual xsec    4.5810235658140822E-016
 Correct abs xsec    4.5810235658140822E-016
 Event xsec    4.5810235658140822E-016
 Events wgts > 1:            1
 % Cross section > 1:    4.2831407262556901E-023   9.3497461096219965E-006
 Iteration  5   Mean: 0.4077E-15 Abs mean: 0.4077E-15   Fluctuation:  0.823E-16   0.766E-12    51.4%
  5    0.4077E-15 0.4077E-15 +- 0.8231E-16     25.54
 Relative summed weights:
  0.1360E-01  0.2857E-01  0.4246E-02  0.9048E-03  0.3600E-06  0.0000E+00
  0.1227E-01  0.1348E-01  0.4072E-01  0.5615E-01  0.9187E-05  0.2575E-05
  0.1315E-02  0.4496E-02  0.6271E-02  0.3130E-01  0.2086E-07  0.0000E+00
  0.1405E+00  0.5667E-01  0.1619E+00  0.8388E-02  0.8456E-04  0.5841E-04
  0.1114E-01  0.2205E-01  0.1449E-02  0.2821E-02  0.1215E-06  0.0000E+00
  0.5733E-02  0.1149E-01  0.1315E+00  0.6777E-02  0.2679E-06  0.3240E-10
  0.5983E-02  0.7878E-02  0.1760E-01  0.5704E-01  0.9087E-06  0.7906E-05
  0.8857E-02  0.6247E-01  0.1716E-01  0.4901E-01  0.5470E-06  0.5632E-04
 Relative number of events:
  0.1463E-01  0.1537E-01  0.7250E-02  0.8812E-02  0.6250E-04  0.0000E+00
  0.3275E-01  0.3481E-01  0.6544E-01  0.6638E-01  0.4375E-03  0.4375E-03
  0.1500E-01  0.1406E-01  0.8063E-02  0.7500E-02  0.6250E-04  0.0000E+00
  0.3425E-01  0.3300E-01  0.6869E-01  0.6631E-01  0.5000E-03  0.6250E-03
  0.1394E-01  0.1512E-01  0.8438E-02  0.8438E-02  0.6250E-04  0.0000E+00
  0.1406E-01  0.1500E-01  0.9187E-02  0.8188E-02  0.1250E-03  0.6250E-04
  0.3656E-01  0.3444E-01  0.6906E-01  0.6644E-01  0.3750E-03  0.2500E-03
  0.3363E-01  0.3356E-01  0.6881E-01  0.6888E-01  0.5000E-03  0.4375E-03
 Events:
         234         246         116         141           1           0
         524         557        1047        1062           7           7
         240         225         129         120           1           0
         548         528        1099        1061           8          10
         223         242         135         135           1           0
         225         240         147         131           2           1
         585         551        1105        1063           6           4
         538         537        1101        1102           8           7
 Accuracy:    0.241   0.100   0.163   2.191
 Found          422  events.
 Wrote            7  events.
 Actual xsec    4.5642941213365843E-016
 Correct abs xsec    4.5642941213365843E-016
 Event xsec    4.5642941213365843E-016
 Events wgts > 1:            1
 % Cross section > 1:    5.4269982290557031E-024   1.1890115064422031E-006

 -------------------------------------------------------------------------------
 Accumulated results:   Integral =  0.4089E-15
                        Std dev  =  0.6649E-16
                       Cross sec =  0.4089E-15
             Chi**2 per DoF.     =      2.1908
 -------------------------------------------------------------------------------
-------------------------------------------------
---------------------------
 Results Last   3 iters: Integral =   0.4564E-15
                     Abs integral =   0.4564E-15
                          Std dev =   0.8015E-16
                  Chi**2 per DoF. =      0.6636
-------------------------------------------------
---------------------------
 Status  0.10000000000000001                6           5

ls status:
events.lhe
ftn26
input_app.txt
results.dat
run1_app.log
