 Process in group number            1
 A PDF is used, so alpha_s(MZ) is going to be modified
 Old value of alpha_s from param_card:   0.11839999999999999     
  ****************************************
 
       NNPDFDriver version 1.0.3
   Grid: NNPDF23_lo_as_0130_qed_mem0.grid
  ****************************************
 New value of alpha_s from PDF nn23lo1:  0.13000000000000000     
 Define smin to   1600.0000000000000     
 Define smin to   1600.0000000000000     
 Define smin to   1600.0000000000000     
 *****************************************************
 *               MadGraph/MadEvent                   *
 *        --------------------------------           *
 *          http://madgraph.hep.uiuc.edu             *
 *          http://madgraph.phys.ucl.ac.be           *
 *          http://madgraph.roma2.infn.it            *
 *        --------------------------------           *
 *                                                   *
 *          PARAMETER AND COUPLING VALUES            *
 *                                                   *
 *****************************************************

  External Params
  ---------------------------------
  
 mdl_VeN1 =    1.0000000000000000     
 mdl_VeN2 =    0.0000000000000000     
 mdl_VeN3 =    0.0000000000000000     
 mdl_VmuN1 =    0.0000000000000000     
 mdl_VmuN2 =    1.0000000000000000     
 mdl_VmuN3 =    0.0000000000000000     
 mdl_VtaN1 =    0.0000000000000000     
 mdl_VtaN2 =    0.0000000000000000     
 mdl_VtaN3 =    1.0000000000000000     
 mdl_VN1N1 =    1.0000000000000000     
 mdl_VN1N2 =    1.0000000000000000     
 mdl_VN1N3 =    1.0000000000000000     
 mdl_VN2N2 =    1.0000000000000000     
 mdl_VN2N3 =    1.0000000000000000     
 mdl_VN3N3 =    1.0000000000000000     
 aEWM1 =    127.90000000000001     
 mdl_Gf =    1.1663700000000000E-005
 aS =   0.11839999999999999     
 mdl_ymt =    172.00000000000000     
 mdl_vevf =    50.000000000000000     
 mdl_MZ =    91.187600000000003     
 mdl_MT =    172.00000000000000     
 mdl_MH =    125.00000000000000     
 mdl_mN1 =    1644.0000000000000     
 mdl_mN2 =    1744.0000000000000     
 mdl_mN3 =    1844.0000000000000     
 mdl_MJ =    91.187600000000003     
 mdl_MAx =    173.04800000000000     
 mdl_WZ =    2.4952000000000001     
 mdl_WW =    2.0850000000000000     
 mdl_WT =    1.5083359999999999     
 mdl_WH =    4.0699999999999998E-003
 mdl_WN1 =   0.30299999999999999     
 mdl_WN2 =    1.5000000000000000     
 mdl_WN3 =    12.300000000000001     
 mdl_WJ =    2.4952000000000001     
 mdl_WAx =    4.1700000000000001E-003
  Internal Params
  ---------------------------------
  
 mdl_vevf__exp__2 =    2500.0000000000000     
 mdl_sqrt__vevf__exp__2 =    50.000000000000000     
 mdl_muJ =    50.000000000000000     
 mdl_MZ__exp__2 =    8315.1783937600012     
 mdl_MZ__exp__4 =    69142191.720053151     
 mdl_sqrt__2 =    1.4142135623730951     
 mdl_MJ__exp__2 =    8315.1783937600012     
 mdl_muJ__exp__2 =    2500.0000000000000     
 mdl_lamJ =    4.3260713575040004     
 mdl_MH__exp__2 =    15625.000000000000     
 mdl_complexi =  (  0.0000000000000000     ,  1.0000000000000000     )
 mdl_aEW =    7.8186082877247844E-003
 mdl_MW =    79.824359746197842     
 mdl_sqrt__aEW =    8.8422894590285753E-002
 mdl_ee =   0.31345100004952897     
 mdl_MW__exp__2 =    6371.9284088904105     
 mdl_sw2 =   0.23369913342182447     
 mdl_cw =   0.87538612427783857     
 mdl_sqrt__sw2 =   0.48342438232036300     
 mdl_sw =   0.48342438232036300     
 mdl_g1 =   0.35807170271074895     
 mdl_gN =   0.64839716719502682     
 mdl_gw =   0.64839716719502682     
 mdl_vev =    246.22056907348590     
 mdl_vev__exp__2 =    60624.568634871241     
 mdl_lam =   0.12886689630821144     
 mdl_yt =   0.98791394091683138     
 mdl_muH =    88.388347648318444     
 mdl_I2a33 =  ( 0.98791394091683138     ,  0.0000000000000000     )
 mdl_I3a33 =  ( 0.98791394091683138     ,  0.0000000000000000     )
 mdl_ee__exp__2 =    9.8251529432049817E-002
 mdl_sw__exp__2 =   0.23369913342182450     
 mdl_cw__exp__2 =   0.76630086657817542     
  Internal Params evaluated point by point
  ----------------------------------------
  
 mdl_sqrt__aS =   0.34409301068170506     
 mdl_G__exp__2 =    1.4878582807401259     
  Couplings of SM_HeavyN_UFO
  ---------------------------------
  
         GC_1 =  -0.00000E+00  -0.10448E+00
         GC_2 =   0.00000E+00   0.20897E+00
         GC_3 =  -0.00000E+00  -0.31345E+00
         GC_4 =   0.00000E+00   0.31345E+00
        GC_26 =   0.00000E+00   0.45849E+00
        GC_27 =  -0.00000E+00  -0.28380E+00
        GC_28 =   0.00000E+00   0.28380E+00
        GC_30 =   0.00000E+00   0.56760E+00
        GC_35 =  -0.00000E+00  -0.28850E-01
        GC_37 =   0.00000E+00   0.17310E+00
        GC_39 =   0.00000E+00  -0.19725E+00
        GC_40 =   0.00000E+00   0.37035E+00
        GC_80 =   0.00000E+00   0.67543E+02
       GC_107 =  -0.00000E+00  -0.74070E+00
       GC_109 =  -0.00000E+00  -0.74070E+00
       GC_111 =  -0.00000E+00  -0.74070E+00
       GC_113 =  -0.00000E+00  -0.74070E+00
       GC_115 =  -0.00000E+00  -0.74070E+00
       GC_117 =  -0.00000E+00  -0.74070E+00
       GC_119 =   0.00000E+00   0.00000E+00
       GC_120 =   0.00000E+00   0.00000E+00
       GC_122 =  -0.00000E+00  -0.00000E+00
       GC_126 =   0.00000E+00   0.00000E+00
       GC_127 =   0.00000E+00   0.00000E+00
       GC_129 =  -0.00000E+00  -0.00000E+00
       GC_133 =   0.00000E+00   0.45849E+00
       GC_134 =   0.00000E+00   0.37035E+00
       GC_136 =  -0.00000E+00  -0.74892E+01
        GC_81 =   0.32880E+02   0.00000E+00
        GC_82 =   0.34880E+02   0.00000E+00
        GC_83 =   0.36880E+02   0.00000E+00

 Collider parameters:
 --------------------

 Running at P P   machine @    13000.000000000000       GeV
 PDF set = nn23lo1
 alpha_s(Mz)= 0.1300 running at 2 loops.
 alpha_s(Mz)= 0.1300 running at 2 loops.
 Renormalization scale set on event-by-event basis
 Factorization   scale set on event-by-event basis


 getting user params
Enter number of events and max and min iterations: 
 Number of events and iterations         1000           5           3
Enter desired fractional accuracy: 
 Desired fractional accuracy:   0.10000000000000001     
Enter 0 for fixed, 2 for adjustable grid: 
Suppress amplitude (0 no, 1 yes)? 
 Using suppressed amplitude.
Exact helicity sum (0 yes, n = number/event)? 
 Explicitly summing over helicities
Enter Configuration Number: 
Running Configuration Number:  369
 Using dconfig=         719
 BW Setting            2           2           1           2           2           2           0
 Attempting mappinvarients           1           9
 Completed mapping           9
 about to integrate           19        1000           5           3          19           1
 Using non-zero grid deformation.
 19 dimensions   1000 events 19 invarients  5 iterations  1 config(s),  (0.99)
 Using h-tuple random number sequence.
 Error opening grid
 Using Uniform Grid!          36
 Using uniform alpha   1.0000000000000000     
 Grid defined OK
 Set CM energy to      13000.00
 Mapping Graph         369  to config         369
Setting grid   1    0.59172E-08   1
Setting grid   2    0.59172E-08   1
 Setting BW          -3           3   91.187600000000003     
Setting grid   4    0.36660E-04   1
Setting grid   5    0.17080E-03   1
Setting grid   6    0.17080E-03   1
 Transforming s_hat 1/s           18   2.1338287669017756E-004   1600.0000000000000        168999999.99999997     
 369   1   2   3   4   5   6   7   8   9  10  11  12  13  14
  15  16  17  18  19
 Masses: 0.000E+00 0.000E+00 0.000E+00 0.000E+00 0.000E+00 0.000E+00 0.000E+00 0.000E+00 0.912E+02
Using random seed offsets   369 :      1
  with seed                   24
 Ranmar initialization seeds          99        9398
 
 ********************************************
 * You are using the DiscreteSampler module *
 *      part of the MG5_aMC framework       *
 *         Author: Valentin Hirschi         *
 ********************************************
 
  Particle       3       4       5       6       7       8       9
      Et >    10.0    10.0    10.0    10.0     0.0     0.0     0.0
       E >     0.0     0.0     0.0     0.0     0.0     0.0     0.0
     Eta <     2.5     2.5     2.5     2.5    -1.0    -1.0    -1.0
   xqcut:      0.0     0.0     0.0     0.0     0.0     0.0     0.0
d R # 3  >    -0.0     0.4     0.4     0.4     0.0     0.0     0.0
d R # 4  >    -0.0    -0.0     0.4     0.4     0.0     0.0     0.0
d R # 5  >    -0.0    -0.0    -0.0     0.4     0.0     0.0     0.0
d R # 6  >    -0.0    -0.0    -0.0    -0.0     0.0     0.0     0.0
d R # 7  >    -0.0    -0.0    -0.0    -0.0    -0.0     0.0     0.0
d R # 8  >    -0.0    -0.0    -0.0    -0.0    -0.0    -0.0     0.0
s min # 3>     0.0     0.0     0.0     0.0     0.0     0.0     0.0
s min # 4>     0.0     0.0     0.0     0.0     0.0     0.0     0.0
s min # 5>     0.0     0.0     0.0     0.0     0.0     0.0     0.0
s min # 6>     0.0     0.0     0.0     0.0     0.0     0.0     0.0
s min # 7>     0.0     0.0     0.0     0.0     0.0     0.0     0.0
s min # 8>     0.0     0.0     0.0     0.0     0.0     0.0     0.0
xqcutij # 3>     0.0     0.0     0.0     0.0     0.0     0.0     0.0
xqcutij # 4>     0.0     0.0     0.0     0.0     0.0     0.0     0.0
xqcutij # 5>     0.0     0.0     0.0     0.0     0.0     0.0     0.0
xqcutij # 6>     0.0     0.0     0.0     0.0     0.0     0.0     0.0
xqcutij # 7>     0.0     0.0     0.0     0.0     0.0     0.0     0.0
xqcutij # 8>     0.0     0.0     0.0     0.0     0.0     0.0     0.0
 Excluding BW           -1           1
 Excluding BW           -2           2
 Requiring BW           -3           3
 Excluding BW           -4           4
 Excluding BW           -5           5
 Excluding BW           -6           6
 alpha_s for scale    212.80701858201425       is   0.11393621991745657     
 Added good helicity            1   56.042272749399729       in event            1 local:           1
 Added good helicity           21   2.6206811320703162E-003  in event            1 local:           1
 Added good helicity           25   8.5749218050280816E-003  in event            1 local:           1
 Added good helicity           37   1.3418871058520083E-004  in event            1 local:           1
 Added good helicity           41  0.65198923389545471       in event            1 local:           1
 Added good helicity           61   1.1636205046371914E-004  in event            1 local:           1
 Added good helicity          193   4.0144971968481302       in event            1 local:           1
 Added good helicity          213   2.3738394541401387E-004  in event            1 local:           1
 Added good helicity          217   4.3627454132203036       in event            1 local:           1
 Added good helicity          229   1.4591905953149255E-004  in event            1 local:           1
 Added good helicity          233   190.85872436151220       in event            1 local:           1
 Added good helicity          253   5.7941588421099588E-002  in event            1 local:           1
 Added good helicity            1   56.042272749399821       in event            1 local:           1
 Added good helicity           21   2.6206811320703054E-003  in event            1 local:           1
 Added good helicity           25   8.5749218050281024E-003  in event            1 local:           1
 Added good helicity           37   1.3418871058520150E-004  in event            1 local:           1
 Added good helicity           41  0.65198923389545793       in event            1 local:           1
 Added good helicity           61   1.1636205046371989E-004  in event            1 local:           1
 Added good helicity          193   4.0144971968481586       in event            1 local:           1
 Added good helicity          213   2.3738394541401693E-004  in event            1 local:           1
 Added good helicity          217   4.3627454132203063       in event            1 local:           1
 Added good helicity          229   1.4591905953149225E-004  in event            1 local:           1
 Added good helicity          233   190.85872436151206       in event            1 local:           1
 Added good helicity          253   5.7941588421099449E-002  in event            1 local:           1
 RESET CUMULATIVE VARIABLE
 RESET CUMULATIVE VARIABLE
 RESET CUMULATIVE VARIABLE
 Iteration  1   Mean: 0.2075E-12 Abs mean: 0.2075E-12   Fluctuation:  0.187E-12   0.186E-09     8.4%
  1    0.2075E-12 0.2075E-12 +- 0.1869E-12     28.48
 Writing out events   4.9552364236323178E-016   28.480733516521354     
 Relative summed weights:
  0.2161E-03  0.2409E-03  0.1400E-02  0.1094E-02  0.0000E+00  0.6404E-07
  0.5209E-03  0.3629E-04  0.1557E-03  0.2679E-05  0.5486E-17  0.5039E-05
  0.1781E-04  0.4554E-06  0.7764E-06  0.2303E-02  0.0000E+00  0.8073E-14
  0.3828E-03  0.9201E-04  0.4246E-03  0.8983E+00  0.2649E-04  0.2738E-06
  0.2529E-06  0.2042E-04  0.3221E-06  0.1919E-05  0.9935E-13  0.0000E+00
  0.4588E-04  0.2134E-06  0.2571E-04  0.2667E-04  0.6388E-10  0.2388E-08
  0.2757E-03  0.2437E-02  0.5335E-03  0.2484E-04  0.4447E-08  0.1669E-10
  0.6159E-01  0.8447E-03  0.1810E-02  0.2715E-01  0.0000E+00  0.1064E-11
 Relative number of events:
  0.1288E-01  0.9911E-02  0.1388E-01  0.1189E-01  0.0000E+00  0.1982E-02
  0.4856E-01  0.3964E-01  0.6145E-01  0.4757E-01  0.9911E-03  0.1982E-02
  0.5946E-02  0.1189E-01  0.1189E-01  0.7929E-02  0.0000E+00  0.9911E-03
  0.5550E-01  0.4559E-01  0.5946E-01  0.4856E-01  0.3964E-02  0.3964E-02
  0.8920E-02  0.9911E-02  0.1288E-01  0.1090E-01  0.9911E-03  0.0000E+00
  0.7929E-02  0.1388E-01  0.9911E-02  0.1685E-01  0.9911E-03  0.9911E-03
  0.3072E-01  0.3964E-01  0.6046E-01  0.6541E-01  0.3964E-02  0.2973E-02
  0.3766E-01  0.3964E-01  0.5451E-01  0.6145E-01  0.0000E+00  0.2973E-02
 Events:
          13          10          14          12           0           2
          49          40          62          48           1           2
           6          12          12           8           0           1
          56          46          60          49           4           4
           9          10          13          11           1           0
           8          14          10          17           1           1
          31          40          61          66           4           3
          38          40          55          62           0           3
 Iteration  2   Mean: 0.1127E-11 Abs mean: 0.1127E-11   Fluctuation:  0.894E-12   0.174E-08    34.8%
  2    0.1127E-11 0.1127E-11 +- 0.8939E-12     35.47
 Relative summed weights:
  0.1228E-05  0.8298E-04  0.1399E-03  0.7091E-05  0.0000E+00  0.1515E-10
  0.4164E-03  0.1255E-03  0.2962E-03  0.1745E+00  0.0000E+00  0.9899E-09
  0.2070E-04  0.7219E-03  0.2320E-05  0.6723E-08  0.3295E-07  0.0000E+00
  0.1190E-03  0.1163E-01  0.2204E-04  0.4593E-02  0.7856E-14  0.9851E-11
  0.1384E-03  0.2295E-06  0.6978E-03  0.2378E-01  0.0000E+00  0.0000E+00
  0.6399E-07  0.6735E-05  0.4057E-04  0.5560E-02  0.0000E+00  0.0000E+00
  0.1111E-02  0.7753E+00  0.4385E-03  0.1072E-04  0.4975E-11  0.0000E+00
  0.1071E-03  0.1254E-04  0.5011E-04  0.5738E-04  0.4263E-08  0.1428E-13
 Relative number of events:
  0.1400E-01  0.1400E-01  0.1200E-01  0.1050E-01  0.0000E+00  0.5000E-03
  0.5300E-01  0.5600E-01  0.4400E-01  0.4450E-01  0.0000E+00  0.5000E-03
  0.1400E-01  0.1350E-01  0.1150E-01  0.9000E-02  0.5000E-03  0.0000E+00
  0.5000E-01  0.5600E-01  0.4500E-01  0.5100E-01  0.5000E-03  0.2500E-02
  0.1650E-01  0.1000E-01  0.9000E-02  0.1100E-01  0.0000E+00  0.0000E+00
  0.1250E-01  0.1300E-01  0.1050E-01  0.1550E-01  0.0000E+00  0.0000E+00
  0.5650E-01  0.5800E-01  0.3300E-01  0.4050E-01  0.5000E-03  0.0000E+00
  0.5450E-01  0.5350E-01  0.4800E-01  0.5200E-01  0.1500E-02  0.1500E-02
 Events:
          28          28          24          21           0           1
         106         112          88          89           0           1
          28          27          23          18           1           0
         100         112          90         102           1           5
          33          20          18          22           0           0
          25          26          21          31           0           0
         113         116          66          81           1           0
         109         107          96         104           3           3
 Iteration  3   Mean: 0.1094E-12 Abs mean: 0.1094E-12   Fluctuation:  0.660E-13   0.256E-09    49.1%
  3    0.1094E-12 0.1094E-12 +- 0.6595E-13     38.11
 Relative summed weights:
  0.3293E-03  0.1084E-02  0.1693E-04  0.1290E-03  0.4452E-07  0.0000E+00
  0.4586E-02  0.4441E-02  0.1949E-01  0.3085E-01  0.6291E-13  0.1981E-08
  0.4962E-02  0.1803E-03  0.1782E-03  0.5946E-03  0.0000E+00  0.0000E+00
  0.2788E-02  0.1045E+00  0.6054E+00  0.3239E-02  0.5650E-06  0.4849E-15
  0.5696E-03  0.2292E-03  0.6667E-05  0.5069E-05  0.9922E-16  0.0000E+00
  0.1118E-02  0.1287E-01  0.1136E-02  0.1240E-04  0.0000E+00  0.1095E-07
  0.3068E-02  0.2930E-01  0.8577E-01  0.2152E-01  0.4791E-08  0.0000E+00
  0.1658E-01  0.4338E-01  0.9263E-03  0.7107E-03  0.1216E-08  0.4521E-09
 Relative number of events:
  0.1225E-01  0.1350E-01  0.1150E-01  0.1025E-01  0.2500E-03  0.0000E+00
  0.5925E-01  0.5625E-01  0.5150E-01  0.4800E-01  0.5000E-03  0.1000E-02
  0.1400E-01  0.8750E-02  0.9750E-02  0.1150E-01  0.0000E+00  0.0000E+00
  0.6100E-01  0.5550E-01  0.4525E-01  0.4600E-01  0.5000E-03  0.2500E-03
  0.1050E-01  0.1425E-01  0.9500E-02  0.9750E-02  0.2500E-03  0.0000E+00
  0.1650E-01  0.1150E-01  0.1150E-01  0.1200E-01  0.0000E+00  0.2500E-03
  0.5800E-01  0.5750E-01  0.4000E-01  0.4425E-01  0.5000E-03  0.0000E+00
  0.5475E-01  0.4675E-01  0.4175E-01  0.4200E-01  0.1000E-02  0.7500E-03
 Events:
          49          54          46          41           1           0
         237         225         206         192           2           4
          56          35          39          46           0           0
         244         222         181         184           2           1
          42          57          38          39           1           0
          66          46          46          48           0           1
         232         230         160         177           2           0
         219         187         167         168           4           3
 Accuracy:    0.751   0.100   0.423   3.145
 Found           19  events.
 Wrote            4  events.
 Actual xsec    4.2126033358558102E-013
 Correct abs xsec    4.2126033358558102E-013
 Event xsec    4.2126033358558107E-013
 Events wgts > 1:            1
 % Cross section > 1:    1.0747382294101491E-020   2.5512447855283550E-006
 Iteration  4   Mean: 0.2609E-11 Abs mean: 0.2609E-11   Fluctuation:  0.125E-11   0.806E-08    54.8%
  4    0.2609E-11 0.2609E-11 +- 0.1245E-11     42.70
 Relative summed weights:
  0.3911E-03  0.5817E-02  0.7961E-02  0.1683E-03  0.0000E+00  0.0000E+00
  0.2376E-02  0.1301E-02  0.4331E-02  0.4583E-03  0.1067E-08  0.8719E-07
  0.5519E-03  0.2025E+00  0.5082E-03  0.1979E-01  0.0000E+00  0.0000E+00
  0.1243E-01  0.1544E-01  0.6249E-03  0.6496E-03  0.6496E-08  0.9043E-09
  0.3875E+00  0.1778E-03  0.1629E-01  0.1219E-02  0.0000E+00  0.2204E-04
  0.6266E-02  0.1281E-01  0.1515E-01  0.1731E-03  0.0000E+00  0.4693E-03
  0.9962E-02  0.3686E-02  0.1132E-02  0.1989E+00  0.2806E-11  0.1139E-10
  0.6081E-02  0.5184E-01  0.7402E-02  0.5604E-02  0.5300E-06  0.1792E-09
 Relative number of events:
  0.1487E-01  0.1575E-01  0.9625E-02  0.1013E-01  0.0000E+00  0.0000E+00
  0.6200E-01  0.5462E-01  0.4312E-01  0.4312E-01  0.3750E-03  0.2500E-03
  0.1475E-01  0.1550E-01  0.1125E-01  0.8750E-02  0.0000E+00  0.0000E+00
  0.5550E-01  0.5550E-01  0.4100E-01  0.4000E-01  0.2500E-03  0.3750E-03
  0.1537E-01  0.1438E-01  0.1000E-01  0.8625E-02  0.0000E+00  0.2500E-03
  0.1575E-01  0.1400E-01  0.8500E-02  0.8250E-02  0.0000E+00  0.6250E-03
  0.5750E-01  0.6000E-01  0.4425E-01  0.4175E-01  0.2500E-03  0.2500E-03
  0.5962E-01  0.5825E-01  0.4188E-01  0.4337E-01  0.2500E-03  0.1250E-03
 Events:
         119         126          77          81           0           0
         496         437         345         345           3           2
         118         124          90          70           0           0
         444         444         328         320           2           3
         123         115          80          69           0           2
         126         112          68          66           0           5
         460         480         354         334           2           2
         477         466         335         347           2           1
 Accuracy:    0.474   0.100   0.317   2.237
 Found          263  events.
 Wrote            2  events.
 Actual xsec    1.5508218217297577E-012
 Correct abs xsec    1.5508218217297577E-012
 Event xsec    1.5508218217297577E-012
 Events wgts > 1:            1
 % Cross section > 1:    2.5467126031563944E-020   1.6421696983318422E-006
 Iteration  5   Mean: 0.9223E-11 Abs mean: 0.9223E-11   Fluctuation:  0.416E-11   0.533E-07    55.8%
  5    0.9223E-11 0.9223E-11 +- 0.4160E-11     57.05
 Relative summed weights:
  0.3177E-02  0.2547E+00  0.1573E-02  0.2908E-03  0.6853E-07  0.1860E-05
  0.1642E-02  0.2036E-01  0.8622E-02  0.4234E-02  0.9930E-07  0.0000E+00
  0.6266E-01  0.1472E-02  0.1800E-01  0.1848E-03  0.0000E+00  0.0000E+00
  0.2873E-02  0.5056E-01  0.3507E-01  0.1898E-02  0.2106E-09  0.6263E-09
  0.9817E-02  0.8087E-02  0.1236E-03  0.6143E-03  0.1185E-11  0.6651E-17
  0.1232E-02  0.4144E+00  0.7494E-02  0.7668E-03  0.1565E-08  0.0000E+00
  0.4604E-02  0.5875E-01  0.2642E-02  0.9520E-02  0.5103E-12  0.4174E-08
  0.4592E-02  0.5753E-02  0.2648E-02  0.1600E-02  0.7279E-07  0.5755E-06
 Relative number of events:
  0.1281E-01  0.1456E-01  0.1087E-01  0.8000E-02  0.6250E-04  0.1875E-03
  0.5756E-01  0.5531E-01  0.4188E-01  0.4394E-01  0.3125E-03  0.0000E+00
  0.1506E-01  0.1613E-01  0.1006E-01  0.8625E-02  0.0000E+00  0.0000E+00
  0.5750E-01  0.5944E-01  0.4331E-01  0.4469E-01  0.1875E-03  0.4375E-03
  0.1638E-01  0.1281E-01  0.1000E-01  0.8563E-02  0.6250E-04  0.6250E-04
  0.1306E-01  0.1406E-01  0.9437E-02  0.9625E-02  0.6250E-04  0.0000E+00
  0.5613E-01  0.5750E-01  0.4506E-01  0.4475E-01  0.1250E-03  0.3125E-03
  0.5731E-01  0.5763E-01  0.4169E-01  0.4394E-01  0.2500E-03  0.2500E-03
 Events:
         205         233         174         128           1           3
         921         885         670         703           5           0
         241         258         161         138           0           0
         920         951         693         715           3           7
         262         205         160         137           1           1
         209         225         151         154           1           0
         898         920         721         716           2           5
         917         922         667         703           4           4
 Accuracy:    0.478   0.100   0.259   3.405
 Found          247  events.
 Wrote            1  events.
 Actual xsec    4.7348094238790961E-012
 Correct abs xsec    4.7348094238790961E-012
 Event xsec    4.7348094238790961E-012
 Events wgts > 1:            1
 % Cross section > 1:    4.0720164709350085E-019   8.6001697352349198E-006

 -------------------------------------------------------------------------------
 Accumulated results:   Integral =  0.3974E-11
                        Std dev  =  0.1030E-11
                       Cross sec =  0.3974E-11
             Chi**2 per DoF.     =      3.4049
 -------------------------------------------------------------------------------
-------------------------------------------------
---------------------------
 Results Last   3 iters: Integral =   0.4735E-11
                     Abs integral =   0.4735E-11
                          Std dev =   0.1364E-11
                  Chi**2 per DoF. =   2461.3185
-------------------------------------------------
---------------------------
 Status  0.10000000000000001                6           5

ls status:
events.lhe
ftn26
input_app.txt
results.dat
run1_app.log
