 Process in group number            1
 A PDF is used, so alpha_s(MZ) is going to be modified
 Old value of alpha_s from param_card:   0.11839999999999999     
  ****************************************
 
       NNPDFDriver version 1.0.3
   Grid: NNPDF23_lo_as_0130_qed_mem0.grid
  ****************************************
 New value of alpha_s from PDF nn23lo1:  0.13000000000000000     
 Define smin to   1600.0000000000000     
 Define smin to   1600.0000000000000     
 Define smin to   1600.0000000000000     
 *****************************************************
 *               MadGraph/MadEvent                   *
 *        --------------------------------           *
 *          http://madgraph.hep.uiuc.edu             *
 *          http://madgraph.phys.ucl.ac.be           *
 *          http://madgraph.roma2.infn.it            *
 *        --------------------------------           *
 *                                                   *
 *          PARAMETER AND COUPLING VALUES            *
 *                                                   *
 *****************************************************

  External Params
  ---------------------------------
  
 mdl_VeN1 =    1.0000000000000000     
 mdl_VeN2 =    0.0000000000000000     
 mdl_VeN3 =    0.0000000000000000     
 mdl_VmuN1 =    0.0000000000000000     
 mdl_VmuN2 =    1.0000000000000000     
 mdl_VmuN3 =    0.0000000000000000     
 mdl_VtaN1 =    0.0000000000000000     
 mdl_VtaN2 =    0.0000000000000000     
 mdl_VtaN3 =    1.0000000000000000     
 mdl_VN1N1 =    1.0000000000000000     
 mdl_VN1N2 =    1.0000000000000000     
 mdl_VN1N3 =    1.0000000000000000     
 mdl_VN2N2 =    1.0000000000000000     
 mdl_VN2N3 =    1.0000000000000000     
 mdl_VN3N3 =    1.0000000000000000     
 aEWM1 =    127.90000000000001     
 mdl_Gf =    1.1663700000000000E-005
 aS =   0.11839999999999999     
 mdl_ymt =    172.00000000000000     
 mdl_vevf =    50.000000000000000     
 mdl_MZ =    91.187600000000003     
 mdl_MT =    172.00000000000000     
 mdl_MH =    125.00000000000000     
 mdl_mN1 =    1644.0000000000000     
 mdl_mN2 =    1744.0000000000000     
 mdl_mN3 =    1844.0000000000000     
 mdl_MJ =    91.187600000000003     
 mdl_MAx =    173.04800000000000     
 mdl_WZ =    2.4952000000000001     
 mdl_WW =    2.0850000000000000     
 mdl_WT =    1.5083359999999999     
 mdl_WH =    4.0699999999999998E-003
 mdl_WN1 =   0.30299999999999999     
 mdl_WN2 =    1.5000000000000000     
 mdl_WN3 =    12.300000000000001     
 mdl_WJ =    2.4952000000000001     
 mdl_WAx =    4.1700000000000001E-003
  Internal Params
  ---------------------------------
  
 mdl_vevf__exp__2 =    2500.0000000000000     
 mdl_sqrt__vevf__exp__2 =    50.000000000000000     
 mdl_muJ =    50.000000000000000     
 mdl_MZ__exp__2 =    8315.1783937600012     
 mdl_MZ__exp__4 =    69142191.720053151     
 mdl_sqrt__2 =    1.4142135623730951     
 mdl_MJ__exp__2 =    8315.1783937600012     
 mdl_muJ__exp__2 =    2500.0000000000000     
 mdl_lamJ =    4.3260713575040004     
 mdl_MH__exp__2 =    15625.000000000000     
 mdl_complexi =  (  0.0000000000000000     ,  1.0000000000000000     )
 mdl_aEW =    7.8186082877247844E-003
 mdl_MW =    79.824359746197842     
 mdl_sqrt__aEW =    8.8422894590285753E-002
 mdl_ee =   0.31345100004952897     
 mdl_MW__exp__2 =    6371.9284088904105     
 mdl_sw2 =   0.23369913342182447     
 mdl_cw =   0.87538612427783857     
 mdl_sqrt__sw2 =   0.48342438232036300     
 mdl_sw =   0.48342438232036300     
 mdl_g1 =   0.35807170271074895     
 mdl_gN =   0.64839716719502682     
 mdl_gw =   0.64839716719502682     
 mdl_vev =    246.22056907348590     
 mdl_vev__exp__2 =    60624.568634871241     
 mdl_lam =   0.12886689630821144     
 mdl_yt =   0.98791394091683138     
 mdl_muH =    88.388347648318444     
 mdl_I2a33 =  ( 0.98791394091683138     ,  0.0000000000000000     )
 mdl_I3a33 =  ( 0.98791394091683138     ,  0.0000000000000000     )
 mdl_ee__exp__2 =    9.8251529432049817E-002
 mdl_sw__exp__2 =   0.23369913342182450     
 mdl_cw__exp__2 =   0.76630086657817542     
  Internal Params evaluated point by point
  ----------------------------------------
  
 mdl_sqrt__aS =   0.34409301068170506     
 mdl_G__exp__2 =    1.4878582807401259     
  Couplings of SM_HeavyN_UFO
  ---------------------------------
  
         GC_1 =  -0.00000E+00  -0.10448E+00
         GC_2 =   0.00000E+00   0.20897E+00
         GC_3 =  -0.00000E+00  -0.31345E+00
         GC_4 =   0.00000E+00   0.31345E+00
        GC_26 =   0.00000E+00   0.45849E+00
        GC_27 =  -0.00000E+00  -0.28380E+00
        GC_28 =   0.00000E+00   0.28380E+00
        GC_30 =   0.00000E+00   0.56760E+00
        GC_35 =  -0.00000E+00  -0.28850E-01
        GC_37 =   0.00000E+00   0.17310E+00
        GC_39 =   0.00000E+00  -0.19725E+00
        GC_40 =   0.00000E+00   0.37035E+00
        GC_80 =   0.00000E+00   0.67543E+02
       GC_107 =  -0.00000E+00  -0.74070E+00
       GC_109 =  -0.00000E+00  -0.74070E+00
       GC_111 =  -0.00000E+00  -0.74070E+00
       GC_113 =  -0.00000E+00  -0.74070E+00
       GC_115 =  -0.00000E+00  -0.74070E+00
       GC_117 =  -0.00000E+00  -0.74070E+00
       GC_119 =   0.00000E+00   0.00000E+00
       GC_120 =   0.00000E+00   0.00000E+00
       GC_122 =  -0.00000E+00  -0.00000E+00
       GC_126 =   0.00000E+00   0.00000E+00
       GC_127 =   0.00000E+00   0.00000E+00
       GC_129 =  -0.00000E+00  -0.00000E+00
       GC_133 =   0.00000E+00   0.45849E+00
       GC_134 =   0.00000E+00   0.37035E+00
       GC_136 =  -0.00000E+00  -0.74892E+01
        GC_81 =   0.32880E+02   0.00000E+00
        GC_82 =   0.34880E+02   0.00000E+00
        GC_83 =   0.36880E+02   0.00000E+00

 Collider parameters:
 --------------------

 Running at P P   machine @    13000.000000000000       GeV
 PDF set = nn23lo1
 alpha_s(Mz)= 0.1300 running at 2 loops.
 alpha_s(Mz)= 0.1300 running at 2 loops.
 Renormalization scale set on event-by-event basis
 Factorization   scale set on event-by-event basis


 getting user params
Enter number of events and max and min iterations: 
 Number of events and iterations         1000           5           3
Enter desired fractional accuracy: 
 Desired fractional accuracy:   0.10000000000000001     
Enter 0 for fixed, 2 for adjustable grid: 
Suppress amplitude (0 no, 1 yes)? 
 Using suppressed amplitude.
Exact helicity sum (0 yes, n = number/event)? 
 Explicitly summing over helicities
Enter Configuration Number: 
Running Configuration Number: 1253
 Using dconfig=         647
 BW Setting            2           2           2           2           1           2           0
 Attempting mappinvarients           1           9
 Completed mapping           9
 about to integrate           19        1000           5           3          19           1
 Using non-zero grid deformation.
 19 dimensions   1000 events 19 invarients  5 iterations  1 config(s),  (0.99)
 Using h-tuple random number sequence.
 Error opening grid
 Using Uniform Grid!          36
 Using uniform alpha   1.0000000000000000     
 Grid defined OK
 Set CM energy to      13000.00
 Mapping Graph        1253  to config        1253
Setting grid   1    0.59172E-08   1
Setting grid   2    0.59172E-08   1
Setting grid   3    0.49202E-04   1
Setting grid   4    0.59172E-08   1
 Setting BW          -5           5   1844.0000000000000     
Setting grid   6    0.20773E-01   1
 Transforming s_hat 1/s           18   2.1219246901738226E-002   1600.0000000000000        168999999.99999997     
1253   1   2   3   4   5   6   7   8   9  10  11  12  13  14
  15  16  17  18  19
 Masses: 0.000E+00 0.000E+00 0.000E+00 0.000E+00 0.000E+00 0.000E+00 0.000E+00 0.000E+00 0.912E+02
Using random seed offsets  1253 :      1
  with seed                   24
 Ranmar initialization seeds         983        9398
 
 ********************************************
 * You are using the DiscreteSampler module *
 *      part of the MG5_aMC framework       *
 *         Author: Valentin Hirschi         *
 ********************************************
 
  Particle       3       4       5       6       7       8       9
      Et >    10.0    10.0    10.0    10.0     0.0     0.0     0.0
       E >     0.0     0.0     0.0     0.0     0.0     0.0     0.0
     Eta <     2.5     2.5     2.5     2.5    -1.0    -1.0    -1.0
   xqcut:      0.0     0.0     0.0     0.0     0.0     0.0     0.0
d R # 3  >    -0.0     0.4     0.4     0.4     0.0     0.0     0.0
d R # 4  >    -0.0    -0.0     0.4     0.4     0.0     0.0     0.0
d R # 5  >    -0.0    -0.0    -0.0     0.4     0.0     0.0     0.0
d R # 6  >    -0.0    -0.0    -0.0    -0.0     0.0     0.0     0.0
d R # 7  >    -0.0    -0.0    -0.0    -0.0    -0.0     0.0     0.0
d R # 8  >    -0.0    -0.0    -0.0    -0.0    -0.0    -0.0     0.0
s min # 3>     0.0     0.0     0.0     0.0     0.0     0.0     0.0
s min # 4>     0.0     0.0     0.0     0.0     0.0     0.0     0.0
s min # 5>     0.0     0.0     0.0     0.0     0.0     0.0     0.0
s min # 6>     0.0     0.0     0.0     0.0     0.0     0.0     0.0
s min # 7>     0.0     0.0     0.0     0.0     0.0     0.0     0.0
s min # 8>     0.0     0.0     0.0     0.0     0.0     0.0     0.0
xqcutij # 3>     0.0     0.0     0.0     0.0     0.0     0.0     0.0
xqcutij # 4>     0.0     0.0     0.0     0.0     0.0     0.0     0.0
xqcutij # 5>     0.0     0.0     0.0     0.0     0.0     0.0     0.0
xqcutij # 6>     0.0     0.0     0.0     0.0     0.0     0.0     0.0
xqcutij # 7>     0.0     0.0     0.0     0.0     0.0     0.0     0.0
xqcutij # 8>     0.0     0.0     0.0     0.0     0.0     0.0     0.0
 Excluding BW           -1           1
 Excluding BW           -2           2
 Excluding BW           -3           3
 Excluding BW           -4           4
 Requiring BW           -5           5
 Excluding BW           -6           6
 alpha_s for scale    2368.5701297760461       is    8.4513648671386693E-002
 Added good helicity            1   2.1050349907642225       in event            1 local:           1
 Added good helicity           21   3.3308109381582069E-007  in event            1 local:           1
 Added good helicity           25  0.18792790654360261       in event            1 local:           1
 Added good helicity           41   8.3320651821839596E-007  in event            1 local:           1
 Added good helicity           61   1.1539199132231793E-008  in event            1 local:           1
 Added good helicity          193   252.64873804210887       in event            1 local:           1
 Added good helicity          213   2.3240086226477690E-004  in event            1 local:           1
 Added good helicity          217   1.0580347468790290       in event            1 local:           1
 Added good helicity          233   3.0365010454374547E-005  in event            1 local:           1
 Added good helicity          253   3.6791670771004199E-007  in event            1 local:           1
 Added good helicity            1   2.1050349907643193       in event            1 local:           1
 Added good helicity           21   3.3308109381622139E-007  in event            1 local:           1
 Added good helicity           25  0.18792790654357466       in event            1 local:           1
 Added good helicity           41   8.3320651821850713E-007  in event            1 local:           1
 Added good helicity           61   1.1539199132233459E-008  in event            1 local:           1
 Added good helicity          193   252.64873804210893       in event            1 local:           1
 Added good helicity          213   2.3240086226472605E-004  in event            1 local:           1
 Added good helicity          217   1.0580347468789320       in event            1 local:           1
 Added good helicity          233   3.0365010454372873E-005  in event            1 local:           1
 Added good helicity          253   3.6791670770998126E-007  in event            1 local:           1
 Added good helicity           37   1.1057600696626178       in event            4 local:           2
 Added good helicity          229   2.7495170081418303       in event            4 local:           2
 Added good helicity           37   1.1057600696627201       in event            4 local:           2
 Added good helicity          229   2.7495170081419884       in event            4 local:           2
 RESET CUMULATIVE VARIABLE
 RESET CUMULATIVE VARIABLE
 RESET CUMULATIVE VARIABLE
 Iteration  1   Mean: 0.2600E-11 Abs mean: 0.2600E-11   Fluctuation:  0.145E-11   0.118E-08     9.8%
  1    0.2600E-11 0.2600E-11 +- 0.1452E-11     17.66
 Writing out events   5.2847051255908836E-015   17.660201593102911     
 Relative summed weights:
  0.1356E-03  0.7416E-03  0.4300E-02  0.1336E-02  0.4718E-06  0.1236E-06
  0.2417E+00  0.2518E-02  0.8787E-04  0.1241E-03  0.0000E+00  0.0000E+00
  0.2172E+00  0.8120E-03  0.5546E-04  0.5498E-02  0.7537E-05  0.1757E-05
  0.2444E-02  0.1756E-02  0.5127E-02  0.1874E-03  0.0000E+00  0.6582E-04
  0.5672E-02  0.4547E+00  0.2564E-02  0.6488E-03  0.0000E+00  0.0000E+00
  0.2264E-02  0.6735E-03  0.1661E-02  0.3262E-04  0.4438E-10  0.1130E-05
  0.2641E-01  0.5435E-03  0.4915E-02  0.8805E-02  0.4712E-08  0.2683E-04
  0.7712E-03  0.5867E-02  0.7795E-05  0.2830E-03  0.6254E-08  0.2971E-10
 Relative number of events:
  0.3667E-01  0.3865E-01  0.2874E-01  0.1487E-01  0.5946E-02  0.4955E-02
  0.4262E-01  0.4955E-01  0.2874E-01  0.2180E-01  0.0000E+00  0.0000E+00
  0.3568E-01  0.3568E-01  0.2081E-01  0.1784E-01  0.3964E-02  0.3964E-02
  0.4262E-01  0.3865E-01  0.1883E-01  0.1784E-01  0.0000E+00  0.9911E-03
  0.4262E-01  0.4460E-01  0.2676E-01  0.2379E-01  0.0000E+00  0.0000E+00
  0.3072E-01  0.2379E-01  0.2676E-01  0.1784E-01  0.9911E-03  0.4955E-02
  0.3568E-01  0.3370E-01  0.2577E-01  0.2379E-01  0.1982E-02  0.9911E-03
  0.4063E-01  0.3964E-01  0.1982E-01  0.1982E-01  0.3964E-02  0.1982E-02
 Events:
          37          39          29          15           6           5
          43          50          29          22           0           0
          36          36          21          18           4           4
          43          39          19          18           0           1
          43          45          27          24           0           0
          31          24          27          18           1           5
          36          34          26          24           2           1
          41          40          20          20           4           2
 Iteration  2   Mean: 0.6795E-10 Abs mean: 0.6795E-10   Fluctuation:  0.440E-10   0.840E-07    25.6%
  2    0.6795E-10 0.6795E-10 +- 0.4400E-10     28.96
 Relative summed weights:
  0.2446E-01  0.1137E-01  0.4479E-03  0.7202E-04  0.6343E-10  0.7202E-10
  0.8709E-03  0.5738E-03  0.8465E-03  0.4407E-04  0.4350E-09  0.0000E+00
  0.1608E-01  0.5142E-02  0.1225E-04  0.1634E-05  0.4247E-08  0.0000E+00
  0.1397E-02  0.1093E-01  0.1187E+00  0.3651E-03  0.0000E+00  0.0000E+00
  0.7420E-02  0.1650E-03  0.1503E+00  0.2384E-03  0.0000E+00  0.0000E+00
  0.1387E-01  0.8174E-03  0.1015E-03  0.1184E-03  0.1307E-05  0.6106E-06
  0.1054E-02  0.8348E-03  0.1189E-01  0.1041E-02  0.0000E+00  0.0000E+00
  0.1735E-03  0.4999E-03  0.3797E-05  0.6201E+00  0.8349E-10  0.8701E-08
 Relative number of events:
  0.3950E-01  0.3900E-01  0.1250E-01  0.1600E-01  0.1000E-02  0.1500E-02
  0.4050E-01  0.3800E-01  0.2250E-01  0.1800E-01  0.5000E-03  0.0000E+00
  0.3800E-01  0.3950E-01  0.1650E-01  0.1300E-01  0.5000E-03  0.0000E+00
  0.4750E-01  0.3900E-01  0.2000E-01  0.2550E-01  0.0000E+00  0.0000E+00
  0.4600E-01  0.4650E-01  0.2550E-01  0.2700E-01  0.0000E+00  0.0000E+00
  0.4100E-01  0.4600E-01  0.1850E-01  0.2050E-01  0.1500E-02  0.1500E-02
  0.4450E-01  0.4650E-01  0.2200E-01  0.2300E-01  0.0000E+00  0.0000E+00
  0.4100E-01  0.4150E-01  0.1900E-01  0.1800E-01  0.1000E-02  0.1000E-02
 Events:
          79          78          25          32           2           3
          81          76          45          36           1           0
          76          79          33          26           1           0
          95          78          40          51           0           0
          92          93          51          54           0           0
          82          92          37          41           3           3
          89          93          44          46           0           0
          82          83          38          36           2           2
 Iteration  3   Mean: 0.5722E-10 Abs mean: 0.5722E-10   Fluctuation:  0.314E-10   0.109E-06    37.4%
  3    0.5722E-10 0.5722E-10 +- 0.3136E-10     34.66
 Relative summed weights:
  0.2318E-02  0.1419E-01  0.8780E-03  0.2614E+00  0.5049E-11  0.1115E-04
  0.3344E-02  0.3976E-02  0.2310E-03  0.1033E-01  0.4637E-11  0.2097E-08
  0.2567E-03  0.1330E-02  0.8206E-02  0.5741E-01  0.9929E-08  0.3152E-07
  0.4786E+00  0.4001E-02  0.3732E-03  0.9362E-03  0.2620E-07  0.2058E-06
  0.9524E-02  0.1055E-02  0.7203E-01  0.1988E-03  0.7085E-08  0.0000E+00
  0.3372E-02  0.1662E-01  0.2757E-04  0.4197E-03  0.5433E-09  0.7873E-09
  0.1880E-02  0.4678E-02  0.1140E-03  0.2867E-02  0.4309E-06  0.4010E-06
  0.1227E-02  0.1971E-01  0.1836E-01  0.4650E-04  0.1408E-06  0.1312E-10
 Relative number of events:
  0.3675E-01  0.4450E-01  0.1925E-01  0.2100E-01  0.2500E-03  0.2000E-02
  0.4500E-01  0.4400E-01  0.2200E-01  0.1600E-01  0.2500E-03  0.5000E-03
  0.4075E-01  0.3575E-01  0.1650E-01  0.2000E-01  0.1000E-02  0.7500E-03
  0.4575E-01  0.3900E-01  0.2050E-01  0.1850E-01  0.5000E-03  0.5000E-03
  0.5175E-01  0.4750E-01  0.1875E-01  0.1800E-01  0.2500E-03  0.0000E+00
  0.3800E-01  0.4300E-01  0.1700E-01  0.1800E-01  0.5000E-03  0.1000E-02
  0.4375E-01  0.4600E-01  0.2075E-01  0.2400E-01  0.2500E-03  0.2500E-03
  0.3925E-01  0.4175E-01  0.2000E-01  0.1800E-01  0.1000E-02  0.2500E-03
 Events:
         147         178          77          84           1           8
         180         176          88          64           1           2
         163         143          66          80           4           3
         183         156          82          74           2           2
         207         190          75          72           1           0
         152         172          68          72           2           4
         175         184          83          96           1           1
         157         167          80          72           4           1
 Accuracy:    0.501   0.100   0.335   2.240
 Found           53  events.
 Wrote            3  events.
 Actual xsec    4.0455081144765990E-011
 Correct abs xsec    4.0455081144765990E-011
 Event xsec    4.0455081144765983E-011
 Events wgts > 1:            0
 % Cross section > 1:    0.0000000000000000        0.0000000000000000     
 Iteration  4   Mean: 0.8836E-10 Abs mean: 0.8836E-10   Fluctuation:  0.320E-10   0.173E-06    48.1%
  4    0.8836E-10 0.8836E-10 +- 0.3201E-10     32.40
 Relative summed weights:
  0.5875E-01  0.4344E-02  0.3447E-03  0.2178E-01  0.5604E-06  0.4268E-07
  0.2798E-01  0.5656E-01  0.4736E-02  0.3230E-03  0.1291E-08  0.1686E-05
  0.8778E-02  0.1688E-01  0.3260E-02  0.1338E-02  0.3857E-05  0.1671E-05
  0.7617E-02  0.7389E-02  0.5350E-02  0.1602E-01  0.0000E+00  0.3926E-11
  0.7735E-03  0.6612E-01  0.5910E-02  0.8778E-02  0.8024E-08  0.1102E-07
  0.3352E-02  0.1124E-01  0.4680E-03  0.3823E-02  0.4026E-05  0.5846E-10
  0.3214E+00  0.2432E+00  0.3424E-02  0.8385E-02  0.6040E-10  0.3056E-07
  0.1062E-01  0.6806E-01  0.2043E-02  0.8264E-03  0.7326E-06  0.7179E-04
 Relative number of events:
  0.4138E-01  0.3662E-01  0.1812E-01  0.2038E-01  0.1250E-02  0.5000E-03
  0.4288E-01  0.4462E-01  0.2125E-01  0.2000E-01  0.3750E-03  0.1250E-03
  0.3875E-01  0.4138E-01  0.2075E-01  0.1912E-01  0.8750E-03  0.1250E-02
  0.4688E-01  0.5050E-01  0.1812E-01  0.2063E-01  0.0000E+00  0.2500E-03
  0.4225E-01  0.4550E-01  0.2025E-01  0.1925E-01  0.2500E-03  0.2500E-03
  0.3925E-01  0.4175E-01  0.1775E-01  0.1725E-01  0.1375E-02  0.3750E-03
  0.4500E-01  0.4362E-01  0.2075E-01  0.1862E-01  0.2500E-03  0.1250E-03
  0.4213E-01  0.3938E-01  0.1825E-01  0.1738E-01  0.1500E-02  0.1500E-02
 Events:
         331         293         145         163          10           4
         343         357         170         160           3           1
         310         331         166         153           7          10
         375         404         145         165           0           2
         338         364         162         154           2           2
         314         334         142         138          11           3
         360         349         166         149           2           1
         337         315         146         139          12          12
 Accuracy:    0.294   0.100   0.246   1.429
 Found          165  events.
 Wrote            4  events.
 Actual xsec    7.6938361558919605E-011
 Correct abs xsec    7.6938361558919605E-011
 Event xsec    7.6938361558919605E-011
 Events wgts > 1:            0
 % Cross section > 1:    0.0000000000000000        0.0000000000000000     
 Iteration  5   Mean: 0.4823E-09 Abs mean: 0.4823E-09   Fluctuation:  0.226E-09   0.256E-05    45.1%
  5    0.4823E-09 0.4823E-09 +- 0.2263E-09     59.35
 Relative summed weights:
  0.3252E-02  0.7215E-02  0.3681E-02  0.4583E-02  0.4006E-04  0.1234E-05
  0.5867E-02  0.6795E-02  0.1781E-02  0.7565E-03  0.1028E-06  0.1110E-06
  0.4807E-01  0.2628E-02  0.2360E-01  0.1093E-01  0.2884E-07  0.1349E-06
  0.1450E-02  0.6863E-01  0.2876E-03  0.1183E-01  0.9600E-07  0.8908E-07
  0.3839E-02  0.4345E-02  0.6533E-02  0.6209E-02  0.0000E+00  0.5235E-07
  0.2335E-02  0.4280E-02  0.1027E-01  0.3328E+00  0.5407E-05  0.3695E-05
  0.5582E-02  0.2712E-01  0.5679E-02  0.3062E-03  0.8812E-10  0.9980E-11
  0.8123E-02  0.4041E-02  0.5740E-01  0.3196E+00  0.5890E-04  0.4247E-05
 Relative number of events:
  0.3931E-01  0.3775E-01  0.1669E-01  0.1819E-01  0.1125E-02  0.1125E-02
  0.4662E-01  0.4462E-01  0.2056E-01  0.2250E-01  0.3125E-03  0.1875E-03
  0.3850E-01  0.3969E-01  0.1800E-01  0.1831E-01  0.9375E-03  0.7500E-03
  0.4381E-01  0.4369E-01  0.2063E-01  0.1894E-01  0.4375E-03  0.1875E-03
  0.4412E-01  0.4444E-01  0.1931E-01  0.1937E-01  0.0000E+00  0.1875E-03
  0.4337E-01  0.3750E-01  0.2019E-01  0.1925E-01  0.9375E-03  0.9375E-03
  0.4650E-01  0.4612E-01  0.2244E-01  0.1894E-01  0.1250E-03  0.1250E-03
  0.4100E-01  0.4156E-01  0.1875E-01  0.1956E-01  0.1250E-02  0.1125E-02
 Events:
         629         604         267         291          18          18
         746         714         329         360           5           3
         616         635         288         293          15          12
         701         699         330         303           7           3
         706         711         309         310           0           3
         694         600         323         308          15          15
         744         738         359         303           2           2
         656         665         300         313          20          18
 Accuracy:    0.572   0.100   0.218   6.888
 Found          487  events.
 Wrote            2  events.
 Actual xsec    1.9715265343677270E-010
 Correct abs xsec    1.9715265343677270E-010
 Event xsec    1.9715265343677270E-010
 Events wgts > 1:            0
 % Cross section > 1:    0.0000000000000000        0.0000000000000000     

 -------------------------------------------------------------------------------
 Accumulated results:   Integral =  0.1530E-09
                        Std dev  =  0.3331E-10
                       Cross sec =  0.1530E-09
             Chi**2 per DoF.     =      6.8880
 -------------------------------------------------------------------------------
-------------------------------------------------
---------------------------
 Results Last   3 iters: Integral =   0.1972E-09
                     Abs integral =   0.1972E-09
                          Std dev =   0.5009E-10
                  Chi**2 per DoF. =     16.5225
-------------------------------------------------
---------------------------
 Status  0.10000000000000001                6           5

ls status:
events.lhe
ftn26
input_app.txt
results.dat
run1_app.log
