 Process in group number            1
 A PDF is used, so alpha_s(MZ) is going to be modified
 Old value of alpha_s from param_card:   0.11839999999999999     
  ****************************************
 
       NNPDFDriver version 1.0.3
   Grid: NNPDF23_lo_as_0130_qed_mem0.grid
  ****************************************
 New value of alpha_s from PDF nn23lo1:  0.13000000000000000     
 Define smin to   1600.0000000000000     
 Define smin to   1600.0000000000000     
 Define smin to   1600.0000000000000     
 *****************************************************
 *               MadGraph/MadEvent                   *
 *        --------------------------------           *
 *          http://madgraph.hep.uiuc.edu             *
 *          http://madgraph.phys.ucl.ac.be           *
 *          http://madgraph.roma2.infn.it            *
 *        --------------------------------           *
 *                                                   *
 *          PARAMETER AND COUPLING VALUES            *
 *                                                   *
 *****************************************************

  External Params
  ---------------------------------
  
 mdl_VeN1 =    1.0000000000000000     
 mdl_VeN2 =    0.0000000000000000     
 mdl_VeN3 =    0.0000000000000000     
 mdl_VmuN1 =    0.0000000000000000     
 mdl_VmuN2 =    1.0000000000000000     
 mdl_VmuN3 =    0.0000000000000000     
 mdl_VtaN1 =    0.0000000000000000     
 mdl_VtaN2 =    0.0000000000000000     
 mdl_VtaN3 =    1.0000000000000000     
 mdl_VN1N1 =    1.0000000000000000     
 mdl_VN1N2 =    1.0000000000000000     
 mdl_VN1N3 =    1.0000000000000000     
 mdl_VN2N2 =    1.0000000000000000     
 mdl_VN2N3 =    1.0000000000000000     
 mdl_VN3N3 =    1.0000000000000000     
 aEWM1 =    127.90000000000001     
 mdl_Gf =    1.1663700000000000E-005
 aS =   0.11839999999999999     
 mdl_ymt =    172.00000000000000     
 mdl_vevf =    50.000000000000000     
 mdl_MZ =    91.187600000000003     
 mdl_MT =    172.00000000000000     
 mdl_MH =    125.00000000000000     
 mdl_mN1 =    1644.0000000000000     
 mdl_mN2 =    1744.0000000000000     
 mdl_mN3 =    1844.0000000000000     
 mdl_MJ =    91.187600000000003     
 mdl_MAx =    173.04800000000000     
 mdl_WZ =    2.4952000000000001     
 mdl_WW =    2.0850000000000000     
 mdl_WT =    1.5083359999999999     
 mdl_WH =    4.0699999999999998E-003
 mdl_WN1 =   0.30299999999999999     
 mdl_WN2 =    1.5000000000000000     
 mdl_WN3 =    12.300000000000001     
 mdl_WJ =    2.4952000000000001     
 mdl_WAx =    4.1700000000000001E-003
  Internal Params
  ---------------------------------
  
 mdl_vevf__exp__2 =    2500.0000000000000     
 mdl_sqrt__vevf__exp__2 =    50.000000000000000     
 mdl_muJ =    50.000000000000000     
 mdl_MZ__exp__2 =    8315.1783937600012     
 mdl_MZ__exp__4 =    69142191.720053151     
 mdl_sqrt__2 =    1.4142135623730951     
 mdl_MJ__exp__2 =    8315.1783937600012     
 mdl_muJ__exp__2 =    2500.0000000000000     
 mdl_lamJ =    4.3260713575040004     
 mdl_MH__exp__2 =    15625.000000000000     
 mdl_complexi =  (  0.0000000000000000     ,  1.0000000000000000     )
 mdl_aEW =    7.8186082877247844E-003
 mdl_MW =    79.824359746197842     
 mdl_sqrt__aEW =    8.8422894590285753E-002
 mdl_ee =   0.31345100004952897     
 mdl_MW__exp__2 =    6371.9284088904105     
 mdl_sw2 =   0.23369913342182447     
 mdl_cw =   0.87538612427783857     
 mdl_sqrt__sw2 =   0.48342438232036300     
 mdl_sw =   0.48342438232036300     
 mdl_g1 =   0.35807170271074895     
 mdl_gN =   0.64839716719502682     
 mdl_gw =   0.64839716719502682     
 mdl_vev =    246.22056907348590     
 mdl_vev__exp__2 =    60624.568634871241     
 mdl_lam =   0.12886689630821144     
 mdl_yt =   0.98791394091683138     
 mdl_muH =    88.388347648318444     
 mdl_I2a33 =  ( 0.98791394091683138     ,  0.0000000000000000     )
 mdl_I3a33 =  ( 0.98791394091683138     ,  0.0000000000000000     )
 mdl_ee__exp__2 =    9.8251529432049817E-002
 mdl_sw__exp__2 =   0.23369913342182450     
 mdl_cw__exp__2 =   0.76630086657817542     
  Internal Params evaluated point by point
  ----------------------------------------
  
 mdl_sqrt__aS =   0.34409301068170506     
 mdl_G__exp__2 =    1.4878582807401259     
  Couplings of SM_HeavyN_UFO
  ---------------------------------
  
         GC_1 =  -0.00000E+00  -0.10448E+00
         GC_2 =   0.00000E+00   0.20897E+00
         GC_3 =  -0.00000E+00  -0.31345E+00
         GC_4 =   0.00000E+00   0.31345E+00
        GC_26 =   0.00000E+00   0.45849E+00
        GC_27 =  -0.00000E+00  -0.28380E+00
        GC_28 =   0.00000E+00   0.28380E+00
        GC_30 =   0.00000E+00   0.56760E+00
        GC_35 =  -0.00000E+00  -0.28850E-01
        GC_37 =   0.00000E+00   0.17310E+00
        GC_39 =   0.00000E+00  -0.19725E+00
        GC_40 =   0.00000E+00   0.37035E+00
        GC_80 =   0.00000E+00   0.67543E+02
       GC_107 =  -0.00000E+00  -0.74070E+00
       GC_109 =  -0.00000E+00  -0.74070E+00
       GC_111 =  -0.00000E+00  -0.74070E+00
       GC_113 =  -0.00000E+00  -0.74070E+00
       GC_115 =  -0.00000E+00  -0.74070E+00
       GC_117 =  -0.00000E+00  -0.74070E+00
       GC_119 =   0.00000E+00   0.00000E+00
       GC_120 =   0.00000E+00   0.00000E+00
       GC_122 =  -0.00000E+00  -0.00000E+00
       GC_126 =   0.00000E+00   0.00000E+00
       GC_127 =   0.00000E+00   0.00000E+00
       GC_129 =  -0.00000E+00  -0.00000E+00
       GC_133 =   0.00000E+00   0.45849E+00
       GC_134 =   0.00000E+00   0.37035E+00
       GC_136 =  -0.00000E+00  -0.74892E+01
        GC_81 =   0.32880E+02   0.00000E+00
        GC_82 =   0.34880E+02   0.00000E+00
        GC_83 =   0.36880E+02   0.00000E+00

 Collider parameters:
 --------------------

 Running at P P   machine @    13000.000000000000       GeV
 PDF set = nn23lo1
 alpha_s(Mz)= 0.1300 running at 2 loops.
 alpha_s(Mz)= 0.1300 running at 2 loops.
 Renormalization scale set on event-by-event basis
 Factorization   scale set on event-by-event basis


 getting user params
Enter number of events and max and min iterations: 
 Number of events and iterations         1000           5           3
Enter desired fractional accuracy: 
 Desired fractional accuracy:   0.10000000000000001     
Enter 0 for fixed, 2 for adjustable grid: 
Suppress amplitude (0 no, 1 yes)? 
 Using suppressed amplitude.
Exact helicity sum (0 yes, n = number/event)? 
 Explicitly summing over helicities
Enter Configuration Number: 
Running Configuration Number: 1253
 Using dconfig=         638
 BW Setting            2           2           1           2           1           2           0
 Attempting mappinvarients           1           9
 Completed mapping           9
 about to integrate           19        1000           5           3          19           1
 Using non-zero grid deformation.
 19 dimensions   1000 events 19 invarients  5 iterations  1 config(s),  (0.99)
 Using h-tuple random number sequence.
 Error opening grid
 Using Uniform Grid!          36
 Using uniform alpha   1.0000000000000000     
 Grid defined OK
 Set CM energy to      13000.00
 Mapping Graph        1253  to config        1253
Setting grid   1    0.59172E-08   1
Setting grid   2    0.59172E-08   1
 Setting BW          -3           3   1844.0000000000000     
Setting grid   4    0.59172E-08   1
 Setting BW          -5           5   1844.0000000000000     
Setting grid   6    0.75203E-01   1
 Transforming s_hat 1/s           18   7.5202514792899425E-002   1600.0000000000000        168999999.99999997     
1253   1   2   3   4   5   6   7   8   9  10  11  12  13  14
  15  16  17  18  19
 Masses: 0.000E+00 0.000E+00 0.000E+00 0.000E+00 0.000E+00 0.000E+00 0.000E+00 0.000E+00 0.912E+02
Using random seed offsets  1253 :      1
  with seed                   24
 Ranmar initialization seeds         983        9398
 
 ********************************************
 * You are using the DiscreteSampler module *
 *      part of the MG5_aMC framework       *
 *         Author: Valentin Hirschi         *
 ********************************************
 
  Particle       3       4       5       6       7       8       9
      Et >    10.0    10.0    10.0    10.0     0.0     0.0     0.0
       E >     0.0     0.0     0.0     0.0     0.0     0.0     0.0
     Eta <     2.5     2.5     2.5     2.5    -1.0    -1.0    -1.0
   xqcut:      0.0     0.0     0.0     0.0     0.0     0.0     0.0
d R # 3  >    -0.0     0.4     0.4     0.4     0.0     0.0     0.0
d R # 4  >    -0.0    -0.0     0.4     0.4     0.0     0.0     0.0
d R # 5  >    -0.0    -0.0    -0.0     0.4     0.0     0.0     0.0
d R # 6  >    -0.0    -0.0    -0.0    -0.0     0.0     0.0     0.0
d R # 7  >    -0.0    -0.0    -0.0    -0.0    -0.0     0.0     0.0
d R # 8  >    -0.0    -0.0    -0.0    -0.0    -0.0    -0.0     0.0
s min # 3>     0.0     0.0     0.0     0.0     0.0     0.0     0.0
s min # 4>     0.0     0.0     0.0     0.0     0.0     0.0     0.0
s min # 5>     0.0     0.0     0.0     0.0     0.0     0.0     0.0
s min # 6>     0.0     0.0     0.0     0.0     0.0     0.0     0.0
s min # 7>     0.0     0.0     0.0     0.0     0.0     0.0     0.0
s min # 8>     0.0     0.0     0.0     0.0     0.0     0.0     0.0
xqcutij # 3>     0.0     0.0     0.0     0.0     0.0     0.0     0.0
xqcutij # 4>     0.0     0.0     0.0     0.0     0.0     0.0     0.0
xqcutij # 5>     0.0     0.0     0.0     0.0     0.0     0.0     0.0
xqcutij # 6>     0.0     0.0     0.0     0.0     0.0     0.0     0.0
xqcutij # 7>     0.0     0.0     0.0     0.0     0.0     0.0     0.0
xqcutij # 8>     0.0     0.0     0.0     0.0     0.0     0.0     0.0
 Excluding BW           -1           1
 Excluding BW           -2           2
 Requiring BW           -3           3
 Excluding BW           -4           4
 Requiring BW           -5           5
 Excluding BW           -6           6
 alpha_s for scale    4721.1831373886307       is    7.8730182378796157E-002
 Added good helicity            1   62.007518578813375       in event            1 local:           1
 Added good helicity           21   3.4199048938388100E-005  in event            1 local:           1
 Added good helicity           25   57.636346691297298       in event            1 local:           1
 Added good helicity           37   1.5257252657160930E-005  in event            1 local:           1
 Added good helicity           41   3.4838398041456270E-006  in event            1 local:           1
 Added good helicity           61   1.1650708301976595E-008  in event            1 local:           1
 Added good helicity          193   83.988121635975773       in event            1 local:           1
 Added good helicity          213   1.0375930161432383E-004  in event            1 local:           1
 Added good helicity          217   52.367331793306732       in event            1 local:           1
 Added good helicity          229   4.4690684264524168E-004  in event            1 local:           1
 Added good helicity          233   7.7495612672853642E-005  in event            1 local:           1
 Added good helicity          253   1.8705777369843809E-007  in event            1 local:           1
 Added good helicity            1   62.007518578811442       in event            1 local:           1
 Added good helicity           21   3.4199048938371648E-005  in event            1 local:           1
 Added good helicity           25   57.636346691297852       in event            1 local:           1
 Added good helicity           37   1.5257252657165282E-005  in event            1 local:           1
 Added good helicity           41   3.4838398041449557E-006  in event            1 local:           1
 Added good helicity           61   1.1650708302000938E-008  in event            1 local:           1
 Added good helicity          193   83.988121635977208       in event            1 local:           1
 Added good helicity          213   1.0375930161432674E-004  in event            1 local:           1
 Added good helicity          217   52.367331793306697       in event            1 local:           1
 Added good helicity          229   4.4690684264520926E-004  in event            1 local:           1
 Added good helicity          233   7.7495612672854252E-005  in event            1 local:           1
 Added good helicity          253   1.8705777369911053E-007  in event            1 local:           1
 RESET CUMULATIVE VARIABLE
 RESET CUMULATIVE VARIABLE
 RESET CUMULATIVE VARIABLE
 Iteration  1   Mean: 0.1381E-07 Abs mean: 0.1381E-07   Fluctuation:  0.728E-08   0.690E-05    20.0%
  1    0.1381E-07 0.1381E-07 +- 0.7283E-08     16.67
 Writing out events   1.3779910334563449E-011   16.674026980965518     
 Relative summed weights:
  0.2337E-03  0.1820E-02  0.1079E-04  0.8847E-02  0.0000E+00  0.0000E+00
  0.3745E-01  0.4508E-02  0.5699E+00  0.5421E-02  0.0000E+00  0.0000E+00
  0.1373E-01  0.4240E-03  0.1517E-06  0.2848E-01  0.0000E+00  0.0000E+00
  0.1203E-01  0.1444E-03  0.3059E-02  0.3659E-02  0.0000E+00  0.0000E+00
  0.1640E-01  0.1000E-01  0.7505E-02  0.3169E-03  0.0000E+00  0.0000E+00
  0.2088E-01  0.1760E-03  0.1479E-03  0.4921E-05  0.0000E+00  0.0000E+00
  0.4206E-02  0.1436E-02  0.1221E+00  0.1556E-03  0.0000E+00  0.0000E+00
  0.3049E-02  0.9768E-01  0.4705E-02  0.2159E-01  0.0000E+00  0.0000E+00
 Relative number of events:
  0.1883E-01  0.1784E-01  0.1189E-01  0.9911E-02  0.0000E+00  0.0000E+00
  0.5055E-01  0.6244E-01  0.3568E-01  0.4163E-01  0.0000E+00  0.0000E+00
  0.1982E-01  0.1982E-01  0.5946E-02  0.1189E-01  0.0000E+00  0.0000E+00
  0.5550E-01  0.5550E-01  0.3766E-01  0.4955E-01  0.0000E+00  0.0000E+00
  0.5451E-01  0.5055E-01  0.4559E-01  0.4955E-01  0.0000E+00  0.0000E+00
  0.1883E-01  0.1586E-01  0.8920E-02  0.7929E-02  0.0000E+00  0.0000E+00
  0.4757E-01  0.5055E-01  0.4460E-01  0.3865E-01  0.0000E+00  0.0000E+00
  0.1982E-01  0.2081E-01  0.1189E-01  0.9911E-02  0.0000E+00  0.0000E+00
 Events:
          19          18          12          10           0           0
          51          63          36          42           0           0
          20          20           6          12           0           0
          56          56          38          50           0           0
          55          51          46          50           0           0
          19          16           9           8           0           0
          48          51          45          39           0           0
          20          21          12          10           0           0
 Iteration  2   Mean: 0.1603E-06 Abs mean: 0.1603E-06   Fluctuation:  0.137E-06   0.273E-03    58.7%
  2    0.1603E-06 0.1603E-06 +- 0.1367E-06     38.14
 Relative summed weights:
  0.1760E-02  0.6224E-03  0.7004E-04  0.6404E-01  0.0000E+00  0.0000E+00
  0.3959E-03  0.6892E-02  0.3331E-02  0.7442E-03  0.6920E-08  0.1212E-06
  0.8505E+00  0.1002E-02  0.9877E-03  0.2113E-02  0.0000E+00  0.0000E+00
  0.1270E-01  0.2446E-02  0.3357E-02  0.2993E-03  0.0000E+00  0.0000E+00
  0.5351E-02  0.5673E-02  0.1796E-02  0.1476E-02  0.0000E+00  0.9203E-05
  0.7091E-03  0.7461E-02  0.3985E-04  0.3379E-02  0.0000E+00  0.0000E+00
  0.1664E-02  0.2027E-02  0.1620E-01  0.1178E-02  0.0000E+00  0.7569E-06
  0.7746E-03  0.2951E-03  0.2659E-03  0.4176E-03  0.0000E+00  0.0000E+00
 Relative number of events:
  0.1350E-01  0.2000E-01  0.6000E-02  0.7500E-02  0.0000E+00  0.0000E+00
  0.5300E-01  0.5650E-01  0.4600E-01  0.4300E-01  0.5000E-03  0.5000E-03
  0.9000E-02  0.1850E-01  0.1350E-01  0.8000E-02  0.0000E+00  0.0000E+00
  0.5600E-01  0.6700E-01  0.4150E-01  0.4000E-01  0.0000E+00  0.0000E+00
  0.4800E-01  0.5850E-01  0.4650E-01  0.4700E-01  0.0000E+00  0.1000E-02
  0.1400E-01  0.2150E-01  0.7500E-02  0.6500E-02  0.0000E+00  0.0000E+00
  0.5100E-01  0.4750E-01  0.4050E-01  0.5050E-01  0.0000E+00  0.5000E-03
  0.2100E-01  0.1850E-01  0.9000E-02  0.1100E-01  0.0000E+00  0.0000E+00
 Events:
          27          40          12          15           0           0
         106         113          92          86           1           1
          18          37          27          16           0           0
         112         134          83          80           0           0
          96         117          93          94           0           2
          28          43          15          13           0           0
         102          95          81         101           0           1
          42          37          18          22           0           0
 Iteration  3   Mean: 0.7989E-08 Abs mean: 0.7989E-08   Fluctuation:  0.199E-08   0.576E-05    71.5%
  3    0.7989E-08 0.7989E-08 +- 0.1986E-08     15.72
 Relative summed weights:
  0.5864E-03  0.3320E-01  0.2916E-02  0.5693E-02  0.2568E-08  0.0000E+00
  0.1356E-01  0.1699E-01  0.1183E-01  0.9888E-01  0.0000E+00  0.0000E+00
  0.2204E-01  0.8405E-01  0.7098E-03  0.9043E-03  0.1052E-10  0.0000E+00
  0.5247E-01  0.1983E+00  0.9713E-02  0.1013E-01  0.0000E+00  0.0000E+00
  0.6570E-01  0.7355E-02  0.9430E-01  0.1544E-01  0.0000E+00  0.0000E+00
  0.6054E-01  0.5398E-02  0.6971E-03  0.3406E-03  0.0000E+00  0.0000E+00
  0.1742E-01  0.1653E-01  0.3761E-01  0.2672E-01  0.8364E-10  0.0000E+00
  0.6907E-01  0.1587E-02  0.1713E-01  0.2190E-02  0.0000E+00  0.0000E+00
 Relative number of events:
  0.1325E-01  0.1400E-01  0.9250E-02  0.7250E-02  0.2500E-03  0.0000E+00
  0.5625E-01  0.5475E-01  0.4075E-01  0.4425E-01  0.0000E+00  0.0000E+00
  0.1725E-01  0.1750E-01  0.8000E-02  0.7500E-02  0.2500E-03  0.0000E+00
  0.5425E-01  0.6050E-01  0.4425E-01  0.4075E-01  0.0000E+00  0.0000E+00
  0.4925E-01  0.5275E-01  0.4550E-01  0.4625E-01  0.0000E+00  0.0000E+00
  0.1775E-01  0.1900E-01  0.1100E-01  0.9250E-02  0.0000E+00  0.0000E+00
  0.5825E-01  0.5950E-01  0.4600E-01  0.4450E-01  0.2500E-03  0.0000E+00
  0.1825E-01  0.1375E-01  0.1000E-01  0.8500E-02  0.0000E+00  0.0000E+00
 Events:
          53          56          37          29           1           0
         225         219         163         177           0           0
          69          70          32          30           1           0
         217         242         177         163           0           0
         197         211         182         185           0           0
          71          76          44          37           0           0
         233         238         184         178           1           0
          73          55          40          34           0           0
 Accuracy:    1.399   0.100   0.217  41.394
 Found           23  events.
 Wrote            4  events.
 Actual xsec    1.8880211834369952E-008
 Correct abs xsec    1.8880211834369952E-008
 Event xsec    1.8880211834369952E-008
 Events wgts > 1:            0
 % Cross section > 1:    0.0000000000000000        0.0000000000000000     
 Iteration  4   Mean: 0.2591E-07 Abs mean: 0.2591E-07   Fluctuation:  0.584E-08   0.301E-04    72.2%
  4    0.2591E-07 0.2591E-07 +- 0.5841E-08     20.16
 Relative summed weights:
  0.2080E-01  0.1836E-01  0.4412E-02  0.2819E-02  0.0000E+00  0.0000E+00
  0.6461E-01  0.4590E-01  0.2214E-01  0.1059E-01  0.8194E-07  0.4830E-07
  0.1582E-01  0.6954E-02  0.8009E-02  0.4083E-02  0.0000E+00  0.0000E+00
  0.4023E-01  0.3508E-01  0.4480E-01  0.1925E-01  0.2922E-06  0.0000E+00
  0.5438E-01  0.1460E-01  0.1298E+00  0.8986E-02  0.1787E-04  0.0000E+00
  0.4825E-01  0.1340E-01  0.2365E-01  0.2849E-02  0.3839E-04  0.0000E+00
  0.1439E-01  0.9642E-01  0.1822E-01  0.1562E+00  0.0000E+00  0.2776E-07
  0.1300E-01  0.7576E-02  0.1331E-02  0.3309E-01  0.6675E-05  0.0000E+00
 Relative number of events:
  0.1575E-01  0.1988E-01  0.9250E-02  0.9250E-02  0.0000E+00  0.0000E+00
  0.5650E-01  0.5600E-01  0.4113E-01  0.3988E-01  0.3750E-03  0.1250E-03
  0.1425E-01  0.1638E-01  0.8125E-02  0.7250E-02  0.0000E+00  0.0000E+00
  0.5525E-01  0.5137E-01  0.4500E-01  0.4600E-01  0.1250E-03  0.0000E+00
  0.5987E-01  0.5725E-01  0.4825E-01  0.4450E-01  0.3750E-03  0.0000E+00
  0.1725E-01  0.1688E-01  0.6625E-02  0.1100E-01  0.1250E-03  0.0000E+00
  0.4913E-01  0.5850E-01  0.4350E-01  0.4512E-01  0.0000E+00  0.1250E-03
  0.1487E-01  0.1725E-01  0.8375E-02  0.9000E-02  0.1250E-03  0.0000E+00
 Events:
         126         159          74          74           0           0
         452         448         329         319           3           1
         114         131          65          58           0           0
         442         411         360         368           1           0
         479         458         386         356           3           0
         138         135          53          88           1           0
         393         468         348         361           0           1
         119         138          67          72           1           0
 Accuracy:    0.703   0.100   0.156  20.173
 Found          409  events.
 Wrote            4  events.
 Actual xsec    2.3087071929947642E-008
 Correct abs xsec    2.3087071929947642E-008
 Event xsec    2.3087071929947639E-008
 Events wgts > 1:            1
 % Cross section > 1:    3.6281933753372890E-016   1.5715259979031553E-006
 Iteration  5   Mean: 0.4471E-07 Abs mean: 0.4471E-07   Fluctuation:  0.686E-08   0.648E-04    71.4%
  5    0.4471E-07 0.4471E-07 +- 0.6860E-08     19.41
 Relative summed weights:
  0.3912E-01  0.9918E-02  0.1661E-01  0.1117E-01  0.0000E+00  0.0000E+00
  0.3611E-01  0.3782E-01  0.1147E-01  0.1540E-01  0.9641E-06  0.0000E+00
  0.9427E-01  0.3516E-01  0.1063E-01  0.1139E-01  0.1183E-06  0.3928E-09
  0.3077E-01  0.2462E-01  0.3871E-01  0.9855E-02  0.4914E-05  0.1816E-05
  0.3811E-01  0.7388E-01  0.1225E-01  0.3654E-01  0.3562E-05  0.1054E-08
  0.1472E-01  0.2247E-01  0.1724E+00  0.1323E-01  0.0000E+00  0.0000E+00
  0.1425E-01  0.3370E-01  0.1122E-01  0.1770E-01  0.1172E-05  0.2527E-06
  0.2897E-01  0.2598E-01  0.4992E-01  0.1577E-02  0.0000E+00  0.0000E+00
 Relative number of events:
  0.1487E-01  0.1844E-01  0.9250E-02  0.8125E-02  0.0000E+00  0.0000E+00
  0.5513E-01  0.5375E-01  0.4444E-01  0.4444E-01  0.1875E-03  0.0000E+00
  0.1800E-01  0.1731E-01  0.9437E-02  0.8688E-02  0.1250E-03  0.6250E-04
  0.5306E-01  0.5237E-01  0.4406E-01  0.4106E-01  0.3125E-03  0.3125E-03
  0.5506E-01  0.5437E-01  0.4587E-01  0.4369E-01  0.1250E-03  0.1250E-03
  0.1756E-01  0.1762E-01  0.8625E-02  0.9437E-02  0.0000E+00  0.0000E+00
  0.5387E-01  0.5613E-01  0.4525E-01  0.4506E-01  0.1250E-03  0.1250E-03
  0.1950E-01  0.1656E-01  0.9500E-02  0.7938E-02  0.0000E+00  0.0000E+00
 Events:
         238         295         148         130           0           0
         882         860         711         711           3           0
         288         277         151         139           2           1
         849         838         705         657           5           5
         881         870         734         699           2           2
         281         282         138         151           0           0
         862         898         724         721           2           2
         312         265         152         127           0           0
 Accuracy:    0.327   0.100   0.110   8.909
 Found          763  events.
 Wrote           13  events.
 Actual xsec    3.2402102901091491E-008
 Correct abs xsec    3.2402102901091491E-008
 Event xsec    3.2402102901091491E-008
 Events wgts > 1:            0
 % Cross section > 1:    0.0000000000000000        0.0000000000000000     

 -------------------------------------------------------------------------------
 Accumulated results:   Integral =  0.3371E-07
                        Std dev  =  0.3693E-08
                       Cross sec =  0.3371E-07
             Chi**2 per DoF.     =      8.9091
 -------------------------------------------------------------------------------
-------------------------------------------------
---------------------------
 Results Last   3 iters: Integral =   0.3240E-07
                     Abs integral =   0.3240E-07
                          Std dev =   0.3661E-08
                  Chi**2 per DoF. =     77.7819
-------------------------------------------------
---------------------------
 Status  0.10000000000000001                6           5

ls status:
events.lhe
ftn26
input_app.txt
results.dat
run1_app.log
