 Process in group number            1
 A PDF is used, so alpha_s(MZ) is going to be modified
 Old value of alpha_s from param_card:   0.11839999999999999     
  ****************************************
 
       NNPDFDriver version 1.0.3
   Grid: NNPDF23_lo_as_0130_qed_mem0.grid
  ****************************************
 New value of alpha_s from PDF nn23lo1:  0.13000000000000000     
 Define smin to   1600.0000000000000     
 Define smin to   1600.0000000000000     
 Define smin to   1600.0000000000000     
 *****************************************************
 *               MadGraph/MadEvent                   *
 *        --------------------------------           *
 *          http://madgraph.hep.uiuc.edu             *
 *          http://madgraph.phys.ucl.ac.be           *
 *          http://madgraph.roma2.infn.it            *
 *        --------------------------------           *
 *                                                   *
 *          PARAMETER AND COUPLING VALUES            *
 *                                                   *
 *****************************************************

  External Params
  ---------------------------------
  
 mdl_VeN1 =    1.0000000000000000     
 mdl_VeN2 =    0.0000000000000000     
 mdl_VeN3 =    0.0000000000000000     
 mdl_VmuN1 =    0.0000000000000000     
 mdl_VmuN2 =    1.0000000000000000     
 mdl_VmuN3 =    0.0000000000000000     
 mdl_VtaN1 =    0.0000000000000000     
 mdl_VtaN2 =    0.0000000000000000     
 mdl_VtaN3 =    1.0000000000000000     
 mdl_VN1N1 =    1.0000000000000000     
 mdl_VN1N2 =    1.0000000000000000     
 mdl_VN1N3 =    1.0000000000000000     
 mdl_VN2N2 =    1.0000000000000000     
 mdl_VN2N3 =    1.0000000000000000     
 mdl_VN3N3 =    1.0000000000000000     
 aEWM1 =    127.90000000000001     
 mdl_Gf =    1.1663700000000000E-005
 aS =   0.11839999999999999     
 mdl_ymt =    172.00000000000000     
 mdl_vevf =    50.000000000000000     
 mdl_MZ =    91.187600000000003     
 mdl_MT =    172.00000000000000     
 mdl_MH =    125.00000000000000     
 mdl_mN1 =    1822.0000000000000     
 mdl_mN2 =    1922.0000000000000     
 mdl_mN3 =    2022.0000000000000     
 mdl_MJ =    91.187600000000003     
 mdl_MAx =    173.04800000000000     
 mdl_WZ =    2.4952000000000001     
 mdl_WW =    2.0850000000000000     
 mdl_WT =    1.5083359999999999     
 mdl_WH =    4.0699999999999998E-003
 mdl_WN1 =   0.30299999999999999     
 mdl_WN2 =    1.5000000000000000     
 mdl_WN3 =    12.300000000000001     
 mdl_WJ =    2.4952000000000001     
 mdl_WAx =    4.1700000000000001E-003
  Internal Params
  ---------------------------------
  
 mdl_vevf__exp__2 =    2500.0000000000000     
 mdl_sqrt__vevf__exp__2 =    50.000000000000000     
 mdl_muJ =    50.000000000000000     
 mdl_MZ__exp__2 =    8315.1783937600012     
 mdl_MZ__exp__4 =    69142191.720053151     
 mdl_sqrt__2 =    1.4142135623730951     
 mdl_MJ__exp__2 =    8315.1783937600012     
 mdl_muJ__exp__2 =    2500.0000000000000     
 mdl_lamJ =    4.3260713575040004     
 mdl_MH__exp__2 =    15625.000000000000     
 mdl_complexi =  (  0.0000000000000000     ,  1.0000000000000000     )
 mdl_aEW =    7.8186082877247844E-003
 mdl_MW =    79.824359746197842     
 mdl_sqrt__aEW =    8.8422894590285753E-002
 mdl_ee =   0.31345100004952897     
 mdl_MW__exp__2 =    6371.9284088904105     
 mdl_sw2 =   0.23369913342182447     
 mdl_cw =   0.87538612427783857     
 mdl_sqrt__sw2 =   0.48342438232036300     
 mdl_sw =   0.48342438232036300     
 mdl_g1 =   0.35807170271074895     
 mdl_gN =   0.64839716719502682     
 mdl_gw =   0.64839716719502682     
 mdl_vev =    246.22056907348590     
 mdl_vev__exp__2 =    60624.568634871241     
 mdl_lam =   0.12886689630821144     
 mdl_yt =   0.98791394091683138     
 mdl_muH =    88.388347648318444     
 mdl_I2a33 =  ( 0.98791394091683138     ,  0.0000000000000000     )
 mdl_I3a33 =  ( 0.98791394091683138     ,  0.0000000000000000     )
 mdl_ee__exp__2 =    9.8251529432049817E-002
 mdl_sw__exp__2 =   0.23369913342182450     
 mdl_cw__exp__2 =   0.76630086657817542     
  Internal Params evaluated point by point
  ----------------------------------------
  
 mdl_sqrt__aS =   0.34409301068170506     
 mdl_G__exp__2 =    1.4878582807401259     
  Couplings of SM_HeavyN_UFO
  ---------------------------------
  
         GC_1 =  -0.00000E+00  -0.10448E+00
         GC_2 =   0.00000E+00   0.20897E+00
         GC_3 =  -0.00000E+00  -0.31345E+00
         GC_4 =   0.00000E+00   0.31345E+00
        GC_26 =   0.00000E+00   0.45849E+00
        GC_27 =  -0.00000E+00  -0.28380E+00
        GC_28 =   0.00000E+00   0.28380E+00
        GC_30 =   0.00000E+00   0.56760E+00
        GC_35 =  -0.00000E+00  -0.28850E-01
        GC_37 =   0.00000E+00   0.17310E+00
        GC_39 =   0.00000E+00  -0.19725E+00
        GC_40 =   0.00000E+00   0.37035E+00
        GC_80 =   0.00000E+00   0.67543E+02
       GC_107 =  -0.00000E+00  -0.74070E+00
       GC_109 =  -0.00000E+00  -0.74070E+00
       GC_111 =  -0.00000E+00  -0.74070E+00
       GC_113 =  -0.00000E+00  -0.74070E+00
       GC_115 =  -0.00000E+00  -0.74070E+00
       GC_117 =  -0.00000E+00  -0.74070E+00
       GC_119 =   0.00000E+00   0.00000E+00
       GC_120 =   0.00000E+00   0.00000E+00
       GC_122 =  -0.00000E+00  -0.00000E+00
       GC_126 =   0.00000E+00   0.00000E+00
       GC_127 =   0.00000E+00   0.00000E+00
       GC_129 =  -0.00000E+00  -0.00000E+00
       GC_133 =   0.00000E+00   0.45849E+00
       GC_134 =   0.00000E+00   0.37035E+00
       GC_136 =  -0.00000E+00  -0.82121E+01
        GC_81 =   0.36440E+02   0.00000E+00
        GC_82 =   0.38440E+02   0.00000E+00
        GC_83 =   0.40440E+02   0.00000E+00

 Collider parameters:
 --------------------

 Running at P P   machine @    13000.000000000000       GeV
 PDF set = nn23lo1
 alpha_s(Mz)= 0.1300 running at 2 loops.
 alpha_s(Mz)= 0.1300 running at 2 loops.
 Renormalization scale set on event-by-event basis
 Factorization   scale set on event-by-event basis


 getting user params
Enter number of events and max and min iterations: 
 Number of events and iterations         1000           5           3
Enter desired fractional accuracy: 
 Desired fractional accuracy:   0.10000000000000001     
Enter 0 for fixed, 2 for adjustable grid: 
Suppress amplitude (0 no, 1 yes)? 
 Using suppressed amplitude.
Exact helicity sum (0 yes, n = number/event)? 
 Explicitly summing over helicities
Enter Configuration Number: 
Running Configuration Number:  939
 Using dconfig=          70
 BW Setting            1           2           1           2           0           0           0
 Attempting mappinvarients           1           9
 Completed mapping           9
 about to integrate           19        1000           5           3          19           1
 Using non-zero grid deformation.
 19 dimensions   1000 events 19 invarients  5 iterations  1 config(s),  (0.99)
 Using h-tuple random number sequence.
 Error opening grid
 Using Uniform Grid!          36
 Using uniform alpha   1.0000000000000000     
 Grid defined OK
 Set CM energy to      13000.00
 Mapping Graph         939  to config         939
 Setting BW          -1           1   79.824359746197842     
Setting grid   2    0.28499E-04   1
 Setting BW          -3           3   2022.0000000000000     
Setting grid   4    0.22743E-01   1
Setting grid   5    0.22743E-01   1
Setting grid   6    0.22743E-01   1
 Transforming s_hat 1/s           18   2.3209350591715982E-002   1600.0000000000000        168999999.99999997     
 939   1   2   3   4   5   6   7   8   9  10  11  12  13  14
  15  16  17  18  19
 Masses: 0.000E+00 0.000E+00 0.000E+00 0.000E+00 0.000E+00 0.000E+00 0.000E+00 0.000E+00 0.912E+02
Using random seed offsets   939 :      1
  with seed                   24
 Ranmar initialization seeds         669        9398
 
 ********************************************
 * You are using the DiscreteSampler module *
 *      part of the MG5_aMC framework       *
 *         Author: Valentin Hirschi         *
 ********************************************
 
  Particle       3       4       5       6       7       8       9
      Et >    10.0    10.0    10.0    10.0     0.0     0.0     0.0
       E >     0.0     0.0     0.0     0.0     0.0     0.0     0.0
     Eta <     2.5     2.5     2.5     2.5    -1.0    -1.0    -1.0
   xqcut:      0.0     0.0     0.0     0.0     0.0     0.0     0.0
d R # 3  >    -0.0     0.4     0.4     0.4     0.0     0.0     0.0
d R # 4  >    -0.0    -0.0     0.4     0.4     0.0     0.0     0.0
d R # 5  >    -0.0    -0.0    -0.0     0.4     0.0     0.0     0.0
d R # 6  >    -0.0    -0.0    -0.0    -0.0     0.0     0.0     0.0
d R # 7  >    -0.0    -0.0    -0.0    -0.0    -0.0     0.0     0.0
d R # 8  >    -0.0    -0.0    -0.0    -0.0    -0.0    -0.0     0.0
s min # 3>     0.0     0.0     0.0     0.0     0.0     0.0     0.0
s min # 4>     0.0     0.0     0.0     0.0     0.0     0.0     0.0
s min # 5>     0.0     0.0     0.0     0.0     0.0     0.0     0.0
s min # 6>     0.0     0.0     0.0     0.0     0.0     0.0     0.0
s min # 7>     0.0     0.0     0.0     0.0     0.0     0.0     0.0
s min # 8>     0.0     0.0     0.0     0.0     0.0     0.0     0.0
xqcutij # 3>     0.0     0.0     0.0     0.0     0.0     0.0     0.0
xqcutij # 4>     0.0     0.0     0.0     0.0     0.0     0.0     0.0
xqcutij # 5>     0.0     0.0     0.0     0.0     0.0     0.0     0.0
xqcutij # 6>     0.0     0.0     0.0     0.0     0.0     0.0     0.0
xqcutij # 7>     0.0     0.0     0.0     0.0     0.0     0.0     0.0
xqcutij # 8>     0.0     0.0     0.0     0.0     0.0     0.0     0.0
 Requiring BW           -1           1
 Excluding BW           -2           2
 Requiring BW           -3           3
 Excluding BW           -4           4
 alpha_s for scale    2612.2107588771942       is    8.3640651502891336E-002
 Added good helicity            1   61.776715177588294       in event            1 local:           1
 Added good helicity           21   1.7246619946256384E-002  in event            1 local:           1
 Added good helicity           25   1.5418736371157940E-004  in event            1 local:           1
 Added good helicity           37   1.9111065158171348E-008  in event            1 local:           1
 Added good helicity           41   3.4581005837750151E-004  in event            1 local:           1
 Added good helicity           61   1.7762886501876307E-007  in event            1 local:           1
 Added good helicity          193   193.61803329967273       in event            1 local:           1
 Added good helicity          213  0.58612680599236167       in event            1 local:           1
 Added good helicity          217   1.7246430022825105E-004  in event            1 local:           1
 Added good helicity          229   1.8982714437086190E-006  in event            1 local:           1
 Added good helicity          233   1.1974982269779052E-003  in event            1 local:           1
 Added good helicity          253   6.0418396432381503E-006  in event            1 local:           1
 Added good helicity            1   61.776715177610974       in event            1 local:           1
 Added good helicity           21   1.7246619946262729E-002  in event            1 local:           1
 Added good helicity           25   1.5418736371163887E-004  in event            1 local:           1
 Added good helicity           37   1.9111065158178111E-008  in event            1 local:           1
 Added good helicity           41   3.4581005837762928E-004  in event            1 local:           1
 Added good helicity           61   1.7762886501883025E-007  in event            1 local:           1
 Added good helicity          193   193.61803329964988       in event            1 local:           1
 Added good helicity          213  0.58612680599253175       in event            1 local:           1
 Added good helicity          217   1.7246430022834486E-004  in event            1 local:           1
 Added good helicity          229   1.8982714437093695E-006  in event            1 local:           1
 Added good helicity          233   1.1974982269781081E-003  in event            1 local:           1
 Added good helicity          253   6.0418396432403052E-006  in event            1 local:           1
 RESET CUMULATIVE VARIABLE
 RESET CUMULATIVE VARIABLE
 RESET CUMULATIVE VARIABLE
 Iteration  1   Mean: 0.8832E-11 Abs mean: 0.8832E-11   Fluctuation:  0.215E-11   0.132E-08    32.2%
  1    0.8832E-11 0.8832E-11 +- 0.2147E-11      7.69
 Writing out events   5.4847130330548554E-015   7.6889754750198041     
 Relative summed weights:
  0.1479E+00  0.1957E-02  0.1276E-02  0.2331E-02  0.0000E+00  0.0000E+00
  0.5129E-02  0.6974E-01  0.9505E-03  0.8268E-02  0.0000E+00  0.0000E+00
  0.5219E-03  0.1046E+00  0.8558E-07  0.1419E-02  0.0000E+00  0.0000E+00
  0.1217E-02  0.1602E-02  0.1646E-08  0.9531E-09  0.0000E+00  0.0000E+00
  0.2452E-01  0.2342E-02  0.5921E-02  0.9515E-05  0.0000E+00  0.0000E+00
  0.1853E-02  0.4889E-01  0.5397E-05  0.2716E-04  0.2549E-08  0.0000E+00
  0.8311E-03  0.1929E-01  0.7078E-11  0.0000E+00  0.0000E+00  0.0000E+00
  0.9201E-03  0.2554E-04  0.0000E+00  0.0000E+00  0.0000E+00  0.0000E+00
  0.6845E-05  0.7802E-01  0.3500E-03  0.3047E-04  0.0000E+00  0.0000E+00
  0.4999E-02  0.3709E-01  0.4480E-08  0.4572E-07  0.0000E+00  0.0000E+00
  0.1572E-01  0.4487E-01  0.2987E-05  0.1061E-07  0.0000E+00  0.0000E+00
  0.1914E-02  0.6085E-01  0.5921E-05  0.1499E-03  0.0000E+00  0.0000E+00
  0.4922E-02  0.8245E-01  0.1297E-04  0.1157E-04  0.0000E+00  0.0000E+00
  0.6324E-01  0.1405E-01  0.5549E-01  0.3687E-04  0.0000E+00  0.0000E+00
  0.2996E-01  0.2193E-01  0.9083E-05  0.2676E-02  0.0000E+00  0.0000E+00
  0.2819E-01  0.1380E-02  0.2811E-04  0.2981E-04  0.0000E+00  0.0000E+00
 Relative number of events:
  0.3766E-01  0.2874E-01  0.1982E-02  0.2973E-02  0.0000E+00  0.0000E+00
  0.2478E-01  0.4063E-01  0.9911E-03  0.2973E-02  0.0000E+00  0.0000E+00
  0.1784E-01  0.9911E-02  0.9911E-03  0.2973E-02  0.0000E+00  0.0000E+00
  0.1388E-01  0.1388E-01  0.9911E-03  0.9911E-03  0.0000E+00  0.0000E+00
  0.3271E-01  0.4361E-01  0.2973E-02  0.4955E-02  0.0000E+00  0.0000E+00
  0.2775E-01  0.4559E-01  0.2973E-02  0.5946E-02  0.9911E-03  0.0000E+00
  0.1487E-01  0.1586E-01  0.9911E-03  0.0000E+00  0.0000E+00  0.0000E+00
  0.1090E-01  0.8920E-02  0.0000E+00  0.0000E+00  0.0000E+00  0.0000E+00
  0.1189E-01  0.1388E-01  0.5946E-02  0.1982E-02  0.0000E+00  0.0000E+00
  0.1288E-01  0.1883E-01  0.9911E-03  0.1982E-02  0.0000E+00  0.0000E+00
  0.4757E-01  0.5055E-01  0.8920E-02  0.5946E-02  0.0000E+00  0.0000E+00
  0.4460E-01  0.4559E-01  0.7929E-02  0.7929E-02  0.0000E+00  0.0000E+00
  0.1883E-01  0.1487E-01  0.2973E-02  0.2973E-02  0.0000E+00  0.0000E+00
  0.1586E-01  0.1883E-01  0.3964E-02  0.5946E-02  0.0000E+00  0.0000E+00
  0.4163E-01  0.3271E-01  0.7929E-02  0.8920E-02  0.0000E+00  0.0000E+00
  0.5946E-01  0.3370E-01  0.1189E-01  0.1090E-01  0.0000E+00  0.0000E+00
 Events:
          38          29           2           3           0           0
          25          41           1           3           0           0
          18          10           1           3           0           0
          14          14           1           1           0           0
          33          44           3           5           0           0
          28          46           3           6           1           0
          15          16           1           0           0           0
          11           9           0           0           0           0
          12          14           6           2           0           0
          13          19           1           2           0           0
          48          51           9           6           0           0
          45          46           8           8           0           0
          19          15           3           3           0           0
          16          19           4           6           0           0
          42          33           8           9           0           0
          60          34          12          11           0           0
 Iteration  2   Mean: 0.1299E-10 Abs mean: 0.1299E-10   Fluctuation:  0.215E-11   0.291E-08    59.7%
  2    0.1299E-10 0.1299E-10 +- 0.2155E-11      7.42
 Relative summed weights:
  0.7176E-02  0.1482E-01  0.2557E-01  0.2116E-04  0.0000E+00  0.0000E+00
  0.3743E-01  0.6195E-02  0.1863E-02  0.6342E-05  0.7623E-03  0.0000E+00
  0.1432E-01  0.4331E-01  0.2708E-06  0.8988E-03  0.0000E+00  0.0000E+00
  0.1253E+00  0.1431E-02  0.1449E-07  0.1034E-03  0.0000E+00  0.0000E+00
  0.4699E-01  0.3294E-01  0.3656E-03  0.4787E-06  0.0000E+00  0.0000E+00
  0.1070E-01  0.2432E-01  0.1129E-04  0.3217E-03  0.0000E+00  0.0000E+00
  0.1934E-01  0.6731E-02  0.9900E-04  0.1764E-04  0.0000E+00  0.0000E+00
  0.1225E-01  0.4929E-01  0.2657E-05  0.5291E-08  0.0000E+00  0.0000E+00
  0.8438E-01  0.4767E-02  0.8079E-03  0.1433E-05  0.0000E+00  0.0000E+00
  0.7586E-02  0.2477E-01  0.2037E-02  0.1528E-04  0.0000E+00  0.0000E+00
  0.2243E-01  0.7531E-01  0.5117E-02  0.1233E-02  0.0000E+00  0.0000E+00
  0.4100E-01  0.3075E-01  0.1977E-01  0.9309E-04  0.0000E+00  0.0000E+00
  0.3715E-01  0.2702E-01  0.3022E-03  0.1025E-02  0.0000E+00  0.0000E+00
  0.2312E-01  0.3054E-01  0.2433E-01  0.3918E-03  0.0000E+00  0.0000E+00
  0.1956E-01  0.2231E-02  0.9052E-02  0.3366E-02  0.0000E+00  0.0000E+00
  0.9448E-02  0.5110E-02  0.6411E-03  0.4087E-02  0.0000E+00  0.0000E+00
 Relative number of events:
  0.4100E-01  0.4400E-01  0.4500E-02  0.2500E-02  0.0000E+00  0.0000E+00
  0.3750E-01  0.4750E-01  0.2000E-02  0.1000E-02  0.5000E-03  0.0000E+00
  0.1100E-01  0.1450E-01  0.1000E-02  0.2500E-02  0.0000E+00  0.0000E+00
  0.1250E-01  0.1050E-01  0.5000E-03  0.3500E-02  0.0000E+00  0.0000E+00
  0.3750E-01  0.3650E-01  0.3500E-02  0.5000E-03  0.0000E+00  0.0000E+00
  0.4950E-01  0.4300E-01  0.2500E-02  0.2000E-02  0.0000E+00  0.0000E+00
  0.1550E-01  0.1450E-01  0.2000E-02  0.1000E-02  0.0000E+00  0.0000E+00
  0.1300E-01  0.1200E-01  0.5000E-03  0.5000E-03  0.0000E+00  0.0000E+00
  0.2200E-01  0.1300E-01  0.4000E-02  0.2000E-02  0.0000E+00  0.0000E+00
  0.1000E-01  0.1900E-01  0.1500E-02  0.2500E-02  0.0000E+00  0.0000E+00
  0.4500E-01  0.3550E-01  0.1000E-01  0.8000E-02  0.0000E+00  0.0000E+00
  0.4250E-01  0.3500E-01  0.7500E-02  0.9000E-02  0.0000E+00  0.0000E+00
  0.1750E-01  0.1550E-01  0.2500E-02  0.3500E-02  0.0000E+00  0.0000E+00
  0.1500E-01  0.1350E-01  0.3000E-02  0.3000E-02  0.0000E+00  0.0000E+00
  0.3950E-01  0.3300E-01  0.8500E-02  0.6500E-02  0.0000E+00  0.0000E+00
  0.4150E-01  0.4600E-01  0.6500E-02  0.8000E-02  0.0000E+00  0.0000E+00
 Events:
          82          88           9           5           0           0
          75          95           4           2           1           0
          22          29           2           5           0           0
          25          21           1           7           0           0
          75          73           7           1           0           0
          99          86           5           4           0           0
          31          29           4           2           0           0
          26          24           1           1           0           0
          44          26           8           4           0           0
          20          38           3           5           0           0
          90          71          20          16           0           0
          85          70          15          18           0           0
          35          31           5           7           0           0
          30          27           6           6           0           0
          79          66          17          13           0           0
          83          92          13          16           0           0
 Iteration  3   Mean: 0.2364E-10 Abs mean: 0.2364E-10   Fluctuation:  0.344E-11   0.923E-08    70.3%
  3    0.2364E-10 0.2364E-10 +- 0.3443E-11      9.21
 Relative summed weights:
  0.2510E-01  0.7637E-02  0.1262E-02  0.1539E-01  0.0000E+00  0.0000E+00
  0.7305E-02  0.4288E-01  0.3177E-02  0.2631E-02  0.0000E+00  0.0000E+00
  0.1438E-01  0.1060E-01  0.9190E-04  0.3853E-02  0.0000E+00  0.0000E+00
  0.2288E-02  0.8947E-02  0.1367E-03  0.1415E-02  0.0000E+00  0.0000E+00
  0.5452E-01  0.8669E-02  0.2094E-03  0.1417E-03  0.0000E+00  0.0000E+00
  0.7697E-01  0.1940E-01  0.1582E-02  0.1621E-03  0.0000E+00  0.0000E+00
  0.1264E+00  0.1129E-01  0.8503E-02  0.7101E-07  0.0000E+00  0.0000E+00
  0.5306E-02  0.2014E-01  0.1350E-01  0.8756E-04  0.0000E+00  0.0000E+00
  0.3152E-01  0.8531E-02  0.3566E-03  0.3082E-03  0.0000E+00  0.0000E+00
  0.2049E-01  0.4306E-02  0.1467E-02  0.9551E-04  0.0000E+00  0.0000E+00
  0.8593E-01  0.1444E-01  0.2569E-02  0.4586E-01  0.0000E+00  0.0000E+00
  0.4498E-01  0.5944E-01  0.1357E-02  0.2216E-03  0.0000E+00  0.0000E+00
  0.1136E-01  0.6415E-02  0.1527E-03  0.5085E-03  0.0000E+00  0.0000E+00
  0.1342E-01  0.1948E-01  0.4978E-03  0.1235E-03  0.0000E+00  0.0000E+00
  0.3109E-01  0.1462E-01  0.7164E-03  0.2034E-02  0.0000E+00  0.1307E-05
  0.2550E-01  0.3017E-01  0.1319E-02  0.2678E-01  0.0000E+00  0.9569E-08
 Relative number of events:
  0.4375E-01  0.4500E-01  0.3250E-02  0.3250E-02  0.0000E+00  0.0000E+00
  0.4375E-01  0.3850E-01  0.2500E-02  0.3250E-02  0.0000E+00  0.0000E+00
  0.1150E-01  0.1475E-01  0.7500E-03  0.1250E-02  0.0000E+00  0.0000E+00
  0.1025E-01  0.1200E-01  0.1250E-02  0.1250E-02  0.0000E+00  0.0000E+00
  0.4425E-01  0.4700E-01  0.1500E-02  0.3750E-02  0.0000E+00  0.0000E+00
  0.4225E-01  0.4025E-01  0.3750E-02  0.2750E-02  0.0000E+00  0.0000E+00
  0.1225E-01  0.1350E-01  0.7500E-03  0.7500E-03  0.0000E+00  0.0000E+00
  0.1225E-01  0.1200E-01  0.1250E-02  0.1000E-02  0.0000E+00  0.0000E+00
  0.1575E-01  0.1825E-01  0.2000E-02  0.1500E-02  0.0000E+00  0.0000E+00
  0.1675E-01  0.1450E-01  0.2500E-02  0.2250E-02  0.0000E+00  0.0000E+00
  0.3700E-01  0.4350E-01  0.8250E-02  0.6750E-02  0.0000E+00  0.0000E+00
  0.4425E-01  0.4500E-01  0.7250E-02  0.6750E-02  0.0000E+00  0.0000E+00
  0.1175E-01  0.1400E-01  0.1500E-02  0.1500E-02  0.0000E+00  0.0000E+00
  0.1775E-01  0.1475E-01  0.2250E-02  0.2250E-02  0.0000E+00  0.0000E+00
  0.4075E-01  0.4175E-01  0.6000E-02  0.8750E-02  0.0000E+00  0.2500E-03
  0.4050E-01  0.3500E-01  0.5750E-02  0.7500E-02  0.0000E+00  0.2500E-03
 Events:
         175         180          13          13           0           0
         175         154          10          13           0           0
          46          59           3           5           0           0
          41          48           5           5           0           0
         177         188           6          15           0           0
         169         161          15          11           0           0
          49          54           3           3           0           0
          49          48           5           4           0           0
          63          73           8           6           0           0
          67          58          10           9           0           0
         148         174          33          27           0           0
         177         180          29          27           0           0
          47          56           6           6           0           0
          71          59           9           9           0           0
         163         167          24          35           0           1
         162         140          23          30           0           1
 Accuracy:    0.251   0.100   0.100   6.322
 Found          290  events.
 Wrote           13  events.
 Actual xsec    1.7288250987073023E-011
 Correct abs xsec    1.7288250987073023E-011
 Event xsec    1.7288250987073029E-011
 Events wgts > 1:            0
 % Cross section > 1:    0.0000000000000000        0.0000000000000000     
 Iteration  4   Mean: 0.2666E-10 Abs mean: 0.2666E-10   Fluctuation:  0.244E-11   0.714E-08    72.8%
  4    0.2666E-10 0.2666E-10 +- 0.2441E-11      8.19
 Relative summed weights:
  0.3678E-01  0.1644E-01  0.1423E-02  0.9848E-04  0.0000E+00  0.0000E+00
  0.2166E-01  0.1516E-01  0.7103E-03  0.5186E-02  0.0000E+00  0.0000E+00
  0.7587E-02  0.7384E-02  0.8531E-03  0.3095E-03  0.0000E+00  0.0000E+00
  0.8802E-02  0.2656E-01  0.5202E-03  0.4266E-02  0.0000E+00  0.0000E+00
  0.1796E-01  0.1686E-01  0.4039E-02  0.7232E-03  0.0000E+00  0.0000E+00
  0.3040E-01  0.2176E-01  0.1788E-03  0.4664E-01  0.0000E+00  0.0000E+00
  0.3903E-01  0.4524E-01  0.2760E-04  0.7284E-02  0.0000E+00  0.0000E+00
  0.3647E-01  0.3013E-01  0.2637E-03  0.8951E-04  0.0000E+00  0.0000E+00
  0.2049E-01  0.2287E-01  0.1715E-02  0.1143E-02  0.0000E+00  0.0000E+00
  0.4923E-01  0.2884E-01  0.4380E-03  0.3965E-02  0.0000E+00  0.0000E+00
  0.6660E-01  0.1086E-01  0.7727E-03  0.1898E-02  0.6590E-08  0.0000E+00
  0.6561E-01  0.5817E-01  0.1825E-02  0.1532E-02  0.0000E+00  0.0000E+00
  0.2097E-01  0.1434E-01  0.1130E-02  0.3963E-02  0.0000E+00  0.0000E+00
  0.2289E-01  0.3278E-01  0.1109E-02  0.5609E-02  0.0000E+00  0.0000E+00
  0.3107E-01  0.1770E-01  0.1883E-02  0.5153E-03  0.0000E+00  0.0000E+00
  0.3549E-01  0.2161E-01  0.3635E-03  0.1797E-02  0.0000E+00  0.0000E+00
 Relative number of events:
  0.4512E-01  0.3925E-01  0.1375E-02  0.2375E-02  0.0000E+00  0.0000E+00
  0.3725E-01  0.4225E-01  0.2250E-02  0.3625E-02  0.0000E+00  0.0000E+00
  0.1375E-01  0.1213E-01  0.5000E-03  0.6250E-03  0.0000E+00  0.0000E+00
  0.1325E-01  0.1388E-01  0.1125E-02  0.8750E-03  0.0000E+00  0.0000E+00
  0.4238E-01  0.4300E-01  0.2750E-02  0.2625E-02  0.0000E+00  0.0000E+00
  0.4487E-01  0.4038E-01  0.1875E-02  0.3125E-02  0.0000E+00  0.0000E+00
  0.1275E-01  0.1463E-01  0.1125E-02  0.1375E-02  0.0000E+00  0.0000E+00
  0.1450E-01  0.1300E-01  0.8750E-03  0.5000E-03  0.0000E+00  0.0000E+00
  0.1425E-01  0.1463E-01  0.2250E-02  0.2250E-02  0.0000E+00  0.0000E+00
  0.1613E-01  0.1475E-01  0.2125E-02  0.2750E-02  0.0000E+00  0.0000E+00
  0.4275E-01  0.3925E-01  0.6375E-02  0.7000E-02  0.1250E-03  0.0000E+00
  0.3900E-01  0.4312E-01  0.5875E-02  0.8375E-02  0.0000E+00  0.0000E+00
  0.1787E-01  0.1425E-01  0.2875E-02  0.3625E-02  0.0000E+00  0.0000E+00
  0.1388E-01  0.1688E-01  0.2625E-02  0.1625E-02  0.0000E+00  0.0000E+00
  0.4000E-01  0.4138E-01  0.6375E-02  0.6375E-02  0.0000E+00  0.0000E+00
  0.4637E-01  0.4263E-01  0.6375E-02  0.6500E-02  0.0000E+00  0.0000E+00
 Events:
         361         314          11          19           0           0
         298         338          18          29           0           0
         110          97           4           5           0           0
         106         111           9           7           0           0
         339         344          22          21           0           0
         359         323          15          25           0           0
         102         117           9          11           0           0
         116         104           7           4           0           0
         114         117          18          18           0           0
         129         118          17          22           0           0
         342         314          51          56           1           0
         312         345          47          67           0           0
         143         114          23          29           0           0
         111         135          21          13           0           0
         320         331          51          51           0           0
         371         341          51          52           0           0
 Accuracy:    0.161   0.100   0.067   5.704
 Found          512  events.
 Wrote           36  events.
 Actual xsec    2.3506293257437545E-011
 Correct abs xsec    2.3506293257437545E-011
 Event xsec    2.3506293257437548E-011
 Events wgts > 1:            3
 % Cross section > 1:    1.0563773293911750E-013  0.44940191880611807     
 Iteration  5   Mean: 0.3172E-10 Abs mean: 0.3172E-10   Fluctuation:  0.204E-11   0.102E-07    74.9%
  5    0.3172E-10 0.3172E-10 +- 0.2038E-11      8.13
 Relative summed weights:
  0.2692E-01  0.1562E-01  0.5401E-02  0.2461E-02  0.0000E+00  0.2186E-03
  0.2193E-01  0.1851E-01  0.1878E-02  0.9168E-03  0.0000E+00  0.4210E-05
  0.3167E-01  0.2911E-01  0.4501E-02  0.2966E-02  0.0000E+00  0.0000E+00
  0.3576E-01  0.2394E-01  0.2793E-02  0.7775E-03  0.0000E+00  0.0000E+00
  0.1707E-01  0.3291E-01  0.9056E-03  0.3317E-02  0.0000E+00  0.0000E+00
  0.2383E-01  0.3664E-01  0.1226E-02  0.2516E-02  0.7796E-05  0.0000E+00
  0.2769E-01  0.5086E-01  0.1501E-02  0.1871E-03  0.0000E+00  0.0000E+00
  0.2088E-01  0.3575E-01  0.1418E-03  0.5520E-02  0.0000E+00  0.0000E+00
  0.4788E-01  0.6036E-01  0.6382E-03  0.1900E-02  0.0000E+00  0.0000E+00
  0.3337E-01  0.2674E-01  0.4713E-02  0.7541E-03  0.0000E+00  0.0000E+00
  0.1549E-01  0.2384E-01  0.1592E-02  0.2111E-02  0.0000E+00  0.0000E+00
  0.3868E-01  0.2839E-01  0.5975E-02  0.3566E-02  0.1825E-05  0.0000E+00
  0.2753E-01  0.2156E-01  0.1076E-02  0.5642E-03  0.0000E+00  0.0000E+00
  0.3801E-01  0.1197E-01  0.2104E-02  0.1652E-02  0.0000E+00  0.0000E+00
  0.1195E-01  0.2276E-01  0.9067E-03  0.1584E-02  0.1145E-04  0.2205E-04
  0.1680E-01  0.4914E-01  0.7068E-02  0.2950E-02  0.0000E+00  0.5690E-08
 Relative number of events:
  0.4269E-01  0.3969E-01  0.3063E-02  0.2563E-02  0.0000E+00  0.6250E-04
  0.3994E-01  0.3950E-01  0.2375E-02  0.2000E-02  0.0000E+00  0.6250E-04
  0.1562E-01  0.1350E-01  0.1063E-02  0.8125E-03  0.0000E+00  0.0000E+00
  0.1263E-01  0.1431E-01  0.1313E-02  0.1250E-02  0.0000E+00  0.0000E+00
  0.4362E-01  0.4144E-01  0.2500E-02  0.3125E-02  0.0000E+00  0.0000E+00
  0.4181E-01  0.4275E-01  0.1313E-02  0.2687E-02  0.6250E-04  0.0000E+00
  0.1375E-01  0.1294E-01  0.1000E-02  0.7500E-03  0.0000E+00  0.0000E+00
  0.1287E-01  0.1381E-01  0.1000E-02  0.4375E-03  0.0000E+00  0.0000E+00
  0.1569E-01  0.1644E-01  0.2625E-02  0.2312E-02  0.0000E+00  0.0000E+00
  0.1613E-01  0.1537E-01  0.2563E-02  0.1437E-02  0.0000E+00  0.0000E+00
  0.4213E-01  0.4106E-01  0.6375E-02  0.5562E-02  0.0000E+00  0.0000E+00
  0.4113E-01  0.4362E-01  0.7562E-02  0.7063E-02  0.6250E-04  0.0000E+00
  0.1337E-01  0.1588E-01  0.2625E-02  0.2375E-02  0.0000E+00  0.0000E+00
  0.1688E-01  0.1569E-01  0.1813E-02  0.2188E-02  0.0000E+00  0.0000E+00
  0.3737E-01  0.4244E-01  0.6750E-02  0.7687E-02  0.6250E-04  0.1250E-03
  0.4156E-01  0.4481E-01  0.6625E-02  0.6250E-02  0.0000E+00  0.6250E-04
 Events:
         683         635          49          41           0           1
         639         632          38          32           0           1
         250         216          17          13           0           0
         202         229          21          20           0           0
         698         663          40          50           0           0
         669         684          21          43           1           0
         220         207          16          12           0           0
         206         221          16           7           0           0
         251         263          42          37           0           0
         258         246          41          23           0           0
         674         657         102          89           0           0
         658         698         121         113           1           0
         214         254          42          38           0           0
         270         251          29          35           0           0
         598         679         108         123           1           2
         665         717         106         100           0           1
 Accuracy:    0.116   0.100   0.047   6.259
 Found         1096  events.
 Wrote           69  events.
 Actual xsec    2.9311472188690021E-011
 Correct abs xsec    2.9311472188690021E-011
 Event xsec    2.9311472188690021E-011
 Events wgts > 1:            3
 % Cross section > 1:    2.3531478043859430E-013  0.80280778435070110     

 -------------------------------------------------------------------------------
 Accumulated results:   Integral =  0.2728E-10
                        Std dev  =  0.1269E-11
                       Cross sec =  0.2728E-10
             Chi**2 per DoF.     =      6.2586
 -------------------------------------------------------------------------------
-------------------------------------------------
---------------------------
 Results Last   3 iters: Integral =   0.2931E-10
                     Abs integral =   0.2931E-10
                          Std dev =   0.1450E-11
                  Chi**2 per DoF. =      2.6472
-------------------------------------------------
---------------------------
 Status  0.10000000000000001                6           5

ls status:
events.lhe
ftn26
input_app.txt
results.dat
run1_app.log
