 Process in group number            1
 A PDF is used, so alpha_s(MZ) is going to be modified
 Old value of alpha_s from param_card:   0.11839999999999999     
  ****************************************
 
       NNPDFDriver version 1.0.3
   Grid: NNPDF23_lo_as_0130_qed_mem0.grid
  ****************************************
 New value of alpha_s from PDF nn23lo1:  0.13000000000000000     
 Define smin to   1600.0000000000000     
 Define smin to   1600.0000000000000     
 Define smin to   1600.0000000000000     
 *****************************************************
 *               MadGraph/MadEvent                   *
 *        --------------------------------           *
 *          http://madgraph.hep.uiuc.edu             *
 *          http://madgraph.phys.ucl.ac.be           *
 *          http://madgraph.roma2.infn.it            *
 *        --------------------------------           *
 *                                                   *
 *          PARAMETER AND COUPLING VALUES            *
 *                                                   *
 *****************************************************

  External Params
  ---------------------------------
  
 mdl_VeN1 =    1.0000000000000000     
 mdl_VeN2 =    0.0000000000000000     
 mdl_VeN3 =    0.0000000000000000     
 mdl_VmuN1 =    0.0000000000000000     
 mdl_VmuN2 =    1.0000000000000000     
 mdl_VmuN3 =    0.0000000000000000     
 mdl_VtaN1 =    0.0000000000000000     
 mdl_VtaN2 =    0.0000000000000000     
 mdl_VtaN3 =    1.0000000000000000     
 mdl_VN1N1 =    1.0000000000000000     
 mdl_VN1N2 =    1.0000000000000000     
 mdl_VN1N3 =    1.0000000000000000     
 mdl_VN2N2 =    1.0000000000000000     
 mdl_VN2N3 =    1.0000000000000000     
 mdl_VN3N3 =    1.0000000000000000     
 aEWM1 =    127.90000000000001     
 mdl_Gf =    1.1663700000000000E-005
 aS =   0.11839999999999999     
 mdl_ymt =    172.00000000000000     
 mdl_vevf =    50.000000000000000     
 mdl_MZ =    91.187600000000003     
 mdl_MT =    172.00000000000000     
 mdl_MH =    125.00000000000000     
 mdl_mN1 =    510.00000000000000     
 mdl_mN2 =    610.00000000000000     
 mdl_mN3 =    710.00000000000000     
 mdl_MJ =    91.187600000000003     
 mdl_MAx =    173.04800000000000     
 mdl_WZ =    2.4952000000000001     
 mdl_WW =    2.0850000000000000     
 mdl_WT =    1.5083359999999999     
 mdl_WH =    4.0699999999999998E-003
 mdl_WN1 =   0.30299999999999999     
 mdl_WN2 =    1.5000000000000000     
 mdl_WN3 =    12.300000000000001     
 mdl_WJ =    2.4952000000000001     
 mdl_WAx =    4.1700000000000001E-003
  Internal Params
  ---------------------------------
  
 mdl_vevf__exp__2 =    2500.0000000000000     
 mdl_sqrt__vevf__exp__2 =    50.000000000000000     
 mdl_muJ =    50.000000000000000     
 mdl_MZ__exp__2 =    8315.1783937600012     
 mdl_MZ__exp__4 =    69142191.720053151     
 mdl_sqrt__2 =    1.4142135623730951     
 mdl_MJ__exp__2 =    8315.1783937600012     
 mdl_muJ__exp__2 =    2500.0000000000000     
 mdl_lamJ =    4.3260713575040004     
 mdl_MH__exp__2 =    15625.000000000000     
 mdl_complexi =  (  0.0000000000000000     ,  1.0000000000000000     )
 mdl_aEW =    7.8186082877247844E-003
 mdl_MW =    79.824359746197842     
 mdl_sqrt__aEW =    8.8422894590285753E-002
 mdl_ee =   0.31345100004952897     
 mdl_MW__exp__2 =    6371.9284088904105     
 mdl_sw2 =   0.23369913342182447     
 mdl_cw =   0.87538612427783857     
 mdl_sqrt__sw2 =   0.48342438232036300     
 mdl_sw =   0.48342438232036300     
 mdl_g1 =   0.35807170271074895     
 mdl_gN =   0.64839716719502682     
 mdl_gw =   0.64839716719502682     
 mdl_vev =    246.22056907348590     
 mdl_vev__exp__2 =    60624.568634871241     
 mdl_lam =   0.12886689630821144     
 mdl_yt =   0.98791394091683138     
 mdl_muH =    88.388347648318444     
 mdl_I2a33 =  ( 0.98791394091683138     ,  0.0000000000000000     )
 mdl_I3a33 =  ( 0.98791394091683138     ,  0.0000000000000000     )
 mdl_ee__exp__2 =    9.8251529432049817E-002
 mdl_sw__exp__2 =   0.23369913342182450     
 mdl_cw__exp__2 =   0.76630086657817542     
  Internal Params evaluated point by point
  ----------------------------------------
  
 mdl_sqrt__aS =   0.34409301068170506     
 mdl_G__exp__2 =    1.4878582807401259     
  Couplings of SM_HeavyN_UFO
  ---------------------------------
  
         GC_1 =  -0.00000E+00  -0.10448E+00
         GC_2 =   0.00000E+00   0.20897E+00
         GC_3 =  -0.00000E+00  -0.31345E+00
         GC_4 =   0.00000E+00   0.31345E+00
        GC_26 =   0.00000E+00   0.45849E+00
        GC_27 =  -0.00000E+00  -0.28380E+00
        GC_28 =   0.00000E+00   0.28380E+00
        GC_30 =   0.00000E+00   0.56760E+00
        GC_35 =  -0.00000E+00  -0.28850E-01
        GC_37 =   0.00000E+00   0.17310E+00
        GC_39 =   0.00000E+00  -0.19725E+00
        GC_40 =   0.00000E+00   0.37035E+00
        GC_80 =   0.00000E+00   0.67543E+02
       GC_107 =  -0.00000E+00  -0.74070E+00
       GC_109 =  -0.00000E+00  -0.74070E+00
       GC_111 =  -0.00000E+00  -0.74070E+00
       GC_113 =  -0.00000E+00  -0.74070E+00
       GC_115 =  -0.00000E+00  -0.74070E+00
       GC_117 =  -0.00000E+00  -0.74070E+00
       GC_119 =   0.00000E+00   0.00000E+00
       GC_120 =   0.00000E+00   0.00000E+00
       GC_122 =  -0.00000E+00  -0.00000E+00
       GC_126 =   0.00000E+00   0.00000E+00
       GC_127 =   0.00000E+00   0.00000E+00
       GC_129 =  -0.00000E+00  -0.00000E+00
       GC_133 =   0.00000E+00   0.45849E+00
       GC_134 =   0.00000E+00   0.37035E+00
       GC_136 =  -0.00000E+00  -0.28836E+01
        GC_81 =   0.10200E+02   0.00000E+00
        GC_82 =   0.12200E+02   0.00000E+00
        GC_83 =   0.14200E+02   0.00000E+00

 Collider parameters:
 --------------------

 Running at P P   machine @    13000.000000000000       GeV
 PDF set = nn23lo1
 alpha_s(Mz)= 0.1300 running at 2 loops.
 alpha_s(Mz)= 0.1300 running at 2 loops.
 Renormalization scale set on event-by-event basis
 Factorization   scale set on event-by-event basis


 getting user params
Enter number of events and max and min iterations: 
 Number of events and iterations         1000           5           3
Enter desired fractional accuracy: 
 Desired fractional accuracy:   0.10000000000000001     
Enter 0 for fixed, 2 for adjustable grid: 
Suppress amplitude (0 no, 1 yes)? 
 Using suppressed amplitude.
Exact helicity sum (0 yes, n = number/event)? 
 Explicitly summing over helicities
Enter Configuration Number: 
Running Configuration Number:   41
 Using dconfig=         229
 BW Setting            1           1           1           2           2           0           0
 Attempting mappinvarients           1           9
 Completed mapping           9
 about to integrate           19        1000           5           3          19           1
 Using non-zero grid deformation.
 19 dimensions   1000 events 19 invarients  5 iterations  1 config(s),  (0.99)
 Using h-tuple random number sequence.
 Error opening grid
 Using Uniform Grid!          36
 Using uniform alpha   1.0000000000000000     
 Grid defined OK
 Set CM energy to      13000.00
 Mapping Graph          41  to config          41
 Setting BW          -1           1   91.187600000000003     
 Setting BW          -2           2   710.00000000000000     
 Setting BW          -3           3   710.00000000000000     
Setting grid   4    0.32375E-02   1
Setting grid   5    0.32375E-02   1
Setting grid   6    0.32375E-02   1
 Transforming s_hat 1/s           18   3.4149423052885213E-003   1600.0000000000000        168999999.99999997     
  41   1   2   3   4   5   6   7   8   9  10  11  12  13  14
  15  16  17  18  19
 Masses: 0.000E+00 0.000E+00 0.000E+00 0.000E+00 0.000E+00 0.000E+00 0.000E+00 0.000E+00 0.912E+02
Using random seed offsets    41 :      1
  with seed                   24
 Ranmar initialization seeds       31099        9398
 
 ********************************************
 * You are using the DiscreteSampler module *
 *      part of the MG5_aMC framework       *
 *         Author: Valentin Hirschi         *
 ********************************************
 
  Particle       3       4       5       6       7       8       9
      Et >    10.0    10.0    10.0    10.0     0.0     0.0     0.0
       E >     0.0     0.0     0.0     0.0     0.0     0.0     0.0
     Eta <     2.5     2.5     2.5     2.5    -1.0    -1.0    -1.0
   xqcut:      0.0     0.0     0.0     0.0     0.0     0.0     0.0
d R # 3  >    -0.0     0.4     0.4     0.4     0.0     0.0     0.0
d R # 4  >    -0.0    -0.0     0.4     0.4     0.0     0.0     0.0
d R # 5  >    -0.0    -0.0    -0.0     0.4     0.0     0.0     0.0
d R # 6  >    -0.0    -0.0    -0.0    -0.0     0.0     0.0     0.0
d R # 7  >    -0.0    -0.0    -0.0    -0.0    -0.0     0.0     0.0
d R # 8  >    -0.0    -0.0    -0.0    -0.0    -0.0    -0.0     0.0
s min # 3>     0.0     0.0     0.0     0.0     0.0     0.0     0.0
s min # 4>     0.0     0.0     0.0     0.0     0.0     0.0     0.0
s min # 5>     0.0     0.0     0.0     0.0     0.0     0.0     0.0
s min # 6>     0.0     0.0     0.0     0.0     0.0     0.0     0.0
s min # 7>     0.0     0.0     0.0     0.0     0.0     0.0     0.0
s min # 8>     0.0     0.0     0.0     0.0     0.0     0.0     0.0
xqcutij # 3>     0.0     0.0     0.0     0.0     0.0     0.0     0.0
xqcutij # 4>     0.0     0.0     0.0     0.0     0.0     0.0     0.0
xqcutij # 5>     0.0     0.0     0.0     0.0     0.0     0.0     0.0
xqcutij # 6>     0.0     0.0     0.0     0.0     0.0     0.0     0.0
xqcutij # 7>     0.0     0.0     0.0     0.0     0.0     0.0     0.0
xqcutij # 8>     0.0     0.0     0.0     0.0     0.0     0.0     0.0
 Requiring BW           -1           1
 Requiring BW           -2           2
 Requiring BW           -3           3
 Excluding BW           -4           4
 Excluding BW           -6           5
 alpha_s for scale    957.38564272182157       is    9.3565591464201459E-002
 Added good helicity            1   39.910178614211809       in event            1 local:           1
 Added good helicity           21  0.15793158133658988       in event            1 local:           1
 Added good helicity           25  0.11475421847108658       in event            1 local:           1
 Added good helicity           37   8.4493802628543893E-004  in event            1 local:           1
 Added good helicity           41   15.902215670888532       in event            1 local:           1
 Added good helicity           61  0.11575315329096943       in event            1 local:           1
 Added good helicity          193   99.798997373921495       in event            1 local:           1
 Added good helicity          213   1.4417277172611396       in event            1 local:           1
 Added good helicity          217  0.18363544740926260       in event            1 local:           1
 Added good helicity          229   2.8168685557074241E-004  in event            1 local:           1
 Added good helicity          233   96.108290077946833       in event            1 local:           1
 Added good helicity          253   2.2653895203804137       in event            1 local:           1
 Added good helicity            1   39.910178614214260       in event            1 local:           1
 Added good helicity           21  0.15793158133659116       in event            1 local:           1
 Added good helicity           25  0.11475421847108767       in event            1 local:           1
 Added good helicity           37   8.4493802628542061E-004  in event            1 local:           1
 Added good helicity           41   15.902215670888936       in event            1 local:           1
 Added good helicity           61  0.11575315329097094       in event            1 local:           1
 Added good helicity          193   99.798997373924422       in event            1 local:           1
 Added good helicity          213   1.4417277172611656       in event            1 local:           1
 Added good helicity          217  0.18363544740927656       in event            1 local:           1
 Added good helicity          229   2.8168685557082996E-004  in event            1 local:           1
 Added good helicity          233   96.108290077941021       in event            1 local:           1
 Added good helicity          253   2.2653895203804368       in event            1 local:           1
 RESET CUMULATIVE VARIABLE
 RESET CUMULATIVE VARIABLE
 RESET CUMULATIVE VARIABLE
 Iteration  1   Mean: 0.1432E-14 Abs mean: 0.1432E-14   Fluctuation:  0.539E-15   0.198E-12     0.2%
  1    0.1432E-14 0.1432E-14 +- 0.5392E-15      8.38
 Writing out events   5.7266282827712599E-017   8.3789772031633554     
 Relative summed weights:
  0.7990E-02  0.1942E-05  0.1920E-04  0.2299E-02  0.0000E+00  0.0000E+00
  0.7390E-05  0.1372E-03  0.7926E-03  0.2546E-02  0.0000E+00  0.0000E+00
  0.2058E-03  0.0000E+00  0.5743E-06  0.4681E-02  0.0000E+00  0.1971E-04
  0.1394E+00  0.2644E-01  0.5564E-03  0.8415E-02  0.0000E+00  0.4528E-07
  0.5373E-04  0.7570E-04  0.9269E-03  0.1155E-01  0.0000E+00  0.1335E-06
  0.4462E-04  0.7628E-05  0.2490E-02  0.1110E-02  0.0000E+00  0.6498E-09
  0.1325E+00  0.2241E-03  0.7762E-01  0.6447E-03  0.0000E+00  0.0000E+00
  0.4125E-03  0.1136E-02  0.2047E-02  0.1058E-01  0.0000E+00  0.0000E+00
  0.1171E-04  0.2247E-02  0.1225E-01  0.2809E+00  0.3167E-10  0.0000E+00
  0.7589E-02  0.4330E-03  0.8973E-02  0.1838E-04  0.0000E+00  0.0000E+00
  0.6132E-04  0.5527E-03  0.2911E-04  0.1871E-04  0.5093E-03  0.0000E+00
  0.7803E-03  0.4867E-01  0.1719E-03  0.3110E-01  0.0000E+00  0.0000E+00
  0.1235E+00  0.5397E-04  0.7578E-02  0.1294E-02  0.1306E-06  0.0000E+00
  0.3520E-01  0.2890E-03  0.7284E-03  0.3054E-03  0.0000E+00  0.0000E+00
  0.1867E-03  0.1682E-04  0.8809E-03  0.4542E-03  0.0000E+00  0.0000E+00
  0.1414E-04  0.1773E-03  0.5974E-04  0.2650E-05  0.0000E+00  0.6109E-06
 Relative number of events:
  0.1587E-01  0.3968E-02  0.3373E-01  0.1984E-01  0.0000E+00  0.0000E+00
  0.7937E-02  0.7937E-02  0.1190E-01  0.7937E-02  0.0000E+00  0.0000E+00
  0.9921E-02  0.0000E+00  0.3968E-02  0.2579E-01  0.0000E+00  0.3968E-02
  0.2579E-01  0.2778E-01  0.5952E-02  0.1984E-01  0.0000E+00  0.1984E-02
  0.1190E-01  0.7937E-02  0.4762E-01  0.4167E-01  0.0000E+00  0.1984E-02
  0.5952E-02  0.1190E-01  0.2183E-01  0.9921E-02  0.0000E+00  0.1984E-02
  0.5952E-02  0.3968E-02  0.9921E-02  0.1587E-01  0.0000E+00  0.0000E+00
  0.1984E-01  0.1786E-01  0.1786E-01  0.2183E-01  0.0000E+00  0.0000E+00
  0.5952E-02  0.1190E-01  0.2778E-01  0.2976E-01  0.1984E-02  0.0000E+00
  0.9921E-02  0.1389E-01  0.1786E-01  0.1587E-01  0.0000E+00  0.0000E+00
  0.9921E-02  0.1190E-01  0.7937E-02  0.7937E-02  0.1984E-02  0.0000E+00
  0.2183E-01  0.2183E-01  0.1786E-01  0.9921E-02  0.0000E+00  0.0000E+00
  0.1190E-01  0.9921E-02  0.3175E-01  0.2778E-01  0.3968E-02  0.0000E+00
  0.2183E-01  0.3968E-02  0.1389E-01  0.1389E-01  0.0000E+00  0.0000E+00
  0.7937E-02  0.1389E-01  0.5952E-02  0.2381E-01  0.0000E+00  0.0000E+00
  0.9921E-02  0.1786E-01  0.1587E-01  0.7937E-02  0.0000E+00  0.1984E-02
 Events:
           8           2          17          10           0           0
           4           4           6           4           0           0
           5           0           2          13           0           2
          13          14           3          10           0           1
           6           4          24          21           0           1
           3           6          11           5           0           1
           3           2           5           8           0           0
          10           9           9          11           0           0
           3           6          14          15           1           0
           5           7           9           8           0           0
           5           6           4           4           1           0
          11          11           9           5           0           0
           6           5          16          14           2           0
          11           2           7           7           0           0
           4           7           3          12           0           0
           5           9           8           4           0           1
 Iteration  2   Mean: 0.5629E-15 Abs mean: 0.5629E-15   Fluctuation:  0.228E-15   0.433E-12    20.0%
  2    0.5629E-15 0.5629E-15 +- 0.2276E-15     18.08
 Relative summed weights:
  0.4660E-03  0.3885E+00  0.1847E-01  0.5368E-02  0.0000E+00  0.1561E-04
  0.7956E-02  0.1168E-01  0.6173E-02  0.9089E-03  0.0000E+00  0.0000E+00
  0.1020E-02  0.1841E-02  0.2368E-02  0.5177E-03  0.5718E-07  0.7514E-09
  0.2116E-01  0.1239E-01  0.8273E-03  0.2494E-01  0.1149E-09  0.0000E+00
  0.1084E-01  0.1066E-02  0.1577E-01  0.2141E-02  0.6820E-03  0.0000E+00
  0.7443E-03  0.5704E-02  0.9980E-03  0.1752E-01  0.0000E+00  0.2958E-05
  0.1763E-02  0.1570E-01  0.5802E-03  0.2647E-02  0.0000E+00  0.2245E-04
  0.3323E-02  0.1031E-01  0.8593E-03  0.2183E-02  0.1546E-03  0.6863E-04
  0.8794E-01  0.2878E-01  0.9519E-02  0.1496E-02  0.9346E-04  0.1977E-04
  0.1947E-03  0.1655E-02  0.5600E-01  0.3829E-02  0.0000E+00  0.1757E-05
  0.6443E-03  0.4447E-01  0.3401E-03  0.2345E-02  0.0000E+00  0.0000E+00
  0.6177E-02  0.1237E-02  0.2197E-02  0.4433E-02  0.6009E-03  0.1229E-02
  0.1667E-01  0.5701E-02  0.6521E-02  0.2161E-01  0.2271E-05  0.0000E+00
  0.2384E-02  0.3743E-01  0.1827E-02  0.1925E-01  0.0000E+00  0.4413E-06
  0.2174E-02  0.1151E-02  0.5680E-03  0.2559E-01  0.2209E-05  0.3035E-03
  0.2726E-02  0.1428E-02  0.2773E-02  0.9627E-03  0.0000E+00  0.0000E+00
 Relative number of events:
  0.1400E-01  0.1150E-01  0.3400E-01  0.3150E-01  0.0000E+00  0.2000E-02
  0.1100E-01  0.1150E-01  0.1250E-01  0.7500E-02  0.0000E+00  0.0000E+00
  0.8000E-02  0.8000E-02  0.7500E-02  0.7500E-02  0.5000E-03  0.5000E-03
  0.2100E-01  0.2450E-01  0.1700E-01  0.8500E-02  0.5000E-03  0.0000E+00
  0.1300E-01  0.1200E-01  0.3700E-01  0.3650E-01  0.5000E-03  0.0000E+00
  0.8500E-02  0.1400E-01  0.1100E-01  0.1600E-01  0.0000E+00  0.5000E-03
  0.1000E-01  0.1150E-01  0.5000E-02  0.1150E-01  0.0000E+00  0.5000E-03
  0.2700E-01  0.2600E-01  0.1050E-01  0.1700E-01  0.5000E-03  0.5000E-03
  0.1750E-01  0.1850E-01  0.2850E-01  0.2850E-01  0.1500E-02  0.1000E-02
  0.9500E-02  0.1100E-01  0.1100E-01  0.1000E-01  0.0000E+00  0.1000E-02
  0.6500E-02  0.8000E-02  0.7500E-02  0.1100E-01  0.0000E+00  0.0000E+00
  0.1450E-01  0.1800E-01  0.1450E-01  0.1100E-01  0.5000E-03  0.5000E-03
  0.1700E-01  0.1650E-01  0.3050E-01  0.3450E-01  0.5000E-03  0.0000E+00
  0.1050E-01  0.1200E-01  0.1000E-01  0.1200E-01  0.0000E+00  0.5000E-03
  0.9000E-02  0.8500E-02  0.1450E-01  0.1300E-01  0.5000E-03  0.1500E-02
  0.2500E-01  0.1700E-01  0.1500E-01  0.1400E-01  0.0000E+00  0.0000E+00
 Events:
          28          23          68          63           0           4
          22          23          25          15           0           0
          16          16          15          15           1           1
          42          49          34          17           1           0
          26          24          74          73           1           0
          17          28          22          32           0           1
          20          23          10          23           0           1
          54          52          21          34           1           1
          35          37          57          57           3           2
          19          22          22          20           0           2
          13          16          15          22           0           0
          29          36          29          22           1           1
          34          33          61          69           1           0
          21          24          20          24           0           1
          18          17          29          26           1           3
          50          34          30          28           0           0
 Iteration  3   Mean: 0.7606E-15 Abs mean: 0.7606E-15   Fluctuation:  0.200E-15   0.665E-12    53.0%
  3    0.7606E-15 0.7606E-15 +- 0.1997E-15     16.60
 Relative summed weights:
  0.1145E+00  0.4392E-02  0.7213E-02  0.1139E-01  0.0000E+00  0.0000E+00
  0.7031E-02  0.2403E-02  0.6622E-02  0.1048E-01  0.0000E+00  0.2400E-01
  0.8454E-02  0.1243E-02  0.5834E-02  0.2019E-01  0.1223E-03  0.1416E-03
  0.5133E-02  0.4968E-02  0.3004E-01  0.1412E-02  0.2971E-03  0.0000E+00
  0.3361E-01  0.2399E-01  0.7604E-02  0.3154E-02  0.3074E-05  0.1639E-05
  0.3950E-01  0.5082E-02  0.1102E-01  0.2203E+00  0.0000E+00  0.0000E+00
  0.7542E-02  0.1684E-02  0.1491E-01  0.2588E-02  0.5126E-05  0.1785E-04
  0.1901E-02  0.5157E-02  0.2498E-02  0.1480E-01  0.0000E+00  0.2041E-05
  0.1835E-02  0.2149E-02  0.2020E-01  0.3166E-02  0.3409E-03  0.0000E+00
  0.5622E-02  0.1653E-02  0.1424E-01  0.8959E-01  0.7338E-06  0.0000E+00
  0.5169E-03  0.2564E-02  0.8892E-02  0.3040E-02  0.2318E-05  0.1070E-04
  0.2594E-01  0.4086E-02  0.9134E-02  0.8942E-02  0.0000E+00  0.3122E-06
  0.5623E-02  0.2625E-02  0.5035E-02  0.1296E-01  0.2836E-03  0.5972E-04
  0.5701E-02  0.9712E-02  0.1617E-01  0.3538E-02  0.2920E-03  0.1059E-04
  0.4339E-02  0.1968E-01  0.1973E-02  0.6757E-02  0.3751E-08  0.0000E+00
  0.1150E-01  0.1121E-01  0.2694E-02  0.1672E-01  0.0000E+00  0.0000E+00
 Relative number of events:
  0.1250E-01  0.1600E-01  0.3325E-01  0.2700E-01  0.0000E+00  0.0000E+00
  0.1425E-01  0.1350E-01  0.1225E-01  0.1250E-01  0.0000E+00  0.5000E-03
  0.1025E-01  0.9000E-02  0.9750E-02  0.1025E-01  0.2500E-03  0.1000E-02
  0.2350E-01  0.2150E-01  0.1150E-01  0.1075E-01  0.5000E-03  0.0000E+00
  0.1300E-01  0.1275E-01  0.3125E-01  0.3450E-01  0.5000E-03  0.5000E-03
  0.1300E-01  0.1400E-01  0.9750E-02  0.1075E-01  0.0000E+00  0.0000E+00
  0.7500E-02  0.8250E-02  0.8750E-02  0.8500E-02  0.5000E-03  0.2500E-03
  0.2550E-01  0.2725E-01  0.1225E-01  0.1300E-01  0.0000E+00  0.2500E-03
  0.1400E-01  0.1125E-01  0.3375E-01  0.3025E-01  0.2500E-03  0.0000E+00
  0.1275E-01  0.9750E-02  0.1100E-01  0.1225E-01  0.2500E-03  0.0000E+00
  0.6250E-02  0.8500E-02  0.1125E-01  0.1150E-01  0.5000E-03  0.5000E-03
  0.2525E-01  0.2500E-01  0.1075E-01  0.1025E-01  0.0000E+00  0.2500E-03
  0.1500E-01  0.1200E-01  0.3000E-01  0.3450E-01  0.5000E-03  0.7500E-03
  0.1025E-01  0.1125E-01  0.1250E-01  0.1325E-01  0.5000E-03  0.2500E-03
  0.9000E-02  0.9750E-02  0.1025E-01  0.1275E-01  0.2500E-03  0.0000E+00
  0.2350E-01  0.2125E-01  0.1250E-01  0.1250E-01  0.0000E+00  0.0000E+00
 Events:
          50          64         133         108           0           0
          57          54          49          50           0           2
          41          36          39          41           1           4
          94          86          46          43           2           0
          52          51         125         138           2           2
          52          56          39          43           0           0
          30          33          35          34           2           1
         102         109          49          52           0           1
          56          45         135         121           1           0
          51          39          44          49           1           0
          25          34          45          46           2           2
         101         100          43          41           0           1
          60          48         120         138           2           3
          41          45          50          53           2           1
          36          39          41          51           1           0
          94          85          50          50           0           0
 Accuracy:    0.261   0.100   0.190   1.881
 Found          242  events.
 Wrote            6  events.
 Actual xsec    8.8783574063271597E-016
 Correct abs xsec    8.8783574063271597E-016
 Event xsec    8.8783574063271597E-016
 Events wgts > 1:            1
 % Cross section > 1:    3.2188518808064015E-023   3.6255038330766989E-006
 Iteration  4   Mean: 0.5585E-15 Abs mean: 0.5585E-15   Fluctuation:  0.625E-16   0.362E-12    57.9%
  4    0.5585E-15 0.5585E-15 +- 0.6254E-16     10.01
 Relative summed weights:
  0.1181E-01  0.4605E-02  0.1734E-01  0.6126E-02  0.4194E-07  0.2932E-04
  0.1018E+00  0.1357E-01  0.4724E-02  0.1794E-01  0.0000E+00  0.5144E-03
  0.2520E-01  0.8479E-02  0.8703E-02  0.1970E-01  0.8969E-05  0.2532E-05
  0.1745E-01  0.7593E-02  0.3319E-01  0.2152E-01  0.1198E-04  0.1186E-05
  0.1066E-01  0.1044E-01  0.1392E-01  0.1242E-01  0.0000E+00  0.4677E-05
  0.8840E-02  0.2850E-01  0.7136E-02  0.8540E-02  0.0000E+00  0.1126E-03
  0.1204E-01  0.6161E-02  0.1588E-01  0.1344E-01  0.5050E-05  0.3636E-06
  0.1649E-01  0.1284E-01  0.2150E-01  0.9453E-02  0.1470E-05  0.9320E-04
  0.8752E-02  0.5070E-01  0.1204E-01  0.3647E-01  0.1500E-04  0.4240E-04
  0.8529E-02  0.1266E-01  0.1409E-01  0.7687E-02  0.1397E-03  0.9146E-06
  0.2065E-01  0.2116E-02  0.1332E-01  0.1284E-01  0.2429E-07  0.3198E-05
  0.2464E-01  0.2585E-01  0.4833E-02  0.2737E-01  0.6060E-07  0.1890E-02
  0.8120E-02  0.2162E-01  0.1052E-01  0.2441E-01  0.4563E-05  0.7575E-04
  0.5546E-02  0.1401E-01  0.6560E-02  0.1170E-01  0.0000E+00  0.1406E-04
  0.1894E-01  0.1712E-01  0.6229E-02  0.5081E-02  0.1858E-03  0.1306E-03
  0.1124E-01  0.1028E-01  0.7864E-02  0.6473E-02  0.5059E-03  0.0000E+00
 Relative number of events:
  0.1362E-01  0.1463E-01  0.3275E-01  0.2975E-01  0.2500E-03  0.5000E-03
  0.1350E-01  0.1150E-01  0.1025E-01  0.1025E-01  0.0000E+00  0.6250E-03
  0.9375E-02  0.8250E-02  0.9500E-02  0.7250E-02  0.2500E-03  0.1250E-03
  0.2438E-01  0.2125E-01  0.1188E-01  0.1613E-01  0.2500E-03  0.2500E-03
  0.1413E-01  0.1562E-01  0.3400E-01  0.2987E-01  0.0000E+00  0.2500E-03
  0.1312E-01  0.1175E-01  0.1362E-01  0.1200E-01  0.0000E+00  0.2500E-03
  0.1013E-01  0.1038E-01  0.8250E-02  0.9750E-02  0.2500E-03  0.1250E-03
  0.2100E-01  0.2637E-01  0.1413E-01  0.1375E-01  0.1250E-03  0.3750E-03
  0.1275E-01  0.1287E-01  0.2950E-01  0.3325E-01  0.2500E-03  0.7500E-03
  0.1250E-01  0.1250E-01  0.1087E-01  0.1112E-01  0.2500E-03  0.2500E-03
  0.8875E-02  0.7375E-02  0.8875E-02  0.1038E-01  0.1250E-03  0.2500E-03
  0.2475E-01  0.2237E-01  0.1038E-01  0.1250E-01  0.1250E-03  0.3750E-03
  0.1175E-01  0.1263E-01  0.3637E-01  0.3263E-01  0.5000E-03  0.6250E-03
  0.1275E-01  0.1188E-01  0.1137E-01  0.1238E-01  0.0000E+00  0.1250E-03
  0.9500E-02  0.1075E-01  0.8125E-02  0.9000E-02  0.1250E-03  0.5000E-03
  0.2200E-01  0.2287E-01  0.1475E-01  0.1025E-01  0.1250E-03  0.0000E+00
 Events:
         109         117         262         238           2           4
         108          92          82          82           0           5
          75          66          76          58           2           1
         195         170          95         129           2           2
         113         125         272         239           0           2
         105          94         109          96           0           2
          81          83          66          78           2           1
         168         211         113         110           1           3
         102         103         236         266           2           6
         100         100          87          89           2           2
          71          59          71          83           1           2
         198         179          83         100           1           3
          94         101         291         261           4           5
         102          95          91          99           0           1
          76          86          65          72           1           4
         176         183         118          82           1           0
 Accuracy:    0.197   0.100   0.096   4.183
 Found          469  events.
 Wrote           11  events.
 Actual xsec    5.8800728620716994E-016
 Correct abs xsec    5.8800728620716994E-016
 Event xsec    5.8800728620716974E-016
 Events wgts > 1:            0
 % Cross section > 1:    0.0000000000000000        0.0000000000000000     
 Iteration  5   Mean: 0.8465E-15 Abs mean: 0.8465E-15   Fluctuation:  0.641E-16   0.566E-12    58.9%
  5    0.8465E-15 0.8465E-15 +- 0.6413E-16      9.58
 Relative summed weights:
  0.9406E-02  0.1944E-01  0.1169E-01  0.2563E-01  0.3781E-05  0.1335E-04
  0.3936E-02  0.8454E-02  0.7352E-02  0.1620E-01  0.1255E-05  0.3148E-03
  0.1648E-01  0.1407E-01  0.2169E-01  0.7901E-02  0.9327E-03  0.1469E-03
  0.9661E-02  0.1300E-01  0.3485E-01  0.2258E-01  0.1110E-03  0.2397E-04
  0.1036E-01  0.2299E-01  0.1335E-01  0.2759E-01  0.4219E-03  0.3946E-03
  0.9275E-02  0.1641E-01  0.2712E-01  0.3171E-01  0.6540E-05  0.2120E-03
  0.4976E-01  0.1321E-01  0.7625E-02  0.1222E-01  0.1610E-03  0.3617E-04
  0.2142E-01  0.1053E-01  0.1488E-01  0.4857E-02  0.3525E-04  0.2228E-04
  0.9316E-02  0.1637E-01  0.1501E-01  0.1018E-01  0.1028E-06  0.7634E-04
  0.1143E-01  0.9617E-02  0.1025E-01  0.1303E-01  0.1946E-07  0.3030E-02
  0.1203E-01  0.1447E-01  0.8775E-02  0.2636E-01  0.5934E-04  0.1058E-03
  0.2877E-01  0.2213E-01  0.8890E-02  0.1278E-01  0.1587E-05  0.1257E-03
  0.2923E-01  0.1077E-01  0.9588E-02  0.1604E-01  0.4560E-05  0.6401E-04
  0.2071E-01  0.1553E-01  0.7945E-02  0.1196E-01  0.1797E-03  0.4168E-04
  0.6747E-02  0.1406E-01  0.1568E-01  0.8369E-02  0.3347E-05  0.2626E-04
  0.2993E-01  0.1220E-01  0.8261E-02  0.1137E-01  0.1387E-04  0.2769E-05
 Relative number of events:
  0.1362E-01  0.1362E-01  0.3219E-01  0.2888E-01  0.1875E-03  0.1875E-03
  0.1281E-01  0.1256E-01  0.1131E-01  0.1094E-01  0.1250E-03  0.7500E-03
  0.8875E-02  0.8500E-02  0.9875E-02  0.8625E-02  0.4375E-03  0.2500E-03
  0.2162E-01  0.2237E-01  0.1256E-01  0.1375E-01  0.1875E-03  0.1875E-03
  0.1319E-01  0.1469E-01  0.3050E-01  0.2969E-01  0.3750E-03  0.3750E-03
  0.1238E-01  0.1250E-01  0.1087E-01  0.1112E-01  0.3125E-03  0.4375E-03
  0.8375E-02  0.8000E-02  0.1106E-01  0.1112E-01  0.2500E-03  0.1875E-03
  0.2350E-01  0.2450E-01  0.1281E-01  0.1306E-01  0.1875E-03  0.3125E-03
  0.1419E-01  0.1388E-01  0.3181E-01  0.3531E-01  0.2500E-03  0.5625E-03
  0.1112E-01  0.1413E-01  0.1131E-01  0.1250E-01  0.6250E-04  0.3125E-03
  0.9500E-02  0.8688E-02  0.1081E-01  0.9813E-02  0.1875E-03  0.1875E-03
  0.2200E-01  0.2356E-01  0.1150E-01  0.1337E-01  0.1250E-03  0.1250E-03
  0.1300E-01  0.1175E-01  0.3006E-01  0.3375E-01  0.4375E-03  0.3750E-03
  0.1400E-01  0.1331E-01  0.9938E-02  0.1112E-01  0.3125E-03  0.2500E-03
  0.7562E-02  0.9187E-02  0.1063E-01  0.1069E-01  0.2500E-03  0.4375E-03
  0.2356E-01  0.2200E-01  0.1381E-01  0.1381E-01  0.1250E-03  0.6250E-04
 Events:
         218         218         515         462           3           3
         205         201         181         175           2          12
         142         136         158         138           7           4
         346         358         201         220           3           3
         211         235         488         475           6           6
         198         200         174         178           5           7
         134         128         177         178           4           3
         376         392         205         209           3           5
         227         222         509         565           4           9
         178         226         181         200           1           5
         152         139         173         157           3           3
         352         377         184         214           2           2
         208         188         481         540           7           6
         224         213         159         178           5           4
         121         147         170         171           4           7
         377         352         221         221           2           1
 Accuracy:    0.109   0.100   0.060   3.355
 Found         1502  events.
 Wrote           26  events.
 Actual xsec    7.5629682292426218E-016
 Correct abs xsec    7.5629682292426218E-016
 Event xsec    7.5629682292426159E-016
 Events wgts > 1:            0
 % Cross section > 1:    0.0000000000000000        0.0000000000000000     

 -------------------------------------------------------------------------------
 Accumulated results:   Integral =  0.7690E-15
                        Std dev  =  0.4582E-16
                       Cross sec =  0.7690E-15
             Chi**2 per DoF.     =      3.3552
 -------------------------------------------------------------------------------
-------------------------------------------------
---------------------------
 Results Last   3 iters: Integral =   0.7563E-15
                     Abs integral =   0.7563E-15
                          Std dev =   0.4615E-16
                  Chi**2 per DoF. =      5.9898
-------------------------------------------------
---------------------------
 Status  0.10000000000000001                6           5

ls status:
events.lhe
ftn26
input_app.txt
results.dat
run1_app.log
