 Process in group number            1
 A PDF is used, so alpha_s(MZ) is going to be modified
 Old value of alpha_s from param_card:   0.11839999999999999     
  ****************************************
 
       NNPDFDriver version 1.0.3
   Grid: NNPDF23_lo_as_0130_qed_mem0.grid
  ****************************************
 New value of alpha_s from PDF nn23lo1:  0.13000000000000000     
 Define smin to   1600.0000000000000     
 Define smin to   1600.0000000000000     
 Define smin to   1600.0000000000000     
 *****************************************************
 *               MadGraph/MadEvent                   *
 *        --------------------------------           *
 *          http://madgraph.hep.uiuc.edu             *
 *          http://madgraph.phys.ucl.ac.be           *
 *          http://madgraph.roma2.infn.it            *
 *        --------------------------------           *
 *                                                   *
 *          PARAMETER AND COUPLING VALUES            *
 *                                                   *
 *****************************************************

  External Params
  ---------------------------------
  
 mdl_VeN1 =    1.0000000000000000     
 mdl_VeN2 =    0.0000000000000000     
 mdl_VeN3 =    0.0000000000000000     
 mdl_VmuN1 =    0.0000000000000000     
 mdl_VmuN2 =    1.0000000000000000     
 mdl_VmuN3 =    0.0000000000000000     
 mdl_VtaN1 =    0.0000000000000000     
 mdl_VtaN2 =    0.0000000000000000     
 mdl_VtaN3 =    1.0000000000000000     
 mdl_VN1N1 =    1.0000000000000000     
 mdl_VN1N2 =    1.0000000000000000     
 mdl_VN1N3 =    1.0000000000000000     
 mdl_VN2N2 =    1.0000000000000000     
 mdl_VN2N3 =    1.0000000000000000     
 mdl_VN3N3 =    1.0000000000000000     
 aEWM1 =    127.90000000000001     
 mdl_Gf =    1.1663700000000000E-005
 aS =   0.11839999999999999     
 mdl_ymt =    172.00000000000000     
 mdl_vevf =    50.000000000000000     
 mdl_MZ =    91.187600000000003     
 mdl_MT =    172.00000000000000     
 mdl_MH =    125.00000000000000     
 mdl_mN1 =    1822.0000000000000     
 mdl_mN2 =    1922.0000000000000     
 mdl_mN3 =    2022.0000000000000     
 mdl_MJ =    91.187600000000003     
 mdl_MAx =    173.04800000000000     
 mdl_WZ =    2.4952000000000001     
 mdl_WW =    2.0850000000000000     
 mdl_WT =    1.5083359999999999     
 mdl_WH =    4.0699999999999998E-003
 mdl_WN1 =   0.30299999999999999     
 mdl_WN2 =    1.5000000000000000     
 mdl_WN3 =    12.300000000000001     
 mdl_WJ =    2.4952000000000001     
 mdl_WAx =    4.1700000000000001E-003
  Internal Params
  ---------------------------------
  
 mdl_vevf__exp__2 =    2500.0000000000000     
 mdl_sqrt__vevf__exp__2 =    50.000000000000000     
 mdl_muJ =    50.000000000000000     
 mdl_MZ__exp__2 =    8315.1783937600012     
 mdl_MZ__exp__4 =    69142191.720053151     
 mdl_sqrt__2 =    1.4142135623730951     
 mdl_MJ__exp__2 =    8315.1783937600012     
 mdl_muJ__exp__2 =    2500.0000000000000     
 mdl_lamJ =    4.3260713575040004     
 mdl_MH__exp__2 =    15625.000000000000     
 mdl_complexi =  (  0.0000000000000000     ,  1.0000000000000000     )
 mdl_aEW =    7.8186082877247844E-003
 mdl_MW =    79.824359746197842     
 mdl_sqrt__aEW =    8.8422894590285753E-002
 mdl_ee =   0.31345100004952897     
 mdl_MW__exp__2 =    6371.9284088904105     
 mdl_sw2 =   0.23369913342182447     
 mdl_cw =   0.87538612427783857     
 mdl_sqrt__sw2 =   0.48342438232036300     
 mdl_sw =   0.48342438232036300     
 mdl_g1 =   0.35807170271074895     
 mdl_gN =   0.64839716719502682     
 mdl_gw =   0.64839716719502682     
 mdl_vev =    246.22056907348590     
 mdl_vev__exp__2 =    60624.568634871241     
 mdl_lam =   0.12886689630821144     
 mdl_yt =   0.98791394091683138     
 mdl_muH =    88.388347648318444     
 mdl_I2a33 =  ( 0.98791394091683138     ,  0.0000000000000000     )
 mdl_I3a33 =  ( 0.98791394091683138     ,  0.0000000000000000     )
 mdl_ee__exp__2 =    9.8251529432049817E-002
 mdl_sw__exp__2 =   0.23369913342182450     
 mdl_cw__exp__2 =   0.76630086657817542     
  Internal Params evaluated point by point
  ----------------------------------------
  
 mdl_sqrt__aS =   0.34409301068170506     
 mdl_G__exp__2 =    1.4878582807401259     
  Couplings of SM_HeavyN_UFO
  ---------------------------------
  
         GC_1 =  -0.00000E+00  -0.10448E+00
         GC_2 =   0.00000E+00   0.20897E+00
         GC_3 =  -0.00000E+00  -0.31345E+00
         GC_4 =   0.00000E+00   0.31345E+00
        GC_26 =   0.00000E+00   0.45849E+00
        GC_27 =  -0.00000E+00  -0.28380E+00
        GC_28 =   0.00000E+00   0.28380E+00
        GC_30 =   0.00000E+00   0.56760E+00
        GC_35 =  -0.00000E+00  -0.28850E-01
        GC_37 =   0.00000E+00   0.17310E+00
        GC_39 =   0.00000E+00  -0.19725E+00
        GC_40 =   0.00000E+00   0.37035E+00
        GC_80 =   0.00000E+00   0.67543E+02
       GC_107 =  -0.00000E+00  -0.74070E+00
       GC_109 =  -0.00000E+00  -0.74070E+00
       GC_111 =  -0.00000E+00  -0.74070E+00
       GC_113 =  -0.00000E+00  -0.74070E+00
       GC_115 =  -0.00000E+00  -0.74070E+00
       GC_117 =  -0.00000E+00  -0.74070E+00
       GC_119 =   0.00000E+00   0.00000E+00
       GC_120 =   0.00000E+00   0.00000E+00
       GC_122 =  -0.00000E+00  -0.00000E+00
       GC_126 =   0.00000E+00   0.00000E+00
       GC_127 =   0.00000E+00   0.00000E+00
       GC_129 =  -0.00000E+00  -0.00000E+00
       GC_133 =   0.00000E+00   0.45849E+00
       GC_134 =   0.00000E+00   0.37035E+00
       GC_136 =  -0.00000E+00  -0.82121E+01
        GC_81 =   0.36440E+02   0.00000E+00
        GC_82 =   0.38440E+02   0.00000E+00
        GC_83 =   0.40440E+02   0.00000E+00

 Collider parameters:
 --------------------

 Running at P P   machine @    13000.000000000000       GeV
 PDF set = nn23lo1
 alpha_s(Mz)= 0.1300 running at 2 loops.
 alpha_s(Mz)= 0.1300 running at 2 loops.
 Renormalization scale set on event-by-event basis
 Factorization   scale set on event-by-event basis


 getting user params
Enter number of events and max and min iterations: 
 Number of events and iterations         1000           5           3
Enter desired fractional accuracy: 
 Desired fractional accuracy:   0.10000000000000001     
Enter 0 for fixed, 2 for adjustable grid: 
Suppress amplitude (0 no, 1 yes)? 
 Using suppressed amplitude.
Exact helicity sum (0 yes, n = number/event)? 
 Explicitly summing over helicities
Enter Configuration Number: 
Running Configuration Number:  948
 Using dconfig=          70
 BW Setting            1           2           1           2           0           0           0
 Attempting mappinvarients           1           9
 Completed mapping           9
 about to integrate           19        1000           5           3          19           1
 Using non-zero grid deformation.
 19 dimensions   1000 events 19 invarients  5 iterations  1 config(s),  (0.99)
 Using h-tuple random number sequence.
 Error opening grid
 Using Uniform Grid!          36
 Using uniform alpha   1.0000000000000000     
 Grid defined OK
 Set CM energy to      13000.00
 Mapping Graph         948  to config         948
 Setting BW          -1           1   79.824359746197842     
Setting grid   2    0.28499E-04   1
 Setting BW          -3           3   2022.0000000000000     
Setting grid   4    0.22743E-01   1
Setting grid   5    0.22743E-01   1
Setting grid   6    0.22743E-01   1
 Transforming s_hat 1/s           18   2.3209350591715982E-002   1600.0000000000000        168999999.99999997     
 948   1   2   3   4   5   6   7   8   9  10  11  12  13  14
  15  16  17  18  19
 Masses: 0.000E+00 0.000E+00 0.000E+00 0.000E+00 0.000E+00 0.000E+00 0.000E+00 0.000E+00 0.912E+02
Using random seed offsets   948 :      1
  with seed                   24
 Ranmar initialization seeds         678        9398
 
 ********************************************
 * You are using the DiscreteSampler module *
 *      part of the MG5_aMC framework       *
 *         Author: Valentin Hirschi         *
 ********************************************
 
  Particle       3       4       5       6       7       8       9
      Et >    10.0    10.0    10.0    10.0     0.0     0.0     0.0
       E >     0.0     0.0     0.0     0.0     0.0     0.0     0.0
     Eta <     2.5     2.5     2.5     2.5    -1.0    -1.0    -1.0
   xqcut:      0.0     0.0     0.0     0.0     0.0     0.0     0.0
d R # 3  >    -0.0     0.4     0.4     0.4     0.0     0.0     0.0
d R # 4  >    -0.0    -0.0     0.4     0.4     0.0     0.0     0.0
d R # 5  >    -0.0    -0.0    -0.0     0.4     0.0     0.0     0.0
d R # 6  >    -0.0    -0.0    -0.0    -0.0     0.0     0.0     0.0
d R # 7  >    -0.0    -0.0    -0.0    -0.0    -0.0     0.0     0.0
d R # 8  >    -0.0    -0.0    -0.0    -0.0    -0.0    -0.0     0.0
s min # 3>     0.0     0.0     0.0     0.0     0.0     0.0     0.0
s min # 4>     0.0     0.0     0.0     0.0     0.0     0.0     0.0
s min # 5>     0.0     0.0     0.0     0.0     0.0     0.0     0.0
s min # 6>     0.0     0.0     0.0     0.0     0.0     0.0     0.0
s min # 7>     0.0     0.0     0.0     0.0     0.0     0.0     0.0
s min # 8>     0.0     0.0     0.0     0.0     0.0     0.0     0.0
xqcutij # 3>     0.0     0.0     0.0     0.0     0.0     0.0     0.0
xqcutij # 4>     0.0     0.0     0.0     0.0     0.0     0.0     0.0
xqcutij # 5>     0.0     0.0     0.0     0.0     0.0     0.0     0.0
xqcutij # 6>     0.0     0.0     0.0     0.0     0.0     0.0     0.0
xqcutij # 7>     0.0     0.0     0.0     0.0     0.0     0.0     0.0
xqcutij # 8>     0.0     0.0     0.0     0.0     0.0     0.0     0.0
 Requiring BW           -1           1
 Excluding BW           -2           2
 Requiring BW           -3           3
 Excluding BW           -4           4
 alpha_s for scale    3119.8927120555272       is    8.2102995152183389E-002
 Added good helicity            1   115.24711199719636       in event            1 local:           1
 Added good helicity           21   1.5984344389781118E-004  in event            1 local:           1
 Added good helicity           25   7.9833609204242786E-003  in event            1 local:           1
 Added good helicity           37   3.0392754564521261E-007  in event            1 local:           1
 Added good helicity          193   140.54888354814130       in event            1 local:           1
 Added good helicity          213   6.0182895821403824E-003  in event            1 local:           1
 Added good helicity          217  0.18984157065552912       in event            1 local:           1
 Added good helicity          229   1.0093466375926117E-006  in event            1 local:           1
 Added good helicity          253   7.3931154793766637E-008  in event            1 local:           1
 Added good helicity            1   115.24711199717697       in event            1 local:           1
 Added good helicity           21   1.5984344389777212E-004  in event            1 local:           1
 Added good helicity           25   7.9833609204230955E-003  in event            1 local:           1
 Added good helicity           37   3.0392754564518254E-007  in event            1 local:           1
 Added good helicity          193   140.54888354816069       in event            1 local:           1
 Added good helicity          213   6.0182895821395688E-003  in event            1 local:           1
 Added good helicity          217  0.18984157065552010       in event            1 local:           1
 Added good helicity          229   1.0093466375927665E-006  in event            1 local:           1
 Added good helicity          253   7.3931154793757425E-008  in event            1 local:           1
 Added good helicity          233   2.5082756646514611E-008  in event            2 local:           1
 Added good helicity          233   2.5082756646550839E-008  in event            2 local:           1
 Added good helicity           41   3.0392754564523750E-007  in event            4 local:           2
 Added good helicity           41   3.0392754564516777E-007  in event            4 local:           2
 Added good helicity           61   1.0753543634478825E-008  in event           13 local:           5
 Added good helicity           61   1.0753543634474211E-008  in event           13 local:           5
 RESET CUMULATIVE VARIABLE
 RESET CUMULATIVE VARIABLE
 RESET CUMULATIVE VARIABLE
 Iteration  1   Mean: 0.1741E-09 Abs mean: 0.1741E-09   Fluctuation:  0.119E-09   0.117E-06    33.4%
  1    0.1741E-09 0.1741E-09 +- 0.1187E-09     21.57
 Writing out events   1.0418632540046975E-013   21.566807201658175     
 Relative summed weights:
  0.6709E+00  0.9146E-02  0.6205E-05  0.2524E-04  0.0000E+00  0.0000E+00
  0.1238E+00  0.1327E-01  0.2145E-04  0.3570E-04  0.0000E+00  0.0000E+00
  0.3068E-01  0.4420E-01  0.9931E-03  0.4575E-06  0.0000E+00  0.2761E-11
  0.2546E-03  0.2504E-02  0.1458E-02  0.4551E-04  0.0000E+00  0.2495E-04
  0.2556E-01  0.4277E-01  0.3317E-04  0.2748E-06  0.0000E+00  0.0000E+00
  0.4389E-03  0.3091E-03  0.1164E-05  0.1209E-04  0.1235E-05  0.0000E+00
  0.2423E-02  0.1626E-01  0.5029E-04  0.5302E-06  0.0000E+00  0.0000E+00
  0.1249E-01  0.2234E-02  0.1682E-04  0.1356E-04  0.0000E+00  0.1096E-06
 Relative number of events:
  0.4757E-01  0.4262E-01  0.7929E-02  0.1288E-01  0.0000E+00  0.0000E+00
  0.5946E-01  0.3568E-01  0.6938E-02  0.1090E-01  0.0000E+00  0.0000E+00
  0.4856E-01  0.4361E-01  0.5946E-02  0.5946E-02  0.0000E+00  0.9911E-03
  0.3469E-01  0.3865E-01  0.5946E-02  0.7929E-02  0.0000E+00  0.1982E-02
  0.5946E-01  0.4955E-01  0.1982E-01  0.1288E-01  0.0000E+00  0.0000E+00
  0.5649E-01  0.5451E-01  0.9911E-02  0.1487E-01  0.9911E-03  0.0000E+00
  0.5253E-01  0.7235E-01  0.1685E-01  0.1189E-01  0.0000E+00  0.0000E+00
  0.5253E-01  0.6541E-01  0.8920E-02  0.2081E-01  0.0000E+00  0.1982E-02
 Events:
          48          43           8          13           0           0
          60          36           7          11           0           0
          49          44           6           6           0           1
          35          39           6           8           0           2
          60          50          20          13           0           0
          57          55          10          15           1           0
          53          73          17          12           0           0
          53          66           9          21           0           2
 Iteration  2   Mean: 0.4148E-10 Abs mean: 0.4148E-10   Fluctuation:  0.133E-10   0.246E-07    65.3%
  2    0.4148E-10 0.4148E-10 +- 0.1327E-10     14.31
 Relative summed weights:
  0.1544E-01  0.3800E-01  0.3615E-04  0.9813E-04  0.0000E+00  0.3179E-07
  0.2582E-01  0.2457E-01  0.1006E-03  0.1504E-03  0.0000E+00  0.4604E-05
  0.3539E-01  0.1076E-01  0.5702E-03  0.1448E-03  0.8222E-08  0.0000E+00
  0.8905E-01  0.3625E+00  0.5181E-03  0.4673E-05  0.0000E+00  0.0000E+00
  0.2219E-01  0.3176E-01  0.2305E-01  0.5018E-01  0.0000E+00  0.0000E+00
  0.2752E-01  0.7592E-01  0.2648E-02  0.1424E-03  0.0000E+00  0.0000E+00
  0.1985E-01  0.4733E-01  0.1996E-02  0.1156E-02  0.0000E+00  0.0000E+00
  0.5729E-01  0.3036E-01  0.3610E-02  0.1893E-02  0.8347E-06  0.3699E-08
 Relative number of events:
  0.4050E-01  0.5000E-01  0.4000E-02  0.5000E-02  0.0000E+00  0.5000E-03
  0.4300E-01  0.4050E-01  0.4500E-02  0.4500E-02  0.0000E+00  0.5000E-03
  0.4550E-01  0.4450E-01  0.5000E-02  0.5500E-02  0.5000E-03  0.0000E+00
  0.4300E-01  0.4700E-01  0.8500E-02  0.5000E-02  0.0000E+00  0.0000E+00
  0.5700E-01  0.6450E-01  0.1000E-01  0.1400E-01  0.0000E+00  0.0000E+00
  0.5650E-01  0.5800E-01  0.1250E-01  0.1350E-01  0.0000E+00  0.0000E+00
  0.6600E-01  0.6350E-01  0.1050E-01  0.1100E-01  0.0000E+00  0.0000E+00
  0.6850E-01  0.6650E-01  0.1500E-01  0.1450E-01  0.5000E-03  0.5000E-03
 Events:
          81         100           8          10           0           1
          86          81           9           9           0           1
          91          89          10          11           1           0
          86          94          17          10           0           0
         114         129          20          28           0           0
         113         116          25          27           0           0
         132         127          21          22           0           0
         137         133          30          29           1           1
 Iteration  3   Mean: 0.2752E-09 Abs mean: 0.2752E-09   Fluctuation:  0.119E-09   0.387E-06    75.6%
  3    0.2752E-09 0.2752E-09 +- 0.1190E-09     27.35
 Relative summed weights:
  0.1427E-01  0.1474E-01  0.1018E-03  0.1853E-03  0.9657E-07  0.0000E+00
  0.2107E-01  0.9061E-02  0.2130E-03  0.1152E+00  0.0000E+00  0.0000E+00
  0.7811E-02  0.2669E-01  0.5988E-03  0.8017E-04  0.1067E-07  0.0000E+00
  0.6320E-02  0.6042E-02  0.3888E-03  0.2584E-02  0.7557E-06  0.0000E+00
  0.3929E+00  0.9976E-02  0.3493E-03  0.1059E-01  0.2874E-11  0.7427E-10
  0.1140E-01  0.3524E-01  0.1015E-03  0.2189E-03  0.0000E+00  0.3271E-09
  0.2344E+00  0.3539E-01  0.1579E-01  0.4465E-03  0.7099E-09  0.1215E-03
  0.1236E-01  0.8991E-02  0.5943E-02  0.3184E-03  0.2845E-09  0.0000E+00
 Relative number of events:
  0.4200E-01  0.4725E-01  0.7250E-02  0.6000E-02  0.2500E-03  0.0000E+00
  0.4425E-01  0.4450E-01  0.6000E-02  0.5750E-02  0.0000E+00  0.0000E+00
  0.4625E-01  0.4600E-01  0.7250E-02  0.4500E-02  0.2500E-03  0.0000E+00
  0.4750E-01  0.4750E-01  0.5250E-02  0.5750E-02  0.2500E-03  0.0000E+00
  0.5400E-01  0.6075E-01  0.1175E-01  0.1550E-01  0.2500E-03  0.5000E-03
  0.5675E-01  0.5575E-01  0.1050E-01  0.1175E-01  0.0000E+00  0.2500E-03
  0.6675E-01  0.6300E-01  0.1125E-01  0.1175E-01  0.2500E-03  0.1250E-02
  0.6375E-01  0.6325E-01  0.1350E-01  0.1350E-01  0.2500E-03  0.0000E+00
 Events:
         168         189          29          24           1           0
         177         178          24          23           0           0
         185         184          29          18           1           0
         190         190          21          23           1           0
         216         243          47          62           1           2
         227         223          42          47           0           1
         267         252          45          47           1           5
         255         253          54          54           1           0
 Accuracy:    0.574   0.100   0.241   5.689
 Found          241  events.
 Wrote            3  events.
 Actual xsec    1.3041073217154131E-010
 Correct abs xsec    1.3041073217154131E-010
 Event xsec    1.3041073217154131E-010
 Events wgts > 1:            1
 % Cross section > 1:    1.0266847321084220E-017   7.8727012341126080E-006
 Iteration  4   Mean: 0.2815E-09 Abs mean: 0.2815E-09   Fluctuation:  0.759E-10   0.503E-06    78.4%
  4    0.2815E-09 0.2815E-09 +- 0.7592E-10     24.12
 Relative summed weights:
  0.6510E-01  0.2737E-01  0.4311E-03  0.2249E-01  0.0000E+00  0.0000E+00
  0.2480E+00  0.1411E-01  0.1206E-02  0.3417E-03  0.7048E-07  0.0000E+00
  0.8400E-01  0.5986E-01  0.3031E-02  0.2118E-02  0.0000E+00  0.0000E+00
  0.1083E-01  0.3658E-01  0.1393E-02  0.4143E-02  0.0000E+00  0.0000E+00
  0.4728E-01  0.3860E-01  0.1825E-01  0.1353E-02  0.0000E+00  0.4871E-06
  0.2500E-01  0.2962E-01  0.4632E-03  0.1199E-02  0.6790E-09  0.3563E-05
  0.3078E-01  0.1833E-01  0.3157E-03  0.8705E-03  0.3999E-08  0.3923E-06
  0.8869E-02  0.1133E+00  0.1954E-02  0.8283E-01  0.9671E-09  0.4761E-09
 Relative number of events:
  0.4400E-01  0.4562E-01  0.6625E-02  0.5625E-02  0.0000E+00  0.0000E+00
  0.4725E-01  0.4000E-01  0.5250E-02  0.4125E-02  0.1250E-03  0.0000E+00
  0.4225E-01  0.4700E-01  0.5625E-02  0.5750E-02  0.0000E+00  0.0000E+00
  0.4575E-01  0.4113E-01  0.4875E-02  0.7000E-02  0.0000E+00  0.0000E+00
  0.6388E-01  0.6400E-01  0.1425E-01  0.1350E-01  0.0000E+00  0.2500E-03
  0.6575E-01  0.6050E-01  0.1325E-01  0.1100E-01  0.3750E-03  0.1250E-03
  0.6150E-01  0.6550E-01  0.1137E-01  0.1362E-01  0.2500E-03  0.1250E-03
  0.5850E-01  0.5875E-01  0.1425E-01  0.1087E-01  0.1250E-03  0.2500E-03
 Events:
         352         365          53          45           0           0
         378         320          42          33           1           0
         338         376          45          46           0           0
         366         329          39          56           0           0
         511         512         114         108           0           2
         526         484         106          88           3           1
         492         524          91         109           2           1
         468         470         114          87           1           2
 Accuracy:    0.319   0.100   0.180   3.150
 Found          186  events.
 Wrote            7  events.
 Actual xsec    1.9913268633809800E-010
 Correct abs xsec    1.9913268633809800E-010
 Event xsec    1.9913268633809803E-010
 Events wgts > 1:            1
 % Cross section > 1:    3.3113526196037394E-018   1.6628875351892502E-006
 Iteration  5   Mean: 0.2404E-09 Abs mean: 0.2404E-09   Fluctuation:  0.443E-10   0.612E-06    79.9%
  5    0.2404E-09 0.2404E-09 +- 0.4426E-10     23.29
 Relative summed weights:
  0.5343E-01  0.1207E+00  0.5267E-02  0.6573E-03  0.0000E+00  0.5047E-05
  0.4092E-01  0.1749E-01  0.8435E-03  0.2006E-02  0.5945E-08  0.0000E+00
  0.2433E-01  0.6830E-01  0.1591E-02  0.1779E-02  0.2298E-04  0.0000E+00
  0.3044E-01  0.4889E-01  0.6722E-02  0.3615E-02  0.1799E-08  0.1217E-06
  0.2974E-01  0.3353E-01  0.8602E-03  0.2661E-02  0.3576E-07  0.2205E-05
  0.6605E-01  0.2492E+00  0.2410E-02  0.1579E-02  0.5470E-05  0.4246E-05
  0.4276E-01  0.4283E-01  0.7950E-02  0.1294E-02  0.5774E-06  0.3430E-09
  0.4301E-01  0.4580E-01  0.1724E-02  0.1620E-02  0.2721E-06  0.5116E-06
 Relative number of events:
  0.4587E-01  0.4131E-01  0.5063E-02  0.4938E-02  0.0000E+00  0.6250E-04
  0.4675E-01  0.4450E-01  0.4437E-02  0.4938E-02  0.6250E-04  0.0000E+00
  0.4475E-01  0.4587E-01  0.5938E-02  0.4313E-02  0.1250E-03  0.0000E+00
  0.4556E-01  0.4956E-01  0.5812E-02  0.5250E-02  0.1250E-03  0.6250E-04
  0.6125E-01  0.6175E-01  0.1188E-01  0.1312E-01  0.1250E-03  0.2500E-03
  0.5825E-01  0.6175E-01  0.1306E-01  0.1388E-01  0.1250E-03  0.3125E-03
  0.6237E-01  0.6400E-01  0.1450E-01  0.1150E-01  0.2500E-03  0.1250E-03
  0.6106E-01  0.6087E-01  0.1206E-01  0.1194E-01  0.1250E-03  0.1250E-03
 Events:
         734         661          81          79           0           1
         748         712          71          79           1           0
         716         734          95          69           2           0
         729         793          93          84           2           1
         980         988         190         210           2           4
         932         988         209         222           2           5
         998        1024         232         184           4           2
         977         974         193         191           2           2
 Accuracy:    0.185   0.100   0.129   2.077
 Found          561  events.
 Wrote            3  events.
 Actual xsec    2.5586856814123190E-010
 Correct abs xsec    2.5586856814123190E-010
 Event xsec    2.5586856814123190E-010
 Events wgts > 1:            0
 % Cross section > 1:    0.0000000000000000        0.0000000000000000     

 -------------------------------------------------------------------------------
 Accumulated results:   Integral =  0.2184E-09
                        Std dev  =  0.2807E-10
                       Cross sec =  0.2184E-09
             Chi**2 per DoF.     =      2.0773
 -------------------------------------------------------------------------------
-------------------------------------------------
---------------------------
 Results Last   3 iters: Integral =   0.2559E-09
                     Abs integral =   0.2559E-09
                          Std dev =   0.3670E-10
                  Chi**2 per DoF. =      0.1313
-------------------------------------------------
---------------------------
 Status  0.10000000000000001                6           5

ls status:
events.lhe
ftn26
input_app.txt
results.dat
run1_app.log
