 Process in group number            1
 A PDF is used, so alpha_s(MZ) is going to be modified
 Old value of alpha_s from param_card:   0.11839999999999999     
  ****************************************
 
       NNPDFDriver version 1.0.3
   Grid: NNPDF23_lo_as_0130_qed_mem0.grid
  ****************************************
 New value of alpha_s from PDF nn23lo1:  0.13000000000000000     
 Define smin to   1600.0000000000000     
 Define smin to   1600.0000000000000     
 Define smin to   1600.0000000000000     
 *****************************************************
 *               MadGraph/MadEvent                   *
 *        --------------------------------           *
 *          http://madgraph.hep.uiuc.edu             *
 *          http://madgraph.phys.ucl.ac.be           *
 *          http://madgraph.roma2.infn.it            *
 *        --------------------------------           *
 *                                                   *
 *          PARAMETER AND COUPLING VALUES            *
 *                                                   *
 *****************************************************

  External Params
  ---------------------------------
  
 mdl_VeN1 =    1.0000000000000000     
 mdl_VeN2 =    0.0000000000000000     
 mdl_VeN3 =    0.0000000000000000     
 mdl_VmuN1 =    0.0000000000000000     
 mdl_VmuN2 =    1.0000000000000000     
 mdl_VmuN3 =    0.0000000000000000     
 mdl_VtaN1 =    0.0000000000000000     
 mdl_VtaN2 =    0.0000000000000000     
 mdl_VtaN3 =    1.0000000000000000     
 mdl_VN1N1 =    1.0000000000000000     
 mdl_VN1N2 =    1.0000000000000000     
 mdl_VN1N3 =    1.0000000000000000     
 mdl_VN2N2 =    1.0000000000000000     
 mdl_VN2N3 =    1.0000000000000000     
 mdl_VN3N3 =    1.0000000000000000     
 aEWM1 =    127.90000000000001     
 mdl_Gf =    1.1663700000000000E-005
 aS =   0.11839999999999999     
 mdl_ymt =    172.00000000000000     
 mdl_vevf =    50.000000000000000     
 mdl_MZ =    91.187600000000003     
 mdl_MT =    172.00000000000000     
 mdl_MH =    125.00000000000000     
 mdl_mN1 =    510.00000000000000     
 mdl_mN2 =    610.00000000000000     
 mdl_mN3 =    710.00000000000000     
 mdl_MJ =    91.187600000000003     
 mdl_MAx =    173.04800000000000     
 mdl_WZ =    2.4952000000000001     
 mdl_WW =    2.0850000000000000     
 mdl_WT =    1.5083359999999999     
 mdl_WH =    4.0699999999999998E-003
 mdl_WN1 =   0.30299999999999999     
 mdl_WN2 =    1.5000000000000000     
 mdl_WN3 =    12.300000000000001     
 mdl_WJ =    2.4952000000000001     
 mdl_WAx =    4.1700000000000001E-003
  Internal Params
  ---------------------------------
  
 mdl_vevf__exp__2 =    2500.0000000000000     
 mdl_sqrt__vevf__exp__2 =    50.000000000000000     
 mdl_muJ =    50.000000000000000     
 mdl_MZ__exp__2 =    8315.1783937600012     
 mdl_MZ__exp__4 =    69142191.720053151     
 mdl_sqrt__2 =    1.4142135623730951     
 mdl_MJ__exp__2 =    8315.1783937600012     
 mdl_muJ__exp__2 =    2500.0000000000000     
 mdl_lamJ =    4.3260713575040004     
 mdl_MH__exp__2 =    15625.000000000000     
 mdl_complexi =  (  0.0000000000000000     ,  1.0000000000000000     )
 mdl_aEW =    7.8186082877247844E-003
 mdl_MW =    79.824359746197842     
 mdl_sqrt__aEW =    8.8422894590285753E-002
 mdl_ee =   0.31345100004952897     
 mdl_MW__exp__2 =    6371.9284088904105     
 mdl_sw2 =   0.23369913342182447     
 mdl_cw =   0.87538612427783857     
 mdl_sqrt__sw2 =   0.48342438232036300     
 mdl_sw =   0.48342438232036300     
 mdl_g1 =   0.35807170271074895     
 mdl_gN =   0.64839716719502682     
 mdl_gw =   0.64839716719502682     
 mdl_vev =    246.22056907348590     
 mdl_vev__exp__2 =    60624.568634871241     
 mdl_lam =   0.12886689630821144     
 mdl_yt =   0.98791394091683138     
 mdl_muH =    88.388347648318444     
 mdl_I2a33 =  ( 0.98791394091683138     ,  0.0000000000000000     )
 mdl_I3a33 =  ( 0.98791394091683138     ,  0.0000000000000000     )
 mdl_ee__exp__2 =    9.8251529432049817E-002
 mdl_sw__exp__2 =   0.23369913342182450     
 mdl_cw__exp__2 =   0.76630086657817542     
  Internal Params evaluated point by point
  ----------------------------------------
  
 mdl_sqrt__aS =   0.34409301068170506     
 mdl_G__exp__2 =    1.4878582807401259     
  Couplings of SM_HeavyN_UFO
  ---------------------------------
  
         GC_1 =  -0.00000E+00  -0.10448E+00
         GC_2 =   0.00000E+00   0.20897E+00
         GC_3 =  -0.00000E+00  -0.31345E+00
         GC_4 =   0.00000E+00   0.31345E+00
        GC_26 =   0.00000E+00   0.45849E+00
        GC_27 =  -0.00000E+00  -0.28380E+00
        GC_28 =   0.00000E+00   0.28380E+00
        GC_30 =   0.00000E+00   0.56760E+00
        GC_35 =  -0.00000E+00  -0.28850E-01
        GC_37 =   0.00000E+00   0.17310E+00
        GC_39 =   0.00000E+00  -0.19725E+00
        GC_40 =   0.00000E+00   0.37035E+00
        GC_80 =   0.00000E+00   0.67543E+02
       GC_107 =  -0.00000E+00  -0.74070E+00
       GC_109 =  -0.00000E+00  -0.74070E+00
       GC_111 =  -0.00000E+00  -0.74070E+00
       GC_113 =  -0.00000E+00  -0.74070E+00
       GC_115 =  -0.00000E+00  -0.74070E+00
       GC_117 =  -0.00000E+00  -0.74070E+00
       GC_119 =   0.00000E+00   0.00000E+00
       GC_120 =   0.00000E+00   0.00000E+00
       GC_122 =  -0.00000E+00  -0.00000E+00
       GC_126 =   0.00000E+00   0.00000E+00
       GC_127 =   0.00000E+00   0.00000E+00
       GC_129 =  -0.00000E+00  -0.00000E+00
       GC_133 =   0.00000E+00   0.45849E+00
       GC_134 =   0.00000E+00   0.37035E+00
       GC_136 =  -0.00000E+00  -0.28836E+01
        GC_81 =   0.10200E+02   0.00000E+00
        GC_82 =   0.12200E+02   0.00000E+00
        GC_83 =   0.14200E+02   0.00000E+00

 Collider parameters:
 --------------------

 Running at P P   machine @    13000.000000000000       GeV
 PDF set = nn23lo1
 alpha_s(Mz)= 0.1300 running at 2 loops.
 alpha_s(Mz)= 0.1300 running at 2 loops.
 Renormalization scale set on event-by-event basis
 Factorization   scale set on event-by-event basis


 getting user params
Enter number of events and max and min iterations: 
 Number of events and iterations         1000           5           3
Enter desired fractional accuracy: 
 Desired fractional accuracy:   0.10000000000000001     
Enter 0 for fixed, 2 for adjustable grid: 
Suppress amplitude (0 no, 1 yes)? 
 Using suppressed amplitude.
Exact helicity sum (0 yes, n = number/event)? 
 Explicitly summing over helicities
Enter Configuration Number: 
Running Configuration Number:  102
 Using dconfig=         718
 BW Setting            1           2           1           2           2           2           0
 Attempting mappinvarients           1           9
 Completed mapping           9
 about to integrate           19        1000           5           3          19           1
 Using non-zero grid deformation.
 19 dimensions   1000 events 19 invarients  5 iterations  1 config(s),  (0.99)
 Using h-tuple random number sequence.
 Error opening grid
 Using Uniform Grid!          36
 Using uniform alpha   1.0000000000000000     
 Grid defined OK
 Set CM energy to      13000.00
 Mapping Graph         102  to config         102
 Setting BW          -1           1   91.187600000000003     
Setting grid   2    0.36660E-04   1
 Setting BW          -3           3   710.00000000000000     
Setting grid   4    0.24885E-02   1
Setting grid   5    0.24885E-02   1
Setting grid   6    0.24885E-02   1
 Transforming s_hat 1/s           18   2.6443328402366868E-003   1600.0000000000000        168999999.99999997     
 102   1   2   3   4   5   6   7   8   9  10  11  12  13  14
  15  16  17  18  19
 Masses: 0.000E+00 0.000E+00 0.000E+00 0.000E+00 0.000E+00 0.000E+00 0.000E+00 0.000E+00 0.912E+02
Using random seed offsets   102 :      1
  with seed                   24
 Ranmar initialization seeds       31160        9398
 
 ********************************************
 * You are using the DiscreteSampler module *
 *      part of the MG5_aMC framework       *
 *         Author: Valentin Hirschi         *
 ********************************************
 
  Particle       3       4       5       6       7       8       9
      Et >    10.0    10.0    10.0    10.0     0.0     0.0     0.0
       E >     0.0     0.0     0.0     0.0     0.0     0.0     0.0
     Eta <     2.5     2.5     2.5     2.5    -1.0    -1.0    -1.0
   xqcut:      0.0     0.0     0.0     0.0     0.0     0.0     0.0
d R # 3  >    -0.0     0.4     0.4     0.4     0.0     0.0     0.0
d R # 4  >    -0.0    -0.0     0.4     0.4     0.0     0.0     0.0
d R # 5  >    -0.0    -0.0    -0.0     0.4     0.0     0.0     0.0
d R # 6  >    -0.0    -0.0    -0.0    -0.0     0.0     0.0     0.0
d R # 7  >    -0.0    -0.0    -0.0    -0.0    -0.0     0.0     0.0
d R # 8  >    -0.0    -0.0    -0.0    -0.0    -0.0    -0.0     0.0
s min # 3>     0.0     0.0     0.0     0.0     0.0     0.0     0.0
s min # 4>     0.0     0.0     0.0     0.0     0.0     0.0     0.0
s min # 5>     0.0     0.0     0.0     0.0     0.0     0.0     0.0
s min # 6>     0.0     0.0     0.0     0.0     0.0     0.0     0.0
s min # 7>     0.0     0.0     0.0     0.0     0.0     0.0     0.0
s min # 8>     0.0     0.0     0.0     0.0     0.0     0.0     0.0
xqcutij # 3>     0.0     0.0     0.0     0.0     0.0     0.0     0.0
xqcutij # 4>     0.0     0.0     0.0     0.0     0.0     0.0     0.0
xqcutij # 5>     0.0     0.0     0.0     0.0     0.0     0.0     0.0
xqcutij # 6>     0.0     0.0     0.0     0.0     0.0     0.0     0.0
xqcutij # 7>     0.0     0.0     0.0     0.0     0.0     0.0     0.0
xqcutij # 8>     0.0     0.0     0.0     0.0     0.0     0.0     0.0
 Requiring BW           -1           1
 Excluding BW           -2           2
 Requiring BW           -3           3
 Excluding BW           -4           4
 Excluding BW           -5           5
 Excluding BW           -6           6
 alpha_s for scale    820.14931498734325       is    9.5313010241056650E-002
 Added good helicity            1   5.8028453684216066       in event            1 local:           1
 Added good helicity           21   47.783095633731222       in event            1 local:           1
 Added good helicity           25   2.6831203576553451       in event            1 local:           1
 Added good helicity           37   1.6470778055816693       in event            1 local:           1
 Added good helicity           41   2.5419016445258755       in event            1 local:           1
 Added good helicity           61   25.027552265521113       in event            1 local:           1
 Added good helicity          193   49.203460979656818       in event            1 local:           1
 Added good helicity          213   15.401713028227611       in event            1 local:           1
 Added good helicity          217   10.529954414574485       in event            1 local:           1
 Added good helicity          229   11.742189572167348       in event            1 local:           1
 Added good helicity          233   26.987055583840878       in event            1 local:           1
 Added good helicity          253   56.650033346096052       in event            1 local:           1
 Added good helicity            1   5.8028453684216093       in event            1 local:           1
 Added good helicity           21   47.783095633731293       in event            1 local:           1
 Added good helicity           25   2.6831203576553446       in event            1 local:           1
 Added good helicity           37   1.6470778055816706       in event            1 local:           1
 Added good helicity           41   2.5419016445258902       in event            1 local:           1
 Added good helicity           61   25.027552265521102       in event            1 local:           1
 Added good helicity          193   49.203460979657031       in event            1 local:           1
 Added good helicity          213   15.401713028227642       in event            1 local:           1
 Added good helicity          217   10.529954414574519       in event            1 local:           1
 Added good helicity          229   11.742189572167332       in event            1 local:           1
 Added good helicity          233   26.987055583840622       in event            1 local:           1
 Added good helicity          253   56.650033346095981       in event            1 local:           1
 RESET CUMULATIVE VARIABLE
 RESET CUMULATIVE VARIABLE
 RESET CUMULATIVE VARIABLE
 Iteration  1   Mean: 0.5459E-10 Abs mean: 0.5459E-10   Fluctuation:  0.144E-10   0.879E-08    20.8%
  1    0.5459E-10 0.5459E-10 +- 0.1438E-10      8.33
 Writing out events   5.2436392966665945E-014   8.3279210250634872     
 Relative summed weights:
  0.7425E-03  0.5350E-03  0.2182E-03  0.6229E-04  0.0000E+00  0.0000E+00
  0.5989E-03  0.3894E-03  0.1676E-02  0.5291E-02  0.0000E+00  0.0000E+00
  0.3029E-01  0.2682E-01  0.2531E-01  0.9372E-01  0.1186E-07  0.0000E+00
  0.2012E-05  0.3125E-02  0.1464E-05  0.3374E-04  0.0000E+00  0.2557E-09
  0.8236E-02  0.1137E-02  0.1177E-04  0.4511E-04  0.0000E+00  0.0000E+00
  0.1132E-04  0.7663E-03  0.2382E-02  0.2125E-03  0.0000E+00  0.0000E+00
  0.2456E+00  0.1611E+00  0.1235E-02  0.3019E-02  0.7419E-06  0.0000E+00
  0.1892E-05  0.2608E-07  0.1670E-03  0.3486E-03  0.0000E+00  0.4522E-04
  0.5189E-03  0.8408E-01  0.1928E-06  0.1181E-03  0.0000E+00  0.0000E+00
  0.1256E-01  0.5498E-01  0.4123E-03  0.6903E-03  0.0000E+00  0.7104E-02
  0.1156E+00  0.1214E-01  0.2751E-02  0.6063E-03  0.2775E-05  0.0000E+00
  0.0000E+00  0.2183E-10  0.1991E-04  0.3832E-02  0.0000E+00  0.0000E+00
  0.2933E-01  0.2164E-04  0.2646E-08  0.1240E-03  0.0000E+00  0.0000E+00
  0.1438E-04  0.1175E-01  0.3663E-04  0.1180E-03  0.0000E+00  0.3774E-05
  0.2074E-02  0.1259E-02  0.1734E-02  0.2645E-01  0.1714E-06  0.7362E-08
  0.3756E-06  0.3087E-06  0.9111E-02  0.9456E-02  0.0000E+00  0.0000E+00
 Relative number of events:
  0.7929E-02  0.1090E-01  0.3964E-02  0.2973E-02  0.0000E+00  0.0000E+00
  0.1189E-01  0.5946E-02  0.6938E-02  0.1090E-01  0.0000E+00  0.0000E+00
  0.4163E-01  0.3766E-01  0.2577E-01  0.3667E-01  0.9911E-03  0.0000E+00
  0.9911E-03  0.3964E-02  0.3964E-02  0.3964E-02  0.0000E+00  0.9911E-03
  0.4955E-02  0.8920E-02  0.5946E-02  0.4955E-02  0.0000E+00  0.0000E+00
  0.5946E-02  0.1288E-01  0.7929E-02  0.1189E-01  0.0000E+00  0.0000E+00
  0.4955E-01  0.2874E-01  0.4460E-01  0.4460E-01  0.2973E-02  0.0000E+00
  0.1982E-02  0.2973E-02  0.5946E-02  0.4955E-02  0.0000E+00  0.9911E-03
  0.5946E-02  0.1090E-01  0.9911E-03  0.4955E-02  0.0000E+00  0.0000E+00
  0.1388E-01  0.8920E-02  0.1685E-01  0.1189E-01  0.0000E+00  0.2973E-02
  0.5352E-01  0.4262E-01  0.3667E-01  0.3469E-01  0.3964E-02  0.0000E+00
  0.0000E+00  0.9911E-03  0.3964E-02  0.6938E-02  0.0000E+00  0.0000E+00
  0.8920E-02  0.5946E-02  0.1982E-02  0.5946E-02  0.0000E+00  0.0000E+00
  0.9911E-02  0.1090E-01  0.1586E-01  0.1189E-01  0.0000E+00  0.9911E-03
  0.3766E-01  0.4460E-01  0.3766E-01  0.5352E-01  0.2973E-02  0.2973E-02
  0.1982E-02  0.1982E-02  0.7929E-02  0.6938E-02  0.0000E+00  0.0000E+00
 Events:
           8          11           4           3           0           0
          12           6           7          11           0           0
          42          38          26          37           1           0
           1           4           4           4           0           1
           5           9           6           5           0           0
           6          13           8          12           0           0
          50          29          45          45           3           0
           2           3           6           5           0           1
           6          11           1           5           0           0
          14           9          17          12           0           3
          54          43          37          35           4           0
           0           1           4           7           0           0
           9           6           2           6           0           0
          10          11          16          12           0           1
          38          45          38          54           3           3
           2           2           8           7           0           0
 Iteration  2   Mean: 0.2961E-10 Abs mean: 0.2961E-10   Fluctuation:  0.774E-11   0.126E-07    47.7%
  2    0.2961E-10 0.2961E-10 +- 0.7743E-11     11.69
 Relative summed weights:
  0.9236E-03  0.1100E-02  0.1215E-03  0.2914E-04  0.0000E+00  0.0000E+00
  0.5722E-02  0.1357E-01  0.1138E-02  0.1171E-01  0.0000E+00  0.0000E+00
  0.1187E-01  0.5948E-01  0.1186E-01  0.2271E-01  0.5344E-03  0.8820E-07
  0.3546E-02  0.1997E-05  0.1059E-02  0.1406E-02  0.0000E+00  0.1535E-08
  0.1793E-02  0.3092E-01  0.7661E-02  0.3973E-04  0.8587E-04  0.9401E-06
  0.9732E-02  0.4202E-01  0.9036E-03  0.7501E-02  0.0000E+00  0.0000E+00
  0.3583E-01  0.3070E-01  0.1089E-01  0.6332E-02  0.6118E-03  0.1196E-04
  0.4236E-05  0.3244E-04  0.2912E-03  0.3603E-02  0.0000E+00  0.3952E-08
  0.3603E-02  0.3043E-02  0.3394E-02  0.2586E-02  0.9835E-06  0.0000E+00
  0.2217E+00  0.2528E-02  0.3473E-01  0.2140E-02  0.0000E+00  0.0000E+00
  0.1662E+00  0.1199E-01  0.2216E-01  0.1421E-01  0.1884E-08  0.5007E-03
  0.1562E-02  0.4065E-05  0.4886E-02  0.6254E-04  0.0000E+00  0.0000E+00
  0.2622E-03  0.1541E-04  0.1197E-04  0.6808E-03  0.0000E+00  0.0000E+00
  0.2205E-02  0.8272E-02  0.2822E-02  0.1095E-01  0.0000E+00  0.8965E-10
  0.6023E-01  0.4501E-01  0.1214E-01  0.1803E-01  0.9007E-05  0.1180E-03
  0.1052E-02  0.7089E-02  0.6638E-04  0.9738E-05  0.1460E-08  0.0000E+00
 Relative number of events:
  0.7000E-02  0.8000E-02  0.2000E-02  0.2500E-02  0.0000E+00  0.0000E+00
  0.1000E-01  0.1700E-01  0.1000E-01  0.1050E-01  0.0000E+00  0.0000E+00
  0.4450E-01  0.4000E-01  0.3350E-01  0.3650E-01  0.2000E-02  0.5000E-03
  0.4000E-02  0.1500E-02  0.5000E-02  0.6500E-02  0.0000E+00  0.5000E-03
  0.9000E-02  0.7500E-02  0.3500E-02  0.1000E-02  0.5000E-03  0.1000E-02
  0.1100E-01  0.1100E-01  0.1300E-01  0.1350E-01  0.0000E+00  0.0000E+00
  0.4650E-01  0.5000E-01  0.4200E-01  0.3700E-01  0.1500E-02  0.5000E-03
  0.5000E-03  0.3500E-02  0.4500E-02  0.5500E-02  0.0000E+00  0.5000E-03
  0.7000E-02  0.8000E-02  0.2000E-02  0.5500E-02  0.5000E-03  0.0000E+00
  0.1350E-01  0.1250E-01  0.1000E-01  0.1050E-01  0.0000E+00  0.0000E+00
  0.3950E-01  0.4800E-01  0.3300E-01  0.4150E-01  0.5000E-03  0.5000E-03
  0.4500E-02  0.1000E-02  0.4500E-02  0.5500E-02  0.0000E+00  0.0000E+00
  0.7500E-02  0.3500E-02  0.3500E-02  0.1500E-02  0.0000E+00  0.0000E+00
  0.1000E-01  0.8000E-02  0.9500E-02  0.1350E-01  0.0000E+00  0.5000E-03
  0.4900E-01  0.4650E-01  0.3750E-01  0.3750E-01  0.1000E-02  0.1500E-02
  0.3000E-02  0.6000E-02  0.4500E-02  0.3000E-02  0.5000E-03  0.0000E+00
 Events:
          14          16           4           5           0           0
          20          34          20          21           0           0
          89          80          67          73           4           1
           8           3          10          13           0           1
          18          15           7           2           1           2
          22          22          26          27           0           0
          93         100          84          74           3           1
           1           7           9          11           0           1
          14          16           4          11           1           0
          27          25          20          21           0           0
          79          96          66          83           1           1
           9           2           9          11           0           0
          15           7           7           3           0           0
          20          16          19          27           0           1
          98          93          75          75           2           3
           6          12           9           6           1           0
 Iteration  3   Mean: 0.5292E-10 Abs mean: 0.5292E-10   Fluctuation:  0.121E-10   0.355E-07    58.3%
  3    0.5292E-10 0.5292E-10 +- 0.1207E-10     14.42
 Relative summed weights:
  0.6751E-03  0.1587E-02  0.3064E-06  0.1102E-02  0.0000E+00  0.1289E-03
  0.4451E-02  0.2382E-01  0.2110E-02  0.2855E-01  0.0000E+00  0.2538E-03
  0.1275E-01  0.1091E-01  0.2874E-01  0.5707E-01  0.6381E-06  0.1361E-03
  0.3574E-03  0.5449E-04  0.3237E-02  0.3569E-01  0.0000E+00  0.0000E+00
  0.9727E-02  0.6542E-03  0.6208E-04  0.7080E-03  0.0000E+00  0.0000E+00
  0.1353E+00  0.1812E+00  0.7670E-02  0.1218E-01  0.1997E-05  0.1929E-06
  0.1650E-01  0.1736E-01  0.7696E-02  0.3095E-01  0.0000E+00  0.0000E+00
  0.1133E-01  0.3449E-03  0.6468E-03  0.5634E-02  0.0000E+00  0.1236E-09
  0.1198E-02  0.2760E-02  0.3606E-03  0.7978E-02  0.0000E+00  0.0000E+00
  0.1193E-01  0.7440E-02  0.5182E-03  0.5209E-03  0.0000E+00  0.4650E-04
  0.1661E-01  0.2680E-01  0.6449E-01  0.2032E-01  0.1731E-06  0.4445E-05
  0.4291E-01  0.2352E-02  0.6469E-03  0.1125E-02  0.0000E+00  0.3805E-04
  0.1620E-03  0.1787E-02  0.2678E-02  0.2435E-02  0.0000E+00  0.0000E+00
  0.1024E-02  0.2505E-01  0.7679E-02  0.1036E-01  0.0000E+00  0.4779E-05
  0.3215E-01  0.8041E-02  0.9114E-02  0.2656E-01  0.0000E+00  0.7594E-04
  0.4189E-03  0.2129E-03  0.1245E-01  0.2166E-02  0.0000E+00  0.1493E-07
 Relative number of events:
  0.6750E-02  0.5250E-02  0.1500E-02  0.1750E-02  0.0000E+00  0.2500E-03
  0.1225E-01  0.1225E-01  0.1200E-01  0.1275E-01  0.0000E+00  0.2500E-03
  0.4775E-01  0.4800E-01  0.3600E-01  0.3775E-01  0.2500E-03  0.5000E-03
  0.2750E-02  0.2500E-02  0.5500E-02  0.5500E-02  0.0000E+00  0.0000E+00
  0.8250E-02  0.6000E-02  0.2000E-02  0.3500E-02  0.0000E+00  0.0000E+00
  0.1100E-01  0.1325E-01  0.1125E-01  0.9000E-02  0.2500E-03  0.2500E-03
  0.4825E-01  0.3900E-01  0.3875E-01  0.4100E-01  0.0000E+00  0.0000E+00
  0.1750E-02  0.1500E-02  0.6250E-02  0.7250E-02  0.0000E+00  0.2500E-03
  0.8000E-02  0.7500E-02  0.2250E-02  0.2000E-02  0.0000E+00  0.0000E+00
  0.1225E-01  0.1025E-01  0.8250E-02  0.9750E-02  0.0000E+00  0.2500E-03
  0.5075E-01  0.4800E-01  0.3600E-01  0.3800E-01  0.2500E-03  0.7500E-03
  0.4000E-02  0.2500E-02  0.5750E-02  0.6000E-02  0.0000E+00  0.2500E-03
  0.8250E-02  0.7250E-02  0.3750E-02  0.4250E-02  0.0000E+00  0.0000E+00
  0.9750E-02  0.1325E-01  0.9500E-02  0.1100E-01  0.0000E+00  0.2500E-03
  0.4725E-01  0.4625E-01  0.3550E-01  0.3275E-01  0.0000E+00  0.5000E-03
  0.3000E-02  0.3500E-02  0.5500E-02  0.5250E-02  0.0000E+00  0.2500E-03
 Events:
          27          21           6           7           0           1
          49          49          48          51           0           1
         191         192         144         151           1           2
          11          10          22          22           0           0
          33          24           8          14           0           0
          44          53          45          36           1           1
         193         156         155         164           0           0
           7           6          25          29           0           1
          32          30           9           8           0           0
          49          41          33          39           0           1
         203         192         144         152           1           3
          16          10          23          24           0           1
          33          29          15          17           0           0
          39          53          38          44           0           1
         189         185         142         131           0           2
          12          14          22          21           0           1
 Accuracy:    0.169   0.100   0.144   1.374
 Found          271  events.
 Wrote            5  events.
 Actual xsec    4.6354165709061632E-011
 Correct abs xsec    4.6354165709061632E-011
 Event xsec    4.6354165709061632E-011
 Events wgts > 1:            1
 % Cross section > 1:    1.1657155001085863E-018   2.5148020297142445E-006
 Iteration  4   Mean: 0.6057E-10 Abs mean: 0.6057E-10   Fluctuation:  0.140E-10   0.754E-07    59.6%
  4    0.6057E-10 0.6057E-10 +- 0.1402E-10     20.70
 Relative summed weights:
  0.7346E-02  0.7312E-02  0.9514E-02  0.1414E-02  0.0000E+00  0.0000E+00
  0.6429E-02  0.8089E-02  0.5052E-02  0.1032E-01  0.1056E-04  0.0000E+00
  0.2878E-01  0.7705E-01  0.9591E-02  0.1099E-01  0.2539E-04  0.5135E-04
  0.3253E-02  0.2928E-02  0.1549E-02  0.1128E-02  0.0000E+00  0.0000E+00
  0.6881E-03  0.5617E-02  0.1475E-02  0.2204E-02  0.0000E+00  0.1077E-04
  0.4531E-01  0.1689E-01  0.9210E-02  0.6534E-02  0.1067E-04  0.0000E+00
  0.2375E-01  0.2082E-01  0.1646E+00  0.1088E-01  0.4344E-03  0.2941E-03
  0.3669E-02  0.3809E-02  0.6429E-03  0.2992E-02  0.1442E-04  0.0000E+00
  0.1538E-02  0.2938E-02  0.2637E-02  0.2753E-01  0.2713E-07  0.0000E+00
  0.2441E-01  0.7696E-02  0.9865E-02  0.1378E-01  0.1868E-05  0.5901E-06
  0.7958E-02  0.1746E+00  0.1558E-01  0.9873E-02  0.2984E-05  0.1326E-03
  0.1371E-01  0.5792E-02  0.8765E-02  0.1067E-02  0.3333E-07  0.0000E+00
  0.1631E-02  0.7835E-02  0.6299E-02  0.6282E-04  0.0000E+00  0.0000E+00
  0.1806E-01  0.4944E-02  0.1868E-01  0.1400E-02  0.0000E+00  0.3457E-03
  0.1760E-01  0.3531E-01  0.1285E-01  0.2079E-01  0.2447E-04  0.3667E-03
  0.2985E-02  0.3816E-03  0.7981E-02  0.3801E-02  0.1068E-03  0.0000E+00
 Relative number of events:
  0.8875E-02  0.8625E-02  0.2625E-02  0.3250E-02  0.0000E+00  0.0000E+00
  0.1263E-01  0.1275E-01  0.9875E-02  0.1137E-01  0.1250E-03  0.0000E+00
  0.5075E-01  0.4013E-01  0.3787E-01  0.3650E-01  0.1250E-02  0.5000E-03
  0.3000E-02  0.3125E-02  0.6500E-02  0.4875E-02  0.0000E+00  0.0000E+00
  0.5500E-02  0.5250E-02  0.2125E-02  0.3375E-02  0.0000E+00  0.1250E-03
  0.1275E-01  0.1238E-01  0.1162E-01  0.1312E-01  0.1250E-03  0.0000E+00
  0.4400E-01  0.4825E-01  0.3850E-01  0.3662E-01  0.6250E-03  0.5000E-03
  0.3500E-02  0.3750E-02  0.4500E-02  0.5000E-02  0.1250E-03  0.0000E+00
  0.7000E-02  0.8000E-02  0.3500E-02  0.2875E-02  0.1250E-03  0.0000E+00
  0.1125E-01  0.1263E-01  0.1150E-01  0.9750E-02  0.1250E-03  0.1250E-03
  0.4612E-01  0.4437E-01  0.3662E-01  0.3575E-01  0.3750E-03  0.6250E-03
  0.3250E-02  0.2875E-02  0.4000E-02  0.5625E-02  0.1250E-03  0.0000E+00
  0.6250E-02  0.6500E-02  0.3750E-02  0.1625E-02  0.0000E+00  0.0000E+00
  0.1250E-01  0.1238E-01  0.1250E-01  0.1038E-01  0.0000E+00  0.1250E-03
  0.4725E-01  0.4387E-01  0.3700E-01  0.3700E-01  0.2500E-03  0.3750E-03
  0.1875E-02  0.2250E-02  0.5500E-02  0.5375E-02  0.2500E-03  0.0000E+00
 Events:
          71          69          21          26           0           0
         101         102          79          91           1           0
         406         321         303         292          10           4
          24          25          52          39           0           0
          44          42          17          27           0           1
         102          99          93         105           1           0
         352         386         308         293           5           4
          28          30          36          40           1           0
          56          64          28          23           1           0
          90         101          92          78           1           1
         369         355         293         286           3           5
          26          23          32          45           1           0
          50          52          30          13           0           0
         100          99         100          83           0           1
         378         351         296         296           2           3
          15          18          44          43           2           0
 Accuracy:    0.130   0.100   0.122   1.136
 Found          409  events.
 Wrote            4  events.
 Actual xsec    4.9145947186366208E-011
 Correct abs xsec    4.9145947186366208E-011
 Event xsec    4.9145947186366215E-011
 Events wgts > 1:            2
 % Cross section > 1:    5.3083163309707856E-014  0.10801127325598453     
 Iteration  5   Mean: 0.5998E-10 Abs mean: 0.5998E-10   Fluctuation:  0.545E-11   0.475E-07    62.4%
  5    0.5998E-10 0.5998E-10 +- 0.5453E-11     11.50
 Relative summed weights:
  0.2471E-02  0.2151E-02  0.1084E-02  0.1154E-02  0.1303E-02  0.2572E-07
  0.1381E-01  0.1528E-01  0.1285E-01  0.1551E-01  0.4683E-04  0.3116E-05
  0.3548E-01  0.2544E-01  0.2636E-01  0.1871E-01  0.7613E-03  0.4268E-04
  0.1966E-02  0.3400E-02  0.2967E-02  0.2619E-02  0.5988E-05  0.1224E-04
  0.2128E-01  0.1720E-02  0.4723E-02  0.5002E-02  0.5038E-06  0.3203E-10
  0.3559E-01  0.7661E-02  0.4427E-02  0.9222E-02  0.5295E-07  0.1290E-05
  0.2395E-01  0.2915E-01  0.3326E-01  0.2540E-01  0.9612E-04  0.6265E-04
  0.4507E-01  0.4537E-02  0.2156E-02  0.1354E-01  0.3003E-06  0.3734E-06
  0.5592E-02  0.8901E-02  0.1501E-01  0.1244E-01  0.0000E+00  0.1948E-02
  0.8596E-01  0.1546E-01  0.2242E-01  0.3167E-01  0.1478E-04  0.6759E-04
  0.2960E-01  0.1997E-01  0.2762E-01  0.2519E-01  0.2011E-04  0.4451E-03
  0.1151E-02  0.4746E-02  0.2230E-01  0.4190E-02  0.2374E-04  0.8468E-07
  0.3441E-02  0.1583E-01  0.6932E-03  0.8748E-03  0.0000E+00  0.8910E-09
  0.2284E-01  0.7523E-02  0.1185E-01  0.9853E-02  0.2020E-03  0.2968E-07
  0.2441E-01  0.1979E-01  0.3500E-01  0.2250E-01  0.1890E-03  0.9823E-04
  0.7782E-02  0.2242E-01  0.2234E-02  0.7476E-02  0.4481E-05  0.2096E-04
 Relative number of events:
  0.7625E-02  0.6687E-02  0.3000E-02  0.2750E-02  0.1250E-03  0.6250E-04
  0.1194E-01  0.1056E-01  0.1263E-01  0.1106E-01  0.3125E-03  0.6250E-04
  0.4069E-01  0.4562E-01  0.3687E-01  0.3669E-01  0.6250E-03  0.4375E-03
  0.2437E-02  0.3812E-02  0.4687E-02  0.5562E-02  0.1250E-03  0.1250E-03
  0.7188E-02  0.5938E-02  0.2875E-02  0.3563E-02  0.6250E-04  0.6250E-04
  0.1188E-01  0.1312E-01  0.1013E-01  0.1112E-01  0.6250E-04  0.2500E-03
  0.4831E-01  0.4725E-01  0.3869E-01  0.3769E-01  0.4375E-03  0.3125E-03
  0.2938E-02  0.2563E-02  0.5437E-02  0.5125E-02  0.6250E-04  0.1875E-03
  0.7000E-02  0.7375E-02  0.3187E-02  0.2125E-02  0.0000E+00  0.1875E-03
  0.1112E-01  0.1156E-01  0.1075E-01  0.1044E-01  0.1250E-03  0.1875E-03
  0.4481E-01  0.4406E-01  0.3706E-01  0.4050E-01  0.6875E-03  0.9375E-03
  0.3000E-02  0.3125E-02  0.5687E-02  0.6125E-02  0.1875E-03  0.6250E-04
  0.6250E-02  0.7188E-02  0.3187E-02  0.2687E-02  0.0000E+00  0.6250E-04
  0.1156E-01  0.1131E-01  0.1263E-01  0.1200E-01  0.2500E-03  0.6250E-04
  0.4706E-01  0.4444E-01  0.3637E-01  0.3587E-01  0.7500E-03  0.3750E-03
  0.2938E-02  0.2500E-02  0.5687E-02  0.6375E-02  0.1250E-03  0.2500E-03
 Events:
         122         107          48          44           2           1
         191         169         202         177           5           1
         651         730         590         587          10           7
          39          61          75          89           2           2
         115          95          46          57           1           1
         190         210         162         178           1           4
         773         756         619         603           7           5
          47          41          87          82           1           3
         112         118          51          34           0           3
         178         185         172         167           2           3
         717         705         593         648          11          15
          48          50          91          98           3           1
         100         115          51          43           0           1
         185         181         202         192           4           1
         753         711         582         574          12           6
          47          40          91         102           2           4
 Accuracy:    0.073   0.100   0.073   0.989
 Finished due to accuracy    7.2547649750850512E-002  0.10000000000000001     

 -------------------------------------------------------------------------------
 Accumulated results:   Integral =  0.5654E-10
                        Std dev  =  0.4124E-11
                       Cross sec =  0.5654E-10
             Chi**2 per DoF.     =      0.9891
 -------------------------------------------------------------------------------
 Found          889  events.
 Wrote           22  events.
 Actual xsec    5.9191657184298281E-011
 Correct abs xsec    5.9191657184298281E-011
 Event xsec    5.9191657184298281E-011
 Events wgts > 1:            2
 % Cross section > 1:    6.1069687736415734E-013   1.0317279603487033     
-------------------------------------------------
---------------------------
 Results Last   3 iters: Integral =   0.5919E-10
                     Abs integral =   0.5919E-10
                          Std dev =   0.4696E-11
                  Chi**2 per DoF. =      0.1503
-------------------------------------------------
---------------------------
 Status  0.10000000000000001                6           5

ls status:
events.lhe
ftn26
input_app.txt
results.dat
run1_app.log
