 Process in group number            1
 A PDF is used, so alpha_s(MZ) is going to be modified
 Old value of alpha_s from param_card:   0.11839999999999999     
  ****************************************
 
       NNPDFDriver version 1.0.3
   Grid: NNPDF23_lo_as_0130_qed_mem0.grid
  ****************************************
 New value of alpha_s from PDF nn23lo1:  0.13000000000000000     
 Define smin to   1600.0000000000000     
 Define smin to   1600.0000000000000     
 Define smin to   1600.0000000000000     
 *****************************************************
 *               MadGraph/MadEvent                   *
 *        --------------------------------           *
 *          http://madgraph.hep.uiuc.edu             *
 *          http://madgraph.phys.ucl.ac.be           *
 *          http://madgraph.roma2.infn.it            *
 *        --------------------------------           *
 *                                                   *
 *          PARAMETER AND COUPLING VALUES            *
 *                                                   *
 *****************************************************

  External Params
  ---------------------------------
  
 mdl_VeN1 =    1.0000000000000000     
 mdl_VeN2 =    0.0000000000000000     
 mdl_VeN3 =    0.0000000000000000     
 mdl_VmuN1 =    0.0000000000000000     
 mdl_VmuN2 =    1.0000000000000000     
 mdl_VmuN3 =    0.0000000000000000     
 mdl_VtaN1 =    0.0000000000000000     
 mdl_VtaN2 =    0.0000000000000000     
 mdl_VtaN3 =    1.0000000000000000     
 mdl_VN1N1 =    1.0000000000000000     
 mdl_VN1N2 =    1.0000000000000000     
 mdl_VN1N3 =    1.0000000000000000     
 mdl_VN2N2 =    1.0000000000000000     
 mdl_VN2N3 =    1.0000000000000000     
 mdl_VN3N3 =    1.0000000000000000     
 aEWM1 =    127.90000000000001     
 mdl_Gf =    1.1663700000000000E-005
 aS =   0.11839999999999999     
 mdl_ymt =    172.00000000000000     
 mdl_vevf =    50.000000000000000     
 mdl_MZ =    91.187600000000003     
 mdl_MT =    172.00000000000000     
 mdl_MH =    125.00000000000000     
 mdl_mN1 =    1644.0000000000000     
 mdl_mN2 =    1744.0000000000000     
 mdl_mN3 =    1844.0000000000000     
 mdl_MJ =    91.187600000000003     
 mdl_MAx =    173.04800000000000     
 mdl_WZ =    2.4952000000000001     
 mdl_WW =    2.0850000000000000     
 mdl_WT =    1.5083359999999999     
 mdl_WH =    4.0699999999999998E-003
 mdl_WN1 =   0.30299999999999999     
 mdl_WN2 =    1.5000000000000000     
 mdl_WN3 =    12.300000000000001     
 mdl_WJ =    2.4952000000000001     
 mdl_WAx =    4.1700000000000001E-003
  Internal Params
  ---------------------------------
  
 mdl_vevf__exp__2 =    2500.0000000000000     
 mdl_sqrt__vevf__exp__2 =    50.000000000000000     
 mdl_muJ =    50.000000000000000     
 mdl_MZ__exp__2 =    8315.1783937600012     
 mdl_MZ__exp__4 =    69142191.720053151     
 mdl_sqrt__2 =    1.4142135623730951     
 mdl_MJ__exp__2 =    8315.1783937600012     
 mdl_muJ__exp__2 =    2500.0000000000000     
 mdl_lamJ =    4.3260713575040004     
 mdl_MH__exp__2 =    15625.000000000000     
 mdl_complexi =  (  0.0000000000000000     ,  1.0000000000000000     )
 mdl_aEW =    7.8186082877247844E-003
 mdl_MW =    79.824359746197842     
 mdl_sqrt__aEW =    8.8422894590285753E-002
 mdl_ee =   0.31345100004952897     
 mdl_MW__exp__2 =    6371.9284088904105     
 mdl_sw2 =   0.23369913342182447     
 mdl_cw =   0.87538612427783857     
 mdl_sqrt__sw2 =   0.48342438232036300     
 mdl_sw =   0.48342438232036300     
 mdl_g1 =   0.35807170271074895     
 mdl_gN =   0.64839716719502682     
 mdl_gw =   0.64839716719502682     
 mdl_vev =    246.22056907348590     
 mdl_vev__exp__2 =    60624.568634871241     
 mdl_lam =   0.12886689630821144     
 mdl_yt =   0.98791394091683138     
 mdl_muH =    88.388347648318444     
 mdl_I2a33 =  ( 0.98791394091683138     ,  0.0000000000000000     )
 mdl_I3a33 =  ( 0.98791394091683138     ,  0.0000000000000000     )
 mdl_ee__exp__2 =    9.8251529432049817E-002
 mdl_sw__exp__2 =   0.23369913342182450     
 mdl_cw__exp__2 =   0.76630086657817542     
  Internal Params evaluated point by point
  ----------------------------------------
  
 mdl_sqrt__aS =   0.34409301068170506     
 mdl_G__exp__2 =    1.4878582807401259     
  Couplings of SM_HeavyN_UFO
  ---------------------------------
  
         GC_1 =  -0.00000E+00  -0.10448E+00
         GC_2 =   0.00000E+00   0.20897E+00
         GC_3 =  -0.00000E+00  -0.31345E+00
         GC_4 =   0.00000E+00   0.31345E+00
        GC_26 =   0.00000E+00   0.45849E+00
        GC_27 =  -0.00000E+00  -0.28380E+00
        GC_28 =   0.00000E+00   0.28380E+00
        GC_30 =   0.00000E+00   0.56760E+00
        GC_35 =  -0.00000E+00  -0.28850E-01
        GC_37 =   0.00000E+00   0.17310E+00
        GC_39 =   0.00000E+00  -0.19725E+00
        GC_40 =   0.00000E+00   0.37035E+00
        GC_80 =   0.00000E+00   0.67543E+02
       GC_107 =  -0.00000E+00  -0.74070E+00
       GC_109 =  -0.00000E+00  -0.74070E+00
       GC_111 =  -0.00000E+00  -0.74070E+00
       GC_113 =  -0.00000E+00  -0.74070E+00
       GC_115 =  -0.00000E+00  -0.74070E+00
       GC_117 =  -0.00000E+00  -0.74070E+00
       GC_119 =   0.00000E+00   0.00000E+00
       GC_120 =   0.00000E+00   0.00000E+00
       GC_122 =  -0.00000E+00  -0.00000E+00
       GC_126 =   0.00000E+00   0.00000E+00
       GC_127 =   0.00000E+00   0.00000E+00
       GC_129 =  -0.00000E+00  -0.00000E+00
       GC_133 =   0.00000E+00   0.45849E+00
       GC_134 =   0.00000E+00   0.37035E+00
       GC_136 =  -0.00000E+00  -0.74892E+01
        GC_81 =   0.32880E+02   0.00000E+00
        GC_82 =   0.34880E+02   0.00000E+00
        GC_83 =   0.36880E+02   0.00000E+00

 Collider parameters:
 --------------------

 Running at P P   machine @    13000.000000000000       GeV
 PDF set = nn23lo1
 alpha_s(Mz)= 0.1300 running at 2 loops.
 alpha_s(Mz)= 0.1300 running at 2 loops.
 Renormalization scale set on event-by-event basis
 Factorization   scale set on event-by-event basis


 getting user params
Enter number of events and max and min iterations: 
 Number of events and iterations         1000           5           3
Enter desired fractional accuracy: 
 Desired fractional accuracy:   0.10000000000000001     
Enter 0 for fixed, 2 for adjustable grid: 
Suppress amplitude (0 no, 1 yes)? 
 Using suppressed amplitude.
Exact helicity sum (0 yes, n = number/event)? 
 Explicitly summing over helicities
Enter Configuration Number: 
Running Configuration Number:  393
 Using dconfig=         635
 BW Setting            2           1           1           2           1           2           0
 Attempting mappinvarients           1           9
 Completed mapping           9
 about to integrate           19        1000           5           3          19           1
 Using non-zero grid deformation.
 19 dimensions   1000 events 19 invarients  5 iterations  1 config(s),  (0.99)
 Using h-tuple random number sequence.
 Error opening grid
 Using Uniform Grid!          36
 Using uniform alpha   1.0000000000000000     
 Grid defined OK
 Set CM energy to      13000.00
 Mapping Graph         393  to config         393
Setting grid   1    0.75740E-07   1
 Setting BW          -2           2   1844.0000000000000     
 Setting BW          -3           3   1844.0000000000000     
Setting grid   4    0.59172E-08   1
 Setting BW          -5           5   1844.0000000000000     
Setting grid   6    0.79099E-01   1
 Transforming s_hat 1/s           18   7.9098862523040020E-002   1600.0000000000000        168999999.99999997     
 393   1   2   3   4   5   6   7   8   9  10  11  12  13  14
  15  16  17  18  19
 Masses: 0.000E+00 0.000E+00 0.000E+00 0.000E+00 0.000E+00 0.000E+00 0.000E+00 0.000E+00 0.912E+02
Using random seed offsets   393 :      1
  with seed                   24
 Ranmar initialization seeds         123        9398
 
 ********************************************
 * You are using the DiscreteSampler module *
 *      part of the MG5_aMC framework       *
 *         Author: Valentin Hirschi         *
 ********************************************
 
  Particle       3       4       5       6       7       8       9
      Et >    10.0    10.0    10.0    10.0     0.0     0.0     0.0
       E >     0.0     0.0     0.0     0.0     0.0     0.0     0.0
     Eta <     2.5     2.5     2.5     2.5    -1.0    -1.0    -1.0
   xqcut:      0.0     0.0     0.0     0.0     0.0     0.0     0.0
d R # 3  >    -0.0     0.4     0.4     0.4     0.0     0.0     0.0
d R # 4  >    -0.0    -0.0     0.4     0.4     0.0     0.0     0.0
d R # 5  >    -0.0    -0.0    -0.0     0.4     0.0     0.0     0.0
d R # 6  >    -0.0    -0.0    -0.0    -0.0     0.0     0.0     0.0
d R # 7  >    -0.0    -0.0    -0.0    -0.0    -0.0     0.0     0.0
d R # 8  >    -0.0    -0.0    -0.0    -0.0    -0.0    -0.0     0.0
s min # 3>     0.0     0.0     0.0     0.0     0.0     0.0     0.0
s min # 4>     0.0     0.0     0.0     0.0     0.0     0.0     0.0
s min # 5>     0.0     0.0     0.0     0.0     0.0     0.0     0.0
s min # 6>     0.0     0.0     0.0     0.0     0.0     0.0     0.0
s min # 7>     0.0     0.0     0.0     0.0     0.0     0.0     0.0
s min # 8>     0.0     0.0     0.0     0.0     0.0     0.0     0.0
xqcutij # 3>     0.0     0.0     0.0     0.0     0.0     0.0     0.0
xqcutij # 4>     0.0     0.0     0.0     0.0     0.0     0.0     0.0
xqcutij # 5>     0.0     0.0     0.0     0.0     0.0     0.0     0.0
xqcutij # 6>     0.0     0.0     0.0     0.0     0.0     0.0     0.0
xqcutij # 7>     0.0     0.0     0.0     0.0     0.0     0.0     0.0
xqcutij # 8>     0.0     0.0     0.0     0.0     0.0     0.0     0.0
 Excluding BW           -1           1
 Requiring BW           -2           2
 Requiring BW           -3           3
 Excluding BW           -4           4
 Requiring BW           -5           5
 Excluding BW           -6           6
 alpha_s for scale    4007.7831792335369       is    8.0029781439676442E-002
 Added good helicity            1   2.5081073557351963       in event            1 local:           1
 Added good helicity           21   4.6639556815563877E-007  in event            1 local:           1
 Added good helicity           25   1.8379506180964719E-008  in event            1 local:           1
 Added good helicity           37   6.9841387095971689E-008  in event            1 local:           1
 Added good helicity           41  0.25598806964235904       in event            1 local:           1
 Added good helicity           61   1.3870622173054802E-006  in event            1 local:           1
 Added good helicity          193   231.55077412438752       in event            1 local:           1
 Added good helicity          213   1.4376168787294480E-005  in event            1 local:           1
 Added good helicity          217   8.6537600537351212E-008  in event            1 local:           1
 Added good helicity          229   1.3280706119586127E-007  in event            1 local:           1
 Added good helicity          233   21.685111471410526       in event            1 local:           1
 Added good helicity          253   2.4416322451262041E-006  in event            1 local:           1
 Added good helicity            1   2.5081073557347144       in event            1 local:           1
 Added good helicity           21   4.6639556815549763E-007  in event            1 local:           1
 Added good helicity           25   1.8379506180966350E-008  in event            1 local:           1
 Added good helicity           37   6.9841387096001812E-008  in event            1 local:           1
 Added good helicity           41  0.25598806964230619       in event            1 local:           1
 Added good helicity           61   1.3870622173051816E-006  in event            1 local:           1
 Added good helicity          193   231.55077412438959       in event            1 local:           1
 Added good helicity          213   1.4376168787296937E-005  in event            1 local:           1
 Added good helicity          217   8.6537600537342437E-008  in event            1 local:           1
 Added good helicity          229   1.3280706119581902E-007  in event            1 local:           1
 Added good helicity          233   21.685111471408977       in event            1 local:           1
 Added good helicity          253   2.4416322451213832E-006  in event            1 local:           1
 RESET CUMULATIVE VARIABLE
 RESET CUMULATIVE VARIABLE
 RESET CUMULATIVE VARIABLE
 Iteration  1   Mean: 0.2303E-12 Abs mean: 0.2303E-12   Fluctuation:  0.179E-12   0.545E-10     0.2%
  1    0.2303E-12 0.2303E-12 +- 0.1790E-12     13.64
 Writing out events   9.2131549511671853E-015   13.642752473656186     
 Relative summed weights:
  0.6628E-02  0.7166E-04  0.9790E-02  0.1025E-06  0.0000E+00  0.0000E+00
  0.3827E-05  0.8152E-01  0.9021E-03  0.2725E-07  0.0000E+00  0.0000E+00
  0.8452E-04  0.2825E-03  0.4167E-04  0.1227E-06  0.0000E+00  0.0000E+00
  0.7658E+00  0.3124E-04  0.2142E-04  0.1255E-03  0.0000E+00  0.0000E+00
  0.1028E-02  0.1091E-03  0.8124E-08  0.6473E-06  0.0000E+00  0.0000E+00
  0.8040E-03  0.9053E-06  0.3527E-05  0.4822E-06  0.0000E+00  0.0000E+00
  0.2361E-02  0.7427E-01  0.3397E-04  0.4057E-01  0.0000E+00  0.0000E+00
  0.1163E-04  0.3045E-02  0.1066E-02  0.1142E-01  0.0000E+00  0.0000E+00
 Relative number of events:
  0.1262E-01  0.1577E-01  0.3155E-02  0.9464E-02  0.0000E+00  0.0000E+00
  0.6625E-01  0.5678E-01  0.4101E-01  0.2524E-01  0.0000E+00  0.0000E+00
  0.2208E-01  0.2524E-01  0.1262E-01  0.9464E-02  0.0000E+00  0.0000E+00
  0.5994E-01  0.7256E-01  0.3470E-01  0.3155E-01  0.0000E+00  0.0000E+00
  0.4416E-01  0.2208E-01  0.3155E-02  0.9464E-02  0.0000E+00  0.0000E+00
  0.1577E-01  0.1577E-01  0.6309E-02  0.6309E-02  0.0000E+00  0.0000E+00
  0.5047E-01  0.5047E-01  0.2839E-01  0.2524E-01  0.0000E+00  0.0000E+00
  0.7256E-01  0.7256E-01  0.4732E-01  0.3155E-01  0.0000E+00  0.0000E+00
 Events:
           4           5           1           3           0           0
          21          18          13           8           0           0
           7           8           4           3           0           0
          19          23          11          10           0           0
          14           7           1           3           0           0
           5           5           2           2           0           0
          16          16           9           8           0           0
          23          23          15          10           0           0
 Iteration  2   Mean: 0.2326E-13 Abs mean: 0.2326E-13   Fluctuation:  0.579E-14   0.602E-11    15.0%
  2    0.2326E-13 0.2326E-13 +- 0.5789E-14     11.13
 Relative summed weights:
  0.3581E-02  0.7004E-01  0.5960E-02  0.9647E-01  0.0000E+00  0.0000E+00
  0.1340E+00  0.5092E-01  0.4586E-03  0.3054E-02  0.6184E-07  0.0000E+00
  0.2238E-01  0.4536E-01  0.1942E-03  0.2782E-02  0.0000E+00  0.0000E+00
  0.3936E-02  0.5455E-02  0.1353E+00  0.7203E-03  0.0000E+00  0.0000E+00
  0.8509E-02  0.1796E-01  0.5081E-03  0.8541E-04  0.0000E+00  0.0000E+00
  0.1220E-01  0.5056E-01  0.1696E-02  0.1428E-04  0.0000E+00  0.0000E+00
  0.6926E-01  0.1047E+00  0.2717E-01  0.6295E-03  0.0000E+00  0.0000E+00
  0.3337E-01  0.2982E-01  0.6147E-01  0.1411E-02  0.0000E+00  0.0000E+00
 Relative number of events:
  0.2900E-01  0.2750E-01  0.8000E-02  0.9000E-02  0.0000E+00  0.0000E+00
  0.6150E-01  0.6300E-01  0.2650E-01  0.3350E-01  0.5000E-03  0.0000E+00
  0.2750E-01  0.2450E-01  0.6500E-02  0.9000E-02  0.0000E+00  0.0000E+00
  0.5700E-01  0.5800E-01  0.3100E-01  0.2700E-01  0.0000E+00  0.0000E+00
  0.2350E-01  0.2600E-01  0.1050E-01  0.8000E-02  0.0000E+00  0.0000E+00
  0.2650E-01  0.2950E-01  0.8500E-02  0.8500E-02  0.0000E+00  0.0000E+00
  0.5650E-01  0.5450E-01  0.2700E-01  0.2750E-01  0.0000E+00  0.0000E+00
  0.6300E-01  0.7100E-01  0.3200E-01  0.2850E-01  0.0000E+00  0.0000E+00
 Events:
          58          55          16          18           0           0
         123         126          53          67           1           0
          55          49          13          18           0           0
         114         116          62          54           0           0
          47          52          21          16           0           0
          53          59          17          17           0           0
         113         109          54          55           0           0
         126         142          64          57           0           0
 Iteration  3   Mean: 0.1824E-12 Abs mean: 0.1824E-12   Fluctuation:  0.665E-13   0.234E-09    37.5%
  3    0.1824E-12 0.1824E-12 +- 0.6649E-13     23.06
 Relative summed weights:
  0.5390E-02  0.1995E-02  0.7211E-02  0.4077E-02  0.0000E+00  0.0000E+00
  0.1784E-01  0.9564E-01  0.7245E-02  0.1456E+00  0.0000E+00  0.0000E+00
  0.3312E-02  0.1206E-02  0.1177E-01  0.2028E-03  0.0000E+00  0.0000E+00
  0.1336E-01  0.2155E-01  0.1562E-01  0.3411E-02  0.0000E+00  0.0000E+00
  0.2488E-01  0.7639E-03  0.1362E-02  0.3274E-02  0.0000E+00  0.0000E+00
  0.1069E-02  0.3489E+00  0.3949E-02  0.3237E-03  0.0000E+00  0.0000E+00
  0.4804E-01  0.1959E-01  0.5881E-01  0.1429E-01  0.0000E+00  0.0000E+00
  0.6931E-01  0.4009E-01  0.8227E-02  0.1697E-02  0.0000E+00  0.0000E+00
 Relative number of events:
  0.2350E-01  0.2725E-01  0.7750E-02  0.8000E-02  0.0000E+00  0.0000E+00
  0.6000E-01  0.5775E-01  0.3200E-01  0.2900E-01  0.0000E+00  0.0000E+00
  0.2275E-01  0.2275E-01  0.7750E-02  0.5500E-02  0.0000E+00  0.0000E+00
  0.5850E-01  0.6200E-01  0.2725E-01  0.2825E-01  0.0000E+00  0.0000E+00
  0.2725E-01  0.2675E-01  0.1000E-01  0.8750E-02  0.0000E+00  0.0000E+00
  0.2625E-01  0.2650E-01  0.8750E-02  0.8000E-02  0.0000E+00  0.0000E+00
  0.6400E-01  0.6175E-01  0.2950E-01  0.2950E-01  0.0000E+00  0.0000E+00
  0.6575E-01  0.6400E-01  0.3250E-01  0.3075E-01  0.0000E+00  0.0000E+00
 Events:
          94         109          31          32           0           0
         240         231         128         116           0           0
          91          91          31          22           0           0
         234         248         109         113           0           0
         109         107          40          35           0           0
         105         106          35          32           0           0
         256         247         118         118           0           0
         263         256         130         123           0           0
 Accuracy:    0.685   0.100   0.199  11.875
 Found          249  events.
 Wrote            3  events.
 Actual xsec    8.4052213833823293E-014
 Correct abs xsec    8.4052213833823293E-014
 Event xsec    8.4052213833823293E-014
 Events wgts > 1:            1
 % Cross section > 1:    1.9952765750630491E-021   2.3738536845773520E-006
 Iteration  4   Mean: 0.4294E-12 Abs mean: 0.4294E-12   Fluctuation:  0.113E-12   0.708E-09    39.7%
  4    0.4294E-12 0.4294E-12 +- 0.1134E-12     23.61
 Relative summed weights:
  0.2322E-02  0.2857E-01  0.9987E-01  0.3040E-02  0.0000E+00  0.0000E+00
  0.4080E-01  0.1624E-01  0.1766E-01  0.1970E-02  0.0000E+00  0.0000E+00
  0.7431E-01  0.2554E-01  0.1036E-01  0.7886E-03  0.0000E+00  0.2889E-04
  0.1028E+00  0.5716E-01  0.8724E-02  0.4282E-02  0.0000E+00  0.0000E+00
  0.2168E+00  0.1369E+00  0.6673E-02  0.1083E-02  0.0000E+00  0.0000E+00
  0.9553E-02  0.1147E-01  0.3465E-02  0.3999E-03  0.0000E+00  0.0000E+00
  0.1639E-01  0.8009E-02  0.6928E-02  0.3108E-02  0.4498E-06  0.6924E-05
  0.1537E-01  0.1781E-01  0.3888E-01  0.1262E-01  0.0000E+00  0.0000E+00
 Relative number of events:
  0.2463E-01  0.2287E-01  0.1063E-01  0.7875E-02  0.0000E+00  0.0000E+00
  0.6500E-01  0.6150E-01  0.2838E-01  0.2825E-01  0.0000E+00  0.0000E+00
  0.2662E-01  0.2337E-01  0.7125E-02  0.9625E-02  0.0000E+00  0.1250E-03
  0.5775E-01  0.6463E-01  0.2788E-01  0.2813E-01  0.0000E+00  0.0000E+00
  0.2925E-01  0.2712E-01  0.8625E-02  0.9875E-02  0.0000E+00  0.0000E+00
  0.2712E-01  0.2463E-01  0.7750E-02  0.8000E-02  0.0000E+00  0.0000E+00
  0.6175E-01  0.6225E-01  0.3350E-01  0.2375E-01  0.2500E-03  0.2500E-03
  0.6025E-01  0.5875E-01  0.3163E-01  0.3087E-01  0.0000E+00  0.0000E+00
 Events:
         197         183          85          63           0           0
         520         492         227         226           0           0
         213         187          57          77           0           1
         462         517         223         225           0           0
         234         217          69          79           0           0
         217         197          62          64           0           0
         494         498         268         190           2           2
         482         470         253         247           0           0
 Accuracy:    0.492   0.100   0.159   9.621
 Found          344  events.
 Wrote            3  events.
 Actual xsec    2.0804389945820871E-013
 Correct abs xsec    2.0804389945820871E-013
 Event xsec    2.0804389945820873E-013
 Events wgts > 1:            0
 % Cross section > 1:    0.0000000000000000        0.0000000000000000     
 Iteration  5   Mean: 0.5964E-12 Abs mean: 0.5964E-12   Fluctuation:  0.170E-12   0.242E-08    34.2%
  5    0.5964E-12 0.5964E-12 +- 0.1701E-12     36.08
 Relative summed weights:
  0.1063E-01  0.7593E-02  0.3984E-02  0.5344E-02  0.0000E+00  0.0000E+00
  0.9081E-02  0.3511E-01  0.2652E-01  0.1337E-01  0.0000E+00  0.0000E+00
  0.9934E-02  0.9596E-02  0.4177E-02  0.1278E+00  0.0000E+00  0.0000E+00
  0.2383E-01  0.2934E+00  0.1522E-01  0.8395E-02  0.0000E+00  0.0000E+00
  0.2714E-01  0.2936E-01  0.3641E-02  0.4692E-02  0.5035E-06  0.8897E-06
  0.1182E-01  0.6048E-01  0.9061E-01  0.4135E-01  0.0000E+00  0.0000E+00
  0.2195E-01  0.3102E-01  0.6206E-02  0.1822E-01  0.9264E-11  0.4976E-10
  0.1420E-01  0.2175E-01  0.5395E-02  0.8132E-02  0.0000E+00  0.7286E-10
 Relative number of events:
  0.2481E-01  0.2450E-01  0.9062E-02  0.8750E-02  0.0000E+00  0.0000E+00
  0.5700E-01  0.6638E-01  0.2863E-01  0.2863E-01  0.0000E+00  0.0000E+00
  0.2519E-01  0.2463E-01  0.7625E-02  0.8937E-02  0.0000E+00  0.0000E+00
  0.6156E-01  0.6356E-01  0.2838E-01  0.3025E-01  0.0000E+00  0.0000E+00
  0.2562E-01  0.2469E-01  0.9625E-02  0.8937E-02  0.1250E-03  0.6250E-04
  0.2425E-01  0.2625E-01  0.7812E-02  0.8500E-02  0.0000E+00  0.0000E+00
  0.5975E-01  0.6237E-01  0.3138E-01  0.3012E-01  0.1250E-03  0.6250E-04
  0.6000E-01  0.6181E-01  0.3037E-01  0.3019E-01  0.0000E+00  0.6250E-04
 Events:
         397         392         145         140           0           0
         912        1062         458         458           0           0
         403         394         122         143           0           0
         985        1017         454         484           0           0
         410         395         154         143           2           1
         388         420         125         136           0           0
         956         998         502         482           2           1
         960         989         486         483           0           1
 Accuracy:    0.377   0.100   0.139   7.384
 Found          792  events.
 Wrote            4  events.
 Actual xsec    4.3510054414577053E-013
 Correct abs xsec    4.3510054414577053E-013
 Event xsec    4.3510054414577053E-013
 Events wgts > 1:            1
 % Cross section > 1:    4.0708323500741579E-021   9.3560727625987947E-007

 -------------------------------------------------------------------------------
 Accumulated results:   Integral =  0.3006E-12
                        Std dev  =  0.4170E-13
                       Cross sec =  0.3006E-12
             Chi**2 per DoF.     =      7.3839
 -------------------------------------------------------------------------------
-------------------------------------------------
---------------------------
 Results Last   3 iters: Integral =   0.4351E-12
                     Abs integral =   0.4351E-12
                          Std dev =   0.7444E-13
                  Chi**2 per DoF. =      7.6748
-------------------------------------------------
---------------------------
 Status  0.10000000000000001                6           5

ls status:
events.lhe
ftn26
input_app.txt
results.dat
run1_app.log
