 Process in group number            1
 A PDF is used, so alpha_s(MZ) is going to be modified
 Old value of alpha_s from param_card:   0.11839999999999999     
  ****************************************
 
       NNPDFDriver version 1.0.3
   Grid: NNPDF23_lo_as_0130_qed_mem0.grid
  ****************************************
 New value of alpha_s from PDF nn23lo1:  0.13000000000000000     
 Define smin to   1600.0000000000000     
 Define smin to   1600.0000000000000     
 Define smin to   1600.0000000000000     
 *****************************************************
 *               MadGraph/MadEvent                   *
 *        --------------------------------           *
 *          http://madgraph.hep.uiuc.edu             *
 *          http://madgraph.phys.ucl.ac.be           *
 *          http://madgraph.roma2.infn.it            *
 *        --------------------------------           *
 *                                                   *
 *          PARAMETER AND COUPLING VALUES            *
 *                                                   *
 *****************************************************

  External Params
  ---------------------------------
  
 mdl_VeN1 =    1.0000000000000000     
 mdl_VeN2 =    0.0000000000000000     
 mdl_VeN3 =    0.0000000000000000     
 mdl_VmuN1 =    0.0000000000000000     
 mdl_VmuN2 =    1.0000000000000000     
 mdl_VmuN3 =    0.0000000000000000     
 mdl_VtaN1 =    0.0000000000000000     
 mdl_VtaN2 =    0.0000000000000000     
 mdl_VtaN3 =    1.0000000000000000     
 mdl_VN1N1 =    1.0000000000000000     
 mdl_VN1N2 =    1.0000000000000000     
 mdl_VN1N3 =    1.0000000000000000     
 mdl_VN2N2 =    1.0000000000000000     
 mdl_VN2N3 =    1.0000000000000000     
 mdl_VN3N3 =    1.0000000000000000     
 aEWM1 =    127.90000000000001     
 mdl_Gf =    1.1663700000000000E-005
 aS =   0.11839999999999999     
 mdl_ymt =    172.00000000000000     
 mdl_vevf =    50.000000000000000     
 mdl_MZ =    91.187600000000003     
 mdl_MT =    172.00000000000000     
 mdl_MH =    125.00000000000000     
 mdl_mN1 =    1822.0000000000000     
 mdl_mN2 =    1922.0000000000000     
 mdl_mN3 =    2022.0000000000000     
 mdl_MJ =    91.187600000000003     
 mdl_MAx =    173.04800000000000     
 mdl_WZ =    2.4952000000000001     
 mdl_WW =    2.0850000000000000     
 mdl_WT =    1.5083359999999999     
 mdl_WH =    4.0699999999999998E-003
 mdl_WN1 =   0.30299999999999999     
 mdl_WN2 =    1.5000000000000000     
 mdl_WN3 =    12.300000000000001     
 mdl_WJ =    2.4952000000000001     
 mdl_WAx =    4.1700000000000001E-003
  Internal Params
  ---------------------------------
  
 mdl_vevf__exp__2 =    2500.0000000000000     
 mdl_sqrt__vevf__exp__2 =    50.000000000000000     
 mdl_muJ =    50.000000000000000     
 mdl_MZ__exp__2 =    8315.1783937600012     
 mdl_MZ__exp__4 =    69142191.720053151     
 mdl_sqrt__2 =    1.4142135623730951     
 mdl_MJ__exp__2 =    8315.1783937600012     
 mdl_muJ__exp__2 =    2500.0000000000000     
 mdl_lamJ =    4.3260713575040004     
 mdl_MH__exp__2 =    15625.000000000000     
 mdl_complexi =  (  0.0000000000000000     ,  1.0000000000000000     )
 mdl_aEW =    7.8186082877247844E-003
 mdl_MW =    79.824359746197842     
 mdl_sqrt__aEW =    8.8422894590285753E-002
 mdl_ee =   0.31345100004952897     
 mdl_MW__exp__2 =    6371.9284088904105     
 mdl_sw2 =   0.23369913342182447     
 mdl_cw =   0.87538612427783857     
 mdl_sqrt__sw2 =   0.48342438232036300     
 mdl_sw =   0.48342438232036300     
 mdl_g1 =   0.35807170271074895     
 mdl_gN =   0.64839716719502682     
 mdl_gw =   0.64839716719502682     
 mdl_vev =    246.22056907348590     
 mdl_vev__exp__2 =    60624.568634871241     
 mdl_lam =   0.12886689630821144     
 mdl_yt =   0.98791394091683138     
 mdl_muH =    88.388347648318444     
 mdl_I2a33 =  ( 0.98791394091683138     ,  0.0000000000000000     )
 mdl_I3a33 =  ( 0.98791394091683138     ,  0.0000000000000000     )
 mdl_ee__exp__2 =    9.8251529432049817E-002
 mdl_sw__exp__2 =   0.23369913342182450     
 mdl_cw__exp__2 =   0.76630086657817542     
  Internal Params evaluated point by point
  ----------------------------------------
  
 mdl_sqrt__aS =   0.34409301068170506     
 mdl_G__exp__2 =    1.4878582807401259     
  Couplings of SM_HeavyN_UFO
  ---------------------------------
  
         GC_1 =  -0.00000E+00  -0.10448E+00
         GC_2 =   0.00000E+00   0.20897E+00
         GC_3 =  -0.00000E+00  -0.31345E+00
         GC_4 =   0.00000E+00   0.31345E+00
        GC_26 =   0.00000E+00   0.45849E+00
        GC_27 =  -0.00000E+00  -0.28380E+00
        GC_28 =   0.00000E+00   0.28380E+00
        GC_30 =   0.00000E+00   0.56760E+00
        GC_35 =  -0.00000E+00  -0.28850E-01
        GC_37 =   0.00000E+00   0.17310E+00
        GC_39 =   0.00000E+00  -0.19725E+00
        GC_40 =   0.00000E+00   0.37035E+00
        GC_80 =   0.00000E+00   0.67543E+02
       GC_107 =  -0.00000E+00  -0.74070E+00
       GC_109 =  -0.00000E+00  -0.74070E+00
       GC_111 =  -0.00000E+00  -0.74070E+00
       GC_113 =  -0.00000E+00  -0.74070E+00
       GC_115 =  -0.00000E+00  -0.74070E+00
       GC_117 =  -0.00000E+00  -0.74070E+00
       GC_119 =   0.00000E+00   0.00000E+00
       GC_120 =   0.00000E+00   0.00000E+00
       GC_122 =  -0.00000E+00  -0.00000E+00
       GC_126 =   0.00000E+00   0.00000E+00
       GC_127 =   0.00000E+00   0.00000E+00
       GC_129 =  -0.00000E+00  -0.00000E+00
       GC_133 =   0.00000E+00   0.45849E+00
       GC_134 =   0.00000E+00   0.37035E+00
       GC_136 =  -0.00000E+00  -0.82121E+01
        GC_81 =   0.36440E+02   0.00000E+00
        GC_82 =   0.38440E+02   0.00000E+00
        GC_83 =   0.40440E+02   0.00000E+00

 Collider parameters:
 --------------------

 Running at P P   machine @    13000.000000000000       GeV
 PDF set = nn23lo1
 alpha_s(Mz)= 0.1300 running at 2 loops.
 alpha_s(Mz)= 0.1300 running at 2 loops.
 Renormalization scale set on event-by-event basis
 Factorization   scale set on event-by-event basis


 getting user params
Enter number of events and max and min iterations: 
 Number of events and iterations         1000           5           3
Enter desired fractional accuracy: 
 Desired fractional accuracy:   0.10000000000000001     
Enter 0 for fixed, 2 for adjustable grid: 
Suppress amplitude (0 no, 1 yes)? 
 Using suppressed amplitude.
Exact helicity sum (0 yes, n = number/event)? 
 Explicitly summing over helicities
Enter Configuration Number: 
Running Configuration Number:  957
 Using dconfig=         238
 BW Setting            1           1           2           2           2           0           0
 Attempting mappinvarients           1           9
 Completed mapping           9
 about to integrate           19        1000           5           3          19           1
 Using non-zero grid deformation.
 19 dimensions   1000 events 19 invarients  5 iterations  1 config(s),  (0.99)
 Using h-tuple random number sequence.
 Error opening grid
 Using Uniform Grid!          36
 Using uniform alpha   1.0000000000000000     
 Grid defined OK
 Set CM energy to      13000.00
 Mapping Graph         957  to config         957
 Setting BW          -1           1   79.824359746197842     
 Setting BW          -2           2   2022.0000000000000     
Setting grid   3    0.24908E-01   1
Setting grid   4    0.24908E-01   1
Setting grid   5    0.24908E-01   1
Setting grid   6    0.24908E-01   1
 Transforming s_hat 1/s           18   2.5395795928957170E-002   1600.0000000000000        168999999.99999997     
 957   1   2   3   4   5   6   7   8   9  10  11  12  13  14
  15  16  17  18  19
 Masses: 0.000E+00 0.000E+00 0.000E+00 0.000E+00 0.000E+00 0.000E+00 0.000E+00 0.000E+00 0.912E+02
Using random seed offsets   957 :      1
  with seed                   24
 Ranmar initialization seeds         687        9398
 
 ********************************************
 * You are using the DiscreteSampler module *
 *      part of the MG5_aMC framework       *
 *         Author: Valentin Hirschi         *
 ********************************************
 
  Particle       3       4       5       6       7       8       9
      Et >    10.0    10.0    10.0    10.0     0.0     0.0     0.0
       E >     0.0     0.0     0.0     0.0     0.0     0.0     0.0
     Eta <     2.5     2.5     2.5     2.5    -1.0    -1.0    -1.0
   xqcut:      0.0     0.0     0.0     0.0     0.0     0.0     0.0
d R # 3  >    -0.0     0.4     0.4     0.4     0.0     0.0     0.0
d R # 4  >    -0.0    -0.0     0.4     0.4     0.0     0.0     0.0
d R # 5  >    -0.0    -0.0    -0.0     0.4     0.0     0.0     0.0
d R # 6  >    -0.0    -0.0    -0.0    -0.0     0.0     0.0     0.0
d R # 7  >    -0.0    -0.0    -0.0    -0.0    -0.0     0.0     0.0
d R # 8  >    -0.0    -0.0    -0.0    -0.0    -0.0    -0.0     0.0
s min # 3>     0.0     0.0     0.0     0.0     0.0     0.0     0.0
s min # 4>     0.0     0.0     0.0     0.0     0.0     0.0     0.0
s min # 5>     0.0     0.0     0.0     0.0     0.0     0.0     0.0
s min # 6>     0.0     0.0     0.0     0.0     0.0     0.0     0.0
s min # 7>     0.0     0.0     0.0     0.0     0.0     0.0     0.0
s min # 8>     0.0     0.0     0.0     0.0     0.0     0.0     0.0
xqcutij # 3>     0.0     0.0     0.0     0.0     0.0     0.0     0.0
xqcutij # 4>     0.0     0.0     0.0     0.0     0.0     0.0     0.0
xqcutij # 5>     0.0     0.0     0.0     0.0     0.0     0.0     0.0
xqcutij # 6>     0.0     0.0     0.0     0.0     0.0     0.0     0.0
xqcutij # 7>     0.0     0.0     0.0     0.0     0.0     0.0     0.0
xqcutij # 8>     0.0     0.0     0.0     0.0     0.0     0.0     0.0
 Requiring BW           -1           1
 Requiring BW           -2           2
 Excluding BW           -3           3
 Excluding BW           -4           4
 Excluding BW           -6           5
 alpha_s for scale    3049.5130012518439       is    8.2297316654674199E-002
 Added good helicity            1   3.5550464864209532       in event            1 local:           1
 Added good helicity           21   11.617420029281108       in event            1 local:           1
 Added good helicity           25   1.4088115182174017E-007  in event            1 local:           1
 Added good helicity          193   44.184974651108973       in event            1 local:           1
 Added good helicity          213   196.64255508789813       in event            1 local:           1
 Added good helicity          217   3.5862348415998125E-006  in event            1 local:           1
 Added good helicity          229   1.2829422728059407E-008  in event            1 local:           1
 Added good helicity            1   3.5550464864209648       in event            1 local:           1
 Added good helicity           21   11.617420029283329       in event            1 local:           1
 Added good helicity           25   1.4088115182170282E-007  in event            1 local:           1
 Added good helicity          193   44.184974651100561       in event            1 local:           1
 Added good helicity          213   196.64255508790433       in event            1 local:           1
 Added good helicity          217   3.5862348415998782E-006  in event            1 local:           1
 Added good helicity          229   1.2829422728059486E-008  in event            1 local:           1
 Added good helicity          233   1.2829422728059413E-008  in event            4 local:           2
 Added good helicity          233   1.2829422728059461E-008  in event            4 local:           2
 Added good helicity          253   3.4521037002612181E-008  in event            7 local:           3
 Added good helicity          253   3.4521037002607628E-008  in event            7 local:           3
 Added good helicity           37   11.617420029281089       in event           13 local:           5
 Added good helicity           41   1.4088115182173929E-007  in event           13 local:           5
 Added good helicity           37   11.617420029283386       in event           13 local:           5
 Added good helicity           41   1.4088115182170295E-007  in event           13 local:           5
 Added good helicity           61   1.9615664631689684E-008  in event           25 local:           9
 Added good helicity           61   1.9615664631687698E-008  in event           25 local:           9
 RESET CUMULATIVE VARIABLE
 RESET CUMULATIVE VARIABLE
 RESET CUMULATIVE VARIABLE
 Iteration  1   Mean: 0.2342E-11 Abs mean: 0.2342E-11   Fluctuation:  0.632E-12   0.340E-09    39.4%
  1    0.2342E-11 0.2342E-11 +- 0.6315E-12      8.53
 Writing out events   1.1891852172629563E-015   8.5280134738738802     
 Relative summed weights:
  0.2971E-03  0.2435E-02  0.9420E-03  0.2678E-04  0.0000E+00  0.0000E+00
  0.1265E-03  0.3063E-04  0.5010E-01  0.1348E-01  0.0000E+00  0.0000E+00
  0.1828E-02  0.5829E-03  0.5714E-01  0.1015E-03  0.0000E+00  0.0000E+00
  0.2957E-03  0.7741E-03  0.1650E-01  0.3298E-02  0.0000E+00  0.2198E-07
  0.1134E-03  0.2089E-01  0.1770E-01  0.4660E-02  0.0000E+00  0.0000E+00
  0.3886E-03  0.1109E-03  0.7053E-02  0.1098E+00  0.7131E-09  0.0000E+00
  0.1467E+00  0.3189E-02  0.2226E-04  0.4319E-04  0.5102E-02  0.0000E+00
  0.1013E-01  0.2225E-01  0.1782E-03  0.8858E-04  0.0000E+00  0.0000E+00
  0.1666E-06  0.1444E-03  0.2397E-01  0.6231E-06  0.6306E-05  0.0000E+00
  0.1384E-03  0.1651E-01  0.8595E-01  0.1124E-04  0.0000E+00  0.1014E-06
  0.1840E-04  0.9986E-03  0.2663E-03  0.9628E-04  0.0000E+00  0.0000E+00
  0.1450E-03  0.1196E-02  0.8319E-03  0.1353E-03  0.0000E+00  0.0000E+00
  0.3204E-04  0.1268E+00  0.8980E-01  0.3379E-03  0.1790E-05  0.4707E-06
  0.3029E-01  0.3292E-03  0.1024E-02  0.1035E-01  0.2428E-15  0.0000E+00
  0.6514E-02  0.1016E-01  0.5228E-01  0.7838E-02  0.0000E+00  0.0000E+00
  0.1463E-03  0.3229E-02  0.3393E-01  0.9549E-04  0.0000E+00  0.0000E+00
 Relative number of events:
  0.1883E-01  0.1586E-01  0.1883E-01  0.2180E-01  0.0000E+00  0.0000E+00
  0.1586E-01  0.8920E-02  0.1586E-01  0.2379E-01  0.0000E+00  0.0000E+00
  0.2577E-01  0.1784E-01  0.1784E-01  0.1189E-01  0.0000E+00  0.0000E+00
  0.1685E-01  0.1784E-01  0.1982E-01  0.1883E-01  0.0000E+00  0.9911E-03
  0.1982E-01  0.2577E-01  0.3568E-01  0.2478E-01  0.0000E+00  0.0000E+00
  0.1685E-01  0.2379E-01  0.2973E-01  0.1883E-01  0.9911E-03  0.0000E+00
  0.1883E-01  0.1883E-01  0.6938E-02  0.1288E-01  0.9911E-03  0.0000E+00
  0.1388E-01  0.1883E-01  0.1288E-01  0.1388E-01  0.0000E+00  0.0000E+00
  0.2973E-02  0.9911E-02  0.1883E-01  0.4955E-02  0.9911E-03  0.0000E+00
  0.7929E-02  0.7929E-02  0.1685E-01  0.1586E-01  0.0000E+00  0.9911E-03
  0.8920E-02  0.1288E-01  0.1090E-01  0.5946E-02  0.0000E+00  0.0000E+00
  0.8920E-02  0.1388E-01  0.9911E-02  0.9911E-02  0.0000E+00  0.0000E+00
  0.1090E-01  0.1487E-01  0.1090E-01  0.1685E-01  0.9911E-03  0.9911E-03
  0.1388E-01  0.1090E-01  0.1784E-01  0.1388E-01  0.9911E-03  0.0000E+00
  0.1189E-01  0.1487E-01  0.1784E-01  0.1586E-01  0.0000E+00  0.0000E+00
  0.1487E-01  0.1487E-01  0.1189E-01  0.1487E-01  0.0000E+00  0.0000E+00
 Events:
          19          16          19          22           0           0
          16           9          16          24           0           0
          26          18          18          12           0           0
          17          18          20          19           0           1
          20          26          36          25           0           0
          17          24          30          19           1           0
          19          19           7          13           1           0
          14          19          13          14           0           0
           3          10          19           5           1           0
           8           8          17          16           0           1
           9          13          11           6           0           0
           9          14          10          10           0           0
          11          15          11          17           1           1
          14          11          18          14           1           0
          12          15          18          16           0           0
          15          15          12          15           0           0
 Iteration  2   Mean: 0.2533E-11 Abs mean: 0.2533E-11   Fluctuation:  0.438E-12   0.491E-09    65.4%
  2    0.2533E-11 0.2533E-11 +- 0.4376E-12      7.73
 Relative summed weights:
  0.1665E-01  0.3263E-02  0.9529E-02  0.1008E-01  0.0000E+00  0.0000E+00
  0.3191E-02  0.3364E-01  0.1430E-01  0.2829E-02  0.0000E+00  0.0000E+00
  0.2078E-01  0.5715E-02  0.5803E-02  0.2776E-02  0.2860E-06  0.0000E+00
  0.7441E-02  0.8724E-01  0.1031E-01  0.7963E-02  0.0000E+00  0.2484E-09
  0.1817E-01  0.2121E-02  0.7103E-02  0.7323E-01  0.0000E+00  0.0000E+00
  0.1528E-01  0.4462E-01  0.9505E-02  0.7637E-02  0.0000E+00  0.0000E+00
  0.7040E-02  0.4696E-02  0.6253E-02  0.2553E-02  0.0000E+00  0.0000E+00
  0.4136E-02  0.3553E-01  0.4362E-02  0.1446E-02  0.0000E+00  0.0000E+00
  0.4550E-02  0.5351E-01  0.2910E-01  0.1295E-01  0.4547E-08  0.0000E+00
  0.7302E-01  0.1154E-01  0.1204E-02  0.2694E-03  0.0000E+00  0.0000E+00
  0.1443E-02  0.2894E-02  0.1155E-02  0.3350E-02  0.1857E-05  0.0000E+00
  0.2515E-01  0.1313E-01  0.2020E-01  0.1929E-02  0.0000E+00  0.0000E+00
  0.1072E+00  0.1107E-01  0.1850E-02  0.3554E-02  0.0000E+00  0.2912E-07
  0.8476E-02  0.1265E-01  0.2580E-01  0.7180E-04  0.0000E+00  0.0000E+00
  0.4815E-03  0.1926E-01  0.1080E-02  0.2218E-02  0.0000E+00  0.0000E+00
  0.1529E-01  0.3822E-01  0.2701E-02  0.9428E-02  0.1291E-07  0.0000E+00
 Relative number of events:
  0.2300E-01  0.2000E-01  0.1950E-01  0.2000E-01  0.0000E+00  0.0000E+00
  0.2300E-01  0.2450E-01  0.1800E-01  0.2150E-01  0.0000E+00  0.0000E+00
  0.1450E-01  0.1900E-01  0.1300E-01  0.1650E-01  0.5000E-03  0.0000E+00
  0.2100E-01  0.1900E-01  0.1250E-01  0.1950E-01  0.0000E+00  0.5000E-03
  0.2100E-01  0.2250E-01  0.1650E-01  0.1550E-01  0.0000E+00  0.0000E+00
  0.2300E-01  0.2150E-01  0.2600E-01  0.1500E-01  0.0000E+00  0.0000E+00
  0.1800E-01  0.2250E-01  0.1200E-01  0.1250E-01  0.0000E+00  0.0000E+00
  0.2150E-01  0.2000E-01  0.1150E-01  0.1150E-01  0.0000E+00  0.0000E+00
  0.1200E-01  0.8000E-02  0.1250E-01  0.1750E-01  0.1000E-02  0.0000E+00
  0.9500E-02  0.1550E-01  0.1100E-01  0.1500E-01  0.0000E+00  0.0000E+00
  0.1850E-01  0.1450E-01  0.1100E-01  0.9000E-02  0.5000E-03  0.0000E+00
  0.1550E-01  0.1500E-01  0.9000E-02  0.1100E-01  0.0000E+00  0.0000E+00
  0.1200E-01  0.1050E-01  0.9000E-02  0.1450E-01  0.0000E+00  0.5000E-03
  0.7500E-02  0.1350E-01  0.1350E-01  0.9000E-02  0.0000E+00  0.0000E+00
  0.9500E-02  0.1200E-01  0.1000E-01  0.1350E-01  0.0000E+00  0.0000E+00
  0.1850E-01  0.1850E-01  0.1550E-01  0.1000E-01  0.5000E-03  0.0000E+00
 Events:
          46          40          39          40           0           0
          46          49          36          43           0           0
          29          38          26          33           1           0
          42          38          25          39           0           1
          42          45          33          31           0           0
          46          43          52          30           0           0
          36          45          24          25           0           0
          43          40          23          23           0           0
          24          16          25          35           2           0
          19          31          22          30           0           0
          37          29          22          18           1           0
          31          30          18          22           0           0
          24          21          18          29           0           1
          15          27          27          18           0           0
          19          24          20          27           0           0
          37          37          31          20           1           0
 Iteration  3   Mean: 0.4820E-11 Abs mean: 0.4820E-11   Fluctuation:  0.107E-11   0.359E-08    73.3%
  3    0.4820E-11 0.4820E-11 +- 0.1073E-11     14.07
 Relative summed weights:
  0.6410E-02  0.9148E-02  0.4246E-02  0.2692E-02  0.0000E+00  0.0000E+00
  0.1180E-01  0.1008E-01  0.2030E-02  0.2406E-02  0.0000E+00  0.0000E+00
  0.1357E-01  0.1544E-01  0.2986E-03  0.2723E-02  0.0000E+00  0.6153E-05
  0.5788E-01  0.8759E-02  0.1216E-01  0.6480E-02  0.0000E+00  0.0000E+00
  0.1994E-01  0.6917E-02  0.2471E-01  0.2947E-01  0.0000E+00  0.0000E+00
  0.3936E-01  0.6574E-02  0.5654E-02  0.1168E-01  0.0000E+00  0.0000E+00
  0.3093E-02  0.9669E-02  0.3172E-02  0.3631E-01  0.0000E+00  0.0000E+00
  0.6636E-02  0.2022E-01  0.2461E-02  0.4393E-02  0.5200E-04  0.0000E+00
  0.1277E-01  0.1276E-01  0.2576E-02  0.1929E+00  0.0000E+00  0.0000E+00
  0.4568E-02  0.7848E-02  0.4165E-02  0.3198E-02  0.0000E+00  0.0000E+00
  0.2320E-01  0.2641E-01  0.5739E-02  0.2816E-01  0.0000E+00  0.0000E+00
  0.6164E-02  0.1150E-01  0.2168E-01  0.3616E-02  0.0000E+00  0.0000E+00
  0.5350E-02  0.3289E-02  0.3204E-02  0.5457E-02  0.1860E-06  0.0000E+00
  0.1124E-01  0.1084E-01  0.1271E-01  0.4377E-02  0.2485E-06  0.3033E-09
  0.8286E-01  0.1113E-01  0.7187E-02  0.2682E-01  0.0000E+00  0.0000E+00
  0.1781E-01  0.2397E-01  0.7339E-02  0.2664E-02  0.0000E+00  0.3094E-04
 Relative number of events:
  0.2325E-01  0.2400E-01  0.2125E-01  0.1800E-01  0.0000E+00  0.0000E+00
  0.2000E-01  0.2250E-01  0.1650E-01  0.2050E-01  0.0000E+00  0.0000E+00
  0.1900E-01  0.2150E-01  0.9750E-02  0.1025E-01  0.0000E+00  0.2500E-03
  0.1675E-01  0.2175E-01  0.1275E-01  0.1450E-01  0.0000E+00  0.0000E+00
  0.2525E-01  0.2250E-01  0.2200E-01  0.1925E-01  0.0000E+00  0.0000E+00
  0.1925E-01  0.2500E-01  0.2050E-01  0.1850E-01  0.0000E+00  0.0000E+00
  0.2025E-01  0.1500E-01  0.1200E-01  0.1000E-01  0.0000E+00  0.0000E+00
  0.1875E-01  0.2125E-01  0.1175E-01  0.1175E-01  0.5000E-03  0.0000E+00
  0.1425E-01  0.1050E-01  0.1350E-01  0.1375E-01  0.0000E+00  0.0000E+00
  0.9000E-02  0.1200E-01  0.1125E-01  0.1525E-01  0.0000E+00  0.0000E+00
  0.1575E-01  0.1575E-01  0.1050E-01  0.8500E-02  0.0000E+00  0.0000E+00
  0.1300E-01  0.1225E-01  0.1125E-01  0.1125E-01  0.0000E+00  0.0000E+00
  0.1275E-01  0.1200E-01  0.1150E-01  0.1400E-01  0.2500E-03  0.0000E+00
  0.1000E-01  0.1100E-01  0.1375E-01  0.1750E-01  0.2500E-03  0.2500E-03
  0.1725E-01  0.1450E-01  0.1050E-01  0.1300E-01  0.0000E+00  0.0000E+00
  0.1475E-01  0.1550E-01  0.1400E-01  0.1325E-01  0.0000E+00  0.2500E-03
 Events:
          93          96          85          72           0           0
          80          90          66          82           0           0
          76          86          39          41           0           1
          67          87          51          58           0           0
         101          90          88          77           0           0
          77         100          82          74           0           0
          81          60          48          40           0           0
          75          85          47          47           2           0
          57          42          54          55           0           0
          36          48          45          61           0           0
          63          63          42          34           0           0
          52          49          45          45           0           0
          51          48          46          56           1           0
          40          44          55          70           1           1
          69          58          42          52           0           0
          59          62          56          53           0           1
 Accuracy:    0.239   0.100   0.122   3.859
 Found          271  events.
 Wrote            8  events.
 Actual xsec    3.1786331681580858E-012
 Correct abs xsec    3.1786331681580858E-012
 Event xsec    3.1786331681580858E-012
 Events wgts > 1:            1
 % Cross section > 1:    8.4162190569539993E-020   2.6477478248397323E-006
 Iteration  4   Mean: 0.3583E-11 Abs mean: 0.3583E-11   Fluctuation:  0.458E-12   0.218E-08    76.0%
  4    0.3583E-11 0.3583E-11 +- 0.4581E-12     11.44
 Relative summed weights:
  0.9416E-02  0.2783E-01  0.9841E-02  0.6506E-02  0.0000E+00  0.0000E+00
  0.1333E-01  0.1647E-01  0.3420E-02  0.6082E-02  0.0000E+00  0.0000E+00
  0.3328E-01  0.2321E-01  0.2218E-01  0.4802E-02  0.0000E+00  0.0000E+00
  0.1019E-01  0.2701E-01  0.5118E-02  0.5100E-02  0.0000E+00  0.6764E-04
  0.7633E-02  0.9366E-02  0.4818E-02  0.3915E-02  0.0000E+00  0.2317E-07
  0.9862E-02  0.1139E-01  0.4109E-01  0.1382E-01  0.0000E+00  0.7768E-05
  0.1023E-01  0.3230E-01  0.2189E-01  0.9199E-03  0.5534E-08  0.5933E-06
  0.5859E-01  0.6396E-02  0.2717E-02  0.4709E-02  0.0000E+00  0.0000E+00
  0.1678E-01  0.6487E-02  0.1252E-01  0.1629E-01  0.2530E-07  0.7301E-05
  0.1003E-01  0.1047E-01  0.2478E-02  0.2152E-01  0.0000E+00  0.5626E-06
  0.8174E-01  0.4061E-01  0.4318E-02  0.5533E-02  0.0000E+00  0.0000E+00
  0.1201E-01  0.1383E-01  0.1107E-01  0.1217E-01  0.1206E-04  0.0000E+00
  0.5008E-01  0.4231E-01  0.2939E-02  0.8235E-02  0.5675E-06  0.0000E+00
  0.1039E-01  0.1310E-01  0.1908E-01  0.5993E-02  0.6450E-06  0.0000E+00
  0.6996E-02  0.1428E-01  0.1668E-01  0.2028E-02  0.0000E+00  0.8492E-05
  0.1260E-01  0.4191E-01  0.4662E-02  0.7239E-02  0.8565E-04  0.0000E+00
 Relative number of events:
  0.2225E-01  0.2162E-01  0.2162E-01  0.1900E-01  0.0000E+00  0.0000E+00
  0.2513E-01  0.2075E-01  0.1837E-01  0.2138E-01  0.0000E+00  0.0000E+00
  0.1988E-01  0.2275E-01  0.1000E-01  0.1325E-01  0.0000E+00  0.0000E+00
  0.2050E-01  0.2150E-01  0.1375E-01  0.1188E-01  0.0000E+00  0.1250E-03
  0.2162E-01  0.2350E-01  0.1750E-01  0.1600E-01  0.0000E+00  0.1250E-03
  0.2250E-01  0.2275E-01  0.2100E-01  0.2475E-01  0.0000E+00  0.1250E-03
  0.1800E-01  0.2212E-01  0.1350E-01  0.1312E-01  0.1250E-03  0.1250E-03
  0.1750E-01  0.1700E-01  0.1150E-01  0.1300E-01  0.0000E+00  0.0000E+00
  0.1075E-01  0.1063E-01  0.1388E-01  0.1337E-01  0.1250E-03  0.3750E-03
  0.1337E-01  0.1238E-01  0.1413E-01  0.1300E-01  0.0000E+00  0.1250E-03
  0.1400E-01  0.1463E-01  0.1200E-01  0.1275E-01  0.0000E+00  0.0000E+00
  0.1425E-01  0.1463E-01  0.1188E-01  0.1075E-01  0.1250E-03  0.0000E+00
  0.8625E-02  0.1050E-01  0.1275E-01  0.1275E-01  0.2500E-03  0.0000E+00
  0.1137E-01  0.1175E-01  0.1312E-01  0.1450E-01  0.1250E-03  0.0000E+00
  0.1450E-01  0.1500E-01  0.1063E-01  0.8500E-02  0.0000E+00  0.1250E-03
  0.1175E-01  0.1312E-01  0.1225E-01  0.1150E-01  0.1250E-03  0.0000E+00
 Events:
         178         173         173         152           0           0
         201         166         147         171           0           0
         159         182          80         106           0           0
         164         172         110          95           0           1
         173         188         140         128           0           1
         180         182         168         198           0           1
         144         177         108         105           1           1
         140         136          92         104           0           0
          86          85         111         107           1           3
         107          99         113         104           0           1
         112         117          96         102           0           0
         114         117          95          86           1           0
          69          84         102         102           2           0
          91          94         105         116           1           0
         116         120          85          68           0           1
          94         105          98          92           1           0
 Accuracy:    0.138   0.100   0.088   2.441
 Found          328  events.
 Wrote           10  events.
 Actual xsec    3.4941990341605758E-012
 Correct abs xsec    3.4941990341605758E-012
 Event xsec    3.4941990341605758E-012
 Events wgts > 1:            0
 % Cross section > 1:    0.0000000000000000        0.0000000000000000     
 Iteration  5   Mean: 0.3547E-11 Abs mean: 0.3547E-11   Fluctuation:  0.271E-12   0.260E-08    76.0%
  5    0.3547E-11 0.3547E-11 +- 0.2713E-12      9.68
 Relative summed weights:
  0.1478E-01  0.1596E-01  0.6501E-02  0.6906E-02  0.0000E+00  0.0000E+00
  0.5222E-02  0.1479E-01  0.1582E-01  0.8759E-02  0.0000E+00  0.1568E-07
  0.1410E-01  0.1428E-01  0.1572E-01  0.4155E-02  0.6069E-07  0.0000E+00
  0.2733E-01  0.2131E-01  0.7372E-02  0.7442E-02  0.0000E+00  0.0000E+00
  0.1541E-01  0.1807E-01  0.1531E-01  0.9825E-02  0.6399E-04  0.0000E+00
  0.1904E-01  0.4031E-01  0.8713E-02  0.1068E-01  0.0000E+00  0.0000E+00
  0.1965E-01  0.2362E-01  0.1448E-01  0.6496E-02  0.0000E+00  0.0000E+00
  0.2445E-01  0.2972E-01  0.1339E-01  0.4174E-02  0.0000E+00  0.0000E+00
  0.1696E-01  0.3518E-01  0.7669E-02  0.7392E-02  0.2634E-06  0.3046E-07
  0.2411E-01  0.1491E-01  0.2905E-01  0.4474E-02  0.2040E-06  0.6527E-08
  0.2039E-01  0.2692E-01  0.1106E-01  0.7417E-02  0.0000E+00  0.4472E-05
  0.1856E-01  0.1730E-01  0.6648E-02  0.7755E-02  0.0000E+00  0.0000E+00
  0.6122E-01  0.8714E-02  0.1258E-01  0.1020E-01  0.0000E+00  0.4853E-05
  0.9700E-02  0.8861E-02  0.1978E-01  0.1642E-01  0.3051E-05  0.2169E-06
  0.8604E-02  0.2124E-01  0.1271E-01  0.1137E-01  0.0000E+00  0.0000E+00
  0.1578E-01  0.2211E-01  0.9479E-02  0.1812E-01  0.0000E+00  0.3426E-02
 Relative number of events:
  0.2481E-01  0.2337E-01  0.2212E-01  0.2119E-01  0.0000E+00  0.0000E+00
  0.2312E-01  0.2187E-01  0.2025E-01  0.1844E-01  0.0000E+00  0.6250E-04
  0.2094E-01  0.1856E-01  0.1331E-01  0.1250E-01  0.6250E-04  0.0000E+00
  0.2013E-01  0.2000E-01  0.1250E-01  0.1425E-01  0.0000E+00  0.0000E+00
  0.2419E-01  0.2312E-01  0.1887E-01  0.2000E-01  0.1250E-03  0.0000E+00
  0.2369E-01  0.2300E-01  0.2019E-01  0.1856E-01  0.0000E+00  0.0000E+00
  0.1844E-01  0.2025E-01  0.1175E-01  0.1388E-01  0.0000E+00  0.0000E+00
  0.2050E-01  0.1994E-01  0.1169E-01  0.1388E-01  0.0000E+00  0.0000E+00
  0.1056E-01  0.1044E-01  0.1238E-01  0.1331E-01  0.6250E-04  0.1250E-03
  0.1106E-01  0.1106E-01  0.1144E-01  0.1287E-01  0.6250E-04  0.6250E-04
  0.1225E-01  0.1269E-01  0.1175E-01  0.1213E-01  0.0000E+00  0.1250E-03
  0.1281E-01  0.1394E-01  0.1013E-01  0.1394E-01  0.0000E+00  0.0000E+00
  0.9687E-02  0.1069E-01  0.1256E-01  0.1169E-01  0.0000E+00  0.1250E-03
  0.1119E-01  0.1031E-01  0.1344E-01  0.1281E-01  0.2500E-03  0.6250E-04
  0.1475E-01  0.1544E-01  0.1188E-01  0.1188E-01  0.0000E+00  0.0000E+00
  0.1419E-01  0.1494E-01  0.1081E-01  0.1050E-01  0.0000E+00  0.6250E-04
 Events:
         397         374         354         339           0           0
         370         350         324         295           0           1
         335         297         213         200           1           0
         322         320         200         228           0           0
         387         370         302         320           2           0
         379         368         323         297           0           0
         295         324         188         222           0           0
         328         319         187         222           0           0
         169         167         198         213           1           2
         177         177         183         206           1           1
         196         203         188         194           0           2
         205         223         162         223           0           0
         155         171         201         187           0           2
         179         165         215         205           4           1
         236         247         190         190           0           0
         227         239         173         168           0           1
 Accuracy:    0.077   0.100   0.058   1.774
 Finished due to accuracy    7.6959193415436181E-002  0.10000000000000001     

 -------------------------------------------------------------------------------
 Accumulated results:   Integral =  0.3471E-11
                        Std dev  =  0.2006E-12
                       Cross sec =  0.3471E-11
             Chi**2 per DoF.     =      1.7739
 -------------------------------------------------------------------------------
 Found          966  events.
 Wrote           19  events.
 Actual xsec    3.6576315666427799E-012
 Correct abs xsec    3.6576315666427799E-012
 Event xsec    3.6576315666427807E-012
 Events wgts > 1:            1
 % Cross section > 1:    6.7181485106911329E-021   1.8367482859563954E-007
-------------------------------------------------
---------------------------
 Results Last   3 iters: Integral =   0.3658E-11
                     Abs integral =   0.3658E-11
                          Std dev =   0.2303E-12
                  Chi**2 per DoF. =      0.6833
-------------------------------------------------
---------------------------
 Status  0.10000000000000001                6           5

ls status:
events.lhe
ftn26
input_app.txt
results.dat
run1_app.log
