 Process in group number            1
 A PDF is used, so alpha_s(MZ) is going to be modified
 Old value of alpha_s from param_card:   0.11839999999999999     
  ****************************************
 
       NNPDFDriver version 1.0.3
   Grid: NNPDF23_lo_as_0130_qed_mem0.grid
  ****************************************
 New value of alpha_s from PDF nn23lo1:  0.13000000000000000     
 Define smin to   1600.0000000000000     
 Define smin to   1600.0000000000000     
 Define smin to   1600.0000000000000     
 *****************************************************
 *               MadGraph/MadEvent                   *
 *        --------------------------------           *
 *          http://madgraph.hep.uiuc.edu             *
 *          http://madgraph.phys.ucl.ac.be           *
 *          http://madgraph.roma2.infn.it            *
 *        --------------------------------           *
 *                                                   *
 *          PARAMETER AND COUPLING VALUES            *
 *                                                   *
 *****************************************************

  External Params
  ---------------------------------
  
 mdl_VeN1 =    1.0000000000000000     
 mdl_VeN2 =    0.0000000000000000     
 mdl_VeN3 =    0.0000000000000000     
 mdl_VmuN1 =    0.0000000000000000     
 mdl_VmuN2 =    1.0000000000000000     
 mdl_VmuN3 =    0.0000000000000000     
 mdl_VtaN1 =    0.0000000000000000     
 mdl_VtaN2 =    0.0000000000000000     
 mdl_VtaN3 =    1.0000000000000000     
 mdl_VN1N1 =    1.0000000000000000     
 mdl_VN1N2 =    1.0000000000000000     
 mdl_VN1N3 =    1.0000000000000000     
 mdl_VN2N2 =    1.0000000000000000     
 mdl_VN2N3 =    1.0000000000000000     
 mdl_VN3N3 =    1.0000000000000000     
 aEWM1 =    127.90000000000001     
 mdl_Gf =    1.1663700000000000E-005
 aS =   0.11839999999999999     
 mdl_ymt =    172.00000000000000     
 mdl_vevf =    50.000000000000000     
 mdl_MZ =    91.187600000000003     
 mdl_MT =    172.00000000000000     
 mdl_MH =    125.00000000000000     
 mdl_mN1 =    2000.0000000000000     
 mdl_mN2 =    2100.0000000000000     
 mdl_mN3 =    2200.0000000000000     
 mdl_MJ =    91.187600000000003     
 mdl_MAx =    173.04800000000000     
 mdl_WZ =    2.4952000000000001     
 mdl_WW =    2.0850000000000000     
 mdl_WT =    1.5083359999999999     
 mdl_WH =    4.0699999999999998E-003
 mdl_WN1 =   0.30299999999999999     
 mdl_WN2 =    1.5000000000000000     
 mdl_WN3 =    12.300000000000001     
 mdl_WJ =    2.4952000000000001     
 mdl_WAx =    4.1700000000000001E-003
  Internal Params
  ---------------------------------
  
 mdl_vevf__exp__2 =    2500.0000000000000     
 mdl_sqrt__vevf__exp__2 =    50.000000000000000     
 mdl_muJ =    50.000000000000000     
 mdl_MZ__exp__2 =    8315.1783937600012     
 mdl_MZ__exp__4 =    69142191.720053151     
 mdl_sqrt__2 =    1.4142135623730951     
 mdl_MJ__exp__2 =    8315.1783937600012     
 mdl_muJ__exp__2 =    2500.0000000000000     
 mdl_lamJ =    4.3260713575040004     
 mdl_MH__exp__2 =    15625.000000000000     
 mdl_complexi =  (  0.0000000000000000     ,  1.0000000000000000     )
 mdl_aEW =    7.8186082877247844E-003
 mdl_MW =    79.824359746197842     
 mdl_sqrt__aEW =    8.8422894590285753E-002
 mdl_ee =   0.31345100004952897     
 mdl_MW__exp__2 =    6371.9284088904105     
 mdl_sw2 =   0.23369913342182447     
 mdl_cw =   0.87538612427783857     
 mdl_sqrt__sw2 =   0.48342438232036300     
 mdl_sw =   0.48342438232036300     
 mdl_g1 =   0.35807170271074895     
 mdl_gN =   0.64839716719502682     
 mdl_gw =   0.64839716719502682     
 mdl_vev =    246.22056907348590     
 mdl_vev__exp__2 =    60624.568634871241     
 mdl_lam =   0.12886689630821144     
 mdl_yt =   0.98791394091683138     
 mdl_muH =    88.388347648318444     
 mdl_I2a33 =  ( 0.98791394091683138     ,  0.0000000000000000     )
 mdl_I3a33 =  ( 0.98791394091683138     ,  0.0000000000000000     )
 mdl_ee__exp__2 =    9.8251529432049817E-002
 mdl_sw__exp__2 =   0.23369913342182450     
 mdl_cw__exp__2 =   0.76630086657817542     
  Internal Params evaluated point by point
  ----------------------------------------
  
 mdl_sqrt__aS =   0.34409301068170506     
 mdl_G__exp__2 =    1.4878582807401259     
  Couplings of SM_HeavyN_UFO
  ---------------------------------
  
         GC_1 =  -0.00000E+00  -0.10448E+00
         GC_2 =   0.00000E+00   0.20897E+00
         GC_3 =  -0.00000E+00  -0.31345E+00
         GC_4 =   0.00000E+00   0.31345E+00
        GC_26 =   0.00000E+00   0.45849E+00
        GC_27 =  -0.00000E+00  -0.28380E+00
        GC_28 =   0.00000E+00   0.28380E+00
        GC_30 =   0.00000E+00   0.56760E+00
        GC_35 =  -0.00000E+00  -0.28850E-01
        GC_37 =   0.00000E+00   0.17310E+00
        GC_39 =   0.00000E+00  -0.19725E+00
        GC_40 =   0.00000E+00   0.37035E+00
        GC_80 =   0.00000E+00   0.67543E+02
       GC_107 =  -0.00000E+00  -0.74070E+00
       GC_109 =  -0.00000E+00  -0.74070E+00
       GC_111 =  -0.00000E+00  -0.74070E+00
       GC_113 =  -0.00000E+00  -0.74070E+00
       GC_115 =  -0.00000E+00  -0.74070E+00
       GC_117 =  -0.00000E+00  -0.74070E+00
       GC_119 =   0.00000E+00   0.00000E+00
       GC_120 =   0.00000E+00   0.00000E+00
       GC_122 =  -0.00000E+00  -0.00000E+00
       GC_126 =   0.00000E+00   0.00000E+00
       GC_127 =   0.00000E+00   0.00000E+00
       GC_129 =  -0.00000E+00  -0.00000E+00
       GC_133 =   0.00000E+00   0.45849E+00
       GC_134 =   0.00000E+00   0.37035E+00
       GC_136 =  -0.00000E+00  -0.89351E+01
        GC_81 =   0.40000E+02   0.00000E+00
        GC_82 =   0.42000E+02   0.00000E+00
        GC_83 =   0.44000E+02   0.00000E+00

 Collider parameters:
 --------------------

 Running at P P   machine @    13000.000000000000       GeV
 PDF set = nn23lo1
 alpha_s(Mz)= 0.1300 running at 2 loops.
 alpha_s(Mz)= 0.1300 running at 2 loops.
 Renormalization scale set on event-by-event basis
 Factorization   scale set on event-by-event basis


 getting user params
Enter number of events and max and min iterations: 
 Number of events and iterations         1000           5           3
Enter desired fractional accuracy: 
 Desired fractional accuracy:   0.10000000000000001     
Enter 0 for fixed, 2 for adjustable grid: 
Suppress amplitude (0 no, 1 yes)? 
 Using suppressed amplitude.
Exact helicity sum (0 yes, n = number/event)? 
 Explicitly summing over helicities
Enter Configuration Number: 
Running Configuration Number:  393
 Using dconfig=         634
 BW Setting            1           1           1           2           1           2           0
 Attempting mappinvarients           1           9
 Completed mapping           9
 about to integrate           19        1000           5           3          19           1
 Using non-zero grid deformation.
 19 dimensions   1000 events 19 invarients  5 iterations  1 config(s),  (0.99)
 Using h-tuple random number sequence.
 Error opening grid
 Using Uniform Grid!          36
 Using uniform alpha   1.0000000000000000     
 Grid defined OK
 Set CM energy to      13000.00
 Mapping Graph         393  to config         393
 Setting BW          -1           1   91.187600000000003     
 Setting BW          -2           2   2200.0000000000000     
 Setting BW          -3           3   2200.0000000000000     
Setting grid   4    0.59172E-08   1
 Setting BW          -5           5   2200.0000000000000     
Setting grid   6    0.11291E+00   1
 Transforming s_hat 1/s           18  0.11290569768517021        1600.0000000000000        168999999.99999997     
 393   1   2   3   4   5   6   7   8   9  10  11  12  13  14
  15  16  17  18  19
 Masses: 0.000E+00 0.000E+00 0.000E+00 0.000E+00 0.000E+00 0.000E+00 0.000E+00 0.000E+00 0.912E+02
Using random seed offsets   393 :      1
  with seed                   24
 Ranmar initialization seeds         123        9398
 
 ********************************************
 * You are using the DiscreteSampler module *
 *      part of the MG5_aMC framework       *
 *         Author: Valentin Hirschi         *
 ********************************************
 
  Particle       3       4       5       6       7       8       9
      Et >    10.0    10.0    10.0    10.0     0.0     0.0     0.0
       E >     0.0     0.0     0.0     0.0     0.0     0.0     0.0
     Eta <     2.5     2.5     2.5     2.5    -1.0    -1.0    -1.0
   xqcut:      0.0     0.0     0.0     0.0     0.0     0.0     0.0
d R # 3  >    -0.0     0.4     0.4     0.4     0.0     0.0     0.0
d R # 4  >    -0.0    -0.0     0.4     0.4     0.0     0.0     0.0
d R # 5  >    -0.0    -0.0    -0.0     0.4     0.0     0.0     0.0
d R # 6  >    -0.0    -0.0    -0.0    -0.0     0.0     0.0     0.0
d R # 7  >    -0.0    -0.0    -0.0    -0.0    -0.0     0.0     0.0
d R # 8  >    -0.0    -0.0    -0.0    -0.0    -0.0    -0.0     0.0
s min # 3>     0.0     0.0     0.0     0.0     0.0     0.0     0.0
s min # 4>     0.0     0.0     0.0     0.0     0.0     0.0     0.0
s min # 5>     0.0     0.0     0.0     0.0     0.0     0.0     0.0
s min # 6>     0.0     0.0     0.0     0.0     0.0     0.0     0.0
s min # 7>     0.0     0.0     0.0     0.0     0.0     0.0     0.0
s min # 8>     0.0     0.0     0.0     0.0     0.0     0.0     0.0
xqcutij # 3>     0.0     0.0     0.0     0.0     0.0     0.0     0.0
xqcutij # 4>     0.0     0.0     0.0     0.0     0.0     0.0     0.0
xqcutij # 5>     0.0     0.0     0.0     0.0     0.0     0.0     0.0
xqcutij # 6>     0.0     0.0     0.0     0.0     0.0     0.0     0.0
xqcutij # 7>     0.0     0.0     0.0     0.0     0.0     0.0     0.0
xqcutij # 8>     0.0     0.0     0.0     0.0     0.0     0.0     0.0
 Requiring BW           -1           1
 Requiring BW           -2           2
 Requiring BW           -3           3
 Excluding BW           -4           4
 Requiring BW           -5           5
 Excluding BW           -6           6
 alpha_s for scale    4960.9327462279271       is    7.8345619675093708E-002
 Added good helicity            1   68.763060513545071       in event            1 local:           1
 Added good helicity           21   3.2444831437680426E-008  in event            1 local:           1
 Added good helicity           37   1.5428307857419003E-008  in event            1 local:           1
 Added good helicity           41   53.557542370080434       in event            1 local:           1
 Added good helicity           61   2.6381787215516974E-008  in event            1 local:           1
 Added good helicity          193   77.013227760636838       in event            1 local:           1
 Added good helicity          213   1.6029599158332451E-006  in event            1 local:           1
 Added good helicity          233   56.666166508844398       in event            1 local:           1
 Added good helicity          253   1.1603828428562249E-006  in event            1 local:           1
 Added good helicity            1   68.763060513546463       in event            1 local:           1
 Added good helicity           21   3.2444831437100453E-008  in event            1 local:           1
 Added good helicity           37   1.5428307857417981E-008  in event            1 local:           1
 Added good helicity           41   53.557542370086367       in event            1 local:           1
 Added good helicity           61   2.6381787215068394E-008  in event            1 local:           1
 Added good helicity          193   77.013227760634024       in event            1 local:           1
 Added good helicity          213   1.6029599158260150E-006  in event            1 local:           1
 Added good helicity          233   56.666166508839879       in event            1 local:           1
 Added good helicity          253   1.1603828428504119E-006  in event            1 local:           1
 Added good helicity          217   1.5168877717602732E-008  in event            2 local:           1
 Added good helicity          217   1.5168877717595277E-008  in event            2 local:           1
 Added good helicity           25   3.2444831437680379E-008  in event            7 local:           3
 Added good helicity          229   56.666166508844313       in event            7 local:           3
 Added good helicity           25   3.2444831437100281E-008  in event            7 local:           3
 Added good helicity          229   56.666166508839581       in event            7 local:           3
 RESET CUMULATIVE VARIABLE
 RESET CUMULATIVE VARIABLE
 RESET CUMULATIVE VARIABLE
 Iteration  1   Mean: 0.1264E-11 Abs mean: 0.1264E-11   Fluctuation:  0.901E-12   0.146E-09     0.1%
  1    0.1264E-11 0.1264E-11 +- 0.9012E-12      9.16
 Writing out events   5.0557423752367832E-014   9.1591337088107849     
 Relative summed weights:
  0.3999E-03  0.5262E-02  0.0000E+00  0.0000E+00  0.0000E+00  0.0000E+00
  0.6684E-02  0.7011E+00  0.1879E-08  0.1670E-01  0.0000E+00  0.0000E+00
  0.3351E-04  0.1712E-02  0.2882E-07  0.2309E-07  0.0000E+00  0.0000E+00
  0.2754E-02  0.2057E-04  0.1418E-01  0.8040E-03  0.0000E+00  0.0000E+00
  0.8369E-05  0.1203E-06  0.2374E-02  0.2308E-01  0.0000E+00  0.0000E+00
  0.6743E-01  0.8553E-05  0.0000E+00  0.0000E+00  0.0000E+00  0.0000E+00
  0.7508E-01  0.2092E-04  0.1258E-02  0.1108E-03  0.0000E+00  0.0000E+00
  0.7268E-01  0.7310E-02  0.8908E-05  0.9849E-03  0.0000E+00  0.0000E+00
 Relative number of events:
  0.2874E-01  0.2299E-01  0.0000E+00  0.0000E+00  0.0000E+00  0.0000E+00
  0.8046E-01  0.9195E-01  0.5747E-02  0.5747E-01  0.0000E+00  0.0000E+00
  0.1149E-01  0.1724E-01  0.1149E-01  0.5747E-02  0.0000E+00  0.0000E+00
  0.8046E-01  0.4598E-01  0.4023E-01  0.4023E-01  0.0000E+00  0.0000E+00
  0.1724E-01  0.1149E-01  0.1149E-01  0.5747E-02  0.0000E+00  0.0000E+00
  0.2299E-01  0.1724E-01  0.0000E+00  0.0000E+00  0.0000E+00  0.0000E+00
  0.7471E-01  0.6322E-01  0.2874E-01  0.3448E-01  0.0000E+00  0.0000E+00
  0.8046E-01  0.2299E-01  0.2299E-01  0.4598E-01  0.0000E+00  0.0000E+00
 Events:
           5           4           0           0           0           0
          14          16           1          10           0           0
           2           3           2           1           0           0
          14           8           7           7           0           0
           3           2           2           1           0           0
           4           3           0           0           0           0
          13          11           5           6           0           0
          14           4           4           8           0           0
 Iteration  2   Mean: 0.4976E-12 Abs mean: 0.4976E-12   Fluctuation:  0.172E-12   0.298E-09     8.2%
  2    0.4976E-12 0.4976E-12 +- 0.1721E-12     15.47
 Relative summed weights:
  0.6277E-02  0.1052E-01  0.2536E-03  0.6655E-04  0.0000E+00  0.0000E+00
  0.1795E-01  0.1449E+00  0.9205E-02  0.3231E-01  0.0000E+00  0.0000E+00
  0.3808E-01  0.9072E-03  0.2763E-02  0.6712E-04  0.0000E+00  0.0000E+00
  0.4976E-01  0.6103E-01  0.2349E-02  0.2171E-01  0.0000E+00  0.0000E+00
  0.3809E-02  0.2057E-02  0.3145E-03  0.4029E-04  0.0000E+00  0.0000E+00
  0.3828E-01  0.4429E-01  0.1946E-03  0.1237E-02  0.0000E+00  0.0000E+00
  0.1489E-01  0.7790E-01  0.2362E-01  0.4266E-01  0.0000E+00  0.4195E-05
  0.1788E-01  0.3157E+00  0.8309E-02  0.1074E-01  0.0000E+00  0.0000E+00
 Relative number of events:
  0.1250E-01  0.1700E-01  0.3000E-02  0.7500E-02  0.0000E+00  0.0000E+00
  0.5850E-01  0.7400E-01  0.3800E-01  0.4300E-01  0.0000E+00  0.0000E+00
  0.1650E-01  0.1200E-01  0.4500E-02  0.3500E-02  0.0000E+00  0.0000E+00
  0.6600E-01  0.7350E-01  0.4100E-01  0.3850E-01  0.0000E+00  0.0000E+00
  0.1550E-01  0.1500E-01  0.7000E-02  0.4000E-02  0.0000E+00  0.0000E+00
  0.1350E-01  0.1150E-01  0.3000E-02  0.6500E-02  0.0000E+00  0.0000E+00
  0.5650E-01  0.6650E-01  0.3850E-01  0.3750E-01  0.0000E+00  0.5000E-03
  0.7800E-01  0.6350E-01  0.4200E-01  0.3200E-01  0.0000E+00  0.0000E+00
 Events:
          25          34           6          15           0           0
         117         148          76          86           0           0
          33          24           9           7           0           0
         132         147          82          77           0           0
          31          30          14           8           0           0
          27          23           6          13           0           0
         113         133          77          75           0           1
         156         127          84          64           0           0
 Iteration  3   Mean: 0.6257E-12 Abs mean: 0.6257E-12   Fluctuation:  0.985E-13   0.200E-09    16.8%
  3    0.6257E-12 0.6257E-12 +- 0.9854E-13      9.96
 Relative summed weights:
  0.2737E-01  0.6592E-02  0.5586E-02  0.7941E-04  0.0000E+00  0.0000E+00
  0.2832E-01  0.2529E-01  0.4029E-01  0.4794E-01  0.0000E+00  0.0000E+00
  0.7334E-01  0.1332E-01  0.8558E-03  0.1500E-02  0.0000E+00  0.0000E+00
  0.7552E-01  0.3382E-01  0.4758E-01  0.2732E-01  0.0000E+00  0.0000E+00
  0.1015E-02  0.9980E-02  0.1347E-01  0.3196E-02  0.0000E+00  0.0000E+00
  0.2607E-01  0.5119E-01  0.8963E-02  0.8858E-04  0.0000E+00  0.0000E+00
  0.7415E-01  0.9552E-01  0.1154E-01  0.1053E-01  0.0000E+00  0.0000E+00
  0.7132E-01  0.4930E-01  0.2890E-01  0.9006E-01  0.4792E-07  0.0000E+00
 Relative number of events:
  0.1000E-01  0.1825E-01  0.4000E-02  0.4000E-02  0.0000E+00  0.0000E+00
  0.6550E-01  0.6075E-01  0.4025E-01  0.4300E-01  0.0000E+00  0.0000E+00
  0.1475E-01  0.1575E-01  0.4000E-02  0.5500E-02  0.0000E+00  0.0000E+00
  0.6600E-01  0.6600E-01  0.3775E-01  0.3825E-01  0.0000E+00  0.0000E+00
  0.1375E-01  0.1850E-01  0.5500E-02  0.6750E-02  0.0000E+00  0.0000E+00
  0.1600E-01  0.1750E-01  0.6250E-02  0.4500E-02  0.0000E+00  0.0000E+00
  0.6625E-01  0.7375E-01  0.3675E-01  0.3550E-01  0.0000E+00  0.0000E+00
  0.6200E-01  0.7050E-01  0.3850E-01  0.3400E-01  0.2500E-03  0.0000E+00
 Events:
          40          73          16          16           0           0
         262         243         161         172           0           0
          59          63          16          22           0           0
         264         264         151         153           0           0
          55          74          22          27           0           0
          64          70          25          18           0           0
         265         295         147         142           0           0
         248         282         154         136           1           0
 Accuracy:    0.153   0.100   0.141   1.184
 Found          371  events.
 Wrote           13  events.
 Actual xsec    6.2933157224733458E-013
 Correct abs xsec    6.2933157224733458E-013
 Event xsec    6.2933157224733468E-013
 Events wgts > 1:            1
 % Cross section > 1:    3.4450776193485271E-021   5.4741852646073363E-007
 Iteration  4   Mean: 0.2266E-11 Abs mean: 0.2266E-11   Fluctuation:  0.338E-12   0.114E-08    18.8%
  4    0.2266E-11 0.2266E-11 +- 0.3377E-12     13.33
 Relative summed weights:
  0.6778E-01  0.1575E-01  0.5502E-03  0.3164E-03  0.0000E+00  0.0000E+00
  0.3107E-01  0.6119E-01  0.7681E-02  0.1208E-01  0.0000E+00  0.2061E-06
  0.3900E-02  0.2037E-01  0.5409E-02  0.6050E-01  0.0000E+00  0.0000E+00
  0.6283E-01  0.5958E-01  0.8863E-02  0.4081E-01  0.0000E+00  0.0000E+00
  0.8884E-02  0.5966E-02  0.3490E-02  0.1565E-01  0.2216E-04  0.0000E+00
  0.1777E+00  0.1257E-01  0.4152E-02  0.5647E-02  0.0000E+00  0.0000E+00
  0.4228E-01  0.5123E-01  0.9728E-02  0.8140E-02  0.0000E+00  0.8360E-06
  0.4123E-01  0.1369E+00  0.8544E-02  0.9207E-02  0.0000E+00  0.0000E+00
 Relative number of events:
  0.1438E-01  0.1537E-01  0.4250E-02  0.5500E-02  0.0000E+00  0.0000E+00
  0.6463E-01  0.6788E-01  0.3687E-01  0.3725E-01  0.0000E+00  0.1250E-03
  0.1425E-01  0.1650E-01  0.4750E-02  0.4500E-02  0.0000E+00  0.0000E+00
  0.6600E-01  0.7037E-01  0.3750E-01  0.4063E-01  0.0000E+00  0.0000E+00
  0.1213E-01  0.1463E-01  0.5000E-02  0.5625E-02  0.1250E-03  0.0000E+00
  0.1425E-01  0.1663E-01  0.6000E-02  0.4500E-02  0.0000E+00  0.0000E+00
  0.6900E-01  0.6650E-01  0.3938E-01  0.3550E-01  0.0000E+00  0.2500E-03
  0.6900E-01  0.6913E-01  0.3537E-01  0.3625E-01  0.0000E+00  0.0000E+00
 Events:
         115         123          34          44           0           0
         517         543         295         298           0           1
         114         132          38          36           0           0
         528         563         300         325           0           0
          97         117          40          45           1           0
         114         133          48          36           0           0
         552         532         315         284           0           2
         552         553         283         290           0           0
 Accuracy:    0.339   0.100   0.102  11.023
 Found         1098  events.
 Wrote           18  events.
 Actual xsec    1.4026978513603545E-012
 Correct abs xsec    1.4026978513603545E-012
 Event xsec    1.4026978513603551E-012
 Events wgts > 1:            2
 % Cross section > 1:    1.1939276444967964E-014  0.85116523372364872     
 Iteration  5   Mean: 0.3243E-11 Abs mean: 0.3243E-11   Fluctuation:  0.520E-12   0.543E-08    19.3%
  5    0.3243E-11 0.3243E-11 +- 0.5195E-12     20.27
 Relative summed weights:
  0.6104E-02  0.1288E+00  0.4319E-01  0.1236E-02  0.0000E+00  0.0000E+00
  0.5207E-01  0.3542E-01  0.1094E-01  0.3646E-01  0.0000E+00  0.0000E+00
  0.8512E-01  0.2713E-01  0.7727E-02  0.3005E-02  0.0000E+00  0.0000E+00
  0.3771E-01  0.4842E-01  0.8842E-02  0.1455E-01  0.1021E-06  0.2897E-07
  0.1632E-01  0.1812E-01  0.6962E-01  0.5612E-02  0.0000E+00  0.0000E+00
  0.3897E-01  0.2023E-01  0.3614E-01  0.6075E-03  0.0000E+00  0.0000E+00
  0.2314E-01  0.3866E-01  0.1282E-01  0.9956E-02  0.1195E-05  0.1099E-04
  0.4173E-01  0.1033E+00  0.9937E-02  0.8111E-02  0.0000E+00  0.3914E-06
 Relative number of events:
  0.1319E-01  0.1381E-01  0.5188E-02  0.4375E-02  0.0000E+00  0.0000E+00
  0.6894E-01  0.6863E-01  0.3894E-01  0.3644E-01  0.0000E+00  0.0000E+00
  0.1531E-01  0.1556E-01  0.4313E-02  0.4750E-02  0.0000E+00  0.0000E+00
  0.6963E-01  0.6569E-01  0.4100E-01  0.3856E-01  0.6250E-04  0.6250E-04
  0.1456E-01  0.1369E-01  0.5188E-02  0.4687E-02  0.0000E+00  0.0000E+00
  0.1450E-01  0.1312E-01  0.4500E-02  0.4313E-02  0.0000E+00  0.0000E+00
  0.6794E-01  0.6956E-01  0.3669E-01  0.3900E-01  0.6250E-04  0.1875E-03
  0.6694E-01  0.6675E-01  0.3662E-01  0.3719E-01  0.0000E+00  0.6250E-04
 Events:
         211         221          83          70           0           0
        1103        1098         623         583           0           0
         245         249          69          76           0           0
        1114        1051         656         617           1           1
         233         219          83          75           0           0
         232         210          72          69           0           0
        1087        1113         587         624           1           3
        1071        1068         586         595           0           1
 Accuracy:    0.281   0.100   0.086  10.625
 Found         1686  events.
 Wrote            8  events.
 Actual xsec    2.0402763965480079E-012
 Correct abs xsec    2.0402763965480079E-012
 Event xsec    2.0402763965480083E-012
 Events wgts > 1:            0
 % Cross section > 1:    0.0000000000000000        0.0000000000000000     

 -------------------------------------------------------------------------------
 Accumulated results:   Integral =  0.1933E-11
                        Std dev  =  0.1666E-12
                       Cross sec =  0.1933E-11
             Chi**2 per DoF.     =     10.6254
 -------------------------------------------------------------------------------
-------------------------------------------------
---------------------------
 Results Last   3 iters: Integral =   0.2040E-11
                     Abs integral =   0.2040E-11
                          Std dev =   0.1830E-12
                  Chi**2 per DoF. =    105.9367
-------------------------------------------------
---------------------------
 Status  0.10000000000000001                6           5

ls status:
events.lhe
ftn26
input_app.txt
results.dat
run1_app.log
