 Process in group number            1
 A PDF is used, so alpha_s(MZ) is going to be modified
 Old value of alpha_s from param_card:   0.11839999999999999     
  ****************************************
 
       NNPDFDriver version 1.0.3
   Grid: NNPDF23_lo_as_0130_qed_mem0.grid
  ****************************************
 New value of alpha_s from PDF nn23lo1:  0.13000000000000000     
 Define smin to   1600.0000000000000     
 Define smin to   1600.0000000000000     
 Define smin to   1600.0000000000000     
 *****************************************************
 *               MadGraph/MadEvent                   *
 *        --------------------------------           *
 *          http://madgraph.hep.uiuc.edu             *
 *          http://madgraph.phys.ucl.ac.be           *
 *          http://madgraph.roma2.infn.it            *
 *        --------------------------------           *
 *                                                   *
 *          PARAMETER AND COUPLING VALUES            *
 *                                                   *
 *****************************************************

  External Params
  ---------------------------------
  
 mdl_VeN1 =    1.0000000000000000     
 mdl_VeN2 =    0.0000000000000000     
 mdl_VeN3 =    0.0000000000000000     
 mdl_VmuN1 =    0.0000000000000000     
 mdl_VmuN2 =    1.0000000000000000     
 mdl_VmuN3 =    0.0000000000000000     
 mdl_VtaN1 =    0.0000000000000000     
 mdl_VtaN2 =    0.0000000000000000     
 mdl_VtaN3 =    1.0000000000000000     
 mdl_VN1N1 =    1.0000000000000000     
 mdl_VN1N2 =    1.0000000000000000     
 mdl_VN1N3 =    1.0000000000000000     
 mdl_VN2N2 =    1.0000000000000000     
 mdl_VN2N3 =    1.0000000000000000     
 mdl_VN3N3 =    1.0000000000000000     
 aEWM1 =    127.90000000000001     
 mdl_Gf =    1.1663700000000000E-005
 aS =   0.11839999999999999     
 mdl_ymt =    172.00000000000000     
 mdl_vevf =    50.000000000000000     
 mdl_MZ =    91.187600000000003     
 mdl_MT =    172.00000000000000     
 mdl_MH =    125.00000000000000     
 mdl_mN1 =    1644.0000000000000     
 mdl_mN2 =    1744.0000000000000     
 mdl_mN3 =    1844.0000000000000     
 mdl_MJ =    91.187600000000003     
 mdl_MAx =    173.04800000000000     
 mdl_WZ =    2.4952000000000001     
 mdl_WW =    2.0850000000000000     
 mdl_WT =    1.5083359999999999     
 mdl_WH =    4.0699999999999998E-003
 mdl_WN1 =   0.30299999999999999     
 mdl_WN2 =    1.5000000000000000     
 mdl_WN3 =    12.300000000000001     
 mdl_WJ =    2.4952000000000001     
 mdl_WAx =    4.1700000000000001E-003
  Internal Params
  ---------------------------------
  
 mdl_vevf__exp__2 =    2500.0000000000000     
 mdl_sqrt__vevf__exp__2 =    50.000000000000000     
 mdl_muJ =    50.000000000000000     
 mdl_MZ__exp__2 =    8315.1783937600012     
 mdl_MZ__exp__4 =    69142191.720053151     
 mdl_sqrt__2 =    1.4142135623730951     
 mdl_MJ__exp__2 =    8315.1783937600012     
 mdl_muJ__exp__2 =    2500.0000000000000     
 mdl_lamJ =    4.3260713575040004     
 mdl_MH__exp__2 =    15625.000000000000     
 mdl_complexi =  (  0.0000000000000000     ,  1.0000000000000000     )
 mdl_aEW =    7.8186082877247844E-003
 mdl_MW =    79.824359746197842     
 mdl_sqrt__aEW =    8.8422894590285753E-002
 mdl_ee =   0.31345100004952897     
 mdl_MW__exp__2 =    6371.9284088904105     
 mdl_sw2 =   0.23369913342182447     
 mdl_cw =   0.87538612427783857     
 mdl_sqrt__sw2 =   0.48342438232036300     
 mdl_sw =   0.48342438232036300     
 mdl_g1 =   0.35807170271074895     
 mdl_gN =   0.64839716719502682     
 mdl_gw =   0.64839716719502682     
 mdl_vev =    246.22056907348590     
 mdl_vev__exp__2 =    60624.568634871241     
 mdl_lam =   0.12886689630821144     
 mdl_yt =   0.98791394091683138     
 mdl_muH =    88.388347648318444     
 mdl_I2a33 =  ( 0.98791394091683138     ,  0.0000000000000000     )
 mdl_I3a33 =  ( 0.98791394091683138     ,  0.0000000000000000     )
 mdl_ee__exp__2 =    9.8251529432049817E-002
 mdl_sw__exp__2 =   0.23369913342182450     
 mdl_cw__exp__2 =   0.76630086657817542     
  Internal Params evaluated point by point
  ----------------------------------------
  
 mdl_sqrt__aS =   0.34409301068170506     
 mdl_G__exp__2 =    1.4878582807401259     
  Couplings of SM_HeavyN_UFO
  ---------------------------------
  
         GC_1 =  -0.00000E+00  -0.10448E+00
         GC_2 =   0.00000E+00   0.20897E+00
         GC_3 =  -0.00000E+00  -0.31345E+00
         GC_4 =   0.00000E+00   0.31345E+00
        GC_26 =   0.00000E+00   0.45849E+00
        GC_27 =  -0.00000E+00  -0.28380E+00
        GC_28 =   0.00000E+00   0.28380E+00
        GC_30 =   0.00000E+00   0.56760E+00
        GC_35 =  -0.00000E+00  -0.28850E-01
        GC_37 =   0.00000E+00   0.17310E+00
        GC_39 =   0.00000E+00  -0.19725E+00
        GC_40 =   0.00000E+00   0.37035E+00
        GC_80 =   0.00000E+00   0.67543E+02
       GC_107 =  -0.00000E+00  -0.74070E+00
       GC_109 =  -0.00000E+00  -0.74070E+00
       GC_111 =  -0.00000E+00  -0.74070E+00
       GC_113 =  -0.00000E+00  -0.74070E+00
       GC_115 =  -0.00000E+00  -0.74070E+00
       GC_117 =  -0.00000E+00  -0.74070E+00
       GC_119 =   0.00000E+00   0.00000E+00
       GC_120 =   0.00000E+00   0.00000E+00
       GC_122 =  -0.00000E+00  -0.00000E+00
       GC_126 =   0.00000E+00   0.00000E+00
       GC_127 =   0.00000E+00   0.00000E+00
       GC_129 =  -0.00000E+00  -0.00000E+00
       GC_133 =   0.00000E+00   0.45849E+00
       GC_134 =   0.00000E+00   0.37035E+00
       GC_136 =  -0.00000E+00  -0.74892E+01
        GC_81 =   0.32880E+02   0.00000E+00
        GC_82 =   0.34880E+02   0.00000E+00
        GC_83 =   0.36880E+02   0.00000E+00

 Collider parameters:
 --------------------

 Running at P P   machine @    13000.000000000000       GeV
 PDF set = nn23lo1
 alpha_s(Mz)= 0.1300 running at 2 loops.
 alpha_s(Mz)= 0.1300 running at 2 loops.
 Renormalization scale set on event-by-event basis
 Factorization   scale set on event-by-event basis


 getting user params
Enter number of events and max and min iterations: 
 Number of events and iterations         1000           5           3
Enter desired fractional accuracy: 
 Desired fractional accuracy:   0.10000000000000001     
Enter 0 for fixed, 2 for adjustable grid: 
Suppress amplitude (0 no, 1 yes)? 
 Using suppressed amplitude.
Exact helicity sum (0 yes, n = number/event)? 
 Explicitly summing over helicities
Enter Configuration Number: 
Running Configuration Number: 1013
 Using dconfig=         719
 BW Setting            2           2           1           2           2           2           0
 Attempting mappinvarients           1           9
 Completed mapping           9
 about to integrate           19        1000           5           3          19           1
 Using non-zero grid deformation.
 19 dimensions   1000 events 19 invarients  5 iterations  1 config(s),  (0.99)
 Using h-tuple random number sequence.
 Error opening grid
 Using Uniform Grid!          36
 Using uniform alpha   1.0000000000000000     
 Grid defined OK
 Set CM energy to      13000.00
 Mapping Graph        1013  to config        1013
Setting grid   1    0.59172E-08   1
Setting grid   2    0.59172E-08   1
 Setting BW          -3           3   79.824359746197842     
Setting grid   4    0.28499E-04   1
Setting grid   5    0.15259E-03   1
Setting grid   6    0.15259E-03   1
 Transforming s_hat 1/s           18   1.7218882151154400E-004   1600.0000000000000        168999999.99999997     
1013   1   2   3   4   5   6   7   8   9  10  11  12  13  14
  15  16  17  18  19
 Masses: 0.000E+00 0.000E+00 0.000E+00 0.000E+00 0.000E+00 0.000E+00 0.000E+00 0.000E+00 0.912E+02
Using random seed offsets  1013 :      1
  with seed                   24
 Ranmar initialization seeds         743        9398
 
 ********************************************
 * You are using the DiscreteSampler module *
 *      part of the MG5_aMC framework       *
 *         Author: Valentin Hirschi         *
 ********************************************
 
  Particle       3       4       5       6       7       8       9
      Et >    10.0    10.0    10.0    10.0     0.0     0.0     0.0
       E >     0.0     0.0     0.0     0.0     0.0     0.0     0.0
     Eta <     2.5     2.5     2.5     2.5    -1.0    -1.0    -1.0
   xqcut:      0.0     0.0     0.0     0.0     0.0     0.0     0.0
d R # 3  >    -0.0     0.4     0.4     0.4     0.0     0.0     0.0
d R # 4  >    -0.0    -0.0     0.4     0.4     0.0     0.0     0.0
d R # 5  >    -0.0    -0.0    -0.0     0.4     0.0     0.0     0.0
d R # 6  >    -0.0    -0.0    -0.0    -0.0     0.0     0.0     0.0
d R # 7  >    -0.0    -0.0    -0.0    -0.0    -0.0     0.0     0.0
d R # 8  >    -0.0    -0.0    -0.0    -0.0    -0.0    -0.0     0.0
s min # 3>     0.0     0.0     0.0     0.0     0.0     0.0     0.0
s min # 4>     0.0     0.0     0.0     0.0     0.0     0.0     0.0
s min # 5>     0.0     0.0     0.0     0.0     0.0     0.0     0.0
s min # 6>     0.0     0.0     0.0     0.0     0.0     0.0     0.0
s min # 7>     0.0     0.0     0.0     0.0     0.0     0.0     0.0
s min # 8>     0.0     0.0     0.0     0.0     0.0     0.0     0.0
xqcutij # 3>     0.0     0.0     0.0     0.0     0.0     0.0     0.0
xqcutij # 4>     0.0     0.0     0.0     0.0     0.0     0.0     0.0
xqcutij # 5>     0.0     0.0     0.0     0.0     0.0     0.0     0.0
xqcutij # 6>     0.0     0.0     0.0     0.0     0.0     0.0     0.0
xqcutij # 7>     0.0     0.0     0.0     0.0     0.0     0.0     0.0
xqcutij # 8>     0.0     0.0     0.0     0.0     0.0     0.0     0.0
 Excluding BW           -1           1
 Excluding BW           -2           2
 Requiring BW           -3           3
 Excluding BW           -4           4
 Excluding BW           -5           5
 Excluding BW           -6           6
 alpha_s for scale    194.24260695171557       is   0.11546894692178955     
 Added good helicity            1   2.1484155094122248       in event            1 local:           1
 Added good helicity           21   9.0244132376002089       in event            1 local:           1
 Added good helicity           25  0.17785097912899370       in event            1 local:           1
 Added good helicity           37   6.0482365361465770E-002  in event            1 local:           1
 Added good helicity           41   3.3812855175570466       in event            1 local:           1
 Added good helicity           61   10.569337294689181       in event            1 local:           1
 Added good helicity          193   149.44158998286591       in event            1 local:           1
 Added good helicity          213   28.200544158495589       in event            1 local:           1
 Added good helicity          217  0.11964705997741822       in event            1 local:           1
 Added good helicity          229   3.1729767539192877       in event            1 local:           1
 Added good helicity          233   48.547795177147961       in event            1 local:           1
 Added good helicity          253   1.1556619638447096       in event            1 local:           1
 Added good helicity            1   2.1484155094122004       in event            1 local:           1
 Added good helicity           21   9.0244132376002177       in event            1 local:           1
 Added good helicity           25  0.17785097912899286       in event            1 local:           1
 Added good helicity           37   6.0482365361465687E-002  in event            1 local:           1
 Added good helicity           41   3.3812855175570413       in event            1 local:           1
 Added good helicity           61   10.569337294689182       in event            1 local:           1
 Added good helicity          193   149.44158998286622       in event            1 local:           1
 Added good helicity          213   28.200544158495600       in event            1 local:           1
 Added good helicity          217  0.11964705997741787       in event            1 local:           1
 Added good helicity          229   3.1729767539192859       in event            1 local:           1
 Added good helicity          233   48.547795177147684       in event            1 local:           1
 Added good helicity          253   1.1556619638447201       in event            1 local:           1
 RESET CUMULATIVE VARIABLE
 RESET CUMULATIVE VARIABLE
 RESET CUMULATIVE VARIABLE
 Iteration  1   Mean: 0.1707E-18 Abs mean: 0.1707E-18   Fluctuation:  0.133E-18   0.132E-15     2.3%
  1    0.1707E-18 0.1707E-18 +- 0.1330E-18     24.64
 Writing out events   1.4638110000557410E-021   24.644693713822427     
 Relative summed weights:
  0.0000E+00  0.0000E+00  0.0000E+00  0.0000E+00  0.0000E+00  0.0000E+00
  0.5968E-03  0.1127E+00  0.1507E-02  0.3663E-03  0.2565E-04  0.1939E-15
  0.0000E+00  0.0000E+00  0.0000E+00  0.0000E+00  0.0000E+00  0.0000E+00
  0.5209E-03  0.6881E-01  0.8371E-02  0.1531E-02  0.2412E-05  0.1675E-03
  0.0000E+00  0.0000E+00  0.0000E+00  0.0000E+00  0.0000E+00  0.0000E+00
  0.3185E-02  0.1082E-01  0.1035E-02  0.8251E-04  0.3374E-05  0.9403E-04
  0.0000E+00  0.0000E+00  0.0000E+00  0.0000E+00  0.0000E+00  0.0000E+00
  0.7669E+00  0.3151E-03  0.4784E-03  0.6924E-02  0.4072E-05  0.3838E-06
  0.3877E-04  0.1162E-02  0.7568E-02  0.1566E-04  0.0000E+00  0.0000E+00
  0.0000E+00  0.0000E+00  0.0000E+00  0.0000E+00  0.0000E+00  0.0000E+00
  0.9208E-03  0.3785E-04  0.3536E-03  0.8261E-04  0.1910E-04  0.2603E-14
  0.0000E+00  0.0000E+00  0.0000E+00  0.0000E+00  0.0000E+00  0.0000E+00
  0.9967E-04  0.5466E-04  0.7523E-03  0.1362E-04  0.2467E-04  0.6455E-13
  0.0000E+00  0.0000E+00  0.0000E+00  0.0000E+00  0.0000E+00  0.0000E+00
  0.5958E-04  0.2653E-03  0.2508E-03  0.3827E-02  0.6417E-05  0.1981E-08
  0.0000E+00  0.0000E+00  0.0000E+00  0.0000E+00  0.0000E+00  0.0000E+00
 Relative number of events:
  0.0000E+00  0.0000E+00  0.0000E+00  0.0000E+00  0.0000E+00  0.0000E+00
  0.2279E-01  0.2279E-01  0.6938E-01  0.6145E-01  0.7929E-02  0.9911E-03
  0.0000E+00  0.0000E+00  0.0000E+00  0.0000E+00  0.0000E+00  0.0000E+00
  0.1388E-01  0.1982E-01  0.6739E-01  0.6244E-01  0.1288E-01  0.6938E-02
  0.0000E+00  0.0000E+00  0.0000E+00  0.0000E+00  0.0000E+00  0.0000E+00
  0.2379E-01  0.2577E-01  0.6838E-01  0.5649E-01  0.4955E-02  0.2973E-02
  0.0000E+00  0.0000E+00  0.0000E+00  0.0000E+00  0.0000E+00  0.0000E+00
  0.1784E-01  0.1487E-01  0.6838E-01  0.7136E-01  0.1982E-02  0.4955E-02
  0.8920E-02  0.1388E-01  0.1685E-01  0.1784E-01  0.0000E+00  0.0000E+00
  0.0000E+00  0.0000E+00  0.0000E+00  0.0000E+00  0.0000E+00  0.0000E+00
  0.1090E-01  0.1487E-01  0.1388E-01  0.2180E-01  0.9911E-03  0.9911E-03
  0.0000E+00  0.0000E+00  0.0000E+00  0.0000E+00  0.0000E+00  0.0000E+00
  0.1189E-01  0.1090E-01  0.2478E-01  0.1388E-01  0.2973E-02  0.9911E-03
  0.0000E+00  0.0000E+00  0.0000E+00  0.0000E+00  0.0000E+00  0.0000E+00
  0.2081E-01  0.1388E-01  0.1685E-01  0.2973E-01  0.9911E-03  0.9911E-03
  0.0000E+00  0.0000E+00  0.0000E+00  0.0000E+00  0.0000E+00  0.0000E+00
 Events:
           0           0           0           0           0           0
          23          23          70          62           8           1
           0           0           0           0           0           0
          14          20          68          63          13           7
           0           0           0           0           0           0
          24          26          69          57           5           3
           0           0           0           0           0           0
          18          15          69          72           2           5
           9          14          17          18           0           0
           0           0           0           0           0           0
          11          15          14          22           1           1
           0           0           0           0           0           0
          12          11          25          14           3           1
           0           0           0           0           0           0
          21          14          17          30           1           1
           0           0           0           0           0           0
 Iteration  2   Mean: 0.8605E-19 Abs mean: 0.8605E-19   Fluctuation:  0.408E-19   0.781E-16    11.7%
  2    0.8605E-19 0.8605E-19 +- 0.4075E-19     21.18
 Relative summed weights:
  0.0000E+00  0.0000E+00  0.0000E+00  0.0000E+00  0.0000E+00  0.0000E+00
  0.6283E-01  0.1763E-02  0.2364E-01  0.6929E-02  0.2503E-05  0.4789E-08
  0.0000E+00  0.0000E+00  0.0000E+00  0.0000E+00  0.0000E+00  0.0000E+00
  0.1679E-01  0.7013E-01  0.5686E-01  0.3136E-01  0.1566E-03  0.7414E-06
  0.0000E+00  0.0000E+00  0.0000E+00  0.0000E+00  0.0000E+00  0.0000E+00
  0.1868E-02  0.7704E-04  0.8434E-01  0.3040E-01  0.1322E-05  0.1600E-04
  0.0000E+00  0.0000E+00  0.0000E+00  0.0000E+00  0.0000E+00  0.0000E+00
  0.4810E+00  0.2680E-02  0.4104E-01  0.5077E-02  0.6725E-04  0.6400E-07
  0.2633E-01  0.3659E-02  0.2650E-03  0.2728E-03  0.0000E+00  0.1386E-10
  0.0000E+00  0.0000E+00  0.0000E+00  0.0000E+00  0.0000E+00  0.0000E+00
  0.4439E-03  0.3909E-02  0.1768E-02  0.5144E-04  0.0000E+00  0.0000E+00
  0.0000E+00  0.0000E+00  0.0000E+00  0.0000E+00  0.0000E+00  0.0000E+00
  0.1132E-01  0.8299E-03  0.5282E-02  0.2311E-02  0.1994E-03  0.0000E+00
  0.0000E+00  0.0000E+00  0.0000E+00  0.0000E+00  0.0000E+00  0.0000E+00
  0.5527E-02  0.5370E-02  0.6398E-03  0.1477E-01  0.1558E-04  0.0000E+00
  0.0000E+00  0.0000E+00  0.0000E+00  0.0000E+00  0.0000E+00  0.0000E+00
 Relative number of events:
  0.0000E+00  0.0000E+00  0.0000E+00  0.0000E+00  0.0000E+00  0.0000E+00
  0.2450E-01  0.2050E-01  0.7150E-01  0.6450E-01  0.3000E-02  0.1500E-02
  0.0000E+00  0.0000E+00  0.0000E+00  0.0000E+00  0.0000E+00  0.0000E+00
  0.2450E-01  0.2050E-01  0.6100E-01  0.7550E-01  0.4500E-02  0.2000E-02
  0.0000E+00  0.0000E+00  0.0000E+00  0.0000E+00  0.0000E+00  0.0000E+00
  0.2250E-01  0.2100E-01  0.7100E-01  0.6200E-01  0.1000E-02  0.5000E-02
  0.0000E+00  0.0000E+00  0.0000E+00  0.0000E+00  0.0000E+00  0.0000E+00
  0.2350E-01  0.2600E-01  0.6400E-01  0.6400E-01  0.2000E-02  0.4000E-02
  0.1650E-01  0.1450E-01  0.1600E-01  0.2000E-01  0.0000E+00  0.1000E-02
  0.0000E+00  0.0000E+00  0.0000E+00  0.0000E+00  0.0000E+00  0.0000E+00
  0.1650E-01  0.1550E-01  0.1700E-01  0.1200E-01  0.0000E+00  0.0000E+00
  0.0000E+00  0.0000E+00  0.0000E+00  0.0000E+00  0.0000E+00  0.0000E+00
  0.1450E-01  0.1550E-01  0.1750E-01  0.2000E-01  0.5000E-03  0.0000E+00
  0.0000E+00  0.0000E+00  0.0000E+00  0.0000E+00  0.0000E+00  0.0000E+00
  0.1400E-01  0.1550E-01  0.1800E-01  0.1550E-01  0.5000E-03  0.0000E+00
  0.0000E+00  0.0000E+00  0.0000E+00  0.0000E+00  0.0000E+00  0.0000E+00
 Events:
           0           0           0           0           0           0
          49          41         143         129           6           3
           0           0           0           0           0           0
          49          41         122         151           9           4
           0           0           0           0           0           0
          45          42         142         124           2          10
           0           0           0           0           0           0
          47          52         128         128           4           8
          33          29          32          40           0           2
           0           0           0           0           0           0
          33          31          34          24           0           0
           0           0           0           0           0           0
          29          31          35          40           1           0
           0           0           0           0           0           0
          28          31          36          31           1           0
           0           0           0           0           0           0
 Iteration  3   Mean: 0.2366E-18 Abs mean: 0.2366E-18   Fluctuation:  0.842E-19   0.233E-15    14.4%
  3    0.2366E-18 0.2366E-18 +- 0.8417E-19     22.50
 Relative summed weights:
  0.0000E+00  0.0000E+00  0.0000E+00  0.0000E+00  0.0000E+00  0.0000E+00
  0.4125E-02  0.1746E-01  0.4014E-01  0.6036E-01  0.8352E-05  0.2065E-04
  0.0000E+00  0.0000E+00  0.0000E+00  0.0000E+00  0.0000E+00  0.0000E+00
  0.8617E-02  0.4294E-02  0.1291E-01  0.8300E-02  0.1357E-02  0.1898E-02
  0.0000E+00  0.0000E+00  0.0000E+00  0.0000E+00  0.0000E+00  0.0000E+00
  0.6357E-02  0.2507E+00  0.2058E-01  0.5374E-02  0.3718E-05  0.3704E-04
  0.0000E+00  0.0000E+00  0.0000E+00  0.0000E+00  0.0000E+00  0.0000E+00
  0.4035E-01  0.2593E-02  0.6952E-01  0.8577E-02  0.1358E-03  0.1243E-03
  0.6423E-02  0.1956E-02  0.1639E-01  0.2409E-02  0.0000E+00  0.0000E+00
  0.0000E+00  0.0000E+00  0.0000E+00  0.0000E+00  0.0000E+00  0.0000E+00
  0.1094E-02  0.5711E-01  0.2386E+00  0.1077E-01  0.0000E+00  0.1708E-07
  0.0000E+00  0.0000E+00  0.0000E+00  0.0000E+00  0.0000E+00  0.0000E+00
  0.2023E-02  0.5683E-03  0.2707E-01  0.2093E-02  0.0000E+00  0.1291E-04
  0.0000E+00  0.0000E+00  0.0000E+00  0.0000E+00  0.0000E+00  0.0000E+00
  0.1840E-01  0.7645E-03  0.4160E-01  0.8843E-02  0.0000E+00  0.7745E-06
  0.0000E+00  0.0000E+00  0.0000E+00  0.0000E+00  0.0000E+00  0.0000E+00
 Relative number of events:
  0.0000E+00  0.0000E+00  0.0000E+00  0.0000E+00  0.0000E+00  0.0000E+00
  0.2100E-01  0.2600E-01  0.6925E-01  0.6725E-01  0.2250E-02  0.1750E-02
  0.0000E+00  0.0000E+00  0.0000E+00  0.0000E+00  0.0000E+00  0.0000E+00
  0.2350E-01  0.2275E-01  0.6400E-01  0.6300E-01  0.4000E-02  0.2500E-02
  0.0000E+00  0.0000E+00  0.0000E+00  0.0000E+00  0.0000E+00  0.0000E+00
  0.2875E-01  0.2575E-01  0.6500E-01  0.6550E-01  0.2250E-02  0.2000E-02
  0.0000E+00  0.0000E+00  0.0000E+00  0.0000E+00  0.0000E+00  0.0000E+00
  0.2750E-01  0.2450E-01  0.6375E-01  0.6625E-01  0.1500E-02  0.2000E-02
  0.1525E-01  0.1425E-01  0.1425E-01  0.1700E-01  0.0000E+00  0.0000E+00
  0.0000E+00  0.0000E+00  0.0000E+00  0.0000E+00  0.0000E+00  0.0000E+00
  0.1525E-01  0.1875E-01  0.1625E-01  0.1900E-01  0.0000E+00  0.2500E-03
  0.0000E+00  0.0000E+00  0.0000E+00  0.0000E+00  0.0000E+00  0.0000E+00
  0.1325E-01  0.1200E-01  0.1525E-01  0.1850E-01  0.0000E+00  0.7500E-03
  0.0000E+00  0.0000E+00  0.0000E+00  0.0000E+00  0.0000E+00  0.0000E+00
  0.1600E-01  0.1600E-01  0.1825E-01  0.1750E-01  0.0000E+00  0.2500E-03
  0.0000E+00  0.0000E+00  0.0000E+00  0.0000E+00  0.0000E+00  0.0000E+00
 Events:
           0           0           0           0           0           0
          84         104         277         269           9           7
           0           0           0           0           0           0
          94          91         256         252          16          10
           0           0           0           0           0           0
         115         103         260         262           9           8
           0           0           0           0           0           0
         110          98         255         265           6           8
          61          57          57          68           0           0
           0           0           0           0           0           0
          61          75          65          76           0           1
           0           0           0           0           0           0
          53          48          61          74           0           3
           0           0           0           0           0           0
          64          64          73          70           0           1
           0           0           0           0           0           0
 Accuracy:    0.266   0.100   0.267   0.989
 Found          334  events.
 Wrote            5  events.
 Actual xsec    1.8090754279882713E-019
 Correct abs xsec    1.8090754279882713E-019
 Event xsec    1.8090754279882713E-019
 Events wgts > 1:            1
 % Cross section > 1:    3.9113904796519784E-027   2.1620936413920146E-006
 Iteration  4   Mean: 0.4255E-18 Abs mean: 0.4255E-18   Fluctuation:  0.141E-18   0.104E-14    16.0%
  4    0.4255E-18 0.4255E-18 +- 0.1409E-18     29.61
 Relative summed weights:
  0.0000E+00  0.0000E+00  0.0000E+00  0.0000E+00  0.0000E+00  0.0000E+00
  0.1547E-01  0.7135E-02  0.3882E-01  0.2744E-01  0.8333E-03  0.2033E-02
  0.0000E+00  0.0000E+00  0.0000E+00  0.0000E+00  0.0000E+00  0.0000E+00
  0.7274E-02  0.1034E-01  0.1287E-01  0.1407E-01  0.1180E-02  0.5640E-04
  0.0000E+00  0.0000E+00  0.0000E+00  0.0000E+00  0.0000E+00  0.0000E+00
  0.8462E-02  0.1208E-01  0.9818E-02  0.6881E-01  0.4197E-03  0.9137E-05
  0.0000E+00  0.0000E+00  0.0000E+00  0.0000E+00  0.0000E+00  0.0000E+00
  0.5154E-02  0.2377E-01  0.9547E-02  0.4363E-01  0.1504E-04  0.1787E-04
  0.9196E-02  0.9623E-02  0.4689E-01  0.2995E-01  0.2778E-05  0.3053E+00
  0.0000E+00  0.0000E+00  0.0000E+00  0.0000E+00  0.0000E+00  0.0000E+00
  0.3146E-01  0.7218E-01  0.1489E-01  0.1244E-01  0.8533E-07  0.8462E-07
  0.0000E+00  0.0000E+00  0.0000E+00  0.0000E+00  0.0000E+00  0.0000E+00
  0.4769E-01  0.4006E-01  0.8748E-02  0.2113E-01  0.4842E-07  0.7966E-10
  0.0000E+00  0.0000E+00  0.0000E+00  0.0000E+00  0.0000E+00  0.0000E+00
  0.1434E-01  0.5033E-02  0.3493E-02  0.8262E-02  0.1895E-05  0.3294E-05
  0.0000E+00  0.0000E+00  0.0000E+00  0.0000E+00  0.0000E+00  0.0000E+00
 Relative number of events:
  0.0000E+00  0.0000E+00  0.0000E+00  0.0000E+00  0.0000E+00  0.0000E+00
  0.2725E-01  0.2625E-01  0.7200E-01  0.6713E-01  0.3125E-02  0.1875E-02
  0.0000E+00  0.0000E+00  0.0000E+00  0.0000E+00  0.0000E+00  0.0000E+00
  0.2550E-01  0.2312E-01  0.6313E-01  0.6150E-01  0.3125E-02  0.1250E-02
  0.0000E+00  0.0000E+00  0.0000E+00  0.0000E+00  0.0000E+00  0.0000E+00
  0.2312E-01  0.2400E-01  0.5937E-01  0.6025E-01  0.2250E-02  0.1250E-02
  0.0000E+00  0.0000E+00  0.0000E+00  0.0000E+00  0.0000E+00  0.0000E+00
  0.2525E-01  0.2838E-01  0.6825E-01  0.6225E-01  0.2000E-02  0.1625E-02
  0.1500E-01  0.1375E-01  0.1800E-01  0.2000E-01  0.2500E-03  0.6250E-03
  0.0000E+00  0.0000E+00  0.0000E+00  0.0000E+00  0.0000E+00  0.0000E+00
  0.1613E-01  0.1450E-01  0.1787E-01  0.1625E-01  0.2500E-03  0.3750E-03
  0.0000E+00  0.0000E+00  0.0000E+00  0.0000E+00  0.0000E+00  0.0000E+00
  0.1525E-01  0.1787E-01  0.1738E-01  0.1713E-01  0.3750E-03  0.1250E-03
  0.0000E+00  0.0000E+00  0.0000E+00  0.0000E+00  0.0000E+00  0.0000E+00
  0.1562E-01  0.1463E-01  0.1750E-01  0.1688E-01  0.2500E-03  0.7500E-03
  0.0000E+00  0.0000E+00  0.0000E+00  0.0000E+00  0.0000E+00  0.0000E+00
 Events:
           0           0           0           0           0           0
         218         210         576         537          25          15
           0           0           0           0           0           0
         204         185         505         492          25          10
           0           0           0           0           0           0
         185         192         475         482          18          10
           0           0           0           0           0           0
         202         227         546         498          16          13
         120         110         144         160           2           5
           0           0           0           0           0           0
         129         116         143         130           2           3
           0           0           0           0           0           0
         122         143         139         137           3           1
           0           0           0           0           0           0
         125         117         140         135           2           6
           0           0           0           0           0           0
 Accuracy:    0.272   0.100   0.208   1.712
 Found          596  events.
 Wrote            3  events.
 Actual xsec    2.8557613075141321E-019
 Correct abs xsec    2.8557613075141321E-019
 Event xsec    2.8557613075141321E-019
 Events wgts > 1:            0
 % Cross section > 1:    0.0000000000000000        0.0000000000000000     
 Iteration  5   Mean: 0.9500E-18 Abs mean: 0.9500E-18   Fluctuation:  0.270E-18   0.281E-14    16.9%
  5    0.9500E-18 0.9500E-18 +- 0.2700E-18     35.95
 Relative summed weights:
  0.0000E+00  0.0000E+00  0.0000E+00  0.0000E+00  0.0000E+00  0.0000E+00
  0.3476E-02  0.1021E-01  0.1334E-01  0.1605E-01  0.7249E-04  0.7424E-04
  0.0000E+00  0.0000E+00  0.0000E+00  0.0000E+00  0.0000E+00  0.0000E+00
  0.1142E-01  0.5912E-02  0.1360E-01  0.8020E-02  0.1925E-04  0.3477E-04
  0.0000E+00  0.0000E+00  0.0000E+00  0.0000E+00  0.0000E+00  0.0000E+00
  0.7161E-02  0.4410E-01  0.1854E+00  0.1452E-01  0.1262E-02  0.1153E-03
  0.0000E+00  0.0000E+00  0.0000E+00  0.0000E+00  0.0000E+00  0.0000E+00
  0.6335E-01  0.4064E-02  0.1460E-01  0.2916E-01  0.5717E-04  0.3143E-04
  0.7983E-02  0.8497E-02  0.6773E-02  0.7429E-02  0.7534E-06  0.2122E-06
  0.0000E+00  0.0000E+00  0.0000E+00  0.0000E+00  0.0000E+00  0.0000E+00
  0.7806E-01  0.9863E-01  0.7017E-02  0.5115E-02  0.4479E-02  0.2556E-03
  0.0000E+00  0.0000E+00  0.0000E+00  0.0000E+00  0.0000E+00  0.0000E+00
  0.3994E-01  0.7573E-02  0.1837E-01  0.1897E+00  0.1937E-03  0.8664E-08
  0.0000E+00  0.0000E+00  0.0000E+00  0.0000E+00  0.0000E+00  0.0000E+00
  0.7520E-02  0.7077E-02  0.4233E-01  0.1243E-01  0.4577E-02  0.6962E-05
  0.0000E+00  0.0000E+00  0.0000E+00  0.0000E+00  0.0000E+00  0.0000E+00
 Relative number of events:
  0.0000E+00  0.0000E+00  0.0000E+00  0.0000E+00  0.0000E+00  0.0000E+00
  0.2569E-01  0.2556E-01  0.6644E-01  0.6431E-01  0.1750E-02  0.2250E-02
  0.0000E+00  0.0000E+00  0.0000E+00  0.0000E+00  0.0000E+00  0.0000E+00
  0.2712E-01  0.2569E-01  0.6563E-01  0.6606E-01  0.1625E-02  0.1875E-02
  0.0000E+00  0.0000E+00  0.0000E+00  0.0000E+00  0.0000E+00  0.0000E+00
  0.2669E-01  0.2444E-01  0.6463E-01  0.6288E-01  0.2063E-02  0.2437E-02
  0.0000E+00  0.0000E+00  0.0000E+00  0.0000E+00  0.0000E+00  0.0000E+00
  0.2450E-01  0.2769E-01  0.6425E-01  0.6513E-01  0.1687E-02  0.1937E-02
  0.1344E-01  0.1519E-01  0.1581E-01  0.1819E-01  0.2500E-03  0.1875E-03
  0.0000E+00  0.0000E+00  0.0000E+00  0.0000E+00  0.0000E+00  0.0000E+00
  0.1663E-01  0.1613E-01  0.1762E-01  0.1781E-01  0.3750E-03  0.1875E-03
  0.0000E+00  0.0000E+00  0.0000E+00  0.0000E+00  0.0000E+00  0.0000E+00
  0.1512E-01  0.1481E-01  0.1775E-01  0.1581E-01  0.3125E-03  0.6250E-04
  0.0000E+00  0.0000E+00  0.0000E+00  0.0000E+00  0.0000E+00  0.0000E+00
  0.1381E-01  0.1306E-01  0.1713E-01  0.1731E-01  0.4375E-03  0.2500E-03
  0.0000E+00  0.0000E+00  0.0000E+00  0.0000E+00  0.0000E+00  0.0000E+00
 Events:
           0           0           0           0           0           0
         411         409        1063        1029          28          36
           0           0           0           0           0           0
         434         411        1050        1057          26          30
           0           0           0           0           0           0
         427         391        1034        1006          33          39
           0           0           0           0           0           0
         392         443        1028        1042          27          31
         215         243         253         291           4           3
           0           0           0           0           0           0
         266         258         282         285           6           3
           0           0           0           0           0           0
         242         237         284         253           5           1
           0           0           0           0           0           0
         221         209         274         277           7           4
           0           0           0           0           0           0
 Accuracy:    0.330   0.100   0.168   3.857
 Found         1282  events.
 Wrote            5  events.
 Actual xsec    5.9559646290782640E-019
 Correct abs xsec    5.9559646290782640E-019
 Event xsec    5.9559646290782630E-019
 Events wgts > 1:            1
 % Cross section > 1:    6.3327452139630145E-021   1.0632610514584371     

 -------------------------------------------------------------------------------
 Accumulated results:   Integral =  0.5119E-18
                        Std dev  =  0.8591E-19
                       Cross sec =  0.5119E-18
             Chi**2 per DoF.     =      3.8572
 -------------------------------------------------------------------------------
-------------------------------------------------
---------------------------
 Results Last   3 iters: Integral =   0.5956E-18
                     Abs integral =   0.5956E-18
                          Std dev =   0.1098E-18
                  Chi**2 per DoF. =     10.6877
-------------------------------------------------
---------------------------
 Status  0.10000000000000001                6           5

ls status:
events.lhe
ftn26
input_app.txt
results.dat
run1_app.log
