 Process in group number            1
 A PDF is used, so alpha_s(MZ) is going to be modified
 Old value of alpha_s from param_card:   0.11839999999999999     
  ****************************************
 
       NNPDFDriver version 1.0.3
   Grid: NNPDF23_lo_as_0130_qed_mem0.grid
  ****************************************
 New value of alpha_s from PDF nn23lo1:  0.13000000000000000     
 Define smin to   1600.0000000000000     
 Define smin to   1600.0000000000000     
 Define smin to   1600.0000000000000     
 *****************************************************
 *               MadGraph/MadEvent                   *
 *        --------------------------------           *
 *          http://madgraph.hep.uiuc.edu             *
 *          http://madgraph.phys.ucl.ac.be           *
 *          http://madgraph.roma2.infn.it            *
 *        --------------------------------           *
 *                                                   *
 *          PARAMETER AND COUPLING VALUES            *
 *                                                   *
 *****************************************************

  External Params
  ---------------------------------
  
 mdl_VeN1 =    1.0000000000000000     
 mdl_VeN2 =    0.0000000000000000     
 mdl_VeN3 =    0.0000000000000000     
 mdl_VmuN1 =    0.0000000000000000     
 mdl_VmuN2 =    1.0000000000000000     
 mdl_VmuN3 =    0.0000000000000000     
 mdl_VtaN1 =    0.0000000000000000     
 mdl_VtaN2 =    0.0000000000000000     
 mdl_VtaN3 =    1.0000000000000000     
 mdl_VN1N1 =    1.0000000000000000     
 mdl_VN1N2 =    1.0000000000000000     
 mdl_VN1N3 =    1.0000000000000000     
 mdl_VN2N2 =    1.0000000000000000     
 mdl_VN2N3 =    1.0000000000000000     
 mdl_VN3N3 =    1.0000000000000000     
 aEWM1 =    127.90000000000001     
 mdl_Gf =    1.1663700000000000E-005
 aS =   0.11839999999999999     
 mdl_ymt =    172.00000000000000     
 mdl_vevf =    50.000000000000000     
 mdl_MZ =    91.187600000000003     
 mdl_MT =    172.00000000000000     
 mdl_MH =    125.00000000000000     
 mdl_mN1 =    1644.0000000000000     
 mdl_mN2 =    1744.0000000000000     
 mdl_mN3 =    1844.0000000000000     
 mdl_MJ =    91.187600000000003     
 mdl_MAx =    173.04800000000000     
 mdl_WZ =    2.4952000000000001     
 mdl_WW =    2.0850000000000000     
 mdl_WT =    1.5083359999999999     
 mdl_WH =    4.0699999999999998E-003
 mdl_WN1 =   0.30299999999999999     
 mdl_WN2 =    1.5000000000000000     
 mdl_WN3 =    12.300000000000001     
 mdl_WJ =    2.4952000000000001     
 mdl_WAx =    4.1700000000000001E-003
  Internal Params
  ---------------------------------
  
 mdl_vevf__exp__2 =    2500.0000000000000     
 mdl_sqrt__vevf__exp__2 =    50.000000000000000     
 mdl_muJ =    50.000000000000000     
 mdl_MZ__exp__2 =    8315.1783937600012     
 mdl_MZ__exp__4 =    69142191.720053151     
 mdl_sqrt__2 =    1.4142135623730951     
 mdl_MJ__exp__2 =    8315.1783937600012     
 mdl_muJ__exp__2 =    2500.0000000000000     
 mdl_lamJ =    4.3260713575040004     
 mdl_MH__exp__2 =    15625.000000000000     
 mdl_complexi =  (  0.0000000000000000     ,  1.0000000000000000     )
 mdl_aEW =    7.8186082877247844E-003
 mdl_MW =    79.824359746197842     
 mdl_sqrt__aEW =    8.8422894590285753E-002
 mdl_ee =   0.31345100004952897     
 mdl_MW__exp__2 =    6371.9284088904105     
 mdl_sw2 =   0.23369913342182447     
 mdl_cw =   0.87538612427783857     
 mdl_sqrt__sw2 =   0.48342438232036300     
 mdl_sw =   0.48342438232036300     
 mdl_g1 =   0.35807170271074895     
 mdl_gN =   0.64839716719502682     
 mdl_gw =   0.64839716719502682     
 mdl_vev =    246.22056907348590     
 mdl_vev__exp__2 =    60624.568634871241     
 mdl_lam =   0.12886689630821144     
 mdl_yt =   0.98791394091683138     
 mdl_muH =    88.388347648318444     
 mdl_I2a33 =  ( 0.98791394091683138     ,  0.0000000000000000     )
 mdl_I3a33 =  ( 0.98791394091683138     ,  0.0000000000000000     )
 mdl_ee__exp__2 =    9.8251529432049817E-002
 mdl_sw__exp__2 =   0.23369913342182450     
 mdl_cw__exp__2 =   0.76630086657817542     
  Internal Params evaluated point by point
  ----------------------------------------
  
 mdl_sqrt__aS =   0.34409301068170506     
 mdl_G__exp__2 =    1.4878582807401259     
  Couplings of SM_HeavyN_UFO
  ---------------------------------
  
         GC_1 =  -0.00000E+00  -0.10448E+00
         GC_2 =   0.00000E+00   0.20897E+00
         GC_3 =  -0.00000E+00  -0.31345E+00
         GC_4 =   0.00000E+00   0.31345E+00
        GC_26 =   0.00000E+00   0.45849E+00
        GC_27 =  -0.00000E+00  -0.28380E+00
        GC_28 =   0.00000E+00   0.28380E+00
        GC_30 =   0.00000E+00   0.56760E+00
        GC_35 =  -0.00000E+00  -0.28850E-01
        GC_37 =   0.00000E+00   0.17310E+00
        GC_39 =   0.00000E+00  -0.19725E+00
        GC_40 =   0.00000E+00   0.37035E+00
        GC_80 =   0.00000E+00   0.67543E+02
       GC_107 =  -0.00000E+00  -0.74070E+00
       GC_109 =  -0.00000E+00  -0.74070E+00
       GC_111 =  -0.00000E+00  -0.74070E+00
       GC_113 =  -0.00000E+00  -0.74070E+00
       GC_115 =  -0.00000E+00  -0.74070E+00
       GC_117 =  -0.00000E+00  -0.74070E+00
       GC_119 =   0.00000E+00   0.00000E+00
       GC_120 =   0.00000E+00   0.00000E+00
       GC_122 =  -0.00000E+00  -0.00000E+00
       GC_126 =   0.00000E+00   0.00000E+00
       GC_127 =   0.00000E+00   0.00000E+00
       GC_129 =  -0.00000E+00  -0.00000E+00
       GC_133 =   0.00000E+00   0.45849E+00
       GC_134 =   0.00000E+00   0.37035E+00
       GC_136 =  -0.00000E+00  -0.74892E+01
        GC_81 =   0.32880E+02   0.00000E+00
        GC_82 =   0.34880E+02   0.00000E+00
        GC_83 =   0.36880E+02   0.00000E+00

 Collider parameters:
 --------------------

 Running at P P   machine @    13000.000000000000       GeV
 PDF set = nn23lo1
 alpha_s(Mz)= 0.1300 running at 2 loops.
 alpha_s(Mz)= 0.1300 running at 2 loops.
 Renormalization scale set on event-by-event basis
 Factorization   scale set on event-by-event basis


 getting user params
Enter number of events and max and min iterations: 
 Number of events and iterations         1000           5           3
Enter desired fractional accuracy: 
 Desired fractional accuracy:   0.10000000000000001     
Enter 0 for fixed, 2 for adjustable grid: 
Suppress amplitude (0 no, 1 yes)? 
 Using suppressed amplitude.
Exact helicity sum (0 yes, n = number/event)? 
 Explicitly summing over helicities
Enter Configuration Number: 
Running Configuration Number:  372
 Using dconfig=         203
 BW Setting            2           1           1           1           2           0           0
 Attempting mappinvarients           1           9
 Completed mapping           9
 about to integrate           19        1000           5           3          19           1
 Using non-zero grid deformation.
 19 dimensions   1000 events 19 invarients  5 iterations  1 config(s),  (0.99)
 Using h-tuple random number sequence.
 Error opening grid
 Using Uniform Grid!          36
 Using uniform alpha   1.0000000000000000     
 Grid defined OK
 Set CM energy to      13000.00
 Mapping Graph         372  to config         372
Setting grid   1    0.59172E-08   1
 Setting BW          -2           2   1844.0000000000000     
 Setting BW          -3           3   1844.0000000000000     
 Setting BW          -4           4   91.187600000000003     
Setting grid   5    0.36660E-04   1
Setting grid   6    0.22555E-01   1
 Transforming s_hat 1/s           18   2.2555400213968287E-002   1600.0000000000000        168999999.99999997     
 372   1   2   3   4   5   6   7   8   9  10  11  12  13  14
  15  16  17  18  19
 Masses: 0.000E+00 0.000E+00 0.000E+00 0.000E+00 0.000E+00 0.000E+00 0.000E+00 0.000E+00 0.912E+02
Using random seed offsets   372 :      1
  with seed                   24
 Ranmar initialization seeds         102        9398
 
 ********************************************
 * You are using the DiscreteSampler module *
 *      part of the MG5_aMC framework       *
 *         Author: Valentin Hirschi         *
 ********************************************
 
  Particle       3       4       5       6       7       8       9
      Et >    10.0    10.0    10.0    10.0     0.0     0.0     0.0
       E >     0.0     0.0     0.0     0.0     0.0     0.0     0.0
     Eta <     2.5     2.5     2.5     2.5    -1.0    -1.0    -1.0
   xqcut:      0.0     0.0     0.0     0.0     0.0     0.0     0.0
d R # 3  >    -0.0     0.4     0.4     0.4     0.0     0.0     0.0
d R # 4  >    -0.0    -0.0     0.4     0.4     0.0     0.0     0.0
d R # 5  >    -0.0    -0.0    -0.0     0.4     0.0     0.0     0.0
d R # 6  >    -0.0    -0.0    -0.0    -0.0     0.0     0.0     0.0
d R # 7  >    -0.0    -0.0    -0.0    -0.0    -0.0     0.0     0.0
d R # 8  >    -0.0    -0.0    -0.0    -0.0    -0.0    -0.0     0.0
s min # 3>     0.0     0.0     0.0     0.0     0.0     0.0     0.0
s min # 4>     0.0     0.0     0.0     0.0     0.0     0.0     0.0
s min # 5>     0.0     0.0     0.0     0.0     0.0     0.0     0.0
s min # 6>     0.0     0.0     0.0     0.0     0.0     0.0     0.0
s min # 7>     0.0     0.0     0.0     0.0     0.0     0.0     0.0
s min # 8>     0.0     0.0     0.0     0.0     0.0     0.0     0.0
xqcutij # 3>     0.0     0.0     0.0     0.0     0.0     0.0     0.0
xqcutij # 4>     0.0     0.0     0.0     0.0     0.0     0.0     0.0
xqcutij # 5>     0.0     0.0     0.0     0.0     0.0     0.0     0.0
xqcutij # 6>     0.0     0.0     0.0     0.0     0.0     0.0     0.0
xqcutij # 7>     0.0     0.0     0.0     0.0     0.0     0.0     0.0
xqcutij # 8>     0.0     0.0     0.0     0.0     0.0     0.0     0.0
 Excluding BW           -1           1
 Requiring BW           -2           2
 Requiring BW           -3           3
 Requiring BW           -4           4
 Excluding BW           -6           5
 alpha_s for scale    2109.7565629353230       is    8.5569575267031794E-002
 Added good helicity            1   7.1404759698975244       in event            1 local:           1
 Added good helicity           21   8.0869130017496646E-008  in event            1 local:           1
 Added good helicity           41   103.99446922830852       in event            1 local:           1
 Added good helicity          193   132.75140558002443       in event            1 local:           1
 Added good helicity          213   3.9038282369536011E-007  in event            1 local:           1
 Added good helicity          217   4.6417320256345470E-008  in event            1 local:           1
 Added good helicity          233   12.113648679427495       in event            1 local:           1
 Added good helicity            1   7.1404759698976070       in event            1 local:           1
 Added good helicity           21   8.0869130017050154E-008  in event            1 local:           1
 Added good helicity           41   103.99446922830927       in event            1 local:           1
 Added good helicity          193   132.75140558002369       in event            1 local:           1
 Added good helicity          213   3.9038282369604673E-007  in event            1 local:           1
 Added good helicity          217   4.6417320256345350E-008  in event            1 local:           1
 Added good helicity          233   12.113648679427357       in event            1 local:           1
 Added good helicity          229   2.5053800654982374E-008  in event            2 local:           1
 Added good helicity          253   3.9651094099909997E-008  in event            2 local:           1
 Added good helicity          229   2.5053800654985570E-008  in event            2 local:           1
 Added good helicity          253   3.9651094099732034E-008  in event            2 local:           1
 Added good helicity           25   5.0538411258745401E-007  in event            4 local:           2
 Added good helicity           37   1.3770780884758186E-008  in event            4 local:           2
 Added good helicity           61   5.4537284588106349E-008  in event            4 local:           2
 Added good helicity           25   5.0538411258749954E-007  in event            4 local:           2
 Added good helicity           37   1.3770780884770636E-008  in event            4 local:           2
 Added good helicity           61   5.4537284588092545E-008  in event            4 local:           2
 RESET CUMULATIVE VARIABLE
 RESET CUMULATIVE VARIABLE
 RESET CUMULATIVE VARIABLE
 Iteration  1   Mean: 0.9111E-14 Abs mean: 0.9111E-14   Fluctuation:  0.463E-14   0.242E-11     0.3%
  1    0.9111E-14 0.9111E-14 +- 0.4630E-14     12.49
 Writing out events   3.6443364112173859E-016   12.489929197895961     
 Relative summed weights:
  0.4340E+00  0.4049E-03  0.1811E-02  0.7841E-06  0.0000E+00  0.0000E+00
  0.4904E-01  0.4533E-03  0.2382E-01  0.1142E-01  0.0000E+00  0.0000E+00
  0.4386E-05  0.1927E-03  0.3054E-04  0.5452E-03  0.0000E+00  0.0000E+00
  0.1172E-01  0.8474E-02  0.9213E-03  0.1507E-01  0.0000E+00  0.0000E+00
  0.1922E-02  0.3893E-03  0.1862E-02  0.8003E-03  0.0000E+00  0.0000E+00
  0.6477E-03  0.8809E-01  0.1862E-04  0.1925E-02  0.0000E+00  0.0000E+00
  0.7977E-02  0.4009E-02  0.4478E-01  0.2234E+00  0.0000E+00  0.0000E+00
  0.4222E-02  0.9643E-02  0.2414E-03  0.5217E-01  0.0000E+00  0.0000E+00
 Relative number of events:
  0.9788E-02  0.1305E-01  0.6525E-02  0.3263E-02  0.0000E+00  0.0000E+00
  0.3752E-01  0.4894E-01  0.7178E-01  0.5057E-01  0.0000E+00  0.0000E+00
  0.4894E-02  0.9788E-02  0.6525E-02  0.1468E-01  0.0000E+00  0.0000E+00
  0.5873E-01  0.5546E-01  0.6688E-01  0.7178E-01  0.0000E+00  0.0000E+00
  0.4894E-02  0.1305E-01  0.1631E-01  0.3263E-02  0.0000E+00  0.0000E+00
  0.1794E-01  0.1305E-01  0.1305E-01  0.4894E-02  0.0000E+00  0.0000E+00
  0.4568E-01  0.5220E-01  0.5873E-01  0.5057E-01  0.0000E+00  0.0000E+00
  0.2936E-01  0.4405E-01  0.4241E-01  0.6036E-01  0.0000E+00  0.0000E+00
 Events:
           6           8           4           2           0           0
          23          30          44          31           0           0
           3           6           4           9           0           0
          36          34          41          44           0           0
           3           8          10           2           0           0
          11           8           8           3           0           0
          28          32          36          31           0           0
          18          27          26          37           0           0
 Iteration  2   Mean: 0.2476E-12 Abs mean: 0.2476E-12   Fluctuation:  0.230E-12   0.460E-09    22.9%
  2    0.2476E-12 0.2476E-12 +- 0.2305E-12     41.62
 Relative summed weights:
  0.2734E-05  0.2571E-03  0.4279E-04  0.5691E-04  0.0000E+00  0.1399E-10
  0.4525E-03  0.1193E-02  0.5897E-02  0.6063E-03  0.6504E-10  0.0000E+00
  0.9925E-03  0.3260E-03  0.2527E-04  0.6273E-05  0.0000E+00  0.0000E+00
  0.1841E-03  0.7536E-04  0.4749E-03  0.7463E-04  0.3688E-06  0.0000E+00
  0.1403E-03  0.4325E-03  0.2615E-05  0.4047E-04  0.0000E+00  0.0000E+00
  0.8700E-04  0.4887E-03  0.8948E-04  0.4439E-05  0.0000E+00  0.0000E+00
  0.2497E-03  0.3931E-01  0.1159E-03  0.5644E-03  0.9766E-11  0.4746E-10
  0.1790E-02  0.4477E-03  0.9385E+00  0.7073E-02  0.0000E+00  0.0000E+00
 Relative number of events:
  0.7000E-02  0.6500E-02  0.6500E-02  0.8500E-02  0.0000E+00  0.5000E-03
  0.4950E-01  0.4050E-01  0.6100E-01  0.6450E-01  0.5000E-03  0.0000E+00
  0.9000E-02  0.8500E-02  0.8500E-02  0.5000E-02  0.0000E+00  0.0000E+00
  0.5000E-01  0.4350E-01  0.6100E-01  0.5600E-01  0.1000E-02  0.0000E+00
  0.5500E-02  0.1000E-01  0.7000E-02  0.7500E-02  0.0000E+00  0.0000E+00
  0.1050E-01  0.8500E-02  0.6000E-02  0.6500E-02  0.0000E+00  0.0000E+00
  0.5000E-01  0.4350E-01  0.5550E-01  0.6550E-01  0.5000E-03  0.5000E-03
  0.6000E-01  0.4950E-01  0.6150E-01  0.6450E-01  0.0000E+00  0.0000E+00
 Events:
          14          13          13          17           0           1
          99          81         122         129           1           0
          18          17          17          10           0           0
         100          87         122         112           2           0
          11          20          14          15           0           0
          21          17          12          13           0           0
         100          87         111         131           1           1
         120          99         123         129           0           0
 Iteration  3   Mean: 0.3964E-14 Abs mean: 0.3964E-14   Fluctuation:  0.128E-14   0.315E-11    55.9%
  3    0.3964E-14 0.3964E-14 +- 0.1283E-14     20.47
 Relative summed weights:
  0.4821E-04  0.2777E-03  0.3269E-03  0.8172E-06  0.0000E+00  0.1050E-08
  0.5260E-02  0.2882E-01  0.1359E-02  0.1501E-01  0.0000E+00  0.2348E-06
  0.2865E-01  0.3719E-03  0.3786E-03  0.1039E-02  0.0000E+00  0.0000E+00
  0.3639E-02  0.1197E-01  0.1047E-01  0.2009E+00  0.0000E+00  0.3880E-08
  0.1171E+00  0.9643E-03  0.9897E-05  0.2813E-01  0.0000E+00  0.0000E+00
  0.5575E-01  0.1337E-02  0.6746E-02  0.3036E-01  0.0000E+00  0.0000E+00
  0.6848E-02  0.2699E-01  0.6079E-01  0.3151E+00  0.1308E-05  0.1664E-06
  0.1130E-01  0.2778E-02  0.2390E-01  0.3419E-02  0.5692E-07  0.3577E-05
 Relative number of events:
  0.7750E-02  0.8000E-02  0.5750E-02  0.5000E-02  0.0000E+00  0.5000E-03
  0.5100E-01  0.4850E-01  0.6425E-01  0.6500E-01  0.0000E+00  0.7500E-03
  0.7500E-02  0.8000E-02  0.5500E-02  0.7500E-02  0.0000E+00  0.0000E+00
  0.5050E-01  0.5350E-01  0.6125E-01  0.6100E-01  0.0000E+00  0.5000E-03
  0.8000E-02  0.1050E-01  0.7750E-02  0.7250E-02  0.0000E+00  0.0000E+00
  0.7250E-02  0.7500E-02  0.5250E-02  0.8250E-02  0.0000E+00  0.0000E+00
  0.5150E-01  0.5050E-01  0.5525E-01  0.6025E-01  0.1250E-02  0.7500E-03
  0.4325E-01  0.4650E-01  0.5975E-01  0.5550E-01  0.1000E-02  0.1000E-02
 Events:
          31          32          23          20           0           2
         204         194         257         260           0           3
          30          32          22          30           0           0
         202         214         245         244           0           2
          32          42          31          29           0           0
          29          30          21          33           0           0
         206         202         221         241           5           3
         173         186         239         222           4           4
 Accuracy:    1.879   0.100   0.262  51.437
 Found           13  events.
 Wrote            5  events.
 Actual xsec    2.4635795897712940E-014
 Correct abs xsec    2.4635795897712940E-014
 Event xsec    2.4635795897712940E-014
 Events wgts > 1:            1
 % Cross section > 1:    1.7542767793203367E-016  0.71208447520999096     
 Iteration  4   Mean: 0.2020E-13 Abs mean: 0.2020E-13   Fluctuation:  0.127E-13   0.101E-09    62.8%
  4    0.2020E-13 0.2020E-13 +- 0.1271E-13     56.25
 Relative summed weights:
  0.4955E-03  0.2537E-02  0.2761E-02  0.9335E-02  0.0000E+00  0.0000E+00
  0.6018E-02  0.6330E+00  0.4543E-01  0.1662E-01  0.2529E-07  0.0000E+00
  0.4570E-02  0.8015E-02  0.5789E-03  0.4283E-03  0.0000E+00  0.0000E+00
  0.1233E-01  0.1466E-01  0.5357E-02  0.7480E-01  0.1668E-05  0.6030E-05
  0.2080E-03  0.5508E-02  0.1654E-02  0.2525E-02  0.2072E-12  0.1143E-06
  0.1325E-03  0.2703E-03  0.6016E-03  0.2964E-01  0.0000E+00  0.0000E+00
  0.1136E-01  0.2908E-02  0.1269E-01  0.1655E-01  0.7502E-07  0.9126E-04
  0.5032E-01  0.1084E-01  0.1051E-01  0.7200E-02  0.2680E-04  0.3173E-04
 Relative number of events:
  0.8000E-02  0.8875E-02  0.7500E-02  0.6875E-02  0.0000E+00  0.0000E+00
  0.4925E-01  0.4850E-01  0.5763E-01  0.5862E-01  0.1250E-03  0.0000E+00
  0.8125E-02  0.9375E-02  0.5875E-02  0.6250E-02  0.0000E+00  0.0000E+00
  0.4863E-01  0.5038E-01  0.6087E-01  0.5825E-01  0.5000E-03  0.2500E-03
  0.9875E-02  0.9500E-02  0.7000E-02  0.6250E-02  0.1250E-03  0.1250E-03
  0.1038E-01  0.7750E-02  0.6500E-02  0.8500E-02  0.0000E+00  0.0000E+00
  0.4950E-01  0.4963E-01  0.6025E-01  0.5975E-01  0.3750E-03  0.2500E-03
  0.4662E-01  0.5450E-01  0.5738E-01  0.6100E-01  0.3750E-03  0.5000E-03
 Events:
          64          71          60          55           0           0
         394         388         461         469           1           0
          65          75          47          50           0           0
         389         403         487         466           4           2
          79          76          56          50           1           1
          83          62          52          68           0           0
         396         397         482         478           3           2
         373         436         459         488           3           4
 Accuracy:    1.455   0.100   0.242  36.215
 Found          256  events.
 Wrote            1  events.
 Actual xsec    2.8331775501015636E-014
 Correct abs xsec    2.8331775501015636E-014
 Event xsec    2.8331775501015636E-014
 Events wgts > 1:            1
 % Cross section > 1:    2.8422313809115219E-021   1.0031956454016212E-005
 Iteration  5   Mean: 0.3782E-13 Abs mean: 0.3782E-13   Fluctuation:  0.220E-13   0.336E-09    63.7%
  5    0.3782E-13 0.3782E-13 +- 0.2196E-13     73.43
 Relative summed weights:
  0.2011E-02  0.5327E-03  0.6055E-03  0.5807E-04  0.3987E-10  0.0000E+00
  0.1252E-01  0.5974E-02  0.1376E+00  0.3115E-02  0.7806E-05  0.5947E-06
  0.1971E-02  0.1361E-02  0.6973E-03  0.1439E-02  0.0000E+00  0.0000E+00
  0.6957E-02  0.3412E-02  0.3907E-02  0.1241E-01  0.5569E-08  0.5246E-06
  0.6328E+00  0.6999E-03  0.2994E-03  0.6956E-03  0.0000E+00  0.2335E-11
  0.2584E-02  0.2224E-02  0.2453E-03  0.3384E-03  0.0000E+00  0.0000E+00
  0.9135E-02  0.1073E-01  0.8115E-01  0.5877E-02  0.4159E-04  0.3680E-04
  0.1005E-01  0.2253E-02  0.8304E-02  0.3791E-01  0.1215E-06  0.8997E-05
 Relative number of events:
  0.9375E-02  0.8438E-02  0.6812E-02  0.6875E-02  0.6250E-04  0.0000E+00
  0.5137E-01  0.4788E-01  0.6081E-01  0.5644E-01  0.2500E-03  0.5625E-03
  0.9000E-02  0.8875E-02  0.6188E-02  0.7625E-02  0.0000E+00  0.0000E+00
  0.5169E-01  0.5144E-01  0.5544E-01  0.6087E-01  0.2500E-03  0.5625E-03
  0.9500E-02  0.9687E-02  0.6625E-02  0.6500E-02  0.0000E+00  0.6250E-04
  0.8438E-02  0.9250E-02  0.8125E-02  0.7875E-02  0.0000E+00  0.0000E+00
  0.4881E-01  0.4769E-01  0.5969E-01  0.6056E-01  0.6875E-03  0.8125E-03
  0.5019E-01  0.4863E-01  0.5881E-01  0.5656E-01  0.3125E-03  0.3750E-03
 Events:
         150         135         109         110           1           0
         822         766         973         903           4           9
         144         142          99         122           0           0
         827         823         887         974           4           9
         152         155         106         104           0           1
         135         148         130         126           0           0
         781         763         955         969          11          13
         803         778         941         905           5           6
 Accuracy:    1.076   0.100   0.223  23.237
 Found          279  events.
 Wrote            1  events.
 Actual xsec    1.3372311219698640E-014
 Correct abs xsec    1.3372311219698640E-014
 Event xsec    1.3372311219698639E-014
 Events wgts > 1:            1
 % Cross section > 1:    2.3869045488206594E-021   1.7849603629509687E-005

 -------------------------------------------------------------------------------
 Accumulated results:   Integral =  0.2603E-13
                        Std dev  =  0.5810E-14
                       Cross sec =  0.2603E-13
             Chi**2 per DoF.     =     23.2366
 -------------------------------------------------------------------------------
-------------------------------------------------
---------------------------
 Results Last   3 iters: Integral =   0.1337E-13
                     Abs integral =   0.1337E-13
                          Std dev =   0.3448E-14
                  Chi**2 per DoF. =     27.6530
-------------------------------------------------
---------------------------
 Status  0.10000000000000001                6           5

ls status:
events.lhe
ftn26
input_app.txt
results.dat
run1_app.log
