 Process in group number            1
 A PDF is used, so alpha_s(MZ) is going to be modified
 Old value of alpha_s from param_card:   0.11839999999999999     
  ****************************************
 
       NNPDFDriver version 1.0.3
   Grid: NNPDF23_lo_as_0130_qed_mem0.grid
  ****************************************
 New value of alpha_s from PDF nn23lo1:  0.13000000000000000     
 Define smin to   1600.0000000000000     
 Define smin to   1600.0000000000000     
 Define smin to   1600.0000000000000     
 *****************************************************
 *               MadGraph/MadEvent                   *
 *        --------------------------------           *
 *          http://madgraph.hep.uiuc.edu             *
 *          http://madgraph.phys.ucl.ac.be           *
 *          http://madgraph.roma2.infn.it            *
 *        --------------------------------           *
 *                                                   *
 *          PARAMETER AND COUPLING VALUES            *
 *                                                   *
 *****************************************************

  External Params
  ---------------------------------
  
 mdl_VeN1 =    1.0000000000000000     
 mdl_VeN2 =    0.0000000000000000     
 mdl_VeN3 =    0.0000000000000000     
 mdl_VmuN1 =    0.0000000000000000     
 mdl_VmuN2 =    1.0000000000000000     
 mdl_VmuN3 =    0.0000000000000000     
 mdl_VtaN1 =    0.0000000000000000     
 mdl_VtaN2 =    0.0000000000000000     
 mdl_VtaN3 =    1.0000000000000000     
 mdl_VN1N1 =    1.0000000000000000     
 mdl_VN1N2 =    1.0000000000000000     
 mdl_VN1N3 =    1.0000000000000000     
 mdl_VN2N2 =    1.0000000000000000     
 mdl_VN2N3 =    1.0000000000000000     
 mdl_VN3N3 =    1.0000000000000000     
 aEWM1 =    127.90000000000001     
 mdl_Gf =    1.1663700000000000E-005
 aS =   0.11839999999999999     
 mdl_ymt =    172.00000000000000     
 mdl_vevf =    50.000000000000000     
 mdl_MZ =    91.187600000000003     
 mdl_MT =    172.00000000000000     
 mdl_MH =    125.00000000000000     
 mdl_mN1 =    2000.0000000000000     
 mdl_mN2 =    2100.0000000000000     
 mdl_mN3 =    2200.0000000000000     
 mdl_MJ =    91.187600000000003     
 mdl_MAx =    173.04800000000000     
 mdl_WZ =    2.4952000000000001     
 mdl_WW =    2.0850000000000000     
 mdl_WT =    1.5083359999999999     
 mdl_WH =    4.0699999999999998E-003
 mdl_WN1 =   0.30299999999999999     
 mdl_WN2 =    1.5000000000000000     
 mdl_WN3 =    12.300000000000001     
 mdl_WJ =    2.4952000000000001     
 mdl_WAx =    4.1700000000000001E-003
  Internal Params
  ---------------------------------
  
 mdl_vevf__exp__2 =    2500.0000000000000     
 mdl_sqrt__vevf__exp__2 =    50.000000000000000     
 mdl_muJ =    50.000000000000000     
 mdl_MZ__exp__2 =    8315.1783937600012     
 mdl_MZ__exp__4 =    69142191.720053151     
 mdl_sqrt__2 =    1.4142135623730951     
 mdl_MJ__exp__2 =    8315.1783937600012     
 mdl_muJ__exp__2 =    2500.0000000000000     
 mdl_lamJ =    4.3260713575040004     
 mdl_MH__exp__2 =    15625.000000000000     
 mdl_complexi =  (  0.0000000000000000     ,  1.0000000000000000     )
 mdl_aEW =    7.8186082877247844E-003
 mdl_MW =    79.824359746197842     
 mdl_sqrt__aEW =    8.8422894590285753E-002
 mdl_ee =   0.31345100004952897     
 mdl_MW__exp__2 =    6371.9284088904105     
 mdl_sw2 =   0.23369913342182447     
 mdl_cw =   0.87538612427783857     
 mdl_sqrt__sw2 =   0.48342438232036300     
 mdl_sw =   0.48342438232036300     
 mdl_g1 =   0.35807170271074895     
 mdl_gN =   0.64839716719502682     
 mdl_gw =   0.64839716719502682     
 mdl_vev =    246.22056907348590     
 mdl_vev__exp__2 =    60624.568634871241     
 mdl_lam =   0.12886689630821144     
 mdl_yt =   0.98791394091683138     
 mdl_muH =    88.388347648318444     
 mdl_I2a33 =  ( 0.98791394091683138     ,  0.0000000000000000     )
 mdl_I3a33 =  ( 0.98791394091683138     ,  0.0000000000000000     )
 mdl_ee__exp__2 =    9.8251529432049817E-002
 mdl_sw__exp__2 =   0.23369913342182450     
 mdl_cw__exp__2 =   0.76630086657817542     
  Internal Params evaluated point by point
  ----------------------------------------
  
 mdl_sqrt__aS =   0.34409301068170506     
 mdl_G__exp__2 =    1.4878582807401259     
  Couplings of SM_HeavyN_UFO
  ---------------------------------
  
         GC_1 =  -0.00000E+00  -0.10448E+00
         GC_2 =   0.00000E+00   0.20897E+00
         GC_3 =  -0.00000E+00  -0.31345E+00
         GC_4 =   0.00000E+00   0.31345E+00
        GC_26 =   0.00000E+00   0.45849E+00
        GC_27 =  -0.00000E+00  -0.28380E+00
        GC_28 =   0.00000E+00   0.28380E+00
        GC_30 =   0.00000E+00   0.56760E+00
        GC_35 =  -0.00000E+00  -0.28850E-01
        GC_37 =   0.00000E+00   0.17310E+00
        GC_39 =   0.00000E+00  -0.19725E+00
        GC_40 =   0.00000E+00   0.37035E+00
        GC_80 =   0.00000E+00   0.67543E+02
       GC_107 =  -0.00000E+00  -0.74070E+00
       GC_109 =  -0.00000E+00  -0.74070E+00
       GC_111 =  -0.00000E+00  -0.74070E+00
       GC_113 =  -0.00000E+00  -0.74070E+00
       GC_115 =  -0.00000E+00  -0.74070E+00
       GC_117 =  -0.00000E+00  -0.74070E+00
       GC_119 =   0.00000E+00   0.00000E+00
       GC_120 =   0.00000E+00   0.00000E+00
       GC_122 =  -0.00000E+00  -0.00000E+00
       GC_126 =   0.00000E+00   0.00000E+00
       GC_127 =   0.00000E+00   0.00000E+00
       GC_129 =  -0.00000E+00  -0.00000E+00
       GC_133 =   0.00000E+00   0.45849E+00
       GC_134 =   0.00000E+00   0.37035E+00
       GC_136 =  -0.00000E+00  -0.89351E+01
        GC_81 =   0.40000E+02   0.00000E+00
        GC_82 =   0.42000E+02   0.00000E+00
        GC_83 =   0.44000E+02   0.00000E+00

 Collider parameters:
 --------------------

 Running at P P   machine @    13000.000000000000       GeV
 PDF set = nn23lo1
 alpha_s(Mz)= 0.1300 running at 2 loops.
 alpha_s(Mz)= 0.1300 running at 2 loops.
 Renormalization scale set on event-by-event basis
 Factorization   scale set on event-by-event basis


 getting user params
Enter number of events and max and min iterations: 
 Number of events and iterations         1000           5           3
Enter desired fractional accuracy: 
 Desired fractional accuracy:   0.10000000000000001     
Enter 0 for fixed, 2 for adjustable grid: 
Suppress amplitude (0 no, 1 yes)? 
 Using suppressed amplitude.
Exact helicity sum (0 yes, n = number/event)? 
 Explicitly summing over helicities
Enter Configuration Number: 
Running Configuration Number:  372
 Using dconfig=         229
 BW Setting            1           1           1           2           2           0           0
 Attempting mappinvarients           1           9
 Completed mapping           9
 about to integrate           19        1000           5           3          19           1
 Using non-zero grid deformation.
 19 dimensions   1000 events 19 invarients  5 iterations  1 config(s),  (0.99)
 Using h-tuple random number sequence.
 Error opening grid
 Using Uniform Grid!          36
 Using uniform alpha   1.0000000000000000     
 Grid defined OK
 Set CM energy to      13000.00
 Mapping Graph         372  to config         372
 Setting BW          -1           1   79.824359746197842     
 Setting BW          -2           2   2200.0000000000000     
 Setting BW          -3           3   2200.0000000000000     
Setting grid   4    0.75740E-07   1
Setting grid   5    0.75740E-07   1
Setting grid   6    0.29512E-01   1
 Transforming s_hat 1/s           18   2.9947303536057766E-002   1600.0000000000000        168999999.99999997     
 372   1   2   3   4   5   6   7   8   9  10  11  12  13  14
  15  16  17  18  19
 Masses: 0.000E+00 0.000E+00 0.000E+00 0.000E+00 0.000E+00 0.000E+00 0.000E+00 0.000E+00 0.912E+02
Using random seed offsets   372 :      1
  with seed                   24
 Ranmar initialization seeds         102        9398
 
 ********************************************
 * You are using the DiscreteSampler module *
 *      part of the MG5_aMC framework       *
 *         Author: Valentin Hirschi         *
 ********************************************
 
  Particle       3       4       5       6       7       8       9
      Et >    10.0    10.0    10.0    10.0     0.0     0.0     0.0
       E >     0.0     0.0     0.0     0.0     0.0     0.0     0.0
     Eta <     2.5     2.5     2.5     2.5    -1.0    -1.0    -1.0
   xqcut:      0.0     0.0     0.0     0.0     0.0     0.0     0.0
d R # 3  >    -0.0     0.4     0.4     0.4     0.0     0.0     0.0
d R # 4  >    -0.0    -0.0     0.4     0.4     0.0     0.0     0.0
d R # 5  >    -0.0    -0.0    -0.0     0.4     0.0     0.0     0.0
d R # 6  >    -0.0    -0.0    -0.0    -0.0     0.0     0.0     0.0
d R # 7  >    -0.0    -0.0    -0.0    -0.0    -0.0     0.0     0.0
d R # 8  >    -0.0    -0.0    -0.0    -0.0    -0.0    -0.0     0.0
s min # 3>     0.0     0.0     0.0     0.0     0.0     0.0     0.0
s min # 4>     0.0     0.0     0.0     0.0     0.0     0.0     0.0
s min # 5>     0.0     0.0     0.0     0.0     0.0     0.0     0.0
s min # 6>     0.0     0.0     0.0     0.0     0.0     0.0     0.0
s min # 7>     0.0     0.0     0.0     0.0     0.0     0.0     0.0
s min # 8>     0.0     0.0     0.0     0.0     0.0     0.0     0.0
xqcutij # 3>     0.0     0.0     0.0     0.0     0.0     0.0     0.0
xqcutij # 4>     0.0     0.0     0.0     0.0     0.0     0.0     0.0
xqcutij # 5>     0.0     0.0     0.0     0.0     0.0     0.0     0.0
xqcutij # 6>     0.0     0.0     0.0     0.0     0.0     0.0     0.0
xqcutij # 7>     0.0     0.0     0.0     0.0     0.0     0.0     0.0
xqcutij # 8>     0.0     0.0     0.0     0.0     0.0     0.0     0.0
 Requiring BW           -1           1
 Requiring BW           -2           2
 Requiring BW           -3           3
 Excluding BW           -4           4
 Excluding BW           -6           5
 alpha_s for scale    1706.5816000052023       is    8.7576193643189248E-002
 Added good helicity            1   105.88177758069939       in event            1 local:           1
 Added good helicity           37   8.8690155054641049E-005  in event            1 local:           1
 Added good helicity           41   1.9183745285186421E-003  in event            1 local:           1
 Added good helicity          193   149.40626781056514       in event            1 local:           1
 Added good helicity          229   4.6675339353557621E-005  in event            1 local:           1
 Added good helicity          233  0.70990086639597105       in event            1 local:           1
 Added good helicity            1   105.88177758032926       in event            1 local:           1
 Added good helicity           37   8.8690155054948867E-005  in event            1 local:           1
 Added good helicity           41   1.9183745285250714E-003  in event            1 local:           1
 Added good helicity          193   149.40626781093255       in event            1 local:           1
 Added good helicity          229   4.6675339353738967E-005  in event            1 local:           1
 Added good helicity          233  0.70990086639864447       in event            1 local:           1
 Added good helicity           25   4.9189450176907666E-007  in event            4 local:           2
 Added good helicity          217   4.5307523320729933E-004  in event            4 local:           2
 Added good helicity           25   4.9189450177128011E-007  in event            4 local:           2
 Added good helicity          217   4.5307523320753303E-004  in event            4 local:           2
 Added good helicity           21   4.9189450176907814E-007  in event           10 local:           4
 Added good helicity          213   4.5307523320730069E-004  in event           10 local:           4
 Added good helicity           21   4.9189450177127852E-007  in event           10 local:           4
 Added good helicity          213   4.5307523320753151E-004  in event           10 local:           4
 RESET CUMULATIVE VARIABLE
 RESET CUMULATIVE VARIABLE
 RESET CUMULATIVE VARIABLE
 Iteration  1   Mean: 0.5134E-15 Abs mean: 0.5134E-15   Fluctuation:  0.201E-15   0.687E-13     0.2%
  1    0.5134E-15 0.5134E-15 +- 0.2013E-15      8.21
 Writing out events   2.0534364804423229E-017   8.2050150866189906     
 Relative summed weights:
  0.1921E-04  0.3469E-02  0.1208E-02  0.3282E-04  0.0000E+00  0.0000E+00
  0.1806E+00  0.3880E-01  0.3786E-01  0.2947E-01  0.0000E+00  0.0000E+00
  0.4093E-03  0.1228E-03  0.6869E-03  0.3452E-04  0.0000E+00  0.9897E-05
  0.1794E-01  0.1247E-02  0.1421E-01  0.4616E-01  0.6142E-05  0.0000E+00
  0.1412E-01  0.3198E-01  0.4401E-06  0.2309E-02  0.0000E+00  0.2770E-02
  0.1507E-03  0.6283E-01  0.1061E-04  0.7851E-05  0.0000E+00  0.0000E+00
  0.8073E-03  0.1870E-02  0.1382E-01  0.9441E-03  0.0000E+00  0.3689E-03
  0.2972E+00  0.1670E-01  0.1072E+00  0.7473E-01  0.0000E+00  0.1941E-07
 Relative number of events:
  0.1119E-01  0.1566E-01  0.8949E-02  0.6711E-02  0.0000E+00  0.0000E+00
  0.5145E-01  0.4922E-01  0.3132E-01  0.5593E-01  0.0000E+00  0.0000E+00
  0.2013E-01  0.1566E-01  0.6711E-02  0.1342E-01  0.0000E+00  0.2237E-02
  0.6711E-01  0.4474E-01  0.4251E-01  0.6264E-01  0.2237E-02  0.0000E+00
  0.1342E-01  0.1566E-01  0.4474E-02  0.4474E-02  0.0000E+00  0.2237E-02
  0.1119E-01  0.2013E-01  0.1342E-01  0.4474E-02  0.0000E+00  0.0000E+00
  0.3803E-01  0.3132E-01  0.6711E-01  0.3803E-01  0.0000E+00  0.4474E-02
  0.6711E-01  0.4922E-01  0.4251E-01  0.6264E-01  0.0000E+00  0.2237E-02
 Events:
           5           7           4           3           0           0
          23          22          14          25           0           0
           9           7           3           6           0           1
          30          20          19          28           1           0
           6           7           2           2           0           1
           5           9           6           2           0           0
          17          14          30          17           0           2
          30          22          19          28           0           1
 Iteration  2   Mean: 0.2142E-13 Abs mean: 0.2142E-13   Fluctuation:  0.160E-13   0.317E-10    18.5%
  2    0.2142E-13 0.2142E-13 +- 0.1602E-13     33.44
 Relative summed weights:
  0.2224E-03  0.2795E-03  0.1030E-03  0.3224E-01  0.0000E+00  0.2557E-07
  0.1771E-02  0.2045E-02  0.1983E-01  0.2830E-02  0.1506E-07  0.2645E-04
  0.4205E-04  0.2412E-03  0.1104E-03  0.7977E-05  0.6532E-07  0.3481E-08
  0.9429E-03  0.4005E-02  0.1384E-01  0.1536E-01  0.5233E-05  0.0000E+00
  0.4363E-03  0.5369E-02  0.1297E-03  0.4121E-04  0.0000E+00  0.2166E-07
  0.5740E-03  0.1102E-02  0.1954E-01  0.7398E+00  0.0000E+00  0.5779E-05
  0.2541E-02  0.1298E-02  0.1031E+00  0.4846E-02  0.1064E-05  0.1554E-08
  0.1778E-02  0.7925E-02  0.1707E-01  0.5809E-03  0.8473E-07  0.1227E-06
 Relative number of events:
  0.1500E-01  0.1850E-01  0.5500E-02  0.8500E-02  0.0000E+00  0.5000E-03
  0.5250E-01  0.5050E-01  0.3850E-01  0.5150E-01  0.5000E-03  0.1500E-02
  0.1150E-01  0.9500E-02  0.5000E-02  0.6000E-02  0.5000E-03  0.5000E-03
  0.5300E-01  0.5150E-01  0.5000E-01  0.4600E-01  0.1500E-02  0.0000E+00
  0.2000E-01  0.1450E-01  0.6500E-02  0.4500E-02  0.0000E+00  0.5000E-03
  0.1700E-01  0.1750E-01  0.6000E-02  0.7000E-02  0.0000E+00  0.1000E-02
  0.6750E-01  0.5100E-01  0.4300E-01  0.4400E-01  0.1000E-02  0.1000E-02
  0.5600E-01  0.6200E-01  0.4900E-01  0.5100E-01  0.1500E-02  0.5000E-03
 Events:
          30          37          11          17           0           1
         105         101          77         103           1           3
          23          19          10          12           1           1
         106         103         100          92           3           0
          40          29          13           9           0           1
          34          35          12          14           0           2
         135         102          86          88           2           2
         112         124          98         102           3           1
 Iteration  3   Mean: 0.2884E-14 Abs mean: 0.2884E-14   Fluctuation:  0.158E-14   0.578E-11    48.8%
  3    0.2884E-14 0.2884E-14 +- 0.1579E-14     34.64
 Relative summed weights:
  0.1906E-03  0.9812E-02  0.2614E-04  0.5044E+00  0.0000E+00  0.0000E+00
  0.6651E-02  0.1237E-01  0.2744E-01  0.6581E-02  0.1063E-09  0.3519E-07
  0.2486E-03  0.5280E-03  0.6674E-04  0.2612E-03  0.0000E+00  0.0000E+00
  0.7939E-02  0.1807E-02  0.1104E+00  0.2069E-02  0.1049E-08  0.2221E-06
  0.2052E-02  0.1125E-02  0.2746E-03  0.2497E-03  0.7976E-07  0.2700E-03
  0.9649E-03  0.3337E-02  0.5292E-03  0.1080E-03  0.1489E-07  0.0000E+00
  0.5945E-02  0.7996E-02  0.1997E+00  0.7328E-02  0.5496E-08  0.7421E-06
  0.5613E-01  0.1063E-02  0.5657E-02  0.1579E-01  0.7100E-03  0.1777E-09
 Relative number of events:
  0.1250E-01  0.1600E-01  0.5250E-02  0.6750E-02  0.0000E+00  0.0000E+00
  0.5200E-01  0.6450E-01  0.4400E-01  0.4800E-01  0.5000E-03  0.5000E-03
  0.1350E-01  0.1275E-01  0.7500E-02  0.8000E-02  0.0000E+00  0.0000E+00
  0.5900E-01  0.5200E-01  0.4425E-01  0.4600E-01  0.5000E-03  0.2500E-03
  0.1400E-01  0.1475E-01  0.6500E-02  0.6000E-02  0.2500E-03  0.2500E-03
  0.1550E-01  0.1700E-01  0.8250E-02  0.8000E-02  0.5000E-03  0.0000E+00
  0.6425E-01  0.6775E-01  0.4200E-01  0.4500E-01  0.5000E-03  0.5000E-03
  0.5325E-01  0.5875E-01  0.4175E-01  0.4050E-01  0.7500E-03  0.2500E-03
 Events:
          50          64          21          27           0           0
         208         258         176         192           2           2
          54          51          30          32           0           0
         236         208         177         184           2           1
          56          59          26          24           1           1
          62          68          33          32           2           0
         257         271         168         180           2           2
         213         235         167         162           3           1
 Accuracy:    1.175   0.100   0.293  16.055
 Found           26  events.
 Wrote            3  events.
 Actual xsec    4.4075571240644819E-015
 Correct abs xsec    4.4075571240644819E-015
 Event xsec    4.4075571240644819E-015
 Events wgts > 1:            0
 % Cross section > 1:    0.0000000000000000        0.0000000000000000     
 Iteration  4   Mean: 0.2166E-14 Abs mean: 0.2166E-14   Fluctuation:  0.595E-15   0.292E-11    53.5%
  4    0.2166E-14 0.2166E-14 +- 0.5952E-15     24.58
 Relative summed weights:
  0.7970E-02  0.5030E-02  0.4146E-03  0.4609E-02  0.6013E-02  0.8278E-05
  0.5480E-01  0.4519E-01  0.7753E-02  0.1400E-01  0.9776E-06  0.7110E-05
  0.7803E-02  0.1177E-02  0.7980E-02  0.6251E-01  0.1638E-04  0.1107E-05
  0.2945E-01  0.2876E-01  0.1828E-01  0.4020E-02  0.4339E-04  0.3204E-07
  0.2175E-02  0.2820E-03  0.9887E-04  0.1057E+00  0.1841E-06  0.1393E-01
  0.1658E-01  0.2420E+00  0.3457E-03  0.5912E-03  0.2334E-06  0.0000E+00
  0.3317E-01  0.1124E-01  0.1817E+00  0.6952E-02  0.2227E-03  0.3468E-06
  0.1706E-01  0.1350E-01  0.3111E-01  0.1744E-01  0.2814E-04  0.5906E-07
 Relative number of events:
  0.1787E-01  0.1738E-01  0.6875E-02  0.5500E-02  0.2500E-03  0.3750E-03
  0.5312E-01  0.5750E-01  0.4275E-01  0.4625E-01  0.1000E-02  0.5000E-03
  0.1575E-01  0.1588E-01  0.5625E-02  0.6250E-02  0.2500E-03  0.2500E-03
  0.5400E-01  0.5262E-01  0.4650E-01  0.4362E-01  0.7500E-03  0.8750E-03
  0.1537E-01  0.1613E-01  0.6375E-02  0.6125E-02  0.3750E-03  0.3750E-03
  0.1762E-01  0.1713E-01  0.6250E-02  0.6500E-02  0.2500E-03  0.0000E+00
  0.5638E-01  0.5962E-01  0.4700E-01  0.4562E-01  0.1375E-02  0.1125E-02
  0.5625E-01  0.5962E-01  0.4225E-01  0.4512E-01  0.6250E-03  0.7500E-03
 Events:
         143         139          55          44           2           3
         425         460         342         370           8           4
         126         127          45          50           2           2
         432         421         372         349           6           7
         123         129          51          49           3           3
         141         137          50          52           2           0
         451         477         376         365          11           9
         450         477         338         361           5           6
 Accuracy:    0.922   0.100   0.201  21.134
 Found          138  events.
 Wrote            7  events.
 Actual xsec    4.1711410716616250E-015
 Correct abs xsec    4.1711410716616250E-015
 Event xsec    4.1711410716616242E-015
 Events wgts > 1:            0
 % Cross section > 1:    0.0000000000000000        0.0000000000000000     
 Iteration  5   Mean: 0.9321E-14 Abs mean: 0.9321E-14   Fluctuation:  0.505E-14   0.796E-10    54.7%
  5    0.9321E-14 0.9321E-14 +- 0.5049E-14     68.52
 Relative summed weights:
  0.8785E-02  0.1668E-02  0.1215E-01  0.9403E-03  0.7505E-08  0.6769E-06
  0.1100E-01  0.8382E-02  0.3237E-01  0.1020E-01  0.3603E-06  0.7880E-05
  0.6079E-02  0.5367E+00  0.2590E-01  0.4162E-03  0.8378E-06  0.2611E-05
  0.4240E-01  0.1757E-01  0.1709E-01  0.1226E-01  0.3068E-05  0.3017E-04
  0.1893E-01  0.1376E-02  0.1728E-02  0.7328E-02  0.7751E-06  0.2767E-06
  0.6268E-01  0.2020E-02  0.4670E-01  0.9113E-02  0.8213E-07  0.3952E-04
  0.2218E-01  0.8374E-02  0.4065E-02  0.6143E-02  0.1444E-04  0.9857E-05
  0.2941E-02  0.8736E-02  0.4865E-01  0.5040E-02  0.1549E-06  0.1709E-06
 Relative number of events:
  0.1556E-01  0.1669E-01  0.6437E-02  0.7687E-02  0.1250E-03  0.1875E-03
  0.5356E-01  0.5569E-01  0.4831E-01  0.4881E-01  0.4375E-03  0.9375E-03
  0.1619E-01  0.1456E-01  0.7125E-02  0.6875E-02  0.1250E-03  0.3125E-03
  0.5750E-01  0.5488E-01  0.4587E-01  0.4606E-01  0.8750E-03  0.1000E-02
  0.1537E-01  0.1650E-01  0.6750E-02  0.6375E-02  0.1875E-03  0.3750E-03
  0.1562E-01  0.1694E-01  0.5875E-02  0.6000E-02  0.1875E-03  0.4375E-03
  0.5763E-01  0.5619E-01  0.4387E-01  0.4669E-01  0.4375E-03  0.6875E-03
  0.5237E-01  0.5538E-01  0.4581E-01  0.4312E-01  0.7500E-03  0.6250E-03
 Events:
         249         267         103         123           2           3
         857         891         773         781           7          15
         259         233         114         110           2           5
         920         878         734         737          14          16
         246         264         108         102           3           6
         250         271          94          96           3           7
         922         899         702         747           7          11
         838         886         733         690          12          10
 Accuracy:    0.659   0.100   0.188  12.284
 Found          575  events.
 Wrote            2  events.
 Actual xsec    3.5060927150694308E-015
 Correct abs xsec    3.5060927150694308E-015
 Event xsec    3.5060927150694312E-015
 Events wgts > 1:            0
 % Cross section > 1:    0.0000000000000000        0.0000000000000000     

 -------------------------------------------------------------------------------
 Accumulated results:   Integral =  0.3950E-14
                        Std dev  =  0.7429E-15
                       Cross sec =  0.3950E-14
             Chi**2 per DoF.     =     12.2836
 -------------------------------------------------------------------------------
-------------------------------------------------
---------------------------
 Results Last   3 iters: Integral =   0.3506E-14
                     Abs integral =   0.3506E-14
                          Std dev =   0.7844E-15
                  Chi**2 per DoF. =      3.2771
-------------------------------------------------
---------------------------
 Status  0.10000000000000001                6           5

ls status:
events.lhe
ftn26
input_app.txt
results.dat
run1_app.log
