 Process in group number            1
 A PDF is used, so alpha_s(MZ) is going to be modified
 Old value of alpha_s from param_card:   0.11839999999999999     
  ****************************************
 
       NNPDFDriver version 1.0.3
   Grid: NNPDF23_lo_as_0130_qed_mem0.grid
  ****************************************
 New value of alpha_s from PDF nn23lo1:  0.13000000000000000     
 Define smin to   1600.0000000000000     
 Define smin to   1600.0000000000000     
 Define smin to   1600.0000000000000     
 *****************************************************
 *               MadGraph/MadEvent                   *
 *        --------------------------------           *
 *          http://madgraph.hep.uiuc.edu             *
 *          http://madgraph.phys.ucl.ac.be           *
 *          http://madgraph.roma2.infn.it            *
 *        --------------------------------           *
 *                                                   *
 *          PARAMETER AND COUPLING VALUES            *
 *                                                   *
 *****************************************************

  External Params
  ---------------------------------
  
 mdl_VeN1 =    1.0000000000000000     
 mdl_VeN2 =    0.0000000000000000     
 mdl_VeN3 =    0.0000000000000000     
 mdl_VmuN1 =    0.0000000000000000     
 mdl_VmuN2 =    1.0000000000000000     
 mdl_VmuN3 =    0.0000000000000000     
 mdl_VtaN1 =    0.0000000000000000     
 mdl_VtaN2 =    0.0000000000000000     
 mdl_VtaN3 =    1.0000000000000000     
 mdl_VN1N1 =    1.0000000000000000     
 mdl_VN1N2 =    1.0000000000000000     
 mdl_VN1N3 =    1.0000000000000000     
 mdl_VN2N2 =    1.0000000000000000     
 mdl_VN2N3 =    1.0000000000000000     
 mdl_VN3N3 =    1.0000000000000000     
 aEWM1 =    127.90000000000001     
 mdl_Gf =    1.1663700000000000E-005
 aS =   0.11839999999999999     
 mdl_ymt =    172.00000000000000     
 mdl_vevf =    50.000000000000000     
 mdl_MZ =    91.187600000000003     
 mdl_MT =    172.00000000000000     
 mdl_MH =    125.00000000000000     
 mdl_mN1 =    1644.0000000000000     
 mdl_mN2 =    1744.0000000000000     
 mdl_mN3 =    1844.0000000000000     
 mdl_MJ =    91.187600000000003     
 mdl_MAx =    173.04800000000000     
 mdl_WZ =    2.4952000000000001     
 mdl_WW =    2.0850000000000000     
 mdl_WT =    1.5083359999999999     
 mdl_WH =    4.0699999999999998E-003
 mdl_WN1 =   0.30299999999999999     
 mdl_WN2 =    1.5000000000000000     
 mdl_WN3 =    12.300000000000001     
 mdl_WJ =    2.4952000000000001     
 mdl_WAx =    4.1700000000000001E-003
  Internal Params
  ---------------------------------
  
 mdl_vevf__exp__2 =    2500.0000000000000     
 mdl_sqrt__vevf__exp__2 =    50.000000000000000     
 mdl_muJ =    50.000000000000000     
 mdl_MZ__exp__2 =    8315.1783937600012     
 mdl_MZ__exp__4 =    69142191.720053151     
 mdl_sqrt__2 =    1.4142135623730951     
 mdl_MJ__exp__2 =    8315.1783937600012     
 mdl_muJ__exp__2 =    2500.0000000000000     
 mdl_lamJ =    4.3260713575040004     
 mdl_MH__exp__2 =    15625.000000000000     
 mdl_complexi =  (  0.0000000000000000     ,  1.0000000000000000     )
 mdl_aEW =    7.8186082877247844E-003
 mdl_MW =    79.824359746197842     
 mdl_sqrt__aEW =    8.8422894590285753E-002
 mdl_ee =   0.31345100004952897     
 mdl_MW__exp__2 =    6371.9284088904105     
 mdl_sw2 =   0.23369913342182447     
 mdl_cw =   0.87538612427783857     
 mdl_sqrt__sw2 =   0.48342438232036300     
 mdl_sw =   0.48342438232036300     
 mdl_g1 =   0.35807170271074895     
 mdl_gN =   0.64839716719502682     
 mdl_gw =   0.64839716719502682     
 mdl_vev =    246.22056907348590     
 mdl_vev__exp__2 =    60624.568634871241     
 mdl_lam =   0.12886689630821144     
 mdl_yt =   0.98791394091683138     
 mdl_muH =    88.388347648318444     
 mdl_I2a33 =  ( 0.98791394091683138     ,  0.0000000000000000     )
 mdl_I3a33 =  ( 0.98791394091683138     ,  0.0000000000000000     )
 mdl_ee__exp__2 =    9.8251529432049817E-002
 mdl_sw__exp__2 =   0.23369913342182450     
 mdl_cw__exp__2 =   0.76630086657817542     
  Internal Params evaluated point by point
  ----------------------------------------
  
 mdl_sqrt__aS =   0.34409301068170506     
 mdl_G__exp__2 =    1.4878582807401259     
  Couplings of SM_HeavyN_UFO
  ---------------------------------
  
         GC_1 =  -0.00000E+00  -0.10448E+00
         GC_2 =   0.00000E+00   0.20897E+00
         GC_3 =  -0.00000E+00  -0.31345E+00
         GC_4 =   0.00000E+00   0.31345E+00
        GC_26 =   0.00000E+00   0.45849E+00
        GC_27 =  -0.00000E+00  -0.28380E+00
        GC_28 =   0.00000E+00   0.28380E+00
        GC_30 =   0.00000E+00   0.56760E+00
        GC_35 =  -0.00000E+00  -0.28850E-01
        GC_37 =   0.00000E+00   0.17310E+00
        GC_39 =   0.00000E+00  -0.19725E+00
        GC_40 =   0.00000E+00   0.37035E+00
        GC_80 =   0.00000E+00   0.67543E+02
       GC_107 =  -0.00000E+00  -0.74070E+00
       GC_109 =  -0.00000E+00  -0.74070E+00
       GC_111 =  -0.00000E+00  -0.74070E+00
       GC_113 =  -0.00000E+00  -0.74070E+00
       GC_115 =  -0.00000E+00  -0.74070E+00
       GC_117 =  -0.00000E+00  -0.74070E+00
       GC_119 =   0.00000E+00   0.00000E+00
       GC_120 =   0.00000E+00   0.00000E+00
       GC_122 =  -0.00000E+00  -0.00000E+00
       GC_126 =   0.00000E+00   0.00000E+00
       GC_127 =   0.00000E+00   0.00000E+00
       GC_129 =  -0.00000E+00  -0.00000E+00
       GC_133 =   0.00000E+00   0.45849E+00
       GC_134 =   0.00000E+00   0.37035E+00
       GC_136 =  -0.00000E+00  -0.74892E+01
        GC_81 =   0.32880E+02   0.00000E+00
        GC_82 =   0.34880E+02   0.00000E+00
        GC_83 =   0.36880E+02   0.00000E+00

 Collider parameters:
 --------------------

 Running at P P   machine @    13000.000000000000       GeV
 PDF set = nn23lo1
 alpha_s(Mz)= 0.1300 running at 2 loops.
 alpha_s(Mz)= 0.1300 running at 2 loops.
 Renormalization scale set on event-by-event basis
 Factorization   scale set on event-by-event basis


 getting user params
Enter number of events and max and min iterations: 
 Number of events and iterations         1000           5           3
Enter desired fractional accuracy: 
 Desired fractional accuracy:   0.10000000000000001     
Enter 0 for fixed, 2 for adjustable grid: 
Suppress amplitude (0 no, 1 yes)? 
 Using suppressed amplitude.
Exact helicity sum (0 yes, n = number/event)? 
 Explicitly summing over helicities
Enter Configuration Number: 
Running Configuration Number:  392
 Using dconfig=         607
 BW Setting            1           1           1           1           1           2           0
 Attempting mappinvarients           1           9
 Completed mapping           9
 about to integrate           19        1000           5           3          19           1
 Using non-zero grid deformation.
 19 dimensions   1000 events 19 invarients  5 iterations  1 config(s),  (0.99)
 Using h-tuple random number sequence.
 Error opening grid
 Using Uniform Grid!          36
 Using uniform alpha   1.0000000000000000     
 Grid defined OK
 Set CM energy to      13000.00
 Mapping Graph         392  to config         392
 Setting BW          -1           1   79.824359746197842     
 Setting BW          -2           2   1844.0000000000000     
 Setting BW          -3           3   1844.0000000000000     
 Setting BW          -4           4   91.187600000000003     
 Setting BW          -5           5   1844.0000000000000     
Setting grid   6    0.79099E-01   1
 Transforming s_hat 1/s           18   7.9098862523040020E-002   1600.0000000000000        168999999.99999997     
 392   1   2   3   4   5   6   7   8   9  10  11  12  13  14
  15  16  17  18  19
 Masses: 0.000E+00 0.000E+00 0.000E+00 0.000E+00 0.000E+00 0.000E+00 0.000E+00 0.000E+00 0.912E+02
Using random seed offsets   392 :      1
  with seed                   24
 Ranmar initialization seeds         122        9398
 
 ********************************************
 * You are using the DiscreteSampler module *
 *      part of the MG5_aMC framework       *
 *         Author: Valentin Hirschi         *
 ********************************************
 
  Particle       3       4       5       6       7       8       9
      Et >    10.0    10.0    10.0    10.0     0.0     0.0     0.0
       E >     0.0     0.0     0.0     0.0     0.0     0.0     0.0
     Eta <     2.5     2.5     2.5     2.5    -1.0    -1.0    -1.0
   xqcut:      0.0     0.0     0.0     0.0     0.0     0.0     0.0
d R # 3  >    -0.0     0.4     0.4     0.4     0.0     0.0     0.0
d R # 4  >    -0.0    -0.0     0.4     0.4     0.0     0.0     0.0
d R # 5  >    -0.0    -0.0    -0.0     0.4     0.0     0.0     0.0
d R # 6  >    -0.0    -0.0    -0.0    -0.0     0.0     0.0     0.0
d R # 7  >    -0.0    -0.0    -0.0    -0.0    -0.0     0.0     0.0
d R # 8  >    -0.0    -0.0    -0.0    -0.0    -0.0    -0.0     0.0
s min # 3>     0.0     0.0     0.0     0.0     0.0     0.0     0.0
s min # 4>     0.0     0.0     0.0     0.0     0.0     0.0     0.0
s min # 5>     0.0     0.0     0.0     0.0     0.0     0.0     0.0
s min # 6>     0.0     0.0     0.0     0.0     0.0     0.0     0.0
s min # 7>     0.0     0.0     0.0     0.0     0.0     0.0     0.0
s min # 8>     0.0     0.0     0.0     0.0     0.0     0.0     0.0
xqcutij # 3>     0.0     0.0     0.0     0.0     0.0     0.0     0.0
xqcutij # 4>     0.0     0.0     0.0     0.0     0.0     0.0     0.0
xqcutij # 5>     0.0     0.0     0.0     0.0     0.0     0.0     0.0
xqcutij # 6>     0.0     0.0     0.0     0.0     0.0     0.0     0.0
xqcutij # 7>     0.0     0.0     0.0     0.0     0.0     0.0     0.0
xqcutij # 8>     0.0     0.0     0.0     0.0     0.0     0.0     0.0
 Requiring BW           -1           1
 Requiring BW           -2           2
 Requiring BW           -3           3
 Requiring BW           -4           4
 Requiring BW           -5           5
 Excluding BW           -6           6
 alpha_s for scale    5139.2067793904571       is    7.8073847205335681E-002
 Added good helicity            1   5.7981313551812077       in event            1 local:           1
 Added good helicity           41   5.6951574289827702       in event            1 local:           1
 Added good helicity          193   133.99248976074372       in event            1 local:           1
 Added good helicity          233   110.51422144059698       in event            1 local:           1
 Added good helicity            1   5.7981313551792759       in event            1 local:           1
 Added good helicity           41   5.6951574289825135       in event            1 local:           1
 Added good helicity          193   133.99248976073966       in event            1 local:           1
 Added good helicity          233   110.51422144060325       in event            1 local:           1
 Added good helicity           25   1.7468119654251986E-007  in event            4 local:           2
 Added good helicity          217   2.1161973376377003E-006  in event            4 local:           2
 Added good helicity           25   1.7468119654306223E-007  in event            4 local:           2
 Added good helicity          217   2.1161973376394647E-006  in event            4 local:           2
 Added good helicity           37   5.6951574289826654       in event            7 local:           3
 Added good helicity          229   110.51422144059497       in event            7 local:           3
 Added good helicity           37   5.6951574289826441       in event            7 local:           3
 Added good helicity          229   110.51422144060578       in event            7 local:           3
 Added good helicity           21   1.7468119654251907E-007  in event           10 local:           4
 Added good helicity          213   2.1161973376376906E-006  in event           10 local:           4
 Added good helicity           21   1.7468119654306215E-007  in event           10 local:           4
 Added good helicity          213   2.1161973376394639E-006  in event           10 local:           4
 RESET CUMULATIVE VARIABLE
 RESET CUMULATIVE VARIABLE
 RESET CUMULATIVE VARIABLE
 Iteration  1   Mean: 0.3519E-10 Abs mean: 0.3519E-10   Fluctuation:  0.139E-10   0.240E-08     0.1%
  1    0.3519E-10 0.3519E-10 +- 0.1388E-10      5.70
 Writing out events   1.4074075827407071E-012   5.7038984778820359     
 Relative summed weights:
  0.1168E-02  0.4522E-01  0.2101E-02  0.5849E-02  0.0000E+00  0.0000E+00
  0.8958E-05  0.8890E-01  0.1191E+00  0.4017E-01  0.0000E+00  0.0000E+00
  0.1576E-02  0.4542E-01  0.3117E-02  0.8051E-02  0.0000E+00  0.0000E+00
  0.9589E-02  0.1120E-01  0.1171E-02  0.9011E-05  0.0000E+00  0.0000E+00
  0.3439E-02  0.7192E-02  0.2645E-02  0.8897E-01  0.2669E-05  0.0000E+00
  0.3274E+00  0.1774E-01  0.8579E-02  0.5307E-03  0.0000E+00  0.0000E+00
  0.1790E-02  0.1068E+00  0.9705E-02  0.3369E-03  0.0000E+00  0.0000E+00
  0.1909E-03  0.1365E-01  0.2794E-01  0.4821E-03  0.0000E+00  0.0000E+00
 Relative number of events:
  0.2294E-01  0.4587E-01  0.3670E-01  0.2752E-01  0.0000E+00  0.0000E+00
  0.4587E-02  0.4128E-01  0.2294E-01  0.1835E-01  0.0000E+00  0.0000E+00
  0.7339E-01  0.5046E-01  0.5046E-01  0.2752E-01  0.0000E+00  0.0000E+00
  0.4587E-01  0.3670E-01  0.1376E-01  0.2294E-01  0.0000E+00  0.0000E+00
  0.3211E-01  0.3670E-01  0.3670E-01  0.3211E-01  0.4587E-02  0.0000E+00
  0.5046E-01  0.5046E-01  0.2294E-01  0.2294E-01  0.0000E+00  0.0000E+00
  0.4587E-01  0.1835E-01  0.9174E-02  0.9174E-02  0.0000E+00  0.0000E+00
  0.1835E-01  0.9174E-02  0.4587E-01  0.1376E-01  0.0000E+00  0.0000E+00
 Events:
           5          10           8           6           0           0
           1           9           5           4           0           0
          16          11          11           6           0           0
          10           8           3           5           0           0
           7           8           8           7           1           0
          11          11           5           5           0           0
          10           4           2           2           0           0
           4           2          10           3           0           0
 Iteration  2   Mean: 0.1493E-09 Abs mean: 0.1493E-09   Fluctuation:  0.102E-09   0.203E-06     8.5%
  2    0.1493E-09 0.1493E-09 +- 0.1022E-09     30.64
 Relative summed weights:
  0.3122E-01  0.1287E-02  0.3796E-02  0.1682E-03  0.1972E-06  0.0000E+00
  0.8053E-02  0.1979E-01  0.6618E-02  0.1771E-01  0.0000E+00  0.0000E+00
  0.2869E-02  0.3011E-02  0.1561E-02  0.1631E-02  0.0000E+00  0.0000E+00
  0.1405E-02  0.3093E-02  0.1457E-02  0.1718E-02  0.0000E+00  0.3999E-05
  0.1730E-01  0.2444E-02  0.9865E-03  0.5905E-03  0.0000E+00  0.2512E-03
  0.1561E-02  0.3496E-02  0.6794E+00  0.9917E-03  0.1807E-06  0.0000E+00
  0.2862E-02  0.6933E-01  0.6046E-01  0.2028E-02  0.0000E+00  0.0000E+00
  0.2885E-01  0.1808E-01  0.5668E-02  0.3258E-03  0.0000E+00  0.0000E+00
 Relative number of events:
  0.4600E-01  0.4750E-01  0.3000E-01  0.3250E-01  0.5000E-03  0.0000E+00
  0.3450E-01  0.3050E-01  0.1900E-01  0.2300E-01  0.0000E+00  0.0000E+00
  0.3950E-01  0.4350E-01  0.3200E-01  0.3050E-01  0.0000E+00  0.0000E+00
  0.2850E-01  0.3250E-01  0.2500E-01  0.1800E-01  0.0000E+00  0.5000E-03
  0.4400E-01  0.4800E-01  0.2800E-01  0.2850E-01  0.0000E+00  0.5000E-03
  0.4250E-01  0.4350E-01  0.2600E-01  0.2600E-01  0.5000E-03  0.0000E+00
  0.2850E-01  0.3000E-01  0.2450E-01  0.1800E-01  0.0000E+00  0.0000E+00
  0.2750E-01  0.3150E-01  0.2150E-01  0.1750E-01  0.0000E+00  0.0000E+00
 Events:
          92          95          60          65           1           0
          69          61          38          46           0           0
          79          87          64          61           0           0
          57          65          50          36           0           1
          88          96          56          57           0           1
          85          87          52          52           1           0
          57          60          49          36           0           0
          55          63          43          35           0           0
 Iteration  3   Mean: 0.9969E-10 Abs mean: 0.9969E-10   Fluctuation:  0.407E-10   0.111E-06    20.5%
  3    0.9969E-10 0.9969E-10 +- 0.4073E-10     25.84
 Relative summed weights:
  0.1491E-02  0.5523E-03  0.1642E-02  0.4773E-01  0.0000E+00  0.0000E+00
  0.2396E+00  0.1036E-01  0.1154E-02  0.1843E-01  0.0000E+00  0.0000E+00
  0.1176E-01  0.1038E-01  0.1819E+00  0.1019E-02  0.1094E-07  0.1024E-06
  0.6284E-02  0.2363E-01  0.8893E-02  0.2811E+00  0.0000E+00  0.0000E+00
  0.1277E-02  0.3914E-02  0.1596E-01  0.4512E-02  0.4491E-06  0.0000E+00
  0.3787E-01  0.4074E-02  0.2478E-02  0.9534E-02  0.0000E+00  0.0000E+00
  0.4452E-02  0.1267E-01  0.1224E-02  0.5243E-02  0.0000E+00  0.0000E+00
  0.2715E-01  0.1637E-01  0.6456E-02  0.9103E-03  0.0000E+00  0.0000E+00
 Relative number of events:
  0.4400E-01  0.4350E-01  0.2850E-01  0.2800E-01  0.0000E+00  0.0000E+00
  0.3850E-01  0.3750E-01  0.1600E-01  0.2000E-01  0.0000E+00  0.0000E+00
  0.4025E-01  0.4325E-01  0.2875E-01  0.2625E-01  0.2500E-03  0.2500E-03
  0.2875E-01  0.3450E-01  0.1825E-01  0.2200E-01  0.0000E+00  0.0000E+00
  0.4300E-01  0.4125E-01  0.2875E-01  0.3025E-01  0.2500E-03  0.0000E+00
  0.4450E-01  0.4075E-01  0.2900E-01  0.3025E-01  0.0000E+00  0.0000E+00
  0.3500E-01  0.3300E-01  0.2075E-01  0.1875E-01  0.0000E+00  0.0000E+00
  0.3100E-01  0.3600E-01  0.1825E-01  0.2075E-01  0.0000E+00  0.0000E+00
 Events:
         176         174         114         112           0           0
         154         150          64          80           0           0
         161         173         115         105           1           1
         115         138          73          88           0           0
         172         165         115         121           1           0
         178         163         116         121           0           0
         140         132          83          75           0           0
         124         144          73          83           0           0
 Accuracy:    0.377   0.100   0.262   2.064
 Found          112  events.
 Wrote            3  events.
 Actual xsec    7.8463346288615296E-011
 Correct abs xsec    7.8463346288615296E-011
 Event xsec    7.8463346288615309E-011
 Events wgts > 1:            0
 % Cross section > 1:    0.0000000000000000        0.0000000000000000     
 Iteration  4   Mean: 0.3467E-10 Abs mean: 0.3467E-10   Fluctuation:  0.536E-11   0.216E-07    21.7%
  4    0.3467E-10 0.3467E-10 +- 0.5362E-11     13.83
 Relative summed weights:
  0.1781E-01  0.2889E-01  0.6155E-02  0.7823E-02  0.9006E-08  0.3359E-04
  0.1406E-01  0.2612E-01  0.3731E-01  0.1005E-01  0.0000E+00  0.0000E+00
  0.3158E-01  0.1872E-01  0.5913E-02  0.6851E-02  0.9023E-09  0.3550E-05
  0.1310E+00  0.4827E-01  0.1498E-01  0.1327E-01  0.0000E+00  0.0000E+00
  0.3935E-01  0.2717E-01  0.1425E-01  0.3463E-01  0.0000E+00  0.0000E+00
  0.1183E+00  0.3345E-01  0.1110E-01  0.6969E-02  0.0000E+00  0.2053E-06
  0.1298E-01  0.5205E-01  0.5121E-01  0.4323E-01  0.9444E-06  0.0000E+00
  0.8331E-01  0.3080E-01  0.4339E-02  0.1798E-01  0.0000E+00  0.0000E+00
 Relative number of events:
  0.4150E-01  0.4512E-01  0.2863E-01  0.3238E-01  0.1250E-03  0.2500E-03
  0.3062E-01  0.3075E-01  0.2038E-01  0.2050E-01  0.0000E+00  0.0000E+00
  0.4387E-01  0.4612E-01  0.2687E-01  0.2900E-01  0.1250E-03  0.1250E-03
  0.3087E-01  0.3275E-01  0.1875E-01  0.1950E-01  0.0000E+00  0.0000E+00
  0.4350E-01  0.4175E-01  0.2987E-01  0.2763E-01  0.0000E+00  0.0000E+00
  0.4612E-01  0.4425E-01  0.2863E-01  0.3062E-01  0.0000E+00  0.1250E-03
  0.3300E-01  0.3225E-01  0.2038E-01  0.2075E-01  0.2500E-03  0.0000E+00
  0.3087E-01  0.3375E-01  0.2000E-01  0.1800E-01  0.0000E+00  0.0000E+00
 Events:
         332         361         229         259           1           2
         245         246         163         164           0           0
         351         369         215         232           1           1
         247         262         150         156           0           0
         348         334         239         221           0           0
         369         354         229         245           0           1
         264         258         163         166           2           0
         247         270         160         144           0           0
 Accuracy:    0.359   0.100   0.133   7.272
 Found          295  events.
 Wrote           17  events.
 Actual xsec    4.7362625337255793E-011
 Correct abs xsec    4.7362625337255793E-011
 Event xsec    4.7362625337255787E-011
 Events wgts > 1:            0
 % Cross section > 1:    0.0000000000000000        0.0000000000000000     
 Iteration  5   Mean: 0.6303E-10 Abs mean: 0.6303E-10   Fluctuation:  0.110E-10   0.120E-06    21.0%
  5    0.6303E-10 0.6303E-10 +- 0.1103E-10     22.13
 Relative summed weights:
  0.3124E-01  0.2518E-01  0.2607E-01  0.9861E-02  0.1759E-06  0.0000E+00
  0.1518E-01  0.2561E-01  0.2878E-01  0.8272E-02  0.0000E+00  0.0000E+00
  0.2580E-01  0.3341E-01  0.2430E-01  0.4421E-02  0.1860E-07  0.6959E-09
  0.1770E-01  0.3773E-01  0.1351E-01  0.1385E-01  0.0000E+00  0.0000E+00
  0.1215E+00  0.1125E-01  0.1848E-01  0.2383E-01  0.3498E-07  0.8845E-06
  0.2246E-01  0.1408E-01  0.4400E-01  0.4763E-02  0.0000E+00  0.3197E-07
  0.4706E-01  0.3302E-01  0.1332E-01  0.5959E-01  0.0000E+00  0.2342E-05
  0.2324E-01  0.1795E+00  0.1120E-01  0.3188E-01  0.2730E-05  0.6127E-10
 Relative number of events:
  0.4550E-01  0.4594E-01  0.2781E-01  0.3019E-01  0.6250E-04  0.0000E+00
  0.3231E-01  0.3169E-01  0.1875E-01  0.1963E-01  0.0000E+00  0.0000E+00
  0.4475E-01  0.4319E-01  0.3094E-01  0.2800E-01  0.6250E-04  0.6250E-04
  0.2975E-01  0.3062E-01  0.1906E-01  0.1975E-01  0.0000E+00  0.0000E+00
  0.4587E-01  0.4312E-01  0.3044E-01  0.2981E-01  0.6250E-04  0.1250E-03
  0.4419E-01  0.4169E-01  0.2931E-01  0.2788E-01  0.0000E+00  0.6250E-04
  0.3225E-01  0.3206E-01  0.2169E-01  0.2044E-01  0.0000E+00  0.6250E-04
  0.3175E-01  0.2994E-01  0.1950E-01  0.2150E-01  0.1250E-03  0.6250E-04
 Events:
         728         735         445         483           1           0
         517         507         300         314           0           0
         716         691         495         448           1           1
         476         490         305         316           0           0
         734         690         487         477           1           2
         707         667         469         446           0           1
         516         513         347         327           0           1
         508         479         312         344           2           1
 Accuracy:    0.232   0.100   0.106   4.776
 Found         1452  events.
 Wrote            9  events.
 Actual xsec    5.1023472147926547E-011
 Correct abs xsec    5.1023472147926547E-011
 Event xsec    5.1023472147926541E-011
 Events wgts > 1:            0
 % Cross section > 1:    0.0000000000000000        0.0000000000000000     

 -------------------------------------------------------------------------------
 Accumulated results:   Integral =  0.5223E-10
                        Std dev  =  0.5536E-11
                       Cross sec =  0.5223E-10
             Chi**2 per DoF.     =      4.7761
 -------------------------------------------------------------------------------
-------------------------------------------------
---------------------------
 Results Last   3 iters: Integral =   0.5102E-10
                     Abs integral =   0.5102E-10
                          Std dev =   0.5688E-11
                  Chi**2 per DoF. =      5.9580
-------------------------------------------------
---------------------------
 Status  0.10000000000000001                6           5

ls status:
events.lhe
ftn26
input_app.txt
results.dat
run1_app.log
