 Process in group number            1
 A PDF is used, so alpha_s(MZ) is going to be modified
 Old value of alpha_s from param_card:   0.11839999999999999     
  ****************************************
 
       NNPDFDriver version 1.0.3
   Grid: NNPDF23_lo_as_0130_qed_mem0.grid
  ****************************************
 New value of alpha_s from PDF nn23lo1:  0.13000000000000000     
 Define smin to   1600.0000000000000     
 Define smin to   1600.0000000000000     
 Define smin to   1600.0000000000000     
 *****************************************************
 *               MadGraph/MadEvent                   *
 *        --------------------------------           *
 *          http://madgraph.hep.uiuc.edu             *
 *          http://madgraph.phys.ucl.ac.be           *
 *          http://madgraph.roma2.infn.it            *
 *        --------------------------------           *
 *                                                   *
 *          PARAMETER AND COUPLING VALUES            *
 *                                                   *
 *****************************************************

  External Params
  ---------------------------------
  
 mdl_VeN1 =    1.0000000000000000     
 mdl_VeN2 =    0.0000000000000000     
 mdl_VeN3 =    0.0000000000000000     
 mdl_VmuN1 =    0.0000000000000000     
 mdl_VmuN2 =    1.0000000000000000     
 mdl_VmuN3 =    0.0000000000000000     
 mdl_VtaN1 =    0.0000000000000000     
 mdl_VtaN2 =    0.0000000000000000     
 mdl_VtaN3 =    1.0000000000000000     
 mdl_VN1N1 =    1.0000000000000000     
 mdl_VN1N2 =    1.0000000000000000     
 mdl_VN1N3 =    1.0000000000000000     
 mdl_VN2N2 =    1.0000000000000000     
 mdl_VN2N3 =    1.0000000000000000     
 mdl_VN3N3 =    1.0000000000000000     
 aEWM1 =    127.90000000000001     
 mdl_Gf =    1.1663700000000000E-005
 aS =   0.11839999999999999     
 mdl_ymt =    172.00000000000000     
 mdl_vevf =    50.000000000000000     
 mdl_MZ =    91.187600000000003     
 mdl_MT =    172.00000000000000     
 mdl_MH =    125.00000000000000     
 mdl_mN1 =    2000.0000000000000     
 mdl_mN2 =    2100.0000000000000     
 mdl_mN3 =    2200.0000000000000     
 mdl_MJ =    91.187600000000003     
 mdl_MAx =    173.04800000000000     
 mdl_WZ =    2.4952000000000001     
 mdl_WW =    2.0850000000000000     
 mdl_WT =    1.5083359999999999     
 mdl_WH =    4.0699999999999998E-003
 mdl_WN1 =   0.30299999999999999     
 mdl_WN2 =    1.5000000000000000     
 mdl_WN3 =    12.300000000000001     
 mdl_WJ =    2.4952000000000001     
 mdl_WAx =    4.1700000000000001E-003
  Internal Params
  ---------------------------------
  
 mdl_vevf__exp__2 =    2500.0000000000000     
 mdl_sqrt__vevf__exp__2 =    50.000000000000000     
 mdl_muJ =    50.000000000000000     
 mdl_MZ__exp__2 =    8315.1783937600012     
 mdl_MZ__exp__4 =    69142191.720053151     
 mdl_sqrt__2 =    1.4142135623730951     
 mdl_MJ__exp__2 =    8315.1783937600012     
 mdl_muJ__exp__2 =    2500.0000000000000     
 mdl_lamJ =    4.3260713575040004     
 mdl_MH__exp__2 =    15625.000000000000     
 mdl_complexi =  (  0.0000000000000000     ,  1.0000000000000000     )
 mdl_aEW =    7.8186082877247844E-003
 mdl_MW =    79.824359746197842     
 mdl_sqrt__aEW =    8.8422894590285753E-002
 mdl_ee =   0.31345100004952897     
 mdl_MW__exp__2 =    6371.9284088904105     
 mdl_sw2 =   0.23369913342182447     
 mdl_cw =   0.87538612427783857     
 mdl_sqrt__sw2 =   0.48342438232036300     
 mdl_sw =   0.48342438232036300     
 mdl_g1 =   0.35807170271074895     
 mdl_gN =   0.64839716719502682     
 mdl_gw =   0.64839716719502682     
 mdl_vev =    246.22056907348590     
 mdl_vev__exp__2 =    60624.568634871241     
 mdl_lam =   0.12886689630821144     
 mdl_yt =   0.98791394091683138     
 mdl_muH =    88.388347648318444     
 mdl_I2a33 =  ( 0.98791394091683138     ,  0.0000000000000000     )
 mdl_I3a33 =  ( 0.98791394091683138     ,  0.0000000000000000     )
 mdl_ee__exp__2 =    9.8251529432049817E-002
 mdl_sw__exp__2 =   0.23369913342182450     
 mdl_cw__exp__2 =   0.76630086657817542     
  Internal Params evaluated point by point
  ----------------------------------------
  
 mdl_sqrt__aS =   0.34409301068170506     
 mdl_G__exp__2 =    1.4878582807401259     
  Couplings of SM_HeavyN_UFO
  ---------------------------------
  
         GC_1 =  -0.00000E+00  -0.10448E+00
         GC_2 =   0.00000E+00   0.20897E+00
         GC_3 =  -0.00000E+00  -0.31345E+00
         GC_4 =   0.00000E+00   0.31345E+00
        GC_26 =   0.00000E+00   0.45849E+00
        GC_27 =  -0.00000E+00  -0.28380E+00
        GC_28 =   0.00000E+00   0.28380E+00
        GC_30 =   0.00000E+00   0.56760E+00
        GC_35 =  -0.00000E+00  -0.28850E-01
        GC_37 =   0.00000E+00   0.17310E+00
        GC_39 =   0.00000E+00  -0.19725E+00
        GC_40 =   0.00000E+00   0.37035E+00
        GC_80 =   0.00000E+00   0.67543E+02
       GC_107 =  -0.00000E+00  -0.74070E+00
       GC_109 =  -0.00000E+00  -0.74070E+00
       GC_111 =  -0.00000E+00  -0.74070E+00
       GC_113 =  -0.00000E+00  -0.74070E+00
       GC_115 =  -0.00000E+00  -0.74070E+00
       GC_117 =  -0.00000E+00  -0.74070E+00
       GC_119 =   0.00000E+00   0.00000E+00
       GC_120 =   0.00000E+00   0.00000E+00
       GC_122 =  -0.00000E+00  -0.00000E+00
       GC_126 =   0.00000E+00   0.00000E+00
       GC_127 =   0.00000E+00   0.00000E+00
       GC_129 =  -0.00000E+00  -0.00000E+00
       GC_133 =   0.00000E+00   0.45849E+00
       GC_134 =   0.00000E+00   0.37035E+00
       GC_136 =  -0.00000E+00  -0.89351E+01
        GC_81 =   0.40000E+02   0.00000E+00
        GC_82 =   0.42000E+02   0.00000E+00
        GC_83 =   0.44000E+02   0.00000E+00

 Collider parameters:
 --------------------

 Running at P P   machine @    13000.000000000000       GeV
 PDF set = nn23lo1
 alpha_s(Mz)= 0.1300 running at 2 loops.
 alpha_s(Mz)= 0.1300 running at 2 loops.
 Renormalization scale set on event-by-event basis
 Factorization   scale set on event-by-event basis


 getting user params
Enter number of events and max and min iterations: 
 Number of events and iterations         1000           5           3
Enter desired fractional accuracy: 
 Desired fractional accuracy:   0.10000000000000001     
Enter 0 for fixed, 2 for adjustable grid: 
Suppress amplitude (0 no, 1 yes)? 
 Using suppressed amplitude.
Exact helicity sum (0 yes, n = number/event)? 
 Explicitly summing over helicities
Enter Configuration Number: 
Running Configuration Number:  368
 Using dconfig=         647
 BW Setting            2           2           2           2           1           2           0
 Attempting mappinvarients           1           9
 Completed mapping           9
 about to integrate           19        1000           5           3          19           1
 Using non-zero grid deformation.
 19 dimensions   1000 events 19 invarients  5 iterations  1 config(s),  (0.99)
 Using h-tuple random number sequence.
 Error opening grid
 Using Uniform Grid!          36
 Using uniform alpha   1.0000000000000000     
 Grid defined OK
 Set CM energy to      13000.00
 Mapping Graph         368  to config         368
Setting grid   1    0.59172E-08   1
Setting grid   2    0.59172E-08   1
Setting grid   3    0.49202E-04   1
Setting grid   4    0.75740E-07   1
 Setting BW          -5           5   2200.0000000000000     
Setting grid   6    0.27060E-01   1
 Transforming s_hat 1/s           18   2.7060250000000004E-002   1600.0000000000000        168999999.99999997     
 368   1   2   3   4   5   6   7   8   9  10  11  12  13  14
  15  16  17  18  19
 Masses: 0.000E+00 0.000E+00 0.000E+00 0.000E+00 0.000E+00 0.000E+00 0.000E+00 0.000E+00 0.912E+02
Using random seed offsets   368 :      1
  with seed                   24
 Ranmar initialization seeds          98        9398
 
 ********************************************
 * You are using the DiscreteSampler module *
 *      part of the MG5_aMC framework       *
 *         Author: Valentin Hirschi         *
 ********************************************
 
  Particle       3       4       5       6       7       8       9
      Et >    10.0    10.0    10.0    10.0     0.0     0.0     0.0
       E >     0.0     0.0     0.0     0.0     0.0     0.0     0.0
     Eta <     2.5     2.5     2.5     2.5    -1.0    -1.0    -1.0
   xqcut:      0.0     0.0     0.0     0.0     0.0     0.0     0.0
d R # 3  >    -0.0     0.4     0.4     0.4     0.0     0.0     0.0
d R # 4  >    -0.0    -0.0     0.4     0.4     0.0     0.0     0.0
d R # 5  >    -0.0    -0.0    -0.0     0.4     0.0     0.0     0.0
d R # 6  >    -0.0    -0.0    -0.0    -0.0     0.0     0.0     0.0
d R # 7  >    -0.0    -0.0    -0.0    -0.0    -0.0     0.0     0.0
d R # 8  >    -0.0    -0.0    -0.0    -0.0    -0.0    -0.0     0.0
s min # 3>     0.0     0.0     0.0     0.0     0.0     0.0     0.0
s min # 4>     0.0     0.0     0.0     0.0     0.0     0.0     0.0
s min # 5>     0.0     0.0     0.0     0.0     0.0     0.0     0.0
s min # 6>     0.0     0.0     0.0     0.0     0.0     0.0     0.0
s min # 7>     0.0     0.0     0.0     0.0     0.0     0.0     0.0
s min # 8>     0.0     0.0     0.0     0.0     0.0     0.0     0.0
xqcutij # 3>     0.0     0.0     0.0     0.0     0.0     0.0     0.0
xqcutij # 4>     0.0     0.0     0.0     0.0     0.0     0.0     0.0
xqcutij # 5>     0.0     0.0     0.0     0.0     0.0     0.0     0.0
xqcutij # 6>     0.0     0.0     0.0     0.0     0.0     0.0     0.0
xqcutij # 7>     0.0     0.0     0.0     0.0     0.0     0.0     0.0
xqcutij # 8>     0.0     0.0     0.0     0.0     0.0     0.0     0.0
 Excluding BW           -1           1
 Excluding BW           -2           2
 Excluding BW           -3           3
 Excluding BW           -4           4
 Requiring BW           -5           5
 Excluding BW           -6           6
 alpha_s for scale    2245.8412106408859       is    8.4995864715952246E-002
 Added good helicity            1   36.306747417699192       in event            1 local:           1
 Added good helicity           21   7.8499232498121328E-003  in event            1 local:           1
 Added good helicity           25   8.0451302497169247E-005  in event            1 local:           1
 Added good helicity           37   1.6244653540762089E-002  in event            1 local:           1
 Added good helicity           41   1.6501705787360919E-003  in event            1 local:           1
 Added good helicity           61   1.0151585789963713E-005  in event            1 local:           1
 Added good helicity          193   219.56861259517612       in event            1 local:           1
 Added good helicity          213   5.3526231317192835E-002  in event            1 local:           1
 Added good helicity          217   1.2931531220706299E-003  in event            1 local:           1
 Added good helicity          229   4.0000619591720667E-002  in event            1 local:           1
 Added good helicity          233   3.9659906609851884E-003  in event            1 local:           1
 Added good helicity          253   1.8642175138491074E-005  in event            1 local:           1
 Added good helicity            1   36.306747417698936       in event            1 local:           1
 Added good helicity           21   7.8499232498121414E-003  in event            1 local:           1
 Added good helicity           25   8.0451302497178896E-005  in event            1 local:           1
 Added good helicity           37   1.6244653540762276E-002  in event            1 local:           1
 Added good helicity           41   1.6501705787358490E-003  in event            1 local:           1
 Added good helicity           61   1.0151585789962434E-005  in event            1 local:           1
 Added good helicity          193   219.56861259517635       in event            1 local:           1
 Added good helicity          213   5.3526231317191982E-002  in event            1 local:           1
 Added good helicity          217   1.2931531220708252E-003  in event            1 local:           1
 Added good helicity          229   4.0000619591720701E-002  in event            1 local:           1
 Added good helicity          233   3.9659906609839221E-003  in event            1 local:           1
 Added good helicity          253   1.8642175138487699E-005  in event            1 local:           1
 RESET CUMULATIVE VARIABLE
 RESET CUMULATIVE VARIABLE
 RESET CUMULATIVE VARIABLE
 Iteration  1   Mean: 0.4092E-09 Abs mean: 0.4092E-09   Fluctuation:  0.217E-09   0.186E-06     8.8%
  1    0.4092E-09 0.4092E-09 +- 0.2170E-09     16.78
 Writing out events   9.2771551105264743E-013   16.775042447054634     
 Relative summed weights:
  0.1052E-01  0.4544E+00  0.1258E-01  0.6086E-02  0.0000E+00  0.0000E+00
  0.1218E-02  0.9074E-02  0.5619E-04  0.2081E-01  0.0000E+00  0.1533E-10
  0.5179E-02  0.1451E-02  0.2930E-02  0.5087E-02  0.0000E+00  0.0000E+00
  0.1119E-01  0.9115E-03  0.3130E-05  0.1188E-01  0.0000E+00  0.0000E+00
  0.1995E-01  0.1349E-01  0.4758E-02  0.4962E-02  0.9552E-09  0.0000E+00
  0.5632E-01  0.4653E-04  0.8548E-04  0.3982E-04  0.0000E+00  0.0000E+00
  0.8166E-03  0.2365E-01  0.1347E-01  0.1847E-03  0.1462E-05  0.0000E+00
  0.3313E-01  0.2599E+00  0.1408E-01  0.1673E-02  0.3433E-10  0.0000E+00
 Relative number of events:
  0.2379E-01  0.3667E-01  0.1883E-01  0.1883E-01  0.0000E+00  0.0000E+00
  0.4757E-01  0.3865E-01  0.3271E-01  0.2775E-01  0.0000E+00  0.9911E-03
  0.3370E-01  0.2577E-01  0.1090E-01  0.2379E-01  0.0000E+00  0.0000E+00
  0.3865E-01  0.4757E-01  0.2874E-01  0.3568E-01  0.0000E+00  0.0000E+00
  0.2775E-01  0.2180E-01  0.2379E-01  0.1586E-01  0.9911E-03  0.0000E+00
  0.2478E-01  0.2478E-01  0.1685E-01  0.1883E-01  0.0000E+00  0.0000E+00
  0.5253E-01  0.4856E-01  0.2478E-01  0.3271E-01  0.9911E-03  0.0000E+00
  0.4262E-01  0.3865E-01  0.5253E-01  0.3964E-01  0.9911E-03  0.0000E+00
 Events:
          24          37          19          19           0           0
          48          39          33          28           0           1
          34          26          11          24           0           0
          39          48          29          36           0           0
          28          22          24          16           1           0
          25          25          17          19           0           0
          53          49          25          33           1           0
          43          39          53          40           1           0
 Iteration  2   Mean: 0.3690E-09 Abs mean: 0.3690E-09   Fluctuation:  0.103E-09   0.154E-06    30.0%
  2    0.3690E-09 0.3690E-09 +- 0.1034E-09     12.54
 Relative summed weights:
  0.1403E-01  0.1624E-01  0.2088E+00  0.3221E-02  0.0000E+00  0.3677E-06
  0.8598E-02  0.7784E-02  0.8008E-02  0.5534E-01  0.0000E+00  0.1092E-05
  0.3010E-01  0.2947E-02  0.4127E-02  0.9281E-02  0.0000E+00  0.4789E-05
  0.1423E+00  0.1573E+00  0.6075E-02  0.3082E-02  0.4224E-03  0.1293E-05
  0.2024E-01  0.1096E-01  0.1130E-01  0.1482E-01  0.0000E+00  0.0000E+00
  0.1104E-01  0.4425E-02  0.1155E+00  0.4625E-02  0.7662E-06  0.0000E+00
  0.4758E-02  0.2374E-01  0.1275E-01  0.3620E-02  0.0000E+00  0.3932E-08
  0.7239E-02  0.6078E-01  0.1532E-01  0.1266E-02  0.0000E+00  0.0000E+00
 Relative number of events:
  0.2250E-01  0.2700E-01  0.1800E-01  0.1600E-01  0.0000E+00  0.5000E-03
  0.4550E-01  0.4900E-01  0.3300E-01  0.3250E-01  0.0000E+00  0.1000E-02
  0.2250E-01  0.2050E-01  0.1450E-01  0.1950E-01  0.0000E+00  0.1000E-02
  0.5200E-01  0.5050E-01  0.3700E-01  0.2750E-01  0.1000E-02  0.5000E-03
  0.2500E-01  0.2050E-01  0.1600E-01  0.2150E-01  0.0000E+00  0.0000E+00
  0.2100E-01  0.3200E-01  0.1750E-01  0.1450E-01  0.5000E-03  0.0000E+00
  0.5000E-01  0.4500E-01  0.4450E-01  0.3050E-01  0.0000E+00  0.5000E-03
  0.5750E-01  0.4300E-01  0.3600E-01  0.3300E-01  0.0000E+00  0.0000E+00
 Events:
          45          54          36          32           0           1
          91          98          66          65           0           2
          45          41          29          39           0           2
         104         101          74          55           2           1
          50          41          32          43           0           0
          42          64          35          29           1           0
         100          90          89          61           0           1
         115          86          72          66           0           0
 Iteration  3   Mean: 0.2396E-08 Abs mean: 0.2396E-08   Fluctuation:  0.167E-08   0.664E-05    51.0%
  3    0.2396E-08 0.2396E-08 +- 0.1673E-08     44.16
 Relative summed weights:
  0.6983E-02  0.7815E-02  0.1572E-01  0.7570E-01  0.0000E+00  0.0000E+00
  0.1300E-01  0.7184E-02  0.1283E-02  0.8208E-02  0.1288E-06  0.1213E-05
  0.6848E-02  0.6038E-02  0.1424E-02  0.9449E-03  0.3479E-06  0.2223E-07
  0.4930E-02  0.7006E-02  0.1673E-02  0.5864E-02  0.1262E-05  0.0000E+00
  0.2756E-02  0.4363E-02  0.1286E-02  0.1245E-02  0.0000E+00  0.1306E-09
  0.7791E-02  0.1740E-02  0.7222E-02  0.4619E-02  0.0000E+00  0.0000E+00
  0.6976E+00  0.6930E-02  0.5658E-01  0.1111E-02  0.0000E+00  0.3265E-04
  0.1038E-01  0.3869E-02  0.1655E-01  0.5279E-02  0.0000E+00  0.3120E-07
 Relative number of events:
  0.2200E-01  0.2925E-01  0.1675E-01  0.1325E-01  0.0000E+00  0.0000E+00
  0.4950E-01  0.4850E-01  0.3875E-01  0.3875E-01  0.2500E-03  0.2500E-03
  0.2375E-01  0.2625E-01  0.1350E-01  0.1400E-01  0.7500E-03  0.2500E-03
  0.4025E-01  0.4375E-01  0.3675E-01  0.3225E-01  0.7500E-03  0.0000E+00
  0.2275E-01  0.2675E-01  0.1075E-01  0.1350E-01  0.0000E+00  0.2500E-03
  0.3050E-01  0.2900E-01  0.1950E-01  0.1625E-01  0.0000E+00  0.0000E+00
  0.4750E-01  0.5350E-01  0.3725E-01  0.3750E-01  0.0000E+00  0.5000E-03
  0.4800E-01  0.4725E-01  0.3275E-01  0.3650E-01  0.0000E+00  0.5000E-03
 Events:
          88         117          67          53           0           0
         198         194         155         155           1           1
          95         105          54          56           3           1
         161         175         147         129           3           0
          91         107          43          54           0           1
         122         116          78          65           0           0
         190         214         149         150           0           2
         192         189         131         146           0           2
 Accuracy:    0.746   0.100   0.234  10.190
 Found          232  events.
 Wrote            2  events.
 Actual xsec    6.0358365141163937E-010
 Correct abs xsec    6.0358365141163937E-010
 Event xsec    6.0358365141163937E-010
 Events wgts > 1:            1
 % Cross section > 1:    1.6020358319978457E-017   2.6542068000865545E-006
 Iteration  4   Mean: 0.9915E-09 Abs mean: 0.9915E-09   Fluctuation:  0.410E-09   0.290E-05    61.0%
  4    0.9915E-09 0.9915E-09 +- 0.4103E-09     37.02
 Relative summed weights:
  0.3137E-01  0.6345E-02  0.1135E-02  0.6330E-02  0.6006E-04  0.3190E-03
  0.3873E+00  0.1344E-01  0.1904E+00  0.7738E-02  0.7625E-05  0.9627E-08
  0.2707E-01  0.1023E-01  0.4343E-02  0.8985E-02  0.1093E-04  0.2856E-04
  0.2041E-01  0.4381E-01  0.2029E-01  0.9324E-02  0.1332E-06  0.6170E-05
  0.1733E-01  0.3421E-02  0.1761E-01  0.9781E-02  0.7733E-05  0.0000E+00
  0.8476E-02  0.1084E-01  0.7421E-02  0.3291E-02  0.0000E+00  0.2409E-04
  0.1301E-01  0.5312E-02  0.7079E-02  0.8651E-02  0.9913E-06  0.6396E-05
  0.1214E-01  0.1844E-01  0.5550E-02  0.6260E-01  0.1128E-03  0.3699E-07
 Relative number of events:
  0.2888E-01  0.2450E-01  0.1438E-01  0.1750E-01  0.3750E-03  0.1250E-03
  0.5525E-01  0.4312E-01  0.3400E-01  0.3913E-01  0.6250E-03  0.1250E-03
  0.2712E-01  0.2400E-01  0.1575E-01  0.1750E-01  0.2500E-03  0.2500E-03
  0.4788E-01  0.4512E-01  0.3338E-01  0.3537E-01  0.1250E-03  0.2500E-03
  0.2525E-01  0.2438E-01  0.1663E-01  0.1512E-01  0.2500E-03  0.0000E+00
  0.2712E-01  0.2488E-01  0.1675E-01  0.1775E-01  0.0000E+00  0.1250E-03
  0.4562E-01  0.4512E-01  0.3513E-01  0.3413E-01  0.2500E-03  0.3750E-03
  0.4612E-01  0.4587E-01  0.3862E-01  0.3475E-01  0.3750E-03  0.3750E-03
 Events:
         231         196         115         140           3           1
         442         345         272         313           5           1
         217         192         126         140           2           2
         383         361         267         283           1           2
         202         195         133         121           2           0
         217         199         134         142           0           1
         365         361         281         273           2           3
         369         367         309         278           3           3
 Accuracy:    0.479   0.100   0.203   5.547
 Found          136  events.
 Wrote            3  events.
 Actual xsec    7.4695610614579248E-010
 Correct abs xsec    7.4695610614579248E-010
 Event xsec    7.4695610614579259E-010
 Events wgts > 1:            0
 % Cross section > 1:    0.0000000000000000        0.0000000000000000     
 Iteration  5   Mean: 0.7430E-09 Abs mean: 0.7430E-09   Fluctuation:  0.103E-09   0.124E-05    63.5%
  5    0.7430E-09 0.7430E-09 +- 0.1035E-09     17.61
 Relative summed weights:
  0.7950E-01  0.1320E-01  0.1808E-01  0.1731E-01  0.4225E-06  0.1056E-05
  0.1496E-01  0.3214E-01  0.1838E-01  0.4444E-01  0.2495E-08  0.1386E-03
  0.1364E-01  0.6047E-01  0.2288E-01  0.3123E-01  0.2422E-04  0.6023E-06
  0.2979E-01  0.4737E-01  0.1914E-01  0.2367E-01  0.4054E-05  0.3216E-05
  0.1593E-01  0.4794E-01  0.6763E-02  0.2617E-01  0.4246E-05  0.3608E-05
  0.1995E-01  0.1238E+00  0.5888E-02  0.1449E-01  0.3875E-04  0.5118E-05
  0.4114E-01  0.3867E-01  0.1404E-01  0.3559E-01  0.5634E-04  0.4459E-06
  0.2536E-01  0.6742E-01  0.1894E-01  0.1129E-01  0.4564E-05  0.1536E-03
 Relative number of events:
  0.2538E-01  0.2344E-01  0.1819E-01  0.1638E-01  0.1875E-03  0.6250E-04
  0.4544E-01  0.4688E-01  0.3625E-01  0.3844E-01  0.1250E-03  0.3750E-03
  0.2431E-01  0.2656E-01  0.1663E-01  0.1825E-01  0.1250E-03  0.6250E-04
  0.4512E-01  0.4569E-01  0.3587E-01  0.3388E-01  0.4375E-03  0.2500E-03
  0.2769E-01  0.2587E-01  0.1562E-01  0.1656E-01  0.1250E-03  0.1875E-03
  0.2744E-01  0.2444E-01  0.1562E-01  0.1613E-01  0.1250E-03  0.6250E-04
  0.4688E-01  0.4469E-01  0.3519E-01  0.4025E-01  0.6250E-03  0.1250E-03
  0.4813E-01  0.4306E-01  0.3650E-01  0.3581E-01  0.3125E-03  0.2500E-03
 Events:
         406         375         291         262           3           1
         727         750         580         615           2           6
         389         425         266         292           2           1
         722         731         574         542           7           4
         443         414         250         265           2           3
         439         391         250         258           2           1
         750         715         563         644          10           2
         770         689         584         573           5           4
 Accuracy:    0.225   0.100   0.115   3.828
 Found          684  events.
 Wrote           10  events.
 Actual xsec    8.2441395217022566E-010
 Correct abs xsec    8.2441395217022566E-010
 Event xsec    8.2441395217022545E-010
 Events wgts > 1:            0
 % Cross section > 1:    0.0000000000000000        0.0000000000000000     

 -------------------------------------------------------------------------------
 Accumulated results:   Integral =  0.7284E-09
                        Std dev  =  0.8369E-10
                       Cross sec =  0.7284E-09
             Chi**2 per DoF.     =      3.8282
 -------------------------------------------------------------------------------
-------------------------------------------------
---------------------------
 Results Last   3 iters: Integral =   0.8244E-09
                     Abs integral =   0.8244E-09
                          Std dev =   0.1069E-09
                  Chi**2 per DoF. =      0.8336
-------------------------------------------------
---------------------------
 Status  0.10000000000000001                6           5

ls status:
events.lhe
ftn26
input_app.txt
results.dat
run1_app.log
