 Process in group number            1
 A PDF is used, so alpha_s(MZ) is going to be modified
 Old value of alpha_s from param_card:   0.11839999999999999     
  ****************************************
 
       NNPDFDriver version 1.0.3
   Grid: NNPDF23_lo_as_0130_qed_mem0.grid
  ****************************************
 New value of alpha_s from PDF nn23lo1:  0.13000000000000000     
 Define smin to   1600.0000000000000     
 Define smin to   1600.0000000000000     
 Define smin to   1600.0000000000000     
 *****************************************************
 *               MadGraph/MadEvent                   *
 *        --------------------------------           *
 *          http://madgraph.hep.uiuc.edu             *
 *          http://madgraph.phys.ucl.ac.be           *
 *          http://madgraph.roma2.infn.it            *
 *        --------------------------------           *
 *                                                   *
 *          PARAMETER AND COUPLING VALUES            *
 *                                                   *
 *****************************************************

  External Params
  ---------------------------------
  
 mdl_VeN1 =    1.0000000000000000     
 mdl_VeN2 =    0.0000000000000000     
 mdl_VeN3 =    0.0000000000000000     
 mdl_VmuN1 =    0.0000000000000000     
 mdl_VmuN2 =    1.0000000000000000     
 mdl_VmuN3 =    0.0000000000000000     
 mdl_VtaN1 =    0.0000000000000000     
 mdl_VtaN2 =    0.0000000000000000     
 mdl_VtaN3 =    1.0000000000000000     
 mdl_VN1N1 =    1.0000000000000000     
 mdl_VN1N2 =    1.0000000000000000     
 mdl_VN1N3 =    1.0000000000000000     
 mdl_VN2N2 =    1.0000000000000000     
 mdl_VN2N3 =    1.0000000000000000     
 mdl_VN3N3 =    1.0000000000000000     
 aEWM1 =    127.90000000000001     
 mdl_Gf =    1.1663700000000000E-005
 aS =   0.11839999999999999     
 mdl_ymt =    172.00000000000000     
 mdl_vevf =    50.000000000000000     
 mdl_MZ =    91.187600000000003     
 mdl_MT =    172.00000000000000     
 mdl_MH =    125.00000000000000     
 mdl_mN1 =    1644.0000000000000     
 mdl_mN2 =    1744.0000000000000     
 mdl_mN3 =    1844.0000000000000     
 mdl_MJ =    91.187600000000003     
 mdl_MAx =    173.04800000000000     
 mdl_WZ =    2.4952000000000001     
 mdl_WW =    2.0850000000000000     
 mdl_WT =    1.5083359999999999     
 mdl_WH =    4.0699999999999998E-003
 mdl_WN1 =   0.30299999999999999     
 mdl_WN2 =    1.5000000000000000     
 mdl_WN3 =    12.300000000000001     
 mdl_WJ =    2.4952000000000001     
 mdl_WAx =    4.1700000000000001E-003
  Internal Params
  ---------------------------------
  
 mdl_vevf__exp__2 =    2500.0000000000000     
 mdl_sqrt__vevf__exp__2 =    50.000000000000000     
 mdl_muJ =    50.000000000000000     
 mdl_MZ__exp__2 =    8315.1783937600012     
 mdl_MZ__exp__4 =    69142191.720053151     
 mdl_sqrt__2 =    1.4142135623730951     
 mdl_MJ__exp__2 =    8315.1783937600012     
 mdl_muJ__exp__2 =    2500.0000000000000     
 mdl_lamJ =    4.3260713575040004     
 mdl_MH__exp__2 =    15625.000000000000     
 mdl_complexi =  (  0.0000000000000000     ,  1.0000000000000000     )
 mdl_aEW =    7.8186082877247844E-003
 mdl_MW =    79.824359746197842     
 mdl_sqrt__aEW =    8.8422894590285753E-002
 mdl_ee =   0.31345100004952897     
 mdl_MW__exp__2 =    6371.9284088904105     
 mdl_sw2 =   0.23369913342182447     
 mdl_cw =   0.87538612427783857     
 mdl_sqrt__sw2 =   0.48342438232036300     
 mdl_sw =   0.48342438232036300     
 mdl_g1 =   0.35807170271074895     
 mdl_gN =   0.64839716719502682     
 mdl_gw =   0.64839716719502682     
 mdl_vev =    246.22056907348590     
 mdl_vev__exp__2 =    60624.568634871241     
 mdl_lam =   0.12886689630821144     
 mdl_yt =   0.98791394091683138     
 mdl_muH =    88.388347648318444     
 mdl_I2a33 =  ( 0.98791394091683138     ,  0.0000000000000000     )
 mdl_I3a33 =  ( 0.98791394091683138     ,  0.0000000000000000     )
 mdl_ee__exp__2 =    9.8251529432049817E-002
 mdl_sw__exp__2 =   0.23369913342182450     
 mdl_cw__exp__2 =   0.76630086657817542     
  Internal Params evaluated point by point
  ----------------------------------------
  
 mdl_sqrt__aS =   0.34409301068170506     
 mdl_G__exp__2 =    1.4878582807401259     
  Couplings of SM_HeavyN_UFO
  ---------------------------------
  
         GC_1 =  -0.00000E+00  -0.10448E+00
         GC_2 =   0.00000E+00   0.20897E+00
         GC_3 =  -0.00000E+00  -0.31345E+00
         GC_4 =   0.00000E+00   0.31345E+00
        GC_26 =   0.00000E+00   0.45849E+00
        GC_27 =  -0.00000E+00  -0.28380E+00
        GC_28 =   0.00000E+00   0.28380E+00
        GC_30 =   0.00000E+00   0.56760E+00
        GC_35 =  -0.00000E+00  -0.28850E-01
        GC_37 =   0.00000E+00   0.17310E+00
        GC_39 =   0.00000E+00  -0.19725E+00
        GC_40 =   0.00000E+00   0.37035E+00
        GC_80 =   0.00000E+00   0.67543E+02
       GC_107 =  -0.00000E+00  -0.74070E+00
       GC_109 =  -0.00000E+00  -0.74070E+00
       GC_111 =  -0.00000E+00  -0.74070E+00
       GC_113 =  -0.00000E+00  -0.74070E+00
       GC_115 =  -0.00000E+00  -0.74070E+00
       GC_117 =  -0.00000E+00  -0.74070E+00
       GC_119 =   0.00000E+00   0.00000E+00
       GC_120 =   0.00000E+00   0.00000E+00
       GC_122 =  -0.00000E+00  -0.00000E+00
       GC_126 =   0.00000E+00   0.00000E+00
       GC_127 =   0.00000E+00   0.00000E+00
       GC_129 =  -0.00000E+00  -0.00000E+00
       GC_133 =   0.00000E+00   0.45849E+00
       GC_134 =   0.00000E+00   0.37035E+00
       GC_136 =  -0.00000E+00  -0.74892E+01
        GC_81 =   0.32880E+02   0.00000E+00
        GC_82 =   0.34880E+02   0.00000E+00
        GC_83 =   0.36880E+02   0.00000E+00

 Collider parameters:
 --------------------

 Running at P P   machine @    13000.000000000000       GeV
 PDF set = nn23lo1
 alpha_s(Mz)= 0.1300 running at 2 loops.
 alpha_s(Mz)= 0.1300 running at 2 loops.
 Renormalization scale set on event-by-event basis
 Factorization   scale set on event-by-event basis


 getting user params
Enter number of events and max and min iterations: 
 Number of events and iterations         1000           5           3
Enter desired fractional accuracy: 
 Desired fractional accuracy:   0.10000000000000001     
Enter 0 for fixed, 2 for adjustable grid: 
Suppress amplitude (0 no, 1 yes)? 
 Using suppressed amplitude.
Exact helicity sum (0 yes, n = number/event)? 
 Explicitly summing over helicities
Enter Configuration Number: 
Running Configuration Number:  957
 Using dconfig=         239
 BW Setting            2           1           2           2           2           0           0
 Attempting mappinvarients           1           9
 Completed mapping           9
 about to integrate           19        1000           5           3          19           1
 Using non-zero grid deformation.
 19 dimensions   1000 events 19 invarients  5 iterations  1 config(s),  (0.99)
 Using h-tuple random number sequence.
 Error opening grid
 Using Uniform Grid!          36
 Using uniform alpha   1.0000000000000000     
 Grid defined OK
 Set CM energy to      13000.00
 Mapping Graph         957  to config         957
Setting grid   1    0.59172E-08   1
 Setting BW          -2           2   1844.0000000000000     
Setting grid   3    0.20773E-01   1
Setting grid   4    0.20773E-01   1
Setting grid   5    0.20773E-01   1
Setting grid   6    0.20773E-01   1
 Transforming s_hat 1/s           18   2.1219246901738226E-002   1600.0000000000000        168999999.99999997     
 957   1   2   3   4   5   6   7   8   9  10  11  12  13  14
  15  16  17  18  19
 Masses: 0.000E+00 0.000E+00 0.000E+00 0.000E+00 0.000E+00 0.000E+00 0.000E+00 0.000E+00 0.912E+02
Using random seed offsets   957 :      1
  with seed                   24
 Ranmar initialization seeds         687        9398
 
 ********************************************
 * You are using the DiscreteSampler module *
 *      part of the MG5_aMC framework       *
 *         Author: Valentin Hirschi         *
 ********************************************
 
  Particle       3       4       5       6       7       8       9
      Et >    10.0    10.0    10.0    10.0     0.0     0.0     0.0
       E >     0.0     0.0     0.0     0.0     0.0     0.0     0.0
     Eta <     2.5     2.5     2.5     2.5    -1.0    -1.0    -1.0
   xqcut:      0.0     0.0     0.0     0.0     0.0     0.0     0.0
d R # 3  >    -0.0     0.4     0.4     0.4     0.0     0.0     0.0
d R # 4  >    -0.0    -0.0     0.4     0.4     0.0     0.0     0.0
d R # 5  >    -0.0    -0.0    -0.0     0.4     0.0     0.0     0.0
d R # 6  >    -0.0    -0.0    -0.0    -0.0     0.0     0.0     0.0
d R # 7  >    -0.0    -0.0    -0.0    -0.0    -0.0     0.0     0.0
d R # 8  >    -0.0    -0.0    -0.0    -0.0    -0.0    -0.0     0.0
s min # 3>     0.0     0.0     0.0     0.0     0.0     0.0     0.0
s min # 4>     0.0     0.0     0.0     0.0     0.0     0.0     0.0
s min # 5>     0.0     0.0     0.0     0.0     0.0     0.0     0.0
s min # 6>     0.0     0.0     0.0     0.0     0.0     0.0     0.0
s min # 7>     0.0     0.0     0.0     0.0     0.0     0.0     0.0
s min # 8>     0.0     0.0     0.0     0.0     0.0     0.0     0.0
xqcutij # 3>     0.0     0.0     0.0     0.0     0.0     0.0     0.0
xqcutij # 4>     0.0     0.0     0.0     0.0     0.0     0.0     0.0
xqcutij # 5>     0.0     0.0     0.0     0.0     0.0     0.0     0.0
xqcutij # 6>     0.0     0.0     0.0     0.0     0.0     0.0     0.0
xqcutij # 7>     0.0     0.0     0.0     0.0     0.0     0.0     0.0
xqcutij # 8>     0.0     0.0     0.0     0.0     0.0     0.0     0.0
 Excluding BW           -1           1
 Requiring BW           -2           2
 Excluding BW           -3           3
 Excluding BW           -4           4
 Excluding BW           -6           5
 alpha_s for scale    2800.1971055038084       is    8.3032070277325537E-002
 Added good helicity            1   3.8719726537969268       in event            1 local:           1
 Added good helicity           21   11.591974360498643       in event            1 local:           1
 Added good helicity           25   1.7611581612125177E-006  in event            1 local:           1
 Added good helicity           37   3.1795160819602635E-006  in event            1 local:           1
 Added good helicity           41   1.0722123630597288E-008  in event            1 local:           1
 Added good helicity           61   6.3316745049913824E-008  in event            1 local:           1
 Added good helicity          193   48.279534582805447       in event            1 local:           1
 Added good helicity          213   192.25646093850153       in event            1 local:           1
 Added good helicity          217   1.5809461297244947E-005  in event            1 local:           1
 Added good helicity          229   3.5319696644950811E-005  in event            1 local:           1
 Added good helicity          233   3.9632683970881260E-007  in event            1 local:           1
 Added good helicity          253   9.2419956578591157E-007  in event            1 local:           1
 Added good helicity            1   3.8719726537970014       in event            1 local:           1
 Added good helicity           21   11.591974360500501       in event            1 local:           1
 Added good helicity           25   1.7611581612125330E-006  in event            1 local:           1
 Added good helicity           37   3.1795160819603511E-006  in event            1 local:           1
 Added good helicity           41   1.0722123630686375E-008  in event            1 local:           1
 Added good helicity           61   6.3316745050186820E-008  in event            1 local:           1
 Added good helicity          193   48.279534582797901       in event            1 local:           1
 Added good helicity          213   192.25646093850716       in event            1 local:           1
 Added good helicity          217   1.5809461297244724E-005  in event            1 local:           1
 Added good helicity          229   3.5319696644951522E-005  in event            1 local:           1
 Added good helicity          233   3.9632683971092198E-007  in event            1 local:           1
 Added good helicity          253   9.2419956578620803E-007  in event            1 local:           1
 RESET CUMULATIVE VARIABLE
 RESET CUMULATIVE VARIABLE
 RESET CUMULATIVE VARIABLE
 Iteration  1   Mean: 0.1025E-12 Abs mean: 0.1025E-12   Fluctuation:  0.810E-13   0.807E-10    34.6%
  1    0.1025E-12 0.1025E-12 +- 0.8099E-13     24.98
 Writing out events   5.9223985635900555E-017   24.977617144077843     
 Relative summed weights:
  0.2306E-03  0.0000E+00  0.8767E-04  0.0000E+00  0.0000E+00  0.0000E+00
  0.0000E+00  0.8430E-02  0.2465E-05  0.1232E-04  0.0000E+00  0.0000E+00
  0.3400E-03  0.2876E-02  0.6699E-02  0.2175E-05  0.0000E+00  0.0000E+00
  0.5131E-04  0.2327E-01  0.3646E-02  0.1018E-04  0.0000E+00  0.0000E+00
  0.1663E+00  0.4248E-03  0.3023E-05  0.1923E-07  0.0000E+00  0.0000E+00
  0.3730E-10  0.3515E-02  0.0000E+00  0.6353E-05  0.0000E+00  0.0000E+00
  0.5528E-02  0.1890E-04  0.2759E-02  0.1167E-04  0.0000E+00  0.0000E+00
  0.2530E-02  0.4657E-01  0.2673E-03  0.1767E-02  0.0000E+00  0.0000E+00
  0.3795E-03  0.9216E-03  0.3648E-04  0.1079E-02  0.0000E+00  0.0000E+00
  0.7396E-04  0.1816E-01  0.6145E-02  0.2412E-03  0.0000E+00  0.0000E+00
  0.0000E+00  0.0000E+00  0.6824E-06  0.1349E-06  0.0000E+00  0.0000E+00
  0.4962E-05  0.8739E-07  0.0000E+00  0.2345E-04  0.0000E+00  0.0000E+00
  0.2299E-02  0.2421E-03  0.1933E-04  0.4489E-02  0.0000E+00  0.0000E+00
  0.1608E-03  0.6081E-03  0.1293E-02  0.5728E-02  0.0000E+00  0.0000E+00
  0.0000E+00  0.2672E-01  0.1034E-03  0.0000E+00  0.0000E+00  0.0000E+00
  0.6559E+00  0.2809E-08  0.3113E-09  0.2700E-08  0.0000E+00  0.0000E+00
 Relative number of events:
  0.1982E-02  0.0000E+00  0.2973E-02  0.0000E+00  0.0000E+00  0.0000E+00
  0.0000E+00  0.9911E-03  0.9911E-03  0.9911E-03  0.0000E+00  0.0000E+00
  0.3766E-01  0.2478E-01  0.2775E-01  0.1685E-01  0.0000E+00  0.0000E+00
  0.2478E-01  0.3171E-01  0.1288E-01  0.2279E-01  0.0000E+00  0.0000E+00
  0.1982E-02  0.1982E-02  0.2973E-02  0.9911E-03  0.0000E+00  0.0000E+00
  0.9911E-03  0.2973E-02  0.0000E+00  0.9911E-03  0.0000E+00  0.0000E+00
  0.2379E-01  0.2081E-01  0.1784E-01  0.2081E-01  0.0000E+00  0.0000E+00
  0.2775E-01  0.2279E-01  0.2081E-01  0.1586E-01  0.0000E+00  0.0000E+00
  0.4460E-01  0.3271E-01  0.3171E-01  0.3964E-01  0.0000E+00  0.0000E+00
  0.3469E-01  0.2874E-01  0.3964E-01  0.3568E-01  0.0000E+00  0.0000E+00
  0.0000E+00  0.0000E+00  0.3964E-02  0.1982E-02  0.0000E+00  0.0000E+00
  0.1982E-02  0.1982E-02  0.0000E+00  0.2973E-02  0.0000E+00  0.0000E+00
  0.3171E-01  0.3865E-01  0.4163E-01  0.3865E-01  0.0000E+00  0.0000E+00
  0.4163E-01  0.3171E-01  0.3667E-01  0.3469E-01  0.0000E+00  0.0000E+00
  0.0000E+00  0.2973E-02  0.1982E-02  0.0000E+00  0.0000E+00  0.0000E+00
  0.4955E-02  0.9911E-03  0.9911E-03  0.1982E-02  0.0000E+00  0.0000E+00
 Events:
           2           0           3           0           0           0
           0           1           1           1           0           0
          38          25          28          17           0           0
          25          32          13          23           0           0
           2           2           3           1           0           0
           1           3           0           1           0           0
          24          21          18          21           0           0
          28          23          21          16           0           0
          45          33          32          40           0           0
          35          29          40          36           0           0
           0           0           4           2           0           0
           2           2           0           3           0           0
          32          39          42          39           0           0
          42          32          37          35           0           0
           0           3           2           0           0           0
           5           1           1           2           0           0
 Iteration  2   Mean: 0.1085E-12 Abs mean: 0.1085E-12   Fluctuation:  0.698E-13   0.131E-09    66.0%
  2    0.1085E-12 0.1085E-12 +- 0.6982E-13     28.79
 Relative summed weights:
  0.1768E-01  0.1227E-02  0.4433E-06  0.8885E-04  0.0000E+00  0.0000E+00
  0.2564E-06  0.2038E-04  0.1636E-05  0.6773E-04  0.0000E+00  0.0000E+00
  0.1284E-02  0.1111E-01  0.1730E-03  0.2652E-01  0.0000E+00  0.0000E+00
  0.6152E+00  0.3460E-03  0.3592E-04  0.4418E-03  0.0000E+00  0.0000E+00
  0.1256E-03  0.0000E+00  0.2192E-04  0.1477E-05  0.0000E+00  0.0000E+00
  0.8798E-09  0.1391E-05  0.1091E-07  0.9364E-04  0.0000E+00  0.0000E+00
  0.1884E-02  0.2122E+00  0.2400E-02  0.3149E-02  0.0000E+00  0.0000E+00
  0.1010E-03  0.2658E-02  0.5811E-01  0.1245E-02  0.0000E+00  0.3363E-06
  0.1972E-03  0.1194E-01  0.1077E-02  0.2082E-02  0.0000E+00  0.0000E+00
  0.5324E-02  0.1088E-02  0.1726E-03  0.3038E-02  0.0000E+00  0.0000E+00
  0.7573E-03  0.1900E-04  0.1174E-03  0.1105E-05  0.0000E+00  0.0000E+00
  0.9574E-06  0.3454E-03  0.5778E-04  0.7438E-08  0.0000E+00  0.0000E+00
  0.2971E-02  0.1856E-02  0.2270E-04  0.5436E-04  0.1759E-12  0.0000E+00
  0.5378E-03  0.5225E-03  0.5083E-03  0.5295E-04  0.5016E-10  0.0000E+00
  0.1396E-05  0.1096E-01  0.1746E-04  0.1933E-08  0.0000E+00  0.0000E+00
  0.8493E-06  0.1258E-04  0.9197E-05  0.5224E-04  0.0000E+00  0.0000E+00
 Relative number of events:
  0.1000E-02  0.2000E-02  0.1000E-02  0.2000E-02  0.0000E+00  0.0000E+00
  0.1000E-02  0.5000E-03  0.5000E-03  0.1500E-02  0.0000E+00  0.0000E+00
  0.2300E-01  0.2900E-01  0.1550E-01  0.1550E-01  0.0000E+00  0.0000E+00
  0.3450E-01  0.3200E-01  0.1600E-01  0.1300E-01  0.0000E+00  0.0000E+00
  0.1500E-02  0.0000E+00  0.5000E-03  0.1000E-02  0.0000E+00  0.0000E+00
  0.1500E-02  0.1000E-02  0.1000E-02  0.1000E-02  0.0000E+00  0.0000E+00
  0.3750E-01  0.2650E-01  0.2050E-01  0.1700E-01  0.0000E+00  0.0000E+00
  0.3400E-01  0.3250E-01  0.1900E-01  0.2000E-01  0.0000E+00  0.5000E-03
  0.5150E-01  0.4400E-01  0.3050E-01  0.3000E-01  0.0000E+00  0.0000E+00
  0.3550E-01  0.3850E-01  0.3100E-01  0.2500E-01  0.0000E+00  0.0000E+00
  0.2000E-02  0.2000E-02  0.1500E-02  0.2500E-02  0.0000E+00  0.0000E+00
  0.1500E-02  0.3500E-02  0.1000E-02  0.1000E-02  0.0000E+00  0.0000E+00
  0.4400E-01  0.4200E-01  0.2850E-01  0.2150E-01  0.5000E-03  0.0000E+00
  0.4150E-01  0.3800E-01  0.3350E-01  0.2900E-01  0.5000E-03  0.0000E+00
  0.2500E-02  0.3500E-02  0.1500E-02  0.1000E-02  0.0000E+00  0.0000E+00
  0.2000E-02  0.2500E-02  0.1500E-02  0.2500E-02  0.0000E+00  0.0000E+00
 Events:
           2           4           2           4           0           0
           2           1           1           3           0           0
          46          58          31          31           0           0
          69          64          32          26           0           0
           3           0           1           2           0           0
           3           2           2           2           0           0
          75          53          41          34           0           0
          68          65          38          40           0           1
         103          88          61          60           0           0
          71          77          62          50           0           0
           4           4           3           5           0           0
           3           7           2           2           0           0
          88          84          57          43           1           0
          83          76          67          58           1           0
           5           7           3           2           0           0
           4           5           3           5           0           0
 Iteration  3   Mean: 0.3263E-13 Abs mean: 0.3263E-13   Fluctuation:  0.850E-14   0.252E-10    73.3%
  3    0.3263E-13 0.3263E-13 +- 0.8498E-14     16.47
 Relative summed weights:
  0.1283E-01  0.3387E-04  0.4748E-04  0.4097E-03  0.0000E+00  0.0000E+00
  0.1229E-01  0.3855E-06  0.2466E-03  0.3718E-09  0.0000E+00  0.0000E+00
  0.1498E-01  0.5839E-02  0.2790E-02  0.2264E-02  0.1353E-06  0.0000E+00
  0.2131E-02  0.5542E-01  0.3907E-02  0.4192E-01  0.0000E+00  0.0000E+00
  0.1932E+00  0.5492E-05  0.4599E-06  0.4722E-03  0.0000E+00  0.0000E+00
  0.1777E-02  0.1469E-02  0.6861E-02  0.1922E-04  0.0000E+00  0.0000E+00
  0.1902E-01  0.1463E+00  0.4120E-01  0.5959E-01  0.0000E+00  0.0000E+00
  0.8148E-02  0.2691E-01  0.7380E-02  0.1310E-01  0.0000E+00  0.0000E+00
  0.8020E-03  0.2482E-01  0.9044E-01  0.2241E-01  0.0000E+00  0.0000E+00
  0.3369E-01  0.6865E-02  0.1615E-02  0.5408E-03  0.0000E+00  0.0000E+00
  0.1478E-02  0.2387E-02  0.9239E-04  0.1658E-02  0.0000E+00  0.0000E+00
  0.1336E-01  0.1142E-02  0.5785E-07  0.2626E-04  0.0000E+00  0.0000E+00
  0.8753E-02  0.4234E-02  0.2440E-02  0.2499E-01  0.4974E-05  0.0000E+00
  0.1083E-02  0.2679E-01  0.2692E-01  0.3651E-02  0.1908E-05  0.0000E+00
  0.4651E-03  0.2555E-04  0.2077E-02  0.1062E-04  0.0000E+00  0.0000E+00
  0.5350E-02  0.9582E-04  0.1128E-01  0.7482E-05  0.0000E+00  0.0000E+00
 Relative number of events:
  0.1250E-02  0.1000E-02  0.1000E-02  0.1000E-02  0.0000E+00  0.0000E+00
  0.1750E-02  0.1000E-02  0.7500E-03  0.2500E-03  0.0000E+00  0.0000E+00
  0.3025E-01  0.3325E-01  0.1700E-01  0.1850E-01  0.2500E-03  0.0000E+00
  0.3100E-01  0.3425E-01  0.1625E-01  0.1850E-01  0.0000E+00  0.0000E+00
  0.1750E-02  0.5000E-03  0.5000E-03  0.1500E-02  0.0000E+00  0.0000E+00
  0.2250E-02  0.1000E-02  0.2500E-02  0.7500E-03  0.0000E+00  0.0000E+00
  0.2625E-01  0.3325E-01  0.1825E-01  0.1950E-01  0.0000E+00  0.0000E+00
  0.3225E-01  0.3175E-01  0.1775E-01  0.2100E-01  0.0000E+00  0.0000E+00
  0.3925E-01  0.3800E-01  0.2425E-01  0.2600E-01  0.0000E+00  0.0000E+00
  0.4075E-01  0.3775E-01  0.2575E-01  0.2750E-01  0.0000E+00  0.0000E+00
  0.2500E-02  0.2250E-02  0.2000E-02  0.1750E-02  0.0000E+00  0.0000E+00
  0.2000E-02  0.1750E-02  0.5000E-03  0.1750E-02  0.0000E+00  0.0000E+00
  0.4275E-01  0.3975E-01  0.3100E-01  0.2925E-01  0.2500E-03  0.0000E+00
  0.4525E-01  0.4875E-01  0.2950E-01  0.2775E-01  0.2500E-03  0.0000E+00
  0.2000E-02  0.3250E-02  0.1750E-02  0.1500E-02  0.0000E+00  0.0000E+00
  0.2250E-02  0.1250E-02  0.7500E-03  0.1000E-02  0.0000E+00  0.0000E+00
 Events:
           5           4           4           4           0           0
           7           4           3           1           0           0
         121         133          68          74           1           0
         124         137          65          74           0           0
           7           2           2           6           0           0
           9           4          10           3           0           0
         105         133          73          78           0           0
         129         127          71          84           0           0
         157         152          97         104           0           0
         163         151         103         110           0           0
          10           9           8           7           0           0
           8           7           2           7           0           0
         171         159         124         117           1           0
         181         195         118         111           1           0
           8          13           7           6           0           0
           9           5           3           4           0           0
 Accuracy:    0.441   0.100   0.231   3.649
 Found           63  events.
 Wrote            5  events.
 Actual xsec    4.8359729764378992E-014
 Correct abs xsec    4.8359729764378992E-014
 Event xsec    4.8359729764378992E-014
 Events wgts > 1:            1
 % Cross section > 1:    5.5891907428785048E-023   1.1557530966592403E-007
 Iteration  4   Mean: 0.2804E-12 Abs mean: 0.2804E-12   Fluctuation:  0.124E-12   0.723E-09    75.1%
  4    0.2804E-12 0.2804E-12 +- 0.1236E-12     39.43
 Relative summed weights:
  0.9922E-03  0.3516E-03  0.1183E-03  0.5930E-04  0.0000E+00  0.0000E+00
  0.9197E-03  0.1514E-01  0.4496E-02  0.2987E-03  0.0000E+00  0.0000E+00
  0.1183E-01  0.3440E-01  0.1808E-02  0.7261E-03  0.0000E+00  0.4005E-07
  0.5669E-02  0.1821E-02  0.4906E-02  0.8416E-03  0.0000E+00  0.0000E+00
  0.3653E-02  0.7698E-04  0.5977E-05  0.2381E-04  0.0000E+00  0.0000E+00
  0.3902E-03  0.8598E-02  0.7056E-04  0.2971E-04  0.0000E+00  0.0000E+00
  0.1832E-02  0.7070E-02  0.1962E-02  0.1215E-02  0.0000E+00  0.0000E+00
  0.5924E-02  0.2962E-01  0.2897E-02  0.2140E-02  0.2420E-08  0.0000E+00
  0.3053E-01  0.3904E-02  0.2051E-02  0.1352E-02  0.5907E-08  0.6726E-09
  0.3285E+00  0.5118E-02  0.3307E-02  0.2940E-02  0.0000E+00  0.0000E+00
  0.1103E-01  0.5571E-01  0.7798E-03  0.1177E-03  0.0000E+00  0.0000E+00
  0.6818E-02  0.6280E-02  0.2977E-02  0.1629E-04  0.0000E+00  0.0000E+00
  0.1942E-02  0.2108E-01  0.3236E-02  0.1046E-02  0.0000E+00  0.0000E+00
  0.2015E-02  0.7383E-02  0.8641E-03  0.1418E-02  0.3100E-15  0.7904E-06
  0.8452E-03  0.3796E-01  0.3283E-03  0.2080E-01  0.0000E+00  0.0000E+00
  0.1691E-03  0.2887E+00  0.5610E-05  0.9310E-03  0.0000E+00  0.0000E+00
 Relative number of events:
  0.1250E-02  0.1375E-02  0.1250E-02  0.7500E-03  0.0000E+00  0.0000E+00
  0.1250E-02  0.1750E-02  0.1250E-02  0.7500E-03  0.0000E+00  0.0000E+00
  0.3025E-01  0.3275E-01  0.1837E-01  0.1688E-01  0.0000E+00  0.1250E-03
  0.2863E-01  0.3213E-01  0.1875E-01  0.1912E-01  0.0000E+00  0.0000E+00
  0.1125E-02  0.1625E-02  0.5000E-03  0.6250E-03  0.0000E+00  0.0000E+00
  0.1625E-02  0.1250E-02  0.1500E-02  0.8750E-03  0.0000E+00  0.0000E+00
  0.2900E-01  0.3163E-01  0.1663E-01  0.1562E-01  0.0000E+00  0.0000E+00
  0.2987E-01  0.2987E-01  0.1975E-01  0.1900E-01  0.1250E-03  0.0000E+00
  0.4163E-01  0.4562E-01  0.2975E-01  0.2950E-01  0.1250E-03  0.1250E-03
  0.4038E-01  0.4200E-01  0.2825E-01  0.2587E-01  0.0000E+00  0.0000E+00
  0.2250E-02  0.1875E-02  0.1250E-02  0.1250E-02  0.0000E+00  0.0000E+00
  0.1875E-02  0.2500E-02  0.1000E-02  0.8750E-03  0.0000E+00  0.0000E+00
  0.4063E-01  0.4575E-01  0.3012E-01  0.2788E-01  0.0000E+00  0.0000E+00
  0.4038E-01  0.4263E-01  0.2612E-01  0.2913E-01  0.1250E-03  0.2500E-03
  0.3125E-02  0.1375E-02  0.1125E-02  0.1875E-02  0.0000E+00  0.0000E+00
  0.2125E-02  0.1250E-02  0.1000E-02  0.1750E-02  0.0000E+00  0.0000E+00
 Events:
          10          11          10           6           0           0
          10          14          10           6           0           0
         242         262         147         135           0           1
         229         257         150         153           0           0
           9          13           4           5           0           0
          13          10          12           7           0           0
         232         253         133         125           0           0
         239         239         158         152           1           0
         333         365         238         236           1           1
         323         336         226         207           0           0
          18          15          10          10           0           0
          15          20           8           7           0           0
         325         366         241         223           0           0
         323         341         209         233           1           2
          25          11           9          15           0           0
          17          10           8          14           0           0
 Accuracy:    0.582   0.100   0.205   8.087
 Found          369  events.
 Wrote            3  events.
 Actual xsec    9.7979431224569740E-014
 Correct abs xsec    9.7979431224569740E-014
 Event xsec    9.7979431224569727E-014
 Events wgts > 1:            0
 % Cross section > 1:    0.0000000000000000        0.0000000000000000     
 Iteration  5   Mean: 0.8284E-12 Abs mean: 0.8284E-12   Fluctuation:  0.525E-12   0.827E-08    73.8%
  5    0.8284E-12 0.8284E-12 +- 0.5253E-12     80.22
 Relative summed weights:
  0.1935E-03  0.2961E-03  0.2876E-04  0.5882E-03  0.0000E+00  0.0000E+00
  0.6661E-04  0.6548E+00  0.5221E-03  0.1029E-04  0.0000E+00  0.0000E+00
  0.1349E-02  0.3285E-01  0.1711E-02  0.5956E-03  0.0000E+00  0.2146E-08
  0.9843E-03  0.1015E-01  0.7547E-03  0.1333E-01  0.0000E+00  0.2055E-06
  0.4353E-03  0.4238E-03  0.2586E-03  0.4346E-05  0.0000E+00  0.0000E+00
  0.4658E-03  0.5283E-03  0.9551E-05  0.8423E-04  0.1202E-08  0.8744E-07
  0.9358E-02  0.1996E-02  0.1429E-02  0.3783E-02  0.0000E+00  0.2831E-07
  0.1465E-02  0.1206E-02  0.4249E-01  0.2887E-03  0.1373E-09  0.4107E-07
  0.5561E-02  0.1494E-01  0.8623E-03  0.1315E-02  0.1418E-05  0.1821E-08
  0.7230E-02  0.2787E-02  0.5008E-02  0.1741E-02  0.0000E+00  0.0000E+00
  0.3614E-03  0.1424E-02  0.2916E-03  0.5949E-03  0.0000E+00  0.0000E+00
  0.4001E-02  0.4768E-01  0.3981E-02  0.6916E-03  0.0000E+00  0.0000E+00
  0.2092E-01  0.3528E-02  0.2281E-02  0.1323E-02  0.5539E-08  0.1839E-08
  0.1110E-02  0.8480E-01  0.8649E-03  0.1336E-02  0.0000E+00  0.2383E-09
  0.2592E-03  0.1416E-03  0.3131E-03  0.4792E-04  0.0000E+00  0.0000E+00
  0.2916E-03  0.1585E-02  0.1350E-03  0.1278E-03  0.0000E+00  0.0000E+00
 Relative number of events:
  0.1125E-02  0.1375E-02  0.8750E-03  0.1000E-02  0.0000E+00  0.0000E+00
  0.1500E-02  0.1250E-02  0.1063E-02  0.1000E-02  0.0000E+00  0.0000E+00
  0.3125E-01  0.3100E-01  0.1631E-01  0.1731E-01  0.0000E+00  0.6250E-04
  0.3213E-01  0.3031E-01  0.1862E-01  0.1688E-01  0.0000E+00  0.6250E-04
  0.1625E-02  0.1250E-02  0.6875E-03  0.8125E-03  0.0000E+00  0.0000E+00
  0.1437E-02  0.1875E-02  0.2500E-03  0.9375E-03  0.6250E-04  0.6250E-04
  0.3112E-01  0.3319E-01  0.1562E-01  0.1706E-01  0.0000E+00  0.6250E-04
  0.3369E-01  0.3231E-01  0.1738E-01  0.1569E-01  0.6250E-04  0.6250E-04
  0.4000E-01  0.4450E-01  0.2825E-01  0.2650E-01  0.1250E-03  0.1250E-03
  0.4238E-01  0.4075E-01  0.2731E-01  0.3031E-01  0.0000E+00  0.0000E+00
  0.1813E-02  0.2063E-02  0.1125E-02  0.1375E-02  0.0000E+00  0.0000E+00
  0.2375E-02  0.2188E-02  0.1813E-02  0.1563E-02  0.0000E+00  0.0000E+00
  0.4350E-01  0.4500E-01  0.2850E-01  0.2687E-01  0.6250E-04  0.6250E-04
  0.4225E-01  0.4269E-01  0.2687E-01  0.2987E-01  0.0000E+00  0.6250E-04
  0.1625E-02  0.2125E-02  0.1563E-02  0.1000E-02  0.0000E+00  0.0000E+00
  0.1125E-02  0.1875E-02  0.1437E-02  0.5625E-03  0.0000E+00  0.0000E+00
 Events:
          18          22          14          16           0           0
          24          20          17          16           0           0
         500         496         261         277           0           1
         514         485         298         270           0           1
          26          20          11          13           0           0
          23          30           4          15           1           1
         498         531         250         273           0           1
         539         517         278         251           1           1
         640         712         452         424           2           2
         678         652         437         485           0           0
          29          33          18          22           0           0
          38          35          29          25           0           0
         696         720         456         430           1           1
         676         683         430         478           0           1
          26          34          25          16           0           0
          18          30          23           9           0           0
 Accuracy:    0.698   0.100   0.195  12.852
 Found          281  events.
 Wrote            1  events.
 Actual xsec    1.7801176590083025E-013
 Correct abs xsec    1.7801176590083025E-013
 Event xsec    1.7801176590083025E-013
 Events wgts > 1:            0
 % Cross section > 1:    0.0000000000000000        0.0000000000000000     

 -------------------------------------------------------------------------------
 Accumulated results:   Integral =  0.1671E-12
                        Std dev  =  0.3252E-13
                       Cross sec =  0.1671E-12
             Chi**2 per DoF.     =     12.8518
 -------------------------------------------------------------------------------
-------------------------------------------------
---------------------------
 Results Last   3 iters: Integral =   0.1780E-12
                     Abs integral =   0.1780E-12
                          Std dev =   0.3763E-13
                  Chi**2 per DoF. =    147.4293
-------------------------------------------------
---------------------------
 Status  0.10000000000000001                6           5

ls status:
events.lhe
ftn26
input_app.txt
results.dat
run1_app.log
