 Process in group number            1
 A PDF is used, so alpha_s(MZ) is going to be modified
 Old value of alpha_s from param_card:   0.11839999999999999     
  ****************************************
 
       NNPDFDriver version 1.0.3
   Grid: NNPDF23_lo_as_0130_qed_mem0.grid
  ****************************************
 New value of alpha_s from PDF nn23lo1:  0.13000000000000000     
 Define smin to   1600.0000000000000     
 Define smin to   1600.0000000000000     
 Define smin to   1600.0000000000000     
 *****************************************************
 *               MadGraph/MadEvent                   *
 *        --------------------------------           *
 *          http://madgraph.hep.uiuc.edu             *
 *          http://madgraph.phys.ucl.ac.be           *
 *          http://madgraph.roma2.infn.it            *
 *        --------------------------------           *
 *                                                   *
 *          PARAMETER AND COUPLING VALUES            *
 *                                                   *
 *****************************************************

  External Params
  ---------------------------------
  
 mdl_VeN1 =    1.0000000000000000     
 mdl_VeN2 =    0.0000000000000000     
 mdl_VeN3 =    0.0000000000000000     
 mdl_VmuN1 =    0.0000000000000000     
 mdl_VmuN2 =    1.0000000000000000     
 mdl_VmuN3 =    0.0000000000000000     
 mdl_VtaN1 =    0.0000000000000000     
 mdl_VtaN2 =    0.0000000000000000     
 mdl_VtaN3 =    1.0000000000000000     
 mdl_VN1N1 =    1.0000000000000000     
 mdl_VN1N2 =    1.0000000000000000     
 mdl_VN1N3 =    1.0000000000000000     
 mdl_VN2N2 =    1.0000000000000000     
 mdl_VN2N3 =    1.0000000000000000     
 mdl_VN3N3 =    1.0000000000000000     
 aEWM1 =    127.90000000000001     
 mdl_Gf =    1.1663700000000000E-005
 aS =   0.11839999999999999     
 mdl_ymt =    172.00000000000000     
 mdl_vevf =    50.000000000000000     
 mdl_MZ =    91.187600000000003     
 mdl_MT =    172.00000000000000     
 mdl_MH =    125.00000000000000     
 mdl_mN1 =    1822.0000000000000     
 mdl_mN2 =    1922.0000000000000     
 mdl_mN3 =    2022.0000000000000     
 mdl_MJ =    91.187600000000003     
 mdl_MAx =    173.04800000000000     
 mdl_WZ =    2.4952000000000001     
 mdl_WW =    2.0850000000000000     
 mdl_WT =    1.5083359999999999     
 mdl_WH =    4.0699999999999998E-003
 mdl_WN1 =   0.30299999999999999     
 mdl_WN2 =    1.5000000000000000     
 mdl_WN3 =    12.300000000000001     
 mdl_WJ =    2.4952000000000001     
 mdl_WAx =    4.1700000000000001E-003
  Internal Params
  ---------------------------------
  
 mdl_vevf__exp__2 =    2500.0000000000000     
 mdl_sqrt__vevf__exp__2 =    50.000000000000000     
 mdl_muJ =    50.000000000000000     
 mdl_MZ__exp__2 =    8315.1783937600012     
 mdl_MZ__exp__4 =    69142191.720053151     
 mdl_sqrt__2 =    1.4142135623730951     
 mdl_MJ__exp__2 =    8315.1783937600012     
 mdl_muJ__exp__2 =    2500.0000000000000     
 mdl_lamJ =    4.3260713575040004     
 mdl_MH__exp__2 =    15625.000000000000     
 mdl_complexi =  (  0.0000000000000000     ,  1.0000000000000000     )
 mdl_aEW =    7.8186082877247844E-003
 mdl_MW =    79.824359746197842     
 mdl_sqrt__aEW =    8.8422894590285753E-002
 mdl_ee =   0.31345100004952897     
 mdl_MW__exp__2 =    6371.9284088904105     
 mdl_sw2 =   0.23369913342182447     
 mdl_cw =   0.87538612427783857     
 mdl_sqrt__sw2 =   0.48342438232036300     
 mdl_sw =   0.48342438232036300     
 mdl_g1 =   0.35807170271074895     
 mdl_gN =   0.64839716719502682     
 mdl_gw =   0.64839716719502682     
 mdl_vev =    246.22056907348590     
 mdl_vev__exp__2 =    60624.568634871241     
 mdl_lam =   0.12886689630821144     
 mdl_yt =   0.98791394091683138     
 mdl_muH =    88.388347648318444     
 mdl_I2a33 =  ( 0.98791394091683138     ,  0.0000000000000000     )
 mdl_I3a33 =  ( 0.98791394091683138     ,  0.0000000000000000     )
 mdl_ee__exp__2 =    9.8251529432049817E-002
 mdl_sw__exp__2 =   0.23369913342182450     
 mdl_cw__exp__2 =   0.76630086657817542     
  Internal Params evaluated point by point
  ----------------------------------------
  
 mdl_sqrt__aS =   0.34409301068170506     
 mdl_G__exp__2 =    1.4878582807401259     
  Couplings of SM_HeavyN_UFO
  ---------------------------------
  
         GC_1 =  -0.00000E+00  -0.10448E+00
         GC_2 =   0.00000E+00   0.20897E+00
         GC_3 =  -0.00000E+00  -0.31345E+00
         GC_4 =   0.00000E+00   0.31345E+00
        GC_26 =   0.00000E+00   0.45849E+00
        GC_27 =  -0.00000E+00  -0.28380E+00
        GC_28 =   0.00000E+00   0.28380E+00
        GC_30 =   0.00000E+00   0.56760E+00
        GC_35 =  -0.00000E+00  -0.28850E-01
        GC_37 =   0.00000E+00   0.17310E+00
        GC_39 =   0.00000E+00  -0.19725E+00
        GC_40 =   0.00000E+00   0.37035E+00
        GC_80 =   0.00000E+00   0.67543E+02
       GC_107 =  -0.00000E+00  -0.74070E+00
       GC_109 =  -0.00000E+00  -0.74070E+00
       GC_111 =  -0.00000E+00  -0.74070E+00
       GC_113 =  -0.00000E+00  -0.74070E+00
       GC_115 =  -0.00000E+00  -0.74070E+00
       GC_117 =  -0.00000E+00  -0.74070E+00
       GC_119 =   0.00000E+00   0.00000E+00
       GC_120 =   0.00000E+00   0.00000E+00
       GC_122 =  -0.00000E+00  -0.00000E+00
       GC_126 =   0.00000E+00   0.00000E+00
       GC_127 =   0.00000E+00   0.00000E+00
       GC_129 =  -0.00000E+00  -0.00000E+00
       GC_133 =   0.00000E+00   0.45849E+00
       GC_134 =   0.00000E+00   0.37035E+00
       GC_136 =  -0.00000E+00  -0.82121E+01
        GC_81 =   0.36440E+02   0.00000E+00
        GC_82 =   0.38440E+02   0.00000E+00
        GC_83 =   0.40440E+02   0.00000E+00

 Collider parameters:
 --------------------

 Running at P P   machine @    13000.000000000000       GeV
 PDF set = nn23lo1
 alpha_s(Mz)= 0.1300 running at 2 loops.
 alpha_s(Mz)= 0.1300 running at 2 loops.
 Renormalization scale set on event-by-event basis
 Factorization   scale set on event-by-event basis


 getting user params
Enter number of events and max and min iterations: 
 Number of events and iterations         1000           5           3
Enter desired fractional accuracy: 
 Desired fractional accuracy:   0.10000000000000001     
Enter 0 for fixed, 2 for adjustable grid: 
Suppress amplitude (0 no, 1 yes)? 
 Using suppressed amplitude.
Exact helicity sum (0 yes, n = number/event)? 
 Explicitly summing over helicities
Enter Configuration Number: 
Running Configuration Number:  957
 Using dconfig=         233
 BW Setting            2           2           1           2           2           0           0
 Attempting mappinvarients           1           9
 Completed mapping           9
 about to integrate           19        1000           5           3          19           1
 Using non-zero grid deformation.
 19 dimensions   1000 events 19 invarients  5 iterations  1 config(s),  (0.99)
 Using h-tuple random number sequence.
 Error opening grid
 Using Uniform Grid!          36
 Using uniform alpha   1.0000000000000000     
 Grid defined OK
 Set CM energy to      13000.00
 Mapping Graph         957  to config         957
Setting grid   1    0.59172E-08   1
Setting grid   2    0.59172E-08   1
 Setting BW          -3           3   2022.0000000000000     
Setting grid   4    0.22743E-01   1
Setting grid   5    0.22743E-01   1
Setting grid   6    0.22743E-01   1
 Transforming s_hat 1/s           18   2.3209350591715982E-002   1600.0000000000000        168999999.99999997     
 957   1   2   3   4   5   6   7   8   9  10  11  12  13  14
  15  16  17  18  19
 Masses: 0.000E+00 0.000E+00 0.000E+00 0.000E+00 0.000E+00 0.000E+00 0.000E+00 0.000E+00 0.912E+02
Using random seed offsets   957 :      1
  with seed                   24
 Ranmar initialization seeds         687        9398
 
 ********************************************
 * You are using the DiscreteSampler module *
 *      part of the MG5_aMC framework       *
 *         Author: Valentin Hirschi         *
 ********************************************
 
  Particle       3       4       5       6       7       8       9
      Et >    10.0    10.0    10.0    10.0     0.0     0.0     0.0
       E >     0.0     0.0     0.0     0.0     0.0     0.0     0.0
     Eta <     2.5     2.5     2.5     2.5    -1.0    -1.0    -1.0
   xqcut:      0.0     0.0     0.0     0.0     0.0     0.0     0.0
d R # 3  >    -0.0     0.4     0.4     0.4     0.0     0.0     0.0
d R # 4  >    -0.0    -0.0     0.4     0.4     0.0     0.0     0.0
d R # 5  >    -0.0    -0.0    -0.0     0.4     0.0     0.0     0.0
d R # 6  >    -0.0    -0.0    -0.0    -0.0     0.0     0.0     0.0
d R # 7  >    -0.0    -0.0    -0.0    -0.0    -0.0     0.0     0.0
d R # 8  >    -0.0    -0.0    -0.0    -0.0    -0.0    -0.0     0.0
s min # 3>     0.0     0.0     0.0     0.0     0.0     0.0     0.0
s min # 4>     0.0     0.0     0.0     0.0     0.0     0.0     0.0
s min # 5>     0.0     0.0     0.0     0.0     0.0     0.0     0.0
s min # 6>     0.0     0.0     0.0     0.0     0.0     0.0     0.0
s min # 7>     0.0     0.0     0.0     0.0     0.0     0.0     0.0
s min # 8>     0.0     0.0     0.0     0.0     0.0     0.0     0.0
xqcutij # 3>     0.0     0.0     0.0     0.0     0.0     0.0     0.0
xqcutij # 4>     0.0     0.0     0.0     0.0     0.0     0.0     0.0
xqcutij # 5>     0.0     0.0     0.0     0.0     0.0     0.0     0.0
xqcutij # 6>     0.0     0.0     0.0     0.0     0.0     0.0     0.0
xqcutij # 7>     0.0     0.0     0.0     0.0     0.0     0.0     0.0
xqcutij # 8>     0.0     0.0     0.0     0.0     0.0     0.0     0.0
 Excluding BW           -1           1
 Excluding BW           -2           2
 Requiring BW           -3           3
 Excluding BW           -4           4
 Excluding BW           -6           5
 alpha_s for scale    2922.2155900508615       is    8.2662980858023122E-002
 Added good helicity            1   3.2394089346839730       in event            1 local:           1
 Added good helicity           21   1.1066715375864389       in event            1 local:           1
 Added good helicity           25   2.9707596146739300E-004  in event            1 local:           1
 Added good helicity           37   6.9941148960874812E-004  in event            1 local:           1
 Added good helicity           41   4.3073711116868617E-004  in event            1 local:           1
 Added good helicity           61   8.4793234943220328E-005  in event            1 local:           1
 Added good helicity          193   243.67535184345297       in event            1 local:           1
 Added good helicity          213   7.8949378156559602       in event            1 local:           1
 Added good helicity          217   1.2147061801900175E-003  in event            1 local:           1
 Added good helicity          229   4.6241315567306436E-002  in event            1 local:           1
 Added good helicity          233   3.2479819473486923E-002  in event            1 local:           1
 Added good helicity          253   2.1820096024206541E-003  in event            1 local:           1
 Added good helicity            1   3.2394089346838562       in event            1 local:           1
 Added good helicity           21   1.1066715375862528       in event            1 local:           1
 Added good helicity           25   2.9707596146737511E-004  in event            1 local:           1
 Added good helicity           37   6.9941148960868252E-004  in event            1 local:           1
 Added good helicity           41   4.3073711116861272E-004  in event            1 local:           1
 Added good helicity           61   8.4793234943204336E-005  in event            1 local:           1
 Added good helicity          193   243.67535184345385       in event            1 local:           1
 Added good helicity          213   7.8949378156554442       in event            1 local:           1
 Added good helicity          217   1.2147061801899440E-003  in event            1 local:           1
 Added good helicity          229   4.6241315567300864E-002  in event            1 local:           1
 Added good helicity          233   3.2479819473479415E-002  in event            1 local:           1
 Added good helicity          253   2.1820096024203349E-003  in event            1 local:           1
 RESET CUMULATIVE VARIABLE
 RESET CUMULATIVE VARIABLE
 RESET CUMULATIVE VARIABLE
 Iteration  1   Mean: 0.6006E-13 Abs mean: 0.6006E-13   Fluctuation:  0.230E-13   0.187E-10    23.1%
  1    0.6006E-13 0.6006E-13 +- 0.2300E-13     12.11
 Writing out events   5.1892116083957591E-017   12.108603193827875     
 Relative summed weights:
  0.3437E-03  0.4887E-02  0.1919E-02  0.1138E-02  0.0000E+00  0.0000E+00
  0.1307E+00  0.3620E-03  0.8450E-02  0.1797E-02  0.0000E+00  0.0000E+00
  0.1070E-05  0.2842E-02  0.0000E+00  0.5960E-02  0.0000E+00  0.0000E+00
  0.6078E-03  0.7003E-10  0.3736E-03  0.6600E-03  0.0000E+00  0.0000E+00
  0.9998E-02  0.1820E-02  0.3992E-03  0.3852E-04  0.0000E+00  0.0000E+00
  0.8106E-03  0.4580E-01  0.4455E-01  0.4829E-01  0.0000E+00  0.0000E+00
  0.4083E-05  0.2006E-02  0.5026E-02  0.2656E-07  0.0000E+00  0.0000E+00
  0.1406E-04  0.5920E-05  0.0000E+00  0.1022E-06  0.0000E+00  0.0000E+00
  0.8444E-08  0.3905E-03  0.1475E-04  0.8748E-04  0.0000E+00  0.3091E-02
  0.1207E-02  0.5138E-04  0.3207E-01  0.1204E-02  0.0000E+00  0.0000E+00
  0.1539E-03  0.6402E-03  0.2081E-01  0.5589E-03  0.0000E+00  0.0000E+00
  0.1764E-01  0.4409E-01  0.3139E+00  0.1008E-02  0.0000E+00  0.0000E+00
  0.7634E-08  0.1245E-07  0.1187E-04  0.1691E-05  0.8729E-07  0.0000E+00
  0.9414E-02  0.0000E+00  0.1380E+00  0.7419E-12  0.0000E+00  0.0000E+00
  0.7570E-01  0.1302E-02  0.1967E-02  0.2088E-02  0.0000E+00  0.0000E+00
  0.8037E-03  0.6497E-02  0.7072E-02  0.1473E-02  0.3669E-07  0.0000E+00
 Relative number of events:
  0.3072E-01  0.2478E-01  0.1388E-01  0.1883E-01  0.0000E+00  0.0000E+00
  0.2478E-01  0.1982E-01  0.1784E-01  0.1784E-01  0.0000E+00  0.0000E+00
  0.3964E-02  0.1982E-02  0.0000E+00  0.1982E-02  0.0000E+00  0.0000E+00
  0.2973E-02  0.9911E-03  0.9911E-03  0.1982E-02  0.0000E+00  0.0000E+00
  0.2180E-01  0.2577E-01  0.1685E-01  0.1388E-01  0.0000E+00  0.0000E+00
  0.1883E-01  0.2279E-01  0.1487E-01  0.1189E-01  0.0000E+00  0.0000E+00
  0.2973E-02  0.3964E-02  0.9911E-03  0.1982E-02  0.0000E+00  0.0000E+00
  0.1982E-02  0.2973E-02  0.0000E+00  0.9911E-03  0.0000E+00  0.0000E+00
  0.2973E-02  0.4955E-02  0.1982E-02  0.1982E-02  0.0000E+00  0.9911E-03
  0.2973E-02  0.1982E-02  0.5946E-02  0.9911E-03  0.0000E+00  0.0000E+00
  0.2973E-01  0.4262E-01  0.2874E-01  0.2973E-01  0.0000E+00  0.0000E+00
  0.4757E-01  0.3271E-01  0.4658E-01  0.4559E-01  0.0000E+00  0.0000E+00
  0.1982E-02  0.2973E-02  0.4955E-02  0.9911E-03  0.9911E-03  0.0000E+00
  0.9911E-03  0.0000E+00  0.3964E-02  0.9911E-03  0.0000E+00  0.0000E+00
  0.3568E-01  0.3865E-01  0.3865E-01  0.4658E-01  0.0000E+00  0.0000E+00
  0.3370E-01  0.4262E-01  0.3766E-01  0.3370E-01  0.9911E-03  0.0000E+00
 Events:
          31          25          14          19           0           0
          25          20          18          18           0           0
           4           2           0           2           0           0
           3           1           1           2           0           0
          22          26          17          14           0           0
          19          23          15          12           0           0
           3           4           1           2           0           0
           2           3           0           1           0           0
           3           5           2           2           0           1
           3           2           6           1           0           0
          30          43          29          30           0           0
          48          33          47          46           0           0
           2           3           5           1           1           0
           1           0           4           1           0           0
          36          39          39          47           0           0
          34          43          38          34           1           0
 Iteration  2   Mean: 0.1907E-12 Abs mean: 0.1907E-12   Fluctuation:  0.796E-13   0.143E-09    58.0%
  2    0.1907E-12 0.1907E-12 +- 0.7964E-13     18.68
 Relative summed weights:
  0.1297E+00  0.2186E-02  0.1360E-02  0.1038E-01  0.0000E+00  0.2504E-07
  0.7708E-02  0.1100E-01  0.3820E-01  0.3153E-03  0.0000E+00  0.0000E+00
  0.4359E-03  0.1244E-03  0.3729E-02  0.1718E-02  0.0000E+00  0.0000E+00
  0.2793E-04  0.4792E-05  0.2618E-07  0.1169E-01  0.4691E-04  0.0000E+00
  0.2138E-02  0.8467E-02  0.9889E-02  0.2198E-02  0.0000E+00  0.0000E+00
  0.8891E-02  0.3076E-02  0.5315E-02  0.6045E-01  0.0000E+00  0.0000E+00
  0.4795E-04  0.6907E-04  0.4371E-03  0.2449E-06  0.0000E+00  0.0000E+00
  0.3864E-03  0.0000E+00  0.2042E-04  0.1036E-03  0.0000E+00  0.0000E+00
  0.1283E-02  0.9959E-01  0.2820E-04  0.4905E-04  0.0000E+00  0.0000E+00
  0.2629E-02  0.3153E-03  0.6537E-04  0.4556E-02  0.0000E+00  0.0000E+00
  0.2962E-02  0.3210E-02  0.8869E-03  0.1058E-01  0.1928E-05  0.0000E+00
  0.1818E-02  0.3600E-01  0.1593E-02  0.6020E-01  0.3725E-06  0.5723E-05
  0.5377E-03  0.2072E-04  0.6241E-05  0.9422E-03  0.0000E+00  0.0000E+00
  0.1400E-02  0.3542E-03  0.8408E-04  0.3757E+00  0.0000E+00  0.0000E+00
  0.2297E-01  0.1934E-01  0.3563E-02  0.5547E-02  0.4406E-07  0.0000E+00
  0.9488E-02  0.7243E-02  0.1617E-03  0.6778E-02  0.5220E-07  0.0000E+00
 Relative number of events:
  0.2250E-01  0.2650E-01  0.1350E-01  0.1100E-01  0.0000E+00  0.5000E-03
  0.1800E-01  0.2900E-01  0.1400E-01  0.1000E-01  0.0000E+00  0.0000E+00
  0.1500E-02  0.1000E-02  0.1000E-02  0.2000E-02  0.0000E+00  0.0000E+00
  0.2500E-02  0.1500E-02  0.5000E-03  0.4500E-02  0.5000E-03  0.0000E+00
  0.2200E-01  0.2650E-01  0.1500E-01  0.9000E-02  0.0000E+00  0.0000E+00
  0.1850E-01  0.1750E-01  0.1600E-01  0.1500E-01  0.0000E+00  0.0000E+00
  0.1500E-02  0.2000E-02  0.2500E-02  0.5000E-03  0.0000E+00  0.0000E+00
  0.1500E-02  0.0000E+00  0.2000E-02  0.3000E-02  0.0000E+00  0.0000E+00
  0.4000E-02  0.2000E-02  0.1500E-02  0.2000E-02  0.0000E+00  0.0000E+00
  0.3500E-02  0.4000E-02  0.2000E-02  0.2000E-02  0.0000E+00  0.0000E+00
  0.4550E-01  0.5250E-01  0.3600E-01  0.3550E-01  0.1000E-02  0.0000E+00
  0.4400E-01  0.4450E-01  0.3350E-01  0.4150E-01  0.5000E-03  0.5000E-03
  0.3000E-02  0.2000E-02  0.1500E-02  0.3000E-02  0.0000E+00  0.0000E+00
  0.2500E-02  0.3000E-02  0.1000E-02  0.1500E-02  0.0000E+00  0.0000E+00
  0.4400E-01  0.4300E-01  0.3100E-01  0.3150E-01  0.5000E-03  0.0000E+00
  0.4150E-01  0.4700E-01  0.3200E-01  0.4250E-01  0.1000E-02  0.0000E+00
 Events:
          45          53          27          22           0           1
          36          58          28          20           0           0
           3           2           2           4           0           0
           5           3           1           9           1           0
          44          53          30          18           0           0
          37          35          32          30           0           0
           3           4           5           1           0           0
           3           0           4           6           0           0
           8           4           3           4           0           0
           7           8           4           4           0           0
          91         105          72          71           2           0
          88          89          67          83           1           1
           6           4           3           6           0           0
           5           6           2           3           0           0
          88          86          62          63           1           0
          83          94          64          85           2           0
 Iteration  3   Mean: 0.4286E-12 Abs mean: 0.4286E-12   Fluctuation:  0.165E-12   0.595E-09    67.2%
  3    0.4286E-12 0.4286E-12 +- 0.1651E-12     24.36
 Relative summed weights:
  0.7832E-01  0.3985E-01  0.4705E-02  0.1167E-01  0.0000E+00  0.0000E+00
  0.1755E-01  0.1150E-01  0.1565E-02  0.1606E-02  0.0000E+00  0.7235E-04
  0.2347E-03  0.1037E-04  0.7381E-03  0.9042E-03  0.0000E+00  0.0000E+00
  0.6235E-03  0.1180E+00  0.1583E-02  0.6664E-02  0.0000E+00  0.0000E+00
  0.2693E-01  0.2819E-01  0.5526E-02  0.4879E-04  0.0000E+00  0.3027E-04
  0.1985E-02  0.1873E-02  0.2082E-02  0.7304E-02  0.0000E+00  0.0000E+00
  0.6151E-04  0.5168E-04  0.1000E-02  0.2757E-01  0.0000E+00  0.0000E+00
  0.8932E-03  0.3480E-02  0.2113E-03  0.5928E-03  0.0000E+00  0.0000E+00
  0.2487E-03  0.3660E-02  0.4498E-01  0.2378E-03  0.0000E+00  0.0000E+00
  0.2726E-02  0.1542E-02  0.1051E-02  0.4925E-03  0.0000E+00  0.0000E+00
  0.7057E-02  0.6336E-02  0.1334E-02  0.3485E+00  0.3496E-03  0.1803E-03
  0.1382E-01  0.1037E-01  0.4347E-02  0.4216E-02  0.0000E+00  0.0000E+00
  0.4584E-03  0.1250E-03  0.1051E-03  0.1373E-03  0.0000E+00  0.0000E+00
  0.4328E-03  0.9673E-02  0.2050E-02  0.1159E-01  0.0000E+00  0.0000E+00
  0.6708E-01  0.8089E-02  0.7752E-02  0.1711E-01  0.0000E+00  0.1234E-07
  0.1285E-02  0.1336E-01  0.1967E-02  0.3900E-02  0.0000E+00  0.1936E-06
 Relative number of events:
  0.2275E-01  0.2475E-01  0.1375E-01  0.1525E-01  0.0000E+00  0.0000E+00
  0.2900E-01  0.2650E-01  0.1375E-01  0.1750E-01  0.0000E+00  0.2500E-03
  0.1500E-02  0.1500E-02  0.2250E-02  0.1250E-02  0.0000E+00  0.0000E+00
  0.1000E-02  0.2500E-02  0.1750E-02  0.2250E-02  0.0000E+00  0.0000E+00
  0.2200E-01  0.2175E-01  0.1200E-01  0.1100E-01  0.0000E+00  0.2500E-03
  0.2150E-01  0.2675E-01  0.1475E-01  0.1250E-01  0.0000E+00  0.0000E+00
  0.5000E-03  0.1250E-02  0.1750E-02  0.2500E-02  0.0000E+00  0.0000E+00
  0.2000E-02  0.1750E-02  0.1750E-02  0.2750E-02  0.0000E+00  0.0000E+00
  0.4250E-02  0.2750E-02  0.2750E-02  0.3250E-02  0.0000E+00  0.0000E+00
  0.2750E-02  0.2750E-02  0.2500E-02  0.2000E-02  0.0000E+00  0.0000E+00
  0.4650E-01  0.4600E-01  0.3225E-01  0.3000E-01  0.5000E-03  0.2500E-03
  0.4500E-01  0.4375E-01  0.3550E-01  0.3200E-01  0.0000E+00  0.0000E+00
  0.2500E-02  0.2500E-02  0.1500E-02  0.1000E-02  0.0000E+00  0.0000E+00
  0.2750E-02  0.1750E-02  0.1750E-02  0.1750E-02  0.0000E+00  0.0000E+00
  0.5125E-01  0.4325E-01  0.3475E-01  0.3025E-01  0.0000E+00  0.2500E-03
  0.4500E-01  0.4775E-01  0.2875E-01  0.3400E-01  0.0000E+00  0.2500E-03
 Events:
          91          99          55          61           0           0
         116         106          55          70           0           1
           6           6           9           5           0           0
           4          10           7           9           0           0
          88          87          48          44           0           1
          86         107          59          50           0           0
           2           5           7          10           0           0
           8           7           7          11           0           0
          17          11          11          13           0           0
          11          11          10           8           0           0
         186         184         129         120           2           1
         180         175         142         128           0           0
          10          10           6           4           0           0
          11           7           7           7           0           0
         205         173         139         121           0           1
         180         191         115         136           0           1
 Accuracy:    0.486   0.100   0.228   4.551
 Found          156  events.
 Wrote            2  events.
 Actual xsec    2.2763828820775671E-013
 Correct abs xsec    2.2763828820775671E-013
 Event xsec    2.2763828820775671E-013
 Events wgts > 1:            1
 % Cross section > 1:    9.7252398585070794E-021   4.2722337859223524E-006
 Iteration  4   Mean: 0.4022E-12 Abs mean: 0.4022E-12   Fluctuation:  0.874E-13   0.536E-09    71.0%
  4    0.4022E-12 0.4022E-12 +- 0.8735E-13     19.43
 Relative summed weights:
  0.1969E-01  0.1092E-01  0.2941E-02  0.2038E-02  0.0000E+00  0.5098E-05
  0.8334E-01  0.4305E-02  0.7081E-03  0.9070E-03  0.0000E+00  0.0000E+00
  0.7309E-03  0.8550E-04  0.2407E-03  0.2351E-02  0.0000E+00  0.0000E+00
  0.3597E-02  0.2588E-02  0.9779E-03  0.2303E-02  0.0000E+00  0.0000E+00
  0.1317E-01  0.3248E-01  0.1211E-01  0.2083E-01  0.0000E+00  0.0000E+00
  0.9518E-02  0.7455E-02  0.1340E-02  0.3341E-01  0.0000E+00  0.0000E+00
  0.1347E-03  0.4100E-03  0.6462E-01  0.2725E-03  0.0000E+00  0.0000E+00
  0.7044E-03  0.7715E-02  0.8309E-03  0.7981E-02  0.0000E+00  0.0000E+00
  0.8474E-01  0.3332E-01  0.1680E+00  0.1891E-02  0.0000E+00  0.0000E+00
  0.1398E-03  0.2897E-03  0.9028E-02  0.2651E-03  0.0000E+00  0.0000E+00
  0.1242E-01  0.4866E-01  0.1880E-01  0.5988E-02  0.1950E-07  0.0000E+00
  0.2210E-01  0.5589E-02  0.5203E-02  0.7399E-02  0.6441E-05  0.0000E+00
  0.6278E-02  0.3338E-02  0.3888E-01  0.8991E-03  0.0000E+00  0.0000E+00
  0.5818E-03  0.2411E-02  0.1969E-02  0.1437E-01  0.0000E+00  0.0000E+00
  0.1522E-01  0.4481E-01  0.2395E-02  0.5591E-02  0.2057E-04  0.1096E-06
  0.7052E-02  0.4240E-01  0.2271E-01  0.1647E-01  0.0000E+00  0.1615E-04
 Relative number of events:
  0.2600E-01  0.2388E-01  0.1300E-01  0.1388E-01  0.0000E+00  0.1250E-03
  0.2725E-01  0.2237E-01  0.1213E-01  0.1275E-01  0.0000E+00  0.0000E+00
  0.1500E-02  0.1500E-02  0.2000E-02  0.2625E-02  0.0000E+00  0.0000E+00
  0.1000E-02  0.1500E-02  0.1625E-02  0.1625E-02  0.0000E+00  0.0000E+00
  0.2550E-01  0.2600E-01  0.1438E-01  0.1238E-01  0.0000E+00  0.0000E+00
  0.2488E-01  0.2700E-01  0.1263E-01  0.1300E-01  0.0000E+00  0.0000E+00
  0.1500E-02  0.2000E-02  0.1875E-02  0.2750E-02  0.0000E+00  0.0000E+00
  0.2375E-02  0.2500E-02  0.1875E-02  0.2250E-02  0.0000E+00  0.0000E+00
  0.3250E-02  0.2875E-02  0.2500E-02  0.2625E-02  0.0000E+00  0.0000E+00
  0.2500E-02  0.2625E-02  0.1875E-02  0.1375E-02  0.0000E+00  0.0000E+00
  0.4275E-01  0.4688E-01  0.2687E-01  0.3338E-01  0.2500E-03  0.0000E+00
  0.5013E-01  0.4537E-01  0.3175E-01  0.3425E-01  0.5000E-03  0.0000E+00
  0.2500E-02  0.2750E-02  0.1875E-02  0.2250E-02  0.0000E+00  0.0000E+00
  0.3000E-02  0.2750E-02  0.1750E-02  0.2000E-02  0.0000E+00  0.0000E+00
  0.4800E-01  0.4525E-01  0.3037E-01  0.3075E-01  0.3750E-03  0.1250E-03
  0.4550E-01  0.4612E-01  0.3363E-01  0.3138E-01  0.0000E+00  0.2500E-03
 Events:
         208         191         104         111           0           1
         218         179          97         102           0           0
          12          12          16          21           0           0
           8          12          13          13           0           0
         204         208         115          99           0           0
         199         216         101         104           0           0
          12          16          15          22           0           0
          19          20          15          18           0           0
          26          23          20          21           0           0
          20          21          15          11           0           0
         342         375         215         267           2           0
         401         363         254         274           4           0
          20          22          15          18           0           0
          24          22          14          16           0           0
         384         362         243         246           3           1
         364         369         269         251           0           2
 Accuracy:    0.251   0.100   0.157   2.553
 Found          243  events.
 Wrote            5  events.
 Actual xsec    3.7146441455565932E-013
 Correct abs xsec    3.7146441455565932E-013
 Event xsec    3.7146441455565927E-013
 Events wgts > 1:            1
 % Cross section > 1:    1.6636434610769779E-020   4.4786078985977853E-006
 Iteration  5   Mean: 0.8359E-12 Abs mean: 0.8359E-12   Fluctuation:  0.259E-12   0.378E-08    75.1%
  5    0.8359E-12 0.8359E-12 +- 0.2593E-12     39.24
 Relative summed weights:
  0.1672E-01  0.1296E-01  0.6752E-02  0.4239E-02  0.0000E+00  0.0000E+00
  0.6645E-02  0.3126E-01  0.1279E-01  0.6461E-02  0.0000E+00  0.5379E-08
  0.2771E-02  0.6985E-02  0.2834E+00  0.4935E-03  0.0000E+00  0.0000E+00
  0.8144E-03  0.1604E-01  0.4883E-03  0.6236E-02  0.0000E+00  0.0000E+00
  0.2755E-01  0.2133E-01  0.2117E-02  0.1335E-01  0.1561E-04  0.2312E-04
  0.1695E-01  0.3660E-01  0.1050E-01  0.2698E-02  0.0000E+00  0.0000E+00
  0.6315E-02  0.4352E-02  0.4873E-03  0.2504E-02  0.0000E+00  0.0000E+00
  0.3641E-02  0.2736E-02  0.5247E-03  0.1515E-01  0.0000E+00  0.0000E+00
  0.3920E-01  0.5514E-02  0.5868E-02  0.1097E+00  0.0000E+00  0.0000E+00
  0.6102E-02  0.2936E-02  0.5857E-03  0.4164E-02  0.8810E-09  0.0000E+00
  0.4494E-02  0.9357E-02  0.4747E-02  0.1518E-01  0.1299E-04  0.1396E-06
  0.4289E-01  0.4706E-02  0.7802E-02  0.4603E-02  0.4663E-08  0.0000E+00
  0.1485E-01  0.5670E-02  0.2066E-03  0.8636E-02  0.0000E+00  0.0000E+00
  0.7145E-02  0.4185E-02  0.6477E-02  0.6148E-02  0.0000E+00  0.0000E+00
  0.1668E-01  0.1067E-01  0.5391E-02  0.1488E-01  0.1733E-07  0.0000E+00
  0.1926E-01  0.1538E-01  0.7544E-02  0.7107E-02  0.1166E-04  0.1957E-05
 Relative number of events:
  0.2844E-01  0.2569E-01  0.1219E-01  0.1300E-01  0.0000E+00  0.0000E+00
  0.2469E-01  0.2438E-01  0.1281E-01  0.1287E-01  0.0000E+00  0.6250E-04
  0.1875E-02  0.2188E-02  0.2375E-02  0.1937E-02  0.0000E+00  0.0000E+00
  0.1750E-02  0.1813E-02  0.2312E-02  0.1937E-02  0.0000E+00  0.0000E+00
  0.2400E-01  0.2250E-01  0.1356E-01  0.1356E-01  0.1250E-03  0.6250E-04
  0.2531E-01  0.2562E-01  0.1287E-01  0.1294E-01  0.0000E+00  0.0000E+00
  0.2250E-02  0.2375E-02  0.1813E-02  0.2312E-02  0.0000E+00  0.0000E+00
  0.2000E-02  0.1937E-02  0.2563E-02  0.2063E-02  0.0000E+00  0.0000E+00
  0.2812E-02  0.2437E-02  0.1375E-02  0.2125E-02  0.0000E+00  0.0000E+00
  0.3687E-02  0.2812E-02  0.2375E-02  0.1813E-02  0.6250E-04  0.0000E+00
  0.4675E-01  0.4425E-01  0.3431E-01  0.3525E-01  0.1875E-03  0.1875E-03
  0.4725E-01  0.4544E-01  0.3050E-01  0.3313E-01  0.6250E-04  0.0000E+00
  0.3438E-02  0.3125E-02  0.1187E-02  0.2250E-02  0.0000E+00  0.0000E+00
  0.3312E-02  0.2875E-02  0.2000E-02  0.2125E-02  0.0000E+00  0.0000E+00
  0.4263E-01  0.4525E-01  0.3144E-01  0.3163E-01  0.6250E-04  0.0000E+00
  0.4656E-01  0.4444E-01  0.3144E-01  0.3075E-01  0.2500E-03  0.2500E-03
 Events:
         455         411         195         208           0           0
         395         390         205         206           0           1
          30          35          38          31           0           0
          28          29          37          31           0           0
         384         360         217         217           2           1
         405         410         206         207           0           0
          36          38          29          37           0           0
          32          31          41          33           0           0
          45          39          22          34           0           0
          59          45          38          29           1           0
         748         708         549         564           3           3
         756         727         488         530           1           0
          55          50          19          36           0           0
          53          46          32          34           0           0
         682         724         503         506           1           0
         745         711         503         492           4           4
 Accuracy:    0.285   0.100   0.140   4.145
 Found          701  events.
 Wrote            6  events.
 Actual xsec    5.2440963748926390E-013
 Correct abs xsec    5.2440963748926390E-013
 Event xsec    5.2440963748926390E-013
 Events wgts > 1:            1
 % Cross section > 1:    9.8165611358205267E-021   1.8719261497213615E-006

 -------------------------------------------------------------------------------
 Accumulated results:   Integral =  0.4246E-12
                        Std dev  =  0.5952E-13
                       Cross sec =  0.4246E-12
             Chi**2 per DoF.     =      4.1451
 -------------------------------------------------------------------------------
-------------------------------------------------
---------------------------
 Results Last   3 iters: Integral =   0.5244E-12
                     Abs integral =   0.5244E-12
                          Std dev =   0.8470E-13
                  Chi**2 per DoF. =      1.8686
-------------------------------------------------
---------------------------
 Status  0.10000000000000001                6           5

ls status:
events.lhe
ftn26
input_app.txt
results.dat
run1_app.log
