 Process in group number            1
 A PDF is used, so alpha_s(MZ) is going to be modified
 Old value of alpha_s from param_card:   0.11839999999999999     
  ****************************************
 
       NNPDFDriver version 1.0.3
   Grid: NNPDF23_lo_as_0130_qed_mem0.grid
  ****************************************
 New value of alpha_s from PDF nn23lo1:  0.13000000000000000     
 Define smin to   1600.0000000000000     
 Define smin to   1600.0000000000000     
 Define smin to   1600.0000000000000     
 *****************************************************
 *               MadGraph/MadEvent                   *
 *        --------------------------------           *
 *          http://madgraph.hep.uiuc.edu             *
 *          http://madgraph.phys.ucl.ac.be           *
 *          http://madgraph.roma2.infn.it            *
 *        --------------------------------           *
 *                                                   *
 *          PARAMETER AND COUPLING VALUES            *
 *                                                   *
 *****************************************************

  External Params
  ---------------------------------
  
 mdl_VeN1 =    1.0000000000000000     
 mdl_VeN2 =    0.0000000000000000     
 mdl_VeN3 =    0.0000000000000000     
 mdl_VmuN1 =    0.0000000000000000     
 mdl_VmuN2 =    1.0000000000000000     
 mdl_VmuN3 =    0.0000000000000000     
 mdl_VtaN1 =    0.0000000000000000     
 mdl_VtaN2 =    0.0000000000000000     
 mdl_VtaN3 =    1.0000000000000000     
 mdl_VN1N1 =    1.0000000000000000     
 mdl_VN1N2 =    1.0000000000000000     
 mdl_VN1N3 =    1.0000000000000000     
 mdl_VN2N2 =    1.0000000000000000     
 mdl_VN2N3 =    1.0000000000000000     
 mdl_VN3N3 =    1.0000000000000000     
 aEWM1 =    127.90000000000001     
 mdl_Gf =    1.1663700000000000E-005
 aS =   0.11839999999999999     
 mdl_ymt =    172.00000000000000     
 mdl_vevf =    50.000000000000000     
 mdl_MZ =    91.187600000000003     
 mdl_MT =    172.00000000000000     
 mdl_MH =    125.00000000000000     
 mdl_mN1 =    2000.0000000000000     
 mdl_mN2 =    2100.0000000000000     
 mdl_mN3 =    2200.0000000000000     
 mdl_MJ =    91.187600000000003     
 mdl_MAx =    173.04800000000000     
 mdl_WZ =    2.4952000000000001     
 mdl_WW =    2.0850000000000000     
 mdl_WT =    1.5083359999999999     
 mdl_WH =    4.0699999999999998E-003
 mdl_WN1 =   0.30299999999999999     
 mdl_WN2 =    1.5000000000000000     
 mdl_WN3 =    12.300000000000001     
 mdl_WJ =    2.4952000000000001     
 mdl_WAx =    4.1700000000000001E-003
  Internal Params
  ---------------------------------
  
 mdl_vevf__exp__2 =    2500.0000000000000     
 mdl_sqrt__vevf__exp__2 =    50.000000000000000     
 mdl_muJ =    50.000000000000000     
 mdl_MZ__exp__2 =    8315.1783937600012     
 mdl_MZ__exp__4 =    69142191.720053151     
 mdl_sqrt__2 =    1.4142135623730951     
 mdl_MJ__exp__2 =    8315.1783937600012     
 mdl_muJ__exp__2 =    2500.0000000000000     
 mdl_lamJ =    4.3260713575040004     
 mdl_MH__exp__2 =    15625.000000000000     
 mdl_complexi =  (  0.0000000000000000     ,  1.0000000000000000     )
 mdl_aEW =    7.8186082877247844E-003
 mdl_MW =    79.824359746197842     
 mdl_sqrt__aEW =    8.8422894590285753E-002
 mdl_ee =   0.31345100004952897     
 mdl_MW__exp__2 =    6371.9284088904105     
 mdl_sw2 =   0.23369913342182447     
 mdl_cw =   0.87538612427783857     
 mdl_sqrt__sw2 =   0.48342438232036300     
 mdl_sw =   0.48342438232036300     
 mdl_g1 =   0.35807170271074895     
 mdl_gN =   0.64839716719502682     
 mdl_gw =   0.64839716719502682     
 mdl_vev =    246.22056907348590     
 mdl_vev__exp__2 =    60624.568634871241     
 mdl_lam =   0.12886689630821144     
 mdl_yt =   0.98791394091683138     
 mdl_muH =    88.388347648318444     
 mdl_I2a33 =  ( 0.98791394091683138     ,  0.0000000000000000     )
 mdl_I3a33 =  ( 0.98791394091683138     ,  0.0000000000000000     )
 mdl_ee__exp__2 =    9.8251529432049817E-002
 mdl_sw__exp__2 =   0.23369913342182450     
 mdl_cw__exp__2 =   0.76630086657817542     
  Internal Params evaluated point by point
  ----------------------------------------
  
 mdl_sqrt__aS =   0.34409301068170506     
 mdl_G__exp__2 =    1.4878582807401259     
  Couplings of SM_HeavyN_UFO
  ---------------------------------
  
         GC_1 =  -0.00000E+00  -0.10448E+00
         GC_2 =   0.00000E+00   0.20897E+00
         GC_3 =  -0.00000E+00  -0.31345E+00
         GC_4 =   0.00000E+00   0.31345E+00
        GC_26 =   0.00000E+00   0.45849E+00
        GC_27 =  -0.00000E+00  -0.28380E+00
        GC_28 =   0.00000E+00   0.28380E+00
        GC_30 =   0.00000E+00   0.56760E+00
        GC_35 =  -0.00000E+00  -0.28850E-01
        GC_37 =   0.00000E+00   0.17310E+00
        GC_39 =   0.00000E+00  -0.19725E+00
        GC_40 =   0.00000E+00   0.37035E+00
        GC_80 =   0.00000E+00   0.67543E+02
       GC_107 =  -0.00000E+00  -0.74070E+00
       GC_109 =  -0.00000E+00  -0.74070E+00
       GC_111 =  -0.00000E+00  -0.74070E+00
       GC_113 =  -0.00000E+00  -0.74070E+00
       GC_115 =  -0.00000E+00  -0.74070E+00
       GC_117 =  -0.00000E+00  -0.74070E+00
       GC_119 =   0.00000E+00   0.00000E+00
       GC_120 =   0.00000E+00   0.00000E+00
       GC_122 =  -0.00000E+00  -0.00000E+00
       GC_126 =   0.00000E+00   0.00000E+00
       GC_127 =   0.00000E+00   0.00000E+00
       GC_129 =  -0.00000E+00  -0.00000E+00
       GC_133 =   0.00000E+00   0.45849E+00
       GC_134 =   0.00000E+00   0.37035E+00
       GC_136 =  -0.00000E+00  -0.89351E+01
        GC_81 =   0.40000E+02   0.00000E+00
        GC_82 =   0.42000E+02   0.00000E+00
        GC_83 =   0.44000E+02   0.00000E+00

 Collider parameters:
 --------------------

 Running at P P   machine @    13000.000000000000       GeV
 PDF set = nn23lo1
 alpha_s(Mz)= 0.1300 running at 2 loops.
 alpha_s(Mz)= 0.1300 running at 2 loops.
 Renormalization scale set on event-by-event basis
 Factorization   scale set on event-by-event basis


 getting user params
Enter number of events and max and min iterations: 
 Number of events and iterations         1000           5           3
Enter desired fractional accuracy: 
 Desired fractional accuracy:   0.10000000000000001     
Enter 0 for fixed, 2 for adjustable grid: 
Suppress amplitude (0 no, 1 yes)? 
 Using suppressed amplitude.
Exact helicity sum (0 yes, n = number/event)? 
 Explicitly summing over helicities
Enter Configuration Number: 
Running Configuration Number:  293
 Using dconfig=         718
 BW Setting            1           2           1           2           2           2           0
 Attempting mappinvarients           1           9
 Completed mapping           9
 about to integrate           19        1000           5           3          19           1
 Using non-zero grid deformation.
 19 dimensions   1000 events 19 invarients  5 iterations  1 config(s),  (0.99)
 Using h-tuple random number sequence.
 Error opening grid
 Using Uniform Grid!          36
 Using uniform alpha   1.0000000000000000     
 Grid defined OK
 Set CM energy to      13000.00
 Mapping Graph         293  to config         293
 Setting BW          -1           1   91.187600000000003     
Setting grid   2    0.36660E-04   1
 Setting BW          -3           3   2200.0000000000000     
Setting grid   4    0.75740E-07   1
Setting grid   5    0.75740E-07   1
Setting grid   6    0.27151E-01   1
 Transforming s_hat 1/s           18   2.7568770710059178E-002   1600.0000000000000        168999999.99999997     
 293   1   2   3   4   5   6   7   8   9  10  11  12  13  14
  15  16  17  18  19
 Masses: 0.000E+00 0.000E+00 0.000E+00 0.000E+00 0.000E+00 0.000E+00 0.000E+00 0.000E+00 0.912E+02
Using random seed offsets   293 :      1
  with seed                   24
 Ranmar initialization seeds          23        9398
 
 ********************************************
 * You are using the DiscreteSampler module *
 *      part of the MG5_aMC framework       *
 *         Author: Valentin Hirschi         *
 ********************************************
 
  Particle       3       4       5       6       7       8       9
      Et >    10.0    10.0    10.0    10.0     0.0     0.0     0.0
       E >     0.0     0.0     0.0     0.0     0.0     0.0     0.0
     Eta <     2.5     2.5     2.5     2.5    -1.0    -1.0    -1.0
   xqcut:      0.0     0.0     0.0     0.0     0.0     0.0     0.0
d R # 3  >    -0.0     0.4     0.4     0.4     0.0     0.0     0.0
d R # 4  >    -0.0    -0.0     0.4     0.4     0.0     0.0     0.0
d R # 5  >    -0.0    -0.0    -0.0     0.4     0.0     0.0     0.0
d R # 6  >    -0.0    -0.0    -0.0    -0.0     0.0     0.0     0.0
d R # 7  >    -0.0    -0.0    -0.0    -0.0    -0.0     0.0     0.0
d R # 8  >    -0.0    -0.0    -0.0    -0.0    -0.0    -0.0     0.0
s min # 3>     0.0     0.0     0.0     0.0     0.0     0.0     0.0
s min # 4>     0.0     0.0     0.0     0.0     0.0     0.0     0.0
s min # 5>     0.0     0.0     0.0     0.0     0.0     0.0     0.0
s min # 6>     0.0     0.0     0.0     0.0     0.0     0.0     0.0
s min # 7>     0.0     0.0     0.0     0.0     0.0     0.0     0.0
s min # 8>     0.0     0.0     0.0     0.0     0.0     0.0     0.0
xqcutij # 3>     0.0     0.0     0.0     0.0     0.0     0.0     0.0
xqcutij # 4>     0.0     0.0     0.0     0.0     0.0     0.0     0.0
xqcutij # 5>     0.0     0.0     0.0     0.0     0.0     0.0     0.0
xqcutij # 6>     0.0     0.0     0.0     0.0     0.0     0.0     0.0
xqcutij # 7>     0.0     0.0     0.0     0.0     0.0     0.0     0.0
xqcutij # 8>     0.0     0.0     0.0     0.0     0.0     0.0     0.0
 Requiring BW           -1           1
 Excluding BW           -2           2
 Requiring BW           -3           3
 Excluding BW           -4           4
 Excluding BW           -5           5
 Excluding BW           -6           6
 alpha_s for scale    4082.4153587729697       is    7.9881239196969753E-002
 Added good helicity            1  0.27309454367079866       in event            1 local:           1
 Added good helicity           21   9.8198717146065762E-002  in event            1 local:           1
 Added good helicity           25   2.1223071200472298E-007  in event            1 local:           1
 Added good helicity           37   8.4935391320120932E-006  in event            1 local:           1
 Added good helicity           41   3.9570990066344333E-002  in event            1 local:           1
 Added good helicity           61   1.4158000565310896E-002  in event            1 local:           1
 Added good helicity          193   131.29308653614740       in event            1 local:           1
 Added good helicity          213   46.151249780666568       in event            1 local:           1
 Added good helicity          217   1.7285733670711881E-004  in event            1 local:           1
 Added good helicity          229   2.9095113209566519E-003  in event            1 local:           1
 Added good helicity          233   57.849259732474835       in event            1 local:           1
 Added good helicity          253   20.278290624835144       in event            1 local:           1
 Added good helicity            1  0.27309454367074570       in event            1 local:           1
 Added good helicity           21   9.8198717146039199E-002  in event            1 local:           1
 Added good helicity           25   2.1223071200461133E-007  in event            1 local:           1
 Added good helicity           37   8.4935391320129860E-006  in event            1 local:           1
 Added good helicity           41   3.9570990066338012E-002  in event            1 local:           1
 Added good helicity           61   1.4158000565308438E-002  in event            1 local:           1
 Added good helicity          193   131.29308653615914       in event            1 local:           1
 Added good helicity          213   46.151249780671300       in event            1 local:           1
 Added good helicity          217   1.7285733670711971E-004  in event            1 local:           1
 Added good helicity          229   2.9095113209565925E-003  in event            1 local:           1
 Added good helicity          233   57.849259732462755       in event            1 local:           1
 Added good helicity          253   20.278290624830884       in event            1 local:           1
 RESET CUMULATIVE VARIABLE
 RESET CUMULATIVE VARIABLE
 RESET CUMULATIVE VARIABLE
 Iteration  1   Mean: 0.7556E-12 Abs mean: 0.7556E-12   Fluctuation:  0.410E-12   0.383E-09    11.2%
  1    0.7556E-12 0.7556E-12 +- 0.4104E-12     17.18
 Writing out events   1.3544336224545685E-015   17.175358109075795     
 Relative summed weights:
  0.8943E-03  0.5853E-02  0.1898E-02  0.2144E-03  0.5174E-10  0.0000E+00
  0.1258E-03  0.1155E+00  0.7054E-04  0.2761E-02  0.0000E+00  0.0000E+00
  0.7835E-01  0.2941E-03  0.1872E-07  0.1534E-06  0.0000E+00  0.0000E+00
  0.3148E-03  0.6666E-02  0.3783E-01  0.1056E-04  0.3736E-11  0.0000E+00
  0.3385E-04  0.4347E-02  0.1898E-03  0.1150E+00  0.0000E+00  0.0000E+00
  0.1510E-04  0.1315E-01  0.1456E-06  0.3299E-04  0.0000E+00  0.0000E+00
  0.2258E-04  0.7060E-02  0.7114E-08  0.1345E-07  0.0000E+00  0.5731E-11
  0.3579E-01  0.1109E-02  0.6087E-01  0.5116E+00  0.0000E+00  0.0000E+00
 Relative number of events:
  0.4955E-01  0.4163E-01  0.3766E-01  0.3865E-01  0.1982E-02  0.0000E+00
  0.2973E-01  0.2874E-01  0.6938E-02  0.8920E-02  0.0000E+00  0.0000E+00
  0.4163E-01  0.3370E-01  0.3964E-02  0.3964E-02  0.0000E+00  0.0000E+00
  0.3171E-01  0.4757E-01  0.4361E-01  0.4460E-01  0.9911E-03  0.0000E+00
  0.5055E-01  0.4559E-01  0.4658E-01  0.4063E-01  0.0000E+00  0.0000E+00
  0.2478E-01  0.3271E-01  0.3964E-02  0.7929E-02  0.0000E+00  0.0000E+00
  0.3271E-01  0.2973E-01  0.4955E-02  0.4955E-02  0.0000E+00  0.9911E-03
  0.3568E-01  0.6145E-01  0.4063E-01  0.4063E-01  0.0000E+00  0.0000E+00
 Events:
          50          42          38          39           2           0
          30          29           7           9           0           0
          42          34           4           4           0           0
          32          48          44          45           1           0
          51          46          47          41           0           0
          25          33           4           8           0           0
          33          30           5           5           0           1
          36          62          41          41           0           0
 Iteration  2   Mean: 0.4944E-11 Abs mean: 0.4944E-11   Fluctuation:  0.380E-11   0.735E-08    22.8%
  2    0.4944E-11 0.4944E-11 +- 0.3804E-11     34.41
 Relative summed weights:
  0.1462E-02  0.1964E+00  0.8354E-02  0.6722E-04  0.1367E-06  0.0000E+00
  0.9476E-03  0.7510E+00  0.1283E-04  0.1272E-07  0.0000E+00  0.0000E+00
  0.4529E-02  0.1395E-03  0.4256E-07  0.4262E-05  0.0000E+00  0.0000E+00
  0.4871E-02  0.5671E-02  0.2366E-02  0.7413E-04  0.1098E-11  0.2641E-07
  0.1402E-02  0.2152E-03  0.1310E-01  0.3766E-03  0.1032E-14  0.0000E+00
  0.4681E-02  0.1140E-03  0.2344E-05  0.7499E-04  0.0000E+00  0.0000E+00
  0.2182E-03  0.1838E-02  0.1657E-05  0.1980E-06  0.0000E+00  0.1408E-07
  0.3380E-03  0.6129E-03  0.3984E-03  0.7434E-03  0.7721E-08  0.0000E+00
 Relative number of events:
  0.4650E-01  0.4100E-01  0.4350E-01  0.4150E-01  0.1000E-02  0.0000E+00
  0.3650E-01  0.2900E-01  0.6500E-02  0.1500E-02  0.0000E+00  0.0000E+00
  0.3950E-01  0.3100E-01  0.3500E-02  0.2500E-02  0.0000E+00  0.0000E+00
  0.5400E-01  0.4700E-01  0.4700E-01  0.3850E-01  0.5000E-03  0.1000E-02
  0.4600E-01  0.4400E-01  0.4300E-01  0.3800E-01  0.5000E-03  0.0000E+00
  0.3400E-01  0.3250E-01  0.2500E-02  0.5000E-02  0.0000E+00  0.0000E+00
  0.3350E-01  0.2900E-01  0.5500E-02  0.2000E-02  0.0000E+00  0.1000E-02
  0.3950E-01  0.4850E-01  0.4100E-01  0.4200E-01  0.1000E-02  0.0000E+00
 Events:
          93          82          87          83           2           0
          73          58          13           3           0           0
          79          62           7           5           0           0
         108          94          94          77           1           2
          92          88          86          76           1           0
          68          65           5          10           0           0
          67          58          11           4           0           2
          79          97          82          84           2           0
 Iteration  3   Mean: 0.1052E-10 Abs mean: 0.1052E-10   Fluctuation:  0.783E-11   0.300E-07    21.8%
  3    0.1052E-10 0.1052E-10 +- 0.7830E-11     47.08
 Relative summed weights:
  0.1473E-03  0.7611E-02  0.1213E-03  0.6490E-04  0.2630E-08  0.4211E-10
  0.2608E-03  0.6665E-04  0.4672E-06  0.1222E-04  0.0000E+00  0.0000E+00
  0.6298E-04  0.5141E-03  0.1194E-05  0.8142E-06  0.0000E+00  0.0000E+00
  0.1245E-03  0.4530E-01  0.5636E-04  0.1262E-03  0.1652E-05  0.3025E-11
  0.1139E-02  0.2276E-01  0.7134E+00  0.9386E-04  0.0000E+00  0.0000E+00
  0.1944E-03  0.9165E-04  0.5212E-06  0.6585E-05  0.0000E+00  0.0000E+00
  0.2699E-04  0.2577E-04  0.1128E-03  0.1428E-03  0.0000E+00  0.0000E+00
  0.2070E+00  0.4885E-03  0.1751E-04  0.8542E-04  0.1432E-08  0.2107E-08
 Relative number of events:
  0.4900E-01  0.5275E-01  0.3425E-01  0.4200E-01  0.2500E-03  0.2500E-03
  0.3175E-01  0.3575E-01  0.4500E-02  0.3000E-02  0.0000E+00  0.0000E+00
  0.3250E-01  0.4125E-01  0.3500E-02  0.2750E-02  0.0000E+00  0.0000E+00
  0.5225E-01  0.5250E-01  0.3450E-01  0.3900E-01  0.5000E-03  0.7500E-03
  0.4725E-01  0.4725E-01  0.3300E-01  0.3700E-01  0.0000E+00  0.0000E+00
  0.3750E-01  0.3225E-01  0.3000E-02  0.3000E-02  0.0000E+00  0.0000E+00
  0.3400E-01  0.3400E-01  0.2000E-02  0.5500E-02  0.0000E+00  0.0000E+00
  0.5450E-01  0.4925E-01  0.3325E-01  0.3275E-01  0.5000E-03  0.1000E-02
 Events:
         196         211         137         168           1           1
         127         143          18          12           0           0
         130         165          14          11           0           0
         209         210         138         156           2           3
         189         189         132         148           0           0
         150         129          12          12           0           0
         136         136           8          22           0           0
         218         197         133         131           2           4
 Accuracy:    0.660   0.100   0.381   2.997
 Found           24  events.
 Wrote            2  events.
 Actual xsec    4.3430066798496600E-012
 Correct abs xsec    4.3430066798496600E-012
 Event xsec    4.3430066798496600E-012
 Events wgts > 1:            0
 % Cross section > 1:    0.0000000000000000        0.0000000000000000     
 Iteration  4   Mean: 0.9154E-12 Abs mean: 0.9154E-12   Fluctuation:  0.286E-12   0.122E-08    20.2%
  4    0.9154E-12 0.9154E-12 +- 0.2860E-12     27.94
 Relative summed weights:
  0.5087E-02  0.3509E-01  0.7818E-03  0.3374E-02  0.2662E-15  0.0000E+00
  0.2034E+00  0.1831E-02  0.3267E-04  0.1463E-03  0.0000E+00  0.0000E+00
  0.2647E-02  0.8944E-01  0.2929E-04  0.2296E-02  0.4713E-12  0.0000E+00
  0.1688E+00  0.1595E+00  0.8889E-01  0.5142E-02  0.2497E-09  0.0000E+00
  0.1239E-01  0.1971E-01  0.7159E-03  0.1299E+00  0.4004E-09  0.1396E-08
  0.6490E-03  0.2491E-01  0.3026E-03  0.4942E-03  0.2817E-08  0.0000E+00
  0.1031E-02  0.6335E-03  0.1863E-02  0.3303E-04  0.0000E+00  0.0000E+00
  0.1623E-01  0.7965E-03  0.2129E-01  0.2469E-02  0.1364E-05  0.9519E-09
 Relative number of events:
  0.4875E-01  0.5125E-01  0.3637E-01  0.3612E-01  0.1250E-03  0.0000E+00
  0.3338E-01  0.3238E-01  0.3250E-02  0.4250E-02  0.0000E+00  0.0000E+00
  0.3350E-01  0.3675E-01  0.4625E-02  0.3000E-02  0.2500E-03  0.0000E+00
  0.4750E-01  0.4788E-01  0.3687E-01  0.3637E-01  0.1250E-03  0.0000E+00
  0.4925E-01  0.4950E-01  0.3438E-01  0.3825E-01  0.3750E-03  0.3750E-03
  0.3575E-01  0.3712E-01  0.4250E-02  0.4000E-02  0.1250E-03  0.0000E+00
  0.3612E-01  0.4025E-01  0.2875E-02  0.4250E-02  0.0000E+00  0.0000E+00
  0.4838E-01  0.4713E-01  0.3812E-01  0.3637E-01  0.2500E-03  0.1250E-03
 Events:
         390         410         291         289           1           0
         267         259          26          34           0           0
         268         294          37          24           2           0
         380         383         295         291           1           0
         394         396         275         306           3           3
         286         297          34          32           1           0
         289         322          23          34           0           0
         387         377         305         291           2           1
 Accuracy:    0.773   0.100   0.242  10.236
 Found           51  events.
 Wrote            6  events.
 Actual xsec    2.6721964806369546E-012
 Correct abs xsec    2.6721964806369546E-012
 Event xsec    2.6721964806369550E-012
 Events wgts > 1:            1
 % Cross section > 1:    3.6402117889339512E-020   1.3622545405292416E-006
 Iteration  5   Mean: 0.1161E-10 Abs mean: 0.1161E-10   Fluctuation:  0.955E-11   0.153E-06    17.6%
  5    0.1161E-10 0.1161E-10 +- 0.9547E-11    104.02
 Relative summed weights:
  0.2996E-02  0.2137E-01  0.8036E-03  0.2503E-03  0.8743E-07  0.5068E-06
  0.7733E-02  0.3518E-02  0.2455E-02  0.1521E-03  0.1870E-07  0.0000E+00
  0.2111E-02  0.7381E-02  0.6433E-02  0.2093E-02  0.0000E+00  0.0000E+00
  0.2224E-02  0.2918E-01  0.8500E-03  0.3202E-02  0.7223E-14  0.0000E+00
  0.1678E-02  0.4216E-02  0.1703E-02  0.1854E-01  0.2079E-08  0.6655E-08
  0.3864E-02  0.2179E-01  0.1523E-03  0.3697E-02  0.1196E-09  0.9961E-07
  0.3937E-02  0.7590E-03  0.2141E-04  0.1638E-02  0.0000E+00  0.0000E+00
  0.6071E-02  0.8356E+00  0.1222E-02  0.2370E-02  0.4263E-08  0.5974E-09
 Relative number of events:
  0.5275E-01  0.5031E-01  0.3650E-01  0.3594E-01  0.3125E-03  0.1875E-03
  0.3519E-01  0.3850E-01  0.4125E-02  0.3375E-02  0.6250E-04  0.0000E+00
  0.3331E-01  0.3300E-01  0.3438E-02  0.2437E-02  0.0000E+00  0.0000E+00
  0.5144E-01  0.4844E-01  0.3450E-01  0.3762E-01  0.6250E-04  0.0000E+00
  0.5106E-01  0.4963E-01  0.3300E-01  0.3931E-01  0.1250E-03  0.1250E-03
  0.3519E-01  0.3525E-01  0.3438E-02  0.3438E-02  0.6250E-04  0.6250E-04
  0.3556E-01  0.3256E-01  0.3625E-02  0.3125E-02  0.0000E+00  0.0000E+00
  0.5069E-01  0.5150E-01  0.3537E-01  0.3513E-01  0.1250E-03  0.1250E-03
 Events:
         844         805         584         575           5           3
         563         616          66          54           1           0
         533         528          55          39           0           0
         823         775         552         602           1           0
         817         794         528         629           2           2
         563         564          55          55           1           1
         569         521          58          50           0           0
         811         824         566         562           2           2
 Accuracy:    0.639   0.100   0.232   7.597
 Found          720  events.
 Wrote            1  events.
 Actual xsec    3.3651371754657753E-012
 Correct abs xsec    3.3651371754657753E-012
 Event xsec    3.3651371754657757E-012
 Events wgts > 1:            0
 % Cross section > 1:    0.0000000000000000        0.0000000000000000     

 -------------------------------------------------------------------------------
 Accumulated results:   Integral =  0.3033E-11
                        Std dev  =  0.7031E-12
                       Cross sec =  0.3033E-11
             Chi**2 per DoF.     =      7.5969
 -------------------------------------------------------------------------------
-------------------------------------------------
---------------------------
 Results Last   3 iters: Integral =   0.3365E-11
                     Abs integral =   0.3365E-11
                          Std dev =   0.9149E-12
                  Chi**2 per DoF. =     37.4812
-------------------------------------------------
---------------------------
 Status  0.10000000000000001                6           5

ls status:
events.lhe
ftn26
input_app.txt
results.dat
run1_app.log
