 Process in group number            1
 A PDF is used, so alpha_s(MZ) is going to be modified
 Old value of alpha_s from param_card:   0.11839999999999999     
  ****************************************
 
       NNPDFDriver version 1.0.3
   Grid: NNPDF23_lo_as_0130_qed_mem0.grid
  ****************************************
 New value of alpha_s from PDF nn23lo1:  0.13000000000000000     
 Define smin to   1600.0000000000000     
 Define smin to   1600.0000000000000     
 Define smin to   1600.0000000000000     
 *****************************************************
 *               MadGraph/MadEvent                   *
 *        --------------------------------           *
 *          http://madgraph.hep.uiuc.edu             *
 *          http://madgraph.phys.ucl.ac.be           *
 *          http://madgraph.roma2.infn.it            *
 *        --------------------------------           *
 *                                                   *
 *          PARAMETER AND COUPLING VALUES            *
 *                                                   *
 *****************************************************

  External Params
  ---------------------------------
  
 mdl_VeN1 =    1.0000000000000000     
 mdl_VeN2 =    0.0000000000000000     
 mdl_VeN3 =    0.0000000000000000     
 mdl_VmuN1 =    0.0000000000000000     
 mdl_VmuN2 =    1.0000000000000000     
 mdl_VmuN3 =    0.0000000000000000     
 mdl_VtaN1 =    0.0000000000000000     
 mdl_VtaN2 =    0.0000000000000000     
 mdl_VtaN3 =    1.0000000000000000     
 mdl_VN1N1 =    1.0000000000000000     
 mdl_VN1N2 =    1.0000000000000000     
 mdl_VN1N3 =    1.0000000000000000     
 mdl_VN2N2 =    1.0000000000000000     
 mdl_VN2N3 =    1.0000000000000000     
 mdl_VN3N3 =    1.0000000000000000     
 aEWM1 =    127.90000000000001     
 mdl_Gf =    1.1663700000000000E-005
 aS =   0.11839999999999999     
 mdl_ymt =    172.00000000000000     
 mdl_vevf =    50.000000000000000     
 mdl_MZ =    91.187600000000003     
 mdl_MT =    172.00000000000000     
 mdl_MH =    125.00000000000000     
 mdl_mN1 =    510.00000000000000     
 mdl_mN2 =    610.00000000000000     
 mdl_mN3 =    710.00000000000000     
 mdl_MJ =    91.187600000000003     
 mdl_MAx =    173.04800000000000     
 mdl_WZ =    2.4952000000000001     
 mdl_WW =    2.0850000000000000     
 mdl_WT =    1.5083359999999999     
 mdl_WH =    4.0699999999999998E-003
 mdl_WN1 =   0.30299999999999999     
 mdl_WN2 =    1.5000000000000000     
 mdl_WN3 =    12.300000000000001     
 mdl_WJ =    2.4952000000000001     
 mdl_WAx =    4.1700000000000001E-003
  Internal Params
  ---------------------------------
  
 mdl_vevf__exp__2 =    2500.0000000000000     
 mdl_sqrt__vevf__exp__2 =    50.000000000000000     
 mdl_muJ =    50.000000000000000     
 mdl_MZ__exp__2 =    8315.1783937600012     
 mdl_MZ__exp__4 =    69142191.720053151     
 mdl_sqrt__2 =    1.4142135623730951     
 mdl_MJ__exp__2 =    8315.1783937600012     
 mdl_muJ__exp__2 =    2500.0000000000000     
 mdl_lamJ =    4.3260713575040004     
 mdl_MH__exp__2 =    15625.000000000000     
 mdl_complexi =  (  0.0000000000000000     ,  1.0000000000000000     )
 mdl_aEW =    7.8186082877247844E-003
 mdl_MW =    79.824359746197842     
 mdl_sqrt__aEW =    8.8422894590285753E-002
 mdl_ee =   0.31345100004952897     
 mdl_MW__exp__2 =    6371.9284088904105     
 mdl_sw2 =   0.23369913342182447     
 mdl_cw =   0.87538612427783857     
 mdl_sqrt__sw2 =   0.48342438232036300     
 mdl_sw =   0.48342438232036300     
 mdl_g1 =   0.35807170271074895     
 mdl_gN =   0.64839716719502682     
 mdl_gw =   0.64839716719502682     
 mdl_vev =    246.22056907348590     
 mdl_vev__exp__2 =    60624.568634871241     
 mdl_lam =   0.12886689630821144     
 mdl_yt =   0.98791394091683138     
 mdl_muH =    88.388347648318444     
 mdl_I2a33 =  ( 0.98791394091683138     ,  0.0000000000000000     )
 mdl_I3a33 =  ( 0.98791394091683138     ,  0.0000000000000000     )
 mdl_ee__exp__2 =    9.8251529432049817E-002
 mdl_sw__exp__2 =   0.23369913342182450     
 mdl_cw__exp__2 =   0.76630086657817542     
  Internal Params evaluated point by point
  ----------------------------------------
  
 mdl_sqrt__aS =   0.34409301068170506     
 mdl_G__exp__2 =    1.4878582807401259     
  Couplings of SM_HeavyN_UFO
  ---------------------------------
  
         GC_1 =  -0.00000E+00  -0.10448E+00
         GC_2 =   0.00000E+00   0.20897E+00
         GC_3 =  -0.00000E+00  -0.31345E+00
         GC_4 =   0.00000E+00   0.31345E+00
        GC_26 =   0.00000E+00   0.45849E+00
        GC_27 =  -0.00000E+00  -0.28380E+00
        GC_28 =   0.00000E+00   0.28380E+00
        GC_30 =   0.00000E+00   0.56760E+00
        GC_35 =  -0.00000E+00  -0.28850E-01
        GC_37 =   0.00000E+00   0.17310E+00
        GC_39 =   0.00000E+00  -0.19725E+00
        GC_40 =   0.00000E+00   0.37035E+00
        GC_80 =   0.00000E+00   0.67543E+02
       GC_107 =  -0.00000E+00  -0.74070E+00
       GC_109 =  -0.00000E+00  -0.74070E+00
       GC_111 =  -0.00000E+00  -0.74070E+00
       GC_113 =  -0.00000E+00  -0.74070E+00
       GC_115 =  -0.00000E+00  -0.74070E+00
       GC_117 =  -0.00000E+00  -0.74070E+00
       GC_119 =   0.00000E+00   0.00000E+00
       GC_120 =   0.00000E+00   0.00000E+00
       GC_122 =  -0.00000E+00  -0.00000E+00
       GC_126 =   0.00000E+00   0.00000E+00
       GC_127 =   0.00000E+00   0.00000E+00
       GC_129 =  -0.00000E+00  -0.00000E+00
       GC_133 =   0.00000E+00   0.45849E+00
       GC_134 =   0.00000E+00   0.37035E+00
       GC_136 =  -0.00000E+00  -0.28836E+01
        GC_81 =   0.10200E+02   0.00000E+00
        GC_82 =   0.12200E+02   0.00000E+00
        GC_83 =   0.14200E+02   0.00000E+00

 Collider parameters:
 --------------------

 Running at P P   machine @    13000.000000000000       GeV
 PDF set = nn23lo1
 alpha_s(Mz)= 0.1300 running at 2 loops.
 alpha_s(Mz)= 0.1300 running at 2 loops.
 Renormalization scale set on event-by-event basis
 Factorization   scale set on event-by-event basis


 getting user params
Enter number of events and max and min iterations: 
 Number of events and iterations         1000           5           3
Enter desired fractional accuracy: 
 Desired fractional accuracy:   0.10000000000000001     
Enter 0 for fixed, 2 for adjustable grid: 
Suppress amplitude (0 no, 1 yes)? 
 Using suppressed amplitude.
Exact helicity sum (0 yes, n = number/event)? 
 Explicitly summing over helicities
Enter Configuration Number: 
Running Configuration Number:   23
 Using dconfig=          80
 BW Setting            2           2           2           2           0           0           0
 Attempting mappinvarients           1           9
 Completed mapping           9
 about to integrate           19        1000           5           3          19           1
 Using non-zero grid deformation.
 19 dimensions   1000 events 19 invarients  5 iterations  1 config(s),  (0.99)
 Using h-tuple random number sequence.
 Error opening grid
 Using Uniform Grid!          36
 Using uniform alpha   1.0000000000000000     
 Grid defined OK
 Set CM energy to      13000.00
 Mapping Graph          23  to config          23
Setting grid   1    0.75740E-07   1
Setting grid   2    0.75740E-07   1
Setting grid   3    0.75740E-07   1
Setting grid   4    0.75740E-07   1
Setting grid   5    0.53139E-04   1
Setting grid   6    0.53139E-04   1
 Transforming s_hat 1/s           18   1.0183542244828404E-004   1600.0000000000000        168999999.99999997     
  23   1   2   3   4   5   6   7   8   9  10  11  12  13  14
  15  16  17  18  19
 Masses: 0.000E+00 0.000E+00 0.000E+00 0.000E+00 0.000E+00 0.000E+00 0.000E+00 0.000E+00 0.912E+02
Using random seed offsets    23 :      1
  with seed                   24
 Ranmar initialization seeds       31081        9398
 
 ********************************************
 * You are using the DiscreteSampler module *
 *      part of the MG5_aMC framework       *
 *         Author: Valentin Hirschi         *
 ********************************************
 
  Particle       3       4       5       6       7       8       9
      Et >    10.0    10.0    10.0    10.0     0.0     0.0     0.0
       E >     0.0     0.0     0.0     0.0     0.0     0.0     0.0
     Eta <     2.5     2.5     2.5     2.5    -1.0    -1.0    -1.0
   xqcut:      0.0     0.0     0.0     0.0     0.0     0.0     0.0
d R # 3  >    -0.0     0.4     0.4     0.4     0.0     0.0     0.0
d R # 4  >    -0.0    -0.0     0.4     0.4     0.0     0.0     0.0
d R # 5  >    -0.0    -0.0    -0.0     0.4     0.0     0.0     0.0
d R # 6  >    -0.0    -0.0    -0.0    -0.0     0.0     0.0     0.0
d R # 7  >    -0.0    -0.0    -0.0    -0.0    -0.0     0.0     0.0
d R # 8  >    -0.0    -0.0    -0.0    -0.0    -0.0    -0.0     0.0
s min # 3>     0.0     0.0     0.0     0.0     0.0     0.0     0.0
s min # 4>     0.0     0.0     0.0     0.0     0.0     0.0     0.0
s min # 5>     0.0     0.0     0.0     0.0     0.0     0.0     0.0
s min # 6>     0.0     0.0     0.0     0.0     0.0     0.0     0.0
s min # 7>     0.0     0.0     0.0     0.0     0.0     0.0     0.0
s min # 8>     0.0     0.0     0.0     0.0     0.0     0.0     0.0
xqcutij # 3>     0.0     0.0     0.0     0.0     0.0     0.0     0.0
xqcutij # 4>     0.0     0.0     0.0     0.0     0.0     0.0     0.0
xqcutij # 5>     0.0     0.0     0.0     0.0     0.0     0.0     0.0
xqcutij # 6>     0.0     0.0     0.0     0.0     0.0     0.0     0.0
xqcutij # 7>     0.0     0.0     0.0     0.0     0.0     0.0     0.0
xqcutij # 8>     0.0     0.0     0.0     0.0     0.0     0.0     0.0
 Excluding BW           -3           1
 Excluding BW           -4           2
 Excluding BW           -5           3
 Excluding BW           -6           4
 alpha_s for scale    1354.4917666404683       is    8.9874346953364506E-002
 Added good helicity            1   67.237779111702920       in event            1 local:           1
 Added good helicity           21  0.31997694944223365       in event            1 local:           1
 Added good helicity           25  0.17885732448574515       in event            1 local:           1
 Added good helicity           37   7.6704799202346725E-004  in event            1 local:           1
 Added good helicity           41   165.87589074956551       in event            1 local:           1
 Added good helicity           61  0.69094450983138889       in event            1 local:           1
 Added good helicity          193   4.8145469293389507       in event            1 local:           1
 Added good helicity          213   4.4225804359973466       in event            1 local:           1
 Added good helicity          217  0.32117099854289688       in event            1 local:           1
 Added good helicity          229   1.2557991041933256E-002  in event            1 local:           1
 Added good helicity          233   4.5192529013074383       in event            1 local:           1
 Added good helicity          253   7.6056750507515947       in event            1 local:           1
 Added good helicity            1   67.237779111702366       in event            1 local:           1
 Added good helicity           21  0.31997694944222943       in event            1 local:           1
 Added good helicity           25  0.17885732448574698       in event            1 local:           1
 Added good helicity           37   7.6704799202355746E-004  in event            1 local:           1
 Added good helicity           41   165.87589074956580       in event            1 local:           1
 Added good helicity           61  0.69094450983138589       in event            1 local:           1
 Added good helicity          193   4.8145469293395884       in event            1 local:           1
 Added good helicity          213   4.4225804359972836       in event            1 local:           1
 Added good helicity          217  0.32117099854288733       in event            1 local:           1
 Added good helicity          229   1.2557991041933244E-002  in event            1 local:           1
 Added good helicity          233   4.5192529013071709       in event            1 local:           1
 Added good helicity          253   7.6056750507515956       in event            1 local:           1
 RESET CUMULATIVE VARIABLE
 RESET CUMULATIVE VARIABLE
 RESET CUMULATIVE VARIABLE
 Iteration  1   Mean: 0.1150E-13 Abs mean: 0.1150E-13   Fluctuation:  0.730E-14   0.585E-11     3.5%
  1    0.1150E-13 0.1150E-13 +- 0.7304E-14     20.09
 Writing out events   6.6595762677323345E-017   20.088857465632998     
 Relative summed weights:
  0.2869E-06  0.1288E-04  0.8014E-04  0.3516E-06  0.2313E-16  0.0000E+00
  0.5687E-07  0.1944E-04  0.3303E-08  0.5819E-05  0.0000E+00  0.0000E+00
  0.1622E-05  0.1311E-07  0.1522E-06  0.2579E-06  0.0000E+00  0.0000E+00
  0.2167E-06  0.7559E-03  0.6679E-06  0.8130E-04  0.4899E-07  0.7912E-04
  0.3394E-02  0.1035E-05  0.2829E-03  0.1071E-04  0.0000E+00  0.6348E-17
  0.7227E-05  0.3722E+00  0.1582E-05  0.1754E-06  0.4198E-04  0.0000E+00
  0.3667E-06  0.2805E-05  0.7740E-01  0.3311E-06  0.0000E+00  0.0000E+00
  0.1382E-04  0.3527E-03  0.1987E-03  0.1597E-04  0.2842E-10  0.3288E-18
  0.6811E-13  0.1293E-06  0.5949E-04  0.1261E-06  0.0000E+00  0.0000E+00
  0.2588E-03  0.1254E-05  0.2118E-05  0.5878E-09  0.0000E+00  0.0000E+00
  0.2528E-03  0.1063E-09  0.1076E-05  0.2569E-04  0.0000E+00  0.0000E+00
  0.6887E-03  0.1784E-01  0.1531E-03  0.2295E-02  0.9418E-15  0.3910E-12
  0.3525E-06  0.6722E-03  0.4755E-04  0.2431E-02  0.2715E-11  0.0000E+00
  0.5732E-05  0.2380E-05  0.5911E-03  0.1338E-03  0.7752E-13  0.0000E+00
  0.1028E-01  0.1225E-06  0.1125E-03  0.1161E-06  0.0000E+00  0.0000E+00
  0.2427E-03  0.5085E+00  0.2155E-03  0.1129E-04  0.2042E-03  0.4553E-10
 Relative number of events:
  0.3964E-02  0.8920E-02  0.1288E-01  0.2081E-01  0.9911E-03  0.0000E+00
  0.6938E-02  0.5946E-02  0.6938E-02  0.9911E-02  0.0000E+00  0.0000E+00
  0.1982E-02  0.2973E-02  0.1090E-01  0.6938E-02  0.0000E+00  0.0000E+00
  0.1487E-01  0.2973E-01  0.4460E-01  0.5055E-01  0.2973E-02  0.9911E-03
  0.1090E-01  0.4955E-02  0.2279E-01  0.1288E-01  0.0000E+00  0.9911E-03
  0.9911E-03  0.1982E-02  0.5946E-02  0.1090E-01  0.9911E-03  0.0000E+00
  0.4955E-02  0.1982E-02  0.1388E-01  0.5946E-02  0.0000E+00  0.0000E+00
  0.1883E-01  0.2775E-01  0.3766E-01  0.4559E-01  0.9911E-03  0.1982E-02
  0.3964E-02  0.6938E-02  0.2379E-01  0.9911E-02  0.0000E+00  0.0000E+00
  0.8920E-02  0.8920E-02  0.9911E-02  0.5946E-02  0.0000E+00  0.0000E+00
  0.8920E-02  0.3964E-02  0.1090E-01  0.1288E-01  0.0000E+00  0.0000E+00
  0.2577E-01  0.1388E-01  0.5055E-01  0.5154E-01  0.2973E-02  0.9911E-03
  0.8920E-02  0.5946E-02  0.1784E-01  0.1784E-01  0.5946E-02  0.0000E+00
  0.4955E-02  0.2973E-02  0.5946E-02  0.5946E-02  0.9911E-03  0.0000E+00
  0.2973E-02  0.1982E-02  0.9911E-02  0.1090E-01  0.0000E+00  0.0000E+00
  0.2379E-01  0.2676E-01  0.4559E-01  0.5550E-01  0.4955E-02  0.2973E-02
 Events:
           4           9          13          21           1           0
           7           6           7          10           0           0
           2           3          11           7           0           0
          15          30          45          51           3           1
          11           5          23          13           0           1
           1           2           6          11           1           0
           5           2          14           6           0           0
          19          28          38          46           1           2
           4           7          24          10           0           0
           9           9          10           6           0           0
           9           4          11          13           0           0
          26          14          51          52           3           1
           9           6          18          18           6           0
           5           3           6           6           1           0
           3           2          10          11           0           0
          24          27          46          56           5           3
 Iteration  2   Mean: 0.3259E-14 Abs mean: 0.3259E-14   Fluctuation:  0.176E-14   0.332E-11    21.8%
  2    0.3259E-14 0.3259E-14 +- 0.1761E-14     24.16
 Relative summed weights:
  0.1093E-03  0.7668E-03  0.5096E+00  0.1297E-02  0.1002E-09  0.9147E-05
  0.8315E-07  0.1748E-04  0.2254E-02  0.1329E-01  0.0000E+00  0.0000E+00
  0.1121E-05  0.4779E-04  0.1956E-04  0.1742E-03  0.0000E+00  0.4830E-05
  0.1818E-02  0.1390E-03  0.4486E-02  0.2071E-02  0.1016E-12  0.1478E-09
  0.4820E-02  0.3682E-01  0.3896E-04  0.1375E-02  0.0000E+00  0.0000E+00
  0.1573E-04  0.3117E-04  0.6870E-06  0.8803E-03  0.0000E+00  0.0000E+00
  0.6989E-02  0.2852E-03  0.2154E-01  0.1430E-04  0.0000E+00  0.0000E+00
  0.5768E-01  0.2627E-02  0.6678E-02  0.3007E-02  0.0000E+00  0.6651E-06
  0.8844E-04  0.1867E-03  0.4014E-02  0.2978E-03  0.6526E-09  0.2110E-16
  0.9297E-02  0.3855E-06  0.1642E-06  0.4189E-02  0.5856E-09  0.0000E+00
  0.3648E-05  0.1030E-03  0.3616E-05  0.2948E-04  0.1526E-15  0.0000E+00
  0.4509E-02  0.2778E-03  0.1083E+00  0.1225E+00  0.1660E-06  0.3446E-05
  0.3979E-02  0.7436E-02  0.1117E-02  0.1667E-02  0.0000E+00  0.4146E-09
  0.1406E-04  0.2201E-03  0.9845E-03  0.6615E-03  0.0000E+00  0.0000E+00
  0.3055E-05  0.5204E-06  0.1997E-03  0.2039E-03  0.0000E+00  0.0000E+00
  0.1081E-02  0.4869E-01  0.4216E-03  0.6238E-03  0.9991E-07  0.0000E+00
 Relative number of events:
  0.1150E-01  0.8500E-02  0.1450E-01  0.1900E-01  0.5000E-03  0.5000E-03
  0.4500E-02  0.4500E-02  0.6000E-02  0.4500E-02  0.0000E+00  0.0000E+00
  0.5500E-02  0.4500E-02  0.1100E-01  0.1100E-01  0.0000E+00  0.1000E-02
  0.2800E-01  0.2800E-01  0.4050E-01  0.5400E-01  0.1500E-02  0.1000E-02
  0.8000E-02  0.1200E-01  0.2550E-01  0.1350E-01  0.0000E+00  0.0000E+00
  0.3500E-02  0.5000E-02  0.2000E-02  0.1000E-01  0.0000E+00  0.0000E+00
  0.4500E-02  0.3000E-02  0.8000E-02  0.1050E-01  0.0000E+00  0.0000E+00
  0.2700E-01  0.2100E-01  0.4350E-01  0.5100E-01  0.0000E+00  0.2000E-02
  0.1400E-01  0.1350E-01  0.1650E-01  0.1050E-01  0.1000E-02  0.5000E-03
  0.6000E-02  0.4500E-02  0.4000E-02  0.8500E-02  0.5000E-03  0.0000E+00
  0.5500E-02  0.6500E-02  0.9500E-02  0.7000E-02  0.5000E-03  0.0000E+00
  0.2100E-01  0.2300E-01  0.4300E-01  0.4300E-01  0.1000E-02  0.2000E-02
  0.9000E-02  0.1650E-01  0.2100E-01  0.1700E-01  0.0000E+00  0.5000E-03
  0.5500E-02  0.5500E-02  0.5000E-02  0.8500E-02  0.0000E+00  0.0000E+00
  0.2500E-02  0.3500E-02  0.6500E-02  0.1300E-01  0.0000E+00  0.0000E+00
  0.2300E-01  0.2350E-01  0.4250E-01  0.4500E-01  0.5000E-03  0.0000E+00
 Events:
          23          17          29          38           1           1
           9           9          12           9           0           0
          11           9          22          22           0           2
          56          56          81         108           3           2
          16          24          51          27           0           0
           7          10           4          20           0           0
           9           6          16          21           0           0
          54          42          87         102           0           4
          28          27          33          21           2           1
          12           9           8          17           1           0
          11          13          19          14           1           0
          42          46          86          86           2           4
          18          33          42          34           0           1
          11          11          10          17           0           0
           5           7          13          26           0           0
          46          47          85          90           1           0
 Iteration  3   Mean: 0.9510E-14 Abs mean: 0.9510E-14   Fluctuation:  0.282E-14   0.649E-11    29.3%
  3    0.9510E-14 0.9510E-14 +- 0.2818E-14     18.74
 Relative summed weights:
  0.5623E-01  0.3421E-03  0.9016E-01  0.1148E-01  0.4393E-05  0.7211E-16
  0.5768E-02  0.2899E-03  0.9739E-03  0.1148E-02  0.3127E-10  0.0000E+00
  0.5296E-03  0.2363E-02  0.2035E-02  0.1303E-02  0.3020E-05  0.0000E+00
  0.3228E-02  0.3916E-03  0.1479E-02  0.1099E-01  0.3579E-12  0.8710E-05
  0.4705E-02  0.1162E-01  0.2437E-03  0.3411E-01  0.0000E+00  0.0000E+00
  0.7989E-04  0.4196E-04  0.1775E-03  0.6920E-05  0.2104E-19  0.7104E-08
  0.2014E-04  0.1027E-02  0.1665E-02  0.4588E-02  0.9247E-08  0.1640E-06
  0.2732E-02  0.4013E-02  0.4425E-01  0.1080E-02  0.8170E-03  0.3367E-06
  0.6895E-03  0.1282E-03  0.1962E-02  0.1033E-01  0.0000E+00  0.4110E-04
  0.1610E-04  0.1321E-02  0.3458E-03  0.2777E-02  0.0000E+00  0.1094E-07
  0.7649E-03  0.1245E-03  0.8622E-01  0.2419E-02  0.5507E-05  0.1013E-10
  0.1933E-01  0.3688E-02  0.1370E-02  0.1013E-02  0.6391E-02  0.3218E-06
  0.1990E-03  0.1308E-02  0.2865E+00  0.2730E-02  0.4291E-07  0.4760E-09
  0.9623E-04  0.1398E-04  0.7511E-04  0.5433E-03  0.2402E-04  0.0000E+00
  0.5676E-03  0.3943E-03  0.2537E-01  0.5236E-02  0.3898E-11  0.0000E+00
  0.1960E-02  0.5144E-03  0.2346E+00  0.9330E-03  0.3031E-09  0.4656E-05
 Relative number of events:
  0.1125E-01  0.1000E-01  0.1775E-01  0.1900E-01  0.2500E-03  0.2500E-03
  0.1000E-01  0.7500E-02  0.5750E-02  0.5750E-02  0.2500E-03  0.0000E+00
  0.3750E-02  0.6000E-02  0.7000E-02  0.6750E-02  0.2500E-03  0.0000E+00
  0.3000E-01  0.3000E-01  0.4025E-01  0.4475E-01  0.5000E-03  0.1000E-02
  0.1025E-01  0.1150E-01  0.1450E-01  0.1600E-01  0.0000E+00  0.0000E+00
  0.4500E-02  0.3250E-02  0.5750E-02  0.5250E-02  0.2500E-03  0.5000E-03
  0.7500E-02  0.5750E-02  0.7250E-02  0.7500E-02  0.2500E-03  0.5000E-03
  0.2725E-01  0.3475E-01  0.4600E-01  0.3225E-01  0.1000E-02  0.7500E-03
  0.9500E-02  0.1150E-01  0.1600E-01  0.1575E-01  0.0000E+00  0.7500E-03
  0.5250E-02  0.8500E-02  0.6000E-02  0.3750E-02  0.0000E+00  0.2500E-03
  0.4750E-02  0.5250E-02  0.7750E-02  0.8500E-02  0.5000E-03  0.2500E-03
  0.2650E-01  0.2725E-01  0.4100E-01  0.4550E-01  0.2500E-03  0.7500E-03
  0.9500E-02  0.8500E-02  0.1675E-01  0.1850E-01  0.2500E-03  0.2500E-03
  0.5250E-02  0.4250E-02  0.5000E-02  0.5750E-02  0.5000E-03  0.0000E+00
  0.6000E-02  0.7500E-02  0.1025E-01  0.7750E-02  0.5000E-03  0.0000E+00
  0.3100E-01  0.2775E-01  0.4300E-01  0.4375E-01  0.7500E-03  0.1250E-02
 Events:
          45          40          71          76           1           1
          40          30          23          23           1           0
          15          24          28          27           1           0
         120         120         161         179           2           4
          41          46          58          64           0           0
          18          13          23          21           1           2
          30          23          29          30           1           2
         109         139         184         129           4           3
          38          46          64          63           0           3
          21          34          24          15           0           1
          19          21          31          34           2           1
         106         109         164         182           1           3
          38          34          67          74           1           1
          21          17          20          23           2           0
          24          30          41          31           2           0
         124         111         172         175           3           5
 Accuracy:    0.225   0.100   0.240   0.874
 Found          165  events.
 Wrote            8  events.
 Actual xsec    8.5562625221649998E-015
 Correct abs xsec    8.5562625221649998E-015
 Event xsec    8.5562625221649998E-015
 Events wgts > 1:            1
 % Cross section > 1:    7.4925263501551494E-023   8.7567747375045569E-007
 Iteration  4   Mean: 0.9107E-13 Abs mean: 0.9107E-13   Fluctuation:  0.563E-13   0.443E-09    29.9%
  4    0.9107E-13 0.9107E-13 +- 0.5631E-13     55.31
 Relative summed weights:
  0.5039E-02  0.1039E-01  0.9683E-01  0.8543E-03  0.4665E-05  0.4423E-06
  0.3718E-02  0.4276E-04  0.2223E-02  0.2354E-02  0.6826E-08  0.2143E-06
  0.3423E-03  0.3202E-02  0.2736E-03  0.7432E-03  0.1173E-08  0.4768E-05
  0.2394E-02  0.7683E-03  0.4159E-02  0.3358E-02  0.2355E-05  0.0000E+00
  0.5658E-03  0.1236E-01  0.7760E-02  0.1487E-02  0.0000E+00  0.1113E-07
  0.5803E-03  0.6092E+00  0.5727E-03  0.1320E-02  0.0000E+00  0.0000E+00
  0.3034E-03  0.3937E-03  0.1718E-01  0.1188E-02  0.0000E+00  0.0000E+00
  0.2921E-01  0.9051E-03  0.1479E-01  0.1529E-02  0.1358E-05  0.2046E-03
  0.1512E-02  0.8582E-02  0.4078E-03  0.9290E-02  0.9510E-07  0.2938E-08
  0.7712E-03  0.6444E-03  0.7538E-03  0.8233E-02  0.0000E+00  0.0000E+00
  0.1489E-03  0.3206E-04  0.2031E-02  0.1191E-03  0.3689E-03  0.1506E-03
  0.6635E-02  0.1881E-03  0.1457E-02  0.6179E-01  0.3021E-05  0.2496E-07
  0.1491E-02  0.1654E-03  0.2802E-03  0.7181E-03  0.1603E-04  0.1695E-07
  0.2880E-02  0.2498E-02  0.1986E-01  0.1859E-02  0.0000E+00  0.0000E+00
  0.1307E-02  0.7785E-03  0.1866E-01  0.3718E-02  0.0000E+00  0.0000E+00
  0.2429E-02  0.5219E-03  0.1017E-02  0.2399E-02  0.5325E-08  0.1762E-05
 Relative number of events:
  0.1225E-01  0.1325E-01  0.1375E-01  0.1512E-01  0.2500E-03  0.2500E-03
  0.7375E-02  0.5750E-02  0.6375E-02  0.5750E-02  0.3750E-03  0.1250E-03
  0.6250E-02  0.5250E-02  0.8625E-02  0.1013E-01  0.3750E-03  0.2500E-03
  0.2888E-01  0.2788E-01  0.3775E-01  0.3963E-01  0.6250E-03  0.0000E+00
  0.1100E-01  0.1450E-01  0.1688E-01  0.1550E-01  0.0000E+00  0.2500E-03
  0.7125E-02  0.6500E-02  0.6500E-02  0.6625E-02  0.0000E+00  0.0000E+00
  0.5250E-02  0.5875E-02  0.8750E-02  0.8750E-02  0.0000E+00  0.0000E+00
  0.3037E-01  0.2562E-01  0.4400E-01  0.4512E-01  0.6250E-03  0.7500E-03
  0.9500E-02  0.1100E-01  0.1475E-01  0.1463E-01  0.5000E-03  0.2500E-03
  0.5000E-02  0.6000E-02  0.6125E-02  0.6750E-02  0.0000E+00  0.0000E+00
  0.4750E-02  0.6125E-02  0.9125E-02  0.8250E-02  0.2500E-03  0.2500E-03
  0.2863E-01  0.3075E-01  0.4337E-01  0.4213E-01  0.1375E-02  0.5000E-03
  0.1100E-01  0.1063E-01  0.1475E-01  0.1525E-01  0.2500E-03  0.3750E-03
  0.6500E-02  0.6375E-02  0.5625E-02  0.6125E-02  0.0000E+00  0.0000E+00
  0.6625E-02  0.5625E-02  0.7125E-02  0.7625E-02  0.0000E+00  0.0000E+00
  0.2775E-01  0.2937E-01  0.4063E-01  0.4088E-01  0.5000E-03  0.7500E-03
 Events:
          98         106         110         121           2           2
          59          46          51          46           3           1
          50          42          69          81           3           2
         231         223         302         317           5           0
          88         116         135         124           0           2
          57          52          52          53           0           0
          42          47          70          70           0           0
         243         205         352         361           5           6
          76          88         118         117           4           2
          40          48          49          54           0           0
          38          49          73          66           2           2
         229         246         347         337          11           4
          88          85         118         122           2           3
          52          51          45          49           0           0
          53          45          57          61           0           0
         222         235         325         327           4           6
 Accuracy:    0.833   0.100   0.224  13.819
 Found          451  events.
 Wrote            1  events.
 Actual xsec    2.0517394016379368E-014
 Correct abs xsec    2.0517394016379368E-014
 Event xsec    2.0517394016379368E-014
 Events wgts > 1:            0
 % Cross section > 1:    0.0000000000000000        0.0000000000000000     
 Iteration  5   Mean: 0.7466E-13 Abs mean: 0.7466E-13   Fluctuation:  0.292E-13   0.443E-09    25.7%
  5    0.7466E-13 0.7466E-13 +- 0.2922E-13     49.51
 Relative summed weights:
  0.1366E-02  0.4908E-02  0.1242E-02  0.2138E-02  0.1030E-06  0.2354E-06
  0.1021E-01  0.3929E-01  0.2701E-02  0.5501E-03  0.0000E+00  0.3568E-07
  0.5923E-01  0.7477E-01  0.2172E-02  0.3758E+00  0.4775E-06  0.5990E-08
  0.2881E-02  0.1391E-01  0.5734E-02  0.1616E-01  0.5043E-07  0.5957E-06
  0.1277E-02  0.3445E-02  0.2467E-02  0.3373E-02  0.1544E-08  0.6333E-05
  0.1370E-01  0.1464E-01  0.1582E-02  0.7754E-02  0.1687E-04  0.0000E+00
  0.3234E-02  0.1635E-02  0.8148E-02  0.5711E-02  0.1624E-06  0.1917E-05
  0.1923E-01  0.3188E-02  0.6990E-02  0.3523E-02  0.1262E-05  0.4505E-03
  0.1232E-01  0.2508E-02  0.2565E-02  0.3310E-01  0.1873E-06  0.5787E-06
  0.2341E-02  0.5313E-03  0.1213E-01  0.1010E-01  0.3653E-03  0.1241E-08
  0.2942E-02  0.5426E-02  0.1014E-01  0.4555E-02  0.1131E-06  0.4941E-06
  0.9513E-02  0.3608E-02  0.2322E-01  0.6007E-02  0.1977E-06  0.1146E-05
  0.2313E-02  0.3579E-02  0.5451E-02  0.7982E-01  0.2191E-06  0.7214E-05
  0.4400E-02  0.7237E-02  0.6919E-03  0.1664E-02  0.0000E+00  0.3416E-07
  0.9376E-03  0.6662E-02  0.5147E-02  0.2323E-02  0.4146E-07  0.1146E-07
  0.3410E-02  0.3579E-02  0.1694E-02  0.1594E-01  0.4783E-04  0.2673E-03
 Relative number of events:
  0.1125E-01  0.1081E-01  0.1600E-01  0.1575E-01  0.1875E-03  0.1250E-03
  0.7063E-02  0.6562E-02  0.6375E-02  0.6938E-02  0.0000E+00  0.6250E-04
  0.6063E-02  0.6063E-02  0.7687E-02  0.9250E-02  0.1875E-03  0.1250E-03
  0.3037E-01  0.3288E-01  0.3825E-01  0.4144E-01  0.6250E-03  0.4375E-03
  0.9687E-02  0.1181E-01  0.1369E-01  0.1519E-01  0.6250E-04  0.1875E-03
  0.6375E-02  0.6437E-02  0.6375E-02  0.5250E-02  0.6250E-04  0.0000E+00
  0.6125E-02  0.5687E-02  0.8812E-02  0.8438E-02  0.1250E-03  0.1250E-03
  0.2950E-01  0.3081E-01  0.3981E-01  0.4000E-01  0.5625E-03  0.3125E-03
  0.1075E-01  0.1100E-01  0.1700E-01  0.1369E-01  0.1250E-03  0.1875E-03
  0.5875E-02  0.6500E-02  0.6625E-02  0.6562E-02  0.1875E-03  0.6250E-04
  0.6063E-02  0.5500E-02  0.8625E-02  0.9500E-02  0.2500E-03  0.1875E-03
  0.2987E-01  0.2856E-01  0.4106E-01  0.4025E-01  0.6250E-03  0.7500E-03
  0.1181E-01  0.1188E-01  0.1694E-01  0.1475E-01  0.1875E-03  0.3750E-03
  0.5437E-02  0.7313E-02  0.6000E-02  0.5750E-02  0.0000E+00  0.6250E-04
  0.4875E-02  0.5750E-02  0.8125E-02  0.9125E-02  0.1250E-03  0.1250E-03
  0.3194E-01  0.3094E-01  0.3925E-01  0.3856E-01  0.5000E-03  0.4375E-03
 Events:
         180         173         256         252           3           2
         113         105         102         111           0           1
          97          97         123         148           3           2
         486         526         612         663          10           7
         155         189         219         243           1           3
         102         103         102          84           1           0
          98          91         141         135           2           2
         472         493         637         640           9           5
         172         176         272         219           2           3
          94         104         106         105           3           1
          97          88         138         152           4           3
         478         457         657         644          10          12
         189         190         271         236           3           6
          87         117          96          92           0           1
          78          92         130         146           2           2
         511         495         628         617           8           7
 Accuracy:    0.515   0.100   0.194   7.009
 Found          450  events.
 Wrote            3  events.
 Actual xsec    4.0609509660583845E-014
 Correct abs xsec    4.0609509660583845E-014
 Event xsec    4.0609509660583839E-014
 Events wgts > 1:            0
 % Cross section > 1:    0.0000000000000000        0.0000000000000000     

 -------------------------------------------------------------------------------
 Accumulated results:   Integral =  0.3304E-13
                        Std dev  =  0.6426E-14
                       Cross sec =  0.3304E-13
             Chi**2 per DoF.     =      7.0092
 -------------------------------------------------------------------------------
-------------------------------------------------
---------------------------
 Results Last   3 iters: Integral =   0.4061E-13
                     Abs integral =   0.4061E-13
                          Std dev =   0.8962E-14
                  Chi**2 per DoF. =     61.9887
-------------------------------------------------
---------------------------
 Status  0.10000000000000001                6           5

ls status:
events.lhe
ftn26
input_app.txt
results.dat
run1_app.log
