 Process in group number            1
 A PDF is used, so alpha_s(MZ) is going to be modified
 Old value of alpha_s from param_card:   0.11839999999999999     
  ****************************************
 
       NNPDFDriver version 1.0.3
   Grid: NNPDF23_lo_as_0130_qed_mem0.grid
  ****************************************
 New value of alpha_s from PDF nn23lo1:  0.13000000000000000     
 Define smin to   1600.0000000000000     
 Define smin to   1600.0000000000000     
 Define smin to   1600.0000000000000     
 *****************************************************
 *               MadGraph/MadEvent                   *
 *        --------------------------------           *
 *          http://madgraph.hep.uiuc.edu             *
 *          http://madgraph.phys.ucl.ac.be           *
 *          http://madgraph.roma2.infn.it            *
 *        --------------------------------           *
 *                                                   *
 *          PARAMETER AND COUPLING VALUES            *
 *                                                   *
 *****************************************************

  External Params
  ---------------------------------
  
 mdl_VeN1 =    1.0000000000000000     
 mdl_VeN2 =    0.0000000000000000     
 mdl_VeN3 =    0.0000000000000000     
 mdl_VmuN1 =    0.0000000000000000     
 mdl_VmuN2 =    1.0000000000000000     
 mdl_VmuN3 =    0.0000000000000000     
 mdl_VtaN1 =    0.0000000000000000     
 mdl_VtaN2 =    0.0000000000000000     
 mdl_VtaN3 =    1.0000000000000000     
 mdl_VN1N1 =    1.0000000000000000     
 mdl_VN1N2 =    1.0000000000000000     
 mdl_VN1N3 =    1.0000000000000000     
 mdl_VN2N2 =    1.0000000000000000     
 mdl_VN2N3 =    1.0000000000000000     
 mdl_VN3N3 =    1.0000000000000000     
 aEWM1 =    127.90000000000001     
 mdl_Gf =    1.1663700000000000E-005
 aS =   0.11839999999999999     
 mdl_ymt =    172.00000000000000     
 mdl_vevf =    50.000000000000000     
 mdl_MZ =    91.187600000000003     
 mdl_MT =    172.00000000000000     
 mdl_MH =    125.00000000000000     
 mdl_mN1 =    510.00000000000000     
 mdl_mN2 =    610.00000000000000     
 mdl_mN3 =    710.00000000000000     
 mdl_MJ =    91.187600000000003     
 mdl_MAx =    173.04800000000000     
 mdl_WZ =    2.4952000000000001     
 mdl_WW =    2.0850000000000000     
 mdl_WT =    1.5083359999999999     
 mdl_WH =    4.0699999999999998E-003
 mdl_WN1 =   0.30299999999999999     
 mdl_WN2 =    1.5000000000000000     
 mdl_WN3 =    12.300000000000001     
 mdl_WJ =    2.4952000000000001     
 mdl_WAx =    4.1700000000000001E-003
  Internal Params
  ---------------------------------
  
 mdl_vevf__exp__2 =    2500.0000000000000     
 mdl_sqrt__vevf__exp__2 =    50.000000000000000     
 mdl_muJ =    50.000000000000000     
 mdl_MZ__exp__2 =    8315.1783937600012     
 mdl_MZ__exp__4 =    69142191.720053151     
 mdl_sqrt__2 =    1.4142135623730951     
 mdl_MJ__exp__2 =    8315.1783937600012     
 mdl_muJ__exp__2 =    2500.0000000000000     
 mdl_lamJ =    4.3260713575040004     
 mdl_MH__exp__2 =    15625.000000000000     
 mdl_complexi =  (  0.0000000000000000     ,  1.0000000000000000     )
 mdl_aEW =    7.8186082877247844E-003
 mdl_MW =    79.824359746197842     
 mdl_sqrt__aEW =    8.8422894590285753E-002
 mdl_ee =   0.31345100004952897     
 mdl_MW__exp__2 =    6371.9284088904105     
 mdl_sw2 =   0.23369913342182447     
 mdl_cw =   0.87538612427783857     
 mdl_sqrt__sw2 =   0.48342438232036300     
 mdl_sw =   0.48342438232036300     
 mdl_g1 =   0.35807170271074895     
 mdl_gN =   0.64839716719502682     
 mdl_gw =   0.64839716719502682     
 mdl_vev =    246.22056907348590     
 mdl_vev__exp__2 =    60624.568634871241     
 mdl_lam =   0.12886689630821144     
 mdl_yt =   0.98791394091683138     
 mdl_muH =    88.388347648318444     
 mdl_I2a33 =  ( 0.98791394091683138     ,  0.0000000000000000     )
 mdl_I3a33 =  ( 0.98791394091683138     ,  0.0000000000000000     )
 mdl_ee__exp__2 =    9.8251529432049817E-002
 mdl_sw__exp__2 =   0.23369913342182450     
 mdl_cw__exp__2 =   0.76630086657817542     
  Internal Params evaluated point by point
  ----------------------------------------
  
 mdl_sqrt__aS =   0.34409301068170506     
 mdl_G__exp__2 =    1.4878582807401259     
  Couplings of SM_HeavyN_UFO
  ---------------------------------
  
         GC_1 =  -0.00000E+00  -0.10448E+00
         GC_2 =   0.00000E+00   0.20897E+00
         GC_3 =  -0.00000E+00  -0.31345E+00
         GC_4 =   0.00000E+00   0.31345E+00
        GC_26 =   0.00000E+00   0.45849E+00
        GC_27 =  -0.00000E+00  -0.28380E+00
        GC_28 =   0.00000E+00   0.28380E+00
        GC_30 =   0.00000E+00   0.56760E+00
        GC_35 =  -0.00000E+00  -0.28850E-01
        GC_37 =   0.00000E+00   0.17310E+00
        GC_39 =   0.00000E+00  -0.19725E+00
        GC_40 =   0.00000E+00   0.37035E+00
        GC_80 =   0.00000E+00   0.67543E+02
       GC_107 =  -0.00000E+00  -0.74070E+00
       GC_109 =  -0.00000E+00  -0.74070E+00
       GC_111 =  -0.00000E+00  -0.74070E+00
       GC_113 =  -0.00000E+00  -0.74070E+00
       GC_115 =  -0.00000E+00  -0.74070E+00
       GC_117 =  -0.00000E+00  -0.74070E+00
       GC_119 =   0.00000E+00   0.00000E+00
       GC_120 =   0.00000E+00   0.00000E+00
       GC_122 =  -0.00000E+00  -0.00000E+00
       GC_126 =   0.00000E+00   0.00000E+00
       GC_127 =   0.00000E+00   0.00000E+00
       GC_129 =  -0.00000E+00  -0.00000E+00
       GC_133 =   0.00000E+00   0.45849E+00
       GC_134 =   0.00000E+00   0.37035E+00
       GC_136 =  -0.00000E+00  -0.28836E+01
        GC_81 =   0.10200E+02   0.00000E+00
        GC_82 =   0.12200E+02   0.00000E+00
        GC_83 =   0.14200E+02   0.00000E+00

 Collider parameters:
 --------------------

 Running at P P   machine @    13000.000000000000       GeV
 PDF set = nn23lo1
 alpha_s(Mz)= 0.1300 running at 2 loops.
 alpha_s(Mz)= 0.1300 running at 2 loops.
 Renormalization scale set on event-by-event basis
 Factorization   scale set on event-by-event basis


 getting user params
Enter number of events and max and min iterations: 
 Number of events and iterations         1000           5           3
Enter desired fractional accuracy: 
 Desired fractional accuracy:   0.10000000000000001     
Enter 0 for fixed, 2 for adjustable grid: 
Suppress amplitude (0 no, 1 yes)? 
 Using suppressed amplitude.
Exact helicity sum (0 yes, n = number/event)? 
 Explicitly summing over helicities
Enter Configuration Number: 
Running Configuration Number:   60
 Using dconfig=         212
 BW Setting            2           1           2           1           2           0           0
 Attempting mappinvarients           1           9
 Completed mapping           9
 about to integrate           19        1000           5           3          19           1
 Using non-zero grid deformation.
 19 dimensions   1000 events 19 invarients  5 iterations  1 config(s),  (0.99)
 Using h-tuple random number sequence.
 Error opening grid
 Using Uniform Grid!          36
 Using uniform alpha   1.0000000000000000     
 Grid defined OK
 Set CM energy to      13000.00
 Mapping Graph          60  to config          60
Setting grid   1    0.75740E-07   1
Setting grid   2    0.75740E-07   1
 Setting BW          -3           2   79.824359746197842     
Setting grid   4    0.28499E-04   1
 Setting BW          -5           4   710.00000000000000     
Setting grid   6    0.24885E-02   1
 Transforming s_hat 1/s           18   2.4884748520710063E-003   1600.0000000000000        168999999.99999997     
  60   1   2   3   4   5   6   7   8   9  10  11  12  13  14
  15  16  17  18  19
 Masses: 0.000E+00 0.000E+00 0.000E+00 0.000E+00 0.000E+00 0.000E+00 0.000E+00 0.000E+00 0.912E+02
Using random seed offsets    60 :      1
  with seed                   24
 Ranmar initialization seeds       31118        9398
 
 ********************************************
 * You are using the DiscreteSampler module *
 *      part of the MG5_aMC framework       *
 *         Author: Valentin Hirschi         *
 ********************************************
 
  Particle       3       4       5       6       7       8       9
      Et >    10.0    10.0    10.0    10.0     0.0     0.0     0.0
       E >     0.0     0.0     0.0     0.0     0.0     0.0     0.0
     Eta <     2.5     2.5     2.5     2.5    -1.0    -1.0    -1.0
   xqcut:      0.0     0.0     0.0     0.0     0.0     0.0     0.0
d R # 3  >    -0.0     0.4     0.4     0.4     0.0     0.0     0.0
d R # 4  >    -0.0    -0.0     0.4     0.4     0.0     0.0     0.0
d R # 5  >    -0.0    -0.0    -0.0     0.4     0.0     0.0     0.0
d R # 6  >    -0.0    -0.0    -0.0    -0.0     0.0     0.0     0.0
d R # 7  >    -0.0    -0.0    -0.0    -0.0    -0.0     0.0     0.0
d R # 8  >    -0.0    -0.0    -0.0    -0.0    -0.0    -0.0     0.0
s min # 3>     0.0     0.0     0.0     0.0     0.0     0.0     0.0
s min # 4>     0.0     0.0     0.0     0.0     0.0     0.0     0.0
s min # 5>     0.0     0.0     0.0     0.0     0.0     0.0     0.0
s min # 6>     0.0     0.0     0.0     0.0     0.0     0.0     0.0
s min # 7>     0.0     0.0     0.0     0.0     0.0     0.0     0.0
s min # 8>     0.0     0.0     0.0     0.0     0.0     0.0     0.0
xqcutij # 3>     0.0     0.0     0.0     0.0     0.0     0.0     0.0
xqcutij # 4>     0.0     0.0     0.0     0.0     0.0     0.0     0.0
xqcutij # 5>     0.0     0.0     0.0     0.0     0.0     0.0     0.0
xqcutij # 6>     0.0     0.0     0.0     0.0     0.0     0.0     0.0
xqcutij # 7>     0.0     0.0     0.0     0.0     0.0     0.0     0.0
xqcutij # 8>     0.0     0.0     0.0     0.0     0.0     0.0     0.0
 Excluding BW           -1           1
 Requiring BW           -3           2
 Excluding BW           -4           3
 Requiring BW           -5           4
 Excluding BW           -6           5
 alpha_s for scale    814.62882921114783       is    9.5390804138895904E-002
 Added good helicity            1   3.6370054977908195       in event            1 local:           1
 Added good helicity           21   1.8849460423068856E-002  in event            1 local:           1
 Added good helicity           25  0.70884236037785209       in event            1 local:           1
 Added good helicity           37   6.9615368372476162E-005  in event            1 local:           1
 Added good helicity           41   8.7855135828493296       in event            1 local:           1
 Added good helicity           61   3.6590269441990476E-003  in event            1 local:           1
 Added good helicity          193   68.824536565747493       in event            1 local:           1
 Added good helicity          213  0.36491861967258238       in event            1 local:           1
 Added good helicity          217   14.017486285079237       in event            1 local:           1
 Added good helicity          229   3.4784633116132307E-003  in event            1 local:           1
 Added good helicity          233   159.26711230420096       in event            1 local:           1
 Added good helicity          253  0.36852821823447329       in event            1 local:           1
 Added good helicity            1   3.6370054977908772       in event            1 local:           1
 Added good helicity           21   1.8849460423069227E-002  in event            1 local:           1
 Added good helicity           25  0.70884236037785386       in event            1 local:           1
 Added good helicity           37   6.9615368372477368E-005  in event            1 local:           1
 Added good helicity           41   8.7855135828493331       in event            1 local:           1
 Added good helicity           61   3.6590269441991057E-003  in event            1 local:           1
 Added good helicity          193   68.824536565747664       in event            1 local:           1
 Added good helicity          213  0.36491861967258704       in event            1 local:           1
 Added good helicity          217   14.017486285079324       in event            1 local:           1
 Added good helicity          229   3.4784633116131804E-003  in event            1 local:           1
 Added good helicity          233   159.26711230420065       in event            1 local:           1
 Added good helicity          253  0.36852821823447540       in event            1 local:           1
 RESET CUMULATIVE VARIABLE
 RESET CUMULATIVE VARIABLE
 RESET CUMULATIVE VARIABLE
 Iteration  1   Mean: 0.1615E-13 Abs mean: 0.1615E-13   Fluctuation:  0.373E-14   0.226E-11     0.9%
  1    0.1615E-13 0.1615E-13 +- 0.3725E-14      7.29
 Writing out events   3.7624986258571898E-016   7.2937530411639662     
 Relative summed weights:
  0.2104E-01  0.3873E-01  0.4711E-01  0.6591E-02  0.9352E-05  0.0000E+00
  0.3881E-01  0.9319E-03  0.2265E-01  0.4692E-02  0.0000E+00  0.0000E+00
  0.2009E-01  0.8979E-02  0.1472E-01  0.4652E-01  0.4821E-01  0.1997E-05
  0.3207E-02  0.1410E+00  0.2296E-02  0.1057E+00  0.0000E+00  0.0000E+00
  0.1571E-01  0.1841E-01  0.3901E-02  0.1368E-01  0.1369E-02  0.1757E-07
  0.9813E-01  0.1292E-01  0.2771E-02  0.3285E-02  0.0000E+00  0.0000E+00
  0.4970E-02  0.2775E-01  0.4368E-02  0.1587E-01  0.4445E-11  0.0000E+00
  0.3408E-02  0.8734E-01  0.3870E-01  0.7615E-01  0.0000E+00  0.0000E+00
 Relative number of events:
  0.5055E-01  0.4658E-01  0.6046E-01  0.3370E-01  0.2973E-02  0.0000E+00
  0.1388E-01  0.2081E-01  0.1487E-01  0.1487E-01  0.0000E+00  0.0000E+00
  0.4559E-01  0.4163E-01  0.4460E-01  0.4757E-01  0.1982E-02  0.1982E-02
  0.2478E-01  0.1685E-01  0.1189E-01  0.1883E-01  0.0000E+00  0.0000E+00
  0.3766E-01  0.4757E-01  0.4262E-01  0.5649E-01  0.9911E-03  0.9911E-03
  0.1586E-01  0.1586E-01  0.2279E-01  0.1288E-01  0.0000E+00  0.0000E+00
  0.4063E-01  0.4163E-01  0.4559E-01  0.4163E-01  0.9911E-03  0.0000E+00
  0.1487E-01  0.1883E-01  0.1189E-01  0.1586E-01  0.0000E+00  0.0000E+00
 Events:
          51          47          61          34           3           0
          14          21          15          15           0           0
          46          42          45          48           2           2
          25          17          12          19           0           0
          38          48          43          57           1           1
          16          16          23          13           0           0
          41          42          46          42           1           0
          15          19          12          16           0           0
 Iteration  2   Mean: 0.1819E-13 Abs mean: 0.1819E-13   Fluctuation:  0.273E-14   0.409E-11     9.6%
  2    0.1819E-13 0.1819E-13 +- 0.2726E-14      6.70
 Relative summed weights:
  0.2329E-01  0.1675E-01  0.2579E-01  0.1900E-01  0.7415E-07  0.3001E-07
  0.5062E-01  0.3264E-01  0.9472E-02  0.1172E-01  0.1286E-02  0.1118E-03
  0.5586E-01  0.4294E-01  0.1979E-01  0.9826E-02  0.2488E-04  0.3780E-05
  0.5022E-02  0.8123E-02  0.6467E-02  0.4011E-01  0.2539E-02  0.0000E+00
  0.4922E-01  0.2278E-01  0.1759E-01  0.3824E-01  0.9646E-04  0.5229E-02
  0.7255E-02  0.1028E-01  0.7873E-01  0.3425E-01  0.0000E+00  0.0000E+00
  0.3208E-01  0.3034E-01  0.1972E-01  0.2520E-01  0.3426E-03  0.5314E-04
  0.5432E-01  0.3813E-01  0.1431E+00  0.1132E-01  0.3147E-03  0.0000E+00
 Relative number of events:
  0.4750E-01  0.5000E-01  0.4150E-01  0.4600E-01  0.1000E-02  0.5000E-03
  0.1550E-01  0.1650E-01  0.1550E-01  0.1950E-01  0.1000E-02  0.5000E-03
  0.4800E-01  0.4500E-01  0.4100E-01  0.3850E-01  0.1500E-02  0.1000E-02
  0.1750E-01  0.2050E-01  0.1750E-01  0.1650E-01  0.5000E-03  0.0000E+00
  0.5200E-01  0.4350E-01  0.4450E-01  0.4300E-01  0.2000E-02  0.1500E-02
  0.1700E-01  0.1750E-01  0.1950E-01  0.1350E-01  0.0000E+00  0.0000E+00
  0.4300E-01  0.4000E-01  0.4500E-01  0.5200E-01  0.1000E-02  0.2000E-02
  0.1350E-01  0.2150E-01  0.1450E-01  0.1000E-01  0.1000E-02  0.0000E+00
 Events:
          95         100          83          92           2           1
          31          33          31          39           2           1
          96          90          82          77           3           2
          35          41          35          33           1           0
         104          87          89          86           4           3
          34          35          39          27           0           0
          86          80          90         104           2           4
          27          43          29          20           2           0
 Iteration  3   Mean: 0.1617E-13 Abs mean: 0.1617E-13   Fluctuation:  0.142E-14   0.301E-11    13.5%
  3    0.1617E-13 0.1617E-13 +- 0.1419E-14      5.55
 Relative summed weights:
  0.4666E-01  0.3098E-01  0.1776E-01  0.1885E-01  0.9854E-04  0.1453E-02
  0.3221E-01  0.2238E-01  0.1798E-01  0.3184E-01  0.5899E-05  0.1778E-05
  0.3040E-01  0.3628E-01  0.4620E-01  0.2995E-01  0.1772E-04  0.2443E-03
  0.2620E-01  0.4465E-01  0.2361E-01  0.1399E-01  0.2253E-03  0.2859E-04
  0.2313E-01  0.5969E-01  0.2205E-01  0.1566E-01  0.2834E-02  0.5456E-04
  0.1559E-01  0.1364E-01  0.1077E-01  0.2264E-01  0.2929E-01  0.0000E+00
  0.3400E-01  0.4439E-01  0.3033E-01  0.1890E-01  0.5725E-03  0.1784E-03
  0.8145E-01  0.1739E-01  0.3190E-01  0.5349E-01  0.0000E+00  0.2056E-04
 Relative number of events:
  0.4525E-01  0.4450E-01  0.3775E-01  0.4275E-01  0.5000E-03  0.1250E-02
  0.1875E-01  0.1800E-01  0.1525E-01  0.1725E-01  0.2500E-03  0.2500E-03
  0.4875E-01  0.4525E-01  0.4350E-01  0.4800E-01  0.2500E-03  0.1250E-02
  0.1925E-01  0.2000E-01  0.1675E-01  0.1225E-01  0.2500E-03  0.5000E-03
  0.4725E-01  0.4950E-01  0.4425E-01  0.3875E-01  0.1250E-02  0.1500E-02
  0.1825E-01  0.1675E-01  0.1650E-01  0.1400E-01  0.1000E-02  0.0000E+00
  0.4900E-01  0.4825E-01  0.4525E-01  0.4325E-01  0.1500E-02  0.2250E-02
  0.1925E-01  0.1825E-01  0.1200E-01  0.1400E-01  0.0000E+00  0.2500E-03
 Events:
         181         178         151         171           2           5
          75          72          61          69           1           1
         195         181         174         192           1           5
          77          80          67          49           1           2
         189         198         177         155           5           6
          73          67          66          56           4           0
         196         193         181         173           6           9
          77          73          48          56           0           1
 Accuracy:    0.036   0.100   0.072   0.253
 Finished due to accuracy    3.6154736479721880E-002  0.10000000000000001     

 -------------------------------------------------------------------------------
 Accumulated results:   Integral =  0.1663E-13
                        Std dev  =  0.1197E-14
                       Cross sec =  0.1663E-13
             Chi**2 per DoF.     =      0.2526
 -------------------------------------------------------------------------------
 Found          825  events.
 Wrote           18  events.
 Actual xsec    1.6634157905801141E-014
 Correct abs xsec    1.6634157905801141E-014
 Event xsec    1.6634157905801138E-014
 Events wgts > 1:            0
 % Cross section > 1:    0.0000000000000000        0.0000000000000000     
-------------------------------------------------
---------------------------
 Results Last   3 iters: Integral =   0.1663E-13
                     Abs integral =   0.1663E-13
                          Std dev =   0.1197E-14
                  Chi**2 per DoF. =      0.2242
-------------------------------------------------
---------------------------
 Status  0.10000000000000001                4           5

ls status:
events.lhe
ftn26
input_app.txt
results.dat
run1_app.log
