 Process in group number            1
 A PDF is used, so alpha_s(MZ) is going to be modified
 Old value of alpha_s from param_card:   0.11839999999999999     
  ****************************************
 
       NNPDFDriver version 1.0.3
   Grid: NNPDF23_lo_as_0130_qed_mem0.grid
  ****************************************
 New value of alpha_s from PDF nn23lo1:  0.13000000000000000     
 Define smin to   1600.0000000000000     
 Define smin to   1600.0000000000000     
 Define smin to   1600.0000000000000     
 *****************************************************
 *               MadGraph/MadEvent                   *
 *        --------------------------------           *
 *          http://madgraph.hep.uiuc.edu             *
 *          http://madgraph.phys.ucl.ac.be           *
 *          http://madgraph.roma2.infn.it            *
 *        --------------------------------           *
 *                                                   *
 *          PARAMETER AND COUPLING VALUES            *
 *                                                   *
 *****************************************************

  External Params
  ---------------------------------
  
 mdl_VeN1 =    1.0000000000000000     
 mdl_VeN2 =    0.0000000000000000     
 mdl_VeN3 =    0.0000000000000000     
 mdl_VmuN1 =    0.0000000000000000     
 mdl_VmuN2 =    1.0000000000000000     
 mdl_VmuN3 =    0.0000000000000000     
 mdl_VtaN1 =    0.0000000000000000     
 mdl_VtaN2 =    0.0000000000000000     
 mdl_VtaN3 =    1.0000000000000000     
 mdl_VN1N1 =    1.0000000000000000     
 mdl_VN1N2 =    1.0000000000000000     
 mdl_VN1N3 =    1.0000000000000000     
 mdl_VN2N2 =    1.0000000000000000     
 mdl_VN2N3 =    1.0000000000000000     
 mdl_VN3N3 =    1.0000000000000000     
 aEWM1 =    127.90000000000001     
 mdl_Gf =    1.1663700000000000E-005
 aS =   0.11839999999999999     
 mdl_ymt =    172.00000000000000     
 mdl_vevf =    50.000000000000000     
 mdl_MZ =    91.187600000000003     
 mdl_MT =    172.00000000000000     
 mdl_MH =    125.00000000000000     
 mdl_mN1 =    2000.0000000000000     
 mdl_mN2 =    2100.0000000000000     
 mdl_mN3 =    2200.0000000000000     
 mdl_MJ =    91.187600000000003     
 mdl_MAx =    173.04800000000000     
 mdl_WZ =    2.4952000000000001     
 mdl_WW =    2.0850000000000000     
 mdl_WT =    1.5083359999999999     
 mdl_WH =    4.0699999999999998E-003
 mdl_WN1 =   0.30299999999999999     
 mdl_WN2 =    1.5000000000000000     
 mdl_WN3 =    12.300000000000001     
 mdl_WJ =    2.4952000000000001     
 mdl_WAx =    4.1700000000000001E-003
  Internal Params
  ---------------------------------
  
 mdl_vevf__exp__2 =    2500.0000000000000     
 mdl_sqrt__vevf__exp__2 =    50.000000000000000     
 mdl_muJ =    50.000000000000000     
 mdl_MZ__exp__2 =    8315.1783937600012     
 mdl_MZ__exp__4 =    69142191.720053151     
 mdl_sqrt__2 =    1.4142135623730951     
 mdl_MJ__exp__2 =    8315.1783937600012     
 mdl_muJ__exp__2 =    2500.0000000000000     
 mdl_lamJ =    4.3260713575040004     
 mdl_MH__exp__2 =    15625.000000000000     
 mdl_complexi =  (  0.0000000000000000     ,  1.0000000000000000     )
 mdl_aEW =    7.8186082877247844E-003
 mdl_MW =    79.824359746197842     
 mdl_sqrt__aEW =    8.8422894590285753E-002
 mdl_ee =   0.31345100004952897     
 mdl_MW__exp__2 =    6371.9284088904105     
 mdl_sw2 =   0.23369913342182447     
 mdl_cw =   0.87538612427783857     
 mdl_sqrt__sw2 =   0.48342438232036300     
 mdl_sw =   0.48342438232036300     
 mdl_g1 =   0.35807170271074895     
 mdl_gN =   0.64839716719502682     
 mdl_gw =   0.64839716719502682     
 mdl_vev =    246.22056907348590     
 mdl_vev__exp__2 =    60624.568634871241     
 mdl_lam =   0.12886689630821144     
 mdl_yt =   0.98791394091683138     
 mdl_muH =    88.388347648318444     
 mdl_I2a33 =  ( 0.98791394091683138     ,  0.0000000000000000     )
 mdl_I3a33 =  ( 0.98791394091683138     ,  0.0000000000000000     )
 mdl_ee__exp__2 =    9.8251529432049817E-002
 mdl_sw__exp__2 =   0.23369913342182450     
 mdl_cw__exp__2 =   0.76630086657817542     
  Internal Params evaluated point by point
  ----------------------------------------
  
 mdl_sqrt__aS =   0.34409301068170506     
 mdl_G__exp__2 =    1.4878582807401259     
  Couplings of SM_HeavyN_UFO
  ---------------------------------
  
         GC_1 =  -0.00000E+00  -0.10448E+00
         GC_2 =   0.00000E+00   0.20897E+00
         GC_3 =  -0.00000E+00  -0.31345E+00
         GC_4 =   0.00000E+00   0.31345E+00
        GC_26 =   0.00000E+00   0.45849E+00
        GC_27 =  -0.00000E+00  -0.28380E+00
        GC_28 =   0.00000E+00   0.28380E+00
        GC_30 =   0.00000E+00   0.56760E+00
        GC_35 =  -0.00000E+00  -0.28850E-01
        GC_37 =   0.00000E+00   0.17310E+00
        GC_39 =   0.00000E+00  -0.19725E+00
        GC_40 =   0.00000E+00   0.37035E+00
        GC_80 =   0.00000E+00   0.67543E+02
       GC_107 =  -0.00000E+00  -0.74070E+00
       GC_109 =  -0.00000E+00  -0.74070E+00
       GC_111 =  -0.00000E+00  -0.74070E+00
       GC_113 =  -0.00000E+00  -0.74070E+00
       GC_115 =  -0.00000E+00  -0.74070E+00
       GC_117 =  -0.00000E+00  -0.74070E+00
       GC_119 =   0.00000E+00   0.00000E+00
       GC_120 =   0.00000E+00   0.00000E+00
       GC_122 =  -0.00000E+00  -0.00000E+00
       GC_126 =   0.00000E+00   0.00000E+00
       GC_127 =   0.00000E+00   0.00000E+00
       GC_129 =  -0.00000E+00  -0.00000E+00
       GC_133 =   0.00000E+00   0.45849E+00
       GC_134 =   0.00000E+00   0.37035E+00
       GC_136 =  -0.00000E+00  -0.89351E+01
        GC_81 =   0.40000E+02   0.00000E+00
        GC_82 =   0.42000E+02   0.00000E+00
        GC_83 =   0.44000E+02   0.00000E+00

 Collider parameters:
 --------------------

 Running at P P   machine @    13000.000000000000       GeV
 PDF set = nn23lo1
 alpha_s(Mz)= 0.1300 running at 2 loops.
 alpha_s(Mz)= 0.1300 running at 2 loops.
 Renormalization scale set on event-by-event basis
 Factorization   scale set on event-by-event basis


 getting user params
Enter number of events and max and min iterations: 
 Number of events and iterations         1000           5           3
Enter desired fractional accuracy: 
 Desired fractional accuracy:   0.10000000000000001     
Enter 0 for fixed, 2 for adjustable grid: 
Suppress amplitude (0 no, 1 yes)? 
 Using suppressed amplitude.
Exact helicity sum (0 yes, n = number/event)? 
 Explicitly summing over helicities
Enter Configuration Number: 
Running Configuration Number:  339
 Using dconfig=         232
 BW Setting            1           2           1           2           2           0           0
 Attempting mappinvarients           1           9
 Completed mapping           9
 about to integrate           19        1000           5           3          19           1
 Using non-zero grid deformation.
 19 dimensions   1000 events 19 invarients  5 iterations  1 config(s),  (0.99)
 Using h-tuple random number sequence.
 Error opening grid
 Using Uniform Grid!          36
 Using uniform alpha   1.0000000000000000     
 Grid defined OK
 Set CM energy to      13000.00
 Mapping Graph         339  to config         339
 Setting BW          -1           1   91.187600000000003     
Setting grid   2    0.36660E-04   1
 Setting BW          -3           3   2200.0000000000000     
Setting grid   4    0.59172E-08   1
Setting grid   5    0.27060E-01   1
Setting grid   6    0.27060E-01   1
 Transforming s_hat 1/s           18   2.7568770710059178E-002   1600.0000000000000        168999999.99999997     
 339   1   2   3   4   5   6   7   8   9  10  11  12  13  14
  15  16  17  18  19
 Masses: 0.000E+00 0.000E+00 0.000E+00 0.000E+00 0.000E+00 0.000E+00 0.000E+00 0.000E+00 0.912E+02
Using random seed offsets   339 :      1
  with seed                   24
 Ranmar initialization seeds          69        9398
 
 ********************************************
 * You are using the DiscreteSampler module *
 *      part of the MG5_aMC framework       *
 *         Author: Valentin Hirschi         *
 ********************************************
 
  Particle       3       4       5       6       7       8       9
      Et >    10.0    10.0    10.0    10.0     0.0     0.0     0.0
       E >     0.0     0.0     0.0     0.0     0.0     0.0     0.0
     Eta <     2.5     2.5     2.5     2.5    -1.0    -1.0    -1.0
   xqcut:      0.0     0.0     0.0     0.0     0.0     0.0     0.0
d R # 3  >    -0.0     0.4     0.4     0.4     0.0     0.0     0.0
d R # 4  >    -0.0    -0.0     0.4     0.4     0.0     0.0     0.0
d R # 5  >    -0.0    -0.0    -0.0     0.4     0.0     0.0     0.0
d R # 6  >    -0.0    -0.0    -0.0    -0.0     0.0     0.0     0.0
d R # 7  >    -0.0    -0.0    -0.0    -0.0    -0.0     0.0     0.0
d R # 8  >    -0.0    -0.0    -0.0    -0.0    -0.0    -0.0     0.0
s min # 3>     0.0     0.0     0.0     0.0     0.0     0.0     0.0
s min # 4>     0.0     0.0     0.0     0.0     0.0     0.0     0.0
s min # 5>     0.0     0.0     0.0     0.0     0.0     0.0     0.0
s min # 6>     0.0     0.0     0.0     0.0     0.0     0.0     0.0
s min # 7>     0.0     0.0     0.0     0.0     0.0     0.0     0.0
s min # 8>     0.0     0.0     0.0     0.0     0.0     0.0     0.0
xqcutij # 3>     0.0     0.0     0.0     0.0     0.0     0.0     0.0
xqcutij # 4>     0.0     0.0     0.0     0.0     0.0     0.0     0.0
xqcutij # 5>     0.0     0.0     0.0     0.0     0.0     0.0     0.0
xqcutij # 6>     0.0     0.0     0.0     0.0     0.0     0.0     0.0
xqcutij # 7>     0.0     0.0     0.0     0.0     0.0     0.0     0.0
xqcutij # 8>     0.0     0.0     0.0     0.0     0.0     0.0     0.0
 Requiring BW           -1           1
 Excluding BW           -2           2
 Requiring BW           -3           3
 Excluding BW           -4           4
 Excluding BW           -6           5
 alpha_s for scale    1752.0988159193287       is    8.7321957191986266E-002
 Added good helicity            1   37.339808215815985       in event            1 local:           1
 Added good helicity           21   2.1737739338698304E-003  in event            1 local:           1
 Added good helicity           25   5.2566606041799086E-005  in event            1 local:           1
 Added good helicity           37   1.1726447527754001E-002  in event            1 local:           1
 Added good helicity           41   129.07342810420170       in event            1 local:           1
 Added good helicity           61   4.1430393002860558E-003  in event            1 local:           1
 Added good helicity          193   24.370891072716812       in event            1 local:           1
 Added good helicity          213   4.6900084156998425E-003  in event            1 local:           1
 Added good helicity          217   1.4031298325051160E-004  in event            1 local:           1
 Added good helicity          229  0.12726224222521185       in event            1 local:           1
 Added good helicity          233   65.046262216451581       in event            1 local:           1
 Added good helicity          253   1.9421999821772402E-002  in event            1 local:           1
 Added good helicity            1   37.339808215810983       in event            1 local:           1
 Added good helicity           21   2.1737739338699626E-003  in event            1 local:           1
 Added good helicity           25   5.2566606041799960E-005  in event            1 local:           1
 Added good helicity           37   1.1726447527754378E-002  in event            1 local:           1
 Added good helicity           41   129.07342810419092       in event            1 local:           1
 Added good helicity           61   4.1430393002863065E-003  in event            1 local:           1
 Added good helicity          193   24.370891072731997       in event            1 local:           1
 Added good helicity          213   4.6900084157001521E-003  in event            1 local:           1
 Added good helicity          217   1.4031298325048420E-004  in event            1 local:           1
 Added good helicity          229  0.12726224222521657       in event            1 local:           1
 Added good helicity          233   65.046262216452206       in event            1 local:           1
 Added good helicity          253   1.9421999821774897E-002  in event            1 local:           1
 RESET CUMULATIVE VARIABLE
 RESET CUMULATIVE VARIABLE
 RESET CUMULATIVE VARIABLE
 Iteration  1   Mean: 0.7884E-14 Abs mean: 0.7884E-14   Fluctuation:  0.284E-14   0.212E-11    20.4%
  1    0.7884E-14 0.7884E-14 +- 0.2836E-14     11.38
 Writing out events   7.7314467233904184E-018   11.376432322568968     
 Relative summed weights:
  0.9040E-03  0.1277E+00  0.2008E-03  0.1495E-03  0.0000E+00  0.0000E+00
  0.6989E-01  0.1022E-02  0.2092E-03  0.1564E+00  0.0000E+00  0.5895E-06
  0.4942E-02  0.2635E-02  0.2378E-06  0.1110E-06  0.1716E-04  0.0000E+00
  0.4892E-01  0.8584E-01  0.1415E-03  0.1464E-01  0.7451E-05  0.0000E+00
  0.1062E-02  0.6922E-04  0.3618E-03  0.0000E+00  0.0000E+00  0.0000E+00
  0.3695E-03  0.1234E-03  0.3264E-06  0.4175E-01  0.0000E+00  0.7961E-07
  0.4343E-02  0.2775E-01  0.2132E-02  0.2567E-02  0.6565E-04  0.1779E-08
  0.1193E-02  0.3684E+00  0.2832E-01  0.7842E-02  0.6008E-11  0.0000E+00
 Relative number of events:
  0.1586E-01  0.1586E-01  0.2973E-02  0.9911E-03  0.0000E+00  0.0000E+00
  0.6541E-01  0.4063E-01  0.5352E-01  0.4460E-01  0.0000E+00  0.9911E-03
  0.1982E-01  0.1388E-01  0.2973E-02  0.1982E-02  0.9911E-03  0.0000E+00
  0.6541E-01  0.5946E-01  0.5352E-01  0.5253E-01  0.9911E-03  0.0000E+00
  0.1388E-01  0.1487E-01  0.4955E-02  0.0000E+00  0.0000E+00  0.0000E+00
  0.1685E-01  0.1189E-01  0.1982E-02  0.4955E-02  0.0000E+00  0.9911E-03
  0.3865E-01  0.4856E-01  0.5847E-01  0.4955E-01  0.9911E-03  0.9911E-03
  0.4559E-01  0.5649E-01  0.5946E-01  0.5748E-01  0.9911E-03  0.0000E+00
 Events:
          16          16           3           1           0           0
          66          41          54          45           0           1
          20          14           3           2           1           0
          66          60          54          53           1           0
          14          15           5           0           0           0
          17          12           2           5           0           1
          39          49          59          50           1           1
          46          57          60          58           1           0
 Iteration  2   Mean: 0.1052E-12 Abs mean: 0.1052E-12   Fluctuation:  0.103E-12   0.206E-09    24.5%
  2    0.1052E-12 0.1052E-12 +- 0.1029E-12     43.75
 Relative summed weights:
  0.1560E-03  0.4653E-04  0.1305E-03  0.1161E-04  0.0000E+00  0.1754E-06
  0.4181E-02  0.1659E-02  0.9635E-03  0.1809E-02  0.0000E+00  0.0000E+00
  0.1288E-02  0.1992E-03  0.3264E-05  0.1724E-03  0.1041E-08  0.3594E-06
  0.9799E+00  0.2946E-03  0.4360E-03  0.1219E-03  0.0000E+00  0.0000E+00
  0.1386E-03  0.1199E-03  0.1188E-06  0.2983E-04  0.2578E-06  0.0000E+00
  0.5214E-04  0.5554E-03  0.3681E-05  0.2472E-05  0.0000E+00  0.0000E+00
  0.5285E-03  0.1937E-02  0.3361E-02  0.3599E-03  0.0000E+00  0.2214E-09
  0.6795E-03  0.1014E-03  0.3849E-03  0.4067E-03  0.0000E+00  0.0000E+00
 Relative number of events:
  0.1250E-01  0.1450E-01  0.4500E-02  0.5000E-02  0.0000E+00  0.5000E-03
  0.6600E-01  0.5500E-01  0.5000E-01  0.5150E-01  0.0000E+00  0.0000E+00
  0.1300E-01  0.1800E-01  0.4500E-02  0.1000E-02  0.5000E-03  0.5000E-03
  0.5450E-01  0.4900E-01  0.4650E-01  0.4300E-01  0.0000E+00  0.0000E+00
  0.1550E-01  0.1700E-01  0.2000E-02  0.5000E-02  0.5000E-03  0.0000E+00
  0.1950E-01  0.1800E-01  0.5000E-02  0.4500E-02  0.0000E+00  0.0000E+00
  0.4550E-01  0.5800E-01  0.5700E-01  0.5250E-01  0.0000E+00  0.5000E-03
  0.5300E-01  0.4850E-01  0.5900E-01  0.4900E-01  0.0000E+00  0.0000E+00
 Events:
          25          29           9          10           0           1
         132         110         100         103           0           0
          26          36           9           2           1           1
         109          98          93          86           0           0
          31          34           4          10           1           0
          39          36          10           9           0           0
          91         116         114         105           0           1
         106          97         118          98           0           0
 Iteration  3   Mean: 0.3963E-14 Abs mean: 0.3963E-14   Fluctuation:  0.138E-14   0.434E-11    34.6%
  3    0.3963E-14 0.3963E-14 +- 0.1376E-14     21.96
 Relative summed weights:
  0.7562E-02  0.4905E-03  0.2069E-05  0.6340E-04  0.0000E+00  0.0000E+00
  0.3197E-02  0.6501E-02  0.3699E+00  0.1794E-02  0.0000E+00  0.7414E-14
  0.1719E-02  0.5341E-01  0.5612E-01  0.1317E-03  0.0000E+00  0.0000E+00
  0.4473E-02  0.2722E-02  0.1563E-01  0.2226E-01  0.2514E-08  0.0000E+00
  0.7453E-02  0.3023E-02  0.1495E-02  0.1161E-03  0.0000E+00  0.5945E-09
  0.8167E-01  0.3026E-03  0.7252E-08  0.2417E-02  0.0000E+00  0.6338E-05
  0.8367E-01  0.9689E-01  0.9327E-02  0.6516E-02  0.1160E-11  0.7360E-05
  0.4891E-01  0.1040E+00  0.9442E-03  0.7265E-02  0.9635E-08  0.0000E+00
 Relative number of events:
  0.1700E-01  0.1575E-01  0.2750E-02  0.2000E-02  0.0000E+00  0.0000E+00
  0.5450E-01  0.5225E-01  0.5275E-01  0.5700E-01  0.0000E+00  0.2500E-03
  0.1900E-01  0.1600E-01  0.3000E-02  0.1500E-02  0.0000E+00  0.0000E+00
  0.5050E-01  0.5275E-01  0.5650E-01  0.5700E-01  0.2500E-03  0.0000E+00
  0.1625E-01  0.1325E-01  0.3250E-02  0.3750E-02  0.0000E+00  0.2500E-03
  0.1325E-01  0.1500E-01  0.1500E-02  0.3250E-02  0.0000E+00  0.2500E-03
  0.5725E-01  0.5350E-01  0.5200E-01  0.5450E-01  0.2500E-03  0.5000E-03
  0.5350E-01  0.5125E-01  0.4925E-01  0.4700E-01  0.2500E-03  0.0000E+00
 Events:
          68          63          11           8           0           0
         218         209         211         228           0           1
          76          64          12           6           0           0
         202         211         226         228           1           0
          65          53          13          15           0           1
          53          60           6          13           0           1
         229         214         208         218           1           2
         214         205         197         188           1           0
 Accuracy:    1.415   0.100   0.242  34.172
 Found           18  events.
 Wrote            2  events.
 Actual xsec    1.1933384141331202E-014
 Correct abs xsec    1.1933384141331202E-014
 Event xsec    1.1933384141331202E-014
 Events wgts > 1:            1
 % Cross section > 1:    2.1092503206471934E-021   1.7675206761691497E-005
 Iteration  4   Mean: 0.1079E-12 Abs mean: 0.1079E-12   Fluctuation:  0.852E-13   0.674E-09    36.5%
  4    0.1079E-12 0.1079E-12 +- 0.8519E-13     70.63
 Relative summed weights:
  0.2723E-04  0.3185E-03  0.1049E-03  0.4382E-03  0.4235E-03  0.1234E-05
  0.4051E-03  0.2885E-01  0.1566E-03  0.1164E+00  0.3563E-08  0.1943E-06
  0.3857E-03  0.1147E-03  0.1357E-04  0.6004E-04  0.0000E+00  0.9722E-06
  0.8144E-03  0.4843E-02  0.1539E-01  0.1828E-02  0.0000E+00  0.2361E-10
  0.1339E-02  0.2283E-01  0.2398E-04  0.3062E-03  0.7390E-10  0.5077E-08
  0.1777E-03  0.8664E-05  0.7586E-05  0.8068E-03  0.1949E-04  0.0000E+00
  0.3854E-03  0.5794E-02  0.7810E+00  0.1406E-02  0.0000E+00  0.0000E+00
  0.8361E-02  0.6193E-03  0.5932E-02  0.4930E-03  0.0000E+00  0.6719E-05
 Relative number of events:
  0.1475E-01  0.1400E-01  0.4500E-02  0.3125E-02  0.2500E-03  0.5000E-03
  0.5100E-01  0.5563E-01  0.4825E-01  0.5287E-01  0.1250E-03  0.3750E-03
  0.1600E-01  0.1438E-01  0.3125E-02  0.3250E-02  0.0000E+00  0.2500E-03
  0.5600E-01  0.5050E-01  0.4988E-01  0.5400E-01  0.0000E+00  0.1250E-03
  0.1738E-01  0.1625E-01  0.2500E-02  0.3125E-02  0.1250E-03  0.2500E-03
  0.1800E-01  0.1638E-01  0.4875E-02  0.3500E-02  0.2500E-03  0.0000E+00
  0.5663E-01  0.5700E-01  0.5175E-01  0.5150E-01  0.0000E+00  0.0000E+00
  0.5462E-01  0.5375E-01  0.4938E-01  0.4975E-01  0.0000E+00  0.1250E-03
 Events:
         118         112          36          25           2           4
         408         445         386         423           1           3
         128         115          25          26           0           2
         448         404         399         432           0           1
         139         130          20          25           1           2
         144         131          39          28           2           0
         453         456         414         412           0           0
         437         430         395         398           0           1
 Accuracy:    1.009   0.100   0.231  19.022
 Found          239  events.
 Wrote            1  events.
 Actual xsec    2.8854367024838637E-014
 Correct abs xsec    2.8854367024838637E-014
 Event xsec    2.8854367024838637E-014
 Events wgts > 1:            1
 % Cross section > 1:    9.6261357804769175E-023   3.3361105347382853E-007
 Iteration  5   Mean: 0.1262E-13 Abs mean: 0.1262E-13   Fluctuation:  0.359E-14   0.439E-10    39.3%
  5    0.1262E-13 0.1262E-13 +- 0.3585E-14     35.93
 Relative summed weights:
  0.2779E-02  0.1083E-01  0.8494E-01  0.1109E-02  0.5315E-07  0.1124E-07
  0.1255E+00  0.1178E-01  0.7887E-01  0.2257E-01  0.4001E-06  0.3710E-07
  0.3827E-01  0.1288E-02  0.2396E-03  0.1655E-02  0.5992E-05  0.3654E-06
  0.7564E-02  0.6010E-01  0.2780E-01  0.2316E-01  0.8187E-06  0.0000E+00
  0.2898E-01  0.7024E-02  0.2784E-03  0.3628E-04  0.0000E+00  0.5308E-07
  0.1850E-01  0.7031E-03  0.2709E-04  0.6693E-03  0.3629E-07  0.1030E-04
  0.9434E-02  0.1355E-01  0.6128E-02  0.2292E-01  0.1380E-07  0.4899E-05
  0.3082E-01  0.3518E+00  0.3080E-02  0.7498E-02  0.8724E-04  0.1866E-05
 Relative number of events:
  0.1487E-01  0.1419E-01  0.3500E-02  0.2750E-02  0.2500E-03  0.1875E-03
  0.5150E-01  0.5100E-01  0.5838E-01  0.5256E-01  0.1875E-03  0.4375E-03
  0.1731E-01  0.1537E-01  0.3125E-02  0.3375E-02  0.3125E-03  0.3125E-03
  0.4969E-01  0.5106E-01  0.5181E-01  0.5038E-01  0.1250E-03  0.0000E+00
  0.1456E-01  0.1438E-01  0.2625E-02  0.2500E-02  0.0000E+00  0.1875E-03
  0.1594E-01  0.1663E-01  0.3125E-02  0.3312E-02  0.2500E-03  0.1875E-03
  0.5631E-01  0.5350E-01  0.5394E-01  0.5325E-01  0.1250E-03  0.2500E-03
  0.5350E-01  0.5431E-01  0.5162E-01  0.5625E-01  0.3125E-03  0.2500E-03
 Events:
         238         227          56          44           4           3
         824         816         934         841           3           7
         277         246          50          54           5           5
         795         817         829         806           2           0
         233         230          42          40           0           3
         255         266          50          53           4           3
         901         856         863         852           2           4
         856         869         826         900           5           4
 Accuracy:    0.804   0.100   0.179  20.078
 Found           86  events.
 Wrote            2  events.
 Actual xsec    1.6252958669038236E-014
 Correct abs xsec    1.6252958669038236E-014
 Event xsec    1.6252958669038236E-014
 Events wgts > 1:            1
 % Cross section > 1:    2.8129574090510433E-021   1.7307355948733852E-005

 -------------------------------------------------------------------------------
 Accumulated results:   Integral =  0.1716E-13
                        Std dev  =  0.3079E-14
                       Cross sec =  0.1716E-13
             Chi**2 per DoF.     =     20.0785
 -------------------------------------------------------------------------------
-------------------------------------------------
---------------------------
 Results Last   3 iters: Integral =   0.1625E-13
                     Abs integral =   0.1625E-13
                          Std dev =   0.3442E-14
                  Chi**2 per DoF. =     40.9730
-------------------------------------------------
---------------------------
 Status  0.10000000000000001                6           5

ls status:
events.lhe
ftn26
input_app.txt
results.dat
run1_app.log
