 Process in group number            1
 A PDF is used, so alpha_s(MZ) is going to be modified
 Old value of alpha_s from param_card:   0.11839999999999999     
  ****************************************
 
       NNPDFDriver version 1.0.3
   Grid: NNPDF23_lo_as_0130_qed_mem0.grid
  ****************************************
 New value of alpha_s from PDF nn23lo1:  0.13000000000000000     
 Define smin to   1600.0000000000000     
 Define smin to   1600.0000000000000     
 Define smin to   1600.0000000000000     
 *****************************************************
 *               MadGraph/MadEvent                   *
 *        --------------------------------           *
 *          http://madgraph.hep.uiuc.edu             *
 *          http://madgraph.phys.ucl.ac.be           *
 *          http://madgraph.roma2.infn.it            *
 *        --------------------------------           *
 *                                                   *
 *          PARAMETER AND COUPLING VALUES            *
 *                                                   *
 *****************************************************

  External Params
  ---------------------------------
  
 mdl_VeN1 =    1.0000000000000000     
 mdl_VeN2 =    0.0000000000000000     
 mdl_VeN3 =    0.0000000000000000     
 mdl_VmuN1 =    0.0000000000000000     
 mdl_VmuN2 =    1.0000000000000000     
 mdl_VmuN3 =    0.0000000000000000     
 mdl_VtaN1 =    0.0000000000000000     
 mdl_VtaN2 =    0.0000000000000000     
 mdl_VtaN3 =    1.0000000000000000     
 mdl_VN1N1 =    1.0000000000000000     
 mdl_VN1N2 =    1.0000000000000000     
 mdl_VN1N3 =    1.0000000000000000     
 mdl_VN2N2 =    1.0000000000000000     
 mdl_VN2N3 =    1.0000000000000000     
 mdl_VN3N3 =    1.0000000000000000     
 aEWM1 =    127.90000000000001     
 mdl_Gf =    1.1663700000000000E-005
 aS =   0.11839999999999999     
 mdl_ymt =    172.00000000000000     
 mdl_vevf =    50.000000000000000     
 mdl_MZ =    91.187600000000003     
 mdl_MT =    172.00000000000000     
 mdl_MH =    125.00000000000000     
 mdl_mN1 =    1644.0000000000000     
 mdl_mN2 =    1744.0000000000000     
 mdl_mN3 =    1844.0000000000000     
 mdl_MJ =    91.187600000000003     
 mdl_MAx =    173.04800000000000     
 mdl_WZ =    2.4952000000000001     
 mdl_WW =    2.0850000000000000     
 mdl_WT =    1.5083359999999999     
 mdl_WH =    4.0699999999999998E-003
 mdl_WN1 =   0.30299999999999999     
 mdl_WN2 =    1.5000000000000000     
 mdl_WN3 =    12.300000000000001     
 mdl_WJ =    2.4952000000000001     
 mdl_WAx =    4.1700000000000001E-003
  Internal Params
  ---------------------------------
  
 mdl_vevf__exp__2 =    2500.0000000000000     
 mdl_sqrt__vevf__exp__2 =    50.000000000000000     
 mdl_muJ =    50.000000000000000     
 mdl_MZ__exp__2 =    8315.1783937600012     
 mdl_MZ__exp__4 =    69142191.720053151     
 mdl_sqrt__2 =    1.4142135623730951     
 mdl_MJ__exp__2 =    8315.1783937600012     
 mdl_muJ__exp__2 =    2500.0000000000000     
 mdl_lamJ =    4.3260713575040004     
 mdl_MH__exp__2 =    15625.000000000000     
 mdl_complexi =  (  0.0000000000000000     ,  1.0000000000000000     )
 mdl_aEW =    7.8186082877247844E-003
 mdl_MW =    79.824359746197842     
 mdl_sqrt__aEW =    8.8422894590285753E-002
 mdl_ee =   0.31345100004952897     
 mdl_MW__exp__2 =    6371.9284088904105     
 mdl_sw2 =   0.23369913342182447     
 mdl_cw =   0.87538612427783857     
 mdl_sqrt__sw2 =   0.48342438232036300     
 mdl_sw =   0.48342438232036300     
 mdl_g1 =   0.35807170271074895     
 mdl_gN =   0.64839716719502682     
 mdl_gw =   0.64839716719502682     
 mdl_vev =    246.22056907348590     
 mdl_vev__exp__2 =    60624.568634871241     
 mdl_lam =   0.12886689630821144     
 mdl_yt =   0.98791394091683138     
 mdl_muH =    88.388347648318444     
 mdl_I2a33 =  ( 0.98791394091683138     ,  0.0000000000000000     )
 mdl_I3a33 =  ( 0.98791394091683138     ,  0.0000000000000000     )
 mdl_ee__exp__2 =    9.8251529432049817E-002
 mdl_sw__exp__2 =   0.23369913342182450     
 mdl_cw__exp__2 =   0.76630086657817542     
  Internal Params evaluated point by point
  ----------------------------------------
  
 mdl_sqrt__aS =   0.34409301068170506     
 mdl_G__exp__2 =    1.4878582807401259     
  Couplings of SM_HeavyN_UFO
  ---------------------------------
  
         GC_1 =  -0.00000E+00  -0.10448E+00
         GC_2 =   0.00000E+00   0.20897E+00
         GC_3 =  -0.00000E+00  -0.31345E+00
         GC_4 =   0.00000E+00   0.31345E+00
        GC_26 =   0.00000E+00   0.45849E+00
        GC_27 =  -0.00000E+00  -0.28380E+00
        GC_28 =   0.00000E+00   0.28380E+00
        GC_30 =   0.00000E+00   0.56760E+00
        GC_35 =  -0.00000E+00  -0.28850E-01
        GC_37 =   0.00000E+00   0.17310E+00
        GC_39 =   0.00000E+00  -0.19725E+00
        GC_40 =   0.00000E+00   0.37035E+00
        GC_80 =   0.00000E+00   0.67543E+02
       GC_107 =  -0.00000E+00  -0.74070E+00
       GC_109 =  -0.00000E+00  -0.74070E+00
       GC_111 =  -0.00000E+00  -0.74070E+00
       GC_113 =  -0.00000E+00  -0.74070E+00
       GC_115 =  -0.00000E+00  -0.74070E+00
       GC_117 =  -0.00000E+00  -0.74070E+00
       GC_119 =   0.00000E+00   0.00000E+00
       GC_120 =   0.00000E+00   0.00000E+00
       GC_122 =  -0.00000E+00  -0.00000E+00
       GC_126 =   0.00000E+00   0.00000E+00
       GC_127 =   0.00000E+00   0.00000E+00
       GC_129 =  -0.00000E+00  -0.00000E+00
       GC_133 =   0.00000E+00   0.45849E+00
       GC_134 =   0.00000E+00   0.37035E+00
       GC_136 =  -0.00000E+00  -0.74892E+01
        GC_81 =   0.32880E+02   0.00000E+00
        GC_82 =   0.34880E+02   0.00000E+00
        GC_83 =   0.36880E+02   0.00000E+00

 Collider parameters:
 --------------------

 Running at P P   machine @    13000.000000000000       GeV
 PDF set = nn23lo1
 alpha_s(Mz)= 0.1300 running at 2 loops.
 alpha_s(Mz)= 0.1300 running at 2 loops.
 Renormalization scale set on event-by-event basis
 Factorization   scale set on event-by-event basis


 getting user params
Enter number of events and max and min iterations: 
 Number of events and iterations         1000           5           3
Enter desired fractional accuracy: 
 Desired fractional accuracy:   0.10000000000000001     
Enter 0 for fixed, 2 for adjustable grid: 
Suppress amplitude (0 no, 1 yes)? 
 Using suppressed amplitude.
Exact helicity sum (0 yes, n = number/event)? 
 Explicitly summing over helicities
Enter Configuration Number: 
Running Configuration Number: 1233
 Using dconfig=         238
 BW Setting            1           1           2           2           2           0           0
 Attempting mappinvarients           1           9
 Completed mapping           9
 about to integrate           19        1000           5           3          19           1
 Using non-zero grid deformation.
 19 dimensions   1000 events 19 invarients  5 iterations  1 config(s),  (0.99)
 Using h-tuple random number sequence.
 Error opening grid
 Using Uniform Grid!          36
 Using uniform alpha   1.0000000000000000     
 Grid defined OK
 Set CM energy to      13000.00
 Mapping Graph        1233  to config        1233
 Setting BW          -1           1   79.824359746197842     
 Setting BW          -2           2   1844.0000000000000     
Setting grid   3    0.20773E-01   1
Setting grid   4    0.59172E-08   1
Setting grid   5    0.59172E-08   1
Setting grid   6    0.20773E-01   1
 Transforming s_hat 1/s           18   2.1219246901738226E-002   1600.0000000000000        168999999.99999997     
1233   1   2   3   4   5   6   7   8   9  10  11  12  13  14
  15  16  17  18  19
 Masses: 0.000E+00 0.000E+00 0.000E+00 0.000E+00 0.000E+00 0.000E+00 0.000E+00 0.000E+00 0.912E+02
Using random seed offsets  1233 :      1
  with seed                   24
 Ranmar initialization seeds         963        9398
 
 ********************************************
 * You are using the DiscreteSampler module *
 *      part of the MG5_aMC framework       *
 *         Author: Valentin Hirschi         *
 ********************************************
 
  Particle       3       4       5       6       7       8       9
      Et >    10.0    10.0    10.0    10.0     0.0     0.0     0.0
       E >     0.0     0.0     0.0     0.0     0.0     0.0     0.0
     Eta <     2.5     2.5     2.5     2.5    -1.0    -1.0    -1.0
   xqcut:      0.0     0.0     0.0     0.0     0.0     0.0     0.0
d R # 3  >    -0.0     0.4     0.4     0.4     0.0     0.0     0.0
d R # 4  >    -0.0    -0.0     0.4     0.4     0.0     0.0     0.0
d R # 5  >    -0.0    -0.0    -0.0     0.4     0.0     0.0     0.0
d R # 6  >    -0.0    -0.0    -0.0    -0.0     0.0     0.0     0.0
d R # 7  >    -0.0    -0.0    -0.0    -0.0    -0.0     0.0     0.0
d R # 8  >    -0.0    -0.0    -0.0    -0.0    -0.0    -0.0     0.0
s min # 3>     0.0     0.0     0.0     0.0     0.0     0.0     0.0
s min # 4>     0.0     0.0     0.0     0.0     0.0     0.0     0.0
s min # 5>     0.0     0.0     0.0     0.0     0.0     0.0     0.0
s min # 6>     0.0     0.0     0.0     0.0     0.0     0.0     0.0
s min # 7>     0.0     0.0     0.0     0.0     0.0     0.0     0.0
s min # 8>     0.0     0.0     0.0     0.0     0.0     0.0     0.0
xqcutij # 3>     0.0     0.0     0.0     0.0     0.0     0.0     0.0
xqcutij # 4>     0.0     0.0     0.0     0.0     0.0     0.0     0.0
xqcutij # 5>     0.0     0.0     0.0     0.0     0.0     0.0     0.0
xqcutij # 6>     0.0     0.0     0.0     0.0     0.0     0.0     0.0
xqcutij # 7>     0.0     0.0     0.0     0.0     0.0     0.0     0.0
xqcutij # 8>     0.0     0.0     0.0     0.0     0.0     0.0     0.0
 Requiring BW           -1           1
 Requiring BW           -2           2
 Excluding BW           -3           3
 Excluding BW           -4           4
 Excluding BW           -6           5
 alpha_s for scale    2366.5602477369371       is    8.4521298922912061E-002
 Added good helicity            1   16.589942525368503       in event            1 local:           1
 Added good helicity           21   2.4017676889164310E-007  in event            1 local:           1
 Added good helicity           37   11.828607175366232       in event            1 local:           1
 Added good helicity          193   222.07303622229358       in event            1 local:           1
 Added good helicity          213   9.0531031691784171E-005  in event            1 local:           1
 Added good helicity          217   1.4474023017944499E-007  in event            1 local:           1
 Added good helicity          229   5.5083230696247512       in event            1 local:           1
 Added good helicity          233   4.6532239146160951E-008  in event            1 local:           1
 Added good helicity          253   2.7389586031877029E-008  in event            1 local:           1
 Added good helicity            1   16.589942525363405       in event            1 local:           1
 Added good helicity           21   2.4017676889172283E-007  in event            1 local:           1
 Added good helicity           37   11.828607175366228       in event            1 local:           1
 Added good helicity          193   222.07303622229907       in event            1 local:           1
 Added good helicity          213   9.0531031691771445E-005  in event            1 local:           1
 Added good helicity          217   1.4474023017947670E-007  in event            1 local:           1
 Added good helicity          229   5.5083230696243373       in event            1 local:           1
 Added good helicity          233   4.6532239146158992E-008  in event            1 local:           1
 Added good helicity          253   2.7389586031871116E-008  in event            1 local:           1
 Added good helicity           25   5.5485853665364988E-004  in event            4 local:           2
 Added good helicity           61   1.2837417368864718E-008  in event            4 local:           2
 Added good helicity           25   5.5485853665338826E-004  in event            4 local:           2
 Added good helicity           61   1.2837417368864526E-008  in event            4 local:           2
 Added good helicity           41   11.828607175366256       in event            7 local:           3
 Added good helicity           41   11.828607175366201       in event            7 local:           3
 RESET CUMULATIVE VARIABLE
 RESET CUMULATIVE VARIABLE
 RESET CUMULATIVE VARIABLE
 Iteration  1   Mean: 0.4281E-10 Abs mean: 0.4281E-10   Fluctuation:  0.268E-10   0.257E-07    27.7%
  1    0.4281E-10 0.4281E-10 +- 0.2676E-10     19.76
 Writing out events   3.0873367283413273E-014   19.764550838101492     
 Relative summed weights:
  0.6010E+00  0.1382E-01  0.2975E-01  0.8320E-02  0.0000E+00  0.0000E+00
  0.1785E-03  0.2130E-01  0.4626E-03  0.1992E-02  0.0000E+00  0.0000E+00
  0.6378E-03  0.1053E-01  0.7708E-01  0.3141E-02  0.0000E+00  0.0000E+00
  0.2654E-01  0.1421E-01  0.1520E-03  0.1285E-02  0.0000E+00  0.1047E-05
  0.6734E-02  0.7230E-03  0.2967E-03  0.3603E-02  0.2932E-08  0.4141E-08
  0.1799E-02  0.1763E-02  0.1497E-02  0.6483E-04  0.0000E+00  0.0000E+00
  0.2030E-02  0.3819E-02  0.1474E-02  0.9278E-02  0.4575E-05  0.2674E-07
  0.4300E-03  0.1523E+00  0.2797E-02  0.1026E-02  0.0000E+00  0.0000E+00
 Relative number of events:
  0.3964E-01  0.4955E-01  0.2973E-01  0.3171E-01  0.0000E+00  0.0000E+00
  0.2577E-01  0.3568E-01  0.1883E-01  0.2973E-01  0.0000E+00  0.0000E+00
  0.4361E-01  0.3667E-01  0.1982E-01  0.2478E-01  0.0000E+00  0.0000E+00
  0.3072E-01  0.3469E-01  0.2676E-01  0.2973E-01  0.0000E+00  0.9911E-03
  0.3667E-01  0.3469E-01  0.1784E-01  0.2279E-01  0.9911E-03  0.9911E-03
  0.4063E-01  0.3370E-01  0.1883E-01  0.2379E-01  0.0000E+00  0.0000E+00
  0.3171E-01  0.3072E-01  0.2874E-01  0.2379E-01  0.9911E-03  0.9911E-03
  0.4063E-01  0.4856E-01  0.2973E-01  0.2478E-01  0.0000E+00  0.0000E+00
 Events:
          40          50          30          32           0           0
          26          36          19          30           0           0
          44          37          20          25           0           0
          31          35          27          30           0           1
          37          35          18          23           1           1
          41          34          19          24           0           0
          32          31          29          24           1           1
          41          49          30          25           0           0
 Iteration  2   Mean: 0.1836E-10 Abs mean: 0.1836E-10   Fluctuation:  0.616E-11   0.732E-08    51.5%
  2    0.1836E-10 0.1836E-10 +- 0.6156E-11     15.00
 Relative summed weights:
  0.2328E-01  0.1737E-02  0.1030E-02  0.9272E-03  0.0000E+00  0.0000E+00
  0.2657E+00  0.4138E-02  0.1234E-01  0.5421E-03  0.0000E+00  0.0000E+00
  0.5293E-02  0.9079E-02  0.1504E-02  0.1970E-02  0.0000E+00  0.0000E+00
  0.7065E-03  0.1181E-01  0.5814E-01  0.3815E-03  0.0000E+00  0.2236E-06
  0.2081E+00  0.1662E+00  0.2670E-03  0.2298E-02  0.7335E-04  0.2513E-05
  0.5138E-02  0.8200E-02  0.1251E-02  0.6722E-03  0.1879E-08  0.0000E+00
  0.6879E-03  0.8069E-01  0.8406E-01  0.1848E-01  0.0000E+00  0.0000E+00
  0.1326E-01  0.5834E-02  0.1885E-02  0.4322E-02  0.0000E+00  0.0000E+00
 Relative number of events:
  0.4350E-01  0.3800E-01  0.2200E-01  0.2500E-01  0.0000E+00  0.0000E+00
  0.4250E-01  0.3900E-01  0.2250E-01  0.2400E-01  0.0000E+00  0.0000E+00
  0.4300E-01  0.4550E-01  0.2450E-01  0.2400E-01  0.0000E+00  0.0000E+00
  0.3150E-01  0.2900E-01  0.3000E-01  0.1900E-01  0.0000E+00  0.1000E-02
  0.3500E-01  0.3600E-01  0.2450E-01  0.2050E-01  0.5000E-03  0.5000E-03
  0.4150E-01  0.3800E-01  0.2250E-01  0.2250E-01  0.5000E-03  0.0000E+00
  0.3150E-01  0.3900E-01  0.2450E-01  0.2150E-01  0.0000E+00  0.0000E+00
  0.4800E-01  0.4750E-01  0.1800E-01  0.2400E-01  0.0000E+00  0.0000E+00
 Events:
          87          76          44          50           0           0
          85          78          45          48           0           0
          86          91          49          48           0           0
          63          58          60          38           0           2
          70          72          49          41           1           1
          83          76          45          45           1           0
          63          78          49          43           0           0
          96          95          36          48           0           0
 Iteration  3   Mean: 0.8039E-10 Abs mean: 0.8039E-10   Fluctuation:  0.420E-10   0.158E-06    59.6%
  3    0.8039E-10 0.8039E-10 +- 0.4198E-10     33.02
 Relative summed weights:
  0.1633E-02  0.1605E-01  0.7919E-02  0.2090E-02  0.1616E-06  0.1542E-07
  0.6036E-02  0.1114E-01  0.2554E-02  0.1176E-02  0.8396E-05  0.0000E+00
  0.1515E-01  0.5196E-03  0.1542E-02  0.3343E-01  0.1354E-06  0.1322E-06
  0.5009E+00  0.1090E+00  0.1484E-03  0.1164E-02  0.0000E+00  0.0000E+00
  0.1162E+00  0.2385E-01  0.5620E-03  0.1180E-02  0.8427E-10  0.3647E-03
  0.6086E-01  0.7524E-03  0.1012E-02  0.3067E-02  0.0000E+00  0.4751E-08
  0.2061E-01  0.1156E-02  0.1775E-03  0.6515E-03  0.1720E-15  0.0000E+00
  0.4660E-01  0.8909E-02  0.2682E-02  0.8725E-03  0.4688E-07  0.9480E-06
 Relative number of events:
  0.4275E-01  0.3875E-01  0.2725E-01  0.2175E-01  0.2500E-03  0.2500E-03
  0.3375E-01  0.3875E-01  0.2500E-01  0.2075E-01  0.5000E-03  0.0000E+00
  0.4250E-01  0.4250E-01  0.2200E-01  0.1950E-01  0.2500E-03  0.7500E-03
  0.3900E-01  0.3500E-01  0.2250E-01  0.2400E-01  0.0000E+00  0.0000E+00
  0.3975E-01  0.3825E-01  0.3025E-01  0.2225E-01  0.2500E-03  0.2500E-03
  0.4325E-01  0.4550E-01  0.2000E-01  0.2250E-01  0.0000E+00  0.5000E-03
  0.3125E-01  0.3900E-01  0.2100E-01  0.2575E-01  0.2500E-03  0.0000E+00
  0.3850E-01  0.4325E-01  0.2125E-01  0.1850E-01  0.2500E-03  0.5000E-03
 Events:
         171         155         109          87           1           1
         135         155         100          83           2           0
         170         170          88          78           1           3
         156         140          90          96           0           0
         159         153         121          89           1           1
         173         182          80          90           0           2
         125         156          84         103           1           0
         154         173          85          74           1           2
 Accuracy:    0.486   0.100   0.257   3.575
 Found          119  events.
 Wrote            2  events.
 Actual xsec    3.7544344984432268E-011
 Correct abs xsec    3.7544344984432268E-011
 Event xsec    3.7544344984432268E-011
 Events wgts > 1:            1
 % Cross section > 1:    5.5326743320732709E-018   1.4736371973908160E-005
 Iteration  4   Mean: 0.2243E-10 Abs mean: 0.2243E-10   Fluctuation:  0.497E-11   0.205E-07    64.0%
  4    0.2243E-10 0.2243E-10 +- 0.4974E-11     19.83
 Relative summed weights:
  0.9726E-02  0.3812E-02  0.6175E-01  0.4528E-02  0.6591E-09  0.1077E-02
  0.2594E-01  0.6816E-01  0.6064E-02  0.8685E-01  0.6956E-03  0.3665E-04
  0.1057E-01  0.6815E-02  0.2513E-02  0.2057E-02  0.2787E-04  0.4815E-07
  0.4743E-02  0.1797E+00  0.1131E-02  0.1889E-02  0.0000E+00  0.1962E-05
  0.9074E-01  0.3822E-01  0.5121E-02  0.7999E-02  0.1426E-05  0.0000E+00
  0.4019E-01  0.4615E-01  0.4446E-01  0.6278E-02  0.6323E-05  0.4619E-07
  0.5814E-01  0.1635E-01  0.1095E+00  0.9137E-02  0.9898E-06  0.4029E-02
  0.2900E-01  0.9595E-03  0.9733E-02  0.4118E-02  0.1523E-06  0.1819E-02
 Relative number of events:
  0.3963E-01  0.4125E-01  0.2312E-01  0.2225E-01  0.2500E-03  0.1250E-03
  0.3837E-01  0.3762E-01  0.2400E-01  0.2050E-01  0.3750E-03  0.2500E-03
  0.4700E-01  0.4700E-01  0.2375E-01  0.2425E-01  0.2500E-03  0.1250E-03
  0.3650E-01  0.3338E-01  0.2250E-01  0.2175E-01  0.0000E+00  0.3750E-03
  0.3637E-01  0.3787E-01  0.2125E-01  0.2300E-01  0.2500E-03  0.0000E+00
  0.4300E-01  0.4537E-01  0.2250E-01  0.2175E-01  0.6250E-03  0.2500E-03
  0.3725E-01  0.3537E-01  0.2262E-01  0.2175E-01  0.3750E-03  0.1250E-03
  0.4138E-01  0.4225E-01  0.2050E-01  0.2100E-01  0.3750E-03  0.1250E-03
 Events:
         317         330         185         178           2           1
         307         301         192         164           3           2
         376         376         190         194           2           1
         292         267         180         174           0           3
         291         303         170         184           2           0
         344         363         180         174           5           2
         298         283         181         174           3           1
         331         338         164         168           3           1
 Accuracy:    0.369   0.100   0.168   4.820
 Found           97  events.
 Wrote            5  events.
 Actual xsec    2.7793182093686502E-011
 Correct abs xsec    2.7793182093686502E-011
 Event xsec    2.7793182093686505E-011
 Events wgts > 1:            0
 % Cross section > 1:    0.0000000000000000        0.0000000000000000     
 Iteration  5   Mean: 0.5506E-10 Abs mean: 0.5506E-10   Fluctuation:  0.140E-10   0.134E-06    64.3%
  5    0.5506E-10 0.5506E-10 +- 0.1398E-10     32.11
 Relative summed weights:
  0.1128E-01  0.7839E-02  0.6779E-02  0.2732E-02  0.3058E-04  0.3125E-05
  0.3769E-01  0.1270E-01  0.4706E-01  0.2087E-01  0.7494E-03  0.2190E-07
  0.2107E-01  0.2915E+00  0.1505E+00  0.4605E-02  0.1671E-04  0.4334E-06
  0.2310E-01  0.2618E-02  0.3134E-01  0.1002E-01  0.0000E+00  0.7567E-06
  0.2002E-01  0.6262E-01  0.2823E-01  0.5612E-02  0.2449E-05  0.1990E-03
  0.2063E-01  0.8978E-02  0.8602E-01  0.3659E-02  0.1919E-05  0.3930E-06
  0.1971E-01  0.1087E-01  0.8508E-02  0.1920E-01  0.8887E-04  0.1147E-05
  0.5864E-02  0.5473E-02  0.3422E-02  0.8361E-02  0.3213E-05  0.2531E-07
 Relative number of events:
  0.4244E-01  0.4381E-01  0.2456E-01  0.2250E-01  0.2500E-03  0.2500E-03
  0.3775E-01  0.3531E-01  0.2319E-01  0.2363E-01  0.2500E-03  0.6250E-04
  0.4531E-01  0.4031E-01  0.2275E-01  0.2169E-01  0.5000E-03  0.1875E-03
  0.3806E-01  0.3469E-01  0.2600E-01  0.2388E-01  0.0000E+00  0.1875E-03
  0.3825E-01  0.3694E-01  0.2194E-01  0.2200E-01  0.1250E-03  0.3750E-03
  0.4075E-01  0.4350E-01  0.2181E-01  0.2187E-01  0.3125E-03  0.1875E-03
  0.3450E-01  0.3488E-01  0.2219E-01  0.2306E-01  0.1875E-03  0.6250E-04
  0.4113E-01  0.4344E-01  0.2187E-01  0.2281E-01  0.6250E-04  0.1875E-03
 Events:
         679         701         393         360           4           4
         604         565         371         378           4           1
         725         645         364         347           8           3
         609         555         416         382           0           3
         612         591         351         352           2           6
         652         696         349         350           5           3
         552         558         355         369           3           1
         658         695         350         365           1           3
 Accuracy:    0.265   0.100   0.140   3.583
 Found          566  events.
 Wrote            8  events.
 Actual xsec    4.0619198833963248E-011
 Correct abs xsec    4.0619198833963248E-011
 Event xsec    4.0619198833963255E-011
 Events wgts > 1:            1
 % Cross section > 1:    2.3318027260674533E-013  0.57406418467262932     

 -------------------------------------------------------------------------------
 Accumulated results:   Integral =  0.3685E-10
                        Std dev  =  0.5161E-11
                       Cross sec =  0.3685E-10
             Chi**2 per DoF.     =      3.5827
 -------------------------------------------------------------------------------
-------------------------------------------------
---------------------------
 Results Last   3 iters: Integral =   0.4062E-10
                     Abs integral =   0.4062E-10
                          Std dev =   0.6461E-11
                  Chi**2 per DoF. =      7.6649
-------------------------------------------------
---------------------------
 Status  0.10000000000000001                6           5

ls status:
events.lhe
ftn26
input_app.txt
results.dat
run1_app.log
