 Process in group number            1
 A PDF is used, so alpha_s(MZ) is going to be modified
 Old value of alpha_s from param_card:   0.11839999999999999     
  ****************************************
 
       NNPDFDriver version 1.0.3
   Grid: NNPDF23_lo_as_0130_qed_mem0.grid
  ****************************************
 New value of alpha_s from PDF nn23lo1:  0.13000000000000000     
 Define smin to   1600.0000000000000     
 Define smin to   1600.0000000000000     
 Define smin to   1600.0000000000000     
 *****************************************************
 *               MadGraph/MadEvent                   *
 *        --------------------------------           *
 *          http://madgraph.hep.uiuc.edu             *
 *          http://madgraph.phys.ucl.ac.be           *
 *          http://madgraph.roma2.infn.it            *
 *        --------------------------------           *
 *                                                   *
 *          PARAMETER AND COUPLING VALUES            *
 *                                                   *
 *****************************************************

  External Params
  ---------------------------------
  
 mdl_VeN1 =    1.0000000000000000     
 mdl_VeN2 =    0.0000000000000000     
 mdl_VeN3 =    0.0000000000000000     
 mdl_VmuN1 =    0.0000000000000000     
 mdl_VmuN2 =    1.0000000000000000     
 mdl_VmuN3 =    0.0000000000000000     
 mdl_VtaN1 =    0.0000000000000000     
 mdl_VtaN2 =    0.0000000000000000     
 mdl_VtaN3 =    1.0000000000000000     
 mdl_VN1N1 =    1.0000000000000000     
 mdl_VN1N2 =    1.0000000000000000     
 mdl_VN1N3 =    1.0000000000000000     
 mdl_VN2N2 =    1.0000000000000000     
 mdl_VN2N3 =    1.0000000000000000     
 mdl_VN3N3 =    1.0000000000000000     
 aEWM1 =    127.90000000000001     
 mdl_Gf =    1.1663700000000000E-005
 aS =   0.11839999999999999     
 mdl_ymt =    172.00000000000000     
 mdl_vevf =    50.000000000000000     
 mdl_MZ =    91.187600000000003     
 mdl_MT =    172.00000000000000     
 mdl_MH =    125.00000000000000     
 mdl_mN1 =    510.00000000000000     
 mdl_mN2 =    610.00000000000000     
 mdl_mN3 =    710.00000000000000     
 mdl_MJ =    91.187600000000003     
 mdl_MAx =    173.04800000000000     
 mdl_WZ =    2.4952000000000001     
 mdl_WW =    2.0850000000000000     
 mdl_WT =    1.5083359999999999     
 mdl_WH =    4.0699999999999998E-003
 mdl_WN1 =   0.30299999999999999     
 mdl_WN2 =    1.5000000000000000     
 mdl_WN3 =    12.300000000000001     
 mdl_WJ =    2.4952000000000001     
 mdl_WAx =    4.1700000000000001E-003
  Internal Params
  ---------------------------------
  
 mdl_vevf__exp__2 =    2500.0000000000000     
 mdl_sqrt__vevf__exp__2 =    50.000000000000000     
 mdl_muJ =    50.000000000000000     
 mdl_MZ__exp__2 =    8315.1783937600012     
 mdl_MZ__exp__4 =    69142191.720053151     
 mdl_sqrt__2 =    1.4142135623730951     
 mdl_MJ__exp__2 =    8315.1783937600012     
 mdl_muJ__exp__2 =    2500.0000000000000     
 mdl_lamJ =    4.3260713575040004     
 mdl_MH__exp__2 =    15625.000000000000     
 mdl_complexi =  (  0.0000000000000000     ,  1.0000000000000000     )
 mdl_aEW =    7.8186082877247844E-003
 mdl_MW =    79.824359746197842     
 mdl_sqrt__aEW =    8.8422894590285753E-002
 mdl_ee =   0.31345100004952897     
 mdl_MW__exp__2 =    6371.9284088904105     
 mdl_sw2 =   0.23369913342182447     
 mdl_cw =   0.87538612427783857     
 mdl_sqrt__sw2 =   0.48342438232036300     
 mdl_sw =   0.48342438232036300     
 mdl_g1 =   0.35807170271074895     
 mdl_gN =   0.64839716719502682     
 mdl_gw =   0.64839716719502682     
 mdl_vev =    246.22056907348590     
 mdl_vev__exp__2 =    60624.568634871241     
 mdl_lam =   0.12886689630821144     
 mdl_yt =   0.98791394091683138     
 mdl_muH =    88.388347648318444     
 mdl_I2a33 =  ( 0.98791394091683138     ,  0.0000000000000000     )
 mdl_I3a33 =  ( 0.98791394091683138     ,  0.0000000000000000     )
 mdl_ee__exp__2 =    9.8251529432049817E-002
 mdl_sw__exp__2 =   0.23369913342182450     
 mdl_cw__exp__2 =   0.76630086657817542     
  Internal Params evaluated point by point
  ----------------------------------------
  
 mdl_sqrt__aS =   0.34409301068170506     
 mdl_G__exp__2 =    1.4878582807401259     
  Couplings of SM_HeavyN_UFO
  ---------------------------------
  
         GC_1 =  -0.00000E+00  -0.10448E+00
         GC_2 =   0.00000E+00   0.20897E+00
         GC_3 =  -0.00000E+00  -0.31345E+00
         GC_4 =   0.00000E+00   0.31345E+00
        GC_26 =   0.00000E+00   0.45849E+00
        GC_27 =  -0.00000E+00  -0.28380E+00
        GC_28 =   0.00000E+00   0.28380E+00
        GC_30 =   0.00000E+00   0.56760E+00
        GC_35 =  -0.00000E+00  -0.28850E-01
        GC_37 =   0.00000E+00   0.17310E+00
        GC_39 =   0.00000E+00  -0.19725E+00
        GC_40 =   0.00000E+00   0.37035E+00
        GC_80 =   0.00000E+00   0.67543E+02
       GC_107 =  -0.00000E+00  -0.74070E+00
       GC_109 =  -0.00000E+00  -0.74070E+00
       GC_111 =  -0.00000E+00  -0.74070E+00
       GC_113 =  -0.00000E+00  -0.74070E+00
       GC_115 =  -0.00000E+00  -0.74070E+00
       GC_117 =  -0.00000E+00  -0.74070E+00
       GC_119 =   0.00000E+00   0.00000E+00
       GC_120 =   0.00000E+00   0.00000E+00
       GC_122 =  -0.00000E+00  -0.00000E+00
       GC_126 =   0.00000E+00   0.00000E+00
       GC_127 =   0.00000E+00   0.00000E+00
       GC_129 =  -0.00000E+00  -0.00000E+00
       GC_133 =   0.00000E+00   0.45849E+00
       GC_134 =   0.00000E+00   0.37035E+00
       GC_136 =  -0.00000E+00  -0.28836E+01
        GC_81 =   0.10200E+02   0.00000E+00
        GC_82 =   0.12200E+02   0.00000E+00
        GC_83 =   0.14200E+02   0.00000E+00

 Collider parameters:
 --------------------

 Running at P P   machine @    13000.000000000000       GeV
 PDF set = nn23lo1
 alpha_s(Mz)= 0.1300 running at 2 loops.
 alpha_s(Mz)= 0.1300 running at 2 loops.
 Renormalization scale set on event-by-event basis
 Factorization   scale set on event-by-event basis


 getting user params
Enter number of events and max and min iterations: 
 Number of events and iterations         1000           5           3
Enter desired fractional accuracy: 
 Desired fractional accuracy:   0.10000000000000001     
Enter 0 for fixed, 2 for adjustable grid: 
Suppress amplitude (0 no, 1 yes)? 
 Using suppressed amplitude.
Exact helicity sum (0 yes, n = number/event)? 
 Explicitly summing over helicities
Enter Configuration Number: 
Running Configuration Number:    5
 Using dconfig=          76
 BW Setting            1           1           2           2           0           0           0
 Attempting mappinvarients           1           9
 Completed mapping           9
 about to integrate           19        1000           5           3          19           1
 Using non-zero grid deformation.
 19 dimensions   1000 events 19 invarients  5 iterations  1 config(s),  (0.99)
 Using h-tuple random number sequence.
 Error opening grid
 Using Uniform Grid!          36
 Using uniform alpha   1.0000000000000000     
 Grid defined OK
 Set CM energy to      13000.00
 Mapping Graph           5  to config           5
 Setting BW          -1           1   91.187600000000003     
 Setting BW          -2           2   710.00000000000000     
Setting grid   3    0.32375E-02   1
Setting grid   4    0.32375E-02   1
Setting grid   5    0.32375E-02   1
Setting grid   6    0.32375E-02   1
 Transforming s_hat 1/s           18   3.4149423052885213E-003   1600.0000000000000        168999999.99999997     
   5   1   2   3   4   5   6   7   8   9  10  11  12  13  14
  15  16  17  18  19
 Masses: 0.000E+00 0.000E+00 0.000E+00 0.000E+00 0.000E+00 0.000E+00 0.000E+00 0.000E+00 0.912E+02
Using random seed offsets     5 :      1
  with seed                   24
 Ranmar initialization seeds       31063        9398
 
 ********************************************
 * You are using the DiscreteSampler module *
 *      part of the MG5_aMC framework       *
 *         Author: Valentin Hirschi         *
 ********************************************
 
  Particle       3       4       5       6       7       8       9
      Et >    10.0    10.0    10.0    10.0     0.0     0.0     0.0
       E >     0.0     0.0     0.0     0.0     0.0     0.0     0.0
     Eta <     2.5     2.5     2.5     2.5    -1.0    -1.0    -1.0
   xqcut:      0.0     0.0     0.0     0.0     0.0     0.0     0.0
d R # 3  >    -0.0     0.4     0.4     0.4     0.0     0.0     0.0
d R # 4  >    -0.0    -0.0     0.4     0.4     0.0     0.0     0.0
d R # 5  >    -0.0    -0.0    -0.0     0.4     0.0     0.0     0.0
d R # 6  >    -0.0    -0.0    -0.0    -0.0     0.0     0.0     0.0
d R # 7  >    -0.0    -0.0    -0.0    -0.0    -0.0     0.0     0.0
d R # 8  >    -0.0    -0.0    -0.0    -0.0    -0.0    -0.0     0.0
s min # 3>     0.0     0.0     0.0     0.0     0.0     0.0     0.0
s min # 4>     0.0     0.0     0.0     0.0     0.0     0.0     0.0
s min # 5>     0.0     0.0     0.0     0.0     0.0     0.0     0.0
s min # 6>     0.0     0.0     0.0     0.0     0.0     0.0     0.0
s min # 7>     0.0     0.0     0.0     0.0     0.0     0.0     0.0
s min # 8>     0.0     0.0     0.0     0.0     0.0     0.0     0.0
xqcutij # 3>     0.0     0.0     0.0     0.0     0.0     0.0     0.0
xqcutij # 4>     0.0     0.0     0.0     0.0     0.0     0.0     0.0
xqcutij # 5>     0.0     0.0     0.0     0.0     0.0     0.0     0.0
xqcutij # 6>     0.0     0.0     0.0     0.0     0.0     0.0     0.0
xqcutij # 7>     0.0     0.0     0.0     0.0     0.0     0.0     0.0
xqcutij # 8>     0.0     0.0     0.0     0.0     0.0     0.0     0.0
 Requiring BW           -1           1
 Requiring BW           -2           2
 Excluding BW           -3           3
 Excluding BW           -4           4
 alpha_s for scale    978.66039019521554       is    9.3322642129217565E-002
 Added good helicity            1   56.125874313755929       in event            1 local:           1
 Added good helicity           21   34.122112754954266       in event            1 local:           1
 Added good helicity           25   1.6572573745969985E-006  in event            1 local:           1
 Added good helicity           37   1.9331508691590954E-005  in event            1 local:           1
 Added good helicity           41   27.795774277256758       in event            1 local:           1
 Added good helicity           61   24.051095581145812       in event            1 local:           1
 Added good helicity          193   4.5739411122735776       in event            1 local:           1
 Added good helicity          213   3.7541354458627874       in event            1 local:           1
 Added good helicity          217   5.7859174185809659E-005  in event            1 local:           1
 Added good helicity          229   1.0994006733892599E-004  in event            1 local:           1
 Added good helicity          233   102.69396355387654       in event            1 local:           1
 Added good helicity          253   2.8829141728667085       in event            1 local:           1
 Added good helicity            1   56.125874313757599       in event            1 local:           1
 Added good helicity           21   34.122112754954486       in event            1 local:           1
 Added good helicity           25   1.6572573745967662E-006  in event            1 local:           1
 Added good helicity           37   1.9331508691589836E-005  in event            1 local:           1
 Added good helicity           41   27.795774277258054       in event            1 local:           1
 Added good helicity           61   24.051095581145919       in event            1 local:           1
 Added good helicity          193   4.5739411122756843       in event            1 local:           1
 Added good helicity          213   3.7541354458628020       in event            1 local:           1
 Added good helicity          217   5.7859174185824635E-005  in event            1 local:           1
 Added good helicity          229   1.0994006733893088E-004  in event            1 local:           1
 Added good helicity          233   102.69396355387116       in event            1 local:           1
 Added good helicity          253   2.8829141728667267       in event            1 local:           1
 RESET CUMULATIVE VARIABLE
 RESET CUMULATIVE VARIABLE
 RESET CUMULATIVE VARIABLE
 Iteration  1   Mean: 0.6343E-12 Abs mean: 0.6343E-12   Fluctuation:  0.182E-12   0.120E-09    20.5%
  1    0.6343E-12 0.6343E-12 +- 0.1820E-12      9.07
 Writing out events   6.1792531077623422E-016   9.0737128158382827     
 Relative summed weights:
  0.6149E-02  0.7871E-03  0.2775E-02  0.3656E-02  0.0000E+00  0.0000E+00
  0.6230E-03  0.6993E-02  0.1147E-06  0.1756E-05  0.0000E+00  0.0000E+00
  0.1671E-01  0.1642E-03  0.7443E-07  0.5160E-01  0.0000E+00  0.0000E+00
  0.3688E-03  0.2301E-01  0.2900E-02  0.2123E-04  0.2706E-04  0.0000E+00
  0.4747E-01  0.2645E-01  0.3965E-02  0.2699E-03  0.0000E+00  0.0000E+00
  0.3966E-02  0.6094E-03  0.2003E-02  0.0000E+00  0.1400E-10  0.0000E+00
  0.1137E-02  0.7393E-05  0.3754E-07  0.2384E-04  0.0000E+00  0.4127E-04
  0.3341E-02  0.2214E-01  0.2534E-02  0.2715E-05  0.0000E+00  0.0000E+00
  0.1451E-01  0.2007E-02  0.5713E-03  0.3487E-03  0.0000E+00  0.0000E+00
  0.9731E-03  0.2834E-03  0.0000E+00  0.3914E-05  0.0000E+00  0.0000E+00
  0.3784E-04  0.4507E-02  0.8869E-08  0.2091E-04  0.0000E+00  0.0000E+00
  0.1909E+00  0.1373E+00  0.7642E-03  0.0000E+00  0.0000E+00  0.0000E+00
  0.1319E-02  0.2372E+00  0.3034E-04  0.1065E-02  0.0000E+00  0.0000E+00
  0.9641E-03  0.1437E-02  0.7254E-05  0.3347E-08  0.0000E+00  0.0000E+00
  0.6086E-01  0.7822E-05  0.1716E-06  0.8702E-09  0.0000E+00  0.4681E-08
  0.1134E+00  0.1612E-02  0.5075E-05  0.1364E-03  0.0000E+00  0.0000E+00
 Relative number of events:
  0.7631E-01  0.6244E-01  0.8920E-02  0.1189E-01  0.0000E+00  0.0000E+00
  0.1883E-01  0.2379E-01  0.9911E-03  0.2973E-02  0.0000E+00  0.0000E+00
  0.8920E-02  0.6938E-02  0.2973E-02  0.4955E-02  0.0000E+00  0.0000E+00
  0.1685E-01  0.1487E-01  0.4955E-02  0.3964E-02  0.9911E-03  0.0000E+00
  0.6541E-01  0.5451E-01  0.1288E-01  0.5946E-02  0.0000E+00  0.0000E+00
  0.1388E-01  0.1388E-01  0.1982E-02  0.0000E+00  0.9911E-03  0.0000E+00
  0.9911E-02  0.6938E-02  0.1982E-02  0.3964E-02  0.0000E+00  0.9911E-03
  0.2379E-01  0.2279E-01  0.4955E-02  0.2973E-02  0.0000E+00  0.0000E+00
  0.5352E-01  0.5946E-01  0.1288E-01  0.1288E-01  0.0000E+00  0.0000E+00
  0.1388E-01  0.1189E-01  0.0000E+00  0.2973E-02  0.0000E+00  0.0000E+00
  0.4955E-02  0.5946E-02  0.9911E-03  0.2973E-02  0.0000E+00  0.0000E+00
  0.3171E-01  0.1982E-01  0.3964E-02  0.0000E+00  0.0000E+00  0.0000E+00
  0.5253E-01  0.6145E-01  0.1090E-01  0.1586E-01  0.0000E+00  0.0000E+00
  0.1685E-01  0.9911E-02  0.1982E-02  0.2973E-02  0.0000E+00  0.0000E+00
  0.8920E-02  0.5946E-02  0.9911E-03  0.1982E-02  0.0000E+00  0.9911E-03
  0.1784E-01  0.2775E-01  0.9911E-03  0.4955E-02  0.0000E+00  0.0000E+00
 Events:
          77          63           9          12           0           0
          19          24           1           3           0           0
           9           7           3           5           0           0
          17          15           5           4           1           0
          66          55          13           6           0           0
          14          14           2           0           1           0
          10           7           2           4           0           1
          24          23           5           3           0           0
          54          60          13          13           0           0
          14          12           0           3           0           0
           5           6           1           3           0           0
          32          20           4           0           0           0
          53          62          11          16           0           0
          17          10           2           3           0           0
           9           6           1           2           0           1
          18          28           1           5           0           0
 Iteration  2   Mean: 0.9705E-12 Abs mean: 0.9705E-12   Fluctuation:  0.508E-12   0.100E-08    40.7%
  2    0.9705E-12 0.9705E-12 +- 0.5077E-12     23.40
 Relative summed weights:
  0.5399E-02  0.8372E-01  0.3235E-03  0.6629E-02  0.0000E+00  0.0000E+00
  0.2611E-01  0.5951E-01  0.1440E-05  0.5353E-05  0.0000E+00  0.0000E+00
  0.1336E-01  0.1471E-02  0.2235E-02  0.1140E-07  0.1140E-05  0.0000E+00
  0.6944E-02  0.9604E-02  0.1797E-03  0.1782E-04  0.0000E+00  0.0000E+00
  0.2508E-01  0.1771E-01  0.1948E-02  0.1024E-02  0.0000E+00  0.1969E-06
  0.1568E-02  0.2151E-02  0.1770E-03  0.5291E-06  0.0000E+00  0.1449E-04
  0.3249E-02  0.6738E-02  0.8788E-04  0.1456E-05  0.0000E+00  0.2020E-12
  0.4576E-02  0.3204E-01  0.3784E-04  0.1041E-02  0.0000E+00  0.0000E+00
  0.8678E-02  0.6250E-02  0.3975E-02  0.4516E-02  0.0000E+00  0.4510E-08
  0.7719E-02  0.1460E-02  0.2473E-04  0.8304E-04  0.8590E-05  0.1573E-05
  0.1865E-01  0.1593E-02  0.2841E-04  0.4095E-06  0.0000E+00  0.0000E+00
  0.6950E-02  0.1903E-01  0.3970E-04  0.2888E-03  0.0000E+00  0.0000E+00
  0.3660E-02  0.9840E-02  0.2124E-01  0.1800E-02  0.0000E+00  0.1730E-06
  0.5189E+00  0.7577E-02  0.9450E-02  0.9119E-07  0.0000E+00  0.0000E+00
  0.2257E-02  0.2591E-01  0.4572E-03  0.6327E-05  0.0000E+00  0.0000E+00
  0.2425E-02  0.4043E-02  0.2369E-04  0.1289E-03  0.0000E+00  0.0000E+00
 Relative number of events:
  0.5000E-01  0.6600E-01  0.5500E-02  0.9500E-02  0.0000E+00  0.0000E+00
  0.1500E-01  0.1300E-01  0.1500E-02  0.2000E-02  0.0000E+00  0.0000E+00
  0.9500E-02  0.9500E-02  0.1500E-02  0.1000E-02  0.5000E-03  0.0000E+00
  0.2150E-01  0.2450E-01  0.4500E-02  0.2000E-02  0.0000E+00  0.0000E+00
  0.7200E-01  0.6700E-01  0.9500E-02  0.1350E-01  0.0000E+00  0.5000E-03
  0.1500E-01  0.1350E-01  0.2000E-02  0.5000E-03  0.0000E+00  0.5000E-03
  0.8000E-02  0.1000E-01  0.2000E-02  0.1500E-02  0.0000E+00  0.5000E-03
  0.2500E-01  0.2600E-01  0.3000E-02  0.5500E-02  0.0000E+00  0.0000E+00
  0.5800E-01  0.5500E-01  0.1100E-01  0.1150E-01  0.0000E+00  0.5000E-03
  0.1450E-01  0.7500E-02  0.5000E-03  0.2500E-02  0.5000E-03  0.5000E-03
  0.1050E-01  0.1000E-01  0.2000E-02  0.1500E-02  0.0000E+00  0.0000E+00
  0.2500E-01  0.2600E-01  0.2500E-02  0.3500E-02  0.0000E+00  0.0000E+00
  0.6150E-01  0.6900E-01  0.7500E-02  0.6000E-02  0.0000E+00  0.5000E-03
  0.1550E-01  0.1350E-01  0.2000E-02  0.1000E-02  0.0000E+00  0.0000E+00
  0.9000E-02  0.6500E-02  0.3000E-02  0.2000E-02  0.0000E+00  0.0000E+00
  0.2450E-01  0.1700E-01  0.3000E-02  0.3000E-02  0.0000E+00  0.0000E+00
 Events:
         100         132          11          19           0           0
          30          26           3           4           0           0
          19          19           3           2           1           0
          43          49           9           4           0           0
         144         134          19          27           0           1
          30          27           4           1           0           1
          16          20           4           3           0           1
          50          52           6          11           0           0
         116         110          22          23           0           1
          29          15           1           5           1           1
          21          20           4           3           0           0
          50          52           5           7           0           0
         123         138          15          12           0           1
          31          27           4           2           0           0
          18          13           6           4           0           0
          49          34           6           6           0           0
 Iteration  3   Mean: 0.8495E-12 Abs mean: 0.8495E-12   Fluctuation:  0.165E-12   0.483E-09    45.1%
  3    0.8495E-12 0.8495E-12 +- 0.1652E-12     12.30
 Relative summed weights:
  0.1748E-01  0.9952E-02  0.2059E-02  0.1969E-02  0.0000E+00  0.4068E-05
  0.5130E-02  0.2890E-02  0.4186E-04  0.4248E-04  0.1346E-08  0.3500E-05
  0.2601E-01  0.1194E+00  0.7031E-04  0.9460E-02  0.0000E+00  0.0000E+00
  0.2518E-01  0.2016E-01  0.1759E-02  0.1627E-03  0.0000E+00  0.0000E+00
  0.1107E-01  0.2607E-01  0.2793E-02  0.5139E-02  0.0000E+00  0.1042E-06
  0.2708E-01  0.3321E-02  0.3610E-04  0.6143E-03  0.1592E-09  0.7245E-06
  0.1924E-01  0.3940E-02  0.1759E-01  0.1208E-04  0.0000E+00  0.0000E+00
  0.1808E-01  0.3235E-01  0.4416E-03  0.1445E-01  0.1357E-07  0.0000E+00
  0.1508E-01  0.1220E+00  0.1910E-02  0.5535E-02  0.2364E-06  0.1298E-03
  0.3005E-01  0.1074E-01  0.7202E-02  0.1129E-03  0.0000E+00  0.2672E-04
  0.1182E-02  0.1715E-01  0.2542E-04  0.2108E-04  0.0000E+00  0.3499E-04
  0.1523E-01  0.8699E-02  0.9937E-03  0.1280E-02  0.0000E+00  0.0000E+00
  0.2987E-01  0.1652E+00  0.1197E-02  0.1193E-02  0.0000E+00  0.9029E-08
  0.1007E-01  0.8825E-01  0.1368E-04  0.3469E-02  0.0000E+00  0.0000E+00
  0.2430E-02  0.5369E-03  0.4493E-04  0.8967E-02  0.0000E+00  0.0000E+00
  0.2268E-02  0.2276E-01  0.2171E-02  0.1906E-03  0.4410E-04  0.0000E+00
 Relative number of events:
  0.6075E-01  0.5625E-01  0.6500E-02  0.8750E-02  0.0000E+00  0.2500E-03
  0.1200E-01  0.1400E-01  0.1750E-02  0.1250E-02  0.2500E-03  0.2500E-03
  0.1375E-01  0.8000E-02  0.2750E-02  0.1500E-02  0.0000E+00  0.0000E+00
  0.1975E-01  0.2350E-01  0.3500E-02  0.3750E-02  0.0000E+00  0.0000E+00
  0.6025E-01  0.5175E-01  0.9500E-02  0.1150E-01  0.0000E+00  0.2500E-03
  0.1400E-01  0.1475E-01  0.5000E-03  0.1500E-02  0.2500E-03  0.2500E-03
  0.1350E-01  0.1025E-01  0.1750E-02  0.1250E-02  0.0000E+00  0.0000E+00
  0.2450E-01  0.3025E-01  0.3750E-02  0.3750E-02  0.2500E-03  0.0000E+00
  0.6875E-01  0.5675E-01  0.1000E-01  0.9250E-02  0.5000E-03  0.5000E-03
  0.1350E-01  0.1525E-01  0.1250E-02  0.7500E-03  0.0000E+00  0.2500E-03
  0.9250E-02  0.1150E-01  0.1500E-02  0.1250E-02  0.0000E+00  0.2500E-03
  0.2375E-01  0.2100E-01  0.3000E-02  0.4250E-02  0.0000E+00  0.0000E+00
  0.7075E-01  0.6400E-01  0.9000E-02  0.9500E-02  0.0000E+00  0.2500E-03
  0.1400E-01  0.1975E-01  0.1250E-02  0.7500E-03  0.0000E+00  0.0000E+00
  0.8750E-02  0.8500E-02  0.1250E-02  0.1250E-02  0.0000E+00  0.0000E+00
  0.1975E-01  0.2200E-01  0.3250E-02  0.1000E-02  0.2500E-03  0.0000E+00
 Events:
         243         225          26          35           0           1
          48          56           7           5           1           1
          55          32          11           6           0           0
          79          94          14          15           0           0
         241         207          38          46           0           1
          56          59           2           6           1           1
          54          41           7           5           0           0
          98         121          15          15           1           0
         275         227          40          37           2           2
          54          61           5           3           0           1
          37          46           6           5           0           1
          95          84          12          17           0           0
         283         256          36          38           0           1
          56          79           5           3           0           0
          35          34           5           5           0           0
          79          88          13           4           1           0
 Accuracy:    0.097   0.100   0.154   0.396
 Finished due to accuracy    9.6824999757386454E-002  0.10000000000000001     

 -------------------------------------------------------------------------------
 Accumulated results:   Integral =  0.7981E-12
                        Std dev  =  0.1228E-12
                       Cross sec =  0.7981E-12
             Chi**2 per DoF.     =      0.3960
 -------------------------------------------------------------------------------
 Found          189  events.
 Wrote            5  events.
 Actual xsec    7.9810994296862854E-013
 Correct abs xsec    7.9810994296862854E-013
 Event xsec    7.9810994296862854E-013
 Events wgts > 1:            1
 % Cross section > 1:    1.0543821407565768E-020   1.3210988661972122E-006
-------------------------------------------------
---------------------------
 Results Last   3 iters: Integral =   0.7981E-12
                     Abs integral =   0.7981E-12
                          Std dev =   0.1228E-12
                  Chi**2 per DoF. =      0.5112
-------------------------------------------------
---------------------------
 Status  0.10000000000000001                4           5

ls status:
events.lhe
ftn26
input_app.txt
results.dat
run1_app.log
