 Process in group number            1
 A PDF is used, so alpha_s(MZ) is going to be modified
 Old value of alpha_s from param_card:   0.11839999999999999     
  ****************************************
 
       NNPDFDriver version 1.0.3
   Grid: NNPDF23_lo_as_0130_qed_mem0.grid
  ****************************************
 New value of alpha_s from PDF nn23lo1:  0.13000000000000000     
 Define smin to   1600.0000000000000     
 Define smin to   1600.0000000000000     
 Define smin to   1600.0000000000000     
 *****************************************************
 *               MadGraph/MadEvent                   *
 *        --------------------------------           *
 *          http://madgraph.hep.uiuc.edu             *
 *          http://madgraph.phys.ucl.ac.be           *
 *          http://madgraph.roma2.infn.it            *
 *        --------------------------------           *
 *                                                   *
 *          PARAMETER AND COUPLING VALUES            *
 *                                                   *
 *****************************************************

  External Params
  ---------------------------------
  
 mdl_VeN1 =    1.0000000000000000     
 mdl_VeN2 =    0.0000000000000000     
 mdl_VeN3 =    0.0000000000000000     
 mdl_VmuN1 =    0.0000000000000000     
 mdl_VmuN2 =    1.0000000000000000     
 mdl_VmuN3 =    0.0000000000000000     
 mdl_VtaN1 =    0.0000000000000000     
 mdl_VtaN2 =    0.0000000000000000     
 mdl_VtaN3 =    1.0000000000000000     
 mdl_VN1N1 =    1.0000000000000000     
 mdl_VN1N2 =    1.0000000000000000     
 mdl_VN1N3 =    1.0000000000000000     
 mdl_VN2N2 =    1.0000000000000000     
 mdl_VN2N3 =    1.0000000000000000     
 mdl_VN3N3 =    1.0000000000000000     
 aEWM1 =    127.90000000000001     
 mdl_Gf =    1.1663700000000000E-005
 aS =   0.11839999999999999     
 mdl_ymt =    172.00000000000000     
 mdl_vevf =    50.000000000000000     
 mdl_MZ =    91.187600000000003     
 mdl_MT =    172.00000000000000     
 mdl_MH =    125.00000000000000     
 mdl_mN1 =    2000.0000000000000     
 mdl_mN2 =    2100.0000000000000     
 mdl_mN3 =    2200.0000000000000     
 mdl_MJ =    91.187600000000003     
 mdl_MAx =    173.04800000000000     
 mdl_WZ =    2.4952000000000001     
 mdl_WW =    2.0850000000000000     
 mdl_WT =    1.5083359999999999     
 mdl_WH =    4.0699999999999998E-003
 mdl_WN1 =   0.30299999999999999     
 mdl_WN2 =    1.5000000000000000     
 mdl_WN3 =    12.300000000000001     
 mdl_WJ =    2.4952000000000001     
 mdl_WAx =    4.1700000000000001E-003
  Internal Params
  ---------------------------------
  
 mdl_vevf__exp__2 =    2500.0000000000000     
 mdl_sqrt__vevf__exp__2 =    50.000000000000000     
 mdl_muJ =    50.000000000000000     
 mdl_MZ__exp__2 =    8315.1783937600012     
 mdl_MZ__exp__4 =    69142191.720053151     
 mdl_sqrt__2 =    1.4142135623730951     
 mdl_MJ__exp__2 =    8315.1783937600012     
 mdl_muJ__exp__2 =    2500.0000000000000     
 mdl_lamJ =    4.3260713575040004     
 mdl_MH__exp__2 =    15625.000000000000     
 mdl_complexi =  (  0.0000000000000000     ,  1.0000000000000000     )
 mdl_aEW =    7.8186082877247844E-003
 mdl_MW =    79.824359746197842     
 mdl_sqrt__aEW =    8.8422894590285753E-002
 mdl_ee =   0.31345100004952897     
 mdl_MW__exp__2 =    6371.9284088904105     
 mdl_sw2 =   0.23369913342182447     
 mdl_cw =   0.87538612427783857     
 mdl_sqrt__sw2 =   0.48342438232036300     
 mdl_sw =   0.48342438232036300     
 mdl_g1 =   0.35807170271074895     
 mdl_gN =   0.64839716719502682     
 mdl_gw =   0.64839716719502682     
 mdl_vev =    246.22056907348590     
 mdl_vev__exp__2 =    60624.568634871241     
 mdl_lam =   0.12886689630821144     
 mdl_yt =   0.98791394091683138     
 mdl_muH =    88.388347648318444     
 mdl_I2a33 =  ( 0.98791394091683138     ,  0.0000000000000000     )
 mdl_I3a33 =  ( 0.98791394091683138     ,  0.0000000000000000     )
 mdl_ee__exp__2 =    9.8251529432049817E-002
 mdl_sw__exp__2 =   0.23369913342182450     
 mdl_cw__exp__2 =   0.76630086657817542     
  Internal Params evaluated point by point
  ----------------------------------------
  
 mdl_sqrt__aS =   0.34409301068170506     
 mdl_G__exp__2 =    1.4878582807401259     
  Couplings of SM_HeavyN_UFO
  ---------------------------------
  
         GC_1 =  -0.00000E+00  -0.10448E+00
         GC_2 =   0.00000E+00   0.20897E+00
         GC_3 =  -0.00000E+00  -0.31345E+00
         GC_4 =   0.00000E+00   0.31345E+00
        GC_26 =   0.00000E+00   0.45849E+00
        GC_27 =  -0.00000E+00  -0.28380E+00
        GC_28 =   0.00000E+00   0.28380E+00
        GC_30 =   0.00000E+00   0.56760E+00
        GC_35 =  -0.00000E+00  -0.28850E-01
        GC_37 =   0.00000E+00   0.17310E+00
        GC_39 =   0.00000E+00  -0.19725E+00
        GC_40 =   0.00000E+00   0.37035E+00
        GC_80 =   0.00000E+00   0.67543E+02
       GC_107 =  -0.00000E+00  -0.74070E+00
       GC_109 =  -0.00000E+00  -0.74070E+00
       GC_111 =  -0.00000E+00  -0.74070E+00
       GC_113 =  -0.00000E+00  -0.74070E+00
       GC_115 =  -0.00000E+00  -0.74070E+00
       GC_117 =  -0.00000E+00  -0.74070E+00
       GC_119 =   0.00000E+00   0.00000E+00
       GC_120 =   0.00000E+00   0.00000E+00
       GC_122 =  -0.00000E+00  -0.00000E+00
       GC_126 =   0.00000E+00   0.00000E+00
       GC_127 =   0.00000E+00   0.00000E+00
       GC_129 =  -0.00000E+00  -0.00000E+00
       GC_133 =   0.00000E+00   0.45849E+00
       GC_134 =   0.00000E+00   0.37035E+00
       GC_136 =  -0.00000E+00  -0.89351E+01
        GC_81 =   0.40000E+02   0.00000E+00
        GC_82 =   0.42000E+02   0.00000E+00
        GC_83 =   0.44000E+02   0.00000E+00

 Collider parameters:
 --------------------

 Running at P P   machine @    13000.000000000000       GeV
 PDF set = nn23lo1
 alpha_s(Mz)= 0.1300 running at 2 loops.
 alpha_s(Mz)= 0.1300 running at 2 loops.
 Renormalization scale set on event-by-event basis
 Factorization   scale set on event-by-event basis


 getting user params
Enter number of events and max and min iterations: 
 Number of events and iterations         1000           5           3
Enter desired fractional accuracy: 
 Desired fractional accuracy:   0.10000000000000001     
Enter 0 for fixed, 2 for adjustable grid: 
Suppress amplitude (0 no, 1 yes)? 
 Using suppressed amplitude.
Exact helicity sum (0 yes, n = number/event)? 
 Explicitly summing over helicities
Enter Configuration Number: 
Running Configuration Number:  392
 Using dconfig=         643
 BW Setting            1           1           2           2           1           2           0
 Attempting mappinvarients           1           9
 Completed mapping           9
 about to integrate           19        1000           5           3          19           1
 Using non-zero grid deformation.
 19 dimensions   1000 events 19 invarients  5 iterations  1 config(s),  (0.99)
 Using h-tuple random number sequence.
 Error opening grid
 Using Uniform Grid!          36
 Using uniform alpha   1.0000000000000000     
 Grid defined OK
 Set CM energy to      13000.00
 Mapping Graph         392  to config         392
 Setting BW          -1           1   79.824359746197842     
 Setting BW          -2           2   2200.0000000000000     
Setting grid   3    0.29417E-01   1
Setting grid   4    0.75740E-07   1
 Setting BW          -5           5   2200.0000000000000     
Setting grid   6    0.11291E+00   1
 Transforming s_hat 1/s           18  0.11290569768517021        1600.0000000000000        168999999.99999997     
 392   1   2   3   4   5   6   7   8   9  10  11  12  13  14
  15  16  17  18  19
 Masses: 0.000E+00 0.000E+00 0.000E+00 0.000E+00 0.000E+00 0.000E+00 0.000E+00 0.000E+00 0.912E+02
Using random seed offsets   392 :      1
  with seed                   24
 Ranmar initialization seeds         122        9398
 
 ********************************************
 * You are using the DiscreteSampler module *
 *      part of the MG5_aMC framework       *
 *         Author: Valentin Hirschi         *
 ********************************************
 
  Particle       3       4       5       6       7       8       9
      Et >    10.0    10.0    10.0    10.0     0.0     0.0     0.0
       E >     0.0     0.0     0.0     0.0     0.0     0.0     0.0
     Eta <     2.5     2.5     2.5     2.5    -1.0    -1.0    -1.0
   xqcut:      0.0     0.0     0.0     0.0     0.0     0.0     0.0
d R # 3  >    -0.0     0.4     0.4     0.4     0.0     0.0     0.0
d R # 4  >    -0.0    -0.0     0.4     0.4     0.0     0.0     0.0
d R # 5  >    -0.0    -0.0    -0.0     0.4     0.0     0.0     0.0
d R # 6  >    -0.0    -0.0    -0.0    -0.0     0.0     0.0     0.0
d R # 7  >    -0.0    -0.0    -0.0    -0.0    -0.0     0.0     0.0
d R # 8  >    -0.0    -0.0    -0.0    -0.0    -0.0    -0.0     0.0
s min # 3>     0.0     0.0     0.0     0.0     0.0     0.0     0.0
s min # 4>     0.0     0.0     0.0     0.0     0.0     0.0     0.0
s min # 5>     0.0     0.0     0.0     0.0     0.0     0.0     0.0
s min # 6>     0.0     0.0     0.0     0.0     0.0     0.0     0.0
s min # 7>     0.0     0.0     0.0     0.0     0.0     0.0     0.0
s min # 8>     0.0     0.0     0.0     0.0     0.0     0.0     0.0
xqcutij # 3>     0.0     0.0     0.0     0.0     0.0     0.0     0.0
xqcutij # 4>     0.0     0.0     0.0     0.0     0.0     0.0     0.0
xqcutij # 5>     0.0     0.0     0.0     0.0     0.0     0.0     0.0
xqcutij # 6>     0.0     0.0     0.0     0.0     0.0     0.0     0.0
xqcutij # 7>     0.0     0.0     0.0     0.0     0.0     0.0     0.0
xqcutij # 8>     0.0     0.0     0.0     0.0     0.0     0.0     0.0
 Requiring BW           -1           1
 Requiring BW           -2           2
 Excluding BW           -3           3
 Excluding BW           -4           4
 Requiring BW           -5           5
 Excluding BW           -6           6
 alpha_s for scale    8315.8383721688188       is    7.4551217889640684E-002
 Added good helicity            1   44.525284052599147       in event            1 local:           1
 Added good helicity           41   4.1935711172673879E-004  in event            1 local:           1
 Added good helicity          193   211.47221892613214       in event            1 local:           1
 Added good helicity          233   2.0776628179674001E-003  in event            1 local:           1
 Added good helicity            1   44.525284052606402       in event            1 local:           1
 Added good helicity           41   4.1935711172599437E-004  in event            1 local:           1
 Added good helicity          193   211.47221892612490       in event            1 local:           1
 Added good helicity          233   2.0776628179637112E-003  in event            1 local:           1
 Added good helicity           37   4.1935711172674019E-004  in event            7 local:           3
 Added good helicity          229   2.0776628179674070E-003  in event            7 local:           3
 Added good helicity           37   4.1935711172599529E-004  in event            7 local:           3
 Added good helicity          229   2.0776628179637155E-003  in event            7 local:           3
 Added good helicity           25   4.1935711172674345E-004  in event           13 local:           5
 Added good helicity          217   2.0776628179674170E-003  in event           13 local:           5
 Added good helicity           25   4.1935711172598787E-004  in event           13 local:           5
 Added good helicity          217   2.0776628179636812E-003  in event           13 local:           5
 Added good helicity           21   4.1935711172674459E-004  in event           16 local:           6
 Added good helicity          213   2.0776628179674226E-003  in event           16 local:           6
 Added good helicity           21   4.1935711172598852E-004  in event           16 local:           6
 Added good helicity          213   2.0776628179636843E-003  in event           16 local:           6
 RESET CUMULATIVE VARIABLE
 RESET CUMULATIVE VARIABLE
 RESET CUMULATIVE VARIABLE
 Iteration  1   Mean: 0.3249E-07 Abs mean: 0.3249E-07   Fluctuation:  0.192E-07   0.183E-04    10.7%
  1    0.3249E-07 0.3249E-07 +- 0.1922E-07     18.71
 Writing out events   6.0853404252040888E-011   18.705100509734901     
 Relative summed weights:
  0.5899E-02  0.3461E-03  0.1037E-02  0.9339E-05  0.0000E+00  0.0000E+00
  0.1141E-01  0.1939E-02  0.9248E-01  0.8063E-02  0.0000E+00  0.0000E+00
  0.5617E+00  0.8083E-02  0.1454E-02  0.2210E-01  0.0000E+00  0.0000E+00
  0.5815E-02  0.5479E-02  0.8809E-02  0.4491E-02  0.0000E+00  0.0000E+00
  0.6056E-01  0.1224E-02  0.2368E-04  0.5621E-03  0.0000E+00  0.0000E+00
  0.5937E-03  0.4391E-02  0.2503E-03  0.7866E-05  0.0000E+00  0.0000E+00
  0.2447E-01  0.1573E+00  0.9532E-03  0.1460E-03  0.0000E+00  0.0000E+00
  0.5902E-02  0.1631E-02  0.4775E-03  0.2432E-02  0.0000E+00  0.0000E+00
 Relative number of events:
  0.2676E-01  0.2676E-01  0.1586E-01  0.1090E-01  0.0000E+00  0.0000E+00
  0.6343E-01  0.6145E-01  0.3964E-01  0.2775E-01  0.0000E+00  0.0000E+00
  0.2180E-01  0.3072E-01  0.9911E-02  0.1090E-01  0.0000E+00  0.0000E+00
  0.6640E-01  0.6442E-01  0.2081E-01  0.2775E-01  0.0000E+00  0.0000E+00
  0.2676E-01  0.1883E-01  0.6938E-02  0.1189E-01  0.0000E+00  0.0000E+00
  0.2081E-01  0.1883E-01  0.6938E-02  0.6938E-02  0.0000E+00  0.0000E+00
  0.5154E-01  0.5847E-01  0.2973E-01  0.2676E-01  0.0000E+00  0.0000E+00
  0.6442E-01  0.5154E-01  0.3469E-01  0.3964E-01  0.0000E+00  0.0000E+00
 Events:
          27          27          16          11           0           0
          64          62          40          28           0           0
          22          31          10          11           0           0
          67          65          21          28           0           0
          27          19           7          12           0           0
          21          19           7           7           0           0
          52          59          30          27           0           0
          65          52          35          40           0           0
 Iteration  2   Mean: 0.8097E-08 Abs mean: 0.8097E-08   Fluctuation:  0.363E-08   0.706E-05    19.0%
  2    0.8097E-08 0.8097E-08 +- 0.3627E-08     20.03
 Relative summed weights:
  0.1901E-01  0.5530E-02  0.2230E-01  0.4639E-02  0.0000E+00  0.0000E+00
  0.1166E-01  0.5749E-01  0.2466E-02  0.1418E-01  0.0000E+00  0.0000E+00
  0.2042E-02  0.4621E-02  0.3973E-02  0.4556E-02  0.0000E+00  0.0000E+00
  0.3838E-01  0.4730E-01  0.4603E-01  0.4471E-02  0.0000E+00  0.0000E+00
  0.1053E-01  0.5027E+00  0.3035E-02  0.1549E-03  0.0000E+00  0.0000E+00
  0.3702E-01  0.1396E-01  0.3693E-02  0.2118E-02  0.0000E+00  0.0000E+00
  0.1599E-01  0.2491E-01  0.1029E-01  0.1621E-01  0.0000E+00  0.0000E+00
  0.2462E-01  0.1682E-01  0.2803E-01  0.1335E-02  0.0000E+00  0.0000E+00
 Relative number of events:
  0.2150E-01  0.2200E-01  0.1400E-01  0.9500E-02  0.0000E+00  0.0000E+00
  0.5500E-01  0.6300E-01  0.2450E-01  0.3900E-01  0.0000E+00  0.0000E+00
  0.2450E-01  0.2450E-01  0.1400E-01  0.1050E-01  0.0000E+00  0.0000E+00
  0.6350E-01  0.6500E-01  0.2900E-01  0.3150E-01  0.0000E+00  0.0000E+00
  0.1850E-01  0.2950E-01  0.1250E-01  0.9000E-02  0.0000E+00  0.0000E+00
  0.2600E-01  0.3100E-01  0.1050E-01  0.6000E-02  0.0000E+00  0.0000E+00
  0.4950E-01  0.5950E-01  0.3100E-01  0.3300E-01  0.0000E+00  0.0000E+00
  0.6000E-01  0.5650E-01  0.2900E-01  0.2750E-01  0.0000E+00  0.0000E+00
 Events:
          43          44          28          19           0           0
         110         126          49          78           0           0
          49          49          28          21           0           0
         127         130          58          63           0           0
          37          59          25          18           0           0
          52          62          21          12           0           0
          99         119          62          66           0           0
         120         113          58          55           0           0
 Iteration  3   Mean: 0.8251E-08 Abs mean: 0.8251E-08   Fluctuation:  0.160E-08   0.388E-05    20.4%
  3    0.8251E-08 0.8251E-08 +- 0.1603E-08     12.28
 Relative summed weights:
  0.4707E-02  0.1879E-01  0.1213E+00  0.7579E-02  0.0000E+00  0.0000E+00
  0.2300E-01  0.2477E-01  0.2343E-02  0.8051E-01  0.0000E+00  0.0000E+00
  0.5925E-02  0.7005E-01  0.2055E-02  0.6721E-03  0.0000E+00  0.0000E+00
  0.2002E-01  0.2113E-01  0.1259E-01  0.5856E-01  0.0000E+00  0.0000E+00
  0.1925E-01  0.1799E-01  0.1777E-01  0.4085E-01  0.0000E+00  0.0000E+00
  0.1394E+00  0.7448E-02  0.1301E-01  0.4572E-01  0.0000E+00  0.0000E+00
  0.5465E-01  0.4304E-01  0.1006E-01  0.1368E-01  0.4200E-08  0.3909E-06
  0.1993E-01  0.2501E-01  0.1041E-01  0.4772E-01  0.0000E+00  0.0000E+00
 Relative number of events:
  0.2425E-01  0.2675E-01  0.8000E-02  0.1025E-01  0.0000E+00  0.0000E+00
  0.5950E-01  0.5550E-01  0.3425E-01  0.3275E-01  0.0000E+00  0.0000E+00
  0.2725E-01  0.3000E-01  0.9500E-02  0.8750E-02  0.0000E+00  0.0000E+00
  0.5600E-01  0.5700E-01  0.3525E-01  0.2925E-01  0.0000E+00  0.0000E+00
  0.2375E-01  0.2550E-01  0.1125E-01  0.9250E-02  0.0000E+00  0.0000E+00
  0.2625E-01  0.2650E-01  0.1000E-01  0.8750E-02  0.0000E+00  0.0000E+00
  0.5525E-01  0.6100E-01  0.3125E-01  0.2625E-01  0.2500E-03  0.2500E-03
  0.5875E-01  0.5750E-01  0.2750E-01  0.3650E-01  0.0000E+00  0.0000E+00
 Events:
          97         107          32          41           0           0
         238         222         137         131           0           0
         109         120          38          35           0           0
         224         228         141         117           0           0
          95         102          45          37           0           0
         105         106          40          35           0           0
         221         244         125         105           1           1
         235         230         110         146           0           0
 Accuracy:    0.462   0.100   0.171   7.346
 Found          365  events.
 Wrote            9  events.
 Actual xsec    1.0245237196730171E-008
 Correct abs xsec    1.0245237196730171E-008
 Event xsec    1.0245237196730171E-008
 Events wgts > 1:            1
 % Cross section > 1:    4.6451689250793838E-017   4.5339788975914750E-007
 Iteration  4   Mean: 0.1378E-07 Abs mean: 0.1378E-07   Fluctuation:  0.169E-08   0.677E-05    20.0%
  4    0.1378E-07 0.1378E-07 +- 0.1687E-08     10.95
 Relative summed weights:
  0.9889E-02  0.2369E-01  0.5857E-01  0.4819E-02  0.0000E+00  0.0000E+00
  0.5502E-01  0.4576E-01  0.2018E-01  0.1434E-01  0.0000E+00  0.0000E+00
  0.3368E-01  0.2020E-01  0.1249E-01  0.2083E-01  0.0000E+00  0.0000E+00
  0.2450E-01  0.2351E-01  0.1894E-01  0.1509E-01  0.0000E+00  0.7397E-04
  0.1463E+00  0.3278E-01  0.3179E-02  0.2542E-01  0.0000E+00  0.0000E+00
  0.6851E-01  0.3676E-01  0.1302E-01  0.7154E-02  0.0000E+00  0.0000E+00
  0.5010E-01  0.6304E-01  0.1173E-01  0.1590E-01  0.0000E+00  0.0000E+00
  0.3896E-01  0.3459E-01  0.4028E-01  0.1065E-01  0.0000E+00  0.2202E-06
 Relative number of events:
  0.2712E-01  0.2687E-01  0.7625E-02  0.9250E-02  0.0000E+00  0.0000E+00
  0.5725E-01  0.5675E-01  0.3200E-01  0.3138E-01  0.0000E+00  0.0000E+00
  0.2662E-01  0.2337E-01  0.1075E-01  0.1038E-01  0.0000E+00  0.0000E+00
  0.5425E-01  0.5725E-01  0.3575E-01  0.3087E-01  0.0000E+00  0.1250E-03
  0.2475E-01  0.2463E-01  0.9375E-02  0.9500E-02  0.0000E+00  0.0000E+00
  0.2488E-01  0.2488E-01  0.9250E-02  0.1050E-01  0.0000E+00  0.0000E+00
  0.5675E-01  0.5650E-01  0.3250E-01  0.3438E-01  0.0000E+00  0.0000E+00
  0.5675E-01  0.5400E-01  0.3712E-01  0.3650E-01  0.0000E+00  0.1250E-03
 Events:
         217         215          61          74           0           0
         458         454         256         251           0           0
         213         187          86          83           0           0
         434         458         286         247           0           1
         198         197          75          76           0           0
         199         199          74          84           0           0
         454         452         260         275           0           0
         454         432         297         292           0           1
 Accuracy:    0.195   0.100   0.099   3.846
 Found         1101  events.
 Wrote           15  events.
 Actual xsec    1.1995421871926605E-008
 Correct abs xsec    1.1995421871926605E-008
 Event xsec    1.1995421871926601E-008
 Events wgts > 1:            2
 % Cross section > 1:    7.0528427103613126E-011  0.58796120600538293     
 Iteration  5   Mean: 0.1462E-07 Abs mean: 0.1462E-07   Fluctuation:  0.891E-09   0.570E-05    19.1%
  5    0.1462E-07 0.1462E-07 +- 0.8911E-09      7.71
 Relative summed weights:
  0.4673E-01  0.5002E-01  0.2126E-01  0.1677E-01  0.0000E+00  0.1825E-04
  0.5818E-01  0.3266E-01  0.1588E-01  0.2496E-01  0.5097E-04  0.3055E-06
  0.3779E-01  0.4058E-01  0.2255E-01  0.2254E-01  0.0000E+00  0.0000E+00
  0.5385E-01  0.3796E-01  0.1686E-01  0.1986E-01  0.1996E-06  0.0000E+00
  0.3146E-01  0.4659E-01  0.2590E-01  0.1767E-01  0.0000E+00  0.0000E+00
  0.4038E-01  0.3770E-01  0.1968E-01  0.1353E-01  0.0000E+00  0.0000E+00
  0.3260E-01  0.3087E-01  0.2164E-01  0.1643E-01  0.0000E+00  0.4396E-06
  0.2865E-01  0.7869E-01  0.2371E-01  0.1595E-01  0.0000E+00  0.0000E+00
 Relative number of events:
  0.2538E-01  0.2494E-01  0.1000E-01  0.1050E-01  0.0000E+00  0.6250E-04
  0.5631E-01  0.5425E-01  0.2987E-01  0.3019E-01  0.1250E-03  0.6250E-04
  0.2431E-01  0.2481E-01  0.9938E-02  0.9500E-02  0.0000E+00  0.0000E+00
  0.5975E-01  0.5725E-01  0.3300E-01  0.3037E-01  0.6250E-04  0.0000E+00
  0.2475E-01  0.2712E-01  0.1063E-01  0.1131E-01  0.0000E+00  0.0000E+00
  0.2506E-01  0.2625E-01  0.9938E-02  0.9375E-02  0.0000E+00  0.0000E+00
  0.5800E-01  0.5744E-01  0.3562E-01  0.3206E-01  0.0000E+00  0.6250E-04
  0.5794E-01  0.5925E-01  0.3269E-01  0.3181E-01  0.0000E+00  0.0000E+00
 Events:
         406         399         160         168           0           1
         901         868         478         483           2           1
         389         397         159         152           0           0
         956         916         528         486           1           0
         396         434         170         181           0           0
         401         420         159         150           0           0
         928         919         570         513           0           1
         927         948         523         509           0           0
 Accuracy:    0.085   0.100   0.052   2.696
 Finished due to accuracy    8.5324260849256067E-002  0.10000000000000001     

 -------------------------------------------------------------------------------
 Accumulated results:   Integral =  0.1406E-07
                        Std dev  =  0.7309E-09
                       Cross sec =  0.1406E-07
             Chi**2 per DoF.     =      2.6956
 -------------------------------------------------------------------------------
 Found         2444  events.
 Wrote           58  events.
 Actual xsec    1.3999880345738695E-008
 Correct abs xsec    1.3999880345738695E-008
 Event xsec    1.3999880345738717E-008
 Events wgts > 1:            3
 % Cross section > 1:    1.4049166783872801E-010   1.0035204899554078     
-------------------------------------------------
---------------------------
 Results Last   3 iters: Integral =   0.1400E-07
                     Abs integral =   0.1400E-07
                          Std dev =   0.7354E-09
                  Chi**2 per DoF. =      6.6858
-------------------------------------------------
---------------------------
 Status  0.10000000000000001                6           5

ls status:
events.lhe
ftn26
input_app.txt
results.dat
run1_app.log
