 Process in group number            1
 A PDF is used, so alpha_s(MZ) is going to be modified
 Old value of alpha_s from param_card:   0.11839999999999999     
  ****************************************
 
       NNPDFDriver version 1.0.3
   Grid: NNPDF23_lo_as_0130_qed_mem0.grid
  ****************************************
 New value of alpha_s from PDF nn23lo1:  0.13000000000000000     
 Define smin to   1600.0000000000000     
 Define smin to   1600.0000000000000     
 Define smin to   1600.0000000000000     
 *****************************************************
 *               MadGraph/MadEvent                   *
 *        --------------------------------           *
 *          http://madgraph.hep.uiuc.edu             *
 *          http://madgraph.phys.ucl.ac.be           *
 *          http://madgraph.roma2.infn.it            *
 *        --------------------------------           *
 *                                                   *
 *          PARAMETER AND COUPLING VALUES            *
 *                                                   *
 *****************************************************

  External Params
  ---------------------------------
  
 mdl_VeN1 =    1.0000000000000000     
 mdl_VeN2 =    0.0000000000000000     
 mdl_VeN3 =    0.0000000000000000     
 mdl_VmuN1 =    0.0000000000000000     
 mdl_VmuN2 =    1.0000000000000000     
 mdl_VmuN3 =    0.0000000000000000     
 mdl_VtaN1 =    0.0000000000000000     
 mdl_VtaN2 =    0.0000000000000000     
 mdl_VtaN3 =    1.0000000000000000     
 mdl_VN1N1 =    1.0000000000000000     
 mdl_VN1N2 =    1.0000000000000000     
 mdl_VN1N3 =    1.0000000000000000     
 mdl_VN2N2 =    1.0000000000000000     
 mdl_VN2N3 =    1.0000000000000000     
 mdl_VN3N3 =    1.0000000000000000     
 aEWM1 =    127.90000000000001     
 mdl_Gf =    1.1663700000000000E-005
 aS =   0.11839999999999999     
 mdl_ymt =    172.00000000000000     
 mdl_vevf =    50.000000000000000     
 mdl_MZ =    91.187600000000003     
 mdl_MT =    172.00000000000000     
 mdl_MH =    125.00000000000000     
 mdl_mN1 =    2000.0000000000000     
 mdl_mN2 =    2100.0000000000000     
 mdl_mN3 =    2200.0000000000000     
 mdl_MJ =    91.187600000000003     
 mdl_MAx =    173.04800000000000     
 mdl_WZ =    2.4952000000000001     
 mdl_WW =    2.0850000000000000     
 mdl_WT =    1.5083359999999999     
 mdl_WH =    4.0699999999999998E-003
 mdl_WN1 =   0.30299999999999999     
 mdl_WN2 =    1.5000000000000000     
 mdl_WN3 =    12.300000000000001     
 mdl_WJ =    2.4952000000000001     
 mdl_WAx =    4.1700000000000001E-003
  Internal Params
  ---------------------------------
  
 mdl_vevf__exp__2 =    2500.0000000000000     
 mdl_sqrt__vevf__exp__2 =    50.000000000000000     
 mdl_muJ =    50.000000000000000     
 mdl_MZ__exp__2 =    8315.1783937600012     
 mdl_MZ__exp__4 =    69142191.720053151     
 mdl_sqrt__2 =    1.4142135623730951     
 mdl_MJ__exp__2 =    8315.1783937600012     
 mdl_muJ__exp__2 =    2500.0000000000000     
 mdl_lamJ =    4.3260713575040004     
 mdl_MH__exp__2 =    15625.000000000000     
 mdl_complexi =  (  0.0000000000000000     ,  1.0000000000000000     )
 mdl_aEW =    7.8186082877247844E-003
 mdl_MW =    79.824359746197842     
 mdl_sqrt__aEW =    8.8422894590285753E-002
 mdl_ee =   0.31345100004952897     
 mdl_MW__exp__2 =    6371.9284088904105     
 mdl_sw2 =   0.23369913342182447     
 mdl_cw =   0.87538612427783857     
 mdl_sqrt__sw2 =   0.48342438232036300     
 mdl_sw =   0.48342438232036300     
 mdl_g1 =   0.35807170271074895     
 mdl_gN =   0.64839716719502682     
 mdl_gw =   0.64839716719502682     
 mdl_vev =    246.22056907348590     
 mdl_vev__exp__2 =    60624.568634871241     
 mdl_lam =   0.12886689630821144     
 mdl_yt =   0.98791394091683138     
 mdl_muH =    88.388347648318444     
 mdl_I2a33 =  ( 0.98791394091683138     ,  0.0000000000000000     )
 mdl_I3a33 =  ( 0.98791394091683138     ,  0.0000000000000000     )
 mdl_ee__exp__2 =    9.8251529432049817E-002
 mdl_sw__exp__2 =   0.23369913342182450     
 mdl_cw__exp__2 =   0.76630086657817542     
  Internal Params evaluated point by point
  ----------------------------------------
  
 mdl_sqrt__aS =   0.34409301068170506     
 mdl_G__exp__2 =    1.4878582807401259     
  Couplings of SM_HeavyN_UFO
  ---------------------------------
  
         GC_1 =  -0.00000E+00  -0.10448E+00
         GC_2 =   0.00000E+00   0.20897E+00
         GC_3 =  -0.00000E+00  -0.31345E+00
         GC_4 =   0.00000E+00   0.31345E+00
        GC_26 =   0.00000E+00   0.45849E+00
        GC_27 =  -0.00000E+00  -0.28380E+00
        GC_28 =   0.00000E+00   0.28380E+00
        GC_30 =   0.00000E+00   0.56760E+00
        GC_35 =  -0.00000E+00  -0.28850E-01
        GC_37 =   0.00000E+00   0.17310E+00
        GC_39 =   0.00000E+00  -0.19725E+00
        GC_40 =   0.00000E+00   0.37035E+00
        GC_80 =   0.00000E+00   0.67543E+02
       GC_107 =  -0.00000E+00  -0.74070E+00
       GC_109 =  -0.00000E+00  -0.74070E+00
       GC_111 =  -0.00000E+00  -0.74070E+00
       GC_113 =  -0.00000E+00  -0.74070E+00
       GC_115 =  -0.00000E+00  -0.74070E+00
       GC_117 =  -0.00000E+00  -0.74070E+00
       GC_119 =   0.00000E+00   0.00000E+00
       GC_120 =   0.00000E+00   0.00000E+00
       GC_122 =  -0.00000E+00  -0.00000E+00
       GC_126 =   0.00000E+00   0.00000E+00
       GC_127 =   0.00000E+00   0.00000E+00
       GC_129 =  -0.00000E+00  -0.00000E+00
       GC_133 =   0.00000E+00   0.45849E+00
       GC_134 =   0.00000E+00   0.37035E+00
       GC_136 =  -0.00000E+00  -0.89351E+01
        GC_81 =   0.40000E+02   0.00000E+00
        GC_82 =   0.42000E+02   0.00000E+00
        GC_83 =   0.44000E+02   0.00000E+00

 Collider parameters:
 --------------------

 Running at P P   machine @    13000.000000000000       GeV
 PDF set = nn23lo1
 alpha_s(Mz)= 0.1300 running at 2 loops.
 alpha_s(Mz)= 0.1300 running at 2 loops.
 Renormalization scale set on event-by-event basis
 Factorization   scale set on event-by-event basis


 getting user params
Enter number of events and max and min iterations: 
 Number of events and iterations         1000           5           3
Enter desired fractional accuracy: 
 Desired fractional accuracy:   0.10000000000000001     
Enter 0 for fixed, 2 for adjustable grid: 
Suppress amplitude (0 no, 1 yes)? 
 Using suppressed amplitude.
Exact helicity sum (0 yes, n = number/event)? 
 Explicitly summing over helicities
Enter Configuration Number: 
Running Configuration Number:  948
 Using dconfig=          70
 BW Setting            1           2           1           2           0           0           0
 Attempting mappinvarients           1           9
 Completed mapping           9
 about to integrate           19        1000           5           3          19           1
 Using non-zero grid deformation.
 19 dimensions   1000 events 19 invarients  5 iterations  1 config(s),  (0.99)
 Using h-tuple random number sequence.
 Error opening grid
 Using Uniform Grid!          36
 Using uniform alpha   1.0000000000000000     
 Grid defined OK
 Set CM energy to      13000.00
 Mapping Graph         948  to config         948
 Setting BW          -1           1   79.824359746197842     
Setting grid   2    0.28499E-04   1
 Setting BW          -3           3   2200.0000000000000     
Setting grid   4    0.27060E-01   1
Setting grid   5    0.27060E-01   1
Setting grid   6    0.27060E-01   1
 Transforming s_hat 1/s           18   2.7568770710059178E-002   1600.0000000000000        168999999.99999997     
 948   1   2   3   4   5   6   7   8   9  10  11  12  13  14
  15  16  17  18  19
 Masses: 0.000E+00 0.000E+00 0.000E+00 0.000E+00 0.000E+00 0.000E+00 0.000E+00 0.000E+00 0.912E+02
Using random seed offsets   948 :      1
  with seed                   24
 Ranmar initialization seeds         678        9398
 
 ********************************************
 * You are using the DiscreteSampler module *
 *      part of the MG5_aMC framework       *
 *         Author: Valentin Hirschi         *
 ********************************************
 
  Particle       3       4       5       6       7       8       9
      Et >    10.0    10.0    10.0    10.0     0.0     0.0     0.0
       E >     0.0     0.0     0.0     0.0     0.0     0.0     0.0
     Eta <     2.5     2.5     2.5     2.5    -1.0    -1.0    -1.0
   xqcut:      0.0     0.0     0.0     0.0     0.0     0.0     0.0
d R # 3  >    -0.0     0.4     0.4     0.4     0.0     0.0     0.0
d R # 4  >    -0.0    -0.0     0.4     0.4     0.0     0.0     0.0
d R # 5  >    -0.0    -0.0    -0.0     0.4     0.0     0.0     0.0
d R # 6  >    -0.0    -0.0    -0.0    -0.0     0.0     0.0     0.0
d R # 7  >    -0.0    -0.0    -0.0    -0.0    -0.0     0.0     0.0
d R # 8  >    -0.0    -0.0    -0.0    -0.0    -0.0    -0.0     0.0
s min # 3>     0.0     0.0     0.0     0.0     0.0     0.0     0.0
s min # 4>     0.0     0.0     0.0     0.0     0.0     0.0     0.0
s min # 5>     0.0     0.0     0.0     0.0     0.0     0.0     0.0
s min # 6>     0.0     0.0     0.0     0.0     0.0     0.0     0.0
s min # 7>     0.0     0.0     0.0     0.0     0.0     0.0     0.0
s min # 8>     0.0     0.0     0.0     0.0     0.0     0.0     0.0
xqcutij # 3>     0.0     0.0     0.0     0.0     0.0     0.0     0.0
xqcutij # 4>     0.0     0.0     0.0     0.0     0.0     0.0     0.0
xqcutij # 5>     0.0     0.0     0.0     0.0     0.0     0.0     0.0
xqcutij # 6>     0.0     0.0     0.0     0.0     0.0     0.0     0.0
xqcutij # 7>     0.0     0.0     0.0     0.0     0.0     0.0     0.0
xqcutij # 8>     0.0     0.0     0.0     0.0     0.0     0.0     0.0
 Requiring BW           -1           1
 Excluding BW           -2           2
 Requiring BW           -3           3
 Excluding BW           -4           4
 alpha_s for scale    3382.0523178167991       is    8.1423252159175605E-002
 Added good helicity            1   122.00916713876653       in event            1 local:           1
 Added good helicity           21   3.0734810613196540E-004  in event            1 local:           1
 Added good helicity           25   1.3979910538228762E-002  in event            1 local:           1
 Added good helicity           37   1.9251791271932730E-006  in event            1 local:           1
 Added good helicity          193   133.64600466863084       in event            1 local:           1
 Added good helicity          213   9.2479002004975819E-003  in event            1 local:           1
 Added good helicity          217  0.32127422822359181       in event            1 local:           1
 Added good helicity          229   1.6500430437051078E-005  in event            1 local:           1
 Added good helicity          253   3.7090301727104891E-007  in event            1 local:           1
 Added good helicity            1   122.00916713875492       in event            1 local:           1
 Added good helicity           21   3.0734810613192084E-004  in event            1 local:           1
 Added good helicity           25   1.3979910538229647E-002  in event            1 local:           1
 Added good helicity           37   1.9251791271934255E-006  in event            1 local:           1
 Added good helicity          193   133.64600466864246       in event            1 local:           1
 Added good helicity          213   9.2479002004986991E-003  in event            1 local:           1
 Added good helicity          217  0.32127422822362445       in event            1 local:           1
 Added good helicity          229   1.6500430437052840E-005  in event            1 local:           1
 Added good helicity          253   3.7090301727104398E-007  in event            1 local:           1
 Added good helicity          233   3.6173565942575849E-008  in event            2 local:           1
 Added good helicity          233   3.6173565942580117E-008  in event            2 local:           1
 Added good helicity           41   1.9251791271932010E-006  in event            4 local:           2
 Added good helicity           41   1.9251791271931701E-006  in event            4 local:           2
 Added good helicity           61   4.2550180135288359E-008  in event           13 local:           5
 Added good helicity           61   4.2550180135303413E-008  in event           13 local:           5
 RESET CUMULATIVE VARIABLE
 RESET CUMULATIVE VARIABLE
 RESET CUMULATIVE VARIABLE
 Iteration  1   Mean: 0.7111E-10 Abs mean: 0.7111E-10   Fluctuation:  0.264E-10   0.196E-07    34.7%
  1    0.7111E-10 0.7111E-10 +- 0.2642E-10     11.75
 Writing out events   4.0976131591971543E-014   11.748577816209501     
 Relative summed weights:
  0.6783E-02  0.2525E-01  0.5618E-04  0.1011E-02  0.4554E-11  0.0000E+00
  0.2881E+00  0.1177E-01  0.8942E-06  0.3867E-05  0.0000E+00  0.0000E+00
  0.3629E-01  0.2821E+00  0.1225E-03  0.1483E-04  0.0000E+00  0.0000E+00
  0.7979E-01  0.6284E-02  0.2020E-01  0.5321E-05  0.0000E+00  0.0000E+00
  0.3962E-01  0.1750E-01  0.1679E-03  0.1189E-04  0.2134E-04  0.1264E-05
  0.6119E-02  0.8378E-02  0.1014E-03  0.5507E-04  0.0000E+00  0.1004E-06
  0.2164E-01  0.5547E-01  0.1045E-04  0.5557E-01  0.0000E+00  0.0000E+00
  0.3692E-01  0.4790E-03  0.2302E-04  0.1001E-03  0.0000E+00  0.2613E-06
 Relative number of events:
  0.4856E-01  0.3568E-01  0.1189E-01  0.8920E-02  0.9911E-03  0.0000E+00
  0.5550E-01  0.4658E-01  0.7929E-02  0.5946E-02  0.0000E+00  0.0000E+00
  0.4757E-01  0.4262E-01  0.3964E-02  0.5946E-02  0.0000E+00  0.0000E+00
  0.4757E-01  0.3964E-01  0.6938E-02  0.9911E-02  0.0000E+00  0.0000E+00
  0.6046E-01  0.5055E-01  0.1189E-01  0.6938E-02  0.9911E-03  0.9911E-03
  0.5550E-01  0.5154E-01  0.1487E-01  0.9911E-02  0.0000E+00  0.9911E-03
  0.6442E-01  0.6343E-01  0.2478E-01  0.1288E-01  0.0000E+00  0.0000E+00
  0.5748E-01  0.5253E-01  0.1388E-01  0.1883E-01  0.0000E+00  0.9911E-03
 Events:
          49          36          12           9           1           0
          56          47           8           6           0           0
          48          43           4           6           0           0
          48          40           7          10           0           0
          61          51          12           7           1           1
          56          52          15          10           0           1
          65          64          25          13           0           0
          58          53          14          19           0           1
 Iteration  2   Mean: 0.8583E-10 Abs mean: 0.8583E-10   Fluctuation:  0.253E-10   0.441E-07    67.8%
  2    0.8583E-10 0.8583E-10 +- 0.2530E-10     13.18
 Relative summed weights:
  0.7743E-01  0.3216E-01  0.1425E-04  0.1264E-03  0.0000E+00  0.0000E+00
  0.2664E-01  0.2903E-01  0.4655E-03  0.3076E-05  0.0000E+00  0.0000E+00
  0.9123E-01  0.2145E-01  0.6990E-04  0.1597E-03  0.6931E-04  0.0000E+00
  0.2957E+00  0.4617E-01  0.8203E-03  0.5173E-03  0.0000E+00  0.0000E+00
  0.1458E-01  0.8774E-01  0.1733E-02  0.7078E-03  0.0000E+00  0.0000E+00
  0.8801E-01  0.6760E-01  0.5013E-03  0.4175E-04  0.7725E-04  0.0000E+00
  0.1441E-01  0.1913E-01  0.2122E-02  0.4640E-03  0.0000E+00  0.0000E+00
  0.3537E-01  0.4417E-01  0.1858E-03  0.1145E-02  0.7051E-07  0.3932E-05
 Relative number of events:
  0.4950E-01  0.4450E-01  0.3500E-02  0.5500E-02  0.0000E+00  0.0000E+00
  0.4950E-01  0.4100E-01  0.3000E-02  0.4000E-02  0.0000E+00  0.0000E+00
  0.4750E-01  0.5400E-01  0.3500E-02  0.4000E-02  0.5000E-03  0.0000E+00
  0.4850E-01  0.4500E-01  0.6500E-02  0.7500E-02  0.0000E+00  0.0000E+00
  0.5800E-01  0.6600E-01  0.1500E-01  0.1100E-01  0.0000E+00  0.0000E+00
  0.5600E-01  0.5000E-01  0.1100E-01  0.1100E-01  0.5000E-03  0.0000E+00
  0.6100E-01  0.5850E-01  0.1300E-01  0.1450E-01  0.0000E+00  0.0000E+00
  0.6350E-01  0.6850E-01  0.1300E-01  0.1100E-01  0.5000E-03  0.5000E-03
 Events:
          99          89           7          11           0           0
          99          82           6           8           0           0
          95         108           7           8           1           0
          97          90          13          15           0           0
         116         132          30          22           0           0
         112         100          22          22           1           0
         122         117          26          29           0           0
         127         137          26          22           1           1
 Iteration  3   Mean: 0.1194E-09 Abs mean: 0.1194E-09   Fluctuation:  0.298E-10   0.106E-06    76.1%
  3    0.1194E-09 0.1194E-09 +- 0.2982E-10     15.80
 Relative summed weights:
  0.6429E-01  0.7996E-01  0.6524E-03  0.1004E-02  0.2627E-06  0.0000E+00
  0.2499E+00  0.1552E-01  0.1134E-02  0.1214E-02  0.0000E+00  0.0000E+00
  0.2586E-01  0.2053E-01  0.1870E-02  0.2488E-03  0.0000E+00  0.6506E-08
  0.2681E-01  0.3002E-01  0.3670E-02  0.5899E-02  0.5309E-06  0.0000E+00
  0.2843E-01  0.3567E-01  0.6355E-03  0.2998E-02  0.2035E-04  0.8070E-08
  0.1283E-01  0.2893E-01  0.2667E-02  0.7425E-02  0.2005E-05  0.1272E-03
  0.9097E-01  0.7768E-01  0.3796E-01  0.5237E-02  0.0000E+00  0.0000E+00
  0.1991E-01  0.1164E+00  0.4723E-03  0.2993E-02  0.4848E-08  0.0000E+00
 Relative number of events:
  0.5150E-01  0.4900E-01  0.6250E-02  0.5500E-02  0.7500E-03  0.0000E+00
  0.4850E-01  0.4525E-01  0.5000E-02  0.4750E-02  0.0000E+00  0.0000E+00
  0.4725E-01  0.4850E-01  0.6000E-02  0.5750E-02  0.0000E+00  0.2500E-03
  0.4575E-01  0.3650E-01  0.6250E-02  0.6500E-02  0.2500E-03  0.0000E+00
  0.5900E-01  0.5725E-01  0.1450E-01  0.1375E-01  0.2500E-03  0.2500E-03
  0.5975E-01  0.6075E-01  0.1225E-01  0.1250E-01  0.2500E-03  0.5000E-03
  0.6125E-01  0.6150E-01  0.1350E-01  0.1225E-01  0.0000E+00  0.0000E+00
  0.5275E-01  0.6125E-01  0.1400E-01  0.1275E-01  0.2500E-03  0.0000E+00
 Events:
         206         196          25          22           3           0
         194         181          20          19           0           0
         189         194          24          23           0           1
         183         146          25          26           1           0
         236         229          58          55           1           1
         239         243          49          50           1           2
         245         246          54          49           0           0
         211         245          56          51           1           0
 Accuracy:    0.146   0.100   0.170   0.739
 Found          207  events.
 Wrote            5  events.
 Actual xsec    9.8226244000927369E-011
 Correct abs xsec    9.8226244000927369E-011
 Event xsec    9.8226244000927369E-011
 Events wgts > 1:            1
 % Cross section > 1:    5.5576543303111913E-018   5.6580136875219630E-006
 Iteration  4   Mean: 0.1625E-09 Abs mean: 0.1625E-09   Fluctuation:  0.183E-10   0.593E-07    78.1%
  4    0.1625E-09 0.1625E-09 +- 0.1834E-10     10.09
 Relative summed weights:
  0.8187E-01  0.8061E-01  0.5847E-02  0.2490E-02  0.0000E+00  0.1922E-05
  0.4282E-01  0.6964E-01  0.6979E-02  0.2195E-02  0.6729E-09  0.0000E+00
  0.3758E-01  0.4291E-01  0.8400E-03  0.3426E-02  0.6582E-10  0.0000E+00
  0.8064E-01  0.6305E-01  0.6306E-03  0.2667E-02  0.2694E-09  0.2264E-06
  0.4073E-01  0.3647E-01  0.8606E-02  0.3401E-02  0.4046E-08  0.3247E-04
  0.1275E+00  0.5241E-01  0.1718E-02  0.5160E-02  0.0000E+00  0.4218E-10
  0.7119E-01  0.4161E-01  0.3588E-02  0.5501E-02  0.4036E-06  0.2897E-06
  0.3761E-01  0.3344E-01  0.4354E-02  0.2488E-02  0.3899E-07  0.6064E-07
 Relative number of events:
  0.4900E-01  0.5013E-01  0.4875E-02  0.3875E-02  0.0000E+00  0.1250E-03
  0.4825E-01  0.4788E-01  0.4875E-02  0.4500E-02  0.1250E-03  0.0000E+00
  0.4500E-01  0.4950E-01  0.4875E-02  0.5875E-02  0.1250E-03  0.0000E+00
  0.4975E-01  0.4625E-01  0.5000E-02  0.5625E-02  0.1250E-03  0.1250E-03
  0.5725E-01  0.6062E-01  0.1087E-01  0.1050E-01  0.1250E-03  0.1250E-03
  0.6075E-01  0.6900E-01  0.8875E-02  0.1250E-01  0.0000E+00  0.1250E-03
  0.5750E-01  0.5638E-01  0.1213E-01  0.1238E-01  0.2500E-03  0.3750E-03
  0.5788E-01  0.6513E-01  0.1063E-01  0.1050E-01  0.1250E-03  0.1250E-03
 Events:
         392         401          39          31           0           1
         386         383          39          36           1           0
         360         396          39          47           1           0
         398         370          40          45           1           1
         458         485          87          84           1           1
         486         552          71         100           0           1
         460         451          97          99           2           3
         463         521          85          84           1           1
 Accuracy:    0.128   0.100   0.094   1.862
 Found          449  events.
 Wrote           26  events.
 Actual xsec    1.4766286698381775E-010
 Correct abs xsec    1.4766286698381775E-010
 Event xsec    1.4766286698381783E-010
 Events wgts > 1:            2
 % Cross section > 1:    1.3499873330405393E-012  0.91423616554084830     
 Iteration  5   Mean: 0.1869E-09 Abs mean: 0.1869E-09   Fluctuation:  0.121E-10   0.821E-07    78.6%
  5    0.1869E-09 0.1869E-09 +- 0.1212E-10      8.20
 Relative summed weights:
  0.5725E-01  0.4106E-01  0.1994E-02  0.4058E-02  0.0000E+00  0.0000E+00
  0.4802E-01  0.7136E-01  0.5643E-02  0.5884E-02  0.4690E-08  0.2351E-05
  0.7365E-01  0.6580E-01  0.6333E-02  0.2172E-02  0.4423E-06  0.0000E+00
  0.5346E-01  0.6593E-01  0.5126E-02  0.5005E-02  0.0000E+00  0.0000E+00
  0.5863E-01  0.4255E-01  0.8475E-02  0.3140E-02  0.1650E-04  0.7194E-07
  0.7396E-01  0.6938E-01  0.2469E-02  0.3291E-02  0.0000E+00  0.2445E-11
  0.4246E-01  0.8645E-01  0.2542E-02  0.2400E-02  0.1800E-06  0.0000E+00
  0.3494E-01  0.4534E-01  0.1672E-02  0.9539E-02  0.3689E-05  0.2403E-05
 Relative number of events:
  0.4794E-01  0.4725E-01  0.5125E-02  0.5938E-02  0.0000E+00  0.0000E+00
  0.4656E-01  0.4781E-01  0.4750E-02  0.5625E-02  0.6250E-04  0.6250E-04
  0.5056E-01  0.4831E-01  0.5375E-02  0.5000E-02  0.1875E-03  0.0000E+00
  0.4694E-01  0.5137E-01  0.5188E-02  0.5437E-02  0.0000E+00  0.0000E+00
  0.5950E-01  0.6413E-01  0.1188E-01  0.1263E-01  0.1875E-03  0.1875E-03
  0.6044E-01  0.5994E-01  0.1056E-01  0.1269E-01  0.0000E+00  0.6250E-04
  0.5981E-01  0.5788E-01  0.1144E-01  0.1112E-01  0.6250E-04  0.0000E+00
  0.5969E-01  0.5713E-01  0.1006E-01  0.1081E-01  0.6250E-04  0.2500E-03
 Events:
         767         756          82          95           0           0
         745         765          76          90           1           1
         809         773          86          80           3           0
         751         822          83          87           0           0
         952        1026         190         202           3           3
         967         959         169         203           0           1
         957         926         183         178           1           0
         955         914         161         173           1           4
 Accuracy:    0.079   0.100   0.053   2.208
 Finished due to accuracy    7.9279561673351581E-002  0.10000000000000001     

 -------------------------------------------------------------------------------
 Accumulated results:   Integral =  0.1726E-09
                        Std dev  =  0.9212E-11
                       Cross sec =  0.1726E-09
             Chi**2 per DoF.     =      2.2075
 -------------------------------------------------------------------------------
 Found         1044  events.
 Wrote           45  events.
 Actual xsec    1.7786425538805366E-010
 Correct abs xsec    1.7786425538805366E-010
 Event xsec    1.7786425538805385E-010
 Events wgts > 1:            1
 % Cross section > 1:    1.3362934448378450E-012  0.75129960312846333     
-------------------------------------------------
---------------------------
 Results Last   3 iters: Integral =   0.1779E-09
                     Abs integral =   0.1779E-09
                          Std dev =   0.9755E-11
                  Chi**2 per DoF. =      2.5508
-------------------------------------------------
---------------------------
 Status  0.10000000000000001                6           5

ls status:
events.lhe
ftn26
input_app.txt
results.dat
run1_app.log
