 Process in group number            1
 A PDF is used, so alpha_s(MZ) is going to be modified
 Old value of alpha_s from param_card:   0.11839999999999999     
  ****************************************
 
       NNPDFDriver version 1.0.3
   Grid: NNPDF23_lo_as_0130_qed_mem0.grid
  ****************************************
 New value of alpha_s from PDF nn23lo1:  0.13000000000000000     
 Define smin to   1600.0000000000000     
 Define smin to   1600.0000000000000     
 Define smin to   1600.0000000000000     
 *****************************************************
 *               MadGraph/MadEvent                   *
 *        --------------------------------           *
 *          http://madgraph.hep.uiuc.edu             *
 *          http://madgraph.phys.ucl.ac.be           *
 *          http://madgraph.roma2.infn.it            *
 *        --------------------------------           *
 *                                                   *
 *          PARAMETER AND COUPLING VALUES            *
 *                                                   *
 *****************************************************

  External Params
  ---------------------------------
  
 mdl_VeN1 =    1.0000000000000000     
 mdl_VeN2 =    0.0000000000000000     
 mdl_VeN3 =    0.0000000000000000     
 mdl_VmuN1 =    0.0000000000000000     
 mdl_VmuN2 =    1.0000000000000000     
 mdl_VmuN3 =    0.0000000000000000     
 mdl_VtaN1 =    0.0000000000000000     
 mdl_VtaN2 =    0.0000000000000000     
 mdl_VtaN3 =    1.0000000000000000     
 mdl_VN1N1 =    1.0000000000000000     
 mdl_VN1N2 =    1.0000000000000000     
 mdl_VN1N3 =    1.0000000000000000     
 mdl_VN2N2 =    1.0000000000000000     
 mdl_VN2N3 =    1.0000000000000000     
 mdl_VN3N3 =    1.0000000000000000     
 aEWM1 =    127.90000000000001     
 mdl_Gf =    1.1663700000000000E-005
 aS =   0.11839999999999999     
 mdl_ymt =    172.00000000000000     
 mdl_vevf =    50.000000000000000     
 mdl_MZ =    91.187600000000003     
 mdl_MT =    172.00000000000000     
 mdl_MH =    125.00000000000000     
 mdl_mN1 =    1644.0000000000000     
 mdl_mN2 =    1744.0000000000000     
 mdl_mN3 =    1844.0000000000000     
 mdl_MJ =    91.187600000000003     
 mdl_MAx =    173.04800000000000     
 mdl_WZ =    2.4952000000000001     
 mdl_WW =    2.0850000000000000     
 mdl_WT =    1.5083359999999999     
 mdl_WH =    4.0699999999999998E-003
 mdl_WN1 =   0.30299999999999999     
 mdl_WN2 =    1.5000000000000000     
 mdl_WN3 =    12.300000000000001     
 mdl_WJ =    2.4952000000000001     
 mdl_WAx =    4.1700000000000001E-003
  Internal Params
  ---------------------------------
  
 mdl_vevf__exp__2 =    2500.0000000000000     
 mdl_sqrt__vevf__exp__2 =    50.000000000000000     
 mdl_muJ =    50.000000000000000     
 mdl_MZ__exp__2 =    8315.1783937600012     
 mdl_MZ__exp__4 =    69142191.720053151     
 mdl_sqrt__2 =    1.4142135623730951     
 mdl_MJ__exp__2 =    8315.1783937600012     
 mdl_muJ__exp__2 =    2500.0000000000000     
 mdl_lamJ =    4.3260713575040004     
 mdl_MH__exp__2 =    15625.000000000000     
 mdl_complexi =  (  0.0000000000000000     ,  1.0000000000000000     )
 mdl_aEW =    7.8186082877247844E-003
 mdl_MW =    79.824359746197842     
 mdl_sqrt__aEW =    8.8422894590285753E-002
 mdl_ee =   0.31345100004952897     
 mdl_MW__exp__2 =    6371.9284088904105     
 mdl_sw2 =   0.23369913342182447     
 mdl_cw =   0.87538612427783857     
 mdl_sqrt__sw2 =   0.48342438232036300     
 mdl_sw =   0.48342438232036300     
 mdl_g1 =   0.35807170271074895     
 mdl_gN =   0.64839716719502682     
 mdl_gw =   0.64839716719502682     
 mdl_vev =    246.22056907348590     
 mdl_vev__exp__2 =    60624.568634871241     
 mdl_lam =   0.12886689630821144     
 mdl_yt =   0.98791394091683138     
 mdl_muH =    88.388347648318444     
 mdl_I2a33 =  ( 0.98791394091683138     ,  0.0000000000000000     )
 mdl_I3a33 =  ( 0.98791394091683138     ,  0.0000000000000000     )
 mdl_ee__exp__2 =    9.8251529432049817E-002
 mdl_sw__exp__2 =   0.23369913342182450     
 mdl_cw__exp__2 =   0.76630086657817542     
  Internal Params evaluated point by point
  ----------------------------------------
  
 mdl_sqrt__aS =   0.34409301068170506     
 mdl_G__exp__2 =    1.4878582807401259     
  Couplings of SM_HeavyN_UFO
  ---------------------------------
  
         GC_1 =  -0.00000E+00  -0.10448E+00
         GC_2 =   0.00000E+00   0.20897E+00
         GC_3 =  -0.00000E+00  -0.31345E+00
         GC_4 =   0.00000E+00   0.31345E+00
        GC_26 =   0.00000E+00   0.45849E+00
        GC_27 =  -0.00000E+00  -0.28380E+00
        GC_28 =   0.00000E+00   0.28380E+00
        GC_30 =   0.00000E+00   0.56760E+00
        GC_35 =  -0.00000E+00  -0.28850E-01
        GC_37 =   0.00000E+00   0.17310E+00
        GC_39 =   0.00000E+00  -0.19725E+00
        GC_40 =   0.00000E+00   0.37035E+00
        GC_80 =   0.00000E+00   0.67543E+02
       GC_107 =  -0.00000E+00  -0.74070E+00
       GC_109 =  -0.00000E+00  -0.74070E+00
       GC_111 =  -0.00000E+00  -0.74070E+00
       GC_113 =  -0.00000E+00  -0.74070E+00
       GC_115 =  -0.00000E+00  -0.74070E+00
       GC_117 =  -0.00000E+00  -0.74070E+00
       GC_119 =   0.00000E+00   0.00000E+00
       GC_120 =   0.00000E+00   0.00000E+00
       GC_122 =  -0.00000E+00  -0.00000E+00
       GC_126 =   0.00000E+00   0.00000E+00
       GC_127 =   0.00000E+00   0.00000E+00
       GC_129 =  -0.00000E+00  -0.00000E+00
       GC_133 =   0.00000E+00   0.45849E+00
       GC_134 =   0.00000E+00   0.37035E+00
       GC_136 =  -0.00000E+00  -0.74892E+01
        GC_81 =   0.32880E+02   0.00000E+00
        GC_82 =   0.34880E+02   0.00000E+00
        GC_83 =   0.36880E+02   0.00000E+00

 Collider parameters:
 --------------------

 Running at P P   machine @    13000.000000000000       GeV
 PDF set = nn23lo1
 alpha_s(Mz)= 0.1300 running at 2 loops.
 alpha_s(Mz)= 0.1300 running at 2 loops.
 Renormalization scale set on event-by-event basis
 Factorization   scale set on event-by-event basis


 getting user params
Enter number of events and max and min iterations: 
 Number of events and iterations         1000           5           3
Enter desired fractional accuracy: 
 Desired fractional accuracy:   0.10000000000000001     
Enter 0 for fixed, 2 for adjustable grid: 
Suppress amplitude (0 no, 1 yes)? 
 Using suppressed amplitude.
Exact helicity sum (0 yes, n = number/event)? 
 Explicitly summing over helicities
Enter Configuration Number: 
Running Configuration Number: 1224
 Using dconfig=         215
 BW Setting            2           2           2           1           2           0           0
 Attempting mappinvarients           1           9
 Completed mapping           9
 about to integrate           19        1000           5           3          19           1
 Using non-zero grid deformation.
 19 dimensions   1000 events 19 invarients  5 iterations  1 config(s),  (0.99)
 Using h-tuple random number sequence.
 Error opening grid
 Using Uniform Grid!          36
 Using uniform alpha   1.0000000000000000     
 Grid defined OK
 Set CM energy to      13000.00
 Mapping Graph        1224  to config        1224
Setting grid   1    0.59172E-08   1
Setting grid   2    0.59172E-08   1
Setting grid   3    0.49202E-04   1
 Setting BW          -4           4   79.824359746197842     
Setting grid   5    0.15259E-03   1
Setting grid   6    0.15259E-03   1
 Transforming s_hat 1/s           18   2.1493129719111747E-004   1600.0000000000000        168999999.99999997     
1224   1   2   3   4   5   6   7   8   9  10  11  12  13  14
  15  16  17  18  19
 Masses: 0.000E+00 0.000E+00 0.000E+00 0.000E+00 0.000E+00 0.000E+00 0.000E+00 0.000E+00 0.912E+02
Using random seed offsets  1224 :      1
  with seed                   24
 Ranmar initialization seeds         954        9398
 
 ********************************************
 * You are using the DiscreteSampler module *
 *      part of the MG5_aMC framework       *
 *         Author: Valentin Hirschi         *
 ********************************************
 
  Particle       3       4       5       6       7       8       9
      Et >    10.0    10.0    10.0    10.0     0.0     0.0     0.0
       E >     0.0     0.0     0.0     0.0     0.0     0.0     0.0
     Eta <     2.5     2.5     2.5     2.5    -1.0    -1.0    -1.0
   xqcut:      0.0     0.0     0.0     0.0     0.0     0.0     0.0
d R # 3  >    -0.0     0.4     0.4     0.4     0.0     0.0     0.0
d R # 4  >    -0.0    -0.0     0.4     0.4     0.0     0.0     0.0
d R # 5  >    -0.0    -0.0    -0.0     0.4     0.0     0.0     0.0
d R # 6  >    -0.0    -0.0    -0.0    -0.0     0.0     0.0     0.0
d R # 7  >    -0.0    -0.0    -0.0    -0.0    -0.0     0.0     0.0
d R # 8  >    -0.0    -0.0    -0.0    -0.0    -0.0    -0.0     0.0
s min # 3>     0.0     0.0     0.0     0.0     0.0     0.0     0.0
s min # 4>     0.0     0.0     0.0     0.0     0.0     0.0     0.0
s min # 5>     0.0     0.0     0.0     0.0     0.0     0.0     0.0
s min # 6>     0.0     0.0     0.0     0.0     0.0     0.0     0.0
s min # 7>     0.0     0.0     0.0     0.0     0.0     0.0     0.0
s min # 8>     0.0     0.0     0.0     0.0     0.0     0.0     0.0
xqcutij # 3>     0.0     0.0     0.0     0.0     0.0     0.0     0.0
xqcutij # 4>     0.0     0.0     0.0     0.0     0.0     0.0     0.0
xqcutij # 5>     0.0     0.0     0.0     0.0     0.0     0.0     0.0
xqcutij # 6>     0.0     0.0     0.0     0.0     0.0     0.0     0.0
xqcutij # 7>     0.0     0.0     0.0     0.0     0.0     0.0     0.0
xqcutij # 8>     0.0     0.0     0.0     0.0     0.0     0.0     0.0
 Excluding BW           -1           1
 Excluding BW           -2           2
 Excluding BW           -3           3
 Requiring BW           -4           4
 Excluding BW           -6           5
 alpha_s for scale    1562.9492689052674       is    8.8436384833287293E-002
 Added good helicity            1   2.6495553840771024       in event            1 local:           1
 Added good helicity           21   1.5322580643130754E-002  in event            1 local:           1
 Added good helicity           25   1.0759832591077200E-004  in event            1 local:           1
 Added good helicity           37   8.5533353441562456E-003  in event            1 local:           1
 Added good helicity           41   4.6104402877974659E-003  in event            1 local:           1
 Added good helicity           61   6.0130553111503427E-006  in event            1 local:           1
 Added good helicity          193   252.50253373923709       in event            1 local:           1
 Added good helicity          213  0.30205438388064149       in event            1 local:           1
 Added good helicity          217   1.6561612055599082E-003  in event            1 local:           1
 Added good helicity          229  0.29567902884116021       in event            1 local:           1
 Added good helicity          233  0.21734843690281033       in event            1 local:           1
 Added good helicity          253   2.5728981993206495E-003  in event            1 local:           1
 Added good helicity            1   2.6495553840768795       in event            1 local:           1
 Added good helicity           21   1.5322580643129883E-002  in event            1 local:           1
 Added good helicity           25   1.0759832591076200E-004  in event            1 local:           1
 Added good helicity           37   8.5533353441555656E-003  in event            1 local:           1
 Added good helicity           41   4.6104402877972048E-003  in event            1 local:           1
 Added good helicity           61   6.0130553111497549E-006  in event            1 local:           1
 Added good helicity          193   252.50253373923732       in event            1 local:           1
 Added good helicity          213  0.30205438388061229       in event            1 local:           1
 Added good helicity          217   1.6561612055598670E-003  in event            1 local:           1
 Added good helicity          229  0.29567902884114661       in event            1 local:           1
 Added good helicity          233  0.21734843690279881       in event            1 local:           1
 Added good helicity          253   2.5728981993205047E-003  in event            1 local:           1
 RESET CUMULATIVE VARIABLE
 RESET CUMULATIVE VARIABLE
 RESET CUMULATIVE VARIABLE
 Iteration  1   Mean: 0.9544E-16 Abs mean: 0.9544E-16   Fluctuation:  0.384E-16   0.278E-13     3.9%
  1    0.9544E-16 0.9544E-16 +- 0.3836E-16     12.71
 Writing out events   4.8341722367762859E-019   12.711851477565098     
 Relative summed weights:
  0.2325E-01  0.2475E-02  0.1924E+00  0.3709E-03  0.0000E+00  0.2044E-09
  0.4150E-03  0.1275E+00  0.3671E-02  0.1655E-03  0.3220E-08  0.2925E-03
  0.3493E-01  0.1056E-01  0.2614E-01  0.3874E-03  0.3561E-12  0.1963E-05
  0.8556E-03  0.4585E-02  0.8219E-03  0.1799E-05  0.3816E-07  0.1297E-06
  0.2391E-01  0.1173E+00  0.1373E-02  0.5496E-02  0.4474E-07  0.5818E-05
  0.2070E-04  0.3130E-01  0.1037E-01  0.1863E-03  0.3517E-07  0.5375E-04
  0.1234E-02  0.5464E-03  0.3614E+00  0.4827E-03  0.0000E+00  0.0000E+00
  0.1346E-01  0.2069E-02  0.1968E-02  0.6733E-04  0.2141E-07  0.8469E-05
 Relative number of events:
  0.4262E-01  0.3568E-01  0.5154E-01  0.5946E-01  0.0000E+00  0.1982E-02
  0.2676E-01  0.1982E-01  0.8920E-02  0.5946E-02  0.9911E-03  0.3964E-02
  0.4856E-01  0.4460E-01  0.4757E-01  0.5352E-01  0.9911E-03  0.9911E-03
  0.1685E-01  0.1982E-01  0.8920E-02  0.7929E-02  0.2973E-02  0.1982E-02
  0.2676E-01  0.4559E-01  0.4658E-01  0.4658E-01  0.1982E-02  0.9911E-03
  0.1784E-01  0.1883E-01  0.1685E-01  0.1487E-01  0.9911E-03  0.2973E-02
  0.4460E-01  0.4063E-01  0.4658E-01  0.4163E-01  0.0000E+00  0.0000E+00
  0.2973E-01  0.1883E-01  0.8920E-02  0.9911E-02  0.1982E-02  0.3964E-02
 Events:
          43          36          52          60           0           2
          27          20           9           6           1           4
          49          45          48          54           1           1
          17          20           9           8           3           2
          27          46          47          47           2           1
          18          19          17          15           1           3
          45          41          47          42           0           0
          30          19           9          10           2           4
 Iteration  2   Mean: 0.5974E-14 Abs mean: 0.5974E-14   Fluctuation:  0.314E-14   0.479E-11    21.9%
  2    0.5974E-14 0.5974E-14 +- 0.3139E-14     23.50
 Relative summed weights:
  0.8989E-03  0.6076E-03  0.8084E-03  0.1356E-01  0.4455E-07  0.3003E-09
  0.4713E+00  0.1290E-02  0.6544E-04  0.6917E-02  0.5771E-08  0.3298E-05
  0.2970E-01  0.2466E-03  0.2488E-02  0.1330E-01  0.2565E-07  0.9017E-06
  0.4103E-01  0.1250E-02  0.2337E-02  0.4539E-03  0.1538E-07  0.3723E-11
  0.7332E-02  0.2507E-02  0.3299E+00  0.2144E-02  0.2018E-10  0.8103E-12
  0.2395E-03  0.6454E-04  0.2163E-03  0.1273E-01  0.2551E-07  0.2044E-06
  0.4108E-03  0.2666E-02  0.2152E-02  0.1140E-02  0.0000E+00  0.3464E-05
  0.7376E-03  0.1910E-02  0.4962E-01  0.1121E-05  0.2762E-07  0.0000E+00
 Relative number of events:
  0.5150E-01  0.4750E-01  0.3700E-01  0.4750E-01  0.5000E-03  0.5000E-03
  0.2400E-01  0.2850E-01  0.9500E-02  0.8000E-02  0.5000E-03  0.2000E-02
  0.4800E-01  0.5600E-01  0.3450E-01  0.4200E-01  0.1500E-02  0.1000E-02
  0.2400E-01  0.2050E-01  0.1350E-01  0.1050E-01  0.1500E-02  0.1000E-02
  0.4000E-01  0.4700E-01  0.4400E-01  0.4850E-01  0.1000E-02  0.5000E-03
  0.2150E-01  0.2350E-01  0.1100E-01  0.1150E-01  0.1000E-02  0.5000E-03
  0.5150E-01  0.4900E-01  0.3750E-01  0.4200E-01  0.0000E+00  0.1000E-02
  0.2100E-01  0.1800E-01  0.9500E-02  0.8500E-02  0.1000E-02  0.0000E+00
 Events:
         103          95          74          95           1           1
          48          57          19          16           1           4
          96         112          69          84           3           2
          48          41          27          21           3           2
          80          94          88          97           2           1
          43          47          22          23           2           1
         103          98          75          84           0           2
          42          36          19          17           2           0
 Iteration  3   Mean: 0.2385E-13 Abs mean: 0.2385E-13   Fluctuation:  0.166E-13   0.653E-10    40.2%
  3    0.2385E-13 0.2385E-13 +- 0.1656E-13     43.91
 Relative summed weights:
  0.8935E-04  0.2743E-03  0.4237E-02  0.7578E-02  0.4083E-05  0.1623E-05
  0.1856E-02  0.6499E-01  0.9629E-03  0.1954E-04  0.5533E-11  0.5512E-10
  0.6291E-02  0.1194E-02  0.1411E-02  0.6111E-02  0.7065E-08  0.2331E-06
  0.1047E-01  0.4262E-03  0.2808E-03  0.5673E-03  0.0000E+00  0.1678E-03
  0.5550E-02  0.2056E-01  0.3203E-01  0.8500E-01  0.2974E-03  0.3655E-08
  0.3381E-02  0.1051E-03  0.2948E-04  0.2784E-02  0.3244E-07  0.0000E+00
  0.2445E-01  0.2499E-01  0.2038E-02  0.4422E-02  0.2034E-08  0.2362E-06
  0.5130E-04  0.6856E+00  0.1662E-03  0.1574E-02  0.1335E-04  0.2067E-08
 Relative number of events:
  0.5100E-01  0.5350E-01  0.3875E-01  0.4075E-01  0.5000E-03  0.2500E-03
  0.2025E-01  0.2275E-01  0.1075E-01  0.6750E-02  0.5000E-03  0.5000E-03
  0.5250E-01  0.5350E-01  0.4150E-01  0.3925E-01  0.2500E-03  0.5000E-03
  0.2300E-01  0.2225E-01  0.7500E-02  0.8250E-02  0.0000E+00  0.2500E-03
  0.5625E-01  0.5100E-01  0.3650E-01  0.4350E-01  0.1500E-02  0.2500E-03
  0.2600E-01  0.2175E-01  0.1200E-01  0.1150E-01  0.1250E-02  0.0000E+00
  0.5200E-01  0.4425E-01  0.3800E-01  0.3600E-01  0.1000E-02  0.7500E-03
  0.2625E-01  0.2500E-01  0.7750E-02  0.1150E-01  0.2500E-03  0.7500E-03
 Events:
         204         214         155         163           2           1
          81          91          43          27           2           2
         210         214         166         157           1           2
          92          89          30          33           0           1
         225         204         146         174           6           1
         104          87          48          46           5           0
         208         177         152         144           4           3
         105         100          31          46           1           3
 Accuracy:    1.007   0.100   0.290  12.043
 Found           78  events.
 Wrote            3  events.
 Actual xsec    6.0327733213847315E-015
 Correct abs xsec    6.0327733213847315E-015
 Event xsec    6.0327733213847315E-015
 Events wgts > 1:            0
 % Cross section > 1:    0.0000000000000000        0.0000000000000000     
 Iteration  4   Mean: 0.7212E-14 Abs mean: 0.7212E-14   Fluctuation:  0.364E-14   0.261E-10    48.4%
  4    0.7212E-14 0.7212E-14 +- 0.3645E-14     45.20
 Relative summed weights:
  0.1487E-01  0.3235E-01  0.1419E-02  0.2765E-02  0.3090E-08  0.1012E-06
  0.1310E-02  0.4007E-02  0.2166E-02  0.2756E-03  0.1205E-04  0.1168E-04
  0.2508E-02  0.2589E-01  0.2325E+00  0.5590E-02  0.5726E-06  0.1558E-10
  0.4047E-02  0.3706E-02  0.1051E-02  0.1441E-01  0.1632E-08  0.6744E-05
  0.1633E-01  0.9429E-02  0.3644E-02  0.3919E-01  0.1008E-05  0.4314E-06
  0.4728E+00  0.5573E-02  0.5812E-02  0.3242E-02  0.1700E-04  0.7113E-05
  0.3241E-02  0.8669E-02  0.5554E-01  0.4883E-02  0.1766E-05  0.2141E-05
  0.1044E-01  0.1033E-01  0.4832E-03  0.1496E-02  0.9617E-06  0.6757E-05
 Relative number of events:
  0.5225E-01  0.5087E-01  0.3787E-01  0.3687E-01  0.1250E-03  0.2500E-03
  0.2550E-01  0.2838E-01  0.1013E-01  0.7625E-02  0.3750E-03  0.1250E-03
  0.5825E-01  0.5525E-01  0.3300E-01  0.3775E-01  0.3750E-03  0.1250E-03
  0.2750E-01  0.2350E-01  0.9625E-02  0.9375E-02  0.1250E-03  0.5000E-03
  0.5275E-01  0.5588E-01  0.3587E-01  0.3400E-01  0.1250E-03  0.2500E-03
  0.2550E-01  0.2800E-01  0.8875E-02  0.8625E-02  0.3750E-03  0.3750E-03
  0.4988E-01  0.5412E-01  0.3263E-01  0.3837E-01  0.3750E-03  0.2500E-03
  0.2675E-01  0.2325E-01  0.7250E-02  0.1038E-01  0.1250E-03  0.2500E-03
 Events:
         418         407         303         295           1           2
         204         227          81          61           3           1
         466         442         264         302           3           1
         220         188          77          75           1           4
         422         447         287         272           1           2
         204         224          71          69           3           3
         399         433         261         307           3           2
         214         186          58          83           1           2
 Accuracy:    0.681   0.100   0.252   7.338
 Found           77  events.
 Wrote            2  events.
 Actual xsec    1.0335482406327991E-014
 Correct abs xsec    1.0335482406327991E-014
 Event xsec    1.0335482406327991E-014
 Events wgts > 1:            0
 % Cross section > 1:    0.0000000000000000        0.0000000000000000     
 Iteration  5   Mean: 0.1906E-13 Abs mean: 0.1906E-13   Fluctuation:  0.518E-14   0.559E-10    58.9%
  5    0.1906E-13 0.1906E-13 +- 0.5183E-14     34.40
 Relative summed weights:
  0.1184E-01  0.2019E+00  0.4087E-02  0.1101E-01  0.3799E-05  0.1956E-06
  0.3596E-01  0.1905E-01  0.3812E-02  0.3871E-02  0.0000E+00  0.1133E-07
  0.3723E-01  0.1464E-01  0.4091E-01  0.7360E-02  0.1123E-03  0.2640E-05
  0.4400E-02  0.5899E-03  0.2889E-02  0.1579E-01  0.6599E-06  0.3800E-07
  0.1793E-01  0.4017E-01  0.1343E-01  0.2058E+00  0.1052E-05  0.3947E-05
  0.7315E-02  0.2235E-01  0.2271E-02  0.2077E-02  0.2086E-06  0.1323E-09
  0.7192E-02  0.4272E-02  0.5433E-02  0.6918E-02  0.5759E-07  0.6704E-06
  0.5312E-01  0.1476E+00  0.4707E-01  0.1645E-02  0.9537E-09  0.3026E-07
 Relative number of events:
  0.5356E-01  0.5087E-01  0.3631E-01  0.3675E-01  0.3125E-03  0.1250E-03
  0.2687E-01  0.2550E-01  0.8250E-02  0.7625E-02  0.0000E+00  0.2500E-03
  0.5100E-01  0.5081E-01  0.3694E-01  0.3719E-01  0.1250E-03  0.2500E-03
  0.2856E-01  0.2706E-01  0.9625E-02  0.8937E-02  0.1875E-03  0.1250E-03
  0.5194E-01  0.5344E-01  0.3725E-01  0.3781E-01  0.1875E-03  0.1250E-03
  0.2575E-01  0.2381E-01  0.9250E-02  0.8000E-02  0.1250E-03  0.1250E-03
  0.5462E-01  0.5525E-01  0.3662E-01  0.3600E-01  0.1875E-03  0.1250E-03
  0.2656E-01  0.2513E-01  0.1013E-01  0.1006E-01  0.6250E-04  0.1875E-03
 Events:
         857         814         581         588           5           2
         430         408         132         122           0           4
         816         813         591         595           2           4
         457         433         154         143           3           2
         831         855         596         605           3           2
         412         381         148         128           2           2
         874         884         586         576           3           2
         425         402         162         161           1           3
 Accuracy:    0.344   0.100   0.185   3.465
 Found          420  events.
 Wrote            3  events.
 Actual xsec    1.7190221540875221E-014
 Correct abs xsec    1.7190221540875221E-014
 Event xsec    1.7190221540875221E-014
 Events wgts > 1:            0
 % Cross section > 1:    0.0000000000000000        0.0000000000000000     

 -------------------------------------------------------------------------------
 Accumulated results:   Integral =  0.1220E-13
                        Std dev  =  0.2252E-14
                       Cross sec =  0.1220E-13
             Chi**2 per DoF.     =      3.4654
 -------------------------------------------------------------------------------
-------------------------------------------------
---------------------------
 Results Last   3 iters: Integral =   0.1719E-13
                     Abs integral =   0.1719E-13
                          Std dev =   0.3892E-14
                  Chi**2 per DoF. =      3.8935
-------------------------------------------------
---------------------------
 Status  0.10000000000000001                6           5

ls status:
events.lhe
ftn26
input_app.txt
results.dat
run1_app.log
