 Process in group number            1
 A PDF is used, so alpha_s(MZ) is going to be modified
 Old value of alpha_s from param_card:   0.11839999999999999     
  ****************************************
 
       NNPDFDriver version 1.0.3
   Grid: NNPDF23_lo_as_0130_qed_mem0.grid
  ****************************************
 New value of alpha_s from PDF nn23lo1:  0.13000000000000000     
 Define smin to   1600.0000000000000     
 Define smin to   1600.0000000000000     
 Define smin to   1600.0000000000000     
 *****************************************************
 *               MadGraph/MadEvent                   *
 *        --------------------------------           *
 *          http://madgraph.hep.uiuc.edu             *
 *          http://madgraph.phys.ucl.ac.be           *
 *          http://madgraph.roma2.infn.it            *
 *        --------------------------------           *
 *                                                   *
 *          PARAMETER AND COUPLING VALUES            *
 *                                                   *
 *****************************************************

  External Params
  ---------------------------------
  
 mdl_VeN1 =    1.0000000000000000     
 mdl_VeN2 =    0.0000000000000000     
 mdl_VeN3 =    0.0000000000000000     
 mdl_VmuN1 =    0.0000000000000000     
 mdl_VmuN2 =    1.0000000000000000     
 mdl_VmuN3 =    0.0000000000000000     
 mdl_VtaN1 =    0.0000000000000000     
 mdl_VtaN2 =    0.0000000000000000     
 mdl_VtaN3 =    1.0000000000000000     
 mdl_VN1N1 =    1.0000000000000000     
 mdl_VN1N2 =    1.0000000000000000     
 mdl_VN1N3 =    1.0000000000000000     
 mdl_VN2N2 =    1.0000000000000000     
 mdl_VN2N3 =    1.0000000000000000     
 mdl_VN3N3 =    1.0000000000000000     
 aEWM1 =    127.90000000000001     
 mdl_Gf =    1.1663700000000000E-005
 aS =   0.11839999999999999     
 mdl_ymt =    172.00000000000000     
 mdl_vevf =    50.000000000000000     
 mdl_MZ =    91.187600000000003     
 mdl_MT =    172.00000000000000     
 mdl_MH =    125.00000000000000     
 mdl_mN1 =    1644.0000000000000     
 mdl_mN2 =    1744.0000000000000     
 mdl_mN3 =    1844.0000000000000     
 mdl_MJ =    91.187600000000003     
 mdl_MAx =    173.04800000000000     
 mdl_WZ =    2.4952000000000001     
 mdl_WW =    2.0850000000000000     
 mdl_WT =    1.5083359999999999     
 mdl_WH =    4.0699999999999998E-003
 mdl_WN1 =   0.30299999999999999     
 mdl_WN2 =    1.5000000000000000     
 mdl_WN3 =    12.300000000000001     
 mdl_WJ =    2.4952000000000001     
 mdl_WAx =    4.1700000000000001E-003
  Internal Params
  ---------------------------------
  
 mdl_vevf__exp__2 =    2500.0000000000000     
 mdl_sqrt__vevf__exp__2 =    50.000000000000000     
 mdl_muJ =    50.000000000000000     
 mdl_MZ__exp__2 =    8315.1783937600012     
 mdl_MZ__exp__4 =    69142191.720053151     
 mdl_sqrt__2 =    1.4142135623730951     
 mdl_MJ__exp__2 =    8315.1783937600012     
 mdl_muJ__exp__2 =    2500.0000000000000     
 mdl_lamJ =    4.3260713575040004     
 mdl_MH__exp__2 =    15625.000000000000     
 mdl_complexi =  (  0.0000000000000000     ,  1.0000000000000000     )
 mdl_aEW =    7.8186082877247844E-003
 mdl_MW =    79.824359746197842     
 mdl_sqrt__aEW =    8.8422894590285753E-002
 mdl_ee =   0.31345100004952897     
 mdl_MW__exp__2 =    6371.9284088904105     
 mdl_sw2 =   0.23369913342182447     
 mdl_cw =   0.87538612427783857     
 mdl_sqrt__sw2 =   0.48342438232036300     
 mdl_sw =   0.48342438232036300     
 mdl_g1 =   0.35807170271074895     
 mdl_gN =   0.64839716719502682     
 mdl_gw =   0.64839716719502682     
 mdl_vev =    246.22056907348590     
 mdl_vev__exp__2 =    60624.568634871241     
 mdl_lam =   0.12886689630821144     
 mdl_yt =   0.98791394091683138     
 mdl_muH =    88.388347648318444     
 mdl_I2a33 =  ( 0.98791394091683138     ,  0.0000000000000000     )
 mdl_I3a33 =  ( 0.98791394091683138     ,  0.0000000000000000     )
 mdl_ee__exp__2 =    9.8251529432049817E-002
 mdl_sw__exp__2 =   0.23369913342182450     
 mdl_cw__exp__2 =   0.76630086657817542     
  Internal Params evaluated point by point
  ----------------------------------------
  
 mdl_sqrt__aS =   0.34409301068170506     
 mdl_G__exp__2 =    1.4878582807401259     
  Couplings of SM_HeavyN_UFO
  ---------------------------------
  
         GC_1 =  -0.00000E+00  -0.10448E+00
         GC_2 =   0.00000E+00   0.20897E+00
         GC_3 =  -0.00000E+00  -0.31345E+00
         GC_4 =   0.00000E+00   0.31345E+00
        GC_26 =   0.00000E+00   0.45849E+00
        GC_27 =  -0.00000E+00  -0.28380E+00
        GC_28 =   0.00000E+00   0.28380E+00
        GC_30 =   0.00000E+00   0.56760E+00
        GC_35 =  -0.00000E+00  -0.28850E-01
        GC_37 =   0.00000E+00   0.17310E+00
        GC_39 =   0.00000E+00  -0.19725E+00
        GC_40 =   0.00000E+00   0.37035E+00
        GC_80 =   0.00000E+00   0.67543E+02
       GC_107 =  -0.00000E+00  -0.74070E+00
       GC_109 =  -0.00000E+00  -0.74070E+00
       GC_111 =  -0.00000E+00  -0.74070E+00
       GC_113 =  -0.00000E+00  -0.74070E+00
       GC_115 =  -0.00000E+00  -0.74070E+00
       GC_117 =  -0.00000E+00  -0.74070E+00
       GC_119 =   0.00000E+00   0.00000E+00
       GC_120 =   0.00000E+00   0.00000E+00
       GC_122 =  -0.00000E+00  -0.00000E+00
       GC_126 =   0.00000E+00   0.00000E+00
       GC_127 =   0.00000E+00   0.00000E+00
       GC_129 =  -0.00000E+00  -0.00000E+00
       GC_133 =   0.00000E+00   0.45849E+00
       GC_134 =   0.00000E+00   0.37035E+00
       GC_136 =  -0.00000E+00  -0.74892E+01
        GC_81 =   0.32880E+02   0.00000E+00
        GC_82 =   0.34880E+02   0.00000E+00
        GC_83 =   0.36880E+02   0.00000E+00

 Collider parameters:
 --------------------

 Running at P P   machine @    13000.000000000000       GeV
 PDF set = nn23lo1
 alpha_s(Mz)= 0.1300 running at 2 loops.
 alpha_s(Mz)= 0.1300 running at 2 loops.
 Renormalization scale set on event-by-event basis
 Factorization   scale set on event-by-event basis


 getting user params
Enter number of events and max and min iterations: 
 Number of events and iterations         1000           5           3
Enter desired fractional accuracy: 
 Desired fractional accuracy:   0.10000000000000001     
Enter 0 for fixed, 2 for adjustable grid: 
Suppress amplitude (0 no, 1 yes)? 
 Using suppressed amplitude.
Exact helicity sum (0 yes, n = number/event)? 
 Explicitly summing over helicities
Enter Configuration Number: 
Running Configuration Number:  393
 Using dconfig=         718
 BW Setting            1           2           1           2           2           2           0
 Attempting mappinvarients           1           9
 Completed mapping           9
 about to integrate           19        1000           5           3          19           1
 Using non-zero grid deformation.
 19 dimensions   1000 events 19 invarients  5 iterations  1 config(s),  (0.99)
 Using h-tuple random number sequence.
 Error opening grid
 Using Uniform Grid!          36
 Using uniform alpha   1.0000000000000000     
 Grid defined OK
 Set CM energy to      13000.00
 Mapping Graph         393  to config         393
 Setting BW          -1           1   91.187600000000003     
Setting grid   2    0.36660E-04   1
 Setting BW          -3           3   1844.0000000000000     
Setting grid   4    0.59172E-08   1
Setting grid   5    0.59172E-08   1
Setting grid   6    0.18801E-01   1
 Transforming s_hat 1/s           18   1.9224889053254441E-002   1600.0000000000000        168999999.99999997     
 393   1   2   3   4   5   6   7   8   9  10  11  12  13  14
  15  16  17  18  19
 Masses: 0.000E+00 0.000E+00 0.000E+00 0.000E+00 0.000E+00 0.000E+00 0.000E+00 0.000E+00 0.912E+02
Using random seed offsets   393 :      1
  with seed                   24
 Ranmar initialization seeds         123        9398
 
 ********************************************
 * You are using the DiscreteSampler module *
 *      part of the MG5_aMC framework       *
 *         Author: Valentin Hirschi         *
 ********************************************
 
  Particle       3       4       5       6       7       8       9
      Et >    10.0    10.0    10.0    10.0     0.0     0.0     0.0
       E >     0.0     0.0     0.0     0.0     0.0     0.0     0.0
     Eta <     2.5     2.5     2.5     2.5    -1.0    -1.0    -1.0
   xqcut:      0.0     0.0     0.0     0.0     0.0     0.0     0.0
d R # 3  >    -0.0     0.4     0.4     0.4     0.0     0.0     0.0
d R # 4  >    -0.0    -0.0     0.4     0.4     0.0     0.0     0.0
d R # 5  >    -0.0    -0.0    -0.0     0.4     0.0     0.0     0.0
d R # 6  >    -0.0    -0.0    -0.0    -0.0     0.0     0.0     0.0
d R # 7  >    -0.0    -0.0    -0.0    -0.0    -0.0     0.0     0.0
d R # 8  >    -0.0    -0.0    -0.0    -0.0    -0.0    -0.0     0.0
s min # 3>     0.0     0.0     0.0     0.0     0.0     0.0     0.0
s min # 4>     0.0     0.0     0.0     0.0     0.0     0.0     0.0
s min # 5>     0.0     0.0     0.0     0.0     0.0     0.0     0.0
s min # 6>     0.0     0.0     0.0     0.0     0.0     0.0     0.0
s min # 7>     0.0     0.0     0.0     0.0     0.0     0.0     0.0
s min # 8>     0.0     0.0     0.0     0.0     0.0     0.0     0.0
xqcutij # 3>     0.0     0.0     0.0     0.0     0.0     0.0     0.0
xqcutij # 4>     0.0     0.0     0.0     0.0     0.0     0.0     0.0
xqcutij # 5>     0.0     0.0     0.0     0.0     0.0     0.0     0.0
xqcutij # 6>     0.0     0.0     0.0     0.0     0.0     0.0     0.0
xqcutij # 7>     0.0     0.0     0.0     0.0     0.0     0.0     0.0
xqcutij # 8>     0.0     0.0     0.0     0.0     0.0     0.0     0.0
 Requiring BW           -1           1
 Excluding BW           -2           2
 Requiring BW           -3           3
 Excluding BW           -4           4
 Excluding BW           -5           5
 Excluding BW           -6           6
 alpha_s for scale    1951.8712715179447       is    8.6294588042544834E-002
 Added good helicity            1   15.347297418221178       in event            1 local:           1
 Added good helicity           21   9.1709120249309262       in event            1 local:           1
 Added good helicity           25   2.0798935344414131E-005  in event            1 local:           1
 Added good helicity           37   2.6342011005147100E-006  in event            1 local:           1
 Added good helicity           41   10.552967366087927       in event            1 local:           1
 Added good helicity           61   6.3264438173241828       in event            1 local:           1
 Added good helicity          193   113.42253579574484       in event            1 local:           1
 Added good helicity          213   3.5725235435515152       in event            1 local:           1
 Added good helicity          217   4.8675730694949158E-004  in event            1 local:           1
 Added good helicity          229   1.7216165717453448E-005  in event            1 local:           1
 Added good helicity          233   94.143062231388868       in event            1 local:           1
 Added good helicity          253   3.4637303961414756       in event            1 local:           1
 Added good helicity            1   15.347297418225127       in event            1 local:           1
 Added good helicity           21   9.1709120249308533       in event            1 local:           1
 Added good helicity           25   2.0798935344415825E-005  in event            1 local:           1
 Added good helicity           37   2.6342011005147799E-006  in event            1 local:           1
 Added good helicity           41   10.552967366090332       in event            1 local:           1
 Added good helicity           61   6.3264438173240425       in event            1 local:           1
 Added good helicity          193   113.42253579573756       in event            1 local:           1
 Added good helicity          213   3.5725235435531042       in event            1 local:           1
 Added good helicity          217   4.8675730694951820E-004  in event            1 local:           1
 Added good helicity          229   1.7216165717453072E-005  in event            1 local:           1
 Added good helicity          233   94.143062231387361       in event            1 local:           1
 Added good helicity          253   3.4637303961424841       in event            1 local:           1
 RESET CUMULATIVE VARIABLE
 RESET CUMULATIVE VARIABLE
 RESET CUMULATIVE VARIABLE
 Iteration  1   Mean: 0.1754E-10 Abs mean: 0.1754E-10   Fluctuation:  0.172E-10   0.172E-07    14.8%
  1    0.1754E-10 0.1754E-10 +- 0.1721E-10     31.02
 Writing out events   2.3698354883304547E-014   31.019998076021334     
 Relative summed weights:
  0.1283E-03  0.1026E-01  0.3200E-05  0.1032E-06  0.1352E-07  0.1109E-10
  0.5967E-04  0.2424E-03  0.3057E-04  0.1290E-02  0.5109E-07  0.9819E-08
  0.1857E-05  0.9532E-05  0.6645E-05  0.2906E-06  0.2280E-06  0.1459E-10
  0.8292E-05  0.4387E-03  0.7356E-04  0.2545E-04  0.7025E-05  0.7833E-09
  0.2503E-04  0.4002E-05  0.7794E-07  0.3032E-05  0.0000E+00  0.0000E+00
  0.5390E-05  0.2145E-02  0.2500E-05  0.8190E-03  0.0000E+00  0.2201E-10
  0.2349E-03  0.3580E-04  0.1689E-04  0.2220E-02  0.1024E-07  0.8087E-09
  0.4819E-03  0.3013E-03  0.1881E-04  0.9810E+00  0.2211E-08  0.5679E-04
 Relative number of events:
  0.1388E-01  0.1685E-01  0.1288E-01  0.7929E-02  0.2973E-02  0.9911E-03
  0.4955E-01  0.5154E-01  0.3072E-01  0.4460E-01  0.3964E-02  0.2973E-02
  0.1487E-01  0.1586E-01  0.1288E-01  0.1189E-01  0.9911E-03  0.1982E-02
  0.5253E-01  0.4856E-01  0.4063E-01  0.4955E-01  0.6938E-02  0.1982E-02
  0.1388E-01  0.1586E-01  0.8920E-02  0.8920E-02  0.0000E+00  0.0000E+00
  0.1288E-01  0.1883E-01  0.1189E-01  0.1090E-01  0.0000E+00  0.9911E-03
  0.4955E-01  0.5946E-01  0.4460E-01  0.4063E-01  0.3964E-02  0.3964E-02
  0.5550E-01  0.4856E-01  0.3865E-01  0.4163E-01  0.4955E-02  0.7929E-02
 Events:
          14          17          13           8           3           1
          50          52          31          45           4           3
          15          16          13          12           1           2
          53          49          41          50           7           2
          14          16           9           9           0           0
          13          19          12          11           0           1
          50          60          45          41           4           4
          56          49          39          42           5           8
 Iteration  2   Mean: 0.3705E-12 Abs mean: 0.3705E-12   Fluctuation:  0.184E-12   0.294E-09    27.3%
  2    0.3705E-12 0.3705E-12 +- 0.1836E-12     22.16
 Relative summed weights:
  0.1780E-02  0.3086E-03  0.3153E-03  0.3971E+00  0.0000E+00  0.5335E-09
  0.1744E-01  0.9383E-03  0.2933E-01  0.1243E-03  0.2294E-11  0.9676E-07
  0.5001E-02  0.1218E-01  0.9125E-04  0.7630E-01  0.6910E-11  0.2850E-07
  0.2628E-02  0.2859E-02  0.3729E-02  0.8251E-02  0.7334E-08  0.3380E-07
  0.1584E-03  0.8042E-01  0.1820E-04  0.2423E-04  0.0000E+00  0.0000E+00
  0.3061E-01  0.2112E-01  0.1315E-02  0.4197E-02  0.2749E-08  0.0000E+00
  0.2784E+00  0.3984E-02  0.1838E-03  0.1976E-02  0.7881E-06  0.5344E-05
  0.1941E-02  0.2816E-03  0.5568E-02  0.1139E-01  0.4486E-07  0.5032E-07
 Relative number of events:
  0.1450E-01  0.1550E-01  0.7500E-02  0.6500E-02  0.0000E+00  0.1000E-02
  0.6750E-01  0.5800E-01  0.3050E-01  0.2400E-01  0.5000E-03  0.1500E-02
  0.1950E-01  0.1350E-01  0.9500E-02  0.9500E-02  0.5000E-03  0.5000E-03
  0.6300E-01  0.7050E-01  0.3550E-01  0.3950E-01  0.1500E-02  0.1000E-02
  0.1800E-01  0.2050E-01  0.1250E-01  0.9000E-02  0.0000E+00  0.0000E+00
  0.1550E-01  0.1650E-01  0.1300E-01  0.1600E-01  0.5000E-03  0.0000E+00
  0.6000E-01  0.7250E-01  0.3150E-01  0.3150E-01  0.3000E-02  0.1500E-02
  0.5400E-01  0.6450E-01  0.3450E-01  0.3100E-01  0.2000E-02  0.1500E-02
 Events:
          29          31          15          13           0           2
         135         116          61          48           1           3
          39          27          19          19           1           1
         126         141          71          79           3           2
          36          41          25          18           0           0
          31          33          26          32           1           0
         120         145          63          63           6           3
         108         129          69          62           4           3
 Iteration  3   Mean: 0.7230E-11 Abs mean: 0.7230E-11   Fluctuation:  0.423E-11   0.151E-07    32.7%
  3    0.7230E-11 0.7230E-11 +- 0.4228E-11     36.98
 Relative summed weights:
  0.1926E-03  0.4516E-04  0.3606E-03  0.7803E-03  0.8097E-14  0.1671E-08
  0.6767E-02  0.2556E-01  0.1262E-02  0.2888E-02  0.2617E-13  0.3781E-09
  0.1925E-01  0.2531E+00  0.5218E+00  0.4500E-03  0.0000E+00  0.2930E-07
  0.7414E-03  0.7991E-02  0.4214E-02  0.1752E-03  0.0000E+00  0.1361E-08
  0.9609E-02  0.3914E-02  0.3001E-02  0.1777E-02  0.4613E-09  0.3498E-11
  0.9185E-02  0.1303E-02  0.4228E-02  0.1228E-02  0.2111E-09  0.0000E+00
  0.4505E-03  0.7850E-01  0.4566E-02  0.1213E-02  0.5743E-07  0.1846E-05
  0.1654E-02  0.1485E-02  0.4856E-02  0.2715E-01  0.2682E-03  0.5362E-09
 Relative number of events:
  0.1900E-01  0.1775E-01  0.1100E-01  0.1150E-01  0.2500E-03  0.2500E-03
  0.6150E-01  0.6050E-01  0.3025E-01  0.3525E-01  0.5000E-03  0.7500E-03
  0.1475E-01  0.1650E-01  0.8750E-02  0.1275E-01  0.0000E+00  0.5000E-03
  0.6150E-01  0.6400E-01  0.3000E-01  0.2650E-01  0.0000E+00  0.2500E-03
  0.1975E-01  0.2000E-01  0.1075E-01  0.9500E-02  0.2500E-03  0.2500E-03
  0.1500E-01  0.1700E-01  0.1050E-01  0.7750E-02  0.2500E-03  0.0000E+00
  0.6750E-01  0.6150E-01  0.2850E-01  0.2975E-01  0.1750E-02  0.1250E-02
  0.7250E-01  0.7275E-01  0.3525E-01  0.3200E-01  0.1250E-02  0.1000E-02
 Events:
          76          71          44          46           1           1
         246         242         121         141           2           3
          59          66          35          51           0           2
         246         256         120         106           0           1
          79          80          43          38           1           1
          60          68          42          31           1           0
         270         246         114         119           7           5
         290         291         141         128           5           4
 Accuracy:    0.799   0.100   0.353   5.126
 Found          172  events.
 Wrote            2  events.
 Actual xsec    5.0864556397776871E-012
 Correct abs xsec    5.0864556397776871E-012
 Event xsec    5.0864556397776871E-012
 Events wgts > 1:            1
 % Cross section > 1:    9.9387531742671713E-019   1.9539643866237596E-005
 Iteration  4   Mean: 0.2519E-10 Abs mean: 0.2519E-10   Fluctuation:  0.118E-10   0.862E-07    26.9%
  4    0.2519E-10 0.2519E-10 +- 0.1181E-10     41.92
 Relative summed weights:
  0.7960E-01  0.7899E-02  0.2250E-02  0.1268E-01  0.1852E-10  0.3816E-11
  0.3247E-01  0.6991E-02  0.8092E-02  0.6133E-01  0.1221E-05  0.2568E-08
  0.1394E-01  0.7802E-03  0.2488E-01  0.3473E-02  0.2913E-07  0.1456E-06
  0.1736E+00  0.2981E-02  0.7651E-02  0.1357E-01  0.4051E-06  0.7377E-04
  0.2830E-03  0.2322E-02  0.1074E-02  0.3543E-02  0.1106E-05  0.6435E-11
  0.1779E-02  0.4288E+00  0.2698E-01  0.3842E-02  0.1312E-07  0.1409E-09
  0.1378E-01  0.5844E-02  0.3076E-02  0.5171E-02  0.5115E-02  0.1307E-06
  0.2473E-01  0.8684E-02  0.9630E-03  0.1171E-01  0.1790E-10  0.9972E-07
 Relative number of events:
  0.1912E-01  0.1688E-01  0.1137E-01  0.9750E-02  0.2500E-03  0.1250E-03
  0.7212E-01  0.6750E-01  0.3150E-01  0.2987E-01  0.7500E-03  0.7500E-03
  0.1825E-01  0.1562E-01  0.1075E-01  0.9500E-02  0.3750E-03  0.2500E-03
  0.6900E-01  0.6413E-01  0.3037E-01  0.3087E-01  0.6250E-03  0.1000E-02
  0.1663E-01  0.1812E-01  0.9625E-02  0.1162E-01  0.5000E-03  0.2500E-03
  0.1537E-01  0.1825E-01  0.1050E-01  0.1125E-01  0.1250E-03  0.3750E-03
  0.6275E-01  0.6187E-01  0.2875E-01  0.3263E-01  0.1375E-02  0.5000E-03
  0.6200E-01  0.6500E-01  0.3050E-01  0.2975E-01  0.5000E-03  0.1000E-02
 Events:
         153         135          91          78           2           1
         577         540         252         239           6           6
         146         125          86          76           3           2
         552         513         243         247           5           8
         133         145          77          93           4           2
         123         146          84          90           1           3
         502         495         230         261          11           4
         496         520         244         238           4           8
 Accuracy:    0.500   0.100   0.282   3.144
 Found          207  events.
 Wrote            2  events.
 Actual xsec    1.1889590737068855E-011
 Correct abs xsec    1.1889590737068855E-011
 Event xsec    1.1889590737068855E-011
 Events wgts > 1:            1
 % Cross section > 1:    4.3071932652554039E-019   3.6226589800325268E-006
 Iteration  5   Mean: 0.4232E-09 Abs mean: 0.4232E-09   Fluctuation:  0.347E-09   0.555E-05    31.7%
  5    0.4232E-09 0.4232E-09 +- 0.3474E-09    103.83
 Relative summed weights:
  0.2779E-02  0.1540E-03  0.5030E-02  0.1775E-01  0.6499E-05  0.1082E-08
  0.1065E-02  0.1777E-02  0.8207E+00  0.5027E-02  0.8606E-04  0.6536E-08
  0.3203E-02  0.5699E-03  0.2023E-03  0.1193E-01  0.4230E-07  0.0000E+00
  0.2432E-01  0.3673E-02  0.7285E-03  0.1474E-01  0.2532E-04  0.1665E-06
  0.1159E-01  0.2556E-03  0.1008E-02  0.7473E-03  0.9928E-09  0.2395E-07
  0.3936E-02  0.2585E-02  0.1784E-02  0.1589E-03  0.3391E-12  0.6998E-08
  0.8698E-02  0.1420E-01  0.1751E-02  0.2512E-01  0.2685E-07  0.1477E-06
  0.1412E-02  0.1008E-02  0.1138E-01  0.5645E-03  0.8738E-07  0.3125E-06
 Relative number of events:
  0.1419E-01  0.1588E-01  0.9813E-02  0.1081E-01  0.1875E-03  0.1250E-03
  0.6206E-01  0.6763E-01  0.3238E-01  0.2987E-01  0.3125E-03  0.5625E-03
  0.1519E-01  0.1469E-01  0.9750E-02  0.1025E-01  0.2500E-03  0.0000E+00
  0.6975E-01  0.6663E-01  0.3131E-01  0.3325E-01  0.1063E-02  0.1000E-02
  0.1769E-01  0.1581E-01  0.1188E-01  0.1175E-01  0.6250E-04  0.3125E-03
  0.1862E-01  0.1588E-01  0.9750E-02  0.1000E-01  0.6250E-04  0.6250E-04
  0.6688E-01  0.6831E-01  0.3225E-01  0.2937E-01  0.3750E-03  0.1000E-02
  0.6475E-01  0.6275E-01  0.3413E-01  0.3000E-01  0.6250E-03  0.7500E-03
 Events:
         227         254         157         173           3           2
         993        1082         518         478           5           9
         243         235         156         164           4           0
        1116        1066         501         532          17          16
         283         253         190         188           1           5
         298         254         156         160           1           1
        1070        1093         516         470           6          16
        1036        1004         546         480          10          12
 Accuracy:    1.137   0.100   0.267  18.187
 Found          492  events.
 Wrote            1  events.
 Actual xsec    8.5246798404730287E-011
 Correct abs xsec    8.5246798404730287E-011
 Event xsec    8.5246798404730287E-011
 Events wgts > 1:            1
 % Cross section > 1:    4.9782953975360455E-019   5.8398620132340402E-007

 -------------------------------------------------------------------------------
 Accumulated results:   Integral =  0.5568E-10
                        Std dev  =  0.1484E-10
                       Cross sec =  0.5568E-10
             Chi**2 per DoF.     =     18.1868
 -------------------------------------------------------------------------------
-------------------------------------------------
---------------------------
 Results Last   3 iters: Integral =   0.8525E-10
                     Abs integral =   0.8525E-10
                          Std dev =   0.2848E-10
                  Chi**2 per DoF. =    183.6796
-------------------------------------------------
---------------------------
 Status  0.10000000000000001                6           5

ls status:
events.lhe
ftn26
input_app.txt
results.dat
run1_app.log
