 Process in group number            1
 A PDF is used, so alpha_s(MZ) is going to be modified
 Old value of alpha_s from param_card:   0.11839999999999999     
  ****************************************
 
       NNPDFDriver version 1.0.3
   Grid: NNPDF23_lo_as_0130_qed_mem0.grid
  ****************************************
 New value of alpha_s from PDF nn23lo1:  0.13000000000000000     
 Define smin to   1600.0000000000000     
 Define smin to   1600.0000000000000     
 Define smin to   1600.0000000000000     
 *****************************************************
 *               MadGraph/MadEvent                   *
 *        --------------------------------           *
 *          http://madgraph.hep.uiuc.edu             *
 *          http://madgraph.phys.ucl.ac.be           *
 *          http://madgraph.roma2.infn.it            *
 *        --------------------------------           *
 *                                                   *
 *          PARAMETER AND COUPLING VALUES            *
 *                                                   *
 *****************************************************

  External Params
  ---------------------------------
  
 mdl_VeN1 =    1.0000000000000000     
 mdl_VeN2 =    0.0000000000000000     
 mdl_VeN3 =    0.0000000000000000     
 mdl_VmuN1 =    0.0000000000000000     
 mdl_VmuN2 =    1.0000000000000000     
 mdl_VmuN3 =    0.0000000000000000     
 mdl_VtaN1 =    0.0000000000000000     
 mdl_VtaN2 =    0.0000000000000000     
 mdl_VtaN3 =    1.0000000000000000     
 mdl_VN1N1 =    1.0000000000000000     
 mdl_VN1N2 =    1.0000000000000000     
 mdl_VN1N3 =    1.0000000000000000     
 mdl_VN2N2 =    1.0000000000000000     
 mdl_VN2N3 =    1.0000000000000000     
 mdl_VN3N3 =    1.0000000000000000     
 aEWM1 =    127.90000000000001     
 mdl_Gf =    1.1663700000000000E-005
 aS =   0.11839999999999999     
 mdl_ymt =    172.00000000000000     
 mdl_vevf =    50.000000000000000     
 mdl_MZ =    91.187600000000003     
 mdl_MT =    172.00000000000000     
 mdl_MH =    125.00000000000000     
 mdl_mN1 =    510.00000000000000     
 mdl_mN2 =    610.00000000000000     
 mdl_mN3 =    710.00000000000000     
 mdl_MJ =    91.187600000000003     
 mdl_MAx =    173.04800000000000     
 mdl_WZ =    2.4952000000000001     
 mdl_WW =    2.0850000000000000     
 mdl_WT =    1.5083359999999999     
 mdl_WH =    4.0699999999999998E-003
 mdl_WN1 =   0.30299999999999999     
 mdl_WN2 =    1.5000000000000000     
 mdl_WN3 =    12.300000000000001     
 mdl_WJ =    2.4952000000000001     
 mdl_WAx =    4.1700000000000001E-003
  Internal Params
  ---------------------------------
  
 mdl_vevf__exp__2 =    2500.0000000000000     
 mdl_sqrt__vevf__exp__2 =    50.000000000000000     
 mdl_muJ =    50.000000000000000     
 mdl_MZ__exp__2 =    8315.1783937600012     
 mdl_MZ__exp__4 =    69142191.720053151     
 mdl_sqrt__2 =    1.4142135623730951     
 mdl_MJ__exp__2 =    8315.1783937600012     
 mdl_muJ__exp__2 =    2500.0000000000000     
 mdl_lamJ =    4.3260713575040004     
 mdl_MH__exp__2 =    15625.000000000000     
 mdl_complexi =  (  0.0000000000000000     ,  1.0000000000000000     )
 mdl_aEW =    7.8186082877247844E-003
 mdl_MW =    79.824359746197842     
 mdl_sqrt__aEW =    8.8422894590285753E-002
 mdl_ee =   0.31345100004952897     
 mdl_MW__exp__2 =    6371.9284088904105     
 mdl_sw2 =   0.23369913342182447     
 mdl_cw =   0.87538612427783857     
 mdl_sqrt__sw2 =   0.48342438232036300     
 mdl_sw =   0.48342438232036300     
 mdl_g1 =   0.35807170271074895     
 mdl_gN =   0.64839716719502682     
 mdl_gw =   0.64839716719502682     
 mdl_vev =    246.22056907348590     
 mdl_vev__exp__2 =    60624.568634871241     
 mdl_lam =   0.12886689630821144     
 mdl_yt =   0.98791394091683138     
 mdl_muH =    88.388347648318444     
 mdl_I2a33 =  ( 0.98791394091683138     ,  0.0000000000000000     )
 mdl_I3a33 =  ( 0.98791394091683138     ,  0.0000000000000000     )
 mdl_ee__exp__2 =    9.8251529432049817E-002
 mdl_sw__exp__2 =   0.23369913342182450     
 mdl_cw__exp__2 =   0.76630086657817542     
  Internal Params evaluated point by point
  ----------------------------------------
  
 mdl_sqrt__aS =   0.34409301068170506     
 mdl_G__exp__2 =    1.4878582807401259     
  Couplings of SM_HeavyN_UFO
  ---------------------------------
  
         GC_1 =  -0.00000E+00  -0.10448E+00
         GC_2 =   0.00000E+00   0.20897E+00
         GC_3 =  -0.00000E+00  -0.31345E+00
         GC_4 =   0.00000E+00   0.31345E+00
        GC_26 =   0.00000E+00   0.45849E+00
        GC_27 =  -0.00000E+00  -0.28380E+00
        GC_28 =   0.00000E+00   0.28380E+00
        GC_30 =   0.00000E+00   0.56760E+00
        GC_35 =  -0.00000E+00  -0.28850E-01
        GC_37 =   0.00000E+00   0.17310E+00
        GC_39 =   0.00000E+00  -0.19725E+00
        GC_40 =   0.00000E+00   0.37035E+00
        GC_80 =   0.00000E+00   0.67543E+02
       GC_107 =  -0.00000E+00  -0.74070E+00
       GC_109 =  -0.00000E+00  -0.74070E+00
       GC_111 =  -0.00000E+00  -0.74070E+00
       GC_113 =  -0.00000E+00  -0.74070E+00
       GC_115 =  -0.00000E+00  -0.74070E+00
       GC_117 =  -0.00000E+00  -0.74070E+00
       GC_119 =   0.00000E+00   0.00000E+00
       GC_120 =   0.00000E+00   0.00000E+00
       GC_122 =  -0.00000E+00  -0.00000E+00
       GC_126 =   0.00000E+00   0.00000E+00
       GC_127 =   0.00000E+00   0.00000E+00
       GC_129 =  -0.00000E+00  -0.00000E+00
       GC_133 =   0.00000E+00   0.45849E+00
       GC_134 =   0.00000E+00   0.37035E+00
       GC_136 =  -0.00000E+00  -0.28836E+01
        GC_81 =   0.10200E+02   0.00000E+00
        GC_82 =   0.12200E+02   0.00000E+00
        GC_83 =   0.14200E+02   0.00000E+00

 Collider parameters:
 --------------------

 Running at P P   machine @    13000.000000000000       GeV
 PDF set = nn23lo1
 alpha_s(Mz)= 0.1300 running at 2 loops.
 alpha_s(Mz)= 0.1300 running at 2 loops.
 Renormalization scale set on event-by-event basis
 Factorization   scale set on event-by-event basis


 getting user params
Enter number of events and max and min iterations: 
 Number of events and iterations         1000           5           3
Enter desired fractional accuracy: 
 Desired fractional accuracy:   0.10000000000000001     
Enter 0 for fixed, 2 for adjustable grid: 
Suppress amplitude (0 no, 1 yes)? 
 Using suppressed amplitude.
Exact helicity sum (0 yes, n = number/event)? 
 Explicitly summing over helicities
Enter Configuration Number: 
Running Configuration Number:  104
 Using dconfig=         728
 BW Setting            2           2           2           2           2           2           0
 Attempting mappinvarients           1           9
 Completed mapping           9
 about to integrate           19        1000           5           3          19           1
 Using non-zero grid deformation.
 19 dimensions   1000 events 19 invarients  5 iterations  1 config(s),  (0.99)
 Using h-tuple random number sequence.
 Error opening grid
 Using Uniform Grid!          36
 Using uniform alpha   1.0000000000000000     
 Grid defined OK
 Set CM energy to      13000.00
 Mapping Graph         104  to config         104
Setting grid   1    0.75740E-07   1
Setting grid   2    0.75740E-07   1
Setting grid   3    0.75740E-07   1
Setting grid   4    0.75740E-07   1
Setting grid   5    0.53139E-04   1
Setting grid   6    0.53139E-04   1
 Transforming s_hat 1/s           18   1.0183542244828404E-004   1600.0000000000000        168999999.99999997     
 104   1   2   3   4   5   6   7   8   9  10  11  12  13  14
  15  16  17  18  19
 Masses: 0.000E+00 0.000E+00 0.000E+00 0.000E+00 0.000E+00 0.000E+00 0.000E+00 0.000E+00 0.912E+02
Using random seed offsets   104 :      1
  with seed                   24
 Ranmar initialization seeds       31162        9398
 
 ********************************************
 * You are using the DiscreteSampler module *
 *      part of the MG5_aMC framework       *
 *         Author: Valentin Hirschi         *
 ********************************************
 
  Particle       3       4       5       6       7       8       9
      Et >    10.0    10.0    10.0    10.0     0.0     0.0     0.0
       E >     0.0     0.0     0.0     0.0     0.0     0.0     0.0
     Eta <     2.5     2.5     2.5     2.5    -1.0    -1.0    -1.0
   xqcut:      0.0     0.0     0.0     0.0     0.0     0.0     0.0
d R # 3  >    -0.0     0.4     0.4     0.4     0.0     0.0     0.0
d R # 4  >    -0.0    -0.0     0.4     0.4     0.0     0.0     0.0
d R # 5  >    -0.0    -0.0    -0.0     0.4     0.0     0.0     0.0
d R # 6  >    -0.0    -0.0    -0.0    -0.0     0.0     0.0     0.0
d R # 7  >    -0.0    -0.0    -0.0    -0.0    -0.0     0.0     0.0
d R # 8  >    -0.0    -0.0    -0.0    -0.0    -0.0    -0.0     0.0
s min # 3>     0.0     0.0     0.0     0.0     0.0     0.0     0.0
s min # 4>     0.0     0.0     0.0     0.0     0.0     0.0     0.0
s min # 5>     0.0     0.0     0.0     0.0     0.0     0.0     0.0
s min # 6>     0.0     0.0     0.0     0.0     0.0     0.0     0.0
s min # 7>     0.0     0.0     0.0     0.0     0.0     0.0     0.0
s min # 8>     0.0     0.0     0.0     0.0     0.0     0.0     0.0
xqcutij # 3>     0.0     0.0     0.0     0.0     0.0     0.0     0.0
xqcutij # 4>     0.0     0.0     0.0     0.0     0.0     0.0     0.0
xqcutij # 5>     0.0     0.0     0.0     0.0     0.0     0.0     0.0
xqcutij # 6>     0.0     0.0     0.0     0.0     0.0     0.0     0.0
xqcutij # 7>     0.0     0.0     0.0     0.0     0.0     0.0     0.0
xqcutij # 8>     0.0     0.0     0.0     0.0     0.0     0.0     0.0
 Excluding BW           -1           1
 Excluding BW           -2           2
 Excluding BW           -3           3
 Excluding BW           -4           4
 Excluding BW           -5           5
 Excluding BW           -6           6
 alpha_s for scale    159.86138903167108       is   0.11888533120574758     
 Added good helicity            1  0.77093369455296301       in event            1 local:           1
 Added good helicity           21  0.12283005072166131       in event            1 local:           1
 Added good helicity           25  0.56633504474810226       in event            1 local:           1
 Added good helicity           37   6.3204354872980044       in event            1 local:           1
 Added good helicity           41   3.9133080024262221       in event            1 local:           1
 Added good helicity           61   2.9298313176462545E-002  in event            1 local:           1
 Added good helicity          193   23.317062986264123       in event            1 local:           1
 Added good helicity          213   9.0706326582194112       in event            1 local:           1
 Added good helicity          217   19.735027126984455       in event            1 local:           1
 Added good helicity          229   139.34982848758995       in event            1 local:           1
 Added good helicity          233   51.931691743067788       in event            1 local:           1
 Added good helicity          253  0.87261640495087001       in event            1 local:           1
 Added good helicity            1  0.77093369455297533       in event            1 local:           1
 Added good helicity           21  0.12283005072166125       in event            1 local:           1
 Added good helicity           25  0.56633504474810437       in event            1 local:           1
 Added good helicity           37   6.3204354872980151       in event            1 local:           1
 Added good helicity           41   3.9133080024262243       in event            1 local:           1
 Added good helicity           61   2.9298313176462532E-002  in event            1 local:           1
 Added good helicity          193   23.317062986263995       in event            1 local:           1
 Added good helicity          213   9.0706326582193366       in event            1 local:           1
 Added good helicity          217   19.735027126984519       in event            1 local:           1
 Added good helicity          229   139.34982848759020       in event            1 local:           1
 Added good helicity          233   51.931691743067674       in event            1 local:           1
 Added good helicity          253  0.87261640495087611       in event            1 local:           1
 RESET CUMULATIVE VARIABLE
 RESET CUMULATIVE VARIABLE
 RESET CUMULATIVE VARIABLE
 Iteration  1   Mean: 0.3977E-13 Abs mean: 0.3977E-13   Fluctuation:  0.349E-13   0.348E-10     2.2%
  1    0.3977E-13 0.3977E-13 +- 0.3486E-13     27.72
 Writing out events   3.6556288338202256E-016   27.719776728184300     
 Relative summed weights:
  0.0000E+00  0.0000E+00  0.0000E+00  0.0000E+00  0.0000E+00  0.0000E+00
  0.1843E-03  0.4455E-02  0.8739E+00  0.3173E-04  0.3221E-02  0.4072E-10
  0.2570E-04  0.6429E-05  0.3728E-06  0.9733E-05  0.1053E-12  0.0000E+00
  0.0000E+00  0.0000E+00  0.0000E+00  0.0000E+00  0.0000E+00  0.0000E+00
  0.0000E+00  0.0000E+00  0.0000E+00  0.1484E-11  0.0000E+00  0.0000E+00
  0.5513E-05  0.6682E-06  0.2958E-02  0.7648E-04  0.3530E-06  0.4319E-07
  0.8603E-04  0.4209E-05  0.2286E-05  0.3010E-04  0.0000E+00  0.7231E-13
  0.0000E+00  0.0000E+00  0.0000E+00  0.0000E+00  0.0000E+00  0.0000E+00
  0.0000E+00  0.0000E+00  0.0000E+00  0.0000E+00  0.0000E+00  0.0000E+00
  0.8707E-05  0.1156E-03  0.1959E-03  0.2482E-02  0.6282E-13  0.7702E-09
  0.1104E-07  0.1855E-02  0.3717E-08  0.2583E-01  0.0000E+00  0.7878E-12
  0.0000E+00  0.0000E+00  0.0000E+00  0.0000E+00  0.0000E+00  0.0000E+00
  0.5209E-17  0.0000E+00  0.3563E-16  0.0000E+00  0.0000E+00  0.0000E+00
  0.1862E-05  0.2187E-03  0.7082E-01  0.1322E-01  0.2681E-10  0.4657E-15
  0.5806E-06  0.5985E-05  0.2634E-03  0.1320E-06  0.4885E-12  0.5492E-08
  0.0000E+00  0.0000E+00  0.0000E+00  0.0000E+00  0.0000E+00  0.0000E+00
 Relative number of events:
  0.0000E+00  0.0000E+00  0.0000E+00  0.0000E+00  0.0000E+00  0.0000E+00
  0.2973E-01  0.2874E-01  0.6244E-01  0.5748E-01  0.6938E-02  0.3964E-02
  0.1982E-01  0.1982E-01  0.1586E-01  0.1487E-01  0.2973E-02  0.0000E+00
  0.0000E+00  0.0000E+00  0.0000E+00  0.0000E+00  0.0000E+00  0.0000E+00
  0.0000E+00  0.0000E+00  0.0000E+00  0.9911E-03  0.0000E+00  0.0000E+00
  0.4262E-01  0.2973E-01  0.5451E-01  0.6046E-01  0.3964E-02  0.3964E-02
  0.1388E-01  0.7929E-02  0.1784E-01  0.1288E-01  0.0000E+00  0.9911E-03
  0.0000E+00  0.0000E+00  0.0000E+00  0.0000E+00  0.0000E+00  0.0000E+00
  0.0000E+00  0.0000E+00  0.0000E+00  0.0000E+00  0.0000E+00  0.0000E+00
  0.3667E-01  0.3271E-01  0.5550E-01  0.5649E-01  0.1982E-02  0.2973E-02
  0.8920E-02  0.2081E-01  0.1388E-01  0.1685E-01  0.0000E+00  0.9911E-03
  0.0000E+00  0.0000E+00  0.0000E+00  0.0000E+00  0.0000E+00  0.0000E+00
  0.9911E-03  0.0000E+00  0.9911E-03  0.0000E+00  0.0000E+00  0.0000E+00
  0.3865E-01  0.3766E-01  0.4460E-01  0.5253E-01  0.1982E-02  0.9911E-03
  0.1586E-01  0.1784E-01  0.1288E-01  0.1288E-01  0.9911E-03  0.9911E-03
  0.0000E+00  0.0000E+00  0.0000E+00  0.0000E+00  0.0000E+00  0.0000E+00
 Events:
           0           0           0           0           0           0
          30          29          63          58           7           4
          20          20          16          15           3           0
           0           0           0           0           0           0
           0           0           0           1           0           0
          43          30          55          61           4           4
          14           8          18          13           0           1
           0           0           0           0           0           0
           0           0           0           0           0           0
          37          33          56          57           2           3
           9          21          14          17           0           1
           0           0           0           0           0           0
           1           0           1           0           0           0
          39          38          45          53           2           1
          16          18          13          13           1           1
           0           0           0           0           0           0
 Iteration  2   Mean: 0.2401E-14 Abs mean: 0.2401E-14   Fluctuation:  0.100E-14   0.161E-11    16.9%
  2    0.2401E-14 0.2401E-14 +- 0.1003E-14     18.67
 Relative summed weights:
  0.0000E+00  0.0000E+00  0.0000E+00  0.1294E-04  0.0000E+00  0.0000E+00
  0.2872E-02  0.4930E-02  0.1885E-02  0.3100E-01  0.1644E-11  0.4863E-03
  0.2706E-02  0.2097E-02  0.6469E-03  0.5592E-05  0.0000E+00  0.7864E-14
  0.0000E+00  0.0000E+00  0.0000E+00  0.0000E+00  0.0000E+00  0.0000E+00
  0.0000E+00  0.0000E+00  0.0000E+00  0.0000E+00  0.0000E+00  0.0000E+00
  0.7394E-01  0.3597E-01  0.2459E-03  0.1462E+00  0.2261E-08  0.2602E-08
  0.8139E-04  0.2901E-01  0.1351E-01  0.1731E-03  0.0000E+00  0.1572E-14
  0.0000E+00  0.0000E+00  0.1985E-03  0.0000E+00  0.0000E+00  0.0000E+00
  0.0000E+00  0.0000E+00  0.0000E+00  0.0000E+00  0.0000E+00  0.0000E+00
  0.7810E-03  0.5407E-02  0.9130E-02  0.3603E-01  0.2592E-07  0.5766E-03
  0.7534E-02  0.1303E-01  0.1937E+00  0.7682E-02  0.2201E-09  0.8985E-07
  0.0000E+00  0.0000E+00  0.0000E+00  0.0000E+00  0.0000E+00  0.0000E+00
  0.0000E+00  0.0000E+00  0.0000E+00  0.4300E-10  0.0000E+00  0.0000E+00
  0.2296E-01  0.1366E-01  0.2839E-02  0.1551E-02  0.1157E-05  0.2614E-06
  0.2191E-02  0.7178E-03  0.1198E-02  0.3348E+00  0.2328E-03  0.2042E-09
  0.0000E+00  0.0000E+00  0.0000E+00  0.0000E+00  0.0000E+00  0.0000E+00
 Relative number of events:
  0.0000E+00  0.0000E+00  0.0000E+00  0.5000E-03  0.0000E+00  0.0000E+00
  0.4200E-01  0.4850E-01  0.5100E-01  0.5750E-01  0.5000E-03  0.2500E-02
  0.1650E-01  0.1500E-01  0.9000E-02  0.8000E-02  0.0000E+00  0.5000E-03
  0.0000E+00  0.0000E+00  0.0000E+00  0.0000E+00  0.0000E+00  0.0000E+00
  0.0000E+00  0.0000E+00  0.0000E+00  0.0000E+00  0.0000E+00  0.0000E+00
  0.4550E-01  0.4500E-01  0.4650E-01  0.4900E-01  0.2000E-02  0.1500E-02
  0.1350E-01  0.1850E-01  0.1250E-01  0.6500E-02  0.0000E+00  0.5000E-03
  0.0000E+00  0.0000E+00  0.5000E-03  0.0000E+00  0.0000E+00  0.0000E+00
  0.0000E+00  0.0000E+00  0.0000E+00  0.0000E+00  0.0000E+00  0.0000E+00
  0.4400E-01  0.4450E-01  0.5850E-01  0.5750E-01  0.1500E-02  0.1000E-02
  0.1500E-01  0.1800E-01  0.1200E-01  0.1150E-01  0.5000E-03  0.5000E-03
  0.0000E+00  0.0000E+00  0.0000E+00  0.0000E+00  0.0000E+00  0.0000E+00
  0.0000E+00  0.0000E+00  0.0000E+00  0.5000E-03  0.0000E+00  0.0000E+00
  0.4200E-01  0.3450E-01  0.5200E-01  0.5450E-01  0.1500E-02  0.5000E-03
  0.1650E-01  0.1550E-01  0.9000E-02  0.1450E-01  0.5000E-03  0.1000E-02
  0.0000E+00  0.0000E+00  0.0000E+00  0.0000E+00  0.0000E+00  0.0000E+00
 Events:
           0           0           0           1           0           0
          84          97         102         115           1           5
          33          30          18          16           0           1
           0           0           0           0           0           0
           0           0           0           0           0           0
          91          90          93          98           4           3
          27          37          25          13           0           1
           0           0           1           0           0           0
           0           0           0           0           0           0
          88          89         117         115           3           2
          30          36          24          23           1           1
           0           0           0           0           0           0
           0           0           0           1           0           0
          84          69         104         109           3           1
          33          31          18          29           1           2
           0           0           0           0           0           0
 Iteration  3   Mean: 0.3157E-13 Abs mean: 0.3157E-13   Fluctuation:  0.202E-13   0.798E-10    37.7%
  3    0.3157E-13 0.3157E-13 +- 0.2018E-13     40.43
 Relative summed weights:
  0.0000E+00  0.0000E+00  0.0000E+00  0.0000E+00  0.0000E+00  0.0000E+00
  0.1589E-01  0.1565E-02  0.2060E-02  0.1064E-01  0.0000E+00  0.9297E-07
  0.2294E-02  0.1623E-03  0.3178E-02  0.1633E-02  0.3790E-09  0.1779E-06
  0.1200E-13  0.0000E+00  0.0000E+00  0.0000E+00  0.0000E+00  0.0000E+00
  0.0000E+00  0.0000E+00  0.0000E+00  0.0000E+00  0.0000E+00  0.0000E+00
  0.2664E-03  0.2706E-01  0.2229E-01  0.1097E-02  0.7707E-07  0.2247E-05
  0.1194E-02  0.1093E-01  0.3133E-01  0.2612E-02  0.7115E-10  0.0000E+00
  0.0000E+00  0.0000E+00  0.0000E+00  0.0000E+00  0.0000E+00  0.0000E+00
  0.0000E+00  0.0000E+00  0.0000E+00  0.3058E-06  0.0000E+00  0.0000E+00
  0.1348E-02  0.6574E+00  0.3195E-02  0.3218E-02  0.1531E-07  0.1640E-04
  0.4335E-01  0.3597E-02  0.3269E-02  0.1995E-02  0.9432E-07  0.0000E+00
  0.0000E+00  0.0000E+00  0.0000E+00  0.0000E+00  0.0000E+00  0.0000E+00
  0.0000E+00  0.0000E+00  0.0000E+00  0.0000E+00  0.0000E+00  0.0000E+00
  0.1428E-02  0.3444E-01  0.8786E-02  0.4511E-01  0.1568E-06  0.5937E-06
  0.3188E-03  0.5520E-01  0.6778E-03  0.2428E-02  0.3672E-07  0.9871E-06
  0.0000E+00  0.0000E+00  0.0000E+00  0.0000E+00  0.0000E+00  0.0000E+00
 Relative number of events:
  0.0000E+00  0.0000E+00  0.0000E+00  0.0000E+00  0.0000E+00  0.0000E+00
  0.4600E-01  0.3925E-01  0.4850E-01  0.4775E-01  0.0000E+00  0.1000E-02
  0.1550E-01  0.1500E-01  0.9000E-02  0.1425E-01  0.5000E-03  0.2500E-03
  0.2500E-03  0.0000E+00  0.0000E+00  0.0000E+00  0.0000E+00  0.0000E+00
  0.0000E+00  0.0000E+00  0.0000E+00  0.0000E+00  0.0000E+00  0.0000E+00
  0.4450E-01  0.4375E-01  0.5350E-01  0.4925E-01  0.1000E-02  0.1750E-02
  0.1650E-01  0.2025E-01  0.1025E-01  0.9000E-02  0.5000E-03  0.0000E+00
  0.0000E+00  0.0000E+00  0.0000E+00  0.0000E+00  0.0000E+00  0.0000E+00
  0.0000E+00  0.0000E+00  0.0000E+00  0.2500E-03  0.0000E+00  0.0000E+00
  0.4600E-01  0.4700E-01  0.5350E-01  0.4750E-01  0.2500E-03  0.1250E-02
  0.1875E-01  0.1800E-01  0.1025E-01  0.1475E-01  0.5000E-03  0.0000E+00
  0.0000E+00  0.0000E+00  0.0000E+00  0.0000E+00  0.0000E+00  0.0000E+00
  0.0000E+00  0.0000E+00  0.0000E+00  0.0000E+00  0.0000E+00  0.0000E+00
  0.4425E-01  0.4375E-01  0.5175E-01  0.4950E-01  0.7500E-03  0.7500E-03
  0.1975E-01  0.1850E-01  0.1225E-01  0.1250E-01  0.5000E-03  0.2500E-03
  0.0000E+00  0.0000E+00  0.0000E+00  0.0000E+00  0.0000E+00  0.0000E+00
 Events:
           0           0           0           0           0           0
         184         157         194         191           0           4
          62          60          36          57           2           1
           1           0           0           0           0           0
           0           0           0           0           0           0
         178         175         214         197           4           7
          66          81          41          36           2           0
           0           0           0           0           0           0
           0           0           0           1           0           0
         184         188         214         190           1           5
          75          72          41          59           2           0
           0           0           0           0           0           0
           0           0           0           0           0           0
         177         175         207         198           3           3
          79          74          49          50           2           1
           0           0           0           0           0           0
 Accuracy:    0.744   0.100   0.325   5.254
 Found          183  events.
 Wrote            1  events.
 Actual xsec    1.5052827616084771E-014
 Correct abs xsec    1.5052827616084771E-014
 Event xsec    1.5052827616084771E-014
 Events wgts > 1:            0
 % Cross section > 1:    0.0000000000000000        0.0000000000000000     
 Iteration  4   Mean: 0.8640E-13 Abs mean: 0.8640E-13   Fluctuation:  0.534E-13   0.390E-09    50.1%
  4    0.8640E-13 0.8640E-13 +- 0.5338E-13     55.26
 Relative summed weights:
  0.0000E+00  0.0000E+00  0.2839E-04  0.0000E+00  0.0000E+00  0.0000E+00
  0.5651E+00  0.6633E-02  0.6993E-03  0.1002E-01  0.7910E-05  0.9148E-07
  0.7000E-03  0.2209E-02  0.5894E-02  0.3927E-02  0.0000E+00  0.2026E-10
  0.0000E+00  0.0000E+00  0.0000E+00  0.0000E+00  0.0000E+00  0.0000E+00
  0.0000E+00  0.0000E+00  0.7970E-09  0.4551E-11  0.0000E+00  0.0000E+00
  0.1075E-02  0.5419E-01  0.2112E-02  0.2010E-02  0.1308E-04  0.2713E-02
  0.1552E-03  0.9016E-02  0.5665E-02  0.3785E-04  0.0000E+00  0.0000E+00
  0.0000E+00  0.0000E+00  0.6596E-07  0.0000E+00  0.0000E+00  0.0000E+00
  0.0000E+00  0.0000E+00  0.3537E-06  0.1879E-11  0.0000E+00  0.0000E+00
  0.1099E-01  0.3182E-02  0.2556E+00  0.6675E-03  0.4372E-03  0.2159E-05
  0.4653E-02  0.1558E-01  0.1248E-03  0.1513E-01  0.1748E-09  0.0000E+00
  0.0000E+00  0.0000E+00  0.0000E+00  0.3146E-05  0.0000E+00  0.0000E+00
  0.0000E+00  0.0000E+00  0.2783E-05  0.1344E-15  0.0000E+00  0.0000E+00
  0.9413E-02  0.1985E-02  0.1645E-02  0.2645E-02  0.2356E-05  0.1904E-06
  0.7160E-03  0.5313E-03  0.2032E-03  0.4215E-02  0.2434E-07  0.1575E-09
  0.0000E+00  0.0000E+00  0.0000E+00  0.0000E+00  0.0000E+00  0.0000E+00
 Relative number of events:
  0.0000E+00  0.0000E+00  0.1250E-03  0.0000E+00  0.0000E+00  0.0000E+00
  0.4163E-01  0.4675E-01  0.5162E-01  0.4888E-01  0.6250E-03  0.6250E-03
  0.1537E-01  0.1912E-01  0.1175E-01  0.1100E-01  0.0000E+00  0.1250E-03
  0.0000E+00  0.0000E+00  0.0000E+00  0.0000E+00  0.0000E+00  0.0000E+00
  0.0000E+00  0.0000E+00  0.2500E-03  0.2500E-03  0.0000E+00  0.0000E+00
  0.4637E-01  0.4675E-01  0.5112E-01  0.5275E-01  0.1000E-02  0.1500E-02
  0.1762E-01  0.1887E-01  0.1188E-01  0.9625E-02  0.0000E+00  0.0000E+00
  0.0000E+00  0.0000E+00  0.1250E-03  0.0000E+00  0.0000E+00  0.0000E+00
  0.0000E+00  0.0000E+00  0.1250E-03  0.1250E-03  0.0000E+00  0.0000E+00
  0.4038E-01  0.4238E-01  0.5488E-01  0.4850E-01  0.1125E-02  0.1250E-02
  0.1837E-01  0.1750E-01  0.1025E-01  0.1125E-01  0.1250E-03  0.0000E+00
  0.0000E+00  0.0000E+00  0.0000E+00  0.1250E-03  0.0000E+00  0.0000E+00
  0.0000E+00  0.0000E+00  0.1250E-03  0.1250E-03  0.0000E+00  0.0000E+00
  0.4738E-01  0.3913E-01  0.5038E-01  0.5162E-01  0.8750E-03  0.6250E-03
  0.1750E-01  0.1512E-01  0.1275E-01  0.1200E-01  0.1250E-03  0.1250E-03
  0.0000E+00  0.0000E+00  0.0000E+00  0.0000E+00  0.0000E+00  0.0000E+00
 Events:
           0           0           1           0           0           0
         333         374         413         391           5           5
         123         153          94          88           0           1
           0           0           0           0           0           0
           0           0           2           2           0           0
         371         374         409         422           8          12
         141         151          95          77           0           0
           0           0           1           0           0           0
           0           0           1           1           0           0
         323         339         439         388           9          10
         147         140          82          90           1           0
           0           0           0           1           0           0
           0           0           1           1           0           0
         379         313         403         413           7           5
         140         121         102          96           1           1
           0           0           0           0           0           0
 Accuracy:    0.616   0.100   0.287   4.600
 Found          126  events.
 Wrote            2  events.
 Actual xsec    2.9374382367561129E-014
 Correct abs xsec    2.9374382367561129E-014
 Event xsec    2.9374382367561129E-014
 Events wgts > 1:            0
 % Cross section > 1:    0.0000000000000000        0.0000000000000000     
 Iteration  5   Mean: 0.6710E-13 Abs mean: 0.6710E-13   Fluctuation:  0.191E-13   0.201E-09    56.4%
  5    0.6710E-13 0.6710E-13 +- 0.1914E-13     36.09
 Relative summed weights:
  0.0000E+00  0.0000E+00  0.1050E-07  0.8974E-06  0.0000E+00  0.0000E+00
  0.1490E-01  0.1719E-01  0.4987E-02  0.4531E-01  0.8520E-05  0.4292E-05
  0.1344E-02  0.5268E-02  0.1997E-02  0.8176E-01  0.3487E-06  0.5016E-02
  0.0000E+00  0.5933E-06  0.3263E-06  0.2521E-01  0.0000E+00  0.0000E+00
  0.2402E-09  0.0000E+00  0.6506E-03  0.2547E-07  0.0000E+00  0.0000E+00
  0.1912E+00  0.5657E-02  0.3421E-01  0.1239E-01  0.1453E-05  0.1475E-02
  0.3286E-01  0.7101E-02  0.5465E-03  0.1436E+00  0.3091E-07  0.6063E-11
  0.8001E-06  0.0000E+00  0.0000E+00  0.1112E-06  0.0000E+00  0.0000E+00
  0.0000E+00  0.0000E+00  0.7791E-11  0.7833E-06  0.0000E+00  0.0000E+00
  0.2990E-01  0.2790E-02  0.8300E-02  0.1160E+00  0.4092E-05  0.2473E-05
  0.8381E-02  0.1195E-01  0.1388E-01  0.3217E-02  0.1411E-12  0.2947E-06
  0.2814E-05  0.0000E+00  0.0000E+00  0.4447E-10  0.0000E+00  0.0000E+00
  0.1235E-04  0.0000E+00  0.3034E-06  0.9901E-04  0.0000E+00  0.2144E-12
  0.2622E-01  0.4148E-01  0.8867E-02  0.4527E-02  0.6562E-05  0.6025E-04
  0.2661E-01  0.2820E-01  0.4621E-02  0.3701E-02  0.3205E-04  0.5540E-05
  0.1413E-09  0.1026E-04  0.2838E-01  0.5730E-07  0.0000E+00  0.0000E+00
 Relative number of events:
  0.0000E+00  0.0000E+00  0.6250E-04  0.1250E-03  0.0000E+00  0.0000E+00
  0.4406E-01  0.4669E-01  0.4813E-01  0.5000E-01  0.6250E-03  0.7500E-03
  0.1825E-01  0.1981E-01  0.1238E-01  0.1206E-01  0.3750E-03  0.6250E-04
  0.0000E+00  0.6250E-04  0.1250E-03  0.1875E-03  0.0000E+00  0.0000E+00
  0.6250E-04  0.0000E+00  0.2500E-03  0.6250E-04  0.0000E+00  0.0000E+00
  0.4025E-01  0.4525E-01  0.5025E-01  0.4969E-01  0.8125E-03  0.7500E-03
  0.1600E-01  0.1675E-01  0.1031E-01  0.1106E-01  0.3125E-03  0.6250E-04
  0.6250E-04  0.0000E+00  0.0000E+00  0.1250E-03  0.0000E+00  0.0000E+00
  0.0000E+00  0.0000E+00  0.1250E-03  0.6250E-04  0.0000E+00  0.0000E+00
  0.4319E-01  0.4431E-01  0.5050E-01  0.5106E-01  0.1000E-02  0.1000E-02
  0.1794E-01  0.1725E-01  0.1244E-01  0.1194E-01  0.1250E-03  0.3125E-03
  0.6250E-04  0.0000E+00  0.0000E+00  0.6250E-04  0.0000E+00  0.0000E+00
  0.6250E-04  0.0000E+00  0.6250E-04  0.2500E-03  0.0000E+00  0.6250E-04
  0.4525E-01  0.4481E-01  0.5006E-01  0.5231E-01  0.5625E-03  0.8750E-03
  0.1725E-01  0.1750E-01  0.1144E-01  0.1150E-01  0.1875E-03  0.3125E-03
  0.6250E-04  0.6250E-04  0.1250E-03  0.6250E-04  0.0000E+00  0.0000E+00
 Events:
           0           0           1           2           0           0
         705         747         770         800          10          12
         292         317         198         193           6           1
           0           1           2           3           0           0
           1           0           4           1           0           0
         644         724         804         795          13          12
         256         268         165         177           5           1
           1           0           0           2           0           0
           0           0           2           1           0           0
         691         709         808         817          16          16
         287         276         199         191           2           5
           1           0           0           1           0           0
           1           0           1           4           0           1
         724         717         801         837           9          14
         276         280         183         184           3           5
           1           1           2           1           0           0
 Accuracy:    0.300   0.100   0.202   2.193
 Found          214  events.
 Wrote            3  events.
 Actual xsec    6.5000308784127104E-014
 Correct abs xsec    6.5000308784127104E-014
 Event xsec    6.5000308784127117E-014
 Events wgts > 1:            0
 % Cross section > 1:    0.0000000000000000        0.0000000000000000     

 -------------------------------------------------------------------------------
 Accumulated results:   Integral =  0.4893E-13
                        Std dev  =  0.9907E-14
                       Cross sec =  0.4893E-13
             Chi**2 per DoF.     =      2.1930
 -------------------------------------------------------------------------------
-------------------------------------------------
---------------------------
 Results Last   3 iters: Integral =   0.6500E-13
                     Abs integral =   0.6500E-13
                          Std dev =   0.1560E-13
                  Chi**2 per DoF. =      1.4593
-------------------------------------------------
---------------------------
 Status  0.10000000000000001                6           5

ls status:
events.lhe
ftn26
input_app.txt
results.dat
run1_app.log
