 Process in group number            1
 A PDF is used, so alpha_s(MZ) is going to be modified
 Old value of alpha_s from param_card:   0.11839999999999999     
  ****************************************
 
       NNPDFDriver version 1.0.3
   Grid: NNPDF23_lo_as_0130_qed_mem0.grid
  ****************************************
 New value of alpha_s from PDF nn23lo1:  0.13000000000000000     
 Define smin to   1600.0000000000000     
 Define smin to   1600.0000000000000     
 Define smin to   1600.0000000000000     
 *****************************************************
 *               MadGraph/MadEvent                   *
 *        --------------------------------           *
 *          http://madgraph.hep.uiuc.edu             *
 *          http://madgraph.phys.ucl.ac.be           *
 *          http://madgraph.roma2.infn.it            *
 *        --------------------------------           *
 *                                                   *
 *          PARAMETER AND COUPLING VALUES            *
 *                                                   *
 *****************************************************

  External Params
  ---------------------------------
  
 mdl_VeN1 =    1.0000000000000000     
 mdl_VeN2 =    0.0000000000000000     
 mdl_VeN3 =    0.0000000000000000     
 mdl_VmuN1 =    0.0000000000000000     
 mdl_VmuN2 =    1.0000000000000000     
 mdl_VmuN3 =    0.0000000000000000     
 mdl_VtaN1 =    0.0000000000000000     
 mdl_VtaN2 =    0.0000000000000000     
 mdl_VtaN3 =    1.0000000000000000     
 mdl_VN1N1 =    1.0000000000000000     
 mdl_VN1N2 =    1.0000000000000000     
 mdl_VN1N3 =    1.0000000000000000     
 mdl_VN2N2 =    1.0000000000000000     
 mdl_VN2N3 =    1.0000000000000000     
 mdl_VN3N3 =    1.0000000000000000     
 aEWM1 =    127.90000000000001     
 mdl_Gf =    1.1663700000000000E-005
 aS =   0.11839999999999999     
 mdl_ymt =    172.00000000000000     
 mdl_vevf =    50.000000000000000     
 mdl_MZ =    91.187600000000003     
 mdl_MT =    172.00000000000000     
 mdl_MH =    125.00000000000000     
 mdl_mN1 =    2000.0000000000000     
 mdl_mN2 =    2100.0000000000000     
 mdl_mN3 =    2200.0000000000000     
 mdl_MJ =    91.187600000000003     
 mdl_MAx =    173.04800000000000     
 mdl_WZ =    2.4952000000000001     
 mdl_WW =    2.0850000000000000     
 mdl_WT =    1.5083359999999999     
 mdl_WH =    4.0699999999999998E-003
 mdl_WN1 =   0.30299999999999999     
 mdl_WN2 =    1.5000000000000000     
 mdl_WN3 =    12.300000000000001     
 mdl_WJ =    2.4952000000000001     
 mdl_WAx =    4.1700000000000001E-003
  Internal Params
  ---------------------------------
  
 mdl_vevf__exp__2 =    2500.0000000000000     
 mdl_sqrt__vevf__exp__2 =    50.000000000000000     
 mdl_muJ =    50.000000000000000     
 mdl_MZ__exp__2 =    8315.1783937600012     
 mdl_MZ__exp__4 =    69142191.720053151     
 mdl_sqrt__2 =    1.4142135623730951     
 mdl_MJ__exp__2 =    8315.1783937600012     
 mdl_muJ__exp__2 =    2500.0000000000000     
 mdl_lamJ =    4.3260713575040004     
 mdl_MH__exp__2 =    15625.000000000000     
 mdl_complexi =  (  0.0000000000000000     ,  1.0000000000000000     )
 mdl_aEW =    7.8186082877247844E-003
 mdl_MW =    79.824359746197842     
 mdl_sqrt__aEW =    8.8422894590285753E-002
 mdl_ee =   0.31345100004952897     
 mdl_MW__exp__2 =    6371.9284088904105     
 mdl_sw2 =   0.23369913342182447     
 mdl_cw =   0.87538612427783857     
 mdl_sqrt__sw2 =   0.48342438232036300     
 mdl_sw =   0.48342438232036300     
 mdl_g1 =   0.35807170271074895     
 mdl_gN =   0.64839716719502682     
 mdl_gw =   0.64839716719502682     
 mdl_vev =    246.22056907348590     
 mdl_vev__exp__2 =    60624.568634871241     
 mdl_lam =   0.12886689630821144     
 mdl_yt =   0.98791394091683138     
 mdl_muH =    88.388347648318444     
 mdl_I2a33 =  ( 0.98791394091683138     ,  0.0000000000000000     )
 mdl_I3a33 =  ( 0.98791394091683138     ,  0.0000000000000000     )
 mdl_ee__exp__2 =    9.8251529432049817E-002
 mdl_sw__exp__2 =   0.23369913342182450     
 mdl_cw__exp__2 =   0.76630086657817542     
  Internal Params evaluated point by point
  ----------------------------------------
  
 mdl_sqrt__aS =   0.34409301068170506     
 mdl_G__exp__2 =    1.4878582807401259     
  Couplings of SM_HeavyN_UFO
  ---------------------------------
  
         GC_1 =  -0.00000E+00  -0.10448E+00
         GC_2 =   0.00000E+00   0.20897E+00
         GC_3 =  -0.00000E+00  -0.31345E+00
         GC_4 =   0.00000E+00   0.31345E+00
        GC_26 =   0.00000E+00   0.45849E+00
        GC_27 =  -0.00000E+00  -0.28380E+00
        GC_28 =   0.00000E+00   0.28380E+00
        GC_30 =   0.00000E+00   0.56760E+00
        GC_35 =  -0.00000E+00  -0.28850E-01
        GC_37 =   0.00000E+00   0.17310E+00
        GC_39 =   0.00000E+00  -0.19725E+00
        GC_40 =   0.00000E+00   0.37035E+00
        GC_80 =   0.00000E+00   0.67543E+02
       GC_107 =  -0.00000E+00  -0.74070E+00
       GC_109 =  -0.00000E+00  -0.74070E+00
       GC_111 =  -0.00000E+00  -0.74070E+00
       GC_113 =  -0.00000E+00  -0.74070E+00
       GC_115 =  -0.00000E+00  -0.74070E+00
       GC_117 =  -0.00000E+00  -0.74070E+00
       GC_119 =   0.00000E+00   0.00000E+00
       GC_120 =   0.00000E+00   0.00000E+00
       GC_122 =  -0.00000E+00  -0.00000E+00
       GC_126 =   0.00000E+00   0.00000E+00
       GC_127 =   0.00000E+00   0.00000E+00
       GC_129 =  -0.00000E+00  -0.00000E+00
       GC_133 =   0.00000E+00   0.45849E+00
       GC_134 =   0.00000E+00   0.37035E+00
       GC_136 =  -0.00000E+00  -0.89351E+01
        GC_81 =   0.40000E+02   0.00000E+00
        GC_82 =   0.42000E+02   0.00000E+00
        GC_83 =   0.44000E+02   0.00000E+00

 Collider parameters:
 --------------------

 Running at P P   machine @    13000.000000000000       GeV
 PDF set = nn23lo1
 alpha_s(Mz)= 0.1300 running at 2 loops.
 alpha_s(Mz)= 0.1300 running at 2 loops.
 Renormalization scale set on event-by-event basis
 Factorization   scale set on event-by-event basis


 getting user params
Enter number of events and max and min iterations: 
 Number of events and iterations         1000           5           3
Enter desired fractional accuracy: 
 Desired fractional accuracy:   0.10000000000000001     
Enter 0 for fixed, 2 for adjustable grid: 
Suppress amplitude (0 no, 1 yes)? 
 Using suppressed amplitude.
Exact helicity sum (0 yes, n = number/event)? 
 Explicitly summing over helicities
Enter Configuration Number: 
Running Configuration Number:  342
 Using dconfig=         617
 BW Setting            2           1           2           1           1           2           0
 Attempting mappinvarients           1           9
 Completed mapping           9
 about to integrate           19        1000           5           3          19           1
 Using non-zero grid deformation.
 19 dimensions   1000 events 19 invarients  5 iterations  1 config(s),  (0.99)
 Using h-tuple random number sequence.
 Error opening grid
 Using Uniform Grid!          36
 Using uniform alpha   1.0000000000000000     
 Grid defined OK
 Set CM energy to      13000.00
 Mapping Graph         342  to config         342
Setting grid   1    0.75740E-07   1
 Setting BW          -2           2   79.824359746197842     
Setting grid   3    0.31513E-04   1
 Setting BW          -4           4   2200.0000000000000     
 Setting BW          -5           5   2200.0000000000000     
Setting grid   6    0.29417E-01   1
 Transforming s_hat 1/s           18   2.9417199962093264E-002   1600.0000000000000        168999999.99999997     
 342   1   2   3   4   5   6   7   8   9  10  11  12  13  14
  15  16  17  18  19
 Masses: 0.000E+00 0.000E+00 0.000E+00 0.000E+00 0.000E+00 0.000E+00 0.000E+00 0.000E+00 0.912E+02
Using random seed offsets   342 :      1
  with seed                   24
 Ranmar initialization seeds          72        9398
 
 ********************************************
 * You are using the DiscreteSampler module *
 *      part of the MG5_aMC framework       *
 *         Author: Valentin Hirschi         *
 ********************************************
 
  Particle       3       4       5       6       7       8       9
      Et >    10.0    10.0    10.0    10.0     0.0     0.0     0.0
       E >     0.0     0.0     0.0     0.0     0.0     0.0     0.0
     Eta <     2.5     2.5     2.5     2.5    -1.0    -1.0    -1.0
   xqcut:      0.0     0.0     0.0     0.0     0.0     0.0     0.0
d R # 3  >    -0.0     0.4     0.4     0.4     0.0     0.0     0.0
d R # 4  >    -0.0    -0.0     0.4     0.4     0.0     0.0     0.0
d R # 5  >    -0.0    -0.0    -0.0     0.4     0.0     0.0     0.0
d R # 6  >    -0.0    -0.0    -0.0    -0.0     0.0     0.0     0.0
d R # 7  >    -0.0    -0.0    -0.0    -0.0    -0.0     0.0     0.0
d R # 8  >    -0.0    -0.0    -0.0    -0.0    -0.0    -0.0     0.0
s min # 3>     0.0     0.0     0.0     0.0     0.0     0.0     0.0
s min # 4>     0.0     0.0     0.0     0.0     0.0     0.0     0.0
s min # 5>     0.0     0.0     0.0     0.0     0.0     0.0     0.0
s min # 6>     0.0     0.0     0.0     0.0     0.0     0.0     0.0
s min # 7>     0.0     0.0     0.0     0.0     0.0     0.0     0.0
s min # 8>     0.0     0.0     0.0     0.0     0.0     0.0     0.0
xqcutij # 3>     0.0     0.0     0.0     0.0     0.0     0.0     0.0
xqcutij # 4>     0.0     0.0     0.0     0.0     0.0     0.0     0.0
xqcutij # 5>     0.0     0.0     0.0     0.0     0.0     0.0     0.0
xqcutij # 6>     0.0     0.0     0.0     0.0     0.0     0.0     0.0
xqcutij # 7>     0.0     0.0     0.0     0.0     0.0     0.0     0.0
xqcutij # 8>     0.0     0.0     0.0     0.0     0.0     0.0     0.0
 Excluding BW           -1           1
 Requiring BW           -2           2
 Excluding BW           -3           3
 Requiring BW           -4           4
 Requiring BW           -5           5
 Excluding BW           -6           6
 alpha_s for scale    2259.1444086528763       is    8.4942061943401814E-002
 Added good helicity            1   26.413943879097612       in event            1 local:           1
 Added good helicity           21   9.3987454348133333E-008  in event            1 local:           1
 Added good helicity           25   1.2606780500341410E-008  in event            1 local:           1
 Added good helicity           37   2.9440388450704374E-002  in event            1 local:           1
 Added good helicity           41   9.3106885937421039E-005  in event            1 local:           1
 Added good helicity          193   201.17785353246813       in event            1 local:           1
 Added good helicity          213   2.1061310646845573E-006  in event            1 local:           1
 Added good helicity          217   3.7584675499746842E-006  in event            1 local:           1
 Added good helicity          229   28.373835728134615       in event            1 local:           1
 Added good helicity          233   4.8273884386703086E-003  in event            1 local:           1
 Added good helicity            1   26.413943879103510       in event            1 local:           1
 Added good helicity           21   9.3987454348167214E-008  in event            1 local:           1
 Added good helicity           25   1.2606780500348719E-008  in event            1 local:           1
 Added good helicity           37   2.9440388450700752E-002  in event            1 local:           1
 Added good helicity           41   9.3106885937354808E-005  in event            1 local:           1
 Added good helicity          193   201.17785353246330       in event            1 local:           1
 Added good helicity          213   2.1061310646849545E-006  in event            1 local:           1
 Added good helicity          217   3.7584675499747867E-006  in event            1 local:           1
 Added good helicity          229   28.373835728133550       in event            1 local:           1
 Added good helicity          233   4.8273884386694863E-003  in event            1 local:           1
 Added good helicity           61   1.2832248198656545E-007  in event            4 local:           2
 Added good helicity          253   6.6067561174904195E-007  in event            4 local:           2
 Added good helicity           61   1.2832248198658610E-007  in event            4 local:           2
 Added good helicity          253   6.6067561174913544E-007  in event            4 local:           2
 RESET CUMULATIVE VARIABLE
 RESET CUMULATIVE VARIABLE
 RESET CUMULATIVE VARIABLE
 Iteration  1   Mean: 0.9599E-11 Abs mean: 0.9599E-11   Fluctuation:  0.242E-11   0.177E-08     0.5%
  1    0.9599E-11 0.9599E-11 +- 0.2424E-11      7.88
 Writing out events   3.8397453691318545E-013   7.8753241311833033     
 Relative summed weights:
  0.8819E-01  0.7234E-03  0.1020E-01  0.5058E-01  0.0000E+00  0.0000E+00
  0.2016E+00  0.8310E-02  0.1566E-02  0.7947E-01  0.0000E+00  0.0000E+00
  0.1114E-01  0.7668E-02  0.1623E-01  0.5490E-04  0.0000E+00  0.0000E+00
  0.4597E-01  0.1013E-01  0.4290E-02  0.3787E-02  0.0000E+00  0.0000E+00
  0.1208E-01  0.1113E-01  0.5742E-05  0.1808E-02  0.0000E+00  0.0000E+00
  0.3276E-02  0.9969E-02  0.4147E-02  0.3012E-02  0.0000E+00  0.0000E+00
  0.1266E+00  0.1015E+00  0.2331E-02  0.7254E-01  0.0000E+00  0.0000E+00
  0.4561E-01  0.2342E-01  0.4153E-01  0.1164E-02  0.0000E+00  0.0000E+00
 Relative number of events:
  0.1527E-01  0.2342E-01  0.1120E-01  0.1222E-01  0.0000E+00  0.0000E+00
  0.6823E-01  0.4990E-01  0.3971E-01  0.3157E-01  0.0000E+00  0.0000E+00
  0.2138E-01  0.1731E-01  0.1833E-01  0.5092E-02  0.0000E+00  0.0000E+00
  0.5092E-01  0.5804E-01  0.3666E-01  0.3870E-01  0.0000E+00  0.0000E+00
  0.2342E-01  0.2240E-01  0.1324E-01  0.1222E-01  0.0000E+00  0.0000E+00
  0.1833E-01  0.1222E-01  0.2138E-01  0.7128E-02  0.0000E+00  0.0000E+00
  0.5499E-01  0.7026E-01  0.2953E-01  0.3157E-01  0.0000E+00  0.0000E+00
  0.5906E-01  0.4684E-01  0.3870E-01  0.4073E-01  0.0000E+00  0.0000E+00
 Events:
          15          23          11          12           0           0
          67          49          39          31           0           0
          21          17          18           5           0           0
          50          57          36          38           0           0
          23          22          13          12           0           0
          18          12          21           7           0           0
          54          69          29          31           0           0
          58          46          38          40           0           0
 Iteration  2   Mean: 0.2449E-10 Abs mean: 0.2449E-10   Fluctuation:  0.695E-11   0.105E-07    17.9%
  2    0.2449E-10 0.2449E-10 +- 0.6947E-11     12.69
 Relative summed weights:
  0.2963E-02  0.1788E-01  0.4222E-02  0.2349E+00  0.2907E-02  0.0000E+00
  0.2178E-01  0.3471E-01  0.2881E-01  0.7437E-02  0.0000E+00  0.1338E-05
  0.4424E-01  0.6904E-02  0.3769E-01  0.2877E-02  0.0000E+00  0.0000E+00
  0.1531E-01  0.1914E-01  0.9368E-02  0.2040E+00  0.0000E+00  0.0000E+00
  0.5832E-01  0.1458E-01  0.4874E-02  0.1097E-02  0.0000E+00  0.0000E+00
  0.1397E-01  0.7206E-02  0.3552E-01  0.5351E-02  0.0000E+00  0.5932E-04
  0.2518E-01  0.2175E-01  0.7529E-02  0.1204E-01  0.0000E+00  0.0000E+00
  0.2519E-01  0.1842E-01  0.2574E-01  0.2798E-01  0.0000E+00  0.0000E+00
 Relative number of events:
  0.1450E-01  0.1750E-01  0.1450E-01  0.1300E-01  0.5000E-03  0.0000E+00
  0.6500E-01  0.5350E-01  0.4300E-01  0.3750E-01  0.0000E+00  0.1000E-02
  0.2100E-01  0.2500E-01  0.1050E-01  0.9000E-02  0.0000E+00  0.0000E+00
  0.5200E-01  0.6500E-01  0.3050E-01  0.3350E-01  0.0000E+00  0.0000E+00
  0.1500E-01  0.1500E-01  0.1300E-01  0.1100E-01  0.0000E+00  0.0000E+00
  0.2050E-01  0.1800E-01  0.1350E-01  0.1150E-01  0.0000E+00  0.5000E-03
  0.5800E-01  0.5750E-01  0.3300E-01  0.4250E-01  0.0000E+00  0.0000E+00
  0.5800E-01  0.6250E-01  0.2950E-01  0.3450E-01  0.0000E+00  0.0000E+00
 Events:
          29          35          29          26           1           0
         130         107          86          75           0           2
          42          50          21          18           0           0
         104         130          61          67           0           0
          30          30          26          22           0           0
          41          36          27          23           0           1
         116         115          66          85           0           0
         116         125          59          69           0           0
 Iteration  3   Mean: 0.2103E-10 Abs mean: 0.2103E-10   Fluctuation:  0.330E-11   0.799E-08    60.8%
  3    0.2103E-10 0.2103E-10 +- 0.3298E-11      9.92
 Relative summed weights:
  0.4635E-01  0.2014E-01  0.1233E-01  0.1097E+00  0.0000E+00  0.5514E-05
  0.3010E-01  0.2173E-01  0.1850E-01  0.1237E-01  0.8085E-05  0.3235E-04
  0.5870E-01  0.3100E-01  0.3199E-01  0.2854E-01  0.5811E-05  0.2772E-03
  0.1966E-01  0.1902E-01  0.2221E-01  0.3843E-01  0.0000E+00  0.2534E-06
  0.2218E-01  0.1153E+00  0.6081E-02  0.1142E-01  0.0000E+00  0.2438E-06
  0.1600E-01  0.6094E-01  0.1868E-01  0.1039E-01  0.0000E+00  0.0000E+00
  0.3283E-01  0.5926E-01  0.8492E-02  0.1182E-01  0.7348E-04  0.1594E-03
  0.4127E-01  0.3261E-01  0.1226E-01  0.1910E-01  0.0000E+00  0.3002E-11
 Relative number of events:
  0.2000E-01  0.1975E-01  0.1075E-01  0.1200E-01  0.0000E+00  0.2500E-03
  0.5450E-01  0.6000E-01  0.3375E-01  0.3275E-01  0.2500E-03  0.2500E-03
  0.1950E-01  0.2150E-01  0.9500E-02  0.1100E-01  0.2500E-03  0.2500E-03
  0.5950E-01  0.5975E-01  0.3650E-01  0.3750E-01  0.0000E+00  0.2500E-03
  0.1900E-01  0.2100E-01  0.1150E-01  0.1425E-01  0.0000E+00  0.2500E-03
  0.1950E-01  0.1700E-01  0.1250E-01  0.1175E-01  0.0000E+00  0.0000E+00
  0.5625E-01  0.5200E-01  0.3450E-01  0.3550E-01  0.5000E-03  0.2500E-03
  0.6100E-01  0.6650E-01  0.3475E-01  0.3175E-01  0.0000E+00  0.5000E-03
 Events:
          80          79          43          48           0           1
         218         240         135         131           1           1
          78          86          38          44           1           1
         238         239         146         150           0           1
          76          84          46          57           0           1
          78          68          50          47           0           0
         225         208         138         142           2           1
         244         266         139         127           0           2
 Accuracy:    0.197   0.100   0.121   2.657
 Found          241  events.
 Wrote           10  events.
 Actual xsec    1.9045392752011832E-011
 Correct abs xsec    1.9045392752011832E-011
 Event xsec    1.9045392752011842E-011
 Events wgts > 1:            0
 % Cross section > 1:    0.0000000000000000        0.0000000000000000     
 Iteration  4   Mean: 0.1664E-10 Abs mean: 0.1664E-10   Fluctuation:  0.153E-11   0.946E-08    69.8%
  4    0.1664E-10 0.1664E-10 +- 0.1533E-11      8.24
 Relative summed weights:
  0.2936E-01  0.3517E-01  0.2799E-01  0.8926E-01  0.7575E-03  0.0000E+00
  0.3780E-01  0.3621E-01  0.1667E-01  0.1586E-01  0.2811E-04  0.8437E-05
  0.3280E-01  0.2053E-01  0.1488E-01  0.1729E-01  0.1464E-03  0.1406E-05
  0.3570E-01  0.4337E-01  0.2013E-01  0.2181E-01  0.9204E-05  0.1845E-06
  0.3040E-01  0.5352E-01  0.3815E-01  0.4777E-01  0.1981E-05  0.0000E+00
  0.3849E-01  0.2767E-01  0.2202E-01  0.1868E-01  0.0000E+00  0.0000E+00
  0.3560E-01  0.3345E-01  0.1903E-01  0.1638E-01  0.0000E+00  0.6395E-04
  0.3493E-01  0.4457E-01  0.1449E-01  0.2902E-01  0.0000E+00  0.5163E-06
 Relative number of events:
  0.1725E-01  0.2075E-01  0.1337E-01  0.1100E-01  0.1250E-03  0.0000E+00
  0.6275E-01  0.5700E-01  0.3413E-01  0.3200E-01  0.1250E-03  0.1250E-03
  0.1787E-01  0.1750E-01  0.9375E-02  0.1025E-01  0.1250E-03  0.1250E-03
  0.5912E-01  0.6137E-01  0.3562E-01  0.3275E-01  0.1250E-03  0.1250E-03
  0.1950E-01  0.2187E-01  0.1150E-01  0.1275E-01  0.1250E-03  0.0000E+00
  0.1900E-01  0.2050E-01  0.1137E-01  0.1050E-01  0.0000E+00  0.0000E+00
  0.6225E-01  0.5925E-01  0.3413E-01  0.3075E-01  0.0000E+00  0.1250E-03
  0.6037E-01  0.6225E-01  0.3338E-01  0.3725E-01  0.0000E+00  0.1250E-03
 Events:
         138         166         107          88           1           0
         502         456         273         256           1           1
         143         140          75          82           1           1
         473         491         285         262           1           1
         156         175          92         102           1           0
         152         164          91          84           0           0
         498         474         273         246           0           1
         483         498         267         298           0           1
 Accuracy:    0.113   0.100   0.073   2.365
 Found          542  events.
 Wrote           14  events.
 Actual xsec    1.8253906940858068E-011
 Correct abs xsec    1.8253906940858068E-011
 Event xsec    1.8253906940858068E-011
 Events wgts > 1:            0
 % Cross section > 1:    0.0000000000000000        0.0000000000000000     
 Iteration  5   Mean: 0.1570E-10 Abs mean: 0.1570E-10   Fluctuation:  0.576E-12   0.391E-08    71.3%
  5    0.1570E-10 0.1570E-10 +- 0.5760E-12      4.64
 Relative summed weights:
  0.5009E-01  0.2985E-01  0.1742E-01  0.4170E-01  0.0000E+00  0.1361E-05
  0.3847E-01  0.3489E-01  0.3410E-01  0.2717E-01  0.5139E-03  0.1069E-03
  0.4855E-01  0.3667E-01  0.2839E-01  0.2379E-01  0.0000E+00  0.0000E+00
  0.3706E-01  0.3471E-01  0.2138E-01  0.2775E-01  0.5161E-03  0.5184E-04
  0.2830E-01  0.2911E-01  0.2017E-01  0.2803E-01  0.3319E-03  0.3904E-03
  0.3409E-01  0.3129E-01  0.3212E-01  0.1819E-01  0.0000E+00  0.0000E+00
  0.3635E-01  0.4392E-01  0.1935E-01  0.1765E-01  0.5663E-03  0.4533E-05
  0.3443E-01  0.3985E-01  0.2464E-01  0.2789E-01  0.2283E-04  0.1457E-03
 Relative number of events:
  0.2050E-01  0.1887E-01  0.1075E-01  0.1131E-01  0.0000E+00  0.6250E-04
  0.6131E-01  0.5775E-01  0.3556E-01  0.3506E-01  0.3750E-03  0.3125E-03
  0.1831E-01  0.1994E-01  0.1150E-01  0.1006E-01  0.0000E+00  0.0000E+00
  0.5969E-01  0.5937E-01  0.3544E-01  0.3450E-01  0.3750E-03  0.3750E-03
  0.1963E-01  0.1731E-01  0.1112E-01  0.1213E-01  0.2500E-03  0.6250E-04
  0.1781E-01  0.1937E-01  0.1119E-01  0.9687E-02  0.0000E+00  0.0000E+00
  0.5875E-01  0.5994E-01  0.3562E-01  0.3438E-01  0.2500E-03  0.6250E-04
  0.6031E-01  0.6181E-01  0.3531E-01  0.3319E-01  0.1250E-03  0.2500E-03
 Events:
         328         302         172         181           0           1
         981         924         569         561           6           5
         293         319         184         161           0           0
         955         950         567         552           6           6
         314         277         178         194           4           1
         285         310         179         155           0           0
         940         959         570         550           4           1
         965         989         565         531           2           4
 Accuracy:    0.053   0.100   0.033   2.590
 Finished due to accuracy    5.2774366459863289E-002  0.10000000000000001     

 -------------------------------------------------------------------------------
 Accumulated results:   Integral =  0.1607E-10
                        Std dev  =  0.5270E-12
                       Cross sec =  0.1607E-10
             Chi**2 per DoF.     =      2.5895
 -------------------------------------------------------------------------------
 Found         1514  events.
 Wrote          109  events.
 Actual xsec    1.6065069646849490E-011
 Correct abs xsec    1.6065069646849490E-011
 Event xsec    1.6065069646849480E-011
 Events wgts > 1:            3
 % Cross section > 1:    1.1305692284451166E-013  0.70374374546632135     
-------------------------------------------------
---------------------------
 Results Last   3 iters: Integral =   0.1607E-10
                     Abs integral =   0.1607E-10
                          Std dev =   0.5350E-12
                  Chi**2 per DoF. =      1.4001
-------------------------------------------------
---------------------------
 Status  0.10000000000000001                6           5

ls status:
events.lhe
ftn26
input_app.txt
results.dat
run1_app.log
