 Process in group number            1
 A PDF is used, so alpha_s(MZ) is going to be modified
 Old value of alpha_s from param_card:   0.11839999999999999     
  ****************************************
 
       NNPDFDriver version 1.0.3
   Grid: NNPDF23_lo_as_0130_qed_mem0.grid
  ****************************************
 New value of alpha_s from PDF nn23lo1:  0.13000000000000000     
 Define smin to   1600.0000000000000     
 Define smin to   1600.0000000000000     
 Define smin to   1600.0000000000000     
 *****************************************************
 *               MadGraph/MadEvent                   *
 *        --------------------------------           *
 *          http://madgraph.hep.uiuc.edu             *
 *          http://madgraph.phys.ucl.ac.be           *
 *          http://madgraph.roma2.infn.it            *
 *        --------------------------------           *
 *                                                   *
 *          PARAMETER AND COUPLING VALUES            *
 *                                                   *
 *****************************************************

  External Params
  ---------------------------------
  
 mdl_VeN1 =    1.0000000000000000     
 mdl_VeN2 =    0.0000000000000000     
 mdl_VeN3 =    0.0000000000000000     
 mdl_VmuN1 =    0.0000000000000000     
 mdl_VmuN2 =    1.0000000000000000     
 mdl_VmuN3 =    0.0000000000000000     
 mdl_VtaN1 =    0.0000000000000000     
 mdl_VtaN2 =    0.0000000000000000     
 mdl_VtaN3 =    1.0000000000000000     
 mdl_VN1N1 =    1.0000000000000000     
 mdl_VN1N2 =    1.0000000000000000     
 mdl_VN1N3 =    1.0000000000000000     
 mdl_VN2N2 =    1.0000000000000000     
 mdl_VN2N3 =    1.0000000000000000     
 mdl_VN3N3 =    1.0000000000000000     
 aEWM1 =    127.90000000000001     
 mdl_Gf =    1.1663700000000000E-005
 aS =   0.11839999999999999     
 mdl_ymt =    172.00000000000000     
 mdl_vevf =    50.000000000000000     
 mdl_MZ =    91.187600000000003     
 mdl_MT =    172.00000000000000     
 mdl_MH =    125.00000000000000     
 mdl_mN1 =    1644.0000000000000     
 mdl_mN2 =    1744.0000000000000     
 mdl_mN3 =    1844.0000000000000     
 mdl_MJ =    91.187600000000003     
 mdl_MAx =    173.04800000000000     
 mdl_WZ =    2.4952000000000001     
 mdl_WW =    2.0850000000000000     
 mdl_WT =    1.5083359999999999     
 mdl_WH =    4.0699999999999998E-003
 mdl_WN1 =   0.30299999999999999     
 mdl_WN2 =    1.5000000000000000     
 mdl_WN3 =    12.300000000000001     
 mdl_WJ =    2.4952000000000001     
 mdl_WAx =    4.1700000000000001E-003
  Internal Params
  ---------------------------------
  
 mdl_vevf__exp__2 =    2500.0000000000000     
 mdl_sqrt__vevf__exp__2 =    50.000000000000000     
 mdl_muJ =    50.000000000000000     
 mdl_MZ__exp__2 =    8315.1783937600012     
 mdl_MZ__exp__4 =    69142191.720053151     
 mdl_sqrt__2 =    1.4142135623730951     
 mdl_MJ__exp__2 =    8315.1783937600012     
 mdl_muJ__exp__2 =    2500.0000000000000     
 mdl_lamJ =    4.3260713575040004     
 mdl_MH__exp__2 =    15625.000000000000     
 mdl_complexi =  (  0.0000000000000000     ,  1.0000000000000000     )
 mdl_aEW =    7.8186082877247844E-003
 mdl_MW =    79.824359746197842     
 mdl_sqrt__aEW =    8.8422894590285753E-002
 mdl_ee =   0.31345100004952897     
 mdl_MW__exp__2 =    6371.9284088904105     
 mdl_sw2 =   0.23369913342182447     
 mdl_cw =   0.87538612427783857     
 mdl_sqrt__sw2 =   0.48342438232036300     
 mdl_sw =   0.48342438232036300     
 mdl_g1 =   0.35807170271074895     
 mdl_gN =   0.64839716719502682     
 mdl_gw =   0.64839716719502682     
 mdl_vev =    246.22056907348590     
 mdl_vev__exp__2 =    60624.568634871241     
 mdl_lam =   0.12886689630821144     
 mdl_yt =   0.98791394091683138     
 mdl_muH =    88.388347648318444     
 mdl_I2a33 =  ( 0.98791394091683138     ,  0.0000000000000000     )
 mdl_I3a33 =  ( 0.98791394091683138     ,  0.0000000000000000     )
 mdl_ee__exp__2 =    9.8251529432049817E-002
 mdl_sw__exp__2 =   0.23369913342182450     
 mdl_cw__exp__2 =   0.76630086657817542     
  Internal Params evaluated point by point
  ----------------------------------------
  
 mdl_sqrt__aS =   0.34409301068170506     
 mdl_G__exp__2 =    1.4878582807401259     
  Couplings of SM_HeavyN_UFO
  ---------------------------------
  
         GC_1 =  -0.00000E+00  -0.10448E+00
         GC_2 =   0.00000E+00   0.20897E+00
         GC_3 =  -0.00000E+00  -0.31345E+00
         GC_4 =   0.00000E+00   0.31345E+00
        GC_26 =   0.00000E+00   0.45849E+00
        GC_27 =  -0.00000E+00  -0.28380E+00
        GC_28 =   0.00000E+00   0.28380E+00
        GC_30 =   0.00000E+00   0.56760E+00
        GC_35 =  -0.00000E+00  -0.28850E-01
        GC_37 =   0.00000E+00   0.17310E+00
        GC_39 =   0.00000E+00  -0.19725E+00
        GC_40 =   0.00000E+00   0.37035E+00
        GC_80 =   0.00000E+00   0.67543E+02
       GC_107 =  -0.00000E+00  -0.74070E+00
       GC_109 =  -0.00000E+00  -0.74070E+00
       GC_111 =  -0.00000E+00  -0.74070E+00
       GC_113 =  -0.00000E+00  -0.74070E+00
       GC_115 =  -0.00000E+00  -0.74070E+00
       GC_117 =  -0.00000E+00  -0.74070E+00
       GC_119 =   0.00000E+00   0.00000E+00
       GC_120 =   0.00000E+00   0.00000E+00
       GC_122 =  -0.00000E+00  -0.00000E+00
       GC_126 =   0.00000E+00   0.00000E+00
       GC_127 =   0.00000E+00   0.00000E+00
       GC_129 =  -0.00000E+00  -0.00000E+00
       GC_133 =   0.00000E+00   0.45849E+00
       GC_134 =   0.00000E+00   0.37035E+00
       GC_136 =  -0.00000E+00  -0.74892E+01
        GC_81 =   0.32880E+02   0.00000E+00
        GC_82 =   0.34880E+02   0.00000E+00
        GC_83 =   0.36880E+02   0.00000E+00

 Collider parameters:
 --------------------

 Running at P P   machine @    13000.000000000000       GeV
 PDF set = nn23lo1
 alpha_s(Mz)= 0.1300 running at 2 loops.
 alpha_s(Mz)= 0.1300 running at 2 loops.
 Renormalization scale set on event-by-event basis
 Factorization   scale set on event-by-event basis


 getting user params
Enter number of events and max and min iterations: 
 Number of events and iterations         1000           5           3
Enter desired fractional accuracy: 
 Desired fractional accuracy:   0.10000000000000001     
Enter 0 for fixed, 2 for adjustable grid: 
Suppress amplitude (0 no, 1 yes)? 
 Using suppressed amplitude.
Exact helicity sum (0 yes, n = number/event)? 
 Explicitly summing over helicities
Enter Configuration Number: 
Running Configuration Number:  392
 Using dconfig=         719
 BW Setting            2           2           1           2           2           2           0
 Attempting mappinvarients           1           9
 Completed mapping           9
 about to integrate           19        1000           5           3          19           1
 Using non-zero grid deformation.
 19 dimensions   1000 events 19 invarients  5 iterations  1 config(s),  (0.99)
 Using h-tuple random number sequence.
 Error opening grid
 Using Uniform Grid!          36
 Using uniform alpha   1.0000000000000000     
 Grid defined OK
 Set CM energy to      13000.00
 Mapping Graph         392  to config         392
Setting grid   1    0.59172E-08   1
Setting grid   2    0.59172E-08   1
 Setting BW          -3           3   1844.0000000000000     
Setting grid   4    0.75740E-07   1
Setting grid   5    0.75740E-07   1
Setting grid   6    0.18876E-01   1
 Transforming s_hat 1/s           18   1.9224889053254441E-002   1600.0000000000000        168999999.99999997     
 392   1   2   3   4   5   6   7   8   9  10  11  12  13  14
  15  16  17  18  19
 Masses: 0.000E+00 0.000E+00 0.000E+00 0.000E+00 0.000E+00 0.000E+00 0.000E+00 0.000E+00 0.912E+02
Using random seed offsets   392 :      1
  with seed                   24
 Ranmar initialization seeds         122        9398
 
 ********************************************
 * You are using the DiscreteSampler module *
 *      part of the MG5_aMC framework       *
 *         Author: Valentin Hirschi         *
 ********************************************
 
  Particle       3       4       5       6       7       8       9
      Et >    10.0    10.0    10.0    10.0     0.0     0.0     0.0
       E >     0.0     0.0     0.0     0.0     0.0     0.0     0.0
     Eta <     2.5     2.5     2.5     2.5    -1.0    -1.0    -1.0
   xqcut:      0.0     0.0     0.0     0.0     0.0     0.0     0.0
d R # 3  >    -0.0     0.4     0.4     0.4     0.0     0.0     0.0
d R # 4  >    -0.0    -0.0     0.4     0.4     0.0     0.0     0.0
d R # 5  >    -0.0    -0.0    -0.0     0.4     0.0     0.0     0.0
d R # 6  >    -0.0    -0.0    -0.0    -0.0     0.0     0.0     0.0
d R # 7  >    -0.0    -0.0    -0.0    -0.0    -0.0     0.0     0.0
d R # 8  >    -0.0    -0.0    -0.0    -0.0    -0.0    -0.0     0.0
s min # 3>     0.0     0.0     0.0     0.0     0.0     0.0     0.0
s min # 4>     0.0     0.0     0.0     0.0     0.0     0.0     0.0
s min # 5>     0.0     0.0     0.0     0.0     0.0     0.0     0.0
s min # 6>     0.0     0.0     0.0     0.0     0.0     0.0     0.0
s min # 7>     0.0     0.0     0.0     0.0     0.0     0.0     0.0
s min # 8>     0.0     0.0     0.0     0.0     0.0     0.0     0.0
xqcutij # 3>     0.0     0.0     0.0     0.0     0.0     0.0     0.0
xqcutij # 4>     0.0     0.0     0.0     0.0     0.0     0.0     0.0
xqcutij # 5>     0.0     0.0     0.0     0.0     0.0     0.0     0.0
xqcutij # 6>     0.0     0.0     0.0     0.0     0.0     0.0     0.0
xqcutij # 7>     0.0     0.0     0.0     0.0     0.0     0.0     0.0
xqcutij # 8>     0.0     0.0     0.0     0.0     0.0     0.0     0.0
 Excluding BW           -1           1
 Excluding BW           -2           2
 Requiring BW           -3           3
 Excluding BW           -4           4
 Excluding BW           -5           5
 Excluding BW           -6           6
 alpha_s for scale    617.52907491368319       is    9.8696914905026994E-002
 Added good helicity            1   2.9932213230695117       in event            1 local:           1
 Added good helicity           21   1.6582632530593369       in event            1 local:           1
 Added good helicity           25   25.112388220961030       in event            1 local:           1
 Added good helicity           37   1.6666934134154010E-003  in event            1 local:           1
 Added good helicity           41   2.7163391738117861E-002  in event            1 local:           1
 Added good helicity           61   5.2686343678157003E-004  in event            1 local:           1
 Added good helicity          193   163.78625807589964       in event            1 local:           1
 Added good helicity          213   51.996140961867425       in event            1 local:           1
 Added good helicity          217   4.6483171751784935       in event            1 local:           1
 Added good helicity          229   1.9641740432883039E-003  in event            1 local:           1
 Added good helicity          233   4.8177721540465424       in event            1 local:           1
 Added good helicity          253  0.95631771328641146       in event            1 local:           1
 Added good helicity            1   2.9932213230657352       in event            1 local:           1
 Added good helicity           21   1.6582632530567913       in event            1 local:           1
 Added good helicity           25   25.112388220923240       in event            1 local:           1
 Added good helicity           37   1.6666934134135082E-003  in event            1 local:           1
 Added good helicity           41   2.7163391738098206E-002  in event            1 local:           1
 Added good helicity           61   5.2686343678044214E-004  in event            1 local:           1
 Added good helicity          193   163.78625807595535       in event            1 local:           1
 Added good helicity          213   51.996140961872015       in event            1 local:           1
 Added good helicity          217   4.6483171751714369       in event            1 local:           1
 Added good helicity          229   1.9641740433042512E-003  in event            1 local:           1
 Added good helicity          233   4.8177721540389911       in event            1 local:           1
 Added good helicity          253  0.95631771328487480       in event            1 local:           1
 RESET CUMULATIVE VARIABLE
 RESET CUMULATIVE VARIABLE
 RESET CUMULATIVE VARIABLE
 Iteration  1   Mean: 0.3181E-12 Abs mean: 0.3181E-12   Fluctuation:  0.172E-12   0.159E-09    13.1%
  1    0.3181E-12 0.3181E-12 +- 0.1720E-12     17.09
 Writing out events   4.8590770435718107E-016   17.094631097820049     
 Relative summed weights:
  0.5020E-04  0.7306E-03  0.1416E-02  0.1313E+00  0.1401E-05  0.1450E-05
  0.3466E-02  0.5402E-02  0.1594E-04  0.7709E-04  0.0000E+00  0.0000E+00
  0.2565E-03  0.6816E-04  0.1923E-02  0.6105E-01  0.0000E+00  0.0000E+00
  0.1268E-03  0.1712E-03  0.6970E-05  0.5419E-05  0.4305E-08  0.0000E+00
  0.2356E-02  0.1784E+00  0.6656E-02  0.2164E-02  0.6751E-05  0.0000E+00
  0.4552E+00  0.5126E-04  0.8266E-03  0.1016E+00  0.3200E-05  0.0000E+00
  0.2055E-03  0.4717E-02  0.2976E-02  0.3322E-01  0.0000E+00  0.0000E+00
  0.4406E-03  0.2487E-04  0.6290E-04  0.4950E-02  0.0000E+00  0.0000E+00
 Relative number of events:
  0.5451E-01  0.4856E-01  0.3964E-01  0.4361E-01  0.9911E-03  0.9911E-03
  0.1685E-01  0.1982E-01  0.7929E-02  0.5946E-02  0.0000E+00  0.0000E+00
  0.4262E-01  0.4955E-01  0.3865E-01  0.5748E-01  0.0000E+00  0.0000E+00
  0.1784E-01  0.1982E-01  0.6938E-02  0.6938E-02  0.1982E-02  0.0000E+00
  0.6640E-01  0.5352E-01  0.5352E-01  0.5253E-01  0.9911E-03  0.0000E+00
  0.5847E-01  0.5154E-01  0.3271E-01  0.4063E-01  0.9911E-03  0.0000E+00
  0.1784E-01  0.1784E-01  0.8920E-02  0.1189E-01  0.0000E+00  0.0000E+00
  0.1982E-01  0.1883E-01  0.5946E-02  0.6938E-02  0.0000E+00  0.0000E+00
 Events:
          55          49          40          44           1           1
          17          20           8           6           0           0
          43          50          39          58           0           0
          18          20           7           7           2           0
          67          54          54          53           1           0
          59          52          33          41           1           0
          18          18           9          12           0           0
          20          19           6           7           0           0
 Iteration  2   Mean: 0.1285E-11 Abs mean: 0.1285E-11   Fluctuation:  0.763E-12   0.129E-08    45.7%
  2    0.1285E-11 0.1285E-11 +- 0.7631E-12     26.56
 Relative summed weights:
  0.1424E-01  0.2235E-03  0.5117E-02  0.1240E-03  0.0000E+00  0.1881E-06
  0.7569E-04  0.5038E-03  0.1166E-03  0.1220E-05  0.0000E+00  0.0000E+00
  0.1025E-01  0.9342E-02  0.1645E-02  0.3304E-02  0.1357E-08  0.7574E-11
  0.5683E-03  0.9005E-03  0.7693E-03  0.7024E-04  0.1230E-08  0.0000E+00
  0.5037E+00  0.2907E-02  0.1759E-04  0.3692E-04  0.0000E+00  0.1195E-08
  0.3041E+00  0.3538E-02  0.6830E-02  0.1650E-03  0.3521E-04  0.3336E-09
  0.1324E-01  0.8035E-03  0.1730E-01  0.9682E-05  0.7229E-12  0.0000E+00
  0.1823E-04  0.1247E-02  0.9889E-01  0.3365E-06  0.0000E+00  0.0000E+00
 Relative number of events:
  0.5650E-01  0.4500E-01  0.4400E-01  0.4200E-01  0.0000E+00  0.5000E-03
  0.1700E-01  0.2200E-01  0.6500E-02  0.6500E-02  0.0000E+00  0.0000E+00
  0.5750E-01  0.5300E-01  0.4300E-01  0.4900E-01  0.5000E-03  0.5000E-03
  0.2500E-01  0.2450E-01  0.6500E-02  0.5000E-02  0.5000E-03  0.0000E+00
  0.5100E-01  0.5650E-01  0.4000E-01  0.4000E-01  0.0000E+00  0.1000E-02
  0.4800E-01  0.6550E-01  0.3500E-01  0.3950E-01  0.1000E-02  0.1000E-02
  0.2400E-01  0.2550E-01  0.6500E-02  0.7000E-02  0.1000E-02  0.0000E+00
  0.1950E-01  0.2050E-01  0.9500E-02  0.3000E-02  0.0000E+00  0.0000E+00
 Events:
         113          90          88          84           0           1
          34          44          13          13           0           0
         115         106          86          98           1           1
          50          49          13          10           1           0
         102         113          80          80           0           2
          96         131          70          79           2           2
          48          51          13          14           2           0
          39          41          19           6           0           0
 Iteration  3   Mean: 0.3389E-11 Abs mean: 0.3389E-11   Fluctuation:  0.321E-11   0.128E-07    58.3%
  3    0.3389E-11 0.3389E-11 +- 0.3209E-11     59.89
 Relative summed weights:
  0.1853E-02  0.2465E-03  0.3519E-02  0.6080E-03  0.1019E-10  0.0000E+00
  0.9470E+00  0.3652E-03  0.6033E-05  0.7280E-03  0.0000E+00  0.2172E-12
  0.2449E-01  0.9344E-03  0.3331E-02  0.1358E-03  0.7134E-03  0.2333E-10
  0.4797E-03  0.5974E-04  0.1203E-03  0.2076E-03  0.0000E+00  0.0000E+00
  0.1896E-02  0.6121E-03  0.7822E-04  0.1902E-03  0.8965E-08  0.5194E-15
  0.2847E-02  0.4941E-02  0.6662E-04  0.7674E-03  0.1278E-05  0.2266E-07
  0.5217E-03  0.2250E-03  0.6331E-04  0.4840E-04  0.0000E+00  0.4094E-07
  0.2829E-02  0.5099E-04  0.6304E-05  0.5493E-04  0.0000E+00  0.0000E+00
 Relative number of events:
  0.5575E-01  0.5125E-01  0.3950E-01  0.3975E-01  0.2500E-03  0.0000E+00
  0.2300E-01  0.2550E-01  0.7500E-02  0.5250E-02  0.0000E+00  0.2500E-03
  0.5475E-01  0.5750E-01  0.4025E-01  0.3950E-01  0.2500E-03  0.2500E-03
  0.2375E-01  0.2125E-01  0.6250E-02  0.6250E-02  0.0000E+00  0.0000E+00
  0.5800E-01  0.5250E-01  0.3975E-01  0.3925E-01  0.1000E-02  0.2500E-03
  0.5600E-01  0.5725E-01  0.3750E-01  0.4050E-01  0.2500E-03  0.2500E-03
  0.2500E-01  0.2075E-01  0.8500E-02  0.6500E-02  0.0000E+00  0.5000E-03
  0.1850E-01  0.2525E-01  0.7500E-02  0.7000E-02  0.0000E+00  0.0000E+00
 Events:
         223         205         158         159           1           0
          92         102          30          21           0           1
         219         230         161         158           1           1
          95          85          25          25           0           0
         232         210         159         157           4           1
         224         229         150         162           1           1
         100          83          34          26           0           2
          74         101          30          28           0           0
 Accuracy:    0.639   0.100   0.368   3.006
 Found           33  events.
 Wrote            1  events.
 Actual xsec    1.1544441013666860E-012
 Correct abs xsec    1.1544441013666860E-012
 Event xsec    1.1544441013666860E-012
 Events wgts > 1:            0
 % Cross section > 1:    0.0000000000000000        0.0000000000000000     
 Iteration  4   Mean: 0.4064E-11 Abs mean: 0.4064E-11   Fluctuation:  0.265E-11   0.204E-07    47.4%
  4    0.4064E-11 0.4064E-11 +- 0.2650E-11     58.33
 Relative summed weights:
  0.1915E-01  0.3740E-02  0.2026E-03  0.2812E-03  0.8474E-09  0.0000E+00
  0.4033E-02  0.2208E-02  0.2948E-03  0.5856E-04  0.0000E+00  0.0000E+00
  0.1996E-01  0.6355E+00  0.5927E-03  0.1103E+00  0.1122E-10  0.1803E-10
  0.4849E-03  0.1220E-01  0.3251E-04  0.1159E-02  0.0000E+00  0.0000E+00
  0.3830E-02  0.1322E+00  0.3899E-01  0.3599E-03  0.3961E-09  0.9175E-07
  0.9534E-02  0.1917E-02  0.3673E-03  0.1103E-03  0.6291E-08  0.3679E-12
  0.1252E-03  0.6700E-04  0.9900E-03  0.4522E-03  0.0000E+00  0.1425E-11
  0.1073E-03  0.7819E-03  0.1355E-04  0.1538E-05  0.0000E+00  0.0000E+00
 Relative number of events:
  0.6200E-01  0.5800E-01  0.3537E-01  0.4138E-01  0.2500E-03  0.0000E+00
  0.2250E-01  0.2212E-01  0.4625E-02  0.5125E-02  0.0000E+00  0.0000E+00
  0.5688E-01  0.5800E-01  0.3887E-01  0.3850E-01  0.1250E-03  0.3750E-03
  0.2250E-01  0.2237E-01  0.7250E-02  0.6625E-02  0.0000E+00  0.0000E+00
  0.5550E-01  0.6100E-01  0.3862E-01  0.3950E-01  0.2500E-03  0.2500E-03
  0.6087E-01  0.5225E-01  0.3825E-01  0.3950E-01  0.5000E-03  0.1250E-03
  0.2212E-01  0.1988E-01  0.5250E-02  0.5750E-02  0.0000E+00  0.1250E-03
  0.2225E-01  0.2375E-01  0.6750E-02  0.4625E-02  0.0000E+00  0.0000E+00
 Events:
         496         464         283         331           2           0
         180         177          37          41           0           0
         455         464         311         308           1           3
         180         179          58          53           0           0
         444         488         309         316           2           2
         487         418         306         316           4           1
         177         159          42          46           0           1
         178         190          54          37           0           0
 Accuracy:    0.479   0.100   0.321   2.231
 Found           51  events.
 Wrote            2  events.
 Actual xsec    2.6940279402933897E-012
 Correct abs xsec    2.6940279402933897E-012
 Event xsec    2.6940279402933897E-012
 Events wgts > 1:            1
 % Cross section > 1:    1.4810748031531521E-019   5.4976222814966700E-006
 Iteration  5   Mean: 0.8821E-11 Abs mean: 0.8821E-11   Fluctuation:  0.364E-11   0.462E-07    48.2%
  5    0.8821E-11 0.8821E-11 +- 0.3639E-11     52.18
 Relative summed weights:
  0.4084E-02  0.9533E-02  0.6285E-02  0.1819E-02  0.1964E-04  0.1237E-05
  0.2257E-01  0.3195E-02  0.1390E+00  0.1600E-02  0.0000E+00  0.6105E-12
  0.6333E-01  0.7514E-02  0.9482E-03  0.2099E-02  0.6710E-06  0.2086E-07
  0.1984E+00  0.3255E-02  0.6898E-01  0.1764E-03  0.8330E-14  0.0000E+00
  0.4035E-02  0.4304E-02  0.1924E-02  0.3561E-02  0.9657E-07  0.2637E-04
  0.1575E-01  0.8433E-02  0.1111E-01  0.3142E-02  0.1219E-04  0.2055E-06
  0.4663E-02  0.3643E-02  0.4524E-02  0.1449E-03  0.5891E-06  0.0000E+00
  0.1215E-02  0.4005E+00  0.1478E-03  0.5996E-04  0.0000E+00  0.4643E-16
 Relative number of events:
  0.5881E-01  0.5725E-01  0.3650E-01  0.3537E-01  0.2500E-03  0.1875E-03
  0.2275E-01  0.2419E-01  0.5875E-02  0.4938E-02  0.0000E+00  0.6250E-04
  0.5894E-01  0.5700E-01  0.3756E-01  0.3706E-01  0.3125E-03  0.1250E-03
  0.2469E-01  0.2150E-01  0.6063E-02  0.4437E-02  0.6250E-04  0.0000E+00
  0.5531E-01  0.5969E-01  0.3944E-01  0.3850E-01  0.4375E-03  0.2500E-03
  0.5981E-01  0.5844E-01  0.3575E-01  0.4013E-01  0.1250E-03  0.1250E-03
  0.2481E-01  0.2456E-01  0.6000E-02  0.6188E-02  0.1250E-03  0.0000E+00
  0.2169E-01  0.2281E-01  0.6313E-02  0.5500E-02  0.0000E+00  0.6250E-04
 Events:
         941         916         584         566           4           3
         364         387          94          79           0           1
         943         912         601         593           5           2
         395         344          97          71           1           0
         885         955         631         616           7           4
         957         935         572         642           2           2
         397         393          96          99           2           0
         347         365         101          88           0           1
 Accuracy:    0.400   0.100   0.253   2.499
 Found          191  events.
 Wrote            2  events.
 Actual xsec    6.9753468909076529E-012
 Correct abs xsec    6.9753468909076529E-012
 Event xsec    6.9753468909076529E-012
 Events wgts > 1:            0
 % Cross section > 1:    0.0000000000000000        0.0000000000000000     

 -------------------------------------------------------------------------------
 Accumulated results:   Integral =  0.4481E-11
                        Std dev  =  0.1134E-11
                       Cross sec =  0.4481E-11
             Chi**2 per DoF.     =      2.4987
 -------------------------------------------------------------------------------
-------------------------------------------------
---------------------------
 Results Last   3 iters: Integral =   0.6975E-11
                     Abs integral =   0.6975E-11
                          Std dev =   0.2282E-11
                  Chi**2 per DoF. =      1.3564
-------------------------------------------------
---------------------------
 Status  0.10000000000000001                6           5

ls status:
events.lhe
ftn26
input_app.txt
results.dat
run1_app.log
