 Process in group number            1
 A PDF is used, so alpha_s(MZ) is going to be modified
 Old value of alpha_s from param_card:   0.11839999999999999     
  ****************************************
 
       NNPDFDriver version 1.0.3
   Grid: NNPDF23_lo_as_0130_qed_mem0.grid
  ****************************************
 New value of alpha_s from PDF nn23lo1:  0.13000000000000000     
 Define smin to   1600.0000000000000     
 Define smin to   1600.0000000000000     
 Define smin to   1600.0000000000000     
 *****************************************************
 *               MadGraph/MadEvent                   *
 *        --------------------------------           *
 *          http://madgraph.hep.uiuc.edu             *
 *          http://madgraph.phys.ucl.ac.be           *
 *          http://madgraph.roma2.infn.it            *
 *        --------------------------------           *
 *                                                   *
 *          PARAMETER AND COUPLING VALUES            *
 *                                                   *
 *****************************************************

  External Params
  ---------------------------------
  
 mdl_VeN1 =    1.0000000000000000     
 mdl_VeN2 =    0.0000000000000000     
 mdl_VeN3 =    0.0000000000000000     
 mdl_VmuN1 =    0.0000000000000000     
 mdl_VmuN2 =    1.0000000000000000     
 mdl_VmuN3 =    0.0000000000000000     
 mdl_VtaN1 =    0.0000000000000000     
 mdl_VtaN2 =    0.0000000000000000     
 mdl_VtaN3 =    1.0000000000000000     
 mdl_VN1N1 =    1.0000000000000000     
 mdl_VN1N2 =    1.0000000000000000     
 mdl_VN1N3 =    1.0000000000000000     
 mdl_VN2N2 =    1.0000000000000000     
 mdl_VN2N3 =    1.0000000000000000     
 mdl_VN3N3 =    1.0000000000000000     
 aEWM1 =    127.90000000000001     
 mdl_Gf =    1.1663700000000000E-005
 aS =   0.11839999999999999     
 mdl_ymt =    172.00000000000000     
 mdl_vevf =    50.000000000000000     
 mdl_MZ =    91.187600000000003     
 mdl_MT =    172.00000000000000     
 mdl_MH =    125.00000000000000     
 mdl_mN1 =    510.00000000000000     
 mdl_mN2 =    610.00000000000000     
 mdl_mN3 =    710.00000000000000     
 mdl_MJ =    91.187600000000003     
 mdl_MAx =    173.04800000000000     
 mdl_WZ =    2.4952000000000001     
 mdl_WW =    2.0850000000000000     
 mdl_WT =    1.5083359999999999     
 mdl_WH =    4.0699999999999998E-003
 mdl_WN1 =   0.30299999999999999     
 mdl_WN2 =    1.5000000000000000     
 mdl_WN3 =    12.300000000000001     
 mdl_WJ =    2.4952000000000001     
 mdl_WAx =    4.1700000000000001E-003
  Internal Params
  ---------------------------------
  
 mdl_vevf__exp__2 =    2500.0000000000000     
 mdl_sqrt__vevf__exp__2 =    50.000000000000000     
 mdl_muJ =    50.000000000000000     
 mdl_MZ__exp__2 =    8315.1783937600012     
 mdl_MZ__exp__4 =    69142191.720053151     
 mdl_sqrt__2 =    1.4142135623730951     
 mdl_MJ__exp__2 =    8315.1783937600012     
 mdl_muJ__exp__2 =    2500.0000000000000     
 mdl_lamJ =    4.3260713575040004     
 mdl_MH__exp__2 =    15625.000000000000     
 mdl_complexi =  (  0.0000000000000000     ,  1.0000000000000000     )
 mdl_aEW =    7.8186082877247844E-003
 mdl_MW =    79.824359746197842     
 mdl_sqrt__aEW =    8.8422894590285753E-002
 mdl_ee =   0.31345100004952897     
 mdl_MW__exp__2 =    6371.9284088904105     
 mdl_sw2 =   0.23369913342182447     
 mdl_cw =   0.87538612427783857     
 mdl_sqrt__sw2 =   0.48342438232036300     
 mdl_sw =   0.48342438232036300     
 mdl_g1 =   0.35807170271074895     
 mdl_gN =   0.64839716719502682     
 mdl_gw =   0.64839716719502682     
 mdl_vev =    246.22056907348590     
 mdl_vev__exp__2 =    60624.568634871241     
 mdl_lam =   0.12886689630821144     
 mdl_yt =   0.98791394091683138     
 mdl_muH =    88.388347648318444     
 mdl_I2a33 =  ( 0.98791394091683138     ,  0.0000000000000000     )
 mdl_I3a33 =  ( 0.98791394091683138     ,  0.0000000000000000     )
 mdl_ee__exp__2 =    9.8251529432049817E-002
 mdl_sw__exp__2 =   0.23369913342182450     
 mdl_cw__exp__2 =   0.76630086657817542     
  Internal Params evaluated point by point
  ----------------------------------------
  
 mdl_sqrt__aS =   0.34409301068170506     
 mdl_G__exp__2 =    1.4878582807401259     
  Couplings of SM_HeavyN_UFO
  ---------------------------------
  
         GC_1 =  -0.00000E+00  -0.10448E+00
         GC_2 =   0.00000E+00   0.20897E+00
         GC_3 =  -0.00000E+00  -0.31345E+00
         GC_4 =   0.00000E+00   0.31345E+00
        GC_26 =   0.00000E+00   0.45849E+00
        GC_27 =  -0.00000E+00  -0.28380E+00
        GC_28 =   0.00000E+00   0.28380E+00
        GC_30 =   0.00000E+00   0.56760E+00
        GC_35 =  -0.00000E+00  -0.28850E-01
        GC_37 =   0.00000E+00   0.17310E+00
        GC_39 =   0.00000E+00  -0.19725E+00
        GC_40 =   0.00000E+00   0.37035E+00
        GC_80 =   0.00000E+00   0.67543E+02
       GC_107 =  -0.00000E+00  -0.74070E+00
       GC_109 =  -0.00000E+00  -0.74070E+00
       GC_111 =  -0.00000E+00  -0.74070E+00
       GC_113 =  -0.00000E+00  -0.74070E+00
       GC_115 =  -0.00000E+00  -0.74070E+00
       GC_117 =  -0.00000E+00  -0.74070E+00
       GC_119 =   0.00000E+00   0.00000E+00
       GC_120 =   0.00000E+00   0.00000E+00
       GC_122 =  -0.00000E+00  -0.00000E+00
       GC_126 =   0.00000E+00   0.00000E+00
       GC_127 =   0.00000E+00   0.00000E+00
       GC_129 =  -0.00000E+00  -0.00000E+00
       GC_133 =   0.00000E+00   0.45849E+00
       GC_134 =   0.00000E+00   0.37035E+00
       GC_136 =  -0.00000E+00  -0.28836E+01
        GC_81 =   0.10200E+02   0.00000E+00
        GC_82 =   0.12200E+02   0.00000E+00
        GC_83 =   0.14200E+02   0.00000E+00

 Collider parameters:
 --------------------

 Running at P P   machine @    13000.000000000000       GeV
 PDF set = nn23lo1
 alpha_s(Mz)= 0.1300 running at 2 loops.
 alpha_s(Mz)= 0.1300 running at 2 loops.
 Renormalization scale set on event-by-event basis
 Factorization   scale set on event-by-event basis


 getting user params
Enter number of events and max and min iterations: 
 Number of events and iterations         1000           5           3
Enter desired fractional accuracy: 
 Desired fractional accuracy:   0.10000000000000001     
Enter 0 for fixed, 2 for adjustable grid: 
Suppress amplitude (0 no, 1 yes)? 
 Using suppressed amplitude.
Exact helicity sum (0 yes, n = number/event)? 
 Explicitly summing over helicities
Enter Configuration Number: 
Running Configuration Number:   59
 Using dconfig=         215
 BW Setting            2           2           2           1           2           0           0
 Attempting mappinvarients           1           9
 Completed mapping           9
 about to integrate           19        1000           5           3          19           1
 Using non-zero grid deformation.
 19 dimensions   1000 events 19 invarients  5 iterations  1 config(s),  (0.99)
 Using h-tuple random number sequence.
 Error opening grid
 Using Uniform Grid!          36
 Using uniform alpha   1.0000000000000000     
 Grid defined OK
 Set CM energy to      13000.00
 Mapping Graph          59  to config          59
Setting grid   1    0.75740E-07   1
Setting grid   2    0.75740E-07   1
Setting grid   3    0.75740E-07   1
Setting grid   4    0.75740E-07   1
 Setting BW          -5           4   710.00000000000000     
Setting grid   6    0.24885E-02   1
 Transforming s_hat 1/s           18   2.4884748520710063E-003   1600.0000000000000        168999999.99999997     
  59   1   2   3   4   5   6   7   8   9  10  11  12  13  14
  15  16  17  18  19
 Masses: 0.000E+00 0.000E+00 0.000E+00 0.000E+00 0.000E+00 0.000E+00 0.000E+00 0.000E+00 0.912E+02
Using random seed offsets    59 :      1
  with seed                   24
 Ranmar initialization seeds       31117        9398
 
 ********************************************
 * You are using the DiscreteSampler module *
 *      part of the MG5_aMC framework       *
 *         Author: Valentin Hirschi         *
 ********************************************
 
  Particle       3       4       5       6       7       8       9
      Et >    10.0    10.0    10.0    10.0     0.0     0.0     0.0
       E >     0.0     0.0     0.0     0.0     0.0     0.0     0.0
     Eta <     2.5     2.5     2.5     2.5    -1.0    -1.0    -1.0
   xqcut:      0.0     0.0     0.0     0.0     0.0     0.0     0.0
d R # 3  >    -0.0     0.4     0.4     0.4     0.0     0.0     0.0
d R # 4  >    -0.0    -0.0     0.4     0.4     0.0     0.0     0.0
d R # 5  >    -0.0    -0.0    -0.0     0.4     0.0     0.0     0.0
d R # 6  >    -0.0    -0.0    -0.0    -0.0     0.0     0.0     0.0
d R # 7  >    -0.0    -0.0    -0.0    -0.0    -0.0     0.0     0.0
d R # 8  >    -0.0    -0.0    -0.0    -0.0    -0.0    -0.0     0.0
s min # 3>     0.0     0.0     0.0     0.0     0.0     0.0     0.0
s min # 4>     0.0     0.0     0.0     0.0     0.0     0.0     0.0
s min # 5>     0.0     0.0     0.0     0.0     0.0     0.0     0.0
s min # 6>     0.0     0.0     0.0     0.0     0.0     0.0     0.0
s min # 7>     0.0     0.0     0.0     0.0     0.0     0.0     0.0
s min # 8>     0.0     0.0     0.0     0.0     0.0     0.0     0.0
xqcutij # 3>     0.0     0.0     0.0     0.0     0.0     0.0     0.0
xqcutij # 4>     0.0     0.0     0.0     0.0     0.0     0.0     0.0
xqcutij # 5>     0.0     0.0     0.0     0.0     0.0     0.0     0.0
xqcutij # 6>     0.0     0.0     0.0     0.0     0.0     0.0     0.0
xqcutij # 7>     0.0     0.0     0.0     0.0     0.0     0.0     0.0
xqcutij # 8>     0.0     0.0     0.0     0.0     0.0     0.0     0.0
 Excluding BW           -1           1
 Excluding BW           -3           2
 Excluding BW           -4           3
 Requiring BW           -5           4
 Excluding BW           -6           5
 alpha_s for scale    787.51594797427833       is    9.5782649600831285E-002
 Added good helicity            1   8.7772841656001930       in event            1 local:           1
 Added good helicity           21   6.7561170511366606E-002  in event            1 local:           1
 Added good helicity           25  0.70779161760431220       in event            1 local:           1
 Added good helicity           37   9.1159704581739942E-002  in event            1 local:           1
 Added good helicity           41   8.3244626484493729       in event            1 local:           1
 Added good helicity           61   4.1873989434515237E-003  in event            1 local:           1
 Added good helicity          193   33.442905748173771       in event            1 local:           1
 Added good helicity          213  0.50303193073069818       in event            1 local:           1
 Added good helicity          217   7.9771927379590823E-002  in event            1 local:           1
 Added good helicity          229   4.8128574683896312       in event            1 local:           1
 Added good helicity          233   199.17031822749948       in event            1 local:           1
 Added good helicity          253   1.8667992136370118E-002  in event            1 local:           1
 Added good helicity            1   8.7772841656001237       in event            1 local:           1
 Added good helicity           21   6.7561170511366300E-002  in event            1 local:           1
 Added good helicity           25  0.70779161760430576       in event            1 local:           1
 Added good helicity           37   9.1159704581739776E-002  in event            1 local:           1
 Added good helicity           41   8.3244626484493374       in event            1 local:           1
 Added good helicity           61   4.1873989434515410E-003  in event            1 local:           1
 Added good helicity          193   33.442905748174461       in event            1 local:           1
 Added good helicity          213  0.50303193073069874       in event            1 local:           1
 Added good helicity          217   7.9771927379590074E-002  in event            1 local:           1
 Added good helicity          229   4.8128574683896179       in event            1 local:           1
 Added good helicity          233   199.17031822749891       in event            1 local:           1
 Added good helicity          253   1.8667992136370042E-002  in event            1 local:           1
 RESET CUMULATIVE VARIABLE
 RESET CUMULATIVE VARIABLE
 RESET CUMULATIVE VARIABLE
 Iteration  1   Mean: 0.4866E-13 Abs mean: 0.4866E-13   Fluctuation:  0.276E-13   0.273E-10     6.5%
  1    0.4866E-13 0.4866E-13 +- 0.2763E-13     17.96
 Writing out events   1.5006171405655170E-016   17.955531056943862     
 Relative summed weights:
  0.5020E-04  0.1022E-03  0.0000E+00  0.0000E+00  0.0000E+00  0.0000E+00
  0.1048E-02  0.1556E-08  0.8738E-04  0.4521E-03  0.0000E+00  0.0000E+00
  0.2474E-01  0.3478E-02  0.1940E-01  0.4484E-02  0.1706E-11  0.2219E-05
  0.2987E-02  0.4665E-04  0.7932E-03  0.2663E-01  0.2961E-08  0.0000E+00
  0.3608E-02  0.5596E+00  0.4312E-07  0.0000E+00  0.0000E+00  0.0000E+00
  0.1939E-06  0.5447E-02  0.1598E-06  0.3519E-05  0.0000E+00  0.0000E+00
  0.4047E-01  0.1165E-01  0.1515E-01  0.3153E-01  0.6508E-06  0.2523E-12
  0.4390E-04  0.1798E-05  0.1815E-03  0.3034E-02  0.0000E+00  0.0000E+00
  0.5108E-05  0.2300E-02  0.1603E-01  0.0000E+00  0.0000E+00  0.0000E+00
  0.1627E-01  0.2346E-03  0.1725E-02  0.1287E-01  0.0000E+00  0.0000E+00
  0.1583E-01  0.5448E-02  0.2431E-01  0.6552E-02  0.1096E-03  0.2062E-08
  0.1170E-03  0.2707E-06  0.5679E-02  0.3083E-01  0.2138E-05  0.0000E+00
  0.5242E-02  0.4704E-06  0.1057E-04  0.7614E-03  0.0000E+00  0.0000E+00
  0.1327E-02  0.2307E-01  0.2904E-04  0.9538E-08  0.0000E+00  0.0000E+00
  0.5481E-02  0.3963E-03  0.1161E-01  0.1230E-01  0.1005E-05  0.3199E-10
  0.3574E-01  0.1234E-05  0.1050E-01  0.2395E-03  0.1362E-15  0.0000E+00
 Relative number of events:
  0.1982E-02  0.3964E-02  0.0000E+00  0.0000E+00  0.0000E+00  0.0000E+00
  0.2973E-02  0.9911E-03  0.3964E-02  0.2973E-02  0.0000E+00  0.0000E+00
  0.3964E-01  0.3271E-01  0.6244E-01  0.4262E-01  0.9911E-03  0.2973E-02
  0.3964E-02  0.4955E-02  0.1685E-01  0.9911E-02  0.9911E-03  0.0000E+00
  0.1982E-02  0.9911E-03  0.9911E-03  0.0000E+00  0.0000E+00  0.0000E+00
  0.1982E-02  0.5946E-02  0.9911E-03  0.1982E-02  0.0000E+00  0.0000E+00
  0.3865E-01  0.4658E-01  0.5253E-01  0.4955E-01  0.5946E-02  0.9911E-03
  0.4955E-02  0.3964E-02  0.1487E-01  0.1685E-01  0.0000E+00  0.0000E+00
  0.9911E-03  0.1982E-02  0.9911E-03  0.0000E+00  0.0000E+00  0.0000E+00
  0.9911E-03  0.9911E-03  0.1982E-02  0.2973E-02  0.0000E+00  0.0000E+00
  0.4658E-01  0.4460E-01  0.5055E-01  0.4658E-01  0.2973E-02  0.9911E-03
  0.3964E-02  0.1982E-02  0.1388E-01  0.2081E-01  0.9911E-03  0.0000E+00
  0.2973E-02  0.1982E-02  0.9911E-03  0.9911E-03  0.0000E+00  0.0000E+00
  0.7929E-02  0.2973E-02  0.1982E-02  0.9911E-03  0.0000E+00  0.0000E+00
  0.5253E-01  0.4559E-01  0.5748E-01  0.5550E-01  0.1982E-02  0.1982E-02
  0.5946E-02  0.2973E-02  0.1388E-01  0.1090E-01  0.9911E-03  0.0000E+00
 Events:
           2           4           0           0           0           0
           3           1           4           3           0           0
          40          33          63          43           1           3
           4           5          17          10           1           0
           2           1           1           0           0           0
           2           6           1           2           0           0
          39          47          53          50           6           1
           5           4          15          17           0           0
           1           2           1           0           0           0
           1           1           2           3           0           0
          47          45          51          47           3           1
           4           2          14          21           1           0
           3           2           1           1           0           0
           8           3           2           1           0           0
          53          46          58          56           2           2
           6           3          14          11           1           0
 Iteration  2   Mean: 0.5842E-13 Abs mean: 0.5842E-13   Fluctuation:  0.196E-13   0.343E-10    25.9%
  2    0.5842E-13 0.5842E-13 +- 0.1958E-13     14.99
 Relative summed weights:
  0.5596E-02  0.1049E-03  0.0000E+00  0.0000E+00  0.0000E+00  0.0000E+00
  0.6994E-03  0.1582E-02  0.1851E-04  0.4723E-01  0.0000E+00  0.0000E+00
  0.2315E-01  0.7937E-02  0.2588E-01  0.3167E-02  0.6099E-07  0.9673E-05
  0.2008E-02  0.1142E-03  0.2780E-01  0.1372E-02  0.5778E-05  0.4772E-06
  0.6150E-02  0.2945E+00  0.0000E+00  0.1307E-04  0.0000E+00  0.0000E+00
  0.1496E-01  0.1365E-02  0.1550E-02  0.6313E-05  0.0000E+00  0.0000E+00
  0.3533E-01  0.5320E-01  0.3663E-01  0.4253E-02  0.6906E-05  0.1246E-04
  0.1007E-02  0.7821E-02  0.1115E-01  0.3708E-02  0.1359E-02  0.3600E-08
  0.2373E-01  0.5792E-04  0.0000E+00  0.0000E+00  0.0000E+00  0.0000E+00
  0.6594E-02  0.7861E-03  0.6596E-03  0.1452E-05  0.0000E+00  0.0000E+00
  0.3428E-01  0.1197E-01  0.3634E-01  0.5874E-02  0.2871E-03  0.4013E-04
  0.2297E-03  0.8951E-02  0.4555E-02  0.5227E-02  0.4688E-04  0.2557E-03
  0.4665E-02  0.2911E-02  0.3231E-05  0.0000E+00  0.0000E+00  0.0000E+00
  0.4630E-04  0.2780E-02  0.1799E-03  0.1220E-03  0.0000E+00  0.1571E-03
  0.2220E-01  0.2997E-02  0.2789E-01  0.1745E-01  0.1107E-07  0.1981E-03
  0.1948E-01  0.1248E-03  0.1124E-01  0.1280E+00  0.0000E+00  0.1087E-04
 Relative number of events:
  0.1500E-02  0.2000E-02  0.0000E+00  0.0000E+00  0.0000E+00  0.0000E+00
  0.1500E-02  0.3000E-02  0.1500E-02  0.2000E-02  0.0000E+00  0.0000E+00
  0.5350E-01  0.4600E-01  0.5150E-01  0.4550E-01  0.5000E-03  0.1000E-02
  0.4000E-02  0.6500E-02  0.1200E-01  0.1250E-01  0.5000E-03  0.5000E-03
  0.3500E-02  0.2000E-02  0.0000E+00  0.5000E-03  0.0000E+00  0.0000E+00
  0.3000E-02  0.2000E-02  0.5500E-02  0.1500E-02  0.0000E+00  0.0000E+00
  0.5150E-01  0.4700E-01  0.5100E-01  0.4650E-01  0.1000E-02  0.2000E-02
  0.4500E-02  0.2500E-02  0.1500E-01  0.8500E-02  0.2000E-02  0.5000E-03
  0.1000E-02  0.2000E-02  0.0000E+00  0.0000E+00  0.0000E+00  0.0000E+00
  0.3000E-02  0.2000E-02  0.1000E-02  0.5000E-03  0.0000E+00  0.0000E+00
  0.5200E-01  0.4950E-01  0.5450E-01  0.5800E-01  0.1000E-02  0.2500E-02
  0.2000E-02  0.6500E-02  0.1350E-01  0.1800E-01  0.1500E-02  0.5000E-03
  0.1500E-02  0.1500E-02  0.5000E-03  0.0000E+00  0.0000E+00  0.0000E+00
  0.4500E-02  0.2500E-02  0.3000E-02  0.2000E-02  0.0000E+00  0.5000E-03
  0.5100E-01  0.3750E-01  0.4600E-01  0.5150E-01  0.5000E-03  0.2000E-02
  0.2000E-02  0.2500E-02  0.1500E-01  0.1050E-01  0.0000E+00  0.1000E-02
 Events:
           3           4           0           0           0           0
           3           6           3           4           0           0
         107          92         103          91           1           2
           8          13          24          25           1           1
           7           4           0           1           0           0
           6           4          11           3           0           0
         103          94         102          93           2           4
           9           5          30          17           4           1
           2           4           0           0           0           0
           6           4           2           1           0           0
         104          99         109         116           2           5
           4          13          27          36           3           1
           3           3           1           0           0           0
           9           5           6           4           0           1
         102          75          92         103           1           4
           4           5          30          21           0           2
 Iteration  3   Mean: 0.1302E-12 Abs mean: 0.1302E-12   Fluctuation:  0.523E-13   0.203E-09    40.4%
  3    0.1302E-12 0.1302E-12 +- 0.5229E-13     25.39
 Relative summed weights:
  0.5645E-02  0.9213E-02  0.2164E-03  0.9768E-04  0.0000E+00  0.0000E+00
  0.1699E-02  0.2722E-02  0.3909E+00  0.1258E-03  0.0000E+00  0.6812E-08
  0.1257E-01  0.1894E-01  0.4975E-02  0.8770E-02  0.1680E-04  0.4701E-05
  0.1341E-01  0.1084E-01  0.8703E-02  0.7774E-02  0.2823E-06  0.1213E-04
  0.1215E-03  0.1551E-02  0.2004E-03  0.1049E-04  0.0000E+00  0.0000E+00
  0.9688E-02  0.9226E-03  0.3004E-02  0.1054E-01  0.0000E+00  0.5075E-04
  0.5172E-02  0.2506E-01  0.8009E-02  0.4360E-02  0.5315E-04  0.3672E-03
  0.1332E-01  0.2562E-01  0.3604E-01  0.3149E-02  0.8026E-05  0.4407E-05
  0.4105E-03  0.9572E-04  0.0000E+00  0.6919E-03  0.0000E+00  0.0000E+00
  0.3104E-01  0.1746E-01  0.4639E-04  0.1191E-03  0.0000E+00  0.0000E+00
  0.8035E-02  0.5655E-01  0.2969E-01  0.1233E-01  0.1912E-05  0.1146E-04
  0.1487E-01  0.1018E-01  0.2836E-02  0.9493E-02  0.3917E-04  0.2390E-02
  0.5472E-03  0.1968E-02  0.2483E-06  0.4284E-05  0.0000E+00  0.0000E+00
  0.1693E-01  0.3166E-03  0.2174E-03  0.3983E-03  0.0000E+00  0.2367E-06
  0.1039E-01  0.1168E-01  0.3004E-01  0.6972E-02  0.4648E-06  0.1293E-01
  0.1532E-02  0.1317E-01  0.1059E-01  0.4211E-01  0.4036E-07  0.9318E-05
 Relative number of events:
  0.2250E-02  0.2250E-02  0.2000E-02  0.5000E-03  0.0000E+00  0.0000E+00
  0.2750E-02  0.4000E-02  0.1750E-02  0.1750E-02  0.0000E+00  0.2500E-03
  0.5625E-01  0.5300E-01  0.4975E-01  0.4625E-01  0.1000E-02  0.5000E-03
  0.6000E-02  0.5500E-02  0.1350E-01  0.7750E-02  0.5000E-03  0.5000E-03
  0.1000E-02  0.2250E-02  0.2500E-03  0.2500E-03  0.0000E+00  0.0000E+00
  0.3000E-02  0.1750E-02  0.3750E-02  0.1750E-02  0.0000E+00  0.2500E-03
  0.4750E-01  0.5275E-01  0.4525E-01  0.4175E-01  0.1250E-02  0.1000E-02
  0.4500E-02  0.3250E-02  0.1450E-01  0.1025E-01  0.2500E-03  0.2500E-03
  0.2000E-02  0.1250E-02  0.0000E+00  0.2500E-03  0.0000E+00  0.0000E+00
  0.2750E-02  0.3750E-02  0.1250E-02  0.1000E-02  0.0000E+00  0.0000E+00
  0.4825E-01  0.4950E-01  0.5600E-01  0.5175E-01  0.7500E-03  0.1250E-02
  0.5000E-02  0.4750E-02  0.1150E-01  0.1200E-01  0.5000E-03  0.7500E-03
  0.1500E-02  0.2000E-02  0.2500E-03  0.5000E-03  0.0000E+00  0.0000E+00
  0.3750E-02  0.2750E-02  0.2750E-02  0.1500E-02  0.0000E+00  0.2500E-03
  0.5100E-01  0.4800E-01  0.5150E-01  0.4575E-01  0.2500E-03  0.1000E-02
  0.5250E-02  0.4500E-02  0.1625E-01  0.1125E-01  0.5000E-03  0.5000E-03
 Events:
           9           9           8           2           0           0
          11          16           7           7           0           1
         225         212         199         185           4           2
          24          22          54          31           2           2
           4           9           1           1           0           0
          12           7          15           7           0           1
         190         211         181         167           5           4
          18          13          58          41           1           1
           8           5           0           1           0           0
          11          15           5           4           0           0
         193         198         224         207           3           5
          20          19          46          48           2           3
           6           8           1           2           0           0
          15          11          11           6           0           1
         204         192         206         183           1           4
          21          18          65          45           2           2
 Accuracy:    0.308   0.100   0.234   1.729
 Found          285  events.
 Wrote            6  events.
 Actual xsec    8.1227947793026389E-014
 Correct abs xsec    8.1227947793026389E-014
 Event xsec    8.1227947793026377E-014
 Events wgts > 1:            0
 % Cross section > 1:    0.0000000000000000        0.0000000000000000     
 Iteration  4   Mean: 0.1021E-12 Abs mean: 0.1021E-12   Fluctuation:  0.148E-13   0.770E-10    45.0%
  4    0.1021E-12 0.1021E-12 +- 0.1479E-13     12.96
 Relative summed weights:
  0.3144E-02  0.5002E-01  0.4347E-04  0.2919E-01  0.0000E+00  0.1155E-04
  0.1069E-01  0.2315E-02  0.1339E-01  0.6331E-02  0.3491E-05  0.9369E-04
  0.1030E-01  0.1770E-01  0.6767E-02  0.1138E-01  0.4065E-03  0.3582E-03
  0.9981E-02  0.6145E-02  0.7558E-02  0.1232E-01  0.3442E-03  0.2938E-05
  0.1637E-01  0.1763E-02  0.3519E-03  0.2377E-03  0.0000E+00  0.2189E-05
  0.5194E-01  0.1935E-01  0.5909E-02  0.4959E-02  0.0000E+00  0.0000E+00
  0.6369E-02  0.2433E-01  0.1889E-01  0.5361E-02  0.1866E-05  0.1126E-03
  0.3889E-02  0.7065E-02  0.4862E-02  0.7333E-02  0.1098E-02  0.9818E-04
  0.1549E-02  0.1129E-01  0.3667E-04  0.9886E-02  0.0000E+00  0.0000E+00
  0.6676E-02  0.9484E-02  0.2968E-01  0.1328E-02  0.0000E+00  0.3198E-07
  0.5659E-01  0.4021E-01  0.1757E-01  0.3169E-01  0.1110E-02  0.1270E-04
  0.7717E-03  0.4217E-02  0.4092E-01  0.1462E-01  0.8586E-04  0.5836E-04
  0.2369E-01  0.9461E-02  0.1120E-04  0.9963E-01  0.0000E+00  0.0000E+00
  0.2711E-01  0.1128E-01  0.1355E-01  0.1493E-02  0.5595E-04  0.1974E-04
  0.4999E-01  0.2716E-01  0.1282E-01  0.1167E-01  0.1069E-03  0.2992E-04
  0.8098E-02  0.1374E-01  0.2044E-01  0.1274E-01  0.3814E-04  0.2705E-03
 Relative number of events:
  0.1875E-02  0.1500E-02  0.6250E-03  0.6250E-03  0.0000E+00  0.1250E-03
  0.1750E-02  0.2500E-02  0.2375E-02  0.2500E-02  0.2500E-03  0.2500E-03
  0.4625E-01  0.5462E-01  0.4938E-01  0.4412E-01  0.1625E-02  0.1250E-02
  0.6250E-02  0.4125E-02  0.1213E-01  0.1175E-01  0.5000E-03  0.2500E-03
  0.1875E-02  0.1625E-02  0.3750E-03  0.3750E-03  0.0000E+00  0.2500E-03
  0.1750E-02  0.3500E-02  0.3000E-02  0.2750E-02  0.0000E+00  0.0000E+00
  0.4800E-01  0.5000E-01  0.4800E-01  0.4800E-01  0.1250E-02  0.1625E-02
  0.5000E-02  0.3625E-02  0.1213E-01  0.1325E-01  0.6250E-03  0.5000E-03
  0.2500E-02  0.1875E-02  0.5000E-03  0.7500E-03  0.0000E+00  0.0000E+00
  0.2875E-02  0.2875E-02  0.2500E-02  0.2250E-02  0.0000E+00  0.1250E-03
  0.5125E-01  0.5225E-01  0.4963E-01  0.4938E-01  0.1375E-02  0.1250E-02
  0.3125E-02  0.4625E-02  0.1137E-01  0.1475E-01  0.8750E-03  0.1000E-02
  0.2125E-02  0.1750E-02  0.2500E-03  0.6250E-03  0.0000E+00  0.0000E+00
  0.1875E-02  0.2125E-02  0.1125E-02  0.2625E-02  0.1250E-03  0.1250E-03
  0.4700E-01  0.5125E-01  0.5212E-01  0.4788E-01  0.1125E-02  0.8750E-03
  0.3500E-02  0.5875E-02  0.1337E-01  0.1188E-01  0.6250E-03  0.5000E-03
 Events:
          15          12           5           5           0           1
          14          20          19          20           2           2
         370         437         395         353          13          10
          50          33          97          94           4           2
          15          13           3           3           0           2
          14          28          24          22           0           0
         384         400         384         384          10          13
          40          29          97         106           5           4
          20          15           4           6           0           0
          23          23          20          18           0           1
         410         418         397         395          11          10
          25          37          91         118           7           8
          17          14           2           5           0           0
          15          17           9          21           1           1
         376         410         417         383           9           7
          28          47         107          95           5           4
 Accuracy:    0.125   0.100   0.123   1.025
 Found          393  events.
 Wrote            9  events.
 Actual xsec    9.8655379697518396E-014
 Correct abs xsec    9.8655379697518396E-014
 Event xsec    9.8655379697518409E-014
 Events wgts > 1:            1
 % Cross section > 1:    1.8437720643047832E-021   1.8689016959418398E-006
 Iteration  5   Mean: 0.1307E-12 Abs mean: 0.1307E-12   Fluctuation:  0.212E-13   0.202E-09    47.6%
  5    0.1307E-12 0.1307E-12 +- 0.2121E-13     20.53
 Relative summed weights:
  0.3051E-01  0.1236E-01  0.1012E-02  0.4840E-02  0.0000E+00  0.3868E-05
  0.3114E-01  0.3225E-02  0.2390E-02  0.1686E-01  0.0000E+00  0.5506E-05
  0.9545E-02  0.1801E-01  0.1645E-01  0.1409E-01  0.6878E-03  0.7499E-04
  0.1360E-01  0.1164E-01  0.1061E-01  0.7847E-02  0.2882E-04  0.1082E-03
  0.3350E-02  0.4958E-01  0.4659E-02  0.7940E-02  0.0000E+00  0.0000E+00
  0.1366E-01  0.8988E-02  0.2542E-01  0.7946E-02  0.5741E-07  0.5315E-06
  0.1456E-01  0.1258E-01  0.1215E-01  0.1185E-01  0.1784E-02  0.1071E-03
  0.8065E-02  0.6556E-02  0.2378E-01  0.6085E-02  0.1550E-04  0.1027E-03
  0.1829E-02  0.2503E-01  0.1126E-02  0.2482E-02  0.0000E+00  0.0000E+00
  0.3583E-02  0.1048E-02  0.7224E-02  0.1554E-02  0.3159E-05  0.0000E+00
  0.1710E-01  0.1395E-01  0.2741E-01  0.1317E-01  0.4526E-04  0.1353E-04
  0.9959E-02  0.6460E-02  0.8351E-02  0.7341E-02  0.1188E-03  0.1776E-04
  0.8306E-02  0.1729E+00  0.4291E-03  0.2275E-03  0.4117E-04  0.0000E+00
  0.3760E-01  0.1058E-01  0.5216E-02  0.9505E-01  0.0000E+00  0.0000E+00
  0.1046E-01  0.1542E-01  0.1365E-01  0.1633E-01  0.1493E-02  0.1760E-03
  0.8224E-02  0.1249E-01  0.9747E-02  0.9213E-02  0.3307E-03  0.1269E-03
 Relative number of events:
  0.1813E-02  0.1500E-02  0.5000E-03  0.6250E-03  0.0000E+00  0.1250E-03
  0.2625E-02  0.2375E-02  0.2375E-02  0.2000E-02  0.0000E+00  0.6250E-04
  0.4869E-01  0.4988E-01  0.5106E-01  0.4956E-01  0.9375E-03  0.1375E-02
  0.3875E-02  0.4063E-02  0.1238E-01  0.1238E-01  0.4375E-03  0.6875E-03
  0.1813E-02  0.2437E-02  0.6250E-03  0.5000E-03  0.0000E+00  0.0000E+00
  0.2312E-02  0.3750E-02  0.2687E-02  0.2000E-02  0.6250E-04  0.6250E-04
  0.4769E-01  0.5212E-01  0.4894E-01  0.4662E-01  0.1187E-02  0.1375E-02
  0.4188E-02  0.3938E-02  0.1469E-01  0.1406E-01  0.2500E-03  0.7500E-03
  0.1625E-02  0.2000E-02  0.7500E-03  0.6875E-03  0.0000E+00  0.0000E+00
  0.2875E-02  0.2687E-02  0.2250E-02  0.1437E-02  0.6250E-04  0.0000E+00
  0.5275E-01  0.5131E-01  0.4806E-01  0.4725E-01  0.1125E-02  0.9375E-03
  0.3812E-02  0.5063E-02  0.1269E-01  0.1275E-01  0.7500E-03  0.5625E-03
  0.1687E-02  0.2125E-02  0.5625E-03  0.6250E-03  0.6250E-04  0.0000E+00
  0.2625E-02  0.2625E-02  0.1687E-02  0.2125E-02  0.0000E+00  0.0000E+00
  0.5025E-01  0.4838E-01  0.4850E-01  0.4806E-01  0.1250E-02  0.1125E-02
  0.4437E-02  0.4250E-02  0.1269E-01  0.1250E-01  0.1000E-02  0.6250E-03
 Events:
          29          24           8          10           0           2
          42          38          38          32           0           1
         779         798         817         793          15          22
          62          65         198         198           7          11
          29          39          10           8           0           0
          37          60          43          32           1           1
         763         834         783         746          19          22
          67          63         235         225           4          12
          26          32          12          11           0           0
          46          43          36          23           1           0
         844         821         769         756          18          15
          61          81         203         204          12           9
          27          34           9          10           1           0
          42          42          27          34           0           0
         804         774         776         769          20          18
          71          68         203         200          16          10
 Accuracy:    0.108   0.100   0.098   1.203
 Found         1174  events.
 Wrote           15  events.
 Actual xsec    1.1582156615157374E-013
 Correct abs xsec    1.1582156615157374E-013
 Event xsec    1.1582156615157374E-013
 Events wgts > 1:            1
 % Cross section > 1:    4.4303431063840032E-016  0.38251452243238426     

 -------------------------------------------------------------------------------
 Accumulated results:   Integral =  0.1089E-12
                        Std dev  =  0.1069E-13
                       Cross sec =  0.1089E-12
             Chi**2 per DoF.     =      1.2031
 -------------------------------------------------------------------------------
-------------------------------------------------
---------------------------
 Results Last   3 iters: Integral =   0.1158E-12
                     Abs integral =   0.1158E-12
                          Std dev =   0.1209E-13
                  Chi**2 per DoF. =      0.7175
-------------------------------------------------
---------------------------
 Status  0.10000000000000001                6           5

ls status:
events.lhe
ftn26
input_app.txt
results.dat
run1_app.log
