 Process in group number            1
 A PDF is used, so alpha_s(MZ) is going to be modified
 Old value of alpha_s from param_card:   0.11839999999999999     
  ****************************************
 
       NNPDFDriver version 1.0.3
   Grid: NNPDF23_lo_as_0130_qed_mem0.grid
  ****************************************
 New value of alpha_s from PDF nn23lo1:  0.13000000000000000     
 Define smin to   1600.0000000000000     
 Define smin to   1600.0000000000000     
 Define smin to   1600.0000000000000     
 *****************************************************
 *               MadGraph/MadEvent                   *
 *        --------------------------------           *
 *          http://madgraph.hep.uiuc.edu             *
 *          http://madgraph.phys.ucl.ac.be           *
 *          http://madgraph.roma2.infn.it            *
 *        --------------------------------           *
 *                                                   *
 *          PARAMETER AND COUPLING VALUES            *
 *                                                   *
 *****************************************************

  External Params
  ---------------------------------
  
 mdl_VeN1 =    1.0000000000000000     
 mdl_VeN2 =    0.0000000000000000     
 mdl_VeN3 =    0.0000000000000000     
 mdl_VmuN1 =    0.0000000000000000     
 mdl_VmuN2 =    1.0000000000000000     
 mdl_VmuN3 =    0.0000000000000000     
 mdl_VtaN1 =    0.0000000000000000     
 mdl_VtaN2 =    0.0000000000000000     
 mdl_VtaN3 =    1.0000000000000000     
 mdl_VN1N1 =    1.0000000000000000     
 mdl_VN1N2 =    1.0000000000000000     
 mdl_VN1N3 =    1.0000000000000000     
 mdl_VN2N2 =    1.0000000000000000     
 mdl_VN2N3 =    1.0000000000000000     
 mdl_VN3N3 =    1.0000000000000000     
 aEWM1 =    127.90000000000001     
 mdl_Gf =    1.1663700000000000E-005
 aS =   0.11839999999999999     
 mdl_ymt =    172.00000000000000     
 mdl_vevf =    50.000000000000000     
 mdl_MZ =    91.187600000000003     
 mdl_MT =    172.00000000000000     
 mdl_MH =    125.00000000000000     
 mdl_mN1 =    2000.0000000000000     
 mdl_mN2 =    2100.0000000000000     
 mdl_mN3 =    2200.0000000000000     
 mdl_MJ =    91.187600000000003     
 mdl_MAx =    173.04800000000000     
 mdl_WZ =    2.4952000000000001     
 mdl_WW =    2.0850000000000000     
 mdl_WT =    1.5083359999999999     
 mdl_WH =    4.0699999999999998E-003
 mdl_WN1 =   0.30299999999999999     
 mdl_WN2 =    1.5000000000000000     
 mdl_WN3 =    12.300000000000001     
 mdl_WJ =    2.4952000000000001     
 mdl_WAx =    4.1700000000000001E-003
  Internal Params
  ---------------------------------
  
 mdl_vevf__exp__2 =    2500.0000000000000     
 mdl_sqrt__vevf__exp__2 =    50.000000000000000     
 mdl_muJ =    50.000000000000000     
 mdl_MZ__exp__2 =    8315.1783937600012     
 mdl_MZ__exp__4 =    69142191.720053151     
 mdl_sqrt__2 =    1.4142135623730951     
 mdl_MJ__exp__2 =    8315.1783937600012     
 mdl_muJ__exp__2 =    2500.0000000000000     
 mdl_lamJ =    4.3260713575040004     
 mdl_MH__exp__2 =    15625.000000000000     
 mdl_complexi =  (  0.0000000000000000     ,  1.0000000000000000     )
 mdl_aEW =    7.8186082877247844E-003
 mdl_MW =    79.824359746197842     
 mdl_sqrt__aEW =    8.8422894590285753E-002
 mdl_ee =   0.31345100004952897     
 mdl_MW__exp__2 =    6371.9284088904105     
 mdl_sw2 =   0.23369913342182447     
 mdl_cw =   0.87538612427783857     
 mdl_sqrt__sw2 =   0.48342438232036300     
 mdl_sw =   0.48342438232036300     
 mdl_g1 =   0.35807170271074895     
 mdl_gN =   0.64839716719502682     
 mdl_gw =   0.64839716719502682     
 mdl_vev =    246.22056907348590     
 mdl_vev__exp__2 =    60624.568634871241     
 mdl_lam =   0.12886689630821144     
 mdl_yt =   0.98791394091683138     
 mdl_muH =    88.388347648318444     
 mdl_I2a33 =  ( 0.98791394091683138     ,  0.0000000000000000     )
 mdl_I3a33 =  ( 0.98791394091683138     ,  0.0000000000000000     )
 mdl_ee__exp__2 =    9.8251529432049817E-002
 mdl_sw__exp__2 =   0.23369913342182450     
 mdl_cw__exp__2 =   0.76630086657817542     
  Internal Params evaluated point by point
  ----------------------------------------
  
 mdl_sqrt__aS =   0.34409301068170506     
 mdl_G__exp__2 =    1.4878582807401259     
  Couplings of SM_HeavyN_UFO
  ---------------------------------
  
         GC_1 =  -0.00000E+00  -0.10448E+00
         GC_2 =   0.00000E+00   0.20897E+00
         GC_3 =  -0.00000E+00  -0.31345E+00
         GC_4 =   0.00000E+00   0.31345E+00
        GC_26 =   0.00000E+00   0.45849E+00
        GC_27 =  -0.00000E+00  -0.28380E+00
        GC_28 =   0.00000E+00   0.28380E+00
        GC_30 =   0.00000E+00   0.56760E+00
        GC_35 =  -0.00000E+00  -0.28850E-01
        GC_37 =   0.00000E+00   0.17310E+00
        GC_39 =   0.00000E+00  -0.19725E+00
        GC_40 =   0.00000E+00   0.37035E+00
        GC_80 =   0.00000E+00   0.67543E+02
       GC_107 =  -0.00000E+00  -0.74070E+00
       GC_109 =  -0.00000E+00  -0.74070E+00
       GC_111 =  -0.00000E+00  -0.74070E+00
       GC_113 =  -0.00000E+00  -0.74070E+00
       GC_115 =  -0.00000E+00  -0.74070E+00
       GC_117 =  -0.00000E+00  -0.74070E+00
       GC_119 =   0.00000E+00   0.00000E+00
       GC_120 =   0.00000E+00   0.00000E+00
       GC_122 =  -0.00000E+00  -0.00000E+00
       GC_126 =   0.00000E+00   0.00000E+00
       GC_127 =   0.00000E+00   0.00000E+00
       GC_129 =  -0.00000E+00  -0.00000E+00
       GC_133 =   0.00000E+00   0.45849E+00
       GC_134 =   0.00000E+00   0.37035E+00
       GC_136 =  -0.00000E+00  -0.89351E+01
        GC_81 =   0.40000E+02   0.00000E+00
        GC_82 =   0.42000E+02   0.00000E+00
        GC_83 =   0.44000E+02   0.00000E+00

 Collider parameters:
 --------------------

 Running at P P   machine @    13000.000000000000       GeV
 PDF set = nn23lo1
 alpha_s(Mz)= 0.1300 running at 2 loops.
 alpha_s(Mz)= 0.1300 running at 2 loops.
 Renormalization scale set on event-by-event basis
 Factorization   scale set on event-by-event basis


 getting user params
Enter number of events and max and min iterations: 
 Number of events and iterations         1000           5           3
Enter desired fractional accuracy: 
 Desired fractional accuracy:   0.10000000000000001     
Enter 0 for fixed, 2 for adjustable grid: 
Suppress amplitude (0 no, 1 yes)? 
 Using suppressed amplitude.
Exact helicity sum (0 yes, n = number/event)? 
 Explicitly summing over helicities
Enter Configuration Number: 
Running Configuration Number:  387
 Using dconfig=         206
 BW Setting            2           2           1           1           2           0           0
 Attempting mappinvarients           1           9
 Completed mapping           9
 about to integrate           19        1000           5           3          19           1
 Using non-zero grid deformation.
 19 dimensions   1000 events 19 invarients  5 iterations  1 config(s),  (0.99)
 Using h-tuple random number sequence.
 Error opening grid
 Using Uniform Grid!          36
 Using uniform alpha   1.0000000000000000     
 Grid defined OK
 Set CM energy to      13000.00
 Mapping Graph         387  to config         387
Setting grid   1    0.75740E-07   1
Setting grid   2    0.75740E-07   1
 Setting BW          -3           3   2200.0000000000000     
 Setting BW          -4           4   79.824359746197842     
Setting grid   5    0.28499E-04   1
Setting grid   6    0.28845E-01   1
 Transforming s_hat 1/s           18   2.9106967869601152E-002   1600.0000000000000        168999999.99999997     
 387   1   2   3   4   5   6   7   8   9  10  11  12  13  14
  15  16  17  18  19
 Masses: 0.000E+00 0.000E+00 0.000E+00 0.000E+00 0.000E+00 0.000E+00 0.000E+00 0.000E+00 0.912E+02
Using random seed offsets   387 :      1
  with seed                   24
 Ranmar initialization seeds         117        9398
 
 ********************************************
 * You are using the DiscreteSampler module *
 *      part of the MG5_aMC framework       *
 *         Author: Valentin Hirschi         *
 ********************************************
 
  Particle       3       4       5       6       7       8       9
      Et >    10.0    10.0    10.0    10.0     0.0     0.0     0.0
       E >     0.0     0.0     0.0     0.0     0.0     0.0     0.0
     Eta <     2.5     2.5     2.5     2.5    -1.0    -1.0    -1.0
   xqcut:      0.0     0.0     0.0     0.0     0.0     0.0     0.0
d R # 3  >    -0.0     0.4     0.4     0.4     0.0     0.0     0.0
d R # 4  >    -0.0    -0.0     0.4     0.4     0.0     0.0     0.0
d R # 5  >    -0.0    -0.0    -0.0     0.4     0.0     0.0     0.0
d R # 6  >    -0.0    -0.0    -0.0    -0.0     0.0     0.0     0.0
d R # 7  >    -0.0    -0.0    -0.0    -0.0    -0.0     0.0     0.0
d R # 8  >    -0.0    -0.0    -0.0    -0.0    -0.0    -0.0     0.0
s min # 3>     0.0     0.0     0.0     0.0     0.0     0.0     0.0
s min # 4>     0.0     0.0     0.0     0.0     0.0     0.0     0.0
s min # 5>     0.0     0.0     0.0     0.0     0.0     0.0     0.0
s min # 6>     0.0     0.0     0.0     0.0     0.0     0.0     0.0
s min # 7>     0.0     0.0     0.0     0.0     0.0     0.0     0.0
s min # 8>     0.0     0.0     0.0     0.0     0.0     0.0     0.0
xqcutij # 3>     0.0     0.0     0.0     0.0     0.0     0.0     0.0
xqcutij # 4>     0.0     0.0     0.0     0.0     0.0     0.0     0.0
xqcutij # 5>     0.0     0.0     0.0     0.0     0.0     0.0     0.0
xqcutij # 6>     0.0     0.0     0.0     0.0     0.0     0.0     0.0
xqcutij # 7>     0.0     0.0     0.0     0.0     0.0     0.0     0.0
xqcutij # 8>     0.0     0.0     0.0     0.0     0.0     0.0     0.0
 Excluding BW           -1           1
 Excluding BW           -2           2
 Requiring BW           -3           3
 Requiring BW           -4           4
 Excluding BW           -6           5
 alpha_s for scale    1329.2080584632151       is    9.0067181301283841E-002
 Added good helicity            1   174.41927353508251       in event            1 local:           1
 Added good helicity           21   2.6003284238214696E-005  in event            1 local:           1
 Added good helicity           25   4.2307074715572256E-008  in event            1 local:           1
 Added good helicity           37   1.5052639531838294E-007  in event            1 local:           1
 Added good helicity           41   2.4131996784128120E-003  in event            1 local:           1
 Added good helicity           61   1.4179623315995140E-008  in event            1 local:           1
 Added good helicity          193   81.555220343706210       in event            1 local:           1
 Added good helicity          213   1.5200321649751054E-004  in event            1 local:           1
 Added good helicity          229   8.8915515377845271E-005  in event            1 local:           1
 Added good helicity          233   2.2825758682364132E-002  in event            1 local:           1
 Added good helicity          253   2.4327252341295691E-008  in event            1 local:           1
 Added good helicity            1   174.41927353510533       in event            1 local:           1
 Added good helicity           21   2.6003284238201415E-005  in event            1 local:           1
 Added good helicity           25   4.2307074715556275E-008  in event            1 local:           1
 Added good helicity           37   1.5052639531821359E-007  in event            1 local:           1
 Added good helicity           41   2.4131996784108032E-003  in event            1 local:           1
 Added good helicity           61   1.4179623315996011E-008  in event            1 local:           1
 Added good helicity          193   81.555220343683473       in event            1 local:           1
 Added good helicity          213   1.5200321649742334E-004  in event            1 local:           1
 Added good helicity          229   8.8915515377819792E-005  in event            1 local:           1
 Added good helicity          233   2.2825758682292554E-002  in event            1 local:           1
 Added good helicity          253   2.4327252341299536E-008  in event            1 local:           1
 Added good helicity          217   1.1863665963651881E-008  in event            2 local:           1
 Added good helicity          217   1.1863665963679608E-008  in event            2 local:           1
 RESET CUMULATIVE VARIABLE
 RESET CUMULATIVE VARIABLE
 RESET CUMULATIVE VARIABLE
 Iteration  1   Mean: 0.4883E-12 Abs mean: 0.4883E-12   Fluctuation:  0.150E-12   0.823E-10    14.9%
  1    0.4883E-12 0.4883E-12 +- 0.1499E-12      9.71
 Writing out events   6.5720329281953551E-016   9.7106439221988623     
 Relative summed weights:
  0.1460E-01  0.8974E-02  0.9114E-01  0.9990E-01  0.0000E+00  0.1216E-05
  0.2575E-04  0.1217E-03  0.0000E+00  0.6022E-09  0.0000E+00  0.0000E+00
  0.5620E-01  0.4302E-02  0.8059E-03  0.1582E+00  0.0000E+00  0.0000E+00
  0.9294E-04  0.1553E+00  0.0000E+00  0.0000E+00  0.0000E+00  0.0000E+00
  0.3661E-01  0.9041E-01  0.6379E-01  0.7686E-02  0.0000E+00  0.3640E-06
  0.1832E+00  0.9689E-02  0.2658E-02  0.1623E-01  0.0000E+00  0.5198E-08
  0.7017E-05  0.0000E+00  0.0000E+00  0.0000E+00  0.0000E+00  0.0000E+00
  0.0000E+00  0.1227E-09  0.0000E+00  0.0000E+00  0.0000E+00  0.0000E+00
 Relative number of events:
  0.5748E-01  0.3964E-01  0.6244E-01  0.8325E-01  0.0000E+00  0.9911E-03
  0.1982E-02  0.9911E-03  0.0000E+00  0.9911E-03  0.0000E+00  0.0000E+00
  0.5451E-01  0.5550E-01  0.7730E-01  0.7235E-01  0.0000E+00  0.0000E+00
  0.1982E-02  0.9911E-03  0.0000E+00  0.0000E+00  0.0000E+00  0.0000E+00
  0.5253E-01  0.4856E-01  0.6442E-01  0.5847E-01  0.0000E+00  0.9911E-03
  0.6640E-01  0.4856E-01  0.6938E-01  0.7631E-01  0.0000E+00  0.9911E-03
  0.9911E-03  0.0000E+00  0.0000E+00  0.0000E+00  0.0000E+00  0.0000E+00
  0.0000E+00  0.1982E-02  0.0000E+00  0.0000E+00  0.0000E+00  0.0000E+00
 Events:
          58          40          63          84           0           1
           2           1           0           1           0           0
          55          56          78          73           0           0
           2           1           0           0           0           0
          53          49          65          59           0           1
          67          49          70          77           0           1
           1           0           0           0           0           0
           0           2           0           0           0           0
 Iteration  2   Mean: 0.2160E-11 Abs mean: 0.2160E-11   Fluctuation:  0.144E-11   0.285E-08    37.8%
  2    0.2160E-11 0.2160E-11 +- 0.1439E-11     29.80
 Relative summed weights:
  0.1097E-02  0.1802E-01  0.3576E-01  0.4302E-02  0.3100E-07  0.2229E-06
  0.1225E-02  0.0000E+00  0.0000E+00  0.0000E+00  0.0000E+00  0.0000E+00
  0.2962E-01  0.6610E+00  0.8766E-02  0.1911E-01  0.3042E-05  0.0000E+00
  0.1318E-05  0.5972E-04  0.0000E+00  0.0000E+00  0.0000E+00  0.2920E-09
  0.3623E-02  0.3988E-02  0.3733E-01  0.7118E-01  0.6965E-07  0.0000E+00
  0.3405E-01  0.3647E-02  0.5760E-01  0.8923E-02  0.1790E-04  0.0000E+00
  0.2330E-10  0.2439E-04  0.0000E+00  0.0000E+00  0.0000E+00  0.0000E+00
  0.2334E-03  0.3831E-03  0.0000E+00  0.0000E+00  0.0000E+00  0.0000E+00
 Relative number of events:
  0.5900E-01  0.4600E-01  0.6850E-01  0.7050E-01  0.5000E-03  0.5000E-03
  0.2000E-02  0.0000E+00  0.0000E+00  0.0000E+00  0.0000E+00  0.0000E+00
  0.4950E-01  0.4600E-01  0.7950E-01  0.7600E-01  0.1000E-02  0.0000E+00
  0.1000E-02  0.1000E-02  0.0000E+00  0.0000E+00  0.0000E+00  0.5000E-03
  0.5900E-01  0.4950E-01  0.7000E-01  0.6750E-01  0.5000E-03  0.0000E+00
  0.5050E-01  0.5500E-01  0.7150E-01  0.7100E-01  0.5000E-03  0.0000E+00
  0.5000E-03  0.5000E-03  0.0000E+00  0.0000E+00  0.0000E+00  0.0000E+00
  0.1500E-02  0.1000E-02  0.0000E+00  0.0000E+00  0.0000E+00  0.0000E+00
 Events:
         118          92         137         141           1           1
           4           0           0           0           0           0
          99          92         159         152           2           0
           2           2           0           0           0           1
         118          99         140         135           1           0
         101         110         143         142           1           0
           1           1           0           0           0           0
           3           2           0           0           0           0
 Iteration  3   Mean: 0.1805E-11 Abs mean: 0.1805E-11   Fluctuation:  0.835E-12   0.298E-08    45.3%
  3    0.1805E-11 0.1805E-11 +- 0.8352E-12     29.27
 Relative summed weights:
  0.7178E-02  0.4202E-01  0.2347E-01  0.4436E-01  0.1010E-07  0.2511E-05
  0.6302E-04  0.1083E-02  0.1252E-05  0.0000E+00  0.0000E+00  0.0000E+00
  0.2145E+00  0.2448E-01  0.2061E-01  0.7235E-02  0.1234E-02  0.0000E+00
  0.1301E-03  0.9683E-02  0.4186E-07  0.1230E-03  0.1633E-09  0.1025E-05
  0.8695E-02  0.9294E-02  0.8319E-02  0.4523E-01  0.2249E-05  0.1632E-08
  0.9928E-02  0.4731E-01  0.3425E-02  0.4471E+00  0.2674E-02  0.0000E+00
  0.2293E-03  0.5129E-05  0.2151E-01  0.0000E+00  0.0000E+00  0.9771E-06
  0.1078E-03  0.5754E-08  0.0000E+00  0.1586E-04  0.7574E-11  0.0000E+00
 Relative number of events:
  0.5125E-01  0.5125E-01  0.7125E-01  0.7450E-01  0.2500E-03  0.1250E-02
  0.1250E-02  0.7500E-03  0.2500E-03  0.0000E+00  0.0000E+00  0.0000E+00
  0.5175E-01  0.4850E-01  0.6950E-01  0.7250E-01  0.1000E-02  0.0000E+00
  0.7500E-03  0.7500E-03  0.2500E-03  0.2500E-03  0.2500E-03  0.2500E-03
  0.5225E-01  0.4800E-01  0.8475E-01  0.6800E-01  0.1000E-02  0.2500E-03
  0.4650E-01  0.5725E-01  0.6925E-01  0.6975E-01  0.5000E-03  0.0000E+00
  0.1250E-02  0.5000E-03  0.2500E-03  0.0000E+00  0.0000E+00  0.2500E-03
  0.1500E-02  0.2500E-03  0.0000E+00  0.5000E-03  0.2500E-03  0.0000E+00
 Events:
         205         205         285         298           1           5
           5           3           1           0           0           0
         207         194         278         290           4           0
           3           3           1           1           1           1
         209         192         339         272           4           1
         186         229         277         279           2           0
           5           2           1           0           0           1
           6           1           0           2           1           0
 Accuracy:    0.475   0.100   0.239   3.954
 Found           87  events.
 Wrote            2  events.
 Actual xsec    1.0537590692325248E-012
 Correct abs xsec    1.0537590692325248E-012
 Event xsec    1.0537590692325248E-012
 Events wgts > 1:            1
 % Cross section > 1:    4.2805415301527523E-022   4.0621634063565992E-008
 Iteration  4   Mean: 0.8771E-12 Abs mean: 0.8771E-12   Fluctuation:  0.152E-12   0.485E-09    43.7%
  4    0.8771E-12 0.8771E-12 +- 0.1518E-12     15.48
 Relative summed weights:
  0.3719E-01  0.3323E-01  0.1164E+00  0.5938E-01  0.6146E-04  0.2123E-03
  0.6768E-01  0.9861E-05  0.0000E+00  0.0000E+00  0.4040E-03  0.3735E-05
  0.1504E+00  0.9659E-02  0.1740E-01  0.7035E-01  0.2961E-03  0.5272E-05
  0.3272E-05  0.1529E-03  0.0000E+00  0.6347E-07  0.0000E+00  0.0000E+00
  0.5795E-01  0.4315E-01  0.5693E-01  0.6488E-01  0.1099E-05  0.2867E-06
  0.2886E-01  0.9625E-01  0.2180E-01  0.5323E-01  0.2049E-06  0.2634E-04
  0.1387E-05  0.2106E-03  0.0000E+00  0.0000E+00  0.4108E-07  0.3195E-03
  0.3790E-02  0.9745E-02  0.6114E-07  0.2738E-07  0.2597E-07  0.0000E+00
 Relative number of events:
  0.4863E-01  0.5362E-01  0.7312E-01  0.7075E-01  0.5000E-03  0.3750E-03
  0.7500E-03  0.5000E-03  0.0000E+00  0.0000E+00  0.2500E-03  0.2500E-03
  0.5475E-01  0.4813E-01  0.7362E-01  0.7337E-01  0.7500E-03  0.3750E-03
  0.6250E-03  0.1125E-02  0.0000E+00  0.1250E-03  0.0000E+00  0.0000E+00
  0.4713E-01  0.4938E-01  0.7525E-01  0.7750E-01  0.2500E-03  0.2500E-03
  0.5050E-01  0.4975E-01  0.7325E-01  0.7025E-01  0.1250E-03  0.6250E-03
  0.2500E-03  0.1250E-02  0.0000E+00  0.0000E+00  0.3750E-03  0.1250E-03
  0.6250E-03  0.1000E-02  0.1250E-03  0.1250E-03  0.2500E-03  0.0000E+00
 Events:
         389         429         585         566           4           3
           6           4           0           0           2           2
         438         385         589         587           6           3
           5           9           0           1           0           0
         377         395         602         620           2           2
         404         398         586         562           1           5
           2          10           0           0           3           1
           5           8           1           1           2           0
 Accuracy:    0.261   0.100   0.140   3.463
 Found          199  events.
 Wrote           11  events.
 Actual xsec    1.0562348983817250E-012
 Correct abs xsec    1.0562348983817250E-012
 Event xsec    1.0562348983817250E-012
 Events wgts > 1:            2
 % Cross section > 1:    2.9988389197264110E-015  0.28391780316300685     
 Iteration  5   Mean: 0.2159E-11 Abs mean: 0.2159E-11   Fluctuation:  0.337E-12   0.277E-08    41.8%
  5    0.2159E-11 0.2159E-11 +- 0.3368E-12     19.73
 Relative summed weights:
  0.7443E-01  0.1799E+00  0.2727E-01  0.4534E-01  0.1344E-04  0.3935E-05
  0.1380E-02  0.2730E-02  0.0000E+00  0.3671E-06  0.1492E-05  0.1933E-03
  0.6319E-01  0.2758E-01  0.6554E-01  0.2747E-01  0.5816E-03  0.4500E-04
  0.3013E-01  0.8043E-04  0.1111E-04  0.2914E-03  0.1301E-06  0.1179E-05
  0.1707E-01  0.3721E-01  0.5496E-01  0.1559E+00  0.3564E-02  0.2113E-04
  0.5950E-01  0.3164E-01  0.4729E-01  0.4220E-01  0.2577E-05  0.2454E-02
  0.2153E-03  0.2694E-03  0.1536E-06  0.0000E+00  0.5208E-06  0.1702E-06
  0.2368E-03  0.1083E-02  0.1955E-03  0.1408E-06  0.1613E-06  0.3753E-05
 Relative number of events:
  0.5344E-01  0.5106E-01  0.7106E-01  0.7481E-01  0.4375E-03  0.3125E-03
  0.1375E-02  0.8125E-03  0.0000E+00  0.1875E-03  0.1250E-03  0.6250E-04
  0.4944E-01  0.4888E-01  0.7450E-01  0.7037E-01  0.5625E-03  0.3750E-03
  0.8750E-03  0.7500E-03  0.1875E-03  0.1875E-03  0.1875E-03  0.6250E-04
  0.4938E-01  0.4931E-01  0.7637E-01  0.7094E-01  0.5625E-03  0.4375E-03
  0.5194E-01  0.5013E-01  0.7337E-01  0.7150E-01  0.4375E-03  0.5000E-03
  0.1313E-02  0.1250E-02  0.6250E-04  0.0000E+00  0.1875E-03  0.1250E-03
  0.5000E-03  0.1125E-02  0.1875E-03  0.6250E-04  0.1250E-03  0.1250E-03
 Events:
         855         817        1137        1197           7           5
          22          13           0           3           2           1
         791         782        1192        1126           9           6
          14          12           3           3           3           1
         790         789        1222        1135           9           7
         831         802        1174        1144           7           8
          21          20           1           0           3           2
           8          18           3           1           2           2
 Accuracy:    0.231   0.100   0.104   4.889
 Found         1012  events.
 Wrote           14  events.
 Actual xsec    1.5971618263960968E-012
 Correct abs xsec    1.5971618263960968E-012
 Event xsec    1.5971618263960968E-012
 Events wgts > 1:            1
 % Cross section > 1:    2.1505066756983597E-015  0.13464550931265704     

 -------------------------------------------------------------------------------
 Accumulated results:   Integral =  0.1483E-11
                        Std dev  =  0.1546E-12
                       Cross sec =  0.1483E-11
             Chi**2 per DoF.     =      4.8893
 -------------------------------------------------------------------------------
-------------------------------------------------
---------------------------
 Results Last   3 iters: Integral =   0.1597E-11
                     Abs integral =   0.1597E-11
                          Std dev =   0.1795E-12
                  Chi**2 per DoF. =     12.6697
-------------------------------------------------
---------------------------
 Status  0.10000000000000001                6           5

ls status:
events.lhe
ftn26
input_app.txt
results.dat
run1_app.log
