 Process in group number            1
 A PDF is used, so alpha_s(MZ) is going to be modified
 Old value of alpha_s from param_card:   0.11839999999999999     
  ****************************************
 
       NNPDFDriver version 1.0.3
   Grid: NNPDF23_lo_as_0130_qed_mem0.grid
  ****************************************
 New value of alpha_s from PDF nn23lo1:  0.13000000000000000     
 Define smin to   1600.0000000000000     
 Define smin to   1600.0000000000000     
 Define smin to   1600.0000000000000     
 *****************************************************
 *               MadGraph/MadEvent                   *
 *        --------------------------------           *
 *          http://madgraph.hep.uiuc.edu             *
 *          http://madgraph.phys.ucl.ac.be           *
 *          http://madgraph.roma2.infn.it            *
 *        --------------------------------           *
 *                                                   *
 *          PARAMETER AND COUPLING VALUES            *
 *                                                   *
 *****************************************************

  External Params
  ---------------------------------
  
 mdl_VeN1 =    1.0000000000000000     
 mdl_VeN2 =    0.0000000000000000     
 mdl_VeN3 =    0.0000000000000000     
 mdl_VmuN1 =    0.0000000000000000     
 mdl_VmuN2 =    1.0000000000000000     
 mdl_VmuN3 =    0.0000000000000000     
 mdl_VtaN1 =    0.0000000000000000     
 mdl_VtaN2 =    0.0000000000000000     
 mdl_VtaN3 =    1.0000000000000000     
 mdl_VN1N1 =    1.0000000000000000     
 mdl_VN1N2 =    1.0000000000000000     
 mdl_VN1N3 =    1.0000000000000000     
 mdl_VN2N2 =    1.0000000000000000     
 mdl_VN2N3 =    1.0000000000000000     
 mdl_VN3N3 =    1.0000000000000000     
 aEWM1 =    127.90000000000001     
 mdl_Gf =    1.1663700000000000E-005
 aS =   0.11839999999999999     
 mdl_ymt =    172.00000000000000     
 mdl_vevf =    50.000000000000000     
 mdl_MZ =    91.187600000000003     
 mdl_MT =    172.00000000000000     
 mdl_MH =    125.00000000000000     
 mdl_mN1 =    1644.0000000000000     
 mdl_mN2 =    1744.0000000000000     
 mdl_mN3 =    1844.0000000000000     
 mdl_MJ =    91.187600000000003     
 mdl_MAx =    173.04800000000000     
 mdl_WZ =    2.4952000000000001     
 mdl_WW =    2.0850000000000000     
 mdl_WT =    1.5083359999999999     
 mdl_WH =    4.0699999999999998E-003
 mdl_WN1 =   0.30299999999999999     
 mdl_WN2 =    1.5000000000000000     
 mdl_WN3 =    12.300000000000001     
 mdl_WJ =    2.4952000000000001     
 mdl_WAx =    4.1700000000000001E-003
  Internal Params
  ---------------------------------
  
 mdl_vevf__exp__2 =    2500.0000000000000     
 mdl_sqrt__vevf__exp__2 =    50.000000000000000     
 mdl_muJ =    50.000000000000000     
 mdl_MZ__exp__2 =    8315.1783937600012     
 mdl_MZ__exp__4 =    69142191.720053151     
 mdl_sqrt__2 =    1.4142135623730951     
 mdl_MJ__exp__2 =    8315.1783937600012     
 mdl_muJ__exp__2 =    2500.0000000000000     
 mdl_lamJ =    4.3260713575040004     
 mdl_MH__exp__2 =    15625.000000000000     
 mdl_complexi =  (  0.0000000000000000     ,  1.0000000000000000     )
 mdl_aEW =    7.8186082877247844E-003
 mdl_MW =    79.824359746197842     
 mdl_sqrt__aEW =    8.8422894590285753E-002
 mdl_ee =   0.31345100004952897     
 mdl_MW__exp__2 =    6371.9284088904105     
 mdl_sw2 =   0.23369913342182447     
 mdl_cw =   0.87538612427783857     
 mdl_sqrt__sw2 =   0.48342438232036300     
 mdl_sw =   0.48342438232036300     
 mdl_g1 =   0.35807170271074895     
 mdl_gN =   0.64839716719502682     
 mdl_gw =   0.64839716719502682     
 mdl_vev =    246.22056907348590     
 mdl_vev__exp__2 =    60624.568634871241     
 mdl_lam =   0.12886689630821144     
 mdl_yt =   0.98791394091683138     
 mdl_muH =    88.388347648318444     
 mdl_I2a33 =  ( 0.98791394091683138     ,  0.0000000000000000     )
 mdl_I3a33 =  ( 0.98791394091683138     ,  0.0000000000000000     )
 mdl_ee__exp__2 =    9.8251529432049817E-002
 mdl_sw__exp__2 =   0.23369913342182450     
 mdl_cw__exp__2 =   0.76630086657817542     
  Internal Params evaluated point by point
  ----------------------------------------
  
 mdl_sqrt__aS =   0.34409301068170506     
 mdl_G__exp__2 =    1.4878582807401259     
  Couplings of SM_HeavyN_UFO
  ---------------------------------
  
         GC_1 =  -0.00000E+00  -0.10448E+00
         GC_2 =   0.00000E+00   0.20897E+00
         GC_3 =  -0.00000E+00  -0.31345E+00
         GC_4 =   0.00000E+00   0.31345E+00
        GC_26 =   0.00000E+00   0.45849E+00
        GC_27 =  -0.00000E+00  -0.28380E+00
        GC_28 =   0.00000E+00   0.28380E+00
        GC_30 =   0.00000E+00   0.56760E+00
        GC_35 =  -0.00000E+00  -0.28850E-01
        GC_37 =   0.00000E+00   0.17310E+00
        GC_39 =   0.00000E+00  -0.19725E+00
        GC_40 =   0.00000E+00   0.37035E+00
        GC_80 =   0.00000E+00   0.67543E+02
       GC_107 =  -0.00000E+00  -0.74070E+00
       GC_109 =  -0.00000E+00  -0.74070E+00
       GC_111 =  -0.00000E+00  -0.74070E+00
       GC_113 =  -0.00000E+00  -0.74070E+00
       GC_115 =  -0.00000E+00  -0.74070E+00
       GC_117 =  -0.00000E+00  -0.74070E+00
       GC_119 =   0.00000E+00   0.00000E+00
       GC_120 =   0.00000E+00   0.00000E+00
       GC_122 =  -0.00000E+00  -0.00000E+00
       GC_126 =   0.00000E+00   0.00000E+00
       GC_127 =   0.00000E+00   0.00000E+00
       GC_129 =  -0.00000E+00  -0.00000E+00
       GC_133 =   0.00000E+00   0.45849E+00
       GC_134 =   0.00000E+00   0.37035E+00
       GC_136 =  -0.00000E+00  -0.74892E+01
        GC_81 =   0.32880E+02   0.00000E+00
        GC_82 =   0.34880E+02   0.00000E+00
        GC_83 =   0.36880E+02   0.00000E+00

 Collider parameters:
 --------------------

 Running at P P   machine @    13000.000000000000       GeV
 PDF set = nn23lo1
 alpha_s(Mz)= 0.1300 running at 2 loops.
 alpha_s(Mz)= 0.1300 running at 2 loops.
 Renormalization scale set on event-by-event basis
 Factorization   scale set on event-by-event basis


 getting user params
Enter number of events and max and min iterations: 
 Number of events and iterations         1000           5           3
Enter desired fractional accuracy: 
 Desired fractional accuracy:   0.10000000000000001     
Enter 0 for fixed, 2 for adjustable grid: 
Suppress amplitude (0 no, 1 yes)? 
 Using suppressed amplitude.
Exact helicity sum (0 yes, n = number/event)? 
 Explicitly summing over helicities
Enter Configuration Number: 
Running Configuration Number: 1013
 Using dconfig=         728
 BW Setting            2           2           2           2           2           2           0
 Attempting mappinvarients           1           9
 Completed mapping           9
 about to integrate           19        1000           5           3          19           1
 Using non-zero grid deformation.
 19 dimensions   1000 events 19 invarients  5 iterations  1 config(s),  (0.99)
 Using h-tuple random number sequence.
 Error opening grid
 Using Uniform Grid!          36
 Using uniform alpha   1.0000000000000000     
 Grid defined OK
 Set CM energy to      13000.00
 Mapping Graph        1013  to config        1013
Setting grid   1    0.59172E-08   1
Setting grid   2    0.59172E-08   1
Setting grid   3    0.59172E-08   1
Setting grid   4    0.59172E-08   1
Setting grid   5    0.49202E-04   1
Setting grid   6    0.49202E-04   1
 Transforming s_hat 1/s           18   1.0183542244828404E-004   1600.0000000000000        168999999.99999997     
1013   1   2   3   4   5   6   7   8   9  10  11  12  13  14
  15  16  17  18  19
 Masses: 0.000E+00 0.000E+00 0.000E+00 0.000E+00 0.000E+00 0.000E+00 0.000E+00 0.000E+00 0.912E+02
Using random seed offsets  1013 :      1
  with seed                   24
 Ranmar initialization seeds         743        9398
 
 ********************************************
 * You are using the DiscreteSampler module *
 *      part of the MG5_aMC framework       *
 *         Author: Valentin Hirschi         *
 ********************************************
 
  Particle       3       4       5       6       7       8       9
      Et >    10.0    10.0    10.0    10.0     0.0     0.0     0.0
       E >     0.0     0.0     0.0     0.0     0.0     0.0     0.0
     Eta <     2.5     2.5     2.5     2.5    -1.0    -1.0    -1.0
   xqcut:      0.0     0.0     0.0     0.0     0.0     0.0     0.0
d R # 3  >    -0.0     0.4     0.4     0.4     0.0     0.0     0.0
d R # 4  >    -0.0    -0.0     0.4     0.4     0.0     0.0     0.0
d R # 5  >    -0.0    -0.0    -0.0     0.4     0.0     0.0     0.0
d R # 6  >    -0.0    -0.0    -0.0    -0.0     0.0     0.0     0.0
d R # 7  >    -0.0    -0.0    -0.0    -0.0    -0.0     0.0     0.0
d R # 8  >    -0.0    -0.0    -0.0    -0.0    -0.0    -0.0     0.0
s min # 3>     0.0     0.0     0.0     0.0     0.0     0.0     0.0
s min # 4>     0.0     0.0     0.0     0.0     0.0     0.0     0.0
s min # 5>     0.0     0.0     0.0     0.0     0.0     0.0     0.0
s min # 6>     0.0     0.0     0.0     0.0     0.0     0.0     0.0
s min # 7>     0.0     0.0     0.0     0.0     0.0     0.0     0.0
s min # 8>     0.0     0.0     0.0     0.0     0.0     0.0     0.0
xqcutij # 3>     0.0     0.0     0.0     0.0     0.0     0.0     0.0
xqcutij # 4>     0.0     0.0     0.0     0.0     0.0     0.0     0.0
xqcutij # 5>     0.0     0.0     0.0     0.0     0.0     0.0     0.0
xqcutij # 6>     0.0     0.0     0.0     0.0     0.0     0.0     0.0
xqcutij # 7>     0.0     0.0     0.0     0.0     0.0     0.0     0.0
xqcutij # 8>     0.0     0.0     0.0     0.0     0.0     0.0     0.0
 Excluding BW           -1           1
 Excluding BW           -2           2
 Excluding BW           -3           3
 Excluding BW           -4           4
 Excluding BW           -5           5
 Excluding BW           -6           6
 alpha_s for scale    561.13365641599592       is    9.9894926253589394E-002
 Added good helicity            1   47.849951041662607       in event            1 local:           1
 Added good helicity           21   5.5516746182103999E-003  in event            1 local:           1
 Added good helicity           25   1.1636188036189349E-002  in event            1 local:           1
 Added good helicity           37   12.529577592023609       in event            1 local:           1
 Added good helicity           41   2.7290269842994166E-003  in event            1 local:           1
 Added good helicity           61   4.4929550456779830E-004  in event            1 local:           1
 Added good helicity          193   74.475878973128957       in event            1 local:           1
 Added good helicity          213  0.19886267955545270       in event            1 local:           1
 Added good helicity          217   7.3964784306340736E-002  in event            1 local:           1
 Added good helicity          229   120.83184694515586       in event            1 local:           1
 Added good helicity          233   1.7523363457952967E-002  in event            1 local:           1
 Added good helicity          253   2.0284355659372778E-003  in event            1 local:           1
 Added good helicity            1   47.849951041662671       in event            1 local:           1
 Added good helicity           21   5.5516746182103340E-003  in event            1 local:           1
 Added good helicity           25   1.1636188036189378E-002  in event            1 local:           1
 Added good helicity           37   12.529577592023685       in event            1 local:           1
 Added good helicity           41   2.7290269842994330E-003  in event            1 local:           1
 Added good helicity           61   4.4929550456779922E-004  in event            1 local:           1
 Added good helicity          193   74.475878973129497       in event            1 local:           1
 Added good helicity          213  0.19886267955545134       in event            1 local:           1
 Added good helicity          217   7.3964784306341028E-002  in event            1 local:           1
 Added good helicity          229   120.83184694515521       in event            1 local:           1
 Added good helicity          233   1.7523363457953044E-002  in event            1 local:           1
 Added good helicity          253   2.0284355659372227E-003  in event            1 local:           1
 RESET CUMULATIVE VARIABLE
 RESET CUMULATIVE VARIABLE
 RESET CUMULATIVE VARIABLE
 Iteration  1   Mean: 0.7034E-12 Abs mean: 0.7034E-12   Fluctuation:  0.627E-12   0.625E-09     3.3%
  1    0.7034E-12 0.7034E-12 +- 0.6273E-12     28.20
 Writing out events   4.2747236634226177E-015   28.200659685785364     
 Relative summed weights:
  0.0000E+00  0.0000E+00  0.0000E+00  0.0000E+00  0.0000E+00  0.0000E+00
  0.1454E-04  0.2964E-07  0.7496E-01  0.2341E-08  0.5691E-10  0.1375E-11
  0.0000E+00  0.0000E+00  0.0000E+00  0.0000E+00  0.0000E+00  0.0000E+00
  0.6079E-08  0.5740E-08  0.6206E-06  0.3390E-04  0.5913E-12  0.1815E-07
  0.0000E+00  0.0000E+00  0.0000E+00  0.0000E+00  0.0000E+00  0.0000E+00
  0.7232E-10  0.1793E-07  0.2886E-08  0.4102E-07  0.2751E-09  0.7829E-18
  0.0000E+00  0.0000E+00  0.0000E+00  0.0000E+00  0.0000E+00  0.0000E+00
  0.2079E-04  0.1875E-07  0.8881E+00  0.1764E-05  0.2633E-09  0.1914E-13
  0.2410E-06  0.7442E-07  0.6680E-04  0.3653E-01  0.2020E-10  0.2323E-10
  0.0000E+00  0.0000E+00  0.0000E+00  0.0000E+00  0.0000E+00  0.0000E+00
  0.2051E-06  0.6706E-09  0.3725E-07  0.1163E-05  0.4929E-11  0.2498E-07
  0.0000E+00  0.0000E+00  0.0000E+00  0.0000E+00  0.0000E+00  0.0000E+00
  0.4854E-06  0.2286E-03  0.1878E-06  0.1125E-05  0.4089E-10  0.8719E-13
  0.6021E-05  0.0000E+00  0.0000E+00  0.0000E+00  0.0000E+00  0.0000E+00
  0.1225E-06  0.7054E-05  0.4227E-06  0.2020E-04  0.3025E-11  0.7819E-12
  0.0000E+00  0.0000E+00  0.0000E+00  0.0000E+00  0.0000E+00  0.0000E+00
 Relative number of events:
  0.0000E+00  0.0000E+00  0.0000E+00  0.0000E+00  0.0000E+00  0.0000E+00
  0.1487E-01  0.2180E-01  0.3171E-01  0.2478E-01  0.6938E-02  0.9911E-02
  0.0000E+00  0.0000E+00  0.0000E+00  0.0000E+00  0.0000E+00  0.0000E+00
  0.1685E-01  0.1784E-01  0.3072E-01  0.1784E-01  0.7929E-02  0.6938E-02
  0.0000E+00  0.0000E+00  0.0000E+00  0.0000E+00  0.0000E+00  0.0000E+00
  0.2180E-01  0.2180E-01  0.2577E-01  0.3568E-01  0.6938E-02  0.3964E-02
  0.0000E+00  0.0000E+00  0.0000E+00  0.0000E+00  0.0000E+00  0.0000E+00
  0.1487E-01  0.8920E-02  0.2478E-01  0.1982E-01  0.6938E-02  0.4955E-02
  0.2775E-01  0.2973E-01  0.4361E-01  0.3072E-01  0.9911E-02  0.1982E-02
  0.0000E+00  0.0000E+00  0.0000E+00  0.0000E+00  0.0000E+00  0.0000E+00
  0.2379E-01  0.1883E-01  0.3271E-01  0.4955E-01  0.6938E-02  0.8920E-02
  0.0000E+00  0.0000E+00  0.0000E+00  0.0000E+00  0.0000E+00  0.0000E+00
  0.2577E-01  0.3171E-01  0.3766E-01  0.4262E-01  0.4955E-02  0.6938E-02
  0.9911E-03  0.0000E+00  0.0000E+00  0.0000E+00  0.0000E+00  0.0000E+00
  0.3271E-01  0.2676E-01  0.3766E-01  0.5055E-01  0.5946E-02  0.6938E-02
  0.0000E+00  0.0000E+00  0.0000E+00  0.0000E+00  0.0000E+00  0.0000E+00
 Events:
           0           0           0           0           0           0
          15          22          32          25           7          10
           0           0           0           0           0           0
          17          18          31          18           8           7
           0           0           0           0           0           0
          22          22          26          36           7           4
           0           0           0           0           0           0
          15           9          25          20           7           5
          28          30          44          31          10           2
           0           0           0           0           0           0
          24          19          33          50           7           9
           0           0           0           0           0           0
          26          32          38          43           5           7
           1           0           0           0           0           0
          33          27          38          51           6           7
           0           0           0           0           0           0
 Iteration  2   Mean: 0.4372E-13 Abs mean: 0.4372E-13   Fluctuation:  0.409E-13   0.816E-10    31.0%
  2    0.4372E-13 0.4372E-13 +- 0.4087E-13     41.80
 Relative summed weights:
  0.0000E+00  0.0000E+00  0.0000E+00  0.0000E+00  0.0000E+00  0.0000E+00
  0.1096E-04  0.6626E-05  0.2101E-07  0.1793E-06  0.1759E-10  0.6484E-12
  0.0000E+00  0.0000E+00  0.0000E+00  0.0000E+00  0.0000E+00  0.0000E+00
  0.1126E-03  0.1280E-06  0.7205E-03  0.1228E-05  0.1523E-11  0.2029E-09
  0.0000E+00  0.0000E+00  0.0000E+00  0.0000E+00  0.0000E+00  0.0000E+00
  0.2975E-05  0.3512E-07  0.7928E-04  0.6132E-02  0.1191E-05  0.4227E-14
  0.0000E+00  0.0000E+00  0.0000E+00  0.0000E+00  0.0000E+00  0.0000E+00
  0.6212E-08  0.1029E-05  0.1041E-06  0.9570E-05  0.4342E-12  0.3077E-10
  0.2283E-05  0.2936E-04  0.4693E-07  0.9337E+00  0.4900E-17  0.1094E-04
  0.0000E+00  0.0000E+00  0.0000E+00  0.0000E+00  0.0000E+00  0.0000E+00
  0.2014E-06  0.2174E-04  0.6597E-02  0.1006E-01  0.4346E-13  0.9931E-14
  0.0000E+00  0.0000E+00  0.0000E+00  0.0000E+00  0.0000E+00  0.0000E+00
  0.2068E-06  0.2592E-07  0.1197E-02  0.4432E-03  0.5330E-08  0.2617E-07
  0.0000E+00  0.0000E+00  0.0000E+00  0.0000E+00  0.0000E+00  0.0000E+00
  0.4086E-01  0.1068E-06  0.4521E-05  0.1702E-04  0.1749E-09  0.6914E-11
  0.0000E+00  0.0000E+00  0.0000E+00  0.0000E+00  0.0000E+00  0.0000E+00
 Relative number of events:
  0.0000E+00  0.0000E+00  0.0000E+00  0.0000E+00  0.0000E+00  0.0000E+00
  0.2150E-01  0.2150E-01  0.3100E-01  0.2100E-01  0.7000E-02  0.4000E-02
  0.0000E+00  0.0000E+00  0.0000E+00  0.0000E+00  0.0000E+00  0.0000E+00
  0.1450E-01  0.1700E-01  0.3150E-01  0.2750E-01  0.6000E-02  0.3000E-02
  0.0000E+00  0.0000E+00  0.0000E+00  0.0000E+00  0.0000E+00  0.0000E+00
  0.2050E-01  0.2100E-01  0.2700E-01  0.3200E-01  0.2000E-02  0.2500E-02
  0.0000E+00  0.0000E+00  0.0000E+00  0.0000E+00  0.0000E+00  0.0000E+00
  0.1900E-01  0.2050E-01  0.2600E-01  0.3350E-01  0.4000E-02  0.4500E-02
  0.3000E-01  0.2900E-01  0.3850E-01  0.4000E-01  0.5000E-03  0.5000E-02
  0.0000E+00  0.0000E+00  0.0000E+00  0.0000E+00  0.0000E+00  0.0000E+00
  0.2550E-01  0.2800E-01  0.4100E-01  0.4300E-01  0.4000E-02  0.3000E-02
  0.0000E+00  0.0000E+00  0.0000E+00  0.0000E+00  0.0000E+00  0.0000E+00
  0.3000E-01  0.2700E-01  0.3800E-01  0.3950E-01  0.4000E-02  0.2500E-02
  0.0000E+00  0.0000E+00  0.0000E+00  0.0000E+00  0.0000E+00  0.0000E+00
  0.3450E-01  0.3100E-01  0.3800E-01  0.4200E-01  0.4000E-02  0.4000E-02
  0.0000E+00  0.0000E+00  0.0000E+00  0.0000E+00  0.0000E+00  0.0000E+00
 Events:
           0           0           0           0           0           0
          43          43          62          42          14           8
           0           0           0           0           0           0
          29          34          63          55          12           6
           0           0           0           0           0           0
          41          42          54          64           4           5
           0           0           0           0           0           0
          38          41          52          67           8           9
          60          58          77          80           1          10
           0           0           0           0           0           0
          51          56          82          86           8           6
           0           0           0           0           0           0
          60          54          76          79           8           5
           0           0           0           0           0           0
          69          62          76          84           8           8
           0           0           0           0           0           0
 Iteration  3   Mean: 0.8318E-12 Abs mean: 0.8318E-12   Fluctuation:  0.824E-12   0.330E-08    40.1%
  3    0.8318E-12 0.8318E-12 +- 0.8241E-12     62.66
 Relative summed weights:
  0.0000E+00  0.0000E+00  0.0000E+00  0.0000E+00  0.0000E+00  0.0000E+00
  0.1646E-03  0.9972E-06  0.3061E-05  0.1152E-06  0.4341E-10  0.1646E-17
  0.0000E+00  0.0000E+00  0.0000E+00  0.0000E+00  0.0000E+00  0.0000E+00
  0.1650E-02  0.1360E-05  0.4659E-03  0.1150E-03  0.3579E-04  0.8004E-11
  0.0000E+00  0.0000E+00  0.0000E+00  0.0000E+00  0.0000E+00  0.0000E+00
  0.2852E-05  0.2386E-04  0.9992E-05  0.1732E-07  0.2397E-09  0.9263E-14
  0.0000E+00  0.0000E+00  0.0000E+00  0.0000E+00  0.0000E+00  0.0000E+00
  0.1993E-06  0.1060E-04  0.1666E-03  0.1536E-04  0.1347E-10  0.6479E-12
  0.5664E-02  0.6292E-05  0.1675E-05  0.6100E-04  0.2266E-14  0.4094E-18
  0.0000E+00  0.0000E+00  0.0000E+00  0.0000E+00  0.0000E+00  0.0000E+00
  0.2211E-04  0.1435E-05  0.4354E-05  0.4170E-03  0.3671E-16  0.2137E-09
  0.0000E+00  0.0000E+00  0.0000E+00  0.0000E+00  0.0000E+00  0.0000E+00
  0.1997E-06  0.1144E-05  0.3194E-05  0.3271E-05  0.7384E-13  0.1337E-14
  0.0000E+00  0.0000E+00  0.0000E+00  0.0000E+00  0.0000E+00  0.0000E+00
  0.1475E-04  0.3708E-03  0.9907E+00  0.3566E-04  0.1734E-17  0.2916E-15
  0.0000E+00  0.0000E+00  0.0000E+00  0.0000E+00  0.0000E+00  0.0000E+00
 Relative number of events:
  0.0000E+00  0.0000E+00  0.0000E+00  0.0000E+00  0.0000E+00  0.0000E+00
  0.3150E-01  0.2675E-01  0.2250E-01  0.2375E-01  0.1000E-02  0.7500E-03
  0.0000E+00  0.0000E+00  0.0000E+00  0.0000E+00  0.0000E+00  0.0000E+00
  0.2200E-01  0.2475E-01  0.2200E-01  0.2325E-01  0.5000E-03  0.1500E-02
  0.0000E+00  0.0000E+00  0.0000E+00  0.0000E+00  0.0000E+00  0.0000E+00
  0.2550E-01  0.2475E-01  0.2475E-01  0.2525E-01  0.1250E-02  0.1250E-02
  0.0000E+00  0.0000E+00  0.0000E+00  0.0000E+00  0.0000E+00  0.0000E+00
  0.2650E-01  0.2925E-01  0.2700E-01  0.2500E-01  0.1250E-02  0.1500E-02
  0.4050E-01  0.4325E-01  0.3375E-01  0.3125E-01  0.1000E-02  0.7500E-03
  0.0000E+00  0.0000E+00  0.0000E+00  0.0000E+00  0.0000E+00  0.0000E+00
  0.4175E-01  0.4200E-01  0.3225E-01  0.2850E-01  0.5000E-03  0.2000E-02
  0.0000E+00  0.0000E+00  0.0000E+00  0.0000E+00  0.0000E+00  0.0000E+00
  0.3650E-01  0.3825E-01  0.3375E-01  0.3575E-01  0.1000E-02  0.1000E-02
  0.0000E+00  0.0000E+00  0.0000E+00  0.0000E+00  0.0000E+00  0.0000E+00
  0.4200E-01  0.3800E-01  0.3275E-01  0.2850E-01  0.5000E-03  0.1000E-02
  0.0000E+00  0.0000E+00  0.0000E+00  0.0000E+00  0.0000E+00  0.0000E+00
 Events:
           0           0           0           0           0           0
         126         107          90          95           4           3
           0           0           0           0           0           0
          88          99          88          93           2           6
           0           0           0           0           0           0
         102          99          99         101           5           5
           0           0           0           0           0           0
         106         117         108         100           5           6
         162         173         135         125           4           3
           0           0           0           0           0           0
         167         168         129         114           2           8
           0           0           0           0           0           0
         146         153         135         143           4           4
           0           0           0           0           0           0
         168         152         131         114           2           4
           0           0           0           0           0           0
 Accuracy:    0.465   0.100   0.541   0.739
 Found           25  events.
 Wrote            1  events.
 Actual xsec    5.2093140072883466E-013
 Correct abs xsec    5.2093140072883466E-013
 Event xsec    5.2093140072883466E-013
 Events wgts > 1:            0
 % Cross section > 1:    0.0000000000000000        0.0000000000000000     
 Iteration  4   Mean: 0.1549E-11 Abs mean: 0.1549E-11   Fluctuation:  0.153E-11   0.122E-07    66.1%
  4    0.1549E-11 0.1549E-11 +- 0.1531E-11     88.38
 Relative summed weights:
  0.0000E+00  0.0000E+00  0.0000E+00  0.0000E+00  0.0000E+00  0.0000E+00
  0.9897E+00  0.5427E-03  0.1261E-05  0.4638E-05  0.9397E-10  0.1227E-11
  0.0000E+00  0.0000E+00  0.0000E+00  0.0000E+00  0.0000E+00  0.0000E+00
  0.1686E-02  0.2028E-05  0.1225E-03  0.5435E-03  0.4846E-13  0.8428E-15
  0.0000E+00  0.3834E-10  0.0000E+00  0.0000E+00  0.0000E+00  0.0000E+00
  0.2361E-05  0.1466E-05  0.6336E-03  0.6394E-06  0.0000E+00  0.6378E-14
  0.0000E+00  0.0000E+00  0.4999E-11  0.0000E+00  0.0000E+00  0.0000E+00
  0.5469E-06  0.6825E-05  0.6080E-06  0.7957E-06  0.5446E-13  0.2136E-11
  0.3883E-04  0.4049E-05  0.2552E-05  0.2237E-05  0.4875E-15  0.3276E-17
  0.0000E+00  0.0000E+00  0.0000E+00  0.0000E+00  0.0000E+00  0.0000E+00
  0.4447E-04  0.7413E-04  0.1372E-04  0.2313E-03  0.3144E-10  0.3259E-11
  0.0000E+00  0.0000E+00  0.2556E-14  0.1447E-11  0.0000E+00  0.0000E+00
  0.6395E-03  0.8169E-06  0.1092E-06  0.2885E-02  0.8290E-10  0.1507E-13
  0.0000E+00  0.0000E+00  0.0000E+00  0.0000E+00  0.0000E+00  0.0000E+00
  0.1121E-05  0.4643E-05  0.4584E-04  0.1490E-04  0.1450E-12  0.6668E-14
  0.0000E+00  0.2779E-02  0.0000E+00  0.0000E+00  0.0000E+00  0.0000E+00
 Relative number of events:
  0.0000E+00  0.0000E+00  0.0000E+00  0.0000E+00  0.0000E+00  0.0000E+00
  0.3200E-01  0.2662E-01  0.2025E-01  0.2237E-01  0.3750E-03  0.5000E-03
  0.0000E+00  0.0000E+00  0.0000E+00  0.0000E+00  0.0000E+00  0.0000E+00
  0.2825E-01  0.3012E-01  0.2312E-01  0.1937E-01  0.8750E-03  0.1250E-03
  0.0000E+00  0.1250E-03  0.0000E+00  0.0000E+00  0.0000E+00  0.0000E+00
  0.3112E-01  0.3225E-01  0.1912E-01  0.1812E-01  0.0000E+00  0.5000E-03
  0.0000E+00  0.0000E+00  0.1250E-03  0.0000E+00  0.0000E+00  0.0000E+00
  0.3225E-01  0.2987E-01  0.2287E-01  0.2175E-01  0.2500E-03  0.5000E-03
  0.4063E-01  0.3825E-01  0.3250E-01  0.2975E-01  0.3750E-03  0.2500E-03
  0.0000E+00  0.0000E+00  0.0000E+00  0.0000E+00  0.0000E+00  0.0000E+00
  0.4275E-01  0.4250E-01  0.3062E-01  0.2888E-01  0.5000E-03  0.5000E-03
  0.0000E+00  0.0000E+00  0.1250E-03  0.1250E-03  0.0000E+00  0.0000E+00
  0.4088E-01  0.4225E-01  0.3175E-01  0.3175E-01  0.7500E-03  0.5000E-03
  0.0000E+00  0.0000E+00  0.0000E+00  0.0000E+00  0.0000E+00  0.0000E+00
  0.4300E-01  0.4562E-01  0.3213E-01  0.2987E-01  0.5000E-03  0.2500E-03
  0.0000E+00  0.1250E-03  0.0000E+00  0.0000E+00  0.0000E+00  0.0000E+00
 Events:
           0           0           0           0           0           0
         256         213         162         179           3           4
           0           0           0           0           0           0
         226         241         185         155           7           1
           0           1           0           0           0           0
         249         258         153         145           0           4
           0           0           1           0           0           0
         258         239         183         174           2           4
         325         306         260         238           3           2
           0           0           0           0           0           0
         342         340         245         231           4           4
           0           0           1           1           0           0
         327         338         254         254           6           4
           0           0           0           0           0           0
         344         365         257         239           4           2
           0           1           0           0           0           0
 Accuracy:    0.401   0.100   0.474   0.716
 Found           15  events.
 Wrote            1  events.
 Actual xsec    7.7931117123319196E-013
 Correct abs xsec    7.7931117123319196E-013
 Event xsec    7.7931117123319186E-013
 Events wgts > 1:            0
 % Cross section > 1:    0.0000000000000000        0.0000000000000000     
 Iteration  5   Mean: 0.2166E-12 Abs mean: 0.2166E-12   Fluctuation:  0.143E-12   0.191E-08    71.4%
  5    0.2166E-12 0.2166E-12 +- 0.1432E-12     83.64
 Relative summed weights:
  0.0000E+00  0.0000E+00  0.0000E+00  0.0000E+00  0.0000E+00  0.0000E+00
  0.1951E-01  0.2763E-03  0.1017E-02  0.1250E-02  0.1360E-08  0.1494E-09
  0.0000E+00  0.3418E-04  0.0000E+00  0.0000E+00  0.0000E+00  0.0000E+00
  0.1166E-02  0.4482E-04  0.3783E-04  0.1016E-03  0.3861E-06  0.4572E-11
  0.0000E+00  0.4361E-10  0.0000E+00  0.0000E+00  0.0000E+00  0.0000E+00
  0.2072E-03  0.1298E-01  0.3143E-02  0.5357E-04  0.2411E-10  0.5648E-11
  0.0000E+00  0.0000E+00  0.0000E+00  0.1094E-12  0.0000E+00  0.0000E+00
  0.6480E-03  0.3535E-02  0.3786E-03  0.4588E-05  0.1226E-09  0.1257E-04
  0.7944E-03  0.1992E-04  0.1264E-04  0.7301E-04  0.1023E-08  0.5504E+00
  0.1514E-08  0.7363E-07  0.0000E+00  0.0000E+00  0.0000E+00  0.0000E+00
  0.3380E-02  0.4479E-03  0.4425E-02  0.9437E-04  0.6466E-10  0.1888E-10
  0.0000E+00  0.0000E+00  0.0000E+00  0.0000E+00  0.0000E+00  0.0000E+00
  0.4977E-02  0.8907E-04  0.1220E-02  0.2263E-02  0.1555E-08  0.1469E-07
  0.0000E+00  0.0000E+00  0.0000E+00  0.0000E+00  0.0000E+00  0.0000E+00
  0.3658E+00  0.1678E-01  0.6361E-04  0.4760E-02  0.5276E-10  0.7063E-05
  0.0000E+00  0.0000E+00  0.0000E+00  0.0000E+00  0.0000E+00  0.0000E+00
 Relative number of events:
  0.0000E+00  0.0000E+00  0.0000E+00  0.0000E+00  0.0000E+00  0.0000E+00
  0.2813E-01  0.2875E-01  0.2119E-01  0.2094E-01  0.6875E-03  0.2500E-03
  0.0000E+00  0.6250E-04  0.0000E+00  0.0000E+00  0.0000E+00  0.0000E+00
  0.2888E-01  0.3181E-01  0.2281E-01  0.2250E-01  0.7500E-03  0.4375E-03
  0.0000E+00  0.6250E-04  0.0000E+00  0.0000E+00  0.0000E+00  0.0000E+00
  0.2913E-01  0.2906E-01  0.2162E-01  0.2050E-01  0.2500E-03  0.3750E-03
  0.0000E+00  0.0000E+00  0.0000E+00  0.6250E-04  0.0000E+00  0.0000E+00
  0.2675E-01  0.3169E-01  0.2138E-01  0.2413E-01  0.3750E-03  0.6875E-03
  0.4063E-01  0.3994E-01  0.3131E-01  0.3231E-01  0.4375E-03  0.5000E-03
  0.6250E-04  0.6250E-04  0.0000E+00  0.0000E+00  0.0000E+00  0.0000E+00
  0.4231E-01  0.4163E-01  0.3075E-01  0.3375E-01  0.3125E-03  0.5000E-03
  0.0000E+00  0.0000E+00  0.0000E+00  0.0000E+00  0.0000E+00  0.0000E+00
  0.4188E-01  0.4088E-01  0.3206E-01  0.2944E-01  0.6875E-03  0.5000E-03
  0.0000E+00  0.0000E+00  0.0000E+00  0.0000E+00  0.0000E+00  0.0000E+00
  0.4169E-01  0.4044E-01  0.3119E-01  0.3281E-01  0.5000E-03  0.1875E-03
  0.0000E+00  0.0000E+00  0.0000E+00  0.0000E+00  0.0000E+00  0.0000E+00
 Events:
           0           0           0           0           0           0
         450         460         339         335          11           4
           0           1           0           0           0           0
         462         509         365         360          12           7
           0           1           0           0           0           0
         466         465         346         328           4           6
           0           0           0           1           0           0
         428         507         342         386           6          11
         650         639         501         517           7           8
           1           1           0           0           0           0
         677         666         492         540           5           8
           0           0           0           0           0           0
         670         654         513         471          11           8
           0           0           0           0           0           0
         667         647         499         525           8           3
           0           0           0           0           0           0
 Accuracy:    0.435   0.100   0.385   1.273
 Found           23  events.
 Wrote            2  events.
 Actual xsec    6.7647781517414417E-013
 Correct abs xsec    6.7647781517414417E-013
 Event xsec    6.7647781517414417E-013
 Events wgts > 1:            1
 % Cross section > 1:    9.5344671342591991E-020   1.4094279103306238E-005

 -------------------------------------------------------------------------------
 Accumulated results:   Integral =  0.5739E-12
                        Std dev  =  0.2212E-12
                       Cross sec =  0.5739E-12
             Chi**2 per DoF.     =      1.2726
 -------------------------------------------------------------------------------
-------------------------------------------------
---------------------------
 Results Last   3 iters: Integral =   0.6765E-12
                     Abs integral =   0.6765E-12
                          Std dev =   0.3251E-12
                  Chi**2 per DoF. =      5.3386
-------------------------------------------------
---------------------------
 Status  0.10000000000000001                6           5

ls status:
events.lhe
ftn26
input_app.txt
results.dat
run1_app.log
