 Process in group number            1
 A PDF is used, so alpha_s(MZ) is going to be modified
 Old value of alpha_s from param_card:   0.11839999999999999     
  ****************************************
 
       NNPDFDriver version 1.0.3
   Grid: NNPDF23_lo_as_0130_qed_mem0.grid
  ****************************************
 New value of alpha_s from PDF nn23lo1:  0.13000000000000000     
 Define smin to   1600.0000000000000     
 Define smin to   1600.0000000000000     
 Define smin to   1600.0000000000000     
 *****************************************************
 *               MadGraph/MadEvent                   *
 *        --------------------------------           *
 *          http://madgraph.hep.uiuc.edu             *
 *          http://madgraph.phys.ucl.ac.be           *
 *          http://madgraph.roma2.infn.it            *
 *        --------------------------------           *
 *                                                   *
 *          PARAMETER AND COUPLING VALUES            *
 *                                                   *
 *****************************************************

  External Params
  ---------------------------------
  
 mdl_VeN1 =    1.0000000000000000     
 mdl_VeN2 =    0.0000000000000000     
 mdl_VeN3 =    0.0000000000000000     
 mdl_VmuN1 =    0.0000000000000000     
 mdl_VmuN2 =    1.0000000000000000     
 mdl_VmuN3 =    0.0000000000000000     
 mdl_VtaN1 =    0.0000000000000000     
 mdl_VtaN2 =    0.0000000000000000     
 mdl_VtaN3 =    1.0000000000000000     
 mdl_VN1N1 =    1.0000000000000000     
 mdl_VN1N2 =    1.0000000000000000     
 mdl_VN1N3 =    1.0000000000000000     
 mdl_VN2N2 =    1.0000000000000000     
 mdl_VN2N3 =    1.0000000000000000     
 mdl_VN3N3 =    1.0000000000000000     
 aEWM1 =    127.90000000000001     
 mdl_Gf =    1.1663700000000000E-005
 aS =   0.11839999999999999     
 mdl_ymt =    172.00000000000000     
 mdl_vevf =    50.000000000000000     
 mdl_MZ =    91.187600000000003     
 mdl_MT =    172.00000000000000     
 mdl_MH =    125.00000000000000     
 mdl_mN1 =    1644.0000000000000     
 mdl_mN2 =    1744.0000000000000     
 mdl_mN3 =    1844.0000000000000     
 mdl_MJ =    91.187600000000003     
 mdl_MAx =    173.04800000000000     
 mdl_WZ =    2.4952000000000001     
 mdl_WW =    2.0850000000000000     
 mdl_WT =    1.5083359999999999     
 mdl_WH =    4.0699999999999998E-003
 mdl_WN1 =   0.30299999999999999     
 mdl_WN2 =    1.5000000000000000     
 mdl_WN3 =    12.300000000000001     
 mdl_WJ =    2.4952000000000001     
 mdl_WAx =    4.1700000000000001E-003
  Internal Params
  ---------------------------------
  
 mdl_vevf__exp__2 =    2500.0000000000000     
 mdl_sqrt__vevf__exp__2 =    50.000000000000000     
 mdl_muJ =    50.000000000000000     
 mdl_MZ__exp__2 =    8315.1783937600012     
 mdl_MZ__exp__4 =    69142191.720053151     
 mdl_sqrt__2 =    1.4142135623730951     
 mdl_MJ__exp__2 =    8315.1783937600012     
 mdl_muJ__exp__2 =    2500.0000000000000     
 mdl_lamJ =    4.3260713575040004     
 mdl_MH__exp__2 =    15625.000000000000     
 mdl_complexi =  (  0.0000000000000000     ,  1.0000000000000000     )
 mdl_aEW =    7.8186082877247844E-003
 mdl_MW =    79.824359746197842     
 mdl_sqrt__aEW =    8.8422894590285753E-002
 mdl_ee =   0.31345100004952897     
 mdl_MW__exp__2 =    6371.9284088904105     
 mdl_sw2 =   0.23369913342182447     
 mdl_cw =   0.87538612427783857     
 mdl_sqrt__sw2 =   0.48342438232036300     
 mdl_sw =   0.48342438232036300     
 mdl_g1 =   0.35807170271074895     
 mdl_gN =   0.64839716719502682     
 mdl_gw =   0.64839716719502682     
 mdl_vev =    246.22056907348590     
 mdl_vev__exp__2 =    60624.568634871241     
 mdl_lam =   0.12886689630821144     
 mdl_yt =   0.98791394091683138     
 mdl_muH =    88.388347648318444     
 mdl_I2a33 =  ( 0.98791394091683138     ,  0.0000000000000000     )
 mdl_I3a33 =  ( 0.98791394091683138     ,  0.0000000000000000     )
 mdl_ee__exp__2 =    9.8251529432049817E-002
 mdl_sw__exp__2 =   0.23369913342182450     
 mdl_cw__exp__2 =   0.76630086657817542     
  Internal Params evaluated point by point
  ----------------------------------------
  
 mdl_sqrt__aS =   0.34409301068170506     
 mdl_G__exp__2 =    1.4878582807401259     
  Couplings of SM_HeavyN_UFO
  ---------------------------------
  
         GC_1 =  -0.00000E+00  -0.10448E+00
         GC_2 =   0.00000E+00   0.20897E+00
         GC_3 =  -0.00000E+00  -0.31345E+00
         GC_4 =   0.00000E+00   0.31345E+00
        GC_26 =   0.00000E+00   0.45849E+00
        GC_27 =  -0.00000E+00  -0.28380E+00
        GC_28 =   0.00000E+00   0.28380E+00
        GC_30 =   0.00000E+00   0.56760E+00
        GC_35 =  -0.00000E+00  -0.28850E-01
        GC_37 =   0.00000E+00   0.17310E+00
        GC_39 =   0.00000E+00  -0.19725E+00
        GC_40 =   0.00000E+00   0.37035E+00
        GC_80 =   0.00000E+00   0.67543E+02
       GC_107 =  -0.00000E+00  -0.74070E+00
       GC_109 =  -0.00000E+00  -0.74070E+00
       GC_111 =  -0.00000E+00  -0.74070E+00
       GC_113 =  -0.00000E+00  -0.74070E+00
       GC_115 =  -0.00000E+00  -0.74070E+00
       GC_117 =  -0.00000E+00  -0.74070E+00
       GC_119 =   0.00000E+00   0.00000E+00
       GC_120 =   0.00000E+00   0.00000E+00
       GC_122 =  -0.00000E+00  -0.00000E+00
       GC_126 =   0.00000E+00   0.00000E+00
       GC_127 =   0.00000E+00   0.00000E+00
       GC_129 =  -0.00000E+00  -0.00000E+00
       GC_133 =   0.00000E+00   0.45849E+00
       GC_134 =   0.00000E+00   0.37035E+00
       GC_136 =  -0.00000E+00  -0.74892E+01
        GC_81 =   0.32880E+02   0.00000E+00
        GC_82 =   0.34880E+02   0.00000E+00
        GC_83 =   0.36880E+02   0.00000E+00

 Collider parameters:
 --------------------

 Running at P P   machine @    13000.000000000000       GeV
 PDF set = nn23lo1
 alpha_s(Mz)= 0.1300 running at 2 loops.
 alpha_s(Mz)= 0.1300 running at 2 loops.
 Renormalization scale set on event-by-event basis
 Factorization   scale set on event-by-event basis


 getting user params
Enter number of events and max and min iterations: 
 Number of events and iterations         1000           5           3
Enter desired fractional accuracy: 
 Desired fractional accuracy:   0.10000000000000001     
Enter 0 for fixed, 2 for adjustable grid: 
Suppress amplitude (0 no, 1 yes)? 
 Using suppressed amplitude.
Exact helicity sum (0 yes, n = number/event)? 
 Explicitly summing over helicities
Enter Configuration Number: 
Running Configuration Number:  975
 Using dconfig=         230
 BW Setting            2           1           1           2           2           0           0
 Attempting mappinvarients           1           9
 Completed mapping           9
 about to integrate           19        1000           5           3          19           1
 Using non-zero grid deformation.
 19 dimensions   1000 events 19 invarients  5 iterations  1 config(s),  (0.99)
 Using h-tuple random number sequence.
 Error opening grid
 Using Uniform Grid!          36
 Using uniform alpha   1.0000000000000000     
 Grid defined OK
 Set CM energy to      13000.00
 Mapping Graph         975  to config         975
Setting grid   1    0.59172E-08   1
 Setting BW          -2           2   1844.0000000000000     
 Setting BW          -3           3   1844.0000000000000     
Setting grid   4    0.20773E-01   1
Setting grid   5    0.20773E-01   1
Setting grid   6    0.20773E-01   1
 Transforming s_hat 1/s           18   2.1219246901738226E-002   1600.0000000000000        168999999.99999997     
 975   1   2   3   4   5   6   7   8   9  10  11  12  13  14
  15  16  17  18  19
 Masses: 0.000E+00 0.000E+00 0.000E+00 0.000E+00 0.000E+00 0.000E+00 0.000E+00 0.000E+00 0.912E+02
Using random seed offsets   975 :      1
  with seed                   24
 Ranmar initialization seeds         705        9398
 
 ********************************************
 * You are using the DiscreteSampler module *
 *      part of the MG5_aMC framework       *
 *         Author: Valentin Hirschi         *
 ********************************************
 
  Particle       3       4       5       6       7       8       9
      Et >    10.0    10.0    10.0    10.0     0.0     0.0     0.0
       E >     0.0     0.0     0.0     0.0     0.0     0.0     0.0
     Eta <     2.5     2.5     2.5     2.5    -1.0    -1.0    -1.0
   xqcut:      0.0     0.0     0.0     0.0     0.0     0.0     0.0
d R # 3  >    -0.0     0.4     0.4     0.4     0.0     0.0     0.0
d R # 4  >    -0.0    -0.0     0.4     0.4     0.0     0.0     0.0
d R # 5  >    -0.0    -0.0    -0.0     0.4     0.0     0.0     0.0
d R # 6  >    -0.0    -0.0    -0.0    -0.0     0.0     0.0     0.0
d R # 7  >    -0.0    -0.0    -0.0    -0.0    -0.0     0.0     0.0
d R # 8  >    -0.0    -0.0    -0.0    -0.0    -0.0    -0.0     0.0
s min # 3>     0.0     0.0     0.0     0.0     0.0     0.0     0.0
s min # 4>     0.0     0.0     0.0     0.0     0.0     0.0     0.0
s min # 5>     0.0     0.0     0.0     0.0     0.0     0.0     0.0
s min # 6>     0.0     0.0     0.0     0.0     0.0     0.0     0.0
s min # 7>     0.0     0.0     0.0     0.0     0.0     0.0     0.0
s min # 8>     0.0     0.0     0.0     0.0     0.0     0.0     0.0
xqcutij # 3>     0.0     0.0     0.0     0.0     0.0     0.0     0.0
xqcutij # 4>     0.0     0.0     0.0     0.0     0.0     0.0     0.0
xqcutij # 5>     0.0     0.0     0.0     0.0     0.0     0.0     0.0
xqcutij # 6>     0.0     0.0     0.0     0.0     0.0     0.0     0.0
xqcutij # 7>     0.0     0.0     0.0     0.0     0.0     0.0     0.0
xqcutij # 8>     0.0     0.0     0.0     0.0     0.0     0.0     0.0
 Excluding BW           -1           1
 Requiring BW           -2           2
 Requiring BW           -3           3
 Excluding BW           -4           4
 Excluding BW           -6           5
 alpha_s for scale    4178.9913396180491       is    7.9693804420045200E-002
 Added good helicity            1   24.940174398296474       in event            1 local:           1
 Added good helicity           21   3.4385449021919617E-002  in event            1 local:           1
 Added good helicity           25   2.4521481918897212       in event            1 local:           1
 Added good helicity           37   1.4989527006545664E-004  in event            1 local:           1
 Added good helicity           41   6.6124827861919678E-007  in event            1 local:           1
 Added good helicity          193   225.17321591302351       in event            1 local:           1
 Added good helicity          213  0.48099501312211868       in event            1 local:           1
 Added good helicity          217   2.9188785974082729       in event            1 local:           1
 Added good helicity          229   3.0232977774405954E-005  in event            1 local:           1
 Added good helicity          233   2.0753718588426352E-005  in event            1 local:           1
 Added good helicity          253   8.9203014107886730E-007  in event            1 local:           1
 Added good helicity            1   24.940174398303952       in event            1 local:           1
 Added good helicity           21   3.4385449021934016E-002  in event            1 local:           1
 Added good helicity           25   2.4521481918915162       in event            1 local:           1
 Added good helicity           37   1.4989527006542848E-004  in event            1 local:           1
 Added good helicity           41   6.6124827861907660E-007  in event            1 local:           1
 Added good helicity          193   225.17321591301319       in event            1 local:           1
 Added good helicity          213  0.48099501312248444       in event            1 local:           1
 Added good helicity          217   2.9188785974089004       in event            1 local:           1
 Added good helicity          229   3.0232977774434963E-005  in event            1 local:           1
 Added good helicity          233   2.0753718588431613E-005  in event            1 local:           1
 Added good helicity          253   8.9203014107931570E-007  in event            1 local:           1
 Added good helicity           61   1.6257867782396084E-007  in event           13 local:           5
 Added good helicity           61   1.6257867782393071E-007  in event           13 local:           5
 RESET CUMULATIVE VARIABLE
 RESET CUMULATIVE VARIABLE
 RESET CUMULATIVE VARIABLE
 Iteration  1   Mean: 0.2135E-14 Abs mean: 0.2135E-14   Fluctuation:  0.101E-14   0.664E-12     0.4%
  1    0.2135E-14 0.2135E-14 +- 0.1014E-14     13.15
 Writing out events   8.5382831662391252E-017   13.153085398279199     
 Relative summed weights:
  0.4601E-02  0.1253E-04  0.4518E-04  0.9360E-04  0.1259E-05  0.0000E+00
  0.7031E-03  0.1538E-04  0.2737E-01  0.9853E-05  0.0000E+00  0.0000E+00
  0.2893E-03  0.7767E-01  0.4129E+00  0.6411E-01  0.0000E+00  0.0000E+00
  0.1228E-03  0.1307E-04  0.4870E-02  0.1270E-01  0.0000E+00  0.0000E+00
  0.3839E-01  0.1070E-01  0.1085E-03  0.1992E+00  0.0000E+00  0.8892E-13
  0.6350E-03  0.9494E-01  0.4477E-03  0.5441E-03  0.1454E-13  0.0000E+00
  0.9586E-02  0.1500E-02  0.3929E-03  0.6073E-03  0.4369E-06  0.0000E+00
  0.9692E-02  0.1625E-02  0.2955E-02  0.2318E-01  0.1183E-08  0.1559E-10
 Relative number of events:
  0.2194E-01  0.1032E-01  0.2581E-01  0.2839E-01  0.1290E-02  0.0000E+00
  0.1677E-01  0.1935E-01  0.2839E-01  0.2194E-01  0.0000E+00  0.0000E+00
  0.2065E-01  0.1548E-01  0.2323E-01  0.2065E-01  0.0000E+00  0.0000E+00
  0.2065E-01  0.9032E-02  0.1161E-01  0.2710E-01  0.0000E+00  0.0000E+00
  0.4258E-01  0.6194E-01  0.2839E-01  0.3355E-01  0.0000E+00  0.1290E-02
  0.4516E-01  0.4645E-01  0.3097E-01  0.3484E-01  0.1290E-02  0.0000E+00
  0.5677E-01  0.4258E-01  0.3097E-01  0.3871E-01  0.1290E-02  0.0000E+00
  0.6452E-01  0.4000E-01  0.4387E-01  0.2968E-01  0.1290E-02  0.1290E-02
 Events:
          17           8          20          22           1           0
          13          15          22          17           0           0
          16          12          18          16           0           0
          16           7           9          21           0           0
          33          48          22          26           0           1
          35          36          24          27           1           0
          44          33          24          30           1           0
          50          31          34          23           1           1
 Iteration  2   Mean: 0.2047E-14 Abs mean: 0.2047E-14   Fluctuation:  0.123E-14   0.244E-11    29.6%
  2    0.2047E-14 0.2047E-14 +- 0.1230E-14     26.88
 Relative summed weights:
  0.6335E-02  0.1650E-02  0.2483E-02  0.1623E-02  0.0000E+00  0.0000E+00
  0.2313E-02  0.6362E-01  0.1730E-01  0.2969E-02  0.0000E+00  0.0000E+00
  0.5731E-02  0.4755E-02  0.5007E-03  0.1889E-02  0.0000E+00  0.0000E+00
  0.4767E-01  0.2639E-01  0.3941E-01  0.1296E-01  0.0000E+00  0.0000E+00
  0.3890E-02  0.1772E-01  0.4087E-02  0.2226E-01  0.4112E-10  0.9368E-05
  0.3145E-02  0.1897E-01  0.5972E+00  0.1988E-02  0.1258E-03  0.2799E-07
  0.1288E-01  0.2332E-02  0.8512E-02  0.4332E-01  0.7115E-11  0.0000E+00
  0.2267E-02  0.1821E-01  0.2588E-02  0.2873E-02  0.7355E-09  0.0000E+00
 Relative number of events:
  0.1650E-01  0.1700E-01  0.2000E-01  0.1950E-01  0.0000E+00  0.0000E+00
  0.2450E-01  0.2600E-01  0.2450E-01  0.2000E-01  0.0000E+00  0.0000E+00
  0.2300E-01  0.2100E-01  0.1950E-01  0.1850E-01  0.0000E+00  0.0000E+00
  0.2400E-01  0.2550E-01  0.2450E-01  0.2250E-01  0.0000E+00  0.0000E+00
  0.5600E-01  0.4750E-01  0.3950E-01  0.3350E-01  0.5000E-03  0.5000E-03
  0.5500E-01  0.4650E-01  0.2650E-01  0.3350E-01  0.2000E-02  0.5000E-03
  0.4100E-01  0.4550E-01  0.3150E-01  0.3100E-01  0.5000E-03  0.0000E+00
  0.4650E-01  0.4850E-01  0.3350E-01  0.3350E-01  0.5000E-03  0.0000E+00
 Events:
          33          34          40          39           0           0
          49          52          49          40           0           0
          46          42          39          37           0           0
          48          51          49          45           0           0
         112          95          79          67           1           1
         110          93          53          67           4           1
          82          91          63          62           1           0
          93          97          67          67           1           0
 Iteration  3   Mean: 0.4250E-14 Abs mean: 0.4250E-14   Fluctuation:  0.244E-14   0.947E-11    69.9%
  3    0.4250E-14 0.4250E-14 +- 0.2442E-14     36.34
 Relative summed weights:
  0.2117E-02  0.3457E-02  0.2102E-01  0.4628E-03  0.1926E-05  0.3368E-04
  0.4615E-01  0.4301E-02  0.1047E-01  0.1491E-02  0.3032E-10  0.2805E-07
  0.1406E-01  0.1156E-02  0.6126E-03  0.1996E-02  0.0000E+00  0.0000E+00
  0.3768E-01  0.2235E-01  0.4151E-03  0.4649E-03  0.0000E+00  0.4131E-10
  0.6629E-02  0.2164E-01  0.2709E-03  0.1399E-01  0.0000E+00  0.2403E-03
  0.1728E-01  0.3001E-02  0.5295E-02  0.2383E-01  0.9687E-07  0.3572E-08
  0.2280E-02  0.1365E+00  0.3296E-02  0.4811E-03  0.0000E+00  0.1970E-08
  0.5625E+00  0.2821E-01  0.3875E-02  0.2413E-02  0.4298E-07  0.0000E+00
 Relative number of events:
  0.2500E-01  0.2275E-01  0.1850E-01  0.2250E-01  0.2500E-03  0.2500E-03
  0.2750E-01  0.1925E-01  0.2325E-01  0.1950E-01  0.2500E-03  0.2500E-03
  0.2250E-01  0.1925E-01  0.2025E-01  0.1950E-01  0.0000E+00  0.0000E+00
  0.2225E-01  0.2200E-01  0.2000E-01  0.2075E-01  0.0000E+00  0.2500E-03
  0.4825E-01  0.5200E-01  0.3075E-01  0.3200E-01  0.0000E+00  0.2500E-03
  0.5300E-01  0.4875E-01  0.3475E-01  0.2925E-01  0.2500E-03  0.2500E-03
  0.4975E-01  0.5275E-01  0.2925E-01  0.2700E-01  0.0000E+00  0.2500E-03
  0.5075E-01  0.4900E-01  0.3250E-01  0.3275E-01  0.5000E-03  0.0000E+00
 Events:
         100          91          74          90           1           1
         110          77          93          78           1           1
          90          77          81          78           0           0
          89          88          80          83           0           1
         193         208         123         128           0           1
         212         195         139         117           1           1
         199         211         117         108           0           1
         203         196         130         131           2           0
 Accuracy:    0.254   0.100   0.313   0.658
 Found          105  events.
 Wrote            1  events.
 Actual xsec    2.7373007135802712E-015
 Correct abs xsec    2.7373007135802712E-015
 Event xsec    2.7373007135802712E-015
 Events wgts > 1:            1
 % Cross section > 1:    1.3611815508858185E-022   4.9727147044266529E-006
 Iteration  4   Mean: 0.3195E-14 Abs mean: 0.3195E-14   Fluctuation:  0.671E-15   0.354E-11    76.0%
  4    0.3195E-14 0.3195E-14 +- 0.6714E-15     18.79
 Relative summed weights:
  0.5053E-01  0.6767E-01  0.8062E-02  0.9253E-02  0.0000E+00  0.8270E-08
  0.9974E-02  0.6240E-02  0.2531E-02  0.9290E-02  0.0000E+00  0.0000E+00
  0.7224E-02  0.3481E-01  0.1936E-02  0.2426E-02  0.0000E+00  0.0000E+00
  0.5966E-01  0.1481E+00  0.1644E-01  0.2066E-01  0.4562E-08  0.3915E-11
  0.2252E-01  0.1630E-01  0.2157E-01  0.2743E-01  0.2781E-09  0.1150E-10
  0.2240E-01  0.1190E-01  0.1507E-01  0.1451E+00  0.0000E+00  0.0000E+00
  0.5244E-01  0.6195E-01  0.7431E-02  0.8092E-01  0.6722E-04  0.2683E-08
  0.1580E-01  0.1809E-01  0.5735E-02  0.2040E-01  0.0000E+00  0.7356E-12
 Relative number of events:
  0.2237E-01  0.2600E-01  0.1862E-01  0.1738E-01  0.0000E+00  0.2500E-03
  0.2200E-01  0.2388E-01  0.1825E-01  0.2088E-01  0.0000E+00  0.0000E+00
  0.2500E-01  0.2175E-01  0.2050E-01  0.1550E-01  0.0000E+00  0.0000E+00
  0.2425E-01  0.2225E-01  0.1900E-01  0.1875E-01  0.1250E-03  0.1250E-03
  0.5237E-01  0.5350E-01  0.2937E-01  0.2975E-01  0.1250E-03  0.1250E-03
  0.5013E-01  0.4875E-01  0.3425E-01  0.3400E-01  0.0000E+00  0.0000E+00
  0.5025E-01  0.4925E-01  0.2987E-01  0.3100E-01  0.2500E-03  0.1250E-03
  0.5250E-01  0.5100E-01  0.3225E-01  0.3413E-01  0.0000E+00  0.1250E-03
 Events:
         179         208         149         139           0           2
         176         191         146         167           0           0
         200         174         164         124           0           0
         194         178         152         150           1           1
         419         428         235         238           1           1
         401         390         274         272           0           0
         402         394         239         248           2           1
         420         408         258         273           0           1
 Accuracy:    0.111   0.100   0.174   0.406
 Found          178  events.
 Wrote            4  events.
 Actual xsec    3.1958669156258615E-015
 Correct abs xsec    3.1958669156258615E-015
 Event xsec    3.1958669156258611E-015
 Events wgts > 1:            0
 % Cross section > 1:    0.0000000000000000        0.0000000000000000     
 Iteration  5   Mean: 0.4058E-14 Abs mean: 0.4058E-14   Fluctuation:  0.837E-15   0.122E-10    74.9%
  5    0.4058E-14 0.4058E-14 +- 0.8366E-15     26.08
 Relative summed weights:
  0.2123E+00  0.3464E-01  0.2303E-01  0.1489E-01  0.8988E-07  0.4991E-12
  0.1327E-01  0.1082E-01  0.1816E-01  0.1432E-01  0.0000E+00  0.1242E-08
  0.2728E-01  0.2834E-01  0.6086E-02  0.1618E-01  0.9961E-07  0.0000E+00
  0.2675E-01  0.4226E-01  0.4431E-01  0.3079E-01  0.4812E-05  0.5911E-05
  0.2082E-01  0.4307E-01  0.1073E-01  0.1292E-01  0.1076E-06  0.1394E-05
  0.3609E-01  0.2257E-01  0.9363E-02  0.2818E-01  0.2662E-05  0.2106E-04
  0.1877E-01  0.1312E-01  0.1298E-01  0.1465E-01  0.4778E-05  0.3646E-07
  0.4397E-01  0.6206E-01  0.6053E-01  0.2666E-01  0.8634E-07  0.1198E-04
 Relative number of events:
  0.2281E-01  0.2281E-01  0.1906E-01  0.1919E-01  0.1250E-03  0.6250E-04
  0.2400E-01  0.2344E-01  0.2200E-01  0.2025E-01  0.0000E+00  0.1250E-03
  0.2050E-01  0.2350E-01  0.2069E-01  0.1944E-01  0.1250E-03  0.0000E+00
  0.2419E-01  0.2175E-01  0.2175E-01  0.1925E-01  0.1250E-03  0.1250E-03
  0.5462E-01  0.5181E-01  0.3069E-01  0.3019E-01  0.1875E-03  0.5000E-03
  0.4969E-01  0.4756E-01  0.3056E-01  0.3194E-01  0.3750E-03  0.1875E-03
  0.4881E-01  0.5144E-01  0.3094E-01  0.3106E-01  0.2500E-03  0.1250E-03
  0.5006E-01  0.5275E-01  0.3056E-01  0.3006E-01  0.1250E-03  0.1875E-03
 Events:
         365         365         305         307           2           1
         384         375         352         324           0           2
         328         376         331         311           2           0
         387         348         348         308           2           2
         874         829         491         483           3           8
         795         761         489         511           6           3
         781         823         495         497           4           2
         801         844         489         481           2           3
 Accuracy:    0.096   0.100   0.133   0.522
 Finished due to accuracy    9.6219986360678217E-002  0.10000000000000001     

 -------------------------------------------------------------------------------
 Accumulated results:   Integral =  0.3472E-14
                        Std dev  =  0.4623E-15
                       Cross sec =  0.3472E-14
             Chi**2 per DoF.     =      0.5222
 -------------------------------------------------------------------------------
 Found          628  events.
 Wrote            8  events.
 Actual xsec    3.6724589073027275E-015
 Correct abs xsec    3.6724589073027275E-015
 Event xsec    3.6724589073027291E-015
 Events wgts > 1:            1
 % Cross section > 1:    1.7011013126264908E-023   4.6320499577104327E-007
-------------------------------------------------
---------------------------
 Results Last   3 iters: Integral =   0.3672E-14
                     Abs integral =   0.3672E-14
                          Std dev =   0.5235E-15
                  Chi**2 per DoF. =      0.3864
-------------------------------------------------
---------------------------
 Status  0.10000000000000001                6           5

ls status:
events.lhe
ftn26
input_app.txt
results.dat
run1_app.log
