 Process in group number            1
 A PDF is used, so alpha_s(MZ) is going to be modified
 Old value of alpha_s from param_card:   0.11839999999999999     
  ****************************************
 
       NNPDFDriver version 1.0.3
   Grid: NNPDF23_lo_as_0130_qed_mem0.grid
  ****************************************
 New value of alpha_s from PDF nn23lo1:  0.13000000000000000     
 Define smin to   1600.0000000000000     
 Define smin to   1600.0000000000000     
 Define smin to   1600.0000000000000     
 *****************************************************
 *               MadGraph/MadEvent                   *
 *        --------------------------------           *
 *          http://madgraph.hep.uiuc.edu             *
 *          http://madgraph.phys.ucl.ac.be           *
 *          http://madgraph.roma2.infn.it            *
 *        --------------------------------           *
 *                                                   *
 *          PARAMETER AND COUPLING VALUES            *
 *                                                   *
 *****************************************************

  External Params
  ---------------------------------
  
 mdl_VeN1 =    1.0000000000000000     
 mdl_VeN2 =    0.0000000000000000     
 mdl_VeN3 =    0.0000000000000000     
 mdl_VmuN1 =    0.0000000000000000     
 mdl_VmuN2 =    1.0000000000000000     
 mdl_VmuN3 =    0.0000000000000000     
 mdl_VtaN1 =    0.0000000000000000     
 mdl_VtaN2 =    0.0000000000000000     
 mdl_VtaN3 =    1.0000000000000000     
 mdl_VN1N1 =    1.0000000000000000     
 mdl_VN1N2 =    1.0000000000000000     
 mdl_VN1N3 =    1.0000000000000000     
 mdl_VN2N2 =    1.0000000000000000     
 mdl_VN2N3 =    1.0000000000000000     
 mdl_VN3N3 =    1.0000000000000000     
 aEWM1 =    127.90000000000001     
 mdl_Gf =    1.1663700000000000E-005
 aS =   0.11839999999999999     
 mdl_ymt =    172.00000000000000     
 mdl_vevf =    50.000000000000000     
 mdl_MZ =    91.187600000000003     
 mdl_MT =    172.00000000000000     
 mdl_MH =    125.00000000000000     
 mdl_mN1 =    510.00000000000000     
 mdl_mN2 =    610.00000000000000     
 mdl_mN3 =    710.00000000000000     
 mdl_MJ =    91.187600000000003     
 mdl_MAx =    173.04800000000000     
 mdl_WZ =    2.4952000000000001     
 mdl_WW =    2.0850000000000000     
 mdl_WT =    1.5083359999999999     
 mdl_WH =    4.0699999999999998E-003
 mdl_WN1 =   0.30299999999999999     
 mdl_WN2 =    1.5000000000000000     
 mdl_WN3 =    12.300000000000001     
 mdl_WJ =    2.4952000000000001     
 mdl_WAx =    4.1700000000000001E-003
  Internal Params
  ---------------------------------
  
 mdl_vevf__exp__2 =    2500.0000000000000     
 mdl_sqrt__vevf__exp__2 =    50.000000000000000     
 mdl_muJ =    50.000000000000000     
 mdl_MZ__exp__2 =    8315.1783937600012     
 mdl_MZ__exp__4 =    69142191.720053151     
 mdl_sqrt__2 =    1.4142135623730951     
 mdl_MJ__exp__2 =    8315.1783937600012     
 mdl_muJ__exp__2 =    2500.0000000000000     
 mdl_lamJ =    4.3260713575040004     
 mdl_MH__exp__2 =    15625.000000000000     
 mdl_complexi =  (  0.0000000000000000     ,  1.0000000000000000     )
 mdl_aEW =    7.8186082877247844E-003
 mdl_MW =    79.824359746197842     
 mdl_sqrt__aEW =    8.8422894590285753E-002
 mdl_ee =   0.31345100004952897     
 mdl_MW__exp__2 =    6371.9284088904105     
 mdl_sw2 =   0.23369913342182447     
 mdl_cw =   0.87538612427783857     
 mdl_sqrt__sw2 =   0.48342438232036300     
 mdl_sw =   0.48342438232036300     
 mdl_g1 =   0.35807170271074895     
 mdl_gN =   0.64839716719502682     
 mdl_gw =   0.64839716719502682     
 mdl_vev =    246.22056907348590     
 mdl_vev__exp__2 =    60624.568634871241     
 mdl_lam =   0.12886689630821144     
 mdl_yt =   0.98791394091683138     
 mdl_muH =    88.388347648318444     
 mdl_I2a33 =  ( 0.98791394091683138     ,  0.0000000000000000     )
 mdl_I3a33 =  ( 0.98791394091683138     ,  0.0000000000000000     )
 mdl_ee__exp__2 =    9.8251529432049817E-002
 mdl_sw__exp__2 =   0.23369913342182450     
 mdl_cw__exp__2 =   0.76630086657817542     
  Internal Params evaluated point by point
  ----------------------------------------
  
 mdl_sqrt__aS =   0.34409301068170506     
 mdl_G__exp__2 =    1.4878582807401259     
  Couplings of SM_HeavyN_UFO
  ---------------------------------
  
         GC_1 =  -0.00000E+00  -0.10448E+00
         GC_2 =   0.00000E+00   0.20897E+00
         GC_3 =  -0.00000E+00  -0.31345E+00
         GC_4 =   0.00000E+00   0.31345E+00
        GC_26 =   0.00000E+00   0.45849E+00
        GC_27 =  -0.00000E+00  -0.28380E+00
        GC_28 =   0.00000E+00   0.28380E+00
        GC_30 =   0.00000E+00   0.56760E+00
        GC_35 =  -0.00000E+00  -0.28850E-01
        GC_37 =   0.00000E+00   0.17310E+00
        GC_39 =   0.00000E+00  -0.19725E+00
        GC_40 =   0.00000E+00   0.37035E+00
        GC_80 =   0.00000E+00   0.67543E+02
       GC_107 =  -0.00000E+00  -0.74070E+00
       GC_109 =  -0.00000E+00  -0.74070E+00
       GC_111 =  -0.00000E+00  -0.74070E+00
       GC_113 =  -0.00000E+00  -0.74070E+00
       GC_115 =  -0.00000E+00  -0.74070E+00
       GC_117 =  -0.00000E+00  -0.74070E+00
       GC_119 =   0.00000E+00   0.00000E+00
       GC_120 =   0.00000E+00   0.00000E+00
       GC_122 =  -0.00000E+00  -0.00000E+00
       GC_126 =   0.00000E+00   0.00000E+00
       GC_127 =   0.00000E+00   0.00000E+00
       GC_129 =  -0.00000E+00  -0.00000E+00
       GC_133 =   0.00000E+00   0.45849E+00
       GC_134 =   0.00000E+00   0.37035E+00
       GC_136 =  -0.00000E+00  -0.28836E+01
        GC_81 =   0.10200E+02   0.00000E+00
        GC_82 =   0.12200E+02   0.00000E+00
        GC_83 =   0.14200E+02   0.00000E+00

 Collider parameters:
 --------------------

 Running at P P   machine @    13000.000000000000       GeV
 PDF set = nn23lo1
 alpha_s(Mz)= 0.1300 running at 2 loops.
 alpha_s(Mz)= 0.1300 running at 2 loops.
 Renormalization scale set on event-by-event basis
 Factorization   scale set on event-by-event basis


 getting user params
Enter number of events and max and min iterations: 
 Number of events and iterations         1000           5           3
Enter desired fractional accuracy: 
 Desired fractional accuracy:   0.10000000000000001     
Enter 0 for fixed, 2 for adjustable grid: 
Suppress amplitude (0 no, 1 yes)? 
 Using suppressed amplitude.
Exact helicity sum (0 yes, n = number/event)? 
 Explicitly summing over helicities
Enter Configuration Number: 
Running Configuration Number:  171
 Using dconfig=         611
 BW Setting            2           2           1           1           1           2           0
 Attempting mappinvarients           1           9
 Completed mapping           9
 about to integrate           19        1000           5           3          19           1
 Using non-zero grid deformation.
 19 dimensions   1000 events 19 invarients  5 iterations  1 config(s),  (0.99)
 Using h-tuple random number sequence.
 Error opening grid
 Using Uniform Grid!          36
 Using uniform alpha   1.0000000000000000     
 Grid defined OK
 Set CM energy to      13000.00
 Mapping Graph         171  to config         171
Setting grid   1    0.75740E-07   1
Setting grid   2    0.75740E-07   1
 Setting BW          -3           3   125.00000000000000     
 Setting BW          -4           4   710.00000000000000     
 Setting BW          -5           5   710.00000000000000     
Setting grid   6    0.32375E-02   1
 Transforming s_hat 1/s           18   3.2375014532175150E-003   1600.0000000000000        168999999.99999997     
 171   1   2   3   4   5   6   7   8   9  10  11  12  13  14
  15  16  17  18  19
 Masses: 0.000E+00 0.000E+00 0.000E+00 0.000E+00 0.000E+00 0.000E+00 0.000E+00 0.000E+00 0.912E+02
Using random seed offsets   171 :      1
  with seed                   24
 Ranmar initialization seeds       31229        9398
 
 ********************************************
 * You are using the DiscreteSampler module *
 *      part of the MG5_aMC framework       *
 *         Author: Valentin Hirschi         *
 ********************************************
 
  Particle       3       4       5       6       7       8       9
      Et >    10.0    10.0    10.0    10.0     0.0     0.0     0.0
       E >     0.0     0.0     0.0     0.0     0.0     0.0     0.0
     Eta <     2.5     2.5     2.5     2.5    -1.0    -1.0    -1.0
   xqcut:      0.0     0.0     0.0     0.0     0.0     0.0     0.0
d R # 3  >    -0.0     0.4     0.4     0.4     0.0     0.0     0.0
d R # 4  >    -0.0    -0.0     0.4     0.4     0.0     0.0     0.0
d R # 5  >    -0.0    -0.0    -0.0     0.4     0.0     0.0     0.0
d R # 6  >    -0.0    -0.0    -0.0    -0.0     0.0     0.0     0.0
d R # 7  >    -0.0    -0.0    -0.0    -0.0    -0.0     0.0     0.0
d R # 8  >    -0.0    -0.0    -0.0    -0.0    -0.0    -0.0     0.0
s min # 3>     0.0     0.0     0.0     0.0     0.0     0.0     0.0
s min # 4>     0.0     0.0     0.0     0.0     0.0     0.0     0.0
s min # 5>     0.0     0.0     0.0     0.0     0.0     0.0     0.0
s min # 6>     0.0     0.0     0.0     0.0     0.0     0.0     0.0
s min # 7>     0.0     0.0     0.0     0.0     0.0     0.0     0.0
s min # 8>     0.0     0.0     0.0     0.0     0.0     0.0     0.0
xqcutij # 3>     0.0     0.0     0.0     0.0     0.0     0.0     0.0
xqcutij # 4>     0.0     0.0     0.0     0.0     0.0     0.0     0.0
xqcutij # 5>     0.0     0.0     0.0     0.0     0.0     0.0     0.0
xqcutij # 6>     0.0     0.0     0.0     0.0     0.0     0.0     0.0
xqcutij # 7>     0.0     0.0     0.0     0.0     0.0     0.0     0.0
xqcutij # 8>     0.0     0.0     0.0     0.0     0.0     0.0     0.0
 Excluding BW           -1           1
 Excluding BW           -2           2
 Requiring BW           -3           3
 Requiring BW           -4           4
 Requiring BW           -5           5
 Excluding BW           -6           6
 alpha_s for scale    756.03661203062870       is    9.6259270107074912E-002
 Added good helicity            1   19.201619829027440       in event            1 local:           1
 Added good helicity           21   1.2916662830847909       in event            1 local:           1
 Added good helicity           25   4.4063380873822187       in event            1 local:           1
 Added good helicity           37   4.4110115240223990       in event            1 local:           1
 Added good helicity           41   1.2914689144278397       in event            1 local:           1
 Added good helicity           61   11.375979691502714       in event            1 local:           1
 Added good helicity          193   97.758232744534581       in event            1 local:           1
 Added good helicity          213   6.5761984465575631       in event            1 local:           1
 Added good helicity          217   22.444040404851698       in event            1 local:           1
 Added good helicity          229   22.470009836589810       in event            1 local:           1
 Added good helicity          233   6.6439985886831590       in event            1 local:           1
 Added good helicity          253   58.129435649335775       in event            1 local:           1
 Added good helicity            1   19.201619829027511       in event            1 local:           1
 Added good helicity           21   1.2916662830848069       in event            1 local:           1
 Added good helicity           25   4.4063380873822471       in event            1 local:           1
 Added good helicity           37   4.4110115240224301       in event            1 local:           1
 Added good helicity           41   1.2914689144278482       in event            1 local:           1
 Added good helicity           61   11.375979691502721       in event            1 local:           1
 Added good helicity          193   97.758232744534496       in event            1 local:           1
 Added good helicity          213   6.5761984465576058       in event            1 local:           1
 Added good helicity          217   22.444040404851698       in event            1 local:           1
 Added good helicity          229   22.470009836589828       in event            1 local:           1
 Added good helicity          233   6.6439985886831678       in event            1 local:           1
 Added good helicity          253   58.129435649335669       in event            1 local:           1
 RESET CUMULATIVE VARIABLE
 RESET CUMULATIVE VARIABLE
 RESET CUMULATIVE VARIABLE
 Iteration  1   Mean: 0.3729E-11 Abs mean: 0.3729E-11   Fluctuation:  0.269E-11   0.264E-09     0.1%
  1    0.3729E-11 0.3729E-11 +- 0.2694E-11      7.78
 Writing out events   1.4917211553778825E-013   7.7808035870834891     
 Relative summed weights:
  0.3689E+00  0.3615E-05  0.2483E-07  0.9964E-07  0.0000E+00  0.0000E+00
  0.4425E-03  0.4558E-04  0.2857E-03  0.3852E-05  0.0000E+00  0.0000E+00
  0.4394E-01  0.1501E-04  0.0000E+00  0.5839E+00  0.0000E+00  0.0000E+00
  0.2385E-07  0.2440E-02  0.4816E-05  0.9533E-05  0.0000E+00  0.0000E+00
 Relative number of events:
  0.4000E-01  0.4800E-01  0.8000E-02  0.8000E-02  0.0000E+00  0.0000E+00
  0.9600E-01  0.8000E-01  0.1360E+00  0.8000E-01  0.0000E+00  0.0000E+00
  0.2400E-01  0.3200E-01  0.0000E+00  0.1600E-01  0.0000E+00  0.0000E+00
  0.8000E-01  0.1440E+00  0.8000E-01  0.1280E+00  0.0000E+00  0.0000E+00
 Events:
           5           6           1           1           0           0
          12          10          17          10           0           0
           3           4           0           2           0           0
          10          18          10          16           0           0
 Iteration  2   Mean: 0.1147E-13 Abs mean: 0.1147E-13   Fluctuation:  0.405E-14   0.545E-11     4.0%
  2    0.1147E-13 0.1147E-13 +- 0.4045E-14     15.77
 Relative summed weights:
  0.1051E-02  0.1522E-01  0.7485E-05  0.4067E-03  0.0000E+00  0.0000E+00
  0.5148E-01  0.4834E+00  0.4880E-03  0.7642E-02  0.4525E-05  0.1725E-04
  0.4075E-01  0.2881E-03  0.1184E+00  0.1012E-03  0.9911E-09  0.0000E+00
  0.3236E-01  0.1731E+00  0.4338E-02  0.7089E-01  0.5469E-08  0.7405E-05
 Relative number of events:
  0.2350E-01  0.1500E-01  0.2500E-02  0.7000E-02  0.0000E+00  0.0000E+00
  0.9700E-01  0.9150E-01  0.1430E+00  0.1235E+00  0.4000E-02  0.5000E-02
  0.1750E-01  0.1700E-01  0.4500E-02  0.8000E-02  0.5000E-03  0.0000E+00
  0.9600E-01  0.8550E-01  0.1255E+00  0.1250E+00  0.2000E-02  0.6500E-02
 Events:
          47          30           5          14           0           0
         194         183         286         247           8          10
          35          34           9          16           1           0
         192         171         251         250           4          13
 Iteration  3   Mean: 0.4643E-12 Abs mean: 0.4643E-12   Fluctuation:  0.368E-12   0.146E-08    11.4%
  3    0.4643E-12 0.4643E-12 +- 0.3683E-12     50.17
 Relative summed weights:
  0.6642E-03  0.1766E-03  0.7879E+00  0.1833E-02  0.2550E-10  0.0000E+00
  0.3229E-01  0.1576E-02  0.6269E-03  0.2144E-02  0.2523E-05  0.8991E-05
  0.1732E-01  0.1116E-01  0.1331E-03  0.2370E-04  0.3930E-11  0.6348E-10
  0.9334E-02  0.9342E-01  0.8171E-02  0.3323E-01  0.4163E-08  0.3469E-06
 Relative number of events:
  0.2300E-01  0.2350E-01  0.6250E-02  0.6000E-02  0.2500E-03  0.0000E+00
  0.1037E+00  0.1010E+00  0.1220E+00  0.1180E+00  0.2250E-02  0.4250E-02
  0.1725E-01  0.2450E-01  0.5000E-02  0.3250E-02  0.2500E-03  0.2500E-03
  0.9300E-01  0.1015E+00  0.1212E+00  0.1170E+00  0.2500E-02  0.4000E-02
 Events:
          92          94          25          24           1           0
         415         404         488         472           9          17
          69          98          20          13           1           1
         372         406         485         468          10          16
 Accuracy:    1.396   0.100   0.294  22.519
 Found          308  events.
 Wrote            2  events.
 Actual xsec    6.9065560769960332E-013
 Correct abs xsec    6.9065560769960332E-013
 Event xsec    6.9065560769960332E-013
 Events wgts > 1:            0
 % Cross section > 1:    0.0000000000000000        0.0000000000000000     
 Iteration  4   Mean: 0.1494E-12 Abs mean: 0.1494E-12   Fluctuation:  0.612E-13   0.417E-09    17.2%
  4    0.1494E-12 0.1494E-12 +- 0.6120E-13     36.63
 Relative summed weights:
  0.6865E-02  0.4656E-01  0.9599E-03  0.6691E-02  0.0000E+00  0.3080E-06
  0.2274E+00  0.3582E+00  0.2611E-01  0.3762E-01  0.4587E-03  0.4353E-04
  0.2967E-02  0.1114E-01  0.2383E-02  0.1561E-01  0.1148E-07  0.0000E+00
  0.2581E-01  0.8858E-01  0.3663E-01  0.1054E+00  0.5104E-03  0.2692E-04
 Relative number of events:
  0.1963E-01  0.2250E-01  0.5625E-02  0.5625E-02  0.0000E+00  0.1250E-03
  0.1072E+00  0.1091E+00  0.1101E+00  0.1105E+00  0.2750E-02  0.3625E-02
  0.2312E-01  0.2425E-01  0.3500E-02  0.5625E-02  0.1250E-03  0.0000E+00
  0.1054E+00  0.1114E+00  0.1119E+00  0.1129E+00  0.2500E-02  0.2500E-02
 Events:
         157         180          45          45           0           1
         858         873         881         884          22          29
         185         194          28          45           1           0
         843         891         895         903          20          20
 Accuracy:    1.296   0.100   0.239  29.424
 Found          135  events.
 Wrote            2  events.
 Actual xsec    1.1035346216308140E-013
 Correct abs xsec    1.1035346216308140E-013
 Event xsec    1.1035346216308140E-013
 Events wgts > 1:            0
 % Cross section > 1:    0.0000000000000000        0.0000000000000000     
 Iteration  5   Mean: 0.3627E-12 Abs mean: 0.3627E-12   Fluctuation:  0.125E-12   0.182E-08    16.4%
  5    0.3627E-12 0.3627E-12 +- 0.1253E-12     43.71
 Relative summed weights:
  0.7747E-02  0.5446E-01  0.7111E-02  0.7177E-02  0.6488E-07  0.3466E-03
  0.2828E-01  0.1755E+00  0.8792E-01  0.6460E-01  0.3109E-02  0.2899E-04
  0.3149E-01  0.3389E+00  0.1406E-01  0.6895E-03  0.7191E-06  0.8773E-07
  0.1890E-01  0.3379E-01  0.4974E-01  0.6592E-01  0.4950E-04  0.1018E-01
 Relative number of events:
  0.2413E-01  0.2294E-01  0.5188E-02  0.5000E-02  0.1250E-03  0.6250E-04
  0.1113E+00  0.1052E+00  0.1103E+00  0.1118E+00  0.3000E-02  0.1813E-02
  0.2131E-01  0.2413E-01  0.4938E-02  0.4437E-02  0.6250E-04  0.6250E-04
  0.1104E+00  0.1081E+00  0.1142E+00  0.1068E+00  0.2375E-02  0.2312E-02
 Events:
         386         367          83          80           2           1
        1781        1683        1764        1789          48          29
         341         386          79          71           1           1
        1767        1730        1827        1709          38          37
 Accuracy:    1.019   0.100   0.197  26.894
 Found         1031  events.
 Wrote            3  events.
 Actual xsec    2.9297529158218483E-013
 Correct abs xsec    2.9297529158218483E-013
 Event xsec    2.9297529158218483E-013
 Events wgts > 1:            1
 % Cross section > 1:    5.6231550229350506E-021   1.9193273919338876E-006

 -------------------------------------------------------------------------------
 Accumulated results:   Integral =  0.4599E-12
                        Std dev  =  0.9040E-13
                       Cross sec =  0.4599E-12
             Chi**2 per DoF.     =     26.8938
 -------------------------------------------------------------------------------
-------------------------------------------------
---------------------------
 Results Last   3 iters: Integral =   0.2930E-12
                     Abs integral =   0.2930E-12
                          Std dev =   0.7342E-13
                  Chi**2 per DoF. =      3.0141
-------------------------------------------------
---------------------------
 Status  0.10000000000000001                6           5

ls status:
events.lhe
ftn26
input_app.txt
results.dat
run1_app.log
