 Process in group number            1
 A PDF is used, so alpha_s(MZ) is going to be modified
 Old value of alpha_s from param_card:   0.11839999999999999     
  ****************************************
 
       NNPDFDriver version 1.0.3
   Grid: NNPDF23_lo_as_0130_qed_mem0.grid
  ****************************************
 New value of alpha_s from PDF nn23lo1:  0.13000000000000000     
 Define smin to   1600.0000000000000     
 Define smin to   1600.0000000000000     
 Define smin to   1600.0000000000000     
 *****************************************************
 *               MadGraph/MadEvent                   *
 *        --------------------------------           *
 *          http://madgraph.hep.uiuc.edu             *
 *          http://madgraph.phys.ucl.ac.be           *
 *          http://madgraph.roma2.infn.it            *
 *        --------------------------------           *
 *                                                   *
 *          PARAMETER AND COUPLING VALUES            *
 *                                                   *
 *****************************************************

  External Params
  ---------------------------------
  
 mdl_VeN1 =    1.0000000000000000     
 mdl_VeN2 =    0.0000000000000000     
 mdl_VeN3 =    0.0000000000000000     
 mdl_VmuN1 =    0.0000000000000000     
 mdl_VmuN2 =    1.0000000000000000     
 mdl_VmuN3 =    0.0000000000000000     
 mdl_VtaN1 =    0.0000000000000000     
 mdl_VtaN2 =    0.0000000000000000     
 mdl_VtaN3 =    1.0000000000000000     
 mdl_VN1N1 =    1.0000000000000000     
 mdl_VN1N2 =    1.0000000000000000     
 mdl_VN1N3 =    1.0000000000000000     
 mdl_VN2N2 =    1.0000000000000000     
 mdl_VN2N3 =    1.0000000000000000     
 mdl_VN3N3 =    1.0000000000000000     
 aEWM1 =    127.90000000000001     
 mdl_Gf =    1.1663700000000000E-005
 aS =   0.11839999999999999     
 mdl_ymt =    172.00000000000000     
 mdl_vevf =    50.000000000000000     
 mdl_MZ =    91.187600000000003     
 mdl_MT =    172.00000000000000     
 mdl_MH =    125.00000000000000     
 mdl_mN1 =    2000.0000000000000     
 mdl_mN2 =    2100.0000000000000     
 mdl_mN3 =    2200.0000000000000     
 mdl_MJ =    91.187600000000003     
 mdl_MAx =    173.04800000000000     
 mdl_WZ =    2.4952000000000001     
 mdl_WW =    2.0850000000000000     
 mdl_WT =    1.5083359999999999     
 mdl_WH =    4.0699999999999998E-003
 mdl_WN1 =   0.30299999999999999     
 mdl_WN2 =    1.5000000000000000     
 mdl_WN3 =    12.300000000000001     
 mdl_WJ =    2.4952000000000001     
 mdl_WAx =    4.1700000000000001E-003
  Internal Params
  ---------------------------------
  
 mdl_vevf__exp__2 =    2500.0000000000000     
 mdl_sqrt__vevf__exp__2 =    50.000000000000000     
 mdl_muJ =    50.000000000000000     
 mdl_MZ__exp__2 =    8315.1783937600012     
 mdl_MZ__exp__4 =    69142191.720053151     
 mdl_sqrt__2 =    1.4142135623730951     
 mdl_MJ__exp__2 =    8315.1783937600012     
 mdl_muJ__exp__2 =    2500.0000000000000     
 mdl_lamJ =    4.3260713575040004     
 mdl_MH__exp__2 =    15625.000000000000     
 mdl_complexi =  (  0.0000000000000000     ,  1.0000000000000000     )
 mdl_aEW =    7.8186082877247844E-003
 mdl_MW =    79.824359746197842     
 mdl_sqrt__aEW =    8.8422894590285753E-002
 mdl_ee =   0.31345100004952897     
 mdl_MW__exp__2 =    6371.9284088904105     
 mdl_sw2 =   0.23369913342182447     
 mdl_cw =   0.87538612427783857     
 mdl_sqrt__sw2 =   0.48342438232036300     
 mdl_sw =   0.48342438232036300     
 mdl_g1 =   0.35807170271074895     
 mdl_gN =   0.64839716719502682     
 mdl_gw =   0.64839716719502682     
 mdl_vev =    246.22056907348590     
 mdl_vev__exp__2 =    60624.568634871241     
 mdl_lam =   0.12886689630821144     
 mdl_yt =   0.98791394091683138     
 mdl_muH =    88.388347648318444     
 mdl_I2a33 =  ( 0.98791394091683138     ,  0.0000000000000000     )
 mdl_I3a33 =  ( 0.98791394091683138     ,  0.0000000000000000     )
 mdl_ee__exp__2 =    9.8251529432049817E-002
 mdl_sw__exp__2 =   0.23369913342182450     
 mdl_cw__exp__2 =   0.76630086657817542     
  Internal Params evaluated point by point
  ----------------------------------------
  
 mdl_sqrt__aS =   0.34409301068170506     
 mdl_G__exp__2 =    1.4878582807401259     
  Couplings of SM_HeavyN_UFO
  ---------------------------------
  
         GC_1 =  -0.00000E+00  -0.10448E+00
         GC_2 =   0.00000E+00   0.20897E+00
         GC_3 =  -0.00000E+00  -0.31345E+00
         GC_4 =   0.00000E+00   0.31345E+00
        GC_26 =   0.00000E+00   0.45849E+00
        GC_27 =  -0.00000E+00  -0.28380E+00
        GC_28 =   0.00000E+00   0.28380E+00
        GC_30 =   0.00000E+00   0.56760E+00
        GC_35 =  -0.00000E+00  -0.28850E-01
        GC_37 =   0.00000E+00   0.17310E+00
        GC_39 =   0.00000E+00  -0.19725E+00
        GC_40 =   0.00000E+00   0.37035E+00
        GC_80 =   0.00000E+00   0.67543E+02
       GC_107 =  -0.00000E+00  -0.74070E+00
       GC_109 =  -0.00000E+00  -0.74070E+00
       GC_111 =  -0.00000E+00  -0.74070E+00
       GC_113 =  -0.00000E+00  -0.74070E+00
       GC_115 =  -0.00000E+00  -0.74070E+00
       GC_117 =  -0.00000E+00  -0.74070E+00
       GC_119 =   0.00000E+00   0.00000E+00
       GC_120 =   0.00000E+00   0.00000E+00
       GC_122 =  -0.00000E+00  -0.00000E+00
       GC_126 =   0.00000E+00   0.00000E+00
       GC_127 =   0.00000E+00   0.00000E+00
       GC_129 =  -0.00000E+00  -0.00000E+00
       GC_133 =   0.00000E+00   0.45849E+00
       GC_134 =   0.00000E+00   0.37035E+00
       GC_136 =  -0.00000E+00  -0.89351E+01
        GC_81 =   0.40000E+02   0.00000E+00
        GC_82 =   0.42000E+02   0.00000E+00
        GC_83 =   0.44000E+02   0.00000E+00

 Collider parameters:
 --------------------

 Running at P P   machine @    13000.000000000000       GeV
 PDF set = nn23lo1
 alpha_s(Mz)= 0.1300 running at 2 loops.
 alpha_s(Mz)= 0.1300 running at 2 loops.
 Renormalization scale set on event-by-event basis
 Factorization   scale set on event-by-event basis


 getting user params
Enter number of events and max and min iterations: 
 Number of events and iterations         1000           5           3
Enter desired fractional accuracy: 
 Desired fractional accuracy:   0.10000000000000001     
Enter 0 for fixed, 2 for adjustable grid: 
Suppress amplitude (0 no, 1 yes)? 
 Using suppressed amplitude.
Exact helicity sum (0 yes, n = number/event)? 
 Explicitly summing over helicities
Enter Configuration Number: 
Running Configuration Number:  939
 Using dconfig=          77
 BW Setting            2           1           2           2           0           0           0
 Attempting mappinvarients           1           9
 Completed mapping           9
 about to integrate           19        1000           5           3          19           1
 Using non-zero grid deformation.
 19 dimensions   1000 events 19 invarients  5 iterations  1 config(s),  (0.99)
 Using h-tuple random number sequence.
 Error opening grid
 Using Uniform Grid!          36
 Using uniform alpha   1.0000000000000000     
 Grid defined OK
 Set CM energy to      13000.00
 Mapping Graph         939  to config         939
Setting grid   1    0.59172E-08   1
 Setting BW          -2           2   2200.0000000000000     
Setting grid   3    0.29417E-01   1
Setting grid   4    0.29417E-01   1
Setting grid   5    0.29417E-01   1
Setting grid   6    0.29417E-01   1
 Transforming s_hat 1/s           18   2.9947303536057766E-002   1600.0000000000000        168999999.99999997     
 939   1   2   3   4   5   6   7   8   9  10  11  12  13  14
  15  16  17  18  19
 Masses: 0.000E+00 0.000E+00 0.000E+00 0.000E+00 0.000E+00 0.000E+00 0.000E+00 0.000E+00 0.912E+02
Using random seed offsets   939 :      1
  with seed                   24
 Ranmar initialization seeds         669        9398
 
 ********************************************
 * You are using the DiscreteSampler module *
 *      part of the MG5_aMC framework       *
 *         Author: Valentin Hirschi         *
 ********************************************
 
  Particle       3       4       5       6       7       8       9
      Et >    10.0    10.0    10.0    10.0     0.0     0.0     0.0
       E >     0.0     0.0     0.0     0.0     0.0     0.0     0.0
     Eta <     2.5     2.5     2.5     2.5    -1.0    -1.0    -1.0
   xqcut:      0.0     0.0     0.0     0.0     0.0     0.0     0.0
d R # 3  >    -0.0     0.4     0.4     0.4     0.0     0.0     0.0
d R # 4  >    -0.0    -0.0     0.4     0.4     0.0     0.0     0.0
d R # 5  >    -0.0    -0.0    -0.0     0.4     0.0     0.0     0.0
d R # 6  >    -0.0    -0.0    -0.0    -0.0     0.0     0.0     0.0
d R # 7  >    -0.0    -0.0    -0.0    -0.0    -0.0     0.0     0.0
d R # 8  >    -0.0    -0.0    -0.0    -0.0    -0.0    -0.0     0.0
s min # 3>     0.0     0.0     0.0     0.0     0.0     0.0     0.0
s min # 4>     0.0     0.0     0.0     0.0     0.0     0.0     0.0
s min # 5>     0.0     0.0     0.0     0.0     0.0     0.0     0.0
s min # 6>     0.0     0.0     0.0     0.0     0.0     0.0     0.0
s min # 7>     0.0     0.0     0.0     0.0     0.0     0.0     0.0
s min # 8>     0.0     0.0     0.0     0.0     0.0     0.0     0.0
xqcutij # 3>     0.0     0.0     0.0     0.0     0.0     0.0     0.0
xqcutij # 4>     0.0     0.0     0.0     0.0     0.0     0.0     0.0
xqcutij # 5>     0.0     0.0     0.0     0.0     0.0     0.0     0.0
xqcutij # 6>     0.0     0.0     0.0     0.0     0.0     0.0     0.0
xqcutij # 7>     0.0     0.0     0.0     0.0     0.0     0.0     0.0
xqcutij # 8>     0.0     0.0     0.0     0.0     0.0     0.0     0.0
 Excluding BW           -1           1
 Requiring BW           -2           2
 Excluding BW           -3           3
 Excluding BW           -4           4
 alpha_s for scale    2124.4203015094613       is    8.5505615415090649E-002
 Added good helicity            1   251.24530458998495       in event            1 local:           1
 Added good helicity           21  0.19970623390150655       in event            1 local:           1
 Added good helicity           25   3.5242906536267736E-002  in event            1 local:           1
 Added good helicity           37   1.7087511138352308E-003  in event            1 local:           1
 Added good helicity           41  0.56306506755410490       in event            1 local:           1
 Added good helicity           61   3.0500134738629812E-004  in event            1 local:           1
 Added good helicity          193   3.2475203405804027       in event            1 local:           1
 Added good helicity          213  0.14466908402422016       in event            1 local:           1
 Added good helicity          217   3.5827197037799122E-003  in event            1 local:           1
 Added good helicity          229  0.34322427823733070       in event            1 local:           1
 Added good helicity          233  0.21371050195163488       in event            1 local:           1
 Added good helicity          253   1.9605250645949542E-003  in event            1 local:           1
 Added good helicity            1   251.24530458998453       in event            1 local:           1
 Added good helicity           21  0.19970623390148595       in event            1 local:           1
 Added good helicity           25   3.5242906536267438E-002  in event            1 local:           1
 Added good helicity           37   1.7087511138355774E-003  in event            1 local:           1
 Added good helicity           41  0.56306506755423735       in event            1 local:           1
 Added good helicity           61   3.0500134738634994E-004  in event            1 local:           1
 Added good helicity          193   3.2475203405807536       in event            1 local:           1
 Added good helicity          213  0.14466908402424972       in event            1 local:           1
 Added good helicity          217   3.5827197037795319E-003  in event            1 local:           1
 Added good helicity          229  0.34322427823731183       in event            1 local:           1
 Added good helicity          233  0.21371050195165886       in event            1 local:           1
 Added good helicity          253   1.9605250645951984E-003  in event            1 local:           1
 RESET CUMULATIVE VARIABLE
 RESET CUMULATIVE VARIABLE
 RESET CUMULATIVE VARIABLE
 Iteration  1   Mean: 0.1264E-12 Abs mean: 0.1264E-12   Fluctuation:  0.573E-13   0.391E-10    38.5%
  1    0.1264E-12 0.1264E-12 +- 0.5733E-13     14.34
 Writing out events   6.5606500032106352E-017   14.341906949381897     
 Relative summed weights:
  0.4954E-05  0.3337E-02  0.2902E-09  0.6646E-07  0.0000E+00  0.0000E+00
  0.4695E-03  0.4346E-02  0.6553E-07  0.4689E-05  0.3739E-05  0.0000E+00
  0.3429E-04  0.4751E-03  0.1249E-05  0.3907E-07  0.0000E+00  0.0000E+00
  0.4043E-03  0.1244E-03  0.1139E-06  0.1681E-08  0.0000E+00  0.0000E+00
  0.3101E+00  0.2057E-06  0.1370E-07  0.1679E-11  0.0000E+00  0.0000E+00
  0.2762E-02  0.1037E-02  0.0000E+00  0.2779E-04  0.0000E+00  0.0000E+00
  0.2391E-02  0.3122E+00  0.4733E-06  0.1168E-01  0.0000E+00  0.0000E+00
  0.3917E-03  0.2376E+00  0.1725E-09  0.3236E-09  0.0000E+00  0.0000E+00
  0.1821E-01  0.1615E-03  0.1838E-05  0.1238E-03  0.0000E+00  0.0000E+00
  0.1171E-01  0.1227E-01  0.1272E-01  0.3155E-07  0.0000E+00  0.0000E+00
  0.7877E-02  0.2810E-02  0.1148E-01  0.5954E-04  0.0000E+00  0.0000E+00
  0.3850E-04  0.3954E-04  0.2727E-04  0.2896E-05  0.0000E+00  0.0000E+00
  0.2669E-02  0.1493E-02  0.3536E-04  0.1685E-04  0.0000E+00  0.0000E+00
  0.4041E-02  0.8395E-03  0.2623E-05  0.2170E-03  0.0000E+00  0.0000E+00
  0.3403E-03  0.6821E-02  0.6830E-03  0.2445E-02  0.0000E+00  0.0000E+00
  0.1412E-01  0.1325E-02  0.1317E-05  0.4419E-05  0.0000E+00  0.0000E+00
 Relative number of events:
  0.1189E-01  0.1487E-01  0.9911E-03  0.1982E-02  0.0000E+00  0.0000E+00
  0.3171E-01  0.1982E-01  0.9911E-03  0.2973E-02  0.9911E-03  0.0000E+00
  0.1586E-01  0.1982E-01  0.5946E-02  0.3964E-02  0.0000E+00  0.0000E+00
  0.2874E-01  0.1586E-01  0.3964E-02  0.1982E-02  0.0000E+00  0.0000E+00
  0.2279E-01  0.1288E-01  0.1982E-02  0.9911E-03  0.0000E+00  0.0000E+00
  0.1388E-01  0.1883E-01  0.0000E+00  0.4955E-02  0.0000E+00  0.0000E+00
  0.2379E-01  0.3072E-01  0.5946E-02  0.9911E-02  0.0000E+00  0.0000E+00
  0.2577E-01  0.2676E-01  0.2973E-02  0.4955E-02  0.0000E+00  0.0000E+00
  0.2874E-01  0.3171E-01  0.5946E-02  0.5946E-02  0.0000E+00  0.0000E+00
  0.2775E-01  0.3766E-01  0.6938E-02  0.3964E-02  0.0000E+00  0.0000E+00
  0.3568E-01  0.2081E-01  0.1883E-01  0.1189E-01  0.0000E+00  0.0000E+00
  0.3072E-01  0.2379E-01  0.1090E-01  0.1288E-01  0.0000E+00  0.0000E+00
  0.2973E-01  0.3271E-01  0.3964E-02  0.3964E-02  0.0000E+00  0.0000E+00
  0.3171E-01  0.3171E-01  0.3964E-02  0.2973E-02  0.0000E+00  0.0000E+00
  0.2577E-01  0.2577E-01  0.1487E-01  0.9911E-02  0.0000E+00  0.0000E+00
  0.2279E-01  0.3568E-01  0.1090E-01  0.9911E-02  0.0000E+00  0.0000E+00
 Events:
          12          15           1           2           0           0
          32          20           1           3           1           0
          16          20           6           4           0           0
          29          16           4           2           0           0
          23          13           2           1           0           0
          14          19           0           5           0           0
          24          31           6          10           0           0
          26          27           3           5           0           0
          29          32           6           6           0           0
          28          38           7           4           0           0
          36          21          19          12           0           0
          31          24          11          13           0           0
          30          33           4           4           0           0
          32          32           4           3           0           0
          26          26          15          10           0           0
          23          36          11          10           0           0
 Iteration  2   Mean: 0.1619E-12 Abs mean: 0.1619E-12   Fluctuation:  0.504E-13   0.794E-10    58.7%
  2    0.1619E-12 0.1619E-12 +- 0.5039E-13     13.92
 Relative summed weights:
  0.6556E-01  0.1760E-02  0.3247E-10  0.2973E-06  0.0000E+00  0.0000E+00
  0.9100E-02  0.2271E-03  0.8510E-04  0.1123E-06  0.0000E+00  0.0000E+00
  0.3196E-01  0.1867E-02  0.9057E-04  0.2917E-03  0.2232E-06  0.0000E+00
  0.2497E-02  0.2002E-03  0.2592E-04  0.3518E-06  0.0000E+00  0.2110E-08
  0.1643E-02  0.5338E-02  0.1472E-03  0.1636E-02  0.0000E+00  0.0000E+00
  0.1602E-02  0.3376E+00  0.5039E-05  0.2986E-05  0.0000E+00  0.0000E+00
  0.7569E-04  0.1747E+00  0.3828E-04  0.7481E-04  0.0000E+00  0.0000E+00
  0.7389E-02  0.2878E-01  0.3190E-04  0.0000E+00  0.0000E+00  0.0000E+00
  0.9789E-02  0.4744E-01  0.5521E-06  0.1044E-03  0.0000E+00  0.0000E+00
  0.1126E-01  0.9949E-03  0.1080E-04  0.1608E-07  0.0000E+00  0.0000E+00
  0.1214E-01  0.3398E-02  0.5172E-03  0.1667E-02  0.0000E+00  0.1740E-11
  0.2540E-02  0.2633E-02  0.5315E-04  0.2204E-03  0.0000E+00  0.0000E+00
  0.1852E-02  0.1213E+00  0.1027E-02  0.4355E-04  0.0000E+00  0.0000E+00
  0.1161E-01  0.4043E-01  0.1305E-05  0.8771E-06  0.0000E+00  0.0000E+00
  0.1223E-01  0.3017E-01  0.2051E-03  0.3598E-03  0.1034E-04  0.0000E+00
  0.1349E-01  0.1277E-02  0.4829E-03  0.2664E-05  0.0000E+00  0.0000E+00
 Relative number of events:
  0.2050E-01  0.2050E-01  0.1500E-02  0.1000E-02  0.0000E+00  0.0000E+00
  0.2650E-01  0.2250E-01  0.1000E-02  0.1000E-02  0.0000E+00  0.0000E+00
  0.2550E-01  0.2800E-01  0.3000E-02  0.4500E-02  0.5000E-03  0.0000E+00
  0.2500E-01  0.2350E-01  0.6500E-02  0.3000E-02  0.0000E+00  0.5000E-03
  0.1350E-01  0.1800E-01  0.2500E-02  0.2000E-02  0.0000E+00  0.0000E+00
  0.1700E-01  0.2300E-01  0.1000E-02  0.1500E-02  0.0000E+00  0.0000E+00
  0.2750E-01  0.2300E-01  0.6500E-02  0.2500E-02  0.0000E+00  0.0000E+00
  0.2600E-01  0.2550E-01  0.1500E-02  0.0000E+00  0.0000E+00  0.0000E+00
  0.3050E-01  0.3350E-01  0.3000E-02  0.3500E-02  0.0000E+00  0.0000E+00
  0.3500E-01  0.2550E-01  0.4000E-02  0.3000E-02  0.0000E+00  0.0000E+00
  0.2700E-01  0.3150E-01  0.1000E-01  0.7000E-02  0.0000E+00  0.5000E-03
  0.2400E-01  0.2950E-01  0.1650E-01  0.1100E-01  0.0000E+00  0.0000E+00
  0.3200E-01  0.4100E-01  0.2500E-02  0.3500E-02  0.0000E+00  0.0000E+00
  0.3000E-01  0.3350E-01  0.3000E-02  0.1000E-02  0.0000E+00  0.0000E+00
  0.1950E-01  0.2550E-01  0.1200E-01  0.1200E-01  0.5000E-03  0.0000E+00
  0.3400E-01  0.2200E-01  0.1300E-01  0.1450E-01  0.0000E+00  0.0000E+00
 Events:
          41          41           3           2           0           0
          53          45           2           2           0           0
          51          56           6           9           1           0
          50          47          13           6           0           1
          27          36           5           4           0           0
          34          46           2           3           0           0
          55          46          13           5           0           0
          52          51           3           0           0           0
          61          67           6           7           0           0
          70          51           8           6           0           0
          54          63          20          14           0           1
          48          59          33          22           0           0
          64          82           5           7           0           0
          60          67           6           2           0           0
          39          51          24          24           1           0
          68          44          26          29           0           0
 Iteration  3   Mean: 0.1234E-12 Abs mean: 0.1234E-12   Fluctuation:  0.291E-13   0.871E-10    72.2%
  3    0.1234E-12 0.1234E-12 +- 0.2914E-13     14.93
 Relative summed weights:
  0.3474E-01  0.1645E-02  0.8912E-04  0.3702E-05  0.0000E+00  0.0000E+00
  0.1610E-02  0.1264E-01  0.2275E-03  0.1361E-04  0.0000E+00  0.0000E+00
  0.5106E-02  0.7124E-01  0.1581E-04  0.1202E-04  0.0000E+00  0.0000E+00
  0.8225E-02  0.1585E-01  0.6758E-03  0.1074E-02  0.0000E+00  0.0000E+00
  0.3683E-02  0.2285E-01  0.1569E-02  0.6268E-06  0.0000E+00  0.0000E+00
  0.2138E-02  0.5403E-01  0.9831E-03  0.6419E-05  0.0000E+00  0.0000E+00
  0.1143E-01  0.2752E-02  0.1612E-02  0.2271E-03  0.0000E+00  0.0000E+00
  0.5548E-02  0.3305E-02  0.6483E-03  0.2162E-03  0.0000E+00  0.0000E+00
  0.2325E-01  0.1953E-01  0.6069E-03  0.3757E-02  0.0000E+00  0.0000E+00
  0.9472E-02  0.1407E-01  0.7270E-03  0.2177E-04  0.0000E+00  0.0000E+00
  0.2438E-01  0.1617E-01  0.2429E-04  0.3542E-02  0.0000E+00  0.0000E+00
  0.9228E-01  0.1734E-01  0.1681E-01  0.2501E-03  0.0000E+00  0.0000E+00
  0.7029E-01  0.2351E-01  0.8293E-01  0.9373E-02  0.0000E+00  0.0000E+00
  0.6911E-01  0.2121E-01  0.1814E-02  0.2348E-03  0.0000E+00  0.0000E+00
  0.1820E+00  0.8650E-02  0.8713E-02  0.1303E-02  0.0000E+00  0.1116E-04
  0.9777E-02  0.2466E-02  0.2007E-02  0.2426E-03  0.0000E+00  0.0000E+00
 Relative number of events:
  0.1850E-01  0.2050E-01  0.7500E-03  0.1250E-02  0.0000E+00  0.0000E+00
  0.1650E-01  0.2375E-01  0.2250E-02  0.2250E-02  0.0000E+00  0.0000E+00
  0.2650E-01  0.2400E-01  0.3000E-02  0.2250E-02  0.0000E+00  0.0000E+00
  0.2750E-01  0.2625E-01  0.2500E-02  0.3250E-02  0.0000E+00  0.0000E+00
  0.1950E-01  0.1800E-01  0.1500E-02  0.1250E-02  0.0000E+00  0.0000E+00
  0.1850E-01  0.1775E-01  0.1500E-02  0.7500E-03  0.0000E+00  0.0000E+00
  0.2950E-01  0.2675E-01  0.2000E-02  0.3000E-02  0.0000E+00  0.0000E+00
  0.3000E-01  0.2275E-01  0.3750E-02  0.4000E-02  0.0000E+00  0.0000E+00
  0.3325E-01  0.3225E-01  0.2000E-02  0.4250E-02  0.0000E+00  0.0000E+00
  0.3525E-01  0.3375E-01  0.2000E-02  0.3750E-02  0.0000E+00  0.0000E+00
  0.2750E-01  0.2950E-01  0.7500E-02  0.1100E-01  0.0000E+00  0.0000E+00
  0.2975E-01  0.3050E-01  0.1275E-01  0.1125E-01  0.0000E+00  0.0000E+00
  0.3125E-01  0.3450E-01  0.2250E-02  0.2500E-02  0.0000E+00  0.0000E+00
  0.2900E-01  0.2575E-01  0.4000E-02  0.3000E-02  0.0000E+00  0.0000E+00
  0.2900E-01  0.2675E-01  0.1100E-01  0.1325E-01  0.0000E+00  0.2500E-03
  0.2700E-01  0.2575E-01  0.1175E-01  0.1525E-01  0.0000E+00  0.0000E+00
 Events:
          74          82           3           5           0           0
          66          95           9           9           0           0
         106          96          12           9           0           0
         110         105          10          13           0           0
          78          72           6           5           0           0
          74          71           6           3           0           0
         118         107           8          12           0           0
         120          91          15          16           0           0
         133         129           8          17           0           0
         141         135           8          15           0           0
         110         118          30          44           0           0
         119         122          51          45           0           0
         125         138           9          10           0           0
         116         103          16          12           0           0
         116         107          44          53           0           1
         108         103          47          61           0           0
 Accuracy:    0.091   0.100   0.174   0.277
 Finished due to accuracy    9.1398036792713064E-002  0.10000000000000001     

 -------------------------------------------------------------------------------
 Accumulated results:   Integral =  0.1358E-12
                        Std dev  =  0.2360E-13
                       Cross sec =  0.1358E-12
             Chi**2 per DoF.     =      0.2767
 -------------------------------------------------------------------------------
 Found          121  events.
 Wrote            6  events.
 Actual xsec    1.3583861146906498E-013
 Correct abs xsec    1.3583861146906498E-013
 Event xsec    1.3583861146906498E-013
 Events wgts > 1:            0
 % Cross section > 1:    0.0000000000000000        0.0000000000000000     
-------------------------------------------------
---------------------------
 Results Last   3 iters: Integral =   0.1358E-12
                     Abs integral =   0.1358E-12
                          Std dev =   0.2360E-13
                  Chi**2 per DoF. =      0.2382
-------------------------------------------------
---------------------------
 Status  0.10000000000000001                4           5

ls status:
events.lhe
ftn26
input_app.txt
results.dat
run1_app.log
