 Process in group number            1
 A PDF is used, so alpha_s(MZ) is going to be modified
 Old value of alpha_s from param_card:   0.11839999999999999     
  ****************************************
 
       NNPDFDriver version 1.0.3
   Grid: NNPDF23_lo_as_0130_qed_mem0.grid
  ****************************************
 New value of alpha_s from PDF nn23lo1:  0.13000000000000000     
 Define smin to   1600.0000000000000     
 Define smin to   1600.0000000000000     
 Define smin to   1600.0000000000000     
 *****************************************************
 *               MadGraph/MadEvent                   *
 *        --------------------------------           *
 *          http://madgraph.hep.uiuc.edu             *
 *          http://madgraph.phys.ucl.ac.be           *
 *          http://madgraph.roma2.infn.it            *
 *        --------------------------------           *
 *                                                   *
 *          PARAMETER AND COUPLING VALUES            *
 *                                                   *
 *****************************************************

  External Params
  ---------------------------------
  
 mdl_VeN1 =    1.0000000000000000     
 mdl_VeN2 =    0.0000000000000000     
 mdl_VeN3 =    0.0000000000000000     
 mdl_VmuN1 =    0.0000000000000000     
 mdl_VmuN2 =    1.0000000000000000     
 mdl_VmuN3 =    0.0000000000000000     
 mdl_VtaN1 =    0.0000000000000000     
 mdl_VtaN2 =    0.0000000000000000     
 mdl_VtaN3 =    1.0000000000000000     
 mdl_VN1N1 =    1.0000000000000000     
 mdl_VN1N2 =    1.0000000000000000     
 mdl_VN1N3 =    1.0000000000000000     
 mdl_VN2N2 =    1.0000000000000000     
 mdl_VN2N3 =    1.0000000000000000     
 mdl_VN3N3 =    1.0000000000000000     
 aEWM1 =    127.90000000000001     
 mdl_Gf =    1.1663700000000000E-005
 aS =   0.11839999999999999     
 mdl_ymt =    172.00000000000000     
 mdl_vevf =    50.000000000000000     
 mdl_MZ =    91.187600000000003     
 mdl_MT =    172.00000000000000     
 mdl_MH =    125.00000000000000     
 mdl_mN1 =    2000.0000000000000     
 mdl_mN2 =    2100.0000000000000     
 mdl_mN3 =    2200.0000000000000     
 mdl_MJ =    91.187600000000003     
 mdl_MAx =    173.04800000000000     
 mdl_WZ =    2.4952000000000001     
 mdl_WW =    2.0850000000000000     
 mdl_WT =    1.5083359999999999     
 mdl_WH =    4.0699999999999998E-003
 mdl_WN1 =   0.30299999999999999     
 mdl_WN2 =    1.5000000000000000     
 mdl_WN3 =    12.300000000000001     
 mdl_WJ =    2.4952000000000001     
 mdl_WAx =    4.1700000000000001E-003
  Internal Params
  ---------------------------------
  
 mdl_vevf__exp__2 =    2500.0000000000000     
 mdl_sqrt__vevf__exp__2 =    50.000000000000000     
 mdl_muJ =    50.000000000000000     
 mdl_MZ__exp__2 =    8315.1783937600012     
 mdl_MZ__exp__4 =    69142191.720053151     
 mdl_sqrt__2 =    1.4142135623730951     
 mdl_MJ__exp__2 =    8315.1783937600012     
 mdl_muJ__exp__2 =    2500.0000000000000     
 mdl_lamJ =    4.3260713575040004     
 mdl_MH__exp__2 =    15625.000000000000     
 mdl_complexi =  (  0.0000000000000000     ,  1.0000000000000000     )
 mdl_aEW =    7.8186082877247844E-003
 mdl_MW =    79.824359746197842     
 mdl_sqrt__aEW =    8.8422894590285753E-002
 mdl_ee =   0.31345100004952897     
 mdl_MW__exp__2 =    6371.9284088904105     
 mdl_sw2 =   0.23369913342182447     
 mdl_cw =   0.87538612427783857     
 mdl_sqrt__sw2 =   0.48342438232036300     
 mdl_sw =   0.48342438232036300     
 mdl_g1 =   0.35807170271074895     
 mdl_gN =   0.64839716719502682     
 mdl_gw =   0.64839716719502682     
 mdl_vev =    246.22056907348590     
 mdl_vev__exp__2 =    60624.568634871241     
 mdl_lam =   0.12886689630821144     
 mdl_yt =   0.98791394091683138     
 mdl_muH =    88.388347648318444     
 mdl_I2a33 =  ( 0.98791394091683138     ,  0.0000000000000000     )
 mdl_I3a33 =  ( 0.98791394091683138     ,  0.0000000000000000     )
 mdl_ee__exp__2 =    9.8251529432049817E-002
 mdl_sw__exp__2 =   0.23369913342182450     
 mdl_cw__exp__2 =   0.76630086657817542     
  Internal Params evaluated point by point
  ----------------------------------------
  
 mdl_sqrt__aS =   0.34409301068170506     
 mdl_G__exp__2 =    1.4878582807401259     
  Couplings of SM_HeavyN_UFO
  ---------------------------------
  
         GC_1 =  -0.00000E+00  -0.10448E+00
         GC_2 =   0.00000E+00   0.20897E+00
         GC_3 =  -0.00000E+00  -0.31345E+00
         GC_4 =   0.00000E+00   0.31345E+00
        GC_26 =   0.00000E+00   0.45849E+00
        GC_27 =  -0.00000E+00  -0.28380E+00
        GC_28 =   0.00000E+00   0.28380E+00
        GC_30 =   0.00000E+00   0.56760E+00
        GC_35 =  -0.00000E+00  -0.28850E-01
        GC_37 =   0.00000E+00   0.17310E+00
        GC_39 =   0.00000E+00  -0.19725E+00
        GC_40 =   0.00000E+00   0.37035E+00
        GC_80 =   0.00000E+00   0.67543E+02
       GC_107 =  -0.00000E+00  -0.74070E+00
       GC_109 =  -0.00000E+00  -0.74070E+00
       GC_111 =  -0.00000E+00  -0.74070E+00
       GC_113 =  -0.00000E+00  -0.74070E+00
       GC_115 =  -0.00000E+00  -0.74070E+00
       GC_117 =  -0.00000E+00  -0.74070E+00
       GC_119 =   0.00000E+00   0.00000E+00
       GC_120 =   0.00000E+00   0.00000E+00
       GC_122 =  -0.00000E+00  -0.00000E+00
       GC_126 =   0.00000E+00   0.00000E+00
       GC_127 =   0.00000E+00   0.00000E+00
       GC_129 =  -0.00000E+00  -0.00000E+00
       GC_133 =   0.00000E+00   0.45849E+00
       GC_134 =   0.00000E+00   0.37035E+00
       GC_136 =  -0.00000E+00  -0.89351E+01
        GC_81 =   0.40000E+02   0.00000E+00
        GC_82 =   0.42000E+02   0.00000E+00
        GC_83 =   0.44000E+02   0.00000E+00

 Collider parameters:
 --------------------

 Running at P P   machine @    13000.000000000000       GeV
 PDF set = nn23lo1
 alpha_s(Mz)= 0.1300 running at 2 loops.
 alpha_s(Mz)= 0.1300 running at 2 loops.
 Renormalization scale set on event-by-event basis
 Factorization   scale set on event-by-event basis


 getting user params
Enter number of events and max and min iterations: 
 Number of events and iterations         1000           5           3
Enter desired fractional accuracy: 
 Desired fractional accuracy:   0.10000000000000001     
Enter 0 for fixed, 2 for adjustable grid: 
Suppress amplitude (0 no, 1 yes)? 
 Using suppressed amplitude.
Exact helicity sum (0 yes, n = number/event)? 
 Explicitly summing over helicities
Enter Configuration Number: 
Running Configuration Number:  393
 Using dconfig=         610
 BW Setting            1           2           1           1           1           2           0
 Attempting mappinvarients           1           9
 Completed mapping           9
 about to integrate           19        1000           5           3          19           1
 Using non-zero grid deformation.
 19 dimensions   1000 events 19 invarients  5 iterations  1 config(s),  (0.99)
 Using h-tuple random number sequence.
 Error opening grid
 Using Uniform Grid!          36
 Using uniform alpha   1.0000000000000000     
 Grid defined OK
 Set CM energy to      13000.00
 Mapping Graph         393  to config         393
 Setting BW          -1           1   91.187600000000003     
Setting grid   2    0.36660E-04   1
 Setting BW          -3           3   2200.0000000000000     
 Setting BW          -4           4   79.824359746197842     
 Setting BW          -5           5   2200.0000000000000     
Setting grid   6    0.10824E+00   1
 Transforming s_hat 1/s           18  0.10824100000000002        1600.0000000000000        168999999.99999997     
 393   1   2   3   4   5   6   7   8   9  10  11  12  13  14
  15  16  17  18  19
 Masses: 0.000E+00 0.000E+00 0.000E+00 0.000E+00 0.000E+00 0.000E+00 0.000E+00 0.000E+00 0.912E+02
Using random seed offsets   393 :      1
  with seed                   24
 Ranmar initialization seeds         123        9398
 
 ********************************************
 * You are using the DiscreteSampler module *
 *      part of the MG5_aMC framework       *
 *         Author: Valentin Hirschi         *
 ********************************************
 
  Particle       3       4       5       6       7       8       9
      Et >    10.0    10.0    10.0    10.0     0.0     0.0     0.0
       E >     0.0     0.0     0.0     0.0     0.0     0.0     0.0
     Eta <     2.5     2.5     2.5     2.5    -1.0    -1.0    -1.0
   xqcut:      0.0     0.0     0.0     0.0     0.0     0.0     0.0
d R # 3  >    -0.0     0.4     0.4     0.4     0.0     0.0     0.0
d R # 4  >    -0.0    -0.0     0.4     0.4     0.0     0.0     0.0
d R # 5  >    -0.0    -0.0    -0.0     0.4     0.0     0.0     0.0
d R # 6  >    -0.0    -0.0    -0.0    -0.0     0.0     0.0     0.0
d R # 7  >    -0.0    -0.0    -0.0    -0.0    -0.0     0.0     0.0
d R # 8  >    -0.0    -0.0    -0.0    -0.0    -0.0    -0.0     0.0
s min # 3>     0.0     0.0     0.0     0.0     0.0     0.0     0.0
s min # 4>     0.0     0.0     0.0     0.0     0.0     0.0     0.0
s min # 5>     0.0     0.0     0.0     0.0     0.0     0.0     0.0
s min # 6>     0.0     0.0     0.0     0.0     0.0     0.0     0.0
s min # 7>     0.0     0.0     0.0     0.0     0.0     0.0     0.0
s min # 8>     0.0     0.0     0.0     0.0     0.0     0.0     0.0
xqcutij # 3>     0.0     0.0     0.0     0.0     0.0     0.0     0.0
xqcutij # 4>     0.0     0.0     0.0     0.0     0.0     0.0     0.0
xqcutij # 5>     0.0     0.0     0.0     0.0     0.0     0.0     0.0
xqcutij # 6>     0.0     0.0     0.0     0.0     0.0     0.0     0.0
xqcutij # 7>     0.0     0.0     0.0     0.0     0.0     0.0     0.0
xqcutij # 8>     0.0     0.0     0.0     0.0     0.0     0.0     0.0
 Requiring BW           -1           1
 Excluding BW           -2           2
 Requiring BW           -3           3
 Requiring BW           -4           4
 Requiring BW           -5           5
 Excluding BW           -6           6
 alpha_s for scale    5308.8978495369665       is    7.7825463928818964E-002
 Added good helicity            1   87.804692380623322       in event            1 local:           1
 Added good helicity           41   86.714910317291057       in event            1 local:           1
 Added good helicity          193   17.615828457936967       in event            1 local:           1
 Added good helicity          233   63.864568842774695       in event            1 local:           1
 Added good helicity            1   87.804692380622598       in event            1 local:           1
 Added good helicity           41   86.714910317290872       in event            1 local:           1
 Added good helicity          193   17.615828457937468       in event            1 local:           1
 Added good helicity          233   63.864568842775071       in event            1 local:           1
 Added good helicity          217   5.8949261191331099E-008  in event            4 local:           2
 Added good helicity          217   5.8949261191348820E-008  in event            4 local:           2
 Added good helicity           37   86.714910317291128       in event            7 local:           3
 Added good helicity          229   63.864568842774752       in event            7 local:           3
 Added good helicity           37   86.714910317290801       in event            7 local:           3
 Added good helicity          229   63.864568842775022       in event            7 local:           3
 Added good helicity          213   5.8949261191330854E-008  in event           10 local:           4
 Added good helicity          213   5.8949261191348800E-008  in event           10 local:           4
 Added good helicity           25   86.714910317291029       in event           13 local:           5
 Added good helicity           25   86.714910317290872       in event           13 local:           5
 Added good helicity           21   86.714910317291043       in event           16 local:           6
 Added good helicity           21   86.714910317290872       in event           16 local:           6
 RESET CUMULATIVE VARIABLE
 Added good helicity          253   1.0062055384272589E-008  in event           25 local:           9
 RESET CUMULATIVE VARIABLE
 RESET CUMULATIVE VARIABLE
 Iteration  1   Mean: 0.3763E-06 Abs mean: 0.3763E-06   Fluctuation:  0.135E-06   0.124E-03    18.1%
  1    0.3763E-06 0.3763E-06 +- 0.1348E-06     11.33
 Writing out events   4.1630557538666399E-010   11.329069624407325     
 Relative summed weights:
  0.5527E-02  0.6915E-02  0.3346E-01  0.3977E-02  0.0000E+00  0.0000E+00
  0.6981E-01  0.9875E-02  0.1054E-01  0.1144E-01  0.0000E+00  0.0000E+00
  0.2597E-01  0.2542E-01  0.7479E-03  0.8409E-03  0.0000E+00  0.0000E+00
  0.6847E-02  0.4583E-01  0.3615E-03  0.9563E-01  0.0000E+00  0.0000E+00
  0.9437E-02  0.8281E-01  0.1826E-01  0.1693E-03  0.0000E+00  0.0000E+00
  0.8171E-02  0.3129E-02  0.2999E-02  0.3284E+00  0.0000E+00  0.0000E+00
  0.2771E-02  0.3855E-01  0.2547E-01  0.3208E-02  0.9535E-03  0.0000E+00
  0.1128E-01  0.3989E-01  0.1909E-02  0.6939E-01  0.0000E+00  0.0000E+00
 Relative number of events:
  0.4757E-01  0.5055E-01  0.4559E-01  0.1784E-01  0.0000E+00  0.0000E+00
  0.2775E-01  0.3964E-01  0.9911E-02  0.1388E-01  0.0000E+00  0.0000E+00
  0.5253E-01  0.5451E-01  0.3072E-01  0.3271E-01  0.0000E+00  0.0000E+00
  0.4063E-01  0.2478E-01  0.1883E-01  0.1288E-01  0.0000E+00  0.0000E+00
  0.4460E-01  0.5154E-01  0.2874E-01  0.2775E-01  0.0000E+00  0.0000E+00
  0.4757E-01  0.4063E-01  0.2478E-01  0.2577E-01  0.0000E+00  0.0000E+00
  0.2775E-01  0.3865E-01  0.1586E-01  0.1189E-01  0.9911E-03  0.0000E+00
  0.3469E-01  0.2676E-01  0.1487E-01  0.1685E-01  0.0000E+00  0.0000E+00
 Events:
          48          51          46          18           0           0
          28          40          10          14           0           0
          53          55          31          33           0           0
          41          25          19          13           0           0
          45          52          29          28           0           0
          48          41          25          26           0           0
          28          39          16          12           1           0
          35          27          15          17           0           0
 Iteration  2   Mean: 0.7087E-06 Abs mean: 0.7087E-06   Fluctuation:  0.264E-06   0.473E-03    32.8%
  2    0.7087E-06 0.7087E-06 +- 0.2642E-06     16.67
 Relative summed weights:
  0.3147E-01  0.6125E-02  0.2213E-02  0.3158E-02  0.0000E+00  0.0000E+00
  0.9679E-02  0.1280E-01  0.7478E-02  0.7123E-03  0.0000E+00  0.0000E+00
  0.1036E-01  0.1751E-01  0.7852E-02  0.7252E-01  0.0000E+00  0.0000E+00
  0.5100E-01  0.1810E-01  0.1957E-02  0.4226E-02  0.0000E+00  0.0000E+00
  0.1986E+00  0.5408E-01  0.2475E-01  0.2038E-02  0.0000E+00  0.1523E-07
  0.7193E-02  0.8187E-02  0.2472E-02  0.9947E-02  0.0000E+00  0.0000E+00
  0.1217E-01  0.9888E-02  0.3580E-01  0.3383E+00  0.0000E+00  0.0000E+00
  0.1195E-01  0.1999E-01  0.6136E-02  0.1254E-02  0.0000E+00  0.0000E+00
 Relative number of events:
  0.4550E-01  0.5500E-01  0.2400E-01  0.2600E-01  0.0000E+00  0.0000E+00
  0.3750E-01  0.3750E-01  0.2000E-01  0.1000E-01  0.0000E+00  0.0000E+00
  0.4900E-01  0.4350E-01  0.3000E-01  0.2700E-01  0.0000E+00  0.0000E+00
  0.3100E-01  0.3200E-01  0.1350E-01  0.1550E-01  0.0000E+00  0.0000E+00
  0.4850E-01  0.6100E-01  0.2850E-01  0.2450E-01  0.0000E+00  0.5000E-03
  0.5750E-01  0.4250E-01  0.2300E-01  0.2650E-01  0.0000E+00  0.0000E+00
  0.3300E-01  0.3650E-01  0.1500E-01  0.1350E-01  0.0000E+00  0.0000E+00
  0.2650E-01  0.3450E-01  0.1800E-01  0.1350E-01  0.0000E+00  0.0000E+00
 Events:
          91         110          48          52           0           0
          75          75          40          20           0           0
          98          87          60          54           0           0
          62          64          27          31           0           0
          97         122          57          49           0           1
         115          85          46          53           0           0
          66          73          30          27           0           0
          53          69          36          27           0           0
 Iteration  3   Mean: 0.5928E-06 Abs mean: 0.5928E-06   Fluctuation:  0.110E-06   0.341E-03    34.3%
  3    0.5928E-06 0.5928E-06 +- 0.1100E-06     11.73
 Relative summed weights:
  0.4225E-01  0.3083E-01  0.7593E-02  0.1710E+00  0.0000E+00  0.0000E+00
  0.7644E-01  0.1693E-01  0.5351E-01  0.6895E-02  0.1134E-03  0.0000E+00
  0.1698E-01  0.1317E-01  0.2668E-02  0.7546E-02  0.0000E+00  0.0000E+00
  0.2025E-01  0.1791E-01  0.7091E-02  0.1136E-01  0.0000E+00  0.0000E+00
  0.4113E-01  0.4368E-01  0.2329E-01  0.6548E-02  0.0000E+00  0.0000E+00
  0.2725E-01  0.2133E-01  0.6121E-02  0.3928E-02  0.0000E+00  0.0000E+00
  0.4669E-01  0.5412E-01  0.4851E-01  0.3488E-02  0.2003E-04  0.0000E+00
  0.4479E-01  0.2626E-01  0.8688E-01  0.1344E-01  0.0000E+00  0.0000E+00
 Relative number of events:
  0.4525E-01  0.4950E-01  0.2150E-01  0.3100E-01  0.0000E+00  0.0000E+00
  0.3675E-01  0.3800E-01  0.1575E-01  0.1775E-01  0.2500E-03  0.0000E+00
  0.4775E-01  0.5050E-01  0.2425E-01  0.2925E-01  0.0000E+00  0.0000E+00
  0.3000E-01  0.3125E-01  0.1575E-01  0.1500E-01  0.0000E+00  0.0000E+00
  0.5100E-01  0.5050E-01  0.2350E-01  0.2900E-01  0.0000E+00  0.0000E+00
  0.4550E-01  0.4875E-01  0.2625E-01  0.2850E-01  0.0000E+00  0.0000E+00
  0.3725E-01  0.3750E-01  0.1425E-01  0.1625E-01  0.2500E-03  0.0000E+00
  0.3350E-01  0.3225E-01  0.1150E-01  0.1475E-01  0.0000E+00  0.0000E+00
 Events:
         181         198          86         124           0           0
         147         152          63          71           1           0
         191         202          97         117           0           0
         120         125          63          60           0           0
         204         202          94         116           0           0
         182         195         105         114           0           0
         149         150          57          65           1           0
         134         129          46          59           0           0
 Accuracy:    0.124   0.100   0.151   0.677
 Found          260  events.
 Wrote            6  events.
 Actual xsec    5.7343656256514224E-007
 Correct abs xsec    5.7343656256514224E-007
 Event xsec    5.7343656256514224E-007
 Events wgts > 1:            0
 % Cross section > 1:    0.0000000000000000        0.0000000000000000     
 Iteration  4   Mean: 0.6591E-06 Abs mean: 0.6591E-06   Fluctuation:  0.870E-07   0.491E-03    33.9%
  4    0.6591E-06 0.6591E-06 +- 0.8699E-07     11.80
 Relative summed weights:
  0.1413E-01  0.2672E-01  0.2305E-01  0.1062E-01  0.4533E-05  0.0000E+00
  0.2864E-01  0.9403E-01  0.5891E-01  0.2230E-01  0.3007E-05  0.5198E-06
  0.3180E-01  0.2644E-01  0.1440E-01  0.1008E-01  0.0000E+00  0.0000E+00
  0.5520E-01  0.4331E-01  0.2798E-01  0.3004E-01  0.0000E+00  0.0000E+00
  0.2140E-01  0.2515E-01  0.1188E-01  0.1556E-01  0.1881E-07  0.0000E+00
  0.2349E-01  0.2480E-01  0.5315E-02  0.1100E-01  0.0000E+00  0.0000E+00
  0.2191E-01  0.2154E-01  0.6124E-01  0.1088E+00  0.0000E+00  0.1064E-06
  0.6188E-01  0.5254E-01  0.6258E-02  0.9591E-02  0.0000E+00  0.0000E+00
 Relative number of events:
  0.4662E-01  0.4850E-01  0.2788E-01  0.2625E-01  0.1250E-03  0.0000E+00
  0.3300E-01  0.3325E-01  0.1337E-01  0.1413E-01  0.1250E-03  0.1250E-03
  0.5925E-01  0.4725E-01  0.2750E-01  0.2838E-01  0.0000E+00  0.0000E+00
  0.3562E-01  0.3250E-01  0.1400E-01  0.1350E-01  0.0000E+00  0.0000E+00
  0.4850E-01  0.5063E-01  0.3087E-01  0.2975E-01  0.1250E-03  0.0000E+00
  0.4813E-01  0.4575E-01  0.2388E-01  0.2525E-01  0.0000E+00  0.0000E+00
  0.3550E-01  0.3325E-01  0.1425E-01  0.1650E-01  0.0000E+00  0.1250E-03
  0.3075E-01  0.3425E-01  0.1525E-01  0.1588E-01  0.0000E+00  0.0000E+00
 Events:
         373         388         223         210           1           0
         264         266         107         113           1           1
         474         378         220         227           0           0
         285         260         112         108           0           0
         388         405         247         238           1           0
         385         366         191         202           0           0
         284         266         114         132           0           1
         246         274         122         127           0           0
 Accuracy:    0.073   0.100   0.099   0.542
 Finished due to accuracy    7.3062053655717205E-002  0.10000000000000001     

 -------------------------------------------------------------------------------
 Accumulated results:   Integral =  0.6219E-06
                        Std dev  =  0.6174E-07
                       Cross sec =  0.6219E-06
             Chi**2 per DoF.     =      0.5416
 -------------------------------------------------------------------------------
 Found          694  events.
 Wrote            9  events.
 Actual xsec    6.4236597813932021E-007
 Correct abs xsec    6.4236597813932021E-007
 Event xsec    6.4236597813932032E-007
 Events wgts > 1:            0
 % Cross section > 1:    0.0000000000000000        0.0000000000000000     
-------------------------------------------------
---------------------------
 Results Last   3 iters: Integral =   0.6424E-06
                     Abs integral =   0.6424E-06
                          Std dev =   0.6637E-07
                  Chi**2 per DoF. =      0.1517
-------------------------------------------------
---------------------------
 Status  0.10000000000000001                5           5

ls status:
events.lhe
ftn26
input_app.txt
results.dat
run1_app.log
