 Process in group number            1
 A PDF is used, so alpha_s(MZ) is going to be modified
 Old value of alpha_s from param_card:   0.11839999999999999     
  ****************************************
 
       NNPDFDriver version 1.0.3
   Grid: NNPDF23_lo_as_0130_qed_mem0.grid
  ****************************************
 New value of alpha_s from PDF nn23lo1:  0.13000000000000000     
 Define smin to   1600.0000000000000     
 Define smin to   1600.0000000000000     
 Define smin to   1600.0000000000000     
 *****************************************************
 *               MadGraph/MadEvent                   *
 *        --------------------------------           *
 *          http://madgraph.hep.uiuc.edu             *
 *          http://madgraph.phys.ucl.ac.be           *
 *          http://madgraph.roma2.infn.it            *
 *        --------------------------------           *
 *                                                   *
 *          PARAMETER AND COUPLING VALUES            *
 *                                                   *
 *****************************************************

  External Params
  ---------------------------------
  
 mdl_VeN1 =    1.0000000000000000     
 mdl_VeN2 =    0.0000000000000000     
 mdl_VeN3 =    0.0000000000000000     
 mdl_VmuN1 =    0.0000000000000000     
 mdl_VmuN2 =    1.0000000000000000     
 mdl_VmuN3 =    0.0000000000000000     
 mdl_VtaN1 =    0.0000000000000000     
 mdl_VtaN2 =    0.0000000000000000     
 mdl_VtaN3 =    1.0000000000000000     
 mdl_VN1N1 =    1.0000000000000000     
 mdl_VN1N2 =    1.0000000000000000     
 mdl_VN1N3 =    1.0000000000000000     
 mdl_VN2N2 =    1.0000000000000000     
 mdl_VN2N3 =    1.0000000000000000     
 mdl_VN3N3 =    1.0000000000000000     
 aEWM1 =    127.90000000000001     
 mdl_Gf =    1.1663700000000000E-005
 aS =   0.11839999999999999     
 mdl_ymt =    172.00000000000000     
 mdl_vevf =    50.000000000000000     
 mdl_MZ =    91.187600000000003     
 mdl_MT =    172.00000000000000     
 mdl_MH =    125.00000000000000     
 mdl_mN1 =    510.00000000000000     
 mdl_mN2 =    610.00000000000000     
 mdl_mN3 =    710.00000000000000     
 mdl_MJ =    91.187600000000003     
 mdl_MAx =    173.04800000000000     
 mdl_WZ =    2.4952000000000001     
 mdl_WW =    2.0850000000000000     
 mdl_WT =    1.5083359999999999     
 mdl_WH =    4.0699999999999998E-003
 mdl_WN1 =   0.30299999999999999     
 mdl_WN2 =    1.5000000000000000     
 mdl_WN3 =    12.300000000000001     
 mdl_WJ =    2.4952000000000001     
 mdl_WAx =    4.1700000000000001E-003
  Internal Params
  ---------------------------------
  
 mdl_vevf__exp__2 =    2500.0000000000000     
 mdl_sqrt__vevf__exp__2 =    50.000000000000000     
 mdl_muJ =    50.000000000000000     
 mdl_MZ__exp__2 =    8315.1783937600012     
 mdl_MZ__exp__4 =    69142191.720053151     
 mdl_sqrt__2 =    1.4142135623730951     
 mdl_MJ__exp__2 =    8315.1783937600012     
 mdl_muJ__exp__2 =    2500.0000000000000     
 mdl_lamJ =    4.3260713575040004     
 mdl_MH__exp__2 =    15625.000000000000     
 mdl_complexi =  (  0.0000000000000000     ,  1.0000000000000000     )
 mdl_aEW =    7.8186082877247844E-003
 mdl_MW =    79.824359746197842     
 mdl_sqrt__aEW =    8.8422894590285753E-002
 mdl_ee =   0.31345100004952897     
 mdl_MW__exp__2 =    6371.9284088904105     
 mdl_sw2 =   0.23369913342182447     
 mdl_cw =   0.87538612427783857     
 mdl_sqrt__sw2 =   0.48342438232036300     
 mdl_sw =   0.48342438232036300     
 mdl_g1 =   0.35807170271074895     
 mdl_gN =   0.64839716719502682     
 mdl_gw =   0.64839716719502682     
 mdl_vev =    246.22056907348590     
 mdl_vev__exp__2 =    60624.568634871241     
 mdl_lam =   0.12886689630821144     
 mdl_yt =   0.98791394091683138     
 mdl_muH =    88.388347648318444     
 mdl_I2a33 =  ( 0.98791394091683138     ,  0.0000000000000000     )
 mdl_I3a33 =  ( 0.98791394091683138     ,  0.0000000000000000     )
 mdl_ee__exp__2 =    9.8251529432049817E-002
 mdl_sw__exp__2 =   0.23369913342182450     
 mdl_cw__exp__2 =   0.76630086657817542     
  Internal Params evaluated point by point
  ----------------------------------------
  
 mdl_sqrt__aS =   0.34409301068170506     
 mdl_G__exp__2 =    1.4878582807401259     
  Couplings of SM_HeavyN_UFO
  ---------------------------------
  
         GC_1 =  -0.00000E+00  -0.10448E+00
         GC_2 =   0.00000E+00   0.20897E+00
         GC_3 =  -0.00000E+00  -0.31345E+00
         GC_4 =   0.00000E+00   0.31345E+00
        GC_26 =   0.00000E+00   0.45849E+00
        GC_27 =  -0.00000E+00  -0.28380E+00
        GC_28 =   0.00000E+00   0.28380E+00
        GC_30 =   0.00000E+00   0.56760E+00
        GC_35 =  -0.00000E+00  -0.28850E-01
        GC_37 =   0.00000E+00   0.17310E+00
        GC_39 =   0.00000E+00  -0.19725E+00
        GC_40 =   0.00000E+00   0.37035E+00
        GC_80 =   0.00000E+00   0.67543E+02
       GC_107 =  -0.00000E+00  -0.74070E+00
       GC_109 =  -0.00000E+00  -0.74070E+00
       GC_111 =  -0.00000E+00  -0.74070E+00
       GC_113 =  -0.00000E+00  -0.74070E+00
       GC_115 =  -0.00000E+00  -0.74070E+00
       GC_117 =  -0.00000E+00  -0.74070E+00
       GC_119 =   0.00000E+00   0.00000E+00
       GC_120 =   0.00000E+00   0.00000E+00
       GC_122 =  -0.00000E+00  -0.00000E+00
       GC_126 =   0.00000E+00   0.00000E+00
       GC_127 =   0.00000E+00   0.00000E+00
       GC_129 =  -0.00000E+00  -0.00000E+00
       GC_133 =   0.00000E+00   0.45849E+00
       GC_134 =   0.00000E+00   0.37035E+00
       GC_136 =  -0.00000E+00  -0.28836E+01
        GC_81 =   0.10200E+02   0.00000E+00
        GC_82 =   0.12200E+02   0.00000E+00
        GC_83 =   0.14200E+02   0.00000E+00

 Collider parameters:
 --------------------

 Running at P P   machine @    13000.000000000000       GeV
 PDF set = nn23lo1
 alpha_s(Mz)= 0.1300 running at 2 loops.
 alpha_s(Mz)= 0.1300 running at 2 loops.
 Renormalization scale set on event-by-event basis
 Factorization   scale set on event-by-event basis


 getting user params
Enter number of events and max and min iterations: 
 Number of events and iterations         1000           5           3
Enter desired fractional accuracy: 
 Desired fractional accuracy:   0.10000000000000001     
Enter 0 for fixed, 2 for adjustable grid: 
Suppress amplitude (0 no, 1 yes)? 
 Using suppressed amplitude.
Exact helicity sum (0 yes, n = number/event)? 
 Explicitly summing over helicities
Enter Configuration Number: 
Running Configuration Number:  189
 Using dconfig=         205
 BW Setting            1           2           1           1           2           0           0
 Attempting mappinvarients           1           9
 Completed mapping           9
 about to integrate           19        1000           5           3          19           1
 Using non-zero grid deformation.
 19 dimensions   1000 events 19 invarients  5 iterations  1 config(s),  (0.99)
 Using h-tuple random number sequence.
 Error opening grid
 Using Uniform Grid!          36
 Using uniform alpha   1.0000000000000000     
 Grid defined OK
 Set CM energy to      13000.00
 Mapping Graph         189  to config         189
 Setting BW          -1           1   91.187600000000003     
Setting grid   2    0.36660E-04   1
Setting grid   3    0.75740E-07   1
 Setting BW          -4           3   710.00000000000000     
 Setting BW          -5           4   710.00000000000000     
Setting grid   6    0.32375E-02   1
 Transforming s_hat 1/s           18   3.2375014532175150E-003   1600.0000000000000        168999999.99999997     
 189   1   2   3   4   5   6   7   8   9  10  11  12  13  14
  15  16  17  18  19
 Masses: 0.000E+00 0.000E+00 0.000E+00 0.000E+00 0.000E+00 0.000E+00 0.000E+00 0.000E+00 0.912E+02
Using random seed offsets   189 :      1
  with seed                   24
 Ranmar initialization seeds       31247        9398
 
 ********************************************
 * You are using the DiscreteSampler module *
 *      part of the MG5_aMC framework       *
 *         Author: Valentin Hirschi         *
 ********************************************
 
  Particle       3       4       5       6       7       8       9
      Et >    10.0    10.0    10.0    10.0     0.0     0.0     0.0
       E >     0.0     0.0     0.0     0.0     0.0     0.0     0.0
     Eta <     2.5     2.5     2.5     2.5    -1.0    -1.0    -1.0
   xqcut:      0.0     0.0     0.0     0.0     0.0     0.0     0.0
d R # 3  >    -0.0     0.4     0.4     0.4     0.0     0.0     0.0
d R # 4  >    -0.0    -0.0     0.4     0.4     0.0     0.0     0.0
d R # 5  >    -0.0    -0.0    -0.0     0.4     0.0     0.0     0.0
d R # 6  >    -0.0    -0.0    -0.0    -0.0     0.0     0.0     0.0
d R # 7  >    -0.0    -0.0    -0.0    -0.0    -0.0     0.0     0.0
d R # 8  >    -0.0    -0.0    -0.0    -0.0    -0.0    -0.0     0.0
s min # 3>     0.0     0.0     0.0     0.0     0.0     0.0     0.0
s min # 4>     0.0     0.0     0.0     0.0     0.0     0.0     0.0
s min # 5>     0.0     0.0     0.0     0.0     0.0     0.0     0.0
s min # 6>     0.0     0.0     0.0     0.0     0.0     0.0     0.0
s min # 7>     0.0     0.0     0.0     0.0     0.0     0.0     0.0
s min # 8>     0.0     0.0     0.0     0.0     0.0     0.0     0.0
xqcutij # 3>     0.0     0.0     0.0     0.0     0.0     0.0     0.0
xqcutij # 4>     0.0     0.0     0.0     0.0     0.0     0.0     0.0
xqcutij # 5>     0.0     0.0     0.0     0.0     0.0     0.0     0.0
xqcutij # 6>     0.0     0.0     0.0     0.0     0.0     0.0     0.0
xqcutij # 7>     0.0     0.0     0.0     0.0     0.0     0.0     0.0
xqcutij # 8>     0.0     0.0     0.0     0.0     0.0     0.0     0.0
 Requiring BW           -1           1
 Excluding BW           -3           2
 Requiring BW           -4           3
 Requiring BW           -5           4
 Excluding BW           -6           5
 alpha_s for scale    770.84625462027248       is    9.6032016379074547E-002
 Added good helicity            1  0.22285839551295877       in event            1 local:           1
 Added good helicity           21   3.8091497057211161E-002  in event            1 local:           1
 Added good helicity           25   1.5866941744111713E-005  in event            1 local:           1
 Added good helicity           37   9.2596163650537057E-005  in event            1 local:           1
 Added good helicity           41  0.37774709629599718       in event            1 local:           1
 Added good helicity           61   2.6464620097187086E-002  in event            1 local:           1
 Added good helicity          193   81.808751665308620       in event            1 local:           1
 Added good helicity          213   1.2830574722633312       in event            1 local:           1
 Added good helicity          217   3.5001163677217417E-003  in event            1 local:           1
 Added good helicity          229   2.8743999321160282E-003  in event            1 local:           1
 Added good helicity          233   169.99373303399298       in event            1 local:           1
 Added good helicity          253   2.2428132400664955       in event            1 local:           1
 Added good helicity            1  0.22285839551295350       in event            1 local:           1
 Added good helicity           21   3.8091497057211071E-002  in event            1 local:           1
 Added good helicity           25   1.5866941744111767E-005  in event            1 local:           1
 Added good helicity           37   9.2596163650536731E-005  in event            1 local:           1
 Added good helicity           41  0.37774709629599396       in event            1 local:           1
 Added good helicity           61   2.6464620097187103E-002  in event            1 local:           1
 Added good helicity          193   81.808751665308577       in event            1 local:           1
 Added good helicity          213   1.2830574722633279       in event            1 local:           1
 Added good helicity          217   3.5001163677216367E-003  in event            1 local:           1
 Added good helicity          229   2.8743999321160264E-003  in event            1 local:           1
 Added good helicity          233   169.99373303399307       in event            1 local:           1
 Added good helicity          253   2.2428132400664889       in event            1 local:           1
 RESET CUMULATIVE VARIABLE
 RESET CUMULATIVE VARIABLE
 RESET CUMULATIVE VARIABLE
 Iteration  1   Mean: 0.4080E-13 Abs mean: 0.4080E-13   Fluctuation:  0.180E-13   0.152E-10     0.8%
  1    0.4080E-13 0.4080E-13 +- 0.1796E-13     13.92
 Writing out events   1.0081807113548878E-015   13.922409018704704     
 Relative summed weights:
  0.3718E+00  0.3741E-02  0.8086E-04  0.2299E-01  0.0000E+00  0.8426E-11
  0.1355E-02  0.7733E-01  0.1803E-02  0.4505E-01  0.2649E-07  0.0000E+00
  0.8050E-02  0.7753E-02  0.1910E+00  0.1433E-02  0.0000E+00  0.1274E-06
  0.3820E-01  0.7584E-03  0.1420E-05  0.1936E-02  0.1737E-05  0.3543E-08
  0.1156E-02  0.2559E-03  0.2823E-03  0.1389E-01  0.1214E-05  0.3763E-10
  0.7572E-03  0.3034E-03  0.5786E-01  0.9307E-03  0.0000E+00  0.0000E+00
  0.5838E-01  0.2001E-02  0.4732E-04  0.1559E-01  0.1253E-09  0.8752E-09
  0.7861E-04  0.6579E-02  0.9585E-02  0.4244E-03  0.3960E-04  0.5854E-01
 Relative number of events:
  0.2973E-01  0.3766E-01  0.3469E-01  0.2577E-01  0.0000E+00  0.9911E-03
  0.3171E-01  0.2973E-01  0.2973E-01  0.2478E-01  0.9911E-03  0.0000E+00
  0.3271E-01  0.2775E-01  0.2379E-01  0.3964E-01  0.0000E+00  0.2973E-02
  0.4262E-01  0.3964E-01  0.2577E-01  0.3667E-01  0.2973E-02  0.9911E-03
  0.3271E-01  0.3667E-01  0.2081E-01  0.2775E-01  0.1982E-02  0.9911E-03
  0.3766E-01  0.3072E-01  0.2180E-01  0.2577E-01  0.0000E+00  0.0000E+00
  0.3766E-01  0.2676E-01  0.2478E-01  0.2478E-01  0.9911E-03  0.9911E-03
  0.3667E-01  0.2775E-01  0.2874E-01  0.2874E-01  0.1982E-02  0.1982E-02
 Events:
          30          38          35          26           0           1
          32          30          30          25           1           0
          33          28          24          40           0           3
          43          40          26          37           3           1
          33          37          21          28           2           1
          38          31          22          26           0           0
          38          27          25          25           1           1
          37          28          29          29           2           2
 Iteration  2   Mean: 0.7716E-13 Abs mean: 0.7716E-13   Fluctuation:  0.352E-13   0.601E-10    17.6%
  2    0.7716E-13 0.7716E-13 +- 0.3523E-13     20.42
 Relative summed weights:
  0.1402E-01  0.3007E-02  0.5734E-01  0.1831E-02  0.3425E-08  0.0000E+00
  0.5644E-03  0.1831E+00  0.3287E-02  0.5826E-02  0.1849E-08  0.1510E-07
  0.2125E-02  0.2898E-02  0.1902E-01  0.1523E-02  0.2846E-05  0.5458E-07
  0.5304E-02  0.1558E-02  0.2697E-02  0.3941E-02  0.9780E-09  0.1806E-04
  0.2038E-01  0.2809E-02  0.1303E-02  0.7527E-02  0.1509E-04  0.0000E+00
  0.1148E-01  0.9303E-03  0.7261E-02  0.4633E+00  0.2772E-07  0.0000E+00
  0.1131E-01  0.1427E+00  0.6367E-03  0.7277E-02  0.1675E-03  0.1138E-06
  0.3788E-02  0.1878E-02  0.6456E-02  0.2737E-02  0.6469E-08  0.0000E+00
 Relative number of events:
  0.3450E-01  0.2750E-01  0.3100E-01  0.2450E-01  0.5000E-03  0.0000E+00
  0.3250E-01  0.3150E-01  0.2950E-01  0.2450E-01  0.5000E-03  0.1000E-02
  0.3350E-01  0.2400E-01  0.3550E-01  0.3650E-01  0.2500E-02  0.1000E-02
  0.2550E-01  0.2400E-01  0.3150E-01  0.3050E-01  0.5000E-03  0.5000E-03
  0.3950E-01  0.3700E-01  0.3400E-01  0.2350E-01  0.5000E-03  0.0000E+00
  0.3450E-01  0.3350E-01  0.2750E-01  0.2600E-01  0.5000E-03  0.0000E+00
  0.4000E-01  0.3450E-01  0.2150E-01  0.3600E-01  0.1000E-02  0.5000E-03
  0.3200E-01  0.3050E-01  0.3300E-01  0.3100E-01  0.5000E-03  0.0000E+00
 Events:
          69          55          62          49           1           0
          65          63          59          49           1           2
          67          48          71          73           5           2
          51          48          63          61           1           1
          79          74          68          47           1           0
          69          67          55          52           1           0
          80          69          43          72           2           1
          64          61          66          62           1           0
 Iteration  3   Mean: 0.1203E-12 Abs mean: 0.1203E-12   Fluctuation:  0.565E-13   0.218E-09    47.1%
  3    0.1203E-12 0.1203E-12 +- 0.5647E-13     29.68
 Relative summed weights:
  0.4918E-02  0.3475E-02  0.1119E-02  0.1045E-01  0.1211E-04  0.3100E-03
  0.4659E-01  0.2869E-02  0.4462E-02  0.2455E-02  0.1003E-03  0.5663E-06
  0.4823E-01  0.9899E-02  0.2291E-01  0.5398E-01  0.9699E-04  0.1226E-06
  0.1113E-01  0.1371E-01  0.9166E-01  0.4001E-02  0.2851E-04  0.2822E-05
  0.4074E-02  0.1860E-02  0.1791E-01  0.4904E-02  0.7200E-06  0.2161E-06
  0.6343E-01  0.3373E-01  0.5810E-02  0.1035E-01  0.9466E-05  0.2711E-06
  0.1303E-01  0.1308E-01  0.8089E-02  0.2815E-02  0.1907E-05  0.0000E+00
  0.1779E-02  0.4567E+00  0.2305E-02  0.2768E-01  0.4782E-05  0.2118E-05
 Relative number of events:
  0.3925E-01  0.3125E-01  0.2675E-01  0.2075E-01  0.5000E-03  0.1000E-02
  0.3175E-01  0.3725E-01  0.2500E-01  0.2375E-01  0.2500E-03  0.5000E-03
  0.3050E-01  0.3575E-01  0.2775E-01  0.3150E-01  0.5000E-03  0.2500E-03
  0.3050E-01  0.3300E-01  0.3225E-01  0.3375E-01  0.7500E-03  0.5000E-03
  0.3625E-01  0.3875E-01  0.2350E-01  0.2325E-01  0.1000E-02  0.5000E-03
  0.3775E-01  0.4150E-01  0.2375E-01  0.2650E-01  0.2500E-03  0.5000E-03
  0.3125E-01  0.3500E-01  0.3000E-01  0.3050E-01  0.7500E-03  0.0000E+00
  0.3125E-01  0.3125E-01  0.2925E-01  0.3050E-01  0.1250E-02  0.5000E-03
 Events:
         157         125         107          83           2           4
         127         149         100          95           1           2
         122         143         111         126           2           1
         122         132         129         135           3           2
         145         155          94          93           4           2
         151         166          95         106           1           2
         125         140         120         122           3           0
         125         125         117         122           5           2
 Accuracy:    0.295   0.100   0.263   1.264
 Found          149  events.
 Wrote            1  events.
 Actual xsec    7.7750129084847120E-014
 Correct abs xsec    7.7750129084847120E-014
 Event xsec    7.7750129084847120E-014
 Events wgts > 1:            1
 % Cross section > 1:    1.7615069638258147E-021   2.2656000505201972E-006
 Iteration  4   Mean: 0.5670E-13 Abs mean: 0.5670E-13   Fluctuation:  0.150E-13   0.107E-09    59.1%
  4    0.5670E-13 0.5670E-13 +- 0.1502E-13     23.70
 Relative summed weights:
  0.1733E-01  0.3343E-01  0.1610E-01  0.1188E-01  0.6654E-03  0.3506E-04
  0.6531E-02  0.1448E-01  0.1745E-01  0.3693E-01  0.2597E-03  0.3707E-06
  0.1680E-01  0.2400E-01  0.9374E-01  0.2095E-01  0.2628E-03  0.5046E-03
  0.1446E-01  0.3468E-01  0.7307E-01  0.1392E-01  0.1238E-03  0.7343E-05
  0.1886E-01  0.1725E-01  0.1128E-01  0.1326E-01  0.2350E-03  0.3786E-09
  0.6831E-02  0.1903E-01  0.2403E+00  0.1633E-01  0.1959E-04  0.1767E-03
  0.4391E-01  0.1586E-01  0.1059E-01  0.2774E-01  0.5011E-03  0.1367E-03
  0.2222E-01  0.1062E-01  0.5956E-01  0.1695E-01  0.3311E-03  0.4291E-03
 Relative number of events:
  0.3775E-01  0.3600E-01  0.2413E-01  0.2425E-01  0.3750E-03  0.5000E-03
  0.3825E-01  0.3450E-01  0.2525E-01  0.2413E-01  0.8750E-03  0.7500E-03
  0.3025E-01  0.2913E-01  0.3400E-01  0.3050E-01  0.8750E-03  0.1250E-03
  0.3350E-01  0.3075E-01  0.2888E-01  0.3075E-01  0.1000E-02  0.7500E-03
  0.3675E-01  0.3338E-01  0.2513E-01  0.2413E-01  0.2500E-03  0.2500E-03
  0.3675E-01  0.3637E-01  0.2575E-01  0.2675E-01  0.5000E-03  0.8750E-03
  0.3050E-01  0.3300E-01  0.2863E-01  0.3400E-01  0.8750E-03  0.8750E-03
  0.3012E-01  0.3475E-01  0.3188E-01  0.2900E-01  0.8750E-03  0.1375E-02
 Events:
         302         288         193         194           3           4
         306         276         202         193           7           6
         242         233         272         244           7           1
         268         246         231         246           8           6
         294         267         201         193           2           2
         294         291         206         214           4           7
         244         264         229         272           7           7
         241         278         255         232           7          11
 Accuracy:    0.217   0.100   0.187   1.359
 Found          227  events.
 Wrote            2  events.
 Actual xsec    7.3115178259300074E-014
 Correct abs xsec    7.3115178259300074E-014
 Event xsec    7.3115178259300074E-014
 Events wgts > 1:            0
 % Cross section > 1:    0.0000000000000000        0.0000000000000000     
 Iteration  5   Mean: 0.5152E-13 Abs mean: 0.5152E-13   Fluctuation:  0.493E-14   0.390E-10    58.5%
  5    0.5152E-13 0.5152E-13 +- 0.4930E-14     12.10
 Relative summed weights:
  0.2632E-01  0.2950E-01  0.2392E-01  0.2879E-01  0.1270E-03  0.6849E-03
  0.2858E-01  0.2433E-01  0.3113E-01  0.1925E-01  0.2817E-03  0.4793E-04
  0.1005E+00  0.8228E-01  0.2669E-01  0.1745E-01  0.2830E-03  0.2199E-02
  0.4925E-01  0.3136E-01  0.2069E-01  0.2289E-01  0.5992E-04  0.6530E-04
  0.3445E-01  0.2643E-01  0.3840E-01  0.1373E-01  0.6428E-03  0.9951E-04
  0.2491E-01  0.1517E-01  0.1540E-01  0.1136E-01  0.1173E-03  0.4959E-03
  0.3503E-01  0.3396E-01  0.1973E-01  0.3615E-01  0.2595E-04  0.7852E-02
  0.3267E-01  0.3153E-01  0.2899E-01  0.2576E-01  0.2197E-03  0.2345E-03
 Relative number of events:
  0.3775E-01  0.3562E-01  0.2500E-01  0.2612E-01  0.6250E-03  0.5000E-03
  0.3662E-01  0.3681E-01  0.2506E-01  0.2375E-01  0.5625E-03  0.2500E-03
  0.3125E-01  0.3244E-01  0.3313E-01  0.3069E-01  0.8750E-03  0.3750E-03
  0.2987E-01  0.3100E-01  0.2819E-01  0.3194E-01  0.6875E-03  0.8125E-03
  0.3562E-01  0.3494E-01  0.2450E-01  0.2206E-01  0.7500E-03  0.5625E-03
  0.3637E-01  0.3706E-01  0.2625E-01  0.2456E-01  0.5625E-03  0.4375E-03
  0.3388E-01  0.3194E-01  0.3169E-01  0.3375E-01  0.4375E-03  0.9375E-03
  0.3106E-01  0.3194E-01  0.2894E-01  0.3025E-01  0.8750E-03  0.6875E-03
 Events:
         604         570         400         418          10           8
         586         589         401         380           9           4
         500         519         530         491          14           6
         478         496         451         511          11          13
         570         559         392         353          12           9
         582         593         420         393           9           7
         542         511         507         540           7          15
         497         511         463         484          14          11
 Accuracy:    0.121   0.100   0.085   2.009
 Found          917  events.
 Wrote           27  events.
 Actual xsec    5.4541499024080151E-014
 Correct abs xsec    5.4541499024080151E-014
 Event xsec    5.4541499024080151E-014
 Events wgts > 1:            1
 % Cross section > 1:    1.7152798281479752E-016  0.31449077470178749     

 -------------------------------------------------------------------------------
 Accumulated results:   Integral =  0.5481E-13
                        Std dev  =  0.4666E-14
                       Cross sec =  0.5481E-13
             Chi**2 per DoF.     =      2.0090
 -------------------------------------------------------------------------------
-------------------------------------------------
---------------------------
 Results Last   3 iters: Integral =   0.5454E-13
                     Abs integral =   0.5454E-13
                          Std dev =   0.4820E-14
                  Chi**2 per DoF. =      0.8765
-------------------------------------------------
---------------------------
 Status  0.10000000000000001                6           5

ls status:
events.lhe
ftn26
input_app.txt
results.dat
run1_app.log
