 Process in group number            1
 A PDF is used, so alpha_s(MZ) is going to be modified
 Old value of alpha_s from param_card:   0.11839999999999999     
  ****************************************
 
       NNPDFDriver version 1.0.3
   Grid: NNPDF23_lo_as_0130_qed_mem0.grid
  ****************************************
 New value of alpha_s from PDF nn23lo1:  0.13000000000000000     
 Define smin to   1600.0000000000000     
 Define smin to   1600.0000000000000     
 Define smin to   1600.0000000000000     
 *****************************************************
 *               MadGraph/MadEvent                   *
 *        --------------------------------           *
 *          http://madgraph.hep.uiuc.edu             *
 *          http://madgraph.phys.ucl.ac.be           *
 *          http://madgraph.roma2.infn.it            *
 *        --------------------------------           *
 *                                                   *
 *          PARAMETER AND COUPLING VALUES            *
 *                                                   *
 *****************************************************

  External Params
  ---------------------------------
  
 mdl_VeN1 =    1.0000000000000000     
 mdl_VeN2 =    0.0000000000000000     
 mdl_VeN3 =    0.0000000000000000     
 mdl_VmuN1 =    0.0000000000000000     
 mdl_VmuN2 =    1.0000000000000000     
 mdl_VmuN3 =    0.0000000000000000     
 mdl_VtaN1 =    0.0000000000000000     
 mdl_VtaN2 =    0.0000000000000000     
 mdl_VtaN3 =    1.0000000000000000     
 mdl_VN1N1 =    1.0000000000000000     
 mdl_VN1N2 =    1.0000000000000000     
 mdl_VN1N3 =    1.0000000000000000     
 mdl_VN2N2 =    1.0000000000000000     
 mdl_VN2N3 =    1.0000000000000000     
 mdl_VN3N3 =    1.0000000000000000     
 aEWM1 =    127.90000000000001     
 mdl_Gf =    1.1663700000000000E-005
 aS =   0.11839999999999999     
 mdl_ymt =    172.00000000000000     
 mdl_vevf =    50.000000000000000     
 mdl_MZ =    91.187600000000003     
 mdl_MT =    172.00000000000000     
 mdl_MH =    125.00000000000000     
 mdl_mN1 =    510.00000000000000     
 mdl_mN2 =    610.00000000000000     
 mdl_mN3 =    710.00000000000000     
 mdl_MJ =    91.187600000000003     
 mdl_MAx =    173.04800000000000     
 mdl_WZ =    2.4952000000000001     
 mdl_WW =    2.0850000000000000     
 mdl_WT =    1.5083359999999999     
 mdl_WH =    4.0699999999999998E-003
 mdl_WN1 =   0.30299999999999999     
 mdl_WN2 =    1.5000000000000000     
 mdl_WN3 =    12.300000000000001     
 mdl_WJ =    2.4952000000000001     
 mdl_WAx =    4.1700000000000001E-003
  Internal Params
  ---------------------------------
  
 mdl_vevf__exp__2 =    2500.0000000000000     
 mdl_sqrt__vevf__exp__2 =    50.000000000000000     
 mdl_muJ =    50.000000000000000     
 mdl_MZ__exp__2 =    8315.1783937600012     
 mdl_MZ__exp__4 =    69142191.720053151     
 mdl_sqrt__2 =    1.4142135623730951     
 mdl_MJ__exp__2 =    8315.1783937600012     
 mdl_muJ__exp__2 =    2500.0000000000000     
 mdl_lamJ =    4.3260713575040004     
 mdl_MH__exp__2 =    15625.000000000000     
 mdl_complexi =  (  0.0000000000000000     ,  1.0000000000000000     )
 mdl_aEW =    7.8186082877247844E-003
 mdl_MW =    79.824359746197842     
 mdl_sqrt__aEW =    8.8422894590285753E-002
 mdl_ee =   0.31345100004952897     
 mdl_MW__exp__2 =    6371.9284088904105     
 mdl_sw2 =   0.23369913342182447     
 mdl_cw =   0.87538612427783857     
 mdl_sqrt__sw2 =   0.48342438232036300     
 mdl_sw =   0.48342438232036300     
 mdl_g1 =   0.35807170271074895     
 mdl_gN =   0.64839716719502682     
 mdl_gw =   0.64839716719502682     
 mdl_vev =    246.22056907348590     
 mdl_vev__exp__2 =    60624.568634871241     
 mdl_lam =   0.12886689630821144     
 mdl_yt =   0.98791394091683138     
 mdl_muH =    88.388347648318444     
 mdl_I2a33 =  ( 0.98791394091683138     ,  0.0000000000000000     )
 mdl_I3a33 =  ( 0.98791394091683138     ,  0.0000000000000000     )
 mdl_ee__exp__2 =    9.8251529432049817E-002
 mdl_sw__exp__2 =   0.23369913342182450     
 mdl_cw__exp__2 =   0.76630086657817542     
  Internal Params evaluated point by point
  ----------------------------------------
  
 mdl_sqrt__aS =   0.34409301068170506     
 mdl_G__exp__2 =    1.4878582807401259     
  Couplings of SM_HeavyN_UFO
  ---------------------------------
  
         GC_1 =  -0.00000E+00  -0.10448E+00
         GC_2 =   0.00000E+00   0.20897E+00
         GC_3 =  -0.00000E+00  -0.31345E+00
         GC_4 =   0.00000E+00   0.31345E+00
        GC_26 =   0.00000E+00   0.45849E+00
        GC_27 =  -0.00000E+00  -0.28380E+00
        GC_28 =   0.00000E+00   0.28380E+00
        GC_30 =   0.00000E+00   0.56760E+00
        GC_35 =  -0.00000E+00  -0.28850E-01
        GC_37 =   0.00000E+00   0.17310E+00
        GC_39 =   0.00000E+00  -0.19725E+00
        GC_40 =   0.00000E+00   0.37035E+00
        GC_80 =   0.00000E+00   0.67543E+02
       GC_107 =  -0.00000E+00  -0.74070E+00
       GC_109 =  -0.00000E+00  -0.74070E+00
       GC_111 =  -0.00000E+00  -0.74070E+00
       GC_113 =  -0.00000E+00  -0.74070E+00
       GC_115 =  -0.00000E+00  -0.74070E+00
       GC_117 =  -0.00000E+00  -0.74070E+00
       GC_119 =   0.00000E+00   0.00000E+00
       GC_120 =   0.00000E+00   0.00000E+00
       GC_122 =  -0.00000E+00  -0.00000E+00
       GC_126 =   0.00000E+00   0.00000E+00
       GC_127 =   0.00000E+00   0.00000E+00
       GC_129 =  -0.00000E+00  -0.00000E+00
       GC_133 =   0.00000E+00   0.45849E+00
       GC_134 =   0.00000E+00   0.37035E+00
       GC_136 =  -0.00000E+00  -0.28836E+01
        GC_81 =   0.10200E+02   0.00000E+00
        GC_82 =   0.12200E+02   0.00000E+00
        GC_83 =   0.14200E+02   0.00000E+00

 Collider parameters:
 --------------------

 Running at P P   machine @    13000.000000000000       GeV
 PDF set = nn23lo1
 alpha_s(Mz)= 0.1300 running at 2 loops.
 alpha_s(Mz)= 0.1300 running at 2 loops.
 Renormalization scale set on event-by-event basis
 Factorization   scale set on event-by-event basis


 getting user params
Enter number of events and max and min iterations: 
 Number of events and iterations         1000           5           3
Enter desired fractional accuracy: 
 Desired fractional accuracy:   0.10000000000000001     
Enter 0 for fixed, 2 for adjustable grid: 
Suppress amplitude (0 no, 1 yes)? 
 Using suppressed amplitude.
Exact helicity sum (0 yes, n = number/event)? 
 Explicitly summing over helicities
Enter Configuration Number: 
Running Configuration Number:   59
 Using dconfig=         232
 BW Setting            1           2           1           2           2           0           0
 Attempting mappinvarients           1           9
 Completed mapping           9
 about to integrate           19        1000           5           3          19           1
 Using non-zero grid deformation.
 19 dimensions   1000 events 19 invarients  5 iterations  1 config(s),  (0.99)
 Using h-tuple random number sequence.
 Error opening grid
 Using Uniform Grid!          36
 Using uniform alpha   1.0000000000000000     
 Grid defined OK
 Set CM energy to      13000.00
 Mapping Graph          59  to config          59
 Setting BW          -1           1   91.187600000000003     
Setting grid   2    0.36660E-04   1
Setting grid   3    0.36660E-04   1
 Setting BW          -4           3   710.00000000000000     
Setting grid   5    0.32375E-02   1
Setting grid   6    0.32375E-02   1
 Transforming s_hat 1/s           18   3.2375014532175150E-003   1600.0000000000000        168999999.99999997     
  59   1   2   3   4   5   6   7   8   9  10  11  12  13  14
  15  16  17  18  19
 Masses: 0.000E+00 0.000E+00 0.000E+00 0.000E+00 0.000E+00 0.000E+00 0.000E+00 0.000E+00 0.912E+02
Using random seed offsets    59 :      1
  with seed                   24
 Ranmar initialization seeds       31117        9398
 
 ********************************************
 * You are using the DiscreteSampler module *
 *      part of the MG5_aMC framework       *
 *         Author: Valentin Hirschi         *
 ********************************************
 
  Particle       3       4       5       6       7       8       9
      Et >    10.0    10.0    10.0    10.0     0.0     0.0     0.0
       E >     0.0     0.0     0.0     0.0     0.0     0.0     0.0
     Eta <     2.5     2.5     2.5     2.5    -1.0    -1.0    -1.0
   xqcut:      0.0     0.0     0.0     0.0     0.0     0.0     0.0
d R # 3  >    -0.0     0.4     0.4     0.4     0.0     0.0     0.0
d R # 4  >    -0.0    -0.0     0.4     0.4     0.0     0.0     0.0
d R # 5  >    -0.0    -0.0    -0.0     0.4     0.0     0.0     0.0
d R # 6  >    -0.0    -0.0    -0.0    -0.0     0.0     0.0     0.0
d R # 7  >    -0.0    -0.0    -0.0    -0.0    -0.0     0.0     0.0
d R # 8  >    -0.0    -0.0    -0.0    -0.0    -0.0    -0.0     0.0
s min # 3>     0.0     0.0     0.0     0.0     0.0     0.0     0.0
s min # 4>     0.0     0.0     0.0     0.0     0.0     0.0     0.0
s min # 5>     0.0     0.0     0.0     0.0     0.0     0.0     0.0
s min # 6>     0.0     0.0     0.0     0.0     0.0     0.0     0.0
s min # 7>     0.0     0.0     0.0     0.0     0.0     0.0     0.0
s min # 8>     0.0     0.0     0.0     0.0     0.0     0.0     0.0
xqcutij # 3>     0.0     0.0     0.0     0.0     0.0     0.0     0.0
xqcutij # 4>     0.0     0.0     0.0     0.0     0.0     0.0     0.0
xqcutij # 5>     0.0     0.0     0.0     0.0     0.0     0.0     0.0
xqcutij # 6>     0.0     0.0     0.0     0.0     0.0     0.0     0.0
xqcutij # 7>     0.0     0.0     0.0     0.0     0.0     0.0     0.0
xqcutij # 8>     0.0     0.0     0.0     0.0     0.0     0.0     0.0
 Requiring BW           -1           1
 Excluding BW           -3           2
 Requiring BW           -4           3
 Excluding BW           -5           4
 Excluding BW           -6           5
 alpha_s for scale    897.75532926353617       is    9.4283915661237769E-002
 Added good helicity            1   52.914901341553652       in event            1 local:           1
 Added good helicity           21   14.274435661872506       in event            1 local:           1
 Added good helicity           25   1.0692407929532863E-003  in event            1 local:           1
 Added good helicity           37  0.13162845791056638       in event            1 local:           1
 Added good helicity           41   41.311520084722872       in event            1 local:           1
 Added good helicity           61   8.2329591876262267       in event            1 local:           1
 Added good helicity          193   69.473718830684433       in event            1 local:           1
 Added good helicity          213   4.0325091650516782       in event            1 local:           1
 Added good helicity          217   5.6772010860324480       in event            1 local:           1
 Added good helicity          229  0.49677325308978992       in event            1 local:           1
 Added good helicity          233   39.040376927441187       in event            1 local:           1
 Added good helicity          253   20.412906763221716       in event            1 local:           1
 Added good helicity            1   52.914901341554028       in event            1 local:           1
 Added good helicity           21   14.274435661872461       in event            1 local:           1
 Added good helicity           25   1.0692407929533492E-003  in event            1 local:           1
 Added good helicity           37  0.13162845791056604       in event            1 local:           1
 Added good helicity           41   41.311520084722581       in event            1 local:           1
 Added good helicity           61   8.2329591876261912       in event            1 local:           1
 Added good helicity          193   69.473718830684561       in event            1 local:           1
 Added good helicity          213   4.0325091650517733       in event            1 local:           1
 Added good helicity          217   5.6772010860324125       in event            1 local:           1
 Added good helicity          229  0.49677325308978704       in event            1 local:           1
 Added good helicity          233   39.040376927440924       in event            1 local:           1
 Added good helicity          253   20.412906763221773       in event            1 local:           1
 RESET CUMULATIVE VARIABLE
 RESET CUMULATIVE VARIABLE
 RESET CUMULATIVE VARIABLE
 Iteration  1   Mean: 0.3460E-11 Abs mean: 0.3460E-11   Fluctuation:  0.889E-12   0.516E-09    21.1%
  1    0.3460E-11 0.3460E-11 +- 0.8892E-12      8.13
 Writing out events   3.2798451452428937E-015   8.1275992371679724     
 Relative summed weights:
  0.8082E-01  0.1003E-01  0.2786E-02  0.1932E-01  0.0000E+00  0.0000E+00
  0.1663E-01  0.1896E-02  0.3514E-02  0.6407E-01  0.1362E-05  0.2089E-05
  0.9189E-02  0.2649E-01  0.4938E-02  0.8160E-02  0.0000E+00  0.0000E+00
  0.4441E-02  0.1343E-02  0.5458E-04  0.5969E-03  0.0000E+00  0.0000E+00
  0.3108E-02  0.1225E-01  0.4299E-01  0.4962E-01  0.0000E+00  0.0000E+00
  0.5581E-03  0.7106E-02  0.7676E-03  0.7058E-03  0.0000E+00  0.0000E+00
  0.4697E-02  0.1326E-03  0.1815E-03  0.4985E-02  0.0000E+00  0.0000E+00
  0.2764E-01  0.1157E-02  0.6001E-02  0.1984E-02  0.0000E+00  0.0000E+00
  0.8509E-03  0.1506E+00  0.3371E-02  0.4529E-02  0.3778E-06  0.0000E+00
  0.7992E-01  0.2355E-01  0.4434E-02  0.1792E-02  0.0000E+00  0.0000E+00
  0.8156E-03  0.2193E-02  0.2553E-03  0.2147E-05  0.5272E-06  0.0000E+00
  0.1292E-02  0.2602E-02  0.9556E-02  0.4695E-03  0.2346E-04  0.4682E-07
  0.1684E-02  0.2029E-01  0.8303E-03  0.2179E-02  0.1333E-02  0.1384E-06
  0.2186E-01  0.3437E-02  0.3577E-02  0.4029E-03  0.1497E-07  0.0000E+00
  0.6222E-03  0.1632E-02  0.3882E-02  0.1487E+00  0.0000E+00  0.0000E+00
  0.3150E-01  0.5062E-01  0.5046E-03  0.2455E-02  0.8262E-06  0.1335E-06
 Relative number of events:
  0.1388E-01  0.1982E-01  0.2676E-01  0.1189E-01  0.0000E+00  0.0000E+00
  0.2379E-01  0.1388E-01  0.1288E-01  0.1883E-01  0.9911E-03  0.1982E-02
  0.1388E-01  0.1388E-01  0.8920E-02  0.6938E-02  0.0000E+00  0.0000E+00
  0.1784E-01  0.1388E-01  0.1189E-01  0.1586E-01  0.0000E+00  0.0000E+00
  0.1189E-01  0.1883E-01  0.1487E-01  0.2279E-01  0.0000E+00  0.0000E+00
  0.1388E-01  0.1586E-01  0.1586E-01  0.1586E-01  0.0000E+00  0.0000E+00
  0.1288E-01  0.5946E-02  0.2973E-02  0.1388E-01  0.0000E+00  0.0000E+00
  0.1388E-01  0.1288E-01  0.1883E-01  0.1784E-01  0.0000E+00  0.0000E+00
  0.1784E-01  0.1388E-01  0.2180E-01  0.2478E-01  0.1982E-02  0.0000E+00
  0.2676E-01  0.2180E-01  0.1487E-01  0.1090E-01  0.0000E+00  0.0000E+00
  0.1288E-01  0.1090E-01  0.6938E-02  0.7929E-02  0.9911E-03  0.0000E+00
  0.1685E-01  0.1883E-01  0.2081E-01  0.1586E-01  0.9911E-03  0.1982E-02
  0.1586E-01  0.1388E-01  0.2081E-01  0.1685E-01  0.9911E-03  0.9911E-03
  0.2379E-01  0.2180E-01  0.1090E-01  0.1883E-01  0.9911E-03  0.0000E+00
  0.1288E-01  0.8920E-02  0.7929E-02  0.5946E-02  0.0000E+00  0.0000E+00
  0.2081E-01  0.1784E-01  0.7929E-02  0.1982E-01  0.3964E-02  0.1982E-02
 Events:
          14          20          27          12           0           0
          24          14          13          19           1           2
          14          14           9           7           0           0
          18          14          12          16           0           0
          12          19          15          23           0           0
          14          16          16          16           0           0
          13           6           3          14           0           0
          14          13          19          18           0           0
          18          14          22          25           2           0
          27          22          15          11           0           0
          13          11           7           8           1           0
          17          19          21          16           1           2
          16          14          21          17           1           1
          24          22          11          19           1           0
          13           9           8           6           0           0
          21          18           8          20           4           2
 Iteration  2   Mean: 0.5939E-11 Abs mean: 0.5939E-11   Fluctuation:  0.130E-11   0.145E-08    50.6%
  2    0.5939E-11 0.5939E-11 +- 0.1301E-11      9.79
 Relative summed weights:
  0.4038E-02  0.2206E-02  0.5148E-02  0.6852E-01  0.1619E-02  0.4745E-04
  0.6628E-02  0.8231E-02  0.1228E-01  0.8421E-02  0.1167E-06  0.0000E+00
  0.2979E-02  0.4658E-02  0.2363E-02  0.1206E-02  0.0000E+00  0.0000E+00
  0.2587E-01  0.1081E-01  0.1160E+00  0.9306E-01  0.3047E-05  0.0000E+00
  0.1215E-01  0.9906E-02  0.3584E-03  0.8966E-03  0.1475E-07  0.8526E-06
  0.2645E-02  0.1578E-01  0.3860E-02  0.1566E-02  0.0000E+00  0.0000E+00
  0.1666E-01  0.2372E-02  0.2256E-03  0.9710E-02  0.0000E+00  0.5207E-04
  0.4004E-02  0.2460E-01  0.1381E+00  0.4002E-02  0.3777E-05  0.6412E-03
  0.1306E-01  0.1464E-01  0.1222E-01  0.2767E-02  0.0000E+00  0.1593E-10
  0.2995E-02  0.4556E-02  0.1299E-02  0.3223E-02  0.4985E-06  0.2568E-04
  0.3398E-01  0.2583E-01  0.5049E-02  0.9086E-03  0.0000E+00  0.5054E-05
  0.2866E-01  0.1065E-01  0.2415E-01  0.2334E-02  0.0000E+00  0.0000E+00
  0.6980E-02  0.1848E-01  0.2033E-02  0.1132E-01  0.0000E+00  0.0000E+00
  0.8430E-02  0.4488E-02  0.5414E-02  0.3688E-03  0.0000E+00  0.5590E-05
  0.7400E-01  0.1185E-01  0.6386E-02  0.9378E-03  0.0000E+00  0.0000E+00
  0.2912E-01  0.1353E-02  0.3778E-02  0.7114E-02  0.3626E-06  0.6641E-06
 Relative number of events:
  0.1400E-01  0.1550E-01  0.2000E-01  0.1650E-01  0.1000E-02  0.1000E-02
  0.2050E-01  0.1900E-01  0.1300E-01  0.1450E-01  0.5000E-03  0.0000E+00
  0.1650E-01  0.1250E-01  0.6000E-02  0.7500E-02  0.0000E+00  0.0000E+00
  0.1650E-01  0.2000E-01  0.1900E-01  0.1500E-01  0.5000E-03  0.0000E+00
  0.2150E-01  0.1500E-01  0.1300E-01  0.1400E-01  0.1000E-02  0.5000E-03
  0.2000E-01  0.2250E-01  0.1550E-01  0.1250E-01  0.0000E+00  0.0000E+00
  0.1200E-01  0.1300E-01  0.6500E-02  0.7000E-02  0.0000E+00  0.5000E-03
  0.1650E-01  0.1850E-01  0.1550E-01  0.1600E-01  0.1000E-02  0.5000E-03
  0.2300E-01  0.2300E-01  0.1450E-01  0.1850E-01  0.0000E+00  0.5000E-03
  0.1700E-01  0.1750E-01  0.1100E-01  0.1350E-01  0.5000E-03  0.1000E-02
  0.1250E-01  0.1400E-01  0.1450E-01  0.6500E-02  0.0000E+00  0.5000E-03
  0.1850E-01  0.1950E-01  0.1600E-01  0.1600E-01  0.0000E+00  0.0000E+00
  0.1600E-01  0.2350E-01  0.1700E-01  0.2000E-01  0.0000E+00  0.0000E+00
  0.1700E-01  0.1650E-01  0.1400E-01  0.1200E-01  0.0000E+00  0.5000E-03
  0.1350E-01  0.1800E-01  0.5500E-02  0.6500E-02  0.0000E+00  0.0000E+00
  0.1900E-01  0.2000E-01  0.1500E-01  0.1550E-01  0.5000E-03  0.5000E-03
 Events:
          28          31          40          33           2           2
          41          38          26          29           1           0
          33          25          12          15           0           0
          33          40          38          30           1           0
          43          30          26          28           2           1
          40          45          31          25           0           0
          24          26          13          14           0           1
          33          37          31          32           2           1
          46          46          29          37           0           1
          34          35          22          27           1           2
          25          28          29          13           0           1
          37          39          32          32           0           0
          32          47          34          40           0           0
          34          33          28          24           0           1
          27          36          11          13           0           0
          38          40          30          31           1           1
 Iteration  3   Mean: 0.6781E-11 Abs mean: 0.6781E-11   Fluctuation:  0.198E-11   0.750E-08    58.4%
  3    0.6781E-11 0.6781E-11 +- 0.1979E-11     18.46
 Relative summed weights:
  0.8986E-02  0.1215E-01  0.2960E-01  0.2306E-02  0.6485E-05  0.1727E-04
  0.1469E-01  0.1069E-01  0.2085E-02  0.4444E-02  0.2817E-04  0.0000E+00
  0.2392E-02  0.3438E-02  0.1051E-02  0.1313E-01  0.0000E+00  0.0000E+00
  0.7552E-02  0.7512E-02  0.7430E-02  0.2359E-02  0.2768E-07  0.2755E-05
  0.3469E-01  0.1696E-01  0.8697E-01  0.1174E-01  0.9052E-05  0.4146E-07
  0.6641E-02  0.2216E-02  0.1671E-01  0.1154E-01  0.0000E+00  0.1856E-05
  0.1229E-01  0.7469E-02  0.1114E-01  0.2402E-02  0.6638E-08  0.0000E+00
  0.6952E-02  0.2716E-02  0.6768E-02  0.1817E-01  0.2976E-06  0.2603E-06
  0.8682E-02  0.2188E-01  0.1041E-01  0.1877E-01  0.1109E-04  0.0000E+00
  0.4153E-02  0.1633E-01  0.1199E-02  0.3672E-01  0.3695E-03  0.0000E+00
  0.1872E-02  0.1003E-01  0.5045E-01  0.1568E-02  0.0000E+00  0.0000E+00
  0.1239E-01  0.6001E-02  0.1290E-01  0.3600E-02  0.2345E-04  0.1086E-06
  0.2786E+00  0.1022E-01  0.6387E-02  0.1020E-01  0.0000E+00  0.9007E-06
  0.1194E-01  0.4701E-02  0.3300E-02  0.2267E-02  0.1158E-05  0.1623E-04
  0.3319E-02  0.4708E-02  0.1844E-01  0.4906E-02  0.4255E-04  0.4156E-06
  0.4397E-02  0.1444E-01  0.2799E-02  0.1666E-01  0.0000E+00  0.7873E-05
 Relative number of events:
  0.1625E-01  0.1875E-01  0.1750E-01  0.1850E-01  0.2500E-03  0.2500E-03
  0.1800E-01  0.2100E-01  0.1425E-01  0.1325E-01  0.5000E-03  0.0000E+00
  0.9750E-02  0.1350E-01  0.6500E-02  0.6000E-02  0.0000E+00  0.0000E+00
  0.1825E-01  0.1775E-01  0.1775E-01  0.1575E-01  0.2500E-03  0.2500E-03
  0.2000E-01  0.1850E-01  0.1700E-01  0.1975E-01  0.2500E-03  0.2500E-03
  0.2125E-01  0.1800E-01  0.1650E-01  0.1800E-01  0.0000E+00  0.2500E-03
  0.1350E-01  0.1300E-01  0.7000E-02  0.7000E-02  0.2500E-03  0.0000E+00
  0.2150E-01  0.1700E-01  0.1775E-01  0.1425E-01  0.2500E-03  0.2500E-03
  0.1625E-01  0.2050E-01  0.1775E-01  0.2100E-01  0.2500E-03  0.0000E+00
  0.2175E-01  0.1900E-01  0.1350E-01  0.1450E-01  0.5000E-03  0.0000E+00
  0.1225E-01  0.1225E-01  0.7250E-02  0.6000E-02  0.0000E+00  0.0000E+00
  0.1625E-01  0.1775E-01  0.1550E-01  0.1675E-01  0.2500E-03  0.2500E-03
  0.1750E-01  0.1800E-01  0.1625E-01  0.1900E-01  0.0000E+00  0.2500E-03
  0.1825E-01  0.2025E-01  0.1100E-01  0.1275E-01  0.2500E-03  0.2500E-03
  0.1075E-01  0.1450E-01  0.8500E-02  0.4250E-02  0.2500E-03  0.2500E-03
  0.1650E-01  0.2050E-01  0.1900E-01  0.1600E-01  0.0000E+00  0.5000E-03
 Events:
          65          75          70          74           1           1
          72          84          57          53           2           0
          39          54          26          24           0           0
          73          71          71          63           1           1
          80          74          68          79           1           1
          85          72          66          72           0           1
          54          52          28          28           1           0
          86          68          71          57           1           1
          65          82          71          84           1           0
          87          76          54          58           2           0
          49          49          29          24           0           0
          65          71          62          67           1           1
          70          72          65          76           0           1
          73          81          44          51           1           1
          43          58          34          17           1           1
          66          82          76          64           0           2
 Accuracy:    0.176   0.100   0.145   1.486
 Found          258  events.
 Wrote            3  events.
 Actual xsec    5.3597634184195114E-012
 Correct abs xsec    5.3597634184195114E-012
 Event xsec    5.3597634184195114E-012
 Events wgts > 1:            1
 % Cross section > 1:    6.2734050548062885E-020   1.1704630531353177E-006
 Iteration  4   Mean: 0.6013E-11 Abs mean: 0.6013E-11   Fluctuation:  0.132E-11   0.972E-08    60.8%
  4    0.6013E-11 0.6013E-11 +- 0.1322E-11     19.66
 Relative summed weights:
  0.2106E-01  0.7357E-02  0.1288E-01  0.1110E-01  0.4050E-05  0.8312E-05
  0.2112E-01  0.1415E-01  0.7482E-01  0.9094E-02  0.4290E-06  0.4800E-05
  0.4042E-02  0.2371E-01  0.3088E-02  0.2955E-02  0.0000E+00  0.7118E-03
  0.9207E-02  0.1347E-01  0.1116E-01  0.6194E-02  0.4727E-05  0.2222E-08
  0.9425E-02  0.2050E-01  0.3988E-02  0.6937E-02  0.5521E-05  0.5892E-06
  0.9113E-02  0.4740E-02  0.9017E-02  0.7887E-02  0.2336E-05  0.3327E-05
  0.2140E-01  0.1033E-01  0.1199E-01  0.1510E-01  0.0000E+00  0.3767E-05
  0.7961E-02  0.4381E-02  0.9075E-02  0.3153E-01  0.2719E-07  0.1083E-06
  0.1755E-01  0.5959E-02  0.7780E-02  0.8061E-02  0.5477E-04  0.9096E-04
  0.9189E-02  0.5447E-02  0.2483E-01  0.2569E-01  0.0000E+00  0.1065E-05
  0.1770E-01  0.8370E-02  0.2042E+00  0.9210E-02  0.1383E-04  0.3215E-03
  0.1834E-01  0.1590E-01  0.2531E-02  0.7879E-02  0.3636E-05  0.9746E-02
  0.1654E-01  0.6415E-02  0.1021E-01  0.1594E-01  0.3873E-04  0.3997E-07
  0.1007E-01  0.8821E-02  0.9667E-02  0.4254E-02  0.0000E+00  0.3226E-04
  0.3396E-01  0.1284E-01  0.1543E-01  0.2428E-02  0.4651E-04  0.0000E+00
  0.8012E-02  0.8687E-02  0.4547E-02  0.3586E-02  0.6920E-05  0.7728E-05
 Relative number of events:
  0.1638E-01  0.1975E-01  0.1887E-01  0.1725E-01  0.5000E-03  0.5000E-03
  0.1975E-01  0.1975E-01  0.1613E-01  0.1400E-01  0.1250E-03  0.3750E-03
  0.1225E-01  0.1487E-01  0.6500E-02  0.8125E-02  0.0000E+00  0.5000E-03
  0.1700E-01  0.1675E-01  0.1438E-01  0.1638E-01  0.3750E-03  0.1250E-03
  0.1850E-01  0.1937E-01  0.1713E-01  0.1875E-01  0.1250E-03  0.2500E-03
  0.2187E-01  0.2013E-01  0.1525E-01  0.1375E-01  0.2500E-03  0.3750E-03
  0.1413E-01  0.1125E-01  0.8500E-02  0.6875E-02  0.0000E+00  0.2500E-03
  0.1800E-01  0.1713E-01  0.1475E-01  0.1663E-01  0.2500E-03  0.2500E-03
  0.1812E-01  0.1625E-01  0.1625E-01  0.1887E-01  0.2500E-03  0.7500E-03
  0.1775E-01  0.1825E-01  0.1600E-01  0.1525E-01  0.0000E+00  0.3750E-03
  0.1375E-01  0.1112E-01  0.7875E-02  0.7375E-02  0.1250E-03  0.1250E-03
  0.1762E-01  0.1775E-01  0.1600E-01  0.1862E-01  0.5000E-03  0.3750E-03
  0.1862E-01  0.1762E-01  0.1725E-01  0.1725E-01  0.1250E-03  0.1250E-03
  0.1787E-01  0.2175E-01  0.1325E-01  0.1400E-01  0.0000E+00  0.2500E-03
  0.1225E-01  0.1287E-01  0.7750E-02  0.8250E-02  0.1250E-03  0.0000E+00
  0.1812E-01  0.1937E-01  0.1438E-01  0.1438E-01  0.1250E-03  0.5000E-03
 Events:
         131         158         151         138           4           4
         158         158         129         112           1           3
          98         119          52          65           0           4
         136         134         115         131           3           1
         148         155         137         150           1           2
         175         161         122         110           2           3
         113          90          68          55           0           2
         144         137         118         133           2           2
         145         130         130         151           2           6
         142         146         128         122           0           3
         110          89          63          59           1           1
         141         142         128         149           4           3
         149         141         138         138           1           1
         143         174         106         112           0           2
          98         103          62          66           1           0
         145         155         115         115           1           4
 Accuracy:    0.120   0.100   0.121   0.988
 Found          458  events.
 Wrote            4  events.
 Actual xsec    6.1532737528065784E-012
 Correct abs xsec    6.1532737528065784E-012
 Event xsec    6.1532737528065784E-012
 Events wgts > 1:            0
 % Cross section > 1:    0.0000000000000000        0.0000000000000000     
 Iteration  5   Mean: 0.6462E-11 Abs mean: 0.6462E-11   Fluctuation:  0.577E-12   0.561E-08    61.1%
  5    0.6462E-11 0.6462E-11 +- 0.5774E-12     11.30
 Relative summed weights:
  0.1450E-01  0.2420E-01  0.1093E-01  0.9806E-02  0.2474E-05  0.8900E-07
  0.2008E-01  0.1400E-01  0.1277E-01  0.2205E-01  0.1876E-04  0.4205E-03
  0.9225E-02  0.1250E-01  0.1007E+00  0.8634E-02  0.3283E-03  0.3219E-02
  0.2025E-01  0.2673E-01  0.1227E-01  0.9836E-02  0.4067E-03  0.4801E-03
  0.9943E-02  0.1204E-01  0.1449E-01  0.1466E-01  0.7583E-06  0.4732E-05
  0.9583E-02  0.4467E-01  0.1083E-01  0.2079E-01  0.9440E-05  0.1375E-03
  0.2097E-01  0.1120E-01  0.1019E-01  0.8996E-02  0.1032E-04  0.4280E-08
  0.1515E-01  0.6859E-02  0.6089E-02  0.1110E-01  0.1936E-02  0.1287E-03
  0.1364E-01  0.1304E-01  0.1280E-01  0.1543E-01  0.1946E-03  0.2386E-04
  0.7891E-02  0.9444E-02  0.1315E-01  0.8697E-02  0.4039E-06  0.1041E-02
  0.5922E-02  0.1370E-01  0.1663E-01  0.1231E-01  0.3906E-06  0.1756E-04
  0.1528E-01  0.1511E-01  0.7259E-02  0.1644E-01  0.2929E-05  0.1244E-03
  0.1209E-01  0.2095E-01  0.1017E-01  0.1062E-01  0.6635E-05  0.5395E-04
  0.9555E-02  0.1319E-01  0.1311E-01  0.8378E-02  0.5762E-03  0.4964E-04
  0.8288E-02  0.7404E-02  0.2256E-01  0.1830E-01  0.1044E-06  0.0000E+00
  0.2087E-01  0.1530E-01  0.3281E-01  0.1442E-01  0.2299E-04  0.4309E-05
 Relative number of events:
  0.1706E-01  0.1750E-01  0.1844E-01  0.1831E-01  0.1875E-03  0.1875E-03
  0.1950E-01  0.2162E-01  0.1463E-01  0.1475E-01  0.3125E-03  0.1875E-03
  0.1269E-01  0.1231E-01  0.6750E-02  0.6562E-02  0.3750E-03  0.1875E-03
  0.1881E-01  0.1812E-01  0.1556E-01  0.1569E-01  0.2500E-03  0.2500E-03
  0.1856E-01  0.1644E-01  0.1762E-01  0.1900E-01  0.1250E-03  0.2500E-03
  0.1738E-01  0.2031E-01  0.1569E-01  0.1456E-01  0.1250E-03  0.3750E-03
  0.1444E-01  0.1625E-01  0.7625E-02  0.7188E-02  0.1250E-03  0.6250E-04
  0.1831E-01  0.1713E-01  0.1562E-01  0.1500E-01  0.3750E-03  0.2500E-03
  0.1844E-01  0.1756E-01  0.1750E-01  0.1750E-01  0.2500E-03  0.1875E-03
  0.1937E-01  0.1769E-01  0.1356E-01  0.1431E-01  0.1250E-03  0.3750E-03
  0.1244E-01  0.1588E-01  0.8000E-02  0.7437E-02  0.6250E-04  0.6250E-04
  0.1750E-01  0.1694E-01  0.1519E-01  0.1506E-01  0.1875E-03  0.3125E-03
  0.1713E-01  0.1900E-01  0.1650E-01  0.1806E-01  0.1250E-03  0.3750E-03
  0.1887E-01  0.2031E-01  0.1600E-01  0.1450E-01  0.1250E-03  0.3750E-03
  0.1381E-01  0.1250E-01  0.7812E-02  0.7750E-02  0.6250E-04  0.0000E+00
  0.1825E-01  0.1738E-01  0.1594E-01  0.1588E-01  0.1250E-03  0.1250E-03
 Events:
         273         280         295         293           3           3
         312         346         234         236           5           3
         203         197         108         105           6           3
         301         290         249         251           4           4
         297         263         282         304           2           4
         278         325         251         233           2           6
         231         260         122         115           2           1
         293         274         250         240           6           4
         295         281         280         280           4           3
         310         283         217         229           2           6
         199         254         128         119           1           1
         280         271         243         241           3           5
         274         304         264         289           2           6
         302         325         256         232           2           6
         221         200         125         124           1           0
         292         278         255         254           2           2
 Accuracy:    0.066   0.100   0.072   0.847
 Finished due to accuracy    6.6111465499005401E-002  0.10000000000000001     

 -------------------------------------------------------------------------------
 Accumulated results:   Integral =  0.6143E-11
                        Std dev  =  0.4414E-12
                       Cross sec =  0.6143E-11
             Chi**2 per DoF.     =      0.8465
 -------------------------------------------------------------------------------
 Found         1188  events.
 Wrote           16  events.
 Actual xsec    6.4270678582238462E-012
 Correct abs xsec    6.4270678582238462E-012
 Event xsec    6.4270678582238470E-012
 Events wgts > 1:            1
 % Cross section > 1:    1.2641079704703279E-019   1.9668502003644168E-006
-------------------------------------------------
---------------------------
 Results Last   3 iters: Integral =   0.6427E-11
                     Abs integral =   0.6427E-11
                          Std dev =   0.5118E-12
                  Chi**2 per DoF. =      0.0669
-------------------------------------------------
---------------------------
 Status  0.10000000000000001                6           5

ls status:
events.lhe
ftn26
input_app.txt
results.dat
run1_app.log
