 Process in group number            1
 A PDF is used, so alpha_s(MZ) is going to be modified
 Old value of alpha_s from param_card:   0.11839999999999999     
  ****************************************
 
       NNPDFDriver version 1.0.3
   Grid: NNPDF23_lo_as_0130_qed_mem0.grid
  ****************************************
 New value of alpha_s from PDF nn23lo1:  0.13000000000000000     
 Define smin to   1600.0000000000000     
 Define smin to   1600.0000000000000     
 Define smin to   1600.0000000000000     
 *****************************************************
 *               MadGraph/MadEvent                   *
 *        --------------------------------           *
 *          http://madgraph.hep.uiuc.edu             *
 *          http://madgraph.phys.ucl.ac.be           *
 *          http://madgraph.roma2.infn.it            *
 *        --------------------------------           *
 *                                                   *
 *          PARAMETER AND COUPLING VALUES            *
 *                                                   *
 *****************************************************

  External Params
  ---------------------------------
  
 mdl_VeN1 =    1.0000000000000000     
 mdl_VeN2 =    0.0000000000000000     
 mdl_VeN3 =    0.0000000000000000     
 mdl_VmuN1 =    0.0000000000000000     
 mdl_VmuN2 =    1.0000000000000000     
 mdl_VmuN3 =    0.0000000000000000     
 mdl_VtaN1 =    0.0000000000000000     
 mdl_VtaN2 =    0.0000000000000000     
 mdl_VtaN3 =    1.0000000000000000     
 mdl_VN1N1 =    1.0000000000000000     
 mdl_VN1N2 =    1.0000000000000000     
 mdl_VN1N3 =    1.0000000000000000     
 mdl_VN2N2 =    1.0000000000000000     
 mdl_VN2N3 =    1.0000000000000000     
 mdl_VN3N3 =    1.0000000000000000     
 aEWM1 =    127.90000000000001     
 mdl_Gf =    1.1663700000000000E-005
 aS =   0.11839999999999999     
 mdl_ymt =    172.00000000000000     
 mdl_vevf =    50.000000000000000     
 mdl_MZ =    91.187600000000003     
 mdl_MT =    172.00000000000000     
 mdl_MH =    125.00000000000000     
 mdl_mN1 =    510.00000000000000     
 mdl_mN2 =    610.00000000000000     
 mdl_mN3 =    710.00000000000000     
 mdl_MJ =    91.187600000000003     
 mdl_MAx =    173.04800000000000     
 mdl_WZ =    2.4952000000000001     
 mdl_WW =    2.0850000000000000     
 mdl_WT =    1.5083359999999999     
 mdl_WH =    4.0699999999999998E-003
 mdl_WN1 =   0.30299999999999999     
 mdl_WN2 =    1.5000000000000000     
 mdl_WN3 =    12.300000000000001     
 mdl_WJ =    2.4952000000000001     
 mdl_WAx =    4.1700000000000001E-003
  Internal Params
  ---------------------------------
  
 mdl_vevf__exp__2 =    2500.0000000000000     
 mdl_sqrt__vevf__exp__2 =    50.000000000000000     
 mdl_muJ =    50.000000000000000     
 mdl_MZ__exp__2 =    8315.1783937600012     
 mdl_MZ__exp__4 =    69142191.720053151     
 mdl_sqrt__2 =    1.4142135623730951     
 mdl_MJ__exp__2 =    8315.1783937600012     
 mdl_muJ__exp__2 =    2500.0000000000000     
 mdl_lamJ =    4.3260713575040004     
 mdl_MH__exp__2 =    15625.000000000000     
 mdl_complexi =  (  0.0000000000000000     ,  1.0000000000000000     )
 mdl_aEW =    7.8186082877247844E-003
 mdl_MW =    79.824359746197842     
 mdl_sqrt__aEW =    8.8422894590285753E-002
 mdl_ee =   0.31345100004952897     
 mdl_MW__exp__2 =    6371.9284088904105     
 mdl_sw2 =   0.23369913342182447     
 mdl_cw =   0.87538612427783857     
 mdl_sqrt__sw2 =   0.48342438232036300     
 mdl_sw =   0.48342438232036300     
 mdl_g1 =   0.35807170271074895     
 mdl_gN =   0.64839716719502682     
 mdl_gw =   0.64839716719502682     
 mdl_vev =    246.22056907348590     
 mdl_vev__exp__2 =    60624.568634871241     
 mdl_lam =   0.12886689630821144     
 mdl_yt =   0.98791394091683138     
 mdl_muH =    88.388347648318444     
 mdl_I2a33 =  ( 0.98791394091683138     ,  0.0000000000000000     )
 mdl_I3a33 =  ( 0.98791394091683138     ,  0.0000000000000000     )
 mdl_ee__exp__2 =    9.8251529432049817E-002
 mdl_sw__exp__2 =   0.23369913342182450     
 mdl_cw__exp__2 =   0.76630086657817542     
  Internal Params evaluated point by point
  ----------------------------------------
  
 mdl_sqrt__aS =   0.34409301068170506     
 mdl_G__exp__2 =    1.4878582807401259     
  Couplings of SM_HeavyN_UFO
  ---------------------------------
  
         GC_1 =  -0.00000E+00  -0.10448E+00
         GC_2 =   0.00000E+00   0.20897E+00
         GC_3 =  -0.00000E+00  -0.31345E+00
         GC_4 =   0.00000E+00   0.31345E+00
        GC_26 =   0.00000E+00   0.45849E+00
        GC_27 =  -0.00000E+00  -0.28380E+00
        GC_28 =   0.00000E+00   0.28380E+00
        GC_30 =   0.00000E+00   0.56760E+00
        GC_35 =  -0.00000E+00  -0.28850E-01
        GC_37 =   0.00000E+00   0.17310E+00
        GC_39 =   0.00000E+00  -0.19725E+00
        GC_40 =   0.00000E+00   0.37035E+00
        GC_80 =   0.00000E+00   0.67543E+02
       GC_107 =  -0.00000E+00  -0.74070E+00
       GC_109 =  -0.00000E+00  -0.74070E+00
       GC_111 =  -0.00000E+00  -0.74070E+00
       GC_113 =  -0.00000E+00  -0.74070E+00
       GC_115 =  -0.00000E+00  -0.74070E+00
       GC_117 =  -0.00000E+00  -0.74070E+00
       GC_119 =   0.00000E+00   0.00000E+00
       GC_120 =   0.00000E+00   0.00000E+00
       GC_122 =  -0.00000E+00  -0.00000E+00
       GC_126 =   0.00000E+00   0.00000E+00
       GC_127 =   0.00000E+00   0.00000E+00
       GC_129 =  -0.00000E+00  -0.00000E+00
       GC_133 =   0.00000E+00   0.45849E+00
       GC_134 =   0.00000E+00   0.37035E+00
       GC_136 =  -0.00000E+00  -0.28836E+01
        GC_81 =   0.10200E+02   0.00000E+00
        GC_82 =   0.12200E+02   0.00000E+00
        GC_83 =   0.14200E+02   0.00000E+00

 Collider parameters:
 --------------------

 Running at P P   machine @    13000.000000000000       GeV
 PDF set = nn23lo1
 alpha_s(Mz)= 0.1300 running at 2 loops.
 alpha_s(Mz)= 0.1300 running at 2 loops.
 Renormalization scale set on event-by-event basis
 Factorization   scale set on event-by-event basis


 getting user params
Enter number of events and max and min iterations: 
 Number of events and iterations         1000           5           3
Enter desired fractional accuracy: 
 Desired fractional accuracy:   0.10000000000000001     
Enter 0 for fixed, 2 for adjustable grid: 
Suppress amplitude (0 no, 1 yes)? 
 Using suppressed amplitude.
Exact helicity sum (0 yes, n = number/event)? 
 Explicitly summing over helicities
Enter Configuration Number: 
Running Configuration Number:  171
 Using dconfig=         697
 BW Setting            1           1           2           1           2           2           0
 Attempting mappinvarients           1           9
 Completed mapping           9
 about to integrate           19        1000           5           3          19           1
 Using non-zero grid deformation.
 19 dimensions   1000 events 19 invarients  5 iterations  1 config(s),  (0.99)
 Using h-tuple random number sequence.
 Error opening grid
 Using Uniform Grid!          36
 Using uniform alpha   1.0000000000000000     
 Grid defined OK
 Set CM energy to      13000.00
 Mapping Graph         171  to config         171
 Setting BW          -1           1   91.187600000000003     
 Setting BW          -2           2   91.187600000000003     
Setting grid   3    0.14664E-03   1
 Setting BW          -4           4   710.00000000000000     
Setting grid   5    0.32375E-02   1
Setting grid   6    0.32375E-02   1
 Transforming s_hat 1/s           18   3.2375014532175150E-003   1600.0000000000000        168999999.99999997     
 171   1   2   3   4   5   6   7   8   9  10  11  12  13  14
  15  16  17  18  19
 Masses: 0.000E+00 0.000E+00 0.000E+00 0.000E+00 0.000E+00 0.000E+00 0.000E+00 0.000E+00 0.912E+02
Using random seed offsets   171 :      1
  with seed                   24
 Ranmar initialization seeds       31229        9398
 
 ********************************************
 * You are using the DiscreteSampler module *
 *      part of the MG5_aMC framework       *
 *         Author: Valentin Hirschi         *
 ********************************************
 
  Particle       3       4       5       6       7       8       9
      Et >    10.0    10.0    10.0    10.0     0.0     0.0     0.0
       E >     0.0     0.0     0.0     0.0     0.0     0.0     0.0
     Eta <     2.5     2.5     2.5     2.5    -1.0    -1.0    -1.0
   xqcut:      0.0     0.0     0.0     0.0     0.0     0.0     0.0
d R # 3  >    -0.0     0.4     0.4     0.4     0.0     0.0     0.0
d R # 4  >    -0.0    -0.0     0.4     0.4     0.0     0.0     0.0
d R # 5  >    -0.0    -0.0    -0.0     0.4     0.0     0.0     0.0
d R # 6  >    -0.0    -0.0    -0.0    -0.0     0.0     0.0     0.0
d R # 7  >    -0.0    -0.0    -0.0    -0.0    -0.0     0.0     0.0
d R # 8  >    -0.0    -0.0    -0.0    -0.0    -0.0    -0.0     0.0
s min # 3>     0.0     0.0     0.0     0.0     0.0     0.0     0.0
s min # 4>     0.0     0.0     0.0     0.0     0.0     0.0     0.0
s min # 5>     0.0     0.0     0.0     0.0     0.0     0.0     0.0
s min # 6>     0.0     0.0     0.0     0.0     0.0     0.0     0.0
s min # 7>     0.0     0.0     0.0     0.0     0.0     0.0     0.0
s min # 8>     0.0     0.0     0.0     0.0     0.0     0.0     0.0
xqcutij # 3>     0.0     0.0     0.0     0.0     0.0     0.0     0.0
xqcutij # 4>     0.0     0.0     0.0     0.0     0.0     0.0     0.0
xqcutij # 5>     0.0     0.0     0.0     0.0     0.0     0.0     0.0
xqcutij # 6>     0.0     0.0     0.0     0.0     0.0     0.0     0.0
xqcutij # 7>     0.0     0.0     0.0     0.0     0.0     0.0     0.0
xqcutij # 8>     0.0     0.0     0.0     0.0     0.0     0.0     0.0
 Requiring BW           -1           1
 Requiring BW           -2           2
 Excluding BW           -3           3
 Requiring BW           -4           4
 Excluding BW           -5           5
 Excluding BW           -6           6
 alpha_s for scale    840.76669319712164       is    9.5028138917765806E-002
 Added good helicity            1  0.87887993805623288       in event            1 local:           1
 Added good helicity           21  0.26570423091089168       in event            1 local:           1
 Added good helicity           25   3.8000753350686658E-005  in event            1 local:           1
 Added good helicity           37   8.6695673242415327E-006  in event            1 local:           1
 Added good helicity           41  0.58185754286195202       in event            1 local:           1
 Added good helicity           61  0.59571714622590111       in event            1 local:           1
 Added good helicity          193   30.625691271844559       in event            1 local:           1
 Added good helicity          213   50.272243505392041       in event            1 local:           1
 Added good helicity          217   2.8005167375700682E-003  in event            1 local:           1
 Added good helicity          229   1.3194665075086424E-003  in event            1 local:           1
 Added good helicity          233   92.430366400664980       in event            1 local:           1
 Added good helicity          253   80.345373310477683       in event            1 local:           1
 Added good helicity            1  0.87887993805623377       in event            1 local:           1
 Added good helicity           21  0.26570423091089129       in event            1 local:           1
 Added good helicity           25   3.8000753350685838E-005  in event            1 local:           1
 Added good helicity           37   8.6695673242413718E-006  in event            1 local:           1
 Added good helicity           41  0.58185754286195379       in event            1 local:           1
 Added good helicity           61  0.59571714622590177       in event            1 local:           1
 Added good helicity          193   30.625691271844545       in event            1 local:           1
 Added good helicity          213   50.272243505392140       in event            1 local:           1
 Added good helicity          217   2.8005167375700201E-003  in event            1 local:           1
 Added good helicity          229   1.3194665075086441E-003  in event            1 local:           1
 Added good helicity          233   92.430366400665008       in event            1 local:           1
 Added good helicity          253   80.345373310477612       in event            1 local:           1
 RESET CUMULATIVE VARIABLE
 RESET CUMULATIVE VARIABLE
 RESET CUMULATIVE VARIABLE
 Iteration  1   Mean: 0.2537E-09 Abs mean: 0.2537E-09   Fluctuation:  0.426E-10   0.204E-07    32.2%
  1    0.2537E-09 0.2537E-09 +- 0.4260E-10      5.31
 Writing out events   1.5766352482395204E-013   5.3097440612648175     
 Relative summed weights:
  0.9289E-01  0.1093E+00  0.1079E+00  0.4974E-01  0.5185E-05  0.1292E-04
  0.1617E-01  0.4668E-01  0.6789E-01  0.2180E-01  0.0000E+00  0.0000E+00
  0.1128E+00  0.5828E-01  0.7314E-01  0.8319E-01  0.1356E-04  0.1210E-04
  0.1343E-01  0.6155E-01  0.6340E-01  0.2088E-01  0.8370E-03  0.3191E-06
 Relative number of events:
  0.8028E-01  0.8722E-01  0.9514E-01  0.9118E-01  0.9911E-03  0.1982E-02
  0.4460E-01  0.5055E-01  0.2676E-01  0.2379E-01  0.0000E+00  0.0000E+00
  0.7929E-01  0.6838E-01  0.1001E+00  0.1001E+00  0.1982E-02  0.3964E-02
  0.3568E-01  0.4262E-01  0.3766E-01  0.2577E-01  0.9911E-03  0.9911E-03
 Events:
          81          88          96          92           1           2
          45          51          27          24           0           0
          80          69         101         101           2           4
          36          43          38          26           1           1
 Iteration  2   Mean: 0.4105E-09 Abs mean: 0.4105E-09   Fluctuation:  0.488E-10   0.419E-07    51.8%
  2    0.4105E-09 0.4105E-09 +- 0.4876E-10      5.31
 Relative summed weights:
  0.1227E+00  0.8344E-01  0.5993E-01  0.3895E-01  0.7149E-05  0.3954E-04
  0.3088E-01  0.1221E+00  0.5700E-01  0.3863E-01  0.0000E+00  0.2553E-04
  0.1647E+00  0.6606E-01  0.7177E-01  0.5615E-01  0.5272E-05  0.3415E-03
  0.4063E-01  0.2031E-01  0.1307E-01  0.1248E-01  0.6600E-03  0.0000E+00
 Relative number of events:
  0.7400E-01  0.8900E-01  0.9400E-01  0.1075E+00  0.1500E-02  0.1000E-02
  0.4400E-01  0.5150E-01  0.2750E-01  0.2300E-01  0.0000E+00  0.1000E-02
  0.8700E-01  0.8550E-01  0.9000E-01  0.8500E-01  0.1000E-02  0.3000E-02
  0.5000E-01  0.4650E-01  0.2000E-01  0.1700E-01  0.1000E-02  0.0000E+00
 Events:
         148         178         188         215           3           2
          88         103          55          46           0           2
         174         171         180         170           2           6
         100          93          40          34           2           0
 Iteration  3   Mean: 0.4860E-09 Abs mean: 0.4860E-09   Fluctuation:  0.475E-10   0.111E-06    56.4%
  3    0.4860E-09 0.4860E-09 +- 0.4748E-10      6.18
 Relative summed weights:
  0.5171E-01  0.7412E-01  0.4523E-01  0.8348E-01  0.2570E-03  0.2429E-04
  0.5757E-01  0.1013E+00  0.3385E-01  0.4047E-01  0.1309E-01  0.2133E-02
  0.9359E-01  0.7753E-01  0.6994E-01  0.6378E-01  0.8602E-03  0.2125E-03
  0.6157E-01  0.6089E-01  0.4059E-01  0.2406E-01  0.1323E-02  0.2496E-02
 Relative number of events:
  0.8000E-01  0.8150E-01  0.9425E-01  0.9375E-01  0.1500E-02  0.7500E-03
  0.4750E-01  0.5075E-01  0.2425E-01  0.2525E-01  0.7500E-03  0.2500E-03
  0.7700E-01  0.9225E-01  0.9000E-01  0.9175E-01  0.2000E-02  0.1750E-02
  0.4575E-01  0.4875E-01  0.2525E-01  0.2425E-01  0.2500E-03  0.5000E-03
 Events:
         320         326         377         375           6           3
         190         203          97         101           3           1
         308         369         360         367           8           7
         183         195         101          97           1           2
 Accuracy:    0.139   0.100   0.069   4.057
 Found          421  events.
 Wrote           18  events.
 Actual xsec    4.2161415662158156E-010
 Correct abs xsec    4.2161415662158156E-010
 Event xsec    4.2161415662158151E-010
 Events wgts > 1:            0
 % Cross section > 1:    0.0000000000000000        0.0000000000000000     
 Iteration  4   Mean: 0.5533E-09 Abs mean: 0.5533E-09   Fluctuation:  0.368E-10   0.135E-06    58.5%
  4    0.5533E-09 0.5533E-09 +- 0.3675E-10      5.94
 Relative summed weights:
  0.8314E-01  0.5549E-01  0.5502E-01  0.4261E-01  0.2112E-03  0.2692E-03
  0.9092E-01  0.5906E-01  0.2419E-01  0.4430E-01  0.4159E-03  0.6468E-04
  0.5683E-01  0.6908E-01  0.6545E-01  0.4117E-01  0.7122E-03  0.2242E-03
  0.7921E-01  0.1309E+00  0.4613E-01  0.5452E-01  0.4247E-04  0.6941E-05
 Relative number of events:
  0.8588E-01  0.9037E-01  0.8912E-01  0.8987E-01  0.1250E-02  0.1125E-02
  0.5225E-01  0.4487E-01  0.2200E-01  0.2438E-01  0.5000E-03  0.5000E-03
  0.8250E-01  0.8425E-01  0.8800E-01  0.8787E-01  0.1750E-02  0.1250E-02
  0.5187E-01  0.4825E-01  0.2637E-01  0.2500E-01  0.5000E-03  0.2500E-03
 Events:
         687         723         713         719          10           9
         418         359         176         195           4           4
         660         674         704         703          14          10
         415         386         211         200           4           2
 Accuracy:    0.103   0.100   0.048   4.637
 Found          825  events.
 Wrote           33  events.
 Actual xsec    5.1059141202243661E-010
 Correct abs xsec    5.1059141202243661E-010
 Event xsec    5.1059141202243692E-010
 Events wgts > 1:            1
 % Cross section > 1:    8.2315627351407400E-013  0.16121623946896743     
 Iteration  5   Mean: 0.5015E-09 Abs mean: 0.5015E-09   Fluctuation:  0.179E-10   0.914E-07    58.2%
  5    0.5015E-09 0.5015E-09 +- 0.1785E-10      4.50
 Relative summed weights:
  0.7671E-01  0.7143E-01  0.5529E-01  0.6296E-01  0.5940E-02  0.1358E-02
  0.6590E-01  0.7717E-01  0.3494E-01  0.4989E-01  0.1417E-04  0.8936E-03
  0.6821E-01  0.7398E-01  0.6220E-01  0.5447E-01  0.1088E-02  0.1016E-02
  0.6873E-01  0.8060E-01  0.4643E-01  0.4039E-01  0.3752E-03  0.1593E-04
 Relative number of events:
  0.8825E-01  0.8981E-01  0.8662E-01  0.8706E-01  0.9375E-03  0.1125E-02
  0.4719E-01  0.4725E-01  0.2381E-01  0.2506E-01  0.3750E-03  0.4375E-03
  0.8525E-01  0.8431E-01  0.9119E-01  0.8706E-01  0.1250E-02  0.1187E-02
  0.5119E-01  0.5056E-01  0.2438E-01  0.2500E-01  0.3750E-03  0.3125E-03
 Events:
        1412        1437        1386        1393          15          18
         755         756         381         401           6           7
        1364        1349        1459        1393          20          19
         819         809         390         400           6           5
 Accuracy:    0.053   0.100   0.029   3.412
 Finished due to accuracy    5.2731518345015847E-002  0.10000000000000001     

 -------------------------------------------------------------------------------
 Accumulated results:   Integral =  0.4973E-09
                        Std dev  =  0.1420E-10
                       Cross sec =  0.4973E-09
             Chi**2 per DoF.     =      3.4122
 -------------------------------------------------------------------------------
 Found         1660  events.
 Wrote          165  events.
 Actual xsec    5.1053297568930585E-010
 Correct abs xsec    5.1053297568930585E-010
 Event xsec    5.1053297568930513E-010
 Events wgts > 1:            5
 % Cross section > 1:    4.7944950904009509E-012  0.93911565338704683     
-------------------------------------------------
---------------------------
 Results Last   3 iters: Integral =   0.5105E-09
                     Abs integral =   0.5105E-09
                          Std dev =   0.1525E-10
                  Chi**2 per DoF. =      0.9378
-------------------------------------------------
---------------------------
 Status  0.10000000000000001                6           5

ls status:
events.lhe
ftn26
input_app.txt
results.dat
run1_app.log
