 Process in group number            1
 A PDF is used, so alpha_s(MZ) is going to be modified
 Old value of alpha_s from param_card:   0.11839999999999999     
  ****************************************
 
       NNPDFDriver version 1.0.3
   Grid: NNPDF23_lo_as_0130_qed_mem0.grid
  ****************************************
 New value of alpha_s from PDF nn23lo1:  0.13000000000000000     
 Define smin to   1600.0000000000000     
 Define smin to   1600.0000000000000     
 Define smin to   1600.0000000000000     
 *****************************************************
 *               MadGraph/MadEvent                   *
 *        --------------------------------           *
 *          http://madgraph.hep.uiuc.edu             *
 *          http://madgraph.phys.ucl.ac.be           *
 *          http://madgraph.roma2.infn.it            *
 *        --------------------------------           *
 *                                                   *
 *          PARAMETER AND COUPLING VALUES            *
 *                                                   *
 *****************************************************

  External Params
  ---------------------------------
  
 mdl_VeN1 =    1.0000000000000000     
 mdl_VeN2 =    0.0000000000000000     
 mdl_VeN3 =    0.0000000000000000     
 mdl_VmuN1 =    0.0000000000000000     
 mdl_VmuN2 =    1.0000000000000000     
 mdl_VmuN3 =    0.0000000000000000     
 mdl_VtaN1 =    0.0000000000000000     
 mdl_VtaN2 =    0.0000000000000000     
 mdl_VtaN3 =    1.0000000000000000     
 mdl_VN1N1 =    1.0000000000000000     
 mdl_VN1N2 =    1.0000000000000000     
 mdl_VN1N3 =    1.0000000000000000     
 mdl_VN2N2 =    1.0000000000000000     
 mdl_VN2N3 =    1.0000000000000000     
 mdl_VN3N3 =    1.0000000000000000     
 aEWM1 =    127.90000000000001     
 mdl_Gf =    1.1663700000000000E-005
 aS =   0.11839999999999999     
 mdl_ymt =    172.00000000000000     
 mdl_vevf =    50.000000000000000     
 mdl_MZ =    91.187600000000003     
 mdl_MT =    172.00000000000000     
 mdl_MH =    125.00000000000000     
 mdl_mN1 =    510.00000000000000     
 mdl_mN2 =    610.00000000000000     
 mdl_mN3 =    710.00000000000000     
 mdl_MJ =    91.187600000000003     
 mdl_MAx =    173.04800000000000     
 mdl_WZ =    2.4952000000000001     
 mdl_WW =    2.0850000000000000     
 mdl_WT =    1.5083359999999999     
 mdl_WH =    4.0699999999999998E-003
 mdl_WN1 =   0.30299999999999999     
 mdl_WN2 =    1.5000000000000000     
 mdl_WN3 =    12.300000000000001     
 mdl_WJ =    2.4952000000000001     
 mdl_WAx =    4.1700000000000001E-003
  Internal Params
  ---------------------------------
  
 mdl_vevf__exp__2 =    2500.0000000000000     
 mdl_sqrt__vevf__exp__2 =    50.000000000000000     
 mdl_muJ =    50.000000000000000     
 mdl_MZ__exp__2 =    8315.1783937600012     
 mdl_MZ__exp__4 =    69142191.720053151     
 mdl_sqrt__2 =    1.4142135623730951     
 mdl_MJ__exp__2 =    8315.1783937600012     
 mdl_muJ__exp__2 =    2500.0000000000000     
 mdl_lamJ =    4.3260713575040004     
 mdl_MH__exp__2 =    15625.000000000000     
 mdl_complexi =  (  0.0000000000000000     ,  1.0000000000000000     )
 mdl_aEW =    7.8186082877247844E-003
 mdl_MW =    79.824359746197842     
 mdl_sqrt__aEW =    8.8422894590285753E-002
 mdl_ee =   0.31345100004952897     
 mdl_MW__exp__2 =    6371.9284088904105     
 mdl_sw2 =   0.23369913342182447     
 mdl_cw =   0.87538612427783857     
 mdl_sqrt__sw2 =   0.48342438232036300     
 mdl_sw =   0.48342438232036300     
 mdl_g1 =   0.35807170271074895     
 mdl_gN =   0.64839716719502682     
 mdl_gw =   0.64839716719502682     
 mdl_vev =    246.22056907348590     
 mdl_vev__exp__2 =    60624.568634871241     
 mdl_lam =   0.12886689630821144     
 mdl_yt =   0.98791394091683138     
 mdl_muH =    88.388347648318444     
 mdl_I2a33 =  ( 0.98791394091683138     ,  0.0000000000000000     )
 mdl_I3a33 =  ( 0.98791394091683138     ,  0.0000000000000000     )
 mdl_ee__exp__2 =    9.8251529432049817E-002
 mdl_sw__exp__2 =   0.23369913342182450     
 mdl_cw__exp__2 =   0.76630086657817542     
  Internal Params evaluated point by point
  ----------------------------------------
  
 mdl_sqrt__aS =   0.34409301068170506     
 mdl_G__exp__2 =    1.4878582807401259     
  Couplings of SM_HeavyN_UFO
  ---------------------------------
  
         GC_1 =  -0.00000E+00  -0.10448E+00
         GC_2 =   0.00000E+00   0.20897E+00
         GC_3 =  -0.00000E+00  -0.31345E+00
         GC_4 =   0.00000E+00   0.31345E+00
        GC_26 =   0.00000E+00   0.45849E+00
        GC_27 =  -0.00000E+00  -0.28380E+00
        GC_28 =   0.00000E+00   0.28380E+00
        GC_30 =   0.00000E+00   0.56760E+00
        GC_35 =  -0.00000E+00  -0.28850E-01
        GC_37 =   0.00000E+00   0.17310E+00
        GC_39 =   0.00000E+00  -0.19725E+00
        GC_40 =   0.00000E+00   0.37035E+00
        GC_80 =   0.00000E+00   0.67543E+02
       GC_107 =  -0.00000E+00  -0.74070E+00
       GC_109 =  -0.00000E+00  -0.74070E+00
       GC_111 =  -0.00000E+00  -0.74070E+00
       GC_113 =  -0.00000E+00  -0.74070E+00
       GC_115 =  -0.00000E+00  -0.74070E+00
       GC_117 =  -0.00000E+00  -0.74070E+00
       GC_119 =   0.00000E+00   0.00000E+00
       GC_120 =   0.00000E+00   0.00000E+00
       GC_122 =  -0.00000E+00  -0.00000E+00
       GC_126 =   0.00000E+00   0.00000E+00
       GC_127 =   0.00000E+00   0.00000E+00
       GC_129 =  -0.00000E+00  -0.00000E+00
       GC_133 =   0.00000E+00   0.45849E+00
       GC_134 =   0.00000E+00   0.37035E+00
       GC_136 =  -0.00000E+00  -0.28836E+01
        GC_81 =   0.10200E+02   0.00000E+00
        GC_82 =   0.12200E+02   0.00000E+00
        GC_83 =   0.14200E+02   0.00000E+00

 Collider parameters:
 --------------------

 Running at P P   machine @    13000.000000000000       GeV
 PDF set = nn23lo1
 alpha_s(Mz)= 0.1300 running at 2 loops.
 alpha_s(Mz)= 0.1300 running at 2 loops.
 Renormalization scale set on event-by-event basis
 Factorization   scale set on event-by-event basis


 getting user params
Enter number of events and max and min iterations: 
 Number of events and iterations         1000           5           3
Enter desired fractional accuracy: 
 Desired fractional accuracy:   0.10000000000000001     
Enter 0 for fixed, 2 for adjustable grid: 
Suppress amplitude (0 no, 1 yes)? 
 Using suppressed amplitude.
Exact helicity sum (0 yes, n = number/event)? 
 Explicitly summing over helicities
Enter Configuration Number: 
Running Configuration Number:  171
 Using dconfig=         724
 BW Setting            1           1           2           2           2           2           0
 Attempting mappinvarients           1           9
 Completed mapping           9
 about to integrate           19        1000           5           3          19           1
 Using non-zero grid deformation.
 19 dimensions   1000 events 19 invarients  5 iterations  1 config(s),  (0.99)
 Using h-tuple random number sequence.
 Error opening grid
 Using Uniform Grid!          36
 Using uniform alpha   1.0000000000000000     
 Grid defined OK
 Set CM energy to      13000.00
 Mapping Graph         171  to config         171
 Setting BW          -1           1   91.187600000000003     
 Setting BW          -2           2   91.187600000000003     
Setting grid   3    0.14664E-03   1
Setting grid   4    0.14664E-03   1
Setting grid   5    0.36572E-03   1
Setting grid   6    0.36572E-03   1
 Transforming s_hat 1/s           18   3.6572384542390540E-004   1600.0000000000000        168999999.99999997     
 171   1   2   3   4   5   6   7   8   9  10  11  12  13  14
  15  16  17  18  19
 Masses: 0.000E+00 0.000E+00 0.000E+00 0.000E+00 0.000E+00 0.000E+00 0.000E+00 0.000E+00 0.912E+02
Using random seed offsets   171 :      1
  with seed                   24
 Ranmar initialization seeds       31229        9398
 
 ********************************************
 * You are using the DiscreteSampler module *
 *      part of the MG5_aMC framework       *
 *         Author: Valentin Hirschi         *
 ********************************************
 
  Particle       3       4       5       6       7       8       9
      Et >    10.0    10.0    10.0    10.0     0.0     0.0     0.0
       E >     0.0     0.0     0.0     0.0     0.0     0.0     0.0
     Eta <     2.5     2.5     2.5     2.5    -1.0    -1.0    -1.0
   xqcut:      0.0     0.0     0.0     0.0     0.0     0.0     0.0
d R # 3  >    -0.0     0.4     0.4     0.4     0.0     0.0     0.0
d R # 4  >    -0.0    -0.0     0.4     0.4     0.0     0.0     0.0
d R # 5  >    -0.0    -0.0    -0.0     0.4     0.0     0.0     0.0
d R # 6  >    -0.0    -0.0    -0.0    -0.0     0.0     0.0     0.0
d R # 7  >    -0.0    -0.0    -0.0    -0.0    -0.0     0.0     0.0
d R # 8  >    -0.0    -0.0    -0.0    -0.0    -0.0    -0.0     0.0
s min # 3>     0.0     0.0     0.0     0.0     0.0     0.0     0.0
s min # 4>     0.0     0.0     0.0     0.0     0.0     0.0     0.0
s min # 5>     0.0     0.0     0.0     0.0     0.0     0.0     0.0
s min # 6>     0.0     0.0     0.0     0.0     0.0     0.0     0.0
s min # 7>     0.0     0.0     0.0     0.0     0.0     0.0     0.0
s min # 8>     0.0     0.0     0.0     0.0     0.0     0.0     0.0
xqcutij # 3>     0.0     0.0     0.0     0.0     0.0     0.0     0.0
xqcutij # 4>     0.0     0.0     0.0     0.0     0.0     0.0     0.0
xqcutij # 5>     0.0     0.0     0.0     0.0     0.0     0.0     0.0
xqcutij # 6>     0.0     0.0     0.0     0.0     0.0     0.0     0.0
xqcutij # 7>     0.0     0.0     0.0     0.0     0.0     0.0     0.0
xqcutij # 8>     0.0     0.0     0.0     0.0     0.0     0.0     0.0
 Requiring BW           -1           1
 Requiring BW           -2           2
 Excluding BW           -3           3
 Excluding BW           -4           4
 Excluding BW           -5           5
 Excluding BW           -6           6
 alpha_s for scale    516.21283319848078       is   0.10096316531310967     
 Added good helicity            1   30.432679950760061       in event            1 local:           1
 Added good helicity           21   1.1535487529284989       in event            1 local:           1
 Added good helicity           25   6.0342782543913666E-004  in event            1 local:           1
 Added good helicity           37   2.3892207681153974E-004  in event            1 local:           1
 Added good helicity           41   1.5634944525414356       in event            1 local:           1
 Added good helicity           61  0.21948677113729037       in event            1 local:           1
 Added good helicity          193   16.888384664938226       in event            1 local:           1
 Added good helicity          213   202.94408183094876       in event            1 local:           1
 Added good helicity          217   4.2980411532069593E-002  in event            1 local:           1
 Added good helicity          229   2.4634668858330245E-004  in event            1 local:           1
 Added good helicity          233   1.9850874933644573       in event            1 local:           1
 Added good helicity          253  0.76916697525837185       in event            1 local:           1
 Added good helicity            1   30.432679950760114       in event            1 local:           1
 Added good helicity           21   1.1535487529284951       in event            1 local:           1
 Added good helicity           25   6.0342782543914197E-004  in event            1 local:           1
 Added good helicity           37   2.3892207681153969E-004  in event            1 local:           1
 Added good helicity           41   1.5634944525414405       in event            1 local:           1
 Added good helicity           61  0.21948677113729068       in event            1 local:           1
 Added good helicity          193   16.888384664938307       in event            1 local:           1
 Added good helicity          213   202.94408183094865       in event            1 local:           1
 Added good helicity          217   4.2980411532070002E-002  in event            1 local:           1
 Added good helicity          229   2.4634668858330338E-004  in event            1 local:           1
 Added good helicity          233   1.9850874933644618       in event            1 local:           1
 Added good helicity          253  0.76916697525836830       in event            1 local:           1
 RESET CUMULATIVE VARIABLE
 RESET CUMULATIVE VARIABLE
 RESET CUMULATIVE VARIABLE
 Iteration  1   Mean: 0.9260E-11 Abs mean: 0.9260E-11   Fluctuation:  0.324E-11   0.252E-08    21.0%
  1    0.9260E-11 0.9260E-11 +- 0.3243E-11     11.08
 Writing out events   8.8062360390729764E-015   11.076190607340322     
 Relative summed weights:
  0.3932E-01  0.1272E-01  0.4161E-01  0.5203E-01  0.6208E-06  0.6299E-07
  0.1101E-01  0.4915E-02  0.6134E-02  0.4085E-01  0.3003E-03  0.1007E-02
  0.3793E-02  0.1137E+00  0.4032E-02  0.2921E-02  0.1065E-07  0.1065E-07
  0.9301E-01  0.4471E+00  0.3120E-02  0.8749E-01  0.1034E-03  0.3487E-01
 Relative number of events:
  0.6046E-01  0.6244E-01  0.6739E-01  0.7631E-01  0.4955E-02  0.3964E-02
  0.6244E-01  0.7830E-01  0.4262E-01  0.4063E-01  0.7929E-02  0.2973E-02
  0.6838E-01  0.6442E-01  0.5451E-01  0.7136E-01  0.4955E-02  0.2973E-02
  0.5946E-01  0.6640E-01  0.4856E-01  0.3568E-01  0.3964E-02  0.8920E-02
 Events:
          61          63          68          77           5           4
          63          79          43          41           8           3
          69          65          55          72           5           3
          60          67          49          36           4           9
 Iteration  2   Mean: 0.2827E-10 Abs mean: 0.2827E-10   Fluctuation:  0.646E-11   0.769E-08    36.1%
  2    0.2827E-10 0.2827E-10 +- 0.6455E-11     10.21
 Relative summed weights:
  0.2336E-01  0.2277E-01  0.1219E+00  0.1026E-01  0.1970E-04  0.4810E-04
  0.1498E-01  0.3673E-01  0.8539E-01  0.8503E-01  0.6776E-05  0.1076E-02
  0.3124E-01  0.5679E-01  0.5988E-01  0.7970E-01  0.8997E-05  0.1716E-03
  0.4018E-01  0.1563E+00  0.1698E+00  0.4287E-02  0.3177E-08  0.3495E-05
 Relative number of events:
  0.6800E-01  0.6400E-01  0.6550E-01  0.6600E-01  0.3500E-02  0.2500E-02
  0.6800E-01  0.7000E-01  0.5150E-01  0.4100E-01  0.1500E-02  0.5000E-02
  0.6250E-01  0.6400E-01  0.6100E-01  0.6950E-01  0.3000E-02  0.2000E-02
  0.6450E-01  0.7250E-01  0.4350E-01  0.4750E-01  0.5000E-03  0.3000E-02
 Events:
         136         128         131         132           7           5
         136         140         103          82           3          10
         125         128         122         139           6           4
         129         145          87          95           1           6
 Iteration  3   Mean: 0.2695E-10 Abs mean: 0.2695E-10   Fluctuation:  0.393E-11   0.965E-08    47.6%
  3    0.2695E-10 0.2695E-10 +- 0.3928E-11      9.22
 Relative summed weights:
  0.1167E+00  0.6699E-01  0.1105E+00  0.2564E-01  0.1327E-01  0.7578E-05
  0.1214E+00  0.4235E-01  0.4203E-01  0.3163E-01  0.3651E-05  0.2459E-04
  0.7323E-01  0.8089E-01  0.2416E-01  0.4971E-01  0.2412E-03  0.6019E-03
  0.4505E-01  0.4828E-01  0.5079E-01  0.5595E-01  0.4397E-03  0.3907E-04
 Relative number of events:
  0.7125E-01  0.6825E-01  0.6775E-01  0.6300E-01  0.2000E-02  0.2250E-02
  0.6725E-01  0.6175E-01  0.4125E-01  0.4950E-01  0.1000E-02  0.1250E-02
  0.6600E-01  0.7150E-01  0.5775E-01  0.5975E-01  0.1750E-02  0.2250E-02
  0.8125E-01  0.7775E-01  0.4250E-01  0.3975E-01  0.2000E-02  0.1250E-02
 Events:
         285         273         271         252           8           9
         269         247         165         198           4           5
         264         286         231         239           7           9
         325         311         170         159           8           5
 Accuracy:    0.158   0.100   0.116   1.862
 Found          274  events.
 Wrote           14  events.
 Actual xsec    2.5348983525437080E-011
 Correct abs xsec    2.5348983525437080E-011
 Event xsec    2.5348983525437090E-011
 Events wgts > 1:            1
 % Cross section > 1:    5.4502981048216928E-021   2.1501051903530771E-008
 Iteration  4   Mean: 0.5699E-10 Abs mean: 0.5699E-10   Fluctuation:  0.101E-10   0.703E-07    49.3%
  4    0.5699E-10 0.5699E-10 +- 0.1005E-10     15.77
 Relative summed weights:
  0.3609E-01  0.3846E-01  0.4350E-01  0.2620E-01  0.1607E-03  0.2486E-03
  0.8269E-01  0.8173E-01  0.1992E+00  0.2575E-01  0.2352E-04  0.2759E-02
  0.6106E-01  0.4073E-01  0.6962E-01  0.2890E-01  0.2139E-02  0.2041E-03
  0.1001E+00  0.6193E-01  0.6614E-01  0.3156E-01  0.4178E-03  0.3476E-03
 Relative number of events:
  0.6413E-01  0.6875E-01  0.6212E-01  0.6325E-01  0.6250E-03  0.1625E-02
  0.7425E-01  0.7212E-01  0.4312E-01  0.3775E-01  0.1750E-02  0.8750E-03
  0.7362E-01  0.6700E-01  0.6413E-01  0.6600E-01  0.2375E-02  0.1500E-02
  0.7375E-01  0.7500E-01  0.4150E-01  0.4300E-01  0.1500E-02  0.2500E-03
 Events:
         513         550         497         506           5          13
         594         577         345         302          14           7
         589         536         513         528          19          12
         590         600         332         344          12           2
 Accuracy:    0.253   0.100   0.097   6.806
 Found          762  events.
 Wrote            6  events.
 Actual xsec    3.7019793212431719E-011
 Correct abs xsec    3.7019793212431719E-011
 Event xsec    3.7019793212431725E-011
 Events wgts > 1:            1
 % Cross section > 1:    1.8749167781501376E-019   5.0646333095143178E-007
 Iteration  5   Mean: 0.6501E-10 Abs mean: 0.6501E-10   Fluctuation:  0.986E-11   0.110E-06    48.5%
  5    0.6501E-10 0.6501E-10 +- 0.9858E-11     19.18
 Relative summed weights:
  0.4162E-01  0.6213E-01  0.3492E-01  0.3793E-01  0.3464E-04  0.1497E-02
  0.9378E-01  0.5022E-01  0.2727E-01  0.8670E-01  0.5156E-02  0.3179E-03
  0.1576E+00  0.3311E-01  0.2504E-01  0.4466E-01  0.3289E-03  0.2341E-02
  0.2880E-01  0.6780E-01  0.4977E-01  0.1483E+00  0.3390E-03  0.3031E-03
 Relative number of events:
  0.6906E-01  0.7181E-01  0.6269E-01  0.6069E-01  0.1063E-02  0.1063E-02
  0.7587E-01  0.7200E-01  0.4250E-01  0.4213E-01  0.8750E-03  0.1187E-02
  0.7131E-01  0.7262E-01  0.5469E-01  0.6181E-01  0.1437E-02  0.1813E-02
  0.7544E-01  0.7575E-01  0.4025E-01  0.4075E-01  0.1625E-02  0.1563E-02
 Events:
        1105        1149        1003         971          17          17
        1214        1152         680         674          14          19
        1141        1162         875         989          23          29
        1207        1212         644         652          26          25
 Accuracy:    0.215   0.100   0.082   6.946
 Found         1216  events.
 Wrote           12  events.
 Actual xsec    4.8306952831772374E-011
 Correct abs xsec    4.8306952831772374E-011
 Event xsec    4.8306952831772386E-011
 Events wgts > 1:            0
 % Cross section > 1:    0.0000000000000000        0.0000000000000000     

 -------------------------------------------------------------------------------
 Accumulated results:   Integral =  0.4362E-10
                        Std dev  =  0.3561E-11
                       Cross sec =  0.4362E-10
             Chi**2 per DoF.     =      6.9456
 -------------------------------------------------------------------------------
-------------------------------------------------
---------------------------
 Results Last   3 iters: Integral =   0.4831E-10
                     Abs integral =   0.4831E-10
                          Std dev =   0.4361E-11
                  Chi**2 per DoF. =     16.5988
-------------------------------------------------
---------------------------
 Status  0.10000000000000001                6           5

ls status:
events.lhe
ftn26
input_app.txt
results.dat
run1_app.log
