 Process in group number            1
 A PDF is used, so alpha_s(MZ) is going to be modified
 Old value of alpha_s from param_card:   0.11839999999999999     
  ****************************************
 
       NNPDFDriver version 1.0.3
   Grid: NNPDF23_lo_as_0130_qed_mem0.grid
  ****************************************
 New value of alpha_s from PDF nn23lo1:  0.13000000000000000     
 Define smin to   1600.0000000000000     
 Define smin to   1600.0000000000000     
 Define smin to   1600.0000000000000     
 *****************************************************
 *               MadGraph/MadEvent                   *
 *        --------------------------------           *
 *          http://madgraph.hep.uiuc.edu             *
 *          http://madgraph.phys.ucl.ac.be           *
 *          http://madgraph.roma2.infn.it            *
 *        --------------------------------           *
 *                                                   *
 *          PARAMETER AND COUPLING VALUES            *
 *                                                   *
 *****************************************************

  External Params
  ---------------------------------
  
 mdl_VeN1 =    1.0000000000000000     
 mdl_VeN2 =    0.0000000000000000     
 mdl_VeN3 =    0.0000000000000000     
 mdl_VmuN1 =    0.0000000000000000     
 mdl_VmuN2 =    1.0000000000000000     
 mdl_VmuN3 =    0.0000000000000000     
 mdl_VtaN1 =    0.0000000000000000     
 mdl_VtaN2 =    0.0000000000000000     
 mdl_VtaN3 =    1.0000000000000000     
 mdl_VN1N1 =    1.0000000000000000     
 mdl_VN1N2 =    1.0000000000000000     
 mdl_VN1N3 =    1.0000000000000000     
 mdl_VN2N2 =    1.0000000000000000     
 mdl_VN2N3 =    1.0000000000000000     
 mdl_VN3N3 =    1.0000000000000000     
 aEWM1 =    127.90000000000001     
 mdl_Gf =    1.1663700000000000E-005
 aS =   0.11839999999999999     
 mdl_ymt =    172.00000000000000     
 mdl_vevf =    50.000000000000000     
 mdl_MZ =    91.187600000000003     
 mdl_MT =    172.00000000000000     
 mdl_MH =    125.00000000000000     
 mdl_mN1 =    2000.0000000000000     
 mdl_mN2 =    2100.0000000000000     
 mdl_mN3 =    2200.0000000000000     
 mdl_MJ =    91.187600000000003     
 mdl_MAx =    173.04800000000000     
 mdl_WZ =    2.4952000000000001     
 mdl_WW =    2.0850000000000000     
 mdl_WT =    1.5083359999999999     
 mdl_WH =    4.0699999999999998E-003
 mdl_WN1 =   0.30299999999999999     
 mdl_WN2 =    1.5000000000000000     
 mdl_WN3 =    12.300000000000001     
 mdl_WJ =    2.4952000000000001     
 mdl_WAx =    4.1700000000000001E-003
  Internal Params
  ---------------------------------
  
 mdl_vevf__exp__2 =    2500.0000000000000     
 mdl_sqrt__vevf__exp__2 =    50.000000000000000     
 mdl_muJ =    50.000000000000000     
 mdl_MZ__exp__2 =    8315.1783937600012     
 mdl_MZ__exp__4 =    69142191.720053151     
 mdl_sqrt__2 =    1.4142135623730951     
 mdl_MJ__exp__2 =    8315.1783937600012     
 mdl_muJ__exp__2 =    2500.0000000000000     
 mdl_lamJ =    4.3260713575040004     
 mdl_MH__exp__2 =    15625.000000000000     
 mdl_complexi =  (  0.0000000000000000     ,  1.0000000000000000     )
 mdl_aEW =    7.8186082877247844E-003
 mdl_MW =    79.824359746197842     
 mdl_sqrt__aEW =    8.8422894590285753E-002
 mdl_ee =   0.31345100004952897     
 mdl_MW__exp__2 =    6371.9284088904105     
 mdl_sw2 =   0.23369913342182447     
 mdl_cw =   0.87538612427783857     
 mdl_sqrt__sw2 =   0.48342438232036300     
 mdl_sw =   0.48342438232036300     
 mdl_g1 =   0.35807170271074895     
 mdl_gN =   0.64839716719502682     
 mdl_gw =   0.64839716719502682     
 mdl_vev =    246.22056907348590     
 mdl_vev__exp__2 =    60624.568634871241     
 mdl_lam =   0.12886689630821144     
 mdl_yt =   0.98791394091683138     
 mdl_muH =    88.388347648318444     
 mdl_I2a33 =  ( 0.98791394091683138     ,  0.0000000000000000     )
 mdl_I3a33 =  ( 0.98791394091683138     ,  0.0000000000000000     )
 mdl_ee__exp__2 =    9.8251529432049817E-002
 mdl_sw__exp__2 =   0.23369913342182450     
 mdl_cw__exp__2 =   0.76630086657817542     
  Internal Params evaluated point by point
  ----------------------------------------
  
 mdl_sqrt__aS =   0.34409301068170506     
 mdl_G__exp__2 =    1.4878582807401259     
  Couplings of SM_HeavyN_UFO
  ---------------------------------
  
         GC_1 =  -0.00000E+00  -0.10448E+00
         GC_2 =   0.00000E+00   0.20897E+00
         GC_3 =  -0.00000E+00  -0.31345E+00
         GC_4 =   0.00000E+00   0.31345E+00
        GC_26 =   0.00000E+00   0.45849E+00
        GC_27 =  -0.00000E+00  -0.28380E+00
        GC_28 =   0.00000E+00   0.28380E+00
        GC_30 =   0.00000E+00   0.56760E+00
        GC_35 =  -0.00000E+00  -0.28850E-01
        GC_37 =   0.00000E+00   0.17310E+00
        GC_39 =   0.00000E+00  -0.19725E+00
        GC_40 =   0.00000E+00   0.37035E+00
        GC_80 =   0.00000E+00   0.67543E+02
       GC_107 =  -0.00000E+00  -0.74070E+00
       GC_109 =  -0.00000E+00  -0.74070E+00
       GC_111 =  -0.00000E+00  -0.74070E+00
       GC_113 =  -0.00000E+00  -0.74070E+00
       GC_115 =  -0.00000E+00  -0.74070E+00
       GC_117 =  -0.00000E+00  -0.74070E+00
       GC_119 =   0.00000E+00   0.00000E+00
       GC_120 =   0.00000E+00   0.00000E+00
       GC_122 =  -0.00000E+00  -0.00000E+00
       GC_126 =   0.00000E+00   0.00000E+00
       GC_127 =   0.00000E+00   0.00000E+00
       GC_129 =  -0.00000E+00  -0.00000E+00
       GC_133 =   0.00000E+00   0.45849E+00
       GC_134 =   0.00000E+00   0.37035E+00
       GC_136 =  -0.00000E+00  -0.89351E+01
        GC_81 =   0.40000E+02   0.00000E+00
        GC_82 =   0.42000E+02   0.00000E+00
        GC_83 =   0.44000E+02   0.00000E+00

 Collider parameters:
 --------------------

 Running at P P   machine @    13000.000000000000       GeV
 PDF set = nn23lo1
 alpha_s(Mz)= 0.1300 running at 2 loops.
 alpha_s(Mz)= 0.1300 running at 2 loops.
 Renormalization scale set on event-by-event basis
 Factorization   scale set on event-by-event basis


 getting user params
Enter number of events and max and min iterations: 
 Number of events and iterations         1000           5           3
Enter desired fractional accuracy: 
 Desired fractional accuracy:   0.10000000000000001     
Enter 0 for fixed, 2 for adjustable grid: 
Suppress amplitude (0 no, 1 yes)? 
 Using suppressed amplitude.
Exact helicity sum (0 yes, n = number/event)? 
 Explicitly summing over helicities
Enter Configuration Number: 
Running Configuration Number:  327
 Using dconfig=         212
 BW Setting            2           1           2           1           2           0           0
 Attempting mappinvarients           1           9
 Completed mapping           9
 about to integrate           19        1000           5           3          19           1
 Using non-zero grid deformation.
 19 dimensions   1000 events 19 invarients  5 iterations  1 config(s),  (0.99)
 Using h-tuple random number sequence.
 Error opening grid
 Using Uniform Grid!          36
 Using uniform alpha   1.0000000000000000     
 Grid defined OK
 Set CM energy to      13000.00
 Mapping Graph         327  to config         327
Setting grid   1    0.59172E-08   1
Setting grid   2    0.75740E-07   1
 Setting BW          -3           2   79.824359746197842     
Setting grid   4    0.28499E-04   1
 Setting BW          -5           4   2200.0000000000000     
Setting grid   6    0.27060E-01   1
 Transforming s_hat 1/s           18   2.7060250000000004E-002   1600.0000000000000        168999999.99999997     
 327   1   2   3   4   5   6   7   8   9  10  11  12  13  14
  15  16  17  18  19
 Masses: 0.000E+00 0.000E+00 0.000E+00 0.000E+00 0.000E+00 0.000E+00 0.000E+00 0.000E+00 0.912E+02
Using random seed offsets   327 :      1
  with seed                   24
 Ranmar initialization seeds          57        9398
 
 ********************************************
 * You are using the DiscreteSampler module *
 *      part of the MG5_aMC framework       *
 *         Author: Valentin Hirschi         *
 ********************************************
 
  Particle       3       4       5       6       7       8       9
      Et >    10.0    10.0    10.0    10.0     0.0     0.0     0.0
       E >     0.0     0.0     0.0     0.0     0.0     0.0     0.0
     Eta <     2.5     2.5     2.5     2.5    -1.0    -1.0    -1.0
   xqcut:      0.0     0.0     0.0     0.0     0.0     0.0     0.0
d R # 3  >    -0.0     0.4     0.4     0.4     0.0     0.0     0.0
d R # 4  >    -0.0    -0.0     0.4     0.4     0.0     0.0     0.0
d R # 5  >    -0.0    -0.0    -0.0     0.4     0.0     0.0     0.0
d R # 6  >    -0.0    -0.0    -0.0    -0.0     0.0     0.0     0.0
d R # 7  >    -0.0    -0.0    -0.0    -0.0    -0.0     0.0     0.0
d R # 8  >    -0.0    -0.0    -0.0    -0.0    -0.0    -0.0     0.0
s min # 3>     0.0     0.0     0.0     0.0     0.0     0.0     0.0
s min # 4>     0.0     0.0     0.0     0.0     0.0     0.0     0.0
s min # 5>     0.0     0.0     0.0     0.0     0.0     0.0     0.0
s min # 6>     0.0     0.0     0.0     0.0     0.0     0.0     0.0
s min # 7>     0.0     0.0     0.0     0.0     0.0     0.0     0.0
s min # 8>     0.0     0.0     0.0     0.0     0.0     0.0     0.0
xqcutij # 3>     0.0     0.0     0.0     0.0     0.0     0.0     0.0
xqcutij # 4>     0.0     0.0     0.0     0.0     0.0     0.0     0.0
xqcutij # 5>     0.0     0.0     0.0     0.0     0.0     0.0     0.0
xqcutij # 6>     0.0     0.0     0.0     0.0     0.0     0.0     0.0
xqcutij # 7>     0.0     0.0     0.0     0.0     0.0     0.0     0.0
xqcutij # 8>     0.0     0.0     0.0     0.0     0.0     0.0     0.0
 Excluding BW           -1           1
 Requiring BW           -3           2
 Excluding BW           -4           3
 Requiring BW           -5           4
 Excluding BW           -6           5
 alpha_s for scale    2281.5330085716250       is    8.4852380066107291E-002
 Added good helicity            1  0.25932478923825325       in event            1 local:           1
 Added good helicity           21   1.1867738872902925E-005  in event            1 local:           1
 Added good helicity           25  0.29683020078409883       in event            1 local:           1
 Added good helicity           37   7.5100826876394012E-005  in event            1 local:           1
 Added good helicity           41  0.94362547890058446       in event            1 local:           1
 Added good helicity           61   4.7711382228173474E-005  in event            1 local:           1
 Added good helicity          193   44.272807737010744       in event            1 local:           1
 Added good helicity          213   5.1238836960314162E-004  in event            1 local:           1
 Added good helicity          217   50.317976112833165       in event            1 local:           1
 Added good helicity          229   8.8502734534441922E-004  in event            1 local:           1
 Added good helicity          233   159.90786425297438       in event            1 local:           1
 Added good helicity          253   3.9332595829893544E-005  in event            1 local:           1
 Added good helicity            1  0.25932478923824887       in event            1 local:           1
 Added good helicity           21   1.1867738872903923E-005  in event            1 local:           1
 Added good helicity           25  0.29683020078411348       in event            1 local:           1
 Added good helicity           37   7.5100826876402590E-005  in event            1 local:           1
 Added good helicity           41  0.94362547890056991       in event            1 local:           1
 Added good helicity           61   4.7711382228178786E-005  in event            1 local:           1
 Added good helicity          193   44.272807737009948       in event            1 local:           1
 Added good helicity          213   5.1238836960318542E-004  in event            1 local:           1
 Added good helicity          217   50.317976112835709       in event            1 local:           1
 Added good helicity          229   8.8502734534439537E-004  in event            1 local:           1
 Added good helicity          233   159.90786425297264       in event            1 local:           1
 Added good helicity          253   3.9332595829896186E-005  in event            1 local:           1
 RESET CUMULATIVE VARIABLE
 RESET CUMULATIVE VARIABLE
 RESET CUMULATIVE VARIABLE
 Iteration  1   Mean: 0.1651E-11 Abs mean: 0.1651E-11   Fluctuation:  0.811E-12   0.623E-09     0.5%
  1    0.1651E-11 0.1651E-11 +- 0.8105E-12     14.87
 Writing out events   6.6050840744247256E-014   14.871750239640182     
 Relative summed weights:
  0.1802E-02  0.1013E-02  0.5772E-04  0.9094E-04  0.0000E+00  0.0000E+00
  0.8454E-03  0.2273E-01  0.1345E-02  0.9855E-03  0.0000E+00  0.0000E+00
  0.1600E-02  0.7181E-01  0.5227E-04  0.1736E-02  0.0000E+00  0.0000E+00
  0.4057E-01  0.1389E-01  0.3513E-03  0.4727E-02  0.0000E+00  0.0000E+00
  0.8681E-02  0.1382E+00  0.1123E-06  0.5640E-02  0.0000E+00  0.0000E+00
  0.2253E+00  0.2186E-02  0.5195E-03  0.3995E-03  0.0000E+00  0.0000E+00
  0.2437E-01  0.7304E-02  0.1073E-02  0.3458E-02  0.0000E+00  0.0000E+00
  0.1324E-02  0.4138E+00  0.1115E-02  0.3018E-02  0.3864E-06  0.0000E+00
 Relative number of events:
  0.2050E-01  0.1942E-01  0.8630E-02  0.6472E-02  0.0000E+00  0.0000E+00
  0.4315E-01  0.5394E-01  0.3776E-01  0.4315E-01  0.0000E+00  0.0000E+00
  0.1834E-01  0.1402E-01  0.7551E-02  0.1294E-01  0.0000E+00  0.0000E+00
  0.4099E-01  0.6796E-01  0.3883E-01  0.4531E-01  0.0000E+00  0.0000E+00
  0.2373E-01  0.2157E-01  0.3236E-02  0.1079E-01  0.0000E+00  0.0000E+00
  0.2265E-01  0.2373E-01  0.8630E-02  0.1079E-01  0.0000E+00  0.0000E+00
  0.5609E-01  0.5933E-01  0.4207E-01  0.4962E-01  0.0000E+00  0.0000E+00
  0.5609E-01  0.4207E-01  0.4962E-01  0.3991E-01  0.1079E-02  0.0000E+00
 Events:
          19          18           8           6           0           0
          40          50          35          40           0           0
          17          13           7          12           0           0
          38          63          36          42           0           0
          22          20           3          10           0           0
          21          22           8          10           0           0
          52          55          39          46           0           0
          52          39          46          37           1           0
 Iteration  2   Mean: 0.2051E-11 Abs mean: 0.2051E-11   Fluctuation:  0.710E-12   0.113E-08     1.4%
  2    0.2051E-11 0.2051E-11 +- 0.7102E-12     15.48
 Relative summed weights:
  0.4211E-01  0.9622E-02  0.1709E-01  0.1887E-01  0.0000E+00  0.0000E+00
  0.8454E-02  0.1467E+00  0.1207E-01  0.1687E-01  0.2958E-02  0.0000E+00
  0.1383E-01  0.7714E-02  0.1663E-02  0.4249E-03  0.0000E+00  0.0000E+00
  0.5476E-01  0.3305E-02  0.4989E-02  0.5653E-02  0.0000E+00  0.0000E+00
  0.1436E+00  0.1843E-01  0.3664E-02  0.2782E+00  0.0000E+00  0.2879E-11
  0.9795E-02  0.3445E-01  0.7729E-03  0.1306E-01  0.0000E+00  0.0000E+00
  0.3719E-01  0.8022E-02  0.4345E-02  0.3381E-01  0.1150E-07  0.3093E-07
  0.2162E-01  0.6442E-02  0.1785E-01  0.1660E-02  0.0000E+00  0.0000E+00
 Relative number of events:
  0.2650E-01  0.1750E-01  0.1100E-01  0.1450E-01  0.0000E+00  0.0000E+00
  0.5600E-01  0.5250E-01  0.3700E-01  0.4250E-01  0.5000E-03  0.0000E+00
  0.1400E-01  0.2150E-01  0.1150E-01  0.1000E-01  0.0000E+00  0.0000E+00
  0.5750E-01  0.4700E-01  0.3550E-01  0.4050E-01  0.0000E+00  0.0000E+00
  0.2100E-01  0.2200E-01  0.9000E-02  0.1000E-01  0.0000E+00  0.5000E-03
  0.1500E-01  0.1850E-01  0.6000E-02  0.8000E-02  0.0000E+00  0.0000E+00
  0.5450E-01  0.6250E-01  0.4550E-01  0.4450E-01  0.5000E-03  0.5000E-03
  0.5850E-01  0.5150E-01  0.3900E-01  0.3750E-01  0.0000E+00  0.0000E+00
 Events:
          53          35          22          29           0           0
         112         105          74          85           1           0
          28          43          23          20           0           0
         115          94          71          81           0           0
          42          44          18          20           0           1
          30          37          12          16           0           0
         109         125          91          89           1           1
         117         103          78          75           0           0
 Iteration  3   Mean: 0.3154E-11 Abs mean: 0.3154E-11   Fluctuation:  0.115E-11   0.350E-08     2.2%
  3    0.3154E-11 0.3154E-11 +- 0.1148E-11     23.02
 Relative summed weights:
  0.4309E-02  0.2694E-02  0.8014E-01  0.7657E-02  0.7853E-03  0.0000E+00
  0.1378E-01  0.1448E-01  0.7373E-02  0.3492E-02  0.2001E-05  0.0000E+00
  0.4446E-02  0.7842E-02  0.1314E-02  0.7527E-02  0.0000E+00  0.0000E+00
  0.1474E-01  0.1103E-01  0.1142E+00  0.3264E-01  0.9339E-07  0.5353E-07
  0.6850E-02  0.9857E-02  0.1382E-02  0.1963E-01  0.6828E-04  0.0000E+00
  0.5075E-02  0.9949E-02  0.2861E-02  0.2588E-02  0.0000E+00  0.0000E+00
  0.5001E-01  0.3965E-01  0.1050E-01  0.8348E-02  0.6472E-08  0.6515E-04
  0.2884E+00  0.6796E-02  0.3729E-02  0.2059E+00  0.2624E-06  0.0000E+00
 Relative number of events:
  0.2175E-01  0.2300E-01  0.1150E-01  0.1125E-01  0.2500E-03  0.0000E+00
  0.5525E-01  0.6325E-01  0.4150E-01  0.3375E-01  0.2500E-03  0.0000E+00
  0.1900E-01  0.2100E-01  0.8750E-02  0.1125E-01  0.0000E+00  0.0000E+00
  0.6025E-01  0.5275E-01  0.3275E-01  0.3525E-01  0.2500E-03  0.2500E-03
  0.2075E-01  0.1775E-01  0.1075E-01  0.1000E-01  0.2500E-03  0.0000E+00
  0.2200E-01  0.2050E-01  0.9750E-02  0.1025E-01  0.0000E+00  0.0000E+00
  0.5975E-01  0.5550E-01  0.3475E-01  0.4075E-01  0.2500E-03  0.2500E-03
  0.5400E-01  0.5100E-01  0.3650E-01  0.4150E-01  0.5000E-03  0.0000E+00
 Events:
          87          92          46          45           1           0
         221         253         166         135           1           0
          76          84          35          45           0           0
         241         211         131         141           1           1
          83          71          43          40           1           0
          88          82          39          41           0           0
         239         222         139         163           1           1
         216         204         146         166           2           0
 Accuracy:    0.183   0.100   0.223   0.671
 Found          806  events.
 Wrote            4  events.
 Actual xsec    2.3835122812020123E-012
 Correct abs xsec    2.3835122812020123E-012
 Event xsec    2.3835122812020127E-012
 Events wgts > 1:            1
 % Cross section > 1:    2.9418591849588374E-020   1.2342538396635611E-006
 Iteration  4   Mean: 0.2754E-11 Abs mean: 0.2754E-11   Fluctuation:  0.469E-12   0.294E-08     2.2%
  4    0.2754E-11 0.2754E-11 +- 0.4694E-12     15.24
 Relative summed weights:
  0.3674E-01  0.3348E-01  0.8578E-02  0.5616E-02  0.0000E+00  0.0000E+00
  0.3105E-01  0.3036E-01  0.1643E-01  0.3542E-01  0.1241E-09  0.2318E-04
  0.3310E-01  0.3803E-01  0.5093E-02  0.2569E-01  0.0000E+00  0.2992E-04
  0.1663E-01  0.2430E-01  0.1395E-01  0.2210E-01  0.0000E+00  0.3659E-06
  0.2537E-01  0.3976E-01  0.1202E-01  0.6108E-02  0.0000E+00  0.0000E+00
  0.2372E-01  0.1635E-01  0.6364E-02  0.2981E-02  0.0000E+00  0.2977E-05
  0.1541E+00  0.7955E-01  0.5331E-01  0.4675E-01  0.0000E+00  0.3621E-04
  0.4515E-01  0.4122E-01  0.5053E-02  0.6543E-01  0.1462E-03  0.0000E+00
 Relative number of events:
  0.1675E-01  0.2038E-01  0.9250E-02  0.1100E-01  0.0000E+00  0.0000E+00
  0.5788E-01  0.5325E-01  0.3712E-01  0.3812E-01  0.1250E-03  0.1250E-03
  0.1825E-01  0.1525E-01  0.1125E-01  0.1112E-01  0.0000E+00  0.1250E-03
  0.5975E-01  0.5488E-01  0.3825E-01  0.3950E-01  0.0000E+00  0.2500E-03
  0.2075E-01  0.1937E-01  0.1025E-01  0.8875E-02  0.0000E+00  0.0000E+00
  0.1625E-01  0.1975E-01  0.1137E-01  0.1162E-01  0.0000E+00  0.1250E-03
  0.5925E-01  0.5788E-01  0.3725E-01  0.3750E-01  0.0000E+00  0.3750E-03
  0.6087E-01  0.5437E-01  0.3975E-01  0.4113E-01  0.6250E-03  0.0000E+00
 Events:
         134         163          74          88           0           0
         463         426         297         305           1           1
         146         122          90          89           0           1
         478         439         306         316           0           2
         166         155          82          71           0           0
         130         158          91          93           0           1
         474         463         298         300           0           3
         487         435         318         329           5           0
 Accuracy:    0.091   0.100   0.135   0.456
 Finished due to accuracy    9.1443342336303454E-002  0.10000000000000001     

 -------------------------------------------------------------------------------
 Accumulated results:   Integral =  0.2618E-11
                        Std dev  =  0.3547E-12
                       Cross sec =  0.2618E-11
             Chi**2 per DoF.     =      0.4555
 -------------------------------------------------------------------------------
 Found         1768  events.
 Wrote           13  events.
 Actual xsec    2.6977041173153710E-012
 Correct abs xsec    2.6977041173153710E-012
 Event xsec    2.6977041173153718E-012
 Events wgts > 1:            1
 % Cross section > 1:    1.6894585681688755E-020   6.2625791958613501E-007
-------------------------------------------------
---------------------------
 Results Last   3 iters: Integral =   0.2698E-11
                     Abs integral =   0.2698E-11
                          Std dev =   0.3803E-12
                  Chi**2 per DoF. =      0.5007
-------------------------------------------------
---------------------------
 Status  0.10000000000000001                5           5

ls status:
events.lhe
ftn26
input_app.txt
results.dat
run1_app.log
