 Process in group number            1
 A PDF is used, so alpha_s(MZ) is going to be modified
 Old value of alpha_s from param_card:   0.11839999999999999     
  ****************************************
 
       NNPDFDriver version 1.0.3
   Grid: NNPDF23_lo_as_0130_qed_mem0.grid
  ****************************************
 New value of alpha_s from PDF nn23lo1:  0.13000000000000000     
 Define smin to   1600.0000000000000     
 Define smin to   1600.0000000000000     
 Define smin to   1600.0000000000000     
 *****************************************************
 *               MadGraph/MadEvent                   *
 *        --------------------------------           *
 *          http://madgraph.hep.uiuc.edu             *
 *          http://madgraph.phys.ucl.ac.be           *
 *          http://madgraph.roma2.infn.it            *
 *        --------------------------------           *
 *                                                   *
 *          PARAMETER AND COUPLING VALUES            *
 *                                                   *
 *****************************************************

  External Params
  ---------------------------------
  
 mdl_VeN1 =    1.0000000000000000     
 mdl_VeN2 =    0.0000000000000000     
 mdl_VeN3 =    0.0000000000000000     
 mdl_VmuN1 =    0.0000000000000000     
 mdl_VmuN2 =    1.0000000000000000     
 mdl_VmuN3 =    0.0000000000000000     
 mdl_VtaN1 =    0.0000000000000000     
 mdl_VtaN2 =    0.0000000000000000     
 mdl_VtaN3 =    1.0000000000000000     
 mdl_VN1N1 =    1.0000000000000000     
 mdl_VN1N2 =    1.0000000000000000     
 mdl_VN1N3 =    1.0000000000000000     
 mdl_VN2N2 =    1.0000000000000000     
 mdl_VN2N3 =    1.0000000000000000     
 mdl_VN3N3 =    1.0000000000000000     
 aEWM1 =    127.90000000000001     
 mdl_Gf =    1.1663700000000000E-005
 aS =   0.11839999999999999     
 mdl_ymt =    172.00000000000000     
 mdl_vevf =    50.000000000000000     
 mdl_MZ =    91.187600000000003     
 mdl_MT =    172.00000000000000     
 mdl_MH =    125.00000000000000     
 mdl_mN1 =    1644.0000000000000     
 mdl_mN2 =    1744.0000000000000     
 mdl_mN3 =    1844.0000000000000     
 mdl_MJ =    91.187600000000003     
 mdl_MAx =    173.04800000000000     
 mdl_WZ =    2.4952000000000001     
 mdl_WW =    2.0850000000000000     
 mdl_WT =    1.5083359999999999     
 mdl_WH =    4.0699999999999998E-003
 mdl_WN1 =   0.30299999999999999     
 mdl_WN2 =    1.5000000000000000     
 mdl_WN3 =    12.300000000000001     
 mdl_WJ =    2.4952000000000001     
 mdl_WAx =    4.1700000000000001E-003
  Internal Params
  ---------------------------------
  
 mdl_vevf__exp__2 =    2500.0000000000000     
 mdl_sqrt__vevf__exp__2 =    50.000000000000000     
 mdl_muJ =    50.000000000000000     
 mdl_MZ__exp__2 =    8315.1783937600012     
 mdl_MZ__exp__4 =    69142191.720053151     
 mdl_sqrt__2 =    1.4142135623730951     
 mdl_MJ__exp__2 =    8315.1783937600012     
 mdl_muJ__exp__2 =    2500.0000000000000     
 mdl_lamJ =    4.3260713575040004     
 mdl_MH__exp__2 =    15625.000000000000     
 mdl_complexi =  (  0.0000000000000000     ,  1.0000000000000000     )
 mdl_aEW =    7.8186082877247844E-003
 mdl_MW =    79.824359746197842     
 mdl_sqrt__aEW =    8.8422894590285753E-002
 mdl_ee =   0.31345100004952897     
 mdl_MW__exp__2 =    6371.9284088904105     
 mdl_sw2 =   0.23369913342182447     
 mdl_cw =   0.87538612427783857     
 mdl_sqrt__sw2 =   0.48342438232036300     
 mdl_sw =   0.48342438232036300     
 mdl_g1 =   0.35807170271074895     
 mdl_gN =   0.64839716719502682     
 mdl_gw =   0.64839716719502682     
 mdl_vev =    246.22056907348590     
 mdl_vev__exp__2 =    60624.568634871241     
 mdl_lam =   0.12886689630821144     
 mdl_yt =   0.98791394091683138     
 mdl_muH =    88.388347648318444     
 mdl_I2a33 =  ( 0.98791394091683138     ,  0.0000000000000000     )
 mdl_I3a33 =  ( 0.98791394091683138     ,  0.0000000000000000     )
 mdl_ee__exp__2 =    9.8251529432049817E-002
 mdl_sw__exp__2 =   0.23369913342182450     
 mdl_cw__exp__2 =   0.76630086657817542     
  Internal Params evaluated point by point
  ----------------------------------------
  
 mdl_sqrt__aS =   0.34409301068170506     
 mdl_G__exp__2 =    1.4878582807401259     
  Couplings of SM_HeavyN_UFO
  ---------------------------------
  
         GC_1 =  -0.00000E+00  -0.10448E+00
         GC_2 =   0.00000E+00   0.20897E+00
         GC_3 =  -0.00000E+00  -0.31345E+00
         GC_4 =   0.00000E+00   0.31345E+00
        GC_26 =   0.00000E+00   0.45849E+00
        GC_27 =  -0.00000E+00  -0.28380E+00
        GC_28 =   0.00000E+00   0.28380E+00
        GC_30 =   0.00000E+00   0.56760E+00
        GC_35 =  -0.00000E+00  -0.28850E-01
        GC_37 =   0.00000E+00   0.17310E+00
        GC_39 =   0.00000E+00  -0.19725E+00
        GC_40 =   0.00000E+00   0.37035E+00
        GC_80 =   0.00000E+00   0.67543E+02
       GC_107 =  -0.00000E+00  -0.74070E+00
       GC_109 =  -0.00000E+00  -0.74070E+00
       GC_111 =  -0.00000E+00  -0.74070E+00
       GC_113 =  -0.00000E+00  -0.74070E+00
       GC_115 =  -0.00000E+00  -0.74070E+00
       GC_117 =  -0.00000E+00  -0.74070E+00
       GC_119 =   0.00000E+00   0.00000E+00
       GC_120 =   0.00000E+00   0.00000E+00
       GC_122 =  -0.00000E+00  -0.00000E+00
       GC_126 =   0.00000E+00   0.00000E+00
       GC_127 =   0.00000E+00   0.00000E+00
       GC_129 =  -0.00000E+00  -0.00000E+00
       GC_133 =   0.00000E+00   0.45849E+00
       GC_134 =   0.00000E+00   0.37035E+00
       GC_136 =  -0.00000E+00  -0.74892E+01
        GC_81 =   0.32880E+02   0.00000E+00
        GC_82 =   0.34880E+02   0.00000E+00
        GC_83 =   0.36880E+02   0.00000E+00

 Collider parameters:
 --------------------

 Running at P P   machine @    13000.000000000000       GeV
 PDF set = nn23lo1
 alpha_s(Mz)= 0.1300 running at 2 loops.
 alpha_s(Mz)= 0.1300 running at 2 loops.
 Renormalization scale set on event-by-event basis
 Factorization   scale set on event-by-event basis


 getting user params
Enter number of events and max and min iterations: 
 Number of events and iterations         1000           5           3
Enter desired fractional accuracy: 
 Desired fractional accuracy:   0.10000000000000001     
Enter 0 for fixed, 2 for adjustable grid: 
Suppress amplitude (0 no, 1 yes)? 
 Using suppressed amplitude.
Exact helicity sum (0 yes, n = number/event)? 
 Explicitly summing over helicities
Enter Configuration Number: 
Running Configuration Number:  948
 Using dconfig=          67
 BW Setting            1           1           1           2           0           0           0
 Attempting mappinvarients           1           9
 Completed mapping           9
 about to integrate           19        1000           5           3          19           1
 Using non-zero grid deformation.
 19 dimensions   1000 events 19 invarients  5 iterations  1 config(s),  (0.99)
 Using h-tuple random number sequence.
 Error opening grid
 Using Uniform Grid!          36
 Using uniform alpha   1.0000000000000000     
 Grid defined OK
 Set CM energy to      13000.00
 Mapping Graph         948  to config         948
 Setting BW          -1           1   79.824359746197842     
 Setting BW          -2           2   1844.0000000000000     
 Setting BW          -3           3   1844.0000000000000     
Setting grid   4    0.20773E-01   1
Setting grid   5    0.20773E-01   1
Setting grid   6    0.20773E-01   1
 Transforming s_hat 1/s           18   2.1219246901738226E-002   1600.0000000000000        168999999.99999997     
 948   1   2   3   4   5   6   7   8   9  10  11  12  13  14
  15  16  17  18  19
 Masses: 0.000E+00 0.000E+00 0.000E+00 0.000E+00 0.000E+00 0.000E+00 0.000E+00 0.000E+00 0.912E+02
Using random seed offsets   948 :      1
  with seed                   24
 Ranmar initialization seeds         678        9398
 
 ********************************************
 * You are using the DiscreteSampler module *
 *      part of the MG5_aMC framework       *
 *         Author: Valentin Hirschi         *
 ********************************************
 
  Particle       3       4       5       6       7       8       9
      Et >    10.0    10.0    10.0    10.0     0.0     0.0     0.0
       E >     0.0     0.0     0.0     0.0     0.0     0.0     0.0
     Eta <     2.5     2.5     2.5     2.5    -1.0    -1.0    -1.0
   xqcut:      0.0     0.0     0.0     0.0     0.0     0.0     0.0
d R # 3  >    -0.0     0.4     0.4     0.4     0.0     0.0     0.0
d R # 4  >    -0.0    -0.0     0.4     0.4     0.0     0.0     0.0
d R # 5  >    -0.0    -0.0    -0.0     0.4     0.0     0.0     0.0
d R # 6  >    -0.0    -0.0    -0.0    -0.0     0.0     0.0     0.0
d R # 7  >    -0.0    -0.0    -0.0    -0.0    -0.0     0.0     0.0
d R # 8  >    -0.0    -0.0    -0.0    -0.0    -0.0    -0.0     0.0
s min # 3>     0.0     0.0     0.0     0.0     0.0     0.0     0.0
s min # 4>     0.0     0.0     0.0     0.0     0.0     0.0     0.0
s min # 5>     0.0     0.0     0.0     0.0     0.0     0.0     0.0
s min # 6>     0.0     0.0     0.0     0.0     0.0     0.0     0.0
s min # 7>     0.0     0.0     0.0     0.0     0.0     0.0     0.0
s min # 8>     0.0     0.0     0.0     0.0     0.0     0.0     0.0
xqcutij # 3>     0.0     0.0     0.0     0.0     0.0     0.0     0.0
xqcutij # 4>     0.0     0.0     0.0     0.0     0.0     0.0     0.0
xqcutij # 5>     0.0     0.0     0.0     0.0     0.0     0.0     0.0
xqcutij # 6>     0.0     0.0     0.0     0.0     0.0     0.0     0.0
xqcutij # 7>     0.0     0.0     0.0     0.0     0.0     0.0     0.0
xqcutij # 8>     0.0     0.0     0.0     0.0     0.0     0.0     0.0
 Requiring BW           -1           1
 Requiring BW           -2           2
 Requiring BW           -3           3
 Excluding BW           -4           4
 alpha_s for scale    1189.2828094354838       is    9.1222891582073251E-002
 Added good helicity            1   63.030649645021256       in event            1 local:           1
 Added good helicity           21   1.3073724685231540E-007  in event            1 local:           1
 Added good helicity           25   1.6645899441914597E-002  in event            1 local:           1
 Added good helicity           41   1.1116685455542500E-005  in event            1 local:           1
 Added good helicity          193   191.54631602910879       in event            1 local:           1
 Added good helicity          213   6.4485700005095784E-006  in event            1 local:           1
 Added good helicity          217   1.4061214496464176       in event            1 local:           1
 Added good helicity          229   1.4460828045888438E-008  in event            1 local:           1
 Added good helicity          233   2.4893691494134009E-004  in event            1 local:           1
 Added good helicity          253   3.1805408685694595E-007  in event            1 local:           1
 Added good helicity            1   63.030649644962772       in event            1 local:           1
 Added good helicity           21   1.3073724685221367E-007  in event            1 local:           1
 Added good helicity           25   1.6645899441897354E-002  in event            1 local:           1
 Added good helicity           41   1.1116685455530464E-005  in event            1 local:           1
 Added good helicity          193   191.54631602916888       in event            1 local:           1
 Added good helicity          213   6.4485700005012317E-006  in event            1 local:           1
 Added good helicity          217   1.4061214496448369       in event            1 local:           1
 Added good helicity          229   1.4460828045869050E-008  in event            1 local:           1
 Added good helicity          233   2.4893691494107446E-004  in event            1 local:           1
 Added good helicity          253   3.1805408685659909E-007  in event            1 local:           1
 Added good helicity           37   1.1116685455542580E-005  in event            4 local:           2
 Added good helicity           37   1.1116685455530008E-005  in event            4 local:           2
 Added good helicity           61   3.2130098962634755E-008  in event           13 local:           5
 Added good helicity           61   3.2130098962629283E-008  in event           13 local:           5
 RESET CUMULATIVE VARIABLE
 RESET CUMULATIVE VARIABLE
 RESET CUMULATIVE VARIABLE
 Iteration  1   Mean: 0.5505E-13 Abs mean: 0.5505E-13   Fluctuation:  0.251E-13   0.147E-10     0.4%
  1    0.5505E-13 0.5505E-13 +- 0.2510E-13     12.73
 Writing out events   2.2020304604372517E-015   12.733576480852379     
 Relative summed weights:
  0.6260E-02  0.2796E+00  0.3363E-03  0.2196E-06  0.0000E+00  0.0000E+00
  0.3344E-01  0.1453E-02  0.1885E-04  0.5069E-01  0.0000E+00  0.0000E+00
  0.3094E-01  0.3263E-02  0.2673E-07  0.7363E-07  0.0000E+00  0.0000E+00
  0.2325E-01  0.9315E-02  0.4883E-04  0.2820E-02  0.0000E+00  0.0000E+00
  0.1069E-02  0.1537E-01  0.7448E-02  0.3760E-03  0.0000E+00  0.0000E+00
  0.3938E+00  0.1401E-02  0.3237E-04  0.2219E-03  0.0000E+00  0.0000E+00
  0.1436E-01  0.5265E-01  0.2610E-02  0.3912E-03  0.0000E+00  0.0000E+00
  0.4756E-01  0.8750E-02  0.1253E-01  0.5895E-04  0.0000E+00  0.0000E+00
 Relative number of events:
  0.7731E-01  0.5577E-01  0.5070E-02  0.1014E-01  0.0000E+00  0.0000E+00
  0.5070E-01  0.5957E-01  0.1141E-01  0.5070E-02  0.0000E+00  0.0000E+00
  0.6464E-01  0.5957E-01  0.6337E-02  0.3802E-02  0.0000E+00  0.0000E+00
  0.7478E-01  0.5450E-01  0.1014E-01  0.1014E-01  0.0000E+00  0.0000E+00
  0.4056E-01  0.3676E-01  0.1267E-01  0.1141E-01  0.0000E+00  0.0000E+00
  0.5450E-01  0.4943E-01  0.7605E-02  0.1014E-01  0.0000E+00  0.0000E+00
  0.4056E-01  0.4943E-01  0.5070E-02  0.1394E-01  0.0000E+00  0.0000E+00
  0.4689E-01  0.3295E-01  0.1394E-01  0.1521E-01  0.0000E+00  0.0000E+00
 Events:
          61          44           4           8           0           0
          40          47           9           4           0           0
          51          47           5           3           0           0
          59          43           8           8           0           0
          32          29          10           9           0           0
          43          39           6           8           0           0
          32          39           4          11           0           0
          37          26          11          12           0           0
 Iteration  2   Mean: 0.8085E-13 Abs mean: 0.8085E-13   Fluctuation:  0.290E-13   0.417E-10    29.9%
  2    0.8085E-13 0.8085E-13 +- 0.2900E-13     16.04
 Relative summed weights:
  0.1250E-01  0.3312E-01  0.2894E-04  0.6321E-03  0.0000E+00  0.0000E+00
  0.2459E-01  0.1236E-01  0.7711E-02  0.2490E-04  0.0000E+00  0.0000E+00
  0.9899E-01  0.1788E-01  0.5252E-02  0.4067E-03  0.0000E+00  0.0000E+00
  0.1356E-01  0.2070E-01  0.1469E-02  0.5578E-02  0.0000E+00  0.0000E+00
  0.1988E-02  0.4159E-01  0.2441E-02  0.1463E-02  0.0000E+00  0.0000E+00
  0.1416E-01  0.4567E-01  0.5097E-03  0.1370E-03  0.0000E+00  0.0000E+00
  0.8408E-01  0.2486E+00  0.7419E-03  0.8468E-03  0.0000E+00  0.0000E+00
  0.2707E+00  0.3061E-01  0.1455E-02  0.2446E-03  0.1784E-04  0.0000E+00
 Relative number of events:
  0.6100E-01  0.6400E-01  0.5000E-02  0.5500E-02  0.0000E+00  0.0000E+00
  0.6850E-01  0.6600E-01  0.9000E-02  0.4000E-02  0.0000E+00  0.0000E+00
  0.7000E-01  0.6450E-01  0.7000E-02  0.4000E-02  0.0000E+00  0.0000E+00
  0.6650E-01  0.7200E-01  0.6000E-02  0.8500E-02  0.0000E+00  0.0000E+00
  0.4200E-01  0.4850E-01  0.9000E-02  0.1350E-01  0.0000E+00  0.0000E+00
  0.4250E-01  0.4550E-01  0.7000E-02  0.8000E-02  0.0000E+00  0.0000E+00
  0.4050E-01  0.4150E-01  0.6500E-02  0.9000E-02  0.0000E+00  0.0000E+00
  0.4700E-01  0.4150E-01  0.1000E-01  0.6000E-02  0.5000E-03  0.0000E+00
 Events:
         122         128          10          11           0           0
         137         132          18           8           0           0
         140         129          14           8           0           0
         133         144          12          17           0           0
          84          97          18          27           0           0
          85          91          14          16           0           0
          81          83          13          18           0           0
          94          83          20          12           1           0
 Iteration  3   Mean: 0.3481E-13 Abs mean: 0.3481E-13   Fluctuation:  0.613E-14   0.171E-10    72.1%
  3    0.3481E-13 0.3481E-13 +- 0.6131E-14     11.14
 Relative summed weights:
  0.7718E-01  0.4275E-01  0.1657E-01  0.1093E-03  0.0000E+00  0.0000E+00
  0.1530E-01  0.8809E-01  0.5728E-02  0.1059E-03  0.0000E+00  0.0000E+00
  0.8160E-01  0.3165E-01  0.9828E-03  0.3827E-03  0.0000E+00  0.0000E+00
  0.8102E-01  0.1421E+00  0.3450E-01  0.1061E-01  0.0000E+00  0.0000E+00
  0.4438E-01  0.4753E-01  0.1763E-02  0.3859E-03  0.0000E+00  0.0000E+00
  0.2743E-01  0.4691E-01  0.2048E-02  0.7740E-04  0.0000E+00  0.0000E+00
  0.1251E+00  0.1345E-01  0.7075E-02  0.2163E-03  0.0000E+00  0.0000E+00
  0.2359E-01  0.2728E-01  0.3655E-03  0.3646E-02  0.0000E+00  0.5294E-05
 Relative number of events:
  0.6275E-01  0.6400E-01  0.6000E-02  0.3750E-02  0.0000E+00  0.0000E+00
  0.6500E-01  0.6750E-01  0.7000E-02  0.6000E-02  0.0000E+00  0.0000E+00
  0.6275E-01  0.7200E-01  0.3750E-02  0.5750E-02  0.0000E+00  0.0000E+00
  0.7275E-01  0.7125E-01  0.7000E-02  0.6250E-02  0.0000E+00  0.0000E+00
  0.4750E-01  0.4525E-01  0.6750E-02  0.5250E-02  0.0000E+00  0.0000E+00
  0.4625E-01  0.4575E-01  0.8250E-02  0.7000E-02  0.0000E+00  0.0000E+00
  0.4575E-01  0.4450E-01  0.9250E-02  0.7750E-02  0.0000E+00  0.0000E+00
  0.4300E-01  0.4200E-01  0.5750E-02  0.6250E-02  0.0000E+00  0.2500E-03
 Events:
         251         256          24          15           0           0
         260         270          28          24           0           0
         251         288          15          23           0           0
         291         285          28          25           0           0
         190         181          27          21           0           0
         185         183          33          28           0           0
         183         178          37          31           0           0
         172         168          23          25           0           1
 Accuracy:    0.276   0.100   0.149   3.418
 Found          102  events.
 Wrote            9  events.
 Actual xsec    4.4969400775449775E-014
 Correct abs xsec    4.4969400775449775E-014
 Event xsec    4.4969400775449762E-014
 Events wgts > 1:            0
 % Cross section > 1:    0.0000000000000000        0.0000000000000000     
 Iteration  4   Mean: 0.5663E-13 Abs mean: 0.5663E-13   Fluctuation:  0.123E-13   0.701E-10    76.3%
  4    0.5663E-13 0.5663E-13 +- 0.1230E-13     19.43
 Relative summed weights:
  0.2093E+00  0.3088E-01  0.1055E-02  0.5641E-02  0.0000E+00  0.0000E+00
  0.2079E-01  0.2438E-01  0.3314E-03  0.9687E-03  0.1089E-06  0.4714E-08
  0.3509E-01  0.1935E-01  0.1448E-02  0.1193E-01  0.1167E-05  0.0000E+00
  0.4941E-01  0.3698E-01  0.3740E-02  0.1121E-01  0.0000E+00  0.0000E+00
  0.3502E-01  0.4134E-01  0.1095E-02  0.1275E-01  0.0000E+00  0.6531E-07
  0.4728E-01  0.5835E-01  0.1899E-02  0.3630E-02  0.0000E+00  0.0000E+00
  0.4602E-01  0.1715E+00  0.1608E-02  0.1303E-01  0.0000E+00  0.4420E-07
  0.5062E-01  0.4218E-01  0.4289E-02  0.6824E-02  0.0000E+00  0.0000E+00
 Relative number of events:
  0.6600E-01  0.6600E-01  0.6500E-02  0.6250E-02  0.0000E+00  0.0000E+00
  0.6325E-01  0.6363E-01  0.4875E-02  0.4125E-02  0.1250E-03  0.1250E-03
  0.6875E-01  0.6650E-01  0.6875E-02  0.6250E-02  0.1250E-03  0.0000E+00
  0.6375E-01  0.6563E-01  0.6875E-02  0.6750E-02  0.0000E+00  0.0000E+00
  0.4850E-01  0.4412E-01  0.7750E-02  0.7125E-02  0.0000E+00  0.1250E-03
  0.4437E-01  0.4475E-01  0.8625E-02  0.9375E-02  0.0000E+00  0.0000E+00
  0.4525E-01  0.4525E-01  0.8875E-02  0.7250E-02  0.0000E+00  0.1250E-03
  0.4612E-01  0.4512E-01  0.6250E-02  0.8625E-02  0.0000E+00  0.0000E+00
 Events:
         528         528          52          50           0           0
         506         509          39          33           1           1
         550         532          55          50           1           0
         510         525          55          54           0           0
         388         353          62          57           0           1
         355         358          69          75           0           0
         362         362          71          58           0           1
         369         361          50          69           0           0
 Accuracy:    0.183   0.100   0.123   2.217
 Found          458  events.
 Wrote            4  events.
 Actual xsec    4.8213672399591470E-014
 Correct abs xsec    4.8213672399591470E-014
 Event xsec    4.8213672399591470E-014
 Events wgts > 1:            1
 % Cross section > 1:    1.6268130316261543E-021   3.3741736537786302E-006
 Iteration  5   Mean: 0.4652E-13 Abs mean: 0.4652E-13   Fluctuation:  0.376E-14   0.297E-10    77.2%
  5    0.4652E-13 0.4652E-13 +- 0.3762E-14     10.23
 Relative summed weights:
  0.4676E-01  0.5320E-01  0.1668E-02  0.2473E-02  0.0000E+00  0.0000E+00
  0.4498E-01  0.4121E-01  0.5177E-02  0.2179E-02  0.0000E+00  0.8159E-08
  0.4695E-01  0.5439E-01  0.2206E-02  0.4642E-02  0.1641E-06  0.0000E+00
  0.5381E-01  0.9821E-01  0.5622E-02  0.3896E-02  0.5415E-06  0.0000E+00
  0.6618E-01  0.7376E-01  0.2187E-02  0.7800E-02  0.0000E+00  0.0000E+00
  0.7876E-01  0.6818E-01  0.3131E-02  0.4328E-02  0.0000E+00  0.0000E+00
  0.5450E-01  0.4595E-01  0.2444E-02  0.6715E-02  0.0000E+00  0.5477E-04
  0.4197E-01  0.4855E-01  0.2493E-01  0.3189E-02  0.0000E+00  0.0000E+00
 Relative number of events:
  0.6525E-01  0.6581E-01  0.5313E-02  0.7000E-02  0.0000E+00  0.0000E+00
  0.6713E-01  0.6725E-01  0.6375E-02  0.6313E-02  0.0000E+00  0.6250E-04
  0.6850E-01  0.6800E-01  0.6437E-02  0.5750E-02  0.1250E-03  0.0000E+00
  0.6469E-01  0.6850E-01  0.5500E-02  0.6375E-02  0.6250E-04  0.0000E+00
  0.4312E-01  0.4500E-01  0.7938E-02  0.7063E-02  0.0000E+00  0.0000E+00
  0.4456E-01  0.4319E-01  0.7188E-02  0.7000E-02  0.0000E+00  0.0000E+00
  0.4456E-01  0.4481E-01  0.8250E-02  0.7313E-02  0.0000E+00  0.6250E-04
  0.4531E-01  0.4469E-01  0.7437E-02  0.8063E-02  0.0000E+00  0.0000E+00
 Events:
        1044        1053          85         112           0           0
        1074        1076         102         101           0           1
        1096        1088         103          92           2           0
        1035        1096          88         102           1           0
         690         720         127         113           0           0
         713         691         115         112           0           0
         713         717         132         117           0           1
         725         715         119         129           0           0
 Accuracy:    0.091   0.100   0.068   1.798
 Finished due to accuracy    9.0622228215571199E-002  0.10000000000000001     

 -------------------------------------------------------------------------------
 Accumulated results:   Integral =  0.4718E-13
                        Std dev  =  0.3189E-14
                       Cross sec =  0.4718E-13
             Chi**2 per DoF.     =      1.7976
 -------------------------------------------------------------------------------
 Found          838  events.
 Wrote           23  events.
 Actual xsec    4.5725004321386308E-014
 Correct abs xsec    4.5725004321386308E-014
 Event xsec    4.5725004321386327E-014
 Events wgts > 1:            1
 % Cross section > 1:    3.2410014831968905E-016  0.70880288177053741     
-------------------------------------------------
---------------------------
 Results Last   3 iters: Integral =   0.4573E-13
                     Abs integral =   0.4573E-13
                          Std dev =   0.3183E-14
                  Chi**2 per DoF. =      1.9985
-------------------------------------------------
---------------------------
 Status  0.10000000000000001                6           5

ls status:
events.lhe
ftn26
input_app.txt
results.dat
run1_app.log
