 Process in group number            1
 A PDF is used, so alpha_s(MZ) is going to be modified
 Old value of alpha_s from param_card:   0.11839999999999999     
  ****************************************
 
       NNPDFDriver version 1.0.3
   Grid: NNPDF23_lo_as_0130_qed_mem0.grid
  ****************************************
 New value of alpha_s from PDF nn23lo1:  0.13000000000000000     
 Define smin to   1600.0000000000000     
 Define smin to   1600.0000000000000     
 Define smin to   1600.0000000000000     
 *****************************************************
 *               MadGraph/MadEvent                   *
 *        --------------------------------           *
 *          http://madgraph.hep.uiuc.edu             *
 *          http://madgraph.phys.ucl.ac.be           *
 *          http://madgraph.roma2.infn.it            *
 *        --------------------------------           *
 *                                                   *
 *          PARAMETER AND COUPLING VALUES            *
 *                                                   *
 *****************************************************

  External Params
  ---------------------------------
  
 mdl_VeN1 =    1.0000000000000000     
 mdl_VeN2 =    0.0000000000000000     
 mdl_VeN3 =    0.0000000000000000     
 mdl_VmuN1 =    0.0000000000000000     
 mdl_VmuN2 =    1.0000000000000000     
 mdl_VmuN3 =    0.0000000000000000     
 mdl_VtaN1 =    0.0000000000000000     
 mdl_VtaN2 =    0.0000000000000000     
 mdl_VtaN3 =    1.0000000000000000     
 mdl_VN1N1 =    1.0000000000000000     
 mdl_VN1N2 =    1.0000000000000000     
 mdl_VN1N3 =    1.0000000000000000     
 mdl_VN2N2 =    1.0000000000000000     
 mdl_VN2N3 =    1.0000000000000000     
 mdl_VN3N3 =    1.0000000000000000     
 aEWM1 =    127.90000000000001     
 mdl_Gf =    1.1663700000000000E-005
 aS =   0.11839999999999999     
 mdl_ymt =    172.00000000000000     
 mdl_vevf =    50.000000000000000     
 mdl_MZ =    91.187600000000003     
 mdl_MT =    172.00000000000000     
 mdl_MH =    125.00000000000000     
 mdl_mN1 =    510.00000000000000     
 mdl_mN2 =    610.00000000000000     
 mdl_mN3 =    710.00000000000000     
 mdl_MJ =    91.187600000000003     
 mdl_MAx =    173.04800000000000     
 mdl_WZ =    2.4952000000000001     
 mdl_WW =    2.0850000000000000     
 mdl_WT =    1.5083359999999999     
 mdl_WH =    4.0699999999999998E-003
 mdl_WN1 =   0.30299999999999999     
 mdl_WN2 =    1.5000000000000000     
 mdl_WN3 =    12.300000000000001     
 mdl_WJ =    2.4952000000000001     
 mdl_WAx =    4.1700000000000001E-003
  Internal Params
  ---------------------------------
  
 mdl_vevf__exp__2 =    2500.0000000000000     
 mdl_sqrt__vevf__exp__2 =    50.000000000000000     
 mdl_muJ =    50.000000000000000     
 mdl_MZ__exp__2 =    8315.1783937600012     
 mdl_MZ__exp__4 =    69142191.720053151     
 mdl_sqrt__2 =    1.4142135623730951     
 mdl_MJ__exp__2 =    8315.1783937600012     
 mdl_muJ__exp__2 =    2500.0000000000000     
 mdl_lamJ =    4.3260713575040004     
 mdl_MH__exp__2 =    15625.000000000000     
 mdl_complexi =  (  0.0000000000000000     ,  1.0000000000000000     )
 mdl_aEW =    7.8186082877247844E-003
 mdl_MW =    79.824359746197842     
 mdl_sqrt__aEW =    8.8422894590285753E-002
 mdl_ee =   0.31345100004952897     
 mdl_MW__exp__2 =    6371.9284088904105     
 mdl_sw2 =   0.23369913342182447     
 mdl_cw =   0.87538612427783857     
 mdl_sqrt__sw2 =   0.48342438232036300     
 mdl_sw =   0.48342438232036300     
 mdl_g1 =   0.35807170271074895     
 mdl_gN =   0.64839716719502682     
 mdl_gw =   0.64839716719502682     
 mdl_vev =    246.22056907348590     
 mdl_vev__exp__2 =    60624.568634871241     
 mdl_lam =   0.12886689630821144     
 mdl_yt =   0.98791394091683138     
 mdl_muH =    88.388347648318444     
 mdl_I2a33 =  ( 0.98791394091683138     ,  0.0000000000000000     )
 mdl_I3a33 =  ( 0.98791394091683138     ,  0.0000000000000000     )
 mdl_ee__exp__2 =    9.8251529432049817E-002
 mdl_sw__exp__2 =   0.23369913342182450     
 mdl_cw__exp__2 =   0.76630086657817542     
  Internal Params evaluated point by point
  ----------------------------------------
  
 mdl_sqrt__aS =   0.34409301068170506     
 mdl_G__exp__2 =    1.4878582807401259     
  Couplings of SM_HeavyN_UFO
  ---------------------------------
  
         GC_1 =  -0.00000E+00  -0.10448E+00
         GC_2 =   0.00000E+00   0.20897E+00
         GC_3 =  -0.00000E+00  -0.31345E+00
         GC_4 =   0.00000E+00   0.31345E+00
        GC_26 =   0.00000E+00   0.45849E+00
        GC_27 =  -0.00000E+00  -0.28380E+00
        GC_28 =   0.00000E+00   0.28380E+00
        GC_30 =   0.00000E+00   0.56760E+00
        GC_35 =  -0.00000E+00  -0.28850E-01
        GC_37 =   0.00000E+00   0.17310E+00
        GC_39 =   0.00000E+00  -0.19725E+00
        GC_40 =   0.00000E+00   0.37035E+00
        GC_80 =   0.00000E+00   0.67543E+02
       GC_107 =  -0.00000E+00  -0.74070E+00
       GC_109 =  -0.00000E+00  -0.74070E+00
       GC_111 =  -0.00000E+00  -0.74070E+00
       GC_113 =  -0.00000E+00  -0.74070E+00
       GC_115 =  -0.00000E+00  -0.74070E+00
       GC_117 =  -0.00000E+00  -0.74070E+00
       GC_119 =   0.00000E+00   0.00000E+00
       GC_120 =   0.00000E+00   0.00000E+00
       GC_122 =  -0.00000E+00  -0.00000E+00
       GC_126 =   0.00000E+00   0.00000E+00
       GC_127 =   0.00000E+00   0.00000E+00
       GC_129 =  -0.00000E+00  -0.00000E+00
       GC_133 =   0.00000E+00   0.45849E+00
       GC_134 =   0.00000E+00   0.37035E+00
       GC_136 =  -0.00000E+00  -0.28836E+01
        GC_81 =   0.10200E+02   0.00000E+00
        GC_82 =   0.12200E+02   0.00000E+00
        GC_83 =   0.14200E+02   0.00000E+00

 Collider parameters:
 --------------------

 Running at P P   machine @    13000.000000000000       GeV
 PDF set = nn23lo1
 alpha_s(Mz)= 0.1300 running at 2 loops.
 alpha_s(Mz)= 0.1300 running at 2 loops.
 Renormalization scale set on event-by-event basis
 Factorization   scale set on event-by-event basis


 getting user params
Enter number of events and max and min iterations: 
 Number of events and iterations         1000           5           3
Enter desired fractional accuracy: 
 Desired fractional accuracy:   0.10000000000000001     
Enter 0 for fixed, 2 for adjustable grid: 
Suppress amplitude (0 no, 1 yes)? 
 Using suppressed amplitude.
Exact helicity sum (0 yes, n = number/event)? 
 Explicitly summing over helicities
Enter Configuration Number: 
Running Configuration Number:  273
 Using dconfig=         206
 BW Setting            2           2           1           1           2           0           0
 Attempting mappinvarients           1           9
 Completed mapping           9
 about to integrate           19        1000           5           3          19           1
 Using non-zero grid deformation.
 19 dimensions   1000 events 19 invarients  5 iterations  1 config(s),  (0.99)
 Using h-tuple random number sequence.
 Error opening grid
 Using Uniform Grid!          36
 Using uniform alpha   1.0000000000000000     
 Grid defined OK
 Set CM energy to      13000.00
 Mapping Graph         273  to config         273
Setting grid   1    0.75740E-07   1
Setting grid   2    0.75740E-07   1
 Setting BW          -3           3   710.00000000000000     
 Setting BW          -4           4   91.187600000000003     
Setting grid   5    0.36660E-04   1
Setting grid   6    0.31292E-02   1
 Transforming s_hat 1/s           18   3.1292113087252075E-003   1600.0000000000000        168999999.99999997     
 273   1   2   3   4   5   6   7   8   9  10  11  12  13  14
  15  16  17  18  19
 Masses: 0.000E+00 0.000E+00 0.000E+00 0.000E+00 0.000E+00 0.000E+00 0.000E+00 0.000E+00 0.912E+02
Using random seed offsets   273 :      1
  with seed                   24
 Ranmar initialization seeds           3        9398
 
 ********************************************
 * You are using the DiscreteSampler module *
 *      part of the MG5_aMC framework       *
 *         Author: Valentin Hirschi         *
 ********************************************
 
  Particle       3       4       5       6       7       8       9
      Et >    10.0    10.0    10.0    10.0     0.0     0.0     0.0
       E >     0.0     0.0     0.0     0.0     0.0     0.0     0.0
     Eta <     2.5     2.5     2.5     2.5    -1.0    -1.0    -1.0
   xqcut:      0.0     0.0     0.0     0.0     0.0     0.0     0.0
d R # 3  >    -0.0     0.4     0.4     0.4     0.0     0.0     0.0
d R # 4  >    -0.0    -0.0     0.4     0.4     0.0     0.0     0.0
d R # 5  >    -0.0    -0.0    -0.0     0.4     0.0     0.0     0.0
d R # 6  >    -0.0    -0.0    -0.0    -0.0     0.0     0.0     0.0
d R # 7  >    -0.0    -0.0    -0.0    -0.0    -0.0     0.0     0.0
d R # 8  >    -0.0    -0.0    -0.0    -0.0    -0.0    -0.0     0.0
s min # 3>     0.0     0.0     0.0     0.0     0.0     0.0     0.0
s min # 4>     0.0     0.0     0.0     0.0     0.0     0.0     0.0
s min # 5>     0.0     0.0     0.0     0.0     0.0     0.0     0.0
s min # 6>     0.0     0.0     0.0     0.0     0.0     0.0     0.0
s min # 7>     0.0     0.0     0.0     0.0     0.0     0.0     0.0
s min # 8>     0.0     0.0     0.0     0.0     0.0     0.0     0.0
xqcutij # 3>     0.0     0.0     0.0     0.0     0.0     0.0     0.0
xqcutij # 4>     0.0     0.0     0.0     0.0     0.0     0.0     0.0
xqcutij # 5>     0.0     0.0     0.0     0.0     0.0     0.0     0.0
xqcutij # 6>     0.0     0.0     0.0     0.0     0.0     0.0     0.0
xqcutij # 7>     0.0     0.0     0.0     0.0     0.0     0.0     0.0
xqcutij # 8>     0.0     0.0     0.0     0.0     0.0     0.0     0.0
 Excluding BW           -1           1
 Excluding BW           -2           2
 Requiring BW           -3           3
 Requiring BW           -4           4
 Excluding BW           -6           5
 alpha_s for scale    878.10447669900395       is    9.4533733365068817E-002
 Added good helicity            1   1.1660833520172851       in event            1 local:           1
 Added good helicity           21   1.8613762347043861E-006  in event            1 local:           1
 Added good helicity           25   2.0055030417113564E-005  in event            1 local:           1
 Added good helicity           37   3.7460207417696813E-003  in event            1 local:           1
 Added good helicity           41   21.803420483246406       in event            1 local:           1
 Added good helicity           61   2.8928473110299247E-005  in event            1 local:           1
 Added good helicity          193   229.98688409395945       in event            1 local:           1
 Added good helicity          213   7.5338761291006938E-004  in event            1 local:           1
 Added good helicity          217   1.3620354606024940E-004  in event            1 local:           1
 Added good helicity          229   1.5086935849633856E-002  in event            1 local:           1
 Added good helicity          233   3.0238217311794369       in event            1 local:           1
 Added good helicity          253   1.6946967246513481E-005  in event            1 local:           1
 Added good helicity            1   1.1660833520172964       in event            1 local:           1
 Added good helicity           21   1.8613762347043946E-006  in event            1 local:           1
 Added good helicity           25   2.0055030417113696E-005  in event            1 local:           1
 Added good helicity           37   3.7460207417697221E-003  in event            1 local:           1
 Added good helicity           41   21.803420483246637       in event            1 local:           1
 Added good helicity           61   2.8928473110298854E-005  in event            1 local:           1
 Added good helicity          193   229.98688409395919       in event            1 local:           1
 Added good helicity          213   7.5338761291006472E-004  in event            1 local:           1
 Added good helicity          217   1.3620354606025181E-004  in event            1 local:           1
 Added good helicity          229   1.5086935849633960E-002  in event            1 local:           1
 Added good helicity          233   3.0238217311794835       in event            1 local:           1
 Added good helicity          253   1.6946967246513840E-005  in event            1 local:           1
 RESET CUMULATIVE VARIABLE
 RESET CUMULATIVE VARIABLE
 RESET CUMULATIVE VARIABLE
 Iteration  1   Mean: 0.1732E-09 Abs mean: 0.1732E-09   Fluctuation:  0.157E-09   0.157E-06    10.5%
  1    0.1732E-09 0.1732E-09 +- 0.1571E-09     28.68
 Writing out events   3.3071308465774655E-013   28.678245913998008     
 Relative summed weights:
  0.1527E-03  0.5796E-06  0.1207E-03  0.2036E-04  0.0000E+00  0.0000E+00
  0.4238E-03  0.4064E-02  0.1464E-03  0.3672E-03  0.4234E-07  0.3046E-08
  0.2367E-01  0.9059E+00  0.4082E-03  0.2964E-02  0.2004E-09  0.1472E-07
  0.4304E-03  0.1822E-02  0.4443E-01  0.2713E-04  0.0000E+00  0.0000E+00
  0.7354E-04  0.1714E-02  0.5389E-03  0.9931E-07  0.0000E+00  0.0000E+00
  0.1031E-02  0.4306E-02  0.2735E-02  0.3104E-03  0.3293E-06  0.2784E-06
  0.1430E-03  0.3566E-03  0.1989E-03  0.2809E-02  0.2249E-05  0.7519E-13
  0.3928E-03  0.2157E-03  0.8327E-06  0.1827E-03  0.0000E+00  0.0000E+00
 Relative number of events:
  0.1388E-01  0.8920E-02  0.4955E-02  0.5946E-02  0.0000E+00  0.0000E+00
  0.4856E-01  0.4955E-01  0.4856E-01  0.6442E-01  0.9911E-03  0.1982E-02
  0.5253E-01  0.5550E-01  0.6145E-01  0.6244E-01  0.9911E-03  0.1982E-02
  0.1288E-01  0.1487E-01  0.6938E-02  0.8920E-02  0.0000E+00  0.0000E+00
  0.7929E-02  0.1090E-01  0.5946E-02  0.9911E-03  0.0000E+00  0.0000E+00
  0.4658E-01  0.4559E-01  0.4658E-01  0.5550E-01  0.1982E-02  0.1982E-02
  0.4955E-01  0.5154E-01  0.4559E-01  0.6838E-01  0.9911E-03  0.9911E-03
  0.9911E-02  0.1586E-01  0.3964E-02  0.2973E-02  0.0000E+00  0.0000E+00
 Events:
          14           9           5           6           0           0
          49          50          49          65           1           2
          53          56          62          63           1           2
          13          15           7           9           0           0
           8          11           6           1           0           0
          47          46          47          56           2           2
          50          52          46          69           1           1
          10          16           4           3           0           0
 Iteration  2   Mean: 0.2029E-10 Abs mean: 0.2029E-10   Fluctuation:  0.134E-10   0.260E-07    33.5%
  2    0.2029E-10 0.2029E-10 +- 0.1339E-10     29.52
 Relative summed weights:
  0.7429E-02  0.2258E-02  0.1023E-04  0.6056E-04  0.0000E+00  0.0000E+00
  0.2658E-02  0.3865E-03  0.5902E-02  0.2054E-02  0.3346E-07  0.1218E+00
  0.1521E-02  0.6571E-03  0.1903E-02  0.3525E-01  0.1137E-05  0.1221E-07
  0.6414E+00  0.4006E-04  0.1372E-04  0.9730E-05  0.0000E+00  0.5544E-08
  0.1174E-01  0.2712E-04  0.2681E-03  0.4452E-02  0.7346E-11  0.0000E+00
  0.1613E-01  0.1162E+00  0.7063E-03  0.2075E-02  0.2433E-05  0.1024E-05
  0.5929E-02  0.2413E-03  0.1611E-01  0.9323E-03  0.2506E-05  0.1694E-07
  0.4645E-04  0.2549E-03  0.4060E-04  0.1451E-02  0.0000E+00  0.0000E+00
 Relative number of events:
  0.1250E-01  0.1150E-01  0.3000E-02  0.5500E-02  0.0000E+00  0.0000E+00
  0.5700E-01  0.5600E-01  0.5150E-01  0.5550E-01  0.5000E-03  0.1500E-02
  0.5500E-01  0.5250E-01  0.5700E-01  0.5500E-01  0.5000E-03  0.1000E-02
  0.1850E-01  0.1350E-01  0.4000E-02  0.3500E-02  0.0000E+00  0.5000E-03
  0.1500E-01  0.1200E-01  0.8000E-02  0.5500E-02  0.5000E-03  0.0000E+00
  0.5400E-01  0.5450E-01  0.5000E-01  0.4600E-01  0.1000E-02  0.2500E-02
  0.4750E-01  0.4900E-01  0.5550E-01  0.4800E-01  0.1000E-02  0.5000E-03
  0.1600E-01  0.8500E-02  0.3000E-02  0.6500E-02  0.0000E+00  0.0000E+00
 Events:
          25          23           6          11           0           0
         114         112         103         111           1           3
         110         105         114         110           1           2
          37          27           8           7           0           1
          30          24          16          11           1           0
         108         109         100          92           2           5
          95          98         111          96           2           1
          32          17           6          13           0           0
 Iteration  3   Mean: 0.1337E-09 Abs mean: 0.1337E-09   Fluctuation:  0.119E-09   0.476E-06    47.8%
  3    0.1337E-09 0.1337E-09 +- 0.1191E-09     56.34
 Relative summed weights:
  0.1817E-03  0.7826E-04  0.8422E-02  0.3666E-01  0.2646E-05  0.0000E+00
  0.9925E-03  0.6472E-02  0.3183E-02  0.3015E-03  0.1009E-02  0.3552E-08
  0.6596E-03  0.7098E-03  0.2398E-03  0.2396E-03  0.4303E-08  0.0000E+00
  0.3060E-04  0.3042E-03  0.1438E-05  0.1630E-04  0.0000E+00  0.0000E+00
  0.2350E-04  0.1451E-02  0.8053E-04  0.1238E-04  0.0000E+00  0.0000E+00
  0.6880E-03  0.3215E-02  0.6834E-02  0.8903E+00  0.1509E-09  0.1672E-04
  0.9625E-02  0.1752E-02  0.6116E-02  0.1846E-01  0.8460E-06  0.1742E-06
  0.7731E-03  0.1107E-02  0.5443E-05  0.1940E-05  0.0000E+00  0.0000E+00
 Relative number of events:
  0.1200E-01  0.1325E-01  0.4500E-02  0.2750E-02  0.2500E-03  0.0000E+00
  0.5125E-01  0.5050E-01  0.5175E-01  0.5675E-01  0.1500E-02  0.2500E-03
  0.5800E-01  0.4725E-01  0.5150E-01  0.5800E-01  0.1000E-02  0.0000E+00
  0.1300E-01  0.1225E-01  0.4000E-02  0.5500E-02  0.0000E+00  0.0000E+00
  0.1200E-01  0.1325E-01  0.4250E-02  0.6250E-02  0.0000E+00  0.0000E+00
  0.5250E-01  0.5475E-01  0.4725E-01  0.5275E-01  0.5000E-03  0.1000E-02
  0.5775E-01  0.6050E-01  0.4825E-01  0.5250E-01  0.1250E-02  0.1250E-02
  0.1375E-01  0.1500E-01  0.5750E-02  0.4250E-02  0.0000E+00  0.0000E+00
 Events:
          48          53          18          11           1           0
         205         202         207         227           6           1
         232         189         206         232           4           0
          52          49          16          22           0           0
          48          53          17          25           0           0
         210         219         189         211           2           4
         231         242         193         210           5           5
          55          60          23          17           0           0
 Accuracy:    0.538   0.100   0.458   1.381
 Found           70  events.
 Wrote            1  events.
 Actual xsec    8.9223002223158392E-011
 Correct abs xsec    8.9223002223158392E-011
 Event xsec    8.9223002223158392E-011
 Events wgts > 1:            1
 % Cross section > 1:    6.7827733860576185E-018   7.6020456799839757E-006
 Iteration  4   Mean: 0.6581E-11 Abs mean: 0.6581E-11   Fluctuation:  0.190E-11   0.101E-07    52.3%
  4    0.6581E-11 0.6581E-11 +- 0.1900E-11     25.82
 Relative summed weights:
  0.1174E-02  0.1086E-01  0.2982E-02  0.4418E-03  0.2090E-11  0.5513E-07
  0.1578E-01  0.1233E-01  0.5272E-01  0.5820E-02  0.4117E-03  0.6909E-04
  0.1018E+00  0.1977E+00  0.3242E-01  0.4971E-02  0.1103E-07  0.6604E-08
  0.2874E-02  0.9427E-01  0.1335E-01  0.7966E-03  0.9260E-10  0.4038E-04
  0.2625E-01  0.1294E-02  0.7142E-03  0.2014E-03  0.0000E+00  0.1583E-08
  0.1391E-01  0.5411E-02  0.1588E-01  0.2690E-01  0.8371E-06  0.4973E-05
  0.1090E-01  0.2164E-01  0.3326E-01  0.2232E+00  0.8157E-07  0.2866E-04
  0.1232E-02  0.2184E-02  0.1470E-01  0.5135E-01  0.1362E-03  0.0000E+00
 Relative number of events:
  0.1487E-01  0.1250E-01  0.5125E-02  0.5375E-02  0.1250E-03  0.1250E-03
  0.5750E-01  0.5550E-01  0.5488E-01  0.4900E-01  0.2375E-02  0.2125E-02
  0.5663E-01  0.5475E-01  0.5200E-01  0.5038E-01  0.8750E-03  0.5000E-03
  0.1188E-01  0.1287E-01  0.4875E-02  0.3000E-02  0.1250E-03  0.1250E-03
  0.1137E-01  0.1137E-01  0.4375E-02  0.5000E-02  0.0000E+00  0.1250E-03
  0.5675E-01  0.4913E-01  0.5625E-01  0.5162E-01  0.7500E-03  0.1000E-02
  0.5262E-01  0.5275E-01  0.5400E-01  0.4662E-01  0.1000E-02  0.8750E-03
  0.1275E-01  0.1375E-01  0.4625E-02  0.5625E-02  0.1250E-03  0.0000E+00
 Events:
         119         100          41          43           1           1
         460         444         439         392          19          17
         453         438         416         403           7           4
          95         103          39          24           1           1
          91          91          35          40           0           1
         454         393         450         413           6           8
         421         422         432         373           8           7
         102         110          37          45           1           0
 Accuracy:    0.997   0.100   0.244  16.680
 Found           33  events.
 Wrote            7  events.
 Actual xsec    1.8901831117293979E-011
 Correct abs xsec    1.8901831117293979E-011
 Event xsec    1.8901831117293979E-011
 Events wgts > 1:            1
 % Cross section > 1:    1.2317437691733667E-019   6.5165314488838024E-007
 Iteration  5   Mean: 0.2460E-10 Abs mean: 0.2460E-10   Fluctuation:  0.723E-11   0.885E-07    52.9%
  5    0.2460E-10 0.2460E-10 +- 0.7226E-11     37.16
 Relative summed weights:
  0.1957E-02  0.3184E-01  0.2454E-01  0.1966E-01  0.2487E-09  0.0000E+00
  0.3871E-01  0.9871E-02  0.1878E-01  0.3372E-01  0.1256E-06  0.1027E-04
  0.1567E-01  0.4262E-01  0.1147E-01  0.1005E-01  0.5038E-06  0.5487E-04
  0.5404E-02  0.1700E-01  0.7036E-02  0.1075E-02  0.7038E-05  0.0000E+00
  0.2108E-02  0.9967E-02  0.6184E-02  0.1301E+00  0.8614E-07  0.1833E-09
  0.6607E-02  0.1125E-01  0.1194E-01  0.9149E-02  0.1579E-04  0.2887E-04
  0.1357E-01  0.2663E+00  0.3548E-01  0.1342E-01  0.3229E-04  0.8748E-06
  0.3550E-02  0.9047E-01  0.9790E-01  0.2420E-02  0.3939E-06  0.0000E+00
 Relative number of events:
  0.1394E-01  0.1306E-01  0.3938E-02  0.4375E-02  0.1250E-03  0.0000E+00
  0.5794E-01  0.5669E-01  0.5150E-01  0.5175E-01  0.8125E-03  0.8750E-03
  0.5531E-01  0.5656E-01  0.5369E-01  0.5150E-01  0.1437E-02  0.8750E-03
  0.1156E-01  0.1087E-01  0.6313E-02  0.5188E-02  0.6250E-04  0.0000E+00
  0.1425E-01  0.1194E-01  0.5188E-02  0.3938E-02  0.6250E-04  0.6250E-04
  0.5594E-01  0.5406E-01  0.5119E-01  0.4681E-01  0.5625E-03  0.1000E-02
  0.5563E-01  0.5556E-01  0.5169E-01  0.4819E-01  0.6875E-03  0.8125E-03
  0.1156E-01  0.1306E-01  0.4562E-02  0.4687E-02  0.1875E-03  0.0000E+00
 Events:
         223         209          63          70           2           0
         927         907         824         828          13          14
         885         905         859         824          23          14
         185         174         101          83           1           0
         228         191          83          63           1           1
         895         865         819         749           9          16
         890         889         827         771          11          13
         185         209          73          75           3           0
 Accuracy:    0.719   0.100   0.188  14.672
 Found          767  events.
 Wrote            3  events.
 Actual xsec    2.1431329185817344E-011
 Correct abs xsec    2.1431329185817344E-011
 Event xsec    2.1431329185817344E-011
 Events wgts > 1:            1
 % Cross section > 1:    1.3974550609079976E-018   6.5206177777941759E-006

 -------------------------------------------------------------------------------
 Accumulated results:   Integral =  0.2785E-10
                        Std dev  =  0.5229E-11
                       Cross sec =  0.2785E-10
             Chi**2 per DoF.     =     14.6716
 -------------------------------------------------------------------------------
-------------------------------------------------
---------------------------
 Results Last   3 iters: Integral =   0.2143E-10
                     Abs integral =   0.2143E-10
                          Std dev =   0.4299E-11
                  Chi**2 per DoF. =     31.0982
-------------------------------------------------
---------------------------
 Status  0.10000000000000001                6           5

ls status:
events.lhe
ftn26
input_app.txt
results.dat
run1_app.log
