 Process in group number            1
 A PDF is used, so alpha_s(MZ) is going to be modified
 Old value of alpha_s from param_card:   0.11839999999999999     
  ****************************************
 
       NNPDFDriver version 1.0.3
   Grid: NNPDF23_lo_as_0130_qed_mem0.grid
  ****************************************
 New value of alpha_s from PDF nn23lo1:  0.13000000000000000     
 Define smin to   1600.0000000000000     
 Define smin to   1600.0000000000000     
 Define smin to   1600.0000000000000     
 *****************************************************
 *               MadGraph/MadEvent                   *
 *        --------------------------------           *
 *          http://madgraph.hep.uiuc.edu             *
 *          http://madgraph.phys.ucl.ac.be           *
 *          http://madgraph.roma2.infn.it            *
 *        --------------------------------           *
 *                                                   *
 *          PARAMETER AND COUPLING VALUES            *
 *                                                   *
 *****************************************************

  External Params
  ---------------------------------
  
 mdl_VeN1 =    1.0000000000000000     
 mdl_VeN2 =    0.0000000000000000     
 mdl_VeN3 =    0.0000000000000000     
 mdl_VmuN1 =    0.0000000000000000     
 mdl_VmuN2 =    1.0000000000000000     
 mdl_VmuN3 =    0.0000000000000000     
 mdl_VtaN1 =    0.0000000000000000     
 mdl_VtaN2 =    0.0000000000000000     
 mdl_VtaN3 =    1.0000000000000000     
 mdl_VN1N1 =    1.0000000000000000     
 mdl_VN1N2 =    1.0000000000000000     
 mdl_VN1N3 =    1.0000000000000000     
 mdl_VN2N2 =    1.0000000000000000     
 mdl_VN2N3 =    1.0000000000000000     
 mdl_VN3N3 =    1.0000000000000000     
 aEWM1 =    127.90000000000001     
 mdl_Gf =    1.1663700000000000E-005
 aS =   0.11839999999999999     
 mdl_ymt =    172.00000000000000     
 mdl_vevf =    50.000000000000000     
 mdl_MZ =    91.187600000000003     
 mdl_MT =    172.00000000000000     
 mdl_MH =    125.00000000000000     
 mdl_mN1 =    2000.0000000000000     
 mdl_mN2 =    2100.0000000000000     
 mdl_mN3 =    2200.0000000000000     
 mdl_MJ =    91.187600000000003     
 mdl_MAx =    173.04800000000000     
 mdl_WZ =    2.4952000000000001     
 mdl_WW =    2.0850000000000000     
 mdl_WT =    1.5083359999999999     
 mdl_WH =    4.0699999999999998E-003
 mdl_WN1 =   0.30299999999999999     
 mdl_WN2 =    1.5000000000000000     
 mdl_WN3 =    12.300000000000001     
 mdl_WJ =    2.4952000000000001     
 mdl_WAx =    4.1700000000000001E-003
  Internal Params
  ---------------------------------
  
 mdl_vevf__exp__2 =    2500.0000000000000     
 mdl_sqrt__vevf__exp__2 =    50.000000000000000     
 mdl_muJ =    50.000000000000000     
 mdl_MZ__exp__2 =    8315.1783937600012     
 mdl_MZ__exp__4 =    69142191.720053151     
 mdl_sqrt__2 =    1.4142135623730951     
 mdl_MJ__exp__2 =    8315.1783937600012     
 mdl_muJ__exp__2 =    2500.0000000000000     
 mdl_lamJ =    4.3260713575040004     
 mdl_MH__exp__2 =    15625.000000000000     
 mdl_complexi =  (  0.0000000000000000     ,  1.0000000000000000     )
 mdl_aEW =    7.8186082877247844E-003
 mdl_MW =    79.824359746197842     
 mdl_sqrt__aEW =    8.8422894590285753E-002
 mdl_ee =   0.31345100004952897     
 mdl_MW__exp__2 =    6371.9284088904105     
 mdl_sw2 =   0.23369913342182447     
 mdl_cw =   0.87538612427783857     
 mdl_sqrt__sw2 =   0.48342438232036300     
 mdl_sw =   0.48342438232036300     
 mdl_g1 =   0.35807170271074895     
 mdl_gN =   0.64839716719502682     
 mdl_gw =   0.64839716719502682     
 mdl_vev =    246.22056907348590     
 mdl_vev__exp__2 =    60624.568634871241     
 mdl_lam =   0.12886689630821144     
 mdl_yt =   0.98791394091683138     
 mdl_muH =    88.388347648318444     
 mdl_I2a33 =  ( 0.98791394091683138     ,  0.0000000000000000     )
 mdl_I3a33 =  ( 0.98791394091683138     ,  0.0000000000000000     )
 mdl_ee__exp__2 =    9.8251529432049817E-002
 mdl_sw__exp__2 =   0.23369913342182450     
 mdl_cw__exp__2 =   0.76630086657817542     
  Internal Params evaluated point by point
  ----------------------------------------
  
 mdl_sqrt__aS =   0.34409301068170506     
 mdl_G__exp__2 =    1.4878582807401259     
  Couplings of SM_HeavyN_UFO
  ---------------------------------
  
         GC_1 =  -0.00000E+00  -0.10448E+00
         GC_2 =   0.00000E+00   0.20897E+00
         GC_3 =  -0.00000E+00  -0.31345E+00
         GC_4 =   0.00000E+00   0.31345E+00
        GC_26 =   0.00000E+00   0.45849E+00
        GC_27 =  -0.00000E+00  -0.28380E+00
        GC_28 =   0.00000E+00   0.28380E+00
        GC_30 =   0.00000E+00   0.56760E+00
        GC_35 =  -0.00000E+00  -0.28850E-01
        GC_37 =   0.00000E+00   0.17310E+00
        GC_39 =   0.00000E+00  -0.19725E+00
        GC_40 =   0.00000E+00   0.37035E+00
        GC_80 =   0.00000E+00   0.67543E+02
       GC_107 =  -0.00000E+00  -0.74070E+00
       GC_109 =  -0.00000E+00  -0.74070E+00
       GC_111 =  -0.00000E+00  -0.74070E+00
       GC_113 =  -0.00000E+00  -0.74070E+00
       GC_115 =  -0.00000E+00  -0.74070E+00
       GC_117 =  -0.00000E+00  -0.74070E+00
       GC_119 =   0.00000E+00   0.00000E+00
       GC_120 =   0.00000E+00   0.00000E+00
       GC_122 =  -0.00000E+00  -0.00000E+00
       GC_126 =   0.00000E+00   0.00000E+00
       GC_127 =   0.00000E+00   0.00000E+00
       GC_129 =  -0.00000E+00  -0.00000E+00
       GC_133 =   0.00000E+00   0.45849E+00
       GC_134 =   0.00000E+00   0.37035E+00
       GC_136 =  -0.00000E+00  -0.89351E+01
        GC_81 =   0.40000E+02   0.00000E+00
        GC_82 =   0.42000E+02   0.00000E+00
        GC_83 =   0.44000E+02   0.00000E+00

 Collider parameters:
 --------------------

 Running at P P   machine @    13000.000000000000       GeV
 PDF set = nn23lo1
 alpha_s(Mz)= 0.1300 running at 2 loops.
 alpha_s(Mz)= 0.1300 running at 2 loops.
 Renormalization scale set on event-by-event basis
 Factorization   scale set on event-by-event basis


 getting user params
Enter number of events and max and min iterations: 
 Number of events and iterations         1000           5           3
Enter desired fractional accuracy: 
 Desired fractional accuracy:   0.10000000000000001     
Enter 0 for fixed, 2 for adjustable grid: 
Suppress amplitude (0 no, 1 yes)? 
 Using suppressed amplitude.
Exact helicity sum (0 yes, n = number/event)? 
 Explicitly summing over helicities
Enter Configuration Number: 
Running Configuration Number:  392
 Using dconfig=         619
 BW Setting            1           2           2           1           1           2           0
 Attempting mappinvarients           1           9
 Completed mapping           9
 about to integrate           19        1000           5           3          19           1
 Using non-zero grid deformation.
 19 dimensions   1000 events 19 invarients  5 iterations  1 config(s),  (0.99)
 Using h-tuple random number sequence.
 Error opening grid
 Using Uniform Grid!          36
 Using uniform alpha   1.0000000000000000     
 Grid defined OK
 Set CM energy to      13000.00
 Mapping Graph         392  to config         392
 Setting BW          -1           1   79.824359746197842     
Setting grid   2    0.28499E-04   1
Setting grid   3    0.15259E-03   1
 Setting BW          -4           4   91.187600000000003     
 Setting BW          -5           5   2200.0000000000000     
Setting grid   6    0.31277E-01   1
 Transforming s_hat 1/s           18   3.1549601110473016E-002   1600.0000000000000        168999999.99999997     
 392   1   2   3   4   5   6   7   8   9  10  11  12  13  14
  15  16  17  18  19
 Masses: 0.000E+00 0.000E+00 0.000E+00 0.000E+00 0.000E+00 0.000E+00 0.000E+00 0.000E+00 0.912E+02
Using random seed offsets   392 :      1
  with seed                   24
 Ranmar initialization seeds         122        9398
 
 ********************************************
 * You are using the DiscreteSampler module *
 *      part of the MG5_aMC framework       *
 *         Author: Valentin Hirschi         *
 ********************************************
 
  Particle       3       4       5       6       7       8       9
      Et >    10.0    10.0    10.0    10.0     0.0     0.0     0.0
       E >     0.0     0.0     0.0     0.0     0.0     0.0     0.0
     Eta <     2.5     2.5     2.5     2.5    -1.0    -1.0    -1.0
   xqcut:      0.0     0.0     0.0     0.0     0.0     0.0     0.0
d R # 3  >    -0.0     0.4     0.4     0.4     0.0     0.0     0.0
d R # 4  >    -0.0    -0.0     0.4     0.4     0.0     0.0     0.0
d R # 5  >    -0.0    -0.0    -0.0     0.4     0.0     0.0     0.0
d R # 6  >    -0.0    -0.0    -0.0    -0.0     0.0     0.0     0.0
d R # 7  >    -0.0    -0.0    -0.0    -0.0    -0.0     0.0     0.0
d R # 8  >    -0.0    -0.0    -0.0    -0.0    -0.0    -0.0     0.0
s min # 3>     0.0     0.0     0.0     0.0     0.0     0.0     0.0
s min # 4>     0.0     0.0     0.0     0.0     0.0     0.0     0.0
s min # 5>     0.0     0.0     0.0     0.0     0.0     0.0     0.0
s min # 6>     0.0     0.0     0.0     0.0     0.0     0.0     0.0
s min # 7>     0.0     0.0     0.0     0.0     0.0     0.0     0.0
s min # 8>     0.0     0.0     0.0     0.0     0.0     0.0     0.0
xqcutij # 3>     0.0     0.0     0.0     0.0     0.0     0.0     0.0
xqcutij # 4>     0.0     0.0     0.0     0.0     0.0     0.0     0.0
xqcutij # 5>     0.0     0.0     0.0     0.0     0.0     0.0     0.0
xqcutij # 6>     0.0     0.0     0.0     0.0     0.0     0.0     0.0
xqcutij # 7>     0.0     0.0     0.0     0.0     0.0     0.0     0.0
xqcutij # 8>     0.0     0.0     0.0     0.0     0.0     0.0     0.0
 Requiring BW           -1           1
 Excluding BW           -2           2
 Excluding BW           -3           3
 Requiring BW           -4           4
 Requiring BW           -5           5
 Excluding BW           -6           6
 alpha_s for scale    5421.7441876362554       is    7.7665497624406554E-002
 Added good helicity            1   53.540208959885305       in event            1 local:           1
 Added good helicity           21   1.7464184309818520E-005  in event            1 local:           1
 Added good helicity           41   43.046584354577718       in event            1 local:           1
 Added good helicity           61   9.9377358110995553E-006  in event            1 local:           1
 Added good helicity          193   79.225539396423386       in event            1 local:           1
 Added good helicity          213   4.2323247460869797E-005  in event            1 local:           1
 Added good helicity          233   80.187573747459311       in event            1 local:           1
 Added good helicity          253   2.3813156358428623E-005  in event            1 local:           1
 Added good helicity            1   53.540208959883309       in event            1 local:           1
 Added good helicity           21   1.7464184309812266E-005  in event            1 local:           1
 Added good helicity           41   43.046584354562540       in event            1 local:           1
 Added good helicity           61   9.9377358110962197E-006  in event            1 local:           1
 Added good helicity          193   79.225539396478567       in event            1 local:           1
 Added good helicity          213   4.2323247460861794E-005  in event            1 local:           1
 Added good helicity          233   80.187573747421297       in event            1 local:           1
 Added good helicity          253   2.3813156358426173E-005  in event            1 local:           1
 Added good helicity          217   1.1476126615685474E-008  in event            3 local:           1
 Added good helicity          217   1.1476126615673002E-008  in event            3 local:           1
 Added good helicity           25   5.3296977970194112E-008  in event            4 local:           2
 Added good helicity           25   5.3296977970175821E-008  in event            4 local:           2
 Added good helicity           37   43.046584354579103       in event            7 local:           3
 Added good helicity          229   80.187573747461897       in event            7 local:           3
 Added good helicity           37   43.046584354565155       in event            7 local:           3
 Added good helicity          229   80.187573747426157       in event            7 local:           3
 RESET CUMULATIVE VARIABLE
 RESET CUMULATIVE VARIABLE
 RESET CUMULATIVE VARIABLE
 Iteration  1   Mean: 0.4883E-09 Abs mean: 0.4883E-09   Fluctuation:  0.264E-09   0.241E-06     2.8%
  1    0.4883E-09 0.4883E-09 +- 0.2643E-09     17.11
 Writing out events   3.4544430346345116E-012   17.114754417044917     
 Relative summed weights:
  0.6059E-04  0.3964E-04  0.3731E-04  0.3576E-04  0.0000E+00  0.0000E+00
  0.1275E-04  0.9397E-05  0.2528E-03  0.3985E-01  0.1892E-06  0.1226E-07
  0.1354E-03  0.1589E+00  0.2913E-05  0.4964E-05  0.0000E+00  0.4119E-05
  0.1358E+00  0.9516E-06  0.4275E-01  0.2144E-02  0.1698E-08  0.9668E-07
  0.5594E-02  0.5288E-01  0.1584E-03  0.2261E-03  0.0000E+00  0.3232E-07
  0.2437E-01  0.1841E-02  0.4933E+00  0.1133E-03  0.0000E+00  0.0000E+00
  0.2445E-04  0.1915E-03  0.3799E-01  0.1560E-02  0.6072E-08  0.1500E-10
  0.1137E-06  0.0000E+00  0.1733E-02  0.1491E-04  0.1124E-06  0.0000E+00
 Relative number of events:
  0.1784E-01  0.1586E-01  0.1784E-01  0.1784E-01  0.0000E+00  0.0000E+00
  0.1982E-02  0.5946E-02  0.7730E-01  0.6244E-01  0.3964E-02  0.9911E-03
  0.2279E-01  0.2676E-01  0.2180E-01  0.2478E-01  0.0000E+00  0.9911E-03
  0.9911E-02  0.6938E-02  0.7830E-01  0.7830E-01  0.2973E-02  0.1982E-02
  0.2973E-01  0.1784E-01  0.1388E-01  0.2180E-01  0.0000E+00  0.9911E-03
  0.1982E-01  0.2379E-01  0.2577E-01  0.1685E-01  0.0000E+00  0.0000E+00
  0.2973E-02  0.5946E-02  0.6442E-01  0.7830E-01  0.1982E-02  0.9911E-03
  0.4955E-02  0.0000E+00  0.7929E-01  0.8821E-01  0.4955E-02  0.0000E+00
 Events:
          18          16          18          18           0           0
           2           6          78          63           4           1
          23          27          22          25           0           1
          10           7          79          79           3           2
          30          18          14          22           0           1
          20          24          26          17           0           0
           3           6          65          79           2           1
           5           0          80          89           5           0
 Iteration  2   Mean: 0.1709E-08 Abs mean: 0.1709E-08   Fluctuation:  0.120E-08   0.221E-05     8.6%
  2    0.1709E-08 0.1709E-08 +- 0.1203E-08     31.48
 Relative summed weights:
  0.1113E-02  0.3140E-03  0.2745E+00  0.9899E-02  0.0000E+00  0.0000E+00
  0.1080E-04  0.2205E-03  0.4867E-03  0.2168E-03  0.2608E-06  0.2327E-06
  0.1228E-02  0.5170E-04  0.2109E-03  0.4290E-04  0.0000E+00  0.0000E+00
  0.6473E+00  0.2668E-04  0.2939E-03  0.1069E-02  0.0000E+00  0.0000E+00
  0.3705E-04  0.3969E-02  0.8205E-03  0.3062E-01  0.0000E+00  0.0000E+00
  0.2828E-02  0.5710E-03  0.6844E-03  0.1017E-03  0.0000E+00  0.2423E-03
  0.4031E-04  0.4521E-05  0.2217E-03  0.1518E-02  0.1783E-11  0.0000E+00
  0.7879E-02  0.5719E-04  0.3925E-02  0.9442E-02  0.0000E+00  0.1053E-12
 Relative number of events:
  0.3100E-01  0.2900E-01  0.2450E-01  0.2100E-01  0.0000E+00  0.0000E+00
  0.9000E-02  0.1050E-01  0.6900E-01  0.6750E-01  0.5000E-03  0.1500E-02
  0.2500E-01  0.3350E-01  0.1900E-01  0.1400E-01  0.0000E+00  0.0000E+00
  0.1000E-01  0.9000E-02  0.6500E-01  0.6300E-01  0.0000E+00  0.0000E+00
  0.2800E-01  0.2750E-01  0.2300E-01  0.2350E-01  0.0000E+00  0.0000E+00
  0.1750E-01  0.3100E-01  0.1950E-01  0.2400E-01  0.0000E+00  0.5000E-03
  0.8000E-02  0.5500E-02  0.5850E-01  0.7050E-01  0.5000E-03  0.0000E+00
  0.8500E-02  0.7500E-02  0.7150E-01  0.7250E-01  0.0000E+00  0.5000E-03
 Events:
          62          58          49          42           0           0
          18          21         138         135           1           3
          50          67          38          28           0           0
          20          18         130         126           0           0
          56          55          46          47           0           0
          35          62          39          48           0           1
          16          11         117         141           1           0
          17          15         143         145           0           1
 Iteration  3   Mean: 0.1384E-08 Abs mean: 0.1384E-08   Fluctuation:  0.108E-08   0.431E-05    14.1%
  3    0.1384E-08 0.1384E-08 +- 0.1085E-08     49.59
 Relative summed weights:
  0.3641E-02  0.7458E-03  0.8102E-04  0.3144E-01  0.0000E+00  0.0000E+00
  0.7340E-04  0.2349E-03  0.5745E-03  0.6109E-03  0.0000E+00  0.1385E-06
  0.3950E-02  0.3987E-01  0.1624E-03  0.4808E-04  0.0000E+00  0.0000E+00
  0.9582E-03  0.1340E-01  0.1409E-01  0.1358E-02  0.1887E-08  0.3600E-10
  0.1358E-02  0.7814E+00  0.1354E-03  0.8648E-04  0.0000E+00  0.0000E+00
  0.3366E-02  0.8555E-01  0.9302E-02  0.4197E-04  0.0000E+00  0.0000E+00
  0.3413E-04  0.1847E-03  0.5972E-03  0.5283E-02  0.1370E-08  0.7400E-13
  0.5908E-04  0.7535E-04  0.3456E-03  0.9658E-03  0.9670E-08  0.3049E-07
 Relative number of events:
  0.2700E-01  0.2650E-01  0.2000E-01  0.1500E-01  0.0000E+00  0.0000E+00
  0.8000E-02  0.7250E-02  0.7150E-01  0.7200E-01  0.0000E+00  0.1000E-02
  0.2800E-01  0.2225E-01  0.1775E-01  0.2150E-01  0.0000E+00  0.0000E+00
  0.9000E-02  0.8000E-02  0.7325E-01  0.7400E-01  0.5000E-03  0.5000E-03
  0.2800E-01  0.2450E-01  0.2100E-01  0.1750E-01  0.0000E+00  0.0000E+00
  0.2600E-01  0.3475E-01  0.2050E-01  0.1875E-01  0.0000E+00  0.0000E+00
  0.8000E-02  0.8000E-02  0.6450E-01  0.6600E-01  0.2500E-03  0.2500E-03
  0.7750E-02  0.8000E-02  0.6775E-01  0.7375E-01  0.1000E-02  0.7500E-03
 Events:
         108         106          80          60           0           0
          32          29         286         288           0           4
         112          89          71          86           0           0
          36          32         293         296           2           2
         112          98          84          70           0           0
         104         139          82          75           0           0
          32          32         258         264           1           1
          31          32         271         295           4           3
 Accuracy:    0.373   0.100   0.376   0.980
 Found           44  events.
 Wrote            2  events.
 Actual xsec    1.0437074167916466E-009
 Correct abs xsec    1.0437074167916466E-009
 Event xsec    1.0437074167916466E-009
 Events wgts > 1:            1
 % Cross section > 1:    7.0088316938263418E-017   6.7153223030372534E-006
 Iteration  4   Mean: 0.2641E-09 Abs mean: 0.2641E-09   Fluctuation:  0.111E-09   0.764E-06    16.5%
  4    0.2641E-09 0.2641E-09 +- 0.1105E-09     37.43
 Relative summed weights:
  0.9008E-01  0.2023E-03  0.8764E-01  0.1039E-01  0.0000E+00  0.0000E+00
  0.6716E-03  0.5498E-03  0.4274E-02  0.9207E-02  0.2808E-07  0.1845E-08
  0.1516E+00  0.3063E-02  0.3485E-02  0.3090E-02  0.9241E-08  0.0000E+00
  0.7992E-03  0.1887E-02  0.6308E-02  0.7862E-02  0.8444E-06  0.9347E-05
  0.1159E-01  0.3373E-01  0.9444E-04  0.2794E-03  0.1551E-09  0.0000E+00
  0.6600E-02  0.1063E-02  0.1189E-01  0.2620E-03  0.0000E+00  0.0000E+00
  0.1235E-02  0.4057E+00  0.6141E-01  0.2228E-01  0.1974E-07  0.5349E-08
  0.1593E-01  0.9350E-03  0.3714E-01  0.8707E-02  0.1466E-04  0.4940E-06
 Relative number of events:
  0.2788E-01  0.2763E-01  0.1837E-01  0.1925E-01  0.0000E+00  0.0000E+00
  0.7750E-02  0.7750E-02  0.6688E-01  0.6288E-01  0.6250E-03  0.6250E-03
  0.2675E-01  0.2575E-01  0.1963E-01  0.1975E-01  0.1250E-03  0.0000E+00
  0.8625E-02  0.8875E-02  0.6950E-01  0.6800E-01  0.7500E-03  0.3750E-03
  0.2900E-01  0.2738E-01  0.1887E-01  0.2025E-01  0.1250E-03  0.0000E+00
  0.2413E-01  0.2712E-01  0.1925E-01  0.2200E-01  0.0000E+00  0.0000E+00
  0.8125E-02  0.8250E-02  0.7612E-01  0.7362E-01  0.1500E-02  0.1000E-02
  0.7375E-02  0.7250E-02  0.6938E-01  0.7050E-01  0.6250E-03  0.3750E-03
 Events:
         223         221         147         154           0           0
          62          62         535         503           5           5
         214         206         157         158           1           0
          69          71         556         544           6           3
         232         219         151         162           1           0
         193         217         154         176           0           0
          65          66         609         589          12           8
          59          58         555         564           5           3
 Accuracy:    0.468   0.100   0.280   2.796
 Found           69  events.
 Wrote            3  events.
 Actual xsec    7.7062831883617592E-010
 Correct abs xsec    7.7062831883617592E-010
 Event xsec    7.7062831883617592E-010
 Events wgts > 1:            0
 % Cross section > 1:    0.0000000000000000        0.0000000000000000     
 Iteration  5   Mean: 0.5984E-09 Abs mean: 0.5984E-09   Fluctuation:  0.253E-09   0.375E-05    17.0%
  5    0.5984E-09 0.5984E-09 +- 0.2532E-09     53.53
 Relative summed weights:
  0.6229E-02  0.1152E-01  0.4606E-02  0.3963E-02  0.0000E+00  0.4796E-08
  0.6021E-02  0.1177E-01  0.6350E-02  0.3298E-02  0.6029E-07  0.4812E-07
  0.1430E-01  0.1966E-01  0.1112E-02  0.9845E-03  0.4493E-09  0.0000E+00
  0.3736E-02  0.3680E-01  0.7838E-02  0.1059E+00  0.5921E-05  0.4197E-05
  0.2434E-01  0.6342E-02  0.3709E-01  0.2157E-02  0.0000E+00  0.1385E-06
  0.4749E+00  0.7456E-02  0.1126E-01  0.1908E-02  0.5305E-10  0.2869E-09
  0.5836E-02  0.7696E-03  0.8719E-02  0.2312E-01  0.5623E-06  0.5912E-07
  0.7275E-01  0.1444E-02  0.7378E-01  0.4038E-02  0.4532E-06  0.7167E-05
 Relative number of events:
  0.2788E-01  0.2962E-01  0.2019E-01  0.1944E-01  0.0000E+00  0.1250E-03
  0.6875E-02  0.7875E-02  0.6681E-01  0.7106E-01  0.5000E-03  0.1187E-02
  0.2556E-01  0.2581E-01  0.1981E-01  0.2119E-01  0.6250E-04  0.0000E+00
  0.9000E-02  0.6625E-02  0.6944E-01  0.7156E-01  0.8125E-03  0.1000E-02
  0.2744E-01  0.2562E-01  0.2000E-01  0.1994E-01  0.0000E+00  0.6250E-04
  0.2475E-01  0.2550E-01  0.1944E-01  0.2006E-01  0.6250E-04  0.6250E-04
  0.8625E-02  0.6500E-02  0.6919E-01  0.6819E-01  0.7500E-03  0.1000E-02
  0.8500E-02  0.8063E-02  0.7187E-01  0.6938E-01  0.1000E-02  0.1563E-02
 Events:
         446         474         323         311           0           2
         110         126        1069        1137           8          19
         409         413         317         339           1           0
         144         106        1111        1145          13          16
         439         410         320         319           0           1
         396         408         311         321           1           1
         138         104        1107        1091          12          16
         136         129        1150        1110          16          25
 Accuracy:    0.355   0.100   0.233   2.307
 Found          505  events.
 Wrote            3  events.
 Actual xsec    5.4955534071385691E-010
 Correct abs xsec    5.4955534071385691E-010
 Event xsec    5.4955534071385691E-010
 Events wgts > 1:            1
 % Cross section > 1:    5.8767959877924898E-018   1.0693729188690436E-006

 -------------------------------------------------------------------------------
 Accumulated results:   Integral =  0.6657E-09
                        Std dev  =  0.1554E-09
                       Cross sec =  0.6657E-09
             Chi**2 per DoF.     =      2.3072
 -------------------------------------------------------------------------------
-------------------------------------------------
---------------------------
 Results Last   3 iters: Integral =   0.5496E-09
                     Abs integral =   0.5496E-09
                          Std dev =   0.1529E-09
                  Chi**2 per DoF. =      3.6479
-------------------------------------------------
---------------------------
 Status  0.10000000000000001                6           5

ls status:
events.lhe
ftn26
input_app.txt
results.dat
run1_app.log
