 Process in group number            1
 A PDF is used, so alpha_s(MZ) is going to be modified
 Old value of alpha_s from param_card:   0.11839999999999999     
  ****************************************
 
       NNPDFDriver version 1.0.3
   Grid: NNPDF23_lo_as_0130_qed_mem0.grid
  ****************************************
 New value of alpha_s from PDF nn23lo1:  0.13000000000000000     
 Define smin to   1600.0000000000000     
 Define smin to   1600.0000000000000     
 Define smin to   1600.0000000000000     
 *****************************************************
 *               MadGraph/MadEvent                   *
 *        --------------------------------           *
 *          http://madgraph.hep.uiuc.edu             *
 *          http://madgraph.phys.ucl.ac.be           *
 *          http://madgraph.roma2.infn.it            *
 *        --------------------------------           *
 *                                                   *
 *          PARAMETER AND COUPLING VALUES            *
 *                                                   *
 *****************************************************

  External Params
  ---------------------------------
  
 mdl_VeN1 =    1.0000000000000000     
 mdl_VeN2 =    0.0000000000000000     
 mdl_VeN3 =    0.0000000000000000     
 mdl_VmuN1 =    0.0000000000000000     
 mdl_VmuN2 =    1.0000000000000000     
 mdl_VmuN3 =    0.0000000000000000     
 mdl_VtaN1 =    0.0000000000000000     
 mdl_VtaN2 =    0.0000000000000000     
 mdl_VtaN3 =    1.0000000000000000     
 mdl_VN1N1 =    1.0000000000000000     
 mdl_VN1N2 =    1.0000000000000000     
 mdl_VN1N3 =    1.0000000000000000     
 mdl_VN2N2 =    1.0000000000000000     
 mdl_VN2N3 =    1.0000000000000000     
 mdl_VN3N3 =    1.0000000000000000     
 aEWM1 =    127.90000000000001     
 mdl_Gf =    1.1663700000000000E-005
 aS =   0.11839999999999999     
 mdl_ymt =    172.00000000000000     
 mdl_vevf =    50.000000000000000     
 mdl_MZ =    91.187600000000003     
 mdl_MT =    172.00000000000000     
 mdl_MH =    125.00000000000000     
 mdl_mN1 =    510.00000000000000     
 mdl_mN2 =    610.00000000000000     
 mdl_mN3 =    710.00000000000000     
 mdl_MJ =    91.187600000000003     
 mdl_MAx =    173.04800000000000     
 mdl_WZ =    2.4952000000000001     
 mdl_WW =    2.0850000000000000     
 mdl_WT =    1.5083359999999999     
 mdl_WH =    4.0699999999999998E-003
 mdl_WN1 =   0.30299999999999999     
 mdl_WN2 =    1.5000000000000000     
 mdl_WN3 =    12.300000000000001     
 mdl_WJ =    2.4952000000000001     
 mdl_WAx =    4.1700000000000001E-003
  Internal Params
  ---------------------------------
  
 mdl_vevf__exp__2 =    2500.0000000000000     
 mdl_sqrt__vevf__exp__2 =    50.000000000000000     
 mdl_muJ =    50.000000000000000     
 mdl_MZ__exp__2 =    8315.1783937600012     
 mdl_MZ__exp__4 =    69142191.720053151     
 mdl_sqrt__2 =    1.4142135623730951     
 mdl_MJ__exp__2 =    8315.1783937600012     
 mdl_muJ__exp__2 =    2500.0000000000000     
 mdl_lamJ =    4.3260713575040004     
 mdl_MH__exp__2 =    15625.000000000000     
 mdl_complexi =  (  0.0000000000000000     ,  1.0000000000000000     )
 mdl_aEW =    7.8186082877247844E-003
 mdl_MW =    79.824359746197842     
 mdl_sqrt__aEW =    8.8422894590285753E-002
 mdl_ee =   0.31345100004952897     
 mdl_MW__exp__2 =    6371.9284088904105     
 mdl_sw2 =   0.23369913342182447     
 mdl_cw =   0.87538612427783857     
 mdl_sqrt__sw2 =   0.48342438232036300     
 mdl_sw =   0.48342438232036300     
 mdl_g1 =   0.35807170271074895     
 mdl_gN =   0.64839716719502682     
 mdl_gw =   0.64839716719502682     
 mdl_vev =    246.22056907348590     
 mdl_vev__exp__2 =    60624.568634871241     
 mdl_lam =   0.12886689630821144     
 mdl_yt =   0.98791394091683138     
 mdl_muH =    88.388347648318444     
 mdl_I2a33 =  ( 0.98791394091683138     ,  0.0000000000000000     )
 mdl_I3a33 =  ( 0.98791394091683138     ,  0.0000000000000000     )
 mdl_ee__exp__2 =    9.8251529432049817E-002
 mdl_sw__exp__2 =   0.23369913342182450     
 mdl_cw__exp__2 =   0.76630086657817542     
  Internal Params evaluated point by point
  ----------------------------------------
  
 mdl_sqrt__aS =   0.34409301068170506     
 mdl_G__exp__2 =    1.4878582807401259     
  Couplings of SM_HeavyN_UFO
  ---------------------------------
  
         GC_1 =  -0.00000E+00  -0.10448E+00
         GC_2 =   0.00000E+00   0.20897E+00
         GC_3 =  -0.00000E+00  -0.31345E+00
         GC_4 =   0.00000E+00   0.31345E+00
        GC_26 =   0.00000E+00   0.45849E+00
        GC_27 =  -0.00000E+00  -0.28380E+00
        GC_28 =   0.00000E+00   0.28380E+00
        GC_30 =   0.00000E+00   0.56760E+00
        GC_35 =  -0.00000E+00  -0.28850E-01
        GC_37 =   0.00000E+00   0.17310E+00
        GC_39 =   0.00000E+00  -0.19725E+00
        GC_40 =   0.00000E+00   0.37035E+00
        GC_80 =   0.00000E+00   0.67543E+02
       GC_107 =  -0.00000E+00  -0.74070E+00
       GC_109 =  -0.00000E+00  -0.74070E+00
       GC_111 =  -0.00000E+00  -0.74070E+00
       GC_113 =  -0.00000E+00  -0.74070E+00
       GC_115 =  -0.00000E+00  -0.74070E+00
       GC_117 =  -0.00000E+00  -0.74070E+00
       GC_119 =   0.00000E+00   0.00000E+00
       GC_120 =   0.00000E+00   0.00000E+00
       GC_122 =  -0.00000E+00  -0.00000E+00
       GC_126 =   0.00000E+00   0.00000E+00
       GC_127 =   0.00000E+00   0.00000E+00
       GC_129 =  -0.00000E+00  -0.00000E+00
       GC_133 =   0.00000E+00   0.45849E+00
       GC_134 =   0.00000E+00   0.37035E+00
       GC_136 =  -0.00000E+00  -0.28836E+01
        GC_81 =   0.10200E+02   0.00000E+00
        GC_82 =   0.12200E+02   0.00000E+00
        GC_83 =   0.14200E+02   0.00000E+00

 Collider parameters:
 --------------------

 Running at P P   machine @    13000.000000000000       GeV
 PDF set = nn23lo1
 alpha_s(Mz)= 0.1300 running at 2 loops.
 alpha_s(Mz)= 0.1300 running at 2 loops.
 Renormalization scale set on event-by-event basis
 Factorization   scale set on event-by-event basis


 getting user params
Enter number of events and max and min iterations: 
 Number of events and iterations         1000           5           3
Enter desired fractional accuracy: 
 Desired fractional accuracy:   0.10000000000000001     
Enter 0 for fixed, 2 for adjustable grid: 
Suppress amplitude (0 no, 1 yes)? 
 Using suppressed amplitude.
Exact helicity sum (0 yes, n = number/event)? 
 Explicitly summing over helicities
Enter Configuration Number: 
Running Configuration Number:  159
 Using dconfig=         644
 BW Setting            2           1           2           2           1           2           0
 Attempting mappinvarients           1           9
 Completed mapping           9
 about to integrate           19        1000           5           3          19           1
 Using non-zero grid deformation.
 19 dimensions   1000 events 19 invarients  5 iterations  1 config(s),  (0.99)
 Using h-tuple random number sequence.
 Error opening grid
 Using Uniform Grid!          36
 Using uniform alpha   1.0000000000000000     
 Grid defined OK
 Set CM energy to      13000.00
 Mapping Graph         159  to config         159
Setting grid   1    0.75740E-07   1
 Setting BW          -2           2   710.00000000000000     
Setting grid   3    0.32375E-02   1
Setting grid   4    0.32375E-02   1
 Setting BW          -5           5   91.187600000000003     
Setting grid   6    0.39632E-02   1
 Transforming s_hat 1/s           18   3.9631789974002365E-003   1600.0000000000000        168999999.99999997     
 159   1   2   3   4   5   6   7   8   9  10  11  12  13  14
  15  16  17  18  19
 Masses: 0.000E+00 0.000E+00 0.000E+00 0.000E+00 0.000E+00 0.000E+00 0.000E+00 0.000E+00 0.912E+02
Using random seed offsets   159 :      1
  with seed                   24
 Ranmar initialization seeds       31217        9398
 
 ********************************************
 * You are using the DiscreteSampler module *
 *      part of the MG5_aMC framework       *
 *         Author: Valentin Hirschi         *
 ********************************************
 
  Particle       3       4       5       6       7       8       9
      Et >    10.0    10.0    10.0    10.0     0.0     0.0     0.0
       E >     0.0     0.0     0.0     0.0     0.0     0.0     0.0
     Eta <     2.5     2.5     2.5     2.5    -1.0    -1.0    -1.0
   xqcut:      0.0     0.0     0.0     0.0     0.0     0.0     0.0
d R # 3  >    -0.0     0.4     0.4     0.4     0.0     0.0     0.0
d R # 4  >    -0.0    -0.0     0.4     0.4     0.0     0.0     0.0
d R # 5  >    -0.0    -0.0    -0.0     0.4     0.0     0.0     0.0
d R # 6  >    -0.0    -0.0    -0.0    -0.0     0.0     0.0     0.0
d R # 7  >    -0.0    -0.0    -0.0    -0.0    -0.0     0.0     0.0
d R # 8  >    -0.0    -0.0    -0.0    -0.0    -0.0    -0.0     0.0
s min # 3>     0.0     0.0     0.0     0.0     0.0     0.0     0.0
s min # 4>     0.0     0.0     0.0     0.0     0.0     0.0     0.0
s min # 5>     0.0     0.0     0.0     0.0     0.0     0.0     0.0
s min # 6>     0.0     0.0     0.0     0.0     0.0     0.0     0.0
s min # 7>     0.0     0.0     0.0     0.0     0.0     0.0     0.0
s min # 8>     0.0     0.0     0.0     0.0     0.0     0.0     0.0
xqcutij # 3>     0.0     0.0     0.0     0.0     0.0     0.0     0.0
xqcutij # 4>     0.0     0.0     0.0     0.0     0.0     0.0     0.0
xqcutij # 5>     0.0     0.0     0.0     0.0     0.0     0.0     0.0
xqcutij # 6>     0.0     0.0     0.0     0.0     0.0     0.0     0.0
xqcutij # 7>     0.0     0.0     0.0     0.0     0.0     0.0     0.0
xqcutij # 8>     0.0     0.0     0.0     0.0     0.0     0.0     0.0
 Excluding BW           -1           1
 Requiring BW           -2           2
 Excluding BW           -3           3
 Excluding BW           -4           4
 Requiring BW           -5           5
 Excluding BW           -6           6
 alpha_s for scale    1769.9483753905415       is    8.7224456847894399E-002
 Added good helicity            1   43.767019402058416       in event            1 local:           1
 Added good helicity           21   1.0204531347272419E-007  in event            1 local:           1
 Added good helicity           25   9.7768140430933647E-008  in event            1 local:           1
 Added good helicity           41  0.77546387192935295       in event            1 local:           1
 Added good helicity           61   1.2229682261237803E-008  in event            1 local:           1
 Added good helicity          193   205.47083671524763       in event            1 local:           1
 Added good helicity          213   4.6643897640787771E-008  in event            1 local:           1
 Added good helicity          217   6.5844576857348569E-007  in event            1 local:           1
 Added good helicity          233   5.9866790629049840       in event            1 local:           1
 Added good helicity          253   2.2406045098712085E-008  in event            1 local:           1
 Added good helicity            1   43.767019402058374       in event            1 local:           1
 Added good helicity           21   1.0204531347272526E-007  in event            1 local:           1
 Added good helicity           25   9.7768140430933687E-008  in event            1 local:           1
 Added good helicity           41  0.77546387192935928       in event            1 local:           1
 Added good helicity           61   1.2229682261237606E-008  in event            1 local:           1
 Added good helicity          193   205.47083671524763       in event            1 local:           1
 Added good helicity          213   4.6643897640788472E-008  in event            1 local:           1
 Added good helicity          217   6.5844576857349310E-007  in event            1 local:           1
 Added good helicity          233   5.9866790629050373       in event            1 local:           1
 Added good helicity          253   2.2406045098712035E-008  in event            1 local:           1
 Added good helicity           37   4.7548301084408373E-004  in event            4 local:           2
 Added good helicity          229   1.7291618802858998E-003  in event            4 local:           2
 Added good helicity           37   4.7548301084408519E-004  in event            4 local:           2
 Added good helicity          229   1.7291618802859191E-003  in event            4 local:           2
 RESET CUMULATIVE VARIABLE
 RESET CUMULATIVE VARIABLE
 RESET CUMULATIVE VARIABLE
 Iteration  1   Mean: 0.2258E-12 Abs mean: 0.2258E-12   Fluctuation:  0.900E-13   0.741E-10     7.2%
  1    0.2258E-12 0.2258E-12 +- 0.9001E-13     12.61
 Writing out events   6.2368863588358528E-016   12.607340488671948     
 Relative summed weights:
  0.1483E+00  0.1135E-03  0.5656E-05  0.5818E-02  0.0000E+00  0.0000E+00
  0.9975E-02  0.1144E-02  0.2197E-01  0.5479E-02  0.0000E+00  0.0000E+00
  0.1639E-01  0.4725E-02  0.3097E-03  0.0000E+00  0.0000E+00  0.0000E+00
  0.4742E-01  0.2978E-02  0.1907E-01  0.1691E+00  0.1250E-05  0.0000E+00
  0.4469E-04  0.4308E-01  0.2716E-01  0.0000E+00  0.0000E+00  0.0000E+00
  0.2293E-02  0.8627E-02  0.1928E-01  0.2087E-02  0.1487E-05  0.1407E-07
  0.2278E-01  0.1404E-02  0.5303E-04  0.1596E-03  0.2046E-06  0.0000E+00
  0.2655E-01  0.5567E-01  0.3736E-02  0.3343E+00  0.6878E-07  0.1236E-08
 Relative number of events:
  0.5946E-02  0.8920E-02  0.1982E-02  0.1982E-02  0.0000E+00  0.0000E+00
  0.4262E-01  0.4262E-01  0.8325E-01  0.7136E-01  0.0000E+00  0.0000E+00
  0.6938E-02  0.5946E-02  0.1982E-02  0.0000E+00  0.0000E+00  0.0000E+00
  0.3271E-01  0.4559E-01  0.7037E-01  0.5352E-01  0.2973E-02  0.0000E+00
  0.3964E-02  0.9911E-02  0.2973E-02  0.0000E+00  0.0000E+00  0.0000E+00
  0.3964E-01  0.4658E-01  0.6938E-01  0.6739E-01  0.9911E-03  0.9911E-03
  0.3964E-02  0.5946E-02  0.3964E-02  0.1982E-02  0.9911E-03  0.0000E+00
  0.5352E-01  0.4955E-01  0.8821E-01  0.6938E-01  0.9911E-03  0.9911E-03
 Events:
           6           9           2           2           0           0
          43          43          84          72           0           0
           7           6           2           0           0           0
          33          46          71          54           3           0
           4          10           3           0           0           0
          40          47          70          68           1           1
           4           6           4           2           1           0
          54          50          89          70           1           1
 Iteration  2   Mean: 0.4106E-12 Abs mean: 0.4106E-12   Fluctuation:  0.209E-12   0.411E-09    21.0%
  2    0.4106E-12 0.4106E-12 +- 0.2085E-12     22.71
 Relative summed weights:
  0.1360E-02  0.1682E-01  0.1132E-01  0.1108E-01  0.0000E+00  0.0000E+00
  0.2063E-01  0.4942E-01  0.1336E-01  0.5048E+00  0.1038E-05  0.7729E-04
  0.1059E-02  0.1773E-01  0.6374E-04  0.1527E-03  0.0000E+00  0.0000E+00
  0.3999E-02  0.5832E-01  0.4534E-01  0.3270E-01  0.4472E-05  0.1179E-04
  0.3404E-03  0.2269E-05  0.3981E-02  0.4592E-02  0.0000E+00  0.0000E+00
  0.3635E-01  0.2680E-01  0.6315E-02  0.5964E-01  0.2402E-03  0.0000E+00
  0.8637E-02  0.7832E-02  0.1088E-05  0.2507E-01  0.0000E+00  0.0000E+00
  0.4232E-02  0.1081E-01  0.8927E-02  0.7230E-02  0.2481E-05  0.7749E-03
 Relative number of events:
  0.8000E-02  0.8000E-02  0.2500E-02  0.3000E-02  0.0000E+00  0.0000E+00
  0.5100E-01  0.4550E-01  0.6400E-01  0.6400E-01  0.1500E-02  0.1500E-02
  0.6500E-02  0.5500E-02  0.1500E-02  0.1000E-02  0.0000E+00  0.0000E+00
  0.4900E-01  0.5450E-01  0.6350E-01  0.7350E-01  0.1000E-02  0.5000E-03
  0.4500E-02  0.3000E-02  0.2500E-02  0.2000E-02  0.0000E+00  0.0000E+00
  0.4150E-01  0.4200E-01  0.5700E-01  0.7450E-01  0.1000E-02  0.0000E+00
  0.3500E-02  0.4000E-02  0.5000E-03  0.2000E-02  0.0000E+00  0.0000E+00
  0.4250E-01  0.5150E-01  0.8050E-01  0.8050E-01  0.1000E-02  0.5000E-03
 Events:
          16          16           5           6           0           0
         102          91         128         128           3           3
          13          11           3           2           0           0
          98         109         127         147           2           1
           9           6           5           4           0           0
          83          84         114         149           2           0
           7           8           1           4           0           0
          85         103         161         161           2           1
 Iteration  3   Mean: 0.3758E-12 Abs mean: 0.3758E-12   Fluctuation:  0.150E-12   0.587E-09    31.9%
  3    0.3758E-12 0.3758E-12 +- 0.1502E-12     25.28
 Relative summed weights:
  0.2605E-01  0.3516E-01  0.7872E-02  0.2040E-03  0.0000E+00  0.0000E+00
  0.1637E-01  0.3323E-01  0.1551E-01  0.1148E-01  0.6494E-03  0.2307E-04
  0.4526E-01  0.4035E-02  0.2514E-02  0.3989E+00  0.0000E+00  0.0000E+00
  0.5211E-01  0.3342E-01  0.1789E-01  0.6654E-02  0.4220E-04  0.0000E+00
  0.2428E-01  0.3228E-03  0.2126E-01  0.1086E-02  0.0000E+00  0.0000E+00
  0.3489E-01  0.6068E-01  0.5851E-02  0.1740E-01  0.2360E-02  0.2340E-06
  0.1361E-02  0.8833E-02  0.7695E-04  0.1724E-01  0.0000E+00  0.0000E+00
  0.3117E-01  0.2491E-01  0.1186E-01  0.2390E-01  0.1564E-05  0.5174E-02
 Relative number of events:
  0.8000E-02  0.4750E-02  0.2250E-02  0.1500E-02  0.0000E+00  0.0000E+00
  0.4575E-01  0.4775E-01  0.6925E-01  0.7150E-01  0.1500E-02  0.1750E-02
  0.7750E-02  0.4750E-02  0.2000E-02  0.2000E-02  0.0000E+00  0.0000E+00
  0.4175E-01  0.5200E-01  0.7550E-01  0.6125E-01  0.1000E-02  0.0000E+00
  0.6250E-02  0.4250E-02  0.1500E-02  0.1250E-02  0.0000E+00  0.0000E+00
  0.5100E-01  0.4675E-01  0.6650E-01  0.7175E-01  0.1500E-02  0.5000E-03
  0.4000E-02  0.7000E-02  0.7500E-03  0.1250E-02  0.0000E+00  0.0000E+00
  0.4675E-01  0.4700E-01  0.7375E-01  0.6450E-01  0.7500E-03  0.1000E-02
 Events:
          32          19           9           6           0           0
         183         191         277         286           6           7
          31          19           8           8           0           0
         167         208         302         245           4           0
          25          17           6           5           0           0
         204         187         266         287           6           2
          16          28           3           5           0           0
         187         188         295         258           3           4
 Accuracy:    0.174   0.100   0.247   0.499
 Found          211  events.
 Wrote            4  events.
 Actual xsec    3.2656541549252137E-013
 Correct abs xsec    3.2656541549252137E-013
 Event xsec    3.2656541549252137E-013
 Events wgts > 1:            0
 % Cross section > 1:    0.0000000000000000        0.0000000000000000     
 Iteration  4   Mean: 0.4395E-12 Abs mean: 0.4395E-12   Fluctuation:  0.825E-13   0.519E-09    33.3%
  4    0.4395E-12 0.4395E-12 +- 0.8248E-13     16.78
 Relative summed weights:
  0.3195E-01  0.3434E-01  0.2087E-01  0.4400E-01  0.9340E-08  0.0000E+00
  0.3956E-01  0.1911E+00  0.2808E-01  0.9614E-02  0.6260E-04  0.2476E-04
  0.1379E-01  0.5936E-02  0.3846E-03  0.8492E-01  0.0000E+00  0.2282E-04
  0.2734E-01  0.2864E-01  0.1664E-01  0.2250E-01  0.1553E-04  0.6554E-04
  0.4814E-02  0.5597E-02  0.4674E-02  0.6327E-02  0.0000E+00  0.0000E+00
  0.2421E-01  0.2974E-01  0.3704E-01  0.1646E-01  0.9508E-05  0.1060E-06
  0.2657E-02  0.1992E-01  0.2780E-02  0.7591E-02  0.4754E-05  0.9074E-05
  0.6299E-01  0.4451E-01  0.7664E-01  0.5415E-01  0.2793E-04  0.2559E-05
 Relative number of events:
  0.6375E-02  0.7375E-02  0.1875E-02  0.2000E-02  0.1250E-03  0.0000E+00
  0.4612E-01  0.4412E-01  0.7250E-01  0.6375E-01  0.1000E-02  0.1250E-02
  0.6875E-02  0.6125E-02  0.2000E-02  0.2000E-02  0.0000E+00  0.1250E-03
  0.4662E-01  0.4850E-01  0.6663E-01  0.6738E-01  0.7500E-03  0.8750E-03
  0.5375E-02  0.5500E-02  0.2375E-02  0.2250E-02  0.0000E+00  0.0000E+00
  0.5150E-01  0.4675E-01  0.7150E-01  0.6638E-01  0.6250E-03  0.6250E-03
  0.5375E-02  0.7250E-02  0.1125E-02  0.1375E-02  0.1250E-03  0.3750E-03
  0.5125E-01  0.4625E-01  0.6900E-01  0.6950E-01  0.7500E-03  0.3750E-03
 Events:
          51          59          15          16           1           0
         369         353         580         510           8          10
          55          49          16          16           0           1
         373         388         533         539           6           7
          43          44          19          18           0           0
         412         374         572         531           5           5
          43          58           9          11           1           3
         410         370         552         556           6           3
 Accuracy:    0.106   0.100   0.149   0.503
 Found          495  events.
 Wrote            9  events.
 Actual xsec    4.2626508994858194E-013
 Correct abs xsec    4.2626508994858194E-013
 Event xsec    4.2626508994858199E-013
 Events wgts > 1:            1
 % Cross section > 1:    3.9363747700680326E-021   9.2345699023648776E-007
 Iteration  5   Mean: 0.5189E-12 Abs mean: 0.5189E-12   Fluctuation:  0.684E-13   0.763E-09    38.4%
  5    0.5189E-12 0.5189E-12 +- 0.6839E-13     16.67
 Relative summed weights:
  0.3650E-01  0.1575E-01  0.4834E-01  0.2091E-01  0.0000E+00  0.1279E-05
  0.3381E-01  0.2413E-01  0.3231E-01  0.1283E+00  0.7838E-04  0.2255E-03
  0.1806E-01  0.2095E-01  0.4012E-01  0.3899E-01  0.0000E+00  0.0000E+00
  0.2094E-01  0.2326E-01  0.1807E-01  0.3199E-01  0.3796E-03  0.5349E-04
  0.5512E-01  0.2596E-01  0.9235E-02  0.9409E-02  0.0000E+00  0.4741E-08
  0.4005E-01  0.2551E-01  0.2621E-01  0.2413E-01  0.1430E-02  0.7530E-05
  0.4262E-01  0.2928E-01  0.2639E-01  0.6288E-02  0.1170E-03  0.3564E-07
  0.3259E-01  0.3726E-01  0.1871E-01  0.3629E-01  0.4029E-04  0.1653E-03
 Relative number of events:
  0.6313E-02  0.6625E-02  0.1937E-02  0.1875E-02  0.0000E+00  0.6250E-04
  0.4794E-01  0.4788E-01  0.7087E-01  0.6856E-01  0.5000E-03  0.9375E-03
  0.5500E-02  0.6875E-02  0.2125E-02  0.1813E-02  0.0000E+00  0.0000E+00
  0.4662E-01  0.4450E-01  0.7175E-01  0.6700E-01  0.9375E-03  0.6250E-03
  0.5250E-02  0.6125E-02  0.1750E-02  0.2063E-02  0.0000E+00  0.6250E-04
  0.4913E-01  0.4775E-01  0.6806E-01  0.6694E-01  0.1187E-02  0.6875E-03
  0.6625E-02  0.5750E-02  0.1437E-02  0.2000E-02  0.6250E-04  0.6250E-04
  0.4644E-01  0.4781E-01  0.7281E-01  0.6494E-01  0.1250E-02  0.5625E-03
 Events:
         101         106          31          30           0           1
         767         766        1134        1097           8          15
          88         110          34          29           0           0
         746         712        1148        1072          15          10
          84          98          28          33           0           1
         786         764        1089        1071          19          11
         106          92          23          32           1           1
         743         765        1165        1039          20           9
 Accuracy:    0.083   0.100   0.099   0.699
 Finished due to accuracy    8.2610928458897392E-002  0.10000000000000001     

 -------------------------------------------------------------------------------
 Accumulated results:   Integral =  0.4661E-12
                        Std dev  =  0.4605E-13
                       Cross sec =  0.4661E-12
             Chi**2 per DoF.     =      0.6989
 -------------------------------------------------------------------------------
 Found         1149  events.
 Wrote           16  events.
 Actual xsec    4.8477862448422118E-013
 Correct abs xsec    4.8477862448422118E-013
 Event xsec    4.8477862448422097E-013
 Events wgts > 1:            1
 % Cross section > 1:    2.4235326354492938E-021   4.9992563884758850E-007
-------------------------------------------------
---------------------------
 Results Last   3 iters: Integral =   0.4848E-12
                     Abs integral =   0.4848E-12
                          Std dev =   0.5047E-13
                  Chi**2 per DoF. =      0.5386
-------------------------------------------------
---------------------------
 Status  0.10000000000000001                6           5

ls status:
events.lhe
ftn26
input_app.txt
results.dat
run1_app.log
