 Process in group number            1
 A PDF is used, so alpha_s(MZ) is going to be modified
 Old value of alpha_s from param_card:   0.11839999999999999     
  ****************************************
 
       NNPDFDriver version 1.0.3
   Grid: NNPDF23_lo_as_0130_qed_mem0.grid
  ****************************************
 New value of alpha_s from PDF nn23lo1:  0.13000000000000000     
 Define smin to   1600.0000000000000     
 Define smin to   1600.0000000000000     
 Define smin to   1600.0000000000000     
 *****************************************************
 *               MadGraph/MadEvent                   *
 *        --------------------------------           *
 *          http://madgraph.hep.uiuc.edu             *
 *          http://madgraph.phys.ucl.ac.be           *
 *          http://madgraph.roma2.infn.it            *
 *        --------------------------------           *
 *                                                   *
 *          PARAMETER AND COUPLING VALUES            *
 *                                                   *
 *****************************************************

  External Params
  ---------------------------------
  
 mdl_VeN1 =    1.0000000000000000     
 mdl_VeN2 =    0.0000000000000000     
 mdl_VeN3 =    0.0000000000000000     
 mdl_VmuN1 =    0.0000000000000000     
 mdl_VmuN2 =    1.0000000000000000     
 mdl_VmuN3 =    0.0000000000000000     
 mdl_VtaN1 =    0.0000000000000000     
 mdl_VtaN2 =    0.0000000000000000     
 mdl_VtaN3 =    1.0000000000000000     
 mdl_VN1N1 =    1.0000000000000000     
 mdl_VN1N2 =    1.0000000000000000     
 mdl_VN1N3 =    1.0000000000000000     
 mdl_VN2N2 =    1.0000000000000000     
 mdl_VN2N3 =    1.0000000000000000     
 mdl_VN3N3 =    1.0000000000000000     
 aEWM1 =    127.90000000000001     
 mdl_Gf =    1.1663700000000000E-005
 aS =   0.11839999999999999     
 mdl_ymt =    172.00000000000000     
 mdl_vevf =    50.000000000000000     
 mdl_MZ =    91.187600000000003     
 mdl_MT =    172.00000000000000     
 mdl_MH =    125.00000000000000     
 mdl_mN1 =    510.00000000000000     
 mdl_mN2 =    610.00000000000000     
 mdl_mN3 =    710.00000000000000     
 mdl_MJ =    91.187600000000003     
 mdl_MAx =    173.04800000000000     
 mdl_WZ =    2.4952000000000001     
 mdl_WW =    2.0850000000000000     
 mdl_WT =    1.5083359999999999     
 mdl_WH =    4.0699999999999998E-003
 mdl_WN1 =   0.30299999999999999     
 mdl_WN2 =    1.5000000000000000     
 mdl_WN3 =    12.300000000000001     
 mdl_WJ =    2.4952000000000001     
 mdl_WAx =    4.1700000000000001E-003
  Internal Params
  ---------------------------------
  
 mdl_vevf__exp__2 =    2500.0000000000000     
 mdl_sqrt__vevf__exp__2 =    50.000000000000000     
 mdl_muJ =    50.000000000000000     
 mdl_MZ__exp__2 =    8315.1783937600012     
 mdl_MZ__exp__4 =    69142191.720053151     
 mdl_sqrt__2 =    1.4142135623730951     
 mdl_MJ__exp__2 =    8315.1783937600012     
 mdl_muJ__exp__2 =    2500.0000000000000     
 mdl_lamJ =    4.3260713575040004     
 mdl_MH__exp__2 =    15625.000000000000     
 mdl_complexi =  (  0.0000000000000000     ,  1.0000000000000000     )
 mdl_aEW =    7.8186082877247844E-003
 mdl_MW =    79.824359746197842     
 mdl_sqrt__aEW =    8.8422894590285753E-002
 mdl_ee =   0.31345100004952897     
 mdl_MW__exp__2 =    6371.9284088904105     
 mdl_sw2 =   0.23369913342182447     
 mdl_cw =   0.87538612427783857     
 mdl_sqrt__sw2 =   0.48342438232036300     
 mdl_sw =   0.48342438232036300     
 mdl_g1 =   0.35807170271074895     
 mdl_gN =   0.64839716719502682     
 mdl_gw =   0.64839716719502682     
 mdl_vev =    246.22056907348590     
 mdl_vev__exp__2 =    60624.568634871241     
 mdl_lam =   0.12886689630821144     
 mdl_yt =   0.98791394091683138     
 mdl_muH =    88.388347648318444     
 mdl_I2a33 =  ( 0.98791394091683138     ,  0.0000000000000000     )
 mdl_I3a33 =  ( 0.98791394091683138     ,  0.0000000000000000     )
 mdl_ee__exp__2 =    9.8251529432049817E-002
 mdl_sw__exp__2 =   0.23369913342182450     
 mdl_cw__exp__2 =   0.76630086657817542     
  Internal Params evaluated point by point
  ----------------------------------------
  
 mdl_sqrt__aS =   0.34409301068170506     
 mdl_G__exp__2 =    1.4878582807401259     
  Couplings of SM_HeavyN_UFO
  ---------------------------------
  
         GC_1 =  -0.00000E+00  -0.10448E+00
         GC_2 =   0.00000E+00   0.20897E+00
         GC_3 =  -0.00000E+00  -0.31345E+00
         GC_4 =   0.00000E+00   0.31345E+00
        GC_26 =   0.00000E+00   0.45849E+00
        GC_27 =  -0.00000E+00  -0.28380E+00
        GC_28 =   0.00000E+00   0.28380E+00
        GC_30 =   0.00000E+00   0.56760E+00
        GC_35 =  -0.00000E+00  -0.28850E-01
        GC_37 =   0.00000E+00   0.17310E+00
        GC_39 =   0.00000E+00  -0.19725E+00
        GC_40 =   0.00000E+00   0.37035E+00
        GC_80 =   0.00000E+00   0.67543E+02
       GC_107 =  -0.00000E+00  -0.74070E+00
       GC_109 =  -0.00000E+00  -0.74070E+00
       GC_111 =  -0.00000E+00  -0.74070E+00
       GC_113 =  -0.00000E+00  -0.74070E+00
       GC_115 =  -0.00000E+00  -0.74070E+00
       GC_117 =  -0.00000E+00  -0.74070E+00
       GC_119 =   0.00000E+00   0.00000E+00
       GC_120 =   0.00000E+00   0.00000E+00
       GC_122 =  -0.00000E+00  -0.00000E+00
       GC_126 =   0.00000E+00   0.00000E+00
       GC_127 =   0.00000E+00   0.00000E+00
       GC_129 =  -0.00000E+00  -0.00000E+00
       GC_133 =   0.00000E+00   0.45849E+00
       GC_134 =   0.00000E+00   0.37035E+00
       GC_136 =  -0.00000E+00  -0.28836E+01
        GC_81 =   0.10200E+02   0.00000E+00
        GC_82 =   0.12200E+02   0.00000E+00
        GC_83 =   0.14200E+02   0.00000E+00

 Collider parameters:
 --------------------

 Running at P P   machine @    13000.000000000000       GeV
 PDF set = nn23lo1
 alpha_s(Mz)= 0.1300 running at 2 loops.
 alpha_s(Mz)= 0.1300 running at 2 loops.
 Renormalization scale set on event-by-event basis
 Factorization   scale set on event-by-event basis


 getting user params
Enter number of events and max and min iterations: 
 Number of events and iterations         1000           5           3
Enter desired fractional accuracy: 
 Desired fractional accuracy:   0.10000000000000001     
Enter 0 for fixed, 2 for adjustable grid: 
Suppress amplitude (0 no, 1 yes)? 
 Using suppressed amplitude.
Exact helicity sum (0 yes, n = number/event)? 
 Explicitly summing over helicities
Enter Configuration Number: 
Running Configuration Number:   93
 Using dconfig=         230
 BW Setting            2           1           1           2           2           0           0
 Attempting mappinvarients           1           9
 Completed mapping           9
 about to integrate           19        1000           5           3          19           1
 Using non-zero grid deformation.
 19 dimensions   1000 events 19 invarients  5 iterations  1 config(s),  (0.99)
 Using h-tuple random number sequence.
 Error opening grid
 Using Uniform Grid!          36
 Using uniform alpha   1.0000000000000000     
 Grid defined OK
 Set CM energy to      13000.00
 Mapping Graph          93  to config          93
Setting grid   1    0.75740E-07   1
Setting grid   2    0.75740E-07   1
 Setting BW          -3           2   79.824359746197842     
 Setting BW          -4           3   710.00000000000000     
Setting grid   5    0.32375E-02   1
Setting grid   6    0.32375E-02   1
 Transforming s_hat 1/s           18   3.2375014532175150E-003   1600.0000000000000        168999999.99999997     
  93   1   2   3   4   5   6   7   8   9  10  11  12  13  14
  15  16  17  18  19
 Masses: 0.000E+00 0.000E+00 0.000E+00 0.000E+00 0.000E+00 0.000E+00 0.000E+00 0.000E+00 0.912E+02
Using random seed offsets    93 :      1
  with seed                   24
 Ranmar initialization seeds       31151        9398
 
 ********************************************
 * You are using the DiscreteSampler module *
 *      part of the MG5_aMC framework       *
 *         Author: Valentin Hirschi         *
 ********************************************
 
  Particle       3       4       5       6       7       8       9
      Et >    10.0    10.0    10.0    10.0     0.0     0.0     0.0
       E >     0.0     0.0     0.0     0.0     0.0     0.0     0.0
     Eta <     2.5     2.5     2.5     2.5    -1.0    -1.0    -1.0
   xqcut:      0.0     0.0     0.0     0.0     0.0     0.0     0.0
d R # 3  >    -0.0     0.4     0.4     0.4     0.0     0.0     0.0
d R # 4  >    -0.0    -0.0     0.4     0.4     0.0     0.0     0.0
d R # 5  >    -0.0    -0.0    -0.0     0.4     0.0     0.0     0.0
d R # 6  >    -0.0    -0.0    -0.0    -0.0     0.0     0.0     0.0
d R # 7  >    -0.0    -0.0    -0.0    -0.0    -0.0     0.0     0.0
d R # 8  >    -0.0    -0.0    -0.0    -0.0    -0.0    -0.0     0.0
s min # 3>     0.0     0.0     0.0     0.0     0.0     0.0     0.0
s min # 4>     0.0     0.0     0.0     0.0     0.0     0.0     0.0
s min # 5>     0.0     0.0     0.0     0.0     0.0     0.0     0.0
s min # 6>     0.0     0.0     0.0     0.0     0.0     0.0     0.0
s min # 7>     0.0     0.0     0.0     0.0     0.0     0.0     0.0
s min # 8>     0.0     0.0     0.0     0.0     0.0     0.0     0.0
xqcutij # 3>     0.0     0.0     0.0     0.0     0.0     0.0     0.0
xqcutij # 4>     0.0     0.0     0.0     0.0     0.0     0.0     0.0
xqcutij # 5>     0.0     0.0     0.0     0.0     0.0     0.0     0.0
xqcutij # 6>     0.0     0.0     0.0     0.0     0.0     0.0     0.0
xqcutij # 7>     0.0     0.0     0.0     0.0     0.0     0.0     0.0
xqcutij # 8>     0.0     0.0     0.0     0.0     0.0     0.0     0.0
 Excluding BW           -1           1
 Requiring BW           -3           2
 Requiring BW           -4           3
 Excluding BW           -5           4
 Excluding BW           -6           5
 alpha_s for scale    800.94965518395031       is    9.5586433760523989E-002
 Added good helicity            1   18.660934639229659       in event            1 local:           1
 Added good helicity           21   1.2362557127673521E-006  in event            1 local:           1
 Added good helicity           25  0.62617931609608179       in event            1 local:           1
 Added good helicity           37   3.3639140481759385E-005  in event            1 local:           1
 Added good helicity           41   14.401625862174287       in event            1 local:           1
 Added good helicity           61   2.9712107151539754E-006  in event            1 local:           1
 Added good helicity          193   126.67731445215341       in event            1 local:           1
 Added good helicity          213   4.4405487194702662E-006  in event            1 local:           1
 Added good helicity          217   12.443966521871689       in event            1 local:           1
 Added good helicity          229   4.5024507198049694E-006  in event            1 local:           1
 Added good helicity          233   83.189930357229684       in event            1 local:           1
 Added good helicity          253   2.0616388468011555E-006  in event            1 local:           1
 Added good helicity            1   18.660934639229673       in event            1 local:           1
 Added good helicity           21   1.2362557127671404E-006  in event            1 local:           1
 Added good helicity           25  0.62617931609605293       in event            1 local:           1
 Added good helicity           37   3.3639140481758287E-005  in event            1 local:           1
 Added good helicity           41   14.401625862174390       in event            1 local:           1
 Added good helicity           61   2.9712107151545780E-006  in event            1 local:           1
 Added good helicity          193   126.67731445215165       in event            1 local:           1
 Added good helicity          213   4.4405487194705051E-006  in event            1 local:           1
 Added good helicity          217   12.443966521871396       in event            1 local:           1
 Added good helicity          229   4.5024507198048678E-006  in event            1 local:           1
 Added good helicity          233   83.189930357231631       in event            1 local:           1
 Added good helicity          253   2.0616388468013317E-006  in event            1 local:           1
 RESET CUMULATIVE VARIABLE
 RESET CUMULATIVE VARIABLE
 RESET CUMULATIVE VARIABLE
 Iteration  1   Mean: 0.3138E-13 Abs mean: 0.3138E-13   Fluctuation:  0.110E-13   0.858E-11     0.7%
  1    0.3138E-13 0.3138E-13 +- 0.1101E-13     11.10
 Writing out events   9.1951983554828834E-016   11.097807859983041     
 Relative summed weights:
  0.1580E+00  0.8296E-02  0.2825E+00  0.3112E-01  0.2152E-04  0.6020E-05
  0.3687E-02  0.1016E-01  0.1818E-01  0.4671E-03  0.0000E+00  0.0000E+00
  0.2092E-02  0.7374E-01  0.1525E-02  0.1334E-02  0.0000E+00  0.0000E+00
  0.3029E-02  0.6548E-01  0.8724E-02  0.3749E-01  0.2997E-10  0.5655E-06
  0.1416E+00  0.3756E-01  0.1091E-01  0.5492E-02  0.0000E+00  0.4773E-08
  0.6152E-02  0.3728E-01  0.1457E-02  0.5314E-02  0.0000E+00  0.2153E-06
  0.1688E-01  0.1060E-02  0.2570E-02  0.6766E-02  0.9740E-06  0.0000E+00
  0.6037E-02  0.1131E-01  0.1966E-02  0.1841E-02  0.0000E+00  0.3103E-05
 Relative number of events:
  0.2478E-01  0.1784E-01  0.2577E-01  0.3171E-01  0.9911E-03  0.9911E-03
  0.3964E-01  0.3469E-01  0.3667E-01  0.3171E-01  0.0000E+00  0.0000E+00
  0.2081E-01  0.2973E-01  0.1487E-01  0.1784E-01  0.0000E+00  0.0000E+00
  0.4262E-01  0.5352E-01  0.3964E-01  0.5154E-01  0.9911E-03  0.9911E-03
  0.1982E-01  0.1685E-01  0.1883E-01  0.2180E-01  0.0000E+00  0.9911E-03
  0.3766E-01  0.5451E-01  0.4262E-01  0.3171E-01  0.0000E+00  0.9911E-03
  0.2478E-01  0.2081E-01  0.2379E-01  0.2081E-01  0.9911E-03  0.0000E+00
  0.3072E-01  0.4262E-01  0.4063E-01  0.2973E-01  0.0000E+00  0.1982E-02
 Events:
          25          18          26          32           1           1
          40          35          37          32           0           0
          21          30          15          18           0           0
          43          54          40          52           1           1
          20          17          19          22           0           1
          38          55          43          32           0           1
          25          21          24          21           1           0
          31          43          41          30           0           2
 Iteration  2   Mean: 0.1912E-13 Abs mean: 0.1912E-13   Fluctuation:  0.337E-14   0.463E-11     8.3%
  2    0.1912E-13 0.1912E-13 +- 0.3366E-14      7.87
 Relative summed weights:
  0.1832E-01  0.1231E-01  0.1255E-01  0.2705E-01  0.4745E-04  0.8983E-04
  0.4375E-01  0.6671E-02  0.5490E-02  0.2139E-01  0.0000E+00  0.0000E+00
  0.5114E-02  0.2838E-01  0.5314E-01  0.2241E-01  0.8120E-08  0.4687E-05
  0.3555E-01  0.1449E-01  0.7156E-02  0.6368E-02  0.2091E-04  0.1615E-03
  0.1187E+00  0.2110E-01  0.1508E-01  0.8408E-02  0.0000E+00  0.0000E+00
  0.9340E-01  0.8675E-02  0.8799E-01  0.2868E-01  0.0000E+00  0.1475E-02
  0.2668E-01  0.3983E-01  0.1176E-01  0.9443E-02  0.0000E+00  0.3967E-07
  0.1574E+00  0.1887E-01  0.1856E-01  0.1239E-01  0.1162E-02  0.0000E+00
 Relative number of events:
  0.1700E-01  0.2550E-01  0.1950E-01  0.1950E-01  0.1500E-02  0.5000E-03
  0.4000E-01  0.4150E-01  0.3400E-01  0.3150E-01  0.0000E+00  0.0000E+00
  0.2450E-01  0.2000E-01  0.1800E-01  0.2450E-01  0.5000E-03  0.5000E-03
  0.5150E-01  0.4400E-01  0.3150E-01  0.4050E-01  0.2000E-02  0.5000E-03
  0.2600E-01  0.2050E-01  0.2450E-01  0.2000E-01  0.0000E+00  0.0000E+00
  0.4400E-01  0.4550E-01  0.4650E-01  0.2950E-01  0.0000E+00  0.1500E-02
  0.2650E-01  0.2300E-01  0.2000E-01  0.1850E-01  0.0000E+00  0.5000E-03
  0.4600E-01  0.4250E-01  0.3950E-01  0.3600E-01  0.1000E-02  0.0000E+00
 Events:
          34          51          39          39           3           1
          80          83          68          63           0           0
          49          40          36          49           1           1
         103          88          63          81           4           1
          52          41          49          40           0           0
          88          91          93          59           0           3
          53          46          40          37           0           1
          92          85          79          72           2           0
 Iteration  3   Mean: 0.1554E-13 Abs mean: 0.1554E-13   Fluctuation:  0.144E-14   0.305E-11    10.9%
  3    0.1554E-13 0.1554E-13 +- 0.1444E-14      5.88
 Relative summed weights:
  0.1554E-01  0.1740E-01  0.4408E-01  0.1837E-01  0.0000E+00  0.9858E-07
  0.6938E-01  0.3342E-01  0.2639E-01  0.4001E-01  0.0000E+00  0.4033E-04
  0.3446E-01  0.4205E-01  0.1645E-01  0.1424E-01  0.0000E+00  0.0000E+00
  0.4335E-01  0.5281E-01  0.1974E-01  0.1010E-01  0.1166E-02  0.1235E-03
  0.2944E-01  0.2758E-01  0.6471E-01  0.1181E-01  0.6613E-04  0.0000E+00
  0.2928E-01  0.3147E-01  0.1659E-01  0.2837E-01  0.7750E-04  0.1720E-03
  0.1249E-01  0.4415E-01  0.3466E-01  0.3968E-01  0.5245E-04  0.1409E-01
  0.2606E-01  0.5294E-01  0.1526E-01  0.2190E-01  0.1028E-04  0.1559E-04
 Relative number of events:
  0.2050E-01  0.2550E-01  0.2250E-01  0.2175E-01  0.0000E+00  0.2500E-03
  0.3875E-01  0.4325E-01  0.3950E-01  0.3650E-01  0.0000E+00  0.7500E-03
  0.2750E-01  0.2325E-01  0.2125E-01  0.2300E-01  0.0000E+00  0.0000E+00
  0.4525E-01  0.4650E-01  0.3175E-01  0.3650E-01  0.1000E-02  0.5000E-03
  0.2350E-01  0.2150E-01  0.2100E-01  0.2050E-01  0.2500E-03  0.0000E+00
  0.5000E-01  0.3750E-01  0.3450E-01  0.3375E-01  0.7500E-03  0.5000E-03
  0.2050E-01  0.2975E-01  0.2050E-01  0.2425E-01  0.5000E-03  0.2500E-03
  0.4150E-01  0.4625E-01  0.3275E-01  0.3250E-01  0.5000E-03  0.1250E-02
 Events:
          82         102          90          87           0           1
         155         173         158         146           0           3
         110          93          85          92           0           0
         181         186         127         146           4           2
          94          86          84          82           1           0
         200         150         138         135           3           2
          82         119          82          97           2           1
         166         185         131         130           2           5
 Accuracy:    0.150   0.100   0.080   3.536
 Found          719  events.
 Wrote           20  events.
 Actual xsec    1.7105793296579789E-014
 Correct abs xsec    1.7105793296579789E-014
 Event xsec    1.7105793296579782E-014
 Events wgts > 1:            0
 % Cross section > 1:    0.0000000000000000        0.0000000000000000     
 Iteration  4   Mean: 0.2073E-13 Abs mean: 0.2073E-13   Fluctuation:  0.181E-14   0.816E-11    11.8%
  4    0.2073E-13 0.2073E-13 +- 0.1806E-14      7.79
 Relative summed weights:
  0.2447E-01  0.2488E-01  0.3271E-01  0.2219E-01  0.1152E-03  0.1486E-03
  0.2150E-01  0.1890E-01  0.1650E-01  0.1881E-01  0.8397E-04  0.3525E-03
  0.3136E-01  0.4159E-01  0.5267E-01  0.4232E-01  0.2875E-05  0.5410E-03
  0.5914E-01  0.2265E-01  0.5010E-01  0.1593E-01  0.4562E-04  0.8113E-04
  0.3828E-01  0.5109E-01  0.4377E-01  0.2115E-01  0.0000E+00  0.4332E-04
  0.2237E-01  0.2258E-01  0.2237E-01  0.1625E-01  0.3572E-06  0.1361E-03
  0.2315E-01  0.5209E-01  0.1807E-01  0.7302E-01  0.2140E-06  0.2194E-03
  0.3437E-01  0.2295E-01  0.2514E-01  0.1584E-01  0.6984E-05  0.2179E-05
 Relative number of events:
  0.2525E-01  0.2388E-01  0.2025E-01  0.2175E-01  0.2500E-03  0.2500E-03
  0.4562E-01  0.4362E-01  0.3463E-01  0.3537E-01  0.6250E-03  0.1250E-03
  0.2550E-01  0.2400E-01  0.2538E-01  0.1837E-01  0.2500E-03  0.5000E-03
  0.4163E-01  0.4475E-01  0.3425E-01  0.3138E-01  0.2500E-03  0.8750E-03
  0.2225E-01  0.2738E-01  0.2088E-01  0.1837E-01  0.0000E+00  0.3750E-03
  0.4625E-01  0.4412E-01  0.3475E-01  0.3750E-01  0.2500E-03  0.3750E-03
  0.2450E-01  0.2450E-01  0.2000E-01  0.2300E-01  0.2500E-03  0.6250E-03
  0.4225E-01  0.4050E-01  0.3687E-01  0.3537E-01  0.5000E-03  0.3750E-03
 Events:
         202         191         162         174           2           2
         365         349         277         283           5           1
         204         192         203         147           2           4
         333         358         274         251           2           7
         178         219         167         147           0           3
         370         353         278         300           2           3
         196         196         160         184           2           5
         338         324         295         283           4           3
 Accuracy:    0.099   0.100   0.059   2.846
 Finished due to accuracy    9.9409819109026812E-002  0.10000000000000001     

 -------------------------------------------------------------------------------
 Accumulated results:   Integral =  0.1876E-13
                        Std dev  =  0.1105E-14
                       Cross sec =  0.1876E-13
             Chi**2 per DoF.     =      2.8463
 -------------------------------------------------------------------------------
 Found         2015  events.
 Wrote           19  events.
 Actual xsec    1.8395359671544227E-014
 Correct abs xsec    1.8395359671544227E-014
 Event xsec    1.8395359671544230E-014
 Events wgts > 1:            0
 % Cross section > 1:    0.0000000000000000        0.0000000000000000     
-------------------------------------------------
---------------------------
 Results Last   3 iters: Integral =   0.1840E-13
                     Abs integral =   0.1840E-13
                          Std dev =   0.1100E-14
                  Chi**2 per DoF. =      2.8056
-------------------------------------------------
---------------------------
 Status  0.10000000000000001                5           5

ls status:
events.lhe
ftn26
input_app.txt
results.dat
run1_app.log
