 Process in group number            1
 A PDF is used, so alpha_s(MZ) is going to be modified
 Old value of alpha_s from param_card:   0.11839999999999999     
  ****************************************
 
       NNPDFDriver version 1.0.3
   Grid: NNPDF23_lo_as_0130_qed_mem0.grid
  ****************************************
 New value of alpha_s from PDF nn23lo1:  0.13000000000000000     
 Define smin to   1600.0000000000000     
 Define smin to   1600.0000000000000     
 Define smin to   1600.0000000000000     
 *****************************************************
 *               MadGraph/MadEvent                   *
 *        --------------------------------           *
 *          http://madgraph.hep.uiuc.edu             *
 *          http://madgraph.phys.ucl.ac.be           *
 *          http://madgraph.roma2.infn.it            *
 *        --------------------------------           *
 *                                                   *
 *          PARAMETER AND COUPLING VALUES            *
 *                                                   *
 *****************************************************

  External Params
  ---------------------------------
  
 mdl_VeN1 =    1.0000000000000000     
 mdl_VeN2 =    0.0000000000000000     
 mdl_VeN3 =    0.0000000000000000     
 mdl_VmuN1 =    0.0000000000000000     
 mdl_VmuN2 =    1.0000000000000000     
 mdl_VmuN3 =    0.0000000000000000     
 mdl_VtaN1 =    0.0000000000000000     
 mdl_VtaN2 =    0.0000000000000000     
 mdl_VtaN3 =    1.0000000000000000     
 mdl_VN1N1 =    1.0000000000000000     
 mdl_VN1N2 =    1.0000000000000000     
 mdl_VN1N3 =    1.0000000000000000     
 mdl_VN2N2 =    1.0000000000000000     
 mdl_VN2N3 =    1.0000000000000000     
 mdl_VN3N3 =    1.0000000000000000     
 aEWM1 =    127.90000000000001     
 mdl_Gf =    1.1663700000000000E-005
 aS =   0.11839999999999999     
 mdl_ymt =    172.00000000000000     
 mdl_vevf =    50.000000000000000     
 mdl_MZ =    91.187600000000003     
 mdl_MT =    172.00000000000000     
 mdl_MH =    125.00000000000000     
 mdl_mN1 =    1644.0000000000000     
 mdl_mN2 =    1744.0000000000000     
 mdl_mN3 =    1844.0000000000000     
 mdl_MJ =    91.187600000000003     
 mdl_MAx =    173.04800000000000     
 mdl_WZ =    2.4952000000000001     
 mdl_WW =    2.0850000000000000     
 mdl_WT =    1.5083359999999999     
 mdl_WH =    4.0699999999999998E-003
 mdl_WN1 =   0.30299999999999999     
 mdl_WN2 =    1.5000000000000000     
 mdl_WN3 =    12.300000000000001     
 mdl_WJ =    2.4952000000000001     
 mdl_WAx =    4.1700000000000001E-003
  Internal Params
  ---------------------------------
  
 mdl_vevf__exp__2 =    2500.0000000000000     
 mdl_sqrt__vevf__exp__2 =    50.000000000000000     
 mdl_muJ =    50.000000000000000     
 mdl_MZ__exp__2 =    8315.1783937600012     
 mdl_MZ__exp__4 =    69142191.720053151     
 mdl_sqrt__2 =    1.4142135623730951     
 mdl_MJ__exp__2 =    8315.1783937600012     
 mdl_muJ__exp__2 =    2500.0000000000000     
 mdl_lamJ =    4.3260713575040004     
 mdl_MH__exp__2 =    15625.000000000000     
 mdl_complexi =  (  0.0000000000000000     ,  1.0000000000000000     )
 mdl_aEW =    7.8186082877247844E-003
 mdl_MW =    79.824359746197842     
 mdl_sqrt__aEW =    8.8422894590285753E-002
 mdl_ee =   0.31345100004952897     
 mdl_MW__exp__2 =    6371.9284088904105     
 mdl_sw2 =   0.23369913342182447     
 mdl_cw =   0.87538612427783857     
 mdl_sqrt__sw2 =   0.48342438232036300     
 mdl_sw =   0.48342438232036300     
 mdl_g1 =   0.35807170271074895     
 mdl_gN =   0.64839716719502682     
 mdl_gw =   0.64839716719502682     
 mdl_vev =    246.22056907348590     
 mdl_vev__exp__2 =    60624.568634871241     
 mdl_lam =   0.12886689630821144     
 mdl_yt =   0.98791394091683138     
 mdl_muH =    88.388347648318444     
 mdl_I2a33 =  ( 0.98791394091683138     ,  0.0000000000000000     )
 mdl_I3a33 =  ( 0.98791394091683138     ,  0.0000000000000000     )
 mdl_ee__exp__2 =    9.8251529432049817E-002
 mdl_sw__exp__2 =   0.23369913342182450     
 mdl_cw__exp__2 =   0.76630086657817542     
  Internal Params evaluated point by point
  ----------------------------------------
  
 mdl_sqrt__aS =   0.34409301068170506     
 mdl_G__exp__2 =    1.4878582807401259     
  Couplings of SM_HeavyN_UFO
  ---------------------------------
  
         GC_1 =  -0.00000E+00  -0.10448E+00
         GC_2 =   0.00000E+00   0.20897E+00
         GC_3 =  -0.00000E+00  -0.31345E+00
         GC_4 =   0.00000E+00   0.31345E+00
        GC_26 =   0.00000E+00   0.45849E+00
        GC_27 =  -0.00000E+00  -0.28380E+00
        GC_28 =   0.00000E+00   0.28380E+00
        GC_30 =   0.00000E+00   0.56760E+00
        GC_35 =  -0.00000E+00  -0.28850E-01
        GC_37 =   0.00000E+00   0.17310E+00
        GC_39 =   0.00000E+00  -0.19725E+00
        GC_40 =   0.00000E+00   0.37035E+00
        GC_80 =   0.00000E+00   0.67543E+02
       GC_107 =  -0.00000E+00  -0.74070E+00
       GC_109 =  -0.00000E+00  -0.74070E+00
       GC_111 =  -0.00000E+00  -0.74070E+00
       GC_113 =  -0.00000E+00  -0.74070E+00
       GC_115 =  -0.00000E+00  -0.74070E+00
       GC_117 =  -0.00000E+00  -0.74070E+00
       GC_119 =   0.00000E+00   0.00000E+00
       GC_120 =   0.00000E+00   0.00000E+00
       GC_122 =  -0.00000E+00  -0.00000E+00
       GC_126 =   0.00000E+00   0.00000E+00
       GC_127 =   0.00000E+00   0.00000E+00
       GC_129 =  -0.00000E+00  -0.00000E+00
       GC_133 =   0.00000E+00   0.45849E+00
       GC_134 =   0.00000E+00   0.37035E+00
       GC_136 =  -0.00000E+00  -0.74892E+01
        GC_81 =   0.32880E+02   0.00000E+00
        GC_82 =   0.34880E+02   0.00000E+00
        GC_83 =   0.36880E+02   0.00000E+00

 Collider parameters:
 --------------------

 Running at P P   machine @    13000.000000000000       GeV
 PDF set = nn23lo1
 alpha_s(Mz)= 0.1300 running at 2 loops.
 alpha_s(Mz)= 0.1300 running at 2 loops.
 Renormalization scale set on event-by-event basis
 Factorization   scale set on event-by-event basis


 getting user params
Enter number of events and max and min iterations: 
 Number of events and iterations         1000           5           3
Enter desired fractional accuracy: 
 Desired fractional accuracy:   0.10000000000000001     
Enter 0 for fixed, 2 for adjustable grid: 
Suppress amplitude (0 no, 1 yes)? 
 Using suppressed amplitude.
Exact helicity sum (0 yes, n = number/event)? 
 Explicitly summing over helicities
Enter Configuration Number: 
Running Configuration Number: 1011
 Using dconfig=         715
 BW Setting            1           1           1           2           2           2           0
 Attempting mappinvarients           1           9
 Completed mapping           9
 about to integrate           19        1000           5           3          19           1
 Using non-zero grid deformation.
 19 dimensions   1000 events 19 invarients  5 iterations  1 config(s),  (0.99)
 Using h-tuple random number sequence.
 Error opening grid
 Using Uniform Grid!          36
 Using uniform alpha   1.0000000000000000     
 Grid defined OK
 Set CM energy to      13000.00
 Mapping Graph        1011  to config        1011
 Setting BW          -1           1   79.824359746197842     
 Setting BW          -2           2   1844.0000000000000     
 Setting BW          -3           3   1844.0000000000000     
Setting grid   4    0.20773E-01   1
Setting grid   5    0.20773E-01   1
Setting grid   6    0.20773E-01   1
 Transforming s_hat 1/s           18   2.1219246901738226E-002   1600.0000000000000        168999999.99999997     
1011   1   2   3   4   5   6   7   8   9  10  11  12  13  14
  15  16  17  18  19
 Masses: 0.000E+00 0.000E+00 0.000E+00 0.000E+00 0.000E+00 0.000E+00 0.000E+00 0.000E+00 0.912E+02
Using random seed offsets  1011 :      1
  with seed                   24
 Ranmar initialization seeds         741        9398
 
 ********************************************
 * You are using the DiscreteSampler module *
 *      part of the MG5_aMC framework       *
 *         Author: Valentin Hirschi         *
 ********************************************
 
  Particle       3       4       5       6       7       8       9
      Et >    10.0    10.0    10.0    10.0     0.0     0.0     0.0
       E >     0.0     0.0     0.0     0.0     0.0     0.0     0.0
     Eta <     2.5     2.5     2.5     2.5    -1.0    -1.0    -1.0
   xqcut:      0.0     0.0     0.0     0.0     0.0     0.0     0.0
d R # 3  >    -0.0     0.4     0.4     0.4     0.0     0.0     0.0
d R # 4  >    -0.0    -0.0     0.4     0.4     0.0     0.0     0.0
d R # 5  >    -0.0    -0.0    -0.0     0.4     0.0     0.0     0.0
d R # 6  >    -0.0    -0.0    -0.0    -0.0     0.0     0.0     0.0
d R # 7  >    -0.0    -0.0    -0.0    -0.0    -0.0     0.0     0.0
d R # 8  >    -0.0    -0.0    -0.0    -0.0    -0.0    -0.0     0.0
s min # 3>     0.0     0.0     0.0     0.0     0.0     0.0     0.0
s min # 4>     0.0     0.0     0.0     0.0     0.0     0.0     0.0
s min # 5>     0.0     0.0     0.0     0.0     0.0     0.0     0.0
s min # 6>     0.0     0.0     0.0     0.0     0.0     0.0     0.0
s min # 7>     0.0     0.0     0.0     0.0     0.0     0.0     0.0
s min # 8>     0.0     0.0     0.0     0.0     0.0     0.0     0.0
xqcutij # 3>     0.0     0.0     0.0     0.0     0.0     0.0     0.0
xqcutij # 4>     0.0     0.0     0.0     0.0     0.0     0.0     0.0
xqcutij # 5>     0.0     0.0     0.0     0.0     0.0     0.0     0.0
xqcutij # 6>     0.0     0.0     0.0     0.0     0.0     0.0     0.0
xqcutij # 7>     0.0     0.0     0.0     0.0     0.0     0.0     0.0
xqcutij # 8>     0.0     0.0     0.0     0.0     0.0     0.0     0.0
 Requiring BW           -1           1
 Requiring BW           -2           2
 Requiring BW           -3           3
 Excluding BW           -4           4
 Excluding BW           -5           5
 Excluding BW           -6           6
 alpha_s for scale    2548.7487998424403       is    8.3858213207243446E-002
 Added good helicity            1   77.306821150506295       in event            1 local:           1
 Added good helicity           21   38.663671161964068       in event            1 local:           1
 Added good helicity           25   8.5966247469383352E-007  in event            1 local:           1
 Added good helicity          193   51.255963970748105       in event            1 local:           1
 Added good helicity          213   88.773540183811619       in event            1 local:           1
 Added good helicity          217   2.5818537238694638E-006  in event            1 local:           1
 Added good helicity          233   2.5072678053671729E-008  in event            1 local:           1
 Added good helicity          253   5.9837961251620640E-008  in event            1 local:           1
 Added good helicity            1   77.306821150506124       in event            1 local:           1
 Added good helicity           21   38.663671161963372       in event            1 local:           1
 Added good helicity           25   8.5966247469367778E-007  in event            1 local:           1
 Added good helicity          193   51.255963970748809       in event            1 local:           1
 Added good helicity          213   88.773540183811804       in event            1 local:           1
 Added good helicity          217   2.5818537238696506E-006  in event            1 local:           1
 Added good helicity          233   2.5072678053633963E-008  in event            1 local:           1
 Added good helicity          253   5.9837961251531318E-008  in event            1 local:           1
 Added good helicity          229   2.5072678053671729E-008  in event            7 local:           3
 Added good helicity          229   2.5072678053633976E-008  in event            7 local:           3
 Added good helicity           37   38.663671161964075       in event           13 local:           5
 Added good helicity           41   8.5966247469384591E-007  in event           13 local:           5
 Added good helicity           37   38.663671161963379       in event           13 local:           5
 Added good helicity           41   8.5966247469367788E-007  in event           13 local:           5
 RESET CUMULATIVE VARIABLE
 RESET CUMULATIVE VARIABLE
 RESET CUMULATIVE VARIABLE
 Iteration  1   Mean: 0.1845E-12 Abs mean: 0.1845E-12   Fluctuation:  0.709E-13   0.389E-10     0.4%
  1    0.1845E-12 0.1845E-12 +- 0.7091E-13     11.05
 Writing out events   7.3801006390126349E-015   11.052128286423661     
 Relative summed weights:
  0.3894E-05  0.2568E-05  0.3603E-05  0.0000E+00  0.0000E+00  0.0000E+00
  0.4408E-02  0.5660E-01  0.2777E-02  0.1885E-03  0.0000E+00  0.0000E+00
  0.3122E-07  0.4738E-02  0.0000E+00  0.1493E-06  0.0000E+00  0.0000E+00
  0.9001E-02  0.1686E-02  0.1132E-04  0.8422E-03  0.0000E+00  0.0000E+00
  0.1114E-13  0.7750E-09  0.2628E-04  0.0000E+00  0.0000E+00  0.0000E+00
  0.1361E-01  0.1751E-01  0.1440E+00  0.7488E-02  0.0000E+00  0.0000E+00
  0.4321E-05  0.1902E-03  0.0000E+00  0.0000E+00  0.0000E+00  0.0000E+00
  0.3149E-02  0.2704E+00  0.5968E-02  0.1016E-02  0.0000E+00  0.0000E+00
  0.6375E-02  0.1275E-02  0.3028E-02  0.1735E-01  0.0000E+00  0.8665E-10
  0.6534E-06  0.3456E-05  0.1071E-03  0.5539E-11  0.0000E+00  0.0000E+00
  0.2340E-01  0.3293E-03  0.2009E-02  0.7554E-04  0.7174E-13  0.1965E-07
  0.3106E-02  0.0000E+00  0.5003E-05  0.4454E-05  0.0000E+00  0.0000E+00
  0.2288E+00  0.1136E+00  0.7709E-03  0.5695E-03  0.0000E+00  0.0000E+00
  0.2935E-06  0.9756E-10  0.1100E-04  0.3613E-06  0.0000E+00  0.0000E+00
  0.2431E-01  0.1688E-01  0.7112E-02  0.6910E-02  0.1580E-03  0.0000E+00
  0.2252E-03  0.8413E-06  0.0000E+00  0.2604E-05  0.0000E+00  0.0000E+00
 Relative number of events:
  0.2392E-02  0.3589E-02  0.1196E-02  0.0000E+00  0.0000E+00  0.0000E+00
  0.3230E-01  0.3947E-01  0.2153E-01  0.1316E-01  0.0000E+00  0.0000E+00
  0.2392E-02  0.1196E-02  0.0000E+00  0.2392E-02  0.0000E+00  0.0000E+00
  0.2632E-01  0.2990E-01  0.1794E-01  0.2632E-01  0.0000E+00  0.0000E+00
  0.1196E-02  0.1196E-02  0.1196E-02  0.0000E+00  0.0000E+00  0.0000E+00
  0.3828E-01  0.2751E-01  0.1435E-01  0.1794E-01  0.0000E+00  0.0000E+00
  0.4785E-02  0.3589E-02  0.0000E+00  0.0000E+00  0.0000E+00  0.0000E+00
  0.2751E-01  0.3349E-01  0.2871E-01  0.2751E-01  0.0000E+00  0.0000E+00
  0.3469E-01  0.2392E-01  0.3947E-01  0.2871E-01  0.0000E+00  0.1196E-02
  0.3589E-02  0.2392E-02  0.3589E-02  0.2392E-02  0.0000E+00  0.0000E+00
  0.2392E-01  0.2990E-01  0.3469E-01  0.2273E-01  0.1196E-02  0.2392E-02
  0.3589E-02  0.0000E+00  0.3589E-02  0.3589E-02  0.0000E+00  0.0000E+00
  0.2033E-01  0.3469E-01  0.2632E-01  0.3828E-01  0.0000E+00  0.0000E+00
  0.3589E-02  0.1196E-02  0.5981E-02  0.1196E-02  0.0000E+00  0.0000E+00
  0.2871E-01  0.4545E-01  0.3230E-01  0.3230E-01  0.1196E-02  0.0000E+00
  0.4785E-02  0.2392E-02  0.0000E+00  0.8373E-02  0.0000E+00  0.0000E+00
 Events:
           2           3           1           0           0           0
          27          33          18          11           0           0
           2           1           0           2           0           0
          22          25          15          22           0           0
           1           1           1           0           0           0
          32          23          12          15           0           0
           4           3           0           0           0           0
          23          28          24          23           0           0
          29          20          33          24           0           1
           3           2           3           2           0           0
          20          25          29          19           1           2
           3           0           3           3           0           0
          17          29          22          32           0           0
           3           1           5           1           0           0
          24          38          27          27           1           0
           4           2           0           7           0           0
 Iteration  2   Mean: 0.2182E-12 Abs mean: 0.2182E-12   Fluctuation:  0.647E-13   0.103E-09    29.6%
  2    0.2182E-12 0.2182E-12 +- 0.6466E-13     13.25
 Relative summed weights:
  0.5534E-03  0.3571E-03  0.8441E-02  0.1430E-04  0.0000E+00  0.0000E+00
  0.2560E-02  0.3837E-02  0.8113E-02  0.1038E-02  0.0000E+00  0.0000E+00
  0.1189E-04  0.2473E-04  0.3952E-04  0.7224E-04  0.0000E+00  0.0000E+00
  0.7259E-02  0.8597E-02  0.2316E-02  0.6510E-01  0.1700E-03  0.0000E+00
  0.2545E-04  0.3755E-04  0.1428E-02  0.1316E-07  0.0000E+00  0.0000E+00
  0.2768E-01  0.1274E+00  0.9583E-02  0.1430E-02  0.0000E+00  0.0000E+00
  0.4417E-06  0.1308E-04  0.1888E-02  0.1381E-04  0.0000E+00  0.0000E+00
  0.6836E-02  0.9900E-02  0.1671E-01  0.6642E-02  0.0000E+00  0.1289E-09
  0.4544E-02  0.2873E-02  0.5341E-02  0.2630E-01  0.0000E+00  0.0000E+00
  0.1569E-03  0.1826E-04  0.1983E-04  0.3154E-05  0.0000E+00  0.0000E+00
  0.4026E-01  0.8675E-02  0.5961E-01  0.2937E+00  0.0000E+00  0.0000E+00
  0.2498E-04  0.6043E-03  0.6808E-05  0.1572E-05  0.0000E+00  0.0000E+00
  0.4109E-02  0.1959E-01  0.4305E-01  0.2378E-02  0.0000E+00  0.0000E+00
  0.2759E-02  0.4603E-05  0.2731E-05  0.1679E-02  0.0000E+00  0.0000E+00
  0.1389E+00  0.7404E-02  0.1909E-01  0.5862E-03  0.0000E+00  0.0000E+00
  0.2039E-05  0.1630E-03  0.5380E-04  0.4274E-04  0.0000E+00  0.0000E+00
 Relative number of events:
  0.4500E-02  0.2000E-02  0.2000E-02  0.5000E-03  0.0000E+00  0.0000E+00
  0.2850E-01  0.3650E-01  0.2050E-01  0.1950E-01  0.0000E+00  0.0000E+00
  0.2000E-02  0.5000E-02  0.1000E-02  0.3500E-02  0.0000E+00  0.0000E+00
  0.3600E-01  0.3000E-01  0.1750E-01  0.1650E-01  0.5000E-03  0.0000E+00
  0.2500E-02  0.2500E-02  0.2000E-02  0.5000E-03  0.0000E+00  0.0000E+00
  0.4050E-01  0.3850E-01  0.2300E-01  0.1900E-01  0.0000E+00  0.0000E+00
  0.1500E-02  0.2000E-02  0.2000E-02  0.5000E-03  0.0000E+00  0.0000E+00
  0.3700E-01  0.3550E-01  0.1800E-01  0.1850E-01  0.0000E+00  0.5000E-03
  0.3050E-01  0.3400E-01  0.2700E-01  0.3100E-01  0.0000E+00  0.0000E+00
  0.3500E-02  0.4500E-02  0.3500E-02  0.3000E-02  0.0000E+00  0.0000E+00
  0.4100E-01  0.2750E-01  0.2600E-01  0.2250E-01  0.0000E+00  0.0000E+00
  0.4000E-02  0.3500E-02  0.4000E-02  0.2500E-02  0.0000E+00  0.0000E+00
  0.2550E-01  0.2700E-01  0.2750E-01  0.2300E-01  0.0000E+00  0.0000E+00
  0.3000E-02  0.2000E-02  0.3000E-02  0.5000E-02  0.0000E+00  0.0000E+00
  0.3900E-01  0.3050E-01  0.3100E-01  0.3000E-01  0.0000E+00  0.0000E+00
  0.3500E-02  0.3500E-02  0.4500E-02  0.4000E-02  0.0000E+00  0.0000E+00
 Events:
           9           4           4           1           0           0
          57          73          41          39           0           0
           4          10           2           7           0           0
          72          60          35          33           1           0
           5           5           4           1           0           0
          81          77          46          38           0           0
           3           4           4           1           0           0
          74          71          36          37           0           1
          61          68          54          62           0           0
           7           9           7           6           0           0
          82          55          52          45           0           0
           8           7           8           5           0           0
          51          54          55          46           0           0
           6           4           6          10           0           0
          78          61          62          60           0           0
           7           7           9           8           0           0
 Iteration  3   Mean: 0.2779E-12 Abs mean: 0.2779E-12   Fluctuation:  0.907E-13   0.318E-09    69.8%
  3    0.2779E-12 0.2779E-12 +- 0.9067E-13     20.64
 Relative summed weights:
  0.1736E-04  0.7744E-01  0.3952E-04  0.9534E-03  0.0000E+00  0.0000E+00
  0.1184E-01  0.2362E-01  0.5655E-02  0.1141E-01  0.0000E+00  0.2675E-07
  0.5235E-03  0.9584E-04  0.1436E-05  0.7424E-04  0.0000E+00  0.0000E+00
  0.9272E-02  0.8169E-02  0.6049E-01  0.5702E-02  0.0000E+00  0.4042E-06
  0.5623E-02  0.5990E-05  0.6314E-04  0.1707E-04  0.0000E+00  0.0000E+00
  0.6220E-02  0.6942E-02  0.1633E-02  0.2515E-02  0.0000E+00  0.0000E+00
  0.1062E-02  0.1880E-03  0.5812E-01  0.2081E-06  0.0000E+00  0.0000E+00
  0.1542E-01  0.3763E-01  0.1060E-01  0.6977E-02  0.0000E+00  0.0000E+00
  0.3756E-01  0.9330E-02  0.4158E-02  0.3493E-02  0.0000E+00  0.8640E-08
  0.1818E-02  0.9664E-05  0.4838E-05  0.1178E-03  0.4690E-09  0.0000E+00
  0.2849E-01  0.9891E-02  0.4005E+00  0.3644E-02  0.0000E+00  0.0000E+00
  0.1383E-03  0.5296E-02  0.1428E-04  0.3199E-04  0.0000E+00  0.0000E+00
  0.1870E-01  0.3722E-01  0.1333E-01  0.1458E-01  0.0000E+00  0.0000E+00
  0.1037E-04  0.1749E-04  0.5737E-03  0.7742E-02  0.0000E+00  0.0000E+00
  0.1370E-01  0.1385E-01  0.3183E-02  0.3510E-02  0.2547E-06  0.0000E+00
  0.3386E-03  0.3034E-03  0.5037E-04  0.4626E-04  0.0000E+00  0.1668E-08
 Relative number of events:
  0.1750E-02  0.3750E-02  0.1000E-02  0.1500E-02  0.0000E+00  0.0000E+00
  0.3575E-01  0.3625E-01  0.2050E-01  0.1625E-01  0.0000E+00  0.2500E-03
  0.2000E-02  0.2000E-02  0.1000E-02  0.1000E-02  0.0000E+00  0.0000E+00
  0.3275E-01  0.3850E-01  0.2100E-01  0.1800E-01  0.0000E+00  0.7500E-03
  0.3000E-02  0.2250E-02  0.1000E-02  0.1750E-02  0.0000E+00  0.0000E+00
  0.3000E-01  0.3875E-01  0.1725E-01  0.1650E-01  0.0000E+00  0.0000E+00
  0.2500E-02  0.2000E-02  0.1500E-02  0.5000E-03  0.0000E+00  0.0000E+00
  0.3250E-01  0.3325E-01  0.2100E-01  0.1700E-01  0.0000E+00  0.0000E+00
  0.3575E-01  0.3400E-01  0.2600E-01  0.2400E-01  0.0000E+00  0.5000E-03
  0.3750E-02  0.2250E-02  0.1750E-02  0.3000E-02  0.5000E-03  0.0000E+00
  0.3550E-01  0.3350E-01  0.2675E-01  0.2150E-01  0.0000E+00  0.0000E+00
  0.4000E-02  0.4250E-02  0.3250E-02  0.2750E-02  0.0000E+00  0.0000E+00
  0.3825E-01  0.3300E-01  0.2750E-01  0.2850E-01  0.0000E+00  0.0000E+00
  0.2500E-02  0.2750E-02  0.4250E-02  0.4250E-02  0.0000E+00  0.0000E+00
  0.3450E-01  0.3700E-01  0.3000E-01  0.2275E-01  0.7500E-03  0.0000E+00
  0.4500E-02  0.4000E-02  0.3500E-02  0.4000E-02  0.0000E+00  0.2500E-03
 Events:
           7          15           4           6           0           0
         143         145          82          65           0           1
           8           8           4           4           0           0
         131         154          84          72           0           3
          12           9           4           7           0           0
         120         155          69          66           0           0
          10           8           6           2           0           0
         130         133          84          68           0           0
         143         136         104          96           0           2
          15           9           7          12           2           0
         142         134         107          86           0           0
          16          17          13          11           0           0
         153         132         110         114           0           0
          10          11          17          17           0           0
         138         148         120          91           3           0
          18          16          14          16           0           1
 Accuracy:    0.113   0.100   0.191   0.350
 Found          128  events.
 Wrote            4  events.
 Actual xsec    2.3026905831877124E-013
 Correct abs xsec    2.3026905831877124E-013
 Event xsec    2.3026905831877119E-013
 Events wgts > 1:            1
 % Cross section > 1:    9.2355518136402693E-023   4.0107654415536391E-008
 Iteration  4   Mean: 0.2133E-12 Abs mean: 0.2133E-12   Fluctuation:  0.309E-13   0.137E-09    76.0%
  4    0.2133E-12 0.2133E-12 +- 0.3086E-13     12.94
 Relative summed weights:
  0.8083E-04  0.8220E-04  0.3527E-05  0.3099E-04  0.0000E+00  0.0000E+00
  0.3295E-01  0.1490E-01  0.5531E-02  0.5701E-02  0.0000E+00  0.1192E-08
  0.1341E-02  0.3668E-03  0.6895E-05  0.7982E-05  0.0000E+00  0.0000E+00
  0.1173E-01  0.7007E-01  0.1304E-01  0.1881E-01  0.3216E-05  0.2570E-06
  0.5283E-03  0.2866E-03  0.2588E-03  0.1763E-02  0.0000E+00  0.0000E+00
  0.2684E-01  0.1714E-01  0.6046E-02  0.1103E-01  0.9617E-07  0.3596E-05
  0.9076E-04  0.2490E-02  0.6122E-03  0.5456E-04  0.0000E+00  0.0000E+00
  0.4787E-01  0.1791E-01  0.8416E-02  0.1615E-01  0.0000E+00  0.3315E-05
  0.1065E+00  0.2337E-01  0.4259E-01  0.1152E+00  0.2251E-09  0.3451E-02
  0.6244E-03  0.1122E-02  0.4174E-02  0.2734E-02  0.0000E+00  0.0000E+00
  0.6039E-01  0.1203E-01  0.1022E-01  0.2195E-01  0.4365E-03  0.2958E-05
  0.1359E-03  0.8241E-04  0.1618E-03  0.1561E-02  0.1211E-06  0.8097E-07
  0.7569E-02  0.8938E-01  0.9661E-02  0.1314E-01  0.3707E-06  0.0000E+00
  0.2811E-03  0.5726E-03  0.5393E-04  0.2377E-03  0.0000E+00  0.0000E+00
  0.3859E-01  0.2696E-01  0.2186E-01  0.2295E-01  0.3718E-07  0.0000E+00
  0.2689E-03  0.1663E-02  0.2761E-01  0.3476E-03  0.3274E-09  0.0000E+00
 Relative number of events:
  0.1875E-02  0.1875E-02  0.6250E-03  0.1000E-02  0.0000E+00  0.0000E+00
  0.3388E-01  0.3600E-01  0.1875E-01  0.1812E-01  0.0000E+00  0.1250E-03
  0.1875E-02  0.3000E-02  0.1250E-02  0.1500E-02  0.0000E+00  0.0000E+00
  0.3438E-01  0.3637E-01  0.1650E-01  0.1937E-01  0.2500E-03  0.1250E-03
  0.2000E-02  0.2000E-02  0.1375E-02  0.1375E-02  0.0000E+00  0.0000E+00
  0.3562E-01  0.3712E-01  0.1700E-01  0.1912E-01  0.1250E-03  0.2500E-03
  0.3125E-02  0.2875E-02  0.7500E-03  0.1250E-02  0.0000E+00  0.0000E+00
  0.3737E-01  0.3812E-01  0.1663E-01  0.1787E-01  0.0000E+00  0.2500E-03
  0.3575E-01  0.3288E-01  0.2662E-01  0.2525E-01  0.1250E-03  0.3750E-03
  0.4750E-02  0.5250E-02  0.4250E-02  0.3125E-02  0.0000E+00  0.0000E+00
  0.3450E-01  0.2950E-01  0.2550E-01  0.2438E-01  0.2500E-03  0.5000E-03
  0.3125E-02  0.4125E-02  0.2125E-02  0.2500E-02  0.1250E-03  0.1250E-03
  0.3537E-01  0.3413E-01  0.2475E-01  0.2600E-01  0.2500E-03  0.0000E+00
  0.5000E-02  0.4250E-02  0.3375E-02  0.3125E-02  0.0000E+00  0.0000E+00
  0.3687E-01  0.3450E-01  0.2475E-01  0.2675E-01  0.3750E-03  0.0000E+00
  0.4000E-02  0.3625E-02  0.2250E-02  0.4250E-02  0.1250E-03  0.0000E+00
 Events:
          15          15           5           8           0           0
         271         288         150         145           0           1
          15          24          10          12           0           0
         275         291         132         155           2           1
          16          16          11          11           0           0
         285         297         136         153           1           2
          25          23           6          10           0           0
         299         305         133         143           0           2
         286         263         213         202           1           3
          38          42          34          25           0           0
         276         236         204         195           2           4
          25          33          17          20           1           1
         283         273         198         208           2           0
          40          34          27          25           0           0
         295         276         198         214           3           0
          32          29          18          34           1           0
 Accuracy:    0.062   0.100   0.115   0.292
 Finished due to accuracy    6.2237030423609674E-002  0.10000000000000001     

 -------------------------------------------------------------------------------
 Accumulated results:   Integral =  0.2195E-12
                        Std dev  =  0.2529E-13
                       Cross sec =  0.2195E-12
             Chi**2 per DoF.     =      0.2918
 -------------------------------------------------------------------------------
 Found          301  events.
 Wrote            7  events.
 Actual xsec    2.2293933435061615E-013
 Correct abs xsec    2.2293933435061615E-013
 Event xsec    2.2293933435061612E-013
 Events wgts > 1:            1
 % Cross section > 1:    7.1342323494910651E-022   3.2000778912666329E-007
-------------------------------------------------
---------------------------
 Results Last   3 iters: Integral =   0.2229E-12
                     Abs integral =   0.2229E-12
                          Std dev =   0.2693E-13
                  Chi**2 per DoF. =      0.2353
-------------------------------------------------
---------------------------
 Status  0.10000000000000001                5           5

ls status:
events.lhe
ftn26
input_app.txt
results.dat
run1_app.log
