 Process in group number            1
 A PDF is used, so alpha_s(MZ) is going to be modified
 Old value of alpha_s from param_card:   0.11839999999999999     
  ****************************************
 
       NNPDFDriver version 1.0.3
   Grid: NNPDF23_lo_as_0130_qed_mem0.grid
  ****************************************
 New value of alpha_s from PDF nn23lo1:  0.13000000000000000     
 Define smin to   1600.0000000000000     
 Define smin to   1600.0000000000000     
 Define smin to   1600.0000000000000     
 *****************************************************
 *               MadGraph/MadEvent                   *
 *        --------------------------------           *
 *          http://madgraph.hep.uiuc.edu             *
 *          http://madgraph.phys.ucl.ac.be           *
 *          http://madgraph.roma2.infn.it            *
 *        --------------------------------           *
 *                                                   *
 *          PARAMETER AND COUPLING VALUES            *
 *                                                   *
 *****************************************************

  External Params
  ---------------------------------
  
 mdl_VeN1 =    1.0000000000000000     
 mdl_VeN2 =    0.0000000000000000     
 mdl_VeN3 =    0.0000000000000000     
 mdl_VmuN1 =    0.0000000000000000     
 mdl_VmuN2 =    1.0000000000000000     
 mdl_VmuN3 =    0.0000000000000000     
 mdl_VtaN1 =    0.0000000000000000     
 mdl_VtaN2 =    0.0000000000000000     
 mdl_VtaN3 =    1.0000000000000000     
 mdl_VN1N1 =    1.0000000000000000     
 mdl_VN1N2 =    1.0000000000000000     
 mdl_VN1N3 =    1.0000000000000000     
 mdl_VN2N2 =    1.0000000000000000     
 mdl_VN2N3 =    1.0000000000000000     
 mdl_VN3N3 =    1.0000000000000000     
 aEWM1 =    127.90000000000001     
 mdl_Gf =    1.1663700000000000E-005
 aS =   0.11839999999999999     
 mdl_ymt =    172.00000000000000     
 mdl_vevf =    50.000000000000000     
 mdl_MZ =    91.187600000000003     
 mdl_MT =    172.00000000000000     
 mdl_MH =    125.00000000000000     
 mdl_mN1 =    2000.0000000000000     
 mdl_mN2 =    2100.0000000000000     
 mdl_mN3 =    2200.0000000000000     
 mdl_MJ =    91.187600000000003     
 mdl_MAx =    173.04800000000000     
 mdl_WZ =    2.4952000000000001     
 mdl_WW =    2.0850000000000000     
 mdl_WT =    1.5083359999999999     
 mdl_WH =    4.0699999999999998E-003
 mdl_WN1 =   0.30299999999999999     
 mdl_WN2 =    1.5000000000000000     
 mdl_WN3 =    12.300000000000001     
 mdl_WJ =    2.4952000000000001     
 mdl_WAx =    4.1700000000000001E-003
  Internal Params
  ---------------------------------
  
 mdl_vevf__exp__2 =    2500.0000000000000     
 mdl_sqrt__vevf__exp__2 =    50.000000000000000     
 mdl_muJ =    50.000000000000000     
 mdl_MZ__exp__2 =    8315.1783937600012     
 mdl_MZ__exp__4 =    69142191.720053151     
 mdl_sqrt__2 =    1.4142135623730951     
 mdl_MJ__exp__2 =    8315.1783937600012     
 mdl_muJ__exp__2 =    2500.0000000000000     
 mdl_lamJ =    4.3260713575040004     
 mdl_MH__exp__2 =    15625.000000000000     
 mdl_complexi =  (  0.0000000000000000     ,  1.0000000000000000     )
 mdl_aEW =    7.8186082877247844E-003
 mdl_MW =    79.824359746197842     
 mdl_sqrt__aEW =    8.8422894590285753E-002
 mdl_ee =   0.31345100004952897     
 mdl_MW__exp__2 =    6371.9284088904105     
 mdl_sw2 =   0.23369913342182447     
 mdl_cw =   0.87538612427783857     
 mdl_sqrt__sw2 =   0.48342438232036300     
 mdl_sw =   0.48342438232036300     
 mdl_g1 =   0.35807170271074895     
 mdl_gN =   0.64839716719502682     
 mdl_gw =   0.64839716719502682     
 mdl_vev =    246.22056907348590     
 mdl_vev__exp__2 =    60624.568634871241     
 mdl_lam =   0.12886689630821144     
 mdl_yt =   0.98791394091683138     
 mdl_muH =    88.388347648318444     
 mdl_I2a33 =  ( 0.98791394091683138     ,  0.0000000000000000     )
 mdl_I3a33 =  ( 0.98791394091683138     ,  0.0000000000000000     )
 mdl_ee__exp__2 =    9.8251529432049817E-002
 mdl_sw__exp__2 =   0.23369913342182450     
 mdl_cw__exp__2 =   0.76630086657817542     
  Internal Params evaluated point by point
  ----------------------------------------
  
 mdl_sqrt__aS =   0.34409301068170506     
 mdl_G__exp__2 =    1.4878582807401259     
  Couplings of SM_HeavyN_UFO
  ---------------------------------
  
         GC_1 =  -0.00000E+00  -0.10448E+00
         GC_2 =   0.00000E+00   0.20897E+00
         GC_3 =  -0.00000E+00  -0.31345E+00
         GC_4 =   0.00000E+00   0.31345E+00
        GC_26 =   0.00000E+00   0.45849E+00
        GC_27 =  -0.00000E+00  -0.28380E+00
        GC_28 =   0.00000E+00   0.28380E+00
        GC_30 =   0.00000E+00   0.56760E+00
        GC_35 =  -0.00000E+00  -0.28850E-01
        GC_37 =   0.00000E+00   0.17310E+00
        GC_39 =   0.00000E+00  -0.19725E+00
        GC_40 =   0.00000E+00   0.37035E+00
        GC_80 =   0.00000E+00   0.67543E+02
       GC_107 =  -0.00000E+00  -0.74070E+00
       GC_109 =  -0.00000E+00  -0.74070E+00
       GC_111 =  -0.00000E+00  -0.74070E+00
       GC_113 =  -0.00000E+00  -0.74070E+00
       GC_115 =  -0.00000E+00  -0.74070E+00
       GC_117 =  -0.00000E+00  -0.74070E+00
       GC_119 =   0.00000E+00   0.00000E+00
       GC_120 =   0.00000E+00   0.00000E+00
       GC_122 =  -0.00000E+00  -0.00000E+00
       GC_126 =   0.00000E+00   0.00000E+00
       GC_127 =   0.00000E+00   0.00000E+00
       GC_129 =  -0.00000E+00  -0.00000E+00
       GC_133 =   0.00000E+00   0.45849E+00
       GC_134 =   0.00000E+00   0.37035E+00
       GC_136 =  -0.00000E+00  -0.89351E+01
        GC_81 =   0.40000E+02   0.00000E+00
        GC_82 =   0.42000E+02   0.00000E+00
        GC_83 =   0.44000E+02   0.00000E+00

 Collider parameters:
 --------------------

 Running at P P   machine @    13000.000000000000       GeV
 PDF set = nn23lo1
 alpha_s(Mz)= 0.1300 running at 2 loops.
 alpha_s(Mz)= 0.1300 running at 2 loops.
 Renormalization scale set on event-by-event basis
 Factorization   scale set on event-by-event basis


 getting user params
Enter number of events and max and min iterations: 
 Number of events and iterations         1000           5           3
Enter desired fractional accuracy: 
 Desired fractional accuracy:   0.10000000000000001     
Enter 0 for fixed, 2 for adjustable grid: 
Suppress amplitude (0 no, 1 yes)? 
 Using suppressed amplitude.
Exact helicity sum (0 yes, n = number/event)? 
 Explicitly summing over helicities
Enter Configuration Number: 
Running Configuration Number:  336
 Using dconfig=         727
 BW Setting            1           2           2           2           2           2           0
 Attempting mappinvarients           1           9
 Completed mapping           9
 about to integrate           19        1000           5           3          19           1
 Using non-zero grid deformation.
 19 dimensions   1000 events 19 invarients  5 iterations  1 config(s),  (0.99)
 Using h-tuple random number sequence.
 Error opening grid
 Using Uniform Grid!          36
 Using uniform alpha   1.0000000000000000     
 Grid defined OK
 Set CM energy to      13000.00
 Mapping Graph         336  to config         336
 Setting BW          -1           1   91.187600000000003     
Setting grid   2    0.36660E-04   1
Setting grid   3    0.17080E-03   1
Setting grid   4    0.17080E-03   1
Setting grid   5    0.59172E-08   1
Setting grid   6    0.17080E-03   1
 Transforming s_hat 1/s           18   2.1338287669017756E-004   1600.0000000000000        168999999.99999997     
 336   1   2   3   4   5   6   7   8   9  10  11  12  13  14
  15  16  17  18  19
 Masses: 0.000E+00 0.000E+00 0.000E+00 0.000E+00 0.000E+00 0.000E+00 0.000E+00 0.000E+00 0.912E+02
Using random seed offsets   336 :      1
  with seed                   24
 Ranmar initialization seeds          66        9398
 
 ********************************************
 * You are using the DiscreteSampler module *
 *      part of the MG5_aMC framework       *
 *         Author: Valentin Hirschi         *
 ********************************************
 
  Particle       3       4       5       6       7       8       9
      Et >    10.0    10.0    10.0    10.0     0.0     0.0     0.0
       E >     0.0     0.0     0.0     0.0     0.0     0.0     0.0
     Eta <     2.5     2.5     2.5     2.5    -1.0    -1.0    -1.0
   xqcut:      0.0     0.0     0.0     0.0     0.0     0.0     0.0
d R # 3  >    -0.0     0.4     0.4     0.4     0.0     0.0     0.0
d R # 4  >    -0.0    -0.0     0.4     0.4     0.0     0.0     0.0
d R # 5  >    -0.0    -0.0    -0.0     0.4     0.0     0.0     0.0
d R # 6  >    -0.0    -0.0    -0.0    -0.0     0.0     0.0     0.0
d R # 7  >    -0.0    -0.0    -0.0    -0.0    -0.0     0.0     0.0
d R # 8  >    -0.0    -0.0    -0.0    -0.0    -0.0    -0.0     0.0
s min # 3>     0.0     0.0     0.0     0.0     0.0     0.0     0.0
s min # 4>     0.0     0.0     0.0     0.0     0.0     0.0     0.0
s min # 5>     0.0     0.0     0.0     0.0     0.0     0.0     0.0
s min # 6>     0.0     0.0     0.0     0.0     0.0     0.0     0.0
s min # 7>     0.0     0.0     0.0     0.0     0.0     0.0     0.0
s min # 8>     0.0     0.0     0.0     0.0     0.0     0.0     0.0
xqcutij # 3>     0.0     0.0     0.0     0.0     0.0     0.0     0.0
xqcutij # 4>     0.0     0.0     0.0     0.0     0.0     0.0     0.0
xqcutij # 5>     0.0     0.0     0.0     0.0     0.0     0.0     0.0
xqcutij # 6>     0.0     0.0     0.0     0.0     0.0     0.0     0.0
xqcutij # 7>     0.0     0.0     0.0     0.0     0.0     0.0     0.0
xqcutij # 8>     0.0     0.0     0.0     0.0     0.0     0.0     0.0
 Requiring BW           -1           1
 Excluding BW           -2           2
 Excluding BW           -3           3
 Excluding BW           -4           4
 Excluding BW           -5           5
 Excluding BW           -6           6
 alpha_s for scale    1974.4350975420157       is    8.6186670650209990E-002
 Added good helicity            1   1.6625618883065771       in event            1 local:           1
 Added good helicity           21   7.4043144575082223E-002  in event            1 local:           1
 Added good helicity           25   1.6134700478113519E-006  in event            1 local:           1
 Added good helicity           37   6.6072277373458083E-002  in event            1 local:           1
 Added good helicity           41   1.6851393942206068       in event            1 local:           1
 Added good helicity           61   9.3148051404571552E-002  in event            1 local:           1
 Added good helicity          193   153.80308951753079       in event            1 local:           1
 Added good helicity          213   1.1130897996656517       in event            1 local:           1
 Added good helicity          217   8.5227859844766753E-003  in event            1 local:           1
 Added good helicity          229  0.12151361908514466       in event            1 local:           1
 Added good helicity          233   96.959664204531066       in event            1 local:           1
 Added good helicity          253  0.41315370385251543       in event            1 local:           1
 Added good helicity            1   1.6625618883065665       in event            1 local:           1
 Added good helicity           21   7.4043144575080710E-002  in event            1 local:           1
 Added good helicity           25   1.6134700478112938E-006  in event            1 local:           1
 Added good helicity           37   6.6072277373451282E-002  in event            1 local:           1
 Added good helicity           41   1.6851393942205233       in event            1 local:           1
 Added good helicity           61   9.3148051404569096E-002  in event            1 local:           1
 Added good helicity          193   153.80308951753338       in event            1 local:           1
 Added good helicity          213   1.1130897996656643       in event            1 local:           1
 Added good helicity          217   8.5227859844765937E-003  in event            1 local:           1
 Added good helicity          229  0.12151361908519444       in event            1 local:           1
 Added good helicity          233   96.959664204528565       in event            1 local:           1
 Added good helicity          253  0.41315370385250810       in event            1 local:           1
 RESET CUMULATIVE VARIABLE
 RESET CUMULATIVE VARIABLE
 RESET CUMULATIVE VARIABLE
 Iteration  1   Mean: 0.2677E-09 Abs mean: 0.2677E-09   Fluctuation:  0.263E-09   0.263E-06     5.2%
  1    0.2677E-09 0.2677E-09 +- 0.2632E-09     31.09
 Writing out events   1.0383742566135366E-012   31.093236382243802     
 Relative summed weights:
  0.1908E-03  0.2438E-04  0.1681E-06  0.1570E-06  0.4355E-03  0.1491E-05
  0.6285E-03  0.1880E-03  0.9565E-06  0.2954E-02  0.0000E+00  0.0000E+00
  0.1266E-05  0.4561E-08  0.5507E-05  0.2901E-07  0.4090E-02  0.6521E-06
  0.2881E-05  0.2334E-02  0.2224E-02  0.6627E-06  0.0000E+00  0.0000E+00
  0.9832E+00  0.4999E-06  0.5227E-03  0.1831E-06  0.1212E-04  0.4794E-04
  0.2419E-02  0.4308E-08  0.1639E-05  0.1127E-03  0.6762E-06  0.3412E-06
  0.1353E-04  0.2577E-04  0.1382E-06  0.4052E-03  0.0000E+00  0.0000E+00
  0.1215E-03  0.1086E-04  0.5704E-05  0.7182E-09  0.3479E-12  0.0000E+00
 Relative number of events:
  0.8920E-02  0.3964E-02  0.1487E-01  0.1388E-01  0.7830E-01  0.8821E-01
  0.2081E-01  0.1288E-01  0.8920E-02  0.9911E-02  0.0000E+00  0.0000E+00
  0.6938E-02  0.5946E-02  0.1090E-01  0.8920E-02  0.9613E-01  0.8622E-01
  0.1586E-01  0.1586E-01  0.8920E-02  0.1090E-01  0.0000E+00  0.0000E+00
  0.3964E-02  0.1982E-02  0.1189E-01  0.1388E-01  0.8821E-01  0.8622E-01
  0.3964E-02  0.3964E-02  0.6938E-02  0.4955E-02  0.8424E-01  0.7730E-01
  0.1288E-01  0.1784E-01  0.5946E-02  0.6938E-02  0.0000E+00  0.0000E+00
  0.1586E-01  0.1586E-01  0.5946E-02  0.2973E-02  0.9911E-03  0.0000E+00
 Events:
           9           4          15          14          79          89
          21          13           9          10           0           0
           7           6          11           9          97          87
          16          16           9          11           0           0
           4           2          12          14          89          87
           4           4           7           5          85          78
          13          18           6           7           0           0
          16          16           6           3           1           0
 Iteration  2   Mean: 0.3050E-09 Abs mean: 0.3050E-09   Fluctuation:  0.262E-09   0.519E-06    28.6%
  2    0.3050E-09 0.3050E-09 +- 0.2624E-09     38.47
 Relative summed weights:
  0.1554E-02  0.4612E-06  0.1089E-03  0.1657E-05  0.3950E-07  0.8515E-06
  0.2380E-04  0.4594E-04  0.6868E-03  0.1601E-06  0.1142E-12  0.0000E+00
  0.4065E-04  0.5117E-05  0.1150E-05  0.1070E-02  0.5360E-06  0.6971E-06
  0.2372E-03  0.3487E-02  0.3653E-04  0.1583E-04  0.2790E-15  0.0000E+00
  0.1039E-08  0.1220E-01  0.8151E-05  0.5630E-07  0.1649E-05  0.8882E-05
  0.6423E-03  0.7725E-06  0.5028E-06  0.6719E-05  0.3999E-06  0.9995E-08
  0.2029E-04  0.3441E-04  0.7812E-04  0.1090E-05  0.0000E+00  0.0000E+00
  0.8514E+00  0.1282E+00  0.5155E-05  0.2986E-05  0.0000E+00  0.0000E+00
 Relative number of events:
  0.9500E-02  0.1100E-01  0.1700E-01  0.2050E-01  0.4200E-01  0.4600E-01
  0.3300E-01  0.3350E-01  0.1150E-01  0.1550E-01  0.5000E-03  0.0000E+00
  0.1250E-01  0.1200E-01  0.1450E-01  0.1850E-01  0.4750E-01  0.6300E-01
  0.3700E-01  0.2350E-01  0.1250E-01  0.1550E-01  0.5000E-03  0.0000E+00
  0.7000E-02  0.1100E-01  0.1850E-01  0.1800E-01  0.5200E-01  0.5000E-01
  0.8000E-02  0.9000E-02  0.1500E-01  0.1750E-01  0.6500E-01  0.5200E-01
  0.3100E-01  0.3350E-01  0.1650E-01  0.1050E-01  0.0000E+00  0.0000E+00
  0.3200E-01  0.2950E-01  0.1150E-01  0.1550E-01  0.0000E+00  0.0000E+00
 Events:
          19          22          34          41          84          92
          66          67          23          31           1           0
          25          24          29          37          95         126
          74          47          25          31           1           0
          14          22          37          36         104         100
          16          18          30          35         130         104
          62          67          33          21           0           0
          64          59          23          31           0           0
 Iteration  3   Mean: 0.2285E-08 Abs mean: 0.2285E-08   Fluctuation:  0.227E-08   0.907E-05    30.2%
  3    0.2285E-08 0.2285E-08 +- 0.2269E-08     62.78
 Relative summed weights:
  0.1168E-05  0.2512E-05  0.1883E-03  0.6669E-05  0.4660E-08  0.1120E-08
  0.1303E-04  0.1442E-03  0.4896E-06  0.1754E-06  0.0000E+00  0.0000E+00
  0.4748E-03  0.1930E-04  0.1865E-03  0.9031E-05  0.3219E-07  0.2931E-07
  0.5194E-04  0.2994E-05  0.8737E-05  0.3335E-06  0.0000E+00  0.0000E+00
  0.4791E-05  0.1961E-06  0.3737E-04  0.2766E-05  0.7265E-05  0.1675E-06
  0.2697E-02  0.7716E-03  0.1583E-04  0.3094E-04  0.2550E-06  0.4755E-07
  0.2007E-02  0.7548E-05  0.4965E-03  0.7826E-04  0.0000E+00  0.0000E+00
  0.3374E-04  0.3869E-04  0.6252E-06  0.9927E+00  0.0000E+00  0.0000E+00
 Relative number of events:
  0.1625E-01  0.1400E-01  0.2175E-01  0.1575E-01  0.2825E-01  0.3075E-01
  0.4850E-01  0.5050E-01  0.1325E-01  0.1425E-01  0.0000E+00  0.0000E+00
  0.1400E-01  0.1500E-01  0.2100E-01  0.2050E-01  0.2700E-01  0.2750E-01
  0.4500E-01  0.4475E-01  0.1450E-01  0.1325E-01  0.0000E+00  0.0000E+00
  0.1275E-01  0.1675E-01  0.2275E-01  0.2400E-01  0.2875E-01  0.2750E-01
  0.1025E-01  0.1575E-01  0.2250E-01  0.2400E-01  0.2575E-01  0.2675E-01
  0.4550E-01  0.4525E-01  0.1650E-01  0.1600E-01  0.0000E+00  0.0000E+00
  0.4800E-01  0.4775E-01  0.1600E-01  0.1175E-01  0.0000E+00  0.0000E+00
 Events:
          65          56          87          63         113         123
         194         202          53          57           0           0
          56          60          84          82         108         110
         180         179          58          53           0           0
          51          67          91          96         115         110
          41          63          90          96         103         107
         182         181          66          64           0           0
         192         191          64          47           0           0
 Accuracy:    0.730   0.100   0.542   1.814
 Found           19  events.
 Wrote            1  events.
 Actual xsec    8.8460272532880881E-010
 Correct abs xsec    8.8460272532880881E-010
 Event xsec    8.8460272532880891E-010
 Events wgts > 1:            1
 % Cross section > 1:    1.4304643195984177E-017   1.6170697632281325E-006
 Iteration  4   Mean: 0.1966E-09 Abs mean: 0.1966E-09   Fluctuation:  0.145E-09   0.110E-05    34.9%
  4    0.1966E-09 0.1966E-09 +- 0.1453E-09     66.10
 Relative summed weights:
  0.1188E-03  0.4716E-05  0.2812E-04  0.4114E-04  0.8575E-04  0.4549E-06
  0.7078E+00  0.2834E-02  0.3597E-03  0.4317E-04  0.0000E+00  0.0000E+00
  0.2802E-03  0.1729E-01  0.4411E-05  0.1482E-02  0.1787E-06  0.6106E-07
  0.5237E-03  0.1157E-01  0.3958E-05  0.2198E-04  0.0000E+00  0.0000E+00
  0.2231E-04  0.2355E-03  0.3753E-05  0.5042E-02  0.4548E-06  0.3343E-03
  0.8805E-05  0.2583E-04  0.2284E+00  0.2151E-01  0.1519E-06  0.1021E-06
  0.2766E-04  0.4982E-03  0.1121E-03  0.3609E-04  0.0000E+00  0.0000E+00
  0.1784E-03  0.1123E-03  0.7596E-03  0.1601E-03  0.0000E+00  0.0000E+00
 Relative number of events:
  0.1438E-01  0.1700E-01  0.2400E-01  0.2687E-01  0.1438E-01  0.1575E-01
  0.5100E-01  0.4863E-01  0.1525E-01  0.1450E-01  0.0000E+00  0.0000E+00
  0.1725E-01  0.1825E-01  0.2513E-01  0.2612E-01  0.1475E-01  0.1400E-01
  0.5387E-01  0.5212E-01  0.1550E-01  0.1663E-01  0.0000E+00  0.0000E+00
  0.1562E-01  0.1850E-01  0.2287E-01  0.2525E-01  0.1413E-01  0.1738E-01
  0.1775E-01  0.1787E-01  0.2375E-01  0.2775E-01  0.1675E-01  0.1512E-01
  0.5275E-01  0.4900E-01  0.1625E-01  0.1450E-01  0.0000E+00  0.0000E+00
  0.5362E-01  0.5600E-01  0.1413E-01  0.1562E-01  0.0000E+00  0.0000E+00
 Events:
         115         136         192         215         115         126
         408         389         122         116           0           0
         138         146         201         209         118         112
         431         417         124         133           0           0
         125         148         183         202         113         139
         142         143         190         222         134         121
         422         392         130         116           0           0
         429         448         113         125           0           0
 Accuracy:    0.723   0.100   0.437   2.736
 Found           18  events.
 Wrote            1  events.
 Actual xsec    7.3648420178498919E-010
 Correct abs xsec    7.3648420178498919E-010
 Event xsec    7.3648420178498919E-010
 Events wgts > 1:            0
 % Cross section > 1:    0.0000000000000000        0.0000000000000000     
 Iteration  5   Mean: 0.3844E-09 Abs mean: 0.3844E-09   Fluctuation:  0.277E-09   0.439E-05    28.3%
  5    0.3844E-09 0.3844E-09 +- 0.2769E-09     91.12
 Relative summed weights:
  0.3859E-02  0.1939E-01  0.1624E-03  0.4460E-02  0.7277E-03  0.1820E-04
  0.2871E-01  0.7161E+00  0.2132E-03  0.1641E-03  0.1251E-09  0.2221E-17
  0.4760E-04  0.3127E-03  0.3224E-02  0.1530E-04  0.1289E-05  0.4542E-05
  0.9326E-02  0.5230E-02  0.3018E-02  0.2160E-03  0.0000E+00  0.0000E+00
  0.8333E-02  0.8049E-02  0.2031E-03  0.3732E-02  0.2623E-04  0.1618E-05
  0.8135E-03  0.7208E-01  0.2297E-03  0.8181E-04  0.1114E-06  0.5460E-05
  0.2367E-02  0.6204E-01  0.2400E-01  0.2876E-04  0.0000E+00  0.7563E-06
  0.1266E-01  0.5668E-02  0.1041E-03  0.4345E-02  0.0000E+00  0.2873E-10
 Relative number of events:
  0.1681E-01  0.1544E-01  0.2250E-01  0.2419E-01  0.1981E-01  0.1900E-01
  0.5006E-01  0.4900E-01  0.1512E-01  0.1463E-01  0.6250E-04  0.6250E-04
  0.1631E-01  0.1400E-01  0.2406E-01  0.2538E-01  0.2056E-01  0.2013E-01
  0.4875E-01  0.5112E-01  0.1475E-01  0.1606E-01  0.0000E+00  0.0000E+00
  0.1556E-01  0.1919E-01  0.2269E-01  0.2281E-01  0.2350E-01  0.2006E-01
  0.1494E-01  0.1569E-01  0.2256E-01  0.2488E-01  0.2225E-01  0.2069E-01
  0.5119E-01  0.4869E-01  0.1512E-01  0.1287E-01  0.0000E+00  0.6250E-04
  0.4637E-01  0.5287E-01  0.1481E-01  0.1531E-01  0.0000E+00  0.6250E-04
 Events:
         269         247         360         387         317         304
         801         784         242         234           1           1
         261         224         385         406         329         322
         780         818         236         257           0           0
         249         307         363         365         376         321
         239         251         361         398         356         331
         819         779         242         206           0           1
         742         846         237         245           0           1
 Accuracy:    0.609   0.100   0.374   2.654
 Found          130  events.
 Wrote            2  events.
 Actual xsec    7.1649478861475290E-010
 Correct abs xsec    7.1649478861475290E-010
 Event xsec    7.1649478861475280E-010
 Events wgts > 1:            1
 % Cross section > 1:    1.8091697983150044E-017   2.5250285515862483E-006

 -------------------------------------------------------------------------------
 Accumulated results:   Integral =  0.5740E-09
                        Std dev  =  0.2145E-09
                       Cross sec =  0.5740E-09
             Chi**2 per DoF.     =      2.6537
 -------------------------------------------------------------------------------
-------------------------------------------------
---------------------------
 Results Last   3 iters: Integral =   0.7165E-09
                     Abs integral =   0.7165E-09
                          Std dev =   0.3280E-09
                  Chi**2 per DoF. =      7.3638
-------------------------------------------------
---------------------------
 Status  0.10000000000000001                6           5

ls status:
events.lhe
ftn26
input_app.txt
results.dat
run1_app.log
