 Process in group number            1
 A PDF is used, so alpha_s(MZ) is going to be modified
 Old value of alpha_s from param_card:   0.11839999999999999     
  ****************************************
 
       NNPDFDriver version 1.0.3
   Grid: NNPDF23_lo_as_0130_qed_mem0.grid
  ****************************************
 New value of alpha_s from PDF nn23lo1:  0.13000000000000000     
 Define smin to   1600.0000000000000     
 Define smin to   1600.0000000000000     
 Define smin to   1600.0000000000000     
 *****************************************************
 *               MadGraph/MadEvent                   *
 *        --------------------------------           *
 *          http://madgraph.hep.uiuc.edu             *
 *          http://madgraph.phys.ucl.ac.be           *
 *          http://madgraph.roma2.infn.it            *
 *        --------------------------------           *
 *                                                   *
 *          PARAMETER AND COUPLING VALUES            *
 *                                                   *
 *****************************************************

  External Params
  ---------------------------------
  
 mdl_VeN1 =    1.0000000000000000     
 mdl_VeN2 =    0.0000000000000000     
 mdl_VeN3 =    0.0000000000000000     
 mdl_VmuN1 =    0.0000000000000000     
 mdl_VmuN2 =    1.0000000000000000     
 mdl_VmuN3 =    0.0000000000000000     
 mdl_VtaN1 =    0.0000000000000000     
 mdl_VtaN2 =    0.0000000000000000     
 mdl_VtaN3 =    1.0000000000000000     
 mdl_VN1N1 =    1.0000000000000000     
 mdl_VN1N2 =    1.0000000000000000     
 mdl_VN1N3 =    1.0000000000000000     
 mdl_VN2N2 =    1.0000000000000000     
 mdl_VN2N3 =    1.0000000000000000     
 mdl_VN3N3 =    1.0000000000000000     
 aEWM1 =    127.90000000000001     
 mdl_Gf =    1.1663700000000000E-005
 aS =   0.11839999999999999     
 mdl_ymt =    172.00000000000000     
 mdl_vevf =    50.000000000000000     
 mdl_MZ =    91.187600000000003     
 mdl_MT =    172.00000000000000     
 mdl_MH =    125.00000000000000     
 mdl_mN1 =    1644.0000000000000     
 mdl_mN2 =    1744.0000000000000     
 mdl_mN3 =    1844.0000000000000     
 mdl_MJ =    91.187600000000003     
 mdl_MAx =    173.04800000000000     
 mdl_WZ =    2.4952000000000001     
 mdl_WW =    2.0850000000000000     
 mdl_WT =    1.5083359999999999     
 mdl_WH =    4.0699999999999998E-003
 mdl_WN1 =   0.30299999999999999     
 mdl_WN2 =    1.5000000000000000     
 mdl_WN3 =    12.300000000000001     
 mdl_WJ =    2.4952000000000001     
 mdl_WAx =    4.1700000000000001E-003
  Internal Params
  ---------------------------------
  
 mdl_vevf__exp__2 =    2500.0000000000000     
 mdl_sqrt__vevf__exp__2 =    50.000000000000000     
 mdl_muJ =    50.000000000000000     
 mdl_MZ__exp__2 =    8315.1783937600012     
 mdl_MZ__exp__4 =    69142191.720053151     
 mdl_sqrt__2 =    1.4142135623730951     
 mdl_MJ__exp__2 =    8315.1783937600012     
 mdl_muJ__exp__2 =    2500.0000000000000     
 mdl_lamJ =    4.3260713575040004     
 mdl_MH__exp__2 =    15625.000000000000     
 mdl_complexi =  (  0.0000000000000000     ,  1.0000000000000000     )
 mdl_aEW =    7.8186082877247844E-003
 mdl_MW =    79.824359746197842     
 mdl_sqrt__aEW =    8.8422894590285753E-002
 mdl_ee =   0.31345100004952897     
 mdl_MW__exp__2 =    6371.9284088904105     
 mdl_sw2 =   0.23369913342182447     
 mdl_cw =   0.87538612427783857     
 mdl_sqrt__sw2 =   0.48342438232036300     
 mdl_sw =   0.48342438232036300     
 mdl_g1 =   0.35807170271074895     
 mdl_gN =   0.64839716719502682     
 mdl_gw =   0.64839716719502682     
 mdl_vev =    246.22056907348590     
 mdl_vev__exp__2 =    60624.568634871241     
 mdl_lam =   0.12886689630821144     
 mdl_yt =   0.98791394091683138     
 mdl_muH =    88.388347648318444     
 mdl_I2a33 =  ( 0.98791394091683138     ,  0.0000000000000000     )
 mdl_I3a33 =  ( 0.98791394091683138     ,  0.0000000000000000     )
 mdl_ee__exp__2 =    9.8251529432049817E-002
 mdl_sw__exp__2 =   0.23369913342182450     
 mdl_cw__exp__2 =   0.76630086657817542     
  Internal Params evaluated point by point
  ----------------------------------------
  
 mdl_sqrt__aS =   0.34409301068170506     
 mdl_G__exp__2 =    1.4878582807401259     
  Couplings of SM_HeavyN_UFO
  ---------------------------------
  
         GC_1 =  -0.00000E+00  -0.10448E+00
         GC_2 =   0.00000E+00   0.20897E+00
         GC_3 =  -0.00000E+00  -0.31345E+00
         GC_4 =   0.00000E+00   0.31345E+00
        GC_26 =   0.00000E+00   0.45849E+00
        GC_27 =  -0.00000E+00  -0.28380E+00
        GC_28 =   0.00000E+00   0.28380E+00
        GC_30 =   0.00000E+00   0.56760E+00
        GC_35 =  -0.00000E+00  -0.28850E-01
        GC_37 =   0.00000E+00   0.17310E+00
        GC_39 =   0.00000E+00  -0.19725E+00
        GC_40 =   0.00000E+00   0.37035E+00
        GC_80 =   0.00000E+00   0.67543E+02
       GC_107 =  -0.00000E+00  -0.74070E+00
       GC_109 =  -0.00000E+00  -0.74070E+00
       GC_111 =  -0.00000E+00  -0.74070E+00
       GC_113 =  -0.00000E+00  -0.74070E+00
       GC_115 =  -0.00000E+00  -0.74070E+00
       GC_117 =  -0.00000E+00  -0.74070E+00
       GC_119 =   0.00000E+00   0.00000E+00
       GC_120 =   0.00000E+00   0.00000E+00
       GC_122 =  -0.00000E+00  -0.00000E+00
       GC_126 =   0.00000E+00   0.00000E+00
       GC_127 =   0.00000E+00   0.00000E+00
       GC_129 =  -0.00000E+00  -0.00000E+00
       GC_133 =   0.00000E+00   0.45849E+00
       GC_134 =   0.00000E+00   0.37035E+00
       GC_136 =  -0.00000E+00  -0.74892E+01
        GC_81 =   0.32880E+02   0.00000E+00
        GC_82 =   0.34880E+02   0.00000E+00
        GC_83 =   0.36880E+02   0.00000E+00

 Collider parameters:
 --------------------

 Running at P P   machine @    13000.000000000000       GeV
 PDF set = nn23lo1
 alpha_s(Mz)= 0.1300 running at 2 loops.
 alpha_s(Mz)= 0.1300 running at 2 loops.
 Renormalization scale set on event-by-event basis
 Factorization   scale set on event-by-event basis


 getting user params
Enter number of events and max and min iterations: 
 Number of events and iterations         1000           5           3
Enter desired fractional accuracy: 
 Desired fractional accuracy:   0.10000000000000001     
Enter 0 for fixed, 2 for adjustable grid: 
Suppress amplitude (0 no, 1 yes)? 
 Using suppressed amplitude.
Exact helicity sum (0 yes, n = number/event)? 
 Explicitly summing over helicities
Enter Configuration Number: 
Running Configuration Number: 1233
 Using dconfig=         242
 BW Setting            2           2           2           2           2           0           0
 Attempting mappinvarients           1           9
 Completed mapping           9
 about to integrate           19        1000           5           3          19           1
 Using non-zero grid deformation.
 19 dimensions   1000 events 19 invarients  5 iterations  1 config(s),  (0.99)
 Using h-tuple random number sequence.
 Error opening grid
 Using Uniform Grid!          36
 Using uniform alpha   1.0000000000000000     
 Grid defined OK
 Set CM energy to      13000.00
 Mapping Graph        1233  to config        1233
Setting grid   1    0.59172E-08   1
Setting grid   2    0.59172E-08   1
Setting grid   3    0.49202E-04   1
Setting grid   4    0.59172E-08   1
Setting grid   5    0.59172E-08   1
Setting grid   6    0.49202E-04   1
 Transforming s_hat 1/s           18   1.0183542244828404E-004   1600.0000000000000        168999999.99999997     
1233   1   2   3   4   5   6   7   8   9  10  11  12  13  14
  15  16  17  18  19
 Masses: 0.000E+00 0.000E+00 0.000E+00 0.000E+00 0.000E+00 0.000E+00 0.000E+00 0.000E+00 0.912E+02
Using random seed offsets  1233 :      1
  with seed                   24
 Ranmar initialization seeds         963        9398
 
 ********************************************
 * You are using the DiscreteSampler module *
 *      part of the MG5_aMC framework       *
 *         Author: Valentin Hirschi         *
 ********************************************
 
  Particle       3       4       5       6       7       8       9
      Et >    10.0    10.0    10.0    10.0     0.0     0.0     0.0
       E >     0.0     0.0     0.0     0.0     0.0     0.0     0.0
     Eta <     2.5     2.5     2.5     2.5    -1.0    -1.0    -1.0
   xqcut:      0.0     0.0     0.0     0.0     0.0     0.0     0.0
d R # 3  >    -0.0     0.4     0.4     0.4     0.0     0.0     0.0
d R # 4  >    -0.0    -0.0     0.4     0.4     0.0     0.0     0.0
d R # 5  >    -0.0    -0.0    -0.0     0.4     0.0     0.0     0.0
d R # 6  >    -0.0    -0.0    -0.0    -0.0     0.0     0.0     0.0
d R # 7  >    -0.0    -0.0    -0.0    -0.0    -0.0     0.0     0.0
d R # 8  >    -0.0    -0.0    -0.0    -0.0    -0.0    -0.0     0.0
s min # 3>     0.0     0.0     0.0     0.0     0.0     0.0     0.0
s min # 4>     0.0     0.0     0.0     0.0     0.0     0.0     0.0
s min # 5>     0.0     0.0     0.0     0.0     0.0     0.0     0.0
s min # 6>     0.0     0.0     0.0     0.0     0.0     0.0     0.0
s min # 7>     0.0     0.0     0.0     0.0     0.0     0.0     0.0
s min # 8>     0.0     0.0     0.0     0.0     0.0     0.0     0.0
xqcutij # 3>     0.0     0.0     0.0     0.0     0.0     0.0     0.0
xqcutij # 4>     0.0     0.0     0.0     0.0     0.0     0.0     0.0
xqcutij # 5>     0.0     0.0     0.0     0.0     0.0     0.0     0.0
xqcutij # 6>     0.0     0.0     0.0     0.0     0.0     0.0     0.0
xqcutij # 7>     0.0     0.0     0.0     0.0     0.0     0.0     0.0
xqcutij # 8>     0.0     0.0     0.0     0.0     0.0     0.0     0.0
 Excluding BW           -1           1
 Excluding BW           -2           2
 Excluding BW           -3           3
 Excluding BW           -4           4
 Excluding BW           -6           5
 alpha_s for scale    1100.0408838923279       is    9.2051518598579990E-002
 Added good helicity            1  0.38007103265914932       in event            1 local:           1
 Added good helicity           21   2.7950180615423547E-004  in event            1 local:           1
 Added good helicity           25   3.2948772282842634E-006  in event            1 local:           1
 Added good helicity           37  0.55508101127229070       in event            1 local:           1
 Added good helicity           41   1.9673012896095968E-005  in event            1 local:           1
 Added good helicity           61   5.5270070304302471E-006  in event            1 local:           1
 Added good helicity          193   251.17478020967721       in event            1 local:           1
 Added good helicity          213   6.1471558071435816E-003  in event            1 local:           1
 Added good helicity          217   3.7637126246508012E-004  in event            1 local:           1
 Added good helicity          229   3.8831473342302218       in event            1 local:           1
 Added good helicity          233   5.4932817105983775E-005  in event            1 local:           1
 Added good helicity          253   3.3955571171157106E-005  in event            1 local:           1
 Added good helicity            1  0.38007103265912917       in event            1 local:           1
 Added good helicity           21   2.7950180615428393E-004  in event            1 local:           1
 Added good helicity           25   3.2948772282842528E-006  in event            1 local:           1
 Added good helicity           37  0.55508101127230303       in event            1 local:           1
 Added good helicity           41   1.9673012896109615E-005  in event            1 local:           1
 Added good helicity           61   5.5270070304299396E-006  in event            1 local:           1
 Added good helicity          193   251.17478020967721       in event            1 local:           1
 Added good helicity          213   6.1471558071433743E-003  in event            1 local:           1
 Added good helicity          217   3.7637126246502011E-004  in event            1 local:           1
 Added good helicity          229   3.8831473342301899       in event            1 local:           1
 Added good helicity          233   5.4932817105985353E-005  in event            1 local:           1
 Added good helicity          253   3.3955571171155907E-005  in event            1 local:           1
 RESET CUMULATIVE VARIABLE
 RESET CUMULATIVE VARIABLE
 RESET CUMULATIVE VARIABLE
 Iteration  1   Mean: 0.1838E-13 Abs mean: 0.1838E-13   Fluctuation:  0.180E-13   0.180E-10     1.9%
  1    0.1838E-13 0.1838E-13 +- 0.1803E-13     31.02
 Writing out events   1.9268378206975735E-016   31.016257224034565     
 Relative summed weights:
  0.1613E-03  0.4173E-10  0.8731E-09  0.9388E-06  0.3441E-08  0.0000E+00
  0.1571E-04  0.1909E-06  0.1117E-03  0.1927E-02  0.2321E-10  0.4786E-09
  0.1958E-03  0.1997E-03  0.9606E-08  0.1447E-08  0.0000E+00  0.0000E+00
  0.5569E-06  0.6302E-05  0.3941E-05  0.1466E-02  0.5786E-05  0.3968E-11
  0.5275E-04  0.9450E-05  0.9811E+00  0.2873E-03  0.1402E-11  0.5173E-11
  0.3781E-06  0.1021E-05  0.1113E-08  0.1837E-06  0.0000E+00  0.9256E-17
  0.9983E-04  0.1007E-01  0.5015E-04  0.1590E-04  0.3602E-12  0.1310E-12
  0.5330E-04  0.4121E-02  0.1029E-04  0.4753E-05  0.2193E-12  0.1505E-13
 Relative number of events:
  0.1586E-01  0.6938E-02  0.4955E-02  0.5946E-02  0.9911E-03  0.0000E+00
  0.4262E-01  0.4856E-01  0.6244E-01  0.5550E-01  0.5946E-02  0.4955E-02
  0.1388E-01  0.7929E-02  0.7929E-02  0.5946E-02  0.0000E+00  0.0000E+00
  0.4361E-01  0.4163E-01  0.4856E-01  0.5055E-01  0.2973E-02  0.1982E-02
  0.4361E-01  0.4460E-01  0.5847E-01  0.5649E-01  0.2973E-02  0.5946E-02
  0.1487E-01  0.7929E-02  0.4955E-02  0.6938E-02  0.0000E+00  0.9911E-03
  0.4460E-01  0.4460E-01  0.7235E-01  0.6145E-01  0.4955E-02  0.1982E-02
  0.1586E-01  0.8920E-02  0.8920E-02  0.5946E-02  0.9911E-03  0.1982E-02
 Events:
          16           7           5           6           1           0
          43          49          63          56           6           5
          14           8           8           6           0           0
          44          42          49          51           3           2
          44          45          59          57           3           6
          15           8           5           7           0           1
          45          45          73          62           5           2
          16           9           9           6           1           2
 Iteration  2   Mean: 0.1433E-14 Abs mean: 0.1433E-14   Fluctuation:  0.885E-15   0.163E-11    23.4%
  2    0.1433E-14 0.1433E-14 +- 0.8849E-15     27.61
 Relative summed weights:
  0.2593E-04  0.1989E+00  0.3244E-05  0.1944E-07  0.3456E-07  0.5105E-11
  0.4163E-02  0.6436E-01  0.2785E-02  0.1795E-01  0.4374E-08  0.3513E-06
  0.1771E-07  0.1768E-03  0.6270E-04  0.1941E-04  0.0000E+00  0.1129E-10
  0.1291E-03  0.1764E-02  0.1164E+00  0.5891E-02  0.2501E-05  0.6556E-07
  0.1467E-04  0.5707E+00  0.8590E-04  0.1561E-03  0.3358E-06  0.4768E-10
  0.4833E-05  0.1279E-02  0.2942E-04  0.1946E-06  0.0000E+00  0.1459E-08
  0.5811E-04  0.1367E-01  0.8771E-04  0.4986E-03  0.3934E-09  0.4331E-05
  0.3660E-04  0.5362E-03  0.2702E-03  0.2414E-05  0.0000E+00  0.0000E+00
 Relative number of events:
  0.1050E-01  0.1100E-01  0.5500E-02  0.5500E-02  0.1000E-02  0.5000E-03
  0.4050E-01  0.5700E-01  0.6750E-01  0.5100E-01  0.2000E-02  0.3500E-02
  0.7500E-02  0.1200E-01  0.6500E-02  0.6500E-02  0.0000E+00  0.5000E-03
  0.4900E-01  0.4950E-01  0.5650E-01  0.6000E-01  0.4000E-02  0.4000E-02
  0.4050E-01  0.4800E-01  0.5600E-01  0.5550E-01  0.2500E-02  0.1000E-02
  0.1300E-01  0.7000E-02  0.5000E-02  0.4000E-02  0.0000E+00  0.5000E-03
  0.4600E-01  0.5400E-01  0.6000E-01  0.5200E-01  0.2000E-02  0.2500E-02
  0.1250E-01  0.1350E-01  0.9000E-02  0.4000E-02  0.0000E+00  0.0000E+00
 Events:
          21          22          11          11           2           1
          81         114         135         102           4           7
          15          24          13          13           0           1
          98          99         113         120           8           8
          81          96         112         111           5           2
          26          14          10           8           0           1
          92         108         120         104           4           5
          25          27          18           8           0           0
 Iteration  3   Mean: 0.2416E-13 Abs mean: 0.2416E-13   Fluctuation:  0.150E-13   0.550E-10    40.7%
  3    0.2416E-13 0.2416E-13 +- 0.1504E-13     39.36
 Relative summed weights:
  0.2321E-04  0.4632E-04  0.1863E-04  0.1752E+00  0.1023E-12  0.0000E+00
  0.8225E-03  0.1212E-01  0.9037E-03  0.1972E-03  0.4004E-06  0.2217E-12
  0.6146E-03  0.7408E-03  0.4164E-02  0.1993E+00  0.4211E-10  0.9564E-11
  0.5733E-02  0.1944E-03  0.1056E-02  0.8473E-02  0.9576E-13  0.8367E-09
  0.1212E-03  0.1218E-01  0.1454E-02  0.1673E-02  0.3009E-05  0.3150E-07
  0.5687E+00  0.7622E-05  0.3037E-04  0.2203E-03  0.1005E-11  0.5402E-08
  0.4296E-03  0.7671E-04  0.1877E-03  0.3248E-03  0.6471E-11  0.1181E-07
  0.4732E-02  0.2154E-04  0.1733E-03  0.2694E-05  0.0000E+00  0.0000E+00
 Relative number of events:
  0.8500E-02  0.1250E-01  0.6500E-02  0.5750E-02  0.2500E-03  0.0000E+00
  0.5150E-01  0.4675E-01  0.5125E-01  0.5125E-01  0.1500E-02  0.7500E-03
  0.1325E-01  0.1425E-01  0.5000E-02  0.6000E-02  0.2500E-03  0.2500E-03
  0.5400E-01  0.5325E-01  0.5750E-01  0.5225E-01  0.2500E-03  0.2000E-02
  0.4575E-01  0.5175E-01  0.5575E-01  0.6075E-01  0.7500E-03  0.3000E-02
  0.1025E-01  0.1175E-01  0.5500E-02  0.6750E-02  0.2500E-03  0.5000E-03
  0.5325E-01  0.5250E-01  0.5475E-01  0.5275E-01  0.2000E-02  0.1250E-02
  0.1350E-01  0.1525E-01  0.3250E-02  0.4000E-02  0.0000E+00  0.0000E+00
 Events:
          34          50          26          23           1           0
         206         187         205         205           6           3
          53          57          20          24           1           1
         216         213         230         209           1           8
         183         207         223         243           3          12
          41          47          22          27           1           2
         213         210         219         211           8           5
          54          61          13          16           0           0
 Accuracy:    0.549   0.100   0.400   1.879
 Found           69  events.
 Wrote            4  events.
 Actual xsec    1.3649932290797420E-014
 Correct abs xsec    1.3649932290797420E-014
 Event xsec    1.3649932290797420E-014
 Events wgts > 1:            0
 % Cross section > 1:    0.0000000000000000        0.0000000000000000     
 Iteration  4   Mean: 0.3177E-13 Abs mean: 0.3177E-13   Fluctuation:  0.160E-13   0.102E-09    45.4%
  4    0.3177E-13 0.3177E-13 +- 0.1600E-13     45.05
 Relative summed weights:
  0.1035E-03  0.2231E-04  0.3862E-04  0.1243E-03  0.0000E+00  0.8817E-09
  0.5641E-03  0.1931E-02  0.1573E-02  0.3580E-03  0.2236E-08  0.1503E-04
  0.2133E-02  0.1511E-03  0.1233E-03  0.3996E+00  0.6144E-10  0.1772E-03
  0.8895E-03  0.2267E+00  0.1117E-01  0.2464E-01  0.9165E-08  0.5517E-08
  0.6174E-03  0.1302E-02  0.2252E-03  0.2042E+00  0.4759E-04  0.1059E-07
  0.1518E-01  0.1656E-03  0.4092E-02  0.1054E-04  0.1337E-11  0.2323E-07
  0.6342E-03  0.1538E-02  0.5882E-02  0.8824E-01  0.2772E-04  0.3795E-04
  0.3605E-03  0.6182E-02  0.9275E-03  0.3162E-05  0.0000E+00  0.9211E-08
 Relative number of events:
  0.1238E-01  0.1263E-01  0.4500E-02  0.3500E-02  0.0000E+00  0.1250E-03
  0.5950E-01  0.5738E-01  0.5100E-01  0.4600E-01  0.7500E-03  0.1125E-02
  0.1100E-01  0.1063E-01  0.4250E-02  0.3625E-02  0.1250E-03  0.2500E-03
  0.5212E-01  0.5050E-01  0.5700E-01  0.5525E-01  0.1500E-02  0.6250E-03
  0.5087E-01  0.5087E-01  0.5450E-01  0.5412E-01  0.7500E-03  0.6250E-03
  0.1362E-01  0.1025E-01  0.3375E-02  0.3625E-02  0.2500E-03  0.1250E-03
  0.5488E-01  0.5150E-01  0.5838E-01  0.5437E-01  0.1500E-02  0.1250E-02
  0.1625E-01  0.1450E-01  0.3875E-02  0.4500E-02  0.0000E+00  0.2500E-03
 Events:
          99         101          36          28           0           1
         476         459         408         368           6           9
          88          85          34          29           1           2
         417         404         456         442          12           5
         407         407         436         433           6           5
         109          82          27          29           2           1
         439         412         467         435          12          10
         130         116          31          36           0           2
 Accuracy:    0.338   0.100   0.313   1.166
 Found           54  events.
 Wrote            4  events.
 Actual xsec    2.0920104996054595E-014
 Correct abs xsec    2.0920104996054595E-014
 Event xsec    2.0920104996054592E-014
 Events wgts > 1:            1
 % Cross section > 1:    1.1127610161238714E-022   5.3190986198861411E-007
 Iteration  5   Mean: 0.3179E-13 Abs mean: 0.3179E-13   Fluctuation:  0.109E-13   0.145E-09    58.9%
  5    0.3179E-13 0.3179E-13 +- 0.1094E-13     43.53
 Relative summed weights:
  0.1320E-02  0.1392E-01  0.1331E-01  0.2982E-03  0.2839E-05  0.4706E-05
  0.9008E-01  0.2513E-01  0.1242E+00  0.2306E-02  0.3197E-05  0.3586E-04
  0.2802E-02  0.3336E-03  0.2288E-03  0.1785E-01  0.1546E-04  0.0000E+00
  0.4894E-02  0.5538E-02  0.2883E+00  0.2326E-01  0.5853E-06  0.1294E-04
  0.4170E-02  0.7876E-01  0.1206E-01  0.4374E-01  0.3371E-04  0.2349E-04
  0.6720E-02  0.8724E-01  0.3008E-01  0.1135E-03  0.2341E-06  0.1178E-05
  0.2498E-02  0.3920E-01  0.4663E-01  0.3004E-01  0.1043E-05  0.3314E-06
  0.1247E-02  0.2388E-03  0.9667E-03  0.2427E-02  0.4347E-11  0.2068E-10
 Relative number of events:
  0.1188E-01  0.1300E-01  0.3750E-02  0.4812E-02  0.1250E-03  0.6250E-04
  0.5569E-01  0.5513E-01  0.4938E-01  0.5100E-01  0.7500E-03  0.8125E-03
  0.1238E-01  0.1344E-01  0.4063E-02  0.4687E-02  0.6250E-04  0.0000E+00
  0.5513E-01  0.5688E-01  0.5137E-01  0.5100E-01  0.4375E-03  0.1187E-02
  0.5631E-01  0.5625E-01  0.5175E-01  0.5050E-01  0.3125E-03  0.9375E-03
  0.1375E-01  0.1263E-01  0.5125E-02  0.4687E-02  0.1250E-03  0.1250E-03
  0.5256E-01  0.5650E-01  0.5200E-01  0.5194E-01  0.8750E-03  0.4375E-03
  0.1419E-01  0.1319E-01  0.4375E-02  0.4188E-02  0.1250E-03  0.1250E-03
 Events:
         190         208          60          77           2           1
         891         882         790         816          12          13
         198         215          65          75           1           0
         882         910         822         816           7          19
         901         900         828         808           5          15
         220         202          82          75           2           2
         841         904         832         831          14           7
         227         211          70          67           2           2
 Accuracy:    0.205   0.100   0.232   0.781
 Found          149  events.
 Wrote            2  events.
 Actual xsec    3.0470029681980719E-014
 Correct abs xsec    3.0470029681980719E-014
 Event xsec    3.0470029681980719E-014
 Events wgts > 1:            1
 % Cross section > 1:    7.1265809035814007E-022   2.3388821664968374E-006

 -------------------------------------------------------------------------------
 Accumulated results:   Integral =  0.2571E-13
                        Std dev  =  0.5956E-14
                       Cross sec =  0.2571E-13
             Chi**2 per DoF.     =      0.7815
 -------------------------------------------------------------------------------
-------------------------------------------------
---------------------------
 Results Last   3 iters: Integral =   0.3047E-13
                     Abs integral =   0.3047E-13
                          Std dev =   0.7876E-14
                  Chi**2 per DoF. =      0.0986
-------------------------------------------------
---------------------------
 Status  0.10000000000000001                6           5

ls status:
events.lhe
ftn26
input_app.txt
results.dat
run1_app.log
