 Process in group number            1
 A PDF is used, so alpha_s(MZ) is going to be modified
 Old value of alpha_s from param_card:   0.11839999999999999     
  ****************************************
 
       NNPDFDriver version 1.0.3
   Grid: NNPDF23_lo_as_0130_qed_mem0.grid
  ****************************************
 New value of alpha_s from PDF nn23lo1:  0.13000000000000000     
 Define smin to   1600.0000000000000     
 Define smin to   1600.0000000000000     
 Define smin to   1600.0000000000000     
 *****************************************************
 *               MadGraph/MadEvent                   *
 *        --------------------------------           *
 *          http://madgraph.hep.uiuc.edu             *
 *          http://madgraph.phys.ucl.ac.be           *
 *          http://madgraph.roma2.infn.it            *
 *        --------------------------------           *
 *                                                   *
 *          PARAMETER AND COUPLING VALUES            *
 *                                                   *
 *****************************************************

  External Params
  ---------------------------------
  
 mdl_VeN1 =    1.0000000000000000     
 mdl_VeN2 =    0.0000000000000000     
 mdl_VeN3 =    0.0000000000000000     
 mdl_VmuN1 =    0.0000000000000000     
 mdl_VmuN2 =    1.0000000000000000     
 mdl_VmuN3 =    0.0000000000000000     
 mdl_VtaN1 =    0.0000000000000000     
 mdl_VtaN2 =    0.0000000000000000     
 mdl_VtaN3 =    1.0000000000000000     
 mdl_VN1N1 =    1.0000000000000000     
 mdl_VN1N2 =    1.0000000000000000     
 mdl_VN1N3 =    1.0000000000000000     
 mdl_VN2N2 =    1.0000000000000000     
 mdl_VN2N3 =    1.0000000000000000     
 mdl_VN3N3 =    1.0000000000000000     
 aEWM1 =    127.90000000000001     
 mdl_Gf =    1.1663700000000000E-005
 aS =   0.11839999999999999     
 mdl_ymt =    172.00000000000000     
 mdl_vevf =    50.000000000000000     
 mdl_MZ =    91.187600000000003     
 mdl_MT =    172.00000000000000     
 mdl_MH =    125.00000000000000     
 mdl_mN1 =    2000.0000000000000     
 mdl_mN2 =    2100.0000000000000     
 mdl_mN3 =    2200.0000000000000     
 mdl_MJ =    91.187600000000003     
 mdl_MAx =    173.04800000000000     
 mdl_WZ =    2.4952000000000001     
 mdl_WW =    2.0850000000000000     
 mdl_WT =    1.5083359999999999     
 mdl_WH =    4.0699999999999998E-003
 mdl_WN1 =   0.30299999999999999     
 mdl_WN2 =    1.5000000000000000     
 mdl_WN3 =    12.300000000000001     
 mdl_WJ =    2.4952000000000001     
 mdl_WAx =    4.1700000000000001E-003
  Internal Params
  ---------------------------------
  
 mdl_vevf__exp__2 =    2500.0000000000000     
 mdl_sqrt__vevf__exp__2 =    50.000000000000000     
 mdl_muJ =    50.000000000000000     
 mdl_MZ__exp__2 =    8315.1783937600012     
 mdl_MZ__exp__4 =    69142191.720053151     
 mdl_sqrt__2 =    1.4142135623730951     
 mdl_MJ__exp__2 =    8315.1783937600012     
 mdl_muJ__exp__2 =    2500.0000000000000     
 mdl_lamJ =    4.3260713575040004     
 mdl_MH__exp__2 =    15625.000000000000     
 mdl_complexi =  (  0.0000000000000000     ,  1.0000000000000000     )
 mdl_aEW =    7.8186082877247844E-003
 mdl_MW =    79.824359746197842     
 mdl_sqrt__aEW =    8.8422894590285753E-002
 mdl_ee =   0.31345100004952897     
 mdl_MW__exp__2 =    6371.9284088904105     
 mdl_sw2 =   0.23369913342182447     
 mdl_cw =   0.87538612427783857     
 mdl_sqrt__sw2 =   0.48342438232036300     
 mdl_sw =   0.48342438232036300     
 mdl_g1 =   0.35807170271074895     
 mdl_gN =   0.64839716719502682     
 mdl_gw =   0.64839716719502682     
 mdl_vev =    246.22056907348590     
 mdl_vev__exp__2 =    60624.568634871241     
 mdl_lam =   0.12886689630821144     
 mdl_yt =   0.98791394091683138     
 mdl_muH =    88.388347648318444     
 mdl_I2a33 =  ( 0.98791394091683138     ,  0.0000000000000000     )
 mdl_I3a33 =  ( 0.98791394091683138     ,  0.0000000000000000     )
 mdl_ee__exp__2 =    9.8251529432049817E-002
 mdl_sw__exp__2 =   0.23369913342182450     
 mdl_cw__exp__2 =   0.76630086657817542     
  Internal Params evaluated point by point
  ----------------------------------------
  
 mdl_sqrt__aS =   0.34409301068170506     
 mdl_G__exp__2 =    1.4878582807401259     
  Couplings of SM_HeavyN_UFO
  ---------------------------------
  
         GC_1 =  -0.00000E+00  -0.10448E+00
         GC_2 =   0.00000E+00   0.20897E+00
         GC_3 =  -0.00000E+00  -0.31345E+00
         GC_4 =   0.00000E+00   0.31345E+00
        GC_26 =   0.00000E+00   0.45849E+00
        GC_27 =  -0.00000E+00  -0.28380E+00
        GC_28 =   0.00000E+00   0.28380E+00
        GC_30 =   0.00000E+00   0.56760E+00
        GC_35 =  -0.00000E+00  -0.28850E-01
        GC_37 =   0.00000E+00   0.17310E+00
        GC_39 =   0.00000E+00  -0.19725E+00
        GC_40 =   0.00000E+00   0.37035E+00
        GC_80 =   0.00000E+00   0.67543E+02
       GC_107 =  -0.00000E+00  -0.74070E+00
       GC_109 =  -0.00000E+00  -0.74070E+00
       GC_111 =  -0.00000E+00  -0.74070E+00
       GC_113 =  -0.00000E+00  -0.74070E+00
       GC_115 =  -0.00000E+00  -0.74070E+00
       GC_117 =  -0.00000E+00  -0.74070E+00
       GC_119 =   0.00000E+00   0.00000E+00
       GC_120 =   0.00000E+00   0.00000E+00
       GC_122 =  -0.00000E+00  -0.00000E+00
       GC_126 =   0.00000E+00   0.00000E+00
       GC_127 =   0.00000E+00   0.00000E+00
       GC_129 =  -0.00000E+00  -0.00000E+00
       GC_133 =   0.00000E+00   0.45849E+00
       GC_134 =   0.00000E+00   0.37035E+00
       GC_136 =  -0.00000E+00  -0.89351E+01
        GC_81 =   0.40000E+02   0.00000E+00
        GC_82 =   0.42000E+02   0.00000E+00
        GC_83 =   0.44000E+02   0.00000E+00

 Collider parameters:
 --------------------

 Running at P P   machine @    13000.000000000000       GeV
 PDF set = nn23lo1
 alpha_s(Mz)= 0.1300 running at 2 loops.
 alpha_s(Mz)= 0.1300 running at 2 loops.
 Renormalization scale set on event-by-event basis
 Factorization   scale set on event-by-event basis


 getting user params
Enter number of events and max and min iterations: 
 Number of events and iterations         1000           5           3
Enter desired fractional accuracy: 
 Desired fractional accuracy:   0.10000000000000001     
Enter 0 for fixed, 2 for adjustable grid: 
Suppress amplitude (0 no, 1 yes)? 
 Using suppressed amplitude.
Exact helicity sum (0 yes, n = number/event)? 
 Explicitly summing over helicities
Enter Configuration Number: 
Running Configuration Number:  387
 Using dconfig=         214
 BW Setting            1           2           2           1           2           0           0
 Attempting mappinvarients           1           9
 Completed mapping           9
 about to integrate           19        1000           5           3          19           1
 Using non-zero grid deformation.
 19 dimensions   1000 events 19 invarients  5 iterations  1 config(s),  (0.99)
 Using h-tuple random number sequence.
 Error opening grid
 Using Uniform Grid!          36
 Using uniform alpha   1.0000000000000000     
 Grid defined OK
 Set CM energy to      13000.00
 Mapping Graph         387  to config         387
 Setting BW          -1           1   91.187600000000003     
Setting grid   2    0.36660E-04   1
Setting grid   3    0.17080E-03   1
 Setting BW          -4           4   79.824359746197842     
Setting grid   5    0.28499E-04   1
Setting grid   6    0.33884E-03   1
 Transforming s_hat 1/s           18   3.6775012953567209E-004   1600.0000000000000        168999999.99999997     
 387   1   2   3   4   5   6   7   8   9  10  11  12  13  14
  15  16  17  18  19
 Masses: 0.000E+00 0.000E+00 0.000E+00 0.000E+00 0.000E+00 0.000E+00 0.000E+00 0.000E+00 0.912E+02
Using random seed offsets   387 :      1
  with seed                   24
 Ranmar initialization seeds         117        9398
 
 ********************************************
 * You are using the DiscreteSampler module *
 *      part of the MG5_aMC framework       *
 *         Author: Valentin Hirschi         *
 ********************************************
 
  Particle       3       4       5       6       7       8       9
      Et >    10.0    10.0    10.0    10.0     0.0     0.0     0.0
       E >     0.0     0.0     0.0     0.0     0.0     0.0     0.0
     Eta <     2.5     2.5     2.5     2.5    -1.0    -1.0    -1.0
   xqcut:      0.0     0.0     0.0     0.0     0.0     0.0     0.0
d R # 3  >    -0.0     0.4     0.4     0.4     0.0     0.0     0.0
d R # 4  >    -0.0    -0.0     0.4     0.4     0.0     0.0     0.0
d R # 5  >    -0.0    -0.0    -0.0     0.4     0.0     0.0     0.0
d R # 6  >    -0.0    -0.0    -0.0    -0.0     0.0     0.0     0.0
d R # 7  >    -0.0    -0.0    -0.0    -0.0    -0.0     0.0     0.0
d R # 8  >    -0.0    -0.0    -0.0    -0.0    -0.0    -0.0     0.0
s min # 3>     0.0     0.0     0.0     0.0     0.0     0.0     0.0
s min # 4>     0.0     0.0     0.0     0.0     0.0     0.0     0.0
s min # 5>     0.0     0.0     0.0     0.0     0.0     0.0     0.0
s min # 6>     0.0     0.0     0.0     0.0     0.0     0.0     0.0
s min # 7>     0.0     0.0     0.0     0.0     0.0     0.0     0.0
s min # 8>     0.0     0.0     0.0     0.0     0.0     0.0     0.0
xqcutij # 3>     0.0     0.0     0.0     0.0     0.0     0.0     0.0
xqcutij # 4>     0.0     0.0     0.0     0.0     0.0     0.0     0.0
xqcutij # 5>     0.0     0.0     0.0     0.0     0.0     0.0     0.0
xqcutij # 6>     0.0     0.0     0.0     0.0     0.0     0.0     0.0
xqcutij # 7>     0.0     0.0     0.0     0.0     0.0     0.0     0.0
xqcutij # 8>     0.0     0.0     0.0     0.0     0.0     0.0     0.0
 Requiring BW           -1           1
 Excluding BW           -2           2
 Excluding BW           -3           3
 Requiring BW           -4           4
 Excluding BW           -6           5
 alpha_s for scale    487.54834793967370       is   0.10170810359502189     
 Added good helicity            1   78.673508960263419       in event            1 local:           1
 Added good helicity           21   1.4214865440541874E-003  in event            1 local:           1
 Added good helicity           25   2.2633300293665590E-002  in event            1 local:           1
 Added good helicity           37   3.6714385655837838E-002  in event            1 local:           1
 Added good helicity           41  0.87136527247122741       in event            1 local:           1
 Added good helicity           61   1.0349100368348908E-003  in event            1 local:           1
 Added good helicity          193   4.6310759271199942       in event            1 local:           1
 Added good helicity          213   1.6881761211492263E-002  in event            1 local:           1
 Added good helicity          217  0.40388141133479594       in event            1 local:           1
 Added good helicity          229   43.925308538690089       in event            1 local:           1
 Added good helicity          233   127.40691296393071       in event            1 local:           1
 Added good helicity          253   9.2610824478950027E-003  in event            1 local:           1
 Added good helicity            1   78.673508960263320       in event            1 local:           1
 Added good helicity           21   1.4214865440541772E-003  in event            1 local:           1
 Added good helicity           25   2.2633300293665653E-002  in event            1 local:           1
 Added good helicity           37   3.6714385655838032E-002  in event            1 local:           1
 Added good helicity           41  0.87136527247122775       in event            1 local:           1
 Added good helicity           61   1.0349100368348800E-003  in event            1 local:           1
 Added good helicity          193   4.6310759271199995       in event            1 local:           1
 Added good helicity          213   1.6881761211492145E-002  in event            1 local:           1
 Added good helicity          217  0.40388141133479688       in event            1 local:           1
 Added good helicity          229   43.925308538690054       in event            1 local:           1
 Added good helicity          233   127.40691296393082       in event            1 local:           1
 Added good helicity          253   9.2610824478953427E-003  in event            1 local:           1
 RESET CUMULATIVE VARIABLE
 RESET CUMULATIVE VARIABLE
 RESET CUMULATIVE VARIABLE
 Iteration  1   Mean: 0.1186E-12 Abs mean: 0.1186E-12   Fluctuation:  0.784E-13   0.771E-10     7.5%
  1    0.1186E-12 0.1186E-12 +- 0.7841E-13     20.90
 Writing out events   3.1583392909100729E-016   20.903801787982804     
 Relative summed weights:
  0.3140E-02  0.1876E-02  0.2862E-02  0.6954E-01  0.1806E-02  0.5121E-08
  0.1067E+00  0.6361E-03  0.1017E-03  0.7203E-03  0.2491E-05  0.5420E-04
  0.2012E-03  0.9339E-02  0.6708E-02  0.2262E-02  0.2416E-07  0.6766E-04
  0.1859E-01  0.6811E+00  0.9782E-03  0.6948E-03  0.6724E-05  0.3724E-04
  0.1204E-02  0.1016E-01  0.2524E-01  0.7994E-03  0.6276E-07  0.2564E-06
  0.3689E-02  0.7339E-02  0.9695E-03  0.3581E-02  0.2847E-06  0.4454E-05
  0.5866E-03  0.1126E-01  0.4220E-03  0.2165E-02  0.9572E-04  0.6240E-10
  0.2079E-01  0.2586E-03  0.1510E-02  0.2481E-02  0.3046E-05  0.0000E+00
 Relative number of events:
  0.3469E-01  0.2577E-01  0.5847E-01  0.4856E-01  0.3964E-02  0.1982E-02
  0.9911E-02  0.2081E-01  0.1189E-01  0.1090E-01  0.9911E-03  0.9911E-03
  0.2379E-01  0.5253E-01  0.6640E-01  0.6541E-01  0.1982E-02  0.4955E-02
  0.2775E-01  0.1982E-01  0.8920E-02  0.6938E-02  0.1982E-02  0.1982E-02
  0.2973E-01  0.4460E-01  0.5253E-01  0.4856E-01  0.9911E-03  0.3964E-02
  0.3568E-01  0.3568E-01  0.6640E-01  0.5055E-01  0.1982E-02  0.1982E-02
  0.1982E-01  0.1388E-01  0.1090E-01  0.1189E-01  0.9911E-03  0.9911E-03
  0.1487E-01  0.1487E-01  0.1586E-01  0.1090E-01  0.9911E-03  0.0000E+00
 Events:
          35          26          59          49           4           2
          10          21          12          11           1           1
          24          53          67          66           2           5
          28          20           9           7           2           2
          30          45          53          49           1           4
          36          36          67          51           2           2
          20          14          11          12           1           1
          15          15          16          11           1           0
 Iteration  2   Mean: 0.2333E-11 Abs mean: 0.2333E-11   Fluctuation:  0.105E-11   0.153E-08    27.1%
  2    0.2333E-11 0.2333E-11 +- 0.1049E-11     20.11
 Relative summed weights:
  0.1568E+00  0.3577E-02  0.2786E-03  0.3346E-02  0.1234E-07  0.3057E-07
  0.2066E-03  0.2009E-02  0.9945E-04  0.2336E+00  0.2499E-05  0.1564E-09
  0.1658E-02  0.1720E-03  0.2636E-03  0.2258E-03  0.9189E-06  0.7199E-07
  0.6379E-01  0.9603E-01  0.9459E-04  0.8516E-04  0.2478E-10  0.0000E+00
  0.1913E-03  0.1086E-03  0.1144E-02  0.2999E-04  0.4312E-07  0.1897E-07
  0.2349E-01  0.4012E-02  0.2444E-03  0.4091E-02  0.1169E-07  0.1237E-06
  0.3832E-04  0.3312E-02  0.9151E-03  0.3280E+00  0.2410E-06  0.4641E-08
  0.4701E-01  0.9827E-04  0.2359E-01  0.1399E-02  0.1917E-07  0.1174E-12
 Relative number of events:
  0.3600E-01  0.3850E-01  0.5650E-01  0.5900E-01  0.1000E-02  0.5000E-03
  0.2100E-01  0.1500E-01  0.8500E-02  0.1450E-01  0.1000E-02  0.5000E-03
  0.3750E-01  0.3000E-01  0.5450E-01  0.5200E-01  0.5000E-03  0.5000E-03
  0.1650E-01  0.2350E-01  0.6500E-02  0.1200E-01  0.5000E-03  0.0000E+00
  0.4750E-01  0.4050E-01  0.5750E-01  0.5550E-01  0.1000E-02  0.1000E-02
  0.3450E-01  0.3750E-01  0.5250E-01  0.5750E-01  0.5000E-03  0.1500E-02
  0.2000E-01  0.2200E-01  0.1050E-01  0.8000E-02  0.1500E-02  0.5000E-03
  0.2400E-01  0.2050E-01  0.1050E-01  0.8000E-02  0.1000E-02  0.5000E-03
 Events:
          72          77         113         118           2           1
          42          30          17          29           2           1
          75          60         109         104           1           1
          33          47          13          24           1           0
          95          81         115         111           2           2
          69          75         105         115           1           3
          40          44          21          16           3           1
          48          41          21          16           2           1
 Iteration  3   Mean: 0.4741E-12 Abs mean: 0.4741E-12   Fluctuation:  0.137E-12   0.322E-09    29.7%
  3    0.4741E-12 0.4741E-12 +- 0.1366E-12     18.22
 Relative summed weights:
  0.4870E-01  0.1075E+00  0.2443E-01  0.6517E-02  0.1058E-09  0.3047E-10
  0.4535E-01  0.9694E-03  0.1148E-03  0.1768E-03  0.1167E-05  0.4710E-06
  0.1709E-01  0.7491E-01  0.1138E-01  0.1568E-02  0.3641E-05  0.2724E-06
  0.2226E-01  0.1868E-02  0.4370E-04  0.2203E-02  0.1278E-05  0.1146E-08
  0.1766E-01  0.5330E-02  0.1005E+00  0.3583E-02  0.5686E-13  0.4196E-05
  0.1479E-01  0.2804E-01  0.2208E-02  0.1708E+00  0.2006E-05  0.1814E-06
  0.1951E-02  0.2646E+00  0.2338E-03  0.7577E-03  0.1097E-06  0.2101E-07
  0.1364E-01  0.3636E-03  0.6489E-02  0.3787E-02  0.8964E-09  0.1638E-03
 Relative number of events:
  0.4150E-01  0.4250E-01  0.4550E-01  0.5150E-01  0.2500E-03  0.7500E-03
  0.2175E-01  0.2375E-01  0.9250E-02  0.9500E-02  0.5000E-03  0.2500E-03
  0.4525E-01  0.5100E-01  0.5275E-01  0.4925E-01  0.2500E-03  0.1000E-02
  0.2150E-01  0.2225E-01  0.7250E-02  0.6750E-02  0.7500E-03  0.5000E-03
  0.4525E-01  0.4500E-01  0.4550E-01  0.5075E-01  0.2500E-03  0.7500E-03
  0.4675E-01  0.4025E-01  0.4875E-01  0.5475E-01  0.5000E-03  0.5000E-03
  0.1900E-01  0.1875E-01  0.9500E-02  0.7750E-02  0.5000E-03  0.2500E-03
  0.2150E-01  0.2050E-01  0.1125E-01  0.5250E-02  0.5000E-03  0.7500E-03
 Events:
         166         170         182         206           1           3
          87          95          37          38           2           1
         181         204         211         197           1           4
          86          89          29          27           3           2
         181         180         182         203           1           3
         187         161         195         219           2           2
          76          75          38          31           2           1
          86          82          45          21           2           3
 Accuracy:    0.657   0.100   0.228   8.318
 Found           46  events.
 Wrote            8  events.
 Actual xsec    9.0895000604189015E-013
 Correct abs xsec    9.0895000604189015E-013
 Event xsec    9.0895000604189004E-013
 Events wgts > 1:            1
 % Cross section > 1:    9.5241721510850891E-021   1.0478213419634608E-006
 Iteration  4   Mean: 0.2498E-11 Abs mean: 0.2498E-11   Fluctuation:  0.125E-11   0.961E-08    35.2%
  4    0.2498E-11 0.2498E-11 +- 0.1249E-11     44.72
 Relative summed weights:
  0.7965E-02  0.2535E-02  0.2019E-01  0.2739E-02  0.1783E-05  0.2108E-06
  0.1871E-01  0.1111E-01  0.6241E-02  0.3592E-02  0.8925E-04  0.3654E-08
  0.1140E-01  0.1585E-02  0.1033E+00  0.3729E-01  0.1761E-04  0.2341E-06
  0.8232E-02  0.2931E-01  0.2006E-02  0.2172E-02  0.1501E-07  0.0000E+00
  0.4857E+00  0.1242E-02  0.5385E-01  0.4460E-02  0.1019E-05  0.1811E-05
  0.7303E-02  0.2444E-02  0.4735E-02  0.1100E-01  0.9509E-07  0.1653E-05
  0.1073E-01  0.4366E-01  0.4642E-01  0.1490E-01  0.2206E-05  0.1171E-09
  0.5212E-02  0.3743E-01  0.1773E-02  0.6339E-03  0.6253E-08  0.6598E-05
 Relative number of events:
  0.4263E-01  0.5050E-01  0.4788E-01  0.5162E-01  0.3750E-03  0.5000E-03
  0.2250E-01  0.2300E-01  0.7125E-02  0.6750E-02  0.6250E-03  0.1250E-03
  0.4300E-01  0.4288E-01  0.5038E-01  0.5125E-01  0.6250E-03  0.3750E-03
  0.2100E-01  0.2038E-01  0.9750E-02  0.7875E-02  0.2500E-03  0.0000E+00
  0.4587E-01  0.4537E-01  0.4587E-01  0.4825E-01  0.3750E-03  0.2500E-03
  0.4362E-01  0.4963E-01  0.4863E-01  0.5250E-01  0.6250E-03  0.3750E-03
  0.2337E-01  0.2025E-01  0.7750E-02  0.8000E-02  0.1250E-03  0.1250E-03
  0.2138E-01  0.2212E-01  0.6250E-02  0.7375E-02  0.3750E-03  0.1250E-03
 Events:
         341         404         383         413           3           4
         180         184          57          54           5           1
         344         343         403         410           5           3
         168         163          78          63           2           0
         367         363         367         386           3           2
         349         397         389         420           5           3
         187         162          62          64           1           1
         171         177          50          59           3           1
 Accuracy:    0.476   0.100   0.207   5.275
 Found          322  events.
 Wrote            1  events.
 Actual xsec    1.2979594091825311E-012
 Correct abs xsec    1.2979594091825311E-012
 Event xsec    1.2979594091825311E-012
 Events wgts > 1:            0
 % Cross section > 1:    0.0000000000000000        0.0000000000000000     
 Iteration  5   Mean: 0.1636E-11 Abs mean: 0.1636E-11   Fluctuation:  0.403E-12   0.442E-08    34.9%
  5    0.1636E-11 0.1636E-11 +- 0.4034E-12     31.19
 Relative summed weights:
  0.2044E-01  0.1809E-01  0.4196E-02  0.9909E-02  0.2436E-04  0.3281E-05
  0.1992E-02  0.6283E-01  0.1917E-02  0.3695E-02  0.3614E-05  0.7728E-06
  0.9979E-02  0.1844E-01  0.1395E+00  0.6067E-02  0.2213E-05  0.1702E-04
  0.1868E-01  0.7087E-01  0.8804E-03  0.2457E-01  0.2750E-07  0.1844E-04
  0.8697E-02  0.7552E-01  0.1840E+00  0.3845E-01  0.3139E-06  0.2668E-12
  0.1844E-01  0.3139E-01  0.7246E-01  0.5351E-02  0.1735E-06  0.5042E-06
  0.1560E-01  0.3461E-01  0.4468E-02  0.1336E-01  0.3814E-06  0.3163E-03
  0.7790E-02  0.6524E-01  0.7614E-02  0.4576E-02  0.3420E-05  0.9083E-07
 Relative number of events:
  0.4512E-01  0.4669E-01  0.5100E-01  0.4731E-01  0.3125E-03  0.6875E-03
  0.2406E-01  0.2331E-01  0.7188E-02  0.7687E-02  0.1875E-03  0.1875E-03
  0.4550E-01  0.4606E-01  0.4681E-01  0.4688E-01  0.1875E-03  0.5000E-03
  0.2206E-01  0.2325E-01  0.5812E-02  0.8063E-02  0.1250E-03  0.1250E-03
  0.4475E-01  0.4437E-01  0.4856E-01  0.5006E-01  0.3750E-03  0.6250E-04
  0.4662E-01  0.4437E-01  0.4888E-01  0.4612E-01  0.1875E-03  0.3125E-03
  0.2138E-01  0.2606E-01  0.7000E-02  0.6875E-02  0.2500E-03  0.4375E-03
  0.2300E-01  0.2488E-01  0.9062E-02  0.6938E-02  0.1250E-03  0.1875E-03
 Events:
         722         747         816         757           5          11
         385         373         115         123           3           3
         728         737         749         750           3           8
         353         372          93         129           2           2
         716         710         777         801           6           1
         746         710         782         738           3           5
         342         417         112         110           4           7
         368         398         145         111           2           3
 Accuracy:    0.284   0.100   0.159   3.210
 Found          355  events.
 Wrote            9  events.
 Actual xsec    1.3114750911958183E-012
 Correct abs xsec    1.3114750911958183E-012
 Event xsec    1.3114750911958183E-012
 Events wgts > 1:            1
 % Cross section > 1:    8.4806614046997364E-021   6.4665058922064393E-007

 -------------------------------------------------------------------------------
 Accumulated results:   Integral =  0.1370E-11
                        Std dev  =  0.2174E-12
                       Cross sec =  0.1370E-11
             Chi**2 per DoF.     =      3.2099
 -------------------------------------------------------------------------------
-------------------------------------------------
---------------------------
 Results Last   3 iters: Integral =   0.1311E-11
                     Abs integral =   0.1311E-11
                          Std dev =   0.2301E-12
                  Chi**2 per DoF. =     19.5612
-------------------------------------------------
---------------------------
 Status  0.10000000000000001                6           5

ls status:
events.lhe
ftn26
input_app.txt
results.dat
run1_app.log
