 Process in group number            1
 A PDF is used, so alpha_s(MZ) is going to be modified
 Old value of alpha_s from param_card:   0.11839999999999999     
  ****************************************
 
       NNPDFDriver version 1.0.3
   Grid: NNPDF23_lo_as_0130_qed_mem0.grid
  ****************************************
 New value of alpha_s from PDF nn23lo1:  0.13000000000000000     
 Define smin to   1600.0000000000000     
 Define smin to   1600.0000000000000     
 Define smin to   1600.0000000000000     
 *****************************************************
 *               MadGraph/MadEvent                   *
 *        --------------------------------           *
 *          http://madgraph.hep.uiuc.edu             *
 *          http://madgraph.phys.ucl.ac.be           *
 *          http://madgraph.roma2.infn.it            *
 *        --------------------------------           *
 *                                                   *
 *          PARAMETER AND COUPLING VALUES            *
 *                                                   *
 *****************************************************

  External Params
  ---------------------------------
  
 mdl_VeN1 =    1.0000000000000000     
 mdl_VeN2 =    0.0000000000000000     
 mdl_VeN3 =    0.0000000000000000     
 mdl_VmuN1 =    0.0000000000000000     
 mdl_VmuN2 =    1.0000000000000000     
 mdl_VmuN3 =    0.0000000000000000     
 mdl_VtaN1 =    0.0000000000000000     
 mdl_VtaN2 =    0.0000000000000000     
 mdl_VtaN3 =    1.0000000000000000     
 mdl_VN1N1 =    1.0000000000000000     
 mdl_VN1N2 =    1.0000000000000000     
 mdl_VN1N3 =    1.0000000000000000     
 mdl_VN2N2 =    1.0000000000000000     
 mdl_VN2N3 =    1.0000000000000000     
 mdl_VN3N3 =    1.0000000000000000     
 aEWM1 =    127.90000000000001     
 mdl_Gf =    1.1663700000000000E-005
 aS =   0.11839999999999999     
 mdl_ymt =    172.00000000000000     
 mdl_vevf =    50.000000000000000     
 mdl_MZ =    91.187600000000003     
 mdl_MT =    172.00000000000000     
 mdl_MH =    125.00000000000000     
 mdl_mN1 =    510.00000000000000     
 mdl_mN2 =    610.00000000000000     
 mdl_mN3 =    710.00000000000000     
 mdl_MJ =    91.187600000000003     
 mdl_MAx =    173.04800000000000     
 mdl_WZ =    2.4952000000000001     
 mdl_WW =    2.0850000000000000     
 mdl_WT =    1.5083359999999999     
 mdl_WH =    4.0699999999999998E-003
 mdl_WN1 =   0.30299999999999999     
 mdl_WN2 =    1.5000000000000000     
 mdl_WN3 =    12.300000000000001     
 mdl_WJ =    2.4952000000000001     
 mdl_WAx =    4.1700000000000001E-003
  Internal Params
  ---------------------------------
  
 mdl_vevf__exp__2 =    2500.0000000000000     
 mdl_sqrt__vevf__exp__2 =    50.000000000000000     
 mdl_muJ =    50.000000000000000     
 mdl_MZ__exp__2 =    8315.1783937600012     
 mdl_MZ__exp__4 =    69142191.720053151     
 mdl_sqrt__2 =    1.4142135623730951     
 mdl_MJ__exp__2 =    8315.1783937600012     
 mdl_muJ__exp__2 =    2500.0000000000000     
 mdl_lamJ =    4.3260713575040004     
 mdl_MH__exp__2 =    15625.000000000000     
 mdl_complexi =  (  0.0000000000000000     ,  1.0000000000000000     )
 mdl_aEW =    7.8186082877247844E-003
 mdl_MW =    79.824359746197842     
 mdl_sqrt__aEW =    8.8422894590285753E-002
 mdl_ee =   0.31345100004952897     
 mdl_MW__exp__2 =    6371.9284088904105     
 mdl_sw2 =   0.23369913342182447     
 mdl_cw =   0.87538612427783857     
 mdl_sqrt__sw2 =   0.48342438232036300     
 mdl_sw =   0.48342438232036300     
 mdl_g1 =   0.35807170271074895     
 mdl_gN =   0.64839716719502682     
 mdl_gw =   0.64839716719502682     
 mdl_vev =    246.22056907348590     
 mdl_vev__exp__2 =    60624.568634871241     
 mdl_lam =   0.12886689630821144     
 mdl_yt =   0.98791394091683138     
 mdl_muH =    88.388347648318444     
 mdl_I2a33 =  ( 0.98791394091683138     ,  0.0000000000000000     )
 mdl_I3a33 =  ( 0.98791394091683138     ,  0.0000000000000000     )
 mdl_ee__exp__2 =    9.8251529432049817E-002
 mdl_sw__exp__2 =   0.23369913342182450     
 mdl_cw__exp__2 =   0.76630086657817542     
  Internal Params evaluated point by point
  ----------------------------------------
  
 mdl_sqrt__aS =   0.34409301068170506     
 mdl_G__exp__2 =    1.4878582807401259     
  Couplings of SM_HeavyN_UFO
  ---------------------------------
  
         GC_1 =  -0.00000E+00  -0.10448E+00
         GC_2 =   0.00000E+00   0.20897E+00
         GC_3 =  -0.00000E+00  -0.31345E+00
         GC_4 =   0.00000E+00   0.31345E+00
        GC_26 =   0.00000E+00   0.45849E+00
        GC_27 =  -0.00000E+00  -0.28380E+00
        GC_28 =   0.00000E+00   0.28380E+00
        GC_30 =   0.00000E+00   0.56760E+00
        GC_35 =  -0.00000E+00  -0.28850E-01
        GC_37 =   0.00000E+00   0.17310E+00
        GC_39 =   0.00000E+00  -0.19725E+00
        GC_40 =   0.00000E+00   0.37035E+00
        GC_80 =   0.00000E+00   0.67543E+02
       GC_107 =  -0.00000E+00  -0.74070E+00
       GC_109 =  -0.00000E+00  -0.74070E+00
       GC_111 =  -0.00000E+00  -0.74070E+00
       GC_113 =  -0.00000E+00  -0.74070E+00
       GC_115 =  -0.00000E+00  -0.74070E+00
       GC_117 =  -0.00000E+00  -0.74070E+00
       GC_119 =   0.00000E+00   0.00000E+00
       GC_120 =   0.00000E+00   0.00000E+00
       GC_122 =  -0.00000E+00  -0.00000E+00
       GC_126 =   0.00000E+00   0.00000E+00
       GC_127 =   0.00000E+00   0.00000E+00
       GC_129 =  -0.00000E+00  -0.00000E+00
       GC_133 =   0.00000E+00   0.45849E+00
       GC_134 =   0.00000E+00   0.37035E+00
       GC_136 =  -0.00000E+00  -0.28836E+01
        GC_81 =   0.10200E+02   0.00000E+00
        GC_82 =   0.12200E+02   0.00000E+00
        GC_83 =   0.14200E+02   0.00000E+00

 Collider parameters:
 --------------------

 Running at P P   machine @    13000.000000000000       GeV
 PDF set = nn23lo1
 alpha_s(Mz)= 0.1300 running at 2 loops.
 alpha_s(Mz)= 0.1300 running at 2 loops.
 Renormalization scale set on event-by-event basis
 Factorization   scale set on event-by-event basis


 getting user params
Enter number of events and max and min iterations: 
 Number of events and iterations         1000           5           3
Enter desired fractional accuracy: 
 Desired fractional accuracy:   0.10000000000000001     
Enter 0 for fixed, 2 for adjustable grid: 
Suppress amplitude (0 no, 1 yes)? 
 Using suppressed amplitude.
Exact helicity sum (0 yes, n = number/event)? 
 Explicitly summing over helicities
Enter Configuration Number: 
Running Configuration Number:  195
 Using dconfig=         700
 BW Setting            1           2           2           1           2           2           0
 Attempting mappinvarients           1           9
 Completed mapping           9
 about to integrate           19        1000           5           3          19           1
 Using non-zero grid deformation.
 19 dimensions   1000 events 19 invarients  5 iterations  1 config(s),  (0.99)
 Using h-tuple random number sequence.
 Error opening grid
 Using Uniform Grid!          36
 Using uniform alpha   1.0000000000000000     
 Grid defined OK
 Set CM energy to      13000.00
 Mapping Graph         195  to config         195
 Setting BW          -1           1   91.187600000000003     
Setting grid   2    0.36660E-04   1
Setting grid   3    0.75740E-07   1
 Setting BW          -4           4   710.00000000000000     
Setting grid   5    0.32375E-02   1
Setting grid   6    0.32375E-02   1
 Transforming s_hat 1/s           18   3.2375014532175150E-003   1600.0000000000000        168999999.99999997     
 195   1   2   3   4   5   6   7   8   9  10  11  12  13  14
  15  16  17  18  19
 Masses: 0.000E+00 0.000E+00 0.000E+00 0.000E+00 0.000E+00 0.000E+00 0.000E+00 0.000E+00 0.912E+02
Using random seed offsets   195 :      1
  with seed                   24
 Ranmar initialization seeds       31253        9398
 
 ********************************************
 * You are using the DiscreteSampler module *
 *      part of the MG5_aMC framework       *
 *         Author: Valentin Hirschi         *
 ********************************************
 
  Particle       3       4       5       6       7       8       9
      Et >    10.0    10.0    10.0    10.0     0.0     0.0     0.0
       E >     0.0     0.0     0.0     0.0     0.0     0.0     0.0
     Eta <     2.5     2.5     2.5     2.5    -1.0    -1.0    -1.0
   xqcut:      0.0     0.0     0.0     0.0     0.0     0.0     0.0
d R # 3  >    -0.0     0.4     0.4     0.4     0.0     0.0     0.0
d R # 4  >    -0.0    -0.0     0.4     0.4     0.0     0.0     0.0
d R # 5  >    -0.0    -0.0    -0.0     0.4     0.0     0.0     0.0
d R # 6  >    -0.0    -0.0    -0.0    -0.0     0.0     0.0     0.0
d R # 7  >    -0.0    -0.0    -0.0    -0.0    -0.0     0.0     0.0
d R # 8  >    -0.0    -0.0    -0.0    -0.0    -0.0    -0.0     0.0
s min # 3>     0.0     0.0     0.0     0.0     0.0     0.0     0.0
s min # 4>     0.0     0.0     0.0     0.0     0.0     0.0     0.0
s min # 5>     0.0     0.0     0.0     0.0     0.0     0.0     0.0
s min # 6>     0.0     0.0     0.0     0.0     0.0     0.0     0.0
s min # 7>     0.0     0.0     0.0     0.0     0.0     0.0     0.0
s min # 8>     0.0     0.0     0.0     0.0     0.0     0.0     0.0
xqcutij # 3>     0.0     0.0     0.0     0.0     0.0     0.0     0.0
xqcutij # 4>     0.0     0.0     0.0     0.0     0.0     0.0     0.0
xqcutij # 5>     0.0     0.0     0.0     0.0     0.0     0.0     0.0
xqcutij # 6>     0.0     0.0     0.0     0.0     0.0     0.0     0.0
xqcutij # 7>     0.0     0.0     0.0     0.0     0.0     0.0     0.0
xqcutij # 8>     0.0     0.0     0.0     0.0     0.0     0.0     0.0
 Requiring BW           -1           1
 Excluding BW           -2           2
 Excluding BW           -3           3
 Requiring BW           -4           4
 Excluding BW           -5           5
 Excluding BW           -6           6
 alpha_s for scale    1118.2328191674151       is    9.1876007686628486E-002
 Added good helicity            1   98.261959142174845       in event            1 local:           1
 Added good helicity           21   6.8496315128202117       in event            1 local:           1
 Added good helicity           25   5.8258893617206291E-005  in event            1 local:           1
 Added good helicity           37   2.8553164677280287E-003  in event            1 local:           1
 Added good helicity           41   14.426099599612868       in event            1 local:           1
 Added good helicity           61   2.4592915314366195       in event            1 local:           1
 Added good helicity          193   55.619523028466389       in event            1 local:           1
 Added good helicity          213   47.576810013180854       in event            1 local:           1
 Added good helicity          217   6.4839301363265819E-004  in event            1 local:           1
 Added good helicity          229   3.6259502084366934E-003  in event            1 local:           1
 Added good helicity          233   6.7412513247549173       in event            1 local:           1
 Added good helicity          253   24.058245928969882       in event            1 local:           1
 Added good helicity            1   98.261959142174831       in event            1 local:           1
 Added good helicity           21   6.8496315128201912       in event            1 local:           1
 Added good helicity           25   5.8258893617199176E-005  in event            1 local:           1
 Added good helicity           37   2.8553164677279641E-003  in event            1 local:           1
 Added good helicity           41   14.426099599612993       in event            1 local:           1
 Added good helicity           61   2.4592915314366177       in event            1 local:           1
 Added good helicity          193   55.619523028466681       in event            1 local:           1
 Added good helicity          213   47.576810013180747       in event            1 local:           1
 Added good helicity          217   6.4839301363247941E-004  in event            1 local:           1
 Added good helicity          229   3.6259502084366240E-003  in event            1 local:           1
 Added good helicity          233   6.7412513247548160       in event            1 local:           1
 Added good helicity          253   24.058245928969704       in event            1 local:           1
 RESET CUMULATIVE VARIABLE
 RESET CUMULATIVE VARIABLE
 RESET CUMULATIVE VARIABLE
 Iteration  1   Mean: 0.1787E-09 Abs mean: 0.1787E-09   Fluctuation:  0.796E-10   0.622E-07    12.8%
  1    0.1787E-09 0.1787E-09 +- 0.7961E-10     14.09
 Writing out events   2.7853164280825524E-013   14.085651116880959     
 Relative summed weights:
  0.1609E-01  0.1446E+00  0.7402E-01  0.3485E+00  0.0000E+00  0.0000E+00
  0.8896E-03  0.3897E-02  0.2196E+00  0.2789E-02  0.0000E+00  0.9872E-07
  0.6384E-02  0.7057E-03  0.1481E-04  0.2240E-03  0.6185E-10  0.3720E-06
  0.2019E-03  0.3929E-03  0.9895E-02  0.1185E-01  0.2861E-12  0.0000E+00
  0.5838E-02  0.7530E-03  0.9938E-01  0.3789E-02  0.4878E-04  0.1163E-04
  0.4798E-03  0.6439E-03  0.2000E-01  0.2637E-03  0.0000E+00  0.0000E+00
  0.1262E-02  0.8930E-03  0.1661E-03  0.1400E-04  0.1387E-07  0.0000E+00
  0.3859E-02  0.9461E-02  0.1121E-01  0.1838E-02  0.0000E+00  0.1090E-12
 Relative number of events:
  0.4559E-01  0.4063E-01  0.3370E-01  0.3370E-01  0.0000E+00  0.0000E+00
  0.4856E-01  0.5649E-01  0.4063E-01  0.3271E-01  0.0000E+00  0.9911E-03
  0.2279E-01  0.2478E-01  0.1288E-01  0.2279E-01  0.9911E-03  0.9911E-03
  0.2180E-01  0.1982E-01  0.1586E-01  0.1784E-01  0.9911E-03  0.0000E+00
  0.5154E-01  0.5649E-01  0.3568E-01  0.4361E-01  0.2973E-02  0.1982E-02
  0.4955E-01  0.5154E-01  0.2676E-01  0.2874E-01  0.0000E+00  0.0000E+00
  0.1784E-01  0.2577E-01  0.1883E-01  0.9911E-02  0.9911E-03  0.0000E+00
  0.2180E-01  0.1982E-01  0.2180E-01  0.1883E-01  0.0000E+00  0.9911E-03
 Events:
          46          41          34          34           0           0
          49          57          41          33           0           1
          23          25          13          23           1           1
          22          20          16          18           1           0
          52          57          36          44           3           2
          50          52          27          29           0           0
          18          26          19          10           1           0
          22          20          22          19           0           1
 Iteration  2   Mean: 0.2877E-09 Abs mean: 0.2877E-09   Fluctuation:  0.113E-09   0.142E-06    39.7%
  2    0.2877E-09 0.2877E-09 +- 0.1130E-09     17.57
 Relative summed weights:
  0.4767E-02  0.1869E+00  0.8965E-02  0.8069E-02  0.3101E-07  0.0000E+00
  0.3041E-02  0.8579E-02  0.1665E-02  0.7679E-03  0.0000E+00  0.6088E-08
  0.1007E-02  0.9084E-03  0.5212E-04  0.8544E-02  0.1120E-05  0.0000E+00
  0.2472E+00  0.5465E-03  0.2766E-03  0.1221E-02  0.0000E+00  0.0000E+00
  0.2703E-02  0.1057E-01  0.1972E-02  0.7214E-01  0.0000E+00  0.2118E-06
  0.7433E-01  0.2219E-02  0.9607E-03  0.5429E-02  0.1300E-05  0.4730E-07
  0.2679E-01  0.7508E-03  0.1775E-03  0.3539E-04  0.4217E-09  0.3661E-07
  0.2011E+00  0.1074E+00  0.4781E-03  0.1032E-01  0.1117E-03  0.2478E-08
 Relative number of events:
  0.4700E-01  0.5350E-01  0.4000E-01  0.3650E-01  0.1000E-02  0.0000E+00
  0.5850E-01  0.4550E-01  0.3850E-01  0.3300E-01  0.0000E+00  0.1000E-02
  0.2150E-01  0.1700E-01  0.2000E-01  0.1700E-01  0.5000E-03  0.0000E+00
  0.1900E-01  0.2450E-01  0.1700E-01  0.1700E-01  0.0000E+00  0.0000E+00
  0.5000E-01  0.5400E-01  0.2500E-01  0.3400E-01  0.0000E+00  0.1500E-02
  0.5500E-01  0.4800E-01  0.4000E-01  0.3150E-01  0.5000E-03  0.1000E-02
  0.1850E-01  0.1850E-01  0.1800E-01  0.1550E-01  0.5000E-03  0.5000E-03
  0.2100E-01  0.2000E-01  0.1700E-01  0.2100E-01  0.5000E-03  0.5000E-03
 Events:
          94         107          80          73           2           0
         117          91          77          66           0           2
          43          34          40          34           1           0
          38          49          34          34           0           0
         100         108          50          68           0           3
         110          96          80          63           1           2
          37          37          36          31           1           1
          42          40          34          42           1           1
 Iteration  3   Mean: 0.1989E-09 Abs mean: 0.1989E-09   Fluctuation:  0.160E-09   0.640E-06    48.7%
  3    0.1989E-09 0.1989E-09 +- 0.1604E-09     51.00
 Relative summed weights:
  0.5732E-02  0.1082E-01  0.1432E-01  0.3744E-02  0.0000E+00  0.1177E-10
  0.3826E-02  0.3296E-02  0.3349E-02  0.2877E-02  0.1136E-07  0.5266E-06
  0.3273E-02  0.1574E-01  0.4447E-03  0.3084E-02  0.0000E+00  0.0000E+00
  0.4961E-01  0.8879E-02  0.2734E-03  0.1578E-02  0.7555E-03  0.0000E+00
  0.4442E-02  0.8406E-02  0.1580E-02  0.6606E-02  0.6565E-08  0.6594E-06
  0.5705E-02  0.1255E-01  0.3002E-02  0.8069E+00  0.0000E+00  0.7630E-09
  0.3360E-02  0.8809E-02  0.4716E-03  0.2039E-02  0.3057E-07  0.5201E-08
  0.1028E-02  0.8157E-03  0.1426E-02  0.1258E-02  0.0000E+00  0.1016E-08
 Relative number of events:
  0.5325E-01  0.5350E-01  0.3575E-01  0.3350E-01  0.0000E+00  0.2500E-03
  0.5250E-01  0.5775E-01  0.3775E-01  0.3475E-01  0.2500E-03  0.5000E-03
  0.2325E-01  0.2200E-01  0.1575E-01  0.1725E-01  0.0000E+00  0.0000E+00
  0.2175E-01  0.2000E-01  0.1475E-01  0.1300E-01  0.1000E-02  0.0000E+00
  0.5375E-01  0.5525E-01  0.3300E-01  0.3375E-01  0.5000E-03  0.2500E-03
  0.5050E-01  0.4900E-01  0.2825E-01  0.3650E-01  0.0000E+00  0.2500E-03
  0.2175E-01  0.2050E-01  0.1475E-01  0.1700E-01  0.2500E-03  0.5000E-03
  0.1975E-01  0.2150E-01  0.1700E-01  0.1725E-01  0.0000E+00  0.2500E-03
 Events:
         213         214         143         134           0           1
         210         231         151         139           1           2
          93          88          63          69           0           0
          87          80          59          52           4           0
         215         221         132         135           2           1
         202         196         113         146           0           1
          87          82          59          68           1           2
          79          86          68          69           0           1
 Accuracy:    0.158   0.100   0.277   0.325
 Found           64  events.
 Wrote            1  events.
 Actual xsec    2.3517326176642178E-010
 Correct abs xsec    2.3517326176642178E-010
 Event xsec    2.3517326176642178E-010
 Events wgts > 1:            0
 % Cross section > 1:    0.0000000000000000        0.0000000000000000     
 Iteration  4   Mean: 0.1391E-09 Abs mean: 0.1391E-09   Fluctuation:  0.630E-10   0.486E-06    52.7%
  4    0.1391E-09 0.1391E-09 +- 0.6296E-10     40.49
 Relative summed weights:
  0.1268E-01  0.3050E-01  0.1017E+00  0.2217E-01  0.3936E-05  0.5723E-07
  0.4117E-01  0.4386E-02  0.1555E-01  0.1875E-01  0.5371E-05  0.2274E-04
  0.2844E-01  0.1438E-01  0.6748E-02  0.1115E-01  0.1572E-08  0.5767E-06
  0.7300E-01  0.1316E-01  0.1789E-02  0.6477E-02  0.1108E-06  0.3941E-05
  0.6897E-02  0.5226E-02  0.1270E-01  0.7608E-02  0.8065E-05  0.5890E-06
  0.4444E+00  0.1350E-01  0.3276E-02  0.6355E-02  0.1022E-09  0.1042E-06
  0.3931E-02  0.3035E-01  0.5012E-02  0.4703E-02  0.6296E-07  0.0000E+00
  0.7213E-02  0.3301E-01  0.1657E-02  0.1203E-01  0.6468E-09  0.4811E-09
 Relative number of events:
  0.5287E-01  0.5663E-01  0.3263E-01  0.3450E-01  0.3750E-03  0.1250E-03
  0.5600E-01  0.5325E-01  0.3188E-01  0.3612E-01  0.2500E-03  0.2500E-03
  0.2138E-01  0.2363E-01  0.1350E-01  0.1875E-01  0.1250E-03  0.2500E-03
  0.2138E-01  0.2363E-01  0.1350E-01  0.1600E-01  0.1250E-03  0.2500E-03
  0.5488E-01  0.5638E-01  0.3037E-01  0.2950E-01  0.3750E-03  0.2500E-03
  0.5563E-01  0.5638E-01  0.3188E-01  0.3200E-01  0.1250E-03  0.2500E-03
  0.2113E-01  0.2150E-01  0.1575E-01  0.1663E-01  0.1250E-03  0.0000E+00
  0.2063E-01  0.2050E-01  0.1463E-01  0.1350E-01  0.1250E-03  0.1250E-03
 Events:
         423         453         261         276           3           1
         448         426         255         289           2           2
         171         189         108         150           1           2
         171         189         108         128           1           2
         439         451         243         236           3           2
         445         451         255         256           1           2
         169         172         126         133           1           0
         165         164         117         108           1           1
 Accuracy:    0.171   0.100   0.236   0.524
 Found          184  events.
 Wrote            1  events.
 Actual xsec    2.2087256501766295E-010
 Correct abs xsec    2.2087256501766295E-010
 Event xsec    2.2087256501766293E-010
 Events wgts > 1:            0
 % Cross section > 1:    0.0000000000000000        0.0000000000000000     
 Iteration  5   Mean: 0.1087E-09 Abs mean: 0.1087E-09   Fluctuation:  0.251E-10   0.282E-06    53.6%
  5    0.1087E-09 0.1087E-09 +- 0.2508E-10     29.20
 Relative summed weights:
  0.1919E+00  0.1698E-01  0.1571E-01  0.1113E-01  0.2480E-03  0.3993E-05
  0.1524E-01  0.2050E-01  0.1384E-01  0.1814E-01  0.1404E-04  0.2396E-04
  0.7008E-01  0.1186E-01  0.1006E-01  0.3051E-01  0.2281E-05  0.4865E-03
  0.1494E-01  0.5679E-02  0.1493E-01  0.1597E-01  0.1928E-04  0.1846E-03
  0.1746E-01  0.2846E-01  0.4961E-01  0.3931E-01  0.7472E-05  0.5854E-03
  0.1742E-01  0.1978E-01  0.3285E-01  0.2063E+00  0.1384E-03  0.2734E-03
  0.1290E-01  0.1868E-01  0.1244E-01  0.1099E-01  0.8754E-05  0.1598E-07
  0.1805E-01  0.1068E-01  0.5250E-02  0.2041E-01  0.4774E-07  0.9515E-05
 Relative number of events:
  0.5525E-01  0.5094E-01  0.3200E-01  0.3369E-01  0.3125E-03  0.1875E-03
  0.5175E-01  0.5400E-01  0.3194E-01  0.3356E-01  0.2500E-03  0.4375E-03
  0.2319E-01  0.2356E-01  0.1669E-01  0.1388E-01  0.1250E-03  0.2500E-03
  0.2250E-01  0.1994E-01  0.1556E-01  0.1700E-01  0.2500E-03  0.4375E-03
  0.5613E-01  0.5394E-01  0.3188E-01  0.3281E-01  0.3125E-03  0.4375E-03
  0.5500E-01  0.5588E-01  0.2925E-01  0.3075E-01  0.5625E-03  0.5625E-03
  0.2237E-01  0.2331E-01  0.1469E-01  0.1663E-01  0.1250E-03  0.6250E-04
  0.2206E-01  0.2363E-01  0.1519E-01  0.1619E-01  0.1250E-03  0.4375E-03
 Events:
         884         815         512         539           5           3
         828         864         511         537           4           7
         371         377         267         222           2           4
         360         319         249         272           4           7
         898         863         510         525           5           7
         880         894         468         492           9           9
         358         373         235         266           2           1
         353         378         243         259           2           7
 Accuracy:    0.210   0.100   0.165   1.620
 Found          573  events.
 Wrote           10  events.
 Actual xsec    1.2006723114006749E-010
 Correct abs xsec    1.2006723114006749E-010
 Event xsec    1.2006723114006749E-010
 Events wgts > 1:            1
 % Cross section > 1:    2.1868136857119026E-019   1.8213243238372169E-007

 -------------------------------------------------------------------------------
 Accumulated results:   Integral =  0.1577E-09
                        Std dev  =  0.2603E-10
                       Cross sec =  0.1577E-09
             Chi**2 per DoF.     =      1.6197
 -------------------------------------------------------------------------------
-------------------------------------------------
---------------------------
 Results Last   3 iters: Integral =   0.1201E-09
                     Abs integral =   0.1201E-09
                          Std dev =   0.2392E-10
                  Chi**2 per DoF. =      0.2699
-------------------------------------------------
---------------------------
 Status  0.10000000000000001                6           5

ls status:
events.lhe
ftn26
input_app.txt
results.dat
run1_app.log
