 Process in group number            1
 A PDF is used, so alpha_s(MZ) is going to be modified
 Old value of alpha_s from param_card:   0.11839999999999999     
  ****************************************
 
       NNPDFDriver version 1.0.3
   Grid: NNPDF23_lo_as_0130_qed_mem0.grid
  ****************************************
 New value of alpha_s from PDF nn23lo1:  0.13000000000000000     
 Define smin to   1600.0000000000000     
 Define smin to   1600.0000000000000     
 Define smin to   1600.0000000000000     
 *****************************************************
 *               MadGraph/MadEvent                   *
 *        --------------------------------           *
 *          http://madgraph.hep.uiuc.edu             *
 *          http://madgraph.phys.ucl.ac.be           *
 *          http://madgraph.roma2.infn.it            *
 *        --------------------------------           *
 *                                                   *
 *          PARAMETER AND COUPLING VALUES            *
 *                                                   *
 *****************************************************

  External Params
  ---------------------------------
  
 mdl_VeN1 =    1.0000000000000000     
 mdl_VeN2 =    0.0000000000000000     
 mdl_VeN3 =    0.0000000000000000     
 mdl_VmuN1 =    0.0000000000000000     
 mdl_VmuN2 =    1.0000000000000000     
 mdl_VmuN3 =    0.0000000000000000     
 mdl_VtaN1 =    0.0000000000000000     
 mdl_VtaN2 =    0.0000000000000000     
 mdl_VtaN3 =    1.0000000000000000     
 mdl_VN1N1 =    1.0000000000000000     
 mdl_VN1N2 =    1.0000000000000000     
 mdl_VN1N3 =    1.0000000000000000     
 mdl_VN2N2 =    1.0000000000000000     
 mdl_VN2N3 =    1.0000000000000000     
 mdl_VN3N3 =    1.0000000000000000     
 aEWM1 =    127.90000000000001     
 mdl_Gf =    1.1663700000000000E-005
 aS =   0.11839999999999999     
 mdl_ymt =    172.00000000000000     
 mdl_vevf =    50.000000000000000     
 mdl_MZ =    91.187600000000003     
 mdl_MT =    172.00000000000000     
 mdl_MH =    125.00000000000000     
 mdl_mN1 =    1822.0000000000000     
 mdl_mN2 =    1922.0000000000000     
 mdl_mN3 =    2022.0000000000000     
 mdl_MJ =    91.187600000000003     
 mdl_MAx =    173.04800000000000     
 mdl_WZ =    2.4952000000000001     
 mdl_WW =    2.0850000000000000     
 mdl_WT =    1.5083359999999999     
 mdl_WH =    4.0699999999999998E-003
 mdl_WN1 =   0.30299999999999999     
 mdl_WN2 =    1.5000000000000000     
 mdl_WN3 =    12.300000000000001     
 mdl_WJ =    2.4952000000000001     
 mdl_WAx =    4.1700000000000001E-003
  Internal Params
  ---------------------------------
  
 mdl_vevf__exp__2 =    2500.0000000000000     
 mdl_sqrt__vevf__exp__2 =    50.000000000000000     
 mdl_muJ =    50.000000000000000     
 mdl_MZ__exp__2 =    8315.1783937600012     
 mdl_MZ__exp__4 =    69142191.720053151     
 mdl_sqrt__2 =    1.4142135623730951     
 mdl_MJ__exp__2 =    8315.1783937600012     
 mdl_muJ__exp__2 =    2500.0000000000000     
 mdl_lamJ =    4.3260713575040004     
 mdl_MH__exp__2 =    15625.000000000000     
 mdl_complexi =  (  0.0000000000000000     ,  1.0000000000000000     )
 mdl_aEW =    7.8186082877247844E-003
 mdl_MW =    79.824359746197842     
 mdl_sqrt__aEW =    8.8422894590285753E-002
 mdl_ee =   0.31345100004952897     
 mdl_MW__exp__2 =    6371.9284088904105     
 mdl_sw2 =   0.23369913342182447     
 mdl_cw =   0.87538612427783857     
 mdl_sqrt__sw2 =   0.48342438232036300     
 mdl_sw =   0.48342438232036300     
 mdl_g1 =   0.35807170271074895     
 mdl_gN =   0.64839716719502682     
 mdl_gw =   0.64839716719502682     
 mdl_vev =    246.22056907348590     
 mdl_vev__exp__2 =    60624.568634871241     
 mdl_lam =   0.12886689630821144     
 mdl_yt =   0.98791394091683138     
 mdl_muH =    88.388347648318444     
 mdl_I2a33 =  ( 0.98791394091683138     ,  0.0000000000000000     )
 mdl_I3a33 =  ( 0.98791394091683138     ,  0.0000000000000000     )
 mdl_ee__exp__2 =    9.8251529432049817E-002
 mdl_sw__exp__2 =   0.23369913342182450     
 mdl_cw__exp__2 =   0.76630086657817542     
  Internal Params evaluated point by point
  ----------------------------------------
  
 mdl_sqrt__aS =   0.34409301068170506     
 mdl_G__exp__2 =    1.4878582807401259     
  Couplings of SM_HeavyN_UFO
  ---------------------------------
  
         GC_1 =  -0.00000E+00  -0.10448E+00
         GC_2 =   0.00000E+00   0.20897E+00
         GC_3 =  -0.00000E+00  -0.31345E+00
         GC_4 =   0.00000E+00   0.31345E+00
        GC_26 =   0.00000E+00   0.45849E+00
        GC_27 =  -0.00000E+00  -0.28380E+00
        GC_28 =   0.00000E+00   0.28380E+00
        GC_30 =   0.00000E+00   0.56760E+00
        GC_35 =  -0.00000E+00  -0.28850E-01
        GC_37 =   0.00000E+00   0.17310E+00
        GC_39 =   0.00000E+00  -0.19725E+00
        GC_40 =   0.00000E+00   0.37035E+00
        GC_80 =   0.00000E+00   0.67543E+02
       GC_107 =  -0.00000E+00  -0.74070E+00
       GC_109 =  -0.00000E+00  -0.74070E+00
       GC_111 =  -0.00000E+00  -0.74070E+00
       GC_113 =  -0.00000E+00  -0.74070E+00
       GC_115 =  -0.00000E+00  -0.74070E+00
       GC_117 =  -0.00000E+00  -0.74070E+00
       GC_119 =   0.00000E+00   0.00000E+00
       GC_120 =   0.00000E+00   0.00000E+00
       GC_122 =  -0.00000E+00  -0.00000E+00
       GC_126 =   0.00000E+00   0.00000E+00
       GC_127 =   0.00000E+00   0.00000E+00
       GC_129 =  -0.00000E+00  -0.00000E+00
       GC_133 =   0.00000E+00   0.45849E+00
       GC_134 =   0.00000E+00   0.37035E+00
       GC_136 =  -0.00000E+00  -0.82121E+01
        GC_81 =   0.36440E+02   0.00000E+00
        GC_82 =   0.38440E+02   0.00000E+00
        GC_83 =   0.40440E+02   0.00000E+00

 Collider parameters:
 --------------------

 Running at P P   machine @    13000.000000000000       GeV
 PDF set = nn23lo1
 alpha_s(Mz)= 0.1300 running at 2 loops.
 alpha_s(Mz)= 0.1300 running at 2 loops.
 Renormalization scale set on event-by-event basis
 Factorization   scale set on event-by-event basis


 getting user params
Enter number of events and max and min iterations: 
 Number of events and iterations         1000           5           3
Enter desired fractional accuracy: 
 Desired fractional accuracy:   0.10000000000000001     
Enter 0 for fixed, 2 for adjustable grid: 
Suppress amplitude (0 no, 1 yes)? 
 Using suppressed amplitude.
Exact helicity sum (0 yes, n = number/event)? 
 Explicitly summing over helicities
Enter Configuration Number: 
Running Configuration Number:  966
 Using dconfig=         233
 BW Setting            2           2           1           2           2           0           0
 Attempting mappinvarients           1           9
 Completed mapping           9
 about to integrate           19        1000           5           3          19           1
 Using non-zero grid deformation.
 19 dimensions   1000 events 19 invarients  5 iterations  1 config(s),  (0.99)
 Using h-tuple random number sequence.
 Error opening grid
 Using Uniform Grid!          36
 Using uniform alpha   1.0000000000000000     
 Grid defined OK
 Set CM energy to      13000.00
 Mapping Graph         966  to config         966
Setting grid   1    0.59172E-08   1
Setting grid   2    0.59172E-08   1
 Setting BW          -3           3   2022.0000000000000     
Setting grid   4    0.22743E-01   1
Setting grid   5    0.22743E-01   1
Setting grid   6    0.22743E-01   1
 Transforming s_hat 1/s           18   2.3209350591715982E-002   1600.0000000000000        168999999.99999997     
 966   1   2   3   4   5   6   7   8   9  10  11  12  13  14
  15  16  17  18  19
 Masses: 0.000E+00 0.000E+00 0.000E+00 0.000E+00 0.000E+00 0.000E+00 0.000E+00 0.000E+00 0.912E+02
Using random seed offsets   966 :      1
  with seed                   24
 Ranmar initialization seeds         696        9398
 
 ********************************************
 * You are using the DiscreteSampler module *
 *      part of the MG5_aMC framework       *
 *         Author: Valentin Hirschi         *
 ********************************************
 
  Particle       3       4       5       6       7       8       9
      Et >    10.0    10.0    10.0    10.0     0.0     0.0     0.0
       E >     0.0     0.0     0.0     0.0     0.0     0.0     0.0
     Eta <     2.5     2.5     2.5     2.5    -1.0    -1.0    -1.0
   xqcut:      0.0     0.0     0.0     0.0     0.0     0.0     0.0
d R # 3  >    -0.0     0.4     0.4     0.4     0.0     0.0     0.0
d R # 4  >    -0.0    -0.0     0.4     0.4     0.0     0.0     0.0
d R # 5  >    -0.0    -0.0    -0.0     0.4     0.0     0.0     0.0
d R # 6  >    -0.0    -0.0    -0.0    -0.0     0.0     0.0     0.0
d R # 7  >    -0.0    -0.0    -0.0    -0.0    -0.0     0.0     0.0
d R # 8  >    -0.0    -0.0    -0.0    -0.0    -0.0    -0.0     0.0
s min # 3>     0.0     0.0     0.0     0.0     0.0     0.0     0.0
s min # 4>     0.0     0.0     0.0     0.0     0.0     0.0     0.0
s min # 5>     0.0     0.0     0.0     0.0     0.0     0.0     0.0
s min # 6>     0.0     0.0     0.0     0.0     0.0     0.0     0.0
s min # 7>     0.0     0.0     0.0     0.0     0.0     0.0     0.0
s min # 8>     0.0     0.0     0.0     0.0     0.0     0.0     0.0
xqcutij # 3>     0.0     0.0     0.0     0.0     0.0     0.0     0.0
xqcutij # 4>     0.0     0.0     0.0     0.0     0.0     0.0     0.0
xqcutij # 5>     0.0     0.0     0.0     0.0     0.0     0.0     0.0
xqcutij # 6>     0.0     0.0     0.0     0.0     0.0     0.0     0.0
xqcutij # 7>     0.0     0.0     0.0     0.0     0.0     0.0     0.0
xqcutij # 8>     0.0     0.0     0.0     0.0     0.0     0.0     0.0
 Excluding BW           -1           1
 Excluding BW           -2           2
 Requiring BW           -3           3
 Excluding BW           -4           4
 Excluding BW           -6           5
 alpha_s for scale    1712.2955750349222       is    8.7543825074950371E-002
 Added good helicity            1   231.17653296176198       in event            1 local:           1
 Added good helicity           21   1.4089463921723258E-006  in event            1 local:           1
 Added good helicity           25   8.5724867370154867E-004  in event            1 local:           1
 Added good helicity           37   6.5191532440765382E-004  in event            1 local:           1
 Added good helicity           41   1.8150954884891923       in event            1 local:           1
 Added good helicity           61   3.0119862609253141E-004  in event            1 local:           1
 Added good helicity          193   21.044551385945979       in event            1 local:           1
 Added good helicity          213   7.4685310051229031E-007  in event            1 local:           1
 Added good helicity          217   2.7638984460309227E-005  in event            1 local:           1
 Added good helicity          229   1.5419937225976430       in event            1 local:           1
 Added good helicity          233  0.41991407374734080       in event            1 local:           1
 Added good helicity          253   7.2210049724567672E-005  in event            1 local:           1
 Added good helicity            1   231.17653296176158       in event            1 local:           1
 Added good helicity           21   1.4089463921722616E-006  in event            1 local:           1
 Added good helicity           25   8.5724867370178968E-004  in event            1 local:           1
 Added good helicity           37   6.5191532440777439E-004  in event            1 local:           1
 Added good helicity           41   1.8150954884892281       in event            1 local:           1
 Added good helicity           61   3.0119862609256833E-004  in event            1 local:           1
 Added good helicity          193   21.044551385945979       in event            1 local:           1
 Added good helicity          213   7.4685310051297905E-007  in event            1 local:           1
 Added good helicity          217   2.7638984460365741E-005  in event            1 local:           1
 Added good helicity          229   1.5419937225977145       in event            1 local:           1
 Added good helicity          233  0.41991407374759987       in event            1 local:           1
 Added good helicity          253   7.2210049724572985E-005  in event            1 local:           1
 RESET CUMULATIVE VARIABLE
 RESET CUMULATIVE VARIABLE
 RESET CUMULATIVE VARIABLE
 Iteration  1   Mean: 0.1300E-11 Abs mean: 0.1300E-11   Fluctuation:  0.705E-12   0.648E-09    24.4%
  1    0.1300E-11 0.1300E-11 +- 0.7052E-12     17.15
 Writing out events   1.0668107039948121E-015   17.149847001688194     
 Relative summed weights:
  0.5235E-04  0.1939E-01  0.3205E-05  0.6250E-05  0.0000E+00  0.0000E+00
  0.2875E-02  0.4803E-01  0.3351E-02  0.4112E-05  0.9753E-07  0.0000E+00
  0.1284E-03  0.3802E-02  0.4344E-04  0.1710E-09  0.0000E+00  0.0000E+00
  0.8850E-05  0.1947E-01  0.2096E-05  0.1973E-04  0.0000E+00  0.1460E-15
  0.7026E-05  0.1077E-02  0.5315E-01  0.6167E-03  0.5049E-11  0.5413E-08
  0.4390E-02  0.1654E-05  0.3984E-01  0.1338E-03  0.1935E-04  0.1264E-05
  0.2308E-01  0.4979E+00  0.1178E-01  0.1829E+00  0.1032E-10  0.9207E-10
  0.4532E-04  0.3158E-03  0.8728E-01  0.2638E-03  0.2332E-06  0.2220E-08
 Relative number of events:
  0.1982E-01  0.3171E-01  0.2973E-02  0.5946E-02  0.0000E+00  0.0000E+00
  0.3171E-01  0.2775E-01  0.2973E-02  0.2973E-02  0.9911E-03  0.0000E+00
  0.2577E-01  0.2874E-01  0.3964E-02  0.4955E-02  0.0000E+00  0.0000E+00
  0.2676E-01  0.2379E-01  0.5946E-02  0.3964E-02  0.0000E+00  0.9911E-03
  0.9911E-02  0.9911E-02  0.8523E-01  0.9514E-01  0.1982E-02  0.3964E-02
  0.1388E-01  0.8920E-02  0.8325E-01  0.8424E-01  0.6938E-02  0.7929E-02
  0.9911E-02  0.6938E-02  0.5946E-01  0.8722E-01  0.2973E-02  0.2973E-02
  0.5946E-02  0.9911E-02  0.6739E-01  0.7929E-01  0.2973E-02  0.1982E-02
 Events:
          20          32           3           6           0           0
          32          28           3           3           1           0
          26          29           4           5           0           0
          27          24           6           4           0           1
          10          10          86          96           2           4
          14           9          84          85           7           8
          10           7          60          88           3           3
           6          10          68          80           3           2
 Iteration  2   Mean: 0.1902E-11 Abs mean: 0.1902E-11   Fluctuation:  0.105E-11   0.196E-08    63.1%
  2    0.1902E-11 0.1902E-11 +- 0.1053E-11     24.74
 Relative summed weights:
  0.2571E-01  0.2879E-01  0.1523E-03  0.2867E-03  0.0000E+00  0.0000E+00
  0.3874E-01  0.5099E-02  0.3319E-02  0.1234E-05  0.0000E+00  0.0000E+00
  0.1634E-02  0.6694E-02  0.8791E-01  0.4742E-04  0.0000E+00  0.0000E+00
  0.3329E-02  0.1733E+00  0.1656E-01  0.9854E-06  0.0000E+00  0.0000E+00
  0.3888E-01  0.1124E-02  0.1061E-01  0.5776E-02  0.2509E-09  0.3517E-05
  0.1457E-02  0.1210E-01  0.7525E-03  0.2282E-02  0.4237E-06  0.5486E-07
  0.4477E-03  0.5159E+00  0.2093E-02  0.5447E-02  0.1536E-07  0.8112E-09
  0.1890E-02  0.7310E-02  0.1376E-02  0.9360E-03  0.5633E-05  0.2311E-05
 Relative number of events:
  0.2900E-01  0.3000E-01  0.3500E-02  0.3000E-02  0.0000E+00  0.0000E+00
  0.3000E-01  0.3800E-01  0.5500E-02  0.2000E-02  0.0000E+00  0.0000E+00
  0.3500E-01  0.3650E-01  0.5000E-02  0.4500E-02  0.0000E+00  0.0000E+00
  0.3500E-01  0.2600E-01  0.4000E-02  0.5000E-03  0.0000E+00  0.0000E+00
  0.1200E-01  0.1050E-01  0.8000E-01  0.7250E-01  0.1000E-02  0.1000E-02
  0.9500E-02  0.1100E-01  0.7450E-01  0.7650E-01  0.2500E-02  0.1500E-02
  0.1000E-01  0.1150E-01  0.8400E-01  0.7250E-01  0.2000E-02  0.1500E-02
  0.1050E-01  0.1200E-01  0.7500E-01  0.7600E-01  0.2000E-02  0.3000E-02
 Events:
          58          60           7           6           0           0
          60          76          11           4           0           0
          70          73          10           9           0           0
          70          52           8           1           0           0
          24          21         160         145           2           2
          19          22         149         153           5           3
          20          23         168         145           4           3
          21          24         150         152           4           6
 Iteration  3   Mean: 0.2561E-11 Abs mean: 0.2561E-11   Fluctuation:  0.103E-11   0.351E-08    73.9%
  3    0.2561E-11 0.2561E-11 +- 0.1026E-11     25.34
 Relative summed weights:
  0.3518E-02  0.3722E-01  0.7606E-03  0.6901E-02  0.0000E+00  0.0000E+00
  0.5359E-02  0.2826E-02  0.2873E-04  0.5047E-05  0.0000E+00  0.0000E+00
  0.3146E-01  0.5786E-01  0.3248E-03  0.7395E-03  0.0000E+00  0.0000E+00
  0.2371E-02  0.3992E+00  0.4978E-02  0.3727E-03  0.9925E-07  0.0000E+00
  0.1005E-01  0.9166E-03  0.2237E-02  0.2054E+00  0.2288E-08  0.1104E-08
  0.2987E-02  0.3642E-03  0.3884E-01  0.4150E-01  0.1609E-04  0.1808E-07
  0.1147E-01  0.9725E-03  0.1551E-02  0.1629E-01  0.5746E-06  0.2614E-05
  0.2270E-02  0.4910E-01  0.1881E-01  0.4332E-01  0.2799E-07  0.2492E-06
 Relative number of events:
  0.3075E-01  0.3200E-01  0.4500E-02  0.3250E-02  0.0000E+00  0.0000E+00
  0.3000E-01  0.3500E-01  0.3750E-02  0.1750E-02  0.0000E+00  0.0000E+00
  0.3425E-01  0.3150E-01  0.3750E-02  0.3750E-02  0.0000E+00  0.0000E+00
  0.3325E-01  0.3525E-01  0.4000E-02  0.2750E-02  0.2500E-03  0.0000E+00
  0.1050E-01  0.1175E-01  0.8025E-01  0.7725E-01  0.1250E-02  0.7500E-03
  0.1050E-01  0.1150E-01  0.8125E-01  0.7175E-01  0.2000E-02  0.7500E-03
  0.1050E-01  0.1475E-01  0.7575E-01  0.6925E-01  0.1500E-02  0.2250E-02
  0.9500E-02  0.1350E-01  0.6925E-01  0.8200E-01  0.1250E-02  0.1250E-02
 Events:
         123         128          18          13           0           0
         120         140          15           7           0           0
         137         126          15          15           0           0
         133         141          16          11           1           0
          42          47         321         309           5           3
          42          46         325         287           8           3
          42          59         303         277           6           9
          38          54         277         328           5           5
 Accuracy:    0.181   0.100   0.278   0.424
 Found           69  events.
 Wrote            2  events.
 Actual xsec    2.0616960660040677E-012
 Correct abs xsec    2.0616960660040677E-012
 Event xsec    2.0616960660040677E-012
 Events wgts > 1:            0
 % Cross section > 1:    0.0000000000000000        0.0000000000000000     
 Iteration  4   Mean: 0.3613E-11 Abs mean: 0.3613E-11   Fluctuation:  0.126E-11   0.876E-08    74.7%
  4    0.3613E-11 0.3613E-11 +- 0.1265E-11     31.31
 Relative summed weights:
  0.1863E+00  0.7638E-01  0.2158E-03  0.2370E-01  0.1810E-09  0.1224E-07
  0.3329E-01  0.2131E-01  0.1746E-02  0.3497E-02  0.0000E+00  0.0000E+00
  0.2190E-01  0.3097E-01  0.1275E-01  0.1465E-02  0.9230E-08  0.0000E+00
  0.9338E-02  0.3424E+00  0.2701E-01  0.9206E-04  0.0000E+00  0.0000E+00
  0.2006E-01  0.1080E-01  0.1463E-01  0.4711E-02  0.3525E-07  0.2582E-04
  0.2480E-02  0.2286E-02  0.3105E-01  0.9245E-02  0.1558E-05  0.9822E-05
  0.5858E-02  0.4164E-02  0.5944E-02  0.2188E-01  0.7607E-05  0.1110E-08
  0.7443E-02  0.3960E-01  0.2150E-01  0.5915E-02  0.1915E-05  0.9653E-06
 Relative number of events:
  0.3700E-01  0.3475E-01  0.3000E-02  0.2875E-02  0.1250E-03  0.1250E-03
  0.3413E-01  0.3425E-01  0.3250E-02  0.5000E-02  0.0000E+00  0.0000E+00
  0.3012E-01  0.3913E-01  0.2625E-02  0.3125E-02  0.1250E-03  0.0000E+00
  0.3087E-01  0.3562E-01  0.3250E-02  0.3375E-02  0.0000E+00  0.0000E+00
  0.1087E-01  0.1137E-01  0.7650E-01  0.7112E-01  0.1000E-02  0.2250E-02
  0.1038E-01  0.1150E-01  0.7700E-01  0.7625E-01  0.1500E-02  0.1000E-02
  0.1137E-01  0.1213E-01  0.6975E-01  0.7675E-01  0.1625E-02  0.6250E-03
  0.1200E-01  0.1175E-01  0.7462E-01  0.7375E-01  0.1000E-02  0.1125E-02
 Events:
         296         278          24          23           1           1
         273         274          26          40           0           0
         241         313          21          25           1           0
         247         285          26          27           0           0
          87          91         612         569           8          18
          83          92         616         610          12           8
          91          97         558         614          13           5
          96          94         597         590           8           9
 Accuracy:    0.187   0.100   0.218   0.735
 Found          184  events.
 Wrote            1  events.
 Actual xsec    2.9253253361470586E-012
 Correct abs xsec    2.9253253361470586E-012
 Event xsec    2.9253253361470586E-012
 Events wgts > 1:            1
 % Cross section > 1:    2.0348608616408851E-019   6.9560155805473486E-006
 Iteration  5   Mean: 0.4940E-11 Abs mean: 0.4940E-11   Fluctuation:  0.832E-12   0.780E-08    77.6%
  5    0.4940E-11 0.4940E-11 +- 0.8318E-12     21.30
 Relative summed weights:
  0.1149E-01  0.2364E-01  0.1924E-01  0.1884E-01  0.2254E-03  0.0000E+00
  0.2951E-01  0.2468E-01  0.8434E-02  0.6628E-02  0.4359E-06  0.4861E-05
  0.1430E-01  0.3397E-01  0.1855E-01  0.1390E-01  0.0000E+00  0.1690E-03
  0.1590E+00  0.6094E-01  0.1211E-02  0.7078E-03  0.0000E+00  0.0000E+00
  0.7181E-01  0.8555E-02  0.2991E-01  0.7091E-02  0.8129E-05  0.4096E-03
  0.7661E-02  0.6334E-01  0.1370E-01  0.1016E-01  0.1213E-05  0.4902E-07
  0.6660E-01  0.1089E-01  0.1769E-01  0.4012E-01  0.1926E-05  0.5610E-04
  0.6686E-01  0.1829E-01  0.4979E-01  0.7164E-01  0.9640E-08  0.1246E-06
 Relative number of events:
  0.3444E-01  0.3500E-01  0.3312E-02  0.3750E-02  0.1250E-03  0.0000E+00
  0.3363E-01  0.3656E-01  0.3687E-02  0.3625E-02  0.1250E-03  0.6250E-04
  0.3325E-01  0.3513E-01  0.2812E-02  0.3500E-02  0.0000E+00  0.6250E-04
  0.3413E-01  0.3531E-01  0.4188E-02  0.3125E-02  0.0000E+00  0.0000E+00
  0.1137E-01  0.1200E-01  0.7456E-01  0.7431E-01  0.1125E-02  0.1687E-02
  0.1162E-01  0.1188E-01  0.7606E-01  0.7156E-01  0.1000E-02  0.8125E-03
  0.1306E-01  0.1162E-01  0.7350E-01  0.7469E-01  0.1375E-02  0.1000E-02
  0.1200E-01  0.1275E-01  0.7206E-01  0.7244E-01  0.8125E-03  0.8750E-03
 Events:
         551         560          53          60           2           0
         538         585          59          58           2           1
         532         562          45          56           0           1
         546         565          67          50           0           0
         182         192        1193        1189          18          27
         186         190        1217        1145          16          13
         209         186        1176        1195          22          16
         192         204        1153        1159          13          14
 Accuracy:    0.149   0.100   0.133   1.256
 Found          447  events.
 Wrote           16  events.
 Actual xsec    4.4232429323019245E-012
 Correct abs xsec    4.4232429323019245E-012
 Event xsec    4.4232429323019212E-012
 Events wgts > 1:            1
 % Cross section > 1:    3.5908165906129576E-020   8.1180632526195963E-007

 -------------------------------------------------------------------------------
 Accumulated results:   Integral =  0.4089E-11
                        Std dev  =  0.5448E-12
                       Cross sec =  0.4089E-11
             Chi**2 per DoF.     =      1.2557
 -------------------------------------------------------------------------------
-------------------------------------------------
---------------------------
 Results Last   3 iters: Integral =   0.4423E-11
                     Abs integral =   0.4423E-11
                          Std dev =   0.6277E-12
                  Chi**2 per DoF. =      2.0447
-------------------------------------------------
---------------------------
 Status  0.10000000000000001                6           5

ls status:
events.lhe
ftn26
input_app.txt
results.dat
run1_app.log
