 Process in group number            1
 A PDF is used, so alpha_s(MZ) is going to be modified
 Old value of alpha_s from param_card:   0.11839999999999999     
  ****************************************
 
       NNPDFDriver version 1.0.3
   Grid: NNPDF23_lo_as_0130_qed_mem0.grid
  ****************************************
 New value of alpha_s from PDF nn23lo1:  0.13000000000000000     
 Define smin to   1600.0000000000000     
 Define smin to   1600.0000000000000     
 Define smin to   1600.0000000000000     
 *****************************************************
 *               MadGraph/MadEvent                   *
 *        --------------------------------           *
 *          http://madgraph.hep.uiuc.edu             *
 *          http://madgraph.phys.ucl.ac.be           *
 *          http://madgraph.roma2.infn.it            *
 *        --------------------------------           *
 *                                                   *
 *          PARAMETER AND COUPLING VALUES            *
 *                                                   *
 *****************************************************

  External Params
  ---------------------------------
  
 mdl_VeN1 =    1.0000000000000000     
 mdl_VeN2 =    0.0000000000000000     
 mdl_VeN3 =    0.0000000000000000     
 mdl_VmuN1 =    0.0000000000000000     
 mdl_VmuN2 =    1.0000000000000000     
 mdl_VmuN3 =    0.0000000000000000     
 mdl_VtaN1 =    0.0000000000000000     
 mdl_VtaN2 =    0.0000000000000000     
 mdl_VtaN3 =    1.0000000000000000     
 mdl_VN1N1 =    1.0000000000000000     
 mdl_VN1N2 =    1.0000000000000000     
 mdl_VN1N3 =    1.0000000000000000     
 mdl_VN2N2 =    1.0000000000000000     
 mdl_VN2N3 =    1.0000000000000000     
 mdl_VN3N3 =    1.0000000000000000     
 aEWM1 =    127.90000000000001     
 mdl_Gf =    1.1663700000000000E-005
 aS =   0.11839999999999999     
 mdl_ymt =    172.00000000000000     
 mdl_vevf =    50.000000000000000     
 mdl_MZ =    91.187600000000003     
 mdl_MT =    172.00000000000000     
 mdl_MH =    125.00000000000000     
 mdl_mN1 =    2000.0000000000000     
 mdl_mN2 =    2100.0000000000000     
 mdl_mN3 =    2200.0000000000000     
 mdl_MJ =    91.187600000000003     
 mdl_MAx =    173.04800000000000     
 mdl_WZ =    2.4952000000000001     
 mdl_WW =    2.0850000000000000     
 mdl_WT =    1.5083359999999999     
 mdl_WH =    4.0699999999999998E-003
 mdl_WN1 =   0.30299999999999999     
 mdl_WN2 =    1.5000000000000000     
 mdl_WN3 =    12.300000000000001     
 mdl_WJ =    2.4952000000000001     
 mdl_WAx =    4.1700000000000001E-003
  Internal Params
  ---------------------------------
  
 mdl_vevf__exp__2 =    2500.0000000000000     
 mdl_sqrt__vevf__exp__2 =    50.000000000000000     
 mdl_muJ =    50.000000000000000     
 mdl_MZ__exp__2 =    8315.1783937600012     
 mdl_MZ__exp__4 =    69142191.720053151     
 mdl_sqrt__2 =    1.4142135623730951     
 mdl_MJ__exp__2 =    8315.1783937600012     
 mdl_muJ__exp__2 =    2500.0000000000000     
 mdl_lamJ =    4.3260713575040004     
 mdl_MH__exp__2 =    15625.000000000000     
 mdl_complexi =  (  0.0000000000000000     ,  1.0000000000000000     )
 mdl_aEW =    7.8186082877247844E-003
 mdl_MW =    79.824359746197842     
 mdl_sqrt__aEW =    8.8422894590285753E-002
 mdl_ee =   0.31345100004952897     
 mdl_MW__exp__2 =    6371.9284088904105     
 mdl_sw2 =   0.23369913342182447     
 mdl_cw =   0.87538612427783857     
 mdl_sqrt__sw2 =   0.48342438232036300     
 mdl_sw =   0.48342438232036300     
 mdl_g1 =   0.35807170271074895     
 mdl_gN =   0.64839716719502682     
 mdl_gw =   0.64839716719502682     
 mdl_vev =    246.22056907348590     
 mdl_vev__exp__2 =    60624.568634871241     
 mdl_lam =   0.12886689630821144     
 mdl_yt =   0.98791394091683138     
 mdl_muH =    88.388347648318444     
 mdl_I2a33 =  ( 0.98791394091683138     ,  0.0000000000000000     )
 mdl_I3a33 =  ( 0.98791394091683138     ,  0.0000000000000000     )
 mdl_ee__exp__2 =    9.8251529432049817E-002
 mdl_sw__exp__2 =   0.23369913342182450     
 mdl_cw__exp__2 =   0.76630086657817542     
  Internal Params evaluated point by point
  ----------------------------------------
  
 mdl_sqrt__aS =   0.34409301068170506     
 mdl_G__exp__2 =    1.4878582807401259     
  Couplings of SM_HeavyN_UFO
  ---------------------------------
  
         GC_1 =  -0.00000E+00  -0.10448E+00
         GC_2 =   0.00000E+00   0.20897E+00
         GC_3 =  -0.00000E+00  -0.31345E+00
         GC_4 =   0.00000E+00   0.31345E+00
        GC_26 =   0.00000E+00   0.45849E+00
        GC_27 =  -0.00000E+00  -0.28380E+00
        GC_28 =   0.00000E+00   0.28380E+00
        GC_30 =   0.00000E+00   0.56760E+00
        GC_35 =  -0.00000E+00  -0.28850E-01
        GC_37 =   0.00000E+00   0.17310E+00
        GC_39 =   0.00000E+00  -0.19725E+00
        GC_40 =   0.00000E+00   0.37035E+00
        GC_80 =   0.00000E+00   0.67543E+02
       GC_107 =  -0.00000E+00  -0.74070E+00
       GC_109 =  -0.00000E+00  -0.74070E+00
       GC_111 =  -0.00000E+00  -0.74070E+00
       GC_113 =  -0.00000E+00  -0.74070E+00
       GC_115 =  -0.00000E+00  -0.74070E+00
       GC_117 =  -0.00000E+00  -0.74070E+00
       GC_119 =   0.00000E+00   0.00000E+00
       GC_120 =   0.00000E+00   0.00000E+00
       GC_122 =  -0.00000E+00  -0.00000E+00
       GC_126 =   0.00000E+00   0.00000E+00
       GC_127 =   0.00000E+00   0.00000E+00
       GC_129 =  -0.00000E+00  -0.00000E+00
       GC_133 =   0.00000E+00   0.45849E+00
       GC_134 =   0.00000E+00   0.37035E+00
       GC_136 =  -0.00000E+00  -0.89351E+01
        GC_81 =   0.40000E+02   0.00000E+00
        GC_82 =   0.42000E+02   0.00000E+00
        GC_83 =   0.44000E+02   0.00000E+00

 Collider parameters:
 --------------------

 Running at P P   machine @    13000.000000000000       GeV
 PDF set = nn23lo1
 alpha_s(Mz)= 0.1300 running at 2 loops.
 alpha_s(Mz)= 0.1300 running at 2 loops.
 Renormalization scale set on event-by-event basis
 Factorization   scale set on event-by-event basis


 getting user params
Enter number of events and max and min iterations: 
 Number of events and iterations         1000           5           3
Enter desired fractional accuracy: 
 Desired fractional accuracy:   0.10000000000000001     
Enter 0 for fixed, 2 for adjustable grid: 
Suppress amplitude (0 no, 1 yes)? 
 Using suppressed amplitude.
Exact helicity sum (0 yes, n = number/event)? 
 Explicitly summing over helicities
Enter Configuration Number: 
Running Configuration Number:  369
 Using dconfig=         691
 BW Setting            1           2           1           1           2           2           0
 Attempting mappinvarients           1           9
 Completed mapping           9
 about to integrate           19        1000           5           3          19           1
 Using non-zero grid deformation.
 19 dimensions   1000 events 19 invarients  5 iterations  1 config(s),  (0.99)
 Using h-tuple random number sequence.
 Error opening grid
 Using Uniform Grid!          36
 Using uniform alpha   1.0000000000000000     
 Grid defined OK
 Set CM energy to      13000.00
 Mapping Graph         369  to config         369
 Setting BW          -1           1   79.824359746197842     
Setting grid   2    0.28499E-04   1
 Setting BW          -3           3   91.187600000000003     
 Setting BW          -4           4   2200.0000000000000     
Setting grid   5    0.29417E-01   1
Setting grid   6    0.29417E-01   1
 Transforming s_hat 1/s           18   2.9417199962093264E-002   1600.0000000000000        168999999.99999997     
 369   1   2   3   4   5   6   7   8   9  10  11  12  13  14
  15  16  17  18  19
 Masses: 0.000E+00 0.000E+00 0.000E+00 0.000E+00 0.000E+00 0.000E+00 0.000E+00 0.000E+00 0.912E+02
Using random seed offsets   369 :      1
  with seed                   24
 Ranmar initialization seeds          99        9398
 
 ********************************************
 * You are using the DiscreteSampler module *
 *      part of the MG5_aMC framework       *
 *         Author: Valentin Hirschi         *
 ********************************************
 
  Particle       3       4       5       6       7       8       9
      Et >    10.0    10.0    10.0    10.0     0.0     0.0     0.0
       E >     0.0     0.0     0.0     0.0     0.0     0.0     0.0
     Eta <     2.5     2.5     2.5     2.5    -1.0    -1.0    -1.0
   xqcut:      0.0     0.0     0.0     0.0     0.0     0.0     0.0
d R # 3  >    -0.0     0.4     0.4     0.4     0.0     0.0     0.0
d R # 4  >    -0.0    -0.0     0.4     0.4     0.0     0.0     0.0
d R # 5  >    -0.0    -0.0    -0.0     0.4     0.0     0.0     0.0
d R # 6  >    -0.0    -0.0    -0.0    -0.0     0.0     0.0     0.0
d R # 7  >    -0.0    -0.0    -0.0    -0.0    -0.0     0.0     0.0
d R # 8  >    -0.0    -0.0    -0.0    -0.0    -0.0    -0.0     0.0
s min # 3>     0.0     0.0     0.0     0.0     0.0     0.0     0.0
s min # 4>     0.0     0.0     0.0     0.0     0.0     0.0     0.0
s min # 5>     0.0     0.0     0.0     0.0     0.0     0.0     0.0
s min # 6>     0.0     0.0     0.0     0.0     0.0     0.0     0.0
s min # 7>     0.0     0.0     0.0     0.0     0.0     0.0     0.0
s min # 8>     0.0     0.0     0.0     0.0     0.0     0.0     0.0
xqcutij # 3>     0.0     0.0     0.0     0.0     0.0     0.0     0.0
xqcutij # 4>     0.0     0.0     0.0     0.0     0.0     0.0     0.0
xqcutij # 5>     0.0     0.0     0.0     0.0     0.0     0.0     0.0
xqcutij # 6>     0.0     0.0     0.0     0.0     0.0     0.0     0.0
xqcutij # 7>     0.0     0.0     0.0     0.0     0.0     0.0     0.0
xqcutij # 8>     0.0     0.0     0.0     0.0     0.0     0.0     0.0
 Requiring BW           -1           1
 Excluding BW           -2           2
 Requiring BW           -3           3
 Requiring BW           -4           4
 Excluding BW           -5           5
 Excluding BW           -6           6
 alpha_s for scale    2707.7669305539421       is    8.3324891331664985E-002
 Added good helicity            1   81.327517309751684       in event            1 local:           1
 Added good helicity           21   8.3926202602537647E-003  in event            1 local:           1
 Added good helicity           25   4.5301898510419224E-007  in event            1 local:           1
 Added good helicity           37   3.0161851263073276E-004  in event            1 local:           1
 Added good helicity           41   69.787123703563523       in event            1 local:           1
 Added good helicity           61   1.1941206830506259E-004  in event            1 local:           1
 Added good helicity          193   58.961764421031738       in event            1 local:           1
 Added good helicity          213   5.2494653852537387E-003  in event            1 local:           1
 Added good helicity          217   2.2289677340018581E-007  in event            1 local:           1
 Added good helicity          229   2.3977199034666731E-004  in event            1 local:           1
 Added good helicity          233   45.909244124335821       in event            1 local:           1
 Added good helicity          253   4.6877184698529635E-005  in event            1 local:           1
 Added good helicity            1   81.327517309751329       in event            1 local:           1
 Added good helicity           21   8.3926202602537612E-003  in event            1 local:           1
 Added good helicity           25   4.5301898510408276E-007  in event            1 local:           1
 Added good helicity           37   3.0161851263073292E-004  in event            1 local:           1
 Added good helicity           41   69.787123703563807       in event            1 local:           1
 Added good helicity           61   1.1941206830506404E-004  in event            1 local:           1
 Added good helicity          193   58.961764421031596       in event            1 local:           1
 Added good helicity          213   5.2494653852537343E-003  in event            1 local:           1
 Added good helicity          217   2.2289677340012541E-007  in event            1 local:           1
 Added good helicity          229   2.3977199034666617E-004  in event            1 local:           1
 Added good helicity          233   45.909244124336041       in event            1 local:           1
 Added good helicity          253   4.6877184698529649E-005  in event            1 local:           1
 RESET CUMULATIVE VARIABLE
 RESET CUMULATIVE VARIABLE
 RESET CUMULATIVE VARIABLE
 Iteration  1   Mean: 0.1778E-06 Abs mean: 0.1778E-06   Fluctuation:  0.693E-07   0.642E-04    13.1%
  1    0.1778E-06 0.1778E-06 +- 0.6933E-07     12.33
 Writing out events   2.7158215099837631E-010   12.332737407629425     
 Relative summed weights:
  0.1999E-01  0.1249E-01  0.2639E-01  0.2108E-02  0.0000E+00  0.9859E-11
  0.3639E+00  0.2869E-01  0.2951E-03  0.2562E-02  0.0000E+00  0.0000E+00
  0.1638E-01  0.2479E-01  0.2634E-02  0.1011E-01  0.0000E+00  0.3428E-06
  0.5706E-02  0.1011E-01  0.4572E-02  0.7996E-03  0.0000E+00  0.1718E-08
  0.8165E-01  0.2860E-01  0.3421E-01  0.7643E-02  0.1815E-07  0.0000E+00
  0.4028E-02  0.3450E-01  0.8042E-02  0.2435E-01  0.0000E+00  0.4170E-08
  0.4554E-01  0.1004E+00  0.9896E-04  0.4362E-03  0.0000E+00  0.0000E+00
  0.2011E-03  0.8051E-01  0.1224E-03  0.1810E-01  0.0000E+00  0.0000E+00
 Relative number of events:
  0.6244E-01  0.6343E-01  0.4856E-01  0.4757E-01  0.0000E+00  0.9911E-03
  0.1883E-01  0.1388E-01  0.3964E-02  0.6938E-02  0.0000E+00  0.0000E+00
  0.5649E-01  0.6244E-01  0.3865E-01  0.3766E-01  0.0000E+00  0.9911E-03
  0.1685E-01  0.1090E-01  0.8920E-02  0.4955E-02  0.0000E+00  0.9911E-03
  0.5847E-01  0.5352E-01  0.4559E-01  0.3865E-01  0.9911E-03  0.0000E+00
  0.6046E-01  0.6640E-01  0.4262E-01  0.4063E-01  0.0000E+00  0.9911E-03
  0.1586E-01  0.1090E-01  0.5946E-02  0.8920E-02  0.0000E+00  0.0000E+00
  0.1388E-01  0.2180E-01  0.5946E-02  0.2973E-02  0.0000E+00  0.0000E+00
 Events:
          63          64          49          48           0           1
          19          14           4           7           0           0
          57          63          39          38           0           1
          17          11           9           5           0           1
          59          54          46          39           1           0
          61          67          43          41           0           1
          16          11           6           9           0           0
          14          22           6           3           0           0
 Iteration  2   Mean: 0.1208E-06 Abs mean: 0.1208E-06   Fluctuation:  0.426E-07   0.808E-04    40.0%
  2    0.1208E-06 0.1208E-06 +- 0.4257E-07     15.76
 Relative summed weights:
  0.1661E-01  0.1639E-01  0.9575E-02  0.1352E-01  0.0000E+00  0.3309E-07
  0.1563E-01  0.3510E-01  0.5755E-02  0.3699E-02  0.0000E+00  0.0000E+00
  0.1935E-01  0.7357E-01  0.8964E-03  0.6882E-02  0.0000E+00  0.0000E+00
  0.5317E-01  0.3263E-01  0.3018E-02  0.5508E-02  0.0000E+00  0.0000E+00
  0.1545E-01  0.4437E-01  0.1787E-01  0.2422E-01  0.0000E+00  0.0000E+00
  0.1697E-01  0.1136E-01  0.7358E-02  0.3527E-02  0.0000E+00  0.0000E+00
  0.2958E-01  0.3734E+00  0.4299E-01  0.1200E-01  0.0000E+00  0.0000E+00
  0.3055E-01  0.3936E-01  0.1514E-01  0.4543E-02  0.0000E+00  0.0000E+00
 Relative number of events:
  0.6750E-01  0.6100E-01  0.3650E-01  0.4000E-01  0.0000E+00  0.5000E-03
  0.1300E-01  0.1900E-01  0.7000E-02  0.4500E-02  0.0000E+00  0.0000E+00
  0.6800E-01  0.6850E-01  0.2800E-01  0.4100E-01  0.0000E+00  0.0000E+00
  0.1650E-01  0.1450E-01  0.5500E-02  0.7000E-02  0.0000E+00  0.0000E+00
  0.5350E-01  0.6600E-01  0.4150E-01  0.4350E-01  0.0000E+00  0.0000E+00
  0.7000E-01  0.6400E-01  0.4400E-01  0.3800E-01  0.0000E+00  0.0000E+00
  0.1200E-01  0.1400E-01  0.6000E-02  0.8000E-02  0.0000E+00  0.0000E+00
  0.1850E-01  0.1350E-01  0.3500E-02  0.6000E-02  0.0000E+00  0.0000E+00
 Events:
         135         122          73          80           0           1
          26          38          14           9           0           0
         136         137          56          82           0           0
          33          29          11          14           0           0
         107         132          83          87           0           0
         140         128          88          76           0           0
          24          28          12          16           0           0
          37          27           7          12           0           0
 Iteration  3   Mean: 0.9237E-07 Abs mean: 0.9237E-07   Fluctuation:  0.154E-07   0.400E-04    54.3%
  3    0.9237E-07 0.9237E-07 +- 0.1545E-07     10.58
 Relative summed weights:
  0.1383E+00  0.3660E-01  0.1406E-01  0.8941E-02  0.9086E-05  0.2709E-04
  0.5141E-01  0.6631E-02  0.3533E-02  0.3622E-02  0.0000E+00  0.0000E+00
  0.3033E-01  0.4262E-01  0.2899E-01  0.6355E-01  0.8039E-07  0.2641E-07
  0.1996E-01  0.1182E-01  0.8318E-02  0.2030E-02  0.9153E-03  0.0000E+00
  0.3232E-01  0.4032E-01  0.4218E-01  0.1308E-01  0.8911E-09  0.2584E-05
  0.1910E-01  0.1436E+00  0.3306E-01  0.1631E-01  0.2815E-09  0.0000E+00
  0.7110E-01  0.3398E-01  0.9764E-02  0.2446E-02  0.1492E-04  0.0000E+00
  0.2662E-01  0.1426E-01  0.1368E-01  0.1643E-01  0.1325E-03  0.0000E+00
 Relative number of events:
  0.6475E-01  0.6650E-01  0.4175E-01  0.3625E-01  0.2500E-03  0.2500E-03
  0.1525E-01  0.1375E-01  0.3750E-02  0.5250E-02  0.0000E+00  0.0000E+00
  0.6375E-01  0.6650E-01  0.3625E-01  0.4250E-01  0.2500E-03  0.2500E-03
  0.1475E-01  0.1525E-01  0.3750E-02  0.4500E-02  0.2500E-03  0.0000E+00
  0.6025E-01  0.6400E-01  0.4050E-01  0.3650E-01  0.2500E-03  0.2500E-03
  0.6000E-01  0.6250E-01  0.4400E-01  0.4125E-01  0.2500E-03  0.0000E+00
  0.1825E-01  0.1725E-01  0.8000E-02  0.5750E-02  0.2500E-03  0.0000E+00
  0.1625E-01  0.1825E-01  0.5500E-02  0.4750E-02  0.2500E-03  0.0000E+00
 Events:
         259         266         167         145           1           1
          61          55          15          21           0           0
         255         266         145         170           1           1
          59          61          15          18           1           0
         241         256         162         146           1           1
         240         250         176         165           1           0
          73          69          32          23           1           0
          65          73          22          19           1           0
 Accuracy:    0.189   0.100   0.141   1.800
 Found          242  events.
 Wrote           13  events.
 Actual xsec    1.0805708976476002E-007
 Correct abs xsec    1.0805708976476002E-007
 Event xsec    1.0805708976476003E-007
 Events wgts > 1:            1
 % Cross section > 1:    4.6569660508985232E-016   4.3097274422592026E-007
 Iteration  4   Mean: 0.1110E-06 Abs mean: 0.1110E-06   Fluctuation:  0.105E-07   0.409E-04    57.0%
  4    0.1110E-06 0.1110E-06 +- 0.1045E-07      8.42
 Relative summed weights:
  0.4483E-01  0.3334E-01  0.2541E-01  0.2788E-01  0.5400E-05  0.1472E-04
  0.1934E-01  0.7533E-01  0.8236E-02  0.3123E-02  0.0000E+00  0.0000E+00
  0.4270E-01  0.3664E-01  0.1635E-01  0.1824E-01  0.2546E-03  0.5376E-03
  0.2016E-01  0.4964E-01  0.3317E-01  0.4048E-01  0.1035E-01  0.0000E+00
  0.8414E-01  0.4589E-01  0.2950E-01  0.2668E-01  0.9072E-04  0.0000E+00
  0.4349E-01  0.2192E-01  0.2343E-01  0.1483E-01  0.3319E-05  0.8065E-07
  0.9977E-02  0.2614E-01  0.1600E-01  0.2999E-01  0.0000E+00  0.0000E+00
  0.4031E-01  0.3310E-01  0.3819E-01  0.1029E-01  0.2118E-05  0.0000E+00
 Relative number of events:
  0.6338E-01  0.6600E-01  0.3812E-01  0.3812E-01  0.1250E-03  0.2500E-03
  0.1500E-01  0.1550E-01  0.4500E-02  0.5500E-02  0.0000E+00  0.0000E+00
  0.6563E-01  0.7050E-01  0.3862E-01  0.3575E-01  0.2500E-03  0.5000E-03
  0.1525E-01  0.1688E-01  0.4125E-02  0.5250E-02  0.1250E-03  0.0000E+00
  0.6525E-01  0.6563E-01  0.4088E-01  0.3762E-01  0.2500E-03  0.0000E+00
  0.6363E-01  0.6263E-01  0.4038E-01  0.3612E-01  0.2500E-03  0.3750E-03
  0.1450E-01  0.1425E-01  0.5750E-02  0.6250E-02  0.0000E+00  0.0000E+00
  0.1925E-01  0.1688E-01  0.4250E-02  0.6375E-02  0.1250E-03  0.0000E+00
 Events:
         507         528         305         305           1           2
         120         124          36          44           0           0
         525         564         309         286           2           4
         122         135          33          42           1           0
         522         525         327         301           2           0
         509         501         323         289           2           3
         116         114          46          50           0           0
         154         135          34          51           1           0
 Accuracy:    0.084   0.100   0.078   1.164
 Finished due to accuracy    8.4440477454145568E-002  0.10000000000000001     

 -------------------------------------------------------------------------------
 Accumulated results:   Integral =  0.1101E-06
                        Std dev  =  0.8618E-08
                       Cross sec =  0.1101E-06
             Chi**2 per DoF.     =      1.1641
 -------------------------------------------------------------------------------
 Found          675  events.
 Wrote           27  events.
 Actual xsec    1.0727664300880527E-007
 Correct abs xsec    1.0727664300880527E-007
 Event xsec    1.0727664300880522E-007
 Events wgts > 1:            1
 % Cross section > 1:    8.7959056501587628E-010  0.81992737686961359     
-------------------------------------------------
---------------------------
 Results Last   3 iters: Integral =   0.1073E-06
                     Abs integral =   0.1073E-06
                          Std dev =   0.8570E-08
                  Chi**2 per DoF. =      0.5800
-------------------------------------------------
---------------------------
 Status  0.10000000000000001                5           5

ls status:
events.lhe
ftn26
input_app.txt
results.dat
run1_app.log
