 Process in group number            1
 A PDF is used, so alpha_s(MZ) is going to be modified
 Old value of alpha_s from param_card:   0.11839999999999999     
  ****************************************
 
       NNPDFDriver version 1.0.3
   Grid: NNPDF23_lo_as_0130_qed_mem0.grid
  ****************************************
 New value of alpha_s from PDF nn23lo1:  0.13000000000000000     
 Define smin to   1600.0000000000000     
 Define smin to   1600.0000000000000     
 Define smin to   1600.0000000000000     
 *****************************************************
 *               MadGraph/MadEvent                   *
 *        --------------------------------           *
 *          http://madgraph.hep.uiuc.edu             *
 *          http://madgraph.phys.ucl.ac.be           *
 *          http://madgraph.roma2.infn.it            *
 *        --------------------------------           *
 *                                                   *
 *          PARAMETER AND COUPLING VALUES            *
 *                                                   *
 *****************************************************

  External Params
  ---------------------------------
  
 mdl_VeN1 =    1.0000000000000000     
 mdl_VeN2 =    0.0000000000000000     
 mdl_VeN3 =    0.0000000000000000     
 mdl_VmuN1 =    0.0000000000000000     
 mdl_VmuN2 =    1.0000000000000000     
 mdl_VmuN3 =    0.0000000000000000     
 mdl_VtaN1 =    0.0000000000000000     
 mdl_VtaN2 =    0.0000000000000000     
 mdl_VtaN3 =    1.0000000000000000     
 mdl_VN1N1 =    1.0000000000000000     
 mdl_VN1N2 =    1.0000000000000000     
 mdl_VN1N3 =    1.0000000000000000     
 mdl_VN2N2 =    1.0000000000000000     
 mdl_VN2N3 =    1.0000000000000000     
 mdl_VN3N3 =    1.0000000000000000     
 aEWM1 =    127.90000000000001     
 mdl_Gf =    1.1663700000000000E-005
 aS =   0.11839999999999999     
 mdl_ymt =    172.00000000000000     
 mdl_vevf =    50.000000000000000     
 mdl_MZ =    91.187600000000003     
 mdl_MT =    172.00000000000000     
 mdl_MH =    125.00000000000000     
 mdl_mN1 =    1644.0000000000000     
 mdl_mN2 =    1744.0000000000000     
 mdl_mN3 =    1844.0000000000000     
 mdl_MJ =    91.187600000000003     
 mdl_MAx =    173.04800000000000     
 mdl_WZ =    2.4952000000000001     
 mdl_WW =    2.0850000000000000     
 mdl_WT =    1.5083359999999999     
 mdl_WH =    4.0699999999999998E-003
 mdl_WN1 =   0.30299999999999999     
 mdl_WN2 =    1.5000000000000000     
 mdl_WN3 =    12.300000000000001     
 mdl_WJ =    2.4952000000000001     
 mdl_WAx =    4.1700000000000001E-003
  Internal Params
  ---------------------------------
  
 mdl_vevf__exp__2 =    2500.0000000000000     
 mdl_sqrt__vevf__exp__2 =    50.000000000000000     
 mdl_muJ =    50.000000000000000     
 mdl_MZ__exp__2 =    8315.1783937600012     
 mdl_MZ__exp__4 =    69142191.720053151     
 mdl_sqrt__2 =    1.4142135623730951     
 mdl_MJ__exp__2 =    8315.1783937600012     
 mdl_muJ__exp__2 =    2500.0000000000000     
 mdl_lamJ =    4.3260713575040004     
 mdl_MH__exp__2 =    15625.000000000000     
 mdl_complexi =  (  0.0000000000000000     ,  1.0000000000000000     )
 mdl_aEW =    7.8186082877247844E-003
 mdl_MW =    79.824359746197842     
 mdl_sqrt__aEW =    8.8422894590285753E-002
 mdl_ee =   0.31345100004952897     
 mdl_MW__exp__2 =    6371.9284088904105     
 mdl_sw2 =   0.23369913342182447     
 mdl_cw =   0.87538612427783857     
 mdl_sqrt__sw2 =   0.48342438232036300     
 mdl_sw =   0.48342438232036300     
 mdl_g1 =   0.35807170271074895     
 mdl_gN =   0.64839716719502682     
 mdl_gw =   0.64839716719502682     
 mdl_vev =    246.22056907348590     
 mdl_vev__exp__2 =    60624.568634871241     
 mdl_lam =   0.12886689630821144     
 mdl_yt =   0.98791394091683138     
 mdl_muH =    88.388347648318444     
 mdl_I2a33 =  ( 0.98791394091683138     ,  0.0000000000000000     )
 mdl_I3a33 =  ( 0.98791394091683138     ,  0.0000000000000000     )
 mdl_ee__exp__2 =    9.8251529432049817E-002
 mdl_sw__exp__2 =   0.23369913342182450     
 mdl_cw__exp__2 =   0.76630086657817542     
  Internal Params evaluated point by point
  ----------------------------------------
  
 mdl_sqrt__aS =   0.34409301068170506     
 mdl_G__exp__2 =    1.4878582807401259     
  Couplings of SM_HeavyN_UFO
  ---------------------------------
  
         GC_1 =  -0.00000E+00  -0.10448E+00
         GC_2 =   0.00000E+00   0.20897E+00
         GC_3 =  -0.00000E+00  -0.31345E+00
         GC_4 =   0.00000E+00   0.31345E+00
        GC_26 =   0.00000E+00   0.45849E+00
        GC_27 =  -0.00000E+00  -0.28380E+00
        GC_28 =   0.00000E+00   0.28380E+00
        GC_30 =   0.00000E+00   0.56760E+00
        GC_35 =  -0.00000E+00  -0.28850E-01
        GC_37 =   0.00000E+00   0.17310E+00
        GC_39 =   0.00000E+00  -0.19725E+00
        GC_40 =   0.00000E+00   0.37035E+00
        GC_80 =   0.00000E+00   0.67543E+02
       GC_107 =  -0.00000E+00  -0.74070E+00
       GC_109 =  -0.00000E+00  -0.74070E+00
       GC_111 =  -0.00000E+00  -0.74070E+00
       GC_113 =  -0.00000E+00  -0.74070E+00
       GC_115 =  -0.00000E+00  -0.74070E+00
       GC_117 =  -0.00000E+00  -0.74070E+00
       GC_119 =   0.00000E+00   0.00000E+00
       GC_120 =   0.00000E+00   0.00000E+00
       GC_122 =  -0.00000E+00  -0.00000E+00
       GC_126 =   0.00000E+00   0.00000E+00
       GC_127 =   0.00000E+00   0.00000E+00
       GC_129 =  -0.00000E+00  -0.00000E+00
       GC_133 =   0.00000E+00   0.45849E+00
       GC_134 =   0.00000E+00   0.37035E+00
       GC_136 =  -0.00000E+00  -0.74892E+01
        GC_81 =   0.32880E+02   0.00000E+00
        GC_82 =   0.34880E+02   0.00000E+00
        GC_83 =   0.36880E+02   0.00000E+00

 Collider parameters:
 --------------------

 Running at P P   machine @    13000.000000000000       GeV
 PDF set = nn23lo1
 alpha_s(Mz)= 0.1300 running at 2 loops.
 alpha_s(Mz)= 0.1300 running at 2 loops.
 Renormalization scale set on event-by-event basis
 Factorization   scale set on event-by-event basis


 getting user params
Enter number of events and max and min iterations: 
 Number of events and iterations         1000           5           3
Enter desired fractional accuracy: 
 Desired fractional accuracy:   0.10000000000000001     
Enter 0 for fixed, 2 for adjustable grid: 
Suppress amplitude (0 no, 1 yes)? 
 Using suppressed amplitude.
Exact helicity sum (0 yes, n = number/event)? 
 Explicitly summing over helicities
Enter Configuration Number: 
Running Configuration Number:  392
 Using dconfig=         644
 BW Setting            2           1           2           2           1           2           0
 Attempting mappinvarients           1           9
 Completed mapping           9
 about to integrate           19        1000           5           3          19           1
 Using non-zero grid deformation.
 19 dimensions   1000 events 19 invarients  5 iterations  1 config(s),  (0.99)
 Using h-tuple random number sequence.
 Error opening grid
 Using Uniform Grid!          36
 Using uniform alpha   1.0000000000000000     
 Grid defined OK
 Set CM energy to      13000.00
 Mapping Graph         392  to config         392
Setting grid   1    0.59172E-08   1
 Setting BW          -2           2   1844.0000000000000     
Setting grid   3    0.20773E-01   1
Setting grid   4    0.75740E-07   1
 Setting BW          -5           5   1844.0000000000000     
Setting grid   6    0.79099E-01   1
 Transforming s_hat 1/s           18   7.9098862523040020E-002   1600.0000000000000        168999999.99999997     
 392   1   2   3   4   5   6   7   8   9  10  11  12  13  14
  15  16  17  18  19
 Masses: 0.000E+00 0.000E+00 0.000E+00 0.000E+00 0.000E+00 0.000E+00 0.000E+00 0.000E+00 0.912E+02
Using random seed offsets   392 :      1
  with seed                   24
 Ranmar initialization seeds         122        9398
 
 ********************************************
 * You are using the DiscreteSampler module *
 *      part of the MG5_aMC framework       *
 *         Author: Valentin Hirschi         *
 ********************************************
 
  Particle       3       4       5       6       7       8       9
      Et >    10.0    10.0    10.0    10.0     0.0     0.0     0.0
       E >     0.0     0.0     0.0     0.0     0.0     0.0     0.0
     Eta <     2.5     2.5     2.5     2.5    -1.0    -1.0    -1.0
   xqcut:      0.0     0.0     0.0     0.0     0.0     0.0     0.0
d R # 3  >    -0.0     0.4     0.4     0.4     0.0     0.0     0.0
d R # 4  >    -0.0    -0.0     0.4     0.4     0.0     0.0     0.0
d R # 5  >    -0.0    -0.0    -0.0     0.4     0.0     0.0     0.0
d R # 6  >    -0.0    -0.0    -0.0    -0.0     0.0     0.0     0.0
d R # 7  >    -0.0    -0.0    -0.0    -0.0    -0.0     0.0     0.0
d R # 8  >    -0.0    -0.0    -0.0    -0.0    -0.0    -0.0     0.0
s min # 3>     0.0     0.0     0.0     0.0     0.0     0.0     0.0
s min # 4>     0.0     0.0     0.0     0.0     0.0     0.0     0.0
s min # 5>     0.0     0.0     0.0     0.0     0.0     0.0     0.0
s min # 6>     0.0     0.0     0.0     0.0     0.0     0.0     0.0
s min # 7>     0.0     0.0     0.0     0.0     0.0     0.0     0.0
s min # 8>     0.0     0.0     0.0     0.0     0.0     0.0     0.0
xqcutij # 3>     0.0     0.0     0.0     0.0     0.0     0.0     0.0
xqcutij # 4>     0.0     0.0     0.0     0.0     0.0     0.0     0.0
xqcutij # 5>     0.0     0.0     0.0     0.0     0.0     0.0     0.0
xqcutij # 6>     0.0     0.0     0.0     0.0     0.0     0.0     0.0
xqcutij # 7>     0.0     0.0     0.0     0.0     0.0     0.0     0.0
xqcutij # 8>     0.0     0.0     0.0     0.0     0.0     0.0     0.0
 Excluding BW           -1           1
 Requiring BW           -2           2
 Excluding BW           -3           3
 Excluding BW           -4           4
 Requiring BW           -5           5
 Excluding BW           -6           6
 alpha_s for scale    7045.5661558646425       is    7.5727541939101473E-002
 Added good helicity            1   47.262875486825749       in event            1 local:           1
 Added good helicity           25   1.8878648866806554E-008  in event            1 local:           1
 Added good helicity           37   5.4991980635302570E-008  in event            1 local:           1
 Added good helicity           41   138.35098327815879       in event            1 local:           1
 Added good helicity           61   1.7529194686116632E-008  in event            1 local:           1
 Added good helicity          193   62.221182973373587       in event            1 local:           1
 Added good helicity          213   4.7820096933778172E-008  in event            1 local:           1
 Added good helicity          217   9.4572672314878619E-008  in event            1 local:           1
 Added good helicity          229   7.7726572792376163E-006  in event            1 local:           1
 Added good helicity          233   8.1649501523061438       in event            1 local:           1
 Added good helicity          253   9.2986234207108501E-008  in event            1 local:           1
 Added good helicity            1   47.262875486826147       in event            1 local:           1
 Added good helicity           25   1.8878648866806538E-008  in event            1 local:           1
 Added good helicity           37   5.4991980635312847E-008  in event            1 local:           1
 Added good helicity           41   138.35098327815987       in event            1 local:           1
 Added good helicity           61   1.7529194686540159E-008  in event            1 local:           1
 Added good helicity          193   62.221182973372549       in event            1 local:           1
 Added good helicity          213   4.7820096933382363E-008  in event            1 local:           1
 Added good helicity          217   9.4572672314856226E-008  in event            1 local:           1
 Added good helicity          229   7.7726572792375384E-006  in event            1 local:           1
 Added good helicity          233   8.1649501523056980       in event            1 local:           1
 Added good helicity          253   9.2986234205894835E-008  in event            1 local:           1
 Added good helicity           21   1.8878648866806647E-008  in event            7 local:           3
 Added good helicity           21   1.8878648866806578E-008  in event            7 local:           3
 RESET CUMULATIVE VARIABLE
 RESET CUMULATIVE VARIABLE
 RESET CUMULATIVE VARIABLE
 Iteration  1   Mean: 0.7883E-09 Abs mean: 0.7883E-09   Fluctuation:  0.407E-09   0.380E-06     9.6%
  1    0.7883E-09 0.7883E-09 +- 0.4069E-09     16.32
 Writing out events   1.6475032079336959E-012   16.324269257706721     
 Relative summed weights:
  0.1449E+00  0.4867E-01  0.7264E-02  0.1254E-03  0.0000E+00  0.0000E+00
  0.1286E-05  0.7340E-02  0.5999E-07  0.2032E-03  0.0000E+00  0.0000E+00
  0.3612E-01  0.3958E-01  0.2035E-02  0.5837E-04  0.0000E+00  0.0000E+00
  0.2260E-05  0.1909E-01  0.2492E-04  0.1703E-02  0.0000E+00  0.0000E+00
  0.8646E-02  0.3196E-02  0.3781E-02  0.4181E-01  0.0000E+00  0.0000E+00
  0.4230E-02  0.1530E-01  0.2850E-03  0.9760E-02  0.0000E+00  0.0000E+00
  0.1185E+00  0.1214E-03  0.1348E-04  0.7897E-05  0.0000E+00  0.0000E+00
  0.1151E-02  0.4335E-02  0.4930E-09  0.4817E+00  0.0000E+00  0.0000E+00
 Relative number of events:
  0.6938E-01  0.8127E-01  0.4163E-01  0.4658E-01  0.0000E+00  0.0000E+00
  0.6938E-02  0.6938E-02  0.1982E-02  0.1982E-02  0.0000E+00  0.0000E+00
  0.8622E-01  0.7631E-01  0.4361E-01  0.4460E-01  0.0000E+00  0.0000E+00
  0.5946E-02  0.8920E-02  0.4955E-02  0.2973E-02  0.0000E+00  0.0000E+00
  0.6640E-01  0.5649E-01  0.4559E-01  0.4559E-01  0.0000E+00  0.0000E+00
  0.7433E-01  0.6640E-01  0.3469E-01  0.4559E-01  0.0000E+00  0.0000E+00
  0.6938E-02  0.3964E-02  0.1982E-02  0.2973E-02  0.0000E+00  0.0000E+00
  0.5946E-02  0.7929E-02  0.9911E-03  0.3964E-02  0.0000E+00  0.0000E+00
 Events:
          70          82          42          47           0           0
           7           7           2           2           0           0
          87          77          44          45           0           0
           6           9           5           3           0           0
          67          57          46          46           0           0
          75          67          35          46           0           0
           7           4           2           3           0           0
           6           8           1           4           0           0
 Iteration  2   Mean: 0.2606E-06 Abs mean: 0.2606E-06   Fluctuation:  0.260E-06   0.520E-03    20.6%
  2    0.2606E-06 0.2606E-06 +- 0.2602E-06     44.65
 Relative summed weights:
  0.1096E-03  0.3123E-03  0.2717E-04  0.1134E-03  0.0000E+00  0.0000E+00
  0.3464E-05  0.4986E-05  0.4653E-06  0.5777E-05  0.0000E+00  0.0000E+00
  0.9624E-05  0.7390E-05  0.7785E-04  0.8696E-05  0.0000E+00  0.0000E+00
  0.5079E-04  0.1701E-04  0.2570E-06  0.3664E-06  0.0000E+00  0.0000E+00
  0.1611E-03  0.2617E-04  0.3172E-04  0.5448E-04  0.0000E+00  0.0000E+00
  0.4595E-04  0.3212E-04  0.1652E-03  0.5612E-04  0.2822E-09  0.9867E-06
  0.9984E+00  0.1008E-05  0.2516E-03  0.3142E-07  0.0000E+00  0.0000E+00
  0.3361E-04  0.1124E-05  0.4451E-06  0.1077E-07  0.0000E+00  0.0000E+00
 Relative number of events:
  0.6700E-01  0.6650E-01  0.5200E-01  0.4950E-01  0.0000E+00  0.0000E+00
  0.8000E-02  0.8000E-02  0.2000E-02  0.2500E-02  0.0000E+00  0.0000E+00
  0.6200E-01  0.6250E-01  0.5350E-01  0.5400E-01  0.0000E+00  0.0000E+00
  0.8000E-02  0.1100E-01  0.5000E-03  0.1000E-02  0.0000E+00  0.0000E+00
  0.5850E-01  0.6950E-01  0.4950E-01  0.5050E-01  0.0000E+00  0.0000E+00
  0.6650E-01  0.6550E-01  0.4950E-01  0.4300E-01  0.5000E-03  0.5000E-03
  0.7500E-02  0.5500E-02  0.3500E-02  0.1500E-02  0.0000E+00  0.0000E+00
  0.7000E-02  0.9000E-02  0.2500E-02  0.2000E-02  0.0000E+00  0.0000E+00
 Events:
         134         133         104          99           0           0
          16          16           4           5           0           0
         124         125         107         108           0           0
          16          22           1           2           0           0
         117         139          99         101           0           0
         133         131          99          86           1           1
          15          11           7           3           0           0
          14          18           5           4           0           0
 Iteration  3   Mean: 0.3738E-09 Abs mean: 0.3738E-09   Fluctuation:  0.174E-09   0.639E-06    28.0%
  3    0.3738E-09 0.3738E-09 +- 0.1739E-09     29.42
 Relative summed weights:
  0.7270E-02  0.1630E-01  0.1668E-02  0.7108E-02  0.0000E+00  0.0000E+00
  0.8350E-02  0.1868E-02  0.4782E-05  0.3357E-05  0.0000E+00  0.0000E+00
  0.9481E-01  0.8880E-01  0.1235E-02  0.1656E-02  0.1435E-09  0.6587E-10
  0.1549E-01  0.3702E-04  0.1035E-04  0.6561E-06  0.0000E+00  0.0000E+00
  0.1509E-01  0.5885E-02  0.1086E-01  0.1653E-02  0.0000E+00  0.0000E+00
  0.6428E-01  0.4471E-01  0.9856E-01  0.4345E+00  0.0000E+00  0.4973E-12
  0.7667E-01  0.1940E-04  0.7270E-03  0.1399E-05  0.0000E+00  0.0000E+00
  0.3180E-03  0.2148E-02  0.1208E-06  0.2782E-06  0.0000E+00  0.0000E+00
 Relative number of events:
  0.6275E-01  0.5875E-01  0.4450E-01  0.4425E-01  0.0000E+00  0.0000E+00
  0.8750E-02  0.1025E-01  0.3250E-02  0.7500E-03  0.0000E+00  0.0000E+00
  0.7025E-01  0.6300E-01  0.4800E-01  0.4525E-01  0.2500E-03  0.2500E-03
  0.8500E-02  0.5750E-02  0.7500E-03  0.2250E-02  0.0000E+00  0.0000E+00
  0.7825E-01  0.6500E-01  0.5000E-01  0.4375E-01  0.0000E+00  0.0000E+00
  0.7400E-01  0.6900E-01  0.4750E-01  0.4925E-01  0.0000E+00  0.2500E-03
  0.1175E-01  0.7750E-02  0.1750E-02  0.2000E-02  0.0000E+00  0.0000E+00
  0.9750E-02  0.1000E-01  0.1500E-02  0.1000E-02  0.0000E+00  0.0000E+00
 Events:
         251         235         178         177           0           0
          35          41          13           3           0           0
         281         252         192         181           1           1
          34          23           3           9           0           0
         313         260         200         175           0           0
         296         276         190         197           0           1
          47          31           7           8           0           0
          39          40           6           4           0           0
 Accuracy:    2.003   0.100   0.327  37.599
 Found            6  events.
 Wrote            1  events.
 Actual xsec    2.8384524460244397E-008
 Correct abs xsec    2.8384524460244397E-008
 Event xsec    2.8384524460244397E-008
 Events wgts > 1:            0
 % Cross section > 1:    0.0000000000000000        0.0000000000000000     
 Iteration  4   Mean: 0.7103E-09 Abs mean: 0.7103E-09   Fluctuation:  0.187E-09   0.858E-06    26.2%
  4    0.7103E-09 0.7103E-09 +- 0.1871E-09     23.56
 Relative summed weights:
  0.1707E-01  0.1531E-01  0.3687E-02  0.7762E-01  0.1433E-10  0.0000E+00
  0.1841E-01  0.2517E-02  0.8365E-03  0.2279E-04  0.0000E+00  0.0000E+00
  0.2697E-01  0.3846E-01  0.8191E-02  0.3308E-02  0.4059E-09  0.2800E-09
  0.9811E-03  0.2632E-01  0.4640E-03  0.1574E-01  0.0000E+00  0.0000E+00
  0.3015E+00  0.2530E-01  0.7768E-02  0.7531E-02  0.0000E+00  0.0000E+00
  0.6267E-01  0.1501E+00  0.5502E-01  0.1107E-01  0.0000E+00  0.4087E-09
  0.2593E-02  0.4992E-02  0.1155E-02  0.5434E-04  0.0000E+00  0.0000E+00
  0.4764E-01  0.6644E-01  0.1917E-03  0.7792E-04  0.0000E+00  0.0000E+00
 Relative number of events:
  0.6463E-01  0.6913E-01  0.4312E-01  0.4825E-01  0.2500E-03  0.0000E+00
  0.1100E-01  0.8500E-02  0.1625E-02  0.1875E-02  0.0000E+00  0.0000E+00
  0.6950E-01  0.6650E-01  0.5100E-01  0.4738E-01  0.1250E-03  0.2500E-03
  0.7500E-02  0.6750E-02  0.2125E-02  0.1375E-02  0.0000E+00  0.0000E+00
  0.6488E-01  0.6638E-01  0.4863E-01  0.4688E-01  0.0000E+00  0.0000E+00
  0.7037E-01  0.6775E-01  0.4725E-01  0.4600E-01  0.0000E+00  0.1250E-03
  0.9750E-02  0.7000E-02  0.2125E-02  0.2125E-02  0.0000E+00  0.0000E+00
  0.7125E-02  0.8500E-02  0.2625E-02  0.1625E-02  0.0000E+00  0.0000E+00
 Events:
         517         553         345         386           2           0
          88          68          13          15           0           0
         556         532         408         379           1           2
          60          54          17          11           0           0
         519         531         389         375           0           0
         563         542         378         368           0           1
          78          56          17          17           0           0
          57          68          21          13           0           0
 Accuracy:    2.597   0.100   0.205 160.424
 Found          308  events.
 Wrote            5  events.
 Actual xsec    1.3643256545911850E-008
 Correct abs xsec    1.3643256545911850E-008
 Event xsec    1.3643256545911848E-008
 Events wgts > 1:            1
 % Cross section > 1:    1.7797464102812465E-010   1.3044879749142744     
 Iteration  5   Mean: 0.2468E-08 Abs mean: 0.2468E-08   Fluctuation:  0.862E-09   0.124E-04    27.5%
  5    0.2468E-08 0.2468E-08 +- 0.8623E-09     44.19
 Relative summed weights:
  0.3282E+00  0.9682E-02  0.1389E-01  0.6926E-02  0.9879E-04  0.6192E-07
  0.9485E-02  0.2745E-02  0.5375E-01  0.1841E-01  0.0000E+00  0.0000E+00
  0.1211E-01  0.1253E-01  0.6945E-01  0.3035E-02  0.0000E+00  0.0000E+00
  0.2836E-01  0.7535E-02  0.1545E-01  0.6154E-02  0.0000E+00  0.0000E+00
  0.1825E-01  0.2702E-01  0.3909E-01  0.6767E-02  0.0000E+00  0.2538E-07
  0.1886E-01  0.7788E-01  0.6039E-02  0.7786E-02  0.2083E-05  0.0000E+00
  0.9527E-01  0.3806E-02  0.4076E-01  0.2904E-02  0.0000E+00  0.5715E-08
  0.5053E-01  0.4638E-02  0.3788E-03  0.2187E-02  0.0000E+00  0.0000E+00
 Relative number of events:
  0.6463E-01  0.6731E-01  0.4562E-01  0.5006E-01  0.1250E-03  0.6250E-04
  0.6750E-02  0.8812E-02  0.2500E-02  0.2563E-02  0.0000E+00  0.0000E+00
  0.6319E-01  0.6563E-01  0.4831E-01  0.4856E-01  0.0000E+00  0.0000E+00
  0.8250E-02  0.1056E-01  0.1687E-02  0.2563E-02  0.0000E+00  0.0000E+00
  0.7000E-01  0.6806E-01  0.4569E-01  0.4819E-01  0.0000E+00  0.6250E-04
  0.6719E-01  0.6431E-01  0.4512E-01  0.5038E-01  0.2500E-03  0.0000E+00
  0.8500E-02  0.8063E-02  0.3125E-02  0.2063E-02  0.0000E+00  0.6250E-04
  0.9562E-02  0.8125E-02  0.2125E-02  0.1937E-02  0.0000E+00  0.0000E+00
 Events:
        1034        1077         730         801           2           1
         108         141          40          41           0           0
        1011        1050         773         777           0           0
         132         169          27          41           0           0
        1120        1089         731         771           0           1
        1075        1029         722         806           4           0
         136         129          50          33           0           1
         153         130          34          31           0           0
 Accuracy:    2.439   0.100   0.177 190.291
 Found          902  events.
 Wrote            1  events.
 Actual xsec    1.1821174997920235E-009
 Correct abs xsec    1.1821174997920235E-009
 Event xsec    1.1821174997920235E-009
 Events wgts > 1:            0
 % Cross section > 1:    0.0000000000000000        0.0000000000000000     

 -------------------------------------------------------------------------------
 Accumulated results:   Integral =  0.9273E-08
                        Std dev  =  0.1640E-08
                       Cross sec =  0.9273E-08
             Chi**2 per DoF.     =    190.2910
 -------------------------------------------------------------------------------
-------------------------------------------------
---------------------------
 Results Last   3 iters: Integral =   0.1182E-08
                     Abs integral =   0.1182E-08
                          Std dev =   0.2265E-09
                  Chi**2 per DoF. =     15.0972
-------------------------------------------------
---------------------------
 Status  0.10000000000000001                6           5

ls status:
events.lhe
ftn26
input_app.txt
results.dat
run1_app.log
