 Process in group number            1
 A PDF is used, so alpha_s(MZ) is going to be modified
 Old value of alpha_s from param_card:   0.11839999999999999     
  ****************************************
 
       NNPDFDriver version 1.0.3
   Grid: NNPDF23_lo_as_0130_qed_mem0.grid
  ****************************************
 New value of alpha_s from PDF nn23lo1:  0.13000000000000000     
 Define smin to   1600.0000000000000     
 Define smin to   1600.0000000000000     
 Define smin to   1600.0000000000000     
 *****************************************************
 *               MadGraph/MadEvent                   *
 *        --------------------------------           *
 *          http://madgraph.hep.uiuc.edu             *
 *          http://madgraph.phys.ucl.ac.be           *
 *          http://madgraph.roma2.infn.it            *
 *        --------------------------------           *
 *                                                   *
 *          PARAMETER AND COUPLING VALUES            *
 *                                                   *
 *****************************************************

  External Params
  ---------------------------------
  
 mdl_VeN1 =    1.0000000000000000     
 mdl_VeN2 =    0.0000000000000000     
 mdl_VeN3 =    0.0000000000000000     
 mdl_VmuN1 =    0.0000000000000000     
 mdl_VmuN2 =    1.0000000000000000     
 mdl_VmuN3 =    0.0000000000000000     
 mdl_VtaN1 =    0.0000000000000000     
 mdl_VtaN2 =    0.0000000000000000     
 mdl_VtaN3 =    1.0000000000000000     
 mdl_VN1N1 =    1.0000000000000000     
 mdl_VN1N2 =    1.0000000000000000     
 mdl_VN1N3 =    1.0000000000000000     
 mdl_VN2N2 =    1.0000000000000000     
 mdl_VN2N3 =    1.0000000000000000     
 mdl_VN3N3 =    1.0000000000000000     
 aEWM1 =    127.90000000000001     
 mdl_Gf =    1.1663700000000000E-005
 aS =   0.11839999999999999     
 mdl_ymt =    172.00000000000000     
 mdl_vevf =    50.000000000000000     
 mdl_MZ =    91.187600000000003     
 mdl_MT =    172.00000000000000     
 mdl_MH =    125.00000000000000     
 mdl_mN1 =    510.00000000000000     
 mdl_mN2 =    610.00000000000000     
 mdl_mN3 =    710.00000000000000     
 mdl_MJ =    91.187600000000003     
 mdl_MAx =    173.04800000000000     
 mdl_WZ =    2.4952000000000001     
 mdl_WW =    2.0850000000000000     
 mdl_WT =    1.5083359999999999     
 mdl_WH =    4.0699999999999998E-003
 mdl_WN1 =   0.30299999999999999     
 mdl_WN2 =    1.5000000000000000     
 mdl_WN3 =    12.300000000000001     
 mdl_WJ =    2.4952000000000001     
 mdl_WAx =    4.1700000000000001E-003
  Internal Params
  ---------------------------------
  
 mdl_vevf__exp__2 =    2500.0000000000000     
 mdl_sqrt__vevf__exp__2 =    50.000000000000000     
 mdl_muJ =    50.000000000000000     
 mdl_MZ__exp__2 =    8315.1783937600012     
 mdl_MZ__exp__4 =    69142191.720053151     
 mdl_sqrt__2 =    1.4142135623730951     
 mdl_MJ__exp__2 =    8315.1783937600012     
 mdl_muJ__exp__2 =    2500.0000000000000     
 mdl_lamJ =    4.3260713575040004     
 mdl_MH__exp__2 =    15625.000000000000     
 mdl_complexi =  (  0.0000000000000000     ,  1.0000000000000000     )
 mdl_aEW =    7.8186082877247844E-003
 mdl_MW =    79.824359746197842     
 mdl_sqrt__aEW =    8.8422894590285753E-002
 mdl_ee =   0.31345100004952897     
 mdl_MW__exp__2 =    6371.9284088904105     
 mdl_sw2 =   0.23369913342182447     
 mdl_cw =   0.87538612427783857     
 mdl_sqrt__sw2 =   0.48342438232036300     
 mdl_sw =   0.48342438232036300     
 mdl_g1 =   0.35807170271074895     
 mdl_gN =   0.64839716719502682     
 mdl_gw =   0.64839716719502682     
 mdl_vev =    246.22056907348590     
 mdl_vev__exp__2 =    60624.568634871241     
 mdl_lam =   0.12886689630821144     
 mdl_yt =   0.98791394091683138     
 mdl_muH =    88.388347648318444     
 mdl_I2a33 =  ( 0.98791394091683138     ,  0.0000000000000000     )
 mdl_I3a33 =  ( 0.98791394091683138     ,  0.0000000000000000     )
 mdl_ee__exp__2 =    9.8251529432049817E-002
 mdl_sw__exp__2 =   0.23369913342182450     
 mdl_cw__exp__2 =   0.76630086657817542     
  Internal Params evaluated point by point
  ----------------------------------------
  
 mdl_sqrt__aS =   0.34409301068170506     
 mdl_G__exp__2 =    1.4878582807401259     
  Couplings of SM_HeavyN_UFO
  ---------------------------------
  
         GC_1 =  -0.00000E+00  -0.10448E+00
         GC_2 =   0.00000E+00   0.20897E+00
         GC_3 =  -0.00000E+00  -0.31345E+00
         GC_4 =   0.00000E+00   0.31345E+00
        GC_26 =   0.00000E+00   0.45849E+00
        GC_27 =  -0.00000E+00  -0.28380E+00
        GC_28 =   0.00000E+00   0.28380E+00
        GC_30 =   0.00000E+00   0.56760E+00
        GC_35 =  -0.00000E+00  -0.28850E-01
        GC_37 =   0.00000E+00   0.17310E+00
        GC_39 =   0.00000E+00  -0.19725E+00
        GC_40 =   0.00000E+00   0.37035E+00
        GC_80 =   0.00000E+00   0.67543E+02
       GC_107 =  -0.00000E+00  -0.74070E+00
       GC_109 =  -0.00000E+00  -0.74070E+00
       GC_111 =  -0.00000E+00  -0.74070E+00
       GC_113 =  -0.00000E+00  -0.74070E+00
       GC_115 =  -0.00000E+00  -0.74070E+00
       GC_117 =  -0.00000E+00  -0.74070E+00
       GC_119 =   0.00000E+00   0.00000E+00
       GC_120 =   0.00000E+00   0.00000E+00
       GC_122 =  -0.00000E+00  -0.00000E+00
       GC_126 =   0.00000E+00   0.00000E+00
       GC_127 =   0.00000E+00   0.00000E+00
       GC_129 =  -0.00000E+00  -0.00000E+00
       GC_133 =   0.00000E+00   0.45849E+00
       GC_134 =   0.00000E+00   0.37035E+00
       GC_136 =  -0.00000E+00  -0.28836E+01
        GC_81 =   0.10200E+02   0.00000E+00
        GC_82 =   0.12200E+02   0.00000E+00
        GC_83 =   0.14200E+02   0.00000E+00

 Collider parameters:
 --------------------

 Running at P P   machine @    13000.000000000000       GeV
 PDF set = nn23lo1
 alpha_s(Mz)= 0.1300 running at 2 loops.
 alpha_s(Mz)= 0.1300 running at 2 loops.
 Renormalization scale set on event-by-event basis
 Factorization   scale set on event-by-event basis


 getting user params
Enter number of events and max and min iterations: 
 Number of events and iterations         1000           5           3
Enter desired fractional accuracy: 
 Desired fractional accuracy:   0.10000000000000001     
Enter 0 for fixed, 2 for adjustable grid: 
Suppress amplitude (0 no, 1 yes)? 
 Using suppressed amplitude.
Exact helicity sum (0 yes, n = number/event)? 
 Explicitly summing over helicities
Enter Configuration Number: 
Running Configuration Number:   60
 Using dconfig=         203
 BW Setting            2           1           1           1           2           0           0
 Attempting mappinvarients           1           9
 Completed mapping           9
 about to integrate           19        1000           5           3          19           1
 Using non-zero grid deformation.
 19 dimensions   1000 events 19 invarients  5 iterations  1 config(s),  (0.99)
 Using h-tuple random number sequence.
 Error opening grid
 Using Uniform Grid!          36
 Using uniform alpha   1.0000000000000000     
 Grid defined OK
 Set CM energy to      13000.00
 Mapping Graph          60  to config          60
Setting grid   1    0.75740E-07   1
Setting grid   2    0.75740E-07   1
 Setting BW          -3           2   79.824359746197842     
 Setting BW          -4           3   710.00000000000000     
 Setting BW          -5           4   710.00000000000000     
Setting grid   6    0.32375E-02   1
 Transforming s_hat 1/s           18   3.2375014532175150E-003   1600.0000000000000        168999999.99999997     
  60   1   2   3   4   5   6   7   8   9  10  11  12  13  14
  15  16  17  18  19
 Masses: 0.000E+00 0.000E+00 0.000E+00 0.000E+00 0.000E+00 0.000E+00 0.000E+00 0.000E+00 0.912E+02
Using random seed offsets    60 :      1
  with seed                   24
 Ranmar initialization seeds       31118        9398
 
 ********************************************
 * You are using the DiscreteSampler module *
 *      part of the MG5_aMC framework       *
 *         Author: Valentin Hirschi         *
 ********************************************
 
  Particle       3       4       5       6       7       8       9
      Et >    10.0    10.0    10.0    10.0     0.0     0.0     0.0
       E >     0.0     0.0     0.0     0.0     0.0     0.0     0.0
     Eta <     2.5     2.5     2.5     2.5    -1.0    -1.0    -1.0
   xqcut:      0.0     0.0     0.0     0.0     0.0     0.0     0.0
d R # 3  >    -0.0     0.4     0.4     0.4     0.0     0.0     0.0
d R # 4  >    -0.0    -0.0     0.4     0.4     0.0     0.0     0.0
d R # 5  >    -0.0    -0.0    -0.0     0.4     0.0     0.0     0.0
d R # 6  >    -0.0    -0.0    -0.0    -0.0     0.0     0.0     0.0
d R # 7  >    -0.0    -0.0    -0.0    -0.0    -0.0     0.0     0.0
d R # 8  >    -0.0    -0.0    -0.0    -0.0    -0.0    -0.0     0.0
s min # 3>     0.0     0.0     0.0     0.0     0.0     0.0     0.0
s min # 4>     0.0     0.0     0.0     0.0     0.0     0.0     0.0
s min # 5>     0.0     0.0     0.0     0.0     0.0     0.0     0.0
s min # 6>     0.0     0.0     0.0     0.0     0.0     0.0     0.0
s min # 7>     0.0     0.0     0.0     0.0     0.0     0.0     0.0
s min # 8>     0.0     0.0     0.0     0.0     0.0     0.0     0.0
xqcutij # 3>     0.0     0.0     0.0     0.0     0.0     0.0     0.0
xqcutij # 4>     0.0     0.0     0.0     0.0     0.0     0.0     0.0
xqcutij # 5>     0.0     0.0     0.0     0.0     0.0     0.0     0.0
xqcutij # 6>     0.0     0.0     0.0     0.0     0.0     0.0     0.0
xqcutij # 7>     0.0     0.0     0.0     0.0     0.0     0.0     0.0
xqcutij # 8>     0.0     0.0     0.0     0.0     0.0     0.0     0.0
 Excluding BW           -1           1
 Requiring BW           -3           2
 Requiring BW           -4           3
 Requiring BW           -5           4
 Excluding BW           -6           5
 alpha_s for scale    755.07065051165250       is    9.6274285535705009E-002
 Added good helicity            1   13.318400611474207       in event            1 local:           1
 Added good helicity           21   2.6910313346556500E-003  in event            1 local:           1
 Added good helicity           25   1.8897374381256333       in event            1 local:           1
 Added good helicity           37   9.7778157988314324E-002  in event            1 local:           1
 Added good helicity           41   7.3519257005488097       in event            1 local:           1
 Added good helicity           61  0.11320857497193598       in event            1 local:           1
 Added good helicity          193   114.04810171953289       in event            1 local:           1
 Added good helicity          213   2.0499468915198583E-005  in event            1 local:           1
 Added good helicity          217   10.322099862748544       in event            1 local:           1
 Added good helicity          229   1.1730624289740493E-003  in event            1 local:           1
 Added good helicity          233   108.85442459926210       in event            1 local:           1
 Added good helicity          253   4.3874211502936434E-004  in event            1 local:           1
 Added good helicity            1   13.318400611474125       in event            1 local:           1
 Added good helicity           21   2.6910313346553789E-003  in event            1 local:           1
 Added good helicity           25   1.8897374381255720       in event            1 local:           1
 Added good helicity           37   9.7778157988308967E-002  in event            1 local:           1
 Added good helicity           41   7.3519257005491356       in event            1 local:           1
 Added good helicity           61  0.11320857497193024       in event            1 local:           1
 Added good helicity          193   114.04810171953289       in event            1 local:           1
 Added good helicity          213   2.0499468915197847E-005  in event            1 local:           1
 Added good helicity          217   10.322099862748162       in event            1 local:           1
 Added good helicity          229   1.1730624289739966E-003  in event            1 local:           1
 Added good helicity          233   108.85442459926232       in event            1 local:           1
 Added good helicity          253   4.3874211502933664E-004  in event            1 local:           1
 RESET CUMULATIVE VARIABLE
 RESET CUMULATIVE VARIABLE
 RESET CUMULATIVE VARIABLE
 Iteration  1   Mean: 0.1670E-16 Abs mean: 0.1670E-16   Fluctuation:  0.122E-16   0.806E-15     0.0%
  1    0.1670E-16 0.1670E-16 +- 0.1220E-16      6.11
 Writing out events   6.6802061807558512E-019   6.1095985516363367     
 Relative summed weights:
  0.0000E+00  0.3425E-05  0.1608E-03  0.9110E-05  0.0000E+00  0.0000E+00
  0.8954E-06  0.1289E-03  0.7767E-03  0.1035E-04  0.2102E-08  0.0000E+00
  0.6875E+00  0.6696E-04  0.6845E-05  0.1774E-05  0.0000E+00  0.0000E+00
  0.2609E-02  0.2277E+00  0.0000E+00  0.6651E-07  0.0000E+00  0.0000E+00
  0.1543E-05  0.1307E-03  0.5356E-05  0.0000E+00  0.0000E+00  0.0000E+00
  0.9236E-07  0.1011E-05  0.7097E-05  0.5943E-03  0.0000E+00  0.0000E+00
  0.6110E-04  0.2823E-02  0.1246E-03  0.0000E+00  0.0000E+00  0.0000E+00
  0.1080E-03  0.4160E-03  0.5285E-05  0.7678E-01  0.0000E+00  0.0000E+00
 Relative number of events:
  0.0000E+00  0.1266E-01  0.2532E-01  0.3797E-01  0.0000E+00  0.0000E+00
  0.3797E-01  0.3797E-01  0.5063E-01  0.3797E-01  0.2532E-01  0.0000E+00
  0.5063E-01  0.2532E-01  0.5063E-01  0.2532E-01  0.0000E+00  0.0000E+00
  0.2532E-01  0.2532E-01  0.0000E+00  0.3797E-01  0.0000E+00  0.0000E+00
  0.1266E-01  0.3797E-01  0.1266E-01  0.0000E+00  0.0000E+00  0.0000E+00
  0.2532E-01  0.3797E-01  0.2532E-01  0.6329E-01  0.0000E+00  0.0000E+00
  0.1266E-01  0.1266E-01  0.1266E-01  0.0000E+00  0.0000E+00  0.0000E+00
  0.2532E-01  0.6329E-01  0.3797E-01  0.1139E+00  0.0000E+00  0.0000E+00
 Events:
           0           1           2           3           0           0
           3           3           4           3           2           0
           4           2           4           2           0           0
           2           2           0           3           0           0
           1           3           1           0           0           0
           2           3           2           5           0           0
           1           1           1           0           0           0
           2           5           3           9           0           0
 Iteration  2   Mean: 0.9397E-18 Abs mean: 0.9397E-18   Fluctuation:  0.444E-18   0.793E-15     4.3%
  2    0.9397E-18 0.9397E-18 +- 0.4438E-18     21.12
 Relative summed weights:
  0.1995E-02  0.3097E-02  0.1376E-02  0.3263E-02  0.5313E-07  0.3887E-04
  0.4152E-02  0.2267E-01  0.2121E-01  0.5706E-02  0.9201E-06  0.6690E-16
  0.3559E-03  0.9231E-02  0.2713E-03  0.8191E-02  0.3752E-07  0.3407E-05
  0.2051E-02  0.9355E-02  0.2849E-01  0.7497E-03  0.6391E-05  0.6454E-06
  0.8991E-03  0.6155E-01  0.2089E-03  0.9118E-01  0.7150E-07  0.0000E+00
  0.1682E+00  0.1241E-01  0.1210E-02  0.3406E-02  0.9001E-06  0.1582E-05
  0.5944E-01  0.1756E-02  0.7783E-05  0.9141E-03  0.1854E-06  0.1725E-07
  0.3849E-01  0.1134E-01  0.4263E+00  0.4894E-03  0.0000E+00  0.1182E-12
 Relative number of events:
  0.2550E-01  0.2350E-01  0.2000E-01  0.1750E-01  0.1000E-02  0.5000E-03
  0.4250E-01  0.3850E-01  0.3700E-01  0.3950E-01  0.1500E-02  0.5000E-03
  0.2250E-01  0.2400E-01  0.2400E-01  0.2850E-01  0.1500E-02  0.2500E-02
  0.3200E-01  0.4400E-01  0.3400E-01  0.4200E-01  0.2000E-02  0.1500E-02
  0.2150E-01  0.2750E-01  0.2950E-01  0.2100E-01  0.2000E-02  0.0000E+00
  0.3850E-01  0.3400E-01  0.4250E-01  0.3250E-01  0.5000E-03  0.1500E-02
  0.2750E-01  0.1950E-01  0.2300E-01  0.2600E-01  0.1000E-02  0.1000E-02
  0.3250E-01  0.3350E-01  0.3950E-01  0.3900E-01  0.0000E+00  0.5000E-03
 Events:
          51          47          40          35           2           1
          85          77          74          79           3           1
          45          48          48          57           3           5
          64          88          68          84           4           3
          43          55          59          42           4           0
          77          68          85          65           1           3
          55          39          46          52           2           2
          65          67          79          78           0           1
 Iteration  3   Mean: 0.2984E-17 Abs mean: 0.2984E-17   Fluctuation:  0.124E-17   0.451E-14    10.9%
  3    0.2984E-17 0.2984E-17 +- 0.1240E-17     26.29
 Relative summed weights:
  0.6943E-02  0.1393E+00  0.2496E-02  0.3884E-01  0.0000E+00  0.1268E-04
  0.1681E-02  0.1524E-01  0.3224E-01  0.2569E-02  0.7183E-06  0.1467E-05
  0.4035E-02  0.5882E-03  0.2066E-01  0.4357E-02  0.3096E-06  0.6116E-04
  0.8898E-02  0.1053E-01  0.1312E-01  0.2205E-01  0.2658E-07  0.1993E-05
  0.5184E-02  0.1531E-01  0.5617E-01  0.1874E-01  0.9452E-06  0.4087E-03
  0.3857E+00  0.1609E-02  0.9645E-01  0.4686E-01  0.1913E-06  0.3264E-05
  0.9929E-03  0.2077E-02  0.7317E-02  0.3917E-02  0.9614E-05  0.1338E-04
  0.7880E-02  0.3576E-02  0.4301E-02  0.1981E-01  0.4905E-04  0.9448E-04
 Relative number of events:
  0.2600E-01  0.2475E-01  0.2475E-01  0.2550E-01  0.0000E+00  0.7500E-03
  0.3850E-01  0.3625E-01  0.3900E-01  0.4350E-01  0.1000E-02  0.5000E-03
  0.2250E-01  0.2250E-01  0.2175E-01  0.2250E-01  0.1000E-02  0.1500E-02
  0.3650E-01  0.3900E-01  0.4150E-01  0.3875E-01  0.5000E-03  0.1000E-02
  0.2450E-01  0.2800E-01  0.2425E-01  0.2500E-01  0.7500E-03  0.7500E-03
  0.3775E-01  0.3875E-01  0.3725E-01  0.3800E-01  0.1250E-02  0.1000E-02
  0.2325E-01  0.1950E-01  0.2375E-01  0.2150E-01  0.7500E-03  0.7500E-03
  0.3425E-01  0.3575E-01  0.3600E-01  0.3525E-01  0.1000E-02  0.1500E-02
 Events:
         104          99          99         102           0           3
         154         145         156         174           4           2
          90          90          87          90           4           6
         146         156         166         155           2           4
          98         112          97         100           3           3
         151         155         149         152           5           4
          93          78          95          86           3           3
         137         143         144         141           4           6
 Accuracy:    0.872   0.100   0.287   9.235
 Found          267  events.
 Wrote            2  events.
 Actual xsec    4.3468518065042790E-018
 Correct abs xsec    4.3468518065042790E-018
 Event xsec    4.3468518065042790E-018
 Events wgts > 1:            0
 % Cross section > 1:    0.0000000000000000        0.0000000000000000     
 Iteration  4   Mean: 0.1840E-16 Abs mean: 0.1840E-16   Fluctuation:  0.137E-16   0.109E-12    11.1%
  4    0.1840E-16 0.1840E-16 +- 0.1371E-16     66.65
 Relative summed weights:
  0.2470E-02  0.5437E-02  0.5000E-03  0.1968E-02  0.1341E-05  0.6286E-05
  0.1246E-02  0.2477E-02  0.1651E-02  0.2772E-01  0.8978E-05  0.2024E-04
  0.3020E-02  0.1564E-02  0.3203E-02  0.7022E-02  0.6496E-05  0.1546E-07
  0.1664E-02  0.4561E-02  0.2608E-02  0.7457E+00  0.4715E-07  0.1130E-04
  0.4700E-02  0.3105E-01  0.3945E-02  0.1756E-01  0.4321E-06  0.3734E-04
  0.2056E-02  0.1736E-02  0.5355E-02  0.3203E-02  0.9043E-04  0.2157E-05
  0.2462E-02  0.1091E-02  0.3512E-02  0.3531E-02  0.6689E-07  0.1329E-04
  0.1319E-01  0.7056E-01  0.2098E-01  0.1943E-02  0.3553E-06  0.7159E-04
 Relative number of events:
  0.2162E-01  0.2162E-01  0.2300E-01  0.2075E-01  0.6250E-03  0.6250E-03
  0.3737E-01  0.4000E-01  0.3700E-01  0.4025E-01  0.5000E-03  0.3750E-03
  0.2500E-01  0.2450E-01  0.2287E-01  0.2488E-01  0.8750E-03  0.3750E-03
  0.3475E-01  0.3725E-01  0.3650E-01  0.3900E-01  0.7500E-03  0.5000E-03
  0.2625E-01  0.2612E-01  0.2400E-01  0.2425E-01  0.2500E-03  0.7500E-03
  0.3900E-01  0.3712E-01  0.3762E-01  0.3787E-01  0.8750E-03  0.6250E-03
  0.3025E-01  0.2400E-01  0.2400E-01  0.2375E-01  0.3750E-03  0.3750E-03
  0.3837E-01  0.3587E-01  0.3550E-01  0.4038E-01  0.7500E-03  0.6250E-03
 Events:
         173         173         184         166           5           5
         299         320         296         322           4           3
         200         196         183         199           7           3
         278         298         292         312           6           4
         210         209         192         194           2           6
         312         297         301         303           7           5
         242         192         192         190           3           3
         307         287         284         323           6           5
 Accuracy:    0.644   0.100   0.268   5.784
 Found          711  events.
 Wrote            2  events.
 Actual xsec    4.5244301513936516E-018
 Correct abs xsec    4.5244301513936516E-018
 Event xsec    4.5244301513936516E-018
 Events wgts > 1:            0
 % Cross section > 1:    0.0000000000000000        0.0000000000000000     
 Iteration  5   Mean: 0.1205E-16 Abs mean: 0.1205E-16   Fluctuation:  0.399E-17   0.617E-13    11.0%
  5    0.1205E-16 0.1205E-16 +- 0.3992E-17     41.90
 Relative summed weights:
  0.1874E-01  0.1713E-01  0.2125E-01  0.4298E-01  0.8287E-04  0.3640E-04
  0.1053E-01  0.1153E-01  0.2689E-01  0.5513E-01  0.4464E-05  0.1467E-05
  0.5982E-01  0.1737E-01  0.4397E-02  0.6113E-02  0.7671E-06  0.5948E-05
  0.4170E-01  0.3293E+00  0.1067E-01  0.2806E-01  0.3089E-06  0.3723E-04
  0.1189E-01  0.1572E-01  0.1129E-01  0.1586E-01  0.2911E-04  0.2194E-04
  0.2952E-01  0.3364E-01  0.3829E-01  0.2039E-01  0.8919E-05  0.2288E-04
  0.1081E-01  0.3208E-02  0.3154E-01  0.2508E-02  0.1631E-04  0.2577E-06
  0.1833E-01  0.1851E-01  0.6919E-02  0.2941E-01  0.7583E-05  0.2927E-03
 Relative number of events:
  0.2262E-01  0.2538E-01  0.2269E-01  0.2419E-01  0.5625E-03  0.3750E-03
  0.3769E-01  0.3781E-01  0.3981E-01  0.3650E-01  0.6875E-03  0.6250E-03
  0.2419E-01  0.2375E-01  0.2194E-01  0.2456E-01  0.3750E-03  0.5000E-03
  0.3819E-01  0.4038E-01  0.3750E-01  0.3944E-01  0.3125E-03  0.1063E-02
  0.2419E-01  0.2506E-01  0.2356E-01  0.2194E-01  0.6250E-03  0.6250E-03
  0.3787E-01  0.3800E-01  0.3431E-01  0.3600E-01  0.5625E-03  0.5625E-03
  0.2794E-01  0.2481E-01  0.2538E-01  0.2587E-01  0.5000E-03  0.3125E-03
  0.3544E-01  0.3837E-01  0.3831E-01  0.3719E-01  0.6250E-03  0.8125E-03
 Events:
         362         406         363         387           9           6
         603         605         637         584          11          10
         387         380         351         393           6           8
         611         646         600         631           5          17
         387         401         377         351          10          10
         606         608         549         576           9           9
         447         397         406         414           8           5
         567         614         613         595          10          13
 Accuracy:    0.358   0.100   0.208   2.949
 Found          891  events.
 Wrote            4  events.
 Actual xsec    9.5926433006155854E-018
 Correct abs xsec    9.5926433006155854E-018
 Event xsec    9.5926433006155869E-018
 Events wgts > 1:            1
 % Cross section > 1:    1.8862473057373837E-025   1.9663478007321900E-006

 -------------------------------------------------------------------------------
 Accumulated results:   Integral =  0.8488E-17
                        Std dev  =  0.1768E-17
                       Cross sec =  0.8488E-17
             Chi**2 per DoF.     =      2.9490
 -------------------------------------------------------------------------------
-------------------------------------------------
---------------------------
 Results Last   3 iters: Integral =   0.9593E-17
                     Abs integral =   0.9593E-17
                          Std dev =   0.2347E-17
                  Chi**2 per DoF. =     14.5993
-------------------------------------------------
---------------------------
 Status  0.10000000000000001                6           5

ls status:
events.lhe
ftn26
input_app.txt
results.dat
run1_app.log
