 Process in group number            1
 A PDF is used, so alpha_s(MZ) is going to be modified
 Old value of alpha_s from param_card:   0.11839999999999999     
  ****************************************
 
       NNPDFDriver version 1.0.3
   Grid: NNPDF23_lo_as_0130_qed_mem0.grid
  ****************************************
 New value of alpha_s from PDF nn23lo1:  0.13000000000000000     
 Define smin to   1600.0000000000000     
 Define smin to   1600.0000000000000     
 Define smin to   1600.0000000000000     
 *****************************************************
 *               MadGraph/MadEvent                   *
 *        --------------------------------           *
 *          http://madgraph.hep.uiuc.edu             *
 *          http://madgraph.phys.ucl.ac.be           *
 *          http://madgraph.roma2.infn.it            *
 *        --------------------------------           *
 *                                                   *
 *          PARAMETER AND COUPLING VALUES            *
 *                                                   *
 *****************************************************

  External Params
  ---------------------------------
  
 mdl_VeN1 =    1.0000000000000000     
 mdl_VeN2 =    0.0000000000000000     
 mdl_VeN3 =    0.0000000000000000     
 mdl_VmuN1 =    0.0000000000000000     
 mdl_VmuN2 =    1.0000000000000000     
 mdl_VmuN3 =    0.0000000000000000     
 mdl_VtaN1 =    0.0000000000000000     
 mdl_VtaN2 =    0.0000000000000000     
 mdl_VtaN3 =    1.0000000000000000     
 mdl_VN1N1 =    1.0000000000000000     
 mdl_VN1N2 =    1.0000000000000000     
 mdl_VN1N3 =    1.0000000000000000     
 mdl_VN2N2 =    1.0000000000000000     
 mdl_VN2N3 =    1.0000000000000000     
 mdl_VN3N3 =    1.0000000000000000     
 aEWM1 =    127.90000000000001     
 mdl_Gf =    1.1663700000000000E-005
 aS =   0.11839999999999999     
 mdl_ymt =    172.00000000000000     
 mdl_vevf =    50.000000000000000     
 mdl_MZ =    91.187600000000003     
 mdl_MT =    172.00000000000000     
 mdl_MH =    125.00000000000000     
 mdl_mN1 =    510.00000000000000     
 mdl_mN2 =    610.00000000000000     
 mdl_mN3 =    710.00000000000000     
 mdl_MJ =    91.187600000000003     
 mdl_MAx =    173.04800000000000     
 mdl_WZ =    2.4952000000000001     
 mdl_WW =    2.0850000000000000     
 mdl_WT =    1.5083359999999999     
 mdl_WH =    4.0699999999999998E-003
 mdl_WN1 =   0.30299999999999999     
 mdl_WN2 =    1.5000000000000000     
 mdl_WN3 =    12.300000000000001     
 mdl_WJ =    2.4952000000000001     
 mdl_WAx =    4.1700000000000001E-003
  Internal Params
  ---------------------------------
  
 mdl_vevf__exp__2 =    2500.0000000000000     
 mdl_sqrt__vevf__exp__2 =    50.000000000000000     
 mdl_muJ =    50.000000000000000     
 mdl_MZ__exp__2 =    8315.1783937600012     
 mdl_MZ__exp__4 =    69142191.720053151     
 mdl_sqrt__2 =    1.4142135623730951     
 mdl_MJ__exp__2 =    8315.1783937600012     
 mdl_muJ__exp__2 =    2500.0000000000000     
 mdl_lamJ =    4.3260713575040004     
 mdl_MH__exp__2 =    15625.000000000000     
 mdl_complexi =  (  0.0000000000000000     ,  1.0000000000000000     )
 mdl_aEW =    7.8186082877247844E-003
 mdl_MW =    79.824359746197842     
 mdl_sqrt__aEW =    8.8422894590285753E-002
 mdl_ee =   0.31345100004952897     
 mdl_MW__exp__2 =    6371.9284088904105     
 mdl_sw2 =   0.23369913342182447     
 mdl_cw =   0.87538612427783857     
 mdl_sqrt__sw2 =   0.48342438232036300     
 mdl_sw =   0.48342438232036300     
 mdl_g1 =   0.35807170271074895     
 mdl_gN =   0.64839716719502682     
 mdl_gw =   0.64839716719502682     
 mdl_vev =    246.22056907348590     
 mdl_vev__exp__2 =    60624.568634871241     
 mdl_lam =   0.12886689630821144     
 mdl_yt =   0.98791394091683138     
 mdl_muH =    88.388347648318444     
 mdl_I2a33 =  ( 0.98791394091683138     ,  0.0000000000000000     )
 mdl_I3a33 =  ( 0.98791394091683138     ,  0.0000000000000000     )
 mdl_ee__exp__2 =    9.8251529432049817E-002
 mdl_sw__exp__2 =   0.23369913342182450     
 mdl_cw__exp__2 =   0.76630086657817542     
  Internal Params evaluated point by point
  ----------------------------------------
  
 mdl_sqrt__aS =   0.34409301068170506     
 mdl_G__exp__2 =    1.4878582807401259     
  Couplings of SM_HeavyN_UFO
  ---------------------------------
  
         GC_1 =  -0.00000E+00  -0.10448E+00
         GC_2 =   0.00000E+00   0.20897E+00
         GC_3 =  -0.00000E+00  -0.31345E+00
         GC_4 =   0.00000E+00   0.31345E+00
        GC_26 =   0.00000E+00   0.45849E+00
        GC_27 =  -0.00000E+00  -0.28380E+00
        GC_28 =   0.00000E+00   0.28380E+00
        GC_30 =   0.00000E+00   0.56760E+00
        GC_35 =  -0.00000E+00  -0.28850E-01
        GC_37 =   0.00000E+00   0.17310E+00
        GC_39 =   0.00000E+00  -0.19725E+00
        GC_40 =   0.00000E+00   0.37035E+00
        GC_80 =   0.00000E+00   0.67543E+02
       GC_107 =  -0.00000E+00  -0.74070E+00
       GC_109 =  -0.00000E+00  -0.74070E+00
       GC_111 =  -0.00000E+00  -0.74070E+00
       GC_113 =  -0.00000E+00  -0.74070E+00
       GC_115 =  -0.00000E+00  -0.74070E+00
       GC_117 =  -0.00000E+00  -0.74070E+00
       GC_119 =   0.00000E+00   0.00000E+00
       GC_120 =   0.00000E+00   0.00000E+00
       GC_122 =  -0.00000E+00  -0.00000E+00
       GC_126 =   0.00000E+00   0.00000E+00
       GC_127 =   0.00000E+00   0.00000E+00
       GC_129 =  -0.00000E+00  -0.00000E+00
       GC_133 =   0.00000E+00   0.45849E+00
       GC_134 =   0.00000E+00   0.37035E+00
       GC_136 =  -0.00000E+00  -0.28836E+01
        GC_81 =   0.10200E+02   0.00000E+00
        GC_82 =   0.12200E+02   0.00000E+00
        GC_83 =   0.14200E+02   0.00000E+00

 Collider parameters:
 --------------------

 Running at P P   machine @    13000.000000000000       GeV
 PDF set = nn23lo1
 alpha_s(Mz)= 0.1300 running at 2 loops.
 alpha_s(Mz)= 0.1300 running at 2 loops.
 Renormalization scale set on event-by-event basis
 Factorization   scale set on event-by-event basis


 getting user params
Enter number of events and max and min iterations: 
 Number of events and iterations         1000           5           3
Enter desired fractional accuracy: 
 Desired fractional accuracy:   0.10000000000000001     
Enter 0 for fixed, 2 for adjustable grid: 
Suppress amplitude (0 no, 1 yes)? 
 Using suppressed amplitude.
Exact helicity sum (0 yes, n = number/event)? 
 Explicitly summing over helicities
Enter Configuration Number: 
Running Configuration Number:  194
 Using dconfig=         698
 BW Setting            2           1           2           1           2           2           0
 Attempting mappinvarients           1           9
 Completed mapping           9
 about to integrate           19        1000           5           3          19           1
 Using non-zero grid deformation.
 19 dimensions   1000 events 19 invarients  5 iterations  1 config(s),  (0.99)
 Using h-tuple random number sequence.
 Error opening grid
 Using Uniform Grid!          36
 Using uniform alpha   1.0000000000000000     
 Grid defined OK
 Set CM energy to      13000.00
 Mapping Graph         194  to config         194
Setting grid   1    0.75740E-07   1
 Setting BW          -2           2   710.00000000000000     
Setting grid   3    0.32375E-02   1
 Setting BW          -4           4   91.187600000000003     
Setting grid   5    0.39632E-02   1
Setting grid   6    0.39632E-02   1
 Transforming s_hat 1/s           18   3.9631789974002365E-003   1600.0000000000000        168999999.99999997     
 194   1   2   3   4   5   6   7   8   9  10  11  12  13  14
  15  16  17  18  19
 Masses: 0.000E+00 0.000E+00 0.000E+00 0.000E+00 0.000E+00 0.000E+00 0.000E+00 0.000E+00 0.912E+02
Using random seed offsets   194 :      1
  with seed                   24
 Ranmar initialization seeds       31252        9398
 
 ********************************************
 * You are using the DiscreteSampler module *
 *      part of the MG5_aMC framework       *
 *         Author: Valentin Hirschi         *
 ********************************************
 
  Particle       3       4       5       6       7       8       9
      Et >    10.0    10.0    10.0    10.0     0.0     0.0     0.0
       E >     0.0     0.0     0.0     0.0     0.0     0.0     0.0
     Eta <     2.5     2.5     2.5     2.5    -1.0    -1.0    -1.0
   xqcut:      0.0     0.0     0.0     0.0     0.0     0.0     0.0
d R # 3  >    -0.0     0.4     0.4     0.4     0.0     0.0     0.0
d R # 4  >    -0.0    -0.0     0.4     0.4     0.0     0.0     0.0
d R # 5  >    -0.0    -0.0    -0.0     0.4     0.0     0.0     0.0
d R # 6  >    -0.0    -0.0    -0.0    -0.0     0.0     0.0     0.0
d R # 7  >    -0.0    -0.0    -0.0    -0.0    -0.0     0.0     0.0
d R # 8  >    -0.0    -0.0    -0.0    -0.0    -0.0    -0.0     0.0
s min # 3>     0.0     0.0     0.0     0.0     0.0     0.0     0.0
s min # 4>     0.0     0.0     0.0     0.0     0.0     0.0     0.0
s min # 5>     0.0     0.0     0.0     0.0     0.0     0.0     0.0
s min # 6>     0.0     0.0     0.0     0.0     0.0     0.0     0.0
s min # 7>     0.0     0.0     0.0     0.0     0.0     0.0     0.0
s min # 8>     0.0     0.0     0.0     0.0     0.0     0.0     0.0
xqcutij # 3>     0.0     0.0     0.0     0.0     0.0     0.0     0.0
xqcutij # 4>     0.0     0.0     0.0     0.0     0.0     0.0     0.0
xqcutij # 5>     0.0     0.0     0.0     0.0     0.0     0.0     0.0
xqcutij # 6>     0.0     0.0     0.0     0.0     0.0     0.0     0.0
xqcutij # 7>     0.0     0.0     0.0     0.0     0.0     0.0     0.0
xqcutij # 8>     0.0     0.0     0.0     0.0     0.0     0.0     0.0
 Excluding BW           -1           1
 Requiring BW           -2           2
 Excluding BW           -3           3
 Requiring BW           -4           4
 Excluding BW           -5           5
 Excluding BW           -6           6
 alpha_s for scale    603.81402828627813       is    9.8975244400012610E-002
 Added good helicity            1   54.593812500593828       in event            1 local:           1
 Added good helicity           21   72.732779446266264       in event            1 local:           1
 Added good helicity           25   6.0822046363553255E-004  in event            1 local:           1
 Added good helicity           37   8.2702986748441884E-002  in event            1 local:           1
 Added good helicity           41   3.0154352612032049E-002  in event            1 local:           1
 Added good helicity           61  0.18400642663426364       in event            1 local:           1
 Added good helicity          193   110.10079708956857       in event            1 local:           1
 Added good helicity          213   15.718290764339264       in event            1 local:           1
 Added good helicity          217   1.6956267542012359E-002  in event            1 local:           1
 Added good helicity          229   2.4036620537703426       in event            1 local:           1
 Added good helicity          233   9.1372198420523479E-002  in event            1 local:           1
 Added good helicity          253   4.4857693040804968E-002  in event            1 local:           1
 Added good helicity            1   54.593812500593835       in event            1 local:           1
 Added good helicity           21   72.732779446266434       in event            1 local:           1
 Added good helicity           25   6.0822046363563859E-004  in event            1 local:           1
 Added good helicity           37   8.2702986748442675E-002  in event            1 local:           1
 Added good helicity           41   3.0154352612032590E-002  in event            1 local:           1
 Added good helicity           61  0.18400642663426561       in event            1 local:           1
 Added good helicity          193   110.10079708956822       in event            1 local:           1
 Added good helicity          213   15.718290764339383       in event            1 local:           1
 Added good helicity          217   1.6956267542012446E-002  in event            1 local:           1
 Added good helicity          229   2.4036620537704034       in event            1 local:           1
 Added good helicity          233   9.1372198420524867E-002  in event            1 local:           1
 Added good helicity          253   4.4857693040805717E-002  in event            1 local:           1
 RESET CUMULATIVE VARIABLE
 RESET CUMULATIVE VARIABLE
 RESET CUMULATIVE VARIABLE
 Iteration  1   Mean: 0.1007E-10 Abs mean: 0.1007E-10   Fluctuation:  0.289E-11   0.190E-08    10.9%
  1    0.1007E-10 0.1007E-10 +- 0.2889E-11      9.08
 Writing out events   1.8433961568849170E-014   9.0767161150385220     
 Relative summed weights:
  0.1115E-02  0.7830E-04  0.3756E-03  0.6745E-02  0.0000E+00  0.5844E-01
  0.8567E-02  0.5540E-01  0.1880E-03  0.9021E-02  0.3587E-06  0.0000E+00
  0.3242E-01  0.6857E-03  0.4502E-02  0.1225E+00  0.0000E+00  0.0000E+00
  0.2991E-01  0.1644E-01  0.4919E-01  0.1149E-01  0.2927E-05  0.0000E+00
  0.2752E-01  0.9300E-02  0.1402E-02  0.7308E-04  0.0000E+00  0.0000E+00
  0.2962E-01  0.9510E-02  0.1239E-02  0.1200E-02  0.0000E+00  0.0000E+00
  0.2349E+00  0.1259E+00  0.3196E-02  0.5017E-02  0.1172E-08  0.1353E-09
  0.1904E-01  0.9051E-01  0.2403E-01  0.1003E-01  0.4356E-03  0.7808E-07
 Relative number of events:
  0.1784E-01  0.1189E-01  0.1189E-01  0.8920E-02  0.0000E+00  0.9911E-03
  0.1685E-01  0.1487E-01  0.1189E-01  0.8920E-02  0.9911E-03  0.0000E+00
  0.5946E-01  0.5352E-01  0.4063E-01  0.4063E-01  0.0000E+00  0.0000E+00
  0.4559E-01  0.6442E-01  0.3469E-01  0.4262E-01  0.9911E-03  0.0000E+00
  0.1388E-01  0.1586E-01  0.4955E-02  0.1090E-01  0.0000E+00  0.0000E+00
  0.1883E-01  0.1388E-01  0.1189E-01  0.8920E-02  0.0000E+00  0.0000E+00
  0.4856E-01  0.6343E-01  0.4063E-01  0.3766E-01  0.9911E-03  0.9911E-03
  0.5748E-01  0.6244E-01  0.5352E-01  0.4559E-01  0.9911E-03  0.9911E-03
 Events:
          18          12          12           9           0           1
          17          15          12           9           1           0
          60          54          41          41           0           0
          46          65          35          43           1           0
          14          16           5          11           0           0
          19          14          12           9           0           0
          49          64          41          38           1           1
          58          63          54          46           1           1
 Iteration  2   Mean: 0.3959E-10 Abs mean: 0.3959E-10   Fluctuation:  0.140E-10   0.210E-07    33.7%
  2    0.3959E-10 0.3959E-10 +- 0.1403E-10     15.85
 Relative summed weights:
  0.1163E-01  0.3583E-03  0.5013E-02  0.6981E-02  0.0000E+00  0.0000E+00
  0.3318E-03  0.3893E-03  0.1297E-02  0.1354E-03  0.0000E+00  0.0000E+00
  0.1530E-01  0.1123E-01  0.2221E-02  0.4656E-02  0.1054E-08  0.0000E+00
  0.2942E-01  0.4242E-02  0.4101E-01  0.1025E-01  0.0000E+00  0.5585E-04
  0.2793E+00  0.1080E-01  0.7507E-04  0.5028E-04  0.0000E+00  0.0000E+00
  0.1418E-01  0.6658E-01  0.3242E-03  0.3202E-02  0.0000E+00  0.3715E-05
  0.2841E-01  0.6704E-02  0.2339E+00  0.2014E-01  0.4665E-01  0.0000E+00
  0.2117E-02  0.6221E-02  0.1278E+00  0.9032E-02  0.0000E+00  0.0000E+00
 Relative number of events:
  0.1450E-01  0.1600E-01  0.8000E-02  0.9500E-02  0.0000E+00  0.0000E+00
  0.1650E-01  0.1350E-01  0.7500E-02  0.6000E-02  0.0000E+00  0.0000E+00
  0.5800E-01  0.5650E-01  0.3750E-01  0.4200E-01  0.5000E-03  0.0000E+00
  0.6000E-01  0.5800E-01  0.4300E-01  0.4100E-01  0.0000E+00  0.5000E-03
  0.1650E-01  0.1600E-01  0.9500E-02  0.8000E-02  0.0000E+00  0.0000E+00
  0.1900E-01  0.1300E-01  0.6500E-02  0.1200E-01  0.0000E+00  0.1000E-02
  0.5550E-01  0.5850E-01  0.4350E-01  0.3800E-01  0.1500E-02  0.0000E+00
  0.5350E-01  0.6200E-01  0.5100E-01  0.4650E-01  0.0000E+00  0.0000E+00
 Events:
          29          32          16          19           0           0
          33          27          15          12           0           0
         116         113          75          84           1           0
         120         116          86          82           0           1
          33          32          19          16           0           0
          38          26          13          24           0           2
         111         117          87          76           3           0
         107         124         102          93           0           0
 Iteration  3   Mean: 0.2948E-10 Abs mean: 0.2948E-10   Fluctuation:  0.709E-11   0.161E-07    46.3%
  3    0.2948E-10 0.2948E-10 +- 0.7086E-11     15.20
 Relative summed weights:
  0.2146E-01  0.3370E-02  0.1029E-01  0.1145E+00  0.0000E+00  0.0000E+00
  0.1231E-01  0.1010E+00  0.6139E-03  0.1574E-01  0.0000E+00  0.7240E-05
  0.1207E-01  0.1344E+00  0.2297E-01  0.5036E-02  0.3331E-05  0.2345E-01
  0.2308E-01  0.5000E-01  0.3513E-01  0.2876E-01  0.1921E-04  0.0000E+00
  0.3856E-02  0.1162E-01  0.4214E-02  0.1171E-02  0.0000E+00  0.0000E+00
  0.5820E-02  0.4518E-02  0.1125E-02  0.1500E-02  0.1036E-04  0.0000E+00
  0.2080E-01  0.1026E-01  0.7020E-02  0.3641E-02  0.7776E-03  0.4569E-04
  0.1948E-01  0.1362E+00  0.1412E+00  0.1253E-01  0.1167E-06  0.1652E-04
 Relative number of events:
  0.1650E-01  0.1475E-01  0.9500E-02  0.9500E-02  0.0000E+00  0.0000E+00
  0.1475E-01  0.1500E-01  0.1150E-01  0.7000E-02  0.0000E+00  0.5000E-03
  0.6000E-01  0.5750E-01  0.4050E-01  0.4300E-01  0.1000E-02  0.1250E-02
  0.5925E-01  0.5625E-01  0.4175E-01  0.4025E-01  0.7500E-03  0.0000E+00
  0.1825E-01  0.1525E-01  0.9750E-02  0.7750E-02  0.0000E+00  0.0000E+00
  0.1275E-01  0.1525E-01  0.8500E-02  0.1100E-01  0.5000E-03  0.0000E+00
  0.5475E-01  0.5575E-01  0.3675E-01  0.3550E-01  0.2500E-03  0.7500E-03
  0.6300E-01  0.6250E-01  0.4225E-01  0.4800E-01  0.5000E-03  0.5000E-03
 Events:
          66          59          38          38           0           0
          59          60          46          28           0           2
         240         230         162         172           4           5
         237         225         167         161           3           0
          73          61          39          31           0           0
          51          61          34          44           2           0
         219         223         147         142           1           3
         252         250         169         192           2           2
 Accuracy:    0.314   0.100   0.164   3.697
 Found          119  events.
 Wrote            6  events.
 Actual xsec    2.5330501816343832E-011
 Correct abs xsec    2.5330501816343832E-011
 Event xsec    2.5330501816343832E-011
 Events wgts > 1:            0
 % Cross section > 1:    0.0000000000000000        0.0000000000000000     
 Iteration  4   Mean: 0.4236E-10 Abs mean: 0.4236E-10   Fluctuation:  0.109E-10   0.568E-07    48.2%
  4    0.4236E-10 0.4236E-10 +- 0.1089E-10     23.00
 Relative summed weights:
  0.1889E-02  0.1708E-01  0.8917E-01  0.4315E-02  0.4224E-05  0.9466E-04
  0.1792E-01  0.2275E+00  0.4882E-02  0.2165E-01  0.6860E-08  0.0000E+00
  0.2100E-01  0.2457E-01  0.2205E-01  0.1678E-01  0.3966E-04  0.6698E-05
  0.1190E-01  0.3602E-01  0.7121E-02  0.1420E-01  0.4068E-10  0.2627E-05
  0.1274E-01  0.5359E-01  0.1045E-01  0.5016E-02  0.0000E+00  0.0000E+00
  0.1743E+00  0.5613E-02  0.2743E-02  0.1348E-01  0.1319E-05  0.0000E+00
  0.1844E-01  0.2714E-01  0.1473E-01  0.7481E-02  0.2977E-05  0.1403E-04
  0.6846E-02  0.2278E-01  0.7411E-01  0.1225E-01  0.1560E-06  0.9734E-07
 Relative number of events:
  0.1450E-01  0.1475E-01  0.9500E-02  0.8625E-02  0.2500E-03  0.5000E-03
  0.1575E-01  0.1663E-01  0.8375E-02  0.9000E-02  0.1250E-03  0.0000E+00
  0.5675E-01  0.5738E-01  0.4113E-01  0.4512E-01  0.3750E-03  0.5000E-03
  0.6087E-01  0.5688E-01  0.4175E-01  0.4138E-01  0.1250E-03  0.6250E-03
  0.1588E-01  0.1213E-01  0.8625E-02  0.9000E-02  0.0000E+00  0.0000E+00
  0.1450E-01  0.1750E-01  0.9125E-02  0.1000E-01  0.1250E-03  0.0000E+00
  0.5600E-01  0.5337E-01  0.4325E-01  0.3762E-01  0.7500E-03  0.6250E-03
  0.5788E-01  0.6588E-01  0.4312E-01  0.4300E-01  0.6250E-03  0.1250E-03
 Events:
         116         118          76          69           2           4
         126         133          67          72           1           0
         454         459         329         361           3           4
         487         455         334         331           1           5
         127          97          69          72           0           0
         116         140          73          80           1           0
         448         427         346         301           6           5
         463         527         345         344           5           1
 Accuracy:    0.234   0.100   0.138   2.869
 Found          373  events.
 Wrote            5  events.
 Actual xsec    3.6294602987782574E-011
 Correct abs xsec    3.6294602987782574E-011
 Event xsec    3.6294602987782574E-011
 Events wgts > 1:            1
 % Cross section > 1:    7.8658767718839684E-019   2.1672304211542874E-006
 Iteration  5   Mean: 0.2787E-10 Abs mean: 0.2787E-10   Fluctuation:  0.334E-11   0.289E-07    48.3%
  5    0.2787E-10 0.2787E-10 +- 0.3337E-11     15.15
 Relative summed weights:
  0.6480E-02  0.2586E-01  0.1176E-01  0.1746E-01  0.5980E-04  0.0000E+00
  0.5423E-01  0.3402E-01  0.2400E-01  0.1159E-01  0.6409E-04  0.2914E-06
  0.4196E-01  0.2687E-01  0.2497E-01  0.8003E-01  0.5118E-05  0.2412E-04
  0.5570E-01  0.2422E-01  0.2526E-01  0.8282E-01  0.2504E-04  0.1959E-03
  0.2581E-01  0.1117E-01  0.2471E-01  0.4909E-02  0.4177E-05  0.5176E-05
  0.1763E-01  0.1845E-01  0.5942E-02  0.5512E-01  0.4005E-03  0.1900E-05
  0.2849E-01  0.2111E-01  0.7495E-01  0.2792E-01  0.0000E+00  0.1997E-04
  0.2634E-01  0.2491E-01  0.6468E-01  0.1981E-01  0.1852E-05  0.3346E-05
 Relative number of events:
  0.1463E-01  0.1550E-01  0.9813E-02  0.9687E-02  0.1250E-03  0.0000E+00
  0.1575E-01  0.1787E-01  0.9562E-02  0.7625E-02  0.1250E-03  0.1250E-03
  0.5869E-01  0.5769E-01  0.4156E-01  0.3881E-01  0.5625E-03  0.3125E-03
  0.6413E-01  0.5594E-01  0.3887E-01  0.3944E-01  0.2500E-03  0.3750E-03
  0.1719E-01  0.1663E-01  0.8625E-02  0.9375E-02  0.1250E-03  0.1875E-03
  0.1519E-01  0.1675E-01  0.8313E-02  0.8812E-02  0.2500E-03  0.1250E-03
  0.5544E-01  0.5912E-01  0.4275E-01  0.4250E-01  0.0000E+00  0.6250E-03
  0.5925E-01  0.5944E-01  0.3875E-01  0.4238E-01  0.4375E-03  0.3125E-03
 Events:
         234         248         157         155           2           0
         252         286         153         122           2           2
         939         923         665         621           9           5
        1026         895         622         631           4           6
         275         266         138         150           2           3
         243         268         133         141           4           2
         887         946         684         680           0          10
         948         951         620         678           7           5
 Accuracy:    0.140   0.100   0.090   2.407
 Found          770  events.
 Wrote           22  events.
 Actual xsec    3.0288396496301845E-011
 Correct abs xsec    3.0288396496301845E-011
 Event xsec    3.0288396496301838E-011
 Events wgts > 1:            1
 % Cross section > 1:    3.9429462131443031E-019   1.3018009103340053E-006

 -------------------------------------------------------------------------------
 Accumulated results:   Integral =  0.2889E-10
                        Std dev  =  0.2612E-11
                       Cross sec =  0.2889E-10
             Chi**2 per DoF.     =      2.4074
 -------------------------------------------------------------------------------
-------------------------------------------------
---------------------------
 Results Last   3 iters: Integral =   0.3029E-10
                     Abs integral =   0.3029E-10
                          Std dev =   0.2996E-11
                  Chi**2 per DoF. =      0.8831
-------------------------------------------------
---------------------------
 Status  0.10000000000000001                6           5

ls status:
events.lhe
ftn26
input_app.txt
results.dat
run1_app.log
