 Process in group number            1
 A PDF is used, so alpha_s(MZ) is going to be modified
 Old value of alpha_s from param_card:   0.11839999999999999     
  ****************************************
 
       NNPDFDriver version 1.0.3
   Grid: NNPDF23_lo_as_0130_qed_mem0.grid
  ****************************************
 New value of alpha_s from PDF nn23lo1:  0.13000000000000000     
 Define smin to   1600.0000000000000     
 Define smin to   1600.0000000000000     
 Define smin to   1600.0000000000000     
 *****************************************************
 *               MadGraph/MadEvent                   *
 *        --------------------------------           *
 *          http://madgraph.hep.uiuc.edu             *
 *          http://madgraph.phys.ucl.ac.be           *
 *          http://madgraph.roma2.infn.it            *
 *        --------------------------------           *
 *                                                   *
 *          PARAMETER AND COUPLING VALUES            *
 *                                                   *
 *****************************************************

  External Params
  ---------------------------------
  
 mdl_VeN1 =    1.0000000000000000     
 mdl_VeN2 =    0.0000000000000000     
 mdl_VeN3 =    0.0000000000000000     
 mdl_VmuN1 =    0.0000000000000000     
 mdl_VmuN2 =    1.0000000000000000     
 mdl_VmuN3 =    0.0000000000000000     
 mdl_VtaN1 =    0.0000000000000000     
 mdl_VtaN2 =    0.0000000000000000     
 mdl_VtaN3 =    1.0000000000000000     
 mdl_VN1N1 =    1.0000000000000000     
 mdl_VN1N2 =    1.0000000000000000     
 mdl_VN1N3 =    1.0000000000000000     
 mdl_VN2N2 =    1.0000000000000000     
 mdl_VN2N3 =    1.0000000000000000     
 mdl_VN3N3 =    1.0000000000000000     
 aEWM1 =    127.90000000000001     
 mdl_Gf =    1.1663700000000000E-005
 aS =   0.11839999999999999     
 mdl_ymt =    172.00000000000000     
 mdl_vevf =    50.000000000000000     
 mdl_MZ =    91.187600000000003     
 mdl_MT =    172.00000000000000     
 mdl_MH =    125.00000000000000     
 mdl_mN1 =    2000.0000000000000     
 mdl_mN2 =    2100.0000000000000     
 mdl_mN3 =    2200.0000000000000     
 mdl_MJ =    91.187600000000003     
 mdl_MAx =    173.04800000000000     
 mdl_WZ =    2.4952000000000001     
 mdl_WW =    2.0850000000000000     
 mdl_WT =    1.5083359999999999     
 mdl_WH =    4.0699999999999998E-003
 mdl_WN1 =   0.30299999999999999     
 mdl_WN2 =    1.5000000000000000     
 mdl_WN3 =    12.300000000000001     
 mdl_WJ =    2.4952000000000001     
 mdl_WAx =    4.1700000000000001E-003
  Internal Params
  ---------------------------------
  
 mdl_vevf__exp__2 =    2500.0000000000000     
 mdl_sqrt__vevf__exp__2 =    50.000000000000000     
 mdl_muJ =    50.000000000000000     
 mdl_MZ__exp__2 =    8315.1783937600012     
 mdl_MZ__exp__4 =    69142191.720053151     
 mdl_sqrt__2 =    1.4142135623730951     
 mdl_MJ__exp__2 =    8315.1783937600012     
 mdl_muJ__exp__2 =    2500.0000000000000     
 mdl_lamJ =    4.3260713575040004     
 mdl_MH__exp__2 =    15625.000000000000     
 mdl_complexi =  (  0.0000000000000000     ,  1.0000000000000000     )
 mdl_aEW =    7.8186082877247844E-003
 mdl_MW =    79.824359746197842     
 mdl_sqrt__aEW =    8.8422894590285753E-002
 mdl_ee =   0.31345100004952897     
 mdl_MW__exp__2 =    6371.9284088904105     
 mdl_sw2 =   0.23369913342182447     
 mdl_cw =   0.87538612427783857     
 mdl_sqrt__sw2 =   0.48342438232036300     
 mdl_sw =   0.48342438232036300     
 mdl_g1 =   0.35807170271074895     
 mdl_gN =   0.64839716719502682     
 mdl_gw =   0.64839716719502682     
 mdl_vev =    246.22056907348590     
 mdl_vev__exp__2 =    60624.568634871241     
 mdl_lam =   0.12886689630821144     
 mdl_yt =   0.98791394091683138     
 mdl_muH =    88.388347648318444     
 mdl_I2a33 =  ( 0.98791394091683138     ,  0.0000000000000000     )
 mdl_I3a33 =  ( 0.98791394091683138     ,  0.0000000000000000     )
 mdl_ee__exp__2 =    9.8251529432049817E-002
 mdl_sw__exp__2 =   0.23369913342182450     
 mdl_cw__exp__2 =   0.76630086657817542     
  Internal Params evaluated point by point
  ----------------------------------------
  
 mdl_sqrt__aS =   0.34409301068170506     
 mdl_G__exp__2 =    1.4878582807401259     
  Couplings of SM_HeavyN_UFO
  ---------------------------------
  
         GC_1 =  -0.00000E+00  -0.10448E+00
         GC_2 =   0.00000E+00   0.20897E+00
         GC_3 =  -0.00000E+00  -0.31345E+00
         GC_4 =   0.00000E+00   0.31345E+00
        GC_26 =   0.00000E+00   0.45849E+00
        GC_27 =  -0.00000E+00  -0.28380E+00
        GC_28 =   0.00000E+00   0.28380E+00
        GC_30 =   0.00000E+00   0.56760E+00
        GC_35 =  -0.00000E+00  -0.28850E-01
        GC_37 =   0.00000E+00   0.17310E+00
        GC_39 =   0.00000E+00  -0.19725E+00
        GC_40 =   0.00000E+00   0.37035E+00
        GC_80 =   0.00000E+00   0.67543E+02
       GC_107 =  -0.00000E+00  -0.74070E+00
       GC_109 =  -0.00000E+00  -0.74070E+00
       GC_111 =  -0.00000E+00  -0.74070E+00
       GC_113 =  -0.00000E+00  -0.74070E+00
       GC_115 =  -0.00000E+00  -0.74070E+00
       GC_117 =  -0.00000E+00  -0.74070E+00
       GC_119 =   0.00000E+00   0.00000E+00
       GC_120 =   0.00000E+00   0.00000E+00
       GC_122 =  -0.00000E+00  -0.00000E+00
       GC_126 =   0.00000E+00   0.00000E+00
       GC_127 =   0.00000E+00   0.00000E+00
       GC_129 =  -0.00000E+00  -0.00000E+00
       GC_133 =   0.00000E+00   0.45849E+00
       GC_134 =   0.00000E+00   0.37035E+00
       GC_136 =  -0.00000E+00  -0.89351E+01
        GC_81 =   0.40000E+02   0.00000E+00
        GC_82 =   0.42000E+02   0.00000E+00
        GC_83 =   0.44000E+02   0.00000E+00

 Collider parameters:
 --------------------

 Running at P P   machine @    13000.000000000000       GeV
 PDF set = nn23lo1
 alpha_s(Mz)= 0.1300 running at 2 loops.
 alpha_s(Mz)= 0.1300 running at 2 loops.
 Renormalization scale set on event-by-event basis
 Factorization   scale set on event-by-event basis


 getting user params
Enter number of events and max and min iterations: 
 Number of events and iterations         1000           5           3
Enter desired fractional accuracy: 
 Desired fractional accuracy:   0.10000000000000001     
Enter 0 for fixed, 2 for adjustable grid: 
Suppress amplitude (0 no, 1 yes)? 
 Using suppressed amplitude.
Exact helicity sum (0 yes, n = number/event)? 
 Explicitly summing over helicities
Enter Configuration Number: 
Running Configuration Number:  393
 Using dconfig=         692
 BW Setting            2           2           1           1           2           2           0
 Attempting mappinvarients           1           9
 Completed mapping           9
 about to integrate           19        1000           5           3          19           1
 Using non-zero grid deformation.
 19 dimensions   1000 events 19 invarients  5 iterations  1 config(s),  (0.99)
 Using h-tuple random number sequence.
 Error opening grid
 Using Uniform Grid!          36
 Using uniform alpha   1.0000000000000000     
 Grid defined OK
 Set CM energy to      13000.00
 Mapping Graph         393  to config         393
Setting grid   1    0.75740E-07   1
Setting grid   2    0.75740E-07   1
 Setting BW          -3           3   2200.0000000000000     
 Setting BW          -4           4   79.824359746197842     
Setting grid   5    0.28499E-04   1
Setting grid   6    0.28845E-01   1
 Transforming s_hat 1/s           18   2.9106967869601152E-002   1600.0000000000000        168999999.99999997     
 393   1   2   3   4   5   6   7   8   9  10  11  12  13  14
  15  16  17  18  19
 Masses: 0.000E+00 0.000E+00 0.000E+00 0.000E+00 0.000E+00 0.000E+00 0.000E+00 0.000E+00 0.912E+02
Using random seed offsets   393 :      1
  with seed                   24
 Ranmar initialization seeds         123        9398
 
 ********************************************
 * You are using the DiscreteSampler module *
 *      part of the MG5_aMC framework       *
 *         Author: Valentin Hirschi         *
 ********************************************
 
  Particle       3       4       5       6       7       8       9
      Et >    10.0    10.0    10.0    10.0     0.0     0.0     0.0
       E >     0.0     0.0     0.0     0.0     0.0     0.0     0.0
     Eta <     2.5     2.5     2.5     2.5    -1.0    -1.0    -1.0
   xqcut:      0.0     0.0     0.0     0.0     0.0     0.0     0.0
d R # 3  >    -0.0     0.4     0.4     0.4     0.0     0.0     0.0
d R # 4  >    -0.0    -0.0     0.4     0.4     0.0     0.0     0.0
d R # 5  >    -0.0    -0.0    -0.0     0.4     0.0     0.0     0.0
d R # 6  >    -0.0    -0.0    -0.0    -0.0     0.0     0.0     0.0
d R # 7  >    -0.0    -0.0    -0.0    -0.0    -0.0     0.0     0.0
d R # 8  >    -0.0    -0.0    -0.0    -0.0    -0.0    -0.0     0.0
s min # 3>     0.0     0.0     0.0     0.0     0.0     0.0     0.0
s min # 4>     0.0     0.0     0.0     0.0     0.0     0.0     0.0
s min # 5>     0.0     0.0     0.0     0.0     0.0     0.0     0.0
s min # 6>     0.0     0.0     0.0     0.0     0.0     0.0     0.0
s min # 7>     0.0     0.0     0.0     0.0     0.0     0.0     0.0
s min # 8>     0.0     0.0     0.0     0.0     0.0     0.0     0.0
xqcutij # 3>     0.0     0.0     0.0     0.0     0.0     0.0     0.0
xqcutij # 4>     0.0     0.0     0.0     0.0     0.0     0.0     0.0
xqcutij # 5>     0.0     0.0     0.0     0.0     0.0     0.0     0.0
xqcutij # 6>     0.0     0.0     0.0     0.0     0.0     0.0     0.0
xqcutij # 7>     0.0     0.0     0.0     0.0     0.0     0.0     0.0
xqcutij # 8>     0.0     0.0     0.0     0.0     0.0     0.0     0.0
 Excluding BW           -1           1
 Excluding BW           -2           2
 Requiring BW           -3           3
 Requiring BW           -4           4
 Excluding BW           -5           5
 Excluding BW           -6           6
 alpha_s for scale    2677.0974235399453       is    8.3424743552158329E-002
 Added good helicity            1   2.3324861214192336       in event            1 local:           1
 Added good helicity           21  0.58261195905520902       in event            1 local:           1
 Added good helicity           25   2.8523792907007658E-005  in event            1 local:           1
 Added good helicity           37   5.7779708678580222E-007  in event            1 local:           1
 Added good helicity           41   1.4810544123510474       in event            1 local:           1
 Added good helicity           61  0.40687769585406924       in event            1 local:           1
 Added good helicity          193   159.83171355997780       in event            1 local:           1
 Added good helicity          213   2.4143656095961235       in event            1 local:           1
 Added good helicity          217   5.1681922456610487E-006  in event            1 local:           1
 Added good helicity          229   3.0593435098327717E-006  in event            1 local:           1
 Added good helicity          233   87.563393504055881       in event            1 local:           1
 Added good helicity          253   1.3874598085649112       in event            1 local:           1
 Added good helicity            1   2.3324861214198234       in event            1 local:           1
 Added good helicity           21  0.58261195905525531       in event            1 local:           1
 Added good helicity           25   2.8523792906987506E-005  in event            1 local:           1
 Added good helicity           37   5.7779708678578105E-007  in event            1 local:           1
 Added good helicity           41   1.4810544123490770       in event            1 local:           1
 Added good helicity           61  0.40687769585410538       in event            1 local:           1
 Added good helicity          193   159.83171355999693       in event            1 local:           1
 Added good helicity          213   2.4143656095960866       in event            1 local:           1
 Added good helicity          217   5.1681922456624692E-006  in event            1 local:           1
 Added good helicity          229   3.0593435098326455E-006  in event            1 local:           1
 Added good helicity          233   87.563393504038103       in event            1 local:           1
 Added good helicity          253   1.3874598085649117       in event            1 local:           1
 RESET CUMULATIVE VARIABLE
 RESET CUMULATIVE VARIABLE
 RESET CUMULATIVE VARIABLE
 Iteration  1   Mean: 0.4447E-11 Abs mean: 0.4447E-11   Fluctuation:  0.427E-11   0.427E-08    14.4%
  1    0.4447E-11 0.4447E-11 +- 0.4272E-11     30.38
 Writing out events   6.1682953803276641E-015   30.377104508687971     
 Relative summed weights:
  0.2148E-02  0.2918E-03  0.1480E-04  0.2895E-04  0.0000E+00  0.0000E+00
  0.4381E-03  0.1314E-03  0.1023E-04  0.3923E-03  0.0000E+00  0.1593E-09
  0.2262E-03  0.2091E-03  0.6386E-04  0.9315E-05  0.0000E+00  0.0000E+00
  0.1724E-02  0.8210E-04  0.3519E-04  0.4137E-03  0.0000E+00  0.2430E-07
  0.4315E-03  0.9195E-02  0.2564E-03  0.1679E-01  0.0000E+00  0.0000E+00
  0.7102E-04  0.3329E-04  0.8628E-03  0.1099E-04  0.0000E+00  0.0000E+00
  0.1616E-04  0.1170E-03  0.2896E-04  0.9604E+00  0.0000E+00  0.0000E+00
  0.1683E-05  0.4810E-05  0.2375E-05  0.5598E-02  0.7897E-08  0.4639E-05
 Relative number of events:
  0.5352E-01  0.4955E-01  0.2478E-01  0.2478E-01  0.0000E+00  0.0000E+00
  0.2279E-01  0.1685E-01  0.2081E-01  0.3370E-01  0.0000E+00  0.1982E-02
  0.3766E-01  0.4757E-01  0.5253E-01  0.3171E-01  0.0000E+00  0.0000E+00
  0.1487E-01  0.2973E-01  0.2279E-01  0.2180E-01  0.0000E+00  0.9911E-03
  0.4460E-01  0.5451E-01  0.3964E-01  0.4559E-01  0.0000E+00  0.0000E+00
  0.4163E-01  0.4063E-01  0.3568E-01  0.3469E-01  0.0000E+00  0.0000E+00
  0.1685E-01  0.1586E-01  0.1784E-01  0.1685E-01  0.0000E+00  0.0000E+00
  0.1982E-01  0.1784E-01  0.2081E-01  0.2577E-01  0.9911E-03  0.1982E-02
 Events:
          54          50          25          25           0           0
          23          17          21          34           0           2
          38          48          53          32           0           0
          15          30          23          22           0           1
          45          55          40          46           0           0
          42          41          36          35           0           0
          17          16          18          17           0           0
          20          18          21          26           1           2
 Iteration  2   Mean: 0.1210E-12 Abs mean: 0.1210E-12   Fluctuation:  0.377E-13   0.426E-10    26.6%
  2    0.1210E-12 0.1210E-12 +- 0.3773E-13     13.94
 Relative summed weights:
  0.1491E+00  0.6104E-03  0.4582E-02  0.1277E-03  0.0000E+00  0.6468E-07
  0.2615E-02  0.3737E-01  0.2651E-02  0.5935E-01  0.1174E-08  0.7804E-12
  0.2652E+00  0.8213E-01  0.4323E-04  0.2090E+00  0.0000E+00  0.0000E+00
  0.1049E-02  0.4148E-04  0.3916E-03  0.5256E-03  0.2782E-17  0.6387E-05
  0.4792E-01  0.1805E-01  0.7471E-02  0.6308E-01  0.1617E-09  0.0000E+00
  0.2121E-02  0.8108E-03  0.4929E-04  0.2453E-03  0.0000E+00  0.1058E-08
  0.1039E-05  0.1260E-03  0.6568E-02  0.2623E-01  0.1101E-04  0.2597E-05
  0.1445E-02  0.1003E-01  0.1024E-02  0.3024E-04  0.2958E-09  0.1342E-07
 Relative number of events:
  0.4950E-01  0.4450E-01  0.3300E-01  0.3400E-01  0.0000E+00  0.5000E-03
  0.2850E-01  0.2100E-01  0.2500E-01  0.2000E-01  0.1000E-02  0.5000E-03
  0.4850E-01  0.5850E-01  0.2950E-01  0.3600E-01  0.0000E+00  0.0000E+00
  0.2450E-01  0.1600E-01  0.1650E-01  0.1800E-01  0.5000E-03  0.1000E-02
  0.4500E-01  0.5400E-01  0.4250E-01  0.4050E-01  0.5000E-03  0.0000E+00
  0.4450E-01  0.4450E-01  0.3650E-01  0.3450E-01  0.0000E+00  0.5000E-03
  0.1600E-01  0.1750E-01  0.2200E-01  0.1700E-01  0.5000E-03  0.5000E-03
  0.1700E-01  0.1600E-01  0.2050E-01  0.2150E-01  0.5000E-03  0.1500E-02
 Events:
          99          89          66          68           0           1
          57          42          50          40           2           1
          97         117          59          72           0           0
          49          32          33          36           1           2
          90         108          85          81           1           0
          89          89          73          69           0           1
          32          35          44          34           1           1
          34          32          41          43           1           3
 Iteration  3   Mean: 0.1206E-11 Abs mean: 0.1206E-11   Fluctuation:  0.504E-12   0.163E-08    38.4%
  3    0.1206E-11 0.1206E-11 +- 0.5036E-12     26.42
 Relative summed weights:
  0.1082E-02  0.5579E-02  0.6747E-02  0.6190E-02  0.0000E+00  0.0000E+00
  0.9197E-01  0.2675E-02  0.2061E-02  0.2179E-03  0.2895E-08  0.9308E-06
  0.8365E-02  0.7190E-01  0.2568E-01  0.1437E-02  0.1033E-09  0.2008E-06
  0.5552E-02  0.3465E-01  0.2127E-03  0.1162E-02  0.1506E-05  0.0000E+00
  0.6259E-02  0.8715E-02  0.7122E-02  0.8605E-03  0.0000E+00  0.8765E-09
  0.2050E-01  0.8241E-02  0.3416E+00  0.2504E+00  0.0000E+00  0.0000E+00
  0.5080E-01  0.1636E-02  0.3264E-02  0.2717E-01  0.1068E-06  0.9782E-11
  0.1326E-02  0.5088E-02  0.8903E-03  0.5834E-03  0.4243E-09  0.1250E-11
 Relative number of events:
  0.5300E-01  0.4850E-01  0.4075E-01  0.3275E-01  0.0000E+00  0.0000E+00
  0.2300E-01  0.2175E-01  0.1875E-01  0.1975E-01  0.2500E-03  0.5000E-03
  0.4100E-01  0.5225E-01  0.3650E-01  0.2850E-01  0.2500E-03  0.2500E-03
  0.2350E-01  0.2075E-01  0.1750E-01  0.1850E-01  0.2500E-03  0.0000E+00
  0.5275E-01  0.4625E-01  0.3575E-01  0.3275E-01  0.0000E+00  0.2500E-03
  0.4850E-01  0.5275E-01  0.3625E-01  0.2700E-01  0.0000E+00  0.0000E+00
  0.2375E-01  0.2325E-01  0.1825E-01  0.1850E-01  0.2500E-03  0.1000E-02
  0.2450E-01  0.2375E-01  0.1725E-01  0.1825E-01  0.2500E-03  0.5000E-03
 Events:
         212         194         163         131           0           0
          92          87          75          79           1           2
         164         209         146         114           1           1
          94          83          70          74           1           0
         211         185         143         131           0           1
         194         211         145         108           0           0
          95          93          73          74           1           4
          98          95          69          73           1           2
 Accuracy:    1.010   0.100   0.242  17.446
 Found          186  events.
 Wrote            3  events.
 Actual xsec    7.5849949316595218E-013
 Correct abs xsec    7.5849949316595218E-013
 Event xsec    7.5849949316595229E-013
 Events wgts > 1:            1
 % Cross section > 1:    2.4925732029244663E-020   3.2861896749865270E-006
 Iteration  4   Mean: 0.2061E-10 Abs mean: 0.2061E-10   Fluctuation:  0.784E-11   0.546E-07    42.8%
  4    0.2061E-10 0.2061E-10 +- 0.7841E-11     34.03
 Relative summed weights:
  0.1704E-01  0.1045E-01  0.8018E-01  0.3349E+00  0.3711E-07  0.0000E+00
  0.1247E-02  0.7685E-02  0.1658E-01  0.3012E-03  0.7560E-08  0.0000E+00
  0.1538E-01  0.5427E-01  0.1022E-02  0.8458E-01  0.0000E+00  0.8785E-06
  0.1416E+00  0.1676E-03  0.5070E-02  0.2727E-02  0.1959E-06  0.0000E+00
  0.4345E-02  0.2723E-01  0.1410E-01  0.5747E-02  0.0000E+00  0.0000E+00
  0.3138E-01  0.1697E-02  0.3102E-02  0.4430E-01  0.6033E-07  0.3125E-08
  0.8084E-02  0.2799E-01  0.2331E-03  0.1455E-03  0.6375E-05  0.3647E-06
  0.5289E-01  0.5490E-03  0.6164E-03  0.4371E-02  0.8473E-08  0.1359E-05
 Relative number of events:
  0.5488E-01  0.5563E-01  0.3513E-01  0.3163E-01  0.1250E-03  0.0000E+00
  0.1950E-01  0.2413E-01  0.1725E-01  0.1825E-01  0.1250E-03  0.0000E+00
  0.5813E-01  0.5025E-01  0.3425E-01  0.2975E-01  0.0000E+00  0.1250E-03
  0.1825E-01  0.2088E-01  0.1688E-01  0.1688E-01  0.5000E-03  0.0000E+00
  0.5087E-01  0.4662E-01  0.3463E-01  0.3438E-01  0.0000E+00  0.0000E+00
  0.5450E-01  0.4900E-01  0.3250E-01  0.3263E-01  0.1250E-03  0.1250E-03
  0.2162E-01  0.1988E-01  0.1925E-01  0.1800E-01  0.6250E-03  0.2500E-03
  0.2000E-01  0.2513E-01  0.1762E-01  0.1875E-01  0.2500E-03  0.7500E-03
 Events:
         439         445         281         253           1           0
         156         193         138         146           1           0
         465         402         274         238           0           1
         146         167         135         135           4           0
         407         373         277         275           0           0
         436         392         260         261           1           1
         173         159         154         144           5           2
         160         201         141         150           2           6
 Accuracy:    0.806   0.100   0.204  15.610
 Found          369  events.
 Wrote            2  events.
 Actual xsec    6.5632546734686005E-012
 Correct abs xsec    6.5632546734686005E-012
 Event xsec    6.5632546734685997E-012
 Events wgts > 1:            1
 % Cross section > 1:    7.3688575419742712E-019   1.1227444169982086E-005
 Iteration  5   Mean: 0.3639E-10 Abs mean: 0.3639E-10   Fluctuation:  0.119E-10   0.139E-06    40.7%
  5    0.3639E-10 0.3639E-10 +- 0.1187E-10     41.25
 Relative summed weights:
  0.3117E-01  0.1676E+00  0.3846E-02  0.5582E-02  0.3213E-08  0.0000E+00
  0.9222E-02  0.2456E+00  0.5391E-02  0.9758E-03  0.6128E-05  0.3713E-08
  0.3963E-01  0.6305E-02  0.1236E-01  0.6944E-01  0.1554E-07  0.0000E+00
  0.7453E-02  0.2619E-02  0.5899E-01  0.2441E-01  0.9019E-10  0.5593E-09
  0.2281E-01  0.1465E-01  0.3193E-02  0.5733E-02  0.2184E-05  0.8173E-08
  0.1361E-01  0.2430E-01  0.5883E-02  0.1379E-02  0.1895E-05  0.6029E-07
  0.3110E-02  0.1308E+00  0.2814E-01  0.8548E-02  0.3760E-08  0.3576E-07
  0.3109E-01  0.9567E-02  0.4279E-02  0.2225E-02  0.2743E-09  0.2621E-05
 Relative number of events:
  0.5056E-01  0.4750E-01  0.3388E-01  0.3375E-01  0.6250E-04  0.0000E+00
  0.2344E-01  0.2294E-01  0.1681E-01  0.1719E-01  0.6250E-04  0.3125E-03
  0.5312E-01  0.5412E-01  0.3156E-01  0.3344E-01  0.1250E-03  0.0000E+00
  0.2187E-01  0.1937E-01  0.1800E-01  0.1881E-01  0.6250E-04  0.1250E-03
  0.5281E-01  0.5375E-01  0.3075E-01  0.3331E-01  0.1250E-03  0.6250E-04
  0.4844E-01  0.5769E-01  0.3263E-01  0.3275E-01  0.1250E-03  0.1250E-03
  0.2069E-01  0.2187E-01  0.1856E-01  0.1694E-01  0.1250E-03  0.2500E-03
  0.2150E-01  0.2187E-01  0.1937E-01  0.1875E-01  0.1875E-03  0.1875E-03
 Events:
         809         760         542         540           1           0
         375         367         269         275           1           5
         850         866         505         535           2           0
         350         310         288         301           1           2
         845         860         492         533           2           1
         775         923         522         524           2           2
         331         350         297         271           2           4
         344         350         310         300           3           3
 Accuracy:    0.520   0.100   0.173   9.034
 Found          447  events.
 Wrote            6  events.
 Actual xsec    2.2292341646432684E-011
 Correct abs xsec    2.2292341646432684E-011
 Event xsec    2.2292341646432684E-011
 Events wgts > 1:            0
 % Cross section > 1:    0.0000000000000000        0.0000000000000000     

 -------------------------------------------------------------------------------
 Accumulated results:   Integral =  0.1489E-10
                        Std dev  =  0.2575E-11
                       Cross sec =  0.1489E-10
             Chi**2 per DoF.     =      9.0342
 -------------------------------------------------------------------------------
-------------------------------------------------
---------------------------
 Results Last   3 iters: Integral =   0.2229E-10
                     Abs integral =   0.2229E-10
                          Std dev =   0.4748E-11
                  Chi**2 per DoF. =    877.3837
-------------------------------------------------
---------------------------
 Status  0.10000000000000001                6           5

ls status:
events.lhe
ftn26
input_app.txt
results.dat
run1_app.log
