 Process in group number            1
 A PDF is used, so alpha_s(MZ) is going to be modified
 Old value of alpha_s from param_card:   0.11839999999999999     
  ****************************************
 
       NNPDFDriver version 1.0.3
   Grid: NNPDF23_lo_as_0130_qed_mem0.grid
  ****************************************
 New value of alpha_s from PDF nn23lo1:  0.13000000000000000     
 Define smin to   1600.0000000000000     
 Define smin to   1600.0000000000000     
 Define smin to   1600.0000000000000     
 *****************************************************
 *               MadGraph/MadEvent                   *
 *        --------------------------------           *
 *          http://madgraph.hep.uiuc.edu             *
 *          http://madgraph.phys.ucl.ac.be           *
 *          http://madgraph.roma2.infn.it            *
 *        --------------------------------           *
 *                                                   *
 *          PARAMETER AND COUPLING VALUES            *
 *                                                   *
 *****************************************************

  External Params
  ---------------------------------
  
 mdl_VeN1 =    1.0000000000000000     
 mdl_VeN2 =    0.0000000000000000     
 mdl_VeN3 =    0.0000000000000000     
 mdl_VmuN1 =    0.0000000000000000     
 mdl_VmuN2 =    1.0000000000000000     
 mdl_VmuN3 =    0.0000000000000000     
 mdl_VtaN1 =    0.0000000000000000     
 mdl_VtaN2 =    0.0000000000000000     
 mdl_VtaN3 =    1.0000000000000000     
 mdl_VN1N1 =    1.0000000000000000     
 mdl_VN1N2 =    1.0000000000000000     
 mdl_VN1N3 =    1.0000000000000000     
 mdl_VN2N2 =    1.0000000000000000     
 mdl_VN2N3 =    1.0000000000000000     
 mdl_VN3N3 =    1.0000000000000000     
 aEWM1 =    127.90000000000001     
 mdl_Gf =    1.1663700000000000E-005
 aS =   0.11839999999999999     
 mdl_ymt =    172.00000000000000     
 mdl_vevf =    50.000000000000000     
 mdl_MZ =    91.187600000000003     
 mdl_MT =    172.00000000000000     
 mdl_MH =    125.00000000000000     
 mdl_mN1 =    1644.0000000000000     
 mdl_mN2 =    1744.0000000000000     
 mdl_mN3 =    1844.0000000000000     
 mdl_MJ =    91.187600000000003     
 mdl_MAx =    173.04800000000000     
 mdl_WZ =    2.4952000000000001     
 mdl_WW =    2.0850000000000000     
 mdl_WT =    1.5083359999999999     
 mdl_WH =    4.0699999999999998E-003
 mdl_WN1 =   0.30299999999999999     
 mdl_WN2 =    1.5000000000000000     
 mdl_WN3 =    12.300000000000001     
 mdl_WJ =    2.4952000000000001     
 mdl_WAx =    4.1700000000000001E-003
  Internal Params
  ---------------------------------
  
 mdl_vevf__exp__2 =    2500.0000000000000     
 mdl_sqrt__vevf__exp__2 =    50.000000000000000     
 mdl_muJ =    50.000000000000000     
 mdl_MZ__exp__2 =    8315.1783937600012     
 mdl_MZ__exp__4 =    69142191.720053151     
 mdl_sqrt__2 =    1.4142135623730951     
 mdl_MJ__exp__2 =    8315.1783937600012     
 mdl_muJ__exp__2 =    2500.0000000000000     
 mdl_lamJ =    4.3260713575040004     
 mdl_MH__exp__2 =    15625.000000000000     
 mdl_complexi =  (  0.0000000000000000     ,  1.0000000000000000     )
 mdl_aEW =    7.8186082877247844E-003
 mdl_MW =    79.824359746197842     
 mdl_sqrt__aEW =    8.8422894590285753E-002
 mdl_ee =   0.31345100004952897     
 mdl_MW__exp__2 =    6371.9284088904105     
 mdl_sw2 =   0.23369913342182447     
 mdl_cw =   0.87538612427783857     
 mdl_sqrt__sw2 =   0.48342438232036300     
 mdl_sw =   0.48342438232036300     
 mdl_g1 =   0.35807170271074895     
 mdl_gN =   0.64839716719502682     
 mdl_gw =   0.64839716719502682     
 mdl_vev =    246.22056907348590     
 mdl_vev__exp__2 =    60624.568634871241     
 mdl_lam =   0.12886689630821144     
 mdl_yt =   0.98791394091683138     
 mdl_muH =    88.388347648318444     
 mdl_I2a33 =  ( 0.98791394091683138     ,  0.0000000000000000     )
 mdl_I3a33 =  ( 0.98791394091683138     ,  0.0000000000000000     )
 mdl_ee__exp__2 =    9.8251529432049817E-002
 mdl_sw__exp__2 =   0.23369913342182450     
 mdl_cw__exp__2 =   0.76630086657817542     
  Internal Params evaluated point by point
  ----------------------------------------
  
 mdl_sqrt__aS =   0.34409301068170506     
 mdl_G__exp__2 =    1.4878582807401259     
  Couplings of SM_HeavyN_UFO
  ---------------------------------
  
         GC_1 =  -0.00000E+00  -0.10448E+00
         GC_2 =   0.00000E+00   0.20897E+00
         GC_3 =  -0.00000E+00  -0.31345E+00
         GC_4 =   0.00000E+00   0.31345E+00
        GC_26 =   0.00000E+00   0.45849E+00
        GC_27 =  -0.00000E+00  -0.28380E+00
        GC_28 =   0.00000E+00   0.28380E+00
        GC_30 =   0.00000E+00   0.56760E+00
        GC_35 =  -0.00000E+00  -0.28850E-01
        GC_37 =   0.00000E+00   0.17310E+00
        GC_39 =   0.00000E+00  -0.19725E+00
        GC_40 =   0.00000E+00   0.37035E+00
        GC_80 =   0.00000E+00   0.67543E+02
       GC_107 =  -0.00000E+00  -0.74070E+00
       GC_109 =  -0.00000E+00  -0.74070E+00
       GC_111 =  -0.00000E+00  -0.74070E+00
       GC_113 =  -0.00000E+00  -0.74070E+00
       GC_115 =  -0.00000E+00  -0.74070E+00
       GC_117 =  -0.00000E+00  -0.74070E+00
       GC_119 =   0.00000E+00   0.00000E+00
       GC_120 =   0.00000E+00   0.00000E+00
       GC_122 =  -0.00000E+00  -0.00000E+00
       GC_126 =   0.00000E+00   0.00000E+00
       GC_127 =   0.00000E+00   0.00000E+00
       GC_129 =  -0.00000E+00  -0.00000E+00
       GC_133 =   0.00000E+00   0.45849E+00
       GC_134 =   0.00000E+00   0.37035E+00
       GC_136 =  -0.00000E+00  -0.74892E+01
        GC_81 =   0.32880E+02   0.00000E+00
        GC_82 =   0.34880E+02   0.00000E+00
        GC_83 =   0.36880E+02   0.00000E+00

 Collider parameters:
 --------------------

 Running at P P   machine @    13000.000000000000       GeV
 PDF set = nn23lo1
 alpha_s(Mz)= 0.1300 running at 2 loops.
 alpha_s(Mz)= 0.1300 running at 2 loops.
 Renormalization scale set on event-by-event basis
 Factorization   scale set on event-by-event basis


 getting user params
Enter number of events and max and min iterations: 
 Number of events and iterations         1000           5           3
Enter desired fractional accuracy: 
 Desired fractional accuracy:   0.10000000000000001     
Enter 0 for fixed, 2 for adjustable grid: 
Suppress amplitude (0 no, 1 yes)? 
 Using suppressed amplitude.
Exact helicity sum (0 yes, n = number/event)? 
 Explicitly summing over helicities
Enter Configuration Number: 
Running Configuration Number: 1209
 Using dconfig=          76
 BW Setting            1           1           2           2           0           0           0
 Attempting mappinvarients           1           9
 Completed mapping           9
 about to integrate           19        1000           5           3          19           1
 Using non-zero grid deformation.
 19 dimensions   1000 events 19 invarients  5 iterations  1 config(s),  (0.99)
 Using h-tuple random number sequence.
 Error opening grid
 Using Uniform Grid!          36
 Using uniform alpha   1.0000000000000000     
 Grid defined OK
 Set CM energy to      13000.00
 Mapping Graph        1209  to config        1209
 Setting BW          -1           1   79.824359746197842     
 Setting BW          -2           2   1844.0000000000000     
Setting grid   3    0.20773E-01   1
Setting grid   4    0.20773E-01   1
 Setting BW          -5           5   79.824359746197842     
Setting grid   6    0.20773E-01   1
 Transforming s_hat 1/s           18   2.1219246901738226E-002   1600.0000000000000        168999999.99999997     
1209   1   2   3   4   5   6   7   8   9  10  11  12  13  14
  15  16  17  18  19
 Masses: 0.000E+00 0.000E+00 0.000E+00 0.000E+00 0.000E+00 0.000E+00 0.000E+00 0.000E+00 0.912E+02
Using random seed offsets  1209 :      1
  with seed                   24
 Ranmar initialization seeds         939        9398
 
 ********************************************
 * You are using the DiscreteSampler module *
 *      part of the MG5_aMC framework       *
 *         Author: Valentin Hirschi         *
 ********************************************
 
  Particle       3       4       5       6       7       8       9
      Et >    10.0    10.0    10.0    10.0     0.0     0.0     0.0
       E >     0.0     0.0     0.0     0.0     0.0     0.0     0.0
     Eta <     2.5     2.5     2.5     2.5    -1.0    -1.0    -1.0
   xqcut:      0.0     0.0     0.0     0.0     0.0     0.0     0.0
d R # 3  >    -0.0     0.4     0.4     0.4     0.0     0.0     0.0
d R # 4  >    -0.0    -0.0     0.4     0.4     0.0     0.0     0.0
d R # 5  >    -0.0    -0.0    -0.0     0.4     0.0     0.0     0.0
d R # 6  >    -0.0    -0.0    -0.0    -0.0     0.0     0.0     0.0
d R # 7  >    -0.0    -0.0    -0.0    -0.0    -0.0     0.0     0.0
d R # 8  >    -0.0    -0.0    -0.0    -0.0    -0.0    -0.0     0.0
s min # 3>     0.0     0.0     0.0     0.0     0.0     0.0     0.0
s min # 4>     0.0     0.0     0.0     0.0     0.0     0.0     0.0
s min # 5>     0.0     0.0     0.0     0.0     0.0     0.0     0.0
s min # 6>     0.0     0.0     0.0     0.0     0.0     0.0     0.0
s min # 7>     0.0     0.0     0.0     0.0     0.0     0.0     0.0
s min # 8>     0.0     0.0     0.0     0.0     0.0     0.0     0.0
xqcutij # 3>     0.0     0.0     0.0     0.0     0.0     0.0     0.0
xqcutij # 4>     0.0     0.0     0.0     0.0     0.0     0.0     0.0
xqcutij # 5>     0.0     0.0     0.0     0.0     0.0     0.0     0.0
xqcutij # 6>     0.0     0.0     0.0     0.0     0.0     0.0     0.0
xqcutij # 7>     0.0     0.0     0.0     0.0     0.0     0.0     0.0
xqcutij # 8>     0.0     0.0     0.0     0.0     0.0     0.0     0.0
 Requiring BW           -1           1
 Requiring BW           -2           2
 Excluding BW           -3           3
 Excluding BW           -4           4
 No cut BW           -5           5
 alpha_s for scale    1877.8151580040492       is    8.6659785091583230E-002
 Added good helicity            1   79.693242531966035       in event            1 local:           1
 Added good helicity           37   1.1739225330907608E-006  in event            1 local:           1
 Added good helicity          193   176.30671022221108       in event            1 local:           1
 Added good helicity          229   4.6068689734031452E-005  in event            1 local:           1
 Added good helicity            1   79.693242531962284       in event            1 local:           1
 Added good helicity           37   1.1739225330903466E-006  in event            1 local:           1
 Added good helicity          193   176.30671022221483       in event            1 local:           1
 Added good helicity          229   4.6068689734030639E-005  in event            1 local:           1
 Added good helicity           25   1.3205216615467153E-006  in event            4 local:           2
 Added good helicity          217   5.7300121545599449E-007  in event            4 local:           2
 Added good helicity           25   1.3205216615457527E-006  in event            4 local:           2
 Added good helicity          217   5.7300121545547081E-007  in event            4 local:           2
 Added good helicity           41   1.1739225330906865E-006  in event            7 local:           3
 Added good helicity          233   4.6068689734028538E-005  in event            7 local:           3
 Added good helicity           41   1.1739225330902996E-006  in event            7 local:           3
 Added good helicity          233   4.6068689734028796E-005  in event            7 local:           3
 Added good helicity           21   1.3205216615467348E-006  in event           10 local:           4
 Added good helicity          213   5.7300121545600307E-007  in event           10 local:           4
 Added good helicity           21   1.3205216615457558E-006  in event           10 local:           4
 Added good helicity          213   5.7300121545547219E-007  in event           10 local:           4
 RESET CUMULATIVE VARIABLE
 RESET CUMULATIVE VARIABLE
 RESET CUMULATIVE VARIABLE
 Iteration  1   Mean: 0.1334E-04 Abs mean: 0.1334E-04   Fluctuation:  0.756E-05   0.716E-02    43.8%
  1    0.1334E-04 0.1334E-04 +- 0.7564E-05     17.93
 Writing out events   6.0924642137478013E-009   17.933226242027217     
 Relative summed weights:
  0.4654E-01  0.1332E-01  0.1255E-03  0.3121E-02  0.0000E+00  0.0000E+00
  0.6300E-02  0.6780E-02  0.3225E-04  0.9786E-04  0.0000E+00  0.0000E+00
  0.1429E+00  0.8923E-02  0.2557E-01  0.1440E-04  0.0000E+00  0.0000E+00
  0.1045E-02  0.7895E-01  0.4899E-04  0.3186E-05  0.0000E+00  0.0000E+00
  0.1260E-01  0.6022E+00  0.2976E-02  0.2725E-02  0.0000E+00  0.0000E+00
  0.2628E-02  0.7351E-03  0.3800E-05  0.1418E-03  0.0000E+00  0.8941E-07
  0.2335E-02  0.3342E-01  0.7999E-04  0.7474E-03  0.0000E+00  0.0000E+00
  0.1522E-02  0.3699E-02  0.3952E-03  0.4480E-04  0.0000E+00  0.0000E+00
 Relative number of events:
  0.7929E-01  0.7433E-01  0.1388E-01  0.9911E-02  0.0000E+00  0.0000E+00
  0.3370E-01  0.3171E-01  0.3964E-02  0.5946E-02  0.0000E+00  0.0000E+00
  0.5154E-01  0.5946E-01  0.1487E-01  0.1388E-01  0.0000E+00  0.0000E+00
  0.2379E-01  0.3667E-01  0.4955E-02  0.6938E-02  0.0000E+00  0.0000E+00
  0.7631E-01  0.8523E-01  0.1487E-01  0.9911E-02  0.0000E+00  0.0000E+00
  0.4361E-01  0.2775E-01  0.5946E-02  0.3964E-02  0.0000E+00  0.9911E-03
  0.7235E-01  0.7532E-01  0.1487E-01  0.2081E-01  0.0000E+00  0.0000E+00
  0.3271E-01  0.3568E-01  0.7929E-02  0.6938E-02  0.0000E+00  0.0000E+00
 Events:
          80          75          14          10           0           0
          34          32           4           6           0           0
          52          60          15          14           0           0
          24          37           5           7           0           0
          77          86          15          10           0           0
          44          28           6           4           0           1
          73          76          15          21           0           0
          33          36           8           7           0           0
 Iteration  2   Mean: 0.3296E-05 Abs mean: 0.3296E-05   Fluctuation:  0.125E-05   0.188E-02    67.9%
  2    0.3296E-05 0.3296E-05 +- 0.1254E-05     17.02
 Relative summed weights:
  0.2411E+00  0.3803E+00  0.8235E-02  0.1697E-03  0.0000E+00  0.0000E+00
  0.3126E-02  0.7190E-02  0.4558E-03  0.3821E-03  0.0000E+00  0.0000E+00
  0.6408E-02  0.1448E-01  0.2261E-02  0.1488E-03  0.0000E+00  0.0000E+00
  0.7027E-02  0.5997E-01  0.1667E-02  0.1065E-02  0.0000E+00  0.0000E+00
  0.3701E-01  0.2807E-01  0.3994E-02  0.8793E-02  0.0000E+00  0.0000E+00
  0.1943E-01  0.1071E-01  0.1896E-03  0.8251E-04  0.0000E+00  0.0000E+00
  0.2435E-01  0.3648E-01  0.1058E-02  0.2624E-02  0.0000E+00  0.0000E+00
  0.3437E-02  0.8043E-01  0.9379E-02  0.3944E-04  0.0000E+00  0.0000E+00
 Relative number of events:
  0.6450E-01  0.8200E-01  0.1200E-01  0.8500E-02  0.0000E+00  0.0000E+00
  0.3950E-01  0.3050E-01  0.6000E-02  0.4500E-02  0.0000E+00  0.0000E+00
  0.7400E-01  0.6850E-01  0.1300E-01  0.7000E-02  0.0000E+00  0.0000E+00
  0.3250E-01  0.3650E-01  0.5500E-02  0.7000E-02  0.0000E+00  0.0000E+00
  0.7150E-01  0.6950E-01  0.7500E-02  0.1100E-01  0.0000E+00  0.0000E+00
  0.4000E-01  0.4000E-01  0.6000E-02  0.4000E-02  0.0000E+00  0.0000E+00
  0.6700E-01  0.6950E-01  0.8500E-02  0.7500E-02  0.0000E+00  0.0000E+00
  0.4950E-01  0.4800E-01  0.4500E-02  0.4500E-02  0.0000E+00  0.0000E+00
 Events:
         129         164          24          17           0           0
          79          61          12           9           0           0
         148         137          26          14           0           0
          65          73          11          14           0           0
         143         139          15          22           0           0
          80          80          12           8           0           0
         134         139          17          15           0           0
          99          96           9           9           0           0
 Iteration  3   Mean: 0.4253E-05 Abs mean: 0.4253E-05   Fluctuation:  0.801E-06   0.172E-02    73.4%
  3    0.4253E-05 0.4253E-05 +- 0.8014E-06     11.92
 Relative summed weights:
  0.2880E-01  0.3091E-01  0.7992E-03  0.9543E-02  0.0000E+00  0.0000E+00
  0.1706E-01  0.1094E+00  0.5709E-03  0.7117E-01  0.0000E+00  0.0000E+00
  0.7820E-01  0.3581E-01  0.9237E-03  0.1683E-02  0.0000E+00  0.0000E+00
  0.5207E-01  0.1829E-01  0.2971E-02  0.4516E-03  0.0000E+00  0.7121E-06
  0.7325E-01  0.6414E-01  0.9815E-02  0.3231E-02  0.0000E+00  0.0000E+00
  0.1271E+00  0.5503E-01  0.6401E-01  0.6469E-02  0.0000E+00  0.0000E+00
  0.1517E-01  0.1727E-01  0.2969E-02  0.2948E-02  0.0000E+00  0.0000E+00
  0.1681E-01  0.7640E-01  0.2541E-02  0.4193E-02  0.0000E+00  0.0000E+00
 Relative number of events:
  0.7875E-01  0.7900E-01  0.1075E-01  0.1075E-01  0.0000E+00  0.0000E+00
  0.3775E-01  0.3875E-01  0.4750E-02  0.6750E-02  0.0000E+00  0.0000E+00
  0.6550E-01  0.7200E-01  0.7000E-02  0.1400E-01  0.0000E+00  0.0000E+00
  0.3625E-01  0.4100E-01  0.4750E-02  0.5750E-02  0.0000E+00  0.2500E-03
  0.6650E-01  0.7050E-01  0.1125E-01  0.1000E-01  0.0000E+00  0.0000E+00
  0.3925E-01  0.3675E-01  0.3500E-02  0.4500E-02  0.0000E+00  0.0000E+00
  0.7050E-01  0.6975E-01  0.1375E-01  0.8250E-02  0.0000E+00  0.0000E+00
  0.3675E-01  0.3300E-01  0.5250E-02  0.6750E-02  0.0000E+00  0.0000E+00
 Events:
         315         316          43          43           0           0
         151         155          19          27           0           0
         262         288          28          56           0           0
         145         164          19          23           0           1
         266         282          45          40           0           0
         157         147          14          18           0           0
         282         279          55          33           0           0
         147         132          21          27           0           0
 Accuracy:    0.376   0.100   0.162   5.395
 Found          149  events.
 Wrote            9  events.
 Actual xsec    4.8199938951550265E-006
 Correct abs xsec    4.8199938951550265E-006
 Event xsec    4.8199938951550257E-006
 Events wgts > 1:            0
 % Cross section > 1:    0.0000000000000000        0.0000000000000000     
 Iteration  4   Mean: 0.1047E-04 Abs mean: 0.1047E-04   Fluctuation:  0.216E-05   0.102E-01    74.9%
  4    0.1047E-04 0.1047E-04 +- 0.2158E-05     18.43
 Relative summed weights:
  0.2448E-01  0.2394E-01  0.4309E-02  0.3915E-03  0.0000E+00  0.6364E-05
  0.1514E+00  0.5400E-01  0.1610E-03  0.1483E-02  0.5357E-05  0.0000E+00
  0.3887E-01  0.3049E-01  0.3965E-02  0.1826E-02  0.0000E+00  0.0000E+00
  0.3506E-01  0.1570E+00  0.5661E-04  0.4754E-03  0.0000E+00  0.0000E+00
  0.1180E+00  0.2407E-01  0.1193E-02  0.3071E-02  0.2686E-07  0.0000E+00
  0.9687E-02  0.1087E+00  0.7821E-02  0.7117E-03  0.0000E+00  0.0000E+00
  0.9630E-01  0.2126E-01  0.3291E-01  0.2081E-02  0.0000E+00  0.0000E+00
  0.3777E-01  0.3653E-02  0.3554E-02  0.1290E-02  0.0000E+00  0.0000E+00
 Relative number of events:
  0.7200E-01  0.7150E-01  0.9750E-02  0.9875E-02  0.0000E+00  0.1250E-03
  0.3587E-01  0.3837E-01  0.4375E-02  0.4875E-02  0.1250E-03  0.0000E+00
  0.6938E-01  0.7337E-01  0.1263E-01  0.1100E-01  0.0000E+00  0.0000E+00
  0.3938E-01  0.3887E-01  0.5000E-02  0.5375E-02  0.0000E+00  0.0000E+00
  0.7312E-01  0.7500E-01  0.1063E-01  0.9250E-02  0.1250E-03  0.0000E+00
  0.3200E-01  0.3875E-01  0.5500E-02  0.4625E-02  0.0000E+00  0.0000E+00
  0.7212E-01  0.7275E-01  0.8250E-02  0.9625E-02  0.0000E+00  0.0000E+00
  0.3938E-01  0.3875E-01  0.4750E-02  0.3500E-02  0.0000E+00  0.0000E+00
 Events:
         576         572          78          79           0           1
         287         307          35          39           1           0
         555         587         101          88           0           0
         315         311          40          43           0           0
         585         600          85          74           1           0
         256         310          44          37           0           0
         577         582          66          77           0           0
         315         310          38          28           0           0
 Accuracy:    0.282   0.100   0.127   4.905
 Found          360  events.
 Wrote            7  events.
 Actual xsec    6.6405056639781715E-006
 Correct abs xsec    6.6405056639781715E-006
 Event xsec    6.6405056639781707E-006
 Events wgts > 1:            1
 % Cross section > 1:    1.0291541460472786E-013   1.5498129180583161E-006
 Iteration  5   Mean: 0.2534E-04 Abs mean: 0.2534E-04   Fluctuation:  0.979E-05   0.147E+00    77.1%
  5    0.2534E-04 0.2534E-04 +- 0.9788E-05     48.86
 Relative summed weights:
  0.4833E-01  0.5482E-01  0.4579E-03  0.2073E-02  0.0000E+00  0.0000E+00
  0.5033E-01  0.1161E-01  0.6470E-02  0.1068E-01  0.0000E+00  0.0000E+00
  0.1109E-01  0.3522E-01  0.1310E-02  0.6790E-03  0.9640E-05  0.0000E+00
  0.8227E-02  0.4008E+00  0.8601E-03  0.7398E-02  0.0000E+00  0.0000E+00
  0.2296E-01  0.1348E-01  0.4228E-03  0.5956E-03  0.8538E-05  0.0000E+00
  0.5101E-01  0.2854E-01  0.2976E-03  0.2162E-02  0.0000E+00  0.0000E+00
  0.1263E+00  0.4804E-01  0.2198E-02  0.2055E-02  0.0000E+00  0.2106E-05
  0.1116E-01  0.3838E-01  0.1590E-02  0.4256E-03  0.0000E+00  0.0000E+00
 Relative number of events:
  0.7506E-01  0.7456E-01  0.9062E-02  0.1069E-01  0.0000E+00  0.0000E+00
  0.3837E-01  0.3581E-01  0.4875E-02  0.5500E-02  0.0000E+00  0.0000E+00
  0.7137E-01  0.7044E-01  0.9250E-02  0.9938E-02  0.1250E-03  0.0000E+00
  0.3644E-01  0.3737E-01  0.5188E-02  0.5125E-02  0.0000E+00  0.0000E+00
  0.7731E-01  0.7225E-01  0.1019E-01  0.1031E-01  0.6250E-04  0.0000E+00
  0.3644E-01  0.3600E-01  0.4812E-02  0.5313E-02  0.0000E+00  0.0000E+00
  0.6919E-01  0.7206E-01  0.9813E-02  0.9938E-02  0.0000E+00  0.6250E-04
  0.3862E-01  0.3844E-01  0.5313E-02  0.4687E-02  0.0000E+00  0.0000E+00
 Events:
        1201        1193         145         171           0           0
         614         573          78          88           0           0
        1142        1127         148         159           2           0
         583         598          83          82           0           0
        1237        1156         163         165           1           0
         583         576          77          85           0           0
        1107        1153         157         159           0           1
         618         615          85          75           0           0
 Accuracy:    0.361   0.100   0.121   8.942
 Found          582  events.
 Wrote            3  events.
 Actual xsec    9.1797932813473050E-006
 Correct abs xsec    9.1797932813473050E-006
 Event xsec    9.1797932813473050E-006
 Events wgts > 1:            0
 % Cross section > 1:    0.0000000000000000        0.0000000000000000     

 -------------------------------------------------------------------------------
 Accumulated results:   Integral =  0.8775E-05
                        Std dev  =  0.1061E-05
                       Cross sec =  0.8775E-05
             Chi**2 per DoF.     =      8.9424
 -------------------------------------------------------------------------------
-------------------------------------------------
---------------------------
 Results Last   3 iters: Integral =   0.9180E-05
                     Abs integral =   0.9180E-05
                          Std dev =   0.1201E-05
                  Chi**2 per DoF. =     20.4372
-------------------------------------------------
---------------------------
 Status  0.10000000000000001                6           5

ls status:
events.lhe
ftn26
input_app.txt
results.dat
run1_app.log
