 Process in group number            1
 A PDF is used, so alpha_s(MZ) is going to be modified
 Old value of alpha_s from param_card:   0.11839999999999999     
  ****************************************
 
       NNPDFDriver version 1.0.3
   Grid: NNPDF23_lo_as_0130_qed_mem0.grid
  ****************************************
 New value of alpha_s from PDF nn23lo1:  0.13000000000000000     
 Define smin to   1600.0000000000000     
 Define smin to   1600.0000000000000     
 Define smin to   1600.0000000000000     
 *****************************************************
 *               MadGraph/MadEvent                   *
 *        --------------------------------           *
 *          http://madgraph.hep.uiuc.edu             *
 *          http://madgraph.phys.ucl.ac.be           *
 *          http://madgraph.roma2.infn.it            *
 *        --------------------------------           *
 *                                                   *
 *          PARAMETER AND COUPLING VALUES            *
 *                                                   *
 *****************************************************

  External Params
  ---------------------------------
  
 mdl_VeN1 =    1.0000000000000000     
 mdl_VeN2 =    0.0000000000000000     
 mdl_VeN3 =    0.0000000000000000     
 mdl_VmuN1 =    0.0000000000000000     
 mdl_VmuN2 =    1.0000000000000000     
 mdl_VmuN3 =    0.0000000000000000     
 mdl_VtaN1 =    0.0000000000000000     
 mdl_VtaN2 =    0.0000000000000000     
 mdl_VtaN3 =    1.0000000000000000     
 mdl_VN1N1 =    1.0000000000000000     
 mdl_VN1N2 =    1.0000000000000000     
 mdl_VN1N3 =    1.0000000000000000     
 mdl_VN2N2 =    1.0000000000000000     
 mdl_VN2N3 =    1.0000000000000000     
 mdl_VN3N3 =    1.0000000000000000     
 aEWM1 =    127.90000000000001     
 mdl_Gf =    1.1663700000000000E-005
 aS =   0.11839999999999999     
 mdl_ymt =    172.00000000000000     
 mdl_vevf =    50.000000000000000     
 mdl_MZ =    91.187600000000003     
 mdl_MT =    172.00000000000000     
 mdl_MH =    125.00000000000000     
 mdl_mN1 =    1644.0000000000000     
 mdl_mN2 =    1744.0000000000000     
 mdl_mN3 =    1844.0000000000000     
 mdl_MJ =    91.187600000000003     
 mdl_MAx =    173.04800000000000     
 mdl_WZ =    2.4952000000000001     
 mdl_WW =    2.0850000000000000     
 mdl_WT =    1.5083359999999999     
 mdl_WH =    4.0699999999999998E-003
 mdl_WN1 =   0.30299999999999999     
 mdl_WN2 =    1.5000000000000000     
 mdl_WN3 =    12.300000000000001     
 mdl_WJ =    2.4952000000000001     
 mdl_WAx =    4.1700000000000001E-003
  Internal Params
  ---------------------------------
  
 mdl_vevf__exp__2 =    2500.0000000000000     
 mdl_sqrt__vevf__exp__2 =    50.000000000000000     
 mdl_muJ =    50.000000000000000     
 mdl_MZ__exp__2 =    8315.1783937600012     
 mdl_MZ__exp__4 =    69142191.720053151     
 mdl_sqrt__2 =    1.4142135623730951     
 mdl_MJ__exp__2 =    8315.1783937600012     
 mdl_muJ__exp__2 =    2500.0000000000000     
 mdl_lamJ =    4.3260713575040004     
 mdl_MH__exp__2 =    15625.000000000000     
 mdl_complexi =  (  0.0000000000000000     ,  1.0000000000000000     )
 mdl_aEW =    7.8186082877247844E-003
 mdl_MW =    79.824359746197842     
 mdl_sqrt__aEW =    8.8422894590285753E-002
 mdl_ee =   0.31345100004952897     
 mdl_MW__exp__2 =    6371.9284088904105     
 mdl_sw2 =   0.23369913342182447     
 mdl_cw =   0.87538612427783857     
 mdl_sqrt__sw2 =   0.48342438232036300     
 mdl_sw =   0.48342438232036300     
 mdl_g1 =   0.35807170271074895     
 mdl_gN =   0.64839716719502682     
 mdl_gw =   0.64839716719502682     
 mdl_vev =    246.22056907348590     
 mdl_vev__exp__2 =    60624.568634871241     
 mdl_lam =   0.12886689630821144     
 mdl_yt =   0.98791394091683138     
 mdl_muH =    88.388347648318444     
 mdl_I2a33 =  ( 0.98791394091683138     ,  0.0000000000000000     )
 mdl_I3a33 =  ( 0.98791394091683138     ,  0.0000000000000000     )
 mdl_ee__exp__2 =    9.8251529432049817E-002
 mdl_sw__exp__2 =   0.23369913342182450     
 mdl_cw__exp__2 =   0.76630086657817542     
  Internal Params evaluated point by point
  ----------------------------------------
  
 mdl_sqrt__aS =   0.34409301068170506     
 mdl_G__exp__2 =    1.4878582807401259     
  Couplings of SM_HeavyN_UFO
  ---------------------------------
  
         GC_1 =  -0.00000E+00  -0.10448E+00
         GC_2 =   0.00000E+00   0.20897E+00
         GC_3 =  -0.00000E+00  -0.31345E+00
         GC_4 =   0.00000E+00   0.31345E+00
        GC_26 =   0.00000E+00   0.45849E+00
        GC_27 =  -0.00000E+00  -0.28380E+00
        GC_28 =   0.00000E+00   0.28380E+00
        GC_30 =   0.00000E+00   0.56760E+00
        GC_35 =  -0.00000E+00  -0.28850E-01
        GC_37 =   0.00000E+00   0.17310E+00
        GC_39 =   0.00000E+00  -0.19725E+00
        GC_40 =   0.00000E+00   0.37035E+00
        GC_80 =   0.00000E+00   0.67543E+02
       GC_107 =  -0.00000E+00  -0.74070E+00
       GC_109 =  -0.00000E+00  -0.74070E+00
       GC_111 =  -0.00000E+00  -0.74070E+00
       GC_113 =  -0.00000E+00  -0.74070E+00
       GC_115 =  -0.00000E+00  -0.74070E+00
       GC_117 =  -0.00000E+00  -0.74070E+00
       GC_119 =   0.00000E+00   0.00000E+00
       GC_120 =   0.00000E+00   0.00000E+00
       GC_122 =  -0.00000E+00  -0.00000E+00
       GC_126 =   0.00000E+00   0.00000E+00
       GC_127 =   0.00000E+00   0.00000E+00
       GC_129 =  -0.00000E+00  -0.00000E+00
       GC_133 =   0.00000E+00   0.45849E+00
       GC_134 =   0.00000E+00   0.37035E+00
       GC_136 =  -0.00000E+00  -0.74892E+01
        GC_81 =   0.32880E+02   0.00000E+00
        GC_82 =   0.34880E+02   0.00000E+00
        GC_83 =   0.36880E+02   0.00000E+00

 Collider parameters:
 --------------------

 Running at P P   machine @    13000.000000000000       GeV
 PDF set = nn23lo1
 alpha_s(Mz)= 0.1300 running at 2 loops.
 alpha_s(Mz)= 0.1300 running at 2 loops.
 Renormalization scale set on event-by-event basis
 Factorization   scale set on event-by-event basis


 getting user params
Enter number of events and max and min iterations: 
 Number of events and iterations         1000           5           3
Enter desired fractional accuracy: 
 Desired fractional accuracy:   0.10000000000000001     
Enter 0 for fixed, 2 for adjustable grid: 
Suppress amplitude (0 no, 1 yes)? 
 Using suppressed amplitude.
Exact helicity sum (0 yes, n = number/event)? 
 Explicitly summing over helicities
Enter Configuration Number: 
Running Configuration Number: 1221
 Using dconfig=         638
 BW Setting            2           2           1           2           1           2           0
 Attempting mappinvarients           1           9
 Completed mapping           9
 about to integrate           19        1000           5           3          19           1
 Using non-zero grid deformation.
 19 dimensions   1000 events 19 invarients  5 iterations  1 config(s),  (0.99)
 Using h-tuple random number sequence.
 Error opening grid
 Using Uniform Grid!          36
 Using uniform alpha   1.0000000000000000     
 Grid defined OK
 Set CM energy to      13000.00
 Mapping Graph        1221  to config        1221
Setting grid   1    0.59172E-08   1
Setting grid   2    0.59172E-08   1
 Setting BW          -3           3   1844.0000000000000     
Setting grid   4    0.18801E-01   1
 Setting BW          -5           5   79.824359746197842     
Setting grid   6    0.20293E-01   1
 Transforming s_hat 1/s           18   2.0512835655759187E-002   1600.0000000000000        168999999.99999997     
1221   1   2   3   4   5   6   7   8   9  10  11  12  13  14
  15  16  17  18  19
 Masses: 0.000E+00 0.000E+00 0.000E+00 0.000E+00 0.000E+00 0.000E+00 0.000E+00 0.000E+00 0.912E+02
Using random seed offsets  1221 :      1
  with seed                   24
 Ranmar initialization seeds         951        9398
 
 ********************************************
 * You are using the DiscreteSampler module *
 *      part of the MG5_aMC framework       *
 *         Author: Valentin Hirschi         *
 ********************************************
 
  Particle       3       4       5       6       7       8       9
      Et >    10.0    10.0    10.0    10.0     0.0     0.0     0.0
       E >     0.0     0.0     0.0     0.0     0.0     0.0     0.0
     Eta <     2.5     2.5     2.5     2.5    -1.0    -1.0    -1.0
   xqcut:      0.0     0.0     0.0     0.0     0.0     0.0     0.0
d R # 3  >    -0.0     0.4     0.4     0.4     0.0     0.0     0.0
d R # 4  >    -0.0    -0.0     0.4     0.4     0.0     0.0     0.0
d R # 5  >    -0.0    -0.0    -0.0     0.4     0.0     0.0     0.0
d R # 6  >    -0.0    -0.0    -0.0    -0.0     0.0     0.0     0.0
d R # 7  >    -0.0    -0.0    -0.0    -0.0    -0.0     0.0     0.0
d R # 8  >    -0.0    -0.0    -0.0    -0.0    -0.0    -0.0     0.0
s min # 3>     0.0     0.0     0.0     0.0     0.0     0.0     0.0
s min # 4>     0.0     0.0     0.0     0.0     0.0     0.0     0.0
s min # 5>     0.0     0.0     0.0     0.0     0.0     0.0     0.0
s min # 6>     0.0     0.0     0.0     0.0     0.0     0.0     0.0
s min # 7>     0.0     0.0     0.0     0.0     0.0     0.0     0.0
s min # 8>     0.0     0.0     0.0     0.0     0.0     0.0     0.0
xqcutij # 3>     0.0     0.0     0.0     0.0     0.0     0.0     0.0
xqcutij # 4>     0.0     0.0     0.0     0.0     0.0     0.0     0.0
xqcutij # 5>     0.0     0.0     0.0     0.0     0.0     0.0     0.0
xqcutij # 6>     0.0     0.0     0.0     0.0     0.0     0.0     0.0
xqcutij # 7>     0.0     0.0     0.0     0.0     0.0     0.0     0.0
xqcutij # 8>     0.0     0.0     0.0     0.0     0.0     0.0     0.0
 Excluding BW           -1           1
 Excluding BW           -2           2
 Requiring BW           -3           3
 Excluding BW           -4           4
 Requiring BW           -5           5
 Excluding BW           -6           6
 alpha_s for scale    1222.8873011161097       is    9.0930557416330590E-002
 Added good helicity            1   135.31521610960110       in event            1 local:           1
 Added good helicity           21   6.0427516022556289E-004  in event            1 local:           1
 Added good helicity           25   20.800459681737156       in event            1 local:           1
 Added good helicity           37   1.0958092328729720E-006  in event            1 local:           1
 Added good helicity           41   1.8873256254129827E-005  in event            1 local:           1
 Added good helicity           61   8.7821874576020713E-007  in event            1 local:           1
 Added good helicity          193   55.435124306053268       in event            1 local:           1
 Added good helicity          213   6.6158978067454440E-004  in event            1 local:           1
 Added good helicity          217   44.447636120279910       in event            1 local:           1
 Added good helicity          229   4.8483620669623923E-006  in event            1 local:           1
 Added good helicity          233   2.6955805410182923E-004  in event            1 local:           1
 Added good helicity          253   2.6636873447759189E-006  in event            1 local:           1
 Added good helicity            1   135.31521610963469       in event            1 local:           1
 Added good helicity           21   6.0427516022585855E-004  in event            1 local:           1
 Added good helicity           25   20.800459681742883       in event            1 local:           1
 Added good helicity           37   1.0958092328739023E-006  in event            1 local:           1
 Added good helicity           41   1.8873256254144437E-005  in event            1 local:           1
 Added good helicity           61   8.7821874576038279E-007  in event            1 local:           1
 Added good helicity          193   55.435124306022644       in event            1 local:           1
 Added good helicity          213   6.6158978067469728E-004  in event            1 local:           1
 Added good helicity          217   44.447636120271163       in event            1 local:           1
 Added good helicity          229   4.8483620669676465E-006  in event            1 local:           1
 Added good helicity          233   2.6955805410205659E-004  in event            1 local:           1
 Added good helicity          253   2.6636873447763568E-006  in event            1 local:           1
 RESET CUMULATIVE VARIABLE
 RESET CUMULATIVE VARIABLE
 RESET CUMULATIVE VARIABLE
 Iteration  1   Mean: 0.5265E-05 Abs mean: 0.5265E-05   Fluctuation:  0.388E-05   0.380E-02    22.6%
  1    0.5265E-05 0.5265E-05 +- 0.3883E-05     23.32
 Writing out events   4.6577722789875574E-009   23.320780702149687     
 Relative summed weights:
  0.1207E-03  0.3893E-04  0.1718E-03  0.7376E-02  0.6066E-08  0.5664E-09
  0.2180E-03  0.9957E-03  0.1525E-05  0.3980E-04  0.1585E-05  0.4786E-04
  0.2658E-03  0.2774E-03  0.5056E-03  0.5973E-04  0.9423E-05  0.3551E-05
  0.3664E-02  0.4192E-03  0.2462E-04  0.1782E-03  0.5961E-09  0.3698E-06
  0.7407E-04  0.3549E-03  0.9299E-04  0.1502E-03  0.2954E-06  0.1522E-07
  0.3165E-04  0.4321E-03  0.1198E-04  0.1217E-04  0.1318E-07  0.0000E+00
  0.7217E+00  0.1254E+00  0.8889E-01  0.4693E-01  0.2084E-06  0.1052E-05
  0.2836E-03  0.2774E-04  0.1015E-02  0.1887E-03  0.1910E-05  0.1274E-04
 Relative number of events:
  0.3469E-01  0.3469E-01  0.5847E-01  0.6343E-01  0.2973E-02  0.6938E-02
  0.1685E-01  0.1586E-01  0.1090E-01  0.1388E-01  0.9911E-03  0.6938E-02
  0.3469E-01  0.4361E-01  0.3766E-01  0.4163E-01  0.8920E-02  0.1189E-01
  0.1784E-01  0.1784E-01  0.7929E-02  0.1784E-01  0.2973E-02  0.1982E-02
  0.3568E-01  0.3072E-01  0.5451E-01  0.4955E-01  0.4955E-02  0.1288E-01
  0.2279E-01  0.1388E-01  0.1288E-01  0.7929E-02  0.2973E-02  0.0000E+00
  0.3271E-01  0.2874E-01  0.4658E-01  0.4757E-01  0.3964E-02  0.1090E-01
  0.2081E-01  0.1487E-01  0.1388E-01  0.1090E-01  0.2973E-02  0.5946E-02
 Events:
          35          35          59          64           3           7
          17          16          11          14           1           7
          35          44          38          42           9          12
          18          18           8          18           3           2
          36          31          55          50           5          13
          23          14          13           8           3           0
          33          29          47          48           4          11
          21          15          14          11           3           6
 Iteration  2   Mean: 0.7302E-07 Abs mean: 0.7302E-07   Fluctuation:  0.270E-07   0.434E-04    48.2%
  2    0.7302E-07 0.7302E-07 +- 0.2703E-07     16.56
 Relative summed weights:
  0.5268E-01  0.8131E-02  0.1399E+00  0.2592E-02  0.2072E-06  0.7755E-04
  0.8113E-02  0.1705E-02  0.1452E-02  0.5926E-03  0.5801E-05  0.4029E-05
  0.1594E-01  0.9686E-02  0.4268E-01  0.1743E-02  0.1655E-03  0.3795E-04
  0.1085E-02  0.5457E-02  0.1095E-01  0.1109E-02  0.1466E-02  0.1889E-04
  0.1150E-01  0.2503E-01  0.4692E+00  0.6786E-02  0.1646E-04  0.2183E-03
  0.1255E+00  0.4524E-02  0.5101E-03  0.3564E-02  0.3753E-03  0.3513E-08
  0.3241E-02  0.5503E-02  0.1267E-01  0.1791E-02  0.1940E-04  0.6399E-03
  0.3567E-02  0.1482E-01  0.4266E-02  0.6285E-03  0.8194E-06  0.3426E-04
 Relative number of events:
  0.3850E-01  0.4300E-01  0.4550E-01  0.5100E-01  0.3500E-02  0.8000E-02
  0.2200E-01  0.2050E-01  0.1300E-01  0.1300E-01  0.4500E-02  0.1000E-02
  0.3900E-01  0.3650E-01  0.5150E-01  0.3900E-01  0.7500E-02  0.8000E-02
  0.2050E-01  0.1500E-01  0.1200E-01  0.9500E-02  0.2000E-02  0.2000E-02
  0.3900E-01  0.4250E-01  0.5100E-01  0.4050E-01  0.5500E-02  0.8000E-02
  0.2550E-01  0.2400E-01  0.1200E-01  0.1100E-01  0.1500E-02  0.5000E-03
  0.3250E-01  0.3250E-01  0.4650E-01  0.4400E-01  0.4500E-02  0.6500E-02
  0.2150E-01  0.2200E-01  0.1000E-01  0.1100E-01  0.1000E-02  0.1000E-02
 Events:
          77          86          91         102           7          16
          44          41          26          26           9           2
          78          73         103          78          15          16
          41          30          24          19           4           4
          78          85         102          81          11          16
          51          48          24          22           3           1
          65          65          93          88           9          13
          43          44          20          22           2           2
 Iteration  3   Mean: 0.4014E-06 Abs mean: 0.4014E-06   Fluctuation:  0.129E-06   0.429E-03    71.7%
  3    0.4014E-06 0.4014E-06 +- 0.1287E-06     20.27
 Relative summed weights:
  0.6909E-02  0.1411E+00  0.5072E-01  0.3396E-02  0.9060E-04  0.2810E-05
  0.3968E-01  0.2482E-02  0.3502E-02  0.4380E-02  0.5157E-06  0.1708E-03
  0.2759E+00  0.1067E-01  0.1287E-01  0.3314E-02  0.8415E-04  0.2215E-03
  0.1301E-01  0.6553E-03  0.3608E-01  0.8566E-02  0.2081E-06  0.2349E-04
  0.9953E-02  0.4695E-02  0.5039E-01  0.2144E-01  0.9987E-05  0.2313E-04
  0.1632E-02  0.1077E-02  0.7296E-02  0.2567E-02  0.6210E-08  0.2809E-03
  0.3829E-01  0.6682E-01  0.6894E-01  0.1072E-01  0.5454E-03  0.2256E-04
  0.4806E-01  0.6581E-03  0.5246E-01  0.3109E-03  0.1335E-06  0.4226E-05
 Relative number of events:
  0.3925E-01  0.4175E-01  0.4150E-01  0.5050E-01  0.6750E-02  0.3500E-02
  0.2050E-01  0.2400E-01  0.1000E-01  0.1100E-01  0.1500E-02  0.1250E-02
  0.3750E-01  0.3900E-01  0.4800E-01  0.4550E-01  0.8000E-02  0.3500E-02
  0.2200E-01  0.1975E-01  0.1100E-01  0.8500E-02  0.1500E-02  0.1750E-02
  0.4050E-01  0.4075E-01  0.4950E-01  0.4300E-01  0.4000E-02  0.4000E-02
  0.2225E-01  0.2500E-01  0.1225E-01  0.9250E-02  0.1000E-02  0.2500E-02
  0.3875E-01  0.3750E-01  0.4425E-01  0.5000E-01  0.6250E-02  0.5500E-02
  0.2200E-01  0.1900E-01  0.1075E-01  0.1200E-01  0.1000E-02  0.1500E-02
 Events:
         157         167         166         202          27          14
          82          96          40          44           6           5
         150         156         192         182          32          14
          88          79          44          34           6           7
         162         163         198         172          16          16
          89         100          49          37           4          10
         155         150         177         200          25          22
          88          76          43          48           4           6
 Accuracy:    1.410   0.100   0.230  37.503
 Found          191  events.
 Wrote            2  events.
 Actual xsec    7.4843793397982417E-007
 Correct abs xsec    7.4843793397982417E-007
 Event xsec    7.4843793397982417E-007
 Events wgts > 1:            0
 % Cross section > 1:    0.0000000000000000        0.0000000000000000     
 Iteration  4   Mean: 0.9712E-06 Abs mean: 0.9712E-06   Fluctuation:  0.289E-06   0.183E-02    74.0%
  4    0.9712E-06 0.9712E-06 +- 0.2892E-06     26.64
 Relative summed weights:
  0.1888E-01  0.6193E-01  0.5430E-02  0.3568E-02  0.1513E-03  0.2399E-02
  0.1080E+00  0.5693E-01  0.2361E-02  0.1704E-02  0.1114E-03  0.4897E-05
  0.1871E-01  0.3570E-02  0.3919E-01  0.3733E-01  0.3438E-02  0.2056E-04
  0.6621E-02  0.6425E-02  0.8761E-02  0.8879E-03  0.3333E-05  0.1005E-02
  0.1461E-01  0.1130E+00  0.8112E-02  0.2972E-01  0.1625E-03  0.1353E-03
  0.2632E+00  0.1521E-02  0.6043E-02  0.1815E-02  0.1279E-04  0.2181E-05
  0.1296E+00  0.4755E-02  0.3059E-02  0.7407E-02  0.8600E-03  0.4615E-02
  0.7435E-02  0.7241E-02  0.1157E-02  0.8058E-02  0.1255E-05  0.6324E-04
 Relative number of events:
  0.4175E-01  0.3875E-01  0.4888E-01  0.4788E-01  0.3875E-02  0.4875E-02
  0.2150E-01  0.2262E-01  0.1162E-01  0.1075E-01  0.1250E-02  0.1250E-02
  0.4088E-01  0.3875E-01  0.4788E-01  0.4587E-01  0.5000E-02  0.4250E-02
  0.1887E-01  0.2038E-01  0.1038E-01  0.1087E-01  0.1375E-02  0.1625E-02
  0.4250E-01  0.3650E-01  0.4800E-01  0.4662E-01  0.4250E-02  0.4375E-02
  0.2113E-01  0.1988E-01  0.1162E-01  0.9375E-02  0.1375E-02  0.1000E-02
  0.4325E-01  0.4200E-01  0.4188E-01  0.4875E-01  0.5750E-02  0.5000E-02
  0.2475E-01  0.1937E-01  0.1000E-01  0.9125E-02  0.1000E-02  0.1375E-02
 Events:
         334         310         391         383          31          39
         172         181          93          86          10          10
         327         310         383         367          40          34
         151         163          83          87          11          13
         340         292         384         373          34          35
         169         159          93          75          11           8
         346         336         335         390          46          40
         198         155          80          73           8          11
 Accuracy:    0.823   0.100   0.182  20.412
 Found          228  events.
 Wrote            3  events.
 Actual xsec    5.4372751168211069E-007
 Correct abs xsec    5.4372751168211069E-007
 Event xsec    5.4372751168211069E-007
 Events wgts > 1:            0
 % Cross section > 1:    0.0000000000000000        0.0000000000000000     
 Iteration  5   Mean: 0.5562E-05 Abs mean: 0.5562E-05   Fluctuation:  0.323E-05   0.478E-01    71.9%
  5    0.5562E-05 0.5562E-05 +- 0.3228E-05     73.40
 Relative summed weights:
  0.1242E-01  0.7176E-02  0.8756E-02  0.6698E-02  0.8000E-04  0.2603E-04
  0.2534E-02  0.2362E-01  0.7881E-03  0.2501E-01  0.1445E-05  0.7120E-06
  0.2616E-02  0.2030E+00  0.1658E-02  0.1808E-02  0.2838E-02  0.3076E-04
  0.2066E-02  0.1554E-02  0.5442E+00  0.1176E-02  0.3191E-05  0.9336E-04
  0.2783E-02  0.5212E-02  0.3074E-02  0.2131E-02  0.1789E-03  0.1136E-04
  0.5997E-02  0.6786E-03  0.1298E-02  0.3918E-02  0.4450E-05  0.3771E-04
  0.5356E-02  0.4506E-02  0.3518E-02  0.9151E-01  0.1652E-04  0.6022E-04
  0.2824E-02  0.1113E-01  0.5630E-02  0.1830E-02  0.9921E-04  0.1992E-05
 Relative number of events:
  0.4263E-01  0.3938E-01  0.4744E-01  0.4875E-01  0.4562E-02  0.4687E-02
  0.2194E-01  0.1956E-01  0.1063E-01  0.1063E-01  0.1125E-02  0.1375E-02
  0.4400E-01  0.3881E-01  0.4681E-01  0.4462E-01  0.4938E-02  0.4750E-02
  0.2138E-01  0.2088E-01  0.9500E-02  0.1081E-01  0.1250E-02  0.1563E-02
  0.4213E-01  0.4075E-01  0.4575E-01  0.4656E-01  0.4375E-02  0.5000E-02
  0.2138E-01  0.2063E-01  0.1006E-01  0.9750E-02  0.1125E-02  0.1750E-02
  0.4113E-01  0.4119E-01  0.4369E-01  0.4756E-01  0.4437E-02  0.4375E-02
  0.2162E-01  0.2100E-01  0.1044E-01  0.1081E-01  0.1687E-02  0.8125E-03
 Events:
         682         630         759         780          73          75
         351         313         170         170          18          22
         704         621         749         714          79          76
         342         334         152         173          20          25
         674         652         732         745          70          80
         342         330         161         156          18          28
         658         659         699         761          71          70
         346         336         167         173          27          13
 Accuracy:    0.702   0.100   0.174  16.299
 Found          403  events.
 Wrote            2  events.
 Actual xsec    1.3085692462127871E-006
 Correct abs xsec    1.3085692462127871E-006
 Event xsec    1.3085692462127871E-006
 Events wgts > 1:            1
 % Cross section > 1:    2.3163618367359035E-015   1.7701484605723637E-007

 -------------------------------------------------------------------------------
 Accumulated results:   Integral =  0.1256E-05
                        Std dev  =  0.2183E-06
                       Cross sec =  0.1256E-05
             Chi**2 per DoF.     =     16.2993
 -------------------------------------------------------------------------------
-------------------------------------------------
---------------------------
 Results Last   3 iters: Integral =   0.1309E-05
                     Abs integral =   0.1309E-05
                          Std dev =   0.2672E-06
                  Chi**2 per DoF. =     26.4072
-------------------------------------------------
---------------------------
 Status  0.10000000000000001                6           5

ls status:
events.lhe
ftn26
input_app.txt
results.dat
run1_app.log
