 Process in group number            1
 A PDF is used, so alpha_s(MZ) is going to be modified
 Old value of alpha_s from param_card:   0.11839999999999999     
  ****************************************
 
       NNPDFDriver version 1.0.3
   Grid: NNPDF23_lo_as_0130_qed_mem0.grid
  ****************************************
 New value of alpha_s from PDF nn23lo1:  0.13000000000000000     
 Define smin to   1600.0000000000000     
 Define smin to   1600.0000000000000     
 Define smin to   1600.0000000000000     
 *****************************************************
 *               MadGraph/MadEvent                   *
 *        --------------------------------           *
 *          http://madgraph.hep.uiuc.edu             *
 *          http://madgraph.phys.ucl.ac.be           *
 *          http://madgraph.roma2.infn.it            *
 *        --------------------------------           *
 *                                                   *
 *          PARAMETER AND COUPLING VALUES            *
 *                                                   *
 *****************************************************

  External Params
  ---------------------------------
  
 mdl_VeN1 =    1.0000000000000000     
 mdl_VeN2 =    0.0000000000000000     
 mdl_VeN3 =    0.0000000000000000     
 mdl_VmuN1 =    0.0000000000000000     
 mdl_VmuN2 =    1.0000000000000000     
 mdl_VmuN3 =    0.0000000000000000     
 mdl_VtaN1 =    0.0000000000000000     
 mdl_VtaN2 =    0.0000000000000000     
 mdl_VtaN3 =    1.0000000000000000     
 mdl_VN1N1 =    1.0000000000000000     
 mdl_VN1N2 =    1.0000000000000000     
 mdl_VN1N3 =    1.0000000000000000     
 mdl_VN2N2 =    1.0000000000000000     
 mdl_VN2N3 =    1.0000000000000000     
 mdl_VN3N3 =    1.0000000000000000     
 aEWM1 =    127.90000000000001     
 mdl_Gf =    1.1663700000000000E-005
 aS =   0.11839999999999999     
 mdl_ymt =    172.00000000000000     
 mdl_vevf =    50.000000000000000     
 mdl_MZ =    91.187600000000003     
 mdl_MT =    172.00000000000000     
 mdl_MH =    125.00000000000000     
 mdl_mN1 =    510.00000000000000     
 mdl_mN2 =    610.00000000000000     
 mdl_mN3 =    710.00000000000000     
 mdl_MJ =    91.187600000000003     
 mdl_MAx =    173.04800000000000     
 mdl_WZ =    2.4952000000000001     
 mdl_WW =    2.0850000000000000     
 mdl_WT =    1.5083359999999999     
 mdl_WH =    4.0699999999999998E-003
 mdl_WN1 =   0.30299999999999999     
 mdl_WN2 =    1.5000000000000000     
 mdl_WN3 =    12.300000000000001     
 mdl_WJ =    2.4952000000000001     
 mdl_WAx =    4.1700000000000001E-003
  Internal Params
  ---------------------------------
  
 mdl_vevf__exp__2 =    2500.0000000000000     
 mdl_sqrt__vevf__exp__2 =    50.000000000000000     
 mdl_muJ =    50.000000000000000     
 mdl_MZ__exp__2 =    8315.1783937600012     
 mdl_MZ__exp__4 =    69142191.720053151     
 mdl_sqrt__2 =    1.4142135623730951     
 mdl_MJ__exp__2 =    8315.1783937600012     
 mdl_muJ__exp__2 =    2500.0000000000000     
 mdl_lamJ =    4.3260713575040004     
 mdl_MH__exp__2 =    15625.000000000000     
 mdl_complexi =  (  0.0000000000000000     ,  1.0000000000000000     )
 mdl_aEW =    7.8186082877247844E-003
 mdl_MW =    79.824359746197842     
 mdl_sqrt__aEW =    8.8422894590285753E-002
 mdl_ee =   0.31345100004952897     
 mdl_MW__exp__2 =    6371.9284088904105     
 mdl_sw2 =   0.23369913342182447     
 mdl_cw =   0.87538612427783857     
 mdl_sqrt__sw2 =   0.48342438232036300     
 mdl_sw =   0.48342438232036300     
 mdl_g1 =   0.35807170271074895     
 mdl_gN =   0.64839716719502682     
 mdl_gw =   0.64839716719502682     
 mdl_vev =    246.22056907348590     
 mdl_vev__exp__2 =    60624.568634871241     
 mdl_lam =   0.12886689630821144     
 mdl_yt =   0.98791394091683138     
 mdl_muH =    88.388347648318444     
 mdl_I2a33 =  ( 0.98791394091683138     ,  0.0000000000000000     )
 mdl_I3a33 =  ( 0.98791394091683138     ,  0.0000000000000000     )
 mdl_ee__exp__2 =    9.8251529432049817E-002
 mdl_sw__exp__2 =   0.23369913342182450     
 mdl_cw__exp__2 =   0.76630086657817542     
  Internal Params evaluated point by point
  ----------------------------------------
  
 mdl_sqrt__aS =   0.34409301068170506     
 mdl_G__exp__2 =    1.4878582807401259     
  Couplings of SM_HeavyN_UFO
  ---------------------------------
  
         GC_1 =  -0.00000E+00  -0.10448E+00
         GC_2 =   0.00000E+00   0.20897E+00
         GC_3 =  -0.00000E+00  -0.31345E+00
         GC_4 =   0.00000E+00   0.31345E+00
        GC_26 =   0.00000E+00   0.45849E+00
        GC_27 =  -0.00000E+00  -0.28380E+00
        GC_28 =   0.00000E+00   0.28380E+00
        GC_30 =   0.00000E+00   0.56760E+00
        GC_35 =  -0.00000E+00  -0.28850E-01
        GC_37 =   0.00000E+00   0.17310E+00
        GC_39 =   0.00000E+00  -0.19725E+00
        GC_40 =   0.00000E+00   0.37035E+00
        GC_80 =   0.00000E+00   0.67543E+02
       GC_107 =  -0.00000E+00  -0.74070E+00
       GC_109 =  -0.00000E+00  -0.74070E+00
       GC_111 =  -0.00000E+00  -0.74070E+00
       GC_113 =  -0.00000E+00  -0.74070E+00
       GC_115 =  -0.00000E+00  -0.74070E+00
       GC_117 =  -0.00000E+00  -0.74070E+00
       GC_119 =   0.00000E+00   0.00000E+00
       GC_120 =   0.00000E+00   0.00000E+00
       GC_122 =  -0.00000E+00  -0.00000E+00
       GC_126 =   0.00000E+00   0.00000E+00
       GC_127 =   0.00000E+00   0.00000E+00
       GC_129 =  -0.00000E+00  -0.00000E+00
       GC_133 =   0.00000E+00   0.45849E+00
       GC_134 =   0.00000E+00   0.37035E+00
       GC_136 =  -0.00000E+00  -0.28836E+01
        GC_81 =   0.10200E+02   0.00000E+00
        GC_82 =   0.12200E+02   0.00000E+00
        GC_83 =   0.14200E+02   0.00000E+00

 Collider parameters:
 --------------------

 Running at P P   machine @    13000.000000000000       GeV
 PDF set = nn23lo1
 alpha_s(Mz)= 0.1300 running at 2 loops.
 alpha_s(Mz)= 0.1300 running at 2 loops.
 Renormalization scale set on event-by-event basis
 Factorization   scale set on event-by-event basis


 getting user params
Enter number of events and max and min iterations: 
 Number of events and iterations         1000           5           3
Enter desired fractional accuracy: 
 Desired fractional accuracy:   0.10000000000000001     
Enter 0 for fixed, 2 for adjustable grid: 
Suppress amplitude (0 no, 1 yes)? 
 Using suppressed amplitude.
Exact helicity sum (0 yes, n = number/event)? 
 Explicitly summing over helicities
Enter Configuration Number: 
Running Configuration Number:  194
 Using dconfig=         725
 BW Setting            2           1           2           2           2           2           0
 Attempting mappinvarients           1           9
 Completed mapping           9
 about to integrate           19        1000           5           3          19           1
 Using non-zero grid deformation.
 19 dimensions   1000 events 19 invarients  5 iterations  1 config(s),  (0.99)
 Using h-tuple random number sequence.
 Error opening grid
 Using Uniform Grid!          36
 Using uniform alpha   1.0000000000000000     
 Grid defined OK
 Set CM energy to      13000.00
 Mapping Graph         194  to config         194
Setting grid   1    0.75740E-07   1
 Setting BW          -2           2   710.00000000000000     
Setting grid   3    0.32375E-02   1
Setting grid   4    0.75740E-07   1
Setting grid   5    0.32689E-02   1
Setting grid   6    0.32689E-02   1
 Transforming s_hat 1/s           18   3.4149423052885213E-003   1600.0000000000000        168999999.99999997     
 194   1   2   3   4   5   6   7   8   9  10  11  12  13  14
  15  16  17  18  19
 Masses: 0.000E+00 0.000E+00 0.000E+00 0.000E+00 0.000E+00 0.000E+00 0.000E+00 0.000E+00 0.912E+02
Using random seed offsets   194 :      1
  with seed                   24
 Ranmar initialization seeds       31252        9398
 
 ********************************************
 * You are using the DiscreteSampler module *
 *      part of the MG5_aMC framework       *
 *         Author: Valentin Hirschi         *
 ********************************************
 
  Particle       3       4       5       6       7       8       9
      Et >    10.0    10.0    10.0    10.0     0.0     0.0     0.0
       E >     0.0     0.0     0.0     0.0     0.0     0.0     0.0
     Eta <     2.5     2.5     2.5     2.5    -1.0    -1.0    -1.0
   xqcut:      0.0     0.0     0.0     0.0     0.0     0.0     0.0
d R # 3  >    -0.0     0.4     0.4     0.4     0.0     0.0     0.0
d R # 4  >    -0.0    -0.0     0.4     0.4     0.0     0.0     0.0
d R # 5  >    -0.0    -0.0    -0.0     0.4     0.0     0.0     0.0
d R # 6  >    -0.0    -0.0    -0.0    -0.0     0.0     0.0     0.0
d R # 7  >    -0.0    -0.0    -0.0    -0.0    -0.0     0.0     0.0
d R # 8  >    -0.0    -0.0    -0.0    -0.0    -0.0    -0.0     0.0
s min # 3>     0.0     0.0     0.0     0.0     0.0     0.0     0.0
s min # 4>     0.0     0.0     0.0     0.0     0.0     0.0     0.0
s min # 5>     0.0     0.0     0.0     0.0     0.0     0.0     0.0
s min # 6>     0.0     0.0     0.0     0.0     0.0     0.0     0.0
s min # 7>     0.0     0.0     0.0     0.0     0.0     0.0     0.0
s min # 8>     0.0     0.0     0.0     0.0     0.0     0.0     0.0
xqcutij # 3>     0.0     0.0     0.0     0.0     0.0     0.0     0.0
xqcutij # 4>     0.0     0.0     0.0     0.0     0.0     0.0     0.0
xqcutij # 5>     0.0     0.0     0.0     0.0     0.0     0.0     0.0
xqcutij # 6>     0.0     0.0     0.0     0.0     0.0     0.0     0.0
xqcutij # 7>     0.0     0.0     0.0     0.0     0.0     0.0     0.0
xqcutij # 8>     0.0     0.0     0.0     0.0     0.0     0.0     0.0
 Excluding BW           -1           1
 Requiring BW           -2           2
 Excluding BW           -3           3
 Excluding BW           -4           4
 Excluding BW           -5           5
 Excluding BW           -6           6
 alpha_s for scale    1143.5378810914237       is    9.1637657336513731E-002
 Added good helicity            1   9.8971179386493553       in event            1 local:           1
 Added good helicity           21   5.5005506060029706E-004  in event            1 local:           1
 Added good helicity           25   1.7103428215138698E-003  in event            1 local:           1
 Added good helicity           37   119.81149087992100       in event            1 local:           1
 Added good helicity           41   2.3922033472665940E-004  in event            1 local:           1
 Added good helicity           61   3.1657744506504116E-003  in event            1 local:           1
 Added good helicity          193   1.0242561965100616       in event            1 local:           1
 Added good helicity          213   2.1658975696134571E-003  in event            1 local:           1
 Added good helicity          217   9.4188902944566889E-004  in event            1 local:           1
 Added good helicity          229   125.21407125327532       in event            1 local:           1
 Added good helicity          233   4.5519876818573227E-003  in event            1 local:           1
 Added good helicity          253   3.9738564695892327E-002  in event            1 local:           1
 Added good helicity            1   9.8971179386497639       in event            1 local:           1
 Added good helicity           21   5.5005506060032123E-004  in event            1 local:           1
 Added good helicity           25   1.7103428215138386E-003  in event            1 local:           1
 Added good helicity           37   119.81149087992613       in event            1 local:           1
 Added good helicity           41   2.3922033472663004E-004  in event            1 local:           1
 Added good helicity           61   3.1657744506504043E-003  in event            1 local:           1
 Added good helicity          193   1.0242561965101968       in event            1 local:           1
 Added good helicity          213   2.1658975696135954E-003  in event            1 local:           1
 Added good helicity          217   9.4188902944569155E-004  in event            1 local:           1
 Added good helicity          229   125.21407125326962       in event            1 local:           1
 Added good helicity          233   4.5519876818567971E-003  in event            1 local:           1
 Added good helicity          253   3.9738564695894256E-002  in event            1 local:           1
 RESET CUMULATIVE VARIABLE
 RESET CUMULATIVE VARIABLE
 RESET CUMULATIVE VARIABLE
 Iteration  1   Mean: 0.8930E-13 Abs mean: 0.8930E-13   Fluctuation:  0.356E-13   0.280E-10     6.0%
  1    0.8930E-13 0.8930E-13 +- 0.3556E-13     12.59
 Writing out events   2.9525036558675908E-016   12.590499631628919     
 Relative summed weights:
  0.1210E-01  0.3133E+00  0.1634E+00  0.1526E-02  0.1468E-06  0.8794E-06
  0.2586E-02  0.1103E-01  0.1597E-01  0.1198E-01  0.1385E-04  0.1552E-04
  0.2510E-03  0.2303E-02  0.1182E-02  0.6639E-03  0.1972E-04  0.6233E-06
  0.3857E-02  0.4983E-02  0.1925E-04  0.2379E-04  0.0000E+00  0.9913E-05
  0.1154E-02  0.8498E-01  0.1421E-01  0.1094E+00  0.2577E-04  0.4204E-06
  0.5828E-03  0.2155E-04  0.6169E-02  0.1149E+00  0.2401E-05  0.5000E-04
  0.1103E+00  0.5465E-04  0.8030E-03  0.6031E-03  0.8195E-04  0.0000E+00
  0.7678E-02  0.2717E-02  0.7861E-03  0.1111E-03  0.0000E+00  0.2675E-06
 Relative number of events:
  0.2478E-01  0.1586E-01  0.5847E-01  0.7730E-01  0.2973E-02  0.2973E-02
  0.2379E-01  0.1487E-01  0.6938E-01  0.6541E-01  0.2973E-02  0.1982E-02
  0.1883E-01  0.1586E-01  0.1189E-01  0.1388E-01  0.2973E-02  0.2973E-02
  0.2279E-01  0.2081E-01  0.8920E-02  0.5946E-02  0.0000E+00  0.9911E-03
  0.1586E-01  0.2180E-01  0.9217E-01  0.7830E-01  0.1982E-02  0.4955E-02
  0.9911E-02  0.1189E-01  0.6838E-01  0.6739E-01  0.4955E-02  0.5946E-02
  0.2279E-01  0.1388E-01  0.9911E-02  0.6938E-02  0.9911E-03  0.0000E+00
  0.2180E-01  0.1982E-01  0.1685E-01  0.1487E-01  0.0000E+00  0.1982E-02
 Events:
          25          16          59          78           3           3
          24          15          70          66           3           2
          19          16          12          14           3           3
          23          21           9           6           0           1
          16          22          93          79           2           5
          10          12          69          68           5           6
          23          14          10           7           1           0
          22          20          17          15           0           2
 Iteration  2   Mean: 0.1589E-12 Abs mean: 0.1589E-12   Fluctuation:  0.602E-13   0.109E-09    27.1%
  2    0.1589E-12 0.1589E-12 +- 0.6015E-13     16.93
 Relative summed weights:
  0.9580E-02  0.8975E-01  0.5324E-01  0.2468E-01  0.3880E-05  0.6109E-05
  0.1487E-01  0.3452E-01  0.2168E-01  0.6358E-02  0.1214E-04  0.2252E-04
  0.1279E-01  0.2635E-02  0.4379E-02  0.4828E-02  0.8767E-09  0.0000E+00
  0.1645E-01  0.1751E-01  0.2177E-01  0.2388E-02  0.0000E+00  0.3606E-05
  0.1472E-01  0.6381E-02  0.8824E-02  0.2625E-01  0.4928E-04  0.3982E-05
  0.4500E-02  0.5332E-02  0.9982E-01  0.1237E-01  0.5838E-04  0.8460E-06
  0.9476E-01  0.1105E-01  0.4581E-04  0.3423E+00  0.0000E+00  0.3227E-04
  0.1537E-01  0.5521E-03  0.1480E-01  0.5294E-02  0.7772E-10  0.0000E+00
 Relative number of events:
  0.1600E-01  0.2100E-01  0.7300E-01  0.7400E-01  0.4500E-02  0.2500E-02
  0.1750E-01  0.2400E-01  0.7550E-01  0.7000E-01  0.3500E-02  0.7000E-02
  0.1950E-01  0.2000E-01  0.9500E-02  0.1150E-01  0.5000E-03  0.0000E+00
  0.1800E-01  0.1450E-01  0.1200E-01  0.1400E-01  0.0000E+00  0.1500E-02
  0.1500E-01  0.1900E-01  0.6950E-01  0.6300E-01  0.5500E-02  0.4000E-02
  0.1350E-01  0.2100E-01  0.7050E-01  0.8450E-01  0.4000E-02  0.2000E-02
  0.2100E-01  0.2000E-01  0.1300E-01  0.1100E-01  0.0000E+00  0.5000E-03
  0.1650E-01  0.1350E-01  0.1000E-01  0.1300E-01  0.5000E-03  0.0000E+00
 Events:
          32          42         146         148           9           5
          35          48         151         140           7          14
          39          40          19          23           1           0
          36          29          24          28           0           3
          30          38         139         126          11           8
          27          42         141         169           8           4
          42          40          26          22           0           1
          33          27          20          26           1           0
 Iteration  3   Mean: 0.2927E-11 Abs mean: 0.2927E-11   Fluctuation:  0.154E-11   0.552E-08    40.6%
  3    0.2927E-11 0.2927E-11 +- 0.1544E-11     33.37
 Relative summed weights:
  0.5203E-03  0.1033E+00  0.3880E-01  0.4741E+00  0.7438E-05  0.5407E-05
  0.8060E-03  0.2327E-02  0.7792E-03  0.3754E-02  0.3975E-04  0.3043E-06
  0.3479E-01  0.4159E-02  0.1709E-01  0.1060E-03  0.1920E-06  0.2077E-08
  0.1584E-02  0.1125E-01  0.9299E-03  0.1788E-03  0.3330E-05  0.9090E-04
  0.8973E-03  0.2848E+00  0.3366E-02  0.1976E-02  0.7553E-05  0.2714E-04
  0.2359E-02  0.2165E-02  0.1599E-02  0.1525E-02  0.1520E-03  0.4798E-04
  0.9174E-03  0.1846E-02  0.1853E-02  0.4204E-03  0.3884E-06  0.7134E-06
  0.6912E-03  0.4054E-03  0.3398E-04  0.2224E-03  0.0000E+00  0.4087E-05
 Relative number of events:
  0.1650E-01  0.2250E-01  0.7625E-01  0.7275E-01  0.3500E-02  0.4000E-02
  0.1875E-01  0.1850E-01  0.6650E-01  0.7400E-01  0.5250E-02  0.4000E-02
  0.1525E-01  0.1600E-01  0.9250E-02  0.9750E-02  0.2500E-03  0.5000E-03
  0.1800E-01  0.2000E-01  0.1275E-01  0.9750E-02  0.5000E-03  0.1250E-02
  0.2100E-01  0.1825E-01  0.7500E-01  0.7775E-01  0.4500E-02  0.4750E-02
  0.1875E-01  0.1650E-01  0.7475E-01  0.7200E-01  0.5500E-02  0.5000E-02
  0.1775E-01  0.1850E-01  0.9000E-02  0.7750E-02  0.7500E-03  0.5000E-03
  0.1775E-01  0.1775E-01  0.1100E-01  0.9000E-02  0.0000E+00  0.7500E-03
 Events:
          66          90         305         291          14          16
          75          74         266         296          21          16
          61          64          37          39           1           2
          72          80          51          39           2           5
          84          73         300         311          18          19
          75          66         299         288          22          20
          71          74          36          31           3           2
          71          71          44          36           0           3
 Accuracy:    1.123   0.100   0.243  21.289
 Found          231  events.
 Wrote            1  events.
 Actual xsec    7.2204952778095322E-013
 Correct abs xsec    7.2204952778095322E-013
 Event xsec    7.2204952778095322E-013
 Events wgts > 1:            0
 % Cross section > 1:    0.0000000000000000        0.0000000000000000     
 Iteration  4   Mean: 0.3356E-12 Abs mean: 0.3356E-12   Fluctuation:  0.103E-12   0.664E-09    40.8%
  4    0.3356E-12 0.3356E-12 +- 0.1026E-12     27.34
 Relative summed weights:
  0.1883E-01  0.2984E-02  0.1605E-01  0.1561E-01  0.3612E-04  0.5833E-04
  0.6448E-02  0.1520E+00  0.2053E-01  0.2032E-01  0.4028E-03  0.2019E-03
  0.6129E-02  0.4180E-02  0.4205E-01  0.1301E+00  0.2473E-05  0.1676E-06
  0.1320E-01  0.4964E-02  0.2135E-02  0.8393E-02  0.4372E-04  0.5582E-04
  0.1684E-02  0.2311E-01  0.2328E-01  0.1278E+00  0.1311E-03  0.8474E-04
  0.6962E-02  0.8391E-02  0.3243E-01  0.9422E-02  0.7608E-05  0.3081E-03
  0.2686E+00  0.2086E-02  0.1097E-02  0.5883E-02  0.9504E-04  0.6332E-07
  0.1145E-01  0.8539E-02  0.1973E-02  0.1654E-02  0.1574E-05  0.2503E-03
 Relative number of events:
  0.1750E-01  0.1775E-01  0.7362E-01  0.7487E-01  0.4375E-02  0.3875E-02
  0.1812E-01  0.1937E-01  0.7100E-01  0.7712E-01  0.3500E-02  0.3625E-02
  0.1738E-01  0.1638E-01  0.9625E-02  0.1087E-01  0.2500E-03  0.1250E-03
  0.1625E-01  0.1675E-01  0.1100E-01  0.9750E-02  0.7500E-03  0.7500E-03
  0.1638E-01  0.1650E-01  0.6725E-01  0.7812E-01  0.3250E-02  0.4375E-02
  0.1812E-01  0.1787E-01  0.7938E-01  0.7975E-01  0.3750E-02  0.3750E-02
  0.1862E-01  0.1638E-01  0.1375E-01  0.9750E-02  0.5000E-03  0.3750E-03
  0.1575E-01  0.1812E-01  0.1225E-01  0.1063E-01  0.5000E-03  0.2500E-03
 Events:
         140         142         589         599          35          31
         145         155         568         617          28          29
         139         131          77          87           2           1
         130         134          88          78           6           6
         131         132         538         625          26          35
         145         143         635         638          30          30
         149         131         110          78           4           3
         126         145          98          85           4           2
 Accuracy:    0.925   0.100   0.190  23.604
 Found           80  events.
 Wrote            4  events.
 Actual xsec    7.1529429754138691E-013
 Correct abs xsec    7.1529429754138691E-013
 Event xsec    7.1529429754138691E-013
 Events wgts > 1:            1
 % Cross section > 1:    9.4426310829221506E-021   1.3201043424193941E-006
 Iteration  5   Mean: 0.8229E-12 Abs mean: 0.8229E-12   Fluctuation:  0.221E-12   0.237E-08    42.4%
  5    0.8229E-12 0.8229E-12 +- 0.2214E-12     34.03
 Relative summed weights:
  0.3418E-02  0.3825E-01  0.1330E-01  0.3296E-01  0.8991E-04  0.9913E-05
  0.8481E-02  0.9112E-01  0.1260E-01  0.1844E-01  0.5581E-04  0.1744E-04
  0.6984E-02  0.3998E-02  0.3548E-02  0.6605E-02  0.1029E-05  0.7227E-04
  0.6740E-02  0.7272E-01  0.6708E-02  0.2549E-01  0.5862E-04  0.2117E-05
  0.6353E-01  0.2073E+00  0.8311E-02  0.2937E-01  0.8644E-02  0.4743E-04
  0.2388E-01  0.1597E-01  0.9309E-02  0.1241E-01  0.7398E-03  0.2828E-04
  0.4494E-02  0.1466E-01  0.2686E-02  0.4837E-01  0.2460E-05  0.6853E-04
  0.1404E-01  0.1741E+00  0.4387E-02  0.4420E-02  0.1606E-02  0.5425E-06
 Relative number of events:
  0.1719E-01  0.1688E-01  0.7487E-01  0.7500E-01  0.2812E-02  0.3187E-02
  0.1762E-01  0.1956E-01  0.7131E-01  0.7550E-01  0.4250E-02  0.3750E-02
  0.1919E-01  0.1756E-01  0.9875E-02  0.1181E-01  0.3125E-03  0.1875E-03
  0.1663E-01  0.1844E-01  0.1031E-01  0.1131E-01  0.7500E-03  0.3750E-03
  0.2038E-01  0.1650E-01  0.7281E-01  0.7506E-01  0.3500E-02  0.3500E-02
  0.1906E-01  0.1988E-01  0.7581E-01  0.7256E-01  0.3687E-02  0.3312E-02
  0.1875E-01  0.1831E-01  0.9625E-02  0.8563E-02  0.4375E-03  0.4375E-03
  0.1837E-01  0.1837E-01  0.1081E-01  0.1075E-01  0.3750E-03  0.4375E-03
 Events:
         275         270        1198        1200          45          51
         282         313        1141        1208          68          60
         307         281         158         189           5           3
         266         295         165         181          12           6
         326         264        1165        1201          56          56
         305         318        1213        1161          59          53
         300         293         154         137           7           7
         294         294         173         172           6           7
 Accuracy:    0.578   0.100   0.155  13.808
 Found          748  events.
 Wrote            5  events.
 Actual xsec    9.0624510291276759E-013
 Correct abs xsec    9.0624510291276759E-013
 Event xsec    9.0624510291276749E-013
 Events wgts > 1:            0
 % Cross section > 1:    0.0000000000000000        0.0000000000000000     

 -------------------------------------------------------------------------------
 Accumulated results:   Integral =  0.6558E-12
                        Std dev  =  0.1019E-12
                       Cross sec =  0.6558E-12
             Chi**2 per DoF.     =     13.8082
 -------------------------------------------------------------------------------
-------------------------------------------------
---------------------------
 Results Last   3 iters: Integral =   0.9062E-12
                     Abs integral =   0.9062E-12
                          Std dev =   0.1709E-12
                  Chi**2 per DoF. =     16.3962
-------------------------------------------------
---------------------------
 Status  0.10000000000000001                6           5

ls status:
events.lhe
ftn26
input_app.txt
results.dat
run1_app.log
