 Process in group number            1
 A PDF is used, so alpha_s(MZ) is going to be modified
 Old value of alpha_s from param_card:   0.11839999999999999     
  ****************************************
 
       NNPDFDriver version 1.0.3
   Grid: NNPDF23_lo_as_0130_qed_mem0.grid
  ****************************************
 New value of alpha_s from PDF nn23lo1:  0.13000000000000000     
 Define smin to   1600.0000000000000     
 Define smin to   1600.0000000000000     
 Define smin to   1600.0000000000000     
 *****************************************************
 *               MadGraph/MadEvent                   *
 *        --------------------------------           *
 *          http://madgraph.hep.uiuc.edu             *
 *          http://madgraph.phys.ucl.ac.be           *
 *          http://madgraph.roma2.infn.it            *
 *        --------------------------------           *
 *                                                   *
 *          PARAMETER AND COUPLING VALUES            *
 *                                                   *
 *****************************************************

  External Params
  ---------------------------------
  
 mdl_VeN1 =    1.0000000000000000     
 mdl_VeN2 =    0.0000000000000000     
 mdl_VeN3 =    0.0000000000000000     
 mdl_VmuN1 =    0.0000000000000000     
 mdl_VmuN2 =    1.0000000000000000     
 mdl_VmuN3 =    0.0000000000000000     
 mdl_VtaN1 =    0.0000000000000000     
 mdl_VtaN2 =    0.0000000000000000     
 mdl_VtaN3 =    1.0000000000000000     
 mdl_VN1N1 =    1.0000000000000000     
 mdl_VN1N2 =    1.0000000000000000     
 mdl_VN1N3 =    1.0000000000000000     
 mdl_VN2N2 =    1.0000000000000000     
 mdl_VN2N3 =    1.0000000000000000     
 mdl_VN3N3 =    1.0000000000000000     
 aEWM1 =    127.90000000000001     
 mdl_Gf =    1.1663700000000000E-005
 aS =   0.11839999999999999     
 mdl_ymt =    172.00000000000000     
 mdl_vevf =    50.000000000000000     
 mdl_MZ =    91.187600000000003     
 mdl_MT =    172.00000000000000     
 mdl_MH =    125.00000000000000     
 mdl_mN1 =    1644.0000000000000     
 mdl_mN2 =    1744.0000000000000     
 mdl_mN3 =    1844.0000000000000     
 mdl_MJ =    91.187600000000003     
 mdl_MAx =    173.04800000000000     
 mdl_WZ =    2.4952000000000001     
 mdl_WW =    2.0850000000000000     
 mdl_WT =    1.5083359999999999     
 mdl_WH =    4.0699999999999998E-003
 mdl_WN1 =   0.30299999999999999     
 mdl_WN2 =    1.5000000000000000     
 mdl_WN3 =    12.300000000000001     
 mdl_WJ =    2.4952000000000001     
 mdl_WAx =    4.1700000000000001E-003
  Internal Params
  ---------------------------------
  
 mdl_vevf__exp__2 =    2500.0000000000000     
 mdl_sqrt__vevf__exp__2 =    50.000000000000000     
 mdl_muJ =    50.000000000000000     
 mdl_MZ__exp__2 =    8315.1783937600012     
 mdl_MZ__exp__4 =    69142191.720053151     
 mdl_sqrt__2 =    1.4142135623730951     
 mdl_MJ__exp__2 =    8315.1783937600012     
 mdl_muJ__exp__2 =    2500.0000000000000     
 mdl_lamJ =    4.3260713575040004     
 mdl_MH__exp__2 =    15625.000000000000     
 mdl_complexi =  (  0.0000000000000000     ,  1.0000000000000000     )
 mdl_aEW =    7.8186082877247844E-003
 mdl_MW =    79.824359746197842     
 mdl_sqrt__aEW =    8.8422894590285753E-002
 mdl_ee =   0.31345100004952897     
 mdl_MW__exp__2 =    6371.9284088904105     
 mdl_sw2 =   0.23369913342182447     
 mdl_cw =   0.87538612427783857     
 mdl_sqrt__sw2 =   0.48342438232036300     
 mdl_sw =   0.48342438232036300     
 mdl_g1 =   0.35807170271074895     
 mdl_gN =   0.64839716719502682     
 mdl_gw =   0.64839716719502682     
 mdl_vev =    246.22056907348590     
 mdl_vev__exp__2 =    60624.568634871241     
 mdl_lam =   0.12886689630821144     
 mdl_yt =   0.98791394091683138     
 mdl_muH =    88.388347648318444     
 mdl_I2a33 =  ( 0.98791394091683138     ,  0.0000000000000000     )
 mdl_I3a33 =  ( 0.98791394091683138     ,  0.0000000000000000     )
 mdl_ee__exp__2 =    9.8251529432049817E-002
 mdl_sw__exp__2 =   0.23369913342182450     
 mdl_cw__exp__2 =   0.76630086657817542     
  Internal Params evaluated point by point
  ----------------------------------------
  
 mdl_sqrt__aS =   0.34409301068170506     
 mdl_G__exp__2 =    1.4878582807401259     
  Couplings of SM_HeavyN_UFO
  ---------------------------------
  
         GC_1 =  -0.00000E+00  -0.10448E+00
         GC_2 =   0.00000E+00   0.20897E+00
         GC_3 =  -0.00000E+00  -0.31345E+00
         GC_4 =   0.00000E+00   0.31345E+00
        GC_26 =   0.00000E+00   0.45849E+00
        GC_27 =  -0.00000E+00  -0.28380E+00
        GC_28 =   0.00000E+00   0.28380E+00
        GC_30 =   0.00000E+00   0.56760E+00
        GC_35 =  -0.00000E+00  -0.28850E-01
        GC_37 =   0.00000E+00   0.17310E+00
        GC_39 =   0.00000E+00  -0.19725E+00
        GC_40 =   0.00000E+00   0.37035E+00
        GC_80 =   0.00000E+00   0.67543E+02
       GC_107 =  -0.00000E+00  -0.74070E+00
       GC_109 =  -0.00000E+00  -0.74070E+00
       GC_111 =  -0.00000E+00  -0.74070E+00
       GC_113 =  -0.00000E+00  -0.74070E+00
       GC_115 =  -0.00000E+00  -0.74070E+00
       GC_117 =  -0.00000E+00  -0.74070E+00
       GC_119 =   0.00000E+00   0.00000E+00
       GC_120 =   0.00000E+00   0.00000E+00
       GC_122 =  -0.00000E+00  -0.00000E+00
       GC_126 =   0.00000E+00   0.00000E+00
       GC_127 =   0.00000E+00   0.00000E+00
       GC_129 =  -0.00000E+00  -0.00000E+00
       GC_133 =   0.00000E+00   0.45849E+00
       GC_134 =   0.00000E+00   0.37035E+00
       GC_136 =  -0.00000E+00  -0.74892E+01
        GC_81 =   0.32880E+02   0.00000E+00
        GC_82 =   0.34880E+02   0.00000E+00
        GC_83 =   0.36880E+02   0.00000E+00

 Collider parameters:
 --------------------

 Running at P P   machine @    13000.000000000000       GeV
 PDF set = nn23lo1
 alpha_s(Mz)= 0.1300 running at 2 loops.
 alpha_s(Mz)= 0.1300 running at 2 loops.
 Renormalization scale set on event-by-event basis
 Factorization   scale set on event-by-event basis


 getting user params
Enter number of events and max and min iterations: 
 Number of events and iterations         1000           5           3
Enter desired fractional accuracy: 
 Desired fractional accuracy:   0.10000000000000001     
Enter 0 for fixed, 2 for adjustable grid: 
Suppress amplitude (0 no, 1 yes)? 
 Using suppressed amplitude.
Exact helicity sum (0 yes, n = number/event)? 
 Explicitly summing over helicities
Enter Configuration Number: 
Running Configuration Number:  392
 Using dconfig=         619
 BW Setting            1           2           2           1           1           2           0
 Attempting mappinvarients           1           9
 Completed mapping           9
 about to integrate           19        1000           5           3          19           1
 Using non-zero grid deformation.
 19 dimensions   1000 events 19 invarients  5 iterations  1 config(s),  (0.99)
 Using h-tuple random number sequence.
 Error opening grid
 Using Uniform Grid!          36
 Using uniform alpha   1.0000000000000000     
 Grid defined OK
 Set CM energy to      13000.00
 Mapping Graph         392  to config         392
 Setting BW          -1           1   79.824359746197842     
Setting grid   2    0.28499E-04   1
Setting grid   3    0.15259E-03   1
 Setting BW          -4           4   91.187600000000003     
 Setting BW          -5           5   1844.0000000000000     
Setting grid   6    0.22341E-01   1
 Transforming s_hat 1/s           18   2.2571293919116255E-002   1600.0000000000000        168999999.99999997     
 392   1   2   3   4   5   6   7   8   9  10  11  12  13  14
  15  16  17  18  19
 Masses: 0.000E+00 0.000E+00 0.000E+00 0.000E+00 0.000E+00 0.000E+00 0.000E+00 0.000E+00 0.912E+02
Using random seed offsets   392 :      1
  with seed                   24
 Ranmar initialization seeds         122        9398
 
 ********************************************
 * You are using the DiscreteSampler module *
 *      part of the MG5_aMC framework       *
 *         Author: Valentin Hirschi         *
 ********************************************
 
  Particle       3       4       5       6       7       8       9
      Et >    10.0    10.0    10.0    10.0     0.0     0.0     0.0
       E >     0.0     0.0     0.0     0.0     0.0     0.0     0.0
     Eta <     2.5     2.5     2.5     2.5    -1.0    -1.0    -1.0
   xqcut:      0.0     0.0     0.0     0.0     0.0     0.0     0.0
d R # 3  >    -0.0     0.4     0.4     0.4     0.0     0.0     0.0
d R # 4  >    -0.0    -0.0     0.4     0.4     0.0     0.0     0.0
d R # 5  >    -0.0    -0.0    -0.0     0.4     0.0     0.0     0.0
d R # 6  >    -0.0    -0.0    -0.0    -0.0     0.0     0.0     0.0
d R # 7  >    -0.0    -0.0    -0.0    -0.0    -0.0     0.0     0.0
d R # 8  >    -0.0    -0.0    -0.0    -0.0    -0.0    -0.0     0.0
s min # 3>     0.0     0.0     0.0     0.0     0.0     0.0     0.0
s min # 4>     0.0     0.0     0.0     0.0     0.0     0.0     0.0
s min # 5>     0.0     0.0     0.0     0.0     0.0     0.0     0.0
s min # 6>     0.0     0.0     0.0     0.0     0.0     0.0     0.0
s min # 7>     0.0     0.0     0.0     0.0     0.0     0.0     0.0
s min # 8>     0.0     0.0     0.0     0.0     0.0     0.0     0.0
xqcutij # 3>     0.0     0.0     0.0     0.0     0.0     0.0     0.0
xqcutij # 4>     0.0     0.0     0.0     0.0     0.0     0.0     0.0
xqcutij # 5>     0.0     0.0     0.0     0.0     0.0     0.0     0.0
xqcutij # 6>     0.0     0.0     0.0     0.0     0.0     0.0     0.0
xqcutij # 7>     0.0     0.0     0.0     0.0     0.0     0.0     0.0
xqcutij # 8>     0.0     0.0     0.0     0.0     0.0     0.0     0.0
 Requiring BW           -1           1
 Excluding BW           -2           2
 Excluding BW           -3           3
 Requiring BW           -4           4
 Requiring BW           -5           5
 Excluding BW           -6           6
 alpha_s for scale    4703.7464991888228       is    7.8759062344879616E-002
 Added good helicity            1   52.524445741103037       in event            1 local:           1
 Added good helicity           21   1.1923366419374234E-005  in event            1 local:           1
 Added good helicity           41   48.866370260686018       in event            1 local:           1
 Added good helicity           61   6.7604382704417758E-006  in event            1 local:           1
 Added good helicity          193   73.320833892642725       in event            1 local:           1
 Added good helicity          213   3.0154508626746657E-005  in event            1 local:           1
 Added good helicity          233   81.288281909445061       in event            1 local:           1
 Added good helicity          253   1.9352327010293969E-005  in event            1 local:           1
 Added good helicity            1   52.524445741122285       in event            1 local:           1
 Added good helicity           21   1.1923366419379592E-005  in event            1 local:           1
 Added good helicity           41   48.866370260702631       in event            1 local:           1
 Added good helicity           61   6.7604382704444448E-006  in event            1 local:           1
 Added good helicity          193   73.320833892594123       in event            1 local:           1
 Added good helicity          213   3.0154508626760673E-005  in event            1 local:           1
 Added good helicity          233   81.288281909457837       in event            1 local:           1
 Added good helicity          253   1.9352327010302355E-005  in event            1 local:           1
 Added good helicity           25   6.7396739972113321E-008  in event            4 local:           2
 Added good helicity          217   8.5211358808067027E-007  in event            4 local:           2
 Added good helicity           25   6.7396739972119250E-008  in event            4 local:           2
 Added good helicity          217   8.5211358808080770E-007  in event            4 local:           2
 Added good helicity           37   48.866370260687511       in event            7 local:           3
 Added good helicity          229   81.288281909447534       in event            7 local:           3
 Added good helicity           37   48.866370260702524       in event            7 local:           3
 Added good helicity          229   81.288281909457666       in event            7 local:           3
 RESET CUMULATIVE VARIABLE
 RESET CUMULATIVE VARIABLE
 RESET CUMULATIVE VARIABLE
 Iteration  1   Mean: 0.3218E-08 Abs mean: 0.3218E-08   Fluctuation:  0.214E-08   0.191E-05     3.7%
  1    0.3218E-08 0.3218E-08 +- 0.2138E-08     21.01
 Writing out events   1.7172447943669916E-011   21.012816393501478     
 Relative summed weights:
  0.1103E-04  0.5926E+00  0.3440E-04  0.9610E-02  0.0000E+00  0.3149E-06
  0.3439E-03  0.1861E-03  0.3595E-04  0.5956E-01  0.0000E+00  0.3844E-09
  0.4401E-03  0.8853E-04  0.1915E-03  0.5997E-05  0.0000E+00  0.4392E-08
  0.4660E-02  0.4709E-04  0.2887E-02  0.1422E-04  0.0000E+00  0.0000E+00
  0.2793E-02  0.5580E-03  0.3889E-06  0.8567E-02  0.0000E+00  0.0000E+00
  0.1003E-01  0.5622E-03  0.1233E-03  0.6425E-05  0.0000E+00  0.9382E-08
  0.6089E-02  0.2960E-04  0.6984E-04  0.9458E-05  0.0000E+00  0.2798E-04
  0.6015E-03  0.2988E+00  0.9614E-03  0.2984E-04  0.7049E-11  0.0000E+00
 Relative number of events:
  0.2676E-01  0.2973E-01  0.2379E-01  0.2279E-01  0.0000E+00  0.1982E-02
  0.4460E-01  0.4658E-01  0.2775E-01  0.2577E-01  0.0000E+00  0.9911E-03
  0.3072E-01  0.1883E-01  0.3370E-01  0.2478E-01  0.0000E+00  0.9911E-03
  0.3964E-01  0.4063E-01  0.2973E-01  0.2478E-01  0.0000E+00  0.0000E+00
  0.3469E-01  0.2180E-01  0.2379E-01  0.2379E-01  0.0000E+00  0.0000E+00
  0.3667E-01  0.2775E-01  0.2478E-01  0.2279E-01  0.0000E+00  0.9911E-03
  0.3568E-01  0.4163E-01  0.3370E-01  0.3171E-01  0.0000E+00  0.9911E-03
  0.4460E-01  0.4460E-01  0.3072E-01  0.2379E-01  0.9911E-03  0.0000E+00
 Events:
          27          30          24          23           0           2
          45          47          28          26           0           1
          31          19          34          25           0           1
          40          41          30          25           0           0
          35          22          24          24           0           0
          37          28          25          23           0           1
          36          42          34          32           0           1
          45          45          31          24           1           0
 Iteration  2   Mean: 0.5462E-09 Abs mean: 0.5462E-09   Fluctuation:  0.195E-09   0.240E-06     8.6%
  2    0.5462E-09 0.5462E-09 +- 0.1949E-09     15.96
 Relative summed weights:
  0.4804E-01  0.1123E-01  0.2550E-02  0.7095E-01  0.0000E+00  0.2117E-06
  0.1484E-02  0.5057E-02  0.4898E-03  0.1423E-02  0.0000E+00  0.0000E+00
  0.4130E-01  0.2216E+00  0.2678E-03  0.2055E-02  0.0000E+00  0.0000E+00
  0.1833E-01  0.1072E-01  0.3436E-03  0.3807E-03  0.0000E+00  0.0000E+00
  0.5052E-02  0.2121E+00  0.5570E-03  0.1392E-02  0.0000E+00  0.1120E-07
  0.2595E-02  0.8258E-04  0.3086E-05  0.4264E-03  0.0000E+00  0.0000E+00
  0.5160E-01  0.1446E+00  0.2236E-03  0.3514E-01  0.0000E+00  0.0000E+00
  0.3382E-01  0.3440E-01  0.3633E-04  0.4174E-01  0.0000E+00  0.1370E-05
 Relative number of events:
  0.3400E-01  0.2850E-01  0.2800E-01  0.1550E-01  0.0000E+00  0.5000E-03
  0.4500E-01  0.4950E-01  0.1900E-01  0.2850E-01  0.0000E+00  0.0000E+00
  0.3800E-01  0.2550E-01  0.2200E-01  0.2000E-01  0.0000E+00  0.0000E+00
  0.4350E-01  0.4150E-01  0.2750E-01  0.2850E-01  0.0000E+00  0.0000E+00
  0.3150E-01  0.3350E-01  0.2250E-01  0.2350E-01  0.0000E+00  0.5000E-03
  0.3750E-01  0.3150E-01  0.1350E-01  0.1850E-01  0.0000E+00  0.0000E+00
  0.5150E-01  0.4850E-01  0.2500E-01  0.3250E-01  0.0000E+00  0.0000E+00
  0.4050E-01  0.4600E-01  0.2600E-01  0.2150E-01  0.0000E+00  0.1000E-02
 Events:
          68          57          56          31           0           1
          90          99          38          57           0           0
          76          51          44          40           0           0
          87          83          55          57           0           0
          63          67          45          47           0           1
          75          63          27          37           0           0
         103          97          50          65           0           0
          81          92          52          43           0           2
 Iteration  3   Mean: 0.1143E-08 Abs mean: 0.1143E-08   Fluctuation:  0.306E-09   0.684E-06    15.0%
  3    0.1143E-08 0.1143E-08 +- 0.3062E-09     16.95
 Relative summed weights:
  0.2619E-02  0.6749E-01  0.6329E-01  0.7914E-02  0.0000E+00  0.5811E-06
  0.5818E-01  0.8162E-02  0.4197E-02  0.3089E-01  0.7639E-03  0.0000E+00
  0.1084E-02  0.9712E-02  0.1575E-02  0.1107E-02  0.0000E+00  0.4250E-08
  0.5406E-02  0.7475E-02  0.6050E-03  0.8670E-02  0.1252E-08  0.2795E-06
  0.9047E-02  0.1001E-01  0.4476E-03  0.1580E-01  0.0000E+00  0.1526E-07
  0.9710E-01  0.3165E-02  0.4839E-03  0.9432E-03  0.0000E+00  0.0000E+00
  0.2349E+00  0.3404E-01  0.2911E-01  0.1529E+00  0.0000E+00  0.4304E-10
  0.1729E-01  0.1292E-01  0.8837E-01  0.1430E-01  0.8736E-14  0.0000E+00
 Relative number of events:
  0.3050E-01  0.3075E-01  0.2450E-01  0.2300E-01  0.0000E+00  0.7500E-03
  0.4550E-01  0.4650E-01  0.2950E-01  0.3025E-01  0.2500E-03  0.0000E+00
  0.3150E-01  0.3550E-01  0.2300E-01  0.1925E-01  0.0000E+00  0.2500E-03
  0.4025E-01  0.4075E-01  0.2475E-01  0.2800E-01  0.2500E-03  0.2500E-03
  0.3050E-01  0.3150E-01  0.1900E-01  0.2225E-01  0.0000E+00  0.2500E-03
  0.3775E-01  0.3100E-01  0.2125E-01  0.1825E-01  0.0000E+00  0.0000E+00
  0.4250E-01  0.3925E-01  0.2975E-01  0.2600E-01  0.0000E+00  0.5000E-03
  0.4350E-01  0.4175E-01  0.2975E-01  0.2975E-01  0.2500E-03  0.0000E+00
 Events:
         122         123          98          92           0           3
         182         186         118         121           1           0
         126         142          92          77           0           1
         161         163          99         112           1           1
         122         126          76          89           0           1
         151         124          85          73           0           0
         170         157         119         104           0           2
         174         167         119         119           1           0
 Accuracy:    0.447   0.100   0.204   4.799
 Found          200  events.
 Wrote            7  events.
 Actual xsec    1.1434149056414297E-009
 Correct abs xsec    1.1434149056414297E-009
 Event xsec    1.1434149056414297E-009
 Events wgts > 1:            0
 % Cross section > 1:    0.0000000000000000        0.0000000000000000     
 Iteration  4   Mean: 0.4355E-08 Abs mean: 0.4355E-08   Fluctuation:  0.106E-08   0.455E-05    17.0%
  4    0.4355E-08 0.4355E-08 +- 0.1056E-08     21.68
 Relative summed weights:
  0.8559E-02  0.1902E-01  0.3344E-02  0.1549E-02  0.7247E-11  0.0000E+00
  0.1790E-01  0.7128E-02  0.2809E-02  0.1754E-01  0.3619E-08  0.1250E-04
  0.2471E-02  0.3068E-02  0.5178E-02  0.4090E-02  0.2093E-05  0.0000E+00
  0.8432E-01  0.7147E-01  0.1926E+00  0.3879E-02  0.5878E-11  0.5635E-08
  0.2995E-01  0.5345E-02  0.2007E-01  0.6175E-02  0.9842E-10  0.1176E-09
  0.3842E-02  0.1152E+00  0.1960E-02  0.4141E-02  0.7670E-08  0.2275E-08
  0.8039E-01  0.1368E+00  0.4398E-01  0.9093E-02  0.1550E-04  0.5993E-07
  0.3714E-01  0.3402E-02  0.1334E-01  0.4421E-01  0.0000E+00  0.2525E-10
 Relative number of events:
  0.3375E-01  0.3413E-01  0.1975E-01  0.2225E-01  0.1250E-03  0.0000E+00
  0.4175E-01  0.4150E-01  0.2900E-01  0.2775E-01  0.1250E-03  0.1250E-03
  0.3550E-01  0.3450E-01  0.2038E-01  0.1862E-01  0.1250E-03  0.0000E+00
  0.4612E-01  0.4462E-01  0.2763E-01  0.2275E-01  0.1250E-03  0.1250E-03
  0.3587E-01  0.3112E-01  0.2063E-01  0.2200E-01  0.1250E-03  0.2500E-03
  0.3363E-01  0.3475E-01  0.1850E-01  0.2013E-01  0.1250E-03  0.2500E-03
  0.4175E-01  0.4350E-01  0.2662E-01  0.2550E-01  0.2500E-03  0.2500E-03
  0.4400E-01  0.4550E-01  0.2400E-01  0.3037E-01  0.0000E+00  0.1250E-03
 Events:
         270         273         158         178           1           0
         334         332         232         222           1           1
         284         276         163         149           1           0
         369         357         221         182           1           1
         287         249         165         176           1           2
         269         278         148         161           1           2
         334         348         213         204           2           2
         352         364         192         243           0           1
 Accuracy:    0.391   0.100   0.156   6.278
 Found          492  events.
 Wrote            9  events.
 Actual xsec    2.4306776296236615E-009
 Correct abs xsec    2.4306776296236615E-009
 Event xsec    2.4306776296236615E-009
 Events wgts > 1:            1
 % Cross section > 1:    4.3108909603413811E-017   1.7735346340472269E-006
 Iteration  5   Mean: 0.6412E-08 Abs mean: 0.6412E-08   Fluctuation:  0.132E-08   0.130E-04    19.3%
  5    0.6412E-08 0.6412E-08 +- 0.1320E-08     26.04
 Relative summed weights:
  0.4578E-02  0.2867E-01  0.3118E-01  0.1929E-02  0.2250E-08  0.8269E-06
  0.1757E+00  0.1241E-01  0.2699E-01  0.3307E-02  0.3153E-06  0.3035E-06
  0.1284E+00  0.6713E-02  0.4521E-02  0.1118E-01  0.8040E-07  0.3753E-05
  0.2863E-01  0.1556E-01  0.2195E-02  0.1100E-01  0.8047E-07  0.9038E-07
  0.1759E-01  0.8574E-01  0.5280E-02  0.5234E-01  0.5654E-08  0.8168E-05
  0.1574E-01  0.3589E-01  0.2845E-01  0.2959E-02  0.1713E-06  0.2202E-09
  0.4852E-01  0.1180E-01  0.4949E-01  0.3037E-02  0.2810E-07  0.9905E-08
  0.3534E-01  0.6206E-01  0.4491E-01  0.7813E-02  0.4573E-09  0.0000E+00
 Relative number of events:
  0.3488E-01  0.3406E-01  0.2006E-01  0.2094E-01  0.1250E-03  0.1875E-03
  0.4281E-01  0.4219E-01  0.2719E-01  0.2562E-01  0.1250E-03  0.3750E-03
  0.3356E-01  0.3112E-01  0.2019E-01  0.2081E-01  0.6250E-04  0.1250E-03
  0.4481E-01  0.4219E-01  0.2788E-01  0.2875E-01  0.6250E-04  0.1250E-03
  0.3144E-01  0.3119E-01  0.2050E-01  0.2094E-01  0.1250E-03  0.3750E-03
  0.3450E-01  0.3200E-01  0.2075E-01  0.2113E-01  0.6250E-04  0.6250E-04
  0.4269E-01  0.4219E-01  0.3163E-01  0.2844E-01  0.6250E-04  0.1250E-03
  0.4625E-01  0.4512E-01  0.2712E-01  0.2500E-01  0.6250E-04  0.0000E+00
 Events:
         558         545         321         335           2           3
         685         675         435         410           2           6
         537         498         323         333           1           2
         717         675         446         460           1           2
         503         499         328         335           2           6
         552         512         332         338           1           1
         683         675         506         455           1           2
         740         722         434         400           1           0
 Accuracy:    0.296   0.100   0.124   5.682
 Found          843  events.
 Wrote           10  events.
 Actual xsec    4.4244835534285486E-009
 Correct abs xsec    4.4244835534285486E-009
 Event xsec    4.4244835534285494E-009
 Events wgts > 1:            0
 % Cross section > 1:    0.0000000000000000        0.0000000000000000     

 -------------------------------------------------------------------------------
 Accumulated results:   Integral =  0.3911E-08
                        Std dev  =  0.4864E-09
                       Cross sec =  0.3911E-08
             Chi**2 per DoF.     =      5.6823
 -------------------------------------------------------------------------------
-------------------------------------------------
---------------------------
 Results Last   3 iters: Integral =   0.4424E-08
                     Abs integral =   0.4424E-08
                          Std dev =   0.5991E-09
                  Chi**2 per DoF. =     58.5524
-------------------------------------------------
---------------------------
 Status  0.10000000000000001                6           5

ls status:
events.lhe
ftn26
input_app.txt
results.dat
run1_app.log
