 Process in group number            1
 A PDF is used, so alpha_s(MZ) is going to be modified
 Old value of alpha_s from param_card:   0.11839999999999999     
  ****************************************
 
       NNPDFDriver version 1.0.3
   Grid: NNPDF23_lo_as_0130_qed_mem0.grid
  ****************************************
 New value of alpha_s from PDF nn23lo1:  0.13000000000000000     
 Define smin to   1600.0000000000000     
 Define smin to   1600.0000000000000     
 Define smin to   1600.0000000000000     
 *****************************************************
 *               MadGraph/MadEvent                   *
 *        --------------------------------           *
 *          http://madgraph.hep.uiuc.edu             *
 *          http://madgraph.phys.ucl.ac.be           *
 *          http://madgraph.roma2.infn.it            *
 *        --------------------------------           *
 *                                                   *
 *          PARAMETER AND COUPLING VALUES            *
 *                                                   *
 *****************************************************

  External Params
  ---------------------------------
  
 mdl_VeN1 =    1.0000000000000000     
 mdl_VeN2 =    0.0000000000000000     
 mdl_VeN3 =    0.0000000000000000     
 mdl_VmuN1 =    0.0000000000000000     
 mdl_VmuN2 =    1.0000000000000000     
 mdl_VmuN3 =    0.0000000000000000     
 mdl_VtaN1 =    0.0000000000000000     
 mdl_VtaN2 =    0.0000000000000000     
 mdl_VtaN3 =    1.0000000000000000     
 mdl_VN1N1 =    1.0000000000000000     
 mdl_VN1N2 =    1.0000000000000000     
 mdl_VN1N3 =    1.0000000000000000     
 mdl_VN2N2 =    1.0000000000000000     
 mdl_VN2N3 =    1.0000000000000000     
 mdl_VN3N3 =    1.0000000000000000     
 aEWM1 =    127.90000000000001     
 mdl_Gf =    1.1663700000000000E-005
 aS =   0.11839999999999999     
 mdl_ymt =    172.00000000000000     
 mdl_vevf =    50.000000000000000     
 mdl_MZ =    91.187600000000003     
 mdl_MT =    172.00000000000000     
 mdl_MH =    125.00000000000000     
 mdl_mN1 =    2000.0000000000000     
 mdl_mN2 =    2100.0000000000000     
 mdl_mN3 =    2200.0000000000000     
 mdl_MJ =    91.187600000000003     
 mdl_MAx =    173.04800000000000     
 mdl_WZ =    2.4952000000000001     
 mdl_WW =    2.0850000000000000     
 mdl_WT =    1.5083359999999999     
 mdl_WH =    4.0699999999999998E-003
 mdl_WN1 =   0.30299999999999999     
 mdl_WN2 =    1.5000000000000000     
 mdl_WN3 =    12.300000000000001     
 mdl_WJ =    2.4952000000000001     
 mdl_WAx =    4.1700000000000001E-003
  Internal Params
  ---------------------------------
  
 mdl_vevf__exp__2 =    2500.0000000000000     
 mdl_sqrt__vevf__exp__2 =    50.000000000000000     
 mdl_muJ =    50.000000000000000     
 mdl_MZ__exp__2 =    8315.1783937600012     
 mdl_MZ__exp__4 =    69142191.720053151     
 mdl_sqrt__2 =    1.4142135623730951     
 mdl_MJ__exp__2 =    8315.1783937600012     
 mdl_muJ__exp__2 =    2500.0000000000000     
 mdl_lamJ =    4.3260713575040004     
 mdl_MH__exp__2 =    15625.000000000000     
 mdl_complexi =  (  0.0000000000000000     ,  1.0000000000000000     )
 mdl_aEW =    7.8186082877247844E-003
 mdl_MW =    79.824359746197842     
 mdl_sqrt__aEW =    8.8422894590285753E-002
 mdl_ee =   0.31345100004952897     
 mdl_MW__exp__2 =    6371.9284088904105     
 mdl_sw2 =   0.23369913342182447     
 mdl_cw =   0.87538612427783857     
 mdl_sqrt__sw2 =   0.48342438232036300     
 mdl_sw =   0.48342438232036300     
 mdl_g1 =   0.35807170271074895     
 mdl_gN =   0.64839716719502682     
 mdl_gw =   0.64839716719502682     
 mdl_vev =    246.22056907348590     
 mdl_vev__exp__2 =    60624.568634871241     
 mdl_lam =   0.12886689630821144     
 mdl_yt =   0.98791394091683138     
 mdl_muH =    88.388347648318444     
 mdl_I2a33 =  ( 0.98791394091683138     ,  0.0000000000000000     )
 mdl_I3a33 =  ( 0.98791394091683138     ,  0.0000000000000000     )
 mdl_ee__exp__2 =    9.8251529432049817E-002
 mdl_sw__exp__2 =   0.23369913342182450     
 mdl_cw__exp__2 =   0.76630086657817542     
  Internal Params evaluated point by point
  ----------------------------------------
  
 mdl_sqrt__aS =   0.34409301068170506     
 mdl_G__exp__2 =    1.4878582807401259     
  Couplings of SM_HeavyN_UFO
  ---------------------------------
  
         GC_1 =  -0.00000E+00  -0.10448E+00
         GC_2 =   0.00000E+00   0.20897E+00
         GC_3 =  -0.00000E+00  -0.31345E+00
         GC_4 =   0.00000E+00   0.31345E+00
        GC_26 =   0.00000E+00   0.45849E+00
        GC_27 =  -0.00000E+00  -0.28380E+00
        GC_28 =   0.00000E+00   0.28380E+00
        GC_30 =   0.00000E+00   0.56760E+00
        GC_35 =  -0.00000E+00  -0.28850E-01
        GC_37 =   0.00000E+00   0.17310E+00
        GC_39 =   0.00000E+00  -0.19725E+00
        GC_40 =   0.00000E+00   0.37035E+00
        GC_80 =   0.00000E+00   0.67543E+02
       GC_107 =  -0.00000E+00  -0.74070E+00
       GC_109 =  -0.00000E+00  -0.74070E+00
       GC_111 =  -0.00000E+00  -0.74070E+00
       GC_113 =  -0.00000E+00  -0.74070E+00
       GC_115 =  -0.00000E+00  -0.74070E+00
       GC_117 =  -0.00000E+00  -0.74070E+00
       GC_119 =   0.00000E+00   0.00000E+00
       GC_120 =   0.00000E+00   0.00000E+00
       GC_122 =  -0.00000E+00  -0.00000E+00
       GC_126 =   0.00000E+00   0.00000E+00
       GC_127 =   0.00000E+00   0.00000E+00
       GC_129 =  -0.00000E+00  -0.00000E+00
       GC_133 =   0.00000E+00   0.45849E+00
       GC_134 =   0.00000E+00   0.37035E+00
       GC_136 =  -0.00000E+00  -0.89351E+01
        GC_81 =   0.40000E+02   0.00000E+00
        GC_82 =   0.42000E+02   0.00000E+00
        GC_83 =   0.44000E+02   0.00000E+00

 Collider parameters:
 --------------------

 Running at P P   machine @    13000.000000000000       GeV
 PDF set = nn23lo1
 alpha_s(Mz)= 0.1300 running at 2 loops.
 alpha_s(Mz)= 0.1300 running at 2 loops.
 Renormalization scale set on event-by-event basis
 Factorization   scale set on event-by-event basis


 getting user params
Enter number of events and max and min iterations: 
 Number of events and iterations         1000           5           3
Enter desired fractional accuracy: 
 Desired fractional accuracy:   0.10000000000000001     
Enter 0 for fixed, 2 for adjustable grid: 
Suppress amplitude (0 no, 1 yes)? 
 Using suppressed amplitude.
Exact helicity sum (0 yes, n = number/event)? 
 Explicitly summing over helicities
Enter Configuration Number: 
Running Configuration Number:  342
 Using dconfig=         698
 BW Setting            2           1           2           1           2           2           0
 Attempting mappinvarients           1           9
 Completed mapping           9
 about to integrate           19        1000           5           3          19           1
 Using non-zero grid deformation.
 19 dimensions   1000 events 19 invarients  5 iterations  1 config(s),  (0.99)
 Using h-tuple random number sequence.
 Error opening grid
 Using Uniform Grid!          36
 Using uniform alpha   1.0000000000000000     
 Grid defined OK
 Set CM energy to      13000.00
 Mapping Graph         342  to config         342
Setting grid   1    0.75740E-07   1
 Setting BW          -2           2   79.824359746197842     
Setting grid   3    0.31513E-04   1
 Setting BW          -4           4   2200.0000000000000     
Setting grid   5    0.29417E-01   1
Setting grid   6    0.29417E-01   1
 Transforming s_hat 1/s           18   2.9417199962093264E-002   1600.0000000000000        168999999.99999997     
 342   1   2   3   4   5   6   7   8   9  10  11  12  13  14
  15  16  17  18  19
 Masses: 0.000E+00 0.000E+00 0.000E+00 0.000E+00 0.000E+00 0.000E+00 0.000E+00 0.000E+00 0.912E+02
Using random seed offsets   342 :      1
  with seed                   24
 Ranmar initialization seeds          72        9398
 
 ********************************************
 * You are using the DiscreteSampler module *
 *      part of the MG5_aMC framework       *
 *         Author: Valentin Hirschi         *
 ********************************************
 
  Particle       3       4       5       6       7       8       9
      Et >    10.0    10.0    10.0    10.0     0.0     0.0     0.0
       E >     0.0     0.0     0.0     0.0     0.0     0.0     0.0
     Eta <     2.5     2.5     2.5     2.5    -1.0    -1.0    -1.0
   xqcut:      0.0     0.0     0.0     0.0     0.0     0.0     0.0
d R # 3  >    -0.0     0.4     0.4     0.4     0.0     0.0     0.0
d R # 4  >    -0.0    -0.0     0.4     0.4     0.0     0.0     0.0
d R # 5  >    -0.0    -0.0    -0.0     0.4     0.0     0.0     0.0
d R # 6  >    -0.0    -0.0    -0.0    -0.0     0.0     0.0     0.0
d R # 7  >    -0.0    -0.0    -0.0    -0.0    -0.0     0.0     0.0
d R # 8  >    -0.0    -0.0    -0.0    -0.0    -0.0    -0.0     0.0
s min # 3>     0.0     0.0     0.0     0.0     0.0     0.0     0.0
s min # 4>     0.0     0.0     0.0     0.0     0.0     0.0     0.0
s min # 5>     0.0     0.0     0.0     0.0     0.0     0.0     0.0
s min # 6>     0.0     0.0     0.0     0.0     0.0     0.0     0.0
s min # 7>     0.0     0.0     0.0     0.0     0.0     0.0     0.0
s min # 8>     0.0     0.0     0.0     0.0     0.0     0.0     0.0
xqcutij # 3>     0.0     0.0     0.0     0.0     0.0     0.0     0.0
xqcutij # 4>     0.0     0.0     0.0     0.0     0.0     0.0     0.0
xqcutij # 5>     0.0     0.0     0.0     0.0     0.0     0.0     0.0
xqcutij # 6>     0.0     0.0     0.0     0.0     0.0     0.0     0.0
xqcutij # 7>     0.0     0.0     0.0     0.0     0.0     0.0     0.0
xqcutij # 8>     0.0     0.0     0.0     0.0     0.0     0.0     0.0
 Excluding BW           -1           1
 Requiring BW           -2           2
 Excluding BW           -3           3
 Requiring BW           -4           4
 Excluding BW           -5           5
 Excluding BW           -6           6
 alpha_s for scale    2934.3182579375352       is    8.2627392784191928E-002
 Added good helicity            1   17.807197572078838       in event            1 local:           1
 Added good helicity           21   1.8751516004275112E-007  in event            1 local:           1
 Added good helicity           25   7.4927581130853352E-008  in event            1 local:           1
 Added good helicity           37   1.3354803279830640       in event            1 local:           1
 Added good helicity           41  0.35648609785398599       in event            1 local:           1
 Added good helicity           61   1.0263657947844919E-006  in event            1 local:           1
 Added good helicity          193   214.66928519936562       in event            1 local:           1
 Added good helicity          213   2.2074375420817512E-006  in event            1 local:           1
 Added good helicity          217   1.0240381981046303E-006  in event            1 local:           1
 Added good helicity          229   17.471037813193938       in event            1 local:           1
 Added good helicity          233   4.3604947263869764       in event            1 local:           1
 Added good helicity          253   1.3742853329312058E-005  in event            1 local:           1
 Added good helicity            1   17.807197572078817       in event            1 local:           1
 Added good helicity           21   1.8751516004271425E-007  in event            1 local:           1
 Added good helicity           25   7.4927581130854570E-008  in event            1 local:           1
 Added good helicity           37   1.3354803279830405       in event            1 local:           1
 Added good helicity           41  0.35648609785406710       in event            1 local:           1
 Added good helicity           61   1.0263657947844072E-006  in event            1 local:           1
 Added good helicity          193   214.66928519936499       in event            1 local:           1
 Added good helicity          213   2.2074375420811740E-006  in event            1 local:           1
 Added good helicity          217   1.0240381981045509E-006  in event            1 local:           1
 Added good helicity          229   17.471037813193533       in event            1 local:           1
 Added good helicity          233   4.3604947263879543       in event            1 local:           1
 Added good helicity          253   1.3742853329311263E-005  in event            1 local:           1
 RESET CUMULATIVE VARIABLE
 RESET CUMULATIVE VARIABLE
 RESET CUMULATIVE VARIABLE
 Iteration  1   Mean: 0.1263E-07 Abs mean: 0.1263E-07   Fluctuation:  0.333E-08   0.285E-05    19.2%
  1    0.1263E-07 0.1263E-07 +- 0.3332E-08      8.34
 Writing out events   1.3189419851243026E-011   8.3390686310510969     
 Relative summed weights:
  0.1038E-02  0.2484E-01  0.5447E-07  0.1501E-02  0.0000E+00  0.0000E+00
  0.1175E+00  0.3353E-01  0.1342E-01  0.2020E-01  0.0000E+00  0.0000E+00
  0.9011E-02  0.6998E-03  0.2457E-03  0.5721E-01  0.0000E+00  0.0000E+00
  0.1859E-01  0.2487E+00  0.1940E-01  0.3008E-01  0.2056E-07  0.0000E+00
  0.3403E-02  0.2119E-04  0.1723E-02  0.2542E-07  0.0000E+00  0.8665E-06
  0.9631E-04  0.6036E-02  0.1845E-01  0.5576E-04  0.0000E+00  0.0000E+00
  0.9438E-02  0.4142E-01  0.3450E-01  0.3909E-01  0.3443E-12  0.0000E+00
  0.9701E-01  0.2393E-01  0.3799E-01  0.9091E-01  0.0000E+00  0.0000E+00
 Relative number of events:
  0.6938E-02  0.8920E-02  0.2973E-02  0.3964E-02  0.0000E+00  0.0000E+00
  0.6541E-01  0.6938E-01  0.5352E-01  0.6046E-01  0.0000E+00  0.0000E+00
  0.2973E-02  0.2973E-02  0.9911E-03  0.9911E-03  0.0000E+00  0.0000E+00
  0.7235E-01  0.6442E-01  0.5055E-01  0.5352E-01  0.9911E-03  0.0000E+00
  0.3964E-02  0.1982E-02  0.2973E-02  0.9911E-03  0.0000E+00  0.9911E-03
  0.2973E-02  0.3964E-02  0.2973E-02  0.9911E-03  0.0000E+00  0.0000E+00
  0.6442E-01  0.6343E-01  0.4955E-01  0.4955E-01  0.9911E-03  0.0000E+00
  0.5451E-01  0.6541E-01  0.6046E-01  0.4856E-01  0.0000E+00  0.0000E+00
 Events:
           7           9           3           4           0           0
          66          70          54          61           0           0
           3           3           1           1           0           0
          73          65          51          54           1           0
           4           2           3           1           0           1
           3           4           3           1           0           0
          65          64          50          50           1           0
          55          66          61          49           0           0
 Iteration  2   Mean: 0.1478E-07 Abs mean: 0.1478E-07   Fluctuation:  0.204E-08   0.183E-05    52.7%
  2    0.1478E-07 0.1478E-07 +- 0.2035E-08      6.16
 Relative summed weights:
  0.2024E-01  0.2348E-02  0.4691E-02  0.5692E-02  0.0000E+00  0.0000E+00
  0.3113E-01  0.5218E-01  0.2328E-01  0.8014E-02  0.7730E-05  0.0000E+00
  0.4127E-01  0.5812E-01  0.7473E-02  0.5381E-03  0.0000E+00  0.0000E+00
  0.8406E-01  0.1347E+00  0.2073E-01  0.1363E-01  0.0000E+00  0.1085E-05
  0.2131E-01  0.5079E-04  0.2081E-01  0.4822E-02  0.0000E+00  0.0000E+00
  0.8518E-01  0.1073E-01  0.9967E-03  0.4733E-05  0.0000E+00  0.0000E+00
  0.3611E-01  0.1906E-01  0.3680E-01  0.1772E-01  0.0000E+00  0.7680E-06
  0.7689E-01  0.4418E-01  0.2962E-01  0.8759E-01  0.1840E-08  0.3252E-05
 Relative number of events:
  0.6500E-02  0.3000E-02  0.3000E-02  0.2000E-02  0.0000E+00  0.0000E+00
  0.7600E-01  0.6150E-01  0.4800E-01  0.5200E-01  0.5000E-03  0.0000E+00
  0.4000E-02  0.3000E-02  0.3000E-02  0.2000E-02  0.0000E+00  0.0000E+00
  0.6300E-01  0.7200E-01  0.5200E-01  0.4900E-01  0.0000E+00  0.5000E-03
  0.4000E-02  0.1500E-02  0.2000E-02  0.2000E-02  0.0000E+00  0.0000E+00
  0.3500E-02  0.5500E-02  0.2500E-02  0.5000E-03  0.0000E+00  0.0000E+00
  0.6550E-01  0.6600E-01  0.5950E-01  0.4950E-01  0.0000E+00  0.5000E-03
  0.6850E-01  0.7250E-01  0.4450E-01  0.5000E-01  0.5000E-03  0.5000E-03
 Events:
          13           6           6           4           0           0
         152         123          96         104           1           0
           8           6           6           4           0           0
         126         144         104          98           0           1
           8           3           4           4           0           0
           7          11           5           1           0           0
         131         132         119          99           0           1
         137         145          89         100           1           1
 Iteration  3   Mean: 0.3004E-07 Abs mean: 0.3004E-07   Fluctuation:  0.887E-08   0.279E-04    67.1%
  3    0.3004E-07 0.3004E-07 +- 0.8867E-08     18.67
 Relative summed weights:
  0.1098E-01  0.4431E-02  0.1032E-03  0.5596E-03  0.0000E+00  0.0000E+00
  0.3831E-01  0.2623E-01  0.1427E-01  0.1722E-01  0.0000E+00  0.0000E+00
  0.2489E+00  0.1148E-01  0.1583E+00  0.6194E-01  0.0000E+00  0.0000E+00
  0.1669E-01  0.2325E-01  0.1478E-01  0.1582E-01  0.4750E-04  0.7426E-04
  0.2225E-03  0.7929E-02  0.2216E-01  0.3536E-01  0.0000E+00  0.0000E+00
  0.3332E-01  0.5044E-02  0.1315E-02  0.2411E-04  0.0000E+00  0.0000E+00
  0.3260E-01  0.7453E-01  0.9535E-02  0.1890E-01  0.5292E-07  0.0000E+00
  0.1148E-01  0.4406E-01  0.2007E-01  0.1994E-01  0.1319E-03  0.5850E-05
 Relative number of events:
  0.4250E-02  0.2750E-02  0.1500E-02  0.1000E-02  0.0000E+00  0.0000E+00
  0.6800E-01  0.6875E-01  0.5750E-01  0.5425E-01  0.0000E+00  0.0000E+00
  0.3500E-02  0.3250E-02  0.2250E-02  0.1500E-02  0.0000E+00  0.0000E+00
  0.7050E-01  0.6825E-01  0.5000E-01  0.4975E-01  0.2500E-03  0.2500E-03
  0.2250E-02  0.3000E-02  0.1750E-02  0.1500E-02  0.0000E+00  0.0000E+00
  0.2500E-02  0.3000E-02  0.1250E-02  0.1750E-02  0.0000E+00  0.0000E+00
  0.6700E-01  0.6625E-01  0.5475E-01  0.5400E-01  0.2500E-03  0.0000E+00
  0.6375E-01  0.6550E-01  0.5050E-01  0.5275E-01  0.5000E-03  0.2500E-03
 Events:
          17          11           6           4           0           0
         272         275         230         217           0           0
          14          13           9           6           0           0
         282         273         200         199           1           1
           9          12           7           6           0           0
          10          12           5           7           0           0
         268         265         219         216           1           0
         255         262         202         211           2           1
 Accuracy:    0.239   0.100   0.113   4.482
 Found          290  events.
 Wrote            6  events.
 Actual xsec    1.6617070115773474E-008
 Correct abs xsec    1.6617070115773474E-008
 Event xsec    1.6617070115773474E-008
 Events wgts > 1:            0
 % Cross section > 1:    0.0000000000000000        0.0000000000000000     
 Iteration  4   Mean: 0.2016E-07 Abs mean: 0.2016E-07   Fluctuation:  0.234E-08   0.913E-05    71.2%
  4    0.2016E-07 0.2016E-07 +- 0.2339E-08     10.38
 Relative summed weights:
  0.3322E-01  0.4911E-01  0.3462E-01  0.2876E-02  0.0000E+00  0.0000E+00
  0.3787E-01  0.4157E-01  0.2790E-01  0.1941E-01  0.3335E-04  0.1086E-02
  0.3118E-01  0.5063E-01  0.1172E-01  0.7883E-02  0.0000E+00  0.0000E+00
  0.5661E-01  0.2478E-01  0.2750E-01  0.1566E-01  0.0000E+00  0.0000E+00
  0.3405E-01  0.7006E-01  0.5177E-01  0.1474E-01  0.0000E+00  0.3346E-05
  0.1630E-01  0.1083E-01  0.3288E-03  0.3108E-02  0.0000E+00  0.3250E-05
  0.8542E-01  0.4457E-01  0.3652E-01  0.1870E-01  0.3303E-05  0.1214E-03
  0.4008E-01  0.3840E-01  0.2499E-01  0.3628E-01  0.4388E-04  0.2385E-04
 Relative number of events:
  0.4250E-02  0.5000E-02  0.2250E-02  0.1250E-02  0.0000E+00  0.0000E+00
  0.6237E-01  0.6775E-01  0.5437E-01  0.4925E-01  0.3750E-03  0.5000E-03
  0.3750E-02  0.3750E-02  0.1375E-02  0.1000E-02  0.0000E+00  0.0000E+00
  0.7675E-01  0.6563E-01  0.5137E-01  0.5112E-01  0.0000E+00  0.0000E+00
  0.3875E-02  0.3000E-02  0.7500E-03  0.1500E-02  0.0000E+00  0.1250E-03
  0.3500E-02  0.3875E-02  0.8750E-03  0.2375E-02  0.0000E+00  0.1250E-03
  0.6588E-01  0.7112E-01  0.5300E-01  0.5025E-01  0.1250E-03  0.3750E-03
  0.6525E-01  0.6725E-01  0.4875E-01  0.5538E-01  0.2500E-03  0.2500E-03
 Events:
          34          40          18          10           0           0
         499         542         435         394           3           4
          30          30          11           8           0           0
         614         525         411         409           0           0
          31          24           6          12           0           1
          28          31           7          19           0           1
         527         569         424         402           1           3
         522         538         390         443           2           2
 Accuracy:    0.138   0.100   0.081   2.928
 Found          386  events.
 Wrote           17  events.
 Actual xsec    1.8928519319030945E-008
 Correct abs xsec    1.8928519319030945E-008
 Event xsec    1.8928519319030952E-008
 Events wgts > 1:            2
 % Cross section > 1:    1.7666025285266217E-010  0.93330201837312188     
 Iteration  5   Mean: 0.2163E-07 Abs mean: 0.2163E-07   Fluctuation:  0.235E-08   0.214E-04    74.5%
  5    0.2163E-07 0.2163E-07 +- 0.2349E-08     13.74
 Relative summed weights:
  0.8070E-01  0.5139E-01  0.3380E-01  0.7541E-02  0.0000E+00  0.0000E+00
  0.2906E-01  0.3333E-01  0.2902E-01  0.2009E-01  0.7541E-04  0.7109E-05
  0.2908E-01  0.7686E-01  0.1566E-01  0.3167E-02  0.2336E-03  0.0000E+00
  0.4321E-01  0.4175E-01  0.2235E-01  0.2066E-01  0.1194E-04  0.7522E-05
  0.1916E-01  0.5143E-01  0.1504E-01  0.5404E-01  0.0000E+00  0.2121E-05
  0.4204E-01  0.1065E-01  0.1396E-01  0.4236E-02  0.3309E-03  0.0000E+00
  0.3112E-01  0.3329E-01  0.2223E-01  0.3022E-01  0.1439E-03  0.4900E-03
  0.3120E-01  0.4555E-01  0.1999E-01  0.3674E-01  0.4319E-04  0.7254E-04
 Relative number of events:
  0.3563E-02  0.4125E-02  0.1437E-02  0.1375E-02  0.0000E+00  0.0000E+00
  0.6619E-01  0.6919E-01  0.5119E-01  0.5244E-01  0.3125E-03  0.4375E-03
  0.3312E-02  0.3625E-02  0.2000E-02  0.1750E-02  0.6250E-04  0.0000E+00
  0.6881E-01  0.6969E-01  0.5000E-01  0.5331E-01  0.3750E-03  0.1875E-03
  0.3687E-02  0.4125E-02  0.1937E-02  0.1937E-02  0.0000E+00  0.1250E-03
  0.3312E-02  0.3812E-02  0.1313E-02  0.1313E-02  0.6250E-04  0.0000E+00
  0.6481E-01  0.6763E-01  0.4938E-01  0.5175E-01  0.1875E-03  0.2500E-03
  0.6931E-01  0.6575E-01  0.5169E-01  0.5381E-01  0.1250E-03  0.3125E-03
 Events:
          57          66          23          22           0           0
        1059        1107         819         839           5           7
          53          58          32          28           1           0
        1101        1115         800         853           6           3
          59          66          31          31           0           2
          53          61          21          21           1           0
        1037        1082         790         828           3           4
        1109        1052         827         861           2           5
 Accuracy:    0.099   0.100   0.065   2.329
 Finished due to accuracy    9.8986651225496172E-002  0.10000000000000001     

 -------------------------------------------------------------------------------
 Accumulated results:   Integral =  0.1951E-07
                        Std dev  =  0.1266E-08
                       Cross sec =  0.1951E-07
             Chi**2 per DoF.     =      2.3286
 -------------------------------------------------------------------------------
 Found         1038  events.
 Wrote           15  events.
 Actual xsec    2.1555997259920845E-008
 Correct abs xsec    2.1555997259920845E-008
 Event xsec    2.1555997259920835E-008
 Events wgts > 1:            2
 % Cross section > 1:    1.0484952690474234E-010  0.48640536385523464     
-------------------------------------------------
---------------------------
 Results Last   3 iters: Integral =   0.2156E-07
                     Abs integral =   0.2156E-07
                          Std dev =   0.1651E-08
                  Chi**2 per DoF. =      0.6377
-------------------------------------------------
---------------------------
 Status  0.10000000000000001                6           5

ls status:
events.lhe
ftn26
input_app.txt
results.dat
run1_app.log
