 Process in group number            1
 A PDF is used, so alpha_s(MZ) is going to be modified
 Old value of alpha_s from param_card:   0.11839999999999999     
  ****************************************
 
       NNPDFDriver version 1.0.3
   Grid: NNPDF23_lo_as_0130_qed_mem0.grid
  ****************************************
 New value of alpha_s from PDF nn23lo1:  0.13000000000000000     
 Define smin to   1600.0000000000000     
 Define smin to   1600.0000000000000     
 Define smin to   1600.0000000000000     
 *****************************************************
 *               MadGraph/MadEvent                   *
 *        --------------------------------           *
 *          http://madgraph.hep.uiuc.edu             *
 *          http://madgraph.phys.ucl.ac.be           *
 *          http://madgraph.roma2.infn.it            *
 *        --------------------------------           *
 *                                                   *
 *          PARAMETER AND COUPLING VALUES            *
 *                                                   *
 *****************************************************

  External Params
  ---------------------------------
  
 mdl_VeN1 =    1.0000000000000000     
 mdl_VeN2 =    0.0000000000000000     
 mdl_VeN3 =    0.0000000000000000     
 mdl_VmuN1 =    0.0000000000000000     
 mdl_VmuN2 =    1.0000000000000000     
 mdl_VmuN3 =    0.0000000000000000     
 mdl_VtaN1 =    0.0000000000000000     
 mdl_VtaN2 =    0.0000000000000000     
 mdl_VtaN3 =    1.0000000000000000     
 mdl_VN1N1 =    1.0000000000000000     
 mdl_VN1N2 =    1.0000000000000000     
 mdl_VN1N3 =    1.0000000000000000     
 mdl_VN2N2 =    1.0000000000000000     
 mdl_VN2N3 =    1.0000000000000000     
 mdl_VN3N3 =    1.0000000000000000     
 aEWM1 =    127.90000000000001     
 mdl_Gf =    1.1663700000000000E-005
 aS =   0.11839999999999999     
 mdl_ymt =    172.00000000000000     
 mdl_vevf =    50.000000000000000     
 mdl_MZ =    91.187600000000003     
 mdl_MT =    172.00000000000000     
 mdl_MH =    125.00000000000000     
 mdl_mN1 =    2000.0000000000000     
 mdl_mN2 =    2100.0000000000000     
 mdl_mN3 =    2200.0000000000000     
 mdl_MJ =    91.187600000000003     
 mdl_MAx =    173.04800000000000     
 mdl_WZ =    2.4952000000000001     
 mdl_WW =    2.0850000000000000     
 mdl_WT =    1.5083359999999999     
 mdl_WH =    4.0699999999999998E-003
 mdl_WN1 =   0.30299999999999999     
 mdl_WN2 =    1.5000000000000000     
 mdl_WN3 =    12.300000000000001     
 mdl_WJ =    2.4952000000000001     
 mdl_WAx =    4.1700000000000001E-003
  Internal Params
  ---------------------------------
  
 mdl_vevf__exp__2 =    2500.0000000000000     
 mdl_sqrt__vevf__exp__2 =    50.000000000000000     
 mdl_muJ =    50.000000000000000     
 mdl_MZ__exp__2 =    8315.1783937600012     
 mdl_MZ__exp__4 =    69142191.720053151     
 mdl_sqrt__2 =    1.4142135623730951     
 mdl_MJ__exp__2 =    8315.1783937600012     
 mdl_muJ__exp__2 =    2500.0000000000000     
 mdl_lamJ =    4.3260713575040004     
 mdl_MH__exp__2 =    15625.000000000000     
 mdl_complexi =  (  0.0000000000000000     ,  1.0000000000000000     )
 mdl_aEW =    7.8186082877247844E-003
 mdl_MW =    79.824359746197842     
 mdl_sqrt__aEW =    8.8422894590285753E-002
 mdl_ee =   0.31345100004952897     
 mdl_MW__exp__2 =    6371.9284088904105     
 mdl_sw2 =   0.23369913342182447     
 mdl_cw =   0.87538612427783857     
 mdl_sqrt__sw2 =   0.48342438232036300     
 mdl_sw =   0.48342438232036300     
 mdl_g1 =   0.35807170271074895     
 mdl_gN =   0.64839716719502682     
 mdl_gw =   0.64839716719502682     
 mdl_vev =    246.22056907348590     
 mdl_vev__exp__2 =    60624.568634871241     
 mdl_lam =   0.12886689630821144     
 mdl_yt =   0.98791394091683138     
 mdl_muH =    88.388347648318444     
 mdl_I2a33 =  ( 0.98791394091683138     ,  0.0000000000000000     )
 mdl_I3a33 =  ( 0.98791394091683138     ,  0.0000000000000000     )
 mdl_ee__exp__2 =    9.8251529432049817E-002
 mdl_sw__exp__2 =   0.23369913342182450     
 mdl_cw__exp__2 =   0.76630086657817542     
  Internal Params evaluated point by point
  ----------------------------------------
  
 mdl_sqrt__aS =   0.34409301068170506     
 mdl_G__exp__2 =    1.4878582807401259     
  Couplings of SM_HeavyN_UFO
  ---------------------------------
  
         GC_1 =  -0.00000E+00  -0.10448E+00
         GC_2 =   0.00000E+00   0.20897E+00
         GC_3 =  -0.00000E+00  -0.31345E+00
         GC_4 =   0.00000E+00   0.31345E+00
        GC_26 =   0.00000E+00   0.45849E+00
        GC_27 =  -0.00000E+00  -0.28380E+00
        GC_28 =   0.00000E+00   0.28380E+00
        GC_30 =   0.00000E+00   0.56760E+00
        GC_35 =  -0.00000E+00  -0.28850E-01
        GC_37 =   0.00000E+00   0.17310E+00
        GC_39 =   0.00000E+00  -0.19725E+00
        GC_40 =   0.00000E+00   0.37035E+00
        GC_80 =   0.00000E+00   0.67543E+02
       GC_107 =  -0.00000E+00  -0.74070E+00
       GC_109 =  -0.00000E+00  -0.74070E+00
       GC_111 =  -0.00000E+00  -0.74070E+00
       GC_113 =  -0.00000E+00  -0.74070E+00
       GC_115 =  -0.00000E+00  -0.74070E+00
       GC_117 =  -0.00000E+00  -0.74070E+00
       GC_119 =   0.00000E+00   0.00000E+00
       GC_120 =   0.00000E+00   0.00000E+00
       GC_122 =  -0.00000E+00  -0.00000E+00
       GC_126 =   0.00000E+00   0.00000E+00
       GC_127 =   0.00000E+00   0.00000E+00
       GC_129 =  -0.00000E+00  -0.00000E+00
       GC_133 =   0.00000E+00   0.45849E+00
       GC_134 =   0.00000E+00   0.37035E+00
       GC_136 =  -0.00000E+00  -0.89351E+01
        GC_81 =   0.40000E+02   0.00000E+00
        GC_82 =   0.42000E+02   0.00000E+00
        GC_83 =   0.44000E+02   0.00000E+00

 Collider parameters:
 --------------------

 Running at P P   machine @    13000.000000000000       GeV
 PDF set = nn23lo1
 alpha_s(Mz)= 0.1300 running at 2 loops.
 alpha_s(Mz)= 0.1300 running at 2 loops.
 Renormalization scale set on event-by-event basis
 Factorization   scale set on event-by-event basis


 getting user params
Enter number of events and max and min iterations: 
 Number of events and iterations         1000           5           3
Enter desired fractional accuracy: 
 Desired fractional accuracy:   0.10000000000000001     
Enter 0 for fixed, 2 for adjustable grid: 
Suppress amplitude (0 no, 1 yes)? 
 Using suppressed amplitude.
Exact helicity sum (0 yes, n = number/event)? 
 Explicitly summing over helicities
Enter Configuration Number: 
Running Configuration Number:  369
 Using dconfig=         697
 BW Setting            1           1           2           1           2           2           0
 Attempting mappinvarients           1           9
 Completed mapping           9
 about to integrate           19        1000           5           3          19           1
 Using non-zero grid deformation.
 19 dimensions   1000 events 19 invarients  5 iterations  1 config(s),  (0.99)
 Using h-tuple random number sequence.
 Error opening grid
 Using Uniform Grid!          36
 Using uniform alpha   1.0000000000000000     
 Grid defined OK
 Set CM energy to      13000.00
 Mapping Graph         369  to config         369
 Setting BW          -1           1   79.824359746197842     
 Setting BW          -2           2   2200.0000000000000     
Setting grid   3    0.75740E-07   1
 Setting BW          -4           4   2200.0000000000000     
Setting grid   5    0.29512E-01   1
Setting grid   6    0.29512E-01   1
 Transforming s_hat 1/s           18   2.9947303536057766E-002   1600.0000000000000        168999999.99999997     
 369   1   2   3   4   5   6   7   8   9  10  11  12  13  14
  15  16  17  18  19
 Masses: 0.000E+00 0.000E+00 0.000E+00 0.000E+00 0.000E+00 0.000E+00 0.000E+00 0.000E+00 0.912E+02
Using random seed offsets   369 :      1
  with seed                   24
 Ranmar initialization seeds          99        9398
 
 ********************************************
 * You are using the DiscreteSampler module *
 *      part of the MG5_aMC framework       *
 *         Author: Valentin Hirschi         *
 ********************************************
 
  Particle       3       4       5       6       7       8       9
      Et >    10.0    10.0    10.0    10.0     0.0     0.0     0.0
       E >     0.0     0.0     0.0     0.0     0.0     0.0     0.0
     Eta <     2.5     2.5     2.5     2.5    -1.0    -1.0    -1.0
   xqcut:      0.0     0.0     0.0     0.0     0.0     0.0     0.0
d R # 3  >    -0.0     0.4     0.4     0.4     0.0     0.0     0.0
d R # 4  >    -0.0    -0.0     0.4     0.4     0.0     0.0     0.0
d R # 5  >    -0.0    -0.0    -0.0     0.4     0.0     0.0     0.0
d R # 6  >    -0.0    -0.0    -0.0    -0.0     0.0     0.0     0.0
d R # 7  >    -0.0    -0.0    -0.0    -0.0    -0.0     0.0     0.0
d R # 8  >    -0.0    -0.0    -0.0    -0.0    -0.0    -0.0     0.0
s min # 3>     0.0     0.0     0.0     0.0     0.0     0.0     0.0
s min # 4>     0.0     0.0     0.0     0.0     0.0     0.0     0.0
s min # 5>     0.0     0.0     0.0     0.0     0.0     0.0     0.0
s min # 6>     0.0     0.0     0.0     0.0     0.0     0.0     0.0
s min # 7>     0.0     0.0     0.0     0.0     0.0     0.0     0.0
s min # 8>     0.0     0.0     0.0     0.0     0.0     0.0     0.0
xqcutij # 3>     0.0     0.0     0.0     0.0     0.0     0.0     0.0
xqcutij # 4>     0.0     0.0     0.0     0.0     0.0     0.0     0.0
xqcutij # 5>     0.0     0.0     0.0     0.0     0.0     0.0     0.0
xqcutij # 6>     0.0     0.0     0.0     0.0     0.0     0.0     0.0
xqcutij # 7>     0.0     0.0     0.0     0.0     0.0     0.0     0.0
xqcutij # 8>     0.0     0.0     0.0     0.0     0.0     0.0     0.0
 Requiring BW           -1           1
 Requiring BW           -2           2
 Excluding BW           -3           3
 Requiring BW           -4           4
 Excluding BW           -5           5
 Excluding BW           -6           6
 alpha_s for scale    5168.4449299123416       is    7.8030354821481407E-002
 Added good helicity            1   39.873749827717191       in event            1 local:           1
 Added good helicity           21   4.5923000252980643E-007  in event            1 local:           1
 Added good helicity           25   1.5817373465817517E-003  in event            1 local:           1
 Added good helicity           37   2.9110987817216531E-005  in event            1 local:           1
 Added good helicity           41   59.681572081054327       in event            1 local:           1
 Added good helicity           61   1.7895037060190994E-006  in event            1 local:           1
 Added good helicity          193   20.936281058480407       in event            1 local:           1
 Added good helicity          213   8.9941160550471673E-007  in event            1 local:           1
 Added good helicity          217   4.4167990030094103E-003  in event            1 local:           1
 Added good helicity          229   7.0790674559220593E-005  in event            1 local:           1
 Added good helicity          233   135.50229054440595       in event            1 local:           1
 Added good helicity          253   4.9021848298247401E-006  in event            1 local:           1
 Added good helicity            1   39.873749827722683       in event            1 local:           1
 Added good helicity           21   4.5923000252935866E-007  in event            1 local:           1
 Added good helicity           25   1.5817373465820011E-003  in event            1 local:           1
 Added good helicity           37   2.9110987817194955E-005  in event            1 local:           1
 Added good helicity           41   59.681572081041956       in event            1 local:           1
 Added good helicity           61   1.7895037060164008E-006  in event            1 local:           1
 Added good helicity          193   20.936281058500345       in event            1 local:           1
 Added good helicity          213   8.9941160550391184E-007  in event            1 local:           1
 Added good helicity          217   4.4167990030097564E-003  in event            1 local:           1
 Added good helicity          229   7.0790674559166383E-005  in event            1 local:           1
 Added good helicity          233   135.50229054439291       in event            1 local:           1
 Added good helicity          253   4.9021848298180350E-006  in event            1 local:           1
 RESET CUMULATIVE VARIABLE
 RESET CUMULATIVE VARIABLE
 RESET CUMULATIVE VARIABLE
 Iteration  1   Mean: 0.1134E-10 Abs mean: 0.1134E-10   Fluctuation:  0.688E-11   0.533E-08     4.6%
  1    0.1134E-10 0.1134E-10 +- 0.6883E-11     19.19
 Writing out events   4.9162481012559060E-014   19.193339596874836     
 Relative summed weights:
  0.1404E-02  0.4588E-03  0.7371E-05  0.6178E-02  0.0000E+00  0.0000E+00
  0.1489E-01  0.4107E-02  0.4271E-03  0.8818E-02  0.0000E+00  0.0000E+00
  0.5157E-02  0.1623E-03  0.2113E-04  0.6203E-03  0.0000E+00  0.0000E+00
  0.1784E-01  0.8023E-03  0.3398E-02  0.1472E-01  0.0000E+00  0.0000E+00
  0.1665E-01  0.8026E-05  0.4699E+00  0.1202E-09  0.0000E+00  0.0000E+00
  0.5483E-04  0.5472E-05  0.1966E-04  0.1080E-03  0.0000E+00  0.0000E+00
  0.1454E-03  0.1228E-02  0.2172E-03  0.4170E+00  0.0000E+00  0.0000E+00
  0.1631E-02  0.2458E-02  0.7978E-02  0.3530E-02  0.0000E+00  0.4015E-05
 Relative number of events:
  0.6938E-02  0.7929E-02  0.1982E-02  0.4955E-02  0.0000E+00  0.0000E+00
  0.2081E-01  0.2775E-01  0.8325E-01  0.7631E-01  0.0000E+00  0.0000E+00
  0.9911E-02  0.1189E-01  0.4955E-02  0.1090E-01  0.0000E+00  0.0000E+00
  0.2874E-01  0.3271E-01  0.8424E-01  0.7631E-01  0.0000E+00  0.0000E+00
  0.9911E-02  0.9911E-02  0.8920E-02  0.9911E-03  0.0000E+00  0.0000E+00
  0.6938E-02  0.1090E-01  0.3964E-02  0.4955E-02  0.0000E+00  0.0000E+00
  0.2577E-01  0.2379E-01  0.9217E-01  0.8127E-01  0.0000E+00  0.0000E+00
  0.3469E-01  0.1883E-01  0.8424E-01  0.9217E-01  0.0000E+00  0.9911E-03
 Events:
           7           8           2           5           0           0
          21          28          84          77           0           0
          10          12           5          11           0           0
          29          33          85          77           0           0
          10          10           9           1           0           0
           7          11           4           5           0           0
          26          24          93          82           0           0
          35          19          85          93           0           1
 Iteration  2   Mean: 0.7918E-11 Abs mean: 0.7918E-11   Fluctuation:  0.366E-11   0.504E-08    21.7%
  2    0.7918E-11 0.7918E-11 +- 0.3658E-11     20.66
 Relative summed weights:
  0.3749E-03  0.1428E-01  0.5926E-01  0.1120E-02  0.0000E+00  0.0000E+00
  0.1497E-01  0.3282E-02  0.1259E-01  0.1164E-01  0.4025E-04  0.0000E+00
  0.3526E+00  0.3203E-02  0.4322E-05  0.3786E-03  0.0000E+00  0.0000E+00
  0.2334E-01  0.7154E-02  0.3345E-02  0.4343E-02  0.4317E-08  0.4535E-08
  0.2976E-03  0.4736E-03  0.4355E-04  0.4832E-03  0.0000E+00  0.0000E+00
  0.3024E-02  0.7616E-02  0.7696E-03  0.5461E-02  0.0000E+00  0.0000E+00
  0.1792E-02  0.1026E-01  0.2526E-02  0.3148E+00  0.1814E-05  0.5515E-06
  0.2146E-01  0.8377E-02  0.6865E-02  0.1038E+00  0.0000E+00  0.0000E+00
 Relative number of events:
  0.7000E-02  0.1050E-01  0.4500E-02  0.4000E-02  0.0000E+00  0.0000E+00
  0.2350E-01  0.2650E-01  0.7700E-01  0.7750E-01  0.5000E-03  0.0000E+00
  0.1650E-01  0.9500E-02  0.2000E-02  0.4500E-02  0.0000E+00  0.0000E+00
  0.2400E-01  0.2850E-01  0.9100E-01  0.9000E-01  0.5000E-03  0.5000E-03
  0.1300E-01  0.1100E-01  0.6500E-02  0.6000E-02  0.0000E+00  0.0000E+00
  0.1000E-01  0.1450E-01  0.5500E-02  0.6000E-02  0.0000E+00  0.0000E+00
  0.2650E-01  0.2300E-01  0.8000E-01  0.8600E-01  0.5000E-03  0.5000E-03
  0.2350E-01  0.3000E-01  0.8650E-01  0.7300E-01  0.0000E+00  0.0000E+00
 Events:
          14          21           9           8           0           0
          47          53         154         155           1           0
          33          19           4           9           0           0
          48          57         182         180           1           1
          26          22          13          12           0           0
          20          29          11          12           0           0
          53          46         160         172           1           1
          47          60         173         146           0           0
 Iteration  3   Mean: 0.2274E-10 Abs mean: 0.2274E-10   Fluctuation:  0.162E-10   0.639E-07    36.5%
  3    0.2274E-10 0.2274E-10 +- 0.1617E-10     44.98
 Relative summed weights:
  0.1502E-02  0.8838E-02  0.9942E-03  0.1161E-03  0.0000E+00  0.0000E+00
  0.2439E-02  0.1390E-02  0.2518E-02  0.8392E-02  0.0000E+00  0.2240E-05
  0.3077E-01  0.1639E-02  0.7767E-03  0.7024E+00  0.0000E+00  0.0000E+00
  0.8743E-02  0.2844E-01  0.2602E-02  0.3779E-02  0.5212E-08  0.1501E-09
  0.4008E-03  0.4231E-03  0.1328E-03  0.1068E+00  0.0000E+00  0.0000E+00
  0.4486E-02  0.1514E-02  0.5314E-02  0.1110E-02  0.0000E+00  0.2280E-08
  0.9709E-02  0.2591E-01  0.1661E-01  0.1361E-02  0.2691E-06  0.2456E-02
  0.2714E-02  0.9998E-02  0.3305E-02  0.2413E-02  0.0000E+00  0.1649E-06
 Relative number of events:
  0.1150E-01  0.1000E-01  0.5000E-02  0.5500E-02  0.0000E+00  0.0000E+00
  0.2775E-01  0.2950E-01  0.7750E-01  0.8600E-01  0.0000E+00  0.5000E-03
  0.9750E-02  0.9750E-02  0.8500E-02  0.4000E-02  0.0000E+00  0.0000E+00
  0.3125E-01  0.2875E-01  0.7975E-01  0.8075E-01  0.2500E-03  0.5000E-03
  0.9250E-02  0.8750E-02  0.4750E-02  0.7250E-02  0.0000E+00  0.0000E+00
  0.1125E-01  0.1250E-01  0.5500E-02  0.3500E-02  0.0000E+00  0.2500E-03
  0.3325E-01  0.2800E-01  0.8500E-01  0.8300E-01  0.5000E-03  0.1250E-02
  0.2925E-01  0.2600E-01  0.7025E-01  0.7325E-01  0.0000E+00  0.7500E-03
 Events:
          46          40          20          22           0           0
         111         118         310         344           0           2
          39          39          34          16           0           0
         125         115         319         323           1           2
          37          35          19          29           0           0
          45          50          22          14           0           1
         133         112         340         332           2           5
         117         104         281         293           0           3
 Accuracy:    0.336   0.100   0.327   1.061
 Found          126  events.
 Wrote            1  events.
 Actual xsec    1.2034491127160604E-011
 Correct abs xsec    1.2034491127160604E-011
 Event xsec    1.2034491127160604E-011
 Events wgts > 1:            0
 % Cross section > 1:    0.0000000000000000        0.0000000000000000     
 Iteration  4   Mean: 0.3995E-11 Abs mean: 0.3995E-11   Fluctuation:  0.599E-12   0.228E-08    45.9%
  4    0.3995E-11 0.3995E-11 +- 0.5991E-12     13.41
 Relative summed weights:
  0.1088E-01  0.4580E-02  0.1214E-01  0.8128E-03  0.0000E+00  0.0000E+00
  0.6819E-01  0.4866E-01  0.7430E-01  0.3294E-01  0.1687E-05  0.1534E-05
  0.5630E-01  0.6525E-02  0.1972E-01  0.4921E-02  0.0000E+00  0.0000E+00
  0.1177E-01  0.2533E-01  0.8306E-01  0.8022E-01  0.4826E-10  0.4418E-04
  0.3084E-02  0.4710E-02  0.6630E-02  0.4161E-02  0.0000E+00  0.0000E+00
  0.1594E-01  0.4370E-01  0.1845E-01  0.4687E-02  0.0000E+00  0.0000E+00
  0.3905E-01  0.1989E-01  0.1073E+00  0.4767E-01  0.2291E-06  0.8905E-10
  0.2839E-01  0.9505E-02  0.8328E-01  0.2319E-01  0.0000E+00  0.7105E-05
 Relative number of events:
  0.9500E-02  0.1000E-01  0.4625E-02  0.5125E-02  0.0000E+00  0.0000E+00
  0.2712E-01  0.3213E-01  0.7988E-01  0.8063E-01  0.3750E-03  0.2500E-03
  0.1137E-01  0.1275E-01  0.5250E-02  0.4375E-02  0.0000E+00  0.0000E+00
  0.3525E-01  0.3062E-01  0.7625E-01  0.7462E-01  0.1250E-03  0.2500E-03
  0.1238E-01  0.1275E-01  0.6500E-02  0.5625E-02  0.0000E+00  0.0000E+00
  0.1075E-01  0.1137E-01  0.3875E-02  0.7000E-02  0.0000E+00  0.0000E+00
  0.3163E-01  0.2562E-01  0.7400E-01  0.8225E-01  0.2500E-03  0.1250E-03
  0.2825E-01  0.3138E-01  0.7950E-01  0.7562E-01  0.0000E+00  0.6250E-03
 Events:
          76          80          37          41           0           0
         217         257         639         645           3           2
          91         102          42          35           0           0
         282         245         610         597           1           2
          99         102          52          45           0           0
          86          91          31          56           0           0
         253         205         592         658           2           1
         226         251         636         605           0           5
 Accuracy:    0.415   0.100   0.136   9.252
 Found          119  events.
 Wrote            7  events.
 Actual xsec    5.0790730159679485E-012
 Correct abs xsec    5.0790730159679485E-012
 Event xsec    5.0790730159679501E-012
 Events wgts > 1:            1
 % Cross section > 1:    2.2175474581827914E-020   4.3660476059531110E-007
 Iteration  5   Mean: 0.1143E-10 Abs mean: 0.1143E-10   Fluctuation:  0.257E-11   0.328E-07    48.2%
  5    0.1143E-10 0.1143E-10 +- 0.2570E-11     28.44
 Relative summed weights:
  0.1132E-01  0.3133E-01  0.3886E-02  0.3236E-01  0.2488E-05  0.0000E+00
  0.2419E-01  0.8779E-02  0.4542E-01  0.3993E-01  0.9019E-05  0.6568E-05
  0.8595E-02  0.3590E-01  0.1855E+00  0.5873E-02  0.0000E+00  0.0000E+00
  0.1797E-01  0.7686E-02  0.3227E-01  0.2099E-01  0.4171E-05  0.2071E-05
  0.2040E-01  0.1475E-01  0.1048E+00  0.1418E-01  0.9241E-06  0.8941E-06
  0.1987E-01  0.1203E-01  0.1444E-01  0.8361E-02  0.0000E+00  0.0000E+00
  0.6123E-01  0.9401E-02  0.3523E-01  0.2253E-01  0.2957E-05  0.9502E-06
  0.1870E-01  0.2029E-01  0.2607E-01  0.8561E-01  0.5215E-04  0.3469E-06
 Relative number of events:
  0.1081E-01  0.1213E-01  0.5875E-02  0.4750E-02  0.1250E-03  0.0000E+00
  0.2838E-01  0.2750E-01  0.8063E-01  0.7381E-01  0.3125E-03  0.2500E-03
  0.1063E-01  0.1137E-01  0.5437E-02  0.5375E-02  0.0000E+00  0.0000E+00
  0.2888E-01  0.3119E-01  0.8331E-01  0.7906E-01  0.3125E-03  0.3750E-03
  0.1081E-01  0.1144E-01  0.6188E-02  0.5188E-02  0.1250E-03  0.6250E-04
  0.9938E-02  0.9813E-02  0.5000E-02  0.5313E-02  0.0000E+00  0.0000E+00
  0.2900E-01  0.2825E-01  0.7787E-01  0.7844E-01  0.3125E-03  0.6250E-04
  0.3044E-01  0.3250E-01  0.7706E-01  0.8125E-01  0.1250E-03  0.3125E-03
 Events:
         173         194          94          76           2           0
         454         440        1290        1181           5           4
         170         182          87          86           0           0
         462         499        1333        1265           5           6
         173         183          99          83           2           1
         159         157          80          85           0           0
         464         452        1246        1255           5           1
         487         520        1233        1300           2           5
 Accuracy:    0.303   0.100   0.117   6.777
 Found         1072  events.
 Wrote            8  events.
 Actual xsec    6.7747755108823205E-012
 Correct abs xsec    6.7747755108823205E-012
 Event xsec    6.7747755108823221E-012
 Events wgts > 1:            0
 % Cross section > 1:    0.0000000000000000        0.0000000000000000     

 -------------------------------------------------------------------------------
 Accumulated results:   Integral =  0.7016E-11
                        Std dev  =  0.8177E-12
                       Cross sec =  0.7016E-11
             Chi**2 per DoF.     =      6.7773
 -------------------------------------------------------------------------------
-------------------------------------------------
---------------------------
 Results Last   3 iters: Integral =   0.6775E-11
                     Abs integral =   0.6775E-11
                          Std dev =   0.8326E-12
                  Chi**2 per DoF. =     12.8947
-------------------------------------------------
---------------------------
 Status  0.10000000000000001                6           5

ls status:
events.lhe
ftn26
input_app.txt
results.dat
run1_app.log
