 Process in group number            1
 A PDF is used, so alpha_s(MZ) is going to be modified
 Old value of alpha_s from param_card:   0.11839999999999999     
  ****************************************
 
       NNPDFDriver version 1.0.3
   Grid: NNPDF23_lo_as_0130_qed_mem0.grid
  ****************************************
 New value of alpha_s from PDF nn23lo1:  0.13000000000000000     
 Define smin to   1600.0000000000000     
 Define smin to   1600.0000000000000     
 Define smin to   1600.0000000000000     
 *****************************************************
 *               MadGraph/MadEvent                   *
 *        --------------------------------           *
 *          http://madgraph.hep.uiuc.edu             *
 *          http://madgraph.phys.ucl.ac.be           *
 *          http://madgraph.roma2.infn.it            *
 *        --------------------------------           *
 *                                                   *
 *          PARAMETER AND COUPLING VALUES            *
 *                                                   *
 *****************************************************

  External Params
  ---------------------------------
  
 mdl_VeN1 =    1.0000000000000000     
 mdl_VeN2 =    0.0000000000000000     
 mdl_VeN3 =    0.0000000000000000     
 mdl_VmuN1 =    0.0000000000000000     
 mdl_VmuN2 =    1.0000000000000000     
 mdl_VmuN3 =    0.0000000000000000     
 mdl_VtaN1 =    0.0000000000000000     
 mdl_VtaN2 =    0.0000000000000000     
 mdl_VtaN3 =    1.0000000000000000     
 mdl_VN1N1 =    1.0000000000000000     
 mdl_VN1N2 =    1.0000000000000000     
 mdl_VN1N3 =    1.0000000000000000     
 mdl_VN2N2 =    1.0000000000000000     
 mdl_VN2N3 =    1.0000000000000000     
 mdl_VN3N3 =    1.0000000000000000     
 aEWM1 =    127.90000000000001     
 mdl_Gf =    1.1663700000000000E-005
 aS =   0.11839999999999999     
 mdl_ymt =    172.00000000000000     
 mdl_vevf =    50.000000000000000     
 mdl_MZ =    91.187600000000003     
 mdl_MT =    172.00000000000000     
 mdl_MH =    125.00000000000000     
 mdl_mN1 =    2000.0000000000000     
 mdl_mN2 =    2100.0000000000000     
 mdl_mN3 =    2200.0000000000000     
 mdl_MJ =    91.187600000000003     
 mdl_MAx =    173.04800000000000     
 mdl_WZ =    2.4952000000000001     
 mdl_WW =    2.0850000000000000     
 mdl_WT =    1.5083359999999999     
 mdl_WH =    4.0699999999999998E-003
 mdl_WN1 =   0.30299999999999999     
 mdl_WN2 =    1.5000000000000000     
 mdl_WN3 =    12.300000000000001     
 mdl_WJ =    2.4952000000000001     
 mdl_WAx =    4.1700000000000001E-003
  Internal Params
  ---------------------------------
  
 mdl_vevf__exp__2 =    2500.0000000000000     
 mdl_sqrt__vevf__exp__2 =    50.000000000000000     
 mdl_muJ =    50.000000000000000     
 mdl_MZ__exp__2 =    8315.1783937600012     
 mdl_MZ__exp__4 =    69142191.720053151     
 mdl_sqrt__2 =    1.4142135623730951     
 mdl_MJ__exp__2 =    8315.1783937600012     
 mdl_muJ__exp__2 =    2500.0000000000000     
 mdl_lamJ =    4.3260713575040004     
 mdl_MH__exp__2 =    15625.000000000000     
 mdl_complexi =  (  0.0000000000000000     ,  1.0000000000000000     )
 mdl_aEW =    7.8186082877247844E-003
 mdl_MW =    79.824359746197842     
 mdl_sqrt__aEW =    8.8422894590285753E-002
 mdl_ee =   0.31345100004952897     
 mdl_MW__exp__2 =    6371.9284088904105     
 mdl_sw2 =   0.23369913342182447     
 mdl_cw =   0.87538612427783857     
 mdl_sqrt__sw2 =   0.48342438232036300     
 mdl_sw =   0.48342438232036300     
 mdl_g1 =   0.35807170271074895     
 mdl_gN =   0.64839716719502682     
 mdl_gw =   0.64839716719502682     
 mdl_vev =    246.22056907348590     
 mdl_vev__exp__2 =    60624.568634871241     
 mdl_lam =   0.12886689630821144     
 mdl_yt =   0.98791394091683138     
 mdl_muH =    88.388347648318444     
 mdl_I2a33 =  ( 0.98791394091683138     ,  0.0000000000000000     )
 mdl_I3a33 =  ( 0.98791394091683138     ,  0.0000000000000000     )
 mdl_ee__exp__2 =    9.8251529432049817E-002
 mdl_sw__exp__2 =   0.23369913342182450     
 mdl_cw__exp__2 =   0.76630086657817542     
  Internal Params evaluated point by point
  ----------------------------------------
  
 mdl_sqrt__aS =   0.34409301068170506     
 mdl_G__exp__2 =    1.4878582807401259     
  Couplings of SM_HeavyN_UFO
  ---------------------------------
  
         GC_1 =  -0.00000E+00  -0.10448E+00
         GC_2 =   0.00000E+00   0.20897E+00
         GC_3 =  -0.00000E+00  -0.31345E+00
         GC_4 =   0.00000E+00   0.31345E+00
        GC_26 =   0.00000E+00   0.45849E+00
        GC_27 =  -0.00000E+00  -0.28380E+00
        GC_28 =   0.00000E+00   0.28380E+00
        GC_30 =   0.00000E+00   0.56760E+00
        GC_35 =  -0.00000E+00  -0.28850E-01
        GC_37 =   0.00000E+00   0.17310E+00
        GC_39 =   0.00000E+00  -0.19725E+00
        GC_40 =   0.00000E+00   0.37035E+00
        GC_80 =   0.00000E+00   0.67543E+02
       GC_107 =  -0.00000E+00  -0.74070E+00
       GC_109 =  -0.00000E+00  -0.74070E+00
       GC_111 =  -0.00000E+00  -0.74070E+00
       GC_113 =  -0.00000E+00  -0.74070E+00
       GC_115 =  -0.00000E+00  -0.74070E+00
       GC_117 =  -0.00000E+00  -0.74070E+00
       GC_119 =   0.00000E+00   0.00000E+00
       GC_120 =   0.00000E+00   0.00000E+00
       GC_122 =  -0.00000E+00  -0.00000E+00
       GC_126 =   0.00000E+00   0.00000E+00
       GC_127 =   0.00000E+00   0.00000E+00
       GC_129 =  -0.00000E+00  -0.00000E+00
       GC_133 =   0.00000E+00   0.45849E+00
       GC_134 =   0.00000E+00   0.37035E+00
       GC_136 =  -0.00000E+00  -0.89351E+01
        GC_81 =   0.40000E+02   0.00000E+00
        GC_82 =   0.42000E+02   0.00000E+00
        GC_83 =   0.44000E+02   0.00000E+00

 Collider parameters:
 --------------------

 Running at P P   machine @    13000.000000000000       GeV
 PDF set = nn23lo1
 alpha_s(Mz)= 0.1300 running at 2 loops.
 alpha_s(Mz)= 0.1300 running at 2 loops.
 Renormalization scale set on event-by-event basis
 Factorization   scale set on event-by-event basis


 getting user params
Enter number of events and max and min iterations: 
 Number of events and iterations         1000           5           3
Enter desired fractional accuracy: 
 Desired fractional accuracy:   0.10000000000000001     
Enter 0 for fixed, 2 for adjustable grid: 
Suppress amplitude (0 no, 1 yes)? 
 Using suppressed amplitude.
Exact helicity sum (0 yes, n = number/event)? 
 Explicitly summing over helicities
Enter Configuration Number: 
Running Configuration Number:  348
 Using dconfig=         205
 BW Setting            1           2           1           1           2           0           0
 Attempting mappinvarients           1           9
 Completed mapping           9
 about to integrate           19        1000           5           3          19           1
 Using non-zero grid deformation.
 19 dimensions   1000 events 19 invarients  5 iterations  1 config(s),  (0.99)
 Using h-tuple random number sequence.
 Error opening grid
 Using Uniform Grid!          36
 Using uniform alpha   1.0000000000000000     
 Grid defined OK
 Set CM energy to      13000.00
 Mapping Graph         348  to config         348
 Setting BW          -1           1   79.824359746197842     
Setting grid   2    0.28499E-04   1
 Setting BW          -3           3   2200.0000000000000     
 Setting BW          -4           4   91.187600000000003     
Setting grid   5    0.29089E-01   1
Setting grid   6    0.29089E-01   1
 Transforming s_hat 1/s           18   2.9088918811683795E-002   1600.0000000000000        168999999.99999997     
 348   1   2   3   4   5   6   7   8   9  10  11  12  13  14
  15  16  17  18  19
 Masses: 0.000E+00 0.000E+00 0.000E+00 0.000E+00 0.000E+00 0.000E+00 0.000E+00 0.000E+00 0.912E+02
Using random seed offsets   348 :      1
  with seed                   24
 Ranmar initialization seeds          78        9398
 
 ********************************************
 * You are using the DiscreteSampler module *
 *      part of the MG5_aMC framework       *
 *         Author: Valentin Hirschi         *
 ********************************************
 
  Particle       3       4       5       6       7       8       9
      Et >    10.0    10.0    10.0    10.0     0.0     0.0     0.0
       E >     0.0     0.0     0.0     0.0     0.0     0.0     0.0
     Eta <     2.5     2.5     2.5     2.5    -1.0    -1.0    -1.0
   xqcut:      0.0     0.0     0.0     0.0     0.0     0.0     0.0
d R # 3  >    -0.0     0.4     0.4     0.4     0.0     0.0     0.0
d R # 4  >    -0.0    -0.0     0.4     0.4     0.0     0.0     0.0
d R # 5  >    -0.0    -0.0    -0.0     0.4     0.0     0.0     0.0
d R # 6  >    -0.0    -0.0    -0.0    -0.0     0.0     0.0     0.0
d R # 7  >    -0.0    -0.0    -0.0    -0.0    -0.0     0.0     0.0
d R # 8  >    -0.0    -0.0    -0.0    -0.0    -0.0    -0.0     0.0
s min # 3>     0.0     0.0     0.0     0.0     0.0     0.0     0.0
s min # 4>     0.0     0.0     0.0     0.0     0.0     0.0     0.0
s min # 5>     0.0     0.0     0.0     0.0     0.0     0.0     0.0
s min # 6>     0.0     0.0     0.0     0.0     0.0     0.0     0.0
s min # 7>     0.0     0.0     0.0     0.0     0.0     0.0     0.0
s min # 8>     0.0     0.0     0.0     0.0     0.0     0.0     0.0
xqcutij # 3>     0.0     0.0     0.0     0.0     0.0     0.0     0.0
xqcutij # 4>     0.0     0.0     0.0     0.0     0.0     0.0     0.0
xqcutij # 5>     0.0     0.0     0.0     0.0     0.0     0.0     0.0
xqcutij # 6>     0.0     0.0     0.0     0.0     0.0     0.0     0.0
xqcutij # 7>     0.0     0.0     0.0     0.0     0.0     0.0     0.0
xqcutij # 8>     0.0     0.0     0.0     0.0     0.0     0.0     0.0
 Requiring BW           -1           1
 Excluding BW           -2           2
 Requiring BW           -3           3
 Requiring BW           -4           4
 Excluding BW           -6           5
 alpha_s for scale    2514.0985680201229       is    8.3979798672847231E-002
 Added good helicity            1   153.05465502195509       in event            1 local:           1
 Added good helicity           21   3.7550519654071221E-006  in event            1 local:           1
 Added good helicity           25   3.3997625822495356E-008  in event            1 local:           1
 Added good helicity           37   8.8557770138651242E-006  in event            1 local:           1
 Added good helicity           41   60.381217949818875       in event            1 local:           1
 Added good helicity           61   1.5973757387720965E-005  in event            1 local:           1
 Added good helicity          193   41.931837666945754       in event            1 local:           1
 Added good helicity          213   3.3082231505636207E-005  in event            1 local:           1
 Added good helicity          217   3.1950600338468254E-007  in event            1 local:           1
 Added good helicity          229   1.4785806214450378E-007  in event            1 local:           1
 Added good helicity          233  0.63219005929611327       in event            1 local:           1
 Added good helicity          253   3.7133804627763809E-005  in event            1 local:           1
 Added good helicity            1   153.05465502195625       in event            1 local:           1
 Added good helicity           21   3.7550519654065398E-006  in event            1 local:           1
 Added good helicity           25   3.3997625822487872E-008  in event            1 local:           1
 Added good helicity           37   8.8557770138634115E-006  in event            1 local:           1
 Added good helicity           41   60.381217949816964       in event            1 local:           1
 Added good helicity           61   1.5973757387720169E-005  in event            1 local:           1
 Added good helicity          193   41.931837666946620       in event            1 local:           1
 Added good helicity          213   3.3082231505636966E-005  in event            1 local:           1
 Added good helicity          217   3.1950600338456157E-007  in event            1 local:           1
 Added good helicity          229   1.4785806214449597E-007  in event            1 local:           1
 Added good helicity          233  0.63219005929595951       in event            1 local:           1
 Added good helicity          253   3.7133804627762854E-005  in event            1 local:           1
 RESET CUMULATIVE VARIABLE
 RESET CUMULATIVE VARIABLE
 RESET CUMULATIVE VARIABLE
 Iteration  1   Mean: 0.6848E-10 Abs mean: 0.6848E-10   Fluctuation:  0.311E-10   0.264E-07    27.3%
  1    0.6848E-10 0.6848E-10 +- 0.3108E-10     14.35
 Writing out events   5.0182993124720302E-014   14.349927550484104     
 Relative summed weights:
  0.5433E-01  0.1588E+00  0.3145E-02  0.7017E-01  0.0000E+00  0.0000E+00
  0.1737E-04  0.3071E-03  0.0000E+00  0.0000E+00  0.0000E+00  0.0000E+00
  0.1908E-01  0.6834E-02  0.6916E-02  0.5601E+00  0.0000E+00  0.0000E+00
  0.2579E-09  0.1444E-02  0.1527E-07  0.0000E+00  0.0000E+00  0.0000E+00
  0.5243E-02  0.2003E-01  0.2314E-01  0.4726E-03  0.0000E+00  0.0000E+00
  0.2147E-01  0.2754E-01  0.8477E-03  0.1270E-01  0.6211E-07  0.9368E-08
  0.2320E-02  0.1305E-03  0.4238E-06  0.2196E-08  0.0000E+00  0.0000E+00
  0.3030E-02  0.1915E-02  0.3912E-04  0.0000E+00  0.0000E+00  0.0000E+00
 Relative number of events:
  0.5550E-01  0.8622E-01  0.5946E-01  0.4856E-01  0.0000E+00  0.0000E+00
  0.4955E-02  0.2973E-02  0.0000E+00  0.0000E+00  0.0000E+00  0.0000E+00
  0.5451E-01  0.6046E-01  0.4856E-01  0.5847E-01  0.0000E+00  0.0000E+00
  0.1982E-02  0.4955E-02  0.9911E-03  0.0000E+00  0.0000E+00  0.0000E+00
  0.6739E-01  0.6541E-01  0.4955E-01  0.4955E-01  0.0000E+00  0.0000E+00
  0.6640E-01  0.6938E-01  0.5847E-01  0.5451E-01  0.9911E-03  0.9911E-03
  0.1982E-02  0.5946E-02  0.9911E-03  0.9911E-03  0.0000E+00  0.0000E+00
  0.4955E-02  0.1288E-01  0.1982E-02  0.0000E+00  0.0000E+00  0.0000E+00
 Events:
          56          87          60          49           0           0
           5           3           0           0           0           0
          55          61          49          59           0           0
           2           5           1           0           0           0
          68          66          50          50           0           0
          67          70          59          55           1           1
           2           6           1           1           0           0
           5          13           2           0           0           0
 Iteration  2   Mean: 0.2532E-10 Abs mean: 0.2532E-10   Fluctuation:  0.143E-10   0.284E-07    42.7%
  2    0.2532E-10 0.2532E-10 +- 0.1428E-10     25.22
 Relative summed weights:
  0.1267E-01  0.2975E-01  0.2192E-01  0.1691E-01  0.1706E-06  0.0000E+00
  0.8893E-02  0.6914E-04  0.0000E+00  0.9737E-06  0.0000E+00  0.0000E+00
  0.2114E-01  0.1530E-01  0.2828E-01  0.1093E-01  0.0000E+00  0.0000E+00
  0.1013E-01  0.1701E-01  0.0000E+00  0.0000E+00  0.0000E+00  0.0000E+00
  0.2921E-01  0.8247E-02  0.6226E-01  0.1019E-01  0.0000E+00  0.0000E+00
  0.1032E-01  0.1980E-01  0.1646E-01  0.1261E-01  0.0000E+00  0.0000E+00
  0.5746E+00  0.1148E-01  0.1350E-01  0.0000E+00  0.0000E+00  0.0000E+00
  0.2307E-01  0.1490E-03  0.1511E-01  0.0000E+00  0.0000E+00  0.0000E+00
 Relative number of events:
  0.8500E-01  0.7050E-01  0.4800E-01  0.3050E-01  0.5000E-03  0.0000E+00
  0.6500E-02  0.3000E-02  0.0000E+00  0.1000E-02  0.0000E+00  0.0000E+00
  0.7550E-01  0.6700E-01  0.4900E-01  0.5100E-01  0.0000E+00  0.0000E+00
  0.8500E-02  0.5500E-02  0.0000E+00  0.0000E+00  0.0000E+00  0.0000E+00
  0.6700E-01  0.7350E-01  0.4750E-01  0.4850E-01  0.0000E+00  0.0000E+00
  0.6300E-01  0.7700E-01  0.5150E-01  0.4950E-01  0.0000E+00  0.0000E+00
  0.4500E-02  0.3000E-02  0.1500E-02  0.0000E+00  0.0000E+00  0.0000E+00
  0.6000E-02  0.4500E-02  0.1500E-02  0.0000E+00  0.0000E+00  0.0000E+00
 Events:
         170         141          96          61           1           0
          13           6           0           2           0           0
         151         134          98         102           0           0
          17          11           0           0           0           0
         134         147          95          97           0           0
         126         154         103          99           0           0
           9           6           3           0           0           0
          12           9           3           0           0           0
 Iteration  3   Mean: 0.3326E-10 Abs mean: 0.3326E-10   Fluctuation:  0.197E-10   0.779E-07    52.5%
  3    0.3326E-10 0.3326E-10 +- 0.1965E-10     37.37
 Relative summed weights:
  0.1515E-01  0.4702E-01  0.1947E-01  0.7381E-02  0.0000E+00  0.0000E+00
  0.6640E-02  0.5754E-01  0.4081E-04  0.1170E-02  0.0000E+00  0.0000E+00
  0.6284E+00  0.2159E-01  0.4792E-02  0.1907E-01  0.0000E+00  0.1066E-07
  0.2149E-02  0.1486E-02  0.4345E-03  0.5158E-05  0.0000E+00  0.0000E+00
  0.2306E-01  0.1644E-01  0.5960E-02  0.2171E-01  0.1251E-05  0.4192E-06
  0.2608E-01  0.4341E-01  0.1126E-01  0.4805E-02  0.0000E+00  0.0000E+00
  0.1385E-02  0.1432E-02  0.3507E-03  0.4044E-03  0.0000E+00  0.0000E+00
  0.1828E-03  0.1014E-01  0.1229E-03  0.8984E-03  0.0000E+00  0.0000E+00
 Relative number of events:
  0.7000E-01  0.7075E-01  0.4675E-01  0.5050E-01  0.0000E+00  0.0000E+00
  0.4500E-02  0.5500E-02  0.7500E-03  0.2500E-03  0.0000E+00  0.0000E+00
  0.7275E-01  0.7325E-01  0.4400E-01  0.4775E-01  0.0000E+00  0.2500E-03
  0.4250E-02  0.4750E-02  0.7500E-03  0.2500E-03  0.0000E+00  0.0000E+00
  0.8025E-01  0.6900E-01  0.4850E-01  0.5050E-01  0.2500E-03  0.5000E-03
  0.6550E-01  0.7700E-01  0.3950E-01  0.5050E-01  0.0000E+00  0.0000E+00
  0.5500E-02  0.4500E-02  0.1000E-02  0.1000E-02  0.0000E+00  0.0000E+00
  0.3250E-02  0.5250E-02  0.5000E-03  0.5000E-03  0.0000E+00  0.0000E+00
 Events:
         280         283         187         202           0           0
          18          22           3           1           0           0
         291         293         176         191           0           1
          17          19           3           1           0           0
         321         276         194         202           1           2
         262         308         158         202           0           0
          22          18           4           4           0           0
          13          21           2           2           0           0
 Accuracy:    0.300   0.100   0.303   0.976
 Found          161  events.
 Wrote            2  events.
 Actual xsec    4.6706242939487326E-011
 Correct abs xsec    4.6706242939487326E-011
 Event xsec    4.6706242939487326E-011
 Events wgts > 1:            0
 % Cross section > 1:    0.0000000000000000        0.0000000000000000     
 Iteration  4   Mean: 0.2383E-10 Abs mean: 0.2383E-10   Fluctuation:  0.503E-11   0.325E-07    56.6%
  4    0.2383E-10 0.2383E-10 +- 0.5033E-11     18.89
 Relative summed weights:
  0.4174E-01  0.4687E-01  0.3244E-01  0.4348E-01  0.2399E-05  0.8688E-04
  0.4244E-01  0.1135E-01  0.1135E-03  0.3151E-03  0.0000E+00  0.0000E+00
  0.3360E-01  0.4673E-01  0.4393E-01  0.2357E-01  0.5935E-05  0.1339E-04
  0.6641E-03  0.2016E-01  0.2150E-02  0.3783E-03  0.0000E+00  0.0000E+00
  0.2173E-01  0.7737E-01  0.2081E-01  0.1081E-01  0.2671E-05  0.1558E-05
  0.5736E-01  0.1968E+00  0.3403E-01  0.8465E-01  0.4456E-06  0.2352E-06
  0.7217E-02  0.6444E-02  0.4552E-02  0.9451E-03  0.0000E+00  0.0000E+00
  0.6469E-01  0.1912E-02  0.1978E-01  0.9210E-03  0.0000E+00  0.0000E+00
 Relative number of events:
  0.6900E-01  0.7062E-01  0.4850E-01  0.4750E-01  0.1250E-03  0.2500E-03
  0.5000E-02  0.6000E-02  0.8750E-03  0.3750E-03  0.0000E+00  0.0000E+00
  0.7162E-01  0.6863E-01  0.4713E-01  0.5087E-01  0.3750E-03  0.1250E-03
  0.5125E-02  0.4500E-02  0.7500E-03  0.5000E-03  0.0000E+00  0.0000E+00
  0.7612E-01  0.6588E-01  0.4925E-01  0.4612E-01  0.1250E-03  0.3750E-03
  0.7287E-01  0.6775E-01  0.5013E-01  0.4813E-01  0.1250E-03  0.1250E-03
  0.7125E-02  0.7000E-02  0.7500E-03  0.6250E-03  0.0000E+00  0.0000E+00
  0.3875E-02  0.5000E-02  0.2500E-03  0.5000E-03  0.0000E+00  0.0000E+00
 Events:
         552         565         388         380           1           2
          40          48           7           3           0           0
         573         549         377         407           3           1
          41          36           6           4           0           0
         609         527         394         369           1           3
         583         542         401         385           1           1
          57          56           6           5           0           0
          31          40           2           4           0           0
 Accuracy:    0.288   0.100   0.173   2.752
 Found          252  events.
 Wrote            1  events.
 Actual xsec    2.4943403574152687E-011
 Correct abs xsec    2.4943403574152687E-011
 Event xsec    2.4943403574152687E-011
 Events wgts > 1:            0
 % Cross section > 1:    0.0000000000000000        0.0000000000000000     
 Iteration  5   Mean: 0.2716E-10 Abs mean: 0.2716E-10   Fluctuation:  0.284E-11   0.240E-07    55.3%
  5    0.2716E-10 0.2716E-10 +- 0.2845E-11     13.25
 Relative summed weights:
  0.4392E-01  0.5485E-01  0.5743E-01  0.6758E-01  0.1343E-05  0.8509E-05
  0.6645E-02  0.5284E-02  0.2204E-02  0.3614E-03  0.0000E+00  0.0000E+00
  0.5611E-01  0.3941E-01  0.4899E-01  0.9643E-01  0.7858E-04  0.4200E-04
  0.3431E-01  0.1294E-01  0.5682E-04  0.1449E-02  0.0000E+00  0.0000E+00
  0.1543E-01  0.6413E-01  0.3833E-01  0.2262E-01  0.8905E-06  0.3661E-05
  0.3077E-01  0.8101E-01  0.5308E-01  0.7407E-01  0.2583E-06  0.3953E-04
  0.1883E-01  0.4198E-01  0.1410E-03  0.3775E-02  0.6343E-07  0.0000E+00
  0.5308E-02  0.2228E-01  0.7457E-04  0.3604E-04  0.0000E+00  0.0000E+00
 Relative number of events:
  0.7081E-01  0.7025E-01  0.4706E-01  0.4894E-01  0.6250E-04  0.1875E-03
  0.5250E-02  0.4750E-02  0.1313E-02  0.5625E-03  0.0000E+00  0.0000E+00
  0.6950E-01  0.7119E-01  0.4888E-01  0.4606E-01  0.6250E-04  0.1250E-03
  0.7437E-02  0.5188E-02  0.5000E-03  0.3125E-03  0.0000E+00  0.0000E+00
  0.6856E-01  0.7112E-01  0.4581E-01  0.4606E-01  0.1875E-03  0.1875E-03
  0.7431E-01  0.7375E-01  0.4869E-01  0.4869E-01  0.6250E-04  0.3750E-03
  0.5625E-02  0.4812E-02  0.3125E-03  0.4375E-03  0.6250E-04  0.0000E+00
  0.5812E-02  0.5938E-02  0.3750E-03  0.3750E-03  0.0000E+00  0.0000E+00
 Events:
        1133        1124         753         783           1           3
          84          76          21           9           0           0
        1112        1139         782         737           1           2
         119          83           8           5           0           0
        1097        1138         733         737           3           3
        1189        1180         779         779           1           6
          90          77           5           7           1           0
          93          95           6           6           0           0
 Accuracy:    0.146   0.100   0.090   2.662
 Found          902  events.
 Wrote           17  events.
 Actual xsec    2.6665216215089475E-011
 Correct abs xsec    2.6665216215089475E-011
 Event xsec    2.6665216215089488E-011
 Events wgts > 1:            0
 % Cross section > 1:    0.0000000000000000        0.0000000000000000     

 -------------------------------------------------------------------------------
 Accumulated results:   Integral =  0.2826E-10
                        Std dev  =  0.2534E-11
                       Cross sec =  0.2826E-10
             Chi**2 per DoF.     =      2.6621
 -------------------------------------------------------------------------------
-------------------------------------------------
---------------------------
 Results Last   3 iters: Integral =   0.2667E-10
                     Abs integral =   0.2667E-10
                          Std dev =   0.2472E-11
                  Chi**2 per DoF. =      0.2300
-------------------------------------------------
---------------------------
 Status  0.10000000000000001                6           5

ls status:
events.lhe
ftn26
input_app.txt
results.dat
run1_app.log
