 Process in group number            1
 A PDF is used, so alpha_s(MZ) is going to be modified
 Old value of alpha_s from param_card:   0.11839999999999999     
  ****************************************
 
       NNPDFDriver version 1.0.3
   Grid: NNPDF23_lo_as_0130_qed_mem0.grid
  ****************************************
 New value of alpha_s from PDF nn23lo1:  0.13000000000000000     
 Define smin to   1600.0000000000000     
 Define smin to   1600.0000000000000     
 Define smin to   1600.0000000000000     
 *****************************************************
 *               MadGraph/MadEvent                   *
 *        --------------------------------           *
 *          http://madgraph.hep.uiuc.edu             *
 *          http://madgraph.phys.ucl.ac.be           *
 *          http://madgraph.roma2.infn.it            *
 *        --------------------------------           *
 *                                                   *
 *          PARAMETER AND COUPLING VALUES            *
 *                                                   *
 *****************************************************

  External Params
  ---------------------------------
  
 mdl_VeN1 =    1.0000000000000000     
 mdl_VeN2 =    0.0000000000000000     
 mdl_VeN3 =    0.0000000000000000     
 mdl_VmuN1 =    0.0000000000000000     
 mdl_VmuN2 =    1.0000000000000000     
 mdl_VmuN3 =    0.0000000000000000     
 mdl_VtaN1 =    0.0000000000000000     
 mdl_VtaN2 =    0.0000000000000000     
 mdl_VtaN3 =    1.0000000000000000     
 mdl_VN1N1 =    1.0000000000000000     
 mdl_VN1N2 =    1.0000000000000000     
 mdl_VN1N3 =    1.0000000000000000     
 mdl_VN2N2 =    1.0000000000000000     
 mdl_VN2N3 =    1.0000000000000000     
 mdl_VN3N3 =    1.0000000000000000     
 aEWM1 =    127.90000000000001     
 mdl_Gf =    1.1663700000000000E-005
 aS =   0.11839999999999999     
 mdl_ymt =    172.00000000000000     
 mdl_vevf =    50.000000000000000     
 mdl_MZ =    91.187600000000003     
 mdl_MT =    172.00000000000000     
 mdl_MH =    125.00000000000000     
 mdl_mN1 =    2000.0000000000000     
 mdl_mN2 =    2100.0000000000000     
 mdl_mN3 =    2200.0000000000000     
 mdl_MJ =    91.187600000000003     
 mdl_MAx =    173.04800000000000     
 mdl_WZ =    2.4952000000000001     
 mdl_WW =    2.0850000000000000     
 mdl_WT =    1.5083359999999999     
 mdl_WH =    4.0699999999999998E-003
 mdl_WN1 =   0.30299999999999999     
 mdl_WN2 =    1.5000000000000000     
 mdl_WN3 =    12.300000000000001     
 mdl_WJ =    2.4952000000000001     
 mdl_WAx =    4.1700000000000001E-003
  Internal Params
  ---------------------------------
  
 mdl_vevf__exp__2 =    2500.0000000000000     
 mdl_sqrt__vevf__exp__2 =    50.000000000000000     
 mdl_muJ =    50.000000000000000     
 mdl_MZ__exp__2 =    8315.1783937600012     
 mdl_MZ__exp__4 =    69142191.720053151     
 mdl_sqrt__2 =    1.4142135623730951     
 mdl_MJ__exp__2 =    8315.1783937600012     
 mdl_muJ__exp__2 =    2500.0000000000000     
 mdl_lamJ =    4.3260713575040004     
 mdl_MH__exp__2 =    15625.000000000000     
 mdl_complexi =  (  0.0000000000000000     ,  1.0000000000000000     )
 mdl_aEW =    7.8186082877247844E-003
 mdl_MW =    79.824359746197842     
 mdl_sqrt__aEW =    8.8422894590285753E-002
 mdl_ee =   0.31345100004952897     
 mdl_MW__exp__2 =    6371.9284088904105     
 mdl_sw2 =   0.23369913342182447     
 mdl_cw =   0.87538612427783857     
 mdl_sqrt__sw2 =   0.48342438232036300     
 mdl_sw =   0.48342438232036300     
 mdl_g1 =   0.35807170271074895     
 mdl_gN =   0.64839716719502682     
 mdl_gw =   0.64839716719502682     
 mdl_vev =    246.22056907348590     
 mdl_vev__exp__2 =    60624.568634871241     
 mdl_lam =   0.12886689630821144     
 mdl_yt =   0.98791394091683138     
 mdl_muH =    88.388347648318444     
 mdl_I2a33 =  ( 0.98791394091683138     ,  0.0000000000000000     )
 mdl_I3a33 =  ( 0.98791394091683138     ,  0.0000000000000000     )
 mdl_ee__exp__2 =    9.8251529432049817E-002
 mdl_sw__exp__2 =   0.23369913342182450     
 mdl_cw__exp__2 =   0.76630086657817542     
  Internal Params evaluated point by point
  ----------------------------------------
  
 mdl_sqrt__aS =   0.34409301068170506     
 mdl_G__exp__2 =    1.4878582807401259     
  Couplings of SM_HeavyN_UFO
  ---------------------------------
  
         GC_1 =  -0.00000E+00  -0.10448E+00
         GC_2 =   0.00000E+00   0.20897E+00
         GC_3 =  -0.00000E+00  -0.31345E+00
         GC_4 =   0.00000E+00   0.31345E+00
        GC_26 =   0.00000E+00   0.45849E+00
        GC_27 =  -0.00000E+00  -0.28380E+00
        GC_28 =   0.00000E+00   0.28380E+00
        GC_30 =   0.00000E+00   0.56760E+00
        GC_35 =  -0.00000E+00  -0.28850E-01
        GC_37 =   0.00000E+00   0.17310E+00
        GC_39 =   0.00000E+00  -0.19725E+00
        GC_40 =   0.00000E+00   0.37035E+00
        GC_80 =   0.00000E+00   0.67543E+02
       GC_107 =  -0.00000E+00  -0.74070E+00
       GC_109 =  -0.00000E+00  -0.74070E+00
       GC_111 =  -0.00000E+00  -0.74070E+00
       GC_113 =  -0.00000E+00  -0.74070E+00
       GC_115 =  -0.00000E+00  -0.74070E+00
       GC_117 =  -0.00000E+00  -0.74070E+00
       GC_119 =   0.00000E+00   0.00000E+00
       GC_120 =   0.00000E+00   0.00000E+00
       GC_122 =  -0.00000E+00  -0.00000E+00
       GC_126 =   0.00000E+00   0.00000E+00
       GC_127 =   0.00000E+00   0.00000E+00
       GC_129 =  -0.00000E+00  -0.00000E+00
       GC_133 =   0.00000E+00   0.45849E+00
       GC_134 =   0.00000E+00   0.37035E+00
       GC_136 =  -0.00000E+00  -0.89351E+01
        GC_81 =   0.40000E+02   0.00000E+00
        GC_82 =   0.42000E+02   0.00000E+00
        GC_83 =   0.44000E+02   0.00000E+00

 Collider parameters:
 --------------------

 Running at P P   machine @    13000.000000000000       GeV
 PDF set = nn23lo1
 alpha_s(Mz)= 0.1300 running at 2 loops.
 alpha_s(Mz)= 0.1300 running at 2 loops.
 Renormalization scale set on event-by-event basis
 Factorization   scale set on event-by-event basis


 getting user params
Enter number of events and max and min iterations: 
 Number of events and iterations         1000           5           3
Enter desired fractional accuracy: 
 Desired fractional accuracy:   0.10000000000000001     
Enter 0 for fixed, 2 for adjustable grid: 
Suppress amplitude (0 no, 1 yes)? 
 Using suppressed amplitude.
Exact helicity sum (0 yes, n = number/event)? 
 Explicitly summing over helicities
Enter Configuration Number: 
Running Configuration Number:  333
 Using dconfig=         646
 BW Setting            1           2           2           2           1           2           0
 Attempting mappinvarients           1           9
 Completed mapping           9
 about to integrate           19        1000           5           3          19           1
 Using non-zero grid deformation.
 19 dimensions   1000 events 19 invarients  5 iterations  1 config(s),  (0.99)
 Using h-tuple random number sequence.
 Error opening grid
 Using Uniform Grid!          36
 Using uniform alpha   1.0000000000000000     
 Grid defined OK
 Set CM energy to      13000.00
 Mapping Graph         333  to config         333
 Setting BW          -1           1   79.824359746197842     
Setting grid   2    0.28499E-04   1
Setting grid   3    0.15259E-03   1
Setting grid   4    0.15259E-03   1
 Setting BW          -5           5   91.187600000000003     
Setting grid   6    0.33884E-03   1
 Transforming s_hat 1/s           18   3.6775012953567219E-004   1600.0000000000000        168999999.99999997     
 333   1   2   3   4   5   6   7   8   9  10  11  12  13  14
  15  16  17  18  19
 Masses: 0.000E+00 0.000E+00 0.000E+00 0.000E+00 0.000E+00 0.000E+00 0.000E+00 0.000E+00 0.912E+02
Using random seed offsets   333 :      1
  with seed                   24
 Ranmar initialization seeds          63        9398
 
 ********************************************
 * You are using the DiscreteSampler module *
 *      part of the MG5_aMC framework       *
 *         Author: Valentin Hirschi         *
 ********************************************
 
  Particle       3       4       5       6       7       8       9
      Et >    10.0    10.0    10.0    10.0     0.0     0.0     0.0
       E >     0.0     0.0     0.0     0.0     0.0     0.0     0.0
     Eta <     2.5     2.5     2.5     2.5    -1.0    -1.0    -1.0
   xqcut:      0.0     0.0     0.0     0.0     0.0     0.0     0.0
d R # 3  >    -0.0     0.4     0.4     0.4     0.0     0.0     0.0
d R # 4  >    -0.0    -0.0     0.4     0.4     0.0     0.0     0.0
d R # 5  >    -0.0    -0.0    -0.0     0.4     0.0     0.0     0.0
d R # 6  >    -0.0    -0.0    -0.0    -0.0     0.0     0.0     0.0
d R # 7  >    -0.0    -0.0    -0.0    -0.0    -0.0     0.0     0.0
d R # 8  >    -0.0    -0.0    -0.0    -0.0    -0.0    -0.0     0.0
s min # 3>     0.0     0.0     0.0     0.0     0.0     0.0     0.0
s min # 4>     0.0     0.0     0.0     0.0     0.0     0.0     0.0
s min # 5>     0.0     0.0     0.0     0.0     0.0     0.0     0.0
s min # 6>     0.0     0.0     0.0     0.0     0.0     0.0     0.0
s min # 7>     0.0     0.0     0.0     0.0     0.0     0.0     0.0
s min # 8>     0.0     0.0     0.0     0.0     0.0     0.0     0.0
xqcutij # 3>     0.0     0.0     0.0     0.0     0.0     0.0     0.0
xqcutij # 4>     0.0     0.0     0.0     0.0     0.0     0.0     0.0
xqcutij # 5>     0.0     0.0     0.0     0.0     0.0     0.0     0.0
xqcutij # 6>     0.0     0.0     0.0     0.0     0.0     0.0     0.0
xqcutij # 7>     0.0     0.0     0.0     0.0     0.0     0.0     0.0
xqcutij # 8>     0.0     0.0     0.0     0.0     0.0     0.0     0.0
 Requiring BW           -1           1
 Excluding BW           -2           2
 Excluding BW           -3           3
 Excluding BW           -4           4
 Requiring BW           -5           5
 Excluding BW           -6           6
 alpha_s for scale    1196.0492746498471       is    9.1163214770450696E-002
 Added good helicity            1   44.739114454438194       in event            1 local:           1
 Added good helicity           21  0.14983744117644163       in event            1 local:           1
 Added good helicity           25   2.5239106699986787E-004  in event            1 local:           1
 Added good helicity           37   1.0338199243037428E-003  in event            1 local:           1
 Added good helicity           41   11.498309102412172       in event            1 local:           1
 Added good helicity           61  0.15733903457861900       in event            1 local:           1
 Added good helicity          193   55.963873146045152       in event            1 local:           1
 Added good helicity          213   1.7405689014121737E-004  in event            1 local:           1
 Added good helicity          217   3.7379185325141153E-004  in event            1 local:           1
 Added good helicity          229   1.7932894828778015E-003  in event            1 local:           1
 Added good helicity          233   143.48667500424344       in event            1 local:           1
 Added good helicity          253   1.2244678884406784E-003  in event            1 local:           1
 Added good helicity            1   44.739114454438216       in event            1 local:           1
 Added good helicity           21  0.14983744117644132       in event            1 local:           1
 Added good helicity           25   2.5239106699986966E-004  in event            1 local:           1
 Added good helicity           37   1.0338199243037271E-003  in event            1 local:           1
 Added good helicity           41   11.498309102412003       in event            1 local:           1
 Added good helicity           61  0.15733903457861784       in event            1 local:           1
 Added good helicity          193   55.963873146045309       in event            1 local:           1
 Added good helicity          213   1.7405689014122561E-004  in event            1 local:           1
 Added good helicity          217   3.7379185325140025E-004  in event            1 local:           1
 Added good helicity          229   1.7932894828778221E-003  in event            1 local:           1
 Added good helicity          233   143.48667500424344       in event            1 local:           1
 Added good helicity          253   1.2244678884406890E-003  in event            1 local:           1
 RESET CUMULATIVE VARIABLE
 RESET CUMULATIVE VARIABLE
 RESET CUMULATIVE VARIABLE
 Iteration  1   Mean: 0.2371E-11 Abs mean: 0.2371E-11   Fluctuation:  0.621E-12   0.485E-09     6.2%
  1    0.2371E-11 0.2371E-11 +- 0.6210E-12      8.28
 Writing out events   7.7034503857012225E-015   8.2835579420182022     
 Relative summed weights:
  0.2949E-01  0.6987E-01  0.2964E-01  0.1348E-01  0.1905E-08  0.3116E-06
  0.8814E-02  0.2112E-01  0.4947E-02  0.1200E-01  0.8023E-07  0.2254E-05
  0.2370E-02  0.5476E-01  0.1906E-01  0.3652E-02  0.0000E+00  0.3438E-05
  0.1198E-01  0.9886E-02  0.1961E-01  0.7145E-02  0.0000E+00  0.3602E-04
  0.1816E-01  0.1645E-01  0.2273E+00  0.2353E-02  0.1217E-03  0.2972E-05
  0.1330E+00  0.1638E-01  0.1081E-01  0.1445E-01  0.1041E-04  0.5850E-04
  0.1712E-01  0.9080E-01  0.5554E-01  0.8608E-02  0.0000E+00  0.0000E+00
  0.2291E-01  0.5379E-02  0.9006E-02  0.3364E-01  0.0000E+00  0.0000E+00
 Relative number of events:
  0.2775E-01  0.2874E-01  0.3370E-01  0.2279E-01  0.9911E-03  0.1982E-02
  0.4063E-01  0.3370E-01  0.2775E-01  0.2478E-01  0.9911E-03  0.9911E-03
  0.3865E-01  0.2279E-01  0.3568E-01  0.2676E-01  0.0000E+00  0.9911E-03
  0.2874E-01  0.2676E-01  0.2379E-01  0.2973E-01  0.0000E+00  0.9911E-03
  0.3271E-01  0.3171E-01  0.3766E-01  0.3072E-01  0.2973E-02  0.9911E-03
  0.3865E-01  0.3072E-01  0.3667E-01  0.3469E-01  0.2973E-02  0.1982E-02
  0.3469E-01  0.2775E-01  0.2279E-01  0.2973E-01  0.0000E+00  0.0000E+00
  0.3171E-01  0.3766E-01  0.2676E-01  0.2676E-01  0.0000E+00  0.0000E+00
 Events:
          28          29          34          23           1           2
          41          34          28          25           1           1
          39          23          36          27           0           1
          29          27          24          30           0           1
          33          32          38          31           3           1
          39          31          37          35           3           2
          35          28          23          30           0           0
          32          38          27          27           0           0
 Iteration  2   Mean: 0.4733E-11 Abs mean: 0.4733E-11   Fluctuation:  0.132E-11   0.241E-08    15.6%
  2    0.4733E-11 0.4733E-11 +- 0.1319E-11     12.47
 Relative summed weights:
  0.3375E-02  0.1282E-01  0.1085E+00  0.2038E-01  0.5032E-03  0.1301E-05
  0.6793E-02  0.1933E-01  0.6499E-02  0.2236E-02  0.2896E-03  0.3888E-05
  0.7153E-02  0.4512E-01  0.2009E-01  0.1207E-01  0.0000E+00  0.2056E-05
  0.1749E-01  0.2585E-01  0.8103E-01  0.1165E-01  0.2163E-03  0.2002E-06
  0.3375E-01  0.1029E-01  0.8813E-02  0.1150E-01  0.3330E-04  0.1365E-06
  0.4269E-02  0.2598E+00  0.5255E-01  0.5640E-01  0.7482E-04  0.6488E-04
  0.1295E-01  0.1326E-01  0.9737E-01  0.1254E-01  0.4383E-05  0.8794E-06
  0.1053E-01  0.1759E-02  0.3259E-02  0.9364E-02  0.1933E-05  0.2214E-05
 Relative number of events:
  0.2550E-01  0.3300E-01  0.3500E-01  0.3700E-01  0.1000E-02  0.1000E-02
  0.2500E-01  0.2800E-01  0.2750E-01  0.2950E-01  0.2000E-02  0.2500E-02
  0.3450E-01  0.3500E-01  0.2750E-01  0.2950E-01  0.0000E+00  0.1000E-02
  0.3000E-01  0.3500E-01  0.3100E-01  0.2450E-01  0.2500E-02  0.1000E-02
  0.3500E-01  0.4550E-01  0.3200E-01  0.3400E-01  0.1000E-02  0.5000E-03
  0.3450E-01  0.3400E-01  0.3450E-01  0.3250E-01  0.2000E-02  0.1000E-02
  0.3400E-01  0.3050E-01  0.1900E-01  0.2000E-01  0.5000E-03  0.5000E-03
  0.2900E-01  0.3150E-01  0.2650E-01  0.2200E-01  0.1000E-02  0.5000E-03
 Events:
          51          66          70          74           2           2
          50          56          55          59           4           5
          69          70          55          59           0           2
          60          70          62          49           5           2
          70          91          64          68           2           1
          69          68          69          65           4           2
          68          61          38          40           1           1
          58          63          53          44           2           1
 Iteration  3   Mean: 0.4838E-11 Abs mean: 0.4838E-11   Fluctuation:  0.106E-11   0.298E-08    22.6%
  3    0.4838E-11 0.4838E-11 +- 0.1056E-11     13.80
 Relative summed weights:
  0.2268E-01  0.1465E-01  0.1886E-01  0.2892E-01  0.2571E-02  0.2023E-03
  0.6555E-01  0.7945E-02  0.9074E-02  0.3075E-01  0.3892E-03  0.2238E-03
  0.2521E-01  0.2404E-01  0.1725E-01  0.1287E-01  0.1226E-02  0.1623E-03
  0.1405E+00  0.8251E-02  0.1413E-01  0.1258E-01  0.6349E-05  0.7116E-03
  0.1160E-01  0.1973E-01  0.1341E-01  0.1135E-01  0.1496E-03  0.7963E-04
  0.1168E-01  0.4573E-01  0.1093E-01  0.9309E-02  0.4934E-06  0.1572E-04
  0.4790E-01  0.4295E-02  0.1678E+00  0.2363E-01  0.5433E-03  0.1192E-05
  0.1686E-01  0.3368E-01  0.1737E-01  0.9500E-01  0.1134E-03  0.4965E-04
 Relative number of events:
  0.2975E-01  0.3300E-01  0.3250E-01  0.3075E-01  0.5000E-03  0.1000E-02
  0.3100E-01  0.3225E-01  0.2175E-01  0.2925E-01  0.1250E-02  0.5000E-03
  0.3250E-01  0.3725E-01  0.2925E-01  0.2975E-01  0.1500E-02  0.1250E-02
  0.3450E-01  0.3225E-01  0.2450E-01  0.2625E-01  0.5000E-03  0.7500E-03
  0.3275E-01  0.3100E-01  0.3175E-01  0.3325E-01  0.2000E-02  0.1500E-02
  0.3650E-01  0.3575E-01  0.3200E-01  0.3075E-01  0.2500E-03  0.7500E-03
  0.3075E-01  0.3175E-01  0.2550E-01  0.2325E-01  0.1000E-02  0.1000E-02
  0.3525E-01  0.3225E-01  0.2850E-01  0.2725E-01  0.7500E-03  0.7500E-03
 Events:
         119         132         130         123           2           4
         124         129          87         117           5           2
         130         149         117         119           6           5
         138         129          98         105           2           3
         131         124         127         133           8           6
         146         143         128         123           1           3
         123         127         102          93           4           4
         141         129         114         109           3           3
 Accuracy:    0.194   0.100   0.144   1.817
 Found          412  events.
 Wrote            6  events.
 Actual xsec    4.0676547199302765E-012
 Correct abs xsec    4.0676547199302765E-012
 Event xsec    4.0676547199302765E-012
 Events wgts > 1:            0
 % Cross section > 1:    0.0000000000000000        0.0000000000000000     
 Iteration  4   Mean: 0.4216E-11 Abs mean: 0.4216E-11   Fluctuation:  0.557E-12   0.228E-08    25.2%
  4    0.4216E-11 0.4216E-11 +- 0.5575E-12     11.83
 Relative summed weights:
  0.2134E-01  0.4759E-01  0.6518E-01  0.3957E-01  0.9112E-04  0.1894E-04
  0.6353E-01  0.7028E-01  0.2200E-01  0.1213E-01  0.1308E-02  0.6142E-05
  0.4702E-01  0.2376E-01  0.3247E-01  0.1793E-01  0.1480E-05  0.1256E-03
  0.2324E-01  0.2142E-01  0.2007E-01  0.1782E-01  0.1622E-03  0.2787E-02
  0.1620E-01  0.1622E-01  0.2397E-01  0.2382E-01  0.1369E-02  0.7606E-04
  0.1384E-01  0.1436E-01  0.2670E-01  0.1793E-01  0.1760E-03  0.2333E-03
  0.7738E-01  0.1741E-01  0.2082E-01  0.2136E-01  0.9995E-04  0.1000E-03
  0.2044E-01  0.1115E+00  0.1262E-01  0.1336E-01  0.1124E-03  0.8960E-04
 Relative number of events:
  0.3500E-01  0.3475E-01  0.2950E-01  0.2962E-01  0.1250E-02  0.5000E-03
  0.3400E-01  0.3112E-01  0.2538E-01  0.2587E-01  0.6250E-03  0.3750E-03
  0.3450E-01  0.3562E-01  0.3375E-01  0.3087E-01  0.5000E-03  0.7500E-03
  0.2937E-01  0.3163E-01  0.2788E-01  0.2712E-01  0.1000E-02  0.1000E-02
  0.3213E-01  0.3463E-01  0.2888E-01  0.3037E-01  0.7500E-03  0.6250E-03
  0.3375E-01  0.3725E-01  0.3375E-01  0.3163E-01  0.8750E-03  0.8750E-03
  0.3213E-01  0.3188E-01  0.2500E-01  0.2538E-01  0.5000E-03  0.1250E-02
  0.3062E-01  0.3100E-01  0.2687E-01  0.2637E-01  0.7500E-03  0.7500E-03
 Events:
         280         278         236         237          10           4
         272         249         203         207           5           3
         276         285         270         247           4           6
         235         253         223         217           8           8
         257         277         231         243           6           5
         270         298         270         253           7           7
         257         255         200         203           4          10
         245         248         215         211           6           6
 Accuracy:    0.106   0.100   0.097   1.176
 Found          831  events.
 Wrote           11  events.
 Actual xsec    4.4323240505025875E-012
 Correct abs xsec    4.4323240505025875E-012
 Event xsec    4.4323240505025883E-012
 Events wgts > 1:            2
 % Cross section > 1:    7.8134456001204165E-015  0.17628326609455458     
 Iteration  5   Mean: 0.5440E-11 Abs mean: 0.5440E-11   Fluctuation:  0.470E-12   0.361E-08    27.5%
  5    0.5440E-11 0.5440E-11 +- 0.4704E-12     10.94
 Relative summed weights:
  0.2607E-01  0.4318E-01  0.2534E-01  0.1768E-01  0.1321E-02  0.7849E-03
  0.7893E-01  0.1753E-01  0.1224E-01  0.2488E-01  0.1690E-02  0.1096E-02
  0.2072E-01  0.5523E-01  0.2549E-01  0.3700E-01  0.1728E-03  0.1956E-03
  0.6682E-01  0.2406E-01  0.5392E-01  0.2706E-01  0.9779E-04  0.2191E-02
  0.6722E-01  0.2221E-01  0.1606E-01  0.3252E-01  0.1438E-04  0.2529E-03
  0.2132E-01  0.1815E-01  0.1904E-01  0.2313E-01  0.4008E-03  0.1688E-03
  0.3159E-01  0.2617E-01  0.2488E-01  0.1608E-01  0.1846E-03  0.1754E-03
  0.3322E-01  0.3515E-01  0.2789E-01  0.1873E-01  0.3456E-03  0.1369E-02
 Relative number of events:
  0.3669E-01  0.3500E-01  0.2869E-01  0.3094E-01  0.1063E-02  0.1000E-02
  0.3150E-01  0.3112E-01  0.2413E-01  0.2575E-01  0.8750E-03  0.4375E-03
  0.3600E-01  0.3800E-01  0.2844E-01  0.3037E-01  0.8750E-03  0.6875E-03
  0.3075E-01  0.3338E-01  0.2531E-01  0.2538E-01  0.6250E-03  0.6875E-03
  0.3762E-01  0.3469E-01  0.3069E-01  0.2919E-01  0.6875E-03  0.8750E-03
  0.3356E-01  0.3388E-01  0.2962E-01  0.3194E-01  0.5000E-03  0.6250E-03
  0.3081E-01  0.3144E-01  0.2656E-01  0.2838E-01  0.6250E-03  0.5000E-03
  0.3181E-01  0.3250E-01  0.2781E-01  0.2625E-01  0.8750E-03  0.8750E-03
 Events:
         587         560         459         495          17          16
         504         498         386         412          14           7
         576         608         455         486          14          11
         492         534         405         406          10          11
         602         555         491         467          11          14
         537         542         474         511           8          10
         493         503         425         454          10           8
         509         520         445         420          14          14
 Accuracy:    0.084   0.100   0.065   1.679
 Finished due to accuracy    8.3753415268754863E-002  0.10000000000000001     

 -------------------------------------------------------------------------------
 Accumulated results:   Integral =  0.4870E-11
                        Std dev  =  0.3148E-12
                       Cross sec =  0.4870E-11
             Chi**2 per DoF.     =      1.6793
 -------------------------------------------------------------------------------
 Found         2108  events.
 Wrote           26  events.
 Actual xsec    5.0503647789303683E-012
 Correct abs xsec    5.0503647789303683E-012
 Event xsec    5.0503647789303707E-012
 Events wgts > 1:            1
 % Cross section > 1:    2.3038858412747436E-014  0.45618206646900644     
-------------------------------------------------
---------------------------
 Results Last   3 iters: Integral =   0.5050E-11
                     Abs integral =   0.5050E-11
                          Std dev =   0.3469E-12
                  Chi**2 per DoF. =      1.4848
-------------------------------------------------
---------------------------
 Status  0.10000000000000001                6           5

ls status:
events.lhe
ftn26
input_app.txt
results.dat
run1_app.log
