 Process in group number            1
 A PDF is used, so alpha_s(MZ) is going to be modified
 Old value of alpha_s from param_card:   0.11839999999999999     
  ****************************************
 
       NNPDFDriver version 1.0.3
   Grid: NNPDF23_lo_as_0130_qed_mem0.grid
  ****************************************
 New value of alpha_s from PDF nn23lo1:  0.13000000000000000     
 Define smin to   1600.0000000000000     
 Define smin to   1600.0000000000000     
 Define smin to   1600.0000000000000     
 *****************************************************
 *               MadGraph/MadEvent                   *
 *        --------------------------------           *
 *          http://madgraph.hep.uiuc.edu             *
 *          http://madgraph.phys.ucl.ac.be           *
 *          http://madgraph.roma2.infn.it            *
 *        --------------------------------           *
 *                                                   *
 *          PARAMETER AND COUPLING VALUES            *
 *                                                   *
 *****************************************************

  External Params
  ---------------------------------
  
 mdl_VeN1 =    1.0000000000000000     
 mdl_VeN2 =    0.0000000000000000     
 mdl_VeN3 =    0.0000000000000000     
 mdl_VmuN1 =    0.0000000000000000     
 mdl_VmuN2 =    1.0000000000000000     
 mdl_VmuN3 =    0.0000000000000000     
 mdl_VtaN1 =    0.0000000000000000     
 mdl_VtaN2 =    0.0000000000000000     
 mdl_VtaN3 =    1.0000000000000000     
 mdl_VN1N1 =    1.0000000000000000     
 mdl_VN1N2 =    1.0000000000000000     
 mdl_VN1N3 =    1.0000000000000000     
 mdl_VN2N2 =    1.0000000000000000     
 mdl_VN2N3 =    1.0000000000000000     
 mdl_VN3N3 =    1.0000000000000000     
 aEWM1 =    127.90000000000001     
 mdl_Gf =    1.1663700000000000E-005
 aS =   0.11839999999999999     
 mdl_ymt =    172.00000000000000     
 mdl_vevf =    50.000000000000000     
 mdl_MZ =    91.187600000000003     
 mdl_MT =    172.00000000000000     
 mdl_MH =    125.00000000000000     
 mdl_mN1 =    510.00000000000000     
 mdl_mN2 =    610.00000000000000     
 mdl_mN3 =    710.00000000000000     
 mdl_MJ =    91.187600000000003     
 mdl_MAx =    173.04800000000000     
 mdl_WZ =    2.4952000000000001     
 mdl_WW =    2.0850000000000000     
 mdl_WT =    1.5083359999999999     
 mdl_WH =    4.0699999999999998E-003
 mdl_WN1 =   0.30299999999999999     
 mdl_WN2 =    1.5000000000000000     
 mdl_WN3 =    12.300000000000001     
 mdl_WJ =    2.4952000000000001     
 mdl_WAx =    4.1700000000000001E-003
  Internal Params
  ---------------------------------
  
 mdl_vevf__exp__2 =    2500.0000000000000     
 mdl_sqrt__vevf__exp__2 =    50.000000000000000     
 mdl_muJ =    50.000000000000000     
 mdl_MZ__exp__2 =    8315.1783937600012     
 mdl_MZ__exp__4 =    69142191.720053151     
 mdl_sqrt__2 =    1.4142135623730951     
 mdl_MJ__exp__2 =    8315.1783937600012     
 mdl_muJ__exp__2 =    2500.0000000000000     
 mdl_lamJ =    4.3260713575040004     
 mdl_MH__exp__2 =    15625.000000000000     
 mdl_complexi =  (  0.0000000000000000     ,  1.0000000000000000     )
 mdl_aEW =    7.8186082877247844E-003
 mdl_MW =    79.824359746197842     
 mdl_sqrt__aEW =    8.8422894590285753E-002
 mdl_ee =   0.31345100004952897     
 mdl_MW__exp__2 =    6371.9284088904105     
 mdl_sw2 =   0.23369913342182447     
 mdl_cw =   0.87538612427783857     
 mdl_sqrt__sw2 =   0.48342438232036300     
 mdl_sw =   0.48342438232036300     
 mdl_g1 =   0.35807170271074895     
 mdl_gN =   0.64839716719502682     
 mdl_gw =   0.64839716719502682     
 mdl_vev =    246.22056907348590     
 mdl_vev__exp__2 =    60624.568634871241     
 mdl_lam =   0.12886689630821144     
 mdl_yt =   0.98791394091683138     
 mdl_muH =    88.388347648318444     
 mdl_I2a33 =  ( 0.98791394091683138     ,  0.0000000000000000     )
 mdl_I3a33 =  ( 0.98791394091683138     ,  0.0000000000000000     )
 mdl_ee__exp__2 =    9.8251529432049817E-002
 mdl_sw__exp__2 =   0.23369913342182450     
 mdl_cw__exp__2 =   0.76630086657817542     
  Internal Params evaluated point by point
  ----------------------------------------
  
 mdl_sqrt__aS =   0.34409301068170506     
 mdl_G__exp__2 =    1.4878582807401259     
  Couplings of SM_HeavyN_UFO
  ---------------------------------
  
         GC_1 =  -0.00000E+00  -0.10448E+00
         GC_2 =   0.00000E+00   0.20897E+00
         GC_3 =  -0.00000E+00  -0.31345E+00
         GC_4 =   0.00000E+00   0.31345E+00
        GC_26 =   0.00000E+00   0.45849E+00
        GC_27 =  -0.00000E+00  -0.28380E+00
        GC_28 =   0.00000E+00   0.28380E+00
        GC_30 =   0.00000E+00   0.56760E+00
        GC_35 =  -0.00000E+00  -0.28850E-01
        GC_37 =   0.00000E+00   0.17310E+00
        GC_39 =   0.00000E+00  -0.19725E+00
        GC_40 =   0.00000E+00   0.37035E+00
        GC_80 =   0.00000E+00   0.67543E+02
       GC_107 =  -0.00000E+00  -0.74070E+00
       GC_109 =  -0.00000E+00  -0.74070E+00
       GC_111 =  -0.00000E+00  -0.74070E+00
       GC_113 =  -0.00000E+00  -0.74070E+00
       GC_115 =  -0.00000E+00  -0.74070E+00
       GC_117 =  -0.00000E+00  -0.74070E+00
       GC_119 =   0.00000E+00   0.00000E+00
       GC_120 =   0.00000E+00   0.00000E+00
       GC_122 =  -0.00000E+00  -0.00000E+00
       GC_126 =   0.00000E+00   0.00000E+00
       GC_127 =   0.00000E+00   0.00000E+00
       GC_129 =  -0.00000E+00  -0.00000E+00
       GC_133 =   0.00000E+00   0.45849E+00
       GC_134 =   0.00000E+00   0.37035E+00
       GC_136 =  -0.00000E+00  -0.28836E+01
        GC_81 =   0.10200E+02   0.00000E+00
        GC_82 =   0.12200E+02   0.00000E+00
        GC_83 =   0.14200E+02   0.00000E+00

 Collider parameters:
 --------------------

 Running at P P   machine @    13000.000000000000       GeV
 PDF set = nn23lo1
 alpha_s(Mz)= 0.1300 running at 2 loops.
 alpha_s(Mz)= 0.1300 running at 2 loops.
 Renormalization scale set on event-by-event basis
 Factorization   scale set on event-by-event basis


 getting user params
Enter number of events and max and min iterations: 
 Number of events and iterations         1000           5           3
Enter desired fractional accuracy: 
 Desired fractional accuracy:   0.10000000000000001     
Enter 0 for fixed, 2 for adjustable grid: 
Suppress amplitude (0 no, 1 yes)? 
 Using suppressed amplitude.
Exact helicity sum (0 yes, n = number/event)? 
 Explicitly summing over helicities
Enter Configuration Number: 
Running Configuration Number:  195
 Using dconfig=         646
 BW Setting            1           2           2           2           1           2           0
 Attempting mappinvarients           1           9
 Completed mapping           9
 about to integrate           19        1000           5           3          19           1
 Using non-zero grid deformation.
 19 dimensions   1000 events 19 invarients  5 iterations  1 config(s),  (0.99)
 Using h-tuple random number sequence.
 Error opening grid
 Using Uniform Grid!          36
 Using uniform alpha   1.0000000000000000     
 Grid defined OK
 Set CM energy to      13000.00
 Mapping Graph         195  to config         195
 Setting BW          -1           1   91.187600000000003     
Setting grid   2    0.36660E-04   1
Setting grid   3    0.75740E-07   1
Setting grid   4    0.40068E-04   1
 Setting BW          -5           5   710.00000000000000     
Setting grid   6    0.24885E-02   1
 Transforming s_hat 1/s           18   2.4884748520710063E-003   1600.0000000000000        168999999.99999997     
 195   1   2   3   4   5   6   7   8   9  10  11  12  13  14
  15  16  17  18  19
 Masses: 0.000E+00 0.000E+00 0.000E+00 0.000E+00 0.000E+00 0.000E+00 0.000E+00 0.000E+00 0.912E+02
Using random seed offsets   195 :      1
  with seed                   24
 Ranmar initialization seeds       31253        9398
 
 ********************************************
 * You are using the DiscreteSampler module *
 *      part of the MG5_aMC framework       *
 *         Author: Valentin Hirschi         *
 ********************************************
 
  Particle       3       4       5       6       7       8       9
      Et >    10.0    10.0    10.0    10.0     0.0     0.0     0.0
       E >     0.0     0.0     0.0     0.0     0.0     0.0     0.0
     Eta <     2.5     2.5     2.5     2.5    -1.0    -1.0    -1.0
   xqcut:      0.0     0.0     0.0     0.0     0.0     0.0     0.0
d R # 3  >    -0.0     0.4     0.4     0.4     0.0     0.0     0.0
d R # 4  >    -0.0    -0.0     0.4     0.4     0.0     0.0     0.0
d R # 5  >    -0.0    -0.0    -0.0     0.4     0.0     0.0     0.0
d R # 6  >    -0.0    -0.0    -0.0    -0.0     0.0     0.0     0.0
d R # 7  >    -0.0    -0.0    -0.0    -0.0    -0.0     0.0     0.0
d R # 8  >    -0.0    -0.0    -0.0    -0.0    -0.0    -0.0     0.0
s min # 3>     0.0     0.0     0.0     0.0     0.0     0.0     0.0
s min # 4>     0.0     0.0     0.0     0.0     0.0     0.0     0.0
s min # 5>     0.0     0.0     0.0     0.0     0.0     0.0     0.0
s min # 6>     0.0     0.0     0.0     0.0     0.0     0.0     0.0
s min # 7>     0.0     0.0     0.0     0.0     0.0     0.0     0.0
s min # 8>     0.0     0.0     0.0     0.0     0.0     0.0     0.0
xqcutij # 3>     0.0     0.0     0.0     0.0     0.0     0.0     0.0
xqcutij # 4>     0.0     0.0     0.0     0.0     0.0     0.0     0.0
xqcutij # 5>     0.0     0.0     0.0     0.0     0.0     0.0     0.0
xqcutij # 6>     0.0     0.0     0.0     0.0     0.0     0.0     0.0
xqcutij # 7>     0.0     0.0     0.0     0.0     0.0     0.0     0.0
xqcutij # 8>     0.0     0.0     0.0     0.0     0.0     0.0     0.0
 Requiring BW           -1           1
 Excluding BW           -2           2
 Excluding BW           -3           3
 Excluding BW           -4           4
 Requiring BW           -5           5
 Excluding BW           -6           6
 alpha_s for scale    981.21892924380472       is    9.3293866383891547E-002
 Added good helicity            1   27.787078096487011       in event            1 local:           1
 Added good helicity           21   2.6631713168540148       in event            1 local:           1
 Added good helicity           25   1.2296157100713764E-002  in event            1 local:           1
 Added good helicity           37   5.2371298240077607E-002  in event            1 local:           1
 Added good helicity           41   40.852917681833418       in event            1 local:           1
 Added good helicity           61   5.1070339159535321       in event            1 local:           1
 Added good helicity          193   97.513117554182003       in event            1 local:           1
 Added good helicity          213   36.518342455250490       in event            1 local:           1
 Added good helicity          217   6.2818431450401460E-002  in event            1 local:           1
 Added good helicity          229  0.12098184884342433       in event            1 local:           1
 Added good helicity          233   9.1392296783565037       in event            1 local:           1
 Added good helicity          253   36.170641565448435       in event            1 local:           1
 Added good helicity            1   27.787078096486781       in event            1 local:           1
 Added good helicity           21   2.6631713168540001       in event            1 local:           1
 Added good helicity           25   1.2296157100713674E-002  in event            1 local:           1
 Added good helicity           37   5.2371298240077864E-002  in event            1 local:           1
 Added good helicity           41   40.852917681833404       in event            1 local:           1
 Added good helicity           61   5.1070339159535010       in event            1 local:           1
 Added good helicity          193   97.513117554183040       in event            1 local:           1
 Added good helicity          213   36.518342455250142       in event            1 local:           1
 Added good helicity          217   6.2818431450399656E-002  in event            1 local:           1
 Added good helicity          229  0.12098184884342576       in event            1 local:           1
 Added good helicity          233   9.1392296783564539       in event            1 local:           1
 Added good helicity          253   36.170641565448101       in event            1 local:           1
 RESET CUMULATIVE VARIABLE
 RESET CUMULATIVE VARIABLE
 RESET CUMULATIVE VARIABLE
 Iteration  1   Mean: 0.4080E-10 Abs mean: 0.4080E-10   Fluctuation:  0.165E-10   0.113E-07     9.8%
  1    0.4080E-10 0.4080E-10 +- 0.1654E-10     12.82
 Writing out events   8.3623593487280433E-014   12.822503107791109     
 Relative summed weights:
  0.2048E+00  0.2285E-01  0.7993E-02  0.7769E-02  0.6639E-06  0.9206E-06
  0.1570E-01  0.8131E-03  0.4030E-02  0.1729E-02  0.0000E+00  0.4304E-05
  0.1862E-02  0.1178E-02  0.5147E-01  0.5765E-03  0.9076E-07  0.0000E+00
  0.8582E-03  0.6534E-02  0.7021E-02  0.1424E-02  0.5030E-04  0.0000E+00
  0.3814E-02  0.2191E-02  0.3329E-02  0.3085E-02  0.2221E-06  0.1074E-04
  0.4548E-01  0.3336E-03  0.5495E-02  0.4226E-02  0.4500E-10  0.9710E-06
  0.1212E-02  0.1205E-02  0.4747E-01  0.1929E+00  0.6556E-10  0.0000E+00
  0.7553E-01  0.1170E-02  0.2752E+00  0.7011E-03  0.0000E+00  0.0000E+00
 Relative number of events:
  0.4460E-01  0.4559E-01  0.4361E-01  0.6640E-01  0.9911E-03  0.9911E-03
  0.4955E-01  0.4955E-01  0.5946E-01  0.4955E-01  0.0000E+00  0.9911E-03
  0.6938E-02  0.5946E-02  0.1189E-01  0.1189E-01  0.9911E-03  0.0000E+00
  0.1388E-01  0.9911E-02  0.7929E-02  0.1586E-01  0.9911E-03  0.0000E+00
  0.5154E-01  0.4163E-01  0.4262E-01  0.6640E-01  0.2973E-02  0.3964E-02
  0.5451E-01  0.4856E-01  0.4361E-01  0.4856E-01  0.9911E-03  0.1982E-02
  0.1189E-01  0.1189E-01  0.1288E-01  0.1090E-01  0.9911E-03  0.0000E+00
  0.1388E-01  0.1189E-01  0.4955E-02  0.1586E-01  0.0000E+00  0.0000E+00
 Events:
          45          46          44          67           1           1
          50          50          60          50           0           1
           7           6          12          12           1           0
          14          10           8          16           1           0
          52          42          43          67           3           4
          55          49          44          49           1           2
          12          12          13          11           1           0
          14          12           5          16           0           0
 Iteration  2   Mean: 0.2369E-10 Abs mean: 0.2369E-10   Fluctuation:  0.719E-11   0.123E-07    29.5%
  2    0.2369E-10 0.2369E-10 +- 0.7191E-11     13.58
 Relative summed weights:
  0.7166E-02  0.4573E-01  0.9514E-02  0.2287E-01  0.2057E-04  0.1127E-04
  0.3268E-01  0.7690E-01  0.1196E+00  0.1374E-01  0.1472E-07  0.1440E-05
  0.7450E-02  0.4120E-01  0.1573E-02  0.1409E-02  0.0000E+00  0.0000E+00
  0.2776E-02  0.1767E-02  0.2301E-01  0.6696E-01  0.0000E+00  0.4654E-05
  0.3871E-02  0.3344E-01  0.1086E-01  0.3677E-01  0.1012E-01  0.3670E-05
  0.8057E-02  0.7397E-02  0.1681E-01  0.1698E-01  0.0000E+00  0.6774E-04
  0.9544E-02  0.5080E-02  0.1220E-01  0.2206E-01  0.0000E+00  0.2263E-08
  0.2646E-02  0.2397E-01  0.2883E+00  0.1747E-01  0.0000E+00  0.0000E+00
 Relative number of events:
  0.5550E-01  0.5650E-01  0.4350E-01  0.4900E-01  0.1000E-02  0.1500E-02
  0.5750E-01  0.5600E-01  0.3500E-01  0.3600E-01  0.5000E-03  0.1000E-02
  0.1750E-01  0.1750E-01  0.8500E-02  0.9000E-02  0.0000E+00  0.0000E+00
  0.1300E-01  0.1300E-01  0.7000E-02  0.1250E-01  0.0000E+00  0.5000E-03
  0.4800E-01  0.5850E-01  0.5600E-01  0.5200E-01  0.1500E-02  0.1500E-02
  0.5550E-01  0.5050E-01  0.4450E-01  0.4350E-01  0.0000E+00  0.1500E-02
  0.9500E-02  0.1300E-01  0.7000E-02  0.1250E-01  0.0000E+00  0.5000E-03
  0.1200E-01  0.1700E-01  0.1250E-01  0.1150E-01  0.0000E+00  0.0000E+00
 Events:
         111         113          87          98           2           3
         115         112          70          72           1           2
          35          35          17          18           0           0
          26          26          14          25           0           1
          96         117         112         104           3           3
         111         101          89          87           0           3
          19          26          14          25           0           1
          24          34          25          23           0           0
 Iteration  3   Mean: 0.5762E-10 Abs mean: 0.5762E-10   Fluctuation:  0.383E-10   0.153E-06    49.2%
  3    0.5762E-10 0.5762E-10 +- 0.3827E-10     42.01
 Relative summed weights:
  0.1563E-01  0.1350E-01  0.1633E-01  0.1033E-01  0.7444E-05  0.0000E+00
  0.9309E-02  0.1500E-01  0.6833E-02  0.4321E-02  0.1211E-03  0.3290E-04
  0.2389E-02  0.1662E-01  0.1596E-01  0.3148E-02  0.0000E+00  0.1378E-04
  0.3587E-02  0.9870E-02  0.5889E-02  0.9871E-02  0.0000E+00  0.5803E-06
  0.1827E-01  0.9269E-02  0.6022E-02  0.7663E-02  0.4254E-06  0.4131E-04
  0.3737E-01  0.7630E-02  0.9222E-02  0.1170E-01  0.3776E-03  0.3563E-03
  0.4148E-02  0.3199E-01  0.7891E-02  0.1205E-01  0.9899E-04  0.0000E+00
  0.6652E+00  0.4115E-02  0.5121E-02  0.2359E-02  0.2161E-05  0.3049E-03
 Relative number of events:
  0.4750E-01  0.4875E-01  0.4875E-01  0.4775E-01  0.7500E-03  0.0000E+00
  0.5425E-01  0.5000E-01  0.5025E-01  0.4700E-01  0.7500E-03  0.1250E-02
  0.1475E-01  0.1375E-01  0.1250E-01  0.1025E-01  0.0000E+00  0.7500E-03
  0.1275E-01  0.1625E-01  0.1000E-01  0.1050E-01  0.0000E+00  0.2500E-03
  0.5300E-01  0.5475E-01  0.5275E-01  0.4675E-01  0.1000E-02  0.1500E-02
  0.5100E-01  0.5650E-01  0.4175E-01  0.4550E-01  0.1250E-02  0.1750E-02
  0.1050E-01  0.1500E-01  0.9500E-02  0.1175E-01  0.2500E-03  0.0000E+00
  0.1200E-01  0.1375E-01  0.8750E-02  0.1125E-01  0.2500E-03  0.7500E-03
 Events:
         190         195         195         191           3           0
         217         200         201         188           3           5
          59          55          50          41           0           3
          51          65          40          42           0           1
         212         219         211         187           4           6
         204         226         167         182           5           7
          42          60          38          47           1           0
          48          55          35          45           1           3
 Accuracy:    0.253   0.100   0.228   1.224
 Found          260  events.
 Wrote            1  events.
 Actual xsec    3.3113789192957577E-011
 Correct abs xsec    3.3113789192957577E-011
 Event xsec    3.3113789192957577E-011
 Events wgts > 1:            0
 % Cross section > 1:    0.0000000000000000        0.0000000000000000     
 Iteration  4   Mean: 0.1812E-10 Abs mean: 0.1812E-10   Fluctuation:  0.181E-11   0.547E-08    55.9%
  4    0.1812E-10 0.1812E-10 +- 0.1812E-11      8.95
 Relative summed weights:
  0.4128E-01  0.3403E-01  0.2892E-01  0.1580E-01  0.5593E-03  0.3216E-03
  0.2000E-01  0.3017E-01  0.2413E-01  0.1513E-01  0.1225E-03  0.6442E-03
  0.8053E-01  0.3156E-01  0.1029E-01  0.7056E-02  0.3159E-05  0.1315E-05
  0.2229E-01  0.1447E-01  0.1323E-01  0.8874E-02  0.7586E-03  0.2711E-03
  0.2951E-01  0.4338E-01  0.4663E-01  0.2331E-01  0.6234E-04  0.1730E-02
  0.4281E-01  0.7113E-01  0.9198E-01  0.4978E-01  0.6700E-04  0.2048E-02
  0.2589E-01  0.4166E-01  0.5588E-02  0.1080E-01  0.5747E-05  0.1536E-03
  0.2168E-01  0.4063E-01  0.2884E-01  0.1260E-01  0.9267E-02  0.2312E-05
 Relative number of events:
  0.5287E-01  0.5375E-01  0.4875E-01  0.4625E-01  0.1000E-02  0.1500E-02
  0.5250E-01  0.5087E-01  0.4763E-01  0.4700E-01  0.1125E-02  0.1250E-02
  0.1550E-01  0.1238E-01  0.9125E-02  0.8625E-02  0.3750E-03  0.3750E-03
  0.1162E-01  0.1250E-01  0.9375E-02  0.9875E-02  0.2500E-03  0.3750E-03
  0.5350E-01  0.5087E-01  0.4988E-01  0.5100E-01  0.8750E-03  0.2000E-02
  0.5075E-01  0.5250E-01  0.4888E-01  0.4850E-01  0.1125E-02  0.1125E-02
  0.1362E-01  0.1250E-01  0.9625E-02  0.1263E-01  0.1250E-03  0.5000E-03
  0.1188E-01  0.1312E-01  0.1162E-01  0.8000E-02  0.3750E-03  0.1250E-03
 Events:
         423         430         390         370           8          12
         420         407         381         376           9          10
         124          99          73          69           3           3
          93         100          75          79           2           3
         428         407         399         408           7          16
         406         420         391         388           9           9
         109         100          77         101           1           4
          95         105          93          64           3           1
 Accuracy:    0.205   0.100   0.092   4.987
 Found          249  events.
 Wrote           40  events.
 Actual xsec    1.9443129142961618E-011
 Correct abs xsec    1.9443129142961618E-011
 Event xsec    1.9443129142961631E-011
 Events wgts > 1:            4
 % Cross section > 1:    1.1647485008447671E-013  0.59905403717714001     
 Iteration  5   Mean: 0.2356E-10 Abs mean: 0.2356E-10   Fluctuation:  0.155E-11   0.149E-07    57.1%
  5    0.2356E-10 0.2356E-10 +- 0.1548E-11      8.31
 Relative summed weights:
  0.3696E-01  0.3270E-01  0.2457E-01  0.3309E-01  0.1231E-03  0.7108E-03
  0.2889E-01  0.3754E-01  0.2636E-01  0.1850E-01  0.2747E-03  0.7556E-02
  0.4175E-01  0.3033E-01  0.3417E-01  0.1691E-01  0.4480E-03  0.1905E-02
  0.4553E-01  0.2904E-01  0.2388E-01  0.2519E-01  0.4801E-04  0.2351E-03
  0.3700E-01  0.2544E-01  0.2999E-01  0.2991E-01  0.2917E-03  0.1729E-02
  0.4480E-01  0.1885E-01  0.2478E-01  0.5330E-01  0.1319E-03  0.1636E-03
  0.1587E-01  0.2442E-01  0.2090E-01  0.3278E-01  0.6432E-03  0.1686E-03
  0.2914E-01  0.1847E-01  0.1667E-01  0.7745E-01  0.3772E-03  0.2837E-04
 Relative number of events:
  0.5150E-01  0.5575E-01  0.4525E-01  0.4694E-01  0.1187E-02  0.1125E-02
  0.5481E-01  0.5319E-01  0.4681E-01  0.4975E-01  0.1000E-02  0.1375E-02
  0.1388E-01  0.1269E-01  0.9687E-02  0.1044E-01  0.3125E-03  0.1875E-03
  0.1175E-01  0.1200E-01  0.9750E-02  0.9250E-02  0.1875E-03  0.1875E-03
  0.5325E-01  0.5331E-01  0.4769E-01  0.4662E-01  0.1000E-02  0.1437E-02
  0.5600E-01  0.5269E-01  0.4681E-01  0.4625E-01  0.7500E-03  0.1250E-02
  0.1300E-01  0.1344E-01  0.1106E-01  0.9437E-02  0.3125E-03  0.6250E-04
  0.1381E-01  0.1250E-01  0.1063E-01  0.9062E-02  0.3750E-03  0.2500E-03
 Events:
         824         892         724         751          19          18
         877         851         749         796          16          22
         222         203         155         167           5           3
         188         192         156         148           3           3
         852         853         763         746          16          23
         896         843         749         740          12          20
         208         215         177         151           5           1
         221         200         170         145           6           4
 Accuracy:    0.099   0.100   0.053   3.461
 Finished due to accuracy    9.9336070496080744E-002  0.10000000000000001     

 -------------------------------------------------------------------------------
 Accumulated results:   Integral =  0.2253E-10
                        Std dev  =  0.1203E-11
                       Cross sec =  0.2253E-10
             Chi**2 per DoF.     =      3.4607
 -------------------------------------------------------------------------------
 Found         1536  events.
 Wrote           30  events.
 Actual xsec    2.2161119274465659E-011
 Correct abs xsec    2.2161119274465659E-011
 Event xsec    2.2161119274465643E-011
 Events wgts > 1:            0
 % Cross section > 1:    0.0000000000000000        0.0000000000000000     
-------------------------------------------------
---------------------------
 Results Last   3 iters: Integral =   0.2216E-10
                     Abs integral =   0.2216E-10
                          Std dev =   0.1213E-11
                  Chi**2 per DoF. =      3.3277
-------------------------------------------------
---------------------------
 Status  0.10000000000000001                6           5

ls status:
events.lhe
ftn26
input_app.txt
results.dat
run1_app.log
