 Process in group number            1
 A PDF is used, so alpha_s(MZ) is going to be modified
 Old value of alpha_s from param_card:   0.11839999999999999     
  ****************************************
 
       NNPDFDriver version 1.0.3
   Grid: NNPDF23_lo_as_0130_qed_mem0.grid
  ****************************************
 New value of alpha_s from PDF nn23lo1:  0.13000000000000000     
 Define smin to   1600.0000000000000     
 Define smin to   1600.0000000000000     
 Define smin to   1600.0000000000000     
 *****************************************************
 *               MadGraph/MadEvent                   *
 *        --------------------------------           *
 *          http://madgraph.hep.uiuc.edu             *
 *          http://madgraph.phys.ucl.ac.be           *
 *          http://madgraph.roma2.infn.it            *
 *        --------------------------------           *
 *                                                   *
 *          PARAMETER AND COUPLING VALUES            *
 *                                                   *
 *****************************************************

  External Params
  ---------------------------------
  
 mdl_VeN1 =    1.0000000000000000     
 mdl_VeN2 =    0.0000000000000000     
 mdl_VeN3 =    0.0000000000000000     
 mdl_VmuN1 =    0.0000000000000000     
 mdl_VmuN2 =    1.0000000000000000     
 mdl_VmuN3 =    0.0000000000000000     
 mdl_VtaN1 =    0.0000000000000000     
 mdl_VtaN2 =    0.0000000000000000     
 mdl_VtaN3 =    1.0000000000000000     
 mdl_VN1N1 =    1.0000000000000000     
 mdl_VN1N2 =    1.0000000000000000     
 mdl_VN1N3 =    1.0000000000000000     
 mdl_VN2N2 =    1.0000000000000000     
 mdl_VN2N3 =    1.0000000000000000     
 mdl_VN3N3 =    1.0000000000000000     
 aEWM1 =    127.90000000000001     
 mdl_Gf =    1.1663700000000000E-005
 aS =   0.11839999999999999     
 mdl_ymt =    172.00000000000000     
 mdl_vevf =    50.000000000000000     
 mdl_MZ =    91.187600000000003     
 mdl_MT =    172.00000000000000     
 mdl_MH =    125.00000000000000     
 mdl_mN1 =    1644.0000000000000     
 mdl_mN2 =    1744.0000000000000     
 mdl_mN3 =    1844.0000000000000     
 mdl_MJ =    91.187600000000003     
 mdl_MAx =    173.04800000000000     
 mdl_WZ =    2.4952000000000001     
 mdl_WW =    2.0850000000000000     
 mdl_WT =    1.5083359999999999     
 mdl_WH =    4.0699999999999998E-003
 mdl_WN1 =   0.30299999999999999     
 mdl_WN2 =    1.5000000000000000     
 mdl_WN3 =    12.300000000000001     
 mdl_WJ =    2.4952000000000001     
 mdl_WAx =    4.1700000000000001E-003
  Internal Params
  ---------------------------------
  
 mdl_vevf__exp__2 =    2500.0000000000000     
 mdl_sqrt__vevf__exp__2 =    50.000000000000000     
 mdl_muJ =    50.000000000000000     
 mdl_MZ__exp__2 =    8315.1783937600012     
 mdl_MZ__exp__4 =    69142191.720053151     
 mdl_sqrt__2 =    1.4142135623730951     
 mdl_MJ__exp__2 =    8315.1783937600012     
 mdl_muJ__exp__2 =    2500.0000000000000     
 mdl_lamJ =    4.3260713575040004     
 mdl_MH__exp__2 =    15625.000000000000     
 mdl_complexi =  (  0.0000000000000000     ,  1.0000000000000000     )
 mdl_aEW =    7.8186082877247844E-003
 mdl_MW =    79.824359746197842     
 mdl_sqrt__aEW =    8.8422894590285753E-002
 mdl_ee =   0.31345100004952897     
 mdl_MW__exp__2 =    6371.9284088904105     
 mdl_sw2 =   0.23369913342182447     
 mdl_cw =   0.87538612427783857     
 mdl_sqrt__sw2 =   0.48342438232036300     
 mdl_sw =   0.48342438232036300     
 mdl_g1 =   0.35807170271074895     
 mdl_gN =   0.64839716719502682     
 mdl_gw =   0.64839716719502682     
 mdl_vev =    246.22056907348590     
 mdl_vev__exp__2 =    60624.568634871241     
 mdl_lam =   0.12886689630821144     
 mdl_yt =   0.98791394091683138     
 mdl_muH =    88.388347648318444     
 mdl_I2a33 =  ( 0.98791394091683138     ,  0.0000000000000000     )
 mdl_I3a33 =  ( 0.98791394091683138     ,  0.0000000000000000     )
 mdl_ee__exp__2 =    9.8251529432049817E-002
 mdl_sw__exp__2 =   0.23369913342182450     
 mdl_cw__exp__2 =   0.76630086657817542     
  Internal Params evaluated point by point
  ----------------------------------------
  
 mdl_sqrt__aS =   0.34409301068170506     
 mdl_G__exp__2 =    1.4878582807401259     
  Couplings of SM_HeavyN_UFO
  ---------------------------------
  
         GC_1 =  -0.00000E+00  -0.10448E+00
         GC_2 =   0.00000E+00   0.20897E+00
         GC_3 =  -0.00000E+00  -0.31345E+00
         GC_4 =   0.00000E+00   0.31345E+00
        GC_26 =   0.00000E+00   0.45849E+00
        GC_27 =  -0.00000E+00  -0.28380E+00
        GC_28 =   0.00000E+00   0.28380E+00
        GC_30 =   0.00000E+00   0.56760E+00
        GC_35 =  -0.00000E+00  -0.28850E-01
        GC_37 =   0.00000E+00   0.17310E+00
        GC_39 =   0.00000E+00  -0.19725E+00
        GC_40 =   0.00000E+00   0.37035E+00
        GC_80 =   0.00000E+00   0.67543E+02
       GC_107 =  -0.00000E+00  -0.74070E+00
       GC_109 =  -0.00000E+00  -0.74070E+00
       GC_111 =  -0.00000E+00  -0.74070E+00
       GC_113 =  -0.00000E+00  -0.74070E+00
       GC_115 =  -0.00000E+00  -0.74070E+00
       GC_117 =  -0.00000E+00  -0.74070E+00
       GC_119 =   0.00000E+00   0.00000E+00
       GC_120 =   0.00000E+00   0.00000E+00
       GC_122 =  -0.00000E+00  -0.00000E+00
       GC_126 =   0.00000E+00   0.00000E+00
       GC_127 =   0.00000E+00   0.00000E+00
       GC_129 =  -0.00000E+00  -0.00000E+00
       GC_133 =   0.00000E+00   0.45849E+00
       GC_134 =   0.00000E+00   0.37035E+00
       GC_136 =  -0.00000E+00  -0.74892E+01
        GC_81 =   0.32880E+02   0.00000E+00
        GC_82 =   0.34880E+02   0.00000E+00
        GC_83 =   0.36880E+02   0.00000E+00

 Collider parameters:
 --------------------

 Running at P P   machine @    13000.000000000000       GeV
 PDF set = nn23lo1
 alpha_s(Mz)= 0.1300 running at 2 loops.
 alpha_s(Mz)= 0.1300 running at 2 loops.
 Renormalization scale set on event-by-event basis
 Factorization   scale set on event-by-event basis


 getting user params
Enter number of events and max and min iterations: 
 Number of events and iterations         1000           5           3
Enter desired fractional accuracy: 
 Desired fractional accuracy:   0.10000000000000001     
Enter 0 for fixed, 2 for adjustable grid: 
Suppress amplitude (0 no, 1 yes)? 
 Using suppressed amplitude.
Exact helicity sum (0 yes, n = number/event)? 
 Explicitly summing over helicities
Enter Configuration Number: 
Running Configuration Number: 1253
 Using dconfig=         643
 BW Setting            1           1           2           2           1           2           0
 Attempting mappinvarients           1           9
 Completed mapping           9
 about to integrate           19        1000           5           3          19           1
 Using non-zero grid deformation.
 19 dimensions   1000 events 19 invarients  5 iterations  1 config(s),  (0.99)
 Using h-tuple random number sequence.
 Error opening grid
 Using Uniform Grid!          36
 Using uniform alpha   1.0000000000000000     
 Grid defined OK
 Set CM energy to      13000.00
 Mapping Graph        1253  to config        1253
 Setting BW          -1           1   79.824359746197842     
 Setting BW          -2           2   1844.0000000000000     
Setting grid   3    0.20773E-01   1
Setting grid   4    0.59172E-08   1
 Setting BW          -5           5   1844.0000000000000     
Setting grid   6    0.79099E-01   1
 Transforming s_hat 1/s           18   7.9098862523040020E-002   1600.0000000000000        168999999.99999997     
1253   1   2   3   4   5   6   7   8   9  10  11  12  13  14
  15  16  17  18  19
 Masses: 0.000E+00 0.000E+00 0.000E+00 0.000E+00 0.000E+00 0.000E+00 0.000E+00 0.000E+00 0.912E+02
Using random seed offsets  1253 :      1
  with seed                   24
 Ranmar initialization seeds         983        9398
 
 ********************************************
 * You are using the DiscreteSampler module *
 *      part of the MG5_aMC framework       *
 *         Author: Valentin Hirschi         *
 ********************************************
 
  Particle       3       4       5       6       7       8       9
      Et >    10.0    10.0    10.0    10.0     0.0     0.0     0.0
       E >     0.0     0.0     0.0     0.0     0.0     0.0     0.0
     Eta <     2.5     2.5     2.5     2.5    -1.0    -1.0    -1.0
   xqcut:      0.0     0.0     0.0     0.0     0.0     0.0     0.0
d R # 3  >    -0.0     0.4     0.4     0.4     0.0     0.0     0.0
d R # 4  >    -0.0    -0.0     0.4     0.4     0.0     0.0     0.0
d R # 5  >    -0.0    -0.0    -0.0     0.4     0.0     0.0     0.0
d R # 6  >    -0.0    -0.0    -0.0    -0.0     0.0     0.0     0.0
d R # 7  >    -0.0    -0.0    -0.0    -0.0    -0.0     0.0     0.0
d R # 8  >    -0.0    -0.0    -0.0    -0.0    -0.0    -0.0     0.0
s min # 3>     0.0     0.0     0.0     0.0     0.0     0.0     0.0
s min # 4>     0.0     0.0     0.0     0.0     0.0     0.0     0.0
s min # 5>     0.0     0.0     0.0     0.0     0.0     0.0     0.0
s min # 6>     0.0     0.0     0.0     0.0     0.0     0.0     0.0
s min # 7>     0.0     0.0     0.0     0.0     0.0     0.0     0.0
s min # 8>     0.0     0.0     0.0     0.0     0.0     0.0     0.0
xqcutij # 3>     0.0     0.0     0.0     0.0     0.0     0.0     0.0
xqcutij # 4>     0.0     0.0     0.0     0.0     0.0     0.0     0.0
xqcutij # 5>     0.0     0.0     0.0     0.0     0.0     0.0     0.0
xqcutij # 6>     0.0     0.0     0.0     0.0     0.0     0.0     0.0
xqcutij # 7>     0.0     0.0     0.0     0.0     0.0     0.0     0.0
xqcutij # 8>     0.0     0.0     0.0     0.0     0.0     0.0     0.0
 Requiring BW           -1           1
 Requiring BW           -2           2
 Excluding BW           -3           3
 Excluding BW           -4           4
 Requiring BW           -5           5
 Excluding BW           -6           6
 alpha_s for scale    7949.3045525047155       is    7.4867419933283136E-002
 Added good helicity            1   186.28856625875306       in event            1 local:           1
 Added good helicity           25   8.3478851986434063E-006  in event            1 local:           1
 Added good helicity           37   2.7228786884134138E-008  in event            1 local:           1
 Added good helicity          193   69.711411402172573       in event            1 local:           1
 Added good helicity          217   1.3805772242542979E-005  in event            1 local:           1
 Added good helicity          229   1.5794951068290846E-007  in event            1 local:           1
 Added good helicity            1   186.28856625877845       in event            1 local:           1
 Added good helicity           25   8.3478851986496912E-006  in event            1 local:           1
 Added good helicity           37   2.7228786884008499E-008  in event            1 local:           1
 Added good helicity          193   69.711411402147192       in event            1 local:           1
 Added good helicity          217   1.3805772242553308E-005  in event            1 local:           1
 Added good helicity          229   1.5794951068194311E-007  in event            1 local:           1
 Added good helicity           21   8.3478851986433622E-006  in event            7 local:           3
 Added good helicity           41   2.7228786884133999E-008  in event            7 local:           3
 Added good helicity          213   1.3805772242542908E-005  in event            7 local:           3
 Added good helicity          233   1.5794951068290764E-007  in event            7 local:           3
 Added good helicity           21   8.3478851986496624E-006  in event            7 local:           3
 Added good helicity           41   2.7228786884008410E-008  in event            7 local:           3
 Added good helicity          213   1.3805772242553262E-005  in event            7 local:           3
 Added good helicity          233   1.5794951068194258E-007  in event            7 local:           3
 RESET CUMULATIVE VARIABLE
 RESET CUMULATIVE VARIABLE
 RESET CUMULATIVE VARIABLE
 Iteration  1   Mean: 0.4195E-06 Abs mean: 0.4195E-06   Fluctuation:  0.140E-06   0.103E-03    28.1%
  1    0.4195E-06 0.4195E-06 +- 0.1402E-06     10.57
 Writing out events   2.9836816357112492E-010   10.568290838486488     
 Relative summed weights:
  0.2474E+00  0.8483E-03  0.4284E-04  0.6514E-05  0.0000E+00  0.0000E+00
  0.1755E+00  0.6592E-02  0.1911E-01  0.2861E-02  0.0000E+00  0.1073E-09
  0.4760E-02  0.4868E-02  0.4382E-03  0.9957E-08  0.0000E+00  0.0000E+00
  0.4766E-02  0.6776E-01  0.2618E-02  0.2464E-01  0.0000E+00  0.0000E+00
  0.6810E-02  0.1672E+00  0.8455E-02  0.2612E-01  0.0000E+00  0.0000E+00
  0.2190E-01  0.5443E-01  0.1572E-04  0.1044E-03  0.0000E+00  0.0000E+00
  0.2466E-01  0.8226E-01  0.3913E-01  0.1209E-02  0.0000E+00  0.0000E+00
  0.2875E-03  0.9663E-03  0.3882E-02  0.3066E-03  0.0000E+00  0.0000E+00
 Relative number of events:
  0.2379E-01  0.2180E-01  0.2973E-02  0.1982E-02  0.0000E+00  0.0000E+00
  0.7730E-01  0.6343E-01  0.3271E-01  0.3964E-01  0.0000E+00  0.9911E-03
  0.1784E-01  0.9911E-02  0.3964E-02  0.9911E-03  0.0000E+00  0.0000E+00
  0.5847E-01  0.6938E-01  0.3766E-01  0.3865E-01  0.0000E+00  0.0000E+00
  0.5847E-01  0.7136E-01  0.3271E-01  0.3370E-01  0.0000E+00  0.0000E+00
  0.1487E-01  0.1685E-01  0.3964E-02  0.1982E-02  0.0000E+00  0.0000E+00
  0.7631E-01  0.6541E-01  0.4361E-01  0.4163E-01  0.0000E+00  0.0000E+00
  0.1586E-01  0.1685E-01  0.2973E-02  0.1982E-02  0.0000E+00  0.0000E+00
 Events:
          24          22           3           2           0           0
          78          64          33          40           0           1
          18          10           4           1           0           0
          59          70          38          39           0           0
          59          72          33          34           0           0
          15          17           4           2           0           0
          77          66          44          42           0           0
          16          17           3           2           0           0
 Iteration  2   Mean: 0.2108E-06 Abs mean: 0.2108E-06   Fluctuation:  0.318E-07   0.357E-04    49.5%
  2    0.2108E-06 0.2108E-06 +- 0.3178E-07      6.74
 Relative summed weights:
  0.5025E-01  0.1409E-01  0.8843E-02  0.3857E-02  0.0000E+00  0.0000E+00
  0.4299E-01  0.5504E-01  0.6711E-02  0.3628E-01  0.0000E+00  0.0000E+00
  0.7632E-02  0.3105E-01  0.5388E-02  0.7259E-02  0.0000E+00  0.0000E+00
  0.7889E-01  0.5404E-01  0.3604E-01  0.2321E-01  0.0000E+00  0.3065E-06
  0.2594E-01  0.3640E-01  0.5619E-01  0.2993E-01  0.0000E+00  0.0000E+00
  0.6386E-01  0.5399E-01  0.9482E-03  0.9452E-01  0.0000E+00  0.0000E+00
  0.3262E-01  0.5897E-01  0.1049E-01  0.1262E-01  0.0000E+00  0.0000E+00
  0.1231E-01  0.3553E-01  0.5106E-03  0.1360E-01  0.0000E+00  0.0000E+00
 Relative number of events:
  0.1300E-01  0.1550E-01  0.6000E-02  0.2500E-02  0.0000E+00  0.0000E+00
  0.7450E-01  0.6350E-01  0.3200E-01  0.3800E-01  0.0000E+00  0.0000E+00
  0.1400E-01  0.1150E-01  0.5500E-02  0.2000E-02  0.0000E+00  0.0000E+00
  0.7350E-01  0.7000E-01  0.4400E-01  0.4350E-01  0.0000E+00  0.5000E-03
  0.5800E-01  0.6900E-01  0.4400E-01  0.3600E-01  0.0000E+00  0.0000E+00
  0.1450E-01  0.1750E-01  0.3500E-02  0.5500E-02  0.0000E+00  0.0000E+00
  0.5950E-01  0.6150E-01  0.4050E-01  0.4450E-01  0.0000E+00  0.0000E+00
  0.1400E-01  0.1400E-01  0.3500E-02  0.5000E-02  0.0000E+00  0.0000E+00
 Events:
          26          31          12           5           0           0
         149         127          64          76           0           0
          28          23          11           4           0           0
         147         140          88          87           0           1
         116         138          88          72           0           0
          29          35           7          11           0           0
         119         123          81          89           0           0
          28          28           7          10           0           0
 Iteration  3   Mean: 0.4040E-06 Abs mean: 0.4040E-06   Fluctuation:  0.488E-07   0.883E-04    54.8%
  3    0.4040E-06 0.4040E-06 +- 0.4877E-07      7.63
 Relative summed weights:
  0.5041E-01  0.3124E-01  0.1906E-01  0.1171E-01  0.0000E+00  0.0000E+00
