 Process in group number            1
 A PDF is used, so alpha_s(MZ) is going to be modified
 Old value of alpha_s from param_card:   0.11839999999999999     
  ****************************************
 
       NNPDFDriver version 1.0.3
   Grid: NNPDF23_lo_as_0130_qed_mem0.grid
  ****************************************
 New value of alpha_s from PDF nn23lo1:  0.13000000000000000     
 Define smin to   1600.0000000000000     
 Define smin to   1600.0000000000000     
 Define smin to   1600.0000000000000     
 *****************************************************
 *               MadGraph/MadEvent                   *
 *        --------------------------------           *
 *          http://madgraph.hep.uiuc.edu             *
 *          http://madgraph.phys.ucl.ac.be           *
 *          http://madgraph.roma2.infn.it            *
 *        --------------------------------           *
 *                                                   *
 *          PARAMETER AND COUPLING VALUES            *
 *                                                   *
 *****************************************************

  External Params
  ---------------------------------
  
 mdl_VeN1 =    1.0000000000000000     
 mdl_VeN2 =    0.0000000000000000     
 mdl_VeN3 =    0.0000000000000000     
 mdl_VmuN1 =    0.0000000000000000     
 mdl_VmuN2 =    1.0000000000000000     
 mdl_VmuN3 =    0.0000000000000000     
 mdl_VtaN1 =    0.0000000000000000     
 mdl_VtaN2 =    0.0000000000000000     
 mdl_VtaN3 =    1.0000000000000000     
 mdl_VN1N1 =    1.0000000000000000     
 mdl_VN1N2 =    1.0000000000000000     
 mdl_VN1N3 =    1.0000000000000000     
 mdl_VN2N2 =    1.0000000000000000     
 mdl_VN2N3 =    1.0000000000000000     
 mdl_VN3N3 =    1.0000000000000000     
 aEWM1 =    127.90000000000001     
 mdl_Gf =    1.1663700000000000E-005
 aS =   0.11839999999999999     
 mdl_ymt =    172.00000000000000     
 mdl_vevf =    50.000000000000000     
 mdl_MZ =    91.187600000000003     
 mdl_MT =    172.00000000000000     
 mdl_MH =    125.00000000000000     
 mdl_mN1 =    510.00000000000000     
 mdl_mN2 =    610.00000000000000     
 mdl_mN3 =    710.00000000000000     
 mdl_MJ =    91.187600000000003     
 mdl_MAx =    173.04800000000000     
 mdl_WZ =    2.4952000000000001     
 mdl_WW =    2.0850000000000000     
 mdl_WT =    1.5083359999999999     
 mdl_WH =    4.0699999999999998E-003
 mdl_WN1 =   0.30299999999999999     
 mdl_WN2 =    1.5000000000000000     
 mdl_WN3 =    12.300000000000001     
 mdl_WJ =    2.4952000000000001     
 mdl_WAx =    4.1700000000000001E-003
  Internal Params
  ---------------------------------
  
 mdl_vevf__exp__2 =    2500.0000000000000     
 mdl_sqrt__vevf__exp__2 =    50.000000000000000     
 mdl_muJ =    50.000000000000000     
 mdl_MZ__exp__2 =    8315.1783937600012     
 mdl_MZ__exp__4 =    69142191.720053151     
 mdl_sqrt__2 =    1.4142135623730951     
 mdl_MJ__exp__2 =    8315.1783937600012     
 mdl_muJ__exp__2 =    2500.0000000000000     
 mdl_lamJ =    4.3260713575040004     
 mdl_MH__exp__2 =    15625.000000000000     
 mdl_complexi =  (  0.0000000000000000     ,  1.0000000000000000     )
 mdl_aEW =    7.8186082877247844E-003
 mdl_MW =    79.824359746197842     
 mdl_sqrt__aEW =    8.8422894590285753E-002
 mdl_ee =   0.31345100004952897     
 mdl_MW__exp__2 =    6371.9284088904105     
 mdl_sw2 =   0.23369913342182447     
 mdl_cw =   0.87538612427783857     
 mdl_sqrt__sw2 =   0.48342438232036300     
 mdl_sw =   0.48342438232036300     
 mdl_g1 =   0.35807170271074895     
 mdl_gN =   0.64839716719502682     
 mdl_gw =   0.64839716719502682     
 mdl_vev =    246.22056907348590     
 mdl_vev__exp__2 =    60624.568634871241     
 mdl_lam =   0.12886689630821144     
 mdl_yt =   0.98791394091683138     
 mdl_muH =    88.388347648318444     
 mdl_I2a33 =  ( 0.98791394091683138     ,  0.0000000000000000     )
 mdl_I3a33 =  ( 0.98791394091683138     ,  0.0000000000000000     )
 mdl_ee__exp__2 =    9.8251529432049817E-002
 mdl_sw__exp__2 =   0.23369913342182450     
 mdl_cw__exp__2 =   0.76630086657817542     
  Internal Params evaluated point by point
  ----------------------------------------
  
 mdl_sqrt__aS =   0.34409301068170506     
 mdl_G__exp__2 =    1.4878582807401259     
  Couplings of SM_HeavyN_UFO
  ---------------------------------
  
         GC_1 =  -0.00000E+00  -0.10448E+00
         GC_2 =   0.00000E+00   0.20897E+00
         GC_3 =  -0.00000E+00  -0.31345E+00
         GC_4 =   0.00000E+00   0.31345E+00
        GC_26 =   0.00000E+00   0.45849E+00
        GC_27 =  -0.00000E+00  -0.28380E+00
        GC_28 =   0.00000E+00   0.28380E+00
        GC_30 =   0.00000E+00   0.56760E+00
        GC_35 =  -0.00000E+00  -0.28850E-01
        GC_37 =   0.00000E+00   0.17310E+00
        GC_39 =   0.00000E+00  -0.19725E+00
        GC_40 =   0.00000E+00   0.37035E+00
        GC_80 =   0.00000E+00   0.67543E+02
       GC_107 =  -0.00000E+00  -0.74070E+00
       GC_109 =  -0.00000E+00  -0.74070E+00
       GC_111 =  -0.00000E+00  -0.74070E+00
       GC_113 =  -0.00000E+00  -0.74070E+00
       GC_115 =  -0.00000E+00  -0.74070E+00
       GC_117 =  -0.00000E+00  -0.74070E+00
       GC_119 =   0.00000E+00   0.00000E+00
       GC_120 =   0.00000E+00   0.00000E+00
       GC_122 =  -0.00000E+00  -0.00000E+00
       GC_126 =   0.00000E+00   0.00000E+00
       GC_127 =   0.00000E+00   0.00000E+00
       GC_129 =  -0.00000E+00  -0.00000E+00
       GC_133 =   0.00000E+00   0.45849E+00
       GC_134 =   0.00000E+00   0.37035E+00
       GC_136 =  -0.00000E+00  -0.28836E+01
        GC_81 =   0.10200E+02   0.00000E+00
        GC_82 =   0.12200E+02   0.00000E+00
        GC_83 =   0.14200E+02   0.00000E+00

 Collider parameters:
 --------------------

 Running at P P   machine @    13000.000000000000       GeV
 PDF set = nn23lo1
 alpha_s(Mz)= 0.1300 running at 2 loops.
 alpha_s(Mz)= 0.1300 running at 2 loops.
 Renormalization scale set on event-by-event basis
 Factorization   scale set on event-by-event basis


 getting user params
Enter number of events and max and min iterations: 
 Number of events and iterations         1000           5           3
Enter desired fractional accuracy: 
 Desired fractional accuracy:   0.10000000000000001     
Enter 0 for fixed, 2 for adjustable grid: 
Suppress amplitude (0 no, 1 yes)? 
 Using suppressed amplitude.
Exact helicity sum (0 yes, n = number/event)? 
 Explicitly summing over helicities
Enter Configuration Number: 
Running Configuration Number:   59
 Using dconfig=         230
 BW Setting            2           1           1           2           2           0           0
 Attempting mappinvarients           1           9
 Completed mapping           9
 about to integrate           19        1000           5           3          19           1
 Using non-zero grid deformation.
 19 dimensions   1000 events 19 invarients  5 iterations  1 config(s),  (0.99)
 Using h-tuple random number sequence.
 Error opening grid
 Using Uniform Grid!          36
 Using uniform alpha   1.0000000000000000     
 Grid defined OK
 Set CM energy to      13000.00
 Mapping Graph          59  to config          59
Setting grid   1    0.75740E-07   1
Setting grid   2    0.75740E-07   1
 Setting BW          -3           2   91.187600000000003     
 Setting BW          -4           3   710.00000000000000     
Setting grid   5    0.32375E-02   1
Setting grid   6    0.32375E-02   1
 Transforming s_hat 1/s           18   3.2375014532175150E-003   1600.0000000000000        168999999.99999997     
  59   1   2   3   4   5   6   7   8   9  10  11  12  13  14
  15  16  17  18  19
 Masses: 0.000E+00 0.000E+00 0.000E+00 0.000E+00 0.000E+00 0.000E+00 0.000E+00 0.000E+00 0.912E+02
Using random seed offsets    59 :      1
  with seed                   24
 Ranmar initialization seeds       31117        9398
 
 ********************************************
 * You are using the DiscreteSampler module *
 *      part of the MG5_aMC framework       *
 *         Author: Valentin Hirschi         *
 ********************************************
 
  Particle       3       4       5       6       7       8       9
      Et >    10.0    10.0    10.0    10.0     0.0     0.0     0.0
       E >     0.0     0.0     0.0     0.0     0.0     0.0     0.0
     Eta <     2.5     2.5     2.5     2.5    -1.0    -1.0    -1.0
   xqcut:      0.0     0.0     0.0     0.0     0.0     0.0     0.0
d R # 3  >    -0.0     0.4     0.4     0.4     0.0     0.0     0.0
d R # 4  >    -0.0    -0.0     0.4     0.4     0.0     0.0     0.0
d R # 5  >    -0.0    -0.0    -0.0     0.4     0.0     0.0     0.0
d R # 6  >    -0.0    -0.0    -0.0    -0.0     0.0     0.0     0.0
d R # 7  >    -0.0    -0.0    -0.0    -0.0    -0.0     0.0     0.0
d R # 8  >    -0.0    -0.0    -0.0    -0.0    -0.0    -0.0     0.0
s min # 3>     0.0     0.0     0.0     0.0     0.0     0.0     0.0
s min # 4>     0.0     0.0     0.0     0.0     0.0     0.0     0.0
s min # 5>     0.0     0.0     0.0     0.0     0.0     0.0     0.0
s min # 6>     0.0     0.0     0.0     0.0     0.0     0.0     0.0
s min # 7>     0.0     0.0     0.0     0.0     0.0     0.0     0.0
s min # 8>     0.0     0.0     0.0     0.0     0.0     0.0     0.0
xqcutij # 3>     0.0     0.0     0.0     0.0     0.0     0.0     0.0
xqcutij # 4>     0.0     0.0     0.0     0.0     0.0     0.0     0.0
xqcutij # 5>     0.0     0.0     0.0     0.0     0.0     0.0     0.0
xqcutij # 6>     0.0     0.0     0.0     0.0     0.0     0.0     0.0
xqcutij # 7>     0.0     0.0     0.0     0.0     0.0     0.0     0.0
xqcutij # 8>     0.0     0.0     0.0     0.0     0.0     0.0     0.0
 Excluding BW           -1           1
 Requiring BW           -3           2
 Requiring BW           -4           3
 Excluding BW           -5           4
 Excluding BW           -6           5
 alpha_s for scale    820.62087311707955       is    9.5306395370472127E-002
 Added good helicity            1   28.718159592109590       in event            1 local:           1
 Added good helicity           21   15.398768308146908       in event            1 local:           1
 Added good helicity           25  0.15845042804928933       in event            1 local:           1
 Added good helicity           37  0.10220401477813466       in event            1 local:           1
 Added good helicity           41   18.796918416644772       in event            1 local:           1
 Added good helicity           61   19.366592248897412       in event            1 local:           1
 Added good helicity          193   56.884769671308483       in event            1 local:           1
 Added good helicity          213   22.927519266932858       in event            1 local:           1
 Added good helicity          217  0.62343737471836425       in event            1 local:           1
 Added good helicity          229  0.37679388625266041       in event            1 local:           1
 Added good helicity          233   42.492501666892665       in event            1 local:           1
 Added good helicity          253   50.153885125268886       in event            1 local:           1
 Added good helicity            1   28.718159592109629       in event            1 local:           1
 Added good helicity           21   15.398768308146895       in event            1 local:           1
 Added good helicity           25  0.15845042804928935       in event            1 local:           1
 Added good helicity           37  0.10220401477813566       in event            1 local:           1
 Added good helicity           41   18.796918416644658       in event            1 local:           1
 Added good helicity           61   19.366592248897355       in event            1 local:           1
 Added good helicity          193   56.884769671308611       in event            1 local:           1
 Added good helicity          213   22.927519266932876       in event            1 local:           1
 Added good helicity          217  0.62343737471837135       in event            1 local:           1
 Added good helicity          229  0.37679388625266447       in event            1 local:           1
 Added good helicity          233   42.492501666892586       in event            1 local:           1
 Added good helicity          253   50.153885125268957       in event            1 local:           1
 RESET CUMULATIVE VARIABLE
 RESET CUMULATIVE VARIABLE
 RESET CUMULATIVE VARIABLE
 Iteration  1   Mean: 0.3088E-14 Abs mean: 0.3088E-14   Fluctuation:  0.869E-15   0.301E-12     0.3%
  1    0.3088E-14 0.3088E-14 +- 0.8691E-15      6.59
 Writing out events   1.2353159817426327E-016   6.5936231936447003     
 Relative summed weights:
  0.9394E-02  0.1548E-01  0.6918E-03  0.4227E-02  0.1539E-04  0.0000E+00
  0.4988E-03  0.1766E-01  0.9559E-02  0.1124E-04  0.4386E-04  0.0000E+00
  0.6577E-01  0.4017E-02  0.4066E-02  0.1985E-03  0.5078E-02  0.0000E+00
  0.2497E+00  0.6271E-04  0.4039E-02  0.1625E-02  0.0000E+00  0.0000E+00
  0.9659E-02  0.2567E-05  0.2320E-03  0.1051E-02  0.0000E+00  0.0000E+00
  0.5200E-02  0.1529E-05  0.1950E-03  0.1617E-03  0.0000E+00  0.0000E+00
  0.1772E-03  0.5119E-02  0.1883E-02  0.2168E-02  0.0000E+00  0.0000E+00
  0.9334E-01  0.5622E-02  0.2177E-01  0.2208E-01  0.0000E+00  0.0000E+00
  0.3928E-02  0.9535E-02  0.1881E-02  0.7885E-02  0.0000E+00  0.0000E+00
  0.2014E-03  0.7416E-03  0.8127E-06  0.4460E-04  0.0000E+00  0.1682E-10
  0.1270E-01  0.5200E-02  0.2457E-03  0.3282E-03  0.0000E+00  0.0000E+00
  0.2100E-02  0.4223E-01  0.6037E-02  0.1583E-02  0.2788E-06  0.6378E-03
  0.1452E+00  0.8563E-03  0.2376E-02  0.8831E-01  0.0000E+00  0.0000E+00
  0.2038E-01  0.9719E-04  0.3096E-03  0.4625E-03  0.2756E-03  0.0000E+00
  0.7901E-03  0.4803E-02  0.2240E-02  0.5026E-02  0.0000E+00  0.0000E+00
  0.1049E-01  0.3481E-02  0.1384E-01  0.4495E-01  0.4998E-07  0.1639E-05
 Relative number of events:
  0.1434E-01  0.1792E-01  0.5376E-02  0.1075E-01  0.1792E-02  0.0000E+00
  0.1254E-01  0.1075E-01  0.1254E-01  0.5376E-02  0.1792E-02  0.0000E+00
  0.2330E-01  0.1792E-01  0.1613E-01  0.1075E-01  0.1792E-02  0.0000E+00
  0.1792E-01  0.1434E-01  0.2330E-01  0.1792E-01  0.0000E+00  0.0000E+00
  0.1613E-01  0.7168E-02  0.8961E-02  0.8961E-02  0.0000E+00  0.0000E+00
  0.1971E-01  0.8961E-02  0.8961E-02  0.1075E-01  0.0000E+00  0.0000E+00
  0.7168E-02  0.1434E-01  0.1971E-01  0.1613E-01  0.0000E+00  0.0000E+00
  0.1613E-01  0.3226E-01  0.1254E-01  0.1792E-01  0.0000E+00  0.0000E+00
  0.1254E-01  0.1254E-01  0.1254E-01  0.1075E-01  0.0000E+00  0.0000E+00
  0.7168E-02  0.8961E-02  0.7168E-02  0.1075E-01  0.0000E+00  0.1792E-02
  0.1613E-01  0.3584E-01  0.1434E-01  0.1075E-01  0.0000E+00  0.0000E+00
  0.1613E-01  0.2151E-01  0.1434E-01  0.2509E-01  0.3584E-02  0.1792E-02
  0.2151E-01  0.1075E-01  0.1434E-01  0.1971E-01  0.0000E+00  0.0000E+00
  0.1254E-01  0.1254E-01  0.1254E-01  0.7168E-02  0.1792E-02  0.0000E+00
  0.2151E-01  0.3047E-01  0.1434E-01  0.2330E-01  0.0000E+00  0.0000E+00
  0.2509E-01  0.1792E-01  0.2330E-01  0.2151E-01  0.1792E-02  0.1792E-02
 Events:
           8          10           3           6           1           0
           7           6           7           3           1           0
          13          10           9           6           1           0
          10           8          13          10           0           0
           9           4           5           5           0           0
          11           5           5           6           0           0
           4           8          11           9           0           0
           9          18           7          10           0           0
           7           7           7           6           0           0
           4           5           4           6           0           1
           9          20           8           6           0           0
           9          12           8          14           2           1
          12           6           8          11           0           0
           7           7           7           4           1           0
          12          17           8          13           0           0
          14          10          13          12           1           1
 Iteration  2   Mean: 0.4549E-14 Abs mean: 0.4549E-14   Fluctuation:  0.110E-14   0.190E-11     2.7%
  2    0.4549E-14 0.4549E-14 +- 0.1096E-14     10.77
 Relative summed weights:
  0.1147E-01  0.2296E-02  0.5839E-02  0.2166E-01  0.1354E-04  0.0000E+00
  0.2698E-02  0.3252E-01  0.2102E-01  0.1685E-02  0.0000E+00  0.0000E+00
  0.1014E-01  0.2857E-02  0.1159E-01  0.1362E-02  0.1614E-04  0.0000E+00
  0.1361E-01  0.9639E-02  0.1175E-01  0.5560E-02  0.0000E+00  0.0000E+00
  0.4843E-02  0.7628E-02  0.4562E-02  0.1294E-01  0.8666E-05  0.0000E+00
  0.1280E-01  0.4417E-02  0.4392E-03  0.1391E-02  0.0000E+00  0.0000E+00
  0.5239E-02  0.5727E-01  0.1823E-01  0.1570E-02  0.0000E+00  0.1525E-03
  0.4195E-02  0.1877E-01  0.9475E-02  0.4206E-01  0.0000E+00  0.1360E-03
  0.2140E-02  0.3553E-02  0.1903E-01  0.6368E-02  0.8376E-06  0.0000E+00
  0.9793E-02  0.2450E-02  0.3718E-02  0.3965E-02  0.2285E-03  0.0000E+00
  0.3084E-02  0.8987E-02  0.7890E-02  0.8221E-02  0.0000E+00  0.6892E-04
  0.2019E-01  0.4556E-02  0.1358E-01  0.6280E-02  0.0000E+00  0.0000E+00
  0.2560E-01  0.7495E-02  0.3830E-02  0.3227E-01  0.0000E+00  0.0000E+00
  0.1222E-01  0.9955E-02  0.8434E-02  0.9419E-01  0.1296E-02  0.0000E+00
  0.2788E-01  0.2222E-02  0.1991E-01  0.1427E-01  0.2650E-06  0.6028E-09
  0.1602E-01  0.5414E-02  0.2105E+00  0.1233E-01  0.1450E-03  0.1020E-04
 Relative number of events:
  0.1550E-01  0.1500E-01  0.1300E-01  0.1550E-01  0.5000E-03  0.0000E+00
  0.8500E-02  0.1450E-01  0.1200E-01  0.8000E-02  0.0000E+00  0.0000E+00
  0.2050E-01  0.1750E-01  0.1850E-01  0.1750E-01  0.1000E-02  0.0000E+00
  0.2600E-01  0.1900E-01  0.1300E-01  0.1800E-01  0.0000E+00  0.0000E+00
  0.1050E-01  0.1000E-01  0.1550E-01  0.1100E-01  0.5000E-03  0.0000E+00
  0.1100E-01  0.1300E-01  0.1150E-01  0.1050E-01  0.0000E+00  0.0000E+00
  0.1800E-01  0.1950E-01  0.1700E-01  0.1600E-01  0.0000E+00  0.1000E-02
  0.1800E-01  0.1850E-01  0.1850E-01  0.2200E-01  0.0000E+00  0.5000E-03
  0.1300E-01  0.9500E-02  0.1100E-01  0.1250E-01  0.1000E-02  0.0000E+00
  0.1050E-01  0.1000E-01  0.8500E-02  0.1100E-01  0.5000E-03  0.0000E+00
  0.1950E-01  0.1500E-01  0.1100E-01  0.1350E-01  0.0000E+00  0.1000E-02
  0.2800E-01  0.2150E-01  0.2200E-01  0.2500E-01  0.0000E+00  0.0000E+00
  0.1800E-01  0.1350E-01  0.1300E-01  0.1650E-01  0.0000E+00  0.0000E+00
  0.1150E-01  0.1450E-01  0.8500E-02  0.1100E-01  0.1000E-02  0.0000E+00
  0.2050E-01  0.1500E-01  0.1600E-01  0.1950E-01  0.5000E-03  0.5000E-03
  0.2200E-01  0.2350E-01  0.1650E-01  0.1750E-01  0.5000E-03  0.5000E-03
 Events:
          31          30          26          31           1           0
          17          29          24          16           0           0
          41          35          37          35           2           0
          52          38          26          36           0           0
          21          20          31          22           1           0
          22          26          23          21           0           0
          36          39          34          32           0           2
          36          37          37          44           0           1
          26          19          22          25           2           0
          21          20          17          22           1           0
          39          30          22          27           0           2
          56          43          44          50           0           0
          36          27          26          33           0           0
          23          29          17          22           2           0
          41          30          32          39           1           1
          44          47          33          35           1           1
 Iteration  3   Mean: 0.4569E-14 Abs mean: 0.4569E-14   Fluctuation:  0.369E-15   0.599E-12     4.1%
  3    0.4569E-14 0.4569E-14 +- 0.3693E-15      5.11
 Relative summed weights:
  0.2135E-01  0.3176E-01  0.1992E-02  0.3619E-01  0.0000E+00  0.5081E-04
  0.8061E-02  0.1192E-01  0.8052E-02  0.1631E-01  0.3647E-03  0.1115E-04
  0.1046E-01  0.1095E-01  0.6118E-02  0.6875E-02  0.0000E+00  0.0000E+00
  0.8927E-02  0.7265E-02  0.1727E-01  0.5763E-02  0.0000E+00  0.6407E-08
  0.1432E-01  0.2002E-01  0.1298E-01  0.9890E-02  0.0000E+00  0.4744E-05
  0.2211E-01  0.8469E-02  0.6020E-02  0.1490E-01  0.6480E-04  0.5545E-02
  0.2843E-01  0.1836E-01  0.1871E-01  0.5068E-02  0.4671E-04  0.0000E+00
  0.4681E-01  0.2491E-01  0.1152E-01  0.8193E-02  0.1364E-02  0.3028E-04
  0.1342E-01  0.5001E-01  0.4592E-02  0.1403E-01  0.0000E+00  0.1034E-04
  0.2452E-01  0.2954E-01  0.4066E-02  0.4589E-02  0.1152E-03  0.0000E+00
  0.1707E-01  0.2189E-01  0.6058E-02  0.1082E-01  0.0000E+00  0.2671E-05
  0.1398E-01  0.1357E-01  0.6831E-02  0.1432E-01  0.9406E-03  0.1387E-03
  0.7164E-02  0.3126E-01  0.2611E-01  0.4879E-02  0.1669E-03  0.0000E+00
  0.3635E-01  0.1834E-01  0.8458E-02  0.1228E-01  0.4858E-05  0.0000E+00
  0.1734E-01  0.1278E-01  0.1210E-01  0.1593E-01  0.6449E-06  0.1689E-04
  0.1921E-01  0.1326E-01  0.5893E-02  0.2041E-01  0.1960E-04  0.2521E-04
 Relative number of events:
  0.1275E-01  0.1400E-01  0.1025E-01  0.1125E-01  0.0000E+00  0.5000E-03
  0.1075E-01  0.1175E-01  0.8250E-02  0.1050E-01  0.5000E-03  0.5000E-03
  0.1625E-01  0.1800E-01  0.1600E-01  0.1625E-01  0.0000E+00  0.0000E+00
  0.2425E-01  0.2025E-01  0.1975E-01  0.1825E-01  0.0000E+00  0.2500E-03
  0.1575E-01  0.1350E-01  0.8750E-02  0.1175E-01  0.0000E+00  0.2500E-03
  0.1325E-01  0.1525E-01  0.1175E-01  0.9750E-02  0.2500E-03  0.5000E-03
  0.2000E-01  0.1925E-01  0.1500E-01  0.1650E-01  0.2500E-03  0.0000E+00
  0.2050E-01  0.2100E-01  0.2525E-01  0.1675E-01  0.2500E-03  0.1000E-02
  0.1525E-01  0.1550E-01  0.1025E-01  0.1250E-01  0.0000E+00  0.5000E-03
  0.1125E-01  0.1275E-01  0.8500E-02  0.8250E-02  0.5000E-03  0.0000E+00
  0.1625E-01  0.2000E-01  0.1875E-01  0.1425E-01  0.0000E+00  0.2500E-03
  0.2450E-01  0.1900E-01  0.1950E-01  0.2150E-01  0.7500E-03  0.1000E-02
  0.1300E-01  0.1350E-01  0.9250E-02  0.8750E-02  0.5000E-03  0.0000E+00
  0.1700E-01  0.1325E-01  0.9000E-02  0.1250E-01  0.2500E-03  0.0000E+00
  0.2300E-01  0.2000E-01  0.1325E-01  0.1550E-01  0.2500E-03  0.2500E-03
  0.2350E-01  0.2125E-01  0.1800E-01  0.1950E-01  0.5000E-03  0.2500E-03
 Events:
          51          56          41          45           0           2
          43          47          33          42           2           2
          65          72          64          65           0           0
          97          81          79          73           0           1
          63          54          35          47           0           1
          53          61          47          39           1           2
          80          77          60          66           1           0
          82          84         101          67           1           4
          61          62          41          50           0           2
          45          51          34          33           2           0
          65          80          75          57           0           1
          98          76          78          86           3           4
          52          54          37          35           2           0
          68          53          36          50           1           0
          92          80          53          62           1           1
          94          85          72          78           2           1
 Accuracy:    0.059   0.100   0.074   0.645
 Finished due to accuracy    5.9378332847358252E-002  0.10000000000000001     

 -------------------------------------------------------------------------------
 Accumulated results:   Integral =  0.4465E-14
                        Std dev  =  0.3301E-15
                       Cross sec =  0.4465E-14
             Chi**2 per DoF.     =      0.6449
 -------------------------------------------------------------------------------
 Found         1352  events.
 Wrote           37  events.
 Actual xsec    4.4649555375172022E-015
 Correct abs xsec    4.4649555375172022E-015
 Event xsec    4.4649555375172030E-015
 Events wgts > 1:            1
 % Cross section > 1:    6.8024525235790616E-018  0.15235207756092584     
-------------------------------------------------
---------------------------
 Results Last   3 iters: Integral =   0.4465E-14
                     Abs integral =   0.4465E-14
                          Std dev =   0.3301E-15
                  Chi**2 per DoF. =      1.2973
-------------------------------------------------
---------------------------
 Status  0.10000000000000001                4           5

ls status:
events.lhe
ftn26
input_app.txt
results.dat
run1_app.log
