 Process in group number            1
 A PDF is used, so alpha_s(MZ) is going to be modified
 Old value of alpha_s from param_card:   0.11839999999999999     
  ****************************************
 
       NNPDFDriver version 1.0.3
   Grid: NNPDF23_lo_as_0130_qed_mem0.grid
  ****************************************
 New value of alpha_s from PDF nn23lo1:  0.13000000000000000     
 Define smin to   1600.0000000000000     
 Define smin to   1600.0000000000000     
 Define smin to   1600.0000000000000     
 *****************************************************
 *               MadGraph/MadEvent                   *
 *        --------------------------------           *
 *          http://madgraph.hep.uiuc.edu             *
 *          http://madgraph.phys.ucl.ac.be           *
 *          http://madgraph.roma2.infn.it            *
 *        --------------------------------           *
 *                                                   *
 *          PARAMETER AND COUPLING VALUES            *
 *                                                   *
 *****************************************************

  External Params
  ---------------------------------
  
 mdl_VeN1 =    1.0000000000000000     
 mdl_VeN2 =    0.0000000000000000     
 mdl_VeN3 =    0.0000000000000000     
 mdl_VmuN1 =    0.0000000000000000     
 mdl_VmuN2 =    1.0000000000000000     
 mdl_VmuN3 =    0.0000000000000000     
 mdl_VtaN1 =    0.0000000000000000     
 mdl_VtaN2 =    0.0000000000000000     
 mdl_VtaN3 =    1.0000000000000000     
 mdl_VN1N1 =    1.0000000000000000     
 mdl_VN1N2 =    1.0000000000000000     
 mdl_VN1N3 =    1.0000000000000000     
 mdl_VN2N2 =    1.0000000000000000     
 mdl_VN2N3 =    1.0000000000000000     
 mdl_VN3N3 =    1.0000000000000000     
 aEWM1 =    127.90000000000001     
 mdl_Gf =    1.1663700000000000E-005
 aS =   0.11839999999999999     
 mdl_ymt =    172.00000000000000     
 mdl_vevf =    50.000000000000000     
 mdl_MZ =    91.187600000000003     
 mdl_MT =    172.00000000000000     
 mdl_MH =    125.00000000000000     
 mdl_mN1 =    2000.0000000000000     
 mdl_mN2 =    2100.0000000000000     
 mdl_mN3 =    2200.0000000000000     
 mdl_MJ =    91.187600000000003     
 mdl_MAx =    173.04800000000000     
 mdl_WZ =    2.4952000000000001     
 mdl_WW =    2.0850000000000000     
 mdl_WT =    1.5083359999999999     
 mdl_WH =    4.0699999999999998E-003
 mdl_WN1 =   0.30299999999999999     
 mdl_WN2 =    1.5000000000000000     
 mdl_WN3 =    12.300000000000001     
 mdl_WJ =    2.4952000000000001     
 mdl_WAx =    4.1700000000000001E-003
  Internal Params
  ---------------------------------
  
 mdl_vevf__exp__2 =    2500.0000000000000     
 mdl_sqrt__vevf__exp__2 =    50.000000000000000     
 mdl_muJ =    50.000000000000000     
 mdl_MZ__exp__2 =    8315.1783937600012     
 mdl_MZ__exp__4 =    69142191.720053151     
 mdl_sqrt__2 =    1.4142135623730951     
 mdl_MJ__exp__2 =    8315.1783937600012     
 mdl_muJ__exp__2 =    2500.0000000000000     
 mdl_lamJ =    4.3260713575040004     
 mdl_MH__exp__2 =    15625.000000000000     
 mdl_complexi =  (  0.0000000000000000     ,  1.0000000000000000     )
 mdl_aEW =    7.8186082877247844E-003
 mdl_MW =    79.824359746197842     
 mdl_sqrt__aEW =    8.8422894590285753E-002
 mdl_ee =   0.31345100004952897     
 mdl_MW__exp__2 =    6371.9284088904105     
 mdl_sw2 =   0.23369913342182447     
 mdl_cw =   0.87538612427783857     
 mdl_sqrt__sw2 =   0.48342438232036300     
 mdl_sw =   0.48342438232036300     
 mdl_g1 =   0.35807170271074895     
 mdl_gN =   0.64839716719502682     
 mdl_gw =   0.64839716719502682     
 mdl_vev =    246.22056907348590     
 mdl_vev__exp__2 =    60624.568634871241     
 mdl_lam =   0.12886689630821144     
 mdl_yt =   0.98791394091683138     
 mdl_muH =    88.388347648318444     
 mdl_I2a33 =  ( 0.98791394091683138     ,  0.0000000000000000     )
 mdl_I3a33 =  ( 0.98791394091683138     ,  0.0000000000000000     )
 mdl_ee__exp__2 =    9.8251529432049817E-002
 mdl_sw__exp__2 =   0.23369913342182450     
 mdl_cw__exp__2 =   0.76630086657817542     
  Internal Params evaluated point by point
  ----------------------------------------
  
 mdl_sqrt__aS =   0.34409301068170506     
 mdl_G__exp__2 =    1.4878582807401259     
  Couplings of SM_HeavyN_UFO
  ---------------------------------
  
         GC_1 =  -0.00000E+00  -0.10448E+00
         GC_2 =   0.00000E+00   0.20897E+00
         GC_3 =  -0.00000E+00  -0.31345E+00
         GC_4 =   0.00000E+00   0.31345E+00
        GC_26 =   0.00000E+00   0.45849E+00
        GC_27 =  -0.00000E+00  -0.28380E+00
        GC_28 =   0.00000E+00   0.28380E+00
        GC_30 =   0.00000E+00   0.56760E+00
        GC_35 =  -0.00000E+00  -0.28850E-01
        GC_37 =   0.00000E+00   0.17310E+00
        GC_39 =   0.00000E+00  -0.19725E+00
        GC_40 =   0.00000E+00   0.37035E+00
        GC_80 =   0.00000E+00   0.67543E+02
       GC_107 =  -0.00000E+00  -0.74070E+00
       GC_109 =  -0.00000E+00  -0.74070E+00
       GC_111 =  -0.00000E+00  -0.74070E+00
       GC_113 =  -0.00000E+00  -0.74070E+00
       GC_115 =  -0.00000E+00  -0.74070E+00
       GC_117 =  -0.00000E+00  -0.74070E+00
       GC_119 =   0.00000E+00   0.00000E+00
       GC_120 =   0.00000E+00   0.00000E+00
       GC_122 =  -0.00000E+00  -0.00000E+00
       GC_126 =   0.00000E+00   0.00000E+00
       GC_127 =   0.00000E+00   0.00000E+00
       GC_129 =  -0.00000E+00  -0.00000E+00
       GC_133 =   0.00000E+00   0.45849E+00
       GC_134 =   0.00000E+00   0.37035E+00
       GC_136 =  -0.00000E+00  -0.89351E+01
        GC_81 =   0.40000E+02   0.00000E+00
        GC_82 =   0.42000E+02   0.00000E+00
        GC_83 =   0.44000E+02   0.00000E+00

 Collider parameters:
 --------------------

 Running at P P   machine @    13000.000000000000       GeV
 PDF set = nn23lo1
 alpha_s(Mz)= 0.1300 running at 2 loops.
 alpha_s(Mz)= 0.1300 running at 2 loops.
 Renormalization scale set on event-by-event basis
 Factorization   scale set on event-by-event basis


 getting user params
Enter number of events and max and min iterations: 
 Number of events and iterations         1000           5           3
Enter desired fractional accuracy: 
 Desired fractional accuracy:   0.10000000000000001     
Enter 0 for fixed, 2 for adjustable grid: 
Suppress amplitude (0 no, 1 yes)? 
 Using suppressed amplitude.
Exact helicity sum (0 yes, n = number/event)? 
 Explicitly summing over helicities
Enter Configuration Number: 
Running Configuration Number:  342
 Using dconfig=         611
 BW Setting            2           2           1           1           1           2           0
 Attempting mappinvarients           1           9
 Completed mapping           9
 about to integrate           19        1000           5           3          19           1
 Using non-zero grid deformation.
 19 dimensions   1000 events 19 invarients  5 iterations  1 config(s),  (0.99)
 Using h-tuple random number sequence.
 Error opening grid
 Using Uniform Grid!          36
 Using uniform alpha   1.0000000000000000     
 Grid defined OK
 Set CM energy to      13000.00
 Mapping Graph         342  to config         342
Setting grid   1    0.75740E-07   1
Setting grid   2    0.59172E-08   1
 Setting BW          -3           3   79.824359746197842     
 Setting BW          -4           4   2200.0000000000000     
 Setting BW          -5           5   2200.0000000000000     
Setting grid   6    0.29417E-01   1
 Transforming s_hat 1/s           18   2.9417199962093264E-002   1600.0000000000000        168999999.99999997     
 342   1   2   3   4   5   6   7   8   9  10  11  12  13  14
  15  16  17  18  19
 Masses: 0.000E+00 0.000E+00 0.000E+00 0.000E+00 0.000E+00 0.000E+00 0.000E+00 0.000E+00 0.912E+02
Using random seed offsets   342 :      1
  with seed                   24
 Ranmar initialization seeds          72        9398
 
 ********************************************
 * You are using the DiscreteSampler module *
 *      part of the MG5_aMC framework       *
 *         Author: Valentin Hirschi         *
 ********************************************
 
  Particle       3       4       5       6       7       8       9
      Et >    10.0    10.0    10.0    10.0     0.0     0.0     0.0
       E >     0.0     0.0     0.0     0.0     0.0     0.0     0.0
     Eta <     2.5     2.5     2.5     2.5    -1.0    -1.0    -1.0
   xqcut:      0.0     0.0     0.0     0.0     0.0     0.0     0.0
d R # 3  >    -0.0     0.4     0.4     0.4     0.0     0.0     0.0
d R # 4  >    -0.0    -0.0     0.4     0.4     0.0     0.0     0.0
d R # 5  >    -0.0    -0.0    -0.0     0.4     0.0     0.0     0.0
d R # 6  >    -0.0    -0.0    -0.0    -0.0     0.0     0.0     0.0
d R # 7  >    -0.0    -0.0    -0.0    -0.0    -0.0     0.0     0.0
d R # 8  >    -0.0    -0.0    -0.0    -0.0    -0.0    -0.0     0.0
s min # 3>     0.0     0.0     0.0     0.0     0.0     0.0     0.0
s min # 4>     0.0     0.0     0.0     0.0     0.0     0.0     0.0
s min # 5>     0.0     0.0     0.0     0.0     0.0     0.0     0.0
s min # 6>     0.0     0.0     0.0     0.0     0.0     0.0     0.0
s min # 7>     0.0     0.0     0.0     0.0     0.0     0.0     0.0
s min # 8>     0.0     0.0     0.0     0.0     0.0     0.0     0.0
xqcutij # 3>     0.0     0.0     0.0     0.0     0.0     0.0     0.0
xqcutij # 4>     0.0     0.0     0.0     0.0     0.0     0.0     0.0
xqcutij # 5>     0.0     0.0     0.0     0.0     0.0     0.0     0.0
xqcutij # 6>     0.0     0.0     0.0     0.0     0.0     0.0     0.0
xqcutij # 7>     0.0     0.0     0.0     0.0     0.0     0.0     0.0
xqcutij # 8>     0.0     0.0     0.0     0.0     0.0     0.0     0.0
 Excluding BW           -1           1
 Excluding BW           -2           2
 Requiring BW           -3           3
 Requiring BW           -4           4
 Requiring BW           -5           5
 Excluding BW           -6           6
 alpha_s for scale    3047.0887461573234       is    8.2304106624912041E-002
 Added good helicity            1   12.880024135230858       in event            1 local:           1
 Added good helicity           21   2.2084200144455103E-004  in event            1 local:           1
 Added good helicity           25  0.43320607672632400       in event            1 local:           1
 Added good helicity           37   9.8687792466776985E-007  in event            1 local:           1
 Added good helicity           41   7.6076604579456104       in event            1 local:           1
 Added good helicity           61   2.6141115233666913E-004  in event            1 local:           1
 Added good helicity          193   135.36493326404664       in event            1 local:           1
 Added good helicity          213   1.0224936406383436E-005  in event            1 local:           1
 Added good helicity          217   3.9458919174000719       in event            1 local:           1
 Added good helicity          229   8.1031455888304630E-008  in event            1 local:           1
 Added good helicity          233   95.767778286874943       in event            1 local:           1
 Added good helicity          253   1.2315775959111659E-005  in event            1 local:           1
 Added good helicity            1   12.880024135234146       in event            1 local:           1
 Added good helicity           21   2.2084200144456738E-004  in event            1 local:           1
 Added good helicity           25  0.43320607672635586       in event            1 local:           1
 Added good helicity           37   9.8687792466784609E-007  in event            1 local:           1
 Added good helicity           41   7.6076604579470084       in event            1 local:           1
 Added good helicity           61   2.6141115233668599E-004  in event            1 local:           1
 Added good helicity          193   135.36493326404889       in event            1 local:           1
 Added good helicity          213   1.0224936406382977E-005  in event            1 local:           1
 Added good helicity          217   3.9458919174004010       in event            1 local:           1
 Added good helicity          229   8.1031455888313378E-008  in event            1 local:           1
 Added good helicity          233   95.767778286867653       in event            1 local:           1
 Added good helicity          253   1.2315775959114725E-005  in event            1 local:           1
 RESET CUMULATIVE VARIABLE
 RESET CUMULATIVE VARIABLE
 DiscreteSampler:: WARNING, the bin '16' of dimension 'grouped_processes' will be used for reference even though it has been probed only 7 times (minimum requested is 10 times).
 DiscreteSampler:: WARNING, the bin '17' of dimension 'grouped_processes' will be used for reference even though it has been probed only 7 times (minimum requested is 10 times).
 DiscreteSampler:: WARNING, the bin '19' of dimension 'grouped_processes' will be used for reference even though it has been probed only 7 times (minimum requested is 10 times).
 DiscreteSampler:: WARNING, the bin '20' of dimension 'grouped_processes' will be used for reference even though it has been probed only 7 times (minimum requested is 10 times).
 DiscreteSampler:: WARNING, the bin '22' of dimension 'grouped_processes' will be used for reference even though it has been probed only 7 times (minimum requested is 10 times).
 DiscreteSampler:: WARNING, the bin '23' of dimension 'grouped_processes' will be used for reference even though it has been probed only 7 times (minimum requested is 10 times).
 DiscreteSampler:: WARNING, the bin '28' of dimension 'grouped_processes' will be used for reference even though it has been probed only 7 times (minimum requested is 10 times).
 DiscreteSampler:: WARNING, the bin '29' of dimension 'grouped_processes' will be used for reference even though it has been probed only 7 times (minimum requested is 10 times).
 DiscreteSampler:: WARNING, the bin '31' of dimension 'grouped_processes' will be used for reference even though it has been probed only 7 times (minimum requested is 10 times).
 DiscreteSampler:: WARNING, the bin '32' of dimension 'grouped_processes' will be used for reference even though it has been probed only 7 times (minimum requested is 10 times).
 DiscreteSampler:: WARNING, the bin '34' of dimension 'grouped_processes' will be used for reference even though it has been probed only 7 times (minimum requested is 10 times).
 DiscreteSampler:: WARNING, the bin '35' of dimension 'grouped_processes' will be used for reference even though it has been probed only 7 times (minimum requested is 10 times).
 DiscreteSampler:: WARNING, the bin '40' of dimension 'grouped_processes' will be used for reference even though it has been probed only 7 times (minimum requested is 10 times).
 DiscreteSampler:: WARNING, the bin '41' of dimension 'grouped_processes' will be used for reference even though it has been probed only 7 times (minimum requested is 10 times).
 DiscreteSampler:: WARNING, the bin '43' of dimension 'grouped_processes' will be used for reference even though it has been probed only 7 times (minimum requested is 10 times).
 DiscreteSampler:: WARNING, the bin '44' of dimension 'grouped_processes' will be used for reference even though it has been probed only 7 times (minimum requested is 10 times).
 DiscreteSampler:: WARNING, the bin '46' of dimension 'grouped_processes' will be used for reference even though it has been probed only 7 times (minimum requested is 10 times).
 DiscreteSampler:: WARNING, the bin '47' of dimension 'grouped_processes' will be used for reference even though it has been probed only 7 times (minimum requested is 10 times).
 DiscreteSampler:: WARNING, the bin '52' of dimension 'grouped_processes' will be used for reference even though it has been probed only 7 times (minimum requested is 10 times).
 DiscreteSampler:: WARNING, the bin '53' of dimension 'grouped_processes' will be used for reference even though it has been probed only 7 times (minimum requested is 10 times).
 DiscreteSampler:: WARNING, the bin '55' of dimension 'grouped_processes' will be used for reference even though it has been probed only 7 times (minimum requested is 10 times).
 DiscreteSampler:: WARNING, the bin '56' of dimension 'grouped_processes' will be used for reference even though it has been probed only 7 times (minimum requested is 10 times).
 DiscreteSampler:: WARNING, the bin '58' of dimension 'grouped_processes' will be used for reference even though it has been probed only 7 times (minimum requested is 10 times).
 DiscreteSampler:: WARNING, the bin '59' of dimension 'grouped_processes' will be used for reference even though it has been probed only 7 times (minimum requested is 10 times).
 DiscreteSampler:: WARNING, the bin '64' of dimension 'grouped_processes' will be used for reference even though it has been probed only 7 times (minimum requested is 10 times).
 DiscreteSampler:: WARNING, the bin '65' of dimension 'grouped_processes' will be used for reference even though it has been probed only 7 times (minimum requested is 10 times).
 DiscreteSampler:: WARNING, the bin '67' of dimension 'grouped_processes' will be used for reference even though it has been probed only 7 times (minimum requested is 10 times).
 DiscreteSampler:: WARNING, the bin '68' of dimension 'grouped_processes' will be used for reference even though it has been probed only 7 times (minimum requested is 10 times).
 DiscreteSampler:: WARNING, the bin '70' of dimension 'grouped_processes' will be used for reference even though it has been probed only 7 times (minimum requested is 10 times).
 DiscreteSampler:: WARNING, the bin '71' of dimension 'grouped_processes' will be used for reference even though it has been probed only 7 times (minimum requested is 10 times).
 DiscreteSampler:: WARNING, the bin '76' of dimension 'grouped_processes' will be used for reference even though it has been probed only 7 times (minimum requested is 10 times).
 DiscreteSampler:: WARNING, the bin '77' of dimension 'grouped_processes' will be used for reference even though it has been probed only 7 times (minimum requested is 10 times).
 DiscreteSampler:: WARNING, the bin '79' of dimension 'grouped_processes' will be used for reference even though it has been probed only 7 times (minimum requested is 10 times).
 DiscreteSampler:: WARNING, the bin '80' of dimension 'grouped_processes' will be used for reference even though it has been probed only 7 times (minimum requested is 10 times).
 DiscreteSampler:: WARNING, the bin '82' of dimension 'grouped_processes' will be used for reference even though it has been probed only 7 times (minimum requested is 10 times).
 DiscreteSampler:: WARNING, the bin '83' of dimension 'grouped_processes' will be used for reference even though it has been probed only 7 times (minimum requested is 10 times).
 DiscreteSampler:: WARNING, the bin '88' of dimension 'grouped_processes' will be used for reference even though it has been probed only 7 times (minimum requested is 10 times).
 DiscreteSampler:: WARNING, the bin '89' of dimension 'grouped_processes' will be used for reference even though it has been probed only 7 times (minimum requested is 10 times).
 DiscreteSampler:: WARNING, the bin '91' of dimension 'grouped_processes' will be used for reference even though it has been probed only 7 times (minimum requested is 10 times).
 DiscreteSampler:: WARNING, the bin '92' of dimension 'grouped_processes' will be used for reference even though it has been probed only 7 times (minimum requested is 10 times).
 DiscreteSampler:: WARNING, the bin '94' of dimension 'grouped_processes' will be used for reference even though it has been probed only 7 times (minimum requested is 10 times).
 DiscreteSampler:: WARNING, the bin '95' of dimension 'grouped_processes' will be used for reference even though it has been probed only 7 times (minimum requested is 10 times).
 DiscreteSampler:: WARNING, the bin '100' of dimension 'grouped_processes' will be used for reference even though it has been probed only 7 times (minimum requested is 10 times).
 DiscreteSampler:: WARNING, the bin '101' of dimension 'grouped_processes' will be used for reference even though it has been probed only 7 times (minimum requested is 10 times).
 DiscreteSampler:: WARNING, the bin '103' of dimension 'grouped_processes' will be used for reference even though it has been probed only 7 times (minimum requested is 10 times).
 DiscreteSampler:: WARNING, the bin '104' of dimension 'grouped_processes' will be used for reference even though it has been probed only 7 times (minimum requested is 10 times).
 DiscreteSampler:: WARNING, the bin '106' of dimension 'grouped_processes' will be used for reference even though it has been probed only 7 times (minimum requested is 10 times).
 DiscreteSampler:: WARNING, the bin '107' of dimension 'grouped_processes' will be used for reference even though it has been probed only 7 times (minimum requested is 10 times).
 Iteration  1   Mean: 0.6772E-20 Abs mean: 0.6772E-20   Fluctuation:  0.430E-20   0.232E-19     0.0%
  1    0.6772E-20 0.6772E-20 +- 0.4302E-20      1.56
 Writing out events   2.7086634090365689E-022   1.5561646918712622     
 Relative summed weights:
  0.7553E-06  0.1319E-05  0.0000E+00  0.1266E+00  0.0000E+00  0.0000E+00
  0.0000E+00  0.0000E+00  0.0000E+00  0.0000E+00  0.0000E+00  0.0000E+00
  0.0000E+00  0.0000E+00  0.0000E+00  0.0000E+00  0.0000E+00  0.0000E+00
  0.0000E+00  0.0000E+00  0.0000E+00  0.0000E+00  0.0000E+00  0.0000E+00
  0.0000E+00  0.0000E+00  0.0000E+00  0.0000E+00  0.0000E+00  0.0000E+00
  0.1772E+00  0.1644E+00  0.0000E+00  0.0000E+00  0.0000E+00  0.0000E+00
  0.0000E+00  0.3352E-01  0.0000E+00  0.0000E+00  0.0000E+00  0.0000E+00
  0.0000E+00  0.0000E+00  0.4984E+00  0.0000E+00  0.0000E+00  0.0000E+00
 Relative number of events:
  0.1429E+00  0.1429E+00  0.0000E+00  0.1429E+00  0.0000E+00  0.0000E+00
  0.0000E+00  0.0000E+00  0.0000E+00  0.0000E+00  0.0000E+00  0.0000E+00
  0.0000E+00  0.0000E+00  0.0000E+00  0.0000E+00  0.0000E+00  0.0000E+00
  0.0000E+00  0.0000E+00  0.0000E+00  0.0000E+00  0.0000E+00  0.0000E+00
  0.0000E+00  0.0000E+00  0.0000E+00  0.0000E+00  0.0000E+00  0.0000E+00
  0.1429E+00  0.1429E+00  0.0000E+00  0.0000E+00  0.0000E+00  0.0000E+00
  0.0000E+00  0.1429E+00  0.0000E+00  0.0000E+00  0.0000E+00  0.0000E+00
  0.0000E+00  0.0000E+00  0.1429E+00  0.0000E+00  0.0000E+00  0.0000E+00
 Events:
           1           1           0           1           0           0
           0           0           0           0           0           0
           0           0           0           0           0           0
           0           0           0           0           0           0
           0           0           0           0           0           0
           1           1           0           0           0           0
           0           1           0           0           0           0
           0           0           1           0           0           0
 Iteration  2   Mean: 0.4542E-23 Abs mean: 0.4542E-23   Fluctuation:  0.220E-23   0.332E-20     0.7%
  2    0.4542E-23 0.4542E-23 +- 0.2204E-23     21.70
 Relative summed weights:
  0.4585E-03  0.3423E-02  0.2111E-05  0.1222E-04  0.3222E-12  0.9962E-10
  0.3621E-02  0.3030E-04  0.3259E-02  0.4703E-01  0.0000E+00  0.0000E+00
  0.4609E-04  0.2243E+00  0.3038E-01  0.6383E-03  0.0000E+00  0.0000E+00
  0.8112E-05  0.7478E-03  0.2620E-01  0.3660E+00  0.0000E+00  0.1646E-23
  0.9201E-03  0.3627E-02  0.8464E-04  0.3322E-02  0.0000E+00  0.4299E-05
  0.3814E-01  0.2050E-03  0.1382E-03  0.2160E+00  0.0000E+00  0.1004E-15
  0.6067E-02  0.3353E-02  0.4669E-04  0.7603E-03  0.0000E+00  0.0000E+00
  0.1082E-01  0.6645E-02  0.3528E-02  0.2216E-03  0.6522E-12  0.0000E+00
 Relative number of events:
  0.4950E-01  0.5650E-01  0.4100E-01  0.2950E-01  0.1000E-02  0.5000E-03
  0.1500E-01  0.1800E-01  0.1600E-01  0.1800E-01  0.0000E+00  0.0000E+00
  0.5300E-01  0.6350E-01  0.3650E-01  0.3400E-01  0.0000E+00  0.0000E+00
  0.1700E-01  0.1500E-01  0.1300E-01  0.2050E-01  0.0000E+00  0.5000E-03
  0.5500E-01  0.4450E-01  0.2850E-01  0.3550E-01  0.0000E+00  0.1000E-02
  0.4600E-01  0.5400E-01  0.4700E-01  0.4700E-01  0.0000E+00  0.5000E-03
  0.2100E-01  0.2200E-01  0.1600E-01  0.1600E-01  0.0000E+00  0.0000E+00
  0.1500E-01  0.1750E-01  0.1950E-01  0.1550E-01  0.5000E-03  0.0000E+00
 Events:
          99         113          82          59           2           1
          30          36          32          36           0           0
         106         127          73          68           0           0
          34          30          26          41           0           1
         110          89          57          71           0           2
          92         108          94          94           0           1
          42          44          32          32           0           0
          30          35          39          31           1           0
 Iteration  3   Mean: 0.4165E-19 Abs mean: 0.4165E-19   Fluctuation:  0.306E-19   0.107E-15     2.5%
  3    0.4165E-19 0.4165E-19 +- 0.3056E-19     46.40
 Relative summed weights:
  0.6088E-04  0.2050E-04  0.2448E-06  0.8621E-05  0.1521E-13  0.4581E-11
  0.1039E-05  0.3598E+00  0.1614E-04  0.3383E-05  0.0000E+00  0.0000E+00
  0.5472E-06  0.6520E-04  0.3272E-06  0.1529E-03  0.0000E+00  0.2026E-12
  0.3756E-06  0.1247E-03  0.1144E-04  0.1010E-05  0.4449E-14  0.2152E-14
  0.1387E-05  0.8257E-07  0.3839E-06  0.5964E-04  0.1938E-15  0.1059E-14
  0.1022E-04  0.1121E-05  0.1854E-06  0.2235E-06  0.4206E-11  0.2035E-16
  0.9023E-06  0.1478E-03  0.1571E-06  0.8128E-06  0.0000E+00  0.0000E+00
  0.1481E-04  0.6394E+00  0.4699E-05  0.7324E-04  0.0000E+00  0.0000E+00
 Relative number of events:
  0.4975E-01  0.4850E-01  0.3625E-01  0.3625E-01  0.2500E-03  0.2500E-03
  0.2325E-01  0.1925E-01  0.1325E-01  0.1675E-01  0.0000E+00  0.0000E+00
  0.4925E-01  0.5625E-01  0.3600E-01  0.3675E-01  0.0000E+00  0.1000E-02
  0.1800E-01  0.2275E-01  0.1325E-01  0.1750E-01  0.2500E-03  0.2500E-03
  0.4500E-01  0.4850E-01  0.4025E-01  0.3675E-01  0.2500E-03  0.2500E-03
  0.4825E-01  0.5325E-01  0.3700E-01  0.3450E-01  0.7500E-03  0.2500E-03
  0.2250E-01  0.2450E-01  0.1775E-01  0.1725E-01  0.0000E+00  0.0000E+00
  0.2475E-01  0.2225E-01  0.1750E-01  0.1350E-01  0.0000E+00  0.0000E+00
 Events:
         199         194         145         145           1           1
          93          77          53          67           0           0
         197         225         144         147           0           4
          72          91          53          70           1           1
         180         194         161         147           1           1
         193         213         148         138           3           1
          90          98          71          69           0           0
          99          89          70          54           0           0
 Accuracy:    1.056   0.100   0.341   9.568
 Found          263  events.
 Wrote            2  events.
 Actual xsec    1.0970011568662119E-020
 Correct abs xsec    1.0970011568662119E-020
 Event xsec    1.0970011568662119E-020
 Events wgts > 1:            0
 % Cross section > 1:    0.0000000000000000        0.0000000000000000     
 Iteration  4   Mean: 0.4385E-22 Abs mean: 0.4385E-22   Fluctuation:  0.194E-22   0.139E-18     3.6%
  4    0.4385E-22 0.4385E-22 +- 0.1944E-22     39.65
 Relative summed weights:
  0.1976E-02  0.2780E-01  0.4020E-02  0.7887E-03  0.3451E-10  0.3160E-07
  0.1357E-01  0.4040E+00  0.2550E-02  0.2150E-02  0.2402E-10  0.4354E-12
  0.1053E-02  0.1127E-01  0.4219E-03  0.2470E-02  0.4810E-12  0.1169E-07
  0.3527E-02  0.1351E-01  0.1152E-01  0.6495E-02  0.0000E+00  0.9777E-07
  0.6108E-03  0.1344E-01  0.1174E-03  0.2460E-01  0.4005E-08  0.0000E+00
  0.4157E-01  0.1112E-02  0.2058E-04  0.4727E-02  0.7573E-01  0.4972E-11
  0.1328E-02  0.2547E-01  0.5205E-04  0.9563E-02  0.1701E-12  0.1886E-09
  0.2996E-02  0.2897E+00  0.1701E-02  0.1460E-03  0.4933E-12  0.7956E-10
 Relative number of events:
  0.5025E-01  0.5937E-01  0.3363E-01  0.3712E-01  0.5000E-03  0.3750E-03
  0.1787E-01  0.2125E-01  0.1600E-01  0.1663E-01  0.1250E-03  0.2500E-03
  0.5362E-01  0.5137E-01  0.3375E-01  0.3637E-01  0.1250E-03  0.2500E-03
  0.2187E-01  0.2312E-01  0.1537E-01  0.1625E-01  0.0000E+00  0.2500E-03
  0.5412E-01  0.5325E-01  0.3388E-01  0.3500E-01  0.5000E-03  0.0000E+00
  0.5125E-01  0.5287E-01  0.3800E-01  0.3325E-01  0.3750E-03  0.2500E-03
  0.2063E-01  0.2113E-01  0.1388E-01  0.1475E-01  0.1250E-03  0.1250E-03
  0.2038E-01  0.1925E-01  0.1675E-01  0.1425E-01  0.1250E-03  0.1250E-03
 Events:
         402         475         269         297           4           3
         143         170         128         133           1           2
         429         411         270         291           1           2
         175         185         123         130           0           2
         433         426         271         280           4           0
         410         423         304         266           3           2
         165         169         111         118           1           1
         163         154         134         114           1           1
 Accuracy:    1.172   0.100   0.270  18.772
 Found           15  events.
 Wrote            2  events.
 Actual xsec    6.9332159985634780E-021
 Correct abs xsec    6.9332159985634780E-021
 Event xsec    6.9332159985634780E-021
 Events wgts > 1:            0
 % Cross section > 1:    0.0000000000000000        0.0000000000000000     
 Iteration  5   Mean: 0.2236E-20 Abs mean: 0.2236E-20   Fluctuation:  0.125E-20   0.187E-16     3.1%
  5    0.2236E-20 0.2236E-20 +- 0.1246E-20     70.51
 Relative summed weights:
  0.2623E-02  0.7129E-03  0.3226E-03  0.8739E-02  0.1065E-08  0.6327E-09
  0.4812E-02  0.5667E-02  0.4209E-02  0.3103E-02  0.2886E-08  0.0000E+00
  0.1116E-02  0.2698E-02  0.8212E-03  0.1677E-01  0.2600E-10  0.1261E-08
  0.1331E+00  0.4059E-03  0.9274E-03  0.3309E-03  0.0000E+00  0.6454E-05
  0.1375E-02  0.3587E-03  0.6402E-01  0.7239E-02  0.9000E-10  0.0000E+00
  0.1951E-02  0.5250E+00  0.1076E-03  0.4500E-03  0.1190E-09  0.2341E-09
  0.6185E-03  0.1031E-02  0.3326E-03  0.3282E-02  0.6541E-06  0.0000E+00
  0.6601E-01  0.5741E-02  0.1251E+00  0.1105E-01  0.0000E+00  0.5429E-06
 Relative number of events:
  0.5169E-01  0.5013E-01  0.3612E-01  0.3575E-01  0.2500E-03  0.3750E-03
  0.1988E-01  0.2219E-01  0.1562E-01  0.1700E-01  0.6250E-04  0.0000E+00
  0.5156E-01  0.5325E-01  0.3550E-01  0.3731E-01  0.1250E-03  0.3750E-03
  0.2194E-01  0.1994E-01  0.1719E-01  0.1688E-01  0.0000E+00  0.1875E-03
  0.5013E-01  0.5269E-01  0.3587E-01  0.3894E-01  0.3125E-03  0.0000E+00
  0.5200E-01  0.5044E-01  0.3275E-01  0.4025E-01  0.4375E-03  0.3750E-03
  0.2031E-01  0.1944E-01  0.1512E-01  0.1569E-01  0.1250E-03  0.0000E+00
  0.1975E-01  0.2181E-01  0.1469E-01  0.1531E-01  0.0000E+00  0.2500E-03
 Events:
         827         802         578         572           4           6
         318         355         250         272           1           0
         825         852         568         597           2           6
         351         319         275         270           0           3
         802         843         574         623           5           0
         832         807         524         644           7           6
         325         311         242         251           2           0
         316         349         235         245           0           4
 Accuracy:    1.059   0.100   0.243  18.943
 Found         1103  events.
 Wrote            1  events.
 Actual xsec    8.3424025239033457E-021
 Correct abs xsec    8.3424025239033457E-021
 Event xsec    8.3424025239033457E-021
 Events wgts > 1:            1
 % Cross section > 1:    2.5240901565715230E-028   3.0256154019651891E-006

 -------------------------------------------------------------------------------
 Accumulated results:   Integral =  0.6015E-20
                        Std dev  =  0.1463E-20
                       Cross sec =  0.6015E-20
             Chi**2 per DoF.     =     18.9426
 -------------------------------------------------------------------------------
-------------------------------------------------
---------------------------
 Results Last   3 iters: Integral =   0.8342E-20
                     Abs integral =   0.8342E-20
                          Std dev =   0.2617E-20
                  Chi**2 per DoF. =  91140.3917
-------------------------------------------------
---------------------------
 Status  0.10000000000000001                6           5

ls status:
events.lhe
ftn26
input_app.txt
results.dat
run1_app.log
