 Process in group number            1
 A PDF is used, so alpha_s(MZ) is going to be modified
 Old value of alpha_s from param_card:   0.11839999999999999     
  ****************************************
 
       NNPDFDriver version 1.0.3
   Grid: NNPDF23_lo_as_0130_qed_mem0.grid
  ****************************************
 New value of alpha_s from PDF nn23lo1:  0.13000000000000000     
 Define smin to   1600.0000000000000     
 Define smin to   1600.0000000000000     
 Define smin to   1600.0000000000000     
 *****************************************************
 *               MadGraph/MadEvent                   *
 *        --------------------------------           *
 *          http://madgraph.hep.uiuc.edu             *
 *          http://madgraph.phys.ucl.ac.be           *
 *          http://madgraph.roma2.infn.it            *
 *        --------------------------------           *
 *                                                   *
 *          PARAMETER AND COUPLING VALUES            *
 *                                                   *
 *****************************************************

  External Params
  ---------------------------------
  
 mdl_VeN1 =    1.0000000000000000     
 mdl_VeN2 =    0.0000000000000000     
 mdl_VeN3 =    0.0000000000000000     
 mdl_VmuN1 =    0.0000000000000000     
 mdl_VmuN2 =    1.0000000000000000     
 mdl_VmuN3 =    0.0000000000000000     
 mdl_VtaN1 =    0.0000000000000000     
 mdl_VtaN2 =    0.0000000000000000     
 mdl_VtaN3 =    1.0000000000000000     
 mdl_VN1N1 =    1.0000000000000000     
 mdl_VN1N2 =    1.0000000000000000     
 mdl_VN1N3 =    1.0000000000000000     
 mdl_VN2N2 =    1.0000000000000000     
 mdl_VN2N3 =    1.0000000000000000     
 mdl_VN3N3 =    1.0000000000000000     
 aEWM1 =    127.90000000000001     
 mdl_Gf =    1.1663700000000000E-005
 aS =   0.11839999999999999     
 mdl_ymt =    172.00000000000000     
 mdl_vevf =    50.000000000000000     
 mdl_MZ =    91.187600000000003     
 mdl_MT =    172.00000000000000     
 mdl_MH =    125.00000000000000     
 mdl_mN1 =    1644.0000000000000     
 mdl_mN2 =    1744.0000000000000     
 mdl_mN3 =    1844.0000000000000     
 mdl_MJ =    91.187600000000003     
 mdl_MAx =    173.04800000000000     
 mdl_WZ =    2.4952000000000001     
 mdl_WW =    2.0850000000000000     
 mdl_WT =    1.5083359999999999     
 mdl_WH =    4.0699999999999998E-003
 mdl_WN1 =   0.30299999999999999     
 mdl_WN2 =    1.5000000000000000     
 mdl_WN3 =    12.300000000000001     
 mdl_WJ =    2.4952000000000001     
 mdl_WAx =    4.1700000000000001E-003
  Internal Params
  ---------------------------------
  
 mdl_vevf__exp__2 =    2500.0000000000000     
 mdl_sqrt__vevf__exp__2 =    50.000000000000000     
 mdl_muJ =    50.000000000000000     
 mdl_MZ__exp__2 =    8315.1783937600012     
 mdl_MZ__exp__4 =    69142191.720053151     
 mdl_sqrt__2 =    1.4142135623730951     
 mdl_MJ__exp__2 =    8315.1783937600012     
 mdl_muJ__exp__2 =    2500.0000000000000     
 mdl_lamJ =    4.3260713575040004     
 mdl_MH__exp__2 =    15625.000000000000     
 mdl_complexi =  (  0.0000000000000000     ,  1.0000000000000000     )
 mdl_aEW =    7.8186082877247844E-003
 mdl_MW =    79.824359746197842     
 mdl_sqrt__aEW =    8.8422894590285753E-002
 mdl_ee =   0.31345100004952897     
 mdl_MW__exp__2 =    6371.9284088904105     
 mdl_sw2 =   0.23369913342182447     
 mdl_cw =   0.87538612427783857     
 mdl_sqrt__sw2 =   0.48342438232036300     
 mdl_sw =   0.48342438232036300     
 mdl_g1 =   0.35807170271074895     
 mdl_gN =   0.64839716719502682     
 mdl_gw =   0.64839716719502682     
 mdl_vev =    246.22056907348590     
 mdl_vev__exp__2 =    60624.568634871241     
 mdl_lam =   0.12886689630821144     
 mdl_yt =   0.98791394091683138     
 mdl_muH =    88.388347648318444     
 mdl_I2a33 =  ( 0.98791394091683138     ,  0.0000000000000000     )
 mdl_I3a33 =  ( 0.98791394091683138     ,  0.0000000000000000     )
 mdl_ee__exp__2 =    9.8251529432049817E-002
 mdl_sw__exp__2 =   0.23369913342182450     
 mdl_cw__exp__2 =   0.76630086657817542     
  Internal Params evaluated point by point
  ----------------------------------------
  
 mdl_sqrt__aS =   0.34409301068170506     
 mdl_G__exp__2 =    1.4878582807401259     
  Couplings of SM_HeavyN_UFO
  ---------------------------------
  
         GC_1 =  -0.00000E+00  -0.10448E+00
         GC_2 =   0.00000E+00   0.20897E+00
         GC_3 =  -0.00000E+00  -0.31345E+00
         GC_4 =   0.00000E+00   0.31345E+00
        GC_26 =   0.00000E+00   0.45849E+00
        GC_27 =  -0.00000E+00  -0.28380E+00
        GC_28 =   0.00000E+00   0.28380E+00
        GC_30 =   0.00000E+00   0.56760E+00
        GC_35 =  -0.00000E+00  -0.28850E-01
        GC_37 =   0.00000E+00   0.17310E+00
        GC_39 =   0.00000E+00  -0.19725E+00
        GC_40 =   0.00000E+00   0.37035E+00
        GC_80 =   0.00000E+00   0.67543E+02
       GC_107 =  -0.00000E+00  -0.74070E+00
       GC_109 =  -0.00000E+00  -0.74070E+00
       GC_111 =  -0.00000E+00  -0.74070E+00
       GC_113 =  -0.00000E+00  -0.74070E+00
       GC_115 =  -0.00000E+00  -0.74070E+00
       GC_117 =  -0.00000E+00  -0.74070E+00
       GC_119 =   0.00000E+00   0.00000E+00
       GC_120 =   0.00000E+00   0.00000E+00
       GC_122 =  -0.00000E+00  -0.00000E+00
       GC_126 =   0.00000E+00   0.00000E+00
       GC_127 =   0.00000E+00   0.00000E+00
       GC_129 =  -0.00000E+00  -0.00000E+00
       GC_133 =   0.00000E+00   0.45849E+00
       GC_134 =   0.00000E+00   0.37035E+00
       GC_136 =  -0.00000E+00  -0.74892E+01
        GC_81 =   0.32880E+02   0.00000E+00
        GC_82 =   0.34880E+02   0.00000E+00
        GC_83 =   0.36880E+02   0.00000E+00

 Collider parameters:
 --------------------

 Running at P P   machine @    13000.000000000000       GeV
 PDF set = nn23lo1
 alpha_s(Mz)= 0.1300 running at 2 loops.
 alpha_s(Mz)= 0.1300 running at 2 loops.
 Renormalization scale set on event-by-event basis
 Factorization   scale set on event-by-event basis


 getting user params
Enter number of events and max and min iterations: 
 Number of events and iterations         1000           5           3
Enter desired fractional accuracy: 
 Desired fractional accuracy:   0.10000000000000001     
Enter 0 for fixed, 2 for adjustable grid: 
Suppress amplitude (0 no, 1 yes)? 
 Using suppressed amplitude.
Exact helicity sum (0 yes, n = number/event)? 
 Explicitly summing over helicities
Enter Configuration Number: 
Running Configuration Number:  387
 Using dconfig=         203
 BW Setting            2           1           1           1           2           0           0
 Attempting mappinvarients           1           9
 Completed mapping           9
 about to integrate           19        1000           5           3          19           1
 Using non-zero grid deformation.
 19 dimensions   1000 events 19 invarients  5 iterations  1 config(s),  (0.99)
 Using h-tuple random number sequence.
 Error opening grid
 Using Uniform Grid!          36
 Using uniform alpha   1.0000000000000000     
 Grid defined OK
 Set CM energy to      13000.00
 Mapping Graph         387  to config         387
Setting grid   1    0.75740E-07   1
 Setting BW          -2           2   1844.0000000000000     
 Setting BW          -3           3   1844.0000000000000     
 Setting BW          -4           4   79.824359746197842     
Setting grid   5    0.28499E-04   1
Setting grid   6    0.22341E-01   1
 Transforming s_hat 1/s           18   2.2571293919116255E-002   1600.0000000000000        168999999.99999997     
 387   1   2   3   4   5   6   7   8   9  10  11  12  13  14
  15  16  17  18  19
 Masses: 0.000E+00 0.000E+00 0.000E+00 0.000E+00 0.000E+00 0.000E+00 0.000E+00 0.000E+00 0.912E+02
Using random seed offsets   387 :      1
  with seed                   24
 Ranmar initialization seeds         117        9398
 
 ********************************************
 * You are using the DiscreteSampler module *
 *      part of the MG5_aMC framework       *
 *         Author: Valentin Hirschi         *
 ********************************************
 
  Particle       3       4       5       6       7       8       9
      Et >    10.0    10.0    10.0    10.0     0.0     0.0     0.0
       E >     0.0     0.0     0.0     0.0     0.0     0.0     0.0
     Eta <     2.5     2.5     2.5     2.5    -1.0    -1.0    -1.0
   xqcut:      0.0     0.0     0.0     0.0     0.0     0.0     0.0
d R # 3  >    -0.0     0.4     0.4     0.4     0.0     0.0     0.0
d R # 4  >    -0.0    -0.0     0.4     0.4     0.0     0.0     0.0
d R # 5  >    -0.0    -0.0    -0.0     0.4     0.0     0.0     0.0
d R # 6  >    -0.0    -0.0    -0.0    -0.0     0.0     0.0     0.0
d R # 7  >    -0.0    -0.0    -0.0    -0.0    -0.0     0.0     0.0
d R # 8  >    -0.0    -0.0    -0.0    -0.0    -0.0    -0.0     0.0
s min # 3>     0.0     0.0     0.0     0.0     0.0     0.0     0.0
s min # 4>     0.0     0.0     0.0     0.0     0.0     0.0     0.0
s min # 5>     0.0     0.0     0.0     0.0     0.0     0.0     0.0
s min # 6>     0.0     0.0     0.0     0.0     0.0     0.0     0.0
s min # 7>     0.0     0.0     0.0     0.0     0.0     0.0     0.0
s min # 8>     0.0     0.0     0.0     0.0     0.0     0.0     0.0
xqcutij # 3>     0.0     0.0     0.0     0.0     0.0     0.0     0.0
xqcutij # 4>     0.0     0.0     0.0     0.0     0.0     0.0     0.0
xqcutij # 5>     0.0     0.0     0.0     0.0     0.0     0.0     0.0
xqcutij # 6>     0.0     0.0     0.0     0.0     0.0     0.0     0.0
xqcutij # 7>     0.0     0.0     0.0     0.0     0.0     0.0     0.0
xqcutij # 8>     0.0     0.0     0.0     0.0     0.0     0.0     0.0
 Excluding BW           -1           1
 Requiring BW           -2           2
 Requiring BW           -3           3
 Requiring BW           -4           4
 Excluding BW           -6           5
 alpha_s for scale    3479.8039846852225       is    8.1185927325720456E-002
 Added good helicity            1  0.81881322532845813       in event            1 local:           1
 Added good helicity           21   1.1678279110082851E-002  in event            1 local:           1
 Added good helicity           25   3.8957759844872931E-006  in event            1 local:           1
 Added good helicity           37   8.5742562418073074E-003  in event            1 local:           1
 Added good helicity           41   3.2023553657272198E-002  in event            1 local:           1
 Added good helicity           61   4.8694520707528001E-004  in event            1 local:           1
 Added good helicity          193   244.91747168465213       in event            1 local:           1
 Added good helicity          213  0.28150362119900207       in event            1 local:           1
 Added good helicity          217   2.7407146977068947E-005  in event            1 local:           1
 Added good helicity          229  0.10035093420990691       in event            1 local:           1
 Added good helicity          233   9.5517449647000010       in event            1 local:           1
 Added good helicity          253  0.27732123277130621       in event            1 local:           1
 Added good helicity            1  0.81881322532763512       in event            1 local:           1
 Added good helicity           21   1.1678279110070234E-002  in event            1 local:           1
 Added good helicity           25   3.8957759844856465E-006  in event            1 local:           1
 Added good helicity           37   8.5742562418053090E-003  in event            1 local:           1
 Added good helicity           41   3.2023553657129153E-002  in event            1 local:           1
 Added good helicity           61   4.8694520707370548E-004  in event            1 local:           1
 Added good helicity          193   244.91747168464232       in event            1 local:           1
 Added good helicity          213  0.28150362119886629       in event            1 local:           1
 Added good helicity          217   2.7407146977053406E-005  in event            1 local:           1
 Added good helicity          229  0.10035093420990164       in event            1 local:           1
 Added good helicity          233   9.5517449647110517       in event            1 local:           1
 Added good helicity          253  0.27732123277118509       in event            1 local:           1
 RESET CUMULATIVE VARIABLE
 RESET CUMULATIVE VARIABLE
 RESET CUMULATIVE VARIABLE
 Iteration  1   Mean: 0.1186E-15 Abs mean: 0.1186E-15   Fluctuation:  0.403E-16   0.794E-14     0.2%
  1    0.1186E-15 0.1186E-15 +- 0.4026E-16      5.95
 Writing out events   4.7423596852756155E-018   5.9497047331738457     
 Relative summed weights:
  0.1600E-01  0.1410E-02  0.1786E-02  0.1065E+00  0.0000E+00  0.0000E+00
  0.1559E+00  0.8438E-02  0.6772E-01  0.1299E-03  0.1393E-04  0.0000E+00
  0.4625E-02  0.1689E-01  0.3683E-02  0.3047E-02  0.0000E+00  0.0000E+00
  0.8854E-03  0.8591E-02  0.4078E-03  0.3905E-02  0.0000E+00  0.0000E+00
  0.1047E+00  0.1935E+00  0.1055E-04  0.4196E-04  0.0000E+00  0.0000E+00
  0.2084E-01  0.2865E-01  0.4620E-03  0.2716E-04  0.0000E+00  0.0000E+00
  0.3580E-02  0.3204E-01  0.4294E-03  0.3198E-01  0.0000E+00  0.2545E-02
  0.2402E-02  0.1239E+00  0.4282E-03  0.5451E-01  0.0000E+00  0.5234E-05
 Relative number of events:
  0.4114E-01  0.4430E-01  0.2532E-01  0.1582E-01  0.0000E+00  0.0000E+00
  0.2215E-01  0.3797E-01  0.1266E-01  0.9494E-02  0.3165E-02  0.0000E+00
  0.5696E-01  0.7595E-01  0.1899E-01  0.2532E-01  0.0000E+00  0.0000E+00
  0.2848E-01  0.2532E-01  0.1899E-01  0.1899E-01  0.0000E+00  0.0000E+00
  0.6646E-01  0.5696E-01  0.9494E-02  0.1266E-01  0.0000E+00  0.0000E+00
  0.6013E-01  0.6013E-01  0.1266E-01  0.9494E-02  0.0000E+00  0.0000E+00
  0.1899E-01  0.3797E-01  0.3165E-01  0.3165E-01  0.0000E+00  0.6329E-02
  0.2215E-01  0.2215E-01  0.2848E-01  0.2848E-01  0.0000E+00  0.3165E-02
 Events:
          13          14           8           5           0           0
           7          12           4           3           1           0
          18          24           6           8           0           0
           9           8           6           6           0           0
          21          18           3           4           0           0
          19          19           4           3           0           0
           6          12          10          10           0           2
           7           7           9           9           0           1
 Iteration  2   Mean: 0.2445E-14 Abs mean: 0.2445E-14   Fluctuation:  0.212E-14   0.424E-11    18.4%
  2    0.2445E-14 0.2445E-14 +- 0.2121E-14     38.79
 Relative summed weights:
  0.1196E-02  0.1627E-02  0.2309E-01  0.1974E-03  0.0000E+00  0.0000E+00
  0.2326E-02  0.1039E-01  0.8020E-04  0.2835E-02  0.6238E-07  0.0000E+00
  0.7158E-02  0.1120E-02  0.9283E-03  0.1582E-03  0.0000E+00  0.0000E+00
  0.1917E-02  0.3140E-03  0.1281E-01  0.8061E-04  0.4609E-06  0.2960E-04
  0.5572E-02  0.5980E-02  0.2949E-03  0.4085E-02  0.0000E+00  0.0000E+00
  0.1094E-02  0.8695E+00  0.1872E-03  0.7019E-02  0.1170E-08  0.0000E+00
  0.1396E-01  0.1225E-01  0.5714E-03  0.2642E-02  0.3443E-06  0.2970E-04
  0.6316E-02  0.3458E-02  0.5528E-03  0.2040E-03  0.1097E-07  0.1931E-04
 Relative number of events:
  0.5400E-01  0.6400E-01  0.2200E-01  0.1800E-01  0.0000E+00  0.0000E+00
  0.2500E-01  0.2700E-01  0.1950E-01  0.2350E-01  0.5000E-03  0.0000E+00
  0.5900E-01  0.5500E-01  0.1300E-01  0.8000E-02  0.0000E+00  0.0000E+00
  0.1850E-01  0.2150E-01  0.2300E-01  0.2400E-01  0.1500E-02  0.1500E-02
  0.6600E-01  0.5350E-01  0.1900E-01  0.1850E-01  0.0000E+00  0.0000E+00
  0.5750E-01  0.6150E-01  0.1200E-01  0.1900E-01  0.5000E-03  0.0000E+00
  0.2900E-01  0.3400E-01  0.2500E-01  0.2150E-01  0.1000E-02  0.1500E-02
  0.2350E-01  0.2650E-01  0.2400E-01  0.2500E-01  0.5000E-03  0.2500E-02
 Events:
         108         128          44          36           0           0
          50          54          39          47           1           0
         118         110          26          16           0           0
          37          43          46          48           3           3
         132         107          38          37           0           0
         115         123          24          38           1           0
          58          68          50          43           2           3
          47          53          48          50           1           5
 Iteration  3   Mean: 0.4999E-14 Abs mean: 0.4999E-14   Fluctuation:  0.436E-14   0.174E-10    40.9%
  3    0.4999E-14 0.4999E-14 +- 0.4356E-14     55.11
 Relative summed weights:
  0.3836E-02  0.8759E-03  0.5267E-04  0.1296E-03  0.0000E+00  0.2277E-09
  0.1452E-03  0.1839E-02  0.4322E-01  0.5833E-04  0.2945E-04  0.1277E-05
  0.2357E-01  0.1031E-01  0.1915E-02  0.2883E-03  0.0000E+00  0.4714E-05
  0.3168E-02  0.1229E-03  0.3587E-03  0.3215E-04  0.2819E-05  0.2777E-08
  0.1321E-02  0.6513E-03  0.1754E-02  0.9399E-02  0.8515E-04  0.2350E-05
  0.1820E-01  0.6380E-02  0.3757E-03  0.6627E-04  0.4143E-08  0.5048E-08
  0.2412E-03  0.4254E-03  0.3334E-03  0.1715E-03  0.2656E-07  0.3307E-06
  0.9403E-05  0.7209E-03  0.2878E-04  0.8699E+00  0.6257E-07  0.5322E-06
 Relative number of events:
  0.6450E-01  0.6500E-01  0.1075E-01  0.1850E-01  0.0000E+00  0.2500E-03
  0.2000E-01  0.2275E-01  0.2375E-01  0.2400E-01  0.2500E-02  0.7500E-03
  0.5950E-01  0.6275E-01  0.1500E-01  0.1875E-01  0.0000E+00  0.5000E-03
  0.2575E-01  0.2725E-01  0.2300E-01  0.1675E-01  0.1750E-02  0.5000E-03
  0.5575E-01  0.6000E-01  0.1500E-01  0.1725E-01  0.5000E-03  0.2500E-03
  0.5950E-01  0.6200E-01  0.1475E-01  0.1425E-01  0.5000E-03  0.2500E-03
  0.2850E-01  0.2375E-01  0.2125E-01  0.2600E-01  0.1000E-02  0.1000E-02
  0.2300E-01  0.2450E-01  0.2300E-01  0.2100E-01  0.1000E-02  0.1750E-02
 Events:
         258         260          43          74           0           1
          80          91          95          96          10           3
         238         251          60          75           0           2
         103         109          92          67           7           2
         223         240          60          69           2           1
         238         248          59          57           2           1
         114          95          85         104           4           4
          92          98          92          84           4           7
 Accuracy:    1.211   0.100   0.297  16.592
 Found           40  events.
 Wrote            1  events.
 Actual xsec    9.5956598248531719E-016
 Correct abs xsec    9.5956598248531719E-016
 Event xsec    9.5956598248531719E-016
 Events wgts > 1:            1
 % Cross section > 1:    8.7917190454479107E-023   9.1621829096910873E-006
 Iteration  4   Mean: 0.5585E-15 Abs mean: 0.5585E-15   Fluctuation:  0.247E-15   0.129E-11    44.8%
  4    0.5585E-15 0.5585E-15 +- 0.2471E-15     39.57
 Relative summed weights:
  0.1072E-02  0.3716E+00  0.6743E-02  0.2229E-01  0.3427E-07  0.0000E+00
  0.2440E-02  0.2920E-01  0.3454E-03  0.7306E-02  0.5725E-05  0.1546E-05
  0.1376E-02  0.3393E-02  0.1080E-03  0.5207E-02  0.1383E-10  0.7378E-10
  0.1147E-01  0.1148E-02  0.1529E-02  0.1722E-01  0.4232E-05  0.5327E-05
  0.9865E-03  0.4401E-02  0.6397E-03  0.2017E-02  0.0000E+00  0.6753E-07
  0.2382E-02  0.8884E-03  0.4274E-03  0.4608E-02  0.2171E-06  0.1283E-08
  0.2912E+00  0.1353E-02  0.3731E-02  0.4550E-03  0.2277E-04  0.1433E-04
  0.3258E-02  0.3093E-02  0.1966E+00  0.1498E-02  0.2542E-05  0.8963E-06
 Relative number of events:
  0.5675E-01  0.6150E-01  0.1525E-01  0.1650E-01  0.1250E-03  0.0000E+00
  0.2488E-01  0.2538E-01  0.2425E-01  0.2525E-01  0.1750E-02  0.2000E-02
  0.6187E-01  0.5588E-01  0.1362E-01  0.1463E-01  0.3750E-03  0.5000E-03
  0.2788E-01  0.2550E-01  0.2375E-01  0.2150E-01  0.1750E-02  0.8750E-03
  0.5900E-01  0.6025E-01  0.1413E-01  0.1537E-01  0.0000E+00  0.1250E-03
  0.5650E-01  0.5850E-01  0.1388E-01  0.1762E-01  0.1250E-03  0.1250E-03
  0.2800E-01  0.2712E-01  0.2738E-01  0.2212E-01  0.7500E-03  0.1625E-02
  0.2425E-01  0.2363E-01  0.2187E-01  0.2325E-01  0.1375E-02  0.1250E-02
 Events:
         454         492         122         132           1           0
         199         203         194         202          14          16
         495         447         109         117           3           4
         223         204         190         172          14           7
         472         482         113         123           0           1
         452         468         111         141           1           1
         224         217         219         177           6          13
         194         189         175         186          11          10
 Accuracy:    0.952   0.100   0.247  14.884
 Found           31  events.
 Wrote            4  events.
 Actual xsec    1.6358234125665102E-015
 Correct abs xsec    1.6358234125665102E-015
 Event xsec    1.6358234125665100E-015
 Events wgts > 1:            1
 % Cross section > 1:    1.8832605517010638E-023   1.1512615220162055E-006
 Iteration  5   Mean: 0.2901E-14 Abs mean: 0.2901E-14   Fluctuation:  0.219E-14   0.347E-10    45.5%
  5    0.2901E-14 0.2901E-14 +- 0.2188E-14     95.41
 Relative summed weights:
  0.1739E-02  0.5420E-02  0.9309E-01  0.7248E-03  0.2770E-07  0.8099E-08
  0.3441E-02  0.1664E-03  0.2486E-01  0.1295E-02  0.4670E-05  0.2127E-04
  0.2852E-02  0.1461E-02  0.1591E-02  0.5952E-03  0.2024E-05  0.4430E-06
  0.1451E-02  0.8676E-03  0.5513E-02  0.7476E+00  0.1109E-05  0.1858E-05
  0.3316E-01  0.7291E-02  0.2033E-02  0.2340E-03  0.5103E-04  0.2162E-10
  0.2982E-02  0.1041E-02  0.4479E-02  0.5289E-03  0.1095E-07  0.2385E-09
  0.1067E-01  0.1034E-02  0.1400E-01  0.1217E-01  0.4244E-06  0.2254E-06
  0.7156E-03  0.7650E-03  0.7396E-03  0.1534E-01  0.3147E-05  0.1053E-03
 Relative number of events:
  0.5700E-01  0.5794E-01  0.1494E-01  0.1862E-01  0.1250E-03  0.2500E-03
  0.2600E-01  0.2388E-01  0.2244E-01  0.2369E-01  0.9375E-03  0.1250E-02
  0.6044E-01  0.5975E-01  0.1531E-01  0.1469E-01  0.2500E-03  0.1250E-03
  0.2556E-01  0.2394E-01  0.2312E-01  0.2344E-01  0.1500E-02  0.1000E-02
  0.6350E-01  0.5912E-01  0.1775E-01  0.1550E-01  0.3750E-03  0.6250E-04
  0.5887E-01  0.6006E-01  0.1562E-01  0.1550E-01  0.1875E-03  0.3125E-03
  0.2513E-01  0.2444E-01  0.2237E-01  0.2131E-01  0.6875E-03  0.1563E-02
  0.2637E-01  0.2538E-01  0.2431E-01  0.2306E-01  0.1625E-02  0.6875E-03
 Events:
         912         927         239         298           2           4
         416         382         359         379          15          20
         967         956         245         235           4           2
         409         383         370         375          24          16
        1016         946         284         248           6           1
         942         961         250         248           3           5
         402         391         358         341          11          25
         422         406         389         369          26          11
 Accuracy:    0.698   0.100   0.234   8.853
 Found          246  events.
 Wrote            2  events.
 Actual xsec    1.7761326182605229E-015
 Correct abs xsec    1.7761326182605229E-015
 Event xsec    1.7761326182605227E-015
 Events wgts > 1:            0
 % Cross section > 1:    0.0000000000000000        0.0000000000000000     

 -------------------------------------------------------------------------------
 Accumulated results:   Integral =  0.1035E-14
                        Std dev  =  0.2426E-15
                       Cross sec =  0.1035E-14
             Chi**2 per DoF.     =      8.8527
 -------------------------------------------------------------------------------
-------------------------------------------------
---------------------------
 Results Last   3 iters: Integral =   0.1776E-14
                     Abs integral =   0.1776E-14
                          Std dev =   0.6208E-15
                  Chi**2 per DoF. =     12.5463
-------------------------------------------------
---------------------------
 Status  0.10000000000000001                6           5

ls status:
events.lhe
ftn26
input_app.txt
results.dat
run1_app.log
