 Process in group number            1
 A PDF is used, so alpha_s(MZ) is going to be modified
 Old value of alpha_s from param_card:   0.11839999999999999     
  ****************************************
 
       NNPDFDriver version 1.0.3
   Grid: NNPDF23_lo_as_0130_qed_mem0.grid
  ****************************************
 New value of alpha_s from PDF nn23lo1:  0.13000000000000000     
 Define smin to   1600.0000000000000     
 Define smin to   1600.0000000000000     
 Define smin to   1600.0000000000000     
 *****************************************************
 *               MadGraph/MadEvent                   *
 *        --------------------------------           *
 *          http://madgraph.hep.uiuc.edu             *
 *          http://madgraph.phys.ucl.ac.be           *
 *          http://madgraph.roma2.infn.it            *
 *        --------------------------------           *
 *                                                   *
 *          PARAMETER AND COUPLING VALUES            *
 *                                                   *
 *****************************************************

  External Params
  ---------------------------------
  
 mdl_VeN1 =    1.0000000000000000     
 mdl_VeN2 =    0.0000000000000000     
 mdl_VeN3 =    0.0000000000000000     
 mdl_VmuN1 =    0.0000000000000000     
 mdl_VmuN2 =    1.0000000000000000     
 mdl_VmuN3 =    0.0000000000000000     
 mdl_VtaN1 =    0.0000000000000000     
 mdl_VtaN2 =    0.0000000000000000     
 mdl_VtaN3 =    1.0000000000000000     
 mdl_VN1N1 =    1.0000000000000000     
 mdl_VN1N2 =    1.0000000000000000     
 mdl_VN1N3 =    1.0000000000000000     
 mdl_VN2N2 =    1.0000000000000000     
 mdl_VN2N3 =    1.0000000000000000     
 mdl_VN3N3 =    1.0000000000000000     
 aEWM1 =    127.90000000000001     
 mdl_Gf =    1.1663700000000000E-005
 aS =   0.11839999999999999     
 mdl_ymt =    172.00000000000000     
 mdl_vevf =    50.000000000000000     
 mdl_MZ =    91.187600000000003     
 mdl_MT =    172.00000000000000     
 mdl_MH =    125.00000000000000     
 mdl_mN1 =    1822.0000000000000     
 mdl_mN2 =    1922.0000000000000     
 mdl_mN3 =    2022.0000000000000     
 mdl_MJ =    91.187600000000003     
 mdl_MAx =    173.04800000000000     
 mdl_WZ =    2.4952000000000001     
 mdl_WW =    2.0850000000000000     
 mdl_WT =    1.5083359999999999     
 mdl_WH =    4.0699999999999998E-003
 mdl_WN1 =   0.30299999999999999     
 mdl_WN2 =    1.5000000000000000     
 mdl_WN3 =    12.300000000000001     
 mdl_WJ =    2.4952000000000001     
 mdl_WAx =    4.1700000000000001E-003
  Internal Params
  ---------------------------------
  
 mdl_vevf__exp__2 =    2500.0000000000000     
 mdl_sqrt__vevf__exp__2 =    50.000000000000000     
 mdl_muJ =    50.000000000000000     
 mdl_MZ__exp__2 =    8315.1783937600012     
 mdl_MZ__exp__4 =    69142191.720053151     
 mdl_sqrt__2 =    1.4142135623730951     
 mdl_MJ__exp__2 =    8315.1783937600012     
 mdl_muJ__exp__2 =    2500.0000000000000     
 mdl_lamJ =    4.3260713575040004     
 mdl_MH__exp__2 =    15625.000000000000     
 mdl_complexi =  (  0.0000000000000000     ,  1.0000000000000000     )
 mdl_aEW =    7.8186082877247844E-003
 mdl_MW =    79.824359746197842     
 mdl_sqrt__aEW =    8.8422894590285753E-002
 mdl_ee =   0.31345100004952897     
 mdl_MW__exp__2 =    6371.9284088904105     
 mdl_sw2 =   0.23369913342182447     
 mdl_cw =   0.87538612427783857     
 mdl_sqrt__sw2 =   0.48342438232036300     
 mdl_sw =   0.48342438232036300     
 mdl_g1 =   0.35807170271074895     
 mdl_gN =   0.64839716719502682     
 mdl_gw =   0.64839716719502682     
 mdl_vev =    246.22056907348590     
 mdl_vev__exp__2 =    60624.568634871241     
 mdl_lam =   0.12886689630821144     
 mdl_yt =   0.98791394091683138     
 mdl_muH =    88.388347648318444     
 mdl_I2a33 =  ( 0.98791394091683138     ,  0.0000000000000000     )
 mdl_I3a33 =  ( 0.98791394091683138     ,  0.0000000000000000     )
 mdl_ee__exp__2 =    9.8251529432049817E-002
 mdl_sw__exp__2 =   0.23369913342182450     
 mdl_cw__exp__2 =   0.76630086657817542     
  Internal Params evaluated point by point
  ----------------------------------------
  
 mdl_sqrt__aS =   0.34409301068170506     
 mdl_G__exp__2 =    1.4878582807401259     
  Couplings of SM_HeavyN_UFO
  ---------------------------------
  
         GC_1 =  -0.00000E+00  -0.10448E+00
         GC_2 =   0.00000E+00   0.20897E+00
         GC_3 =  -0.00000E+00  -0.31345E+00
         GC_4 =   0.00000E+00   0.31345E+00
        GC_26 =   0.00000E+00   0.45849E+00
        GC_27 =  -0.00000E+00  -0.28380E+00
        GC_28 =   0.00000E+00   0.28380E+00
        GC_30 =   0.00000E+00   0.56760E+00
        GC_35 =  -0.00000E+00  -0.28850E-01
        GC_37 =   0.00000E+00   0.17310E+00
        GC_39 =   0.00000E+00  -0.19725E+00
        GC_40 =   0.00000E+00   0.37035E+00
        GC_80 =   0.00000E+00   0.67543E+02
       GC_107 =  -0.00000E+00  -0.74070E+00
       GC_109 =  -0.00000E+00  -0.74070E+00
       GC_111 =  -0.00000E+00  -0.74070E+00
       GC_113 =  -0.00000E+00  -0.74070E+00
       GC_115 =  -0.00000E+00  -0.74070E+00
       GC_117 =  -0.00000E+00  -0.74070E+00
       GC_119 =   0.00000E+00   0.00000E+00
       GC_120 =   0.00000E+00   0.00000E+00
       GC_122 =  -0.00000E+00  -0.00000E+00
       GC_126 =   0.00000E+00   0.00000E+00
       GC_127 =   0.00000E+00   0.00000E+00
       GC_129 =  -0.00000E+00  -0.00000E+00
       GC_133 =   0.00000E+00   0.45849E+00
       GC_134 =   0.00000E+00   0.37035E+00
       GC_136 =  -0.00000E+00  -0.82121E+01
        GC_81 =   0.36440E+02   0.00000E+00
        GC_82 =   0.38440E+02   0.00000E+00
        GC_83 =   0.40440E+02   0.00000E+00

 Collider parameters:
 --------------------

 Running at P P   machine @    13000.000000000000       GeV
 PDF set = nn23lo1
 alpha_s(Mz)= 0.1300 running at 2 loops.
 alpha_s(Mz)= 0.1300 running at 2 loops.
 Renormalization scale set on event-by-event basis
 Factorization   scale set on event-by-event basis


 getting user params
Enter number of events and max and min iterations: 
 Number of events and iterations         1000           5           3
Enter desired fractional accuracy: 
 Desired fractional accuracy:   0.10000000000000001     
Enter 0 for fixed, 2 for adjustable grid: 
Suppress amplitude (0 no, 1 yes)? 
 Using suppressed amplitude.
Exact helicity sum (0 yes, n = number/event)? 
 Explicitly summing over helicities
Enter Configuration Number: 
Running Configuration Number: 1002
 Using dconfig=         205
 BW Setting            1           2           1           1           2           0           0
 Attempting mappinvarients           1           9
 Completed mapping           9
 about to integrate           19        1000           5           3          19           1
 Using non-zero grid deformation.
 19 dimensions   1000 events 19 invarients  5 iterations  1 config(s),  (0.99)
 Using h-tuple random number sequence.
 Error opening grid
 Using Uniform Grid!          36
 Using uniform alpha   1.0000000000000000     
 Grid defined OK
 Set CM energy to      13000.00
 Mapping Graph        1002  to config        1002
 Setting BW          -1           1   79.824359746197842     
Setting grid   2    0.28499E-04   1
Setting grid   3    0.28499E-04   1
 Setting BW          -4           3   2022.0000000000000     
 Setting BW          -5           4   2022.0000000000000     
Setting grid   6    0.24908E-01   1
 Transforming s_hat 1/s           18   2.4907822532507465E-002   1600.0000000000000        168999999.99999997     
1002   1   2   3   4   5   6   7   8   9  10  11  12  13  14
  15  16  17  18  19
 Masses: 0.000E+00 0.000E+00 0.000E+00 0.000E+00 0.000E+00 0.000E+00 0.000E+00 0.000E+00 0.912E+02
Using random seed offsets  1002 :      1
  with seed                   24
 Ranmar initialization seeds         732        9398
 
 ********************************************
 * You are using the DiscreteSampler module *
 *      part of the MG5_aMC framework       *
 *         Author: Valentin Hirschi         *
 ********************************************
 
  Particle       3       4       5       6       7       8       9
      Et >    10.0    10.0    10.0    10.0     0.0     0.0     0.0
       E >     0.0     0.0     0.0     0.0     0.0     0.0     0.0
     Eta <     2.5     2.5     2.5     2.5    -1.0    -1.0    -1.0
   xqcut:      0.0     0.0     0.0     0.0     0.0     0.0     0.0
d R # 3  >    -0.0     0.4     0.4     0.4     0.0     0.0     0.0
d R # 4  >    -0.0    -0.0     0.4     0.4     0.0     0.0     0.0
d R # 5  >    -0.0    -0.0    -0.0     0.4     0.0     0.0     0.0
d R # 6  >    -0.0    -0.0    -0.0    -0.0     0.0     0.0     0.0
d R # 7  >    -0.0    -0.0    -0.0    -0.0    -0.0     0.0     0.0
d R # 8  >    -0.0    -0.0    -0.0    -0.0    -0.0    -0.0     0.0
s min # 3>     0.0     0.0     0.0     0.0     0.0     0.0     0.0
s min # 4>     0.0     0.0     0.0     0.0     0.0     0.0     0.0
s min # 5>     0.0     0.0     0.0     0.0     0.0     0.0     0.0
s min # 6>     0.0     0.0     0.0     0.0     0.0     0.0     0.0
s min # 7>     0.0     0.0     0.0     0.0     0.0     0.0     0.0
s min # 8>     0.0     0.0     0.0     0.0     0.0     0.0     0.0
xqcutij # 3>     0.0     0.0     0.0     0.0     0.0     0.0     0.0
xqcutij # 4>     0.0     0.0     0.0     0.0     0.0     0.0     0.0
xqcutij # 5>     0.0     0.0     0.0     0.0     0.0     0.0     0.0
xqcutij # 6>     0.0     0.0     0.0     0.0     0.0     0.0     0.0
xqcutij # 7>     0.0     0.0     0.0     0.0     0.0     0.0     0.0
xqcutij # 8>     0.0     0.0     0.0     0.0     0.0     0.0     0.0
 Requiring BW           -1           1
 Excluding BW           -3           2
 Requiring BW           -4           3
 Requiring BW           -5           4
 Excluding BW           -6           5
 alpha_s for scale    2072.7576068904309       is    8.5733395654727193E-002
 Added good helicity            1   4.5498508193432627       in event            1 local:           1
 Added good helicity           21   3.8542152032931029E-005  in event            1 local:           1
 Added good helicity           25   6.4063021987044999E-003  in event            1 local:           1
 Added good helicity           37   7.0969973588157829E-007  in event            1 local:           1
 Added good helicity           41  0.14688108231295008       in event            1 local:           1
 Added good helicity           61   7.2800888312105222E-006  in event            1 local:           1
 Added good helicity          193   250.22490774668546       in event            1 local:           1
 Added good helicity          213   6.3065616290185937E-005  in event            1 local:           1
 Added good helicity          217  0.82093073710823217       in event            1 local:           1
 Added good helicity          229   1.6657406170194769E-006  in event            1 local:           1
 Added good helicity          233  0.25087959648168401       in event            1 local:           1
 Added good helicity          253   3.2452572228936321E-005  in event            1 local:           1
 Added good helicity            1   4.5498508193433596       in event            1 local:           1
 Added good helicity           21   3.8542152032930968E-005  in event            1 local:           1
 Added good helicity           25   6.4063021987045459E-003  in event            1 local:           1
 Added good helicity           37   7.0969973588155753E-007  in event            1 local:           1
 Added good helicity           41  0.14688108231294053       in event            1 local:           1
 Added good helicity           61   7.2800888312106213E-006  in event            1 local:           1
 Added good helicity          193   250.22490774668537       in event            1 local:           1
 Added good helicity          213   6.3065616290185287E-005  in event            1 local:           1
 Added good helicity          217  0.82093073710822817       in event            1 local:           1
 Added good helicity          229   1.6657406170194750E-006  in event            1 local:           1
 Added good helicity          233  0.25087959648164548       in event            1 local:           1
 Added good helicity          253   3.2452572228934959E-005  in event            1 local:           1
 RESET CUMULATIVE VARIABLE
 RESET CUMULATIVE VARIABLE
 RESET CUMULATIVE VARIABLE
 Iteration  1   Mean: 0.2990E-10 Abs mean: 0.2990E-10   Fluctuation:  0.896E-11   0.504E-08     0.9%
  1    0.2990E-10 0.2990E-10 +- 0.8960E-11      9.48
 Writing out events   6.4044329287916191E-013   9.4761082752977188     
 Relative summed weights:
  0.4326E-03  0.1049E+00  0.4643E-08  0.7546E-05  0.0000E+00  0.0000E+00
  0.2128E-02  0.1821E-01  0.8286E-06  0.3932E-03  0.0000E+00  0.0000E+00
  0.2063E-01  0.2668E-01  0.1323E+00  0.2284E-06  0.0000E+00  0.0000E+00
  0.2864E-04  0.4311E-01  0.2093E-01  0.3941E-03  0.0000E+00  0.0000E+00
  0.2762E-01  0.1317E-01  0.5238E-02  0.3089E-01  0.0000E+00  0.0000E+00
  0.2434E-02  0.1451E-02  0.1791E-01  0.1234E+00  0.0000E+00  0.0000E+00
  0.6340E-01  0.3387E-02  0.3427E-05  0.1950E-02  0.0000E+00  0.0000E+00
  0.1560E-01  0.1243E+00  0.1822E+00  0.1686E-01  0.0000E+00  0.9991E-06
 Relative number of events:
  0.1784E-01  0.2478E-01  0.3964E-02  0.1982E-02  0.0000E+00  0.0000E+00
  0.1388E-01  0.2379E-01  0.7929E-02  0.8920E-02  0.0000E+00  0.0000E+00
  0.1982E-01  0.1982E-01  0.8920E-02  0.4955E-02  0.0000E+00  0.0000E+00
  0.2081E-01  0.1388E-01  0.1090E-01  0.5946E-02  0.0000E+00  0.0000E+00
  0.6640E-01  0.4460E-01  0.3568E-01  0.3964E-01  0.0000E+00  0.0000E+00
  0.5253E-01  0.4955E-01  0.4460E-01  0.3667E-01  0.0000E+00  0.0000E+00
  0.7037E-01  0.5550E-01  0.3469E-01  0.4856E-01  0.0000E+00  0.0000E+00
  0.5649E-01  0.5649E-01  0.4658E-01  0.5055E-01  0.0000E+00  0.2973E-02
 Events:
          18          25           4           2           0           0
          14          24           8           9           0           0
          20          20           9           5           0           0
          21          14          11           6           0           0
          67          45          36          40           0           0
          53          50          45          37           0           0
          71          56          35          49           0           0
          57          57          47          51           0           3
 Iteration  2   Mean: 0.3436E-10 Abs mean: 0.3436E-10   Fluctuation:  0.121E-10   0.196E-07    22.3%
  2    0.3436E-10 0.3436E-10 +- 0.1213E-10     15.79
 Relative summed weights:
  0.3237E-01  0.3622E+00  0.1649E-02  0.5144E-03  0.0000E+00  0.0000E+00
  0.2236E-01  0.1572E-01  0.7931E-02  0.1279E-02  0.1407E-04  0.0000E+00
  0.1069E-01  0.5233E-02  0.9012E-02  0.4919E-02  0.0000E+00  0.0000E+00
  0.1514E-02  0.6039E-02  0.1711E-01  0.1146E-01  0.0000E+00  0.0000E+00
  0.2177E-01  0.2370E-01  0.9122E-02  0.1375E-01  0.0000E+00  0.0000E+00
  0.1260E-01  0.5533E-01  0.4190E-02  0.2245E-01  0.0000E+00  0.2297E-04
  0.2723E-01  0.4002E-01  0.9516E-02  0.1132E-01  0.1924E-03  0.0000E+00
  0.2044E+00  0.1412E-01  0.1489E-01  0.5370E-02  0.1781E-08  0.0000E+00
 Relative number of events:
  0.2550E-01  0.1350E-01  0.7500E-02  0.5500E-02  0.0000E+00  0.0000E+00
  0.2350E-01  0.1850E-01  0.4500E-02  0.5000E-02  0.5000E-03  0.0000E+00
  0.1800E-01  0.2050E-01  0.5000E-02  0.4500E-02  0.0000E+00  0.0000E+00
  0.1150E-01  0.1850E-01  0.4000E-02  0.6500E-02  0.0000E+00  0.0000E+00
  0.6000E-01  0.6900E-01  0.3800E-01  0.4650E-01  0.0000E+00  0.0000E+00
  0.6500E-01  0.4750E-01  0.3950E-01  0.4350E-01  0.0000E+00  0.5000E-03
  0.6950E-01  0.5850E-01  0.2900E-01  0.3400E-01  0.5000E-03  0.0000E+00
  0.5950E-01  0.6600E-01  0.4300E-01  0.3750E-01  0.5000E-03  0.0000E+00
 Events:
          51          27          15          11           0           0
          47          37           9          10           1           0
          36          41          10           9           0           0
          23          37           8          13           0           0
         120         138          76          93           0           0
         130          95          79          87           0           1
         139         117          58          68           1           0
         119         132          86          75           1           0
 Iteration  3   Mean: 0.2410E-10 Abs mean: 0.2410E-10   Fluctuation:  0.379E-11   0.990E-08    64.7%
  3    0.2410E-10 0.2410E-10 +- 0.3792E-11      9.95
 Relative summed weights:
  0.1515E-01  0.3174E-01  0.6642E-02  0.8859E-02  0.0000E+00  0.4238E-04
  0.1145E+00  0.3760E-02  0.1241E-01  0.2095E-01  0.8209E-06  0.0000E+00
  0.6084E-02  0.1140E-01  0.4041E-02  0.4774E-01  0.1439E-07  0.0000E+00
  0.1608E-01  0.1112E-01  0.1181E+00  0.1819E-01  0.0000E+00  0.0000E+00
  0.6475E-01  0.3979E-01  0.3294E-01  0.4837E-01  0.1717E-06  0.8314E-04
  0.3582E-01  0.5092E-01  0.4725E-01  0.3819E-01  0.0000E+00  0.3490E-06
  0.2081E-01  0.1756E-01  0.1803E-01  0.3055E-01  0.0000E+00  0.2603E-04
  0.4441E-01  0.2331E-01  0.2431E-01  0.1605E-01  0.0000E+00  0.0000E+00
 Relative number of events:
  0.2125E-01  0.1925E-01  0.7500E-02  0.6000E-02  0.0000E+00  0.2500E-03
  0.1650E-01  0.1725E-01  0.7250E-02  0.5750E-02  0.2500E-03  0.0000E+00
  0.1725E-01  0.2075E-01  0.5000E-02  0.6000E-02  0.2500E-03  0.0000E+00
  0.2075E-01  0.1850E-01  0.5000E-02  0.4250E-02  0.0000E+00  0.0000E+00
  0.6525E-01  0.6000E-01  0.4050E-01  0.3425E-01  0.2500E-03  0.2500E-03
  0.5850E-01  0.6575E-01  0.3700E-01  0.3550E-01  0.0000E+00  0.2500E-03
  0.6700E-01  0.6075E-01  0.4100E-01  0.3700E-01  0.0000E+00  0.2500E-03
  0.6350E-01  0.6625E-01  0.3425E-01  0.3350E-01  0.0000E+00  0.0000E+00
 Events:
          85          77          30          24           0           1
          66          69          29          23           1           0
          69          83          20          24           1           0
          83          74          20          17           0           0
         261         240         162         137           1           1
         234         263         148         142           0           1
         268         243         164         148           0           1
         254         265         137         134           0           0
 Accuracy:    0.101   0.100   0.130   0.607
 Found          183  events.
 Wrote            7  events.
 Actual xsec    2.6570197832636139E-011
 Correct abs xsec    2.6570197832636139E-011
 Event xsec    2.6570197832636142E-011
 Events wgts > 1:            0
 % Cross section > 1:    0.0000000000000000        0.0000000000000000     
 Iteration  4   Mean: 0.2522E-10 Abs mean: 0.2522E-10   Fluctuation:  0.275E-11   0.179E-07    71.6%
  4    0.2522E-10 0.2522E-10 +- 0.2752E-11      9.76
 Relative summed weights:
  0.3202E-01  0.1703E-01  0.9150E-02  0.2400E-01  0.0000E+00  0.0000E+00
  0.1037E+00  0.2920E-01  0.3550E-01  0.3603E-01  0.0000E+00  0.0000E+00
  0.2716E-01  0.4121E-01  0.2229E-01  0.8523E-02  0.0000E+00  0.3523E-04
  0.3707E-01  0.2617E-01  0.2043E-01  0.5143E-02  0.0000E+00  0.0000E+00
  0.4764E-01  0.6677E-01  0.3630E-01  0.2520E-01  0.7547E-05  0.1034E-03
  0.4942E-01  0.4017E-01  0.2591E-01  0.2364E-01  0.7631E-06  0.0000E+00
  0.3554E-01  0.2778E-01  0.2876E-01  0.1673E-01  0.3504E-05  0.5615E-03
  0.2159E-01  0.2523E-01  0.3050E-01  0.2342E-01  0.2717E-04  0.8227E-05
 Relative number of events:
  0.1912E-01  0.2150E-01  0.7500E-02  0.7875E-02  0.0000E+00  0.0000E+00
  0.1925E-01  0.1588E-01  0.4750E-02  0.8500E-02  0.0000E+00  0.0000E+00
  0.1700E-01  0.1762E-01  0.6250E-02  0.5750E-02  0.0000E+00  0.1250E-03
  0.1837E-01  0.1738E-01  0.6625E-02  0.5000E-02  0.0000E+00  0.0000E+00
  0.6388E-01  0.6225E-01  0.4063E-01  0.3800E-01  0.1250E-03  0.2500E-03
  0.6338E-01  0.6175E-01  0.3725E-01  0.3637E-01  0.5000E-03  0.0000E+00
  0.6438E-01  0.5838E-01  0.3525E-01  0.3500E-01  0.2500E-03  0.3750E-03
  0.6513E-01  0.6175E-01  0.3762E-01  0.3837E-01  0.3750E-03  0.2500E-03
 Events:
         153         172          60          63           0           0
         154         127          38          68           0           0
         136         141          50          46           0           1
         147         139          53          40           0           0
         511         498         325         304           1           2
         507         494         298         291           4           0
         515         467         282         280           2           3
         521         494         301         307           3           2
 Accuracy:    0.057   0.100   0.083   0.461
 Finished due to accuracy    5.6689448551997167E-002  0.10000000000000001     

 -------------------------------------------------------------------------------
 Accumulated results:   Integral =  0.2578E-10
                        Std dev  =  0.2152E-11
                       Cross sec =  0.2578E-10
             Chi**2 per DoF.     =      0.4614
 -------------------------------------------------------------------------------
 Found          539  events.
 Wrote            4  events.
 Actual xsec    2.5435892980943432E-011
 Correct abs xsec    2.5435892980943432E-011
 Event xsec    2.5435892980943432E-011
 Events wgts > 1:            0
 % Cross section > 1:    0.0000000000000000        0.0000000000000000     
-------------------------------------------------
---------------------------
 Results Last   3 iters: Integral =   0.2544E-10
                     Abs integral =   0.2544E-10
                          Std dev =   0.2210E-11
                  Chi**2 per DoF. =      0.3356
-------------------------------------------------
---------------------------
 Status  0.10000000000000001                5           5

ls status:
events.lhe
ftn26
input_app.txt
results.dat
run1_app.log
