 Process in group number            1
 A PDF is used, so alpha_s(MZ) is going to be modified
 Old value of alpha_s from param_card:   0.11839999999999999     
  ****************************************
 
       NNPDFDriver version 1.0.3
   Grid: NNPDF23_lo_as_0130_qed_mem0.grid
  ****************************************
 New value of alpha_s from PDF nn23lo1:  0.13000000000000000     
 Define smin to   1600.0000000000000     
 Define smin to   1600.0000000000000     
 Define smin to   1600.0000000000000     
 *****************************************************
 *               MadGraph/MadEvent                   *
 *        --------------------------------           *
 *          http://madgraph.hep.uiuc.edu             *
 *          http://madgraph.phys.ucl.ac.be           *
 *          http://madgraph.roma2.infn.it            *
 *        --------------------------------           *
 *                                                   *
 *          PARAMETER AND COUPLING VALUES            *
 *                                                   *
 *****************************************************

  External Params
  ---------------------------------
  
 mdl_VeN1 =    1.0000000000000000     
 mdl_VeN2 =    0.0000000000000000     
 mdl_VeN3 =    0.0000000000000000     
 mdl_VmuN1 =    0.0000000000000000     
 mdl_VmuN2 =    1.0000000000000000     
 mdl_VmuN3 =    0.0000000000000000     
 mdl_VtaN1 =    0.0000000000000000     
 mdl_VtaN2 =    0.0000000000000000     
 mdl_VtaN3 =    1.0000000000000000     
 mdl_VN1N1 =    1.0000000000000000     
 mdl_VN1N2 =    1.0000000000000000     
 mdl_VN1N3 =    1.0000000000000000     
 mdl_VN2N2 =    1.0000000000000000     
 mdl_VN2N3 =    1.0000000000000000     
 mdl_VN3N3 =    1.0000000000000000     
 aEWM1 =    127.90000000000001     
 mdl_Gf =    1.1663700000000000E-005
 aS =   0.11839999999999999     
 mdl_ymt =    172.00000000000000     
 mdl_vevf =    50.000000000000000     
 mdl_MZ =    91.187600000000003     
 mdl_MT =    172.00000000000000     
 mdl_MH =    125.00000000000000     
 mdl_mN1 =    1822.0000000000000     
 mdl_mN2 =    1922.0000000000000     
 mdl_mN3 =    2022.0000000000000     
 mdl_MJ =    91.187600000000003     
 mdl_MAx =    173.04800000000000     
 mdl_WZ =    2.4952000000000001     
 mdl_WW =    2.0850000000000000     
 mdl_WT =    1.5083359999999999     
 mdl_WH =    4.0699999999999998E-003
 mdl_WN1 =   0.30299999999999999     
 mdl_WN2 =    1.5000000000000000     
 mdl_WN3 =    12.300000000000001     
 mdl_WJ =    2.4952000000000001     
 mdl_WAx =    4.1700000000000001E-003
  Internal Params
  ---------------------------------
  
 mdl_vevf__exp__2 =    2500.0000000000000     
 mdl_sqrt__vevf__exp__2 =    50.000000000000000     
 mdl_muJ =    50.000000000000000     
 mdl_MZ__exp__2 =    8315.1783937600012     
 mdl_MZ__exp__4 =    69142191.720053151     
 mdl_sqrt__2 =    1.4142135623730951     
 mdl_MJ__exp__2 =    8315.1783937600012     
 mdl_muJ__exp__2 =    2500.0000000000000     
 mdl_lamJ =    4.3260713575040004     
 mdl_MH__exp__2 =    15625.000000000000     
 mdl_complexi =  (  0.0000000000000000     ,  1.0000000000000000     )
 mdl_aEW =    7.8186082877247844E-003
 mdl_MW =    79.824359746197842     
 mdl_sqrt__aEW =    8.8422894590285753E-002
 mdl_ee =   0.31345100004952897     
 mdl_MW__exp__2 =    6371.9284088904105     
 mdl_sw2 =   0.23369913342182447     
 mdl_cw =   0.87538612427783857     
 mdl_sqrt__sw2 =   0.48342438232036300     
 mdl_sw =   0.48342438232036300     
 mdl_g1 =   0.35807170271074895     
 mdl_gN =   0.64839716719502682     
 mdl_gw =   0.64839716719502682     
 mdl_vev =    246.22056907348590     
 mdl_vev__exp__2 =    60624.568634871241     
 mdl_lam =   0.12886689630821144     
 mdl_yt =   0.98791394091683138     
 mdl_muH =    88.388347648318444     
 mdl_I2a33 =  ( 0.98791394091683138     ,  0.0000000000000000     )
 mdl_I3a33 =  ( 0.98791394091683138     ,  0.0000000000000000     )
 mdl_ee__exp__2 =    9.8251529432049817E-002
 mdl_sw__exp__2 =   0.23369913342182450     
 mdl_cw__exp__2 =   0.76630086657817542     
  Internal Params evaluated point by point
  ----------------------------------------
  
 mdl_sqrt__aS =   0.34409301068170506     
 mdl_G__exp__2 =    1.4878582807401259     
  Couplings of SM_HeavyN_UFO
  ---------------------------------
  
         GC_1 =  -0.00000E+00  -0.10448E+00
         GC_2 =   0.00000E+00   0.20897E+00
         GC_3 =  -0.00000E+00  -0.31345E+00
         GC_4 =   0.00000E+00   0.31345E+00
        GC_26 =   0.00000E+00   0.45849E+00
        GC_27 =  -0.00000E+00  -0.28380E+00
        GC_28 =   0.00000E+00   0.28380E+00
        GC_30 =   0.00000E+00   0.56760E+00
        GC_35 =  -0.00000E+00  -0.28850E-01
        GC_37 =   0.00000E+00   0.17310E+00
        GC_39 =   0.00000E+00  -0.19725E+00
        GC_40 =   0.00000E+00   0.37035E+00
        GC_80 =   0.00000E+00   0.67543E+02
       GC_107 =  -0.00000E+00  -0.74070E+00
       GC_109 =  -0.00000E+00  -0.74070E+00
       GC_111 =  -0.00000E+00  -0.74070E+00
       GC_113 =  -0.00000E+00  -0.74070E+00
       GC_115 =  -0.00000E+00  -0.74070E+00
       GC_117 =  -0.00000E+00  -0.74070E+00
       GC_119 =   0.00000E+00   0.00000E+00
       GC_120 =   0.00000E+00   0.00000E+00
       GC_122 =  -0.00000E+00  -0.00000E+00
       GC_126 =   0.00000E+00   0.00000E+00
       GC_127 =   0.00000E+00   0.00000E+00
       GC_129 =  -0.00000E+00  -0.00000E+00
       GC_133 =   0.00000E+00   0.45849E+00
       GC_134 =   0.00000E+00   0.37035E+00
       GC_136 =  -0.00000E+00  -0.82121E+01
        GC_81 =   0.36440E+02   0.00000E+00
        GC_82 =   0.38440E+02   0.00000E+00
        GC_83 =   0.40440E+02   0.00000E+00

 Collider parameters:
 --------------------

 Running at P P   machine @    13000.000000000000       GeV
 PDF set = nn23lo1
 alpha_s(Mz)= 0.1300 running at 2 loops.
 alpha_s(Mz)= 0.1300 running at 2 loops.
 Renormalization scale set on event-by-event basis
 Factorization   scale set on event-by-event basis


 getting user params
Enter number of events and max and min iterations: 
 Number of events and iterations         1000           5           3
Enter desired fractional accuracy: 
 Desired fractional accuracy:   0.10000000000000001     
Enter 0 for fixed, 2 for adjustable grid: 
Suppress amplitude (0 no, 1 yes)? 
 Using suppressed amplitude.
Exact helicity sum (0 yes, n = number/event)? 
 Explicitly summing over helicities
Enter Configuration Number: 
Running Configuration Number:  939
 Using dconfig=          71
 BW Setting            2           2           1           2           0           0           0
 Attempting mappinvarients           1           9
 Completed mapping           9
 about to integrate           19        1000           5           3          19           1
 Using non-zero grid deformation.
 19 dimensions   1000 events 19 invarients  5 iterations  1 config(s),  (0.99)
 Using h-tuple random number sequence.
 Error opening grid
 Using Uniform Grid!          36
 Using uniform alpha   1.0000000000000000     
 Grid defined OK
 Set CM energy to      13000.00
 Mapping Graph         939  to config         939
Setting grid   1    0.59172E-08   1
Setting grid   2    0.59172E-08   1
 Setting BW          -3           3   2022.0000000000000     
Setting grid   4    0.22743E-01   1
Setting grid   5    0.22743E-01   1
Setting grid   6    0.22743E-01   1
 Transforming s_hat 1/s           18   2.3209350591715982E-002   1600.0000000000000        168999999.99999997     
 939   1   2   3   4   5   6   7   8   9  10  11  12  13  14
  15  16  17  18  19
 Masses: 0.000E+00 0.000E+00 0.000E+00 0.000E+00 0.000E+00 0.000E+00 0.000E+00 0.000E+00 0.912E+02
Using random seed offsets   939 :      1
  with seed                   24
 Ranmar initialization seeds         669        9398
 
 ********************************************
 * You are using the DiscreteSampler module *
 *      part of the MG5_aMC framework       *
 *         Author: Valentin Hirschi         *
 ********************************************
 
  Particle       3       4       5       6       7       8       9
      Et >    10.0    10.0    10.0    10.0     0.0     0.0     0.0
       E >     0.0     0.0     0.0     0.0     0.0     0.0     0.0
     Eta <     2.5     2.5     2.5     2.5    -1.0    -1.0    -1.0
   xqcut:      0.0     0.0     0.0     0.0     0.0     0.0     0.0
d R # 3  >    -0.0     0.4     0.4     0.4     0.0     0.0     0.0
d R # 4  >    -0.0    -0.0     0.4     0.4     0.0     0.0     0.0
d R # 5  >    -0.0    -0.0    -0.0     0.4     0.0     0.0     0.0
d R # 6  >    -0.0    -0.0    -0.0    -0.0     0.0     0.0     0.0
d R # 7  >    -0.0    -0.0    -0.0    -0.0    -0.0     0.0     0.0
d R # 8  >    -0.0    -0.0    -0.0    -0.0    -0.0    -0.0     0.0
s min # 3>     0.0     0.0     0.0     0.0     0.0     0.0     0.0
s min # 4>     0.0     0.0     0.0     0.0     0.0     0.0     0.0
s min # 5>     0.0     0.0     0.0     0.0     0.0     0.0     0.0
s min # 6>     0.0     0.0     0.0     0.0     0.0     0.0     0.0
s min # 7>     0.0     0.0     0.0     0.0     0.0     0.0     0.0
s min # 8>     0.0     0.0     0.0     0.0     0.0     0.0     0.0
xqcutij # 3>     0.0     0.0     0.0     0.0     0.0     0.0     0.0
xqcutij # 4>     0.0     0.0     0.0     0.0     0.0     0.0     0.0
xqcutij # 5>     0.0     0.0     0.0     0.0     0.0     0.0     0.0
xqcutij # 6>     0.0     0.0     0.0     0.0     0.0     0.0     0.0
xqcutij # 7>     0.0     0.0     0.0     0.0     0.0     0.0     0.0
xqcutij # 8>     0.0     0.0     0.0     0.0     0.0     0.0     0.0
 Excluding BW           -1           1
 Excluding BW           -2           2
 Requiring BW           -3           3
 Excluding BW           -4           4
 alpha_s for scale    1470.7666693784129       is    8.9041287026004612E-002
 Added good helicity            1   244.09098633746322       in event            1 local:           1
 Added good helicity           21   2.1483160114193249       in event            1 local:           1
 Added good helicity           25   5.5166597128652713E-004  in event            1 local:           1
 Added good helicity           37   5.8234552460736467E-003  in event            1 local:           1
 Added good helicity           41   8.5722419495530247       in event            1 local:           1
 Added good helicity           61   9.3566761307458293E-002  in event            1 local:           1
 Added good helicity          193  0.71572709641420884       in event            1 local:           1
 Added good helicity          213  0.34231923892209137       in event            1 local:           1
 Added good helicity          217   8.4590786927194101E-004  in event            1 local:           1
 Added good helicity          229   4.5756888572995825E-003  in event            1 local:           1
 Added good helicity          233   7.6423898345631463E-003  in event            1 local:           1
 Added good helicity          253   1.7403497142236091E-002  in event            1 local:           1
 Added good helicity            1   244.09098633746345       in event            1 local:           1
 Added good helicity           21   2.1483160114193853       in event            1 local:           1
 Added good helicity           25   5.5166597128651575E-004  in event            1 local:           1
 Added good helicity           37   5.8234552460732746E-003  in event            1 local:           1
 Added good helicity           41   8.5722419495526498       in event            1 local:           1
 Added good helicity           61   9.3566761307456364E-002  in event            1 local:           1
 Added good helicity          193  0.71572709641425936       in event            1 local:           1
 Added good helicity          213  0.34231923892211291       in event            1 local:           1
 Added good helicity          217   8.4590786927210570E-004  in event            1 local:           1
 Added good helicity          229   4.5756888572994142E-003  in event            1 local:           1
 Added good helicity          233   7.6423898345627404E-003  in event            1 local:           1
 Added good helicity          253   1.7403497142236945E-002  in event            1 local:           1
 RESET CUMULATIVE VARIABLE
 RESET CUMULATIVE VARIABLE
 RESET CUMULATIVE VARIABLE
 Iteration  1   Mean: 0.6297E-12 Abs mean: 0.6297E-12   Fluctuation:  0.373E-12   0.345E-09    24.4%
  1    0.6297E-12 0.6297E-12 +- 0.3727E-12     18.71
 Writing out events   5.1623383200606945E-016   18.714016250461682     
 Relative summed weights:
  0.2412E-06  0.2726E-06  0.0000E+00  0.0000E+00  0.0000E+00  0.0000E+00
  0.1028E-06  0.1493E-08  0.1223E-05  0.1867E-08  0.0000E+00  0.0000E+00
  0.3347E-02  0.4647E-01  0.9315E-03  0.4893E-05  0.0000E+00  0.0000E+00
  0.2685E+00  0.2246E-02  0.1613E-05  0.6333E-07  0.0000E+00  0.0000E+00
  0.2587E-10  0.7875E-07  0.2351E-09  0.0000E+00  0.0000E+00  0.0000E+00
  0.4876E-05  0.1854E-09  0.0000E+00  0.3467E-07  0.0000E+00  0.0000E+00
  0.4206E-03  0.6905E-04  0.7180E-06  0.2495E-02  0.0000E+00  0.0000E+00
  0.8142E-02  0.1389E-01  0.1979E-04  0.1508E-03  0.0000E+00  0.0000E+00
  0.2184E-02  0.2397E-04  0.8384E-02  0.1030E-08  0.0000E+00  0.0000E+00
  0.5475E-03  0.2177E-02  0.1036E-05  0.2557E-03  0.0000E+00  0.0000E+00
  0.9923E-03  0.2231E-04  0.0000E+00  0.6236E-07  0.0000E+00  0.0000E+00
  0.5539E-08  0.2551E-05  0.9634E-05  0.4162E-05  0.0000E+00  0.0000E+00
  0.4757E-01  0.3509E-02  0.7313E-04  0.9682E-08  0.0000E+00  0.0000E+00
  0.5758E+00  0.2650E-03  0.1751E-02  0.2696E-05  0.0000E+00  0.0000E+00
  0.2407E-05  0.9644E-02  0.1182E-04  0.0000E+00  0.0000E+00  0.0000E+00
  0.1140E-03  0.8472E-06  0.1132E-08  0.3958E-11  0.0000E+00  0.0000E+00
 Relative number of events:
  0.2973E-02  0.2973E-02  0.0000E+00  0.0000E+00  0.0000E+00  0.0000E+00
  0.1982E-02  0.9911E-03  0.9911E-03  0.9911E-03  0.0000E+00  0.0000E+00
  0.3766E-01  0.5154E-01  0.1288E-01  0.7929E-02  0.0000E+00  0.0000E+00
  0.5055E-01  0.5847E-01  0.8920E-02  0.1388E-01  0.0000E+00  0.0000E+00
  0.9911E-03  0.2973E-02  0.9911E-03  0.0000E+00  0.0000E+00  0.0000E+00
  0.4955E-02  0.9911E-03  0.0000E+00  0.9911E-03  0.0000E+00  0.0000E+00
  0.6838E-01  0.3766E-01  0.3964E-02  0.5946E-02  0.0000E+00  0.0000E+00
  0.6046E-01  0.5946E-01  0.1189E-01  0.4955E-02  0.0000E+00  0.0000E+00
  0.5649E-01  0.4658E-01  0.4955E-02  0.9911E-03  0.0000E+00  0.0000E+00
  0.5253E-01  0.4856E-01  0.7929E-02  0.9911E-02  0.0000E+00  0.0000E+00
  0.1982E-02  0.3964E-02  0.0000E+00  0.1982E-02  0.0000E+00  0.0000E+00
  0.6938E-02  0.4955E-02  0.1982E-02  0.9911E-03  0.0000E+00  0.0000E+00
  0.5550E-01  0.4856E-01  0.4955E-02  0.2973E-02  0.0000E+00  0.0000E+00
  0.5451E-01  0.3370E-01  0.5946E-02  0.5946E-02  0.0000E+00  0.0000E+00
  0.9911E-03  0.3964E-02  0.2973E-02  0.0000E+00  0.0000E+00  0.0000E+00
  0.4955E-02  0.4955E-02  0.9911E-03  0.9911E-03  0.0000E+00  0.0000E+00
 Events:
           3           3           0           0           0           0
           2           1           1           1           0           0
          38          52          13           8           0           0
          51          59           9          14           0           0
           1           3           1           0           0           0
           5           1           0           1           0           0
          69          38           4           6           0           0
          61          60          12           5           0           0
          57          47           5           1           0           0
          53          49           8          10           0           0
           2           4           0           2           0           0
           7           5           2           1           0           0
          56          49           5           3           0           0
          55          34           6           6           0           0
           1           4           3           0           0           0
           5           5           1           1           0           0
 Iteration  2   Mean: 0.3073E-12 Abs mean: 0.3073E-12   Fluctuation:  0.805E-13   0.100E-09    60.4%
  2    0.3073E-12 0.3073E-12 +- 0.8048E-13     11.71
 Relative summed weights:
  0.5192E-02  0.2643E-02  0.0000E+00  0.0000E+00  0.0000E+00  0.0000E+00
  0.5348E-05  0.4326E-01  0.0000E+00  0.0000E+00  0.0000E+00  0.0000E+00
  0.2201E-01  0.3052E-01  0.2641E-03  0.1842E-04  0.0000E+00  0.0000E+00
  0.8362E-02  0.2106E-02  0.6994E-04  0.2209E-02  0.0000E+00  0.0000E+00
  0.1653E-03  0.1093E-05  0.0000E+00  0.0000E+00  0.0000E+00  0.0000E+00
  0.8862E-03  0.5905E-02  0.0000E+00  0.0000E+00  0.3248E-07  0.0000E+00
  0.8174E-03  0.2034E-01  0.4427E-04  0.3583E-01  0.0000E+00  0.0000E+00
  0.5181E-01  0.6490E-01  0.3968E-02  0.2471E-04  0.0000E+00  0.0000E+00
  0.4539E-01  0.8321E-02  0.6716E-03  0.7159E-02  0.0000E+00  0.0000E+00
  0.3209E-01  0.2852E-01  0.5542E-03  0.7094E-04  0.0000E+00  0.0000E+00
  0.2677E-03  0.1413E+00  0.2891E-04  0.1170E-05  0.0000E+00  0.0000E+00
  0.3892E-03  0.7781E-03  0.7624E-10  0.0000E+00  0.0000E+00  0.0000E+00
  0.1846E+00  0.1059E+00  0.8843E-05  0.1180E-03  0.0000E+00  0.0000E+00
  0.5406E-03  0.7009E-01  0.4776E-03  0.7728E-04  0.0000E+00  0.0000E+00
  0.2581E-03  0.2128E-02  0.1810E-08  0.2317E-04  0.0000E+00  0.0000E+00
  0.1170E-05  0.6886E-01  0.4647E-08  0.8481E-13  0.0000E+00  0.0000E+00
 Relative number of events:
  0.2000E-02  0.1500E-02  0.0000E+00  0.0000E+00  0.0000E+00  0.0000E+00
  0.2000E-02  0.2500E-02  0.0000E+00  0.0000E+00  0.0000E+00  0.0000E+00
  0.6000E-01  0.5300E-01  0.1050E-01  0.8500E-02  0.0000E+00  0.0000E+00
  0.5550E-01  0.6550E-01  0.3500E-02  0.9500E-02  0.0000E+00  0.0000E+00
  0.1500E-02  0.1000E-02  0.0000E+00  0.0000E+00  0.0000E+00  0.0000E+00
  0.2000E-02  0.2000E-02  0.0000E+00  0.0000E+00  0.5000E-03  0.0000E+00
  0.5950E-01  0.5350E-01  0.7000E-02  0.9000E-02  0.0000E+00  0.0000E+00
  0.5350E-01  0.5250E-01  0.8000E-02  0.5000E-02  0.0000E+00  0.0000E+00
  0.3850E-01  0.5500E-01  0.6000E-02  0.4000E-02  0.0000E+00  0.0000E+00
  0.4000E-01  0.5150E-01  0.6500E-02  0.5500E-02  0.0000E+00  0.0000E+00
  0.3500E-02  0.4000E-02  0.1500E-02  0.1000E-02  0.0000E+00  0.0000E+00
  0.2500E-02  0.4500E-02  0.5000E-03  0.0000E+00  0.0000E+00  0.0000E+00
  0.5700E-01  0.4950E-01  0.3500E-02  0.5000E-02  0.0000E+00  0.0000E+00
  0.4350E-01  0.5700E-01  0.6000E-02  0.5000E-02  0.0000E+00  0.0000E+00
  0.3000E-02  0.6500E-02  0.1500E-02  0.5000E-03  0.0000E+00  0.0000E+00
  0.2500E-02  0.5000E-02  0.5000E-03  0.5000E-03  0.0000E+00  0.0000E+00
 Events:
           4           3           0           0           0           0
           4           5           0           0           0           0
         120         106          21          17           0           0
         111         131           7          19           0           0
           3           2           0           0           0           0
           4           4           0           0           1           0
         119         107          14          18           0           0
         107         105          16          10           0           0
          77         110          12           8           0           0
          80         103          13          11           0           0
           7           8           3           2           0           0
           5           9           1           0           0           0
         114          99           7          10           0           0
          87         114          12          10           0           0
           6          13           3           1           0           0
           5          10           1           1           0           0
 Iteration  3   Mean: 0.3533E-12 Abs mean: 0.3533E-12   Fluctuation:  0.638E-13   0.164E-09    71.4%
  3    0.3533E-12 0.3533E-12 +- 0.6377E-13     11.42
 Relative summed weights:
  0.3453E-02  0.1534E-02  0.4731E-10  0.3889E-05  0.0000E+00  0.0000E+00
  0.4691E-01  0.1190E-02  0.0000E+00  0.1452E-06  0.0000E+00  0.0000E+00
  0.1057E-01  0.3954E-01  0.7919E-02  0.3234E-02  0.0000E+00  0.0000E+00
  0.1164E+00  0.2729E-01  0.1021E-02  0.4870E-03  0.0000E+00  0.0000E+00
  0.5985E-02  0.3605E-04  0.5337E-09  0.0000E+00  0.0000E+00  0.0000E+00
  0.4724E-03  0.1701E-03  0.6987E-04  0.3265E-05  0.0000E+00  0.0000E+00
  0.3811E-01  0.6663E-01  0.4171E-03  0.1085E-02  0.0000E+00  0.0000E+00
  0.4759E-01  0.1466E-01  0.3662E-02  0.1853E-02  0.1478E-06  0.0000E+00
  0.6551E-01  0.6174E-01  0.1041E-03  0.4436E-02  0.0000E+00  0.0000E+00
  0.2582E-01  0.1556E-01  0.4913E-05  0.2795E-03  0.0000E+00  0.0000E+00
  0.1318E-01  0.3879E-03  0.1368E-03  0.3411E-05  0.0000E+00  0.0000E+00
  0.1016E-02  0.1173E+00  0.9234E-06  0.3357E-03  0.0000E+00  0.0000E+00
  0.3273E-01  0.1388E-01  0.7539E-03  0.1089E-02  0.0000E+00  0.0000E+00
  0.7388E-01  0.7828E-01  0.1611E-01  0.1411E-01  0.0000E+00  0.4121E-05
  0.8707E-02  0.5287E-03  0.0000E+00  0.6912E-04  0.0000E+00  0.0000E+00
  0.1295E-01  0.7560E-03  0.2218E-04  0.5252E-04  0.0000E+00  0.0000E+00
 Relative number of events:
  0.1250E-02  0.2000E-02  0.2500E-03  0.5000E-03  0.0000E+00  0.0000E+00
  0.4000E-02  0.1000E-02  0.0000E+00  0.2500E-03  0.0000E+00  0.0000E+00
  0.5075E-01  0.5350E-01  0.8500E-02  0.7000E-02  0.0000E+00  0.0000E+00
  0.5325E-01  0.6025E-01  0.7000E-02  0.8250E-02  0.0000E+00  0.0000E+00
  0.7500E-03  0.1250E-02  0.2500E-03  0.0000E+00  0.0000E+00  0.0000E+00
  0.7500E-03  0.2000E-02  0.2500E-03  0.7500E-03  0.0000E+00  0.0000E+00
  0.5500E-01  0.5675E-01  0.7000E-02  0.7750E-02  0.0000E+00  0.0000E+00
  0.6050E-01  0.5300E-01  0.1075E-01  0.7000E-02  0.2500E-03  0.0000E+00
  0.4325E-01  0.5600E-01  0.4750E-02  0.6000E-02  0.0000E+00  0.0000E+00
  0.4600E-01  0.4650E-01  0.2500E-02  0.5250E-02  0.0000E+00  0.0000E+00
  0.4500E-02  0.3750E-02  0.1000E-02  0.7500E-03  0.0000E+00  0.0000E+00
  0.2500E-02  0.6750E-02  0.7500E-03  0.7500E-03  0.0000E+00  0.0000E+00
  0.5325E-01  0.4850E-01  0.5500E-02  0.6000E-02  0.0000E+00  0.0000E+00
  0.5325E-01  0.5000E-01  0.6250E-02  0.6250E-02  0.0000E+00  0.2500E-03
  0.4500E-02  0.2750E-02  0.0000E+00  0.7500E-03  0.0000E+00  0.0000E+00
  0.4250E-02  0.4250E-02  0.7500E-03  0.7500E-03  0.0000E+00  0.0000E+00
 Events:
           5           8           1           2           0           0
          16           4           0           1           0           0
         203         214          34          28           0           0
         213         241          28          33           0           0
           3           5           1           0           0           0
           3           8           1           3           0           0
         220         227          28          31           0           0
         242         212          43          28           1           0
         173         224          19          24           0           0
         184         186          10          21           0           0
          18          15           4           3           0           0
          10          27           3           3           0           0
         213         194          22          24           0           0
         213         200          25          25           0           1
          18          11           0           3           0           0
          17          17           3           3           0           0
 Accuracy:    0.143   0.100   0.144   0.983
 Found          146  events.
 Wrote            7  events.
 Actual xsec    3.5574331688168481E-013
 Correct abs xsec    3.5574331688168481E-013
 Event xsec    3.5574331688168486E-013
 Events wgts > 1:            1
 % Cross section > 1:    1.3323352284106693E-021   3.7452150614927363E-007
 Iteration  4   Mean: 0.1641E-11 Abs mean: 0.1641E-11   Fluctuation:  0.502E-12   0.298E-08    69.1%
  4    0.1641E-11 0.1641E-11 +- 0.5015E-12     27.33
 Relative summed weights:
  0.4279E-03  0.1266E-03  0.4038E-04  0.0000E+00  0.0000E+00  0.0000E+00
  0.1027E-02  0.4109E-03  0.6176E-05  0.1780E-04  0.0000E+00  0.0000E+00
  0.1790E-01  0.1235E-01  0.2755E-02  0.2888E-03  0.0000E+00  0.0000E+00
  0.4596E-01  0.4888E-01  0.8824E-03  0.5367E-03  0.0000E+00  0.0000E+00
  0.8080E-02  0.2080E-02  0.8534E-06  0.0000E+00  0.0000E+00  0.0000E+00
  0.8543E-01  0.2364E-03  0.3702E-08  0.2758E-02  0.0000E+00  0.0000E+00
  0.1500E-01  0.2578E-01  0.4107E-03  0.3801E-03  0.0000E+00  0.0000E+00
  0.1096E-01  0.1833E+00  0.4765E-01  0.9334E-03  0.8736E-08  0.0000E+00
  0.1224E-01  0.1722E-01  0.9621E-04  0.3994E-02  0.0000E+00  0.0000E+00
  0.2508E+00  0.6291E-02  0.5299E-02  0.1197E-02  0.0000E+00  0.0000E+00
  0.6153E-02  0.7220E-01  0.1292E-04  0.3143E-03  0.0000E+00  0.0000E+00
  0.1709E-02  0.6640E-02  0.2629E-04  0.2982E-04  0.0000E+00  0.0000E+00
  0.1543E-01  0.2936E-01  0.2508E-02  0.2687E-03  0.1447E-07  0.0000E+00
  0.1484E-01  0.7525E-02  0.3740E-02  0.9972E-04  0.0000E+00  0.0000E+00
  0.3793E-02  0.1215E-01  0.9550E-04  0.1776E-05  0.0000E+00  0.0000E+00
  0.1529E-02  0.4507E-02  0.5226E-02  0.5339E-04  0.0000E+00  0.0000E+00
 Relative number of events:
  0.8750E-03  0.1250E-02  0.2500E-03  0.0000E+00  0.0000E+00  0.0000E+00
  0.1125E-02  0.1250E-02  0.6250E-03  0.2500E-03  0.0000E+00  0.0000E+00
  0.5925E-01  0.5125E-01  0.8000E-02  0.7500E-02  0.0000E+00  0.0000E+00
  0.5763E-01  0.5325E-01  0.8375E-02  0.7750E-02  0.0000E+00  0.0000E+00
  0.1875E-02  0.1500E-02  0.2500E-03  0.0000E+00  0.0000E+00  0.0000E+00
  0.1875E-02  0.2125E-02  0.1250E-03  0.1250E-03  0.0000E+00  0.0000E+00
  0.5575E-01  0.5175E-01  0.7750E-02  0.7625E-02  0.0000E+00  0.0000E+00
  0.5850E-01  0.5663E-01  0.6250E-02  0.6500E-02  0.1250E-03  0.0000E+00
  0.5400E-01  0.5437E-01  0.4125E-02  0.5375E-02  0.0000E+00  0.0000E+00
  0.4713E-01  0.4788E-01  0.5000E-02  0.5250E-02  0.0000E+00  0.0000E+00
  0.2500E-02  0.4250E-02  0.5000E-03  0.1125E-02  0.0000E+00  0.0000E+00
  0.4375E-02  0.4125E-02  0.3750E-03  0.8750E-03  0.0000E+00  0.0000E+00
  0.4662E-01  0.5500E-01  0.5750E-02  0.5625E-02  0.1250E-03  0.0000E+00
  0.4938E-01  0.4913E-01  0.5250E-02  0.5875E-02  0.0000E+00  0.0000E+00
  0.4000E-02  0.4625E-02  0.7500E-03  0.2500E-03  0.0000E+00  0.0000E+00
  0.3250E-02  0.3875E-02  0.8750E-03  0.1000E-02  0.0000E+00  0.0000E+00
 Events:
           7          10           2           0           0           0
           9          10           5           2           0           0
         474         410          64          60           0           0
         461         426          67          62           0           0
          15          12           2           0           0           0
          15          17           1           1           0           0
         446         414          62          61           0           0
         468         453          50          52           1           0
         432         435          33          43           0           0
         377         383          40          42           0           0
          20          34           4           9           0           0
          35          33           3           7           0           0
         373         440          46          45           1           0
         395         393          42          47           0           0
          32          37           6           2           0           0
          26          31           7           8           0           0
 Accuracy:    0.490   0.100   0.130  14.114
 Found          511  events.
 Wrote            4  events.
 Actual xsec    5.8771590911444508E-013
 Correct abs xsec    5.8771590911444508E-013
 Event xsec    5.8771590911444508E-013
 Events wgts > 1:            1
 % Cross section > 1:    9.8637005731301776E-021   1.6783109696643304E-006
 Iteration  5   Mean: 0.1041E-11 Abs mean: 0.1041E-11   Fluctuation:  0.107E-12   0.582E-09    69.7%
  5    0.1041E-11 0.1041E-11 +- 0.1066E-12     12.95
 Relative summed weights:
  0.6426E-02  0.1611E-01  0.6388E-03  0.4130E-03  0.0000E+00  0.0000E+00
  0.1145E-01  0.1089E-02  0.1742E-03  0.3671E-04  0.0000E+00  0.0000E+00
  0.3513E-01  0.2615E-01  0.7476E-02  0.1289E-02  0.0000E+00  0.5844E-08
  0.2115E-01  0.2100E-01  0.1954E-02  0.1244E-02  0.0000E+00  0.1342E-05
  0.2416E-01  0.2157E-02  0.2297E-05  0.1153E-03  0.0000E+00  0.0000E+00
  0.1889E-02  0.2666E-01  0.1718E-04  0.2722E-03  0.0000E+00  0.0000E+00
  0.2622E-01  0.5392E-01  0.1486E-01  0.1815E-02  0.0000E+00  0.0000E+00
  0.4231E-01  0.5119E-01  0.8234E-03  0.2441E-02  0.0000E+00  0.0000E+00
  0.3477E-01  0.1153E+00  0.4729E-03  0.2199E-02  0.0000E+00  0.0000E+00
  0.4336E-01  0.2852E-01  0.6155E-02  0.2362E-02  0.0000E+00  0.0000E+00
  0.8552E-02  0.2172E-01  0.3321E-02  0.9042E-02  0.0000E+00  0.0000E+00
  0.9751E-02  0.3471E-02  0.2241E-02  0.5700E-04  0.0000E+00  0.0000E+00
  0.2010E-01  0.1592E-01  0.1429E-01  0.1331E-02  0.0000E+00  0.0000E+00
  0.2605E-01  0.3721E-01  0.9314E-03  0.2552E-02  0.4246E-04  0.4916E-07
  0.1806E-01  0.4887E-01  0.2687E-01  0.2031E-02  0.0000E+00  0.8905E-06
  0.4629E-01  0.4524E-01  0.3605E-03  0.1976E-02  0.0000E+00  0.0000E+00
 Relative number of events:
  0.1563E-02  0.2000E-02  0.1250E-03  0.3750E-03  0.0000E+00  0.0000E+00
  0.1375E-02  0.1625E-02  0.4375E-03  0.3750E-03  0.0000E+00  0.0000E+00
  0.5744E-01  0.5819E-01  0.7313E-02  0.6812E-02  0.0000E+00  0.6250E-04
  0.5769E-01  0.5669E-01  0.8125E-02  0.8000E-02  0.0000E+00  0.6250E-04
  0.1375E-02  0.1313E-02  0.6250E-04  0.1250E-03  0.0000E+00  0.0000E+00
  0.1313E-02  0.1937E-02  0.3750E-03  0.3125E-03  0.0000E+00  0.0000E+00
  0.5469E-01  0.5606E-01  0.7812E-02  0.7313E-02  0.0000E+00  0.0000E+00
  0.5387E-01  0.5700E-01  0.7750E-02  0.7375E-02  0.0000E+00  0.0000E+00
  0.5106E-01  0.4675E-01  0.4437E-02  0.5437E-02  0.0000E+00  0.0000E+00
  0.4988E-01  0.4919E-01  0.5188E-02  0.5063E-02  0.0000E+00  0.0000E+00
  0.4250E-02  0.3875E-02  0.7500E-03  0.6250E-03  0.0000E+00  0.0000E+00
  0.3875E-02  0.4313E-02  0.1125E-02  0.5000E-03  0.0000E+00  0.0000E+00
  0.5044E-01  0.4869E-01  0.4500E-02  0.4938E-02  0.0000E+00  0.0000E+00
  0.5050E-01  0.4956E-01  0.5250E-02  0.3812E-02  0.6250E-04  0.6250E-04
  0.4000E-02  0.3375E-02  0.6875E-03  0.1250E-02  0.0000E+00  0.6250E-04
  0.3563E-02  0.4188E-02  0.1000E-02  0.8125E-03  0.0000E+00  0.0000E+00
 Events:
          25          32           2           6           0           0
          22          26           7           6           0           0
         919         931         117         109           0           1
         923         907         130         128           0           1
          22          21           1           2           0           0
          21          31           6           5           0           0
         875         897         125         117           0           0
         862         912         124         118           0           0
         817         748          71          87           0           0
         798         787          83          81           0           0
          68          62          12          10           0           0
          62          69          18           8           0           0
         807         779          72          79           0           0
         808         793          84          61           1           1
          64          54          11          20           0           1
          57          67          16          13           0           0
 Accuracy:    0.218   0.100   0.081   7.331
 Found          489  events.
 Wrote           34  events.
 Actual xsec    9.3363394663038364E-013
 Correct abs xsec    9.3363394663038364E-013
 Event xsec    9.3363394663038424E-013
 Events wgts > 1:            4
 % Cross section > 1:    8.7759204209303265E-015  0.93997443565584282     

 -------------------------------------------------------------------------------
 Accumulated results:   Integral =  0.8688E-12
                        Std dev  =  0.6996E-13
                       Cross sec =  0.8688E-12
             Chi**2 per DoF.     =      7.3311
 -------------------------------------------------------------------------------
-------------------------------------------------
---------------------------
 Results Last   3 iters: Integral =   0.9336E-12
                     Abs integral =   0.9336E-12
                          Std dev =   0.7983E-13
                  Chi**2 per DoF. =     42.9165
-------------------------------------------------
---------------------------
 Status  0.10000000000000001                6           5

ls status:
events.lhe
ftn26
input_app.txt
results.dat
run1_app.log
