 Process in group number            1
 A PDF is used, so alpha_s(MZ) is going to be modified
 Old value of alpha_s from param_card:   0.11839999999999999     
  ****************************************
 
       NNPDFDriver version 1.0.3
   Grid: NNPDF23_lo_as_0130_qed_mem0.grid
  ****************************************
 New value of alpha_s from PDF nn23lo1:  0.13000000000000000     
 Define smin to   1600.0000000000000     
 Define smin to   1600.0000000000000     
 Define smin to   1600.0000000000000     
 *****************************************************
 *               MadGraph/MadEvent                   *
 *        --------------------------------           *
 *          http://madgraph.hep.uiuc.edu             *
 *          http://madgraph.phys.ucl.ac.be           *
 *          http://madgraph.roma2.infn.it            *
 *        --------------------------------           *
 *                                                   *
 *          PARAMETER AND COUPLING VALUES            *
 *                                                   *
 *****************************************************

  External Params
  ---------------------------------
  
 mdl_VeN1 =    1.0000000000000000     
 mdl_VeN2 =    0.0000000000000000     
 mdl_VeN3 =    0.0000000000000000     
 mdl_VmuN1 =    0.0000000000000000     
 mdl_VmuN2 =    1.0000000000000000     
 mdl_VmuN3 =    0.0000000000000000     
 mdl_VtaN1 =    0.0000000000000000     
 mdl_VtaN2 =    0.0000000000000000     
 mdl_VtaN3 =    1.0000000000000000     
 mdl_VN1N1 =    1.0000000000000000     
 mdl_VN1N2 =    1.0000000000000000     
 mdl_VN1N3 =    1.0000000000000000     
 mdl_VN2N2 =    1.0000000000000000     
 mdl_VN2N3 =    1.0000000000000000     
 mdl_VN3N3 =    1.0000000000000000     
 aEWM1 =    127.90000000000001     
 mdl_Gf =    1.1663700000000000E-005
 aS =   0.11839999999999999     
 mdl_ymt =    172.00000000000000     
 mdl_vevf =    50.000000000000000     
 mdl_MZ =    91.187600000000003     
 mdl_MT =    172.00000000000000     
 mdl_MH =    125.00000000000000     
 mdl_mN1 =    1644.0000000000000     
 mdl_mN2 =    1744.0000000000000     
 mdl_mN3 =    1844.0000000000000     
 mdl_MJ =    91.187600000000003     
 mdl_MAx =    173.04800000000000     
 mdl_WZ =    2.4952000000000001     
 mdl_WW =    2.0850000000000000     
 mdl_WT =    1.5083359999999999     
 mdl_WH =    4.0699999999999998E-003
 mdl_WN1 =   0.30299999999999999     
 mdl_WN2 =    1.5000000000000000     
 mdl_WN3 =    12.300000000000001     
 mdl_WJ =    2.4952000000000001     
 mdl_WAx =    4.1700000000000001E-003
  Internal Params
  ---------------------------------
  
 mdl_vevf__exp__2 =    2500.0000000000000     
 mdl_sqrt__vevf__exp__2 =    50.000000000000000     
 mdl_muJ =    50.000000000000000     
 mdl_MZ__exp__2 =    8315.1783937600012     
 mdl_MZ__exp__4 =    69142191.720053151     
 mdl_sqrt__2 =    1.4142135623730951     
 mdl_MJ__exp__2 =    8315.1783937600012     
 mdl_muJ__exp__2 =    2500.0000000000000     
 mdl_lamJ =    4.3260713575040004     
 mdl_MH__exp__2 =    15625.000000000000     
 mdl_complexi =  (  0.0000000000000000     ,  1.0000000000000000     )
 mdl_aEW =    7.8186082877247844E-003
 mdl_MW =    79.824359746197842     
 mdl_sqrt__aEW =    8.8422894590285753E-002
 mdl_ee =   0.31345100004952897     
 mdl_MW__exp__2 =    6371.9284088904105     
 mdl_sw2 =   0.23369913342182447     
 mdl_cw =   0.87538612427783857     
 mdl_sqrt__sw2 =   0.48342438232036300     
 mdl_sw =   0.48342438232036300     
 mdl_g1 =   0.35807170271074895     
 mdl_gN =   0.64839716719502682     
 mdl_gw =   0.64839716719502682     
 mdl_vev =    246.22056907348590     
 mdl_vev__exp__2 =    60624.568634871241     
 mdl_lam =   0.12886689630821144     
 mdl_yt =   0.98791394091683138     
 mdl_muH =    88.388347648318444     
 mdl_I2a33 =  ( 0.98791394091683138     ,  0.0000000000000000     )
 mdl_I3a33 =  ( 0.98791394091683138     ,  0.0000000000000000     )
 mdl_ee__exp__2 =    9.8251529432049817E-002
 mdl_sw__exp__2 =   0.23369913342182450     
 mdl_cw__exp__2 =   0.76630086657817542     
  Internal Params evaluated point by point
  ----------------------------------------
  
 mdl_sqrt__aS =   0.34409301068170506     
 mdl_G__exp__2 =    1.4878582807401259     
  Couplings of SM_HeavyN_UFO
  ---------------------------------
  
         GC_1 =  -0.00000E+00  -0.10448E+00
         GC_2 =   0.00000E+00   0.20897E+00
         GC_3 =  -0.00000E+00  -0.31345E+00
         GC_4 =   0.00000E+00   0.31345E+00
        GC_26 =   0.00000E+00   0.45849E+00
        GC_27 =  -0.00000E+00  -0.28380E+00
        GC_28 =   0.00000E+00   0.28380E+00
        GC_30 =   0.00000E+00   0.56760E+00
        GC_35 =  -0.00000E+00  -0.28850E-01
        GC_37 =   0.00000E+00   0.17310E+00
        GC_39 =   0.00000E+00  -0.19725E+00
        GC_40 =   0.00000E+00   0.37035E+00
        GC_80 =   0.00000E+00   0.67543E+02
       GC_107 =  -0.00000E+00  -0.74070E+00
       GC_109 =  -0.00000E+00  -0.74070E+00
       GC_111 =  -0.00000E+00  -0.74070E+00
       GC_113 =  -0.00000E+00  -0.74070E+00
       GC_115 =  -0.00000E+00  -0.74070E+00
       GC_117 =  -0.00000E+00  -0.74070E+00
       GC_119 =   0.00000E+00   0.00000E+00
       GC_120 =   0.00000E+00   0.00000E+00
       GC_122 =  -0.00000E+00  -0.00000E+00
       GC_126 =   0.00000E+00   0.00000E+00
       GC_127 =   0.00000E+00   0.00000E+00
       GC_129 =  -0.00000E+00  -0.00000E+00
       GC_133 =   0.00000E+00   0.45849E+00
       GC_134 =   0.00000E+00   0.37035E+00
       GC_136 =  -0.00000E+00  -0.74892E+01
        GC_81 =   0.32880E+02   0.00000E+00
        GC_82 =   0.34880E+02   0.00000E+00
        GC_83 =   0.36880E+02   0.00000E+00

 Collider parameters:
 --------------------

 Running at P P   machine @    13000.000000000000       GeV
 PDF set = nn23lo1
 alpha_s(Mz)= 0.1300 running at 2 loops.
 alpha_s(Mz)= 0.1300 running at 2 loops.
 Renormalization scale set on event-by-event basis
 Factorization   scale set on event-by-event basis


 getting user params
Enter number of events and max and min iterations: 
 Number of events and iterations         1000           5           3
Enter desired fractional accuracy: 
 Desired fractional accuracy:   0.10000000000000001     
Enter 0 for fixed, 2 for adjustable grid: 
Suppress amplitude (0 no, 1 yes)? 
 Using suppressed amplitude.
Exact helicity sum (0 yes, n = number/event)? 
 Explicitly summing over helicities
Enter Configuration Number: 
Running Configuration Number: 1011
 Using dconfig=         718
 BW Setting            1           2           1           2           2           2           0
 Attempting mappinvarients           1           9
 Completed mapping           9
 about to integrate           19        1000           5           3          19           1
 Using non-zero grid deformation.
 19 dimensions   1000 events 19 invarients  5 iterations  1 config(s),  (0.99)
 Using h-tuple random number sequence.
 Error opening grid
 Using Uniform Grid!          36
 Using uniform alpha   1.0000000000000000     
 Grid defined OK
 Set CM energy to      13000.00
 Mapping Graph        1011  to config        1011
 Setting BW          -1           1   79.824359746197842     
Setting grid   2    0.28499E-04   1
 Setting BW          -3           3   1844.0000000000000     
Setting grid   4    0.18801E-01   1
Setting grid   5    0.18801E-01   1
Setting grid   6    0.18801E-01   1
 Transforming s_hat 1/s           18   1.9224889053254441E-002   1600.0000000000000        168999999.99999997     
1011   1   2   3   4   5   6   7   8   9  10  11  12  13  14
  15  16  17  18  19
 Masses: 0.000E+00 0.000E+00 0.000E+00 0.000E+00 0.000E+00 0.000E+00 0.000E+00 0.000E+00 0.912E+02
Using random seed offsets  1011 :      1
  with seed                   24
 Ranmar initialization seeds         741        9398
 
 ********************************************
 * You are using the DiscreteSampler module *
 *      part of the MG5_aMC framework       *
 *         Author: Valentin Hirschi         *
 ********************************************
 
  Particle       3       4       5       6       7       8       9
      Et >    10.0    10.0    10.0    10.0     0.0     0.0     0.0
       E >     0.0     0.0     0.0     0.0     0.0     0.0     0.0
     Eta <     2.5     2.5     2.5     2.5    -1.0    -1.0    -1.0
   xqcut:      0.0     0.0     0.0     0.0     0.0     0.0     0.0
d R # 3  >    -0.0     0.4     0.4     0.4     0.0     0.0     0.0
d R # 4  >    -0.0    -0.0     0.4     0.4     0.0     0.0     0.0
d R # 5  >    -0.0    -0.0    -0.0     0.4     0.0     0.0     0.0
d R # 6  >    -0.0    -0.0    -0.0    -0.0     0.0     0.0     0.0
d R # 7  >    -0.0    -0.0    -0.0    -0.0    -0.0     0.0     0.0
d R # 8  >    -0.0    -0.0    -0.0    -0.0    -0.0    -0.0     0.0
s min # 3>     0.0     0.0     0.0     0.0     0.0     0.0     0.0
s min # 4>     0.0     0.0     0.0     0.0     0.0     0.0     0.0
s min # 5>     0.0     0.0     0.0     0.0     0.0     0.0     0.0
s min # 6>     0.0     0.0     0.0     0.0     0.0     0.0     0.0
s min # 7>     0.0     0.0     0.0     0.0     0.0     0.0     0.0
s min # 8>     0.0     0.0     0.0     0.0     0.0     0.0     0.0
xqcutij # 3>     0.0     0.0     0.0     0.0     0.0     0.0     0.0
xqcutij # 4>     0.0     0.0     0.0     0.0     0.0     0.0     0.0
xqcutij # 5>     0.0     0.0     0.0     0.0     0.0     0.0     0.0
xqcutij # 6>     0.0     0.0     0.0     0.0     0.0     0.0     0.0
xqcutij # 7>     0.0     0.0     0.0     0.0     0.0     0.0     0.0
xqcutij # 8>     0.0     0.0     0.0     0.0     0.0     0.0     0.0
 Requiring BW           -1           1
 Excluding BW           -2           2
 Requiring BW           -3           3
 Excluding BW           -4           4
 Excluding BW           -5           5
 Excluding BW           -6           6
 alpha_s for scale    2638.4389129132842       is    8.3552602496297951E-002
 Added good helicity            1   6.1544323755158370       in event            1 local:           1
 Added good helicity           21   7.0560766343502048E-003  in event            1 local:           1
 Added good helicity           25   7.9038363632768002E-003  in event            1 local:           1
 Added good helicity           37   3.9683023155411564E-006  in event            1 local:           1
 Added good helicity           41   4.9225651366536984E-002  in event            1 local:           1
 Added good helicity           61   2.6242873794003831E-005  in event            1 local:           1
 Added good helicity          193   248.25177745449403       in event            1 local:           1
 Added good helicity          213  0.11811024909153010       in event            1 local:           1
 Added good helicity          217   7.3734320301830442E-002  in event            1 local:           1
 Added good helicity          229   6.7743517392174506E-005  in event            1 local:           1
 Added good helicity          233   1.3368903384275153       in event            1 local:           1
 Added good helicity          253   7.7174311160730237E-004  in event            1 local:           1
 Added good helicity            1   6.1544323755154204       in event            1 local:           1
 Added good helicity           21   7.0560766343498171E-003  in event            1 local:           1
 Added good helicity           25   7.9038363632770343E-003  in event            1 local:           1
 Added good helicity           37   3.9683023155416443E-006  in event            1 local:           1
 Added good helicity           41   4.9225651366544845E-002  in event            1 local:           1
 Added good helicity           61   2.6242873794005468E-005  in event            1 local:           1
 Added good helicity          193   248.25177745449426       in event            1 local:           1
 Added good helicity          213  0.11811024909154229       in event            1 local:           1
 Added good helicity          217   7.3734320301835535E-002  in event            1 local:           1
 Added good helicity          229   6.7743517392173882E-005  in event            1 local:           1
 Added good helicity          233   1.3368903384276896       in event            1 local:           1
 Added good helicity          253   7.7174311160733728E-004  in event            1 local:           1
 RESET CUMULATIVE VARIABLE
 RESET CUMULATIVE VARIABLE
 RESET CUMULATIVE VARIABLE
 Iteration  1   Mean: 0.5925E-09 Abs mean: 0.5925E-09   Fluctuation:  0.181E-09   0.117E-06    34.1%
  1    0.5925E-09 0.5925E-09 +- 0.1814E-09      9.68
 Writing out events   3.4707572411436939E-013   9.6844898385474671     
 Relative summed weights:
  0.3353E-04  0.0000E+00  0.2633E-06  0.0000E+00  0.0000E+00  0.0000E+00
  0.2370E-01  0.8736E-01  0.5242E-03  0.2583E-02  0.0000E+00  0.0000E+00
  0.1458E-03  0.0000E+00  0.0000E+00  0.0000E+00  0.0000E+00  0.0000E+00
  0.2609E+00  0.3302E-01  0.4418E-01  0.1119E-02  0.0000E+00  0.0000E+00
  0.4201E-05  0.3294E-01  0.0000E+00  0.0000E+00  0.0000E+00  0.0000E+00
  0.1293E-01  0.2718E-03  0.2856E-02  0.3412E-02  0.0000E+00  0.0000E+00
  0.0000E+00  0.0000E+00  0.0000E+00  0.0000E+00  0.0000E+00  0.0000E+00
  0.1147E-01  0.4373E-02  0.3271E-03  0.2651E-02  0.0000E+00  0.0000E+00
  0.1518E+00  0.1112E-02  0.4070E-01  0.1040E-02  0.0000E+00  0.0000E+00
  0.1084E-04  0.2526E-03  0.6019E-05  0.1181E-03  0.0000E+00  0.0000E+00
  0.6547E-01  0.3548E-02  0.4908E-02  0.5647E-04  0.0000E+00  0.0000E+00
  0.1110E-08  0.8089E-06  0.1079E-02  0.5089E-05  0.0000E+00  0.0000E+00
  0.4319E-02  0.1765E-01  0.1952E-01  0.7191E-04  0.0000E+00  0.0000E+00
  0.9437E-04  0.5237E-06  0.3769E-03  0.4866E-02  0.0000E+00  0.1464E-01
  0.1293E+00  0.1424E-02  0.8569E-02  0.3007E-02  0.1124E-04  0.3385E-09
  0.1452E-03  0.1048E-05  0.4297E-03  0.7013E-03  0.0000E+00  0.0000E+00
 Relative number of events:
  0.9911E-03  0.0000E+00  0.9911E-03  0.0000E+00  0.0000E+00  0.0000E+00
  0.3370E-01  0.3469E-01  0.3568E-01  0.4559E-01  0.0000E+00  0.0000E+00
  0.9911E-03  0.0000E+00  0.0000E+00  0.0000E+00  0.0000E+00  0.0000E+00
  0.3766E-01  0.4658E-01  0.2973E-01  0.3171E-01  0.0000E+00  0.0000E+00
  0.9911E-03  0.1982E-02  0.0000E+00  0.0000E+00  0.0000E+00  0.0000E+00
  0.3766E-01  0.2577E-01  0.3964E-01  0.4163E-01  0.0000E+00  0.0000E+00
  0.0000E+00  0.0000E+00  0.0000E+00  0.0000E+00  0.0000E+00  0.0000E+00
  0.4559E-01  0.3469E-01  0.2874E-01  0.3271E-01  0.0000E+00  0.0000E+00
  0.1388E-01  0.1883E-01  0.2973E-01  0.1487E-01  0.0000E+00  0.0000E+00
  0.5946E-02  0.4955E-02  0.3964E-02  0.7929E-02  0.0000E+00  0.0000E+00
  0.2379E-01  0.2676E-01  0.2180E-01  0.1685E-01  0.0000E+00  0.0000E+00
  0.3964E-02  0.5946E-02  0.3964E-02  0.8920E-02  0.0000E+00  0.0000E+00
  0.2180E-01  0.1487E-01  0.2081E-01  0.1586E-01  0.0000E+00  0.0000E+00
  0.1982E-02  0.3964E-02  0.5946E-02  0.4955E-02  0.0000E+00  0.9911E-03
  0.1883E-01  0.2081E-01  0.1982E-01  0.1982E-01  0.9911E-03  0.9911E-03
  0.7929E-02  0.5946E-02  0.9911E-02  0.3964E-02  0.0000E+00  0.0000E+00
 Events:
           1           0           1           0           0           0
          34          35          36          46           0           0
           1           0           0           0           0           0
          38          47          30          32           0           0
           1           2           0           0           0           0
          38          26          40          42           0           0
           0           0           0           0           0           0
          46          35          29          33           0           0
          14          19          30          15           0           0
           6           5           4           8           0           0
          24          27          22          17           0           0
           4           6           4           9           0           0
          22          15          21          16           0           0
           2           4           6           5           0           1
          19          21          20          20           1           1
           8           6          10           4           0           0
 Iteration  2   Mean: 0.1086E-08 Abs mean: 0.1086E-08   Fluctuation:  0.316E-09   0.521E-06    63.8%
  2    0.1086E-08 0.1086E-08 +- 0.3157E-09     13.01
 Relative summed weights:
  0.0000E+00  0.0000E+00  0.0000E+00  0.9499E-06  0.0000E+00  0.0000E+00
  0.2573E-01  0.3632E-01  0.1704E-02  0.1277E+00  0.0000E+00  0.0000E+00
  0.2926E-04  0.0000E+00  0.0000E+00  0.0000E+00  0.0000E+00  0.0000E+00
  0.1449E-01  0.2268E-01  0.8912E-02  0.5732E-01  0.0000E+00  0.3335E-05
  0.0000E+00  0.3842E-07  0.1872E-03  0.2669E-04  0.0000E+00  0.0000E+00
  0.5521E-02  0.1633E-01  0.3068E-01  0.8711E-02  0.1122E-07  0.4278E-05
  0.1783E-05  0.2833E-06  0.0000E+00  0.0000E+00  0.0000E+00  0.0000E+00
  0.6419E-01  0.6555E-01  0.2993E-01  0.7109E-02  0.0000E+00  0.0000E+00
  0.1483E-01  0.1248E-01  0.1360E-02  0.2937E-03  0.0000E+00  0.5544E-06
  0.6680E-04  0.9485E-03  0.5600E-04  0.1116E-01  0.0000E+00  0.0000E+00
  0.3639E-01  0.4792E-01  0.2404E+00  0.8468E-03  0.0000E+00  0.0000E+00
  0.3501E-02  0.4043E-05  0.3794E-05  0.3914E-03  0.0000E+00  0.0000E+00
  0.1240E-01  0.2546E-01  0.3524E-02  0.5885E-02  0.3032E-02  0.0000E+00
  0.6728E-02  0.1378E-05  0.3326E-02  0.1487E-02  0.0000E+00  0.0000E+00
  0.1482E-01  0.5968E-02  0.6473E-02  0.5049E-02  0.0000E+00  0.0000E+00
  0.4572E-02  0.7330E-02  0.2220E-03  0.9153E-05  0.0000E+00  0.0000E+00
 Relative number of events:
  0.0000E+00  0.0000E+00  0.0000E+00  0.5000E-03  0.0000E+00  0.0000E+00
  0.4000E-01  0.4550E-01  0.3350E-01  0.3300E-01  0.0000E+00  0.0000E+00
  0.5000E-03  0.0000E+00  0.0000E+00  0.0000E+00  0.0000E+00  0.0000E+00
  0.3800E-01  0.3600E-01  0.3200E-01  0.4450E-01  0.0000E+00  0.5000E-03
  0.0000E+00  0.5000E-03  0.5000E-03  0.5000E-03  0.0000E+00  0.0000E+00
  0.4000E-01  0.5050E-01  0.3800E-01  0.3750E-01  0.5000E-03  0.1000E-02
  0.5000E-03  0.5000E-03  0.0000E+00  0.0000E+00  0.0000E+00  0.0000E+00
  0.3800E-01  0.3850E-01  0.3250E-01  0.3300E-01  0.0000E+00  0.0000E+00
  0.2750E-01  0.2350E-01  0.1600E-01  0.1750E-01  0.0000E+00  0.5000E-03
  0.5000E-02  0.4500E-02  0.5500E-02  0.4500E-02  0.0000E+00  0.0000E+00
  0.2400E-01  0.2250E-01  0.1850E-01  0.1650E-01  0.0000E+00  0.0000E+00
  0.1500E-02  0.3000E-02  0.4000E-02  0.5000E-02  0.0000E+00  0.0000E+00
  0.1500E-01  0.2150E-01  0.1750E-01  0.1150E-01  0.5000E-03  0.0000E+00
  0.2500E-02  0.2500E-02  0.6500E-02  0.4000E-02  0.0000E+00  0.0000E+00
  0.2650E-01  0.2000E-01  0.2150E-01  0.1950E-01  0.0000E+00  0.0000E+00
  0.5500E-02  0.3500E-02  0.2000E-02  0.4500E-02  0.0000E+00  0.0000E+00
 Events:
           0           0           0           1           0           0
          80          91          67          66           0           0
           1           0           0           0           0           0
          76          72          64          89           0           1
           0           1           1           1           0           0
          80         101          76          75           1           2
           1           1           0           0           0           0
          76          77          65          66           0           0
          55          47          32          35           0           1
          10           9          11           9           0           0
          48          45          37          33           0           0
           3           6           8          10           0           0
          30          43          35          23           1           0
           5           5          13           8           0           0
          53          40          43          39           0           0
          11           7           4           9           0           0
 Iteration  3   Mean: 0.1502E-08 Abs mean: 0.1502E-08   Fluctuation:  0.379E-09   0.106E-05    72.0%
  3    0.1502E-08 0.1502E-08 +- 0.3786E-09     15.94
 Relative summed weights:
  0.1161E-03  0.4157E-03  0.0000E+00  0.3827E-02  0.0000E+00  0.0000E+00
  0.1169E-01  0.1544E-01  0.2860E-02  0.1054E-01  0.0000E+00  0.0000E+00
  0.3341E-05  0.6222E-05  0.0000E+00  0.1110E-03  0.0000E+00  0.0000E+00
  0.1969E-01  0.8463E-01  0.2871E-01  0.1888E-01  0.0000E+00  0.0000E+00
  0.2741E-03  0.1438E-04  0.0000E+00  0.0000E+00  0.0000E+00  0.0000E+00
  0.6202E-02  0.3465E-01  0.4639E-02  0.7287E-02  0.2166E-06  0.1323E-04
  0.7343E-06  0.2073E-05  0.8663E-06  0.2752E-05  0.0000E+00  0.0000E+00
  0.4566E-01  0.2524E-01  0.1594E-02  0.1750E-01  0.7383E-06  0.0000E+00
  0.2054E-01  0.1666E-01  0.8159E-03  0.8225E-02  0.0000E+00  0.6488E-02
  0.6994E-03  0.1694E-01  0.6138E-03  0.6562E-03  0.0000E+00  0.0000E+00
  0.1882E+00  0.1005E-01  0.1450E-01  0.1493E-02  0.0000E+00  0.5992E-09
  0.1821E-02  0.1482E-02  0.1379E+00  0.5009E-02  0.0000E+00  0.0000E+00
  0.4524E-02  0.2870E-02  0.4652E-02  0.5331E-02  0.3311E-05  0.4390E-06
  0.1505E-02  0.1678E-04  0.3888E-03  0.2657E-04  0.0000E+00  0.0000E+00
  0.3073E-01  0.5975E-02  0.2024E-01  0.8392E-01  0.7480E-05  0.0000E+00
  0.5616E-03  0.6368E-02  0.4408E-01  0.1669E-01  0.0000E+00  0.0000E+00
 Relative number of events:
  0.2500E-03  0.5000E-03  0.0000E+00  0.5000E-03  0.0000E+00  0.0000E+00
  0.4025E-01  0.3950E-01  0.3775E-01  0.3275E-01  0.0000E+00  0.0000E+00
  0.5000E-03  0.1250E-02  0.0000E+00  0.2500E-03  0.0000E+00  0.0000E+00
  0.4225E-01  0.4750E-01  0.3400E-01  0.3575E-01  0.0000E+00  0.0000E+00
  0.7500E-03  0.5000E-03  0.0000E+00  0.0000E+00  0.0000E+00  0.0000E+00
  0.3775E-01  0.4350E-01  0.3850E-01  0.3375E-01  0.5000E-03  0.7500E-03
  0.7500E-03  0.2500E-03  0.2500E-03  0.5000E-03  0.0000E+00  0.0000E+00
  0.3725E-01  0.4225E-01  0.3200E-01  0.3700E-01  0.2500E-03  0.0000E+00
  0.2100E-01  0.2275E-01  0.1775E-01  0.1650E-01  0.0000E+00  0.2500E-03
  0.3750E-02  0.4500E-02  0.4000E-02  0.3500E-02  0.0000E+00  0.0000E+00
  0.2225E-01  0.1950E-01  0.1875E-01  0.1750E-01  0.0000E+00  0.2500E-03
  0.4500E-02  0.4500E-02  0.5500E-02  0.3000E-02  0.0000E+00  0.0000E+00
  0.2225E-01  0.2200E-01  0.1675E-01  0.2025E-01  0.2500E-03  0.2500E-03
  0.5250E-02  0.3500E-02  0.2500E-02  0.3500E-02  0.0000E+00  0.0000E+00
  0.2025E-01  0.2050E-01  0.1950E-01  0.1775E-01  0.2500E-03  0.0000E+00
  0.3500E-02  0.2500E-02  0.4250E-02  0.5750E-02  0.0000E+00  0.0000E+00
 Events:
           1           2           0           2           0           0
         161         158         151         131           0           0
           2           5           0           1           0           0
         169         190         136         143           0           0
           3           2           0           0           0           0
         151         174         154         135           2           3
           3           1           1           2           0           0
         149         169         128         148           1           0
          84          91          71          66           0           1
          15          18          16          14           0           0
          89          78          75          70           0           1
          18          18          22          12           0           0
          89          88          67          81           1           1
          21          14          10          14           0           0
          81          82          78          71           1           0
          14          10          17          23           0           0
 Accuracy:    0.235   0.100   0.162   2.106
 Found          171  events.
 Wrote            3  events.
 Actual xsec    1.1195410692506249E-009
 Correct abs xsec    1.1195410692506249E-009
 Event xsec    1.1195410692506249E-009
 Events wgts > 1:            0
 % Cross section > 1:    0.0000000000000000        0.0000000000000000     
 Iteration  4   Mean: 0.1268E-08 Abs mean: 0.1268E-08   Fluctuation:  0.234E-09   0.122E-05    75.5%
  4    0.1268E-08 0.1268E-08 +- 0.2343E-09     16.53
 Relative summed weights:
  0.6672E-03  0.2842E-02  0.1137E-05  0.4280E-05  0.0000E+00  0.0000E+00
  0.1591E-01  0.9308E-02  0.7676E-02  0.2494E-01  0.3167E-07  0.0000E+00
  0.1461E-02  0.8078E-04  0.2979E-05  0.5782E-05  0.0000E+00  0.0000E+00
  0.1340E-01  0.5399E-01  0.1046E-01  0.5405E-02  0.6364E-07  0.2212E-05
  0.1930E-05  0.3365E-01  0.3136E-03  0.1170E-01  0.0000E+00  0.0000E+00
  0.1315E-01  0.2823E-01  0.2644E-01  0.1009E-01  0.1441E-05  0.0000E+00
  0.2960E-03  0.5438E-02  0.1699E-01  0.1911E-06  0.0000E+00  0.0000E+00
  0.1444E+00  0.5202E-01  0.1452E-01  0.9956E-02  0.2740E-03  0.5295E-08
  0.2263E-01  0.1897E-01  0.1031E-01  0.2174E-01  0.2852E-05  0.0000E+00
  0.6628E-01  0.2094E-02  0.2236E-01  0.8107E-03  0.0000E+00  0.0000E+00
  0.1674E-01  0.2024E-01  0.1194E-01  0.8865E-02  0.0000E+00  0.1796E-04
  0.1695E-02  0.5309E-02  0.1342E-02  0.5300E-03  0.0000E+00  0.0000E+00
  0.1652E-01  0.2941E-01  0.8471E-02  0.4918E-02  0.0000E+00  0.0000E+00
  0.2883E-02  0.9802E-03  0.1227E-02  0.1283E-01  0.0000E+00  0.0000E+00
  0.1148E+00  0.6018E-02  0.9282E-02  0.6214E-02  0.1136E-05  0.3086E-06
  0.1836E-02  0.1881E-01  0.1944E-01  0.6939E-03  0.0000E+00  0.7361E-04
 Relative number of events:
  0.7500E-03  0.1125E-02  0.1250E-03  0.3750E-03  0.0000E+00  0.0000E+00
  0.4000E-01  0.3837E-01  0.3413E-01  0.3400E-01  0.1250E-03  0.0000E+00
  0.3750E-03  0.5000E-03  0.1250E-03  0.1250E-03  0.0000E+00  0.0000E+00
  0.3900E-01  0.4238E-01  0.3637E-01  0.3463E-01  0.2500E-03  0.5000E-03
  0.3750E-03  0.1125E-02  0.3750E-03  0.2500E-03  0.0000E+00  0.0000E+00
  0.4125E-01  0.4412E-01  0.3263E-01  0.3625E-01  0.3750E-03  0.0000E+00
  0.8750E-03  0.8750E-03  0.1250E-03  0.1250E-03  0.0000E+00  0.0000E+00
  0.4075E-01  0.3875E-01  0.3662E-01  0.3400E-01  0.2500E-03  0.1250E-03
  0.2312E-01  0.2113E-01  0.1850E-01  0.1950E-01  0.3750E-03  0.0000E+00
  0.4875E-02  0.6125E-02  0.3375E-02  0.3375E-02  0.0000E+00  0.0000E+00
  0.2375E-01  0.2237E-01  0.1738E-01  0.1663E-01  0.0000E+00  0.2500E-03
  0.4000E-02  0.3125E-02  0.4500E-02  0.3750E-02  0.0000E+00  0.0000E+00
  0.2138E-01  0.2125E-01  0.1650E-01  0.1837E-01  0.0000E+00  0.0000E+00
  0.5625E-02  0.3875E-02  0.3875E-02  0.3250E-02  0.0000E+00  0.0000E+00
  0.2175E-01  0.2275E-01  0.1812E-01  0.1800E-01  0.1250E-03  0.1250E-03
  0.4125E-02  0.4375E-02  0.3875E-02  0.3875E-02  0.0000E+00  0.1250E-03
 Events:
           6           9           1           3           0           0
         320         307         273         272           1           0
           3           4           1           1           0           0
         312         339         291         277           2           4
           3           9           3           2           0           0
         330         353         261         290           3           0
           7           7           1           1           0           0
         326         310         293         272           2           1
         185         169         148         156           3           0
          39          49          27          27           0           0
         190         179         139         133           0           2
          32          25          36          30           0           0
         171         170         132         147           0           0
          45          31          31          26           0           0
         174         182         145         144           1           1
          33          35          31          31           0           1
 Accuracy:    0.141   0.100   0.122   1.342
 Found          306  events.
 Wrote            7  events.
 Actual xsec    1.2947047097214231E-009
 Correct abs xsec    1.2947047097214231E-009
 Event xsec    1.2947047097214231E-009
 Events wgts > 1:            1
 % Cross section > 1:    6.4731094263869288E-017   4.9996801415665850E-006
 Iteration  5   Mean: 0.1859E-08 Abs mean: 0.1859E-08   Fluctuation:  0.239E-09   0.194E-05    75.3%
  5    0.1859E-08 0.1859E-08 +- 0.2391E-09     16.27
 Relative summed weights:
  0.1720E-03  0.5230E-02  0.3840E-01  0.5428E-04  0.0000E+00  0.0000E+00
  0.1468E-01  0.3457E-01  0.1576E-01  0.1496E-01  0.9224E-05  0.2621E-04
  0.9375E-04  0.4938E-02  0.4140E-04  0.2633E-03  0.0000E+00  0.0000E+00
  0.2079E-01  0.1569E-01  0.4898E-01  0.4508E-01  0.1339E-03  0.7739E-05
  0.3056E-02  0.3382E-02  0.1630E-02  0.6723E-01  0.0000E+00  0.0000E+00
  0.2547E-01  0.1242E-01  0.1064E-01  0.2720E-01  0.3968E-06  0.6544E-05
  0.1515E-01  0.3244E-02  0.1712E-02  0.4035E-04  0.0000E+00  0.0000E+00
  0.3633E-01  0.1164E-01  0.7468E-01  0.8172E-02  0.2723E-06  0.1304E-07
  0.1011E-01  0.8906E-02  0.7615E-02  0.1731E-01  0.0000E+00  0.0000E+00
  0.2475E-02  0.7914E-02  0.4205E-02  0.1302E-01  0.0000E+00  0.0000E+00
  0.3798E-01  0.2114E-01  0.1902E-01  0.7017E-02  0.9026E-05  0.3177E-10
  0.1684E-02  0.6794E-02  0.9066E-02  0.1055E-01  0.1696E-05  0.0000E+00
  0.4355E-01  0.5501E-01  0.7100E-02  0.9332E-02  0.2957E-08  0.0000E+00
  0.2925E-02  0.2362E-01  0.1406E-02  0.8049E-03  0.0000E+00  0.0000E+00
  0.1251E-01  0.2665E-01  0.1341E-01  0.6670E-02  0.0000E+00  0.9101E-07
  0.2774E-02  0.1307E-01  0.2961E-01  0.4866E-02  0.0000E+00  0.0000E+00
 Relative number of events:
  0.5000E-03  0.6250E-03  0.1875E-03  0.1250E-03  0.0000E+00  0.0000E+00
  0.4031E-01  0.3994E-01  0.3431E-01  0.3694E-01  0.1875E-03  0.1875E-03
  0.7500E-03  0.6875E-03  0.4375E-03  0.3125E-03  0.0000E+00  0.0000E+00
  0.4381E-01  0.3925E-01  0.3631E-01  0.3438E-01  0.2500E-03  0.1250E-03
  0.8125E-03  0.3750E-03  0.2500E-03  0.3750E-03  0.0000E+00  0.0000E+00
  0.3956E-01  0.4119E-01  0.3781E-01  0.3413E-01  0.1250E-03  0.1250E-03
  0.5000E-03  0.5000E-03  0.2500E-03  0.2500E-03  0.0000E+00  0.0000E+00
  0.4063E-01  0.4425E-01  0.3331E-01  0.3413E-01  0.6250E-04  0.1250E-03
  0.2306E-01  0.2106E-01  0.1525E-01  0.1644E-01  0.0000E+00  0.0000E+00
  0.4063E-02  0.4313E-02  0.3500E-02  0.4250E-02  0.0000E+00  0.0000E+00
  0.2269E-01  0.2281E-01  0.1669E-01  0.2113E-01  0.1875E-03  0.6250E-04
  0.3875E-02  0.3625E-02  0.4500E-02  0.3687E-02  0.6250E-04  0.0000E+00
  0.2231E-01  0.2250E-01  0.1919E-01  0.1613E-01  0.6250E-04  0.0000E+00
  0.3812E-02  0.4812E-02  0.4313E-02  0.4375E-02  0.0000E+00  0.0000E+00
  0.2212E-01  0.2044E-01  0.1700E-01  0.1713E-01  0.0000E+00  0.6250E-04
  0.4313E-02  0.4125E-02  0.3750E-02  0.3938E-02  0.0000E+00  0.0000E+00
 Events:
           8          10           3           2           0           0
         645         639         549         591           3           3
          12          11           7           5           0           0
         701         628         581         550           4           2
          13           6           4           6           0           0
         633         659         605         546           2           2
           8           8           4           4           0           0
         650         708         533         546           1           2
         369         337         244         263           0           0
          65          69          56          68           0           0
         363         365         267         338           3           1
          62          58          72          59           1           0
         357         360         307         258           1           0
          61          77          69          70           0           0
         354         327         272         274           0           1
          69          66          60          63           0           0
 Accuracy:    0.132   0.100   0.088   2.233
 Found          823  events.
 Wrote           17  events.
 Actual xsec    1.6413706162274012E-009
 Correct abs xsec    1.6413706162274012E-009
 Event xsec    1.6413706162274012E-009
 Events wgts > 1:            1
 % Cross section > 1:    4.0341997461979877E-012  0.24578237884326032     

 -------------------------------------------------------------------------------
 Accumulated results:   Integral =  0.1503E-08
                        Std dev  =  0.1328E-09
                       Cross sec =  0.1503E-08
             Chi**2 per DoF.     =      2.2333
 -------------------------------------------------------------------------------
-------------------------------------------------
---------------------------
 Results Last   3 iters: Integral =   0.1641E-08
                     Abs integral =   0.1641E-08
                          Std dev =   0.1598E-09
                  Chi**2 per DoF. =      1.7534
-------------------------------------------------
---------------------------
 Status  0.10000000000000001                6           5

ls status:
events.lhe
ftn26
input_app.txt
results.dat
run1_app.log
