 Process in group number            1
 A PDF is used, so alpha_s(MZ) is going to be modified
 Old value of alpha_s from param_card:   0.11839999999999999     
  ****************************************
 
       NNPDFDriver version 1.0.3
   Grid: NNPDF23_lo_as_0130_qed_mem0.grid
  ****************************************
 New value of alpha_s from PDF nn23lo1:  0.13000000000000000     
 Define smin to   1600.0000000000000     
 Define smin to   1600.0000000000000     
 Define smin to   1600.0000000000000     
 *****************************************************
 *               MadGraph/MadEvent                   *
 *        --------------------------------           *
 *          http://madgraph.hep.uiuc.edu             *
 *          http://madgraph.phys.ucl.ac.be           *
 *          http://madgraph.roma2.infn.it            *
 *        --------------------------------           *
 *                                                   *
 *          PARAMETER AND COUPLING VALUES            *
 *                                                   *
 *****************************************************

  External Params
  ---------------------------------
  
 mdl_VeN1 =    1.0000000000000000     
 mdl_VeN2 =    0.0000000000000000     
 mdl_VeN3 =    0.0000000000000000     
 mdl_VmuN1 =    0.0000000000000000     
 mdl_VmuN2 =    1.0000000000000000     
 mdl_VmuN3 =    0.0000000000000000     
 mdl_VtaN1 =    0.0000000000000000     
 mdl_VtaN2 =    0.0000000000000000     
 mdl_VtaN3 =    1.0000000000000000     
 mdl_VN1N1 =    1.0000000000000000     
 mdl_VN1N2 =    1.0000000000000000     
 mdl_VN1N3 =    1.0000000000000000     
 mdl_VN2N2 =    1.0000000000000000     
 mdl_VN2N3 =    1.0000000000000000     
 mdl_VN3N3 =    1.0000000000000000     
 aEWM1 =    127.90000000000001     
 mdl_Gf =    1.1663700000000000E-005
 aS =   0.11839999999999999     
 mdl_ymt =    172.00000000000000     
 mdl_vevf =    50.000000000000000     
 mdl_MZ =    91.187600000000003     
 mdl_MT =    172.00000000000000     
 mdl_MH =    125.00000000000000     
 mdl_mN1 =    2000.0000000000000     
 mdl_mN2 =    2100.0000000000000     
 mdl_mN3 =    2200.0000000000000     
 mdl_MJ =    91.187600000000003     
 mdl_MAx =    173.04800000000000     
 mdl_WZ =    2.4952000000000001     
 mdl_WW =    2.0850000000000000     
 mdl_WT =    1.5083359999999999     
 mdl_WH =    4.0699999999999998E-003
 mdl_WN1 =   0.30299999999999999     
 mdl_WN2 =    1.5000000000000000     
 mdl_WN3 =    12.300000000000001     
 mdl_WJ =    2.4952000000000001     
 mdl_WAx =    4.1700000000000001E-003
  Internal Params
  ---------------------------------
  
 mdl_vevf__exp__2 =    2500.0000000000000     
 mdl_sqrt__vevf__exp__2 =    50.000000000000000     
 mdl_muJ =    50.000000000000000     
 mdl_MZ__exp__2 =    8315.1783937600012     
 mdl_MZ__exp__4 =    69142191.720053151     
 mdl_sqrt__2 =    1.4142135623730951     
 mdl_MJ__exp__2 =    8315.1783937600012     
 mdl_muJ__exp__2 =    2500.0000000000000     
 mdl_lamJ =    4.3260713575040004     
 mdl_MH__exp__2 =    15625.000000000000     
 mdl_complexi =  (  0.0000000000000000     ,  1.0000000000000000     )
 mdl_aEW =    7.8186082877247844E-003
 mdl_MW =    79.824359746197842     
 mdl_sqrt__aEW =    8.8422894590285753E-002
 mdl_ee =   0.31345100004952897     
 mdl_MW__exp__2 =    6371.9284088904105     
 mdl_sw2 =   0.23369913342182447     
 mdl_cw =   0.87538612427783857     
 mdl_sqrt__sw2 =   0.48342438232036300     
 mdl_sw =   0.48342438232036300     
 mdl_g1 =   0.35807170271074895     
 mdl_gN =   0.64839716719502682     
 mdl_gw =   0.64839716719502682     
 mdl_vev =    246.22056907348590     
 mdl_vev__exp__2 =    60624.568634871241     
 mdl_lam =   0.12886689630821144     
 mdl_yt =   0.98791394091683138     
 mdl_muH =    88.388347648318444     
 mdl_I2a33 =  ( 0.98791394091683138     ,  0.0000000000000000     )
 mdl_I3a33 =  ( 0.98791394091683138     ,  0.0000000000000000     )
 mdl_ee__exp__2 =    9.8251529432049817E-002
 mdl_sw__exp__2 =   0.23369913342182450     
 mdl_cw__exp__2 =   0.76630086657817542     
  Internal Params evaluated point by point
  ----------------------------------------
  
 mdl_sqrt__aS =   0.34409301068170506     
 mdl_G__exp__2 =    1.4878582807401259     
  Couplings of SM_HeavyN_UFO
  ---------------------------------
  
         GC_1 =  -0.00000E+00  -0.10448E+00
         GC_2 =   0.00000E+00   0.20897E+00
         GC_3 =  -0.00000E+00  -0.31345E+00
         GC_4 =   0.00000E+00   0.31345E+00
        GC_26 =   0.00000E+00   0.45849E+00
        GC_27 =  -0.00000E+00  -0.28380E+00
        GC_28 =   0.00000E+00   0.28380E+00
        GC_30 =   0.00000E+00   0.56760E+00
        GC_35 =  -0.00000E+00  -0.28850E-01
        GC_37 =   0.00000E+00   0.17310E+00
        GC_39 =   0.00000E+00  -0.19725E+00
        GC_40 =   0.00000E+00   0.37035E+00
        GC_80 =   0.00000E+00   0.67543E+02
       GC_107 =  -0.00000E+00  -0.74070E+00
       GC_109 =  -0.00000E+00  -0.74070E+00
       GC_111 =  -0.00000E+00  -0.74070E+00
       GC_113 =  -0.00000E+00  -0.74070E+00
       GC_115 =  -0.00000E+00  -0.74070E+00
       GC_117 =  -0.00000E+00  -0.74070E+00
       GC_119 =   0.00000E+00   0.00000E+00
       GC_120 =   0.00000E+00   0.00000E+00
       GC_122 =  -0.00000E+00  -0.00000E+00
       GC_126 =   0.00000E+00   0.00000E+00
       GC_127 =   0.00000E+00   0.00000E+00
       GC_129 =  -0.00000E+00  -0.00000E+00
       GC_133 =   0.00000E+00   0.45849E+00
       GC_134 =   0.00000E+00   0.37035E+00
       GC_136 =  -0.00000E+00  -0.89351E+01
        GC_81 =   0.40000E+02   0.00000E+00
        GC_82 =   0.42000E+02   0.00000E+00
        GC_83 =   0.44000E+02   0.00000E+00

 Collider parameters:
 --------------------

 Running at P P   machine @    13000.000000000000       GeV
 PDF set = nn23lo1
 alpha_s(Mz)= 0.1300 running at 2 loops.
 alpha_s(Mz)= 0.1300 running at 2 loops.
 Renormalization scale set on event-by-event basis
 Factorization   scale set on event-by-event basis


 getting user params
Enter number of events and max and min iterations: 
 Number of events and iterations         1000           5           3
Enter desired fractional accuracy: 
 Desired fractional accuracy:   0.10000000000000001     
Enter 0 for fixed, 2 for adjustable grid: 
Suppress amplitude (0 no, 1 yes)? 
 Using suppressed amplitude.
Exact helicity sum (0 yes, n = number/event)? 
 Explicitly summing over helicities
Enter Configuration Number: 
Running Configuration Number:  369
 Using dconfig=         728
 BW Setting            2           2           2           2           2           2           0
 Attempting mappinvarients           1           9
 Completed mapping           9
 about to integrate           19        1000           5           3          19           1
 Using non-zero grid deformation.
 19 dimensions   1000 events 19 invarients  5 iterations  1 config(s),  (0.99)
 Using h-tuple random number sequence.
 Error opening grid
 Using Uniform Grid!          36
 Using uniform alpha   1.0000000000000000     
 Grid defined OK
 Set CM energy to      13000.00
 Mapping Graph         369  to config         369
Setting grid   1    0.59172E-08   1
Setting grid   2    0.59172E-08   1
Setting grid   3    0.75740E-07   1
Setting grid   4    0.75740E-07   1
Setting grid   5    0.53139E-04   1
Setting grid   6    0.53139E-04   1
 Transforming s_hat 1/s           18   1.0183542244828404E-004   1600.0000000000000        168999999.99999997     
 369   1   2   3   4   5   6   7   8   9  10  11  12  13  14
  15  16  17  18  19
 Masses: 0.000E+00 0.000E+00 0.000E+00 0.000E+00 0.000E+00 0.000E+00 0.000E+00 0.000E+00 0.912E+02
Using random seed offsets   369 :      1
  with seed                   24
 Ranmar initialization seeds          99        9398
 
 ********************************************
 * You are using the DiscreteSampler module *
 *      part of the MG5_aMC framework       *
 *         Author: Valentin Hirschi         *
 ********************************************
 
  Particle       3       4       5       6       7       8       9
      Et >    10.0    10.0    10.0    10.0     0.0     0.0     0.0
       E >     0.0     0.0     0.0     0.0     0.0     0.0     0.0
     Eta <     2.5     2.5     2.5     2.5    -1.0    -1.0    -1.0
   xqcut:      0.0     0.0     0.0     0.0     0.0     0.0     0.0
d R # 3  >    -0.0     0.4     0.4     0.4     0.0     0.0     0.0
d R # 4  >    -0.0    -0.0     0.4     0.4     0.0     0.0     0.0
d R # 5  >    -0.0    -0.0    -0.0     0.4     0.0     0.0     0.0
d R # 6  >    -0.0    -0.0    -0.0    -0.0     0.0     0.0     0.0
d R # 7  >    -0.0    -0.0    -0.0    -0.0    -0.0     0.0     0.0
d R # 8  >    -0.0    -0.0    -0.0    -0.0    -0.0    -0.0     0.0
s min # 3>     0.0     0.0     0.0     0.0     0.0     0.0     0.0
s min # 4>     0.0     0.0     0.0     0.0     0.0     0.0     0.0
s min # 5>     0.0     0.0     0.0     0.0     0.0     0.0     0.0
s min # 6>     0.0     0.0     0.0     0.0     0.0     0.0     0.0
s min # 7>     0.0     0.0     0.0     0.0     0.0     0.0     0.0
s min # 8>     0.0     0.0     0.0     0.0     0.0     0.0     0.0
xqcutij # 3>     0.0     0.0     0.0     0.0     0.0     0.0     0.0
xqcutij # 4>     0.0     0.0     0.0     0.0     0.0     0.0     0.0
xqcutij # 5>     0.0     0.0     0.0     0.0     0.0     0.0     0.0
xqcutij # 6>     0.0     0.0     0.0     0.0     0.0     0.0     0.0
xqcutij # 7>     0.0     0.0     0.0     0.0     0.0     0.0     0.0
xqcutij # 8>     0.0     0.0     0.0     0.0     0.0     0.0     0.0
 Excluding BW           -1           1
 Excluding BW           -2           2
 Excluding BW           -3           3
 Excluding BW           -4           4
 Excluding BW           -5           5
 Excluding BW           -6           6
 alpha_s for scale    90.915949995053694       is   0.13006486092615280     
 Added good helicity            1   20.405158319893800       in event            1 local:           1
 Added good helicity           21   2.7858435066975682       in event            1 local:           1
 Added good helicity           25   15.688053075277008       in event            1 local:           1
 Added good helicity           37   6.7693063606438164       in event            1 local:           1
 Added good helicity           41   1.1559702501816966       in event            1 local:           1
 Added good helicity           61   3.2988450773268512       in event            1 local:           1
 Added good helicity          193   18.685208257115615       in event            1 local:           1
 Added good helicity          213   19.329389935845906       in event            1 local:           1
 Added good helicity          217   152.25732041840351       in event            1 local:           1
 Added good helicity          229   6.6353003227559286       in event            1 local:           1
 Added good helicity          233   8.4873990470323672       in event            1 local:           1
 Added good helicity          253  0.50220542882595676       in event            1 local:           1
 Added good helicity            1   20.405158319893662       in event            1 local:           1
 Added good helicity           21   2.7858435066975442       in event            1 local:           1
 Added good helicity           25   15.688053075277022       in event            1 local:           1
 Added good helicity           37   6.7693063606438564       in event            1 local:           1
 Added good helicity           41   1.1559702501816740       in event            1 local:           1
 Added good helicity           61   3.2988450773268219       in event            1 local:           1
 Added good helicity          193   18.685208257115498       in event            1 local:           1
 Added good helicity          213   19.329389935845807       in event            1 local:           1
 Added good helicity          217   152.25732041840374       in event            1 local:           1
 Added good helicity          229   6.6353003227560015       in event            1 local:           1
 Added good helicity          233   8.4873990470324490       in event            1 local:           1
 Added good helicity          253  0.50220542882594821       in event            1 local:           1
 RESET CUMULATIVE VARIABLE
 RESET CUMULATIVE VARIABLE
 RESET CUMULATIVE VARIABLE
 Iteration  1   Mean: 0.1409E-14 Abs mean: 0.1409E-14   Fluctuation:  0.979E-15   0.843E-12     2.7%
  1    0.1409E-14 0.1409E-14 +- 0.9788E-15     21.97
 Writing out events   1.0372398425500257E-017   21.967303032101739     
 Relative summed weights:
  0.5341E-03  0.5007E-04  0.3536E+00  0.1952E-02  0.5024E-06  0.1158E-01
  0.7233E-06  0.8751E-10  0.2735E-06  0.4169E-05  0.0000E+00  0.0000E+00
  0.3524E-06  0.1339E-01  0.2290E-06  0.2063E-03  0.2290E-13  0.0000E+00
  0.1891E-04  0.3358E-05  0.5347E-05  0.1587E-12  0.3224E-06  0.1531E-17
  0.5442E-04  0.1051E-04  0.5965E+00  0.6526E-02  0.6848E-17  0.1321E-07
  0.1197E-01  0.3628E-03  0.1088E-04  0.1277E-04  0.1389E-07  0.8216E-16
  0.1296E-09  0.3704E-07  0.7009E-07  0.3135E-02  0.0000E+00  0.0000E+00
  0.2512E-05  0.7665E-09  0.1479E-05  0.2430E-05  0.3023E-05  0.0000E+00
 Relative number of events:
  0.4361E-01  0.3766E-01  0.5847E-01  0.5847E-01  0.3964E-02  0.6938E-02
  0.8920E-02  0.7929E-02  0.1883E-01  0.1189E-01  0.0000E+00  0.0000E+00
  0.4163E-01  0.4163E-01  0.5253E-01  0.7136E-01  0.3964E-02  0.0000E+00
  0.5946E-02  0.1388E-01  0.4955E-02  0.1982E-02  0.2973E-02  0.9911E-03
  0.3667E-01  0.4063E-01  0.5253E-01  0.6145E-01  0.9911E-03  0.4955E-02
  0.4658E-01  0.3370E-01  0.7433E-01  0.5550E-01  0.3964E-02  0.9911E-03
  0.1090E-01  0.8920E-02  0.1090E-01  0.1487E-01  0.0000E+00  0.0000E+00
  0.7929E-02  0.7929E-02  0.1090E-01  0.1586E-01  0.9911E-03  0.0000E+00
 Events:
          44          38          59          59           4           7
           9           8          19          12           0           0
          42          42          53          72           4           0
           6          14           5           2           3           1
          37          41          53          62           1           5
          47          34          75          56           4           1
          11           9          11          15           0           0
           8           8          11          16           1           0
 Iteration  2   Mean: 0.4349E-12 Abs mean: 0.4349E-12   Fluctuation:  0.421E-12   0.842E-09    31.8%
  2    0.4349E-12 0.4349E-12 +- 0.4210E-12     43.29
 Relative summed weights:
  0.1368E-03  0.4634E-05  0.4667E-06  0.7389E-03  0.3904E-09  0.1892E-07
  0.1966E-07  0.2577E-05  0.5888E-06  0.2000E-06  0.0000E+00  0.1010E-16
  0.6515E-08  0.3274E-04  0.1232E-04  0.2450E-05  0.1771E-11  0.1895E-09
  0.4393E-06  0.1156E-07  0.1295E-03  0.1013E-05  0.0000E+00  0.0000E+00
  0.1044E-06  0.1880E-04  0.1735E-04  0.5063E-06  0.4579E-11  0.2535E-12
  0.1037E-03  0.9674E+00  0.4463E-05  0.2646E-04  0.1204E-09  0.8716E-09
  0.8439E-06  0.1222E-06  0.6259E-06  0.9612E-09  0.0000E+00  0.3324E-08
  0.1996E-05  0.3137E-01  0.1244E-08  0.5267E-06  0.3279E-09  0.0000E+00
 Relative number of events:
  0.5050E-01  0.4850E-01  0.5350E-01  0.5850E-01  0.1500E-02  0.2000E-02
  0.6500E-02  0.1300E-01  0.9500E-02  0.1100E-01  0.0000E+00  0.1500E-02
  0.5050E-01  0.4800E-01  0.5150E-01  0.6400E-01  0.2000E-02  0.1500E-02
  0.1050E-01  0.1600E-01  0.1150E-01  0.1000E-01  0.0000E+00  0.0000E+00
  0.4350E-01  0.4300E-01  0.5400E-01  0.5050E-01  0.1500E-02  0.1000E-02
  0.4300E-01  0.5500E-01  0.4550E-01  0.5700E-01  0.1000E-02  0.4000E-02
  0.1400E-01  0.6500E-02  0.1050E-01  0.1000E-01  0.0000E+00  0.5000E-03
  0.9000E-02  0.7500E-02  0.1000E-01  0.1100E-01  0.5000E-03  0.0000E+00
 Events:
         101          97         107         117           3           4
          13          26          19          22           0           3
         101          96         103         128           4           3
          21          32          23          20           0           0
          87          86         108         101           3           2
          86         110          91         114           2           8
          28          13          21          20           0           1
          18          15          20          22           1           0
 Iteration  3   Mean: 0.3925E-14 Abs mean: 0.3925E-14   Fluctuation:  0.324E-14   0.129E-10    39.5%
  3    0.3925E-14 0.3925E-14 +- 0.3240E-14     52.21
 Relative summed weights:
  0.1202E-02  0.4561E-02  0.1356E-03  0.3721E-01  0.1365E-24  0.2211E-09
  0.3467E-05  0.2071E-04  0.4423E-02  0.6865E-01  0.0000E+00  0.0000E+00
  0.1581E-03  0.1569E-04  0.2768E-02  0.2657E-03  0.2430E-13  0.2622E-12
  0.1025E-05  0.9654E-05  0.3928E-05  0.7090E-06  0.1138E-09  0.0000E+00
  0.2794E-05  0.7114E-04  0.4288E-01  0.2797E-03  0.6762E-15  0.0000E+00
  0.8207E+00  0.1122E-01  0.1668E-02  0.2164E-02  0.1805E-12  0.0000E+00
  0.4942E-03  0.2106E-04  0.6765E-05  0.2194E-04  0.0000E+00  0.0000E+00
  0.3025E-03  0.4746E-03  0.2326E-04  0.2645E-03  0.0000E+00  0.0000E+00
 Relative number of events:
  0.6275E-01  0.5825E-01  0.4400E-01  0.4475E-01  0.2500E-03  0.2500E-03
  0.1150E-01  0.1400E-01  0.1050E-01  0.6750E-02  0.0000E+00  0.0000E+00
  0.5850E-01  0.5975E-01  0.4825E-01  0.4450E-01  0.5000E-03  0.2500E-03
  0.1325E-01  0.1200E-01  0.7750E-02  0.1000E-01  0.2500E-03  0.0000E+00
  0.5450E-01  0.6050E-01  0.4525E-01  0.4825E-01  0.2500E-03  0.0000E+00
  0.5725E-01  0.6000E-01  0.4375E-01  0.4525E-01  0.2500E-03  0.0000E+00
  0.1100E-01  0.1175E-01  0.7750E-02  0.8500E-02  0.0000E+00  0.0000E+00
  0.1400E-01  0.9750E-02  0.7000E-02  0.7000E-02  0.0000E+00  0.0000E+00
 Events:
         251         233         176         179           1           1
          46          56          42          27           0           0
         234         239         193         178           2           1
          53          48          31          40           1           0
         218         242         181         193           1           0
         229         240         175         181           1           0
          44          47          31          34           0           0
          56          39          28          28           0           0
 Accuracy:    1.257   0.100   0.466   7.279
 Found            7  events.
 Wrote            1  events.
 Actual xsec    1.0264696828726045E-013
 Correct abs xsec    1.0264696828726045E-013
 Event xsec    1.0264696828726045E-013
 Events wgts > 1:            1
 % Cross section > 1:    2.5157955034501001E-021   2.4509204172592560E-006
 Iteration  4   Mean: 0.2384E-14 Abs mean: 0.2384E-14   Fluctuation:  0.142E-14   0.896E-11    56.5%
  4    0.2384E-14 0.2384E-14 +- 0.1424E-14     53.41
 Relative summed weights:
  0.3668E+00  0.1214E-01  0.6049E-04  0.9914E-02  0.2348E-09  0.8744E-05
  0.2343E-02  0.4933E-01  0.3476E-04  0.2275E-04  0.0000E+00  0.9669E-13
  0.2922E-02  0.1091E-01  0.4353E-03  0.9162E-02  0.0000E+00  0.5103E-14
  0.4683E-03  0.4188E-04  0.2304E-04  0.3352E-04  0.4726E-06  0.0000E+00
  0.1244E-01  0.9053E-02  0.2191E-02  0.2044E-02  0.3071E-10  0.0000E+00
  0.4712E+00  0.1042E-01  0.7711E-03  0.1642E-01  0.1723E-07  0.2057E-15
  0.7050E-03  0.1059E-02  0.6698E-05  0.1018E-02  0.5372E-11  0.0000E+00
  0.1128E-04  0.7526E-02  0.9074E-04  0.4298E-03  0.0000E+00  0.0000E+00
 Relative number of events:
  0.5800E-01  0.6475E-01  0.4125E-01  0.4738E-01  0.5000E-03  0.8750E-03
  0.1337E-01  0.1325E-01  0.6625E-02  0.8750E-02  0.0000E+00  0.1250E-03
  0.6463E-01  0.6000E-01  0.4288E-01  0.4275E-01  0.0000E+00  0.1250E-03
  0.1150E-01  0.1213E-01  0.7375E-02  0.6875E-02  0.1250E-03  0.0000E+00
  0.6012E-01  0.6075E-01  0.4738E-01  0.4512E-01  0.2500E-03  0.0000E+00
  0.5825E-01  0.5638E-01  0.4412E-01  0.3913E-01  0.2500E-03  0.1250E-03
  0.1263E-01  0.1225E-01  0.7000E-02  0.9875E-02  0.1250E-03  0.0000E+00
  0.1263E-01  0.1238E-01  0.9125E-02  0.8875E-02  0.0000E+00  0.0000E+00
 Events:
         464         518         330         379           4           7
         107         106          53          70           0           1
         517         480         343         342           0           1
          92          97          59          55           1           0
         481         486         379         361           2           0
         466         451         353         313           2           1
         101          98          56          79           1           0
         101          99          73          71           0           0
 Accuracy:    1.355   0.100   0.367  13.605
 Found           54  events.
 Wrote            3  events.
 Actual xsec    8.9279992201284664E-014
 Correct abs xsec    8.9279992201284664E-014
 Event xsec    8.9279992201284664E-014
 Events wgts > 1:            1
 % Cross section > 1:    1.5581624713027245E-021   1.7452538165435724E-006
 Iteration  5   Mean: 0.3490E-13 Abs mean: 0.3490E-13   Fluctuation:  0.200E-13   0.310E-09    54.6%
  5    0.3490E-13 0.3490E-13 +- 0.1999E-13     72.47
 Relative summed weights:
  0.2340E-01  0.7236E-02  0.1026E-01  0.6050E+00  0.4421E-06  0.1888E-07
  0.1376E-01  0.8687E-02  0.5576E-05  0.3370E-02  0.1570E-14  0.8383E-07
  0.1871E-03  0.1420E-01  0.2395E-02  0.8788E-02  0.6699E-10  0.8988E-06
  0.2162E-02  0.5542E-02  0.5847E-01  0.1007E-01  0.3163E-21  0.2807E-08
  0.1838E-01  0.4182E-01  0.2219E-02  0.5414E-02  0.2014E-08  0.1889E-12
  0.2734E-02  0.3193E-01  0.4588E-03  0.1265E-02  0.6077E-08  0.6263E-11
  0.1752E-02  0.2276E-02  0.1988E-03  0.1226E-03  0.1592E-14  0.6345E-13
  0.1086E-02  0.1164E+00  0.3885E-03  0.2380E-04  0.9158E-16  0.7663E-09
 Relative number of events:
  0.5513E-01  0.6081E-01  0.4694E-01  0.4406E-01  0.2500E-03  0.4375E-03
  0.1231E-01  0.1162E-01  0.8375E-02  0.8812E-02  0.6250E-04  0.1250E-03
  0.5650E-01  0.5894E-01  0.4738E-01  0.4512E-01  0.3125E-03  0.3125E-03
  0.1131E-01  0.1200E-01  0.8188E-02  0.8313E-02  0.6250E-04  0.2500E-03
  0.5563E-01  0.5669E-01  0.4581E-01  0.4669E-01  0.1875E-03  0.2500E-03
  0.5862E-01  0.6119E-01  0.4344E-01  0.4788E-01  0.6250E-03  0.2500E-03
  0.1200E-01  0.1337E-01  0.8875E-02  0.8250E-02  0.6250E-04  0.1250E-03
  0.1256E-01  0.1269E-01  0.8625E-02  0.8438E-02  0.6250E-04  0.6250E-04
 Events:
         882         973         751         705           4           7
         197         186         134         141           1           2
         904         943         758         722           5           5
         181         192         131         133           1           4
         890         907         733         747           3           4
         938         979         695         766          10           4
         192         214         142         132           1           2
         201         203         138         135           1           1
 Accuracy:    1.147   0.100   0.309  13.765
 Found          316  events.
 Wrote            2  events.
 Actual xsec    1.6229981188005491E-014
 Correct abs xsec    1.6229981188005491E-014
 Event xsec    1.6229981188005491E-014
 Events wgts > 1:            1
 % Cross section > 1:    4.7754870931391453E-022   2.9423860926397089E-006

 -------------------------------------------------------------------------------
 Accumulated results:   Integral =  0.5603E-13
                        Std dev  =  0.1732E-13
                       Cross sec =  0.5603E-13
             Chi**2 per DoF.     =     13.7655
 -------------------------------------------------------------------------------
-------------------------------------------------
---------------------------
 Results Last   3 iters: Integral =   0.1623E-13
                     Abs integral =   0.1623E-13
                          Std dev =   0.5999E-14
                  Chi**2 per DoF. =     54.9226
-------------------------------------------------
---------------------------
 Status  0.10000000000000001                6           5

ls status:
events.lhe
ftn26
input_app.txt
results.dat
run1_app.log
