 Process in group number            1
 A PDF is used, so alpha_s(MZ) is going to be modified
 Old value of alpha_s from param_card:   0.11839999999999999     
  ****************************************
 
       NNPDFDriver version 1.0.3
   Grid: NNPDF23_lo_as_0130_qed_mem0.grid
  ****************************************
 New value of alpha_s from PDF nn23lo1:  0.13000000000000000     
 Define smin to   1600.0000000000000     
 Define smin to   1600.0000000000000     
 Define smin to   1600.0000000000000     
 *****************************************************
 *               MadGraph/MadEvent                   *
 *        --------------------------------           *
 *          http://madgraph.hep.uiuc.edu             *
 *          http://madgraph.phys.ucl.ac.be           *
 *          http://madgraph.roma2.infn.it            *
 *        --------------------------------           *
 *                                                   *
 *          PARAMETER AND COUPLING VALUES            *
 *                                                   *
 *****************************************************

  External Params
  ---------------------------------
  
 mdl_VeN1 =    1.0000000000000000     
 mdl_VeN2 =    0.0000000000000000     
 mdl_VeN3 =    0.0000000000000000     
 mdl_VmuN1 =    0.0000000000000000     
 mdl_VmuN2 =    1.0000000000000000     
 mdl_VmuN3 =    0.0000000000000000     
 mdl_VtaN1 =    0.0000000000000000     
 mdl_VtaN2 =    0.0000000000000000     
 mdl_VtaN3 =    1.0000000000000000     
 mdl_VN1N1 =    1.0000000000000000     
 mdl_VN1N2 =    1.0000000000000000     
 mdl_VN1N3 =    1.0000000000000000     
 mdl_VN2N2 =    1.0000000000000000     
 mdl_VN2N3 =    1.0000000000000000     
 mdl_VN3N3 =    1.0000000000000000     
 aEWM1 =    127.90000000000001     
 mdl_Gf =    1.1663700000000000E-005
 aS =   0.11839999999999999     
 mdl_ymt =    172.00000000000000     
 mdl_vevf =    50.000000000000000     
 mdl_MZ =    91.187600000000003     
 mdl_MT =    172.00000000000000     
 mdl_MH =    125.00000000000000     
 mdl_mN1 =    510.00000000000000     
 mdl_mN2 =    610.00000000000000     
 mdl_mN3 =    710.00000000000000     
 mdl_MJ =    91.187600000000003     
 mdl_MAx =    173.04800000000000     
 mdl_WZ =    2.4952000000000001     
 mdl_WW =    2.0850000000000000     
 mdl_WT =    1.5083359999999999     
 mdl_WH =    4.0699999999999998E-003
 mdl_WN1 =   0.30299999999999999     
 mdl_WN2 =    1.5000000000000000     
 mdl_WN3 =    12.300000000000001     
 mdl_WJ =    2.4952000000000001     
 mdl_WAx =    4.1700000000000001E-003
  Internal Params
  ---------------------------------
  
 mdl_vevf__exp__2 =    2500.0000000000000     
 mdl_sqrt__vevf__exp__2 =    50.000000000000000     
 mdl_muJ =    50.000000000000000     
 mdl_MZ__exp__2 =    8315.1783937600012     
 mdl_MZ__exp__4 =    69142191.720053151     
 mdl_sqrt__2 =    1.4142135623730951     
 mdl_MJ__exp__2 =    8315.1783937600012     
 mdl_muJ__exp__2 =    2500.0000000000000     
 mdl_lamJ =    4.3260713575040004     
 mdl_MH__exp__2 =    15625.000000000000     
 mdl_complexi =  (  0.0000000000000000     ,  1.0000000000000000     )
 mdl_aEW =    7.8186082877247844E-003
 mdl_MW =    79.824359746197842     
 mdl_sqrt__aEW =    8.8422894590285753E-002
 mdl_ee =   0.31345100004952897     
 mdl_MW__exp__2 =    6371.9284088904105     
 mdl_sw2 =   0.23369913342182447     
 mdl_cw =   0.87538612427783857     
 mdl_sqrt__sw2 =   0.48342438232036300     
 mdl_sw =   0.48342438232036300     
 mdl_g1 =   0.35807170271074895     
 mdl_gN =   0.64839716719502682     
 mdl_gw =   0.64839716719502682     
 mdl_vev =    246.22056907348590     
 mdl_vev__exp__2 =    60624.568634871241     
 mdl_lam =   0.12886689630821144     
 mdl_yt =   0.98791394091683138     
 mdl_muH =    88.388347648318444     
 mdl_I2a33 =  ( 0.98791394091683138     ,  0.0000000000000000     )
 mdl_I3a33 =  ( 0.98791394091683138     ,  0.0000000000000000     )
 mdl_ee__exp__2 =    9.8251529432049817E-002
 mdl_sw__exp__2 =   0.23369913342182450     
 mdl_cw__exp__2 =   0.76630086657817542     
  Internal Params evaluated point by point
  ----------------------------------------
  
 mdl_sqrt__aS =   0.34409301068170506     
 mdl_G__exp__2 =    1.4878582807401259     
  Couplings of SM_HeavyN_UFO
  ---------------------------------
  
         GC_1 =  -0.00000E+00  -0.10448E+00
         GC_2 =   0.00000E+00   0.20897E+00
         GC_3 =  -0.00000E+00  -0.31345E+00
         GC_4 =   0.00000E+00   0.31345E+00
        GC_26 =   0.00000E+00   0.45849E+00
        GC_27 =  -0.00000E+00  -0.28380E+00
        GC_28 =   0.00000E+00   0.28380E+00
        GC_30 =   0.00000E+00   0.56760E+00
        GC_35 =  -0.00000E+00  -0.28850E-01
        GC_37 =   0.00000E+00   0.17310E+00
        GC_39 =   0.00000E+00  -0.19725E+00
        GC_40 =   0.00000E+00   0.37035E+00
        GC_80 =   0.00000E+00   0.67543E+02
       GC_107 =  -0.00000E+00  -0.74070E+00
       GC_109 =  -0.00000E+00  -0.74070E+00
       GC_111 =  -0.00000E+00  -0.74070E+00
       GC_113 =  -0.00000E+00  -0.74070E+00
       GC_115 =  -0.00000E+00  -0.74070E+00
       GC_117 =  -0.00000E+00  -0.74070E+00
       GC_119 =   0.00000E+00   0.00000E+00
       GC_120 =   0.00000E+00   0.00000E+00
       GC_122 =  -0.00000E+00  -0.00000E+00
       GC_126 =   0.00000E+00   0.00000E+00
       GC_127 =   0.00000E+00   0.00000E+00
       GC_129 =  -0.00000E+00  -0.00000E+00
       GC_133 =   0.00000E+00   0.45849E+00
       GC_134 =   0.00000E+00   0.37035E+00
       GC_136 =  -0.00000E+00  -0.28836E+01
        GC_81 =   0.10200E+02   0.00000E+00
        GC_82 =   0.12200E+02   0.00000E+00
        GC_83 =   0.14200E+02   0.00000E+00

 Collider parameters:
 --------------------

 Running at P P   machine @    13000.000000000000       GeV
 PDF set = nn23lo1
 alpha_s(Mz)= 0.1300 running at 2 loops.
 alpha_s(Mz)= 0.1300 running at 2 loops.
 Renormalization scale set on event-by-event basis
 Factorization   scale set on event-by-event basis


 getting user params
Enter number of events and max and min iterations: 
 Number of events and iterations         1000           5           3
Enter desired fractional accuracy: 
 Desired fractional accuracy:   0.10000000000000001     
Enter 0 for fixed, 2 for adjustable grid: 
Suppress amplitude (0 no, 1 yes)? 
 Using suppressed amplitude.
Exact helicity sum (0 yes, n = number/event)? 
 Explicitly summing over helicities
Enter Configuration Number: 
Running Configuration Number:   24
 Using dconfig=          68
 BW Setting            2           1           1           2           0           0           0
 Attempting mappinvarients           1           9
 Completed mapping           9
 about to integrate           19        1000           5           3          19           1
 Using non-zero grid deformation.
 19 dimensions   1000 events 19 invarients  5 iterations  1 config(s),  (0.99)
 Using h-tuple random number sequence.
 Error opening grid
 Using Uniform Grid!          36
 Using uniform alpha   1.0000000000000000     
 Grid defined OK
 Set CM energy to      13000.00
 Mapping Graph          24  to config          24
Setting grid   1    0.75740E-07   1
Setting grid   2    0.75740E-07   1
Setting grid   3    0.75740E-07   1
 Setting BW          -4           2   710.00000000000000     
 Setting BW          -5           3   710.00000000000000     
Setting grid   6    0.32375E-02   1
 Transforming s_hat 1/s           18   3.2375014532175150E-003   1600.0000000000000        168999999.99999997     
  24   1   2   3   4   5   6   7   8   9  10  11  12  13  14
  15  16  17  18  19
 Masses: 0.000E+00 0.000E+00 0.000E+00 0.000E+00 0.000E+00 0.000E+00 0.000E+00 0.000E+00 0.912E+02
Using random seed offsets    24 :      1
  with seed                   24
 Ranmar initialization seeds       31082        9398
 
 ********************************************
 * You are using the DiscreteSampler module *
 *      part of the MG5_aMC framework       *
 *         Author: Valentin Hirschi         *
 ********************************************
 
  Particle       3       4       5       6       7       8       9
      Et >    10.0    10.0    10.0    10.0     0.0     0.0     0.0
       E >     0.0     0.0     0.0     0.0     0.0     0.0     0.0
     Eta <     2.5     2.5     2.5     2.5    -1.0    -1.0    -1.0
   xqcut:      0.0     0.0     0.0     0.0     0.0     0.0     0.0
d R # 3  >    -0.0     0.4     0.4     0.4     0.0     0.0     0.0
d R # 4  >    -0.0    -0.0     0.4     0.4     0.0     0.0     0.0
d R # 5  >    -0.0    -0.0    -0.0     0.4     0.0     0.0     0.0
d R # 6  >    -0.0    -0.0    -0.0    -0.0     0.0     0.0     0.0
d R # 7  >    -0.0    -0.0    -0.0    -0.0    -0.0     0.0     0.0
d R # 8  >    -0.0    -0.0    -0.0    -0.0    -0.0    -0.0     0.0
s min # 3>     0.0     0.0     0.0     0.0     0.0     0.0     0.0
s min # 4>     0.0     0.0     0.0     0.0     0.0     0.0     0.0
s min # 5>     0.0     0.0     0.0     0.0     0.0     0.0     0.0
s min # 6>     0.0     0.0     0.0     0.0     0.0     0.0     0.0
s min # 7>     0.0     0.0     0.0     0.0     0.0     0.0     0.0
s min # 8>     0.0     0.0     0.0     0.0     0.0     0.0     0.0
xqcutij # 3>     0.0     0.0     0.0     0.0     0.0     0.0     0.0
xqcutij # 4>     0.0     0.0     0.0     0.0     0.0     0.0     0.0
xqcutij # 5>     0.0     0.0     0.0     0.0     0.0     0.0     0.0
xqcutij # 6>     0.0     0.0     0.0     0.0     0.0     0.0     0.0
xqcutij # 7>     0.0     0.0     0.0     0.0     0.0     0.0     0.0
xqcutij # 8>     0.0     0.0     0.0     0.0     0.0     0.0     0.0
 Excluding BW           -3           1
 Requiring BW           -4           2
 Requiring BW           -5           3
 Excluding BW           -6           4
 alpha_s for scale    1843.7192007877209       is    8.6833893439405910E-002
 Added good helicity            1  0.29954085516942647       in event            1 local:           1
 Added good helicity           21   2.7812705948544014       in event            1 local:           1
 Added good helicity           25   5.9872466618331724E-003  in event            1 local:           1
 Added good helicity           37   2.4144812551454482E-003  in event            1 local:           1
 Added good helicity           41  0.14783770348314573       in event            1 local:           1
 Added good helicity           61   1.9913107285821723       in event            1 local:           1
 Added good helicity          193   156.57573733123482       in event            1 local:           1
 Added good helicity          213   6.2676951299290931       in event            1 local:           1
 Added good helicity          217   4.6835470463993521E-002  in event            1 local:           1
 Added good helicity          229   9.5791078784129124E-002  in event            1 local:           1
 Added good helicity          233   80.250599566984164       in event            1 local:           1
 Added good helicity          253   7.5349798125976646       in event            1 local:           1
 Added good helicity            1  0.29954085516942658       in event            1 local:           1
 Added good helicity           21   2.7812705948543819       in event            1 local:           1
 Added good helicity           25   5.9872466618338923E-003  in event            1 local:           1
 Added good helicity           37   2.4144812551454287E-003  in event            1 local:           1
 Added good helicity           41  0.14783770348314557       in event            1 local:           1
 Added good helicity           61   1.9913107285821523       in event            1 local:           1
 Added good helicity          193   156.57573733123465       in event            1 local:           1
 Added good helicity          213   6.2676951299290238       in event            1 local:           1
 Added good helicity          217   4.6835470463993258E-002  in event            1 local:           1
 Added good helicity          229   9.5791078784127626E-002  in event            1 local:           1
 Added good helicity          233   80.250599566984533       in event            1 local:           1
 Added good helicity          253   7.5349798125975855       in event            1 local:           1
 RESET CUMULATIVE VARIABLE
 RESET CUMULATIVE VARIABLE
 RESET CUMULATIVE VARIABLE
 Iteration  1   Mean: 0.1931E-13 Abs mean: 0.1931E-13   Fluctuation:  0.102E-13   0.734E-11     0.8%
  1    0.1931E-13 0.1931E-13 +- 0.1023E-13     16.75
 Writing out events   4.7108854136146062E-016   16.753530087555312     
 Relative summed weights:
  0.5102E-02  0.9733E-03  0.1077E-02  0.1528E-03  0.1829E-08  0.1901E-07
  0.2345E-02  0.5817E-03  0.6725E-03  0.2326E-01  0.2135E-14  0.8115E-15
  0.7035E-01  0.1216E-03  0.5789E-04  0.4676E-02  0.2177E-07  0.0000E+00
  0.2528E-04  0.1418E-04  0.3161E+00  0.2546E-03  0.1742E+00  0.1126E-12
  0.1541E-03  0.2314E-04  0.2878E-04  0.7809E-05  0.2352E-10  0.1037E-06
  0.1039E-01  0.5279E-04  0.1420E-02  0.9479E-04  0.2187E-06  0.5087E-08
  0.8066E-02  0.1046E-03  0.3702E+00  0.8647E-02  0.0000E+00  0.0000E+00
  0.3020E-04  0.5131E-04  0.2241E-03  0.5250E-03  0.5280E-07  0.2194E-04
 Relative number of events:
  0.4559E-01  0.3469E-01  0.1685E-01  0.2478E-01  0.2973E-02  0.9911E-03
  0.2180E-01  0.1388E-01  0.4559E-01  0.4460E-01  0.9911E-03  0.9911E-03
  0.3072E-01  0.3865E-01  0.1784E-01  0.1883E-01  0.9911E-03  0.0000E+00
  0.1487E-01  0.1586E-01  0.4063E-01  0.5550E-01  0.2973E-02  0.9911E-03
  0.3271E-01  0.4262E-01  0.2081E-01  0.1487E-01  0.9911E-03  0.3964E-02
  0.1685E-01  0.1784E-01  0.5253E-01  0.5055E-01  0.2973E-02  0.2973E-02
  0.3469E-01  0.3667E-01  0.1883E-01  0.1982E-01  0.0000E+00  0.0000E+00
  0.1883E-01  0.1288E-01  0.5253E-01  0.4955E-01  0.1982E-02  0.2973E-02
 Events:
          46          35          17          25           3           1
          22          14          46          45           1           1
          31          39          18          19           1           0
          15          16          41          56           3           1
          33          43          21          15           1           4
          17          18          53          51           3           3
          35          37          19          20           0           0
          19          13          53          50           2           3
 Iteration  2   Mean: 0.9223E-14 Abs mean: 0.9223E-14   Fluctuation:  0.366E-14   0.585E-11    15.6%
  2    0.9223E-14 0.9223E-14 +- 0.3660E-14     17.75
 Relative summed weights:
  0.1588E-02  0.4138E-02  0.1005E-02  0.2684E-02  0.0000E+00  0.0000E+00
  0.7190E-02  0.2840E-02  0.1882E-01  0.1981E+00  0.5089E-05  0.6486E-03
  0.1514E-01  0.2650E-02  0.6637E-03  0.4988E-02  0.5651E-11  0.0000E+00
  0.3760E-01  0.2388E-02  0.2812E-01  0.2510E-02  0.2052E-06  0.7424E-05
  0.1674E-01  0.3717E-02  0.5150E-03  0.3192E+00  0.0000E+00  0.0000E+00
  0.8461E-03  0.1372E-01  0.4413E-02  0.2421E-02  0.2462E-02  0.1073E-03
  0.2517E-01  0.1880E-02  0.6855E-01  0.4268E-01  0.1221E-02  0.0000E+00
  0.1169E-01  0.1113E+00  0.2390E-01  0.1837E-01  0.1400E-08  0.0000E+00
 Relative number of events:
  0.3750E-01  0.4400E-01  0.1750E-01  0.2200E-01  0.0000E+00  0.0000E+00
  0.1950E-01  0.2300E-01  0.4550E-01  0.3850E-01  0.2000E-02  0.1500E-02
  0.4100E-01  0.4250E-01  0.2100E-01  0.2100E-01  0.5000E-03  0.0000E+00
  0.2550E-01  0.2350E-01  0.4250E-01  0.3850E-01  0.1000E-02  0.1000E-02
  0.4100E-01  0.4050E-01  0.1550E-01  0.2150E-01  0.0000E+00  0.0000E+00
  0.2350E-01  0.1450E-01  0.4000E-01  0.4200E-01  0.5000E-03  0.1500E-02
  0.4550E-01  0.3400E-01  0.1900E-01  0.1850E-01  0.5000E-03  0.0000E+00
  0.2300E-01  0.2350E-01  0.4250E-01  0.4250E-01  0.1500E-02  0.0000E+00
 Events:
          75          88          35          44           0           0
          39          46          91          77           4           3
          82          85          42          42           1           0
          51          47          85          77           2           2
          82          81          31          43           0           0
          47          29          80          84           1           3
          91          68          38          37           1           0
          46          47          85          85           3           0
 Iteration  3   Mean: 0.2710E-13 Abs mean: 0.2710E-13   Fluctuation:  0.154E-13   0.601E-10    36.9%
  3    0.2710E-13 0.2710E-13 +- 0.1542E-13     35.98
 Relative summed weights:
  0.1310E-01  0.5448E-01  0.3619E-02  0.5518E-02  0.2132E-04  0.6523E-06
  0.6638E-02  0.3252E-02  0.1198E-01  0.4582E-02  0.2627E-06  0.5674E-05
  0.5624E+00  0.2410E-02  0.6450E-02  0.2849E-02  0.1119E-04  0.0000E+00
  0.5492E-02  0.7056E-02  0.3514E-02  0.1243E+00  0.8553E-03  0.1344E-06
  0.4790E-02  0.2562E-01  0.9001E-02  0.3824E-02  0.7285E-06  0.2411E-04
  0.1468E-02  0.3148E-02  0.3062E-01  0.1527E-01  0.1530E-04  0.4280E-06
  0.3154E-02  0.1350E-01  0.1999E-02  0.8115E-02  0.0000E+00  0.1571E-05
  0.6880E-02  0.9151E-02  0.1010E-01  0.3465E-01  0.1705E-05  0.1364E-03
 Relative number of events:
  0.3325E-01  0.3750E-01  0.2450E-01  0.2325E-01  0.5000E-03  0.2500E-03
  0.1850E-01  0.1875E-01  0.4475E-01  0.4150E-01  0.7500E-03  0.7500E-03
  0.4025E-01  0.3725E-01  0.2125E-01  0.2075E-01  0.2500E-03  0.0000E+00
  0.2125E-01  0.2025E-01  0.4625E-01  0.4800E-01  0.1750E-02  0.7500E-03
  0.4425E-01  0.3675E-01  0.2100E-01  0.1950E-01  0.7500E-03  0.5000E-03
  0.1900E-01  0.2175E-01  0.4225E-01  0.4225E-01  0.1000E-02  0.2500E-03
  0.3850E-01  0.3750E-01  0.2350E-01  0.2050E-01  0.0000E+00  0.2500E-03
  0.2100E-01  0.2275E-01  0.3950E-01  0.4200E-01  0.1000E-02  0.2000E-02
 Events:
         133         150          98          93           2           1
          74          75         179         166           3           3
         161         149          85          83           1           0
          85          81         185         192           7           3
         177         147          84          78           3           2
          76          87         169         169           4           1
         154         150          94          82           0           1
          84          91         158         168           4           8
 Accuracy:    0.322   0.100   0.277   1.348
 Found          204  events.
 Wrote            2  events.
 Actual xsec    1.6234176286355253E-014
 Correct abs xsec    1.6234176286355253E-014
 Event xsec    1.6234176286355256E-014
 Events wgts > 1:            1
 % Cross section > 1:    1.7492212141111883E-021   1.0774930512374686E-005
 Iteration  4   Mean: 0.3653E-13 Abs mean: 0.3653E-13   Fluctuation:  0.125E-13   0.827E-10    36.0%
  4    0.3653E-13 0.3653E-13 +- 0.1248E-13     30.57
 Relative summed weights:
  0.4465E-02  0.1239E-01  0.2868E+00  0.1293E+00  0.6201E-05  0.8548E-06
  0.1230E-01  0.1387E-02  0.9744E-02  0.1074E+00  0.2340E-04  0.7250E-05
  0.1820E-01  0.5017E-02  0.3353E-02  0.3244E-02  0.2030E-04  0.1112E-04
  0.2544E-02  0.2317E-02  0.1265E-01  0.3349E-01  0.4975E-06  0.7994E-05
  0.5059E-01  0.5672E-02  0.1412E-02  0.1966E-01  0.9349E-06  0.2547E-06
  0.3327E-01  0.4059E-02  0.3762E-01  0.2001E-02  0.8864E-07  0.5562E-04
  0.2000E-02  0.1095E-01  0.9749E-01  0.1922E-02  0.9200E-04  0.1318E-03
  0.4440E-01  0.7312E-02  0.2964E-02  0.3372E-01  0.2491E-04  0.1620E-04
 Relative number of events:
  0.3537E-01  0.3812E-01  0.2312E-01  0.2138E-01  0.8750E-03  0.3750E-03
  0.2000E-01  0.1963E-01  0.4425E-01  0.4225E-01  0.6250E-03  0.1000E-02
  0.3850E-01  0.4075E-01  0.2013E-01  0.2150E-01  0.5000E-03  0.7500E-03
  0.2088E-01  0.1912E-01  0.4125E-01  0.4575E-01  0.1500E-02  0.1250E-02
  0.4100E-01  0.3725E-01  0.1775E-01  0.2250E-01  0.2500E-03  0.5000E-03
  0.2212E-01  0.2038E-01  0.4138E-01  0.4163E-01  0.3750E-03  0.1250E-02
  0.3800E-01  0.3537E-01  0.2038E-01  0.2113E-01  0.5000E-03  0.6250E-03
  0.1925E-01  0.1950E-01  0.4863E-01  0.4888E-01  0.1500E-02  0.1000E-02
 Events:
         283         305         185         171           7           3
         160         157         354         338           5           8
         308         326         161         172           4           6
         167         153         330         366          12          10
         328         298         142         180           2           4
         177         163         331         333           3          10
         304         283         163         169           4           5
         154         156         389         391          12           8
 Accuracy:    0.273   0.100   0.215   1.602
 Found          255  events.
 Wrote            4  events.
 Actual xsec    2.5275946097352221E-014
 Correct abs xsec    2.5275946097352221E-014
 Event xsec    2.5275946097352221E-014
 Events wgts > 1:            0
 % Cross section > 1:    0.0000000000000000        0.0000000000000000     
 Iteration  5   Mean: 0.3719E-13 Abs mean: 0.3719E-13   Fluctuation:  0.113E-13   0.172E-09    32.8%
  5    0.3719E-13 0.3719E-13 +- 0.1132E-13     38.48
 Relative summed weights:
  0.2857E-01  0.1134E-01  0.3722E-01  0.5813E-01  0.1911E-01  0.2666E-04
  0.2046E-01  0.3441E-01  0.3032E+00  0.6782E-02  0.2411E-04  0.3881E-04
  0.1051E-01  0.6424E-02  0.1622E-01  0.2968E-01  0.2912E-02  0.2080E-06
  0.3862E-01  0.9439E-02  0.2611E-01  0.1467E-01  0.4887E-04  0.4041E-04
  0.4129E-01  0.9585E-02  0.5179E-02  0.1197E-01  0.3863E-03  0.2651E-03
  0.1464E-01  0.2433E-01  0.1760E-01  0.1415E-01  0.4592E-04  0.7637E-05
  0.9591E-01  0.7587E-02  0.4264E-02  0.7685E-02  0.1479E-03  0.6477E-04
  0.1343E-01  0.1891E-01  0.2459E-01  0.1386E-01  0.5490E-04  0.5838E-04
 Relative number of events:
  0.3925E-01  0.3687E-01  0.2194E-01  0.1875E-01  0.1875E-03  0.5000E-03
  0.2081E-01  0.2044E-01  0.4475E-01  0.4431E-01  0.8750E-03  0.1000E-02
  0.3837E-01  0.4000E-01  0.2169E-01  0.2106E-01  0.5625E-03  0.2500E-03
  0.1906E-01  0.1919E-01  0.4144E-01  0.4500E-01  0.1125E-02  0.6250E-03
  0.3800E-01  0.3731E-01  0.1919E-01  0.2094E-01  0.4375E-03  0.6250E-03
  0.2181E-01  0.2025E-01  0.4631E-01  0.4312E-01  0.8125E-03  0.1000E-02
  0.3831E-01  0.3694E-01  0.2269E-01  0.2081E-01  0.5000E-03  0.4375E-03
  0.1919E-01  0.2056E-01  0.4688E-01  0.4412E-01  0.6250E-03  0.1063E-02
 Events:
         628         590         351         300           3           8
         333         327         716         709          14          16
         614         640         347         337           9           4
         305         307         663         720          18          10
         608         597         307         335           7          10
         349         324         741         690          13          16
         613         591         363         333           8           7
         307         329         750         706          10          17
 Accuracy:    0.195   0.100   0.176   1.233
 Found          721  events.
 Wrote            2  events.
 Actual xsec    3.5549291011426056E-014
 Correct abs xsec    3.5549291011426056E-014
 Event xsec    3.5549291011426056E-014
 Events wgts > 1:            1
 % Cross section > 1:    5.7175944275931214E-021   1.6083568096352199E-005

 -------------------------------------------------------------------------------
 Accumulated results:   Integral =  0.2860E-13
                        Std dev  =  0.5026E-14
                       Cross sec =  0.2860E-13
             Chi**2 per DoF.     =      1.2334
 -------------------------------------------------------------------------------
-------------------------------------------------
---------------------------
 Results Last   3 iters: Integral =   0.3555E-13
                     Abs integral =   0.3555E-13
                          Std dev =   0.7502E-14
                  Chi**2 per DoF. =      0.1639
-------------------------------------------------
---------------------------
 Status  0.10000000000000001                6           5

ls status:
events.lhe
ftn26
input_app.txt
results.dat
run1_app.log
