 Process in group number            1
 A PDF is used, so alpha_s(MZ) is going to be modified
 Old value of alpha_s from param_card:   0.11839999999999999     
  ****************************************
 
       NNPDFDriver version 1.0.3
   Grid: NNPDF23_lo_as_0130_qed_mem0.grid
  ****************************************
 New value of alpha_s from PDF nn23lo1:  0.13000000000000000     
 Define smin to   1600.0000000000000     
 Define smin to   1600.0000000000000     
 Define smin to   1600.0000000000000     
 *****************************************************
 *               MadGraph/MadEvent                   *
 *        --------------------------------           *
 *          http://madgraph.hep.uiuc.edu             *
 *          http://madgraph.phys.ucl.ac.be           *
 *          http://madgraph.roma2.infn.it            *
 *        --------------------------------           *
 *                                                   *
 *          PARAMETER AND COUPLING VALUES            *
 *                                                   *
 *****************************************************

  External Params
  ---------------------------------
  
 mdl_VeN1 =    1.0000000000000000     
 mdl_VeN2 =    0.0000000000000000     
 mdl_VeN3 =    0.0000000000000000     
 mdl_VmuN1 =    0.0000000000000000     
 mdl_VmuN2 =    1.0000000000000000     
 mdl_VmuN3 =    0.0000000000000000     
 mdl_VtaN1 =    0.0000000000000000     
 mdl_VtaN2 =    0.0000000000000000     
 mdl_VtaN3 =    1.0000000000000000     
 mdl_VN1N1 =    1.0000000000000000     
 mdl_VN1N2 =    1.0000000000000000     
 mdl_VN1N3 =    1.0000000000000000     
 mdl_VN2N2 =    1.0000000000000000     
 mdl_VN2N3 =    1.0000000000000000     
 mdl_VN3N3 =    1.0000000000000000     
 aEWM1 =    127.90000000000001     
 mdl_Gf =    1.1663700000000000E-005
 aS =   0.11839999999999999     
 mdl_ymt =    172.00000000000000     
 mdl_vevf =    50.000000000000000     
 mdl_MZ =    91.187600000000003     
 mdl_MT =    172.00000000000000     
 mdl_MH =    125.00000000000000     
 mdl_mN1 =    510.00000000000000     
 mdl_mN2 =    610.00000000000000     
 mdl_mN3 =    710.00000000000000     
 mdl_MJ =    91.187600000000003     
 mdl_MAx =    173.04800000000000     
 mdl_WZ =    2.4952000000000001     
 mdl_WW =    2.0850000000000000     
 mdl_WT =    1.5083359999999999     
 mdl_WH =    4.0699999999999998E-003
 mdl_WN1 =   0.30299999999999999     
 mdl_WN2 =    1.5000000000000000     
 mdl_WN3 =    12.300000000000001     
 mdl_WJ =    2.4952000000000001     
 mdl_WAx =    4.1700000000000001E-003
  Internal Params
  ---------------------------------
  
 mdl_vevf__exp__2 =    2500.0000000000000     
 mdl_sqrt__vevf__exp__2 =    50.000000000000000     
 mdl_muJ =    50.000000000000000     
 mdl_MZ__exp__2 =    8315.1783937600012     
 mdl_MZ__exp__4 =    69142191.720053151     
 mdl_sqrt__2 =    1.4142135623730951     
 mdl_MJ__exp__2 =    8315.1783937600012     
 mdl_muJ__exp__2 =    2500.0000000000000     
 mdl_lamJ =    4.3260713575040004     
 mdl_MH__exp__2 =    15625.000000000000     
 mdl_complexi =  (  0.0000000000000000     ,  1.0000000000000000     )
 mdl_aEW =    7.8186082877247844E-003
 mdl_MW =    79.824359746197842     
 mdl_sqrt__aEW =    8.8422894590285753E-002
 mdl_ee =   0.31345100004952897     
 mdl_MW__exp__2 =    6371.9284088904105     
 mdl_sw2 =   0.23369913342182447     
 mdl_cw =   0.87538612427783857     
 mdl_sqrt__sw2 =   0.48342438232036300     
 mdl_sw =   0.48342438232036300     
 mdl_g1 =   0.35807170271074895     
 mdl_gN =   0.64839716719502682     
 mdl_gw =   0.64839716719502682     
 mdl_vev =    246.22056907348590     
 mdl_vev__exp__2 =    60624.568634871241     
 mdl_lam =   0.12886689630821144     
 mdl_yt =   0.98791394091683138     
 mdl_muH =    88.388347648318444     
 mdl_I2a33 =  ( 0.98791394091683138     ,  0.0000000000000000     )
 mdl_I3a33 =  ( 0.98791394091683138     ,  0.0000000000000000     )
 mdl_ee__exp__2 =    9.8251529432049817E-002
 mdl_sw__exp__2 =   0.23369913342182450     
 mdl_cw__exp__2 =   0.76630086657817542     
  Internal Params evaluated point by point
  ----------------------------------------
  
 mdl_sqrt__aS =   0.34409301068170506     
 mdl_G__exp__2 =    1.4878582807401259     
  Couplings of SM_HeavyN_UFO
  ---------------------------------
  
         GC_1 =  -0.00000E+00  -0.10448E+00
         GC_2 =   0.00000E+00   0.20897E+00
         GC_3 =  -0.00000E+00  -0.31345E+00
         GC_4 =   0.00000E+00   0.31345E+00
        GC_26 =   0.00000E+00   0.45849E+00
        GC_27 =  -0.00000E+00  -0.28380E+00
        GC_28 =   0.00000E+00   0.28380E+00
        GC_30 =   0.00000E+00   0.56760E+00
        GC_35 =  -0.00000E+00  -0.28850E-01
        GC_37 =   0.00000E+00   0.17310E+00
        GC_39 =   0.00000E+00  -0.19725E+00
        GC_40 =   0.00000E+00   0.37035E+00
        GC_80 =   0.00000E+00   0.67543E+02
       GC_107 =  -0.00000E+00  -0.74070E+00
       GC_109 =  -0.00000E+00  -0.74070E+00
       GC_111 =  -0.00000E+00  -0.74070E+00
       GC_113 =  -0.00000E+00  -0.74070E+00
       GC_115 =  -0.00000E+00  -0.74070E+00
       GC_117 =  -0.00000E+00  -0.74070E+00
       GC_119 =   0.00000E+00   0.00000E+00
       GC_120 =   0.00000E+00   0.00000E+00
       GC_122 =  -0.00000E+00  -0.00000E+00
       GC_126 =   0.00000E+00   0.00000E+00
       GC_127 =   0.00000E+00   0.00000E+00
       GC_129 =  -0.00000E+00  -0.00000E+00
       GC_133 =   0.00000E+00   0.45849E+00
       GC_134 =   0.00000E+00   0.37035E+00
       GC_136 =  -0.00000E+00  -0.28836E+01
        GC_81 =   0.10200E+02   0.00000E+00
        GC_82 =   0.12200E+02   0.00000E+00
        GC_83 =   0.14200E+02   0.00000E+00

 Collider parameters:
 --------------------

 Running at P P   machine @    13000.000000000000       GeV
 PDF set = nn23lo1
 alpha_s(Mz)= 0.1300 running at 2 loops.
 alpha_s(Mz)= 0.1300 running at 2 loops.
 Renormalization scale set on event-by-event basis
 Factorization   scale set on event-by-event basis


 getting user params
Enter number of events and max and min iterations: 
 Number of events and iterations         1000           5           3
Enter desired fractional accuracy: 
 Desired fractional accuracy:   0.10000000000000001     
Enter 0 for fixed, 2 for adjustable grid: 
Suppress amplitude (0 no, 1 yes)? 
 Using suppressed amplitude.
Exact helicity sum (0 yes, n = number/event)? 
 Explicitly summing over helicities
Enter Configuration Number: 
Running Configuration Number:   59
 Using dconfig=         239
 BW Setting            2           1           2           2           2           0           0
 Attempting mappinvarients           1           9
 Completed mapping           9
 about to integrate           19        1000           5           3          19           1
 Using non-zero grid deformation.
 19 dimensions   1000 events 19 invarients  5 iterations  1 config(s),  (0.99)
 Using h-tuple random number sequence.
 Error opening grid
 Using Uniform Grid!          36
 Using uniform alpha   1.0000000000000000     
 Grid defined OK
 Set CM energy to      13000.00
 Mapping Graph          59  to config          59
Setting grid   1    0.75740E-07   1
Setting grid   2    0.75740E-07   1
 Setting BW          -3           2   91.187600000000003     
Setting grid   4    0.36660E-04   1
Setting grid   5    0.17080E-03   1
Setting grid   6    0.17080E-03   1
 Transforming s_hat 1/s           18   1.7080318438248524E-004   1600.0000000000000        168999999.99999997     
  59   1   2   3   4   5   6   7   8   9  10  11  12  13  14
  15  16  17  18  19
 Masses: 0.000E+00 0.000E+00 0.000E+00 0.000E+00 0.000E+00 0.000E+00 0.000E+00 0.000E+00 0.912E+02
Using random seed offsets    59 :      1
  with seed                   24
 Ranmar initialization seeds       31117        9398
 
 ********************************************
 * You are using the DiscreteSampler module *
 *      part of the MG5_aMC framework       *
 *         Author: Valentin Hirschi         *
 ********************************************
 
  Particle       3       4       5       6       7       8       9
      Et >    10.0    10.0    10.0    10.0     0.0     0.0     0.0
       E >     0.0     0.0     0.0     0.0     0.0     0.0     0.0
     Eta <     2.5     2.5     2.5     2.5    -1.0    -1.0    -1.0
   xqcut:      0.0     0.0     0.0     0.0     0.0     0.0     0.0
d R # 3  >    -0.0     0.4     0.4     0.4     0.0     0.0     0.0
d R # 4  >    -0.0    -0.0     0.4     0.4     0.0     0.0     0.0
d R # 5  >    -0.0    -0.0    -0.0     0.4     0.0     0.0     0.0
d R # 6  >    -0.0    -0.0    -0.0    -0.0     0.0     0.0     0.0
d R # 7  >    -0.0    -0.0    -0.0    -0.0    -0.0     0.0     0.0
d R # 8  >    -0.0    -0.0    -0.0    -0.0    -0.0    -0.0     0.0
s min # 3>     0.0     0.0     0.0     0.0     0.0     0.0     0.0
s min # 4>     0.0     0.0     0.0     0.0     0.0     0.0     0.0
s min # 5>     0.0     0.0     0.0     0.0     0.0     0.0     0.0
s min # 6>     0.0     0.0     0.0     0.0     0.0     0.0     0.0
s min # 7>     0.0     0.0     0.0     0.0     0.0     0.0     0.0
s min # 8>     0.0     0.0     0.0     0.0     0.0     0.0     0.0
xqcutij # 3>     0.0     0.0     0.0     0.0     0.0     0.0     0.0
xqcutij # 4>     0.0     0.0     0.0     0.0     0.0     0.0     0.0
xqcutij # 5>     0.0     0.0     0.0     0.0     0.0     0.0     0.0
xqcutij # 6>     0.0     0.0     0.0     0.0     0.0     0.0     0.0
xqcutij # 7>     0.0     0.0     0.0     0.0     0.0     0.0     0.0
xqcutij # 8>     0.0     0.0     0.0     0.0     0.0     0.0     0.0
 Excluding BW           -1           1
 Requiring BW           -3           2
 Excluding BW           -4           3
 Excluding BW           -5           4
 Excluding BW           -6           5
 alpha_s for scale    485.96491689372965       is   0.10175085863817224     
 Added good helicity            1   41.989091702377223       in event            1 local:           1
 Added good helicity           21   1.0013455903664421       in event            1 local:           1
 Added good helicity           25   21.907735647828794       in event            1 local:           1
 Added good helicity           37   24.316147140203856       in event            1 local:           1
 Added good helicity           41   1.0427153800296274       in event            1 local:           1
 Added good helicity           61   48.431900520960660       in event            1 local:           1
 Added good helicity          193   53.987838901363787       in event            1 local:           1
 Added good helicity          213  0.51277761500055052       in event            1 local:           1
 Added good helicity          217   17.565852278576219       in event            1 local:           1
 Added good helicity          229   15.929920399786614       in event            1 local:           1
 Added good helicity          233   1.4712996714731106       in event            1 local:           1
 Added good helicity          253   27.843375152033115       in event            1 local:           1
 Added good helicity            1   41.989091702377202       in event            1 local:           1
 Added good helicity           21   1.0013455903664410       in event            1 local:           1
 Added good helicity           25   21.907735647828915       in event            1 local:           1
 Added good helicity           37   24.316147140203970       in event            1 local:           1
 Added good helicity           41   1.0427153800296227       in event            1 local:           1
 Added good helicity           61   48.431900520960568       in event            1 local:           1
 Added good helicity          193   53.987838901363595       in event            1 local:           1
 Added good helicity          213  0.51277761500054886       in event            1 local:           1
 Added good helicity          217   17.565852278576312       in event            1 local:           1
 Added good helicity          229   15.929920399786674       in event            1 local:           1
 Added good helicity          233   1.4712996714731041       in event            1 local:           1
 Added good helicity          253   27.843375152033062       in event            1 local:           1
 RESET CUMULATIVE VARIABLE
 RESET CUMULATIVE VARIABLE
 RESET CUMULATIVE VARIABLE
 Iteration  1   Mean: 0.7307E-16 Abs mean: 0.7307E-16   Fluctuation:  0.417E-16   0.330E-13     2.2%
  1    0.7307E-16 0.7307E-16 +- 0.4173E-16     18.06
 Writing out events   6.5804183935121252E-019   18.059288715666554     
 Relative summed weights:
  0.4464E-06  0.6237E-02  0.3694E-08  0.1224E-05  0.7202E-20  0.0000E+00
  0.3114E-04  0.4140E-03  0.5372E-05  0.1548E-03  0.0000E+00  0.3341E-07
  0.1787E-04  0.6224E-03  0.2976E-02  0.6243E-02  0.4728E-09  0.9108E-05
  0.1582E-02  0.3055E-08  0.8395E-08  0.4506E+00  0.0000E+00  0.2217E-10
  0.1042E-03  0.1032E-02  0.5309E-04  0.2238E-04  0.0000E+00  0.1032E-11
  0.5231E-04  0.1309E-04  0.1221E-03  0.1072E-03  0.6687E-06  0.2173E-14
  0.2532E-03  0.4263E-04  0.9040E-03  0.3597E-02  0.3979E-12  0.2560E-07
  0.9715E-03  0.7034E-05  0.1419E-01  0.5053E-06  0.5016E-06  0.0000E+00
  0.2887E+00  0.1032E-05  0.8934E-03  0.4074E-06  0.7105E-09  0.5626E-17
  0.7190E-08  0.2041E-04  0.2263E-06  0.9518E-08  0.0000E+00  0.0000E+00
  0.1737E-02  0.2020E-02  0.2399E-03  0.1354E-03  0.0000E+00  0.1053E-13
  0.3172E-03  0.1487E-01  0.1561E-05  0.7343E-07  0.0000E+00  0.0000E+00
  0.1759E-05  0.1996E+00  0.3667E-03  0.1113E-07  0.2386E-14  0.7219E-10
  0.1343E-06  0.1630E-07  0.2046E-04  0.3108E-07  0.0000E+00  0.0000E+00
  0.3294E-03  0.6046E-04  0.4595E-05  0.7802E-04  0.0000E+00  0.1197E-09
  0.4246E-04  0.1474E-03  0.9436E-11  0.1046E-06  0.0000E+00  0.4886E-08
 Relative number of events:
  0.1388E-01  0.1288E-01  0.2973E-02  0.4955E-02  0.9911E-03  0.0000E+00
  0.9911E-02  0.1487E-01  0.6938E-02  0.1189E-01  0.0000E+00  0.9911E-03
  0.3568E-01  0.3271E-01  0.2478E-01  0.2478E-01  0.4955E-02  0.3964E-02
  0.1090E-01  0.1090E-01  0.9911E-03  0.4955E-02  0.0000E+00  0.9911E-03
  0.1189E-01  0.1586E-01  0.1288E-01  0.5946E-02  0.0000E+00  0.9911E-03
  0.1288E-01  0.7929E-02  0.1288E-01  0.3964E-02  0.1982E-02  0.9911E-03
  0.3964E-01  0.4361E-01  0.2180E-01  0.2577E-01  0.2973E-02  0.2973E-02
  0.1487E-01  0.1685E-01  0.2973E-02  0.9911E-02  0.9911E-03  0.0000E+00
  0.9911E-02  0.9911E-02  0.7929E-02  0.6938E-02  0.9911E-03  0.9911E-03
  0.1586E-01  0.9911E-02  0.8920E-02  0.1586E-01  0.0000E+00  0.0000E+00
  0.3171E-01  0.4361E-01  0.3370E-01  0.2973E-01  0.0000E+00  0.9911E-03
  0.9911E-02  0.8920E-02  0.4955E-02  0.8920E-02  0.0000E+00  0.0000E+00
  0.6938E-02  0.1288E-01  0.4955E-02  0.5946E-02  0.9911E-03  0.9911E-03
  0.1388E-01  0.1090E-01  0.1388E-01  0.9911E-02  0.0000E+00  0.0000E+00
  0.2874E-01  0.3865E-01  0.2180E-01  0.2973E-01  0.0000E+00  0.3964E-02
  0.1090E-01  0.6938E-02  0.5946E-02  0.4955E-02  0.0000E+00  0.9911E-03
 Events:
          14          13           3           5           1           0
          10          15           7          12           0           1
          36          33          25          25           5           4
          11          11           1           5           0           1
          12          16          13           6           0           1
          13           8          13           4           2           1
          40          44          22          26           3           3
          15          17           3          10           1           0
          10          10           8           7           1           1
          16          10           9          16           0           0
          32          44          34          30           0           1
          10           9           5           9           0           0
           7          13           5           6           1           1
          14          11          14          10           0           0
          29          39          22          30           0           4
          11           7           6           5           0           1
 Iteration  2   Mean: 0.1469E-15 Abs mean: 0.1469E-15   Fluctuation:  0.556E-16   0.855E-13     7.6%
  2    0.1469E-15 0.1469E-15 +- 0.5560E-16     16.92
 Relative summed weights:
  0.1946E-01  0.4305E-01  0.3855E-03  0.3788E-05  0.0000E+00  0.0000E+00
  0.9583E-03  0.1183E-01  0.8209E-04  0.5029E-03  0.0000E+00  0.5247E-05
  0.4373E-03  0.1222E-02  0.2377E-03  0.3550E-03  0.1458E-07  0.1806E-07
  0.7344E-02  0.1970E-03  0.7950E-05  0.8314E-03  0.0000E+00  0.0000E+00
  0.4422E-02  0.1134E-02  0.6656E-02  0.2393E-05  0.3075E-08  0.0000E+00
  0.2068E-02  0.2404E-05  0.3963E-03  0.2954E-04  0.0000E+00  0.5679E-09
  0.1249E-02  0.3434E-03  0.6007E-03  0.1373E-02  0.1996E-04  0.5708E-05
  0.7617E-05  0.1876E-01  0.3556E-04  0.1624E-04  0.1586E-07  0.7107E-05
  0.9938E-03  0.5069E-03  0.4147E-03  0.2675E-02  0.4310E-13  0.0000E+00
  0.1193E-02  0.3990E-02  0.1600E-02  0.1250E-02  0.5921E-08  0.5593E-07
  0.9813E-01  0.7899E-03  0.1027E+00  0.1062E-03  0.1249E-03  0.4323E-05
  0.2810E-02  0.4656E-03  0.2911E+00  0.3998E-02  0.2329E-11  0.0000E+00
  0.3796E-01  0.9532E-02  0.2186E-02  0.4648E-05  0.0000E+00  0.0000E+00
  0.3535E-04  0.5598E-05  0.1446E-03  0.5832E-01  0.6484E-06  0.0000E+00
  0.2465E+00  0.1135E-02  0.1486E-03  0.1394E-02  0.2001E-07  0.1107E-05
  0.9558E-04  0.2602E-04  0.5086E-02  0.5494E-03  0.0000E+00  0.5734E-08
 Relative number of events:
  0.1350E-01  0.1650E-01  0.3500E-02  0.5500E-02  0.0000E+00  0.0000E+00
  0.1250E-01  0.1300E-01  0.1400E-01  0.7000E-02  0.0000E+00  0.5000E-03
  0.3850E-01  0.3500E-01  0.3000E-01  0.2100E-01  0.1500E-02  0.2000E-02
  0.9500E-02  0.1300E-01  0.3500E-02  0.7000E-02  0.0000E+00  0.0000E+00
  0.1550E-01  0.1050E-01  0.9000E-02  0.5000E-02  0.5000E-03  0.0000E+00
  0.1500E-01  0.1100E-01  0.8500E-02  0.1150E-01  0.0000E+00  0.1000E-02
  0.3250E-01  0.3500E-01  0.2250E-01  0.2600E-01  0.2000E-02  0.1000E-02
  0.1100E-01  0.1100E-01  0.4500E-02  0.6000E-02  0.1000E-02  0.5000E-03
  0.1350E-01  0.1850E-01  0.5500E-02  0.4500E-02  0.5000E-03  0.0000E+00
  0.9500E-02  0.1600E-01  0.1400E-01  0.1350E-01  0.1000E-02  0.5000E-03
  0.3650E-01  0.3500E-01  0.2850E-01  0.2650E-01  0.3500E-02  0.1000E-02
  0.9000E-02  0.1050E-01  0.7000E-02  0.5000E-02  0.5000E-03  0.0000E+00
  0.8500E-02  0.1200E-01  0.7500E-02  0.5000E-02  0.0000E+00  0.0000E+00
  0.1000E-01  0.1000E-01  0.8500E-02  0.1400E-01  0.1000E-02  0.0000E+00
  0.3350E-01  0.4500E-01  0.2950E-01  0.2900E-01  0.1500E-02  0.5000E-03
  0.1050E-01  0.1150E-01  0.5500E-02  0.8500E-02  0.0000E+00  0.1000E-02
 Events:
          27          33           7          11           0           0
          25          26          28          14           0           1
          77          70          60          42           3           4
          19          26           7          14           0           0
          31          21          18          10           1           0
          30          22          17          23           0           2
          65          70          45          52           4           2
          22          22           9          12           2           1
          27          37          11           9           1           0
          19          32          28          27           2           1
          73          70          57          53           7           2
          18          21          14          10           1           0
          17          24          15          10           0           0
          20          20          17          28           2           0
          67          90          59          58           3           1
          21          23          11          17           0           2
 Iteration  3   Mean: 0.6190E-15 Abs mean: 0.6190E-15   Fluctuation:  0.275E-15   0.904E-12     9.7%
  3    0.6190E-15 0.6190E-15 +- 0.2749E-15     28.09
 Relative summed weights:
  0.5803E-03  0.1360E-02  0.3557E-01  0.2142E-04  0.4068E-16  0.3593E-08
  0.3956E-03  0.3438E-02  0.2362E-03  0.2868E-03  0.0000E+00  0.2038E-07
  0.4142E-01  0.2280E-01  0.2635E+00  0.4940E-02  0.1249E-06  0.2822E-06
  0.1473E-03  0.4430E-03  0.1052E-03  0.2669E-01  0.2290E-07  0.2267E-08
  0.6634E-02  0.1327E-02  0.2081E-02  0.6331E-04  0.4304E-05  0.1906E-08
  0.1296E-02  0.2295E-02  0.2822E-02  0.9435E-02  0.1249E-09  0.4558E-08
  0.3589E-02  0.4783E-02  0.3577E-03  0.4580E-03  0.1122E-02  0.3230E-08
  0.4192E-03  0.3556E-03  0.3206E-01  0.1279E-03  0.0000E+00  0.0000E+00
  0.3679E+00  0.1183E-02  0.2737E-03  0.1214E-03  0.5162E-09  0.0000E+00
  0.4410E-01  0.5843E-03  0.2276E-02  0.7668E-03  0.5605E-06  0.0000E+00
  0.1093E-02  0.2311E-01  0.8047E-03  0.2449E-03  0.2672E-05  0.5724E-05
  0.6677E-01  0.1512E-02  0.3010E-04  0.4616E-03  0.0000E+00  0.0000E+00
  0.5649E-03  0.5964E-03  0.8845E-03  0.1842E-02  0.5242E-10  0.0000E+00
  0.2143E-02  0.2616E-03  0.1189E-02  0.3080E-02  0.1208E-11  0.2957E-10
  0.3540E-03  0.2438E-02  0.3010E-03  0.3901E-03  0.2226E-06  0.6644E-06
  0.1114E-02  0.2075E-03  0.2183E-02  0.3982E-04  0.1065E-06  0.2959E-07
 Relative number of events:
  0.1050E-01  0.1300E-01  0.7500E-02  0.5750E-02  0.2500E-03  0.2500E-03
  0.1175E-01  0.1775E-01  0.9500E-02  0.1200E-01  0.0000E+00  0.5000E-03
  0.4225E-01  0.4450E-01  0.2750E-01  0.2625E-01  0.1250E-02  0.1250E-02
  0.1100E-01  0.1075E-01  0.3750E-02  0.5000E-02  0.2500E-03  0.2500E-03
  0.1350E-01  0.1400E-01  0.5500E-02  0.5250E-02  0.5000E-03  0.5000E-03
  0.1325E-01  0.1150E-01  0.9250E-02  0.1225E-01  0.5000E-03  0.2500E-03
  0.4100E-01  0.4100E-01  0.2975E-01  0.2350E-01  0.1000E-02  0.1000E-02
  0.9000E-02  0.1150E-01  0.4500E-02  0.4000E-02  0.0000E+00  0.0000E+00
  0.1450E-01  0.1025E-01  0.4250E-02  0.5500E-02  0.2500E-03  0.0000E+00
  0.1550E-01  0.1375E-01  0.9250E-02  0.1125E-01  0.7500E-03  0.0000E+00
  0.3725E-01  0.3550E-01  0.2500E-01  0.2550E-01  0.1000E-02  0.1500E-02
  0.1075E-01  0.1275E-01  0.5250E-02  0.4250E-02  0.0000E+00  0.0000E+00
  0.1400E-01  0.1200E-01  0.4500E-02  0.4250E-02  0.2500E-03  0.0000E+00
  0.1550E-01  0.1275E-01  0.1225E-01  0.8750E-02  0.5000E-03  0.2500E-03
  0.3225E-01  0.4000E-01  0.2600E-01  0.2600E-01  0.1750E-02  0.1000E-02
  0.1050E-01  0.6750E-02  0.5750E-02  0.4750E-02  0.7500E-03  0.2500E-03
 Events:
          42          52          30          23           1           1
          47          71          38          48           0           2
         169         178         110         105           5           5
          44          43          15          20           1           1
          54          56          22          21           2           2
          53          46          37          49           2           1
         164         164         119          94           4           4
          36          46          18          16           0           0
          58          41          17          22           1           0
          62          55          37          45           3           0
         149         142         100         102           4           6
          43          51          21          17           0           0
          56          48          18          17           1           0
          62          51          49          35           2           1
         129         160         104         104           7           4
          42          27          23          19           3           1
 Accuracy:    0.573   0.100   0.257   4.962
 Found          236  events.
 Wrote            2  events.
 Actual xsec    2.9025333726494161E-016
 Correct abs xsec    2.9025333726494161E-016
 Event xsec    2.9025333726494161E-016
 Events wgts > 1:            1
 % Cross section > 1:    2.0404663848495047E-024   7.0299497813765998E-007
 Iteration  4   Mean: 0.5575E-15 Abs mean: 0.5575E-15   Fluctuation:  0.218E-15   0.155E-11     9.9%
  4    0.5575E-15 0.5575E-15 +- 0.2177E-15     34.92
 Relative summed weights:
  0.5368E-03  0.2835E-02  0.5219E-03  0.9130E-02  0.1820E-04  0.0000E+00
  0.4343E-02  0.1267E-01  0.1141E-02  0.4841E-03  0.3398E-08  0.2715E-08
  0.1537E-01  0.2349E-02  0.1820E-02  0.1556E-01  0.6510E-06  0.5011E-04
  0.3477E-02  0.2066E-02  0.2672E-03  0.1283E-01  0.3490E-07  0.1645E-08
  0.9578E-03  0.2320E+00  0.3991E-01  0.6535E-02  0.0000E+00  0.6057E-07
  0.3509E+00  0.3332E-01  0.1241E-01  0.1935E-02  0.0000E+00  0.1552E-05
  0.1998E-02  0.1317E-02  0.1176E-02  0.3527E-02  0.1638E-04  0.1643E-05
  0.5173E-03  0.1182E-01  0.2412E-02  0.7413E-02  0.1155E-05  0.1331E-04
  0.1137E-01  0.6461E-02  0.5822E-03  0.4904E-03  0.1223E-07  0.5237E-07
  0.8813E-02  0.1826E-01  0.6241E-02  0.6549E-02  0.1967E-05  0.8040E-09
  0.4518E-02  0.2398E-02  0.2311E-02  0.1507E-02  0.2395E-03  0.7067E-05
  0.2410E-02  0.6996E-03  0.2642E-02  0.7253E-03  0.5581E-05  0.8194E-05
  0.2108E-01  0.4746E-02  0.1132E-01  0.2005E-02  0.0000E+00  0.7142E-05
  0.1074E-02  0.3901E-02  0.4740E-04  0.8445E-02  0.9967E-05  0.3773E-06
  0.2754E-02  0.5547E-02  0.1495E-01  0.1413E-01  0.2798E-05  0.5196E-06
  0.5954E-02  0.5401E-02  0.2828E-01  0.4432E-03  0.7915E-05  0.0000E+00
 Relative number of events:
  0.1213E-01  0.1350E-01  0.6125E-02  0.6500E-02  0.3750E-03  0.0000E+00
  0.1287E-01  0.1275E-01  0.1150E-01  0.1050E-01  0.1250E-03  0.2500E-03
  0.4163E-01  0.3637E-01  0.2813E-01  0.2838E-01  0.1000E-02  0.1750E-02
  0.1125E-01  0.1013E-01  0.5375E-02  0.6125E-02  0.2500E-03  0.1250E-03
  0.1388E-01  0.1438E-01  0.6250E-02  0.6625E-02  0.0000E+00  0.1250E-03
  0.1188E-01  0.1500E-01  0.1150E-01  0.9625E-02  0.0000E+00  0.3750E-03
  0.4100E-01  0.3837E-01  0.2475E-01  0.2425E-01  0.5000E-03  0.5000E-03
  0.1250E-01  0.9500E-02  0.6250E-02  0.6750E-02  0.2500E-03  0.2500E-03
  0.1250E-01  0.1475E-01  0.5750E-02  0.7125E-02  0.2500E-03  0.3750E-03
  0.1588E-01  0.1487E-01  0.1038E-01  0.1025E-01  0.5000E-03  0.2500E-03
  0.3737E-01  0.3537E-01  0.2150E-01  0.2150E-01  0.1250E-02  0.1250E-02
  0.9375E-02  0.9750E-02  0.7500E-02  0.5250E-02  0.3750E-03  0.5000E-03
  0.1337E-01  0.1375E-01  0.5250E-02  0.6500E-02  0.0000E+00  0.2500E-03
  0.1300E-01  0.1475E-01  0.8125E-02  0.9750E-02  0.5000E-03  0.6250E-03
  0.3675E-01  0.3712E-01  0.2400E-01  0.2525E-01  0.6250E-03  0.6250E-03
  0.1300E-01  0.8375E-02  0.6750E-02  0.5625E-02  0.5000E-03  0.0000E+00
 Events:
          97         108          49          52           3           0
         103         102          92          84           1           2
         333         291         225         227           8          14
          90          81          43          49           2           1
         111         115          50          53           0           1
          95         120          92          77           0           3
         328         307         198         194           4           4
         100          76          50          54           2           2
         100         118          46          57           2           3
         127         119          83          82           4           2
         299         283         172         172          10          10
          75          78          60          42           3           4
         107         110          42          52           0           2
         104         118          65          78           4           5
         294         297         192         202           5           5
         104          67          54          45           4           0
 Accuracy:    0.360   0.100   0.215   2.814
 Found          431  events.
 Wrote            1  events.
 Actual xsec    4.2020956284248757E-016
 Correct abs xsec    4.2020956284248757E-016
 Event xsec    4.2020956284248762E-016
 Events wgts > 1:            1
 % Cross section > 1:    4.9126768489115082E-023   1.1691016300723712E-005
 Iteration  5   Mean: 0.5548E-15 Abs mean: 0.5548E-15   Fluctuation:  0.104E-15   0.135E-11    10.0%
  5    0.5548E-15 0.5548E-15 +- 0.1038E-15     23.66
 Relative summed weights:
  0.6251E-02  0.1254E-01  0.3125E-02  0.3253E-02  0.0000E+00  0.9105E-04
  0.1611E-01  0.5155E-02  0.5224E-01  0.1214E-01  0.2479E-03  0.7827E-04
  0.1105E-01  0.7229E-02  0.7927E-02  0.6726E-02  0.6841E-04  0.7919E-04
  0.4100E-02  0.2248E-01  0.8783E-02  0.5000E-02  0.8678E-05  0.1441E-04
  0.4222E-02  0.2315E-02  0.1406E-01  0.1647E-02  0.3702E-05  0.7986E-05
  0.1091E-01  0.3270E-01  0.2221E-01  0.2557E-01  0.1406E-05  0.7240E-07
  0.3124E-02  0.1492E-01  0.3348E-02  0.1018E-01  0.1911E-04  0.2728E-04
  0.5589E-02  0.1105E-01  0.2708E-02  0.2695E-01  0.1049E-04  0.1604E-06
  0.4205E-02  0.6355E-02  0.1132E-01  0.2236E-02  0.3924E-03  0.5693E-04
  0.2333E-01  0.2373E-01  0.6973E-02  0.1664E-01  0.3801E-04  0.2384E-04
  0.1693E-01  0.2336E-01  0.8575E-02  0.4811E-02  0.4246E-05  0.1011E-03
  0.1125E-01  0.1540E-01  0.1248E-01  0.1286E-01  0.2055E-05  0.1028E-04
  0.6098E-02  0.6023E-02  0.1132E-01  0.1653E+00  0.1113E-05  0.4586E-04
  0.9250E-01  0.2832E-02  0.2027E-01  0.6391E-02  0.4634E-05  0.3164E-06
  0.2999E-01  0.1535E-01  0.1240E-01  0.9064E-02  0.4497E-05  0.3852E-05
  0.6359E-02  0.9609E-02  0.3027E-02  0.2600E-01  0.2595E-04  0.4947E-05
 Relative number of events:
  0.1456E-01  0.1250E-01  0.5938E-02  0.5125E-02  0.0000E+00  0.3750E-03
  0.1400E-01  0.1269E-01  0.1063E-01  0.1063E-01  0.5000E-03  0.1250E-03
  0.4031E-01  0.3975E-01  0.2244E-01  0.2600E-01  0.1000E-02  0.1000E-02
  0.9625E-02  0.9500E-02  0.5562E-02  0.4625E-02  0.1875E-03  0.2500E-03
  0.1350E-01  0.1269E-01  0.6500E-02  0.6125E-02  0.2500E-03  0.3125E-03
  0.1444E-01  0.1469E-01  0.1075E-01  0.1094E-01  0.2500E-03  0.6250E-04
  0.3719E-01  0.4063E-01  0.2538E-01  0.2488E-01  0.1000E-02  0.6875E-03
  0.1106E-01  0.1188E-01  0.5938E-02  0.5687E-02  0.1875E-03  0.1875E-03
  0.1381E-01  0.1419E-01  0.5188E-02  0.5437E-02  0.1875E-03  0.1875E-03
  0.1188E-01  0.1287E-01  0.1056E-01  0.1087E-01  0.3750E-03  0.1250E-03
  0.4000E-01  0.3875E-01  0.2363E-01  0.2275E-01  0.1125E-02  0.6250E-03
  0.9813E-02  0.1162E-01  0.5938E-02  0.4750E-02  0.6250E-04  0.3125E-03
  0.1475E-01  0.1319E-01  0.5437E-02  0.5750E-02  0.1875E-03  0.2500E-03
  0.1381E-01  0.1306E-01  0.1038E-01  0.1075E-01  0.3750E-03  0.1875E-03
  0.4181E-01  0.4331E-01  0.2262E-01  0.2425E-01  0.4375E-03  0.6250E-03
  0.1019E-01  0.9500E-02  0.5250E-02  0.5938E-02  0.1875E-03  0.1875E-03
 Events:
         233         200          95          82           0           6
         224         203         170         170           8           2
         645         636         359         416          16          16
         154         152          89          74           3           4
         216         203         104          98           4           5
         231         235         172         175           4           1
         595         650         406         398          16          11
         177         190          95          91           3           3
         221         227          83          87           3           3
         190         206         169         174           6           2
         640         620         378         364          18          10
         157         186          95          76           1           5
         236         211          87          92           3           4
         221         209         166         172           6           3
         669         693         362         388           7          10
         163         152          84          95           3           3
 Accuracy:    0.186   0.100   0.141   1.745
 Found         1528  events.
 Wrote            8  events.
 Actual xsec    5.6331272226948033E-016
 Correct abs xsec    5.6331272226948033E-016
 Event xsec    5.6331272226948013E-016
 Events wgts > 1:            0
 % Cross section > 1:    0.0000000000000000        0.0000000000000000     

 -------------------------------------------------------------------------------
 Accumulated results:   Integral =  0.4756E-15
                        Std dev  =  0.6708E-16
                       Cross sec =  0.4756E-15
             Chi**2 per DoF.     =      1.7451
 -------------------------------------------------------------------------------
-------------------------------------------------
---------------------------
 Results Last   3 iters: Integral =   0.5633E-15
                     Abs integral =   0.5633E-15
                          Std dev =   0.8883E-16
                  Chi**2 per DoF. =      0.0242
-------------------------------------------------
---------------------------
 Status  0.10000000000000001                6           5

ls status:
events.lhe
ftn26
input_app.txt
results.dat
run1_app.log
