 Process in group number            1
 A PDF is used, so alpha_s(MZ) is going to be modified
 Old value of alpha_s from param_card:   0.11839999999999999     
  ****************************************
 
       NNPDFDriver version 1.0.3
   Grid: NNPDF23_lo_as_0130_qed_mem0.grid
  ****************************************
 New value of alpha_s from PDF nn23lo1:  0.13000000000000000     
 Define smin to   1600.0000000000000     
 Define smin to   1600.0000000000000     
 Define smin to   1600.0000000000000     
 *****************************************************
 *               MadGraph/MadEvent                   *
 *        --------------------------------           *
 *          http://madgraph.hep.uiuc.edu             *
 *          http://madgraph.phys.ucl.ac.be           *
 *          http://madgraph.roma2.infn.it            *
 *        --------------------------------           *
 *                                                   *
 *          PARAMETER AND COUPLING VALUES            *
 *                                                   *
 *****************************************************

  External Params
  ---------------------------------
  
 mdl_VeN1 =    1.0000000000000000     
 mdl_VeN2 =    0.0000000000000000     
 mdl_VeN3 =    0.0000000000000000     
 mdl_VmuN1 =    0.0000000000000000     
 mdl_VmuN2 =    1.0000000000000000     
 mdl_VmuN3 =    0.0000000000000000     
 mdl_VtaN1 =    0.0000000000000000     
 mdl_VtaN2 =    0.0000000000000000     
 mdl_VtaN3 =    1.0000000000000000     
 mdl_VN1N1 =    1.0000000000000000     
 mdl_VN1N2 =    1.0000000000000000     
 mdl_VN1N3 =    1.0000000000000000     
 mdl_VN2N2 =    1.0000000000000000     
 mdl_VN2N3 =    1.0000000000000000     
 mdl_VN3N3 =    1.0000000000000000     
 aEWM1 =    127.90000000000001     
 mdl_Gf =    1.1663700000000000E-005
 aS =   0.11839999999999999     
 mdl_ymt =    172.00000000000000     
 mdl_vevf =    50.000000000000000     
 mdl_MZ =    91.187600000000003     
 mdl_MT =    172.00000000000000     
 mdl_MH =    125.00000000000000     
 mdl_mN1 =    510.00000000000000     
 mdl_mN2 =    610.00000000000000     
 mdl_mN3 =    710.00000000000000     
 mdl_MJ =    91.187600000000003     
 mdl_MAx =    173.04800000000000     
 mdl_WZ =    2.4952000000000001     
 mdl_WW =    2.0850000000000000     
 mdl_WT =    1.5083359999999999     
 mdl_WH =    4.0699999999999998E-003
 mdl_WN1 =   0.30299999999999999     
 mdl_WN2 =    1.5000000000000000     
 mdl_WN3 =    12.300000000000001     
 mdl_WJ =    2.4952000000000001     
 mdl_WAx =    4.1700000000000001E-003
  Internal Params
  ---------------------------------
  
 mdl_vevf__exp__2 =    2500.0000000000000     
 mdl_sqrt__vevf__exp__2 =    50.000000000000000     
 mdl_muJ =    50.000000000000000     
 mdl_MZ__exp__2 =    8315.1783937600012     
 mdl_MZ__exp__4 =    69142191.720053151     
 mdl_sqrt__2 =    1.4142135623730951     
 mdl_MJ__exp__2 =    8315.1783937600012     
 mdl_muJ__exp__2 =    2500.0000000000000     
 mdl_lamJ =    4.3260713575040004     
 mdl_MH__exp__2 =    15625.000000000000     
 mdl_complexi =  (  0.0000000000000000     ,  1.0000000000000000     )
 mdl_aEW =    7.8186082877247844E-003
 mdl_MW =    79.824359746197842     
 mdl_sqrt__aEW =    8.8422894590285753E-002
 mdl_ee =   0.31345100004952897     
 mdl_MW__exp__2 =    6371.9284088904105     
 mdl_sw2 =   0.23369913342182447     
 mdl_cw =   0.87538612427783857     
 mdl_sqrt__sw2 =   0.48342438232036300     
 mdl_sw =   0.48342438232036300     
 mdl_g1 =   0.35807170271074895     
 mdl_gN =   0.64839716719502682     
 mdl_gw =   0.64839716719502682     
 mdl_vev =    246.22056907348590     
 mdl_vev__exp__2 =    60624.568634871241     
 mdl_lam =   0.12886689630821144     
 mdl_yt =   0.98791394091683138     
 mdl_muH =    88.388347648318444     
 mdl_I2a33 =  ( 0.98791394091683138     ,  0.0000000000000000     )
 mdl_I3a33 =  ( 0.98791394091683138     ,  0.0000000000000000     )
 mdl_ee__exp__2 =    9.8251529432049817E-002
 mdl_sw__exp__2 =   0.23369913342182450     
 mdl_cw__exp__2 =   0.76630086657817542     
  Internal Params evaluated point by point
  ----------------------------------------
  
 mdl_sqrt__aS =   0.34409301068170506     
 mdl_G__exp__2 =    1.4878582807401259     
  Couplings of SM_HeavyN_UFO
  ---------------------------------
  
         GC_1 =  -0.00000E+00  -0.10448E+00
         GC_2 =   0.00000E+00   0.20897E+00
         GC_3 =  -0.00000E+00  -0.31345E+00
         GC_4 =   0.00000E+00   0.31345E+00
        GC_26 =   0.00000E+00   0.45849E+00
        GC_27 =  -0.00000E+00  -0.28380E+00
        GC_28 =   0.00000E+00   0.28380E+00
        GC_30 =   0.00000E+00   0.56760E+00
        GC_35 =  -0.00000E+00  -0.28850E-01
        GC_37 =   0.00000E+00   0.17310E+00
        GC_39 =   0.00000E+00  -0.19725E+00
        GC_40 =   0.00000E+00   0.37035E+00
        GC_80 =   0.00000E+00   0.67543E+02
       GC_107 =  -0.00000E+00  -0.74070E+00
       GC_109 =  -0.00000E+00  -0.74070E+00
       GC_111 =  -0.00000E+00  -0.74070E+00
       GC_113 =  -0.00000E+00  -0.74070E+00
       GC_115 =  -0.00000E+00  -0.74070E+00
       GC_117 =  -0.00000E+00  -0.74070E+00
       GC_119 =   0.00000E+00   0.00000E+00
       GC_120 =   0.00000E+00   0.00000E+00
       GC_122 =  -0.00000E+00  -0.00000E+00
       GC_126 =   0.00000E+00   0.00000E+00
       GC_127 =   0.00000E+00   0.00000E+00
       GC_129 =  -0.00000E+00  -0.00000E+00
       GC_133 =   0.00000E+00   0.45849E+00
       GC_134 =   0.00000E+00   0.37035E+00
       GC_136 =  -0.00000E+00  -0.28836E+01
        GC_81 =   0.10200E+02   0.00000E+00
        GC_82 =   0.12200E+02   0.00000E+00
        GC_83 =   0.14200E+02   0.00000E+00

 Collider parameters:
 --------------------

 Running at P P   machine @    13000.000000000000       GeV
 PDF set = nn23lo1
 alpha_s(Mz)= 0.1300 running at 2 loops.
 alpha_s(Mz)= 0.1300 running at 2 loops.
 Renormalization scale set on event-by-event basis
 Factorization   scale set on event-by-event basis


 getting user params
Enter number of events and max and min iterations: 
 Number of events and iterations         1000           5           3
Enter desired fractional accuracy: 
 Desired fractional accuracy:   0.10000000000000001     
Enter 0 for fixed, 2 for adjustable grid: 
Suppress amplitude (0 no, 1 yes)? 
 Using suppressed amplitude.
Exact helicity sum (0 yes, n = number/event)? 
 Explicitly summing over helicities
Enter Configuration Number: 
Running Configuration Number:  189
 Using dconfig=         233
 BW Setting            2           2           1           2           2           0           0
 Attempting mappinvarients           1           9
 Completed mapping           9
 about to integrate           19        1000           5           3          19           1
 Using non-zero grid deformation.
 19 dimensions   1000 events 19 invarients  5 iterations  1 config(s),  (0.99)
 Using h-tuple random number sequence.
 Error opening grid
 Using Uniform Grid!          36
 Using uniform alpha   1.0000000000000000     
 Grid defined OK
 Set CM energy to      13000.00
 Mapping Graph         189  to config         189
Setting grid   1    0.75740E-07   1
Setting grid   2    0.75740E-07   1
Setting grid   3    0.75740E-07   1
 Setting BW          -4           3   710.00000000000000     
Setting grid   5    0.32375E-02   1
Setting grid   6    0.32375E-02   1
 Transforming s_hat 1/s           18   3.2375014532175150E-003   1600.0000000000000        168999999.99999997     
 189   1   2   3   4   5   6   7   8   9  10  11  12  13  14
  15  16  17  18  19
 Masses: 0.000E+00 0.000E+00 0.000E+00 0.000E+00 0.000E+00 0.000E+00 0.000E+00 0.000E+00 0.912E+02
Using random seed offsets   189 :      1
  with seed                   24
 Ranmar initialization seeds       31247        9398
 
 ********************************************
 * You are using the DiscreteSampler module *
 *      part of the MG5_aMC framework       *
 *         Author: Valentin Hirschi         *
 ********************************************
 
  Particle       3       4       5       6       7       8       9
      Et >    10.0    10.0    10.0    10.0     0.0     0.0     0.0
       E >     0.0     0.0     0.0     0.0     0.0     0.0     0.0
     Eta <     2.5     2.5     2.5     2.5    -1.0    -1.0    -1.0
   xqcut:      0.0     0.0     0.0     0.0     0.0     0.0     0.0
d R # 3  >    -0.0     0.4     0.4     0.4     0.0     0.0     0.0
d R # 4  >    -0.0    -0.0     0.4     0.4     0.0     0.0     0.0
d R # 5  >    -0.0    -0.0    -0.0     0.4     0.0     0.0     0.0
d R # 6  >    -0.0    -0.0    -0.0    -0.0     0.0     0.0     0.0
d R # 7  >    -0.0    -0.0    -0.0    -0.0    -0.0     0.0     0.0
d R # 8  >    -0.0    -0.0    -0.0    -0.0    -0.0    -0.0     0.0
s min # 3>     0.0     0.0     0.0     0.0     0.0     0.0     0.0
s min # 4>     0.0     0.0     0.0     0.0     0.0     0.0     0.0
s min # 5>     0.0     0.0     0.0     0.0     0.0     0.0     0.0
s min # 6>     0.0     0.0     0.0     0.0     0.0     0.0     0.0
s min # 7>     0.0     0.0     0.0     0.0     0.0     0.0     0.0
s min # 8>     0.0     0.0     0.0     0.0     0.0     0.0     0.0
xqcutij # 3>     0.0     0.0     0.0     0.0     0.0     0.0     0.0
xqcutij # 4>     0.0     0.0     0.0     0.0     0.0     0.0     0.0
xqcutij # 5>     0.0     0.0     0.0     0.0     0.0     0.0     0.0
xqcutij # 6>     0.0     0.0     0.0     0.0     0.0     0.0     0.0
xqcutij # 7>     0.0     0.0     0.0     0.0     0.0     0.0     0.0
xqcutij # 8>     0.0     0.0     0.0     0.0     0.0     0.0     0.0
 Excluding BW           -1           1
 Excluding BW           -3           2
 Requiring BW           -4           3
 Excluding BW           -5           4
 Excluding BW           -6           5
 alpha_s for scale    4092.9209610431030       is    7.9860592390121235E-002
 Added good helicity            1   70.406739343810855       in event            1 local:           1
 Added good helicity           21   5.4741336749115845       in event            1 local:           1
 Added good helicity           25   45.883056704325142       in event            1 local:           1
 Added good helicity           37   3.2425951820910360E-007  in event            1 local:           1
 Added good helicity           41  0.42608127427210080       in event            1 local:           1
 Added good helicity           61  0.11387290181535134       in event            1 local:           1
 Added good helicity          193   66.905491476733090       in event            1 local:           1
 Added good helicity          213  0.32117049220127952       in event            1 local:           1
 Added good helicity          217   66.181790930875934       in event            1 local:           1
 Added good helicity          229   1.2252350300557550E-005  in event            1 local:           1
 Added good helicity          233  0.24019497908282170       in event            1 local:           1
 Added good helicity          253   4.7455645362025629E-002  in event            1 local:           1
 Added good helicity            1   70.406739343810727       in event            1 local:           1
 Added good helicity           21   5.4741336749118483       in event            1 local:           1
 Added good helicity           25   45.883056704326627       in event            1 local:           1
 Added good helicity           37   3.2425951820914283E-007  in event            1 local:           1
 Added good helicity           41  0.42608127427210318       in event            1 local:           1
 Added good helicity           61  0.11387290181534644       in event            1 local:           1
 Added good helicity          193   66.905491476731711       in event            1 local:           1
 Added good helicity          213  0.32117049220128358       in event            1 local:           1
 Added good helicity          217   66.181790930875721       in event            1 local:           1
 Added good helicity          229   1.2252350300560596E-005  in event            1 local:           1
 Added good helicity          233  0.24019497908275847       in event            1 local:           1
 Added good helicity          253   4.7455645362039167E-002  in event            1 local:           1
 RESET CUMULATIVE VARIABLE
 RESET CUMULATIVE VARIABLE
 RESET CUMULATIVE VARIABLE
 Iteration  1   Mean: 0.7060E-13 Abs mean: 0.7060E-13   Fluctuation:  0.208E-13   0.149E-10     5.5%
  1    0.7060E-13 0.7060E-13 +- 0.2083E-13      9.33
 Writing out events   2.5882865579237272E-016   9.3302030437818342     
 Relative summed weights:
  0.1539E+00  0.1602E-01  0.5141E-01  0.7719E-02  0.2367E-02  0.0000E+00
  0.9702E-02  0.1093E-01  0.4443E-02  0.5702E-01  0.1699E-07  0.9162E-07
  0.4294E-02  0.4687E-01  0.5504E-04  0.2100E+00  0.0000E+00  0.0000E+00
  0.1819E-09  0.9877E-05  0.1295E+00  0.1963E-04  0.6043E-05  0.0000E+00
  0.3888E-01  0.1581E-01  0.1802E-01  0.1294E-01  0.5095E-02  0.3817E-03
  0.5218E-02  0.2350E-01  0.5665E-02  0.9755E-02  0.2217E-05  0.0000E+00
  0.5789E-02  0.1563E-01  0.1517E-01  0.2488E-04  0.0000E+00  0.0000E+00
  0.1294E-01  0.7892E-01  0.1513E-01  0.1689E-01  0.0000E+00  0.0000E+00
 Relative number of events:
  0.5748E-01  0.5253E-01  0.7433E-01  0.6244E-01  0.2973E-02  0.0000E+00
  0.5550E-01  0.4757E-01  0.5550E-01  0.7136E-01  0.1982E-02  0.9911E-03
  0.4955E-02  0.6938E-02  0.5946E-02  0.1982E-02  0.0000E+00  0.0000E+00
  0.1982E-02  0.1982E-02  0.8920E-02  0.5946E-02  0.9911E-03  0.0000E+00
  0.4757E-01  0.5847E-01  0.5253E-01  0.6343E-01  0.9911E-03  0.4955E-02
  0.5451E-01  0.5154E-01  0.5352E-01  0.4955E-01  0.9911E-03  0.0000E+00
  0.7929E-02  0.5946E-02  0.2973E-02  0.3964E-02  0.0000E+00  0.0000E+00
  0.7929E-02  0.3964E-02  0.9911E-03  0.5946E-02  0.0000E+00  0.0000E+00
 Events:
          58          53          75          63           3           0
          56          48          56          72           2           1
           5           7           6           2           0           0
           2           2           9           6           1           0
          48          59          53          64           1           5
          55          52          54          50           1           0
           8           6           3           4           0           0
           8           4           1           6           0           0
 Iteration  2   Mean: 0.4364E-12 Abs mean: 0.4364E-12   Fluctuation:  0.110E-12   0.152E-09    26.8%
  2    0.4364E-12 0.4364E-12 +- 0.1098E-12     11.26
 Relative summed weights:
  0.6326E-01  0.8996E-02  0.4477E-01  0.2567E-01  0.1772E-03  0.1942E-05
  0.4286E-01  0.3386E-01  0.8516E-01  0.1471E-01  0.5236E-03  0.4361E-04
  0.1510E-01  0.5444E-02  0.3156E-02  0.6237E-03  0.0000E+00  0.0000E+00
  0.5748E-01  0.5730E-04  0.8822E-04  0.5470E-03  0.1494E-08  0.0000E+00
  0.3329E-02  0.3455E-01  0.2046E-01  0.2791E-01  0.1956E-04  0.0000E+00
  0.9902E-02  0.3469E-01  0.3407E-01  0.8505E-01  0.0000E+00  0.7858E-05
  0.1283E+00  0.1825E-02  0.3165E-04  0.6468E-02  0.4256E-04  0.1012E-04
  0.1302E-02  0.6474E-02  0.2783E-01  0.1752E+00  0.0000E+00  0.0000E+00
 Relative number of events:
  0.5600E-01  0.6050E-01  0.5450E-01  0.5550E-01  0.2000E-02  0.1000E-02
  0.6250E-01  0.6250E-01  0.5750E-01  0.6100E-01  0.2000E-02  0.1500E-02
  0.4500E-02  0.3500E-02  0.3000E-02  0.2500E-02  0.0000E+00  0.0000E+00
  0.5500E-02  0.3500E-02  0.3500E-02  0.4000E-02  0.5000E-03  0.0000E+00
  0.5550E-01  0.5100E-01  0.6000E-01  0.6050E-01  0.5000E-03  0.0000E+00
  0.5550E-01  0.5950E-01  0.5950E-01  0.5650E-01  0.0000E+00  0.5000E-03
  0.4000E-02  0.6500E-02  0.2000E-02  0.5500E-02  0.5000E-03  0.5000E-03
  0.3500E-02  0.6000E-02  0.5000E-03  0.5000E-02  0.0000E+00  0.0000E+00
 Events:
         112         121         109         111           4           2
         125         125         115         122           4           3
           9           7           6           5           0           0
          11           7           7           8           1           0
         111         102         120         121           1           0
         111         119         119         113           0           1
           8          13           4          11           1           1
           7          12           1          10           0           0
 Iteration  3   Mean: 0.1166E-11 Abs mean: 0.1166E-11   Fluctuation:  0.300E-12   0.828E-09    43.5%
  3    0.1166E-11 0.1166E-11 +- 0.2999E-12     16.27
 Relative summed weights:
  0.2234E-01  0.4314E-01  0.8923E-01  0.1419E-01  0.7588E-08  0.1177E-05
  0.2014E-01  0.2406E-01  0.1507E-01  0.2501E-01  0.8458E-04  0.3617E-05
  0.3177E-02  0.4568E-02  0.8599E-02  0.2488E-04  0.0000E+00  0.0000E+00
  0.8122E-01  0.1530E-01  0.2412E-03  0.5479E-04  0.3949E-04  0.0000E+00
  0.2137E-01  0.9988E-02  0.1219E-01  0.5280E-01  0.9965E-06  0.1331E-03
  0.3228E-01  0.1364E+00  0.5645E-02  0.2675E-01  0.9564E-06  0.3847E-03
  0.1834E+00  0.2003E-02  0.1818E-01  0.5797E-03  0.2054E-04  0.0000E+00
  0.5300E-01  0.6411E-01  0.5674E-03  0.1378E-01  0.0000E+00  0.0000E+00
 Relative number of events:
  0.5325E-01  0.6150E-01  0.5375E-01  0.5400E-01  0.7500E-03  0.5000E-03
  0.5875E-01  0.6325E-01  0.5700E-01  0.5800E-01  0.1000E-02  0.1000E-02
  0.3500E-02  0.5750E-02  0.3250E-02  0.3500E-02  0.0000E+00  0.0000E+00
  0.1025E-01  0.5000E-02  0.3750E-02  0.2750E-02  0.2500E-03  0.0000E+00
  0.5600E-01  0.5775E-01  0.5800E-01  0.5700E-01  0.1250E-02  0.7500E-03
  0.6050E-01  0.5750E-01  0.5600E-01  0.5850E-01  0.5000E-03  0.7500E-03
  0.5250E-02  0.3000E-02  0.4250E-02  0.4500E-02  0.2500E-03  0.0000E+00
  0.5500E-02  0.5000E-02  0.3250E-02  0.3750E-02  0.0000E+00  0.0000E+00
 Events:
         213         246         215         216           3           2
         235         253         228         232           4           4
          14          23          13          14           0           0
          41          20          15          11           1           0
         224         231         232         228           5           3
         242         230         224         234           2           3
          21          12          17          18           1           0
          22          20          13          15           0           0
 Accuracy:    0.530   0.100   0.154  11.886
 Found          304  events.
 Wrote           11  events.
 Actual xsec    5.9754363293369733E-013
 Correct abs xsec    5.9754363293369733E-013
 Event xsec    5.9754363293369733E-013
 Events wgts > 1:            1
 % Cross section > 1:    1.5373996901426309E-021   2.5728659890401994E-007
 Iteration  4   Mean: 0.1073E-11 Abs mean: 0.1073E-11   Fluctuation:  0.296E-12   0.212E-08    46.6%
  4    0.1073E-11 0.1073E-11 +- 0.2957E-12     24.64
 Relative summed weights:
  0.3505E-01  0.2052E-01  0.1079E-01  0.1467E-01  0.5477E-06  0.1281E-03
  0.4810E-01  0.3202E-01  0.3167E-01  0.2710E-01  0.4064E-05  0.4867E-04
  0.2844E-01  0.1096E-01  0.2474E+00  0.1383E-02  0.0000E+00  0.0000E+00
  0.6216E-02  0.3844E-02  0.6390E-02  0.8874E-03  0.7988E-03  0.0000E+00
  0.2631E-01  0.3787E-01  0.2219E-01  0.4336E-01  0.1041E-03  0.2428E-02
  0.3821E-01  0.4395E-01  0.4904E-01  0.3839E-01  0.2006E-04  0.4492E-03
  0.4164E-03  0.1062E+00  0.2072E-01  0.2254E-02  0.7164E-03  0.0000E+00
  0.1575E-01  0.1970E-01  0.9661E-03  0.4545E-02  0.0000E+00  0.0000E+00
 Relative number of events:
  0.6062E-01  0.5538E-01  0.5287E-01  0.5713E-01  0.5000E-03  0.1250E-02
  0.6025E-01  0.5800E-01  0.5675E-01  0.5525E-01  0.6250E-03  0.8750E-03
  0.4125E-02  0.5250E-02  0.2750E-02  0.4500E-02  0.0000E+00  0.0000E+00
  0.5250E-02  0.4375E-02  0.3500E-02  0.4125E-02  0.1250E-03  0.0000E+00
  0.5887E-01  0.6438E-01  0.5275E-01  0.5600E-01  0.7500E-03  0.5000E-03
  0.6012E-01  0.6112E-01  0.5362E-01  0.6563E-01  0.1000E-02  0.1250E-02
  0.4000E-02  0.4125E-02  0.3500E-02  0.3000E-02  0.2500E-03  0.0000E+00
  0.4500E-02  0.5875E-02  0.2750E-02  0.2500E-02  0.0000E+00  0.0000E+00
 Events:
         485         443         423         457           4          10
         482         464         454         442           5           7
          33          42          22          36           0           0
          42          35          28          33           1           0
         471         515         422         448           6           4
         481         489         429         525           8          10
          32          33          28          24           2           0
          36          47          22          20           0           0
 Accuracy:    0.358   0.100   0.134   7.110
 Found          362  events.
 Wrote            4  events.
 Actual xsec    8.7704206793322160E-013
 Correct abs xsec    8.7704206793322160E-013
 Event xsec    8.7704206793322140E-013
 Events wgts > 1:            1
 % Cross section > 1:    1.0589393005914397E-020   1.2073985266030229E-006
 Iteration  5   Mean: 0.1103E-11 Abs mean: 0.1103E-11   Fluctuation:  0.233E-12   0.301E-08    49.5%
  5    0.1103E-11 0.1103E-11 +- 0.2331E-12     26.74
 Relative summed weights:
  0.2625E-01  0.1352E-01  0.2319E-01  0.1535E-01  0.1074E-03  0.1743E-04
  0.1724E-01  0.2783E-01  0.1447E-01  0.1014E+00  0.1560E-03  0.3373E-04
  0.3110E-01  0.1357E-01  0.1214E-01  0.7771E-01  0.0000E+00  0.3580E-06
  0.2919E-01  0.2148E+00  0.1493E-01  0.2014E-01  0.0000E+00  0.1179E-04
  0.2473E-01  0.2812E-01  0.1604E-01  0.1746E-01  0.3995E-04  0.4493E-03
  0.2951E-01  0.2225E-01  0.5228E-01  0.2763E-01  0.2294E-03  0.2304E-03
  0.1890E-01  0.3654E-01  0.8199E-02  0.1118E-01  0.7561E-03  0.0000E+00
  0.1253E-01  0.2279E-01  0.8445E-02  0.8503E-02  0.0000E+00  0.5220E-05
 Relative number of events:
  0.6250E-01  0.5763E-01  0.5444E-01  0.5387E-01  0.6250E-03  0.9375E-03
  0.6006E-01  0.6237E-01  0.5300E-01  0.5519E-01  0.8750E-03  0.8750E-03
  0.5437E-02  0.5750E-02  0.2750E-02  0.4000E-02  0.0000E+00  0.6250E-04
  0.5625E-02  0.5687E-02  0.3687E-02  0.4000E-02  0.0000E+00  0.1250E-03
  0.6250E-01  0.6169E-01  0.5669E-01  0.5538E-01  0.8125E-03  0.1187E-02
  0.6162E-01  0.6031E-01  0.5231E-01  0.5275E-01  0.1187E-02  0.1125E-02
  0.5250E-02  0.4750E-02  0.3125E-02  0.3563E-02  0.6250E-04  0.0000E+00
  0.4750E-02  0.5687E-02  0.3312E-02  0.2375E-02  0.0000E+00  0.6250E-04
 Events:
        1000         922         871         862          10          15
         961         998         848         883          14          14
          87          92          44          64           0           1
          90          91          59          64           0           2
        1000         987         907         886          13          19
         986         965         837         844          19          18
          84          76          50          57           1           0
          76          91          53          38           0           1
 Accuracy:    0.250   0.100   0.113   4.879
 Found          859  events.
 Wrote            7  events.
 Actual xsec    1.1139980973283147E-012
 Correct abs xsec    1.1139980973283147E-012
 Event xsec    1.1139980973283147E-012
 Events wgts > 1:            1
 % Cross section > 1:    1.0510163350690854E-020   9.4346331254040962E-007

 -------------------------------------------------------------------------------
 Accumulated results:   Integral =  0.8230E-12
                        Std dev  =  0.9322E-13
                       Cross sec =  0.8230E-12
             Chi**2 per DoF.     =      4.8790
 -------------------------------------------------------------------------------
-------------------------------------------------
---------------------------
 Results Last   3 iters: Integral =   0.1114E-11
                     Abs integral =   0.1114E-11
                          Std dev =   0.1565E-12
                  Chi**2 per DoF. =      0.0258
-------------------------------------------------
---------------------------
 Status  0.10000000000000001                6           5

ls status:
events.lhe
ftn26
input_app.txt
results.dat
run1_app.log
