 Process in group number            1
 A PDF is used, so alpha_s(MZ) is going to be modified
 Old value of alpha_s from param_card:   0.11839999999999999     
  ****************************************
 
       NNPDFDriver version 1.0.3
   Grid: NNPDF23_lo_as_0130_qed_mem0.grid
  ****************************************
 New value of alpha_s from PDF nn23lo1:  0.13000000000000000     
 Define smin to   1600.0000000000000     
 Define smin to   1600.0000000000000     
 Define smin to   1600.0000000000000     
 *****************************************************
 *               MadGraph/MadEvent                   *
 *        --------------------------------           *
 *          http://madgraph.hep.uiuc.edu             *
 *          http://madgraph.phys.ucl.ac.be           *
 *          http://madgraph.roma2.infn.it            *
 *        --------------------------------           *
 *                                                   *
 *          PARAMETER AND COUPLING VALUES            *
 *                                                   *
 *****************************************************

  External Params
  ---------------------------------
  
 mdl_VeN1 =    1.0000000000000000     
 mdl_VeN2 =    0.0000000000000000     
 mdl_VeN3 =    0.0000000000000000     
 mdl_VmuN1 =    0.0000000000000000     
 mdl_VmuN2 =    1.0000000000000000     
 mdl_VmuN3 =    0.0000000000000000     
 mdl_VtaN1 =    0.0000000000000000     
 mdl_VtaN2 =    0.0000000000000000     
 mdl_VtaN3 =    1.0000000000000000     
 mdl_VN1N1 =    1.0000000000000000     
 mdl_VN1N2 =    1.0000000000000000     
 mdl_VN1N3 =    1.0000000000000000     
 mdl_VN2N2 =    1.0000000000000000     
 mdl_VN2N3 =    1.0000000000000000     
 mdl_VN3N3 =    1.0000000000000000     
 aEWM1 =    127.90000000000001     
 mdl_Gf =    1.1663700000000000E-005
 aS =   0.11839999999999999     
 mdl_ymt =    172.00000000000000     
 mdl_vevf =    50.000000000000000     
 mdl_MZ =    91.187600000000003     
 mdl_MT =    172.00000000000000     
 mdl_MH =    125.00000000000000     
 mdl_mN1 =    1644.0000000000000     
 mdl_mN2 =    1744.0000000000000     
 mdl_mN3 =    1844.0000000000000     
 mdl_MJ =    91.187600000000003     
 mdl_MAx =    173.04800000000000     
 mdl_WZ =    2.4952000000000001     
 mdl_WW =    2.0850000000000000     
 mdl_WT =    1.5083359999999999     
 mdl_WH =    4.0699999999999998E-003
 mdl_WN1 =   0.30299999999999999     
 mdl_WN2 =    1.5000000000000000     
 mdl_WN3 =    12.300000000000001     
 mdl_WJ =    2.4952000000000001     
 mdl_WAx =    4.1700000000000001E-003
  Internal Params
  ---------------------------------
  
 mdl_vevf__exp__2 =    2500.0000000000000     
 mdl_sqrt__vevf__exp__2 =    50.000000000000000     
 mdl_muJ =    50.000000000000000     
 mdl_MZ__exp__2 =    8315.1783937600012     
 mdl_MZ__exp__4 =    69142191.720053151     
 mdl_sqrt__2 =    1.4142135623730951     
 mdl_MJ__exp__2 =    8315.1783937600012     
 mdl_muJ__exp__2 =    2500.0000000000000     
 mdl_lamJ =    4.3260713575040004     
 mdl_MH__exp__2 =    15625.000000000000     
 mdl_complexi =  (  0.0000000000000000     ,  1.0000000000000000     )
 mdl_aEW =    7.8186082877247844E-003
 mdl_MW =    79.824359746197842     
 mdl_sqrt__aEW =    8.8422894590285753E-002
 mdl_ee =   0.31345100004952897     
 mdl_MW__exp__2 =    6371.9284088904105     
 mdl_sw2 =   0.23369913342182447     
 mdl_cw =   0.87538612427783857     
 mdl_sqrt__sw2 =   0.48342438232036300     
 mdl_sw =   0.48342438232036300     
 mdl_g1 =   0.35807170271074895     
 mdl_gN =   0.64839716719502682     
 mdl_gw =   0.64839716719502682     
 mdl_vev =    246.22056907348590     
 mdl_vev__exp__2 =    60624.568634871241     
 mdl_lam =   0.12886689630821144     
 mdl_yt =   0.98791394091683138     
 mdl_muH =    88.388347648318444     
 mdl_I2a33 =  ( 0.98791394091683138     ,  0.0000000000000000     )
 mdl_I3a33 =  ( 0.98791394091683138     ,  0.0000000000000000     )
 mdl_ee__exp__2 =    9.8251529432049817E-002
 mdl_sw__exp__2 =   0.23369913342182450     
 mdl_cw__exp__2 =   0.76630086657817542     
  Internal Params evaluated point by point
  ----------------------------------------
  
 mdl_sqrt__aS =   0.34409301068170506     
 mdl_G__exp__2 =    1.4878582807401259     
  Couplings of SM_HeavyN_UFO
  ---------------------------------
  
         GC_1 =  -0.00000E+00  -0.10448E+00
         GC_2 =   0.00000E+00   0.20897E+00
         GC_3 =  -0.00000E+00  -0.31345E+00
         GC_4 =   0.00000E+00   0.31345E+00
        GC_26 =   0.00000E+00   0.45849E+00
        GC_27 =  -0.00000E+00  -0.28380E+00
        GC_28 =   0.00000E+00   0.28380E+00
        GC_30 =   0.00000E+00   0.56760E+00
        GC_35 =  -0.00000E+00  -0.28850E-01
        GC_37 =   0.00000E+00   0.17310E+00
        GC_39 =   0.00000E+00  -0.19725E+00
        GC_40 =   0.00000E+00   0.37035E+00
        GC_80 =   0.00000E+00   0.67543E+02
       GC_107 =  -0.00000E+00  -0.74070E+00
       GC_109 =  -0.00000E+00  -0.74070E+00
       GC_111 =  -0.00000E+00  -0.74070E+00
       GC_113 =  -0.00000E+00  -0.74070E+00
       GC_115 =  -0.00000E+00  -0.74070E+00
       GC_117 =  -0.00000E+00  -0.74070E+00
       GC_119 =   0.00000E+00   0.00000E+00
       GC_120 =   0.00000E+00   0.00000E+00
       GC_122 =  -0.00000E+00  -0.00000E+00
       GC_126 =   0.00000E+00   0.00000E+00
       GC_127 =   0.00000E+00   0.00000E+00
       GC_129 =  -0.00000E+00  -0.00000E+00
       GC_133 =   0.00000E+00   0.45849E+00
       GC_134 =   0.00000E+00   0.37035E+00
       GC_136 =  -0.00000E+00  -0.74892E+01
        GC_81 =   0.32880E+02   0.00000E+00
        GC_82 =   0.34880E+02   0.00000E+00
        GC_83 =   0.36880E+02   0.00000E+00

 Collider parameters:
 --------------------

 Running at P P   machine @    13000.000000000000       GeV
 PDF set = nn23lo1
 alpha_s(Mz)= 0.1300 running at 2 loops.
 alpha_s(Mz)= 0.1300 running at 2 loops.
 Renormalization scale set on event-by-event basis
 Factorization   scale set on event-by-event basis


 getting user params
Enter number of events and max and min iterations: 
 Number of events and iterations         1000           5           3
Enter desired fractional accuracy: 
 Desired fractional accuracy:   0.10000000000000001     
Enter 0 for fixed, 2 for adjustable grid: 
Suppress amplitude (0 no, 1 yes)? 
 Using suppressed amplitude.
Exact helicity sum (0 yes, n = number/event)? 
 Explicitly summing over helicities
Enter Configuration Number: 
Running Configuration Number:  948
 Using dconfig=          80
 BW Setting            2           2           2           2           0           0           0
 Attempting mappinvarients           1           9
 Completed mapping           9
 about to integrate           19        1000           5           3          19           1
 Using non-zero grid deformation.
 19 dimensions   1000 events 19 invarients  5 iterations  1 config(s),  (0.99)
 Using h-tuple random number sequence.
 Error opening grid
 Using Uniform Grid!          36
 Using uniform alpha   1.0000000000000000     
 Grid defined OK
 Set CM energy to      13000.00
 Mapping Graph         948  to config         948
Setting grid   1    0.59172E-08   1
Setting grid   2    0.59172E-08   1
Setting grid   3    0.49202E-04   1
Setting grid   4    0.49202E-04   1
Setting grid   5    0.49202E-04   1
Setting grid   6    0.49202E-04   1
 Transforming s_hat 1/s           18   1.0183542244828404E-004   1600.0000000000000        168999999.99999997     
 948   1   2   3   4   5   6   7   8   9  10  11  12  13  14
  15  16  17  18  19
 Masses: 0.000E+00 0.000E+00 0.000E+00 0.000E+00 0.000E+00 0.000E+00 0.000E+00 0.000E+00 0.912E+02
Using random seed offsets   948 :      1
  with seed                   24
 Ranmar initialization seeds         678        9398
 
 ********************************************
 * You are using the DiscreteSampler module *
 *      part of the MG5_aMC framework       *
 *         Author: Valentin Hirschi         *
 ********************************************
 
  Particle       3       4       5       6       7       8       9
      Et >    10.0    10.0    10.0    10.0     0.0     0.0     0.0
       E >     0.0     0.0     0.0     0.0     0.0     0.0     0.0
     Eta <     2.5     2.5     2.5     2.5    -1.0    -1.0    -1.0
   xqcut:      0.0     0.0     0.0     0.0     0.0     0.0     0.0
d R # 3  >    -0.0     0.4     0.4     0.4     0.0     0.0     0.0
d R # 4  >    -0.0    -0.0     0.4     0.4     0.0     0.0     0.0
d R # 5  >    -0.0    -0.0    -0.0     0.4     0.0     0.0     0.0
d R # 6  >    -0.0    -0.0    -0.0    -0.0     0.0     0.0     0.0
d R # 7  >    -0.0    -0.0    -0.0    -0.0    -0.0     0.0     0.0
d R # 8  >    -0.0    -0.0    -0.0    -0.0    -0.0    -0.0     0.0
s min # 3>     0.0     0.0     0.0     0.0     0.0     0.0     0.0
s min # 4>     0.0     0.0     0.0     0.0     0.0     0.0     0.0
s min # 5>     0.0     0.0     0.0     0.0     0.0     0.0     0.0
s min # 6>     0.0     0.0     0.0     0.0     0.0     0.0     0.0
s min # 7>     0.0     0.0     0.0     0.0     0.0     0.0     0.0
s min # 8>     0.0     0.0     0.0     0.0     0.0     0.0     0.0
xqcutij # 3>     0.0     0.0     0.0     0.0     0.0     0.0     0.0
xqcutij # 4>     0.0     0.0     0.0     0.0     0.0     0.0     0.0
xqcutij # 5>     0.0     0.0     0.0     0.0     0.0     0.0     0.0
xqcutij # 6>     0.0     0.0     0.0     0.0     0.0     0.0     0.0
xqcutij # 7>     0.0     0.0     0.0     0.0     0.0     0.0     0.0
xqcutij # 8>     0.0     0.0     0.0     0.0     0.0     0.0     0.0
 Excluding BW           -1           1
 Excluding BW           -2           2
 Excluding BW           -3           3
 Excluding BW           -4           4
 alpha_s for scale    138.79312041642211       is   0.12149621696673790     
 Added good helicity            1   4.7813339877791412       in event            1 local:           1
 Added good helicity           21  0.23296231020522304       in event            1 local:           1
 Added good helicity           25  0.26382704816271896       in event            1 local:           1
 Added good helicity           37   2.8406976487811972       in event            1 local:           1
 Added good helicity           41   1.4076597789291718       in event            1 local:           1
 Added good helicity           61   7.8973594144560108E-002  in event            1 local:           1
 Added good helicity          193   6.5319102498043167       in event            1 local:           1
 Added good helicity          213   4.8577121328382580       in event            1 local:           1
 Added good helicity          217   2.3446001512925170       in event            1 local:           1
 Added good helicity          229   161.41825103778172       in event            1 local:           1
 Added good helicity          233   69.439308619353127       in event            1 local:           1
 Added good helicity          253   1.8027634409280813       in event            1 local:           1
 Added good helicity            1   4.7813339877792238       in event            1 local:           1
 Added good helicity           21  0.23296231020521979       in event            1 local:           1
 Added good helicity           25  0.26382704816272157       in event            1 local:           1
 Added good helicity           37   2.8406976487811959       in event            1 local:           1
 Added good helicity           41   1.4076597789291758       in event            1 local:           1
 Added good helicity           61   7.8973594144553863E-002  in event            1 local:           1
 Added good helicity          193   6.5319102498047563       in event            1 local:           1
 Added good helicity          213   4.8577121328382624       in event            1 local:           1
 Added good helicity          217   2.3446001512925041       in event            1 local:           1
 Added good helicity          229   161.41825103778109       in event            1 local:           1
 Added good helicity          233   69.439308619353170       in event            1 local:           1
 Added good helicity          253   1.8027634409280902       in event            1 local:           1
 RESET CUMULATIVE VARIABLE
 RESET CUMULATIVE VARIABLE
 RESET CUMULATIVE VARIABLE
 Iteration  1   Mean: 0.1270E-14 Abs mean: 0.1270E-14   Fluctuation:  0.878E-15   0.666E-12     2.2%
  1    0.1270E-14 0.1270E-14 +- 0.8777E-15     21.86
 Writing out events   1.1307136311349326E-017   21.863557544456224     
 Relative summed weights:
  0.4237E-03  0.2613E-04  0.8076E-03  0.1574E-07  0.0000E+00  0.6953E-21
  0.1412E-03  0.1813E-03  0.1951E-06  0.5158E-04  0.1351E-13  0.2044E-11
  0.2705E-02  0.1740E-03  0.8997E-02  0.7112E-04  0.2190E-13  0.5474E-08
  0.3384E-04  0.1099E-01  0.1398E-07  0.4735E-04  0.7179E-16  0.0000E+00
  0.6514E-04  0.1139E-04  0.2534E-08  0.2253E-05  0.1853E-13  0.2629E-12
  0.7824E-06  0.1496E-03  0.4344E-06  0.5014E-06  0.3665E-13  0.0000E+00
  0.7327E-04  0.1635E-04  0.1016E-04  0.2540E-06  0.4998E-09  0.1612E-14
  0.4502E+00  0.1403E-03  0.5246E+00  0.2783E-07  0.0000E+00  0.5279E-14
 Relative number of events:
  0.3370E-01  0.4757E-01  0.1685E-01  0.1487E-01  0.0000E+00  0.9911E-03
  0.4658E-01  0.4955E-01  0.1090E-01  0.9911E-02  0.1982E-02  0.9911E-03
  0.3469E-01  0.3964E-01  0.1784E-01  0.1586E-01  0.9911E-03  0.9911E-03
  0.2874E-01  0.2874E-01  0.1090E-01  0.1189E-01  0.9911E-03  0.0000E+00
  0.5946E-01  0.5253E-01  0.1982E-01  0.2478E-01  0.9911E-03  0.9911E-03
  0.4063E-01  0.5649E-01  0.2676E-01  0.3072E-01  0.9911E-03  0.0000E+00
  0.5154E-01  0.4262E-01  0.1982E-01  0.1883E-01  0.2973E-02  0.9911E-03
  0.3865E-01  0.4460E-01  0.1586E-01  0.2279E-01  0.0000E+00  0.1982E-02
 Events:
          34          48          17          15           0           1
          47          50          11          10           2           1
          35          40          18          16           1           1
          29          29          11          12           1           0
          60          53          20          25           1           1
          41          57          27          31           1           0
          52          43          20          19           3           1
          39          45          16          23           0           2
 Iteration  2   Mean: 0.1120E-15 Abs mean: 0.1120E-15   Fluctuation:  0.494E-16   0.845E-13    13.2%
  2    0.1120E-15 0.1120E-15 +- 0.4945E-16     19.75
 Relative summed weights:
  0.4221E-02  0.7978E-01  0.8441E-02  0.2951E-04  0.2893E-13  0.0000E+00
  0.2639E-02  0.1152E-01  0.3144E-06  0.1336E-05  0.7386E-10  0.2848E-12
  0.1072E-02  0.2670E-03  0.6745E-01  0.1290E-06  0.9335E-13  0.5336E-14
  0.1453E+00  0.5923E-03  0.1920E-06  0.3205E-06  0.0000E+00  0.0000E+00
  0.1362E+00  0.5976E-03  0.5138E-01  0.1731E-03  0.0000E+00  0.0000E+00
  0.6630E-03  0.4045E+00  0.1368E-03  0.1228E-03  0.5946E-09  0.7375E-07
  0.4002E-03  0.5081E-02  0.1845E-03  0.7827E-05  0.6300E-15  0.1017E-10
  0.7612E-01  0.2081E-02  0.2083E-04  0.1027E-02  0.5969E-07  0.0000E+00
 Relative number of events:
  0.3900E-01  0.4250E-01  0.9500E-02  0.1350E-01  0.1000E-02  0.0000E+00
  0.3800E-01  0.3850E-01  0.8000E-02  0.9500E-02  0.3000E-02  0.1000E-02
  0.4100E-01  0.4700E-01  0.1400E-01  0.5500E-02  0.1500E-02  0.5000E-03
  0.4350E-01  0.4250E-01  0.8000E-02  0.1250E-01  0.0000E+00  0.0000E+00
  0.5000E-01  0.4900E-01  0.1550E-01  0.1850E-01  0.0000E+00  0.0000E+00
  0.5500E-01  0.5450E-01  0.2550E-01  0.1950E-01  0.1000E-02  0.5000E-03
  0.4900E-01  0.5600E-01  0.1850E-01  0.1800E-01  0.5000E-03  0.5000E-03
  0.5100E-01  0.5550E-01  0.2150E-01  0.2050E-01  0.5000E-03  0.0000E+00
 Events:
          78          85          19          27           2           0
          76          77          16          19           6           2
          82          94          28          11           3           1
          87          85          16          25           0           0
         100          98          31          37           0           0
         110         109          51          39           2           1
          98         112          37          36           1           1
         102         111          43          41           1           0
 Iteration  3   Mean: 0.3397E-14 Abs mean: 0.3397E-14   Fluctuation:  0.153E-14   0.477E-11    34.8%
  3    0.3397E-14 0.3397E-14 +- 0.1531E-14     28.50
 Relative summed weights:
  0.3846E-01  0.7413E-02  0.1625E-01  0.8510E-04  0.2464E-11  0.8083E-09
  0.3608E+00  0.2176E-01  0.3386E-05  0.3898E-05  0.0000E+00  0.0000E+00
  0.2265E+00  0.5751E-02  0.4047E-05  0.2482E-02  0.2952E-13  0.4782E-13
  0.1948E-01  0.8895E-03  0.3218E-03  0.4057E-04  0.4636E-10  0.0000E+00
  0.1371E-01  0.9287E-03  0.1269E-04  0.1102E-02  0.3291E-14  0.0000E+00
  0.3825E-02  0.5542E-01  0.1436E-02  0.6210E-05  0.0000E+00  0.3479E-09
  0.5382E-03  0.1454E+00  0.6299E-04  0.3932E-05  0.2448E-15  0.5757E-18
  0.5751E-01  0.1978E-01  0.3891E-06  0.2056E-04  0.0000E+00  0.2355E-13
 Relative number of events:
  0.4125E-01  0.4725E-01  0.7750E-02  0.7000E-02  0.2500E-03  0.7500E-03
  0.4825E-01  0.4575E-01  0.9500E-02  0.7000E-02  0.0000E+00  0.0000E+00
  0.4475E-01  0.4875E-01  0.9250E-02  0.1050E-01  0.2500E-03  0.5000E-03
  0.4875E-01  0.4200E-01  0.9500E-02  0.1025E-01  0.2500E-03  0.0000E+00
  0.5700E-01  0.5325E-01  0.1800E-01  0.1200E-01  0.2500E-03  0.0000E+00
  0.5225E-01  0.6100E-01  0.1500E-01  0.1125E-01  0.0000E+00  0.5000E-03
  0.5425E-01  0.5750E-01  0.1550E-01  0.1475E-01  0.2500E-03  0.2500E-03
  0.4975E-01  0.5600E-01  0.1550E-01  0.1550E-01  0.0000E+00  0.7500E-03
 Events:
         165         189          31          28           1           3
         193         183          38          28           0           0
         179         195          37          42           1           2
         195         168          38          41           1           0
         228         213          72          48           1           0
         209         244          60          45           0           2
         217         230          62          59           1           1
         199         224          62          62           0           3
 Accuracy:    0.647   0.100   0.287   5.086
 Found          131  events.
 Wrote            4  events.
 Actual xsec    1.6432888863955560E-015
 Correct abs xsec    1.6432888863955560E-015
 Event xsec    1.6432888863955560E-015
 Events wgts > 1:            0
 % Cross section > 1:    0.0000000000000000        0.0000000000000000     
 Iteration  4   Mean: 0.7529E-13 Abs mean: 0.7529E-13   Fluctuation:  0.534E-13   0.402E-09    57.7%
  4    0.7529E-13 0.7529E-13 +- 0.5342E-13     63.46
 Relative summed weights:
  0.5007E-02  0.1153E-02  0.1028E-01  0.3897E-04  0.1806E-08  0.0000E+00
  0.6452E-02  0.9169E-02  0.6876E-04  0.6882E-04  0.5506E-05  0.1258E-05
  0.5751E-03  0.1263E-02  0.2309E-06  0.5165E-05  0.2572E-16  0.0000E+00
  0.9235E-03  0.9104E+00  0.1062E-04  0.4680E-02  0.0000E+00  0.0000E+00
  0.3517E-02  0.7185E-03  0.2243E-04  0.1516E-03  0.0000E+00  0.7081E-24
  0.2055E-01  0.2241E-02  0.5890E-04  0.1091E-02  0.1310E-10  0.0000E+00
  0.2193E-02  0.2880E-03  0.2566E-04  0.2293E-02  0.2549E-09  0.0000E+00
  0.2393E-02  0.1422E-01  0.4195E-05  0.1577E-03  0.0000E+00  0.0000E+00
 Relative number of events:
  0.4362E-01  0.4875E-01  0.8125E-02  0.7250E-02  0.1250E-03  0.0000E+00
  0.4725E-01  0.4700E-01  0.9125E-02  0.5250E-02  0.1250E-03  0.3750E-03
  0.4425E-01  0.4275E-01  0.7875E-02  0.7125E-02  0.1250E-03  0.0000E+00
  0.4950E-01  0.4913E-01  0.7250E-02  0.7375E-02  0.0000E+00  0.0000E+00
  0.5725E-01  0.5975E-01  0.1263E-01  0.1388E-01  0.0000E+00  0.1250E-03
  0.5437E-01  0.5900E-01  0.1375E-01  0.1362E-01  0.1250E-03  0.0000E+00
  0.5912E-01  0.5312E-01  0.1688E-01  0.1250E-01  0.1250E-03  0.0000E+00
  0.5675E-01  0.5638E-01  0.1388E-01  0.1438E-01  0.0000E+00  0.0000E+00
 Events:
         349         390          65          58           1           0
         378         376          73          42           1           3
         354         342          63          57           1           0
         396         393          58          59           0           0
         458         478         101         111           0           1
         435         472         110         109           1           0
         473         425         135         100           1           0
         454         451         111         115           0           0
 Accuracy:    1.234   0.100   0.266  21.509
 Found          181  events.
 Wrote            2  events.
 Actual xsec    1.3860126800382207E-014
 Correct abs xsec    1.3860126800382207E-014
 Event xsec    1.3860126800382207E-014
 Events wgts > 1:            0
 % Cross section > 1:    0.0000000000000000        0.0000000000000000     
 Iteration  5   Mean: 0.5257E-13 Abs mean: 0.5257E-13   Fluctuation:  0.383E-13   0.611E-09    62.5%
  5    0.5257E-13 0.5257E-13 +- 0.3830E-13     92.15
 Relative summed weights:
  0.2122E-02  0.2361E-02  0.4711E-04  0.8985E-04  0.1471E-08  0.8287E-09
  0.2687E-01  0.3111E-01  0.1826E-03  0.4734E-02  0.2076E-08  0.4915E-19
  0.2894E-02  0.1089E-01  0.7851E-04  0.2963E-03  0.2230E-07  0.0000E+00
  0.7860E+00  0.2636E-01  0.1467E-03  0.2461E-03  0.0000E+00  0.1645E-10
  0.1466E-01  0.4023E-02  0.2872E-03  0.8424E-03  0.5175E-09  0.0000E+00
  0.3171E-02  0.4284E-02  0.6126E-02  0.8471E-03  0.0000E+00  0.1463E-10
  0.1374E-01  0.2445E-02  0.3980E-03  0.6212E-02  0.1238E-04  0.8429E-08
  0.1065E-01  0.3739E-01  0.3289E-03  0.1109E-03  0.8623E-08  0.0000E+00
 Relative number of events:
  0.4750E-01  0.4450E-01  0.7500E-02  0.6375E-02  0.1250E-03  0.6250E-04
  0.4831E-01  0.4700E-01  0.6875E-02  0.6938E-02  0.1250E-03  0.6250E-04
  0.4350E-01  0.4600E-01  0.7313E-02  0.7063E-02  0.6250E-04  0.0000E+00
  0.4813E-01  0.4838E-01  0.7313E-02  0.7875E-02  0.0000E+00  0.1250E-03
  0.5663E-01  0.5725E-01  0.1344E-01  0.1475E-01  0.1875E-03  0.0000E+00
  0.5819E-01  0.5962E-01  0.1356E-01  0.1350E-01  0.0000E+00  0.6250E-04
  0.5625E-01  0.5731E-01  0.1325E-01  0.1300E-01  0.1250E-03  0.1875E-03
  0.5681E-01  0.5800E-01  0.1319E-01  0.1337E-01  0.1875E-03  0.0000E+00
 Events:
         760         712         120         102           2           1
         773         752         110         111           2           1
         696         736         117         113           1           0
         770         774         117         126           0           2
         906         916         215         236           3           0
         931         954         217         216           0           1
         900         917         212         208           2           3
         909         928         211         214           3           0
 Accuracy:    0.817   0.100   0.250  10.687
 Found          105  events.
 Wrote            3  events.
 Actual xsec    3.0174269486439055E-014
 Correct abs xsec    3.0174269486439055E-014
 Event xsec    3.0174269486439055E-014
 Events wgts > 1:            0
 % Cross section > 1:    0.0000000000000000        0.0000000000000000     

 -------------------------------------------------------------------------------
 Accumulated results:   Integral =  0.1677E-13
                        Std dev  =  0.4191E-14
                       Cross sec =  0.1677E-13
             Chi**2 per DoF.     =     10.6874
 -------------------------------------------------------------------------------
-------------------------------------------------
---------------------------
 Results Last   3 iters: Integral =   0.3017E-13
                     Abs integral =   0.3017E-13
                          Std dev =   0.1018E-13
                  Chi**2 per DoF. =    153.4274
-------------------------------------------------
---------------------------
 Status  0.10000000000000001                6           5

ls status:
events.lhe
ftn26
input_app.txt
results.dat
run1_app.log
