 Process in group number            1
 A PDF is used, so alpha_s(MZ) is going to be modified
 Old value of alpha_s from param_card:   0.11839999999999999     
  ****************************************
 
       NNPDFDriver version 1.0.3
   Grid: NNPDF23_lo_as_0130_qed_mem0.grid
  ****************************************
 New value of alpha_s from PDF nn23lo1:  0.13000000000000000     
 Define smin to   1600.0000000000000     
 Define smin to   1600.0000000000000     
 Define smin to   1600.0000000000000     
 *****************************************************
 *               MadGraph/MadEvent                   *
 *        --------------------------------           *
 *          http://madgraph.hep.uiuc.edu             *
 *          http://madgraph.phys.ucl.ac.be           *
 *          http://madgraph.roma2.infn.it            *
 *        --------------------------------           *
 *                                                   *
 *          PARAMETER AND COUPLING VALUES            *
 *                                                   *
 *****************************************************

  External Params
  ---------------------------------
  
 mdl_VeN1 =    1.0000000000000000     
 mdl_VeN2 =    0.0000000000000000     
 mdl_VeN3 =    0.0000000000000000     
 mdl_VmuN1 =    0.0000000000000000     
 mdl_VmuN2 =    1.0000000000000000     
 mdl_VmuN3 =    0.0000000000000000     
 mdl_VtaN1 =    0.0000000000000000     
 mdl_VtaN2 =    0.0000000000000000     
 mdl_VtaN3 =    1.0000000000000000     
 mdl_VN1N1 =    1.0000000000000000     
 mdl_VN1N2 =    1.0000000000000000     
 mdl_VN1N3 =    1.0000000000000000     
 mdl_VN2N2 =    1.0000000000000000     
 mdl_VN2N3 =    1.0000000000000000     
 mdl_VN3N3 =    1.0000000000000000     
 aEWM1 =    127.90000000000001     
 mdl_Gf =    1.1663700000000000E-005
 aS =   0.11839999999999999     
 mdl_ymt =    172.00000000000000     
 mdl_vevf =    50.000000000000000     
 mdl_MZ =    91.187600000000003     
 mdl_MT =    172.00000000000000     
 mdl_MH =    125.00000000000000     
 mdl_mN1 =    1644.0000000000000     
 mdl_mN2 =    1744.0000000000000     
 mdl_mN3 =    1844.0000000000000     
 mdl_MJ =    91.187600000000003     
 mdl_MAx =    173.04800000000000     
 mdl_WZ =    2.4952000000000001     
 mdl_WW =    2.0850000000000000     
 mdl_WT =    1.5083359999999999     
 mdl_WH =    4.0699999999999998E-003
 mdl_WN1 =   0.30299999999999999     
 mdl_WN2 =    1.5000000000000000     
 mdl_WN3 =    12.300000000000001     
 mdl_WJ =    2.4952000000000001     
 mdl_WAx =    4.1700000000000001E-003
  Internal Params
  ---------------------------------
  
 mdl_vevf__exp__2 =    2500.0000000000000     
 mdl_sqrt__vevf__exp__2 =    50.000000000000000     
 mdl_muJ =    50.000000000000000     
 mdl_MZ__exp__2 =    8315.1783937600012     
 mdl_MZ__exp__4 =    69142191.720053151     
 mdl_sqrt__2 =    1.4142135623730951     
 mdl_MJ__exp__2 =    8315.1783937600012     
 mdl_muJ__exp__2 =    2500.0000000000000     
 mdl_lamJ =    4.3260713575040004     
 mdl_MH__exp__2 =    15625.000000000000     
 mdl_complexi =  (  0.0000000000000000     ,  1.0000000000000000     )
 mdl_aEW =    7.8186082877247844E-003
 mdl_MW =    79.824359746197842     
 mdl_sqrt__aEW =    8.8422894590285753E-002
 mdl_ee =   0.31345100004952897     
 mdl_MW__exp__2 =    6371.9284088904105     
 mdl_sw2 =   0.23369913342182447     
 mdl_cw =   0.87538612427783857     
 mdl_sqrt__sw2 =   0.48342438232036300     
 mdl_sw =   0.48342438232036300     
 mdl_g1 =   0.35807170271074895     
 mdl_gN =   0.64839716719502682     
 mdl_gw =   0.64839716719502682     
 mdl_vev =    246.22056907348590     
 mdl_vev__exp__2 =    60624.568634871241     
 mdl_lam =   0.12886689630821144     
 mdl_yt =   0.98791394091683138     
 mdl_muH =    88.388347648318444     
 mdl_I2a33 =  ( 0.98791394091683138     ,  0.0000000000000000     )
 mdl_I3a33 =  ( 0.98791394091683138     ,  0.0000000000000000     )
 mdl_ee__exp__2 =    9.8251529432049817E-002
 mdl_sw__exp__2 =   0.23369913342182450     
 mdl_cw__exp__2 =   0.76630086657817542     
  Internal Params evaluated point by point
  ----------------------------------------
  
 mdl_sqrt__aS =   0.34409301068170506     
 mdl_G__exp__2 =    1.4878582807401259     
  Couplings of SM_HeavyN_UFO
  ---------------------------------
  
         GC_1 =  -0.00000E+00  -0.10448E+00
         GC_2 =   0.00000E+00   0.20897E+00
         GC_3 =  -0.00000E+00  -0.31345E+00
         GC_4 =   0.00000E+00   0.31345E+00
        GC_26 =   0.00000E+00   0.45849E+00
        GC_27 =  -0.00000E+00  -0.28380E+00
        GC_28 =   0.00000E+00   0.28380E+00
        GC_30 =   0.00000E+00   0.56760E+00
        GC_35 =  -0.00000E+00  -0.28850E-01
        GC_37 =   0.00000E+00   0.17310E+00
        GC_39 =   0.00000E+00  -0.19725E+00
        GC_40 =   0.00000E+00   0.37035E+00
        GC_80 =   0.00000E+00   0.67543E+02
       GC_107 =  -0.00000E+00  -0.74070E+00
       GC_109 =  -0.00000E+00  -0.74070E+00
       GC_111 =  -0.00000E+00  -0.74070E+00
       GC_113 =  -0.00000E+00  -0.74070E+00
       GC_115 =  -0.00000E+00  -0.74070E+00
       GC_117 =  -0.00000E+00  -0.74070E+00
       GC_119 =   0.00000E+00   0.00000E+00
       GC_120 =   0.00000E+00   0.00000E+00
       GC_122 =  -0.00000E+00  -0.00000E+00
       GC_126 =   0.00000E+00   0.00000E+00
       GC_127 =   0.00000E+00   0.00000E+00
       GC_129 =  -0.00000E+00  -0.00000E+00
       GC_133 =   0.00000E+00   0.45849E+00
       GC_134 =   0.00000E+00   0.37035E+00
       GC_136 =  -0.00000E+00  -0.74892E+01
        GC_81 =   0.32880E+02   0.00000E+00
        GC_82 =   0.34880E+02   0.00000E+00
        GC_83 =   0.36880E+02   0.00000E+00

 Collider parameters:
 --------------------

 Running at P P   machine @    13000.000000000000       GeV
 PDF set = nn23lo1
 alpha_s(Mz)= 0.1300 running at 2 loops.
 alpha_s(Mz)= 0.1300 running at 2 loops.
 Renormalization scale set on event-by-event basis
 Factorization   scale set on event-by-event basis


 getting user params
Enter number of events and max and min iterations: 
 Number of events and iterations         1000           5           3
Enter desired fractional accuracy: 
 Desired fractional accuracy:   0.10000000000000001     
Enter 0 for fixed, 2 for adjustable grid: 
Suppress amplitude (0 no, 1 yes)? 
 Using suppressed amplitude.
Exact helicity sum (0 yes, n = number/event)? 
 Explicitly summing over helicities
Enter Configuration Number: 
Running Configuration Number:  392
 Using dconfig=         725
 BW Setting            2           1           2           2           2           2           0
 Attempting mappinvarients           1           9
 Completed mapping           9
 about to integrate           19        1000           5           3          19           1
 Using non-zero grid deformation.
 19 dimensions   1000 events 19 invarients  5 iterations  1 config(s),  (0.99)
 Using h-tuple random number sequence.
 Error opening grid
 Using Uniform Grid!          36
 Using uniform alpha   1.0000000000000000     
 Grid defined OK
 Set CM energy to      13000.00
 Mapping Graph         392  to config         392
Setting grid   1    0.59172E-08   1
 Setting BW          -2           2   1844.0000000000000     
Setting grid   3    0.20773E-01   1
Setting grid   4    0.75740E-07   1
Setting grid   5    0.75740E-07   1
Setting grid   6    0.20853E-01   1
 Transforming s_hat 1/s           18   2.1219246901738226E-002   1600.0000000000000        168999999.99999997     
 392   1   2   3   4   5   6   7   8   9  10  11  12  13  14
  15  16  17  18  19
 Masses: 0.000E+00 0.000E+00 0.000E+00 0.000E+00 0.000E+00 0.000E+00 0.000E+00 0.000E+00 0.912E+02
Using random seed offsets   392 :      1
  with seed                   24
 Ranmar initialization seeds         122        9398
 
 ********************************************
 * You are using the DiscreteSampler module *
 *      part of the MG5_aMC framework       *
 *         Author: Valentin Hirschi         *
 ********************************************
 
  Particle       3       4       5       6       7       8       9
      Et >    10.0    10.0    10.0    10.0     0.0     0.0     0.0
       E >     0.0     0.0     0.0     0.0     0.0     0.0     0.0
     Eta <     2.5     2.5     2.5     2.5    -1.0    -1.0    -1.0
   xqcut:      0.0     0.0     0.0     0.0     0.0     0.0     0.0
d R # 3  >    -0.0     0.4     0.4     0.4     0.0     0.0     0.0
d R # 4  >    -0.0    -0.0     0.4     0.4     0.0     0.0     0.0
d R # 5  >    -0.0    -0.0    -0.0     0.4     0.0     0.0     0.0
d R # 6  >    -0.0    -0.0    -0.0    -0.0     0.0     0.0     0.0
d R # 7  >    -0.0    -0.0    -0.0    -0.0    -0.0     0.0     0.0
d R # 8  >    -0.0    -0.0    -0.0    -0.0    -0.0    -0.0     0.0
s min # 3>     0.0     0.0     0.0     0.0     0.0     0.0     0.0
s min # 4>     0.0     0.0     0.0     0.0     0.0     0.0     0.0
s min # 5>     0.0     0.0     0.0     0.0     0.0     0.0     0.0
s min # 6>     0.0     0.0     0.0     0.0     0.0     0.0     0.0
s min # 7>     0.0     0.0     0.0     0.0     0.0     0.0     0.0
s min # 8>     0.0     0.0     0.0     0.0     0.0     0.0     0.0
xqcutij # 3>     0.0     0.0     0.0     0.0     0.0     0.0     0.0
xqcutij # 4>     0.0     0.0     0.0     0.0     0.0     0.0     0.0
xqcutij # 5>     0.0     0.0     0.0     0.0     0.0     0.0     0.0
xqcutij # 6>     0.0     0.0     0.0     0.0     0.0     0.0     0.0
xqcutij # 7>     0.0     0.0     0.0     0.0     0.0     0.0     0.0
xqcutij # 8>     0.0     0.0     0.0     0.0     0.0     0.0     0.0
 Excluding BW           -1           1
 Requiring BW           -2           2
 Excluding BW           -3           3
 Excluding BW           -4           4
 Excluding BW           -5           5
 Excluding BW           -6           6
 alpha_s for scale    4411.8273396912227       is    7.9262575084482992E-002
 Added good helicity            1   232.98298776981778       in event            1 local:           1
 Added good helicity           21   2.1468658977880951E-006  in event            1 local:           1
 Added good helicity           25   4.2671186279177550E-007  in event            1 local:           1
 Added good helicity           37   4.9122083315582593E-007  in event            1 local:           1
 Added good helicity           41   4.3851786767732659E-002  in event            1 local:           1
 Added good helicity          193   22.039890864029125       in event            1 local:           1
 Added good helicity          213   7.6521044768939740E-008  in event            1 local:           1
 Added good helicity          217   1.7100600171527719E-008  in event            1 local:           1
 Added good helicity          229   8.1450072757707294E-007  in event            1 local:           1
 Added good helicity          233  0.93326560148725413       in event            1 local:           1
 Added good helicity            1   232.98298776980815       in event            1 local:           1
 Added good helicity           21   2.1468658977812943E-006  in event            1 local:           1
 Added good helicity           25   4.2671186279193146E-007  in event            1 local:           1
 Added good helicity           37   4.9122083315608639E-007  in event            1 local:           1
 Added good helicity           41   4.3851786767759110E-002  in event            1 local:           1
 Added good helicity          193   22.039890864038362       in event            1 local:           1
 Added good helicity          213   7.6521044768241243E-008  in event            1 local:           1
 Added good helicity          217   1.7100600171531378E-008  in event            1 local:           1
 Added good helicity          229   8.1450072757733478E-007  in event            1 local:           1
 Added good helicity          233  0.93326560148761362       in event            1 local:           1
 Added good helicity          253   2.2373912625109118E-008  in event            2 local:           1
 Added good helicity          253   2.2373912625079786E-008  in event            2 local:           1
 Added good helicity           61   1.1622074857959844E-006  in event           25 local:           9
 RESET CUMULATIVE VARIABLE
 RESET CUMULATIVE VARIABLE
 RESET CUMULATIVE VARIABLE
 Iteration  1   Mean: 0.5139E-10 Abs mean: 0.5139E-10   Fluctuation:  0.512E-10   0.512E-07    22.6%
  1    0.5139E-10 0.5139E-10 +- 0.5125E-10     31.54
 Writing out events   4.5530765273231217E-014   31.537021692350795     
 Relative summed weights:
  0.5829E-03  0.1854E-03  0.3867E-04  0.3600E-05  0.0000E+00  0.0000E+00
  0.1342E-03  0.7534E-05  0.3497E-05  0.1101E-04  0.5348E-11  0.0000E+00
  0.2594E-04  0.6867E-03  0.2893E-06  0.2084E-04  0.0000E+00  0.2559E-10
  0.5045E-04  0.4986E-04  0.2498E-07  0.1899E-06  0.0000E+00  0.2620E-16
  0.1482E-03  0.4800E-05  0.5140E-03  0.3723E-05  0.0000E+00  0.0000E+00
  0.2947E-04  0.3701E-04  0.1069E-05  0.3222E-06  0.8220E-04  0.0000E+00
  0.2145E-09  0.2051E-06  0.8341E-07  0.1758E-03  0.0000E+00  0.0000E+00
  0.9972E+00  0.4116E-05  0.3324E-05  0.2129E-06  0.0000E+00  0.0000E+00
 Relative number of events:
  0.4856E-01  0.5352E-01  0.3964E-01  0.4063E-01  0.0000E+00  0.0000E+00
  0.1982E-01  0.1586E-01  0.1685E-01  0.1685E-01  0.9911E-03  0.0000E+00
  0.4955E-01  0.5154E-01  0.4262E-01  0.4658E-01  0.0000E+00  0.9911E-03
  0.2180E-01  0.1388E-01  0.1288E-01  0.1586E-01  0.0000E+00  0.9911E-03
  0.4757E-01  0.6145E-01  0.4163E-01  0.4559E-01  0.0000E+00  0.0000E+00
  0.3964E-01  0.5649E-01  0.3370E-01  0.4757E-01  0.1982E-02  0.0000E+00
  0.9911E-02  0.1586E-01  0.1487E-01  0.2180E-01  0.0000E+00  0.0000E+00
  0.1388E-01  0.1883E-01  0.1090E-01  0.8920E-02  0.0000E+00  0.0000E+00
 Events:
          49          54          40          41           0           0
          20          16          17          17           1           0
          50          52          43          47           0           1
          22          14          13          16           0           1
          48          62          42          46           0           0
          40          57          34          48           2           0
          10          16          15          22           0           0
          14          19          11           9           0           0
 Iteration  2   Mean: 0.2945E-13 Abs mean: 0.2945E-13   Fluctuation:  0.169E-13   0.312E-10    50.0%
  2    0.2945E-13 0.2945E-13 +- 0.1689E-13     25.64
 Relative summed weights:
  0.1638E-02  0.1779E-02  0.2049E-01  0.6875E-04  0.3891E-09  0.0000E+00
  0.7596E-04  0.1424E-05  0.6781E-05  0.4151E-03  0.0000E+00  0.0000E+00
  0.3079E-02  0.1762E-01  0.8232E-03  0.5056E-03  0.0000E+00  0.0000E+00
  0.1009E-03  0.2123E+00  0.1319E-02  0.6644E-06  0.0000E+00  0.0000E+00
  0.1118E-03  0.2019E-03  0.1225E-02  0.3851E-02  0.4289E-04  0.0000E+00
  0.1697E+00  0.4713E-02  0.1833E-01  0.1004E-02  0.0000E+00  0.0000E+00
  0.1458E-03  0.3344E-05  0.3859E-02  0.2977E-03  0.0000E+00  0.0000E+00
  0.5560E-03  0.5349E-02  0.5304E+00  0.2816E-04  0.0000E+00  0.0000E+00
 Relative number of events:
  0.5450E-01  0.5400E-01  0.3100E-01  0.3550E-01  0.5000E-03  0.0000E+00
  0.2300E-01  0.2000E-01  0.9500E-02  0.1200E-01  0.0000E+00  0.0000E+00
  0.4400E-01  0.6050E-01  0.3900E-01  0.3650E-01  0.0000E+00  0.0000E+00
  0.1900E-01  0.2200E-01  0.1350E-01  0.6500E-02  0.0000E+00  0.0000E+00
  0.6100E-01  0.6250E-01  0.3650E-01  0.3850E-01  0.1000E-02  0.0000E+00
  0.7150E-01  0.5450E-01  0.3750E-01  0.3750E-01  0.0000E+00  0.0000E+00
  0.1400E-01  0.2100E-01  0.1350E-01  0.1150E-01  0.0000E+00  0.0000E+00
  0.1950E-01  0.1750E-01  0.1050E-01  0.1100E-01  0.0000E+00  0.0000E+00
 Events:
         109         108          62          71           1           0
          46          40          19          24           0           0
          88         121          78          73           0           0
          38          44          27          13           0           0
         122         125          73          77           2           0
         143         109          75          75           0           0
          28          42          27          23           0           0
          39          35          21          22           0           0
 Iteration  3   Mean: 0.1733E-11 Abs mean: 0.1733E-11   Fluctuation:  0.121E-11   0.465E-08    60.8%
  3    0.1733E-11 0.1733E-11 +- 0.1213E-11     44.26
 Relative summed weights:
  0.7721E-03  0.1843E+00  0.8820E-04  0.4646E-02  0.6659E-05  0.0000E+00
  0.1772E-04  0.2497E-04  0.1042E-04  0.1895E-01  0.0000E+00  0.0000E+00
  0.1453E-03  0.2417E-03  0.6647E-03  0.1997E-03  0.0000E+00  0.9705E-05
  0.7214E-01  0.4641E-03  0.4843E-02  0.9059E-06  0.4727E-13  0.0000E+00
  0.2024E-01  0.3688E-02  0.9476E-03  0.6155E-04  0.0000E+00  0.2528E-12
  0.6711E+00  0.8399E-02  0.5244E-03  0.4772E-04  0.0000E+00  0.0000E+00
  0.6968E-02  0.2723E-04  0.9034E-04  0.4484E-04  0.0000E+00  0.0000E+00
  0.5786E-04  0.2232E-04  0.2595E-03  0.3603E-04  0.0000E+00  0.0000E+00
 Relative number of events:
  0.5700E-01  0.6000E-01  0.3200E-01  0.3850E-01  0.2500E-03  0.0000E+00
  0.1800E-01  0.1925E-01  0.1250E-01  0.1325E-01  0.0000E+00  0.0000E+00
  0.5850E-01  0.5250E-01  0.3750E-01  0.3975E-01  0.0000E+00  0.5000E-03
  0.1275E-01  0.2250E-01  0.1325E-01  0.1175E-01  0.2500E-03  0.0000E+00
  0.5975E-01  0.5775E-01  0.4100E-01  0.3775E-01  0.0000E+00  0.2500E-03
  0.6125E-01  0.6300E-01  0.3400E-01  0.3900E-01  0.0000E+00  0.0000E+00
  0.1850E-01  0.1475E-01  0.1050E-01  0.8250E-02  0.0000E+00  0.0000E+00
  0.1450E-01  0.1550E-01  0.1225E-01  0.1200E-01  0.0000E+00  0.0000E+00
 Events:
         228         240         128         154           1           0
          72          77          50          53           0           0
         234         210         150         159           0           2
          51          90          53          47           1           0
         239         231         164         151           0           1
         245         252         136         156           0           0
          74          59          42          33           0           0
          58          62          49          48           0           0
 Accuracy:    1.466   0.100   0.405  13.089
 Found           92  events.
 Wrote            1  events.
 Actual xsec    9.0817700651592156E-012
 Correct abs xsec    9.0817700651592156E-012
 Event xsec    9.0817700651592156E-012
 Events wgts > 1:            1
 % Cross section > 1:    6.4413334628089935E-020   7.0925969459633845E-007
 Iteration  4   Mean: 0.2019E-11 Abs mean: 0.2019E-11   Fluctuation:  0.137E-11   0.108E-07    60.9%
  4    0.2019E-11 0.2019E-11 +- 0.1372E-11     60.76
 Relative summed weights:
  0.6911E-02  0.1015E+00  0.6701E+00  0.1492E-03  0.3947E-07  0.1072E-07
  0.4602E-02  0.4727E-03  0.3156E-02  0.1707E-03  0.4248E-10  0.0000E+00
  0.3133E-01  0.2209E-02  0.2692E-02  0.1363E-02  0.0000E+00  0.9452E-08
  0.1430E-02  0.1031E-01  0.3301E-02  0.3421E-03  0.0000E+00  0.0000E+00
  0.4040E-01  0.5026E-02  0.2467E-03  0.3105E-02  0.9425E-08  0.8018E-13
  0.5212E-03  0.2423E-02  0.4450E-01  0.6632E-02  0.1176E-04  0.0000E+00
  0.2281E-03  0.3089E-03  0.2966E-04  0.1410E-02  0.0000E+00  0.4865E-11
  0.7490E-03  0.1406E-02  0.4442E-01  0.8529E-02  0.0000E+00  0.0000E+00
 Relative number of events:
  0.5825E-01  0.5838E-01  0.3800E-01  0.3650E-01  0.1250E-03  0.2500E-03
  0.1475E-01  0.1825E-01  0.1375E-01  0.1188E-01  0.1250E-03  0.0000E+00
  0.6000E-01  0.5638E-01  0.3575E-01  0.4350E-01  0.0000E+00  0.2500E-03
  0.1925E-01  0.1713E-01  0.1175E-01  0.1287E-01  0.0000E+00  0.0000E+00
  0.5563E-01  0.5525E-01  0.3662E-01  0.3775E-01  0.2500E-03  0.1250E-03
  0.5975E-01  0.5962E-01  0.3712E-01  0.4125E-01  0.1250E-03  0.0000E+00
  0.1525E-01  0.1400E-01  0.1112E-01  0.1300E-01  0.0000E+00  0.1250E-03
  0.1600E-01  0.1588E-01  0.1238E-01  0.1162E-01  0.0000E+00  0.0000E+00
 Events:
         466         467         304         292           1           2
         118         146         110          95           1           0
         480         451         286         348           0           2
         154         137          94         103           0           0
         445         442         293         302           2           1
         478         477         297         330           1           0
         122         112          89         104           0           1
         128         127          99          93           0           0
 Accuracy:    1.315   0.100   0.348  14.285
 Found           66  events.
 Wrote            1  events.
 Actual xsec    1.1040220843514147E-012
 Correct abs xsec    1.1040220843514147E-012
 Event xsec    1.1040220843514147E-012
 Events wgts > 1:            0
 % Cross section > 1:    0.0000000000000000        0.0000000000000000     
 Iteration  5   Mean: 0.5210E-11 Abs mean: 0.5210E-11   Fluctuation:  0.333E-11   0.527E-07    56.1%
  5    0.5210E-11 0.5210E-11 +- 0.3328E-11     80.81
 Relative summed weights:
  0.4352E-02  0.6335E+00  0.3095E-01  0.5483E-02  0.7890E-06  0.7904E-07
  0.3831E-02  0.6388E-02  0.2212E-02  0.1068E-02  0.1262E-08  0.0000E+00
  0.3190E-01  0.8032E-02  0.6142E-02  0.5042E-03  0.1443E-05  0.1917E-08
  0.9873E-03  0.2946E-02  0.6920E-01  0.1131E-01  0.0000E+00  0.7321E-09
  0.1372E-01  0.8599E-01  0.4946E-02  0.3099E-03  0.0000E+00  0.6580E-08
  0.8580E-02  0.3000E-01  0.1211E-01  0.3727E-02  0.0000E+00  0.2999E-07
  0.2735E-02  0.2914E-02  0.7152E-03  0.3171E-03  0.6271E-08  0.0000E+00
  0.8243E-03  0.1210E-01  0.8599E-03  0.1296E-02  0.0000E+00  0.2067E-10
 Relative number of events:
  0.5513E-01  0.5731E-01  0.3762E-01  0.3975E-01  0.3750E-03  0.2500E-03
  0.1869E-01  0.1450E-01  0.1206E-01  0.1231E-01  0.6250E-04  0.0000E+00
  0.5606E-01  0.5644E-01  0.3731E-01  0.3881E-01  0.1250E-03  0.1250E-03
  0.1881E-01  0.1706E-01  0.1250E-01  0.1388E-01  0.0000E+00  0.6250E-04
  0.5706E-01  0.5919E-01  0.3875E-01  0.3675E-01  0.0000E+00  0.1250E-03
  0.5506E-01  0.5519E-01  0.3750E-01  0.3825E-01  0.0000E+00  0.1875E-03
  0.1850E-01  0.1719E-01  0.1063E-01  0.1281E-01  0.1875E-03  0.0000E+00
  0.1731E-01  0.1963E-01  0.1375E-01  0.1250E-01  0.0000E+00  0.1875E-03
 Events:
         882         917         602         636           6           4
         299         232         193         197           1           0
         897         903         597         621           2           2
         301         273         200         222           0           1
         913         947         620         588           0           2
         881         883         600         612           0           3
         296         275         170         205           3           0
         277         314         220         200           0           3
 Accuracy:    1.070   0.100   0.306  12.268
 Found          238  events.
 Wrote            1  events.
 Actual xsec    3.1054867793010246E-012
 Correct abs xsec    3.1054867793010246E-012
 Event xsec    3.1054867793010246E-012
 Events wgts > 1:            1
 % Cross section > 1:    1.1683268689127378E-019   3.7621376355551638E-006

 -------------------------------------------------------------------------------
 Accumulated results:   Integral =  0.6766E-11
                        Std dev  =  0.2068E-11
                       Cross sec =  0.6766E-11
             Chi**2 per DoF.     =     12.2683
 -------------------------------------------------------------------------------
-------------------------------------------------
---------------------------
 Results Last   3 iters: Integral =   0.3105E-11
                     Abs integral =   0.3105E-11
                          Std dev =   0.1203E-11
                  Chi**2 per DoF. =      1.1536
-------------------------------------------------
---------------------------
 Status  0.10000000000000001                6           5

ls status:
events.lhe
ftn26
input_app.txt
results.dat
run1_app.log
