 Process in group number            1
 A PDF is used, so alpha_s(MZ) is going to be modified
 Old value of alpha_s from param_card:   0.11839999999999999     
  ****************************************
 
       NNPDFDriver version 1.0.3
   Grid: NNPDF23_lo_as_0130_qed_mem0.grid
  ****************************************
 New value of alpha_s from PDF nn23lo1:  0.13000000000000000     
 Define smin to   1600.0000000000000     
 Define smin to   1600.0000000000000     
 Define smin to   1600.0000000000000     
 *****************************************************
 *               MadGraph/MadEvent                   *
 *        --------------------------------           *
 *          http://madgraph.hep.uiuc.edu             *
 *          http://madgraph.phys.ucl.ac.be           *
 *          http://madgraph.roma2.infn.it            *
 *        --------------------------------           *
 *                                                   *
 *          PARAMETER AND COUPLING VALUES            *
 *                                                   *
 *****************************************************

  External Params
  ---------------------------------
  
 mdl_VeN1 =    1.0000000000000000     
 mdl_VeN2 =    0.0000000000000000     
 mdl_VeN3 =    0.0000000000000000     
 mdl_VmuN1 =    0.0000000000000000     
 mdl_VmuN2 =    1.0000000000000000     
 mdl_VmuN3 =    0.0000000000000000     
 mdl_VtaN1 =    0.0000000000000000     
 mdl_VtaN2 =    0.0000000000000000     
 mdl_VtaN3 =    1.0000000000000000     
 mdl_VN1N1 =    1.0000000000000000     
 mdl_VN1N2 =    1.0000000000000000     
 mdl_VN1N3 =    1.0000000000000000     
 mdl_VN2N2 =    1.0000000000000000     
 mdl_VN2N3 =    1.0000000000000000     
 mdl_VN3N3 =    1.0000000000000000     
 aEWM1 =    127.90000000000001     
 mdl_Gf =    1.1663700000000000E-005
 aS =   0.11839999999999999     
 mdl_ymt =    172.00000000000000     
 mdl_vevf =    50.000000000000000     
 mdl_MZ =    91.187600000000003     
 mdl_MT =    172.00000000000000     
 mdl_MH =    125.00000000000000     
 mdl_mN1 =    2000.0000000000000     
 mdl_mN2 =    2100.0000000000000     
 mdl_mN3 =    2200.0000000000000     
 mdl_MJ =    91.187600000000003     
 mdl_MAx =    173.04800000000000     
 mdl_WZ =    2.4952000000000001     
 mdl_WW =    2.0850000000000000     
 mdl_WT =    1.5083359999999999     
 mdl_WH =    4.0699999999999998E-003
 mdl_WN1 =   0.30299999999999999     
 mdl_WN2 =    1.5000000000000000     
 mdl_WN3 =    12.300000000000001     
 mdl_WJ =    2.4952000000000001     
 mdl_WAx =    4.1700000000000001E-003
  Internal Params
  ---------------------------------
  
 mdl_vevf__exp__2 =    2500.0000000000000     
 mdl_sqrt__vevf__exp__2 =    50.000000000000000     
 mdl_muJ =    50.000000000000000     
 mdl_MZ__exp__2 =    8315.1783937600012     
 mdl_MZ__exp__4 =    69142191.720053151     
 mdl_sqrt__2 =    1.4142135623730951     
 mdl_MJ__exp__2 =    8315.1783937600012     
 mdl_muJ__exp__2 =    2500.0000000000000     
 mdl_lamJ =    4.3260713575040004     
 mdl_MH__exp__2 =    15625.000000000000     
 mdl_complexi =  (  0.0000000000000000     ,  1.0000000000000000     )
 mdl_aEW =    7.8186082877247844E-003
 mdl_MW =    79.824359746197842     
 mdl_sqrt__aEW =    8.8422894590285753E-002
 mdl_ee =   0.31345100004952897     
 mdl_MW__exp__2 =    6371.9284088904105     
 mdl_sw2 =   0.23369913342182447     
 mdl_cw =   0.87538612427783857     
 mdl_sqrt__sw2 =   0.48342438232036300     
 mdl_sw =   0.48342438232036300     
 mdl_g1 =   0.35807170271074895     
 mdl_gN =   0.64839716719502682     
 mdl_gw =   0.64839716719502682     
 mdl_vev =    246.22056907348590     
 mdl_vev__exp__2 =    60624.568634871241     
 mdl_lam =   0.12886689630821144     
 mdl_yt =   0.98791394091683138     
 mdl_muH =    88.388347648318444     
 mdl_I2a33 =  ( 0.98791394091683138     ,  0.0000000000000000     )
 mdl_I3a33 =  ( 0.98791394091683138     ,  0.0000000000000000     )
 mdl_ee__exp__2 =    9.8251529432049817E-002
 mdl_sw__exp__2 =   0.23369913342182450     
 mdl_cw__exp__2 =   0.76630086657817542     
  Internal Params evaluated point by point
  ----------------------------------------
  
 mdl_sqrt__aS =   0.34409301068170506     
 mdl_G__exp__2 =    1.4878582807401259     
  Couplings of SM_HeavyN_UFO
  ---------------------------------
  
         GC_1 =  -0.00000E+00  -0.10448E+00
         GC_2 =   0.00000E+00   0.20897E+00
         GC_3 =  -0.00000E+00  -0.31345E+00
         GC_4 =   0.00000E+00   0.31345E+00
        GC_26 =   0.00000E+00   0.45849E+00
        GC_27 =  -0.00000E+00  -0.28380E+00
        GC_28 =   0.00000E+00   0.28380E+00
        GC_30 =   0.00000E+00   0.56760E+00
        GC_35 =  -0.00000E+00  -0.28850E-01
        GC_37 =   0.00000E+00   0.17310E+00
        GC_39 =   0.00000E+00  -0.19725E+00
        GC_40 =   0.00000E+00   0.37035E+00
        GC_80 =   0.00000E+00   0.67543E+02
       GC_107 =  -0.00000E+00  -0.74070E+00
       GC_109 =  -0.00000E+00  -0.74070E+00
       GC_111 =  -0.00000E+00  -0.74070E+00
       GC_113 =  -0.00000E+00  -0.74070E+00
       GC_115 =  -0.00000E+00  -0.74070E+00
       GC_117 =  -0.00000E+00  -0.74070E+00
       GC_119 =   0.00000E+00   0.00000E+00
       GC_120 =   0.00000E+00   0.00000E+00
       GC_122 =  -0.00000E+00  -0.00000E+00
       GC_126 =   0.00000E+00   0.00000E+00
       GC_127 =   0.00000E+00   0.00000E+00
       GC_129 =  -0.00000E+00  -0.00000E+00
       GC_133 =   0.00000E+00   0.45849E+00
       GC_134 =   0.00000E+00   0.37035E+00
       GC_136 =  -0.00000E+00  -0.89351E+01
        GC_81 =   0.40000E+02   0.00000E+00
        GC_82 =   0.42000E+02   0.00000E+00
        GC_83 =   0.44000E+02   0.00000E+00

 Collider parameters:
 --------------------

 Running at P P   machine @    13000.000000000000       GeV
 PDF set = nn23lo1
 alpha_s(Mz)= 0.1300 running at 2 loops.
 alpha_s(Mz)= 0.1300 running at 2 loops.
 Renormalization scale set on event-by-event basis
 Factorization   scale set on event-by-event basis


 getting user params
Enter number of events and max and min iterations: 
 Number of events and iterations         1000           5           3
Enter desired fractional accuracy: 
 Desired fractional accuracy:   0.10000000000000001     
Enter 0 for fixed, 2 for adjustable grid: 
Suppress amplitude (0 no, 1 yes)? 
 Using suppressed amplitude.
Exact helicity sum (0 yes, n = number/event)? 
 Explicitly summing over helicities
Enter Configuration Number: 
Running Configuration Number:  345
 Using dconfig=         242
 BW Setting            2           2           2           2           2           0           0
 Attempting mappinvarients           1           9
 Completed mapping           9
 about to integrate           19        1000           5           3          19           1
 Using non-zero grid deformation.
 19 dimensions   1000 events 19 invarients  5 iterations  1 config(s),  (0.99)
 Using h-tuple random number sequence.
 Error opening grid
 Using Uniform Grid!          36
 Using uniform alpha   1.0000000000000000     
 Grid defined OK
 Set CM energy to      13000.00
 Mapping Graph         345  to config         345
Setting grid   1    0.75740E-07   1
Setting grid   2    0.75740E-07   1
Setting grid   3    0.59172E-08   1
Setting grid   4    0.75740E-07   1
Setting grid   5    0.53139E-04   1
Setting grid   6    0.53139E-04   1
 Transforming s_hat 1/s           18   1.0183542244828404E-004   1600.0000000000000        168999999.99999997     
 345   1   2   3   4   5   6   7   8   9  10  11  12  13  14
  15  16  17  18  19
 Masses: 0.000E+00 0.000E+00 0.000E+00 0.000E+00 0.000E+00 0.000E+00 0.000E+00 0.000E+00 0.912E+02
Using random seed offsets   345 :      1
  with seed                   24
 Ranmar initialization seeds          75        9398
 
 ********************************************
 * You are using the DiscreteSampler module *
 *      part of the MG5_aMC framework       *
 *         Author: Valentin Hirschi         *
 ********************************************
 
  Particle       3       4       5       6       7       8       9
      Et >    10.0    10.0    10.0    10.0     0.0     0.0     0.0
       E >     0.0     0.0     0.0     0.0     0.0     0.0     0.0
     Eta <     2.5     2.5     2.5     2.5    -1.0    -1.0    -1.0
   xqcut:      0.0     0.0     0.0     0.0     0.0     0.0     0.0
d R # 3  >    -0.0     0.4     0.4     0.4     0.0     0.0     0.0
d R # 4  >    -0.0    -0.0     0.4     0.4     0.0     0.0     0.0
d R # 5  >    -0.0    -0.0    -0.0     0.4     0.0     0.0     0.0
d R # 6  >    -0.0    -0.0    -0.0    -0.0     0.0     0.0     0.0
d R # 7  >    -0.0    -0.0    -0.0    -0.0    -0.0     0.0     0.0
d R # 8  >    -0.0    -0.0    -0.0    -0.0    -0.0    -0.0     0.0
s min # 3>     0.0     0.0     0.0     0.0     0.0     0.0     0.0
s min # 4>     0.0     0.0     0.0     0.0     0.0     0.0     0.0
s min # 5>     0.0     0.0     0.0     0.0     0.0     0.0     0.0
s min # 6>     0.0     0.0     0.0     0.0     0.0     0.0     0.0
s min # 7>     0.0     0.0     0.0     0.0     0.0     0.0     0.0
s min # 8>     0.0     0.0     0.0     0.0     0.0     0.0     0.0
xqcutij # 3>     0.0     0.0     0.0     0.0     0.0     0.0     0.0
xqcutij # 4>     0.0     0.0     0.0     0.0     0.0     0.0     0.0
xqcutij # 5>     0.0     0.0     0.0     0.0     0.0     0.0     0.0
xqcutij # 6>     0.0     0.0     0.0     0.0     0.0     0.0     0.0
xqcutij # 7>     0.0     0.0     0.0     0.0     0.0     0.0     0.0
xqcutij # 8>     0.0     0.0     0.0     0.0     0.0     0.0     0.0
 Excluding BW           -1           1
 Excluding BW           -3           2
 Excluding BW           -4           3
 Excluding BW           -5           4
 Excluding BW           -6           5
 alpha_s for scale    171.53059670205920       is   0.11762610029223526     
 Added good helicity            1  0.85868031516382393       in event            1 local:           1
 Added good helicity           21   4.0504083538641836E-002  in event            1 local:           1
 Added good helicity           25  0.14679122430416272       in event            1 local:           1
 Added good helicity           37   2.4955540120353970       in event            1 local:           1
 Added good helicity           41   96.167581694936217       in event            1 local:           1
 Added good helicity           61   1.9822246643858787E-002  in event            1 local:           1
 Added good helicity          193   7.7783362516513268       in event            1 local:           1
 Added good helicity          213   1.2865697661971736       in event            1 local:           1
 Added good helicity          217  0.69905483345096053       in event            1 local:           1
 Added good helicity          229   118.97725029344119       in event            1 local:           1
 Added good helicity          233   26.218992863086143       in event            1 local:           1
 Added good helicity          253   1.3108624155510895       in event            1 local:           1
 Added good helicity            1  0.85868031516374255       in event            1 local:           1
 Added good helicity           21   4.0504083538644473E-002  in event            1 local:           1
 Added good helicity           25  0.14679122430416058       in event            1 local:           1
 Added good helicity           37   2.4955540120353978       in event            1 local:           1
 Added good helicity           41   96.167581694936800       in event            1 local:           1
 Added good helicity           61   1.9822246643856654E-002  in event            1 local:           1
 Added good helicity          193   7.7783362516511438       in event            1 local:           1
 Added good helicity          213   1.2865697661971931       in event            1 local:           1
 Added good helicity          217  0.69905483345096919       in event            1 local:           1
 Added good helicity          229   118.97725029344096       in event            1 local:           1
 Added good helicity          233   26.218992863086061       in event            1 local:           1
 Added good helicity          253   1.3108624155510560       in event            1 local:           1
 RESET CUMULATIVE VARIABLE
 RESET CUMULATIVE VARIABLE
 RESET CUMULATIVE VARIABLE
 Iteration  1   Mean: 0.3812E-14 Abs mean: 0.3812E-14   Fluctuation:  0.374E-14   0.374E-11     2.9%
  1    0.3812E-14 0.3812E-14 +- 0.3736E-14     31.00
 Writing out events   2.6567906484110214E-017   30.997874998671119     
 Relative summed weights:
  0.8071E-04  0.1976E-02  0.1559E-06  0.9890E+00  0.2286E-11  0.1353E-11
  0.1369E-06  0.3801E-06  0.1330E-08  0.1549E-05  0.7925E-16  0.0000E+00
  0.1313E-04  0.2365E-03  0.1386E-05  0.1246E-04  0.1264E-09  0.2209E-16
  0.3259E-05  0.1062E-04  0.1675E-06  0.4044E-09  0.1031E-10  0.1790E-12
  0.2181E-03  0.2198E-03  0.4386E-05  0.1608E-04  0.8411E-11  0.1060E-05
  0.7844E-04  0.3583E-04  0.5949E-05  0.2811E-04  0.5771E-10  0.1818E-04
  0.5059E-06  0.3597E-09  0.2678E-07  0.3251E-09  0.2149E-10  0.1200E-06
  0.1396E-08  0.7526E-08  0.3268E-06  0.8082E-02  0.3068E-18  0.0000E+00
 Relative number of events:
  0.4955E-01  0.3964E-01  0.4361E-01  0.5649E-01  0.3964E-02  0.4955E-02
  0.1189E-01  0.7929E-02  0.7929E-02  0.1090E-01  0.9911E-03  0.0000E+00
  0.5352E-01  0.6046E-01  0.4658E-01  0.5154E-01  0.4955E-02  0.9911E-03
  0.3964E-02  0.1388E-01  0.1487E-01  0.1090E-01  0.2973E-02  0.1982E-02
  0.3865E-01  0.4460E-01  0.4955E-01  0.4757E-01  0.2973E-02  0.2973E-02
  0.4063E-01  0.3964E-01  0.4658E-01  0.5946E-01  0.2973E-02  0.2973E-02
  0.1090E-01  0.1090E-01  0.1685E-01  0.1586E-01  0.9911E-03  0.1982E-02
  0.1090E-01  0.1982E-01  0.1388E-01  0.1388E-01  0.9911E-03  0.0000E+00
 Events:
          50          40          44          57           4           5
          12           8           8          11           1           0
          54          61          47          52           5           1
           4          14          15          11           3           2
          39          45          50          48           3           3
          41          40          47          60           3           3
          11          11          17          16           1           2
          11          20          14          14           1           0
 Iteration  2   Mean: 0.4333E-16 Abs mean: 0.4333E-16   Fluctuation:  0.412E-16   0.824E-13    33.6%
  2    0.4333E-16 0.4333E-16 +- 0.4121E-16     42.53
 Relative summed weights:
  0.1455E-03  0.1254E-03  0.9598E-04  0.1568E-02  0.9636E-15  0.0000E+00
  0.9507E+00  0.7046E-03  0.5768E-06  0.1459E-05  0.0000E+00  0.0000E+00
  0.1470E-03  0.7764E-02  0.9099E-04  0.1468E-02  0.1316E-08  0.5083E-09
  0.2158E-02  0.5228E-03  0.1827E-02  0.1140E-06  0.0000E+00  0.0000E+00
  0.3253E-05  0.1762E-04  0.1148E-02  0.5721E-03  0.1561E-08  0.1148E-10
  0.1122E-03  0.1825E-03  0.1009E-04  0.2051E-01  0.6147E-10  0.3057E-11
  0.2542E-04  0.1474E-04  0.1944E-05  0.2856E-03  0.0000E+00  0.0000E+00
  0.9828E-06  0.7256E-04  0.2644E-02  0.7076E-02  0.0000E+00  0.0000E+00
 Relative number of events:
  0.4500E-01  0.5500E-01  0.4250E-01  0.5100E-01  0.5000E-03  0.0000E+00
  0.2250E-01  0.1350E-01  0.1150E-01  0.1450E-01  0.0000E+00  0.0000E+00
  0.4300E-01  0.4900E-01  0.4600E-01  0.4150E-01  0.1500E-02  0.1000E-02
  0.1200E-01  0.1450E-01  0.1750E-01  0.1200E-01  0.0000E+00  0.0000E+00
  0.5300E-01  0.6100E-01  0.4650E-01  0.5500E-01  0.1000E-02  0.1500E-02
  0.4900E-01  0.4250E-01  0.4400E-01  0.4350E-01  0.2000E-02  0.1500E-02
  0.1450E-01  0.1850E-01  0.1650E-01  0.8500E-02  0.0000E+00  0.0000E+00
  0.7000E-02  0.1300E-01  0.1600E-01  0.1150E-01  0.0000E+00  0.0000E+00
 Events:
          90         110          85         102           1           0
          45          27          23          29           0           0
          86          98          92          83           3           2
          24          29          35          24           0           0
         106         122          93         110           2           3
          98          85          88          87           4           3
          29          37          33          17           0           0
          14          26          32          23           0           0
 Iteration  3   Mean: 0.8516E-16 Abs mean: 0.8516E-16   Fluctuation:  0.478E-16   0.154E-12    36.2%
  3    0.8516E-16 0.8516E-16 +- 0.4780E-16     35.50
 Relative summed weights:
  0.1870E-01  0.8343E-03  0.7321E-02  0.4031E-03  0.9529E-11  0.4351E-14
  0.5455E-02  0.5947E-04  0.5673E-04  0.3176E-06  0.3525E-07  0.2865E-11
  0.8967E-04  0.5845E-04  0.3098E-04  0.1550E-03  0.4757E-09  0.1350E-11
  0.5766E-03  0.2036E-04  0.1988E-04  0.2747E-01  0.0000E+00  0.0000E+00
  0.2064E-02  0.1427E-01  0.2350E-01  0.2595E-02  0.2876E-14  0.6699E-12
  0.6183E-05  0.3166E+00  0.5950E-02  0.6902E-04  0.3883E-10  0.5539E-21
  0.1693E-02  0.1153E-01  0.9952E-06  0.1258E-02  0.0000E+00  0.0000E+00
  0.1110E-01  0.5480E+00  0.1003E-03  0.4593E-05  0.8059E-11  0.2930E-06
 Relative number of events:
  0.5450E-01  0.5775E-01  0.4425E-01  0.3925E-01  0.5000E-03  0.2500E-03
  0.1975E-01  0.1300E-01  0.1125E-01  0.1450E-01  0.2500E-03  0.5000E-03
  0.5775E-01  0.4650E-01  0.4350E-01  0.4125E-01  0.7500E-03  0.1000E-02
  0.1450E-01  0.1600E-01  0.1625E-01  0.1225E-01  0.0000E+00  0.0000E+00
  0.5150E-01  0.6025E-01  0.4150E-01  0.4350E-01  0.2500E-03  0.1000E-02
  0.4850E-01  0.5400E-01  0.3825E-01  0.4150E-01  0.1250E-02  0.2500E-03
  0.1450E-01  0.1750E-01  0.1100E-01  0.1450E-01  0.0000E+00  0.0000E+00
  0.1050E-01  0.1825E-01  0.1475E-01  0.1125E-01  0.2500E-03  0.2500E-03
 Events:
         218         231         177         157           2           1
          79          52          45          58           1           2
         231         186         174         165           3           4
          58          64          65          49           0           0
         206         241         166         174           1           4
         194         216         153         166           5           1
          58          70          44          58           0           0
          42          73          59          45           1           1
 Accuracy:    1.302   0.100   0.434   9.016
 Found           30  events.
 Wrote            2  events.
 Actual xsec    8.0536050330742975E-016
 Correct abs xsec    8.0536050330742975E-016
 Event xsec    8.0536050330742975E-016
 Events wgts > 1:            0
 % Cross section > 1:    0.0000000000000000        0.0000000000000000     
 Iteration  4   Mean: 0.1972E-14 Abs mean: 0.1972E-14   Fluctuation:  0.981E-15   0.590E-11    32.0%
  4    0.1972E-14 0.1972E-14 +- 0.9809E-15     44.50
 Relative summed weights:
  0.3236E+00  0.3140E-02  0.6105E-03  0.3759E+00  0.1192E-16  0.8225E-10
  0.1219E-03  0.7448E-01  0.3736E-03  0.7084E-04  0.0000E+00  0.1327E-13
  0.9421E-03  0.1503E-01  0.5526E-02  0.1769E-03  0.3399E-11  0.7827E-05
  0.9581E-03  0.1342E-02  0.8104E-04  0.3838E-03  0.1782E-10  0.2188E-11
  0.1944E-01  0.8262E-03  0.8679E-03  0.2083E-03  0.3533E-14  0.3061E-12
  0.9507E-02  0.1050E+00  0.7842E-02  0.2268E-03  0.6763E-09  0.1930E-10
  0.1882E-03  0.2452E-02  0.2973E-01  0.1148E-03  0.0000E+00  0.4242E-19
  0.1566E-01  0.2821E-02  0.6042E-05  0.2298E-02  0.6337E-09  0.3314E-11
 Relative number of events:
  0.6100E-01  0.5550E-01  0.3988E-01  0.3900E-01  0.1250E-03  0.3750E-03
  0.1625E-01  0.1562E-01  0.1450E-01  0.1325E-01  0.0000E+00  0.2500E-03
  0.5500E-01  0.5688E-01  0.3925E-01  0.3887E-01  0.7500E-03  0.1000E-02
  0.1850E-01  0.1562E-01  0.1275E-01  0.1188E-01  0.1250E-03  0.2500E-03
  0.5575E-01  0.5925E-01  0.3662E-01  0.4125E-01  0.5000E-03  0.3750E-03
  0.6112E-01  0.5187E-01  0.4075E-01  0.3837E-01  0.5000E-03  0.1250E-03
  0.1562E-01  0.1675E-01  0.9000E-02  0.1238E-01  0.0000E+00  0.1250E-03
  0.1525E-01  0.1550E-01  0.1125E-01  0.1063E-01  0.1250E-03  0.2500E-03
 Events:
         488         444         319         312           1           3
         130         125         116         106           0           2
         440         455         314         311           6           8
         148         125         102          95           1           2
         446         474         293         330           4           3
         489         415         326         307           4           1
         125         134          72          99           0           1
         122         124          90          85           1           2
 Accuracy:    0.555   0.100   0.327   2.884
 Found          189  events.
 Wrote            2  events.
 Actual xsec    9.9557631436682510E-016
 Correct abs xsec    9.9557631436682510E-016
 Event xsec    9.9557631436682510E-016
 Events wgts > 1:            1
 % Cross section > 1:    8.4833208362492447E-023   8.5210151284530492E-006
 Iteration  5   Mean: 0.1215E-12 Abs mean: 0.1215E-12   Fluctuation:  0.594E-13   0.686E-09    41.6%
  5    0.1215E-12 0.1215E-12 +- 0.5942E-13     61.88
 Relative summed weights:
  0.7280E-01  0.2587E-02  0.1554E-03  0.9255E-03  0.2052E-09  0.2341E-09
  0.2556E-02  0.7613E-03  0.1046E-02  0.9551E-04  0.2638E-07  0.1375E-09
  0.3621E-02  0.1375E-03  0.7317E-04  0.2553E-03  0.0000E+00  0.1009E-07
  0.3535E+00  0.2806E-01  0.4930E-02  0.1460E-02  0.0000E+00  0.0000E+00
  0.2023E-03  0.2978E-02  0.3679E-03  0.2602E-01  0.3417E-10  0.2387E-22
  0.1403E-02  0.1888E-02  0.9846E-02  0.2722E-02  0.6454E-08  0.2513E-08
  0.4208E-03  0.1584E-02  0.3452E-02  0.4214E-03  0.1201E-08  0.0000E+00
  0.5710E-01  0.6431E-02  0.3989E+00  0.1327E-01  0.3739E-15  0.3641E-11
 Relative number of events:
  0.5700E-01  0.5769E-01  0.3994E-01  0.3719E-01  0.5625E-03  0.1875E-03
  0.1613E-01  0.1600E-01  0.1162E-01  0.9187E-02  0.6250E-04  0.1250E-03
  0.6206E-01  0.5775E-01  0.3737E-01  0.4050E-01  0.0000E+00  0.5000E-03
  0.1937E-01  0.1669E-01  0.1063E-01  0.1106E-01  0.0000E+00  0.0000E+00
  0.5850E-01  0.5538E-01  0.3887E-01  0.3812E-01  0.3125E-03  0.6250E-04
  0.5775E-01  0.6244E-01  0.4000E-01  0.3762E-01  0.1875E-03  0.2500E-03
  0.1550E-01  0.1575E-01  0.1200E-01  0.1156E-01  0.1250E-03  0.0000E+00
  0.1625E-01  0.1663E-01  0.9875E-02  0.1106E-01  0.6250E-04  0.6250E-04
 Events:
         912         923         639         595           9           3
         258         256         186         147           1           2
         993         924         598         648           0           8
         310         267         170         177           0           0
         936         886         622         610           5           1
         924         999         640         602           3           4
         248         252         192         185           2           0
         260         266         158         177           1           1
 Accuracy:    0.723   0.100   0.272   7.077
 Found          461  events.
 Wrote            2  events.
 Actual xsec    4.5267708217620781E-014
 Correct abs xsec    4.5267708217620781E-014
 Event xsec    4.5267708217620781E-014
 Events wgts > 1:            0
 % Cross section > 1:    0.0000000000000000        0.0000000000000000     

 -------------------------------------------------------------------------------
 Accumulated results:   Integral =  0.3839E-13
                        Std dev  =  0.1043E-13
                       Cross sec =  0.3839E-13
             Chi**2 per DoF.     =      7.0770
 -------------------------------------------------------------------------------
-------------------------------------------------
---------------------------
 Results Last   3 iters: Integral =   0.4527E-13
                     Abs integral =   0.4527E-13
                          Std dev =   0.1341E-13
                  Chi**2 per DoF. = 447798.2120
-------------------------------------------------
---------------------------
 Status  0.10000000000000001                6           5

ls status:
events.lhe
ftn26
input_app.txt
results.dat
run1_app.log
