 Process in group number            1
 A PDF is used, so alpha_s(MZ) is going to be modified
 Old value of alpha_s from param_card:   0.11839999999999999     
  ****************************************
 
       NNPDFDriver version 1.0.3
   Grid: NNPDF23_lo_as_0130_qed_mem0.grid
  ****************************************
 New value of alpha_s from PDF nn23lo1:  0.13000000000000000     
 Define smin to   1600.0000000000000     
 Define smin to   1600.0000000000000     
 Define smin to   1600.0000000000000     
 *****************************************************
 *               MadGraph/MadEvent                   *
 *        --------------------------------           *
 *          http://madgraph.hep.uiuc.edu             *
 *          http://madgraph.phys.ucl.ac.be           *
 *          http://madgraph.roma2.infn.it            *
 *        --------------------------------           *
 *                                                   *
 *          PARAMETER AND COUPLING VALUES            *
 *                                                   *
 *****************************************************

  External Params
  ---------------------------------
  
 mdl_VeN1 =    1.0000000000000000     
 mdl_VeN2 =    0.0000000000000000     
 mdl_VeN3 =    0.0000000000000000     
 mdl_VmuN1 =    0.0000000000000000     
 mdl_VmuN2 =    1.0000000000000000     
 mdl_VmuN3 =    0.0000000000000000     
 mdl_VtaN1 =    0.0000000000000000     
 mdl_VtaN2 =    0.0000000000000000     
 mdl_VtaN3 =    1.0000000000000000     
 mdl_VN1N1 =    1.0000000000000000     
 mdl_VN1N2 =    1.0000000000000000     
 mdl_VN1N3 =    1.0000000000000000     
 mdl_VN2N2 =    1.0000000000000000     
 mdl_VN2N3 =    1.0000000000000000     
 mdl_VN3N3 =    1.0000000000000000     
 aEWM1 =    127.90000000000001     
 mdl_Gf =    1.1663700000000000E-005
 aS =   0.11839999999999999     
 mdl_ymt =    172.00000000000000     
 mdl_vevf =    50.000000000000000     
 mdl_MZ =    91.187600000000003     
 mdl_MT =    172.00000000000000     
 mdl_MH =    125.00000000000000     
 mdl_mN1 =    2000.0000000000000     
 mdl_mN2 =    2100.0000000000000     
 mdl_mN3 =    2200.0000000000000     
 mdl_MJ =    91.187600000000003     
 mdl_MAx =    173.04800000000000     
 mdl_WZ =    2.4952000000000001     
 mdl_WW =    2.0850000000000000     
 mdl_WT =    1.5083359999999999     
 mdl_WH =    4.0699999999999998E-003
 mdl_WN1 =   0.30299999999999999     
 mdl_WN2 =    1.5000000000000000     
 mdl_WN3 =    12.300000000000001     
 mdl_WJ =    2.4952000000000001     
 mdl_WAx =    4.1700000000000001E-003
  Internal Params
  ---------------------------------
  
 mdl_vevf__exp__2 =    2500.0000000000000     
 mdl_sqrt__vevf__exp__2 =    50.000000000000000     
 mdl_muJ =    50.000000000000000     
 mdl_MZ__exp__2 =    8315.1783937600012     
 mdl_MZ__exp__4 =    69142191.720053151     
 mdl_sqrt__2 =    1.4142135623730951     
 mdl_MJ__exp__2 =    8315.1783937600012     
 mdl_muJ__exp__2 =    2500.0000000000000     
 mdl_lamJ =    4.3260713575040004     
 mdl_MH__exp__2 =    15625.000000000000     
 mdl_complexi =  (  0.0000000000000000     ,  1.0000000000000000     )
 mdl_aEW =    7.8186082877247844E-003
 mdl_MW =    79.824359746197842     
 mdl_sqrt__aEW =    8.8422894590285753E-002
 mdl_ee =   0.31345100004952897     
 mdl_MW__exp__2 =    6371.9284088904105     
 mdl_sw2 =   0.23369913342182447     
 mdl_cw =   0.87538612427783857     
 mdl_sqrt__sw2 =   0.48342438232036300     
 mdl_sw =   0.48342438232036300     
 mdl_g1 =   0.35807170271074895     
 mdl_gN =   0.64839716719502682     
 mdl_gw =   0.64839716719502682     
 mdl_vev =    246.22056907348590     
 mdl_vev__exp__2 =    60624.568634871241     
 mdl_lam =   0.12886689630821144     
 mdl_yt =   0.98791394091683138     
 mdl_muH =    88.388347648318444     
 mdl_I2a33 =  ( 0.98791394091683138     ,  0.0000000000000000     )
 mdl_I3a33 =  ( 0.98791394091683138     ,  0.0000000000000000     )
 mdl_ee__exp__2 =    9.8251529432049817E-002
 mdl_sw__exp__2 =   0.23369913342182450     
 mdl_cw__exp__2 =   0.76630086657817542     
  Internal Params evaluated point by point
  ----------------------------------------
  
 mdl_sqrt__aS =   0.34409301068170506     
 mdl_G__exp__2 =    1.4878582807401259     
  Couplings of SM_HeavyN_UFO
  ---------------------------------
  
         GC_1 =  -0.00000E+00  -0.10448E+00
         GC_2 =   0.00000E+00   0.20897E+00
         GC_3 =  -0.00000E+00  -0.31345E+00
         GC_4 =   0.00000E+00   0.31345E+00
        GC_26 =   0.00000E+00   0.45849E+00
        GC_27 =  -0.00000E+00  -0.28380E+00
        GC_28 =   0.00000E+00   0.28380E+00
        GC_30 =   0.00000E+00   0.56760E+00
        GC_35 =  -0.00000E+00  -0.28850E-01
        GC_37 =   0.00000E+00   0.17310E+00
        GC_39 =   0.00000E+00  -0.19725E+00
        GC_40 =   0.00000E+00   0.37035E+00
        GC_80 =   0.00000E+00   0.67543E+02
       GC_107 =  -0.00000E+00  -0.74070E+00
       GC_109 =  -0.00000E+00  -0.74070E+00
       GC_111 =  -0.00000E+00  -0.74070E+00
       GC_113 =  -0.00000E+00  -0.74070E+00
       GC_115 =  -0.00000E+00  -0.74070E+00
       GC_117 =  -0.00000E+00  -0.74070E+00
       GC_119 =   0.00000E+00   0.00000E+00
       GC_120 =   0.00000E+00   0.00000E+00
       GC_122 =  -0.00000E+00  -0.00000E+00
       GC_126 =   0.00000E+00   0.00000E+00
       GC_127 =   0.00000E+00   0.00000E+00
       GC_129 =  -0.00000E+00  -0.00000E+00
       GC_133 =   0.00000E+00   0.45849E+00
       GC_134 =   0.00000E+00   0.37035E+00
       GC_136 =  -0.00000E+00  -0.89351E+01
        GC_81 =   0.40000E+02   0.00000E+00
        GC_82 =   0.42000E+02   0.00000E+00
        GC_83 =   0.44000E+02   0.00000E+00

 Collider parameters:
 --------------------

 Running at P P   machine @    13000.000000000000       GeV
 PDF set = nn23lo1
 alpha_s(Mz)= 0.1300 running at 2 loops.
 alpha_s(Mz)= 0.1300 running at 2 loops.
 Renormalization scale set on event-by-event basis
 Factorization   scale set on event-by-event basis


 getting user params
Enter number of events and max and min iterations: 
 Number of events and iterations         1000           5           3
Enter desired fractional accuracy: 
 Desired fractional accuracy:   0.10000000000000001     
Enter 0 for fixed, 2 for adjustable grid: 
Suppress amplitude (0 no, 1 yes)? 
 Using suppressed amplitude.
Exact helicity sum (0 yes, n = number/event)? 
 Explicitly summing over helicities
Enter Configuration Number: 
Running Configuration Number:  975
 Using dconfig=         238
 BW Setting            1           1           2           2           2           0           0
 Attempting mappinvarients           1           9
 Completed mapping           9
 about to integrate           19        1000           5           3          19           1
 Using non-zero grid deformation.
 19 dimensions   1000 events 19 invarients  5 iterations  1 config(s),  (0.99)
 Using h-tuple random number sequence.
 Error opening grid
 Using Uniform Grid!          36
 Using uniform alpha   1.0000000000000000     
 Grid defined OK
 Set CM energy to      13000.00
 Mapping Graph         975  to config         975
 Setting BW          -1           1   79.824359746197842     
 Setting BW          -2           2   2200.0000000000000     
Setting grid   3    0.29417E-01   1
Setting grid   4    0.29417E-01   1
Setting grid   5    0.29417E-01   1
Setting grid   6    0.29417E-01   1
 Transforming s_hat 1/s           18   2.9947303536057766E-002   1600.0000000000000        168999999.99999997     
 975   1   2   3   4   5   6   7   8   9  10  11  12  13  14
  15  16  17  18  19
 Masses: 0.000E+00 0.000E+00 0.000E+00 0.000E+00 0.000E+00 0.000E+00 0.000E+00 0.000E+00 0.912E+02
Using random seed offsets   975 :      1
  with seed                   24
 Ranmar initialization seeds         705        9398
 
 ********************************************
 * You are using the DiscreteSampler module *
 *      part of the MG5_aMC framework       *
 *         Author: Valentin Hirschi         *
 ********************************************
 
  Particle       3       4       5       6       7       8       9
      Et >    10.0    10.0    10.0    10.0     0.0     0.0     0.0
       E >     0.0     0.0     0.0     0.0     0.0     0.0     0.0
     Eta <     2.5     2.5     2.5     2.5    -1.0    -1.0    -1.0
   xqcut:      0.0     0.0     0.0     0.0     0.0     0.0     0.0
d R # 3  >    -0.0     0.4     0.4     0.4     0.0     0.0     0.0
d R # 4  >    -0.0    -0.0     0.4     0.4     0.0     0.0     0.0
d R # 5  >    -0.0    -0.0    -0.0     0.4     0.0     0.0     0.0
d R # 6  >    -0.0    -0.0    -0.0    -0.0     0.0     0.0     0.0
d R # 7  >    -0.0    -0.0    -0.0    -0.0    -0.0     0.0     0.0
d R # 8  >    -0.0    -0.0    -0.0    -0.0    -0.0    -0.0     0.0
s min # 3>     0.0     0.0     0.0     0.0     0.0     0.0     0.0
s min # 4>     0.0     0.0     0.0     0.0     0.0     0.0     0.0
s min # 5>     0.0     0.0     0.0     0.0     0.0     0.0     0.0
s min # 6>     0.0     0.0     0.0     0.0     0.0     0.0     0.0
s min # 7>     0.0     0.0     0.0     0.0     0.0     0.0     0.0
s min # 8>     0.0     0.0     0.0     0.0     0.0     0.0     0.0
xqcutij # 3>     0.0     0.0     0.0     0.0     0.0     0.0     0.0
xqcutij # 4>     0.0     0.0     0.0     0.0     0.0     0.0     0.0
xqcutij # 5>     0.0     0.0     0.0     0.0     0.0     0.0     0.0
xqcutij # 6>     0.0     0.0     0.0     0.0     0.0     0.0     0.0
xqcutij # 7>     0.0     0.0     0.0     0.0     0.0     0.0     0.0
xqcutij # 8>     0.0     0.0     0.0     0.0     0.0     0.0     0.0
 Requiring BW           -1           1
 Requiring BW           -2           2
 Excluding BW           -3           3
 Excluding BW           -4           4
 Excluding BW           -6           5
 alpha_s for scale    4580.5913594250505       is    7.8966774415888966E-002
 Added good helicity            1   147.66473963134283       in event            1 local:           1
 Added good helicity           21  0.68898378299394636       in event            1 local:           1
 Added good helicity           25   3.0529037389563957E-006  in event            1 local:           1
 Added good helicity          193   107.19748915890005       in event            1 local:           1
 Added good helicity          213  0.44877349848256903       in event            1 local:           1
 Added good helicity          217   1.0870714822187630E-005  in event            1 local:           1
 Added good helicity            1   147.66473963137025       in event            1 local:           1
 Added good helicity           21  0.68898378299405372       in event            1 local:           1
 Added good helicity           25   3.0529037389587026E-006  in event            1 local:           1
 Added good helicity          193   107.19748915887270       in event            1 local:           1
 Added good helicity          213  0.44877349848240933       in event            1 local:           1
 Added good helicity          217   1.0870714822197505E-005  in event            1 local:           1
 Added good helicity           37  0.68898378299386875       in event            7 local:           3
 Added good helicity           41   3.0529037389561840E-006  in event            7 local:           3
 Added good helicity          229  0.44877349848251846       in event            7 local:           3
 Added good helicity          233   1.0870714822186836E-005  in event            7 local:           3
 Added good helicity           37  0.68898378299405338       in event            7 local:           3
 Added good helicity           41   3.0529037389585438E-006  in event            7 local:           3
 Added good helicity          229  0.44877349848240916       in event            7 local:           3
 Added good helicity          233   1.0870714822197502E-005  in event            7 local:           3
 RESET CUMULATIVE VARIABLE
 Added good helicity           61   1.3978628459801373E-008  in event           25 local:           9
 RESET CUMULATIVE VARIABLE
 RESET CUMULATIVE VARIABLE
 Iteration  1   Mean: 0.2581E-10 Abs mean: 0.2581E-10   Fluctuation:  0.755E-11   0.500E-08    45.0%
  1    0.2581E-10 0.2581E-10 +- 0.7549E-11      9.25
 Writing out events   1.1475913995693443E-014   9.2485326399782455     
 Relative summed weights:
  0.1766E-04  0.1880E-02  0.8196E-05  0.2074E-04  0.0000E+00  0.0000E+00
  0.4925E-01  0.3077E-04  0.6502E-08  0.6697E-08  0.0000E+00  0.0000E+00
  0.2547E-01  0.2172E-01  0.3968E-01  0.2398E-05  0.0000E+00  0.0000E+00
  0.3921E-02  0.1541E-06  0.0000E+00  0.1377E-06  0.0000E+00  0.0000E+00
  0.7224E-01  0.2306E-01  0.8725E-04  0.8854E-01  0.0000E+00  0.3442E-07
  0.1409E+00  0.6652E-01  0.5166E-02  0.5527E-01  0.0000E+00  0.0000E+00
  0.1195E-01  0.9532E-02  0.1170E-01  0.8606E-03  0.0000E+00  0.0000E+00
  0.3731E-02  0.2206E+00  0.7651E-03  0.1471E+00  0.0000E+00  0.0000E+00
 Relative number of events:
  0.7929E-02  0.1388E-01  0.2973E-02  0.1982E-02  0.0000E+00  0.0000E+00
  0.7929E-02  0.1090E-01  0.9911E-03  0.1982E-02  0.0000E+00  0.0000E+00
  0.1784E-01  0.7929E-02  0.1982E-02  0.9911E-03  0.0000E+00  0.0000E+00
  0.1487E-01  0.2973E-02  0.0000E+00  0.3964E-02  0.0000E+00  0.0000E+00
  0.5154E-01  0.5847E-01  0.3964E-01  0.6145E-01  0.0000E+00  0.9911E-03
  0.5946E-01  0.7433E-01  0.5649E-01  0.4658E-01  0.0000E+00  0.0000E+00
  0.5055E-01  0.5451E-01  0.5352E-01  0.4955E-01  0.0000E+00  0.0000E+00
  0.5451E-01  0.6343E-01  0.5550E-01  0.7037E-01  0.0000E+00  0.0000E+00
 Events:
           8          14           3           2           0           0
           8          11           1           2           0           0
          18           8           2           1           0           0
          15           3           0           4           0           0
          52          59          40          62           0           1
          60          75          57          47           0           0
          51          55          54          50           0           0
          55          64          56          71           0           0
 Iteration  2   Mean: 0.6601E-10 Abs mean: 0.6601E-10   Fluctuation:  0.254E-10   0.433E-07    67.8%
  2    0.6601E-10 0.6601E-10 +- 0.2538E-10     17.19
 Relative summed weights:
  0.2406E-01  0.3279E-03  0.1815E-04  0.1892E-04  0.0000E+00  0.0000E+00
  0.1931E-01  0.4889E-02  0.3279E-07  0.3965E-04  0.0000E+00  0.0000E+00
  0.1723E+00  0.1351E+00  0.6312E-04  0.2932E-03  0.0000E+00  0.0000E+00
  0.6255E-02  0.1187E-01  0.3280E+00  0.6200E-05  0.0000E+00  0.0000E+00
  0.5561E-02  0.2752E-02  0.7815E-02  0.2429E-02  0.0000E+00  0.0000E+00
  0.1028E-01  0.4829E-01  0.6539E-01  0.5485E-03  0.0000E+00  0.0000E+00
  0.1258E-01  0.8617E-02  0.3868E-02  0.2620E-01  0.0000E+00  0.0000E+00
  0.8193E-01  0.1029E-01  0.4608E-02  0.6391E-02  0.0000E+00  0.0000E+00
 Relative number of events:
  0.1450E-01  0.8500E-02  0.1000E-02  0.2500E-02  0.0000E+00  0.0000E+00
  0.1550E-01  0.9500E-02  0.5000E-03  0.1000E-02  0.0000E+00  0.0000E+00
  0.1350E-01  0.1400E-01  0.2500E-02  0.3500E-02  0.0000E+00  0.0000E+00
  0.8000E-02  0.1750E-01  0.2500E-02  0.2500E-02  0.0000E+00  0.0000E+00
  0.5700E-01  0.4950E-01  0.6350E-01  0.4950E-01  0.0000E+00  0.0000E+00
  0.5850E-01  0.6000E-01  0.4900E-01  0.5350E-01  0.0000E+00  0.0000E+00
  0.6200E-01  0.6500E-01  0.5100E-01  0.4600E-01  0.0000E+00  0.0000E+00
  0.6450E-01  0.6300E-01  0.4650E-01  0.4450E-01  0.0000E+00  0.0000E+00
 Events:
          29          17           2           5           0           0
          31          19           1           2           0           0
          27          28           5           7           0           0
          16          35           5           5           0           0
         114          99         127          99           0           0
         117         120          98         107           0           0
         124         130         102          92           0           0
         129         126          93          89           0           0
 Iteration  3   Mean: 0.1311E-09 Abs mean: 0.1311E-09   Fluctuation:  0.817E-10   0.315E-06    75.3%
  3    0.1311E-09 0.1311E-09 +- 0.8175E-10     39.43
 Relative summed weights:
  0.1638E+00  0.1146E-02  0.6587E-04  0.1122E-03  0.0000E+00  0.0000E+00
  0.2042E-02  0.2689E-02  0.2846E-02  0.1176E-02  0.0000E+00  0.0000E+00
  0.3991E-02  0.2504E-01  0.7772E-04  0.7052E-02  0.0000E+00  0.0000E+00
  0.2633E-01  0.9509E-03  0.2758E-06  0.3675E-06  0.0000E+00  0.0000E+00
  0.2236E-01  0.5097E-02  0.1707E-02  0.6015E+00  0.0000E+00  0.1972E-08
  0.1546E-01  0.1022E-01  0.1614E-02  0.2168E-01  0.5556E-06  0.2120E-08
  0.1836E-01  0.1208E-01  0.5416E-02  0.7094E-02  0.0000E+00  0.0000E+00
  0.1837E-01  0.3637E-02  0.8968E-02  0.9151E-02  0.3078E-09  0.2346E-07
 Relative number of events:
  0.1425E-01  0.1725E-01  0.1750E-02  0.1500E-02  0.0000E+00  0.0000E+00
  0.1600E-01  0.1000E-01  0.1750E-02  0.1250E-02  0.0000E+00  0.0000E+00
  0.1125E-01  0.1225E-01  0.2500E-02  0.2500E-02  0.0000E+00  0.0000E+00
  0.1125E-01  0.1325E-01  0.7500E-03  0.1000E-02  0.0000E+00  0.0000E+00
  0.6375E-01  0.5800E-01  0.4775E-01  0.4900E-01  0.0000E+00  0.2500E-03
  0.6075E-01  0.6600E-01  0.5000E-01  0.4775E-01  0.2500E-03  0.2500E-03
  0.6350E-01  0.5575E-01  0.5000E-01  0.4975E-01  0.0000E+00  0.0000E+00
  0.5950E-01  0.6550E-01  0.4700E-01  0.4600E-01  0.5000E-03  0.2500E-03
 Events:
          57          69           7           6           0           0
          64          40           7           5           0           0
          45          49          10          10           0           0
          45          53           3           4           0           0
         255         232         191         196           0           1
         243         264         200         191           1           1
         254         223         200         199           0           0
         238         262         188         184           2           1
 Accuracy:    0.476   0.100   0.218   4.775
 Found          117  events.
 Wrote            1  events.
 Actual xsec    5.1633763821456537E-011
 Correct abs xsec    5.1633763821456537E-011
 Event xsec    5.1633763821456537E-011
 Events wgts > 1:            0
 % Cross section > 1:    0.0000000000000000        0.0000000000000000     
 Iteration  4   Mean: 0.5764E-10 Abs mean: 0.5764E-10   Fluctuation:  0.199E-10   0.154E-06    77.3%
  4    0.5764E-10 0.5764E-10 +- 0.1991E-10     30.90
 Relative summed weights:
  0.2833E-01  0.1956E-01  0.1259E-02  0.1779E-03  0.0000E+00  0.0000E+00
  0.1723E-01  0.4971E-02  0.2083E-01  0.1962E-03  0.0000E+00  0.0000E+00
  0.1897E-01  0.4630E-01  0.9004E-05  0.5687E-02  0.0000E+00  0.0000E+00
  0.1197E-01  0.2928E-01  0.3689E-01  0.9113E-02  0.0000E+00  0.0000E+00
  0.2989E-01  0.2830E-01  0.1686E-01  0.4729E-02  0.0000E+00  0.8860E-07
  0.5791E-01  0.3575E-01  0.1237E-01  0.1476E-01  0.2735E-04  0.1805E-08
  0.5884E-01  0.1955E-01  0.3366E+00  0.1711E-01  0.0000E+00  0.0000E+00
  0.2230E-01  0.1950E-01  0.3752E-01  0.3717E-01  0.5009E-06  0.0000E+00
 Relative number of events:
  0.1425E-01  0.1287E-01  0.1625E-02  0.1875E-02  0.0000E+00  0.0000E+00
  0.1450E-01  0.1275E-01  0.1250E-02  0.1375E-02  0.0000E+00  0.0000E+00
  0.1200E-01  0.1137E-01  0.1125E-02  0.1625E-02  0.0000E+00  0.0000E+00
  0.1400E-01  0.1312E-01  0.2000E-02  0.1375E-02  0.0000E+00  0.0000E+00
  0.6525E-01  0.6625E-01  0.4750E-01  0.4487E-01  0.0000E+00  0.1250E-03
  0.6600E-01  0.5800E-01  0.4650E-01  0.4925E-01  0.1250E-03  0.1250E-03
  0.6375E-01  0.6575E-01  0.4512E-01  0.4713E-01  0.0000E+00  0.0000E+00
  0.6325E-01  0.6563E-01  0.4537E-01  0.4263E-01  0.2500E-03  0.0000E+00
 Events:
         114         103          13          15           0           0
         116         102          10          11           0           0
          96          91           9          13           0           0
         112         105          16          11           0           0
         522         530         380         359           0           1
         528         464         372         394           1           1
         510         526         361         377           0           0
         506         525         363         341           2           0
 Accuracy:    0.320   0.100   0.184   3.007
 Found          130  events.
 Wrote            2  events.
 Actual xsec    7.1512613081574442E-011
 Correct abs xsec    7.1512613081574442E-011
 Event xsec    7.1512613081574442E-011
 Events wgts > 1:            0
 % Cross section > 1:    0.0000000000000000        0.0000000000000000     
 Iteration  5   Mean: 0.9704E-10 Abs mean: 0.9704E-10   Fluctuation:  0.424E-10   0.671E-06    76.2%
  5    0.9704E-10 0.9704E-10 +- 0.4245E-10     55.33
 Relative summed weights:
  0.9887E-02  0.1239E-01  0.1365E-02  0.7190E-02  0.0000E+00  0.0000E+00
  0.5082E-01  0.4591E-02  0.4622E-03  0.3215E-02  0.0000E+00  0.0000E+00
  0.3877E-01  0.6386E-01  0.7359E-03  0.4172E-02  0.0000E+00  0.0000E+00
  0.1149E-01  0.3349E-01  0.4342E+00  0.3504E-02  0.0000E+00  0.0000E+00
  0.2293E-01  0.6112E-01  0.1819E-01  0.1691E-01  0.0000E+00  0.9265E-05
  0.2547E-01  0.2046E-01  0.8690E-02  0.1108E-01  0.9453E-07  0.3853E-10
  0.1572E-01  0.2050E-01  0.1080E-01  0.7747E-02  0.4663E-05  0.2286E-04
  0.1875E-01  0.1854E-01  0.3307E-01  0.9804E-02  0.8838E-05  0.0000E+00
 Relative number of events:
  0.1306E-01  0.1319E-01  0.1125E-02  0.1813E-02  0.0000E+00  0.0000E+00
  0.1438E-01  0.1250E-01  0.1437E-02  0.1250E-02  0.0000E+00  0.0000E+00
  0.1100E-01  0.1356E-01  0.1437E-02  0.2500E-02  0.0000E+00  0.0000E+00
  0.1381E-01  0.1300E-01  0.1750E-02  0.1375E-02  0.0000E+00  0.0000E+00
  0.5975E-01  0.6137E-01  0.4675E-01  0.5019E-01  0.0000E+00  0.2500E-03
  0.6338E-01  0.5775E-01  0.5106E-01  0.4956E-01  0.1250E-03  0.6250E-04
  0.6037E-01  0.6600E-01  0.4625E-01  0.4925E-01  0.1250E-03  0.1250E-03
  0.6100E-01  0.6031E-01  0.4925E-01  0.4975E-01  0.1250E-03  0.0000E+00
 Events:
         209         211          18          29           0           0
         230         200          23          20           0           0
         176         217          23          40           0           0
         221         208          28          22           0           0
         956         982         748         803           0           4
        1014         924         817         793           2           1
         966        1056         740         788           2           2
         976         965         788         796           2           0
 Accuracy:    0.262   0.100   0.170   2.376
 Found          512  events.
 Wrote            3  events.
 Actual xsec    8.2057967942477281E-011
 Correct abs xsec    8.2057967942477281E-011
 Event xsec    8.2057967942477281E-011
 Events wgts > 1:            1
 % Cross section > 1:    1.6605045371879476E-018   2.0235750151063489E-006

 -------------------------------------------------------------------------------
 Accumulated results:   Integral =  0.5994E-10
                        Std dev  =  0.1018E-10
                       Cross sec =  0.5994E-10
             Chi**2 per DoF.     =      2.3763
 -------------------------------------------------------------------------------
-------------------------------------------------
---------------------------
 Results Last   3 iters: Integral =   0.8206E-10
                     Abs integral =   0.8206E-10
                          Std dev =   0.2040E-10
                  Chi**2 per DoF. =      0.9942
-------------------------------------------------
---------------------------
 Status  0.10000000000000001                6           5

ls status:
events.lhe
ftn26
input_app.txt
results.dat
run1_app.log
