 Process in group number            1
 A PDF is used, so alpha_s(MZ) is going to be modified
 Old value of alpha_s from param_card:   0.11839999999999999     
  ****************************************
 
       NNPDFDriver version 1.0.3
   Grid: NNPDF23_lo_as_0130_qed_mem0.grid
  ****************************************
 New value of alpha_s from PDF nn23lo1:  0.13000000000000000     
 Define smin to   1600.0000000000000     
 Define smin to   1600.0000000000000     
 Define smin to   1600.0000000000000     
 *****************************************************
 *               MadGraph/MadEvent                   *
 *        --------------------------------           *
 *          http://madgraph.hep.uiuc.edu             *
 *          http://madgraph.phys.ucl.ac.be           *
 *          http://madgraph.roma2.infn.it            *
 *        --------------------------------           *
 *                                                   *
 *          PARAMETER AND COUPLING VALUES            *
 *                                                   *
 *****************************************************

  External Params
  ---------------------------------
  
 mdl_VeN1 =    1.0000000000000000     
 mdl_VeN2 =    0.0000000000000000     
 mdl_VeN3 =    0.0000000000000000     
 mdl_VmuN1 =    0.0000000000000000     
 mdl_VmuN2 =    1.0000000000000000     
 mdl_VmuN3 =    0.0000000000000000     
 mdl_VtaN1 =    0.0000000000000000     
 mdl_VtaN2 =    0.0000000000000000     
 mdl_VtaN3 =    1.0000000000000000     
 mdl_VN1N1 =    1.0000000000000000     
 mdl_VN1N2 =    1.0000000000000000     
 mdl_VN1N3 =    1.0000000000000000     
 mdl_VN2N2 =    1.0000000000000000     
 mdl_VN2N3 =    1.0000000000000000     
 mdl_VN3N3 =    1.0000000000000000     
 aEWM1 =    127.90000000000001     
 mdl_Gf =    1.1663700000000000E-005
 aS =   0.11839999999999999     
 mdl_ymt =    172.00000000000000     
 mdl_vevf =    50.000000000000000     
 mdl_MZ =    91.187600000000003     
 mdl_MT =    172.00000000000000     
 mdl_MH =    125.00000000000000     
 mdl_mN1 =    1822.0000000000000     
 mdl_mN2 =    1922.0000000000000     
 mdl_mN3 =    2022.0000000000000     
 mdl_MJ =    91.187600000000003     
 mdl_MAx =    173.04800000000000     
 mdl_WZ =    2.4952000000000001     
 mdl_WW =    2.0850000000000000     
 mdl_WT =    1.5083359999999999     
 mdl_WH =    4.0699999999999998E-003
 mdl_WN1 =   0.30299999999999999     
 mdl_WN2 =    1.5000000000000000     
 mdl_WN3 =    12.300000000000001     
 mdl_WJ =    2.4952000000000001     
 mdl_WAx =    4.1700000000000001E-003
  Internal Params
  ---------------------------------
  
 mdl_vevf__exp__2 =    2500.0000000000000     
 mdl_sqrt__vevf__exp__2 =    50.000000000000000     
 mdl_muJ =    50.000000000000000     
 mdl_MZ__exp__2 =    8315.1783937600012     
 mdl_MZ__exp__4 =    69142191.720053151     
 mdl_sqrt__2 =    1.4142135623730951     
 mdl_MJ__exp__2 =    8315.1783937600012     
 mdl_muJ__exp__2 =    2500.0000000000000     
 mdl_lamJ =    4.3260713575040004     
 mdl_MH__exp__2 =    15625.000000000000     
 mdl_complexi =  (  0.0000000000000000     ,  1.0000000000000000     )
 mdl_aEW =    7.8186082877247844E-003
 mdl_MW =    79.824359746197842     
 mdl_sqrt__aEW =    8.8422894590285753E-002
 mdl_ee =   0.31345100004952897     
 mdl_MW__exp__2 =    6371.9284088904105     
 mdl_sw2 =   0.23369913342182447     
 mdl_cw =   0.87538612427783857     
 mdl_sqrt__sw2 =   0.48342438232036300     
 mdl_sw =   0.48342438232036300     
 mdl_g1 =   0.35807170271074895     
 mdl_gN =   0.64839716719502682     
 mdl_gw =   0.64839716719502682     
 mdl_vev =    246.22056907348590     
 mdl_vev__exp__2 =    60624.568634871241     
 mdl_lam =   0.12886689630821144     
 mdl_yt =   0.98791394091683138     
 mdl_muH =    88.388347648318444     
 mdl_I2a33 =  ( 0.98791394091683138     ,  0.0000000000000000     )
 mdl_I3a33 =  ( 0.98791394091683138     ,  0.0000000000000000     )
 mdl_ee__exp__2 =    9.8251529432049817E-002
 mdl_sw__exp__2 =   0.23369913342182450     
 mdl_cw__exp__2 =   0.76630086657817542     
  Internal Params evaluated point by point
  ----------------------------------------
  
 mdl_sqrt__aS =   0.34409301068170506     
 mdl_G__exp__2 =    1.4878582807401259     
  Couplings of SM_HeavyN_UFO
  ---------------------------------
  
         GC_1 =  -0.00000E+00  -0.10448E+00
         GC_2 =   0.00000E+00   0.20897E+00
         GC_3 =  -0.00000E+00  -0.31345E+00
         GC_4 =   0.00000E+00   0.31345E+00
        GC_26 =   0.00000E+00   0.45849E+00
        GC_27 =  -0.00000E+00  -0.28380E+00
        GC_28 =   0.00000E+00   0.28380E+00
        GC_30 =   0.00000E+00   0.56760E+00
        GC_35 =  -0.00000E+00  -0.28850E-01
        GC_37 =   0.00000E+00   0.17310E+00
        GC_39 =   0.00000E+00  -0.19725E+00
        GC_40 =   0.00000E+00   0.37035E+00
        GC_80 =   0.00000E+00   0.67543E+02
       GC_107 =  -0.00000E+00  -0.74070E+00
       GC_109 =  -0.00000E+00  -0.74070E+00
       GC_111 =  -0.00000E+00  -0.74070E+00
       GC_113 =  -0.00000E+00  -0.74070E+00
       GC_115 =  -0.00000E+00  -0.74070E+00
       GC_117 =  -0.00000E+00  -0.74070E+00
       GC_119 =   0.00000E+00   0.00000E+00
       GC_120 =   0.00000E+00   0.00000E+00
       GC_122 =  -0.00000E+00  -0.00000E+00
       GC_126 =   0.00000E+00   0.00000E+00
       GC_127 =   0.00000E+00   0.00000E+00
       GC_129 =  -0.00000E+00  -0.00000E+00
       GC_133 =   0.00000E+00   0.45849E+00
       GC_134 =   0.00000E+00   0.37035E+00
       GC_136 =  -0.00000E+00  -0.82121E+01
        GC_81 =   0.36440E+02   0.00000E+00
        GC_82 =   0.38440E+02   0.00000E+00
        GC_83 =   0.40440E+02   0.00000E+00

 Collider parameters:
 --------------------

 Running at P P   machine @    13000.000000000000       GeV
 PDF set = nn23lo1
 alpha_s(Mz)= 0.1300 running at 2 loops.
 alpha_s(Mz)= 0.1300 running at 2 loops.
 Renormalization scale set on event-by-event basis
 Factorization   scale set on event-by-event basis


 getting user params
Enter number of events and max and min iterations: 
 Number of events and iterations         1000           5           3
Enter desired fractional accuracy: 
 Desired fractional accuracy:   0.10000000000000001     
Enter 0 for fixed, 2 for adjustable grid: 
Suppress amplitude (0 no, 1 yes)? 
 Using suppressed amplitude.
Exact helicity sum (0 yes, n = number/event)? 
 Explicitly summing over helicities
Enter Configuration Number: 
Running Configuration Number:  957
 Using dconfig=         229
 BW Setting            1           1           1           2           2           0           0
 Attempting mappinvarients           1           9
 Completed mapping           9
 about to integrate           19        1000           5           3          19           1
 Using non-zero grid deformation.
 19 dimensions   1000 events 19 invarients  5 iterations  1 config(s),  (0.99)
 Using h-tuple random number sequence.
 Error opening grid
 Using Uniform Grid!          36
 Using uniform alpha   1.0000000000000000     
 Grid defined OK
 Set CM energy to      13000.00
 Mapping Graph         957  to config         957
 Setting BW          -1           1   79.824359746197842     
 Setting BW          -2           2   2022.0000000000000     
 Setting BW          -3           3   2022.0000000000000     
Setting grid   4    0.24908E-01   1
Setting grid   5    0.24908E-01   1
Setting grid   6    0.24908E-01   1
 Transforming s_hat 1/s           18   2.5395795928957170E-002   1600.0000000000000        168999999.99999997     
 957   1   2   3   4   5   6   7   8   9  10  11  12  13  14
  15  16  17  18  19
 Masses: 0.000E+00 0.000E+00 0.000E+00 0.000E+00 0.000E+00 0.000E+00 0.000E+00 0.000E+00 0.912E+02
Using random seed offsets   957 :      1
  with seed                   24
 Ranmar initialization seeds         687        9398
 
 ********************************************
 * You are using the DiscreteSampler module *
 *      part of the MG5_aMC framework       *
 *         Author: Valentin Hirschi         *
 ********************************************
 
  Particle       3       4       5       6       7       8       9
      Et >    10.0    10.0    10.0    10.0     0.0     0.0     0.0
       E >     0.0     0.0     0.0     0.0     0.0     0.0     0.0
     Eta <     2.5     2.5     2.5     2.5    -1.0    -1.0    -1.0
   xqcut:      0.0     0.0     0.0     0.0     0.0     0.0     0.0
d R # 3  >    -0.0     0.4     0.4     0.4     0.0     0.0     0.0
d R # 4  >    -0.0    -0.0     0.4     0.4     0.0     0.0     0.0
d R # 5  >    -0.0    -0.0    -0.0     0.4     0.0     0.0     0.0
d R # 6  >    -0.0    -0.0    -0.0    -0.0     0.0     0.0     0.0
d R # 7  >    -0.0    -0.0    -0.0    -0.0    -0.0     0.0     0.0
d R # 8  >    -0.0    -0.0    -0.0    -0.0    -0.0    -0.0     0.0
s min # 3>     0.0     0.0     0.0     0.0     0.0     0.0     0.0
s min # 4>     0.0     0.0     0.0     0.0     0.0     0.0     0.0
s min # 5>     0.0     0.0     0.0     0.0     0.0     0.0     0.0
s min # 6>     0.0     0.0     0.0     0.0     0.0     0.0     0.0
s min # 7>     0.0     0.0     0.0     0.0     0.0     0.0     0.0
s min # 8>     0.0     0.0     0.0     0.0     0.0     0.0     0.0
xqcutij # 3>     0.0     0.0     0.0     0.0     0.0     0.0     0.0
xqcutij # 4>     0.0     0.0     0.0     0.0     0.0     0.0     0.0
xqcutij # 5>     0.0     0.0     0.0     0.0     0.0     0.0     0.0
xqcutij # 6>     0.0     0.0     0.0     0.0     0.0     0.0     0.0
xqcutij # 7>     0.0     0.0     0.0     0.0     0.0     0.0     0.0
xqcutij # 8>     0.0     0.0     0.0     0.0     0.0     0.0     0.0
 Requiring BW           -1           1
 Requiring BW           -2           2
 Requiring BW           -3           3
 Excluding BW           -4           4
 Excluding BW           -6           5
 alpha_s for scale    3261.7546351199189       is    8.1726955232062498E-002
 Added good helicity            1   66.345411891991560       in event            1 local:           1
 Added good helicity           21   151.51020539482067       in event            1 local:           1
 Added good helicity           25   1.3900637231800553E-004  in event            1 local:           1
 Added good helicity           37   1.3834919554952637E-006  in event            1 local:           1
 Added good helicity          193   21.055376728232876       in event            1 local:           1
 Added good helicity          213   17.088819063772505       in event            1 local:           1
 Added good helicity          217   4.5556134815635823E-005  in event            1 local:           1
 Added good helicity          229   9.7360685127667490E-007  in event            1 local:           1
 Added good helicity            1   66.345411891990835       in event            1 local:           1
 Added good helicity           21   151.51020539482073       in event            1 local:           1
 Added good helicity           25   1.3900637231799255E-004  in event            1 local:           1
 Added good helicity           37   1.3834919554952637E-006  in event            1 local:           1
 Added good helicity          193   21.055376728232694       in event            1 local:           1
 Added good helicity          213   17.088819063773361       in event            1 local:           1
 Added good helicity          217   4.5556134815643914E-005  in event            1 local:           1
 Added good helicity          229   9.7360685127685130E-007  in event            1 local:           1
 Added good helicity           41   1.3834919554952639E-006  in event            4 local:           2
 Added good helicity          233   9.7360685127667511E-007  in event            4 local:           2
 Added good helicity           41   1.3834919554952639E-006  in event            4 local:           2
 Added good helicity          233   9.7360685127685151E-007  in event            4 local:           2
 Added good helicity           61   3.3578000821455586E-007  in event            7 local:           3
 Added good helicity          253   4.5311688642388827E-007  in event            7 local:           3
 Added good helicity           61   3.3578000821457296E-007  in event            7 local:           3
 Added good helicity          253   4.5311688642388753E-007  in event            7 local:           3
 RESET CUMULATIVE VARIABLE
 RESET CUMULATIVE VARIABLE
 RESET CUMULATIVE VARIABLE
 Iteration  1   Mean: 0.6688E-15 Abs mean: 0.6688E-15   Fluctuation:  0.201E-15   0.103E-12     0.4%
  1    0.6688E-15 0.6688E-15 +- 0.2005E-15      8.12
 Writing out events   2.6753081792053991E-017   8.1180088957724212     
 Relative summed weights:
  0.6423E-03  0.4540E-03  0.3262E-03  0.1037E-01  0.0000E+00  0.0000E+00
  0.1964E-02  0.1831E-03  0.7818E-03  0.7929E-04  0.0000E+00  0.0000E+00
  0.1256E-01  0.8290E-02  0.2160E-02  0.5560E-02  0.2711E-04  0.0000E+00
  0.1508E-01  0.9064E-03  0.3533E-03  0.1087E-01  0.0000E+00  0.4399E-05
  0.9455E-03  0.1407E-02  0.4819E-04  0.1434E+00  0.0000E+00  0.0000E+00
  0.2653E-04  0.4646E-02  0.2137E-01  0.7175E-03  0.0000E+00  0.0000E+00
  0.1501E-01  0.4845E-02  0.5606E-02  0.3910E-02  0.0000E+00  0.0000E+00
  0.6878E-01  0.1397E+00  0.1717E-01  0.1008E-02  0.0000E+00  0.0000E+00
  0.6447E-01  0.1494E-01  0.7979E-02  0.2193E+00  0.0000E+00  0.0000E+00
  0.3327E-01  0.1956E-01  0.1458E-01  0.5073E-03  0.0000E+00  0.0000E+00
  0.1008E-02  0.0000E+00  0.9881E-04  0.6178E-04  0.0000E+00  0.0000E+00
  0.3584E-02  0.7146E-04  0.5560E-03  0.2666E-01  0.0000E+00  0.0000E+00
  0.8525E-02  0.2792E-02  0.2264E-04  0.6507E-02  0.0000E+00  0.0000E+00
  0.1913E-03  0.2223E-01  0.4255E-03  0.1539E-01  0.0000E+00  0.0000E+00
  0.4221E-02  0.2678E-03  0.7682E-03  0.1416E-02  0.0000E+00  0.0000E+00
  0.9910E-02  0.1948E-01  0.4617E-03  0.1512E-02  0.0000E+00  0.0000E+00
 Relative number of events:
  0.9434E-02  0.4043E-02  0.6739E-02  0.6739E-02  0.0000E+00  0.0000E+00
  0.5391E-02  0.6739E-02  0.5391E-02  0.5391E-02  0.0000E+00  0.0000E+00
  0.2561E-01  0.3774E-01  0.3639E-01  0.2695E-01  0.1348E-02  0.0000E+00
  0.2830E-01  0.3369E-01  0.3639E-01  0.3235E-01  0.0000E+00  0.1348E-02
  0.6739E-02  0.9434E-02  0.1213E-01  0.1348E-01  0.0000E+00  0.0000E+00
  0.4043E-02  0.4043E-02  0.6739E-02  0.4043E-02  0.0000E+00  0.0000E+00
  0.3908E-01  0.2830E-01  0.3369E-01  0.3504E-01  0.0000E+00  0.0000E+00
  0.3369E-01  0.4178E-01  0.3235E-01  0.3100E-01  0.0000E+00  0.0000E+00
  0.1348E-01  0.3369E-01  0.6739E-02  0.1213E-01  0.0000E+00  0.0000E+00
  0.2022E-01  0.2156E-01  0.5391E-02  0.9434E-02  0.0000E+00  0.0000E+00
  0.9434E-02  0.0000E+00  0.1482E-01  0.2695E-02  0.0000E+00  0.0000E+00
  0.1213E-01  0.4043E-02  0.9434E-02  0.5391E-02  0.0000E+00  0.0000E+00
  0.1213E-01  0.1752E-01  0.5391E-02  0.8086E-02  0.0000E+00  0.0000E+00
  0.1213E-01  0.1752E-01  0.8086E-02  0.1482E-01  0.0000E+00  0.0000E+00
  0.9434E-02  0.6739E-02  0.9434E-02  0.8086E-02  0.0000E+00  0.0000E+00
  0.1482E-01  0.1213E-01  0.1078E-01  0.6739E-02  0.0000E+00  0.0000E+00
 Events:
           7           3           5           5           0           0
           4           5           4           4           0           0
          19          28          27          20           1           0
          21          25          27          24           0           1
           5           7           9          10           0           0
           3           3           5           3           0           0
          29          21          25          26           0           0
          25          31          24          23           0           0
          10          25           5           9           0           0
          15          16           4           7           0           0
           7           0          11           2           0           0
           9           3           7           4           0           0
           9          13           4           6           0           0
           9          13           6          11           0           0
           7           5           7           6           0           0
          11           9           8           5           0           0
 Iteration  2   Mean: 0.1087E-14 Abs mean: 0.1087E-14   Fluctuation:  0.184E-15   0.179E-12    24.5%
  2    0.1087E-14 0.1087E-14 +- 0.1841E-15      7.58
 Relative summed weights:
  0.3535E-02  0.4143E-02  0.2993E-02  0.2005E-02  0.0000E+00  0.0000E+00
  0.4701E-02  0.1895E-02  0.8464E-01  0.5915E-03  0.0000E+00  0.0000E+00
  0.5652E-02  0.1525E-01  0.2036E-01  0.6164E-03  0.0000E+00  0.0000E+00
  0.2435E-01  0.4623E-01  0.9476E-02  0.1095E-02  0.0000E+00  0.0000E+00
  0.2291E-01  0.4222E-03  0.6347E-03  0.1845E-04  0.0000E+00  0.0000E+00
  0.6625E-02  0.3032E-01  0.2005E-02  0.3609E-04  0.0000E+00  0.0000E+00
  0.3328E-01  0.2778E-01  0.3458E-02  0.9624E-02  0.0000E+00  0.0000E+00
  0.6628E-01  0.6445E-01  0.1441E-01  0.1009E-01  0.0000E+00  0.0000E+00
  0.1866E-01  0.1047E-01  0.3156E-02  0.1524E-01  0.0000E+00  0.0000E+00
  0.4222E-02  0.5767E-01  0.1462E-01  0.7939E-02  0.0000E+00  0.0000E+00
  0.9703E-03  0.1669E-01  0.5816E-02  0.6678E-02  0.0000E+00  0.0000E+00
  0.1054E-01  0.9710E-02  0.3457E-01  0.4669E-03  0.0000E+00  0.0000E+00
  0.2036E-01  0.1055E+00  0.1846E-02  0.1476E-03  0.0000E+00  0.0000E+00
  0.3557E-02  0.4936E-01  0.2441E-02  0.2311E-01  0.0000E+00  0.0000E+00
  0.2746E-02  0.2402E-01  0.4256E-02  0.2441E-02  0.0000E+00  0.0000E+00
  0.4653E-02  0.1383E-01  0.2535E-02  0.1906E-02  0.0000E+00  0.0000E+00
 Relative number of events:
  0.7500E-02  0.7500E-02  0.3500E-02  0.5000E-02  0.0000E+00  0.0000E+00
  0.7000E-02  0.3500E-02  0.4500E-02  0.5000E-02  0.0000E+00  0.0000E+00
  0.3750E-01  0.3150E-01  0.3300E-01  0.1750E-01  0.0000E+00  0.0000E+00
  0.3100E-01  0.4000E-01  0.3300E-01  0.2500E-01  0.0000E+00  0.0000E+00
  0.1000E-01  0.6000E-02  0.4500E-02  0.6000E-02  0.0000E+00  0.0000E+00
  0.5500E-02  0.8500E-02  0.4500E-02  0.2500E-02  0.0000E+00  0.0000E+00
  0.3900E-01  0.3250E-01  0.2450E-01  0.3850E-01  0.0000E+00  0.0000E+00
  0.3150E-01  0.3100E-01  0.2800E-01  0.3300E-01  0.0000E+00  0.0000E+00
  0.2350E-01  0.2550E-01  0.1150E-01  0.8000E-02  0.0000E+00  0.0000E+00
  0.1750E-01  0.2000E-01  0.8000E-02  0.8500E-02  0.0000E+00  0.0000E+00
  0.7000E-02  0.1300E-01  0.8000E-02  0.1150E-01  0.0000E+00  0.0000E+00
  0.1500E-01  0.1000E-01  0.9500E-02  0.6500E-02  0.0000E+00  0.0000E+00
  0.2200E-01  0.2150E-01  0.8500E-02  0.7500E-02  0.0000E+00  0.0000E+00
  0.2100E-01  0.2500E-01  0.1250E-01  0.1050E-01  0.0000E+00  0.0000E+00
  0.9000E-02  0.8500E-02  0.8000E-02  0.1050E-01  0.0000E+00  0.0000E+00
  0.7500E-02  0.1100E-01  0.9500E-02  0.7000E-02  0.0000E+00  0.0000E+00
 Events:
          15          15           7          10           0           0
          14           7           9          10           0           0
          75          63          66          35           0           0
          62          80          66          50           0           0
          20          12           9          12           0           0
          11          17           9           5           0           0
          78          65          49          77           0           0
          63          62          56          66           0           0
          47          51          23          16           0           0
          35          40          16          17           0           0
          14          26          16          23           0           0
          30          20          19          13           0           0
          44          43          17          15           0           0
          42          50          25          21           0           0
          18          17          16          21           0           0
          15          22          19          14           0           0
 Iteration  3   Mean: 0.2204E-14 Abs mean: 0.2204E-14   Fluctuation:  0.310E-15   0.588E-12    65.9%
  3    0.2204E-14 0.2204E-14 +- 0.3102E-15      8.90
 Relative summed weights:
  0.1333E-01  0.3993E-01  0.2364E-02  0.1226E-02  0.0000E+00  0.0000E+00
  0.4778E-02  0.9867E-01  0.6826E-02  0.1437E-02  0.0000E+00  0.0000E+00
  0.8766E-02  0.2739E-01  0.1419E-01  0.4918E-02  0.0000E+00  0.0000E+00
  0.6221E-02  0.1221E-01  0.2848E-01  0.5512E-02  0.0000E+00  0.2436E-04
  0.3698E-02  0.2860E-01  0.1178E-02  0.3068E-03  0.0000E+00  0.0000E+00
  0.9205E-02  0.2625E-02  0.8362E-03  0.2433E-02  0.5685E-05  0.0000E+00
  0.1504E-01  0.3309E-01  0.1548E-01  0.5229E-02  0.0000E+00  0.0000E+00
  0.4040E-02  0.9334E-02  0.1443E-01  0.6979E-02  0.6608E-08  0.0000E+00
  0.1066E-01  0.4133E-01  0.1489E-01  0.8751E-03  0.4869E-04  0.0000E+00
  0.3041E-01  0.5096E-02  0.5802E-02  0.3849E-02  0.0000E+00  0.0000E+00
  0.2365E-03  0.9701E-02  0.2857E-02  0.2937E-01  0.0000E+00  0.0000E+00
  0.7277E-02  0.5259E-02  0.4518E-02  0.8019E-02  0.0000E+00  0.0000E+00
  0.6943E-01  0.6981E-01  0.4771E-01  0.1389E-02  0.0000E+00  0.0000E+00
  0.7442E-02  0.1797E-01  0.1658E-01  0.5795E-02  0.0000E+00  0.0000E+00
  0.4908E-02  0.8115E-02  0.1824E-02  0.1020E+00  0.0000E+00  0.0000E+00
  0.4634E-02  0.1982E-02  0.2857E-01  0.2872E-02  0.4790E-05  0.8477E-09
 Relative number of events:
  0.1025E-01  0.1125E-01  0.6250E-02  0.6750E-02  0.0000E+00  0.0000E+00
  0.8000E-02  0.9000E-02  0.6500E-02  0.4250E-02  0.0000E+00  0.0000E+00
  0.3925E-01  0.3400E-01  0.2625E-01  0.2525E-01  0.0000E+00  0.0000E+00
  0.3550E-01  0.3325E-01  0.3025E-01  0.3275E-01  0.0000E+00  0.2500E-03
  0.7250E-02  0.7750E-02  0.5250E-02  0.5000E-02  0.0000E+00  0.0000E+00
  0.7000E-02  0.6000E-02  0.5000E-02  0.6500E-02  0.2500E-03  0.0000E+00
  0.3775E-01  0.3300E-01  0.2825E-01  0.2925E-01  0.0000E+00  0.0000E+00
  0.2950E-01  0.3925E-01  0.2550E-01  0.2950E-01  0.5000E-03  0.0000E+00
  0.2000E-01  0.1950E-01  0.8000E-02  0.7750E-02  0.2500E-03  0.0000E+00
  0.1800E-01  0.2450E-01  0.7000E-02  0.1125E-01  0.0000E+00  0.0000E+00
  0.7750E-02  0.1000E-01  0.1025E-01  0.8000E-02  0.0000E+00  0.0000E+00
  0.1050E-01  0.8750E-02  0.7000E-02  0.7750E-02  0.0000E+00  0.0000E+00
  0.1950E-01  0.2350E-01  0.1025E-01  0.1050E-01  0.0000E+00  0.0000E+00
  0.1875E-01  0.1775E-01  0.1125E-01  0.1325E-01  0.0000E+00  0.0000E+00
  0.8500E-02  0.9750E-02  0.6750E-02  0.9750E-02  0.0000E+00  0.0000E+00
  0.7250E-02  0.9000E-02  0.7250E-02  0.8750E-02  0.2500E-03  0.2500E-03
 Events:
          41          45          25          27           0           0
          32          36          26          17           0           0
         157         136         105         101           0           0
         142         133         121         131           0           1
          29          31          21          20           0           0
          28          24          20          26           1           0
         151         132         113         117           0           0
         118         157         102         118           2           0
          80          78          32          31           1           0
          72          98          28          45           0           0
          31          40          41          32           0           0
          42          35          28          31           0           0
          78          94          41          42           0           0
          75          71          45          53           0           0
          34          39          27          39           0           0
          29          36          29          35           1           1
 Accuracy:    0.270   0.100   0.102   7.055
 Found          289  events.
 Wrote           14  events.
 Actual xsec    1.6235497305384524E-015
 Correct abs xsec    1.6235497305384524E-015
 Event xsec    1.6235497305384516E-015
 Events wgts > 1:            0
 % Cross section > 1:    0.0000000000000000        0.0000000000000000     
 Iteration  4   Mean: 0.2015E-14 Abs mean: 0.2015E-14   Fluctuation:  0.246E-15   0.125E-11    70.7%
  4    0.2015E-14 0.2015E-14 +- 0.2463E-15     10.93
 Relative summed weights:
  0.2389E-01  0.6926E-02  0.2351E-02  0.8008E-02  0.0000E+00  0.2980E-06
  0.9538E-01  0.4021E-02  0.3297E-02  0.2635E-02  0.0000E+00  0.0000E+00
  0.1122E-01  0.1644E-01  0.3245E-02  0.4801E-01  0.1429E-07  0.1304E-03
  0.8164E-02  0.2299E-01  0.1005E-01  0.7246E-02  0.0000E+00  0.9661E-08
  0.5698E-02  0.1803E-01  0.1899E-01  0.1527E-02  0.0000E+00  0.0000E+00
  0.1401E-01  0.1298E-01  0.3299E-02  0.6567E-02  0.0000E+00  0.0000E+00
  0.1568E-01  0.1967E-01  0.2938E-01  0.8450E-02  0.5054E-07  0.0000E+00
  0.8441E-02  0.1408E-01  0.4579E-01  0.2211E-01  0.0000E+00  0.4612E-07
  0.1330E-01  0.2572E-01  0.1637E-01  0.7049E-02  0.1043E-05  0.0000E+00
  0.4504E-01  0.4388E-01  0.3034E-01  0.4644E-02  0.0000E+00  0.3232E-07
  0.2367E-01  0.8217E-02  0.6192E-02  0.9418E-02  0.0000E+00  0.0000E+00
  0.7498E-02  0.7825E-02  0.1225E-01  0.4884E-02  0.2460E-06  0.2307E-06
  0.1741E-01  0.9531E-02  0.4304E-02  0.1043E-01  0.0000E+00  0.0000E+00
  0.1023E-01  0.3164E-01  0.1172E-01  0.6377E-02  0.0000E+00  0.0000E+00
  0.9254E-02  0.1321E-01  0.5712E-01  0.1454E-02  0.0000E+00  0.0000E+00
  0.1137E-01  0.1175E-01  0.3147E-02  0.5997E-02  0.6167E-04  0.0000E+00
 Relative number of events:
  0.9125E-02  0.8375E-02  0.5000E-02  0.6500E-02  0.0000E+00  0.1250E-03
  0.8750E-02  0.8250E-02  0.6750E-02  0.4625E-02  0.0000E+00  0.0000E+00
  0.3562E-01  0.3862E-01  0.2525E-01  0.2550E-01  0.1250E-03  0.5000E-03
  0.3675E-01  0.3400E-01  0.2975E-01  0.2975E-01  0.0000E+00  0.1250E-03
  0.6875E-02  0.9125E-02  0.4875E-02  0.4500E-02  0.0000E+00  0.0000E+00
  0.8625E-02  0.8500E-02  0.3625E-02  0.4500E-02  0.0000E+00  0.0000E+00
  0.3712E-01  0.3575E-01  0.3012E-01  0.3250E-01  0.2500E-03  0.0000E+00
  0.3600E-01  0.3112E-01  0.2650E-01  0.2725E-01  0.0000E+00  0.1250E-03
  0.1925E-01  0.2013E-01  0.9125E-02  0.8500E-02  0.1250E-03  0.0000E+00
  0.2150E-01  0.1725E-01  0.9625E-02  0.8125E-02  0.0000E+00  0.1250E-03
  0.8875E-02  0.9000E-02  0.8375E-02  0.8125E-02  0.0000E+00  0.0000E+00
  0.1038E-01  0.1050E-01  0.1038E-01  0.8750E-02  0.2500E-03  0.1250E-03
  0.2000E-01  0.2300E-01  0.9125E-02  0.6750E-02  0.0000E+00  0.0000E+00
  0.2175E-01  0.1887E-01  0.9625E-02  0.8500E-02  0.0000E+00  0.0000E+00
  0.9000E-02  0.1063E-01  0.1000E-01  0.5875E-02  0.0000E+00  0.0000E+00
  0.9125E-02  0.1038E-01  0.7750E-02  0.1000E-01  0.2500E-03  0.0000E+00
 Events:
          73          67          40          52           0           1
          70          66          54          37           0           0
         285         309         202         204           1           4
         294         272         238         238           0           1
          55          73          39          36           0           0
          69          68          29          36           0           0
         297         286         241         260           2           0
         288         249         212         218           0           1
         154         161          73          68           1           0
         172         138          77          65           0           1
          71          72          67          65           0           0
          83          84          83          70           2           1
         160         184          73          54           0           0
         174         151          77          68           0           0
          72          85          80          47           0           0
          73          83          62          80           2           0
 Accuracy:    0.167   0.100   0.078   4.530
 Found          424  events.
 Wrote           11  events.
 Actual xsec    1.8652118612149553E-015
 Correct abs xsec    1.8652118612149553E-015
 Event xsec    1.8652118612149557E-015
 Events wgts > 1:            1
 % Cross section > 1:    9.8840289648773676E-024   5.2991454592397565E-007
 Iteration  5   Mean: 0.2692E-14 Abs mean: 0.2692E-14   Fluctuation:  0.268E-15   0.255E-11    74.7%
  5    0.2692E-14 0.2692E-14 +- 0.2678E-15     12.58
 Relative summed weights:
  0.1980E-01  0.6122E-02  0.3497E-01  0.3967E-02  0.0000E+00  0.0000E+00
  0.8433E-02  0.1944E-01  0.6759E-02  0.3741E-02  0.0000E+00  0.0000E+00
  0.1549E-01  0.1022E-01  0.1165E-01  0.1284E-01  0.1296E-05  0.0000E+00
  0.1768E-01  0.1119E-01  0.1609E-01  0.6857E-02  0.2128E-04  0.0000E+00
  0.2202E-01  0.1537E-01  0.6046E-02  0.2878E-01  0.0000E+00  0.5539E-05
  0.6949E-02  0.8991E-02  0.1852E-01  0.5552E-02  0.0000E+00  0.0000E+00
  0.1770E-01  0.1175E-01  0.4138E-02  0.9484E-02  0.2375E-03  0.2106E-05
  0.1839E-01  0.4029E-01  0.1304E-01  0.8936E-02  0.1873E-04  0.0000E+00
  0.1778E-01  0.1332E-01  0.8950E-02  0.1145E-01  0.7852E-05  0.0000E+00
  0.2118E-01  0.2068E-01  0.6068E-02  0.7493E-02  0.0000E+00  0.9515E-05
  0.8307E-01  0.1116E-01  0.7153E-02  0.7546E-02  0.0000E+00  0.0000E+00
  0.1485E-01  0.1579E-01  0.8145E-02  0.1380E-01  0.0000E+00  0.0000E+00
  0.2738E-01  0.8868E-02  0.1724E-01  0.2053E-01  0.2645E-04  0.4025E-04
  0.1416E-01  0.9998E-02  0.9165E-02  0.1538E-01  0.0000E+00  0.8144E-06
  0.1942E-01  0.2126E-01  0.1650E-01  0.9573E-02  0.1166E-06  0.0000E+00
  0.1304E-01  0.7469E-01  0.6451E-02  0.6286E-02  0.0000E+00  0.3270E-04
 Relative number of events:
  0.7625E-02  0.7875E-02  0.4812E-02  0.5750E-02  0.0000E+00  0.0000E+00
  0.8625E-02  0.9312E-02  0.4938E-02  0.5750E-02  0.0000E+00  0.0000E+00
  0.3625E-01  0.3744E-01  0.2662E-01  0.2619E-01  0.6250E-04  0.0000E+00
  0.3213E-01  0.3469E-01  0.2838E-01  0.2650E-01  0.1250E-03  0.0000E+00
  0.9625E-02  0.9000E-02  0.4938E-02  0.5375E-02  0.0000E+00  0.6250E-04
  0.9062E-02  0.9813E-02  0.5250E-02  0.4562E-02  0.0000E+00  0.0000E+00
  0.3687E-01  0.3725E-01  0.2619E-01  0.2738E-01  0.1875E-03  0.1250E-03
  0.3513E-01  0.3762E-01  0.2906E-01  0.2731E-01  0.6250E-04  0.0000E+00
  0.2175E-01  0.1944E-01  0.9625E-02  0.1000E-01  0.6250E-04  0.0000E+00
  0.2063E-01  0.2113E-01  0.7562E-02  0.9187E-02  0.0000E+00  0.6250E-04
  0.1006E-01  0.1087E-01  0.7437E-02  0.8438E-02  0.0000E+00  0.0000E+00
  0.1006E-01  0.8375E-02  0.6875E-02  0.7625E-02  0.0000E+00  0.0000E+00
  0.2113E-01  0.2119E-01  0.8500E-02  0.9062E-02  0.6250E-04  0.6250E-04
  0.2150E-01  0.2181E-01  0.9437E-02  0.8000E-02  0.0000E+00  0.6250E-04
  0.1044E-01  0.1094E-01  0.8438E-02  0.7750E-02  0.6250E-04  0.0000E+00
  0.9562E-02  0.9062E-02  0.8563E-02  0.7188E-02  0.0000E+00  0.6250E-04
 Events:
         122         126          77          92           0           0
         138         149          79          92           0           0
         580         599         426         419           1           0
         514         555         454         424           2           0
         154         144          79          86           0           1
         145         157          84          73           0           0
         590         596         419         438           3           2
         562         602         465         437           1           0
         348         311         154         160           1           0
         330         338         121         147           0           1
         161         174         119         135           0           0
         161         134         110         122           0           0
         338         339         136         145           1           1
         344         349         151         128           0           1
         167         175         135         124           1           0
         153         145         137         115           0           1
 Accuracy:    0.140   0.100   0.061   5.218
 Found         1125  events.
 Wrote           22  events.
 Actual xsec    2.3719430127905847E-015
 Correct abs xsec    2.3719430127905847E-015
 Event xsec    2.3719430127905851E-015
 Events wgts > 1:            1
 % Cross section > 1:    5.0425560753211984E-018  0.21259178859396982     

 -------------------------------------------------------------------------------
 Accumulated results:   Integral =  0.2131E-14
                        Std dev  =  0.1310E-15
                       Cross sec =  0.2131E-14
             Chi**2 per DoF.     =      5.2179
 -------------------------------------------------------------------------------
-------------------------------------------------
---------------------------
 Results Last   3 iters: Integral =   0.2372E-14
                     Abs integral =   0.2372E-14
                          Std dev =   0.1605E-15
                  Chi**2 per DoF. =      1.9132
-------------------------------------------------
---------------------------
 Status  0.10000000000000001                6           5

ls status:
events.lhe
ftn26
input_app.txt
results.dat
run1_app.log
