 Process in group number            1
 A PDF is used, so alpha_s(MZ) is going to be modified
 Old value of alpha_s from param_card:   0.11839999999999999     
  ****************************************
 
       NNPDFDriver version 1.0.3
   Grid: NNPDF23_lo_as_0130_qed_mem0.grid
  ****************************************
 New value of alpha_s from PDF nn23lo1:  0.13000000000000000     
 Define smin to   1600.0000000000000     
 Define smin to   1600.0000000000000     
 Define smin to   1600.0000000000000     
 *****************************************************
 *               MadGraph/MadEvent                   *
 *        --------------------------------           *
 *          http://madgraph.hep.uiuc.edu             *
 *          http://madgraph.phys.ucl.ac.be           *
 *          http://madgraph.roma2.infn.it            *
 *        --------------------------------           *
 *                                                   *
 *          PARAMETER AND COUPLING VALUES            *
 *                                                   *
 *****************************************************

  External Params
  ---------------------------------
  
 mdl_VeN1 =    1.0000000000000000     
 mdl_VeN2 =    0.0000000000000000     
 mdl_VeN3 =    0.0000000000000000     
 mdl_VmuN1 =    0.0000000000000000     
 mdl_VmuN2 =    1.0000000000000000     
 mdl_VmuN3 =    0.0000000000000000     
 mdl_VtaN1 =    0.0000000000000000     
 mdl_VtaN2 =    0.0000000000000000     
 mdl_VtaN3 =    1.0000000000000000     
 mdl_VN1N1 =    1.0000000000000000     
 mdl_VN1N2 =    1.0000000000000000     
 mdl_VN1N3 =    1.0000000000000000     
 mdl_VN2N2 =    1.0000000000000000     
 mdl_VN2N3 =    1.0000000000000000     
 mdl_VN3N3 =    1.0000000000000000     
 aEWM1 =    127.90000000000001     
 mdl_Gf =    1.1663700000000000E-005
 aS =   0.11839999999999999     
 mdl_ymt =    172.00000000000000     
 mdl_vevf =    50.000000000000000     
 mdl_MZ =    91.187600000000003     
 mdl_MT =    172.00000000000000     
 mdl_MH =    125.00000000000000     
 mdl_mN1 =    2000.0000000000000     
 mdl_mN2 =    2100.0000000000000     
 mdl_mN3 =    2200.0000000000000     
 mdl_MJ =    91.187600000000003     
 mdl_MAx =    173.04800000000000     
 mdl_WZ =    2.4952000000000001     
 mdl_WW =    2.0850000000000000     
 mdl_WT =    1.5083359999999999     
 mdl_WH =    4.0699999999999998E-003
 mdl_WN1 =   0.30299999999999999     
 mdl_WN2 =    1.5000000000000000     
 mdl_WN3 =    12.300000000000001     
 mdl_WJ =    2.4952000000000001     
 mdl_WAx =    4.1700000000000001E-003
  Internal Params
  ---------------------------------
  
 mdl_vevf__exp__2 =    2500.0000000000000     
 mdl_sqrt__vevf__exp__2 =    50.000000000000000     
 mdl_muJ =    50.000000000000000     
 mdl_MZ__exp__2 =    8315.1783937600012     
 mdl_MZ__exp__4 =    69142191.720053151     
 mdl_sqrt__2 =    1.4142135623730951     
 mdl_MJ__exp__2 =    8315.1783937600012     
 mdl_muJ__exp__2 =    2500.0000000000000     
 mdl_lamJ =    4.3260713575040004     
 mdl_MH__exp__2 =    15625.000000000000     
 mdl_complexi =  (  0.0000000000000000     ,  1.0000000000000000     )
 mdl_aEW =    7.8186082877247844E-003
 mdl_MW =    79.824359746197842     
 mdl_sqrt__aEW =    8.8422894590285753E-002
 mdl_ee =   0.31345100004952897     
 mdl_MW__exp__2 =    6371.9284088904105     
 mdl_sw2 =   0.23369913342182447     
 mdl_cw =   0.87538612427783857     
 mdl_sqrt__sw2 =   0.48342438232036300     
 mdl_sw =   0.48342438232036300     
 mdl_g1 =   0.35807170271074895     
 mdl_gN =   0.64839716719502682     
 mdl_gw =   0.64839716719502682     
 mdl_vev =    246.22056907348590     
 mdl_vev__exp__2 =    60624.568634871241     
 mdl_lam =   0.12886689630821144     
 mdl_yt =   0.98791394091683138     
 mdl_muH =    88.388347648318444     
 mdl_I2a33 =  ( 0.98791394091683138     ,  0.0000000000000000     )
 mdl_I3a33 =  ( 0.98791394091683138     ,  0.0000000000000000     )
 mdl_ee__exp__2 =    9.8251529432049817E-002
 mdl_sw__exp__2 =   0.23369913342182450     
 mdl_cw__exp__2 =   0.76630086657817542     
  Internal Params evaluated point by point
  ----------------------------------------
  
 mdl_sqrt__aS =   0.34409301068170506     
 mdl_G__exp__2 =    1.4878582807401259     
  Couplings of SM_HeavyN_UFO
  ---------------------------------
  
         GC_1 =  -0.00000E+00  -0.10448E+00
         GC_2 =   0.00000E+00   0.20897E+00
         GC_3 =  -0.00000E+00  -0.31345E+00
         GC_4 =   0.00000E+00   0.31345E+00
        GC_26 =   0.00000E+00   0.45849E+00
        GC_27 =  -0.00000E+00  -0.28380E+00
        GC_28 =   0.00000E+00   0.28380E+00
        GC_30 =   0.00000E+00   0.56760E+00
        GC_35 =  -0.00000E+00  -0.28850E-01
        GC_37 =   0.00000E+00   0.17310E+00
        GC_39 =   0.00000E+00  -0.19725E+00
        GC_40 =   0.00000E+00   0.37035E+00
        GC_80 =   0.00000E+00   0.67543E+02
       GC_107 =  -0.00000E+00  -0.74070E+00
       GC_109 =  -0.00000E+00  -0.74070E+00
       GC_111 =  -0.00000E+00  -0.74070E+00
       GC_113 =  -0.00000E+00  -0.74070E+00
       GC_115 =  -0.00000E+00  -0.74070E+00
       GC_117 =  -0.00000E+00  -0.74070E+00
       GC_119 =   0.00000E+00   0.00000E+00
       GC_120 =   0.00000E+00   0.00000E+00
       GC_122 =  -0.00000E+00  -0.00000E+00
       GC_126 =   0.00000E+00   0.00000E+00
       GC_127 =   0.00000E+00   0.00000E+00
       GC_129 =  -0.00000E+00  -0.00000E+00
       GC_133 =   0.00000E+00   0.45849E+00
       GC_134 =   0.00000E+00   0.37035E+00
       GC_136 =  -0.00000E+00  -0.89351E+01
        GC_81 =   0.40000E+02   0.00000E+00
        GC_82 =   0.42000E+02   0.00000E+00
        GC_83 =   0.44000E+02   0.00000E+00

 Collider parameters:
 --------------------

 Running at P P   machine @    13000.000000000000       GeV
 PDF set = nn23lo1
 alpha_s(Mz)= 0.1300 running at 2 loops.
 alpha_s(Mz)= 0.1300 running at 2 loops.
 Renormalization scale set on event-by-event basis
 Factorization   scale set on event-by-event basis


 getting user params
Enter number of events and max and min iterations: 
 Number of events and iterations         1000           5           3
Enter desired fractional accuracy: 
 Desired fractional accuracy:   0.10000000000000001     
Enter 0 for fixed, 2 for adjustable grid: 
Suppress amplitude (0 no, 1 yes)? 
 Using suppressed amplitude.
Exact helicity sum (0 yes, n = number/event)? 
 Explicitly summing over helicities
Enter Configuration Number: 
Running Configuration Number:  293
 Using dconfig=         698
 BW Setting            2           1           2           1           2           2           0
 Attempting mappinvarients           1           9
 Completed mapping           9
 about to integrate           19        1000           5           3          19           1
 Using non-zero grid deformation.
 19 dimensions   1000 events 19 invarients  5 iterations  1 config(s),  (0.99)
 Using h-tuple random number sequence.
 Error opening grid
 Using Uniform Grid!          36
 Using uniform alpha   1.0000000000000000     
 Grid defined OK
 Set CM energy to      13000.00
 Mapping Graph         293  to config         293
Setting grid   1    0.75740E-07   1
 Setting BW          -2           2   2200.0000000000000     
Setting grid   3    0.29417E-01   1
 Setting BW          -4           4   91.187600000000003     
Setting grid   5    0.36660E-04   1
Setting grid   6    0.31531E-01   1
 Transforming s_hat 1/s           18   3.1530809861305575E-002   1600.0000000000000        168999999.99999997     
 293   1   2   3   4   5   6   7   8   9  10  11  12  13  14
  15  16  17  18  19
 Masses: 0.000E+00 0.000E+00 0.000E+00 0.000E+00 0.000E+00 0.000E+00 0.000E+00 0.000E+00 0.912E+02
Using random seed offsets   293 :      1
  with seed                   24
 Ranmar initialization seeds          23        9398
 
 ********************************************
 * You are using the DiscreteSampler module *
 *      part of the MG5_aMC framework       *
 *         Author: Valentin Hirschi         *
 ********************************************
 
  Particle       3       4       5       6       7       8       9
      Et >    10.0    10.0    10.0    10.0     0.0     0.0     0.0
       E >     0.0     0.0     0.0     0.0     0.0     0.0     0.0
     Eta <     2.5     2.5     2.5     2.5    -1.0    -1.0    -1.0
   xqcut:      0.0     0.0     0.0     0.0     0.0     0.0     0.0
d R # 3  >    -0.0     0.4     0.4     0.4     0.0     0.0     0.0
d R # 4  >    -0.0    -0.0     0.4     0.4     0.0     0.0     0.0
d R # 5  >    -0.0    -0.0    -0.0     0.4     0.0     0.0     0.0
d R # 6  >    -0.0    -0.0    -0.0    -0.0     0.0     0.0     0.0
d R # 7  >    -0.0    -0.0    -0.0    -0.0    -0.0     0.0     0.0
d R # 8  >    -0.0    -0.0    -0.0    -0.0    -0.0    -0.0     0.0
s min # 3>     0.0     0.0     0.0     0.0     0.0     0.0     0.0
s min # 4>     0.0     0.0     0.0     0.0     0.0     0.0     0.0
s min # 5>     0.0     0.0     0.0     0.0     0.0     0.0     0.0
s min # 6>     0.0     0.0     0.0     0.0     0.0     0.0     0.0
s min # 7>     0.0     0.0     0.0     0.0     0.0     0.0     0.0
s min # 8>     0.0     0.0     0.0     0.0     0.0     0.0     0.0
xqcutij # 3>     0.0     0.0     0.0     0.0     0.0     0.0     0.0
xqcutij # 4>     0.0     0.0     0.0     0.0     0.0     0.0     0.0
xqcutij # 5>     0.0     0.0     0.0     0.0     0.0     0.0     0.0
xqcutij # 6>     0.0     0.0     0.0     0.0     0.0     0.0     0.0
xqcutij # 7>     0.0     0.0     0.0     0.0     0.0     0.0     0.0
xqcutij # 8>     0.0     0.0     0.0     0.0     0.0     0.0     0.0
 Excluding BW           -1           1
 Requiring BW           -2           2
 Excluding BW           -3           3
 Requiring BW           -4           4
 Excluding BW           -5           5
 Excluding BW           -6           6
 alpha_s for scale    2737.6668656681873       is    8.3228857188935787E-002
 Added good helicity            1   12.124782516436269       in event            1 local:           1
 Added good helicity           21   31.876931160993479       in event            1 local:           1
 Added good helicity           25   1.4218402942378020E-004  in event            1 local:           1
 Added good helicity           37   2.8964809524881744E-008  in event            1 local:           1
 Added good helicity           41   1.9339097455574785       in event            1 local:           1
 Added good helicity           61   15.387398607627189       in event            1 local:           1
 Added good helicity          193   49.255404000641931       in event            1 local:           1
 Added good helicity          213   132.60070174387479       in event            1 local:           1
 Added good helicity          217   5.2869204877009660E-006  in event            1 local:           1
 Added good helicity          229   1.5600684810289520E-006  in event            1 local:           1
 Added good helicity          233   7.8719578945634447       in event            1 local:           1
 Added good helicity          253   4.9487652703222347       in event            1 local:           1
 Added good helicity            1   12.124782516435063       in event            1 local:           1
 Added good helicity           21   31.876931160987596       in event            1 local:           1
 Added good helicity           25   1.4218402942377923E-004  in event            1 local:           1
 Added good helicity           37   2.8964809524867682E-008  in event            1 local:           1
 Added good helicity           41   1.9339097455576710       in event            1 local:           1
 Added good helicity           61   15.387398607625819       in event            1 local:           1
 Added good helicity          193   49.255404000646763       in event            1 local:           1
 Added good helicity          213   132.60070174388122       in event            1 local:           1
 Added good helicity          217   5.2869204877009626E-006  in event            1 local:           1
 Added good helicity          229   1.5600684810294467E-006  in event            1 local:           1
 Added good helicity          233   7.8719578945614765       in event            1 local:           1
 Added good helicity          253   4.9487652703211413       in event            1 local:           1
 RESET CUMULATIVE VARIABLE
 RESET CUMULATIVE VARIABLE
 RESET CUMULATIVE VARIABLE
 Iteration  1   Mean: 0.1166E-12 Abs mean: 0.1166E-12   Fluctuation:  0.552E-13   0.438E-10    15.1%
  1    0.1166E-12 0.1166E-12 +- 0.5524E-13     14.99
 Writing out events   1.5436186250322821E-016   14.987127894105612     
 Relative summed weights:
  0.3765E+00  0.1040E-01  0.1152E-01  0.3552E-04  0.0000E+00  0.0000E+00
  0.5819E-03  0.3820E-03  0.3385E-02  0.3810E-04  0.0000E+00  0.0000E+00
  0.9380E-04  0.5300E-03  0.1467E-01  0.7747E-04  0.0000E+00  0.0000E+00
  0.3511E-02  0.5590E-03  0.8228E-01  0.1365E-04  0.0000E+00  0.0000E+00
  0.3410E-03  0.9980E-02  0.8747E-04  0.1218E-01  0.0000E+00  0.0000E+00
  0.5911E-04  0.5999E-04  0.5149E-06  0.5307E-05  0.0000E+00  0.0000E+00
  0.5200E-01  0.2664E+00  0.4256E-03  0.3140E-01  0.0000E+00  0.0000E+00
  0.6287E-02  0.1143E+00  0.1811E-02  0.1085E-03  0.0000E+00  0.1123E-07
 Relative number of events:
  0.7929E-01  0.6442E-01  0.2676E-01  0.2973E-01  0.0000E+00  0.0000E+00
  0.1784E-01  0.9911E-02  0.6938E-02  0.5946E-02  0.0000E+00  0.0000E+00
  0.1784E-01  0.2081E-01  0.8920E-02  0.4955E-02  0.0000E+00  0.0000E+00
  0.7433E-01  0.7830E-01  0.2577E-01  0.2279E-01  0.0000E+00  0.0000E+00
  0.6046E-01  0.8523E-01  0.2874E-01  0.2973E-01  0.0000E+00  0.0000E+00
  0.1288E-01  0.1982E-01  0.9911E-02  0.7929E-02  0.0000E+00  0.0000E+00
  0.1388E-01  0.2081E-01  0.8920E-02  0.3964E-02  0.0000E+00  0.0000E+00
  0.8325E-01  0.5253E-01  0.3171E-01  0.3370E-01  0.0000E+00  0.1982E-02
 Events:
          80          65          27          30           0           0
          18          10           7           6           0           0
          18          21           9           5           0           0
          75          79          26          23           0           0
          61          86          29          30           0           0
          13          20          10           8           0           0
          14          21           9           4           0           0
          84          53          32          34           0           2
 Iteration  2   Mean: 0.1468E-10 Abs mean: 0.1468E-10   Fluctuation:  0.115E-10   0.223E-07    23.6%
  2    0.1468E-10 0.1468E-10 +- 0.1151E-10     35.07
 Relative summed weights:
  0.2761E-03  0.2502E-03  0.2659E-04  0.3141E-04  0.1967E-10  0.2469E-16
  0.2365E-05  0.2947E-03  0.6270E-07  0.8728E-06  0.0000E+00  0.0000E+00
  0.6611E-03  0.2858E-03  0.5019E-03  0.4086E-05  0.0000E+00  0.0000E+00
  0.9279E-03  0.2301E-03  0.1131E-04  0.2675E-04  0.8103E-09  0.0000E+00
  0.4329E-03  0.1810E-02  0.5054E-04  0.7581E+00  0.0000E+00  0.1643E-05
  0.1390E-03  0.4766E-03  0.3197E-04  0.1449E-05  0.0000E+00  0.0000E+00
  0.2039E-02  0.1563E-03  0.7071E-07  0.6058E-05  0.0000E+00  0.0000E+00
  0.1987E+00  0.3397E-01  0.5668E-03  0.4839E-05  0.0000E+00  0.0000E+00
 Relative number of events:
  0.6450E-01  0.7550E-01  0.2700E-01  0.2750E-01  0.5000E-03  0.5000E-03
  0.1350E-01  0.1050E-01  0.9000E-02  0.5000E-02  0.0000E+00  0.0000E+00
  0.1250E-01  0.1400E-01  0.5000E-02  0.7500E-02  0.0000E+00  0.0000E+00
  0.6800E-01  0.9600E-01  0.2500E-01  0.2550E-01  0.5000E-03  0.0000E+00
  0.7700E-01  0.7950E-01  0.2400E-01  0.2500E-01  0.0000E+00  0.5000E-03
  0.1500E-01  0.1450E-01  0.6500E-02  0.5000E-02  0.0000E+00  0.0000E+00
  0.1450E-01  0.1450E-01  0.3000E-02  0.1050E-01  0.0000E+00  0.0000E+00
  0.8400E-01  0.8300E-01  0.2850E-01  0.2750E-01  0.0000E+00  0.0000E+00
 Events:
         129         151          54          55           1           1
          27          21          18          10           0           0
          25          28          10          15           0           0
         136         192          50          51           1           0
         154         159          48          50           0           1
          30          29          13          10           0           0
          29          29           6          21           0           0
         168         166          57          55           0           0
 Iteration  3   Mean: 0.1129E-12 Abs mean: 0.1129E-12   Fluctuation:  0.338E-13   0.752E-10    25.8%
  3    0.1129E-12 0.1129E-12 +- 0.3378E-13     18.92
 Relative summed weights:
  0.1511E+00  0.2990E-01  0.1097E-01  0.5856E-02  0.0000E+00  0.0000E+00
  0.2887E-01  0.2302E-01  0.6651E-06  0.2472E-03  0.0000E+00  0.0000E+00
  0.3471E-04  0.2032E-01  0.5447E-03  0.4615E-01  0.0000E+00  0.0000E+00
  0.9643E-02  0.7207E-01  0.3175E-03  0.3057E-03  0.2872E-11  0.1061E-09
  0.1861E-01  0.1701E+00  0.4352E-02  0.3211E-02  0.4474E-09  0.0000E+00
  0.4149E-03  0.9525E-02  0.7542E-04  0.3049E-04  0.0000E+00  0.0000E+00
  0.1402E+00  0.8578E-02  0.1701E-03  0.1419E-04  0.0000E+00  0.0000E+00
  0.2081E+00  0.1807E-01  0.1919E-01  0.5370E-04  0.3593E-04  0.1289E-11
 Relative number of events:
  0.8350E-01  0.8650E-01  0.2350E-01  0.2500E-01  0.0000E+00  0.0000E+00
  0.1500E-01  0.1150E-01  0.7000E-02  0.5250E-02  0.0000E+00  0.0000E+00
  0.1425E-01  0.1550E-01  0.7500E-02  0.8250E-02  0.0000E+00  0.0000E+00
  0.7375E-01  0.8125E-01  0.2300E-01  0.2025E-01  0.5000E-03  0.2500E-03
  0.7825E-01  0.8325E-01  0.2425E-01  0.2900E-01  0.2500E-03  0.0000E+00
  0.1325E-01  0.1725E-01  0.5250E-02  0.4500E-02  0.0000E+00  0.0000E+00
  0.1450E-01  0.1425E-01  0.5500E-02  0.5500E-02  0.0000E+00  0.0000E+00
  0.7525E-01  0.7775E-01  0.2500E-01  0.2475E-01  0.2500E-03  0.2500E-03
 Events:
         334         346          94         100           0           0
          60          46          28          21           0           0
          57          62          30          33           0           0
         295         325          92          81           2           1
         313         333          97         116           1           0
          53          69          21          18           0           0
          58          57          22          22           0           0
         301         311         100          99           1           1
 Accuracy:    2.024   0.100   0.241  70.651
 Found           14  events.
 Wrote            6  events.
 Actual xsec    1.4871371518866885E-012
 Correct abs xsec    1.4871371518866885E-012
 Event xsec    1.4871371518866887E-012
 Events wgts > 1:            1
 % Cross section > 1:    2.7595570446384737E-020   1.8556170432145428E-006
 Iteration  4   Mean: 0.4671E-12 Abs mean: 0.4671E-12   Fluctuation:  0.149E-12   0.100E-08    23.5%
  4    0.4671E-12 0.4671E-12 +- 0.1487E-12     28.48
 Relative summed weights:
  0.7268E-02  0.3015E+00  0.1990E-02  0.1131E-01  0.4389E-13  0.5167E-06
  0.7503E-01  0.7701E-03  0.1974E-02  0.7241E-04  0.0000E+00  0.0000E+00
  0.8501E-02  0.1902E-02  0.1393E-04  0.8771E-03  0.0000E+00  0.0000E+00
  0.1429E+00  0.7893E-01  0.6347E-02  0.5642E-01  0.0000E+00  0.7330E-08
  0.6016E-01  0.8104E-01  0.2599E-01  0.1266E-01  0.1918E-03  0.9281E-08
  0.1336E-01  0.8305E-03  0.2268E-04  0.7419E-04  0.0000E+00  0.0000E+00
  0.1136E-02  0.8764E-03  0.2909E-03  0.4321E-03  0.0000E+00  0.0000E+00
  0.4127E-02  0.8046E-01  0.8933E-02  0.1355E-01  0.0000E+00  0.1723E-06
 Relative number of events:
  0.8525E-01  0.8075E-01  0.2438E-01  0.2450E-01  0.1250E-03  0.2500E-03
  0.1562E-01  0.1400E-01  0.4250E-02  0.5500E-02  0.0000E+00  0.0000E+00
  0.1413E-01  0.1638E-01  0.3625E-02  0.4750E-02  0.0000E+00  0.0000E+00
  0.8188E-01  0.8225E-01  0.2363E-01  0.2212E-01  0.0000E+00  0.2500E-03
  0.7750E-01  0.8238E-01  0.2400E-01  0.2200E-01  0.3750E-03  0.2500E-03
  0.1600E-01  0.1537E-01  0.5500E-02  0.6750E-02  0.0000E+00  0.0000E+00
  0.1525E-01  0.1700E-01  0.5500E-02  0.7625E-02  0.0000E+00  0.0000E+00
  0.7812E-01  0.7387E-01  0.2675E-01  0.2200E-01  0.0000E+00  0.1250E-03
 Events:
         682         646         195         196           1           2
         125         112          34          44           0           0
         113         131          29          38           0           0
         655         658         189         177           0           2
         620         659         192         176           3           2
         128         123          44          54           0           0
         122         136          44          61           0           0
         625         591         214         176           0           1
 Accuracy:    1.774   0.100   0.192  85.369
 Found          346  events.
 Wrote            2  events.
 Actual xsec    1.3124842879687187E-012
 Correct abs xsec    1.3124842879687187E-012
 Event xsec    1.3124842879687187E-012
 Events wgts > 1:            1
 % Cross section > 1:    4.9560613642819883E-020   3.7760919576052932E-006
 Iteration  5   Mean: 0.3520E-11 Abs mean: 0.3520E-11   Fluctuation:  0.112E-11   0.125E-07    18.2%
  5    0.3520E-11 0.3520E-11 +- 0.1121E-11     40.29
 Relative summed weights:
  0.1612E+00  0.8593E-01  0.2958E-02  0.4035E-02  0.8589E-06  0.4454E-08
  0.7452E-02  0.4180E-02  0.1189E-02  0.4380E-03  0.0000E+00  0.0000E+00
  0.4181E-01  0.7123E-02  0.9600E-03  0.9506E-02  0.0000E+00  0.0000E+00
  0.5056E-02  0.5427E-01  0.8253E-03  0.1633E-02  0.2470E-07  0.0000E+00
  0.5464E-01  0.3339E-01  0.2127E-01  0.1519E+00  0.7180E-06  0.1044E-08
  0.1122E-01  0.8220E-02  0.1961E-03  0.4605E-03  0.0000E+00  0.0000E+00
  0.2074E-01  0.3124E-02  0.5833E-03  0.1256E-02  0.0000E+00  0.0000E+00
  0.2765E+00  0.1946E-01  0.5169E-02  0.3206E-02  0.8622E-08  0.5262E-06
 Relative number of events:
  0.8050E-01  0.7737E-01  0.2469E-01  0.2106E-01  0.1250E-03  0.6250E-04
  0.1544E-01  0.1544E-01  0.6063E-02  0.5562E-02  0.0000E+00  0.0000E+00
  0.1750E-01  0.1456E-01  0.6938E-02  0.6687E-02  0.0000E+00  0.0000E+00
  0.8194E-01  0.7787E-01  0.2250E-01  0.2181E-01  0.1250E-03  0.0000E+00
  0.8313E-01  0.8094E-01  0.2350E-01  0.2319E-01  0.1875E-03  0.6250E-04
  0.1525E-01  0.1556E-01  0.5188E-02  0.5562E-02  0.0000E+00  0.0000E+00
  0.1556E-01  0.1494E-01  0.6000E-02  0.6437E-02  0.0000E+00  0.0000E+00
  0.8088E-01  0.8150E-01  0.2319E-01  0.2231E-01  0.1875E-03  0.1875E-03
 Events:
        1288        1238         395         337           2           1
         247         247          97          89           0           0
         280         233         111         107           0           0
        1311        1246         360         349           2           0
        1330        1295         376         371           3           1
         244         249          83          89           0           0
         249         239          96         103           0           0
        1294        1304         371         357           3           3
 Accuracy:    0.889   0.100   0.164  29.222
 Found          956  events.
 Wrote            8  events.
 Actual xsec    1.3129311425475084E-012
 Correct abs xsec    1.3129311425475084E-012
 Event xsec    1.3129311425475084E-012
 Events wgts > 1:            0
 % Cross section > 1:    0.0000000000000000        0.0000000000000000     

 -------------------------------------------------------------------------------
 Accumulated results:   Integral =  0.1757E-11
                        Std dev  =  0.2890E-12
                       Cross sec =  0.1757E-11
             Chi**2 per DoF.     =     29.2216
 -------------------------------------------------------------------------------
-------------------------------------------------
---------------------------
 Results Last   3 iters: Integral =   0.1313E-11
                     Abs integral =   0.1313E-11
                          Std dev =   0.2362E-12
                  Chi**2 per DoF. =    648.9533
-------------------------------------------------
---------------------------
 Status  0.10000000000000001                6           5

ls status:
events.lhe
ftn26
input_app.txt
results.dat
run1_app.log
