 Process in group number            1
 A PDF is used, so alpha_s(MZ) is going to be modified
 Old value of alpha_s from param_card:   0.11839999999999999     
  ****************************************
 
       NNPDFDriver version 1.0.3
   Grid: NNPDF23_lo_as_0130_qed_mem0.grid
  ****************************************
 New value of alpha_s from PDF nn23lo1:  0.13000000000000000     
 Define smin to   1600.0000000000000     
 Define smin to   1600.0000000000000     
 Define smin to   1600.0000000000000     
 *****************************************************
 *               MadGraph/MadEvent                   *
 *        --------------------------------           *
 *          http://madgraph.hep.uiuc.edu             *
 *          http://madgraph.phys.ucl.ac.be           *
 *          http://madgraph.roma2.infn.it            *
 *        --------------------------------           *
 *                                                   *
 *          PARAMETER AND COUPLING VALUES            *
 *                                                   *
 *****************************************************

  External Params
  ---------------------------------
  
 mdl_VeN1 =    1.0000000000000000     
 mdl_VeN2 =    0.0000000000000000     
 mdl_VeN3 =    0.0000000000000000     
 mdl_VmuN1 =    0.0000000000000000     
 mdl_VmuN2 =    1.0000000000000000     
 mdl_VmuN3 =    0.0000000000000000     
 mdl_VtaN1 =    0.0000000000000000     
 mdl_VtaN2 =    0.0000000000000000     
 mdl_VtaN3 =    1.0000000000000000     
 mdl_VN1N1 =    1.0000000000000000     
 mdl_VN1N2 =    1.0000000000000000     
 mdl_VN1N3 =    1.0000000000000000     
 mdl_VN2N2 =    1.0000000000000000     
 mdl_VN2N3 =    1.0000000000000000     
 mdl_VN3N3 =    1.0000000000000000     
 aEWM1 =    127.90000000000001     
 mdl_Gf =    1.1663700000000000E-005
 aS =   0.11839999999999999     
 mdl_ymt =    172.00000000000000     
 mdl_vevf =    50.000000000000000     
 mdl_MZ =    91.187600000000003     
 mdl_MT =    172.00000000000000     
 mdl_MH =    125.00000000000000     
 mdl_mN1 =    2000.0000000000000     
 mdl_mN2 =    2100.0000000000000     
 mdl_mN3 =    2200.0000000000000     
 mdl_MJ =    91.187600000000003     
 mdl_MAx =    173.04800000000000     
 mdl_WZ =    2.4952000000000001     
 mdl_WW =    2.0850000000000000     
 mdl_WT =    1.5083359999999999     
 mdl_WH =    4.0699999999999998E-003
 mdl_WN1 =   0.30299999999999999     
 mdl_WN2 =    1.5000000000000000     
 mdl_WN3 =    12.300000000000001     
 mdl_WJ =    2.4952000000000001     
 mdl_WAx =    4.1700000000000001E-003
  Internal Params
  ---------------------------------
  
 mdl_vevf__exp__2 =    2500.0000000000000     
 mdl_sqrt__vevf__exp__2 =    50.000000000000000     
 mdl_muJ =    50.000000000000000     
 mdl_MZ__exp__2 =    8315.1783937600012     
 mdl_MZ__exp__4 =    69142191.720053151     
 mdl_sqrt__2 =    1.4142135623730951     
 mdl_MJ__exp__2 =    8315.1783937600012     
 mdl_muJ__exp__2 =    2500.0000000000000     
 mdl_lamJ =    4.3260713575040004     
 mdl_MH__exp__2 =    15625.000000000000     
 mdl_complexi =  (  0.0000000000000000     ,  1.0000000000000000     )
 mdl_aEW =    7.8186082877247844E-003
 mdl_MW =    79.824359746197842     
 mdl_sqrt__aEW =    8.8422894590285753E-002
 mdl_ee =   0.31345100004952897     
 mdl_MW__exp__2 =    6371.9284088904105     
 mdl_sw2 =   0.23369913342182447     
 mdl_cw =   0.87538612427783857     
 mdl_sqrt__sw2 =   0.48342438232036300     
 mdl_sw =   0.48342438232036300     
 mdl_g1 =   0.35807170271074895     
 mdl_gN =   0.64839716719502682     
 mdl_gw =   0.64839716719502682     
 mdl_vev =    246.22056907348590     
 mdl_vev__exp__2 =    60624.568634871241     
 mdl_lam =   0.12886689630821144     
 mdl_yt =   0.98791394091683138     
 mdl_muH =    88.388347648318444     
 mdl_I2a33 =  ( 0.98791394091683138     ,  0.0000000000000000     )
 mdl_I3a33 =  ( 0.98791394091683138     ,  0.0000000000000000     )
 mdl_ee__exp__2 =    9.8251529432049817E-002
 mdl_sw__exp__2 =   0.23369913342182450     
 mdl_cw__exp__2 =   0.76630086657817542     
  Internal Params evaluated point by point
  ----------------------------------------
  
 mdl_sqrt__aS =   0.34409301068170506     
 mdl_G__exp__2 =    1.4878582807401259     
  Couplings of SM_HeavyN_UFO
  ---------------------------------
  
         GC_1 =  -0.00000E+00  -0.10448E+00
         GC_2 =   0.00000E+00   0.20897E+00
         GC_3 =  -0.00000E+00  -0.31345E+00
         GC_4 =   0.00000E+00   0.31345E+00
        GC_26 =   0.00000E+00   0.45849E+00
        GC_27 =  -0.00000E+00  -0.28380E+00
        GC_28 =   0.00000E+00   0.28380E+00
        GC_30 =   0.00000E+00   0.56760E+00
        GC_35 =  -0.00000E+00  -0.28850E-01
        GC_37 =   0.00000E+00   0.17310E+00
        GC_39 =   0.00000E+00  -0.19725E+00
        GC_40 =   0.00000E+00   0.37035E+00
        GC_80 =   0.00000E+00   0.67543E+02
       GC_107 =  -0.00000E+00  -0.74070E+00
       GC_109 =  -0.00000E+00  -0.74070E+00
       GC_111 =  -0.00000E+00  -0.74070E+00
       GC_113 =  -0.00000E+00  -0.74070E+00
       GC_115 =  -0.00000E+00  -0.74070E+00
       GC_117 =  -0.00000E+00  -0.74070E+00
       GC_119 =   0.00000E+00   0.00000E+00
       GC_120 =   0.00000E+00   0.00000E+00
       GC_122 =  -0.00000E+00  -0.00000E+00
       GC_126 =   0.00000E+00   0.00000E+00
       GC_127 =   0.00000E+00   0.00000E+00
       GC_129 =  -0.00000E+00  -0.00000E+00
       GC_133 =   0.00000E+00   0.45849E+00
       GC_134 =   0.00000E+00   0.37035E+00
       GC_136 =  -0.00000E+00  -0.89351E+01
        GC_81 =   0.40000E+02   0.00000E+00
        GC_82 =   0.42000E+02   0.00000E+00
        GC_83 =   0.44000E+02   0.00000E+00

 Collider parameters:
 --------------------

 Running at P P   machine @    13000.000000000000       GeV
 PDF set = nn23lo1
 alpha_s(Mz)= 0.1300 running at 2 loops.
 alpha_s(Mz)= 0.1300 running at 2 loops.
 Renormalization scale set on event-by-event basis
 Factorization   scale set on event-by-event basis


 getting user params
Enter number of events and max and min iterations: 
 Number of events and iterations         1000           5           3
Enter desired fractional accuracy: 
 Desired fractional accuracy:   0.10000000000000001     
Enter 0 for fixed, 2 for adjustable grid: 
Suppress amplitude (0 no, 1 yes)? 
 Using suppressed amplitude.
Exact helicity sum (0 yes, n = number/event)? 
 Explicitly summing over helicities
Enter Configuration Number: 
Running Configuration Number:  363
 Using dconfig=         206
 BW Setting            2           2           1           1           2           0           0
 Attempting mappinvarients           1           9
 Completed mapping           9
 about to integrate           19        1000           5           3          19           1
 Using non-zero grid deformation.
 19 dimensions   1000 events 19 invarients  5 iterations  1 config(s),  (0.99)
 Using h-tuple random number sequence.
 Error opening grid
 Using Uniform Grid!          36
 Using uniform alpha   1.0000000000000000     
 Grid defined OK
 Set CM energy to      13000.00
 Mapping Graph         363  to config         363
Setting grid   1    0.59172E-08   1
Setting grid   2    0.59172E-08   1
Setting grid   3    0.75740E-07   1
 Setting BW          -4           3   2200.0000000000000     
 Setting BW          -5           4   2200.0000000000000     
Setting grid   6    0.29417E-01   1
 Transforming s_hat 1/s           18   2.9417199962093264E-002   1600.0000000000000        168999999.99999997     
 363   1   2   3   4   5   6   7   8   9  10  11  12  13  14
  15  16  17  18  19
 Masses: 0.000E+00 0.000E+00 0.000E+00 0.000E+00 0.000E+00 0.000E+00 0.000E+00 0.000E+00 0.912E+02
Using random seed offsets   363 :      1
  with seed                   24
 Ranmar initialization seeds          93        9398
 
 ********************************************
 * You are using the DiscreteSampler module *
 *      part of the MG5_aMC framework       *
 *         Author: Valentin Hirschi         *
 ********************************************
 
  Particle       3       4       5       6       7       8       9
      Et >    10.0    10.0    10.0    10.0     0.0     0.0     0.0
       E >     0.0     0.0     0.0     0.0     0.0     0.0     0.0
     Eta <     2.5     2.5     2.5     2.5    -1.0    -1.0    -1.0
   xqcut:      0.0     0.0     0.0     0.0     0.0     0.0     0.0
d R # 3  >    -0.0     0.4     0.4     0.4     0.0     0.0     0.0
d R # 4  >    -0.0    -0.0     0.4     0.4     0.0     0.0     0.0
d R # 5  >    -0.0    -0.0    -0.0     0.4     0.0     0.0     0.0
d R # 6  >    -0.0    -0.0    -0.0    -0.0     0.0     0.0     0.0
d R # 7  >    -0.0    -0.0    -0.0    -0.0    -0.0     0.0     0.0
d R # 8  >    -0.0    -0.0    -0.0    -0.0    -0.0    -0.0     0.0
s min # 3>     0.0     0.0     0.0     0.0     0.0     0.0     0.0
s min # 4>     0.0     0.0     0.0     0.0     0.0     0.0     0.0
s min # 5>     0.0     0.0     0.0     0.0     0.0     0.0     0.0
s min # 6>     0.0     0.0     0.0     0.0     0.0     0.0     0.0
s min # 7>     0.0     0.0     0.0     0.0     0.0     0.0     0.0
s min # 8>     0.0     0.0     0.0     0.0     0.0     0.0     0.0
xqcutij # 3>     0.0     0.0     0.0     0.0     0.0     0.0     0.0
xqcutij # 4>     0.0     0.0     0.0     0.0     0.0     0.0     0.0
xqcutij # 5>     0.0     0.0     0.0     0.0     0.0     0.0     0.0
xqcutij # 6>     0.0     0.0     0.0     0.0     0.0     0.0     0.0
xqcutij # 7>     0.0     0.0     0.0     0.0     0.0     0.0     0.0
xqcutij # 8>     0.0     0.0     0.0     0.0     0.0     0.0     0.0
 Excluding BW           -1           1
 Excluding BW           -3           2
 Requiring BW           -4           3
 Requiring BW           -5           4
 Excluding BW           -6           5
 alpha_s for scale    2251.1745018540705       is    8.4974248528845261E-002
 Added good helicity            1   35.249314379247295       in event            1 local:           1
 Added good helicity           21   1.8980998661912349E-006  in event            1 local:           1
 Added good helicity           25   7.6246493779030835E-005  in event            1 local:           1
 Added good helicity           37   2.9442926777909504E-004  in event            1 local:           1
 Added good helicity           41   2.4001140136248374E-003  in event            1 local:           1
 Added good helicity           61   8.9440319433229749E-008  in event            1 local:           1
 Added good helicity          193   220.72034864427891       in event            1 local:           1
 Added good helicity          213   1.0419122377741804E-004  in event            1 local:           1
 Added good helicity          217   4.7306184580857660E-004  in event            1 local:           1
 Added good helicity          229   2.4493384380943209E-003  in event            1 local:           1
 Added good helicity          233   2.4537179216502961E-002  in event            1 local:           1
 Added good helicity          253   4.2843424395404102E-007  in event            1 local:           1
 Added good helicity            1   35.249314379245483       in event            1 local:           1
 Added good helicity           21   1.8980998661929567E-006  in event            1 local:           1
 Added good helicity           25   7.6246493779031946E-005  in event            1 local:           1
 Added good helicity           37   2.9442926777910637E-004  in event            1 local:           1
 Added good helicity           41   2.4001140136247403E-003  in event            1 local:           1
 Added good helicity           61   8.9440319433229617E-008  in event            1 local:           1
 Added good helicity          193   220.72034864428073       in event            1 local:           1
 Added good helicity          213   1.0419122377735829E-004  in event            1 local:           1
 Added good helicity          217   4.7306184580851724E-004  in event            1 local:           1
 Added good helicity          229   2.4493384380942420E-003  in event            1 local:           1
 Added good helicity          233   2.4537179216500497E-002  in event            1 local:           1
 Added good helicity          253   4.2843424395403615E-007  in event            1 local:           1
 RESET CUMULATIVE VARIABLE
 RESET CUMULATIVE VARIABLE
 RESET CUMULATIVE VARIABLE
 Iteration  1   Mean: 0.6265E-14 Abs mean: 0.6265E-14   Fluctuation:  0.305E-14   0.161E-11     0.3%
  1    0.6265E-14 0.6265E-14 +- 0.3055E-14     12.15
 Writing out events   2.5059157300880745E-016   12.150923418884298     
 Relative summed weights:
  0.6258E-04  0.7984E-03  0.9283E-07  0.4384E-01  0.0000E+00  0.0000E+00
  0.1386E-01  0.5744E-04  0.1197E-05  0.1166E-01  0.0000E+00  0.0000E+00
  0.1578E-02  0.9226E-03  0.1688E-02  0.6743E-01  0.0000E+00  0.0000E+00
  0.1668E-02  0.4025E-04  0.3526E-21  0.2142E-04  0.5879E-14  0.2275E-08
  0.1048E-02  0.1406E-03  0.1946E-05  0.5669E+00  0.0000E+00  0.1836E-11
  0.3542E-02  0.7154E-02  0.5242E-03  0.2757E-01  0.5035E-14  0.0000E+00
  0.2003E+00  0.2328E-02  0.8035E-08  0.2834E-09  0.1928E-10  0.1251E-09
  0.4670E-01  0.4324E-04  0.1060E-04  0.4312E-04  0.0000E+00  0.0000E+00
 Relative number of events:
  0.4762E-01  0.4921E-01  0.4921E-01  0.5079E-01  0.0000E+00  0.0000E+00
  0.7937E-02  0.2063E-01  0.7937E-02  0.7937E-02  0.0000E+00  0.0000E+00
  0.5397E-01  0.5556E-01  0.4286E-01  0.4444E-01  0.0000E+00  0.0000E+00
  0.2698E-01  0.1587E-01  0.1587E-02  0.9524E-02  0.1587E-02  0.4762E-02
  0.6032E-01  0.4762E-01  0.5238E-01  0.5238E-01  0.0000E+00  0.1587E-02
  0.4762E-01  0.5397E-01  0.5238E-01  0.3810E-01  0.1587E-02  0.0000E+00
  0.9524E-02  0.2381E-01  0.2063E-01  0.7937E-02  0.1587E-02  0.1587E-02
  0.9524E-02  0.7937E-02  0.6349E-02  0.4762E-02  0.0000E+00  0.0000E+00
 Events:
          30          31          31          32           0           0
           5          13           5           5           0           0
          34          35          27          28           0           0
          17          10           1           6           1           3
          38          30          33          33           0           1
          30          34          33          24           1           0
           6          15          13           5           1           1
           6           5           4           3           0           0
 Iteration  2   Mean: 0.1172E-13 Abs mean: 0.1172E-13   Fluctuation:  0.593E-14   0.110E-10     9.4%
  2    0.1172E-13 0.1172E-13 +- 0.5931E-14     22.64
 Relative summed weights:
  0.5077E-01  0.4637E-02  0.3528E-02  0.9774E-03  0.0000E+00  0.3274E-03
  0.1852E-02  0.2304E-02  0.4087E-01  0.1004E+00  0.0000E+00  0.0000E+00
  0.6495E-01  0.8592E-02  0.4009E-01  0.1256E-02  0.1286E-05  0.5017E-08
  0.2566E-03  0.6958E-03  0.1322E+00  0.1383E-02  0.1750E-05  0.0000E+00
  0.1517E-01  0.3519E-02  0.5791E-02  0.1748E-02  0.7632E-06  0.5621E-06
  0.2592E-02  0.5946E-02  0.9323E-02  0.4725E+00  0.8029E-06  0.0000E+00
  0.1129E-02  0.1320E-02  0.2245E-02  0.3218E-02  0.0000E+00  0.2204E-08
  0.1853E-01  0.2315E-03  0.1519E-02  0.9441E-04  0.0000E+00  0.0000E+00
 Relative number of events:
  0.4600E-01  0.5600E-01  0.4300E-01  0.4450E-01  0.0000E+00  0.5000E-03
  0.1750E-01  0.1750E-01  0.8500E-02  0.1000E-01  0.0000E+00  0.0000E+00
  0.4750E-01  0.5450E-01  0.4650E-01  0.4150E-01  0.5000E-03  0.5000E-03
  0.1700E-01  0.1550E-01  0.1100E-01  0.1350E-01  0.1000E-02  0.0000E+00
  0.6050E-01  0.5150E-01  0.5100E-01  0.4500E-01  0.5000E-03  0.5000E-03
  0.5250E-01  0.6200E-01  0.4300E-01  0.4400E-01  0.5000E-03  0.0000E+00
  0.1550E-01  0.1700E-01  0.8000E-02  0.7000E-02  0.0000E+00  0.5000E-03
  0.1750E-01  0.1550E-01  0.7500E-02  0.8000E-02  0.0000E+00  0.0000E+00
 Events:
          92         112          86          89           0           1
          35          35          17          20           0           0
          95         109          93          83           1           1
          34          31          22          27           2           0
         121         103         102          90           1           1
         105         124          86          88           1           0
          31          34          16          14           0           1
          35          31          15          16           0           0
 Iteration  3   Mean: 0.2128E-13 Abs mean: 0.2128E-13   Fluctuation:  0.136E-13   0.537E-10    35.6%
  3    0.2128E-13 0.2128E-13 +- 0.1364E-13     40.52
 Relative summed weights:
  0.2437E-01  0.6270E-02  0.4052E-01  0.1018E+00  0.0000E+00  0.0000E+00
  0.4214E-03  0.8171E-02  0.2286E-02  0.1155E-02  0.1904E-05  0.3218E-07
  0.3252E-02  0.1967E-01  0.1586E-02  0.1425E-02  0.5279E-08  0.3185E-05
  0.6309E+00  0.3244E-03  0.3781E-03  0.2704E-03  0.2400E-08  0.1422E-04
  0.6947E-02  0.1820E-01  0.8994E-02  0.7643E-02  0.6531E-06  0.0000E+00
  0.4574E-02  0.9375E-02  0.4048E-02  0.2194E-02  0.1009E-06  0.3165E-07
  0.4990E-02  0.2441E-02  0.4751E-03  0.3169E-02  0.0000E+00  0.0000E+00
  0.1641E-01  0.6324E-01  0.3249E-02  0.1243E-02  0.1312E-06  0.7555E-07
 Relative number of events:
  0.5200E-01  0.5050E-01  0.4250E-01  0.4900E-01  0.0000E+00  0.0000E+00
  0.1525E-01  0.1775E-01  0.7500E-02  0.7500E-02  0.7500E-03  0.2500E-03
  0.6000E-01  0.5750E-01  0.4325E-01  0.4650E-01  0.2500E-03  0.2500E-03
  0.1700E-01  0.1700E-01  0.8750E-02  0.9000E-02  0.2500E-03  0.5000E-03
  0.5375E-01  0.5325E-01  0.4400E-01  0.4600E-01  0.7500E-03  0.0000E+00
  0.5625E-01  0.5350E-01  0.4200E-01  0.4750E-01  0.2500E-03  0.2500E-03
  0.1925E-01  0.1550E-01  0.9000E-02  0.6500E-02  0.0000E+00  0.0000E+00
  0.1850E-01  0.1650E-01  0.7750E-02  0.5500E-02  0.5000E-03  0.2500E-03
 Events:
         208         202         170         196           0           0
          61          71          30          30           3           1
         240         230         173         186           1           1
          68          68          35          36           1           2
         215         213         176         184           3           0
         225         214         168         190           1           1
          77          62          36          26           0           0
          74          66          31          22           2           1
 Accuracy:    0.346   0.100   0.308   1.260
 Found          136  events.
 Wrote            1  events.
 Actual xsec    1.1752904258504390E-014
 Correct abs xsec    1.1752904258504390E-014
 Event xsec    1.1752904258504390E-014
 Events wgts > 1:            0
 % Cross section > 1:    0.0000000000000000        0.0000000000000000     
 Iteration  4   Mean: 0.2763E-13 Abs mean: 0.2763E-13   Fluctuation:  0.954E-14   0.501E-10    43.6%
  4    0.2763E-13 0.2763E-13 +- 0.9544E-14     30.89
 Relative summed weights:
  0.1887E-01  0.2956E-01  0.9927E-01  0.1669E-01  0.1786E-08  0.0000E+00
  0.2033E-02  0.1326E-01  0.2888E-02  0.1134E-01  0.1490E-07  0.2388E-05
  0.2301E+00  0.1323E-01  0.9598E-02  0.6335E-01  0.1439E-05  0.0000E+00
  0.1749E-02  0.8103E-01  0.3916E-02  0.3571E-03  0.3446E-05  0.4206E-09
  0.6565E-01  0.1720E-01  0.7373E-02  0.3337E-02  0.0000E+00  0.6448E-08
  0.8184E-02  0.1540E-01  0.1248E-01  0.4670E-02  0.0000E+00  0.4535E-06
  0.3395E-02  0.5842E-02  0.1383E-02  0.3052E-02  0.2414E-05  0.5813E-06
  0.2713E-01  0.3088E-02  0.2241E+00  0.4652E-03  0.0000E+00  0.3525E-05
 Relative number of events:
  0.5962E-01  0.5525E-01  0.4437E-01  0.4675E-01  0.1250E-03  0.0000E+00
  0.1775E-01  0.1562E-01  0.7125E-02  0.7250E-02  0.1250E-03  0.7500E-03
  0.5600E-01  0.5688E-01  0.4325E-01  0.4487E-01  0.3750E-03  0.0000E+00
  0.1487E-01  0.1837E-01  0.8250E-02  0.7375E-02  0.5000E-03  0.1250E-03
  0.5187E-01  0.4988E-01  0.4575E-01  0.4800E-01  0.0000E+00  0.1250E-03
  0.5475E-01  0.5038E-01  0.4825E-01  0.4325E-01  0.0000E+00  0.2500E-03
  0.1713E-01  0.1875E-01  0.5750E-02  0.7125E-02  0.5000E-03  0.3750E-03
  0.1887E-01  0.1700E-01  0.8750E-02  0.6625E-02  0.0000E+00  0.1000E-02
 Events:
         477         442         355         374           1           0
         142         125          57          58           1           6
         448         455         346         359           3           0
         119         147          66          59           4           1
         415         399         366         384           0           1
         438         403         386         346           0           2
         137         150          46          57           4           3
         151         136          70          53           0           8
 Accuracy:    0.276   0.100   0.230   1.441
 Found          225  events.
 Wrote            5  events.
 Actual xsec    2.2364366541233338E-014
 Correct abs xsec    2.2364366541233338E-014
 Event xsec    2.2364366541233338E-014
 Events wgts > 1:            2
 % Cross section > 1:    6.1962716391099634E-017  0.27706001096368432     
 Iteration  5   Mean: 0.1675E-13 Abs mean: 0.1675E-13   Fluctuation:  0.249E-14   0.244E-10    44.5%
  5    0.1675E-13 0.1675E-13 +- 0.2489E-14     18.79
 Relative summed weights:
  0.3618E-01  0.1889E-01  0.2997E-01  0.2207E-01  0.1026E-05  0.2036E-06
  0.2504E-01  0.1571E-01  0.2093E-01  0.2753E-02  0.1419E-04  0.4486E-05
  0.3694E-01  0.3965E-01  0.2851E-01  0.1337E-01  0.3864E-06  0.0000E+00
  0.1225E+00  0.6220E-01  0.3642E-02  0.2143E-01  0.9900E-07  0.1399E-05
  0.5548E-01  0.6004E-01  0.1570E-01  0.1872E-01  0.1398E-05  0.3413E-02
  0.3600E-01  0.3950E-01  0.2209E-01  0.3872E-01  0.1247E-08  0.2079E-05
  0.6205E-02  0.2000E-01  0.2695E-01  0.3092E-02  0.1537E-06  0.3208E-05
  0.5527E-02  0.2821E-01  0.1146E+00  0.6001E-02  0.7960E-08  0.1419E-04
 Relative number of events:
  0.5425E-01  0.5431E-01  0.4506E-01  0.4531E-01  0.1250E-03  0.1875E-03
  0.1713E-01  0.1787E-01  0.8500E-02  0.6687E-02  0.4375E-03  0.3125E-03
  0.5506E-01  0.5644E-01  0.4500E-01  0.4650E-01  0.3125E-03  0.0000E+00
  0.1706E-01  0.1713E-01  0.6812E-02  0.7687E-02  0.1250E-03  0.6250E-04
  0.5100E-01  0.5394E-01  0.4575E-01  0.4537E-01  0.2500E-03  0.1250E-03
  0.5481E-01  0.5619E-01  0.4406E-01  0.4500E-01  0.6250E-04  0.6250E-04
  0.1581E-01  0.1800E-01  0.7000E-02  0.8000E-02  0.3125E-03  0.3750E-03
  0.1800E-01  0.1663E-01  0.8625E-02  0.7375E-02  0.1875E-03  0.6875E-03
 Events:
         868         869         721         725           2           3
         274         286         136         107           7           5
         881         903         720         744           5           0
         273         274         109         123           2           1
         816         863         732         726           4           2
         877         899         705         720           1           1
         253         288         112         128           5           6
         288         266         138         118           3          11
 Accuracy:    0.143   0.100   0.125   1.314
 Found          562  events.
 Wrote           15  events.
 Actual xsec    1.8572306436297319E-014
 Correct abs xsec    1.8572306436297319E-014
 Event xsec    1.8572306436297312E-014
 Events wgts > 1:            1
 % Cross section > 1:    1.3491686586919771E-022   7.2644109298950138E-007

 -------------------------------------------------------------------------------
 Accumulated results:   Integral =  0.1735E-13
                        Std dev  =  0.2165E-14
                       Cross sec =  0.1735E-13
             Chi**2 per DoF.     =      1.3136
 -------------------------------------------------------------------------------
-------------------------------------------------
---------------------------
 Results Last   3 iters: Integral =   0.1857E-13
                     Abs integral =   0.1857E-13
                          Std dev =   0.2479E-14
                  Chi**2 per DoF. =      0.7390
-------------------------------------------------
---------------------------
 Status  0.10000000000000001                6           5

ls status:
events.lhe
ftn26
input_app.txt
results.dat
run1_app.log
