 Process in group number            1
 A PDF is used, so alpha_s(MZ) is going to be modified
 Old value of alpha_s from param_card:   0.11839999999999999     
  ****************************************
 
       NNPDFDriver version 1.0.3
   Grid: NNPDF23_lo_as_0130_qed_mem0.grid
  ****************************************
 New value of alpha_s from PDF nn23lo1:  0.13000000000000000     
 Define smin to   1600.0000000000000     
 Define smin to   1600.0000000000000     
 Define smin to   1600.0000000000000     
 *****************************************************
 *               MadGraph/MadEvent                   *
 *        --------------------------------           *
 *          http://madgraph.hep.uiuc.edu             *
 *          http://madgraph.phys.ucl.ac.be           *
 *          http://madgraph.roma2.infn.it            *
 *        --------------------------------           *
 *                                                   *
 *          PARAMETER AND COUPLING VALUES            *
 *                                                   *
 *****************************************************

  External Params
  ---------------------------------
  
 mdl_VeN1 =    1.0000000000000000     
 mdl_VeN2 =    0.0000000000000000     
 mdl_VeN3 =    0.0000000000000000     
 mdl_VmuN1 =    0.0000000000000000     
 mdl_VmuN2 =    1.0000000000000000     
 mdl_VmuN3 =    0.0000000000000000     
 mdl_VtaN1 =    0.0000000000000000     
 mdl_VtaN2 =    0.0000000000000000     
 mdl_VtaN3 =    1.0000000000000000     
 mdl_VN1N1 =    1.0000000000000000     
 mdl_VN1N2 =    1.0000000000000000     
 mdl_VN1N3 =    1.0000000000000000     
 mdl_VN2N2 =    1.0000000000000000     
 mdl_VN2N3 =    1.0000000000000000     
 mdl_VN3N3 =    1.0000000000000000     
 aEWM1 =    127.90000000000001     
 mdl_Gf =    1.1663700000000000E-005
 aS =   0.11839999999999999     
 mdl_ymt =    172.00000000000000     
 mdl_vevf =    50.000000000000000     
 mdl_MZ =    91.187600000000003     
 mdl_MT =    172.00000000000000     
 mdl_MH =    125.00000000000000     
 mdl_mN1 =    1822.0000000000000     
 mdl_mN2 =    1922.0000000000000     
 mdl_mN3 =    2022.0000000000000     
 mdl_MJ =    91.187600000000003     
 mdl_MAx =    173.04800000000000     
 mdl_WZ =    2.4952000000000001     
 mdl_WW =    2.0850000000000000     
 mdl_WT =    1.5083359999999999     
 mdl_WH =    4.0699999999999998E-003
 mdl_WN1 =   0.30299999999999999     
 mdl_WN2 =    1.5000000000000000     
 mdl_WN3 =    12.300000000000001     
 mdl_WJ =    2.4952000000000001     
 mdl_WAx =    4.1700000000000001E-003
  Internal Params
  ---------------------------------
  
 mdl_vevf__exp__2 =    2500.0000000000000     
 mdl_sqrt__vevf__exp__2 =    50.000000000000000     
 mdl_muJ =    50.000000000000000     
 mdl_MZ__exp__2 =    8315.1783937600012     
 mdl_MZ__exp__4 =    69142191.720053151     
 mdl_sqrt__2 =    1.4142135623730951     
 mdl_MJ__exp__2 =    8315.1783937600012     
 mdl_muJ__exp__2 =    2500.0000000000000     
 mdl_lamJ =    4.3260713575040004     
 mdl_MH__exp__2 =    15625.000000000000     
 mdl_complexi =  (  0.0000000000000000     ,  1.0000000000000000     )
 mdl_aEW =    7.8186082877247844E-003
 mdl_MW =    79.824359746197842     
 mdl_sqrt__aEW =    8.8422894590285753E-002
 mdl_ee =   0.31345100004952897     
 mdl_MW__exp__2 =    6371.9284088904105     
 mdl_sw2 =   0.23369913342182447     
 mdl_cw =   0.87538612427783857     
 mdl_sqrt__sw2 =   0.48342438232036300     
 mdl_sw =   0.48342438232036300     
 mdl_g1 =   0.35807170271074895     
 mdl_gN =   0.64839716719502682     
 mdl_gw =   0.64839716719502682     
 mdl_vev =    246.22056907348590     
 mdl_vev__exp__2 =    60624.568634871241     
 mdl_lam =   0.12886689630821144     
 mdl_yt =   0.98791394091683138     
 mdl_muH =    88.388347648318444     
 mdl_I2a33 =  ( 0.98791394091683138     ,  0.0000000000000000     )
 mdl_I3a33 =  ( 0.98791394091683138     ,  0.0000000000000000     )
 mdl_ee__exp__2 =    9.8251529432049817E-002
 mdl_sw__exp__2 =   0.23369913342182450     
 mdl_cw__exp__2 =   0.76630086657817542     
  Internal Params evaluated point by point
  ----------------------------------------
  
 mdl_sqrt__aS =   0.34409301068170506     
 mdl_G__exp__2 =    1.4878582807401259     
  Couplings of SM_HeavyN_UFO
  ---------------------------------
  
         GC_1 =  -0.00000E+00  -0.10448E+00
         GC_2 =   0.00000E+00   0.20897E+00
         GC_3 =  -0.00000E+00  -0.31345E+00
         GC_4 =   0.00000E+00   0.31345E+00
        GC_26 =   0.00000E+00   0.45849E+00
        GC_27 =  -0.00000E+00  -0.28380E+00
        GC_28 =   0.00000E+00   0.28380E+00
        GC_30 =   0.00000E+00   0.56760E+00
        GC_35 =  -0.00000E+00  -0.28850E-01
        GC_37 =   0.00000E+00   0.17310E+00
        GC_39 =   0.00000E+00  -0.19725E+00
        GC_40 =   0.00000E+00   0.37035E+00
        GC_80 =   0.00000E+00   0.67543E+02
       GC_107 =  -0.00000E+00  -0.74070E+00
       GC_109 =  -0.00000E+00  -0.74070E+00
       GC_111 =  -0.00000E+00  -0.74070E+00
       GC_113 =  -0.00000E+00  -0.74070E+00
       GC_115 =  -0.00000E+00  -0.74070E+00
       GC_117 =  -0.00000E+00  -0.74070E+00
       GC_119 =   0.00000E+00   0.00000E+00
       GC_120 =   0.00000E+00   0.00000E+00
       GC_122 =  -0.00000E+00  -0.00000E+00
       GC_126 =   0.00000E+00   0.00000E+00
       GC_127 =   0.00000E+00   0.00000E+00
       GC_129 =  -0.00000E+00  -0.00000E+00
       GC_133 =   0.00000E+00   0.45849E+00
       GC_134 =   0.00000E+00   0.37035E+00
       GC_136 =  -0.00000E+00  -0.82121E+01
        GC_81 =   0.36440E+02   0.00000E+00
        GC_82 =   0.38440E+02   0.00000E+00
        GC_83 =   0.40440E+02   0.00000E+00

 Collider parameters:
 --------------------

 Running at P P   machine @    13000.000000000000       GeV
 PDF set = nn23lo1
 alpha_s(Mz)= 0.1300 running at 2 loops.
 alpha_s(Mz)= 0.1300 running at 2 loops.
 Renormalization scale set on event-by-event basis
 Factorization   scale set on event-by-event basis


 getting user params
Enter number of events and max and min iterations: 
 Number of events and iterations         1000           5           3
Enter desired fractional accuracy: 
 Desired fractional accuracy:   0.10000000000000001     
Enter 0 for fixed, 2 for adjustable grid: 
Suppress amplitude (0 no, 1 yes)? 
 Using suppressed amplitude.
Exact helicity sum (0 yes, n = number/event)? 
 Explicitly summing over helicities
Enter Configuration Number: 
Running Configuration Number:  957
 Using dconfig=         230
 BW Setting            2           1           1           2           2           0           0
 Attempting mappinvarients           1           9
 Completed mapping           9
 about to integrate           19        1000           5           3          19           1
 Using non-zero grid deformation.
 19 dimensions   1000 events 19 invarients  5 iterations  1 config(s),  (0.99)
 Using h-tuple random number sequence.
 Error opening grid
 Using Uniform Grid!          36
 Using uniform alpha   1.0000000000000000     
 Grid defined OK
 Set CM energy to      13000.00
 Mapping Graph         957  to config         957
Setting grid   1    0.59172E-08   1
 Setting BW          -2           2   2022.0000000000000     
 Setting BW          -3           3   2022.0000000000000     
Setting grid   4    0.24908E-01   1
Setting grid   5    0.24908E-01   1
Setting grid   6    0.24908E-01   1
 Transforming s_hat 1/s           18   2.5395795928957170E-002   1600.0000000000000        168999999.99999997     
 957   1   2   3   4   5   6   7   8   9  10  11  12  13  14
  15  16  17  18  19
 Masses: 0.000E+00 0.000E+00 0.000E+00 0.000E+00 0.000E+00 0.000E+00 0.000E+00 0.000E+00 0.912E+02
Using random seed offsets   957 :      1
  with seed                   24
 Ranmar initialization seeds         687        9398
 
 ********************************************
 * You are using the DiscreteSampler module *
 *      part of the MG5_aMC framework       *
 *         Author: Valentin Hirschi         *
 ********************************************
 
  Particle       3       4       5       6       7       8       9
      Et >    10.0    10.0    10.0    10.0     0.0     0.0     0.0
       E >     0.0     0.0     0.0     0.0     0.0     0.0     0.0
     Eta <     2.5     2.5     2.5     2.5    -1.0    -1.0    -1.0
   xqcut:      0.0     0.0     0.0     0.0     0.0     0.0     0.0
d R # 3  >    -0.0     0.4     0.4     0.4     0.0     0.0     0.0
d R # 4  >    -0.0    -0.0     0.4     0.4     0.0     0.0     0.0
d R # 5  >    -0.0    -0.0    -0.0     0.4     0.0     0.0     0.0
d R # 6  >    -0.0    -0.0    -0.0    -0.0     0.0     0.0     0.0
d R # 7  >    -0.0    -0.0    -0.0    -0.0    -0.0     0.0     0.0
d R # 8  >    -0.0    -0.0    -0.0    -0.0    -0.0    -0.0     0.0
s min # 3>     0.0     0.0     0.0     0.0     0.0     0.0     0.0
s min # 4>     0.0     0.0     0.0     0.0     0.0     0.0     0.0
s min # 5>     0.0     0.0     0.0     0.0     0.0     0.0     0.0
s min # 6>     0.0     0.0     0.0     0.0     0.0     0.0     0.0
s min # 7>     0.0     0.0     0.0     0.0     0.0     0.0     0.0
s min # 8>     0.0     0.0     0.0     0.0     0.0     0.0     0.0
xqcutij # 3>     0.0     0.0     0.0     0.0     0.0     0.0     0.0
xqcutij # 4>     0.0     0.0     0.0     0.0     0.0     0.0     0.0
xqcutij # 5>     0.0     0.0     0.0     0.0     0.0     0.0     0.0
xqcutij # 6>     0.0     0.0     0.0     0.0     0.0     0.0     0.0
xqcutij # 7>     0.0     0.0     0.0     0.0     0.0     0.0     0.0
xqcutij # 8>     0.0     0.0     0.0     0.0     0.0     0.0     0.0
 Excluding BW           -1           1
 Requiring BW           -2           2
 Requiring BW           -3           3
 Excluding BW           -4           4
 Excluding BW           -6           5
 alpha_s for scale    3261.7546351199171       is    8.1726955232062498E-002
 Added good helicity            1   40.041558475634751       in event            1 local:           1
 Added good helicity           21   177.60243998938270       in event            1 local:           1
 Added good helicity           25   4.0260028681691047E-004  in event            1 local:           1
 Added good helicity           37   4.7853958170656543E-003  in event            1 local:           1
 Added good helicity           41   6.5822645640549160E-006  in event            1 local:           1
 Added good helicity          193   17.360966463541040       in event            1 local:           1
 Added good helicity          213   20.986570251830660       in event            1 local:           1
 Added good helicity          217   1.1593195467933146E-004  in event            1 local:           1
 Added good helicity          229   3.1523997989614063E-003  in event            1 local:           1
 Added good helicity          233   1.9051519840156077E-006  in event            1 local:           1
 Added good helicity            1   40.041558475651023       in event            1 local:           1
 Added good helicity           21   177.60243998937213       in event            1 local:           1
 Added good helicity           25   4.0260028681693969E-004  in event            1 local:           1
 Added good helicity           37   4.7853958170632630E-003  in event            1 local:           1
 Added good helicity           41   6.5822645640594662E-006  in event            1 local:           1
 Added good helicity          193   17.360966463534076       in event            1 local:           1
 Added good helicity          213   20.986570251831907       in event            1 local:           1
 Added good helicity          217   1.1593195467933034E-004  in event            1 local:           1
 Added good helicity          229   3.1523997989637165E-003  in event            1 local:           1
 Added good helicity          233   1.9051519840177533E-006  in event            1 local:           1
 Added good helicity          253   1.9244059325842665E-008  in event            2 local:           1
 Added good helicity          253   1.9244059325763722E-008  in event            2 local:           1
 Added good helicity           61   1.6607091640535016E-005  in event            7 local:           3
 Added good helicity           61   1.6607091640528227E-005  in event            7 local:           3
 RESET CUMULATIVE VARIABLE
 RESET CUMULATIVE VARIABLE
 RESET CUMULATIVE VARIABLE
 Iteration  1   Mean: 0.2177E-16 Abs mean: 0.2177E-16   Fluctuation:  0.755E-17   0.430E-14     0.3%
  1    0.2177E-16 0.2177E-16 +- 0.7549E-17      9.11
 Writing out events   8.7092404114415212E-019   9.1076837488303521     
 Relative summed weights:
  0.8969E-03  0.2219E-04  0.3469E-01  0.3274E-04  0.0000E+00  0.0000E+00
  0.1792E-01  0.6238E-05  0.1466E-03  0.3519E-08  0.0000E+00  0.0000E+00
  0.9668E-03  0.1131E-03  0.6328E-02  0.4229E-02  0.0000E+00  0.0000E+00
  0.6790E-03  0.2809E+00  0.3383E-03  0.2260E-04  0.0000E+00  0.0000E+00
  0.1694E-02  0.3044E-03  0.6315E-09  0.8330E-02  0.0000E+00  0.0000E+00
  0.6471E-01  0.1241E-04  0.1237E-03  0.3101E-01  0.0000E+00  0.0000E+00
  0.6891E-01  0.1134E-05  0.1245E-03  0.5128E-02  0.0000E+00  0.0000E+00
  0.1882E-02  0.8415E-02  0.3931E-04  0.6173E-01  0.0000E+00  0.0000E+00
  0.2393E-01  0.1971E-01  0.1643E+00  0.7001E-03  0.0000E+00  0.0000E+00
  0.1379E-02  0.4639E-03  0.2024E-02  0.2389E-02  0.0000E+00  0.0000E+00
  0.1546E-01  0.1606E-02  0.3124E-02  0.1382E-03  0.0000E+00  0.0000E+00
  0.9019E-01  0.2648E-04  0.5863E-05  0.2713E-04  0.0000E+00  0.0000E+00
  0.3599E-04  0.5812E-04  0.3207E-02  0.5317E-06  0.0000E+00  0.0000E+00
  0.1886E-02  0.4407E-02  0.9109E-03  0.1198E-02  0.0000E+00  0.0000E+00
  0.1557E-01  0.1244E-01  0.1817E-01  0.4154E-02  0.0000E+00  0.0000E+00
  0.1528E-02  0.3282E-04  0.1115E-01  0.1589E-04  0.0000E+00  0.0000E+00
 Relative number of events:
  0.1144E-01  0.1288E-01  0.1717E-01  0.7153E-02  0.0000E+00  0.0000E+00
  0.1001E-01  0.1001E-01  0.7153E-02  0.4292E-02  0.0000E+00  0.0000E+00
  0.1717E-01  0.2432E-01  0.2432E-01  0.2718E-01  0.0000E+00  0.0000E+00
  0.2146E-01  0.2146E-01  0.2575E-01  0.1288E-01  0.0000E+00  0.0000E+00
  0.1288E-01  0.1431E-01  0.2861E-02  0.1574E-01  0.0000E+00  0.0000E+00
  0.1288E-01  0.5722E-02  0.1431E-01  0.1288E-01  0.0000E+00  0.0000E+00
  0.1860E-01  0.1574E-01  0.2289E-01  0.2146E-01  0.0000E+00  0.0000E+00
  0.2289E-01  0.2146E-01  0.2003E-01  0.2575E-01  0.0000E+00  0.0000E+00
  0.2432E-01  0.2289E-01  0.1717E-01  0.1431E-01  0.0000E+00  0.0000E+00
  0.3433E-01  0.2003E-01  0.1431E-01  0.8584E-02  0.0000E+00  0.0000E+00
  0.8584E-02  0.7153E-02  0.1001E-01  0.2146E-01  0.0000E+00  0.0000E+00
  0.8584E-02  0.1574E-01  0.8584E-02  0.1431E-01  0.0000E+00  0.0000E+00
  0.1288E-01  0.1717E-01  0.1001E-01  0.1717E-01  0.0000E+00  0.0000E+00
  0.1860E-01  0.2575E-01  0.1431E-01  0.2146E-01  0.0000E+00  0.0000E+00
  0.1288E-01  0.1574E-01  0.7153E-02  0.1288E-01  0.0000E+00  0.0000E+00
  0.8584E-02  0.2003E-01  0.1001E-01  0.1001E-01  0.0000E+00  0.0000E+00
 Events:
           8           9          12           5           0           0
           7           7           5           3           0           0
          12          17          17          19           0           0
          15          15          18           9           0           0
           9          10           2          11           0           0
           9           4          10           9           0           0
          13          11          16          15           0           0
          16          15          14          18           0           0
          17          16          12          10           0           0
          24          14          10           6           0           0
           6           5           7          15           0           0
           6          11           6          10           0           0
           9          12           7          12           0           0
          13          18          10          15           0           0
           9          11           5           9           0           0
           6          14           7           7           0           0
 Iteration  2   Mean: 0.9643E-16 Abs mean: 0.9643E-16   Fluctuation:  0.250E-16   0.336E-13    24.9%
  2    0.9643E-16 0.9643E-16 +- 0.2501E-16     11.60
 Relative summed weights:
  0.3664E-03  0.1966E-03  0.1198E+00  0.1178E-02  0.0000E+00  0.0000E+00
  0.1700E-02  0.8627E-02  0.4285E-03  0.1529E-02  0.0000E+00  0.0000E+00
  0.1078E-01  0.4494E-02  0.4105E-02  0.8319E-03  0.0000E+00  0.0000E+00
  0.5585E-01  0.9007E-02  0.8540E-03  0.1200E-03  0.0000E+00  0.0000E+00
  0.6645E-02  0.6886E-03  0.2407E-02  0.2927E-03  0.0000E+00  0.0000E+00
  0.3206E-03  0.1206E-02  0.1226E-02  0.2977E-02  0.0000E+00  0.0000E+00
  0.1330E-02  0.2673E-01  0.7635E-03  0.1815E-03  0.3388E-08  0.0000E+00
  0.6509E-02  0.2893E-01  0.4038E-02  0.4317E-02  0.0000E+00  0.2391E-04
  0.3611E-03  0.3286E-01  0.4295E-03  0.9103E-03  0.0000E+00  0.0000E+00
  0.1359E-01  0.5484E-01  0.6957E-03  0.7118E-02  0.0000E+00  0.0000E+00
  0.6352E-01  0.1167E-01  0.3011E-01  0.2663E-03  0.0000E+00  0.5737E-09
  0.2715E-01  0.2843E-02  0.1226E-03  0.6186E-01  0.0000E+00  0.0000E+00
  0.3167E-02  0.1586E-02  0.7773E-01  0.5481E-02  0.0000E+00  0.0000E+00
  0.3562E-03  0.6237E-02  0.2101E-02  0.4295E-03  0.0000E+00  0.0000E+00
  0.2153E-02  0.4145E-02  0.2752E-02  0.1464E-01  0.0000E+00  0.0000E+00
  0.2057E-01  0.4353E-03  0.6589E-01  0.1755E+00  0.0000E+00  0.0000E+00
 Relative number of events:
  0.1100E-01  0.1100E-01  0.9000E-02  0.1000E-01  0.0000E+00  0.0000E+00
  0.1150E-01  0.1050E-01  0.8000E-02  0.1050E-01  0.0000E+00  0.0000E+00
  0.2150E-01  0.2400E-01  0.1550E-01  0.1750E-01  0.0000E+00  0.0000E+00
  0.2400E-01  0.2350E-01  0.1900E-01  0.2200E-01  0.0000E+00  0.0000E+00
  0.1550E-01  0.9500E-02  0.6500E-02  0.1150E-01  0.0000E+00  0.0000E+00
  0.9000E-02  0.1000E-01  0.9000E-02  0.8500E-02  0.0000E+00  0.0000E+00
  0.1950E-01  0.2550E-01  0.2300E-01  0.1850E-01  0.5000E-03  0.0000E+00
  0.2250E-01  0.2300E-01  0.2000E-01  0.2100E-01  0.0000E+00  0.5000E-03
  0.2100E-01  0.2600E-01  0.1050E-01  0.1500E-01  0.0000E+00  0.0000E+00
  0.2150E-01  0.2150E-01  0.1400E-01  0.1850E-01  0.0000E+00  0.0000E+00
  0.8500E-02  0.1100E-01  0.1200E-01  0.1150E-01  0.0000E+00  0.5000E-03
  0.1800E-01  0.8500E-02  0.6500E-02  0.1250E-01  0.0000E+00  0.0000E+00
  0.3050E-01  0.2600E-01  0.1300E-01  0.1750E-01  0.0000E+00  0.0000E+00
  0.1900E-01  0.1500E-01  0.1650E-01  0.2000E-01  0.0000E+00  0.0000E+00
  0.1600E-01  0.1100E-01  0.1400E-01  0.9000E-02  0.0000E+00  0.0000E+00
  0.1850E-01  0.1550E-01  0.9000E-02  0.1050E-01  0.0000E+00  0.0000E+00
 Events:
          22          22          18          20           0           0
          23          21          16          21           0           0
          43          48          31          35           0           0
          48          47          38          44           0           0
          31          19          13          23           0           0
          18          20          18          17           0           0
          39          51          46          37           1           0
          45          46          40          42           0           1
          42          52          21          30           0           0
          43          43          28          37           0           0
          17          22          24          23           0           1
          36          17          13          25           0           0
          61          52          26          35           0           0
          38          30          33          40           0           0
          32          22          28          18           0           0
          37          31          18          21           0           0
 Iteration  3   Mean: 0.1158E-15 Abs mean: 0.1158E-15   Fluctuation:  0.285E-16   0.801E-13    62.8%
  3    0.1158E-15 0.1158E-15 +- 0.2855E-16     15.59
 Relative summed weights:
  0.4957E-02  0.2450E-01  0.1613E-03  0.3728E-02  0.0000E+00  0.0000E+00
  0.3822E-02  0.5365E-02  0.1158E-01  0.9088E-02  0.4300E-07  0.0000E+00
  0.3247E-02  0.7436E-02  0.2015E-02  0.2329E-02  0.1637E-06  0.0000E+00
  0.4642E-02  0.1388E-01  0.2680E-02  0.2613E-01  0.0000E+00  0.0000E+00
  0.2078E-01  0.2596E-02  0.1245E-02  0.6514E-03  0.0000E+00  0.0000E+00
  0.6765E-02  0.1903E-02  0.7996E-03  0.1633E-02  0.0000E+00  0.0000E+00
  0.7622E-02  0.3526E-01  0.1482E-01  0.8813E-02  0.2369E-08  0.0000E+00
  0.3628E-02  0.1287E-01  0.2971E-02  0.1852E-01  0.0000E+00  0.2681E-04
  0.3959E-01  0.7238E-02  0.4575E-01  0.3715E-01  0.0000E+00  0.0000E+00
  0.5328E-02  0.2223E-02  0.2057E-02  0.4055E-02  0.6479E-07  0.0000E+00
  0.5841E-02  0.2174E-01  0.1792E+00  0.2569E-02  0.0000E+00  0.0000E+00
  0.3620E-01  0.5809E-01  0.1259E-01  0.5714E-01  0.0000E+00  0.0000E+00
  0.3853E-02  0.3926E-02  0.1381E+00  0.1400E-02  0.0000E+00  0.0000E+00
  0.3017E-02  0.1545E-02  0.1060E-01  0.7154E-02  0.0000E+00  0.0000E+00
  0.3062E-02  0.1121E-01  0.1623E-01  0.9572E-02  0.0000E+00  0.9076E-07
  0.1504E-02  0.2310E-02  0.1897E-02  0.1425E-02  0.0000E+00  0.0000E+00
 Relative number of events:
  0.1525E-01  0.1150E-01  0.6000E-02  0.9750E-02  0.0000E+00  0.0000E+00
  0.1075E-01  0.1075E-01  0.1075E-01  0.7250E-02  0.2500E-03  0.0000E+00
  0.2450E-01  0.2225E-01  0.1450E-01  0.1775E-01  0.2500E-03  0.0000E+00
  0.2225E-01  0.2575E-01  0.1500E-01  0.2100E-01  0.0000E+00  0.0000E+00
  0.1450E-01  0.1375E-01  0.7500E-02  0.5250E-02  0.0000E+00  0.0000E+00
  0.1100E-01  0.9000E-02  0.1050E-01  0.1150E-01  0.0000E+00  0.0000E+00
  0.2300E-01  0.2750E-01  0.1650E-01  0.2225E-01  0.2500E-03  0.0000E+00
  0.2675E-01  0.2525E-01  0.1725E-01  0.1750E-01  0.0000E+00  0.7500E-03
  0.3250E-01  0.2325E-01  0.1400E-01  0.1500E-01  0.0000E+00  0.0000E+00
  0.2275E-01  0.2800E-01  0.1225E-01  0.1475E-01  0.2500E-03  0.0000E+00
  0.1225E-01  0.9250E-02  0.9000E-02  0.1200E-01  0.0000E+00  0.0000E+00
  0.1300E-01  0.1025E-01  0.8750E-02  0.1275E-01  0.0000E+00  0.0000E+00
  0.2300E-01  0.2650E-01  0.1525E-01  0.1375E-01  0.0000E+00  0.0000E+00
  0.2550E-01  0.2700E-01  0.1200E-01  0.1775E-01  0.0000E+00  0.0000E+00
  0.1000E-01  0.1175E-01  0.1225E-01  0.8500E-02  0.0000E+00  0.2500E-03
  0.9000E-02  0.1150E-01  0.9000E-02  0.1150E-01  0.0000E+00  0.0000E+00
 Events:
          61          46          24          39           0           0
          43          43          43          29           1           0
          98          89          58          71           1           0
          89         103          60          84           0           0
          58          55          30          21           0           0
          44          36          42          46           0           0
          92         110          66          89           1           0
         107         101          69          70           0           3
         130          93          56          60           0           0
          91         112          49          59           1           0
          49          37          36          48           0           0
          52          41          35          51           0           0
          92         106          61          55           0           0
         102         108          48          71           0           0
          40          47          49          34           0           1
          36          46          36          46           0           0
 Accuracy:    0.283   0.100   0.159   3.185
 Found          183  events.
 Wrote            6  events.
 Actual xsec    8.8818823964009455E-017
 Correct abs xsec    8.8818823964009455E-017
 Event xsec    8.8818823964009443E-017
 Events wgts > 1:            0
 % Cross section > 1:    0.0000000000000000        0.0000000000000000     
 Iteration  4   Mean: 0.1946E-15 Abs mean: 0.1946E-15   Fluctuation:  0.585E-16   0.442E-12    72.2%
  4    0.1946E-15 0.1946E-15 +- 0.5851E-16     26.89
 Relative summed weights:
  0.1715E-02  0.8739E-03  0.3635E-02  0.4012E-02  0.0000E+00  0.0000E+00
  0.3468E-01  0.1473E-01  0.3628E-02  0.1579E-02  0.0000E+00  0.0000E+00
  0.2658E-02  0.4815E-02  0.3861E-02  0.6947E-02  0.0000E+00  0.0000E+00
  0.3241E-02  0.9135E-02  0.4356E-02  0.2454E-01  0.6819E-05  0.0000E+00
  0.2886E+00  0.5516E-02  0.6530E-03  0.5739E-02  0.0000E+00  0.1934E-09
  0.1914E-01  0.6207E-01  0.1720E-02  0.2307E-02  0.0000E+00  0.0000E+00
  0.1215E-01  0.2209E-01  0.2713E-02  0.4999E-02  0.2514E-06  0.1502E-10
  0.3065E-02  0.1348E-01  0.5649E-02  0.3726E-02  0.0000E+00  0.7751E-06
  0.4187E-02  0.1300E-01  0.4124E-02  0.7435E-02  0.0000E+00  0.0000E+00
  0.3645E-01  0.2571E-01  0.1114E-02  0.1307E-02  0.0000E+00  0.4207E-05
  0.3614E-02  0.2147E-01  0.4121E-02  0.5065E-02  0.0000E+00  0.3381E-05
  0.3635E-01  0.2516E-01  0.2292E-02  0.1545E-02  0.1672E-02  0.0000E+00
  0.1691E-02  0.8029E-02  0.5260E-02  0.2334E-01  0.0000E+00  0.0000E+00
  0.8283E-02  0.1745E-01  0.8081E-01  0.2510E-01  0.2352E-06  0.0000E+00
  0.9443E-02  0.4747E-02  0.5364E-02  0.1065E-02  0.4467E-05  0.0000E+00
  0.9629E-02  0.1816E-01  0.2909E-02  0.6084E-02  0.0000E+00  0.0000E+00
 Relative number of events:
  0.1263E-01  0.9875E-02  0.7500E-02  0.9500E-02  0.0000E+00  0.0000E+00
  0.1413E-01  0.1475E-01  0.9625E-02  0.1038E-01  0.0000E+00  0.0000E+00
  0.2138E-01  0.2500E-01  0.1800E-01  0.1988E-01  0.0000E+00  0.0000E+00
  0.2475E-01  0.2675E-01  0.1525E-01  0.1738E-01  0.1250E-03  0.0000E+00
  0.1225E-01  0.1137E-01  0.7750E-02  0.8250E-02  0.0000E+00  0.1250E-03
  0.1425E-01  0.1475E-01  0.7625E-02  0.1000E-01  0.0000E+00  0.0000E+00
  0.2587E-01  0.2538E-01  0.2113E-01  0.1675E-01  0.1250E-03  0.1250E-03
  0.2450E-01  0.2575E-01  0.1775E-01  0.1875E-01  0.0000E+00  0.1250E-03
  0.2388E-01  0.2225E-01  0.1312E-01  0.1487E-01  0.0000E+00  0.0000E+00
  0.2763E-01  0.2962E-01  0.1388E-01  0.1250E-01  0.0000E+00  0.1250E-03
  0.1350E-01  0.1337E-01  0.1125E-01  0.8750E-02  0.0000E+00  0.1250E-03
  0.1162E-01  0.1350E-01  0.9125E-02  0.9625E-02  0.1250E-03  0.0000E+00
  0.2800E-01  0.2375E-01  0.1300E-01  0.1238E-01  0.0000E+00  0.0000E+00
  0.2350E-01  0.2500E-01  0.1362E-01  0.1350E-01  0.1250E-03  0.0000E+00
  0.1075E-01  0.1137E-01  0.8500E-02  0.1213E-01  0.1250E-03  0.0000E+00
  0.1038E-01  0.9250E-02  0.8375E-02  0.7875E-02  0.0000E+00  0.0000E+00
 Events:
         101          79          60          76           0           0
         113         118          77          83           0           0
         171         200         144         159           0           0
         198         214         122         139           1           0
          98          91          62          66           0           1
         114         118          61          80           0           0
         207         203         169         134           1           1
         196         206         142         150           0           1
         191         178         105         119           0           0
         221         237         111         100           0           1
         108         107          90          70           0           1
          93         108          73          77           1           0
         224         190         104          99           0           0
         188         200         109         108           1           0
          86          91          68          97           1           0
          83          74          67          63           0           0
 Accuracy:    0.278   0.100   0.140   3.915
 Found          345  events.
 Wrote            4  events.
 Actual xsec    1.2958126843268802E-016
 Correct abs xsec    1.2958126843268802E-016
 Event xsec    1.2958126843268802E-016
 Events wgts > 1:            0
 % Cross section > 1:    0.0000000000000000        0.0000000000000000     
 Iteration  5   Mean: 0.1910E-15 Abs mean: 0.1910E-15   Fluctuation:  0.370E-16   0.485E-12    73.8%
  5    0.1910E-15 0.1910E-15 +- 0.3696E-16     24.47
 Relative summed weights:
  0.7324E-02  0.1093E-01  0.3195E-02  0.6324E-01  0.0000E+00  0.0000E+00
  0.7292E-02  0.1807E-01  0.1149E-01  0.5425E-02  0.0000E+00  0.0000E+00
  0.5730E-01  0.1039E-01  0.1045E-01  0.3108E-02  0.4476E-06  0.2172E-09
  0.1183E-01  0.3562E-02  0.6098E-02  0.2674E-02  0.0000E+00  0.0000E+00
  0.1477E-01  0.1731E+00  0.7907E-02  0.5088E-02  0.1165E-08  0.0000E+00
  0.9711E-02  0.5214E-01  0.6873E-02  0.4637E-01  0.6688E-03  0.0000E+00
  0.8337E-02  0.4320E-01  0.3766E-02  0.6828E-02  0.0000E+00  0.7845E-07
  0.9261E-02  0.7184E-02  0.2838E-02  0.1120E-01  0.1169E-06  0.0000E+00
  0.1539E-01  0.1063E-01  0.1146E-01  0.4613E-02  0.0000E+00  0.4068E-05
  0.2339E-01  0.1487E-01  0.1725E-01  0.4910E-02  0.0000E+00  0.0000E+00
  0.8879E-02  0.8957E-02  0.5853E-02  0.6571E-02  0.0000E+00  0.0000E+00
  0.1466E-01  0.1707E-01  0.3202E-02  0.2996E-02  0.1037E-07  0.0000E+00
  0.7848E-02  0.1068E-01  0.2637E-02  0.1173E-01  0.4216E-06  0.0000E+00
  0.7527E-02  0.1329E-01  0.6353E-02  0.6733E-02  0.0000E+00  0.0000E+00
  0.8488E-02  0.5817E-01  0.1519E-01  0.4516E-02  0.0000E+00  0.0000E+00
  0.1469E-01  0.5306E-02  0.5796E-02  0.8687E-02  0.0000E+00  0.2195E-06
 Relative number of events:
  0.1200E-01  0.1356E-01  0.8438E-02  0.7875E-02  0.0000E+00  0.0000E+00
  0.1063E-01  0.1256E-01  0.8937E-02  0.6875E-02  0.0000E+00  0.0000E+00
  0.2575E-01  0.2662E-01  0.1625E-01  0.1719E-01  0.1875E-03  0.6250E-04
  0.2650E-01  0.2331E-01  0.1894E-01  0.1812E-01  0.0000E+00  0.0000E+00
  0.1225E-01  0.1200E-01  0.8000E-02  0.7750E-02  0.6250E-04  0.0000E+00
  0.1312E-01  0.1213E-01  0.8313E-02  0.8812E-02  0.6250E-04  0.0000E+00
  0.2750E-01  0.2700E-01  0.1887E-01  0.2075E-01  0.0000E+00  0.6250E-04
  0.2550E-01  0.2738E-01  0.1569E-01  0.1825E-01  0.1250E-03  0.0000E+00
  0.2600E-01  0.2594E-01  0.1269E-01  0.1175E-01  0.0000E+00  0.1250E-03
  0.2619E-01  0.2550E-01  0.1244E-01  0.1200E-01  0.0000E+00  0.0000E+00
  0.1219E-01  0.1169E-01  0.8375E-02  0.8438E-02  0.0000E+00  0.0000E+00
  0.1106E-01  0.1369E-01  0.8625E-02  0.8000E-02  0.6250E-04  0.0000E+00
  0.2712E-01  0.2750E-01  0.1556E-01  0.1394E-01  0.1250E-03  0.0000E+00
  0.2644E-01  0.2413E-01  0.1256E-01  0.1263E-01  0.0000E+00  0.0000E+00
  0.1206E-01  0.1131E-01  0.1056E-01  0.8250E-02  0.0000E+00  0.0000E+00
  0.1356E-01  0.1225E-01  0.8937E-02  0.1069E-01  0.0000E+00  0.1875E-03
 Events:
         192         217         135         126           0           0
         170         201         143         110           0           0
         412         426         260         275           3           1
         424         373         303         290           0           0
         196         192         128         124           1           0
         210         194         133         141           1           0
         440         432         302         332           0           1
         408         438         251         292           2           0
         416         415         203         188           0           2
         419         408         199         192           0           0
         195         187         134         135           0           0
         177         219         138         128           1           0
         434         440         249         223           2           0
         423         386         201         202           0           0
         193         181         169         132           0           0
         217         196         143         171           0           3
 Accuracy:    0.207   0.100   0.114   3.311
 Found          644  events.
 Wrote            6  events.
 Actual xsec    1.6894087992828274E-016
 Correct abs xsec    1.6894087992828274E-016
 Event xsec    1.6894087992828274E-016
 Events wgts > 1:            1
 % Cross section > 1:    1.9906390026622302E-024   1.1783050991016967E-006

 -------------------------------------------------------------------------------
 Accumulated results:   Integral =  0.1392E-15
                        Std dev  =  0.1582E-16
                       Cross sec =  0.1392E-15
             Chi**2 per DoF.     =      3.3112
 -------------------------------------------------------------------------------
-------------------------------------------------
---------------------------
 Results Last   3 iters: Integral =   0.1689E-15
                     Abs integral =   0.1689E-15
                          Std dev =   0.2294E-16
                  Chi**2 per DoF. =      2.0061
-------------------------------------------------
---------------------------
 Status  0.10000000000000001                6           5

ls status:
events.lhe
ftn26
input_app.txt
results.dat
run1_app.log
