 Process in group number            1
 A PDF is used, so alpha_s(MZ) is going to be modified
 Old value of alpha_s from param_card:   0.11839999999999999     
  ****************************************
 
       NNPDFDriver version 1.0.3
   Grid: NNPDF23_lo_as_0130_qed_mem0.grid
  ****************************************
 New value of alpha_s from PDF nn23lo1:  0.13000000000000000     
 Define smin to   1600.0000000000000     
 Define smin to   1600.0000000000000     
 Define smin to   1600.0000000000000     
 *****************************************************
 *               MadGraph/MadEvent                   *
 *        --------------------------------           *
 *          http://madgraph.hep.uiuc.edu             *
 *          http://madgraph.phys.ucl.ac.be           *
 *          http://madgraph.roma2.infn.it            *
 *        --------------------------------           *
 *                                                   *
 *          PARAMETER AND COUPLING VALUES            *
 *                                                   *
 *****************************************************

  External Params
  ---------------------------------
  
 mdl_VeN1 =    1.0000000000000000     
 mdl_VeN2 =    0.0000000000000000     
 mdl_VeN3 =    0.0000000000000000     
 mdl_VmuN1 =    0.0000000000000000     
 mdl_VmuN2 =    1.0000000000000000     
 mdl_VmuN3 =    0.0000000000000000     
 mdl_VtaN1 =    0.0000000000000000     
 mdl_VtaN2 =    0.0000000000000000     
 mdl_VtaN3 =    1.0000000000000000     
 mdl_VN1N1 =    1.0000000000000000     
 mdl_VN1N2 =    1.0000000000000000     
 mdl_VN1N3 =    1.0000000000000000     
 mdl_VN2N2 =    1.0000000000000000     
 mdl_VN2N3 =    1.0000000000000000     
 mdl_VN3N3 =    1.0000000000000000     
 aEWM1 =    127.90000000000001     
 mdl_Gf =    1.1663700000000000E-005
 aS =   0.11839999999999999     
 mdl_ymt =    172.00000000000000     
 mdl_vevf =    50.000000000000000     
 mdl_MZ =    91.187600000000003     
 mdl_MT =    172.00000000000000     
 mdl_MH =    125.00000000000000     
 mdl_mN1 =    510.00000000000000     
 mdl_mN2 =    610.00000000000000     
 mdl_mN3 =    710.00000000000000     
 mdl_MJ =    91.187600000000003     
 mdl_MAx =    173.04800000000000     
 mdl_WZ =    2.4952000000000001     
 mdl_WW =    2.0850000000000000     
 mdl_WT =    1.5083359999999999     
 mdl_WH =    4.0699999999999998E-003
 mdl_WN1 =   0.30299999999999999     
 mdl_WN2 =    1.5000000000000000     
 mdl_WN3 =    12.300000000000001     
 mdl_WJ =    2.4952000000000001     
 mdl_WAx =    4.1700000000000001E-003
  Internal Params
  ---------------------------------
  
 mdl_vevf__exp__2 =    2500.0000000000000     
 mdl_sqrt__vevf__exp__2 =    50.000000000000000     
 mdl_muJ =    50.000000000000000     
 mdl_MZ__exp__2 =    8315.1783937600012     
 mdl_MZ__exp__4 =    69142191.720053151     
 mdl_sqrt__2 =    1.4142135623730951     
 mdl_MJ__exp__2 =    8315.1783937600012     
 mdl_muJ__exp__2 =    2500.0000000000000     
 mdl_lamJ =    4.3260713575040004     
 mdl_MH__exp__2 =    15625.000000000000     
 mdl_complexi =  (  0.0000000000000000     ,  1.0000000000000000     )
 mdl_aEW =    7.8186082877247844E-003
 mdl_MW =    79.824359746197842     
 mdl_sqrt__aEW =    8.8422894590285753E-002
 mdl_ee =   0.31345100004952897     
 mdl_MW__exp__2 =    6371.9284088904105     
 mdl_sw2 =   0.23369913342182447     
 mdl_cw =   0.87538612427783857     
 mdl_sqrt__sw2 =   0.48342438232036300     
 mdl_sw =   0.48342438232036300     
 mdl_g1 =   0.35807170271074895     
 mdl_gN =   0.64839716719502682     
 mdl_gw =   0.64839716719502682     
 mdl_vev =    246.22056907348590     
 mdl_vev__exp__2 =    60624.568634871241     
 mdl_lam =   0.12886689630821144     
 mdl_yt =   0.98791394091683138     
 mdl_muH =    88.388347648318444     
 mdl_I2a33 =  ( 0.98791394091683138     ,  0.0000000000000000     )
 mdl_I3a33 =  ( 0.98791394091683138     ,  0.0000000000000000     )
 mdl_ee__exp__2 =    9.8251529432049817E-002
 mdl_sw__exp__2 =   0.23369913342182450     
 mdl_cw__exp__2 =   0.76630086657817542     
  Internal Params evaluated point by point
  ----------------------------------------
  
 mdl_sqrt__aS =   0.34409301068170506     
 mdl_G__exp__2 =    1.4878582807401259     
  Couplings of SM_HeavyN_UFO
  ---------------------------------
  
         GC_1 =  -0.00000E+00  -0.10448E+00
         GC_2 =   0.00000E+00   0.20897E+00
         GC_3 =  -0.00000E+00  -0.31345E+00
         GC_4 =   0.00000E+00   0.31345E+00
        GC_26 =   0.00000E+00   0.45849E+00
        GC_27 =  -0.00000E+00  -0.28380E+00
        GC_28 =   0.00000E+00   0.28380E+00
        GC_30 =   0.00000E+00   0.56760E+00
        GC_35 =  -0.00000E+00  -0.28850E-01
        GC_37 =   0.00000E+00   0.17310E+00
        GC_39 =   0.00000E+00  -0.19725E+00
        GC_40 =   0.00000E+00   0.37035E+00
        GC_80 =   0.00000E+00   0.67543E+02
       GC_107 =  -0.00000E+00  -0.74070E+00
       GC_109 =  -0.00000E+00  -0.74070E+00
       GC_111 =  -0.00000E+00  -0.74070E+00
       GC_113 =  -0.00000E+00  -0.74070E+00
       GC_115 =  -0.00000E+00  -0.74070E+00
       GC_117 =  -0.00000E+00  -0.74070E+00
       GC_119 =   0.00000E+00   0.00000E+00
       GC_120 =   0.00000E+00   0.00000E+00
       GC_122 =  -0.00000E+00  -0.00000E+00
       GC_126 =   0.00000E+00   0.00000E+00
       GC_127 =   0.00000E+00   0.00000E+00
       GC_129 =  -0.00000E+00  -0.00000E+00
       GC_133 =   0.00000E+00   0.45849E+00
       GC_134 =   0.00000E+00   0.37035E+00
       GC_136 =  -0.00000E+00  -0.28836E+01
        GC_81 =   0.10200E+02   0.00000E+00
        GC_82 =   0.12200E+02   0.00000E+00
        GC_83 =   0.14200E+02   0.00000E+00

 Collider parameters:
 --------------------

 Running at P P   machine @    13000.000000000000       GeV
 PDF set = nn23lo1
 alpha_s(Mz)= 0.1300 running at 2 loops.
 alpha_s(Mz)= 0.1300 running at 2 loops.
 Renormalization scale set on event-by-event basis
 Factorization   scale set on event-by-event basis


 getting user params
Enter number of events and max and min iterations: 
 Number of events and iterations         1000           5           3
Enter desired fractional accuracy: 
 Desired fractional accuracy:   0.10000000000000001     
Enter 0 for fixed, 2 for adjustable grid: 
Suppress amplitude (0 no, 1 yes)? 
 Using suppressed amplitude.
Exact helicity sum (0 yes, n = number/event)? 
 Explicitly summing over helicities
Enter Configuration Number: 
Running Configuration Number:  104
 Using dconfig=         701
 BW Setting            2           2           2           1           2           2           0
 Attempting mappinvarients           1           9
 Completed mapping           9
 about to integrate           19        1000           5           3          19           1
 Using non-zero grid deformation.
 19 dimensions   1000 events 19 invarients  5 iterations  1 config(s),  (0.99)
 Using h-tuple random number sequence.
 Error opening grid
 Using Uniform Grid!          36
 Using uniform alpha   1.0000000000000000     
 Grid defined OK
 Set CM energy to      13000.00
 Mapping Graph         104  to config         104
Setting grid   1    0.75740E-07   1
Setting grid   2    0.75740E-07   1
Setting grid   3    0.75740E-07   1
 Setting BW          -4           4   710.00000000000000     
Setting grid   5    0.32375E-02   1
Setting grid   6    0.32375E-02   1
 Transforming s_hat 1/s           18   3.2375014532175150E-003   1600.0000000000000        168999999.99999997     
 104   1   2   3   4   5   6   7   8   9  10  11  12  13  14
  15  16  17  18  19
 Masses: 0.000E+00 0.000E+00 0.000E+00 0.000E+00 0.000E+00 0.000E+00 0.000E+00 0.000E+00 0.912E+02
Using random seed offsets   104 :      1
  with seed                   24
 Ranmar initialization seeds       31162        9398
 
 ********************************************
 * You are using the DiscreteSampler module *
 *      part of the MG5_aMC framework       *
 *         Author: Valentin Hirschi         *
 ********************************************
 
  Particle       3       4       5       6       7       8       9
      Et >    10.0    10.0    10.0    10.0     0.0     0.0     0.0
       E >     0.0     0.0     0.0     0.0     0.0     0.0     0.0
     Eta <     2.5     2.5     2.5     2.5    -1.0    -1.0    -1.0
   xqcut:      0.0     0.0     0.0     0.0     0.0     0.0     0.0
d R # 3  >    -0.0     0.4     0.4     0.4     0.0     0.0     0.0
d R # 4  >    -0.0    -0.0     0.4     0.4     0.0     0.0     0.0
d R # 5  >    -0.0    -0.0    -0.0     0.4     0.0     0.0     0.0
d R # 6  >    -0.0    -0.0    -0.0    -0.0     0.0     0.0     0.0
d R # 7  >    -0.0    -0.0    -0.0    -0.0    -0.0     0.0     0.0
d R # 8  >    -0.0    -0.0    -0.0    -0.0    -0.0    -0.0     0.0
s min # 3>     0.0     0.0     0.0     0.0     0.0     0.0     0.0
s min # 4>     0.0     0.0     0.0     0.0     0.0     0.0     0.0
s min # 5>     0.0     0.0     0.0     0.0     0.0     0.0     0.0
s min # 6>     0.0     0.0     0.0     0.0     0.0     0.0     0.0
s min # 7>     0.0     0.0     0.0     0.0     0.0     0.0     0.0
s min # 8>     0.0     0.0     0.0     0.0     0.0     0.0     0.0
xqcutij # 3>     0.0     0.0     0.0     0.0     0.0     0.0     0.0
xqcutij # 4>     0.0     0.0     0.0     0.0     0.0     0.0     0.0
xqcutij # 5>     0.0     0.0     0.0     0.0     0.0     0.0     0.0
xqcutij # 6>     0.0     0.0     0.0     0.0     0.0     0.0     0.0
xqcutij # 7>     0.0     0.0     0.0     0.0     0.0     0.0     0.0
xqcutij # 8>     0.0     0.0     0.0     0.0     0.0     0.0     0.0
 Excluding BW           -1           1
 Excluding BW           -2           2
 Excluding BW           -3           3
 Requiring BW           -4           4
 Excluding BW           -5           5
 Excluding BW           -6           6
 alpha_s for scale    999.64607510478675       is    9.3089329046033453E-002
 Added good helicity            1   7.6127312851966131       in event            1 local:           1
 Added good helicity           21   17.491914941287192       in event            1 local:           1
 Added good helicity           25   13.718223819903843       in event            1 local:           1
 Added good helicity           37   59.364654871367819       in event            1 local:           1
 Added good helicity           41   13.037909696608688       in event            1 local:           1
 Added good helicity           61   101.15505111543143       in event            1 local:           1
 Added good helicity          193   1.6729322077615782       in event            1 local:           1
 Added good helicity          213   1.0905433046787014       in event            1 local:           1
 Added good helicity          217   20.460308996424015       in event            1 local:           1
 Added good helicity          229  0.69145457986470893       in event            1 local:           1
 Added good helicity          233   15.925191571877347       in event            1 local:           1
 Added good helicity          253   3.7790836095980471       in event            1 local:           1
 Added good helicity            1   7.6127312851962978       in event            1 local:           1
 Added good helicity           21   17.491914941287270       in event            1 local:           1
 Added good helicity           25   13.718223819904164       in event            1 local:           1
 Added good helicity           37   59.364654871367613       in event            1 local:           1
 Added good helicity           41   13.037909696608580       in event            1 local:           1
 Added good helicity           61   101.15505111543119       in event            1 local:           1
 Added good helicity          193   1.6729322077611295       in event            1 local:           1
 Added good helicity          213   1.0905433046787167       in event            1 local:           1
 Added good helicity          217   20.460308996424843       in event            1 local:           1
 Added good helicity          229  0.69145457986472281       in event            1 local:           1
 Added good helicity          233   15.925191571877285       in event            1 local:           1
 Added good helicity          253   3.7790836095981879       in event            1 local:           1
 RESET CUMULATIVE VARIABLE
 RESET CUMULATIVE VARIABLE
 RESET CUMULATIVE VARIABLE
 Iteration  1   Mean: 0.1044E-11 Abs mean: 0.1044E-11   Fluctuation:  0.826E-12   0.822E-09     9.1%
  1    0.1044E-11 0.1044E-11 +- 0.8257E-12     25.01
 Writing out events   2.3041207907839103E-015   25.006746572631005     
 Relative summed weights:
  0.0000E+00  0.0000E+00  0.0000E+00  0.0000E+00  0.0000E+00  0.0000E+00
  0.4325E-03  0.9139E-05  0.1325E-03  0.0000E+00  0.0000E+00  0.0000E+00
  0.3416E-02  0.1305E-01  0.9517E-01  0.4177E-03  0.4350E-07  0.0000E+00
  0.5932E-04  0.8284E-02  0.1992E-07  0.7890E-06  0.0000E+00  0.0000E+00
  0.0000E+00  0.7866E+00  0.0000E+00  0.0000E+00  0.0000E+00  0.0000E+00
  0.1238E-03  0.3294E-04  0.2675E-06  0.5441E-05  0.0000E+00  0.0000E+00
  0.6907E-02  0.3983E-02  0.2439E-01  0.1131E-01  0.8312E-09  0.6595E-09
  0.3532E-03  0.1503E-09  0.7169E-04  0.0000E+00  0.0000E+00  0.0000E+00
  0.0000E+00  0.0000E+00  0.0000E+00  0.5826E-03  0.3846E-05  0.0000E+00
  0.2543E-04  0.1557E-03  0.0000E+00  0.1121E-04  0.0000E+00  0.0000E+00
  0.2967E-03  0.3256E-02  0.5141E-02  0.1049E-01  0.1722E-10  0.2534E-04
  0.8550E-08  0.0000E+00  0.8216E-04  0.2810E-04  0.0000E+00  0.0000E+00
  0.0000E+00  0.0000E+00  0.0000E+00  0.0000E+00  0.0000E+00  0.0000E+00
  0.9543E-04  0.5563E-05  0.0000E+00  0.1061E-04  0.0000E+00  0.0000E+00
  0.8420E-03  0.1910E-01  0.3625E-03  0.4744E-02  0.5975E-06  0.6566E-05
  0.4097E-06  0.0000E+00  0.4196E-07  0.0000E+00  0.0000E+00  0.0000E+00
 Relative number of events:
  0.0000E+00  0.0000E+00  0.0000E+00  0.0000E+00  0.0000E+00  0.0000E+00
  0.1288E-01  0.6938E-02  0.1982E-02  0.0000E+00  0.0000E+00  0.0000E+00
  0.4757E-01  0.5055E-01  0.6343E-01  0.5451E-01  0.1982E-02  0.0000E+00
  0.1982E-02  0.2973E-02  0.1982E-02  0.3964E-02  0.0000E+00  0.0000E+00
  0.0000E+00  0.1982E-02  0.0000E+00  0.0000E+00  0.0000E+00  0.0000E+00
  0.5946E-02  0.2973E-02  0.2973E-02  0.6938E-02  0.0000E+00  0.0000E+00
  0.4361E-01  0.5154E-01  0.5847E-01  0.6541E-01  0.2973E-02  0.1982E-02
  0.2973E-02  0.9911E-03  0.2973E-02  0.0000E+00  0.0000E+00  0.0000E+00
  0.0000E+00  0.0000E+00  0.0000E+00  0.9911E-03  0.9911E-03  0.0000E+00
  0.3964E-02  0.7929E-02  0.0000E+00  0.2973E-02  0.0000E+00  0.0000E+00
  0.5451E-01  0.5253E-01  0.5748E-01  0.6343E-01  0.1982E-02  0.3964E-02
  0.9911E-03  0.0000E+00  0.3964E-02  0.1982E-02  0.0000E+00  0.0000E+00
  0.0000E+00  0.0000E+00  0.0000E+00  0.0000E+00  0.0000E+00  0.0000E+00
  0.8920E-02  0.4955E-02  0.0000E+00  0.1982E-02  0.0000E+00  0.0000E+00
  0.4361E-01  0.5847E-01  0.4757E-01  0.6838E-01  0.1982E-02  0.1982E-02
  0.9911E-03  0.0000E+00  0.9911E-03  0.0000E+00  0.0000E+00  0.0000E+00
 Events:
           0           0           0           0           0           0
          13           7           2           0           0           0
          48          51          64          55           2           0
           2           3           2           4           0           0
           0           2           0           0           0           0
           6           3           3           7           0           0
          44          52          59          66           3           2
           3           1           3           0           0           0
           0           0           0           1           1           0
           4           8           0           3           0           0
          55          53          58          64           2           4
           1           0           4           2           0           0
           0           0           0           0           0           0
           9           5           0           2           0           0
          44          59          48          69           2           2
           1           0           1           0           0           0
 Iteration  2   Mean: 0.2972E-12 Abs mean: 0.2972E-12   Fluctuation:  0.100E-12   0.122E-09    28.6%
  2    0.2972E-12 0.2972E-12 +- 0.1003E-12     15.10
 Relative summed weights:
  0.0000E+00  0.0000E+00  0.0000E+00  0.0000E+00  0.0000E+00  0.0000E+00
  0.7627E-01  0.3161E-03  0.1815E-04  0.5620E-02  0.0000E+00  0.0000E+00
  0.5594E-02  0.4509E-02  0.2922E-01  0.8863E-03  0.1499E-04  0.2347E-08
  0.1055E-06  0.0000E+00  0.0000E+00  0.1999E-03  0.0000E+00  0.0000E+00
  0.0000E+00  0.0000E+00  0.0000E+00  0.6797E-04  0.0000E+00  0.0000E+00
  0.3201E-01  0.2047E-03  0.2263E-04  0.1869E+00  0.0000E+00  0.0000E+00
  0.7239E-02  0.5151E-01  0.1387E-02  0.3206E+00  0.6117E-05  0.1555E-05
  0.3336E-06  0.0000E+00  0.3447E-02  0.0000E+00  0.0000E+00  0.0000E+00
  0.0000E+00  0.0000E+00  0.0000E+00  0.0000E+00  0.0000E+00  0.0000E+00
  0.1750E-04  0.2413E-03  0.3832E-01  0.1244E-03  0.0000E+00  0.0000E+00
  0.5000E-02  0.2192E-02  0.2198E-01  0.2476E-01  0.2146E-08  0.2203E-05
  0.1923E-03  0.1487E-07  0.1028E-02  0.2014E-05  0.0000E+00  0.0000E+00
  0.4234E-04  0.0000E+00  0.0000E+00  0.0000E+00  0.0000E+00  0.0000E+00
  0.4113E-03  0.1941E-01  0.3127E-04  0.8451E-03  0.0000E+00  0.0000E+00
  0.9946E-03  0.2095E-01  0.1201E+00  0.1570E-01  0.3944E-07  0.7804E-11
  0.4860E-07  0.3855E-05  0.1464E-02  0.8995E-04  0.9736E-07  0.0000E+00
 Relative number of events:
  0.0000E+00  0.0000E+00  0.0000E+00  0.0000E+00  0.0000E+00  0.0000E+00
  0.1000E-01  0.5500E-02  0.2000E-02  0.3500E-02  0.0000E+00  0.0000E+00
  0.5600E-01  0.6200E-01  0.5850E-01  0.5550E-01  0.2500E-02  0.1500E-02
  0.5000E-03  0.0000E+00  0.0000E+00  0.2000E-02  0.0000E+00  0.0000E+00
  0.0000E+00  0.0000E+00  0.0000E+00  0.5000E-03  0.0000E+00  0.0000E+00
  0.7000E-02  0.9000E-02  0.2000E-02  0.3500E-02  0.0000E+00  0.0000E+00
  0.5600E-01  0.5850E-01  0.5450E-01  0.5100E-01  0.1000E-02  0.1500E-02
  0.5000E-03  0.0000E+00  0.1500E-02  0.0000E+00  0.0000E+00  0.0000E+00
  0.0000E+00  0.0000E+00  0.0000E+00  0.0000E+00  0.0000E+00  0.0000E+00
  0.5500E-02  0.5000E-02  0.2000E-02  0.3000E-02  0.0000E+00  0.0000E+00
  0.5600E-01  0.5550E-01  0.5850E-01  0.4750E-01  0.5000E-03  0.1500E-02
  0.5000E-03  0.5000E-03  0.5000E-03  0.2000E-02  0.0000E+00  0.0000E+00
  0.1000E-02  0.0000E+00  0.0000E+00  0.0000E+00  0.0000E+00  0.0000E+00
  0.6000E-02  0.8500E-02  0.1000E-02  0.3000E-02  0.0000E+00  0.0000E+00
  0.5500E-01  0.6550E-01  0.5150E-01  0.5550E-01  0.1000E-02  0.1500E-02
  0.1000E-02  0.1000E-02  0.1000E-02  0.2500E-02  0.5000E-03  0.0000E+00
 Events:
           0           0           0           0           0           0
          20          11           4           7           0           0
         112         124         117         111           5           3
           1           0           0           4           0           0
           0           0           0           1           0           0
          14          18           4           7           0           0
         112         117         109         102           2           3
           1           0           3           0           0           0
           0           0           0           0           0           0
          11          10           4           6           0           0
         112         111         117          95           1           3
           1           1           1           4           0           0
           2           0           0           0           0           0
          12          17           2           6           0           0
         110         131         103         111           2           3
           2           2           2           5           1           0
 Iteration  3   Mean: 0.9130E-12 Abs mean: 0.9130E-12   Fluctuation:  0.327E-12   0.111E-08    45.6%
  3    0.9130E-12 0.9130E-12 +- 0.3269E-12     22.64
 Relative summed weights:
  0.4798E-05  0.1305E-03  0.0000E+00  0.0000E+00  0.0000E+00  0.0000E+00
  0.1464E-03  0.1284E-02  0.5955E-03  0.2530E-03  0.0000E+00  0.0000E+00
  0.1891E-02  0.5661E-02  0.3218E-01  0.7585E-01  0.5009E-04  0.1119E-04
  0.6896E-04  0.2656E-03  0.3939E-03  0.8695E-03  0.0000E+00  0.0000E+00
  0.3249E-04  0.0000E+00  0.0000E+00  0.0000E+00  0.0000E+00  0.0000E+00
  0.1039E-02  0.3020E-04  0.1146E+00  0.2076E-02  0.0000E+00  0.0000E+00
  0.3902E-02  0.2854E-01  0.6189E-01  0.3477E-02  0.1966E-04  0.7890E-07
  0.4418E-04  0.1317E-06  0.5369E-04  0.1286E-03  0.0000E+00  0.0000E+00
  0.0000E+00  0.3308E-05  0.0000E+00  0.0000E+00  0.0000E+00  0.0000E+00
  0.1400E-01  0.1591E-02  0.1345E-03  0.3269E-01  0.0000E+00  0.0000E+00
  0.2566E-01  0.6083E-02  0.7361E-01  0.3063E+00  0.2029E-04  0.2595E-10
  0.1192E-02  0.2106E-03  0.7021E-01  0.1304E-09  0.0000E+00  0.0000E+00
  0.1293E-03  0.7067E-01  0.0000E+00  0.0000E+00  0.0000E+00  0.0000E+00
  0.2920E-02  0.2101E-03  0.2421E-04  0.1422E-07  0.0000E+00  0.0000E+00
  0.3851E-02  0.9835E-02  0.3448E-01  0.8038E-02  0.6479E-04  0.8714E-07
  0.6313E-04  0.5161E-06  0.1114E-04  0.2506E-02  0.0000E+00  0.0000E+00
 Relative number of events:
  0.2500E-03  0.5000E-03  0.0000E+00  0.0000E+00  0.0000E+00  0.0000E+00
  0.5250E-02  0.6000E-02  0.1750E-02  0.1750E-02  0.0000E+00  0.0000E+00
  0.5350E-01  0.5725E-01  0.6275E-01  0.5775E-01  0.1750E-02  0.1000E-02
  0.1750E-02  0.1500E-02  0.1250E-02  0.1000E-02  0.0000E+00  0.0000E+00
  0.2500E-03  0.0000E+00  0.0000E+00  0.0000E+00  0.0000E+00  0.0000E+00
  0.5000E-02  0.5000E-02  0.2000E-02  0.1750E-02  0.0000E+00  0.0000E+00
  0.5650E-01  0.5550E-01  0.5800E-01  0.5600E-01  0.1500E-02  0.1000E-02
  0.1000E-02  0.5000E-03  0.1500E-02  0.1750E-02  0.0000E+00  0.0000E+00
  0.0000E+00  0.2500E-03  0.0000E+00  0.0000E+00  0.0000E+00  0.0000E+00
  0.6750E-02  0.6750E-02  0.1750E-02  0.1000E-02  0.0000E+00  0.0000E+00
  0.5575E-01  0.5375E-01  0.5725E-01  0.5650E-01  0.1500E-02  0.5000E-03
  0.5000E-03  0.7500E-03  0.2000E-02  0.2500E-03  0.0000E+00  0.0000E+00
  0.5000E-03  0.5000E-03  0.0000E+00  0.0000E+00  0.0000E+00  0.0000E+00
  0.8250E-02  0.5250E-02  0.1500E-02  0.1000E-02  0.0000E+00  0.0000E+00
  0.5500E-01  0.5925E-01  0.5825E-01  0.5675E-01  0.1500E-02  0.7500E-03
  0.1000E-02  0.5000E-03  0.7500E-03  0.1750E-02  0.0000E+00  0.0000E+00
 Events:
           1           2           0           0           0           0
          21          24           7           7           0           0
         214         229         251         231           7           4
           7           6           5           4           0           0
           1           0           0           0           0           0
          20          20           8           7           0           0
         226         222         232         224           6           4
           4           2           6           7           0           0
           0           1           0           0           0           0
          27          27           7           4           0           0
         223         215         229         226           6           2
           2           3           8           1           0           0
           2           2           0           0           0           0
          33          21           6           4           0           0
         220         237         233         227           6           3
           4           2           3           7           0           0
 Accuracy:    0.362   0.100   0.235   2.377
 Found          168  events.
 Wrote            3  events.
 Actual xsec    6.2726727575885698E-013
 Correct abs xsec    6.2726727575885698E-013
 Event xsec    6.2726727575885698E-013
 Events wgts > 1:            0
 % Cross section > 1:    0.0000000000000000        0.0000000000000000     
 Iteration  4   Mean: 0.2421E-11 Abs mean: 0.2421E-11   Fluctuation:  0.118E-11   0.894E-08    52.9%
  4    0.2421E-11 0.2421E-11 +- 0.1185E-11     43.76
 Relative summed weights:
  0.0000E+00  0.2905E-06  0.0000E+00  0.1989E-04  0.0000E+00  0.0000E+00
  0.2185E-01  0.4012E-02  0.4508E-04  0.1564E-02  0.0000E+00  0.0000E+00
  0.3802E-02  0.3407E-02  0.4272E-02  0.8320E-02  0.9816E-06  0.2841E-06
  0.2359E-01  0.4175E-04  0.7966E-03  0.9295E-05  0.0000E+00  0.0000E+00
  0.0000E+00  0.6239E-02  0.0000E+00  0.0000E+00  0.0000E+00  0.0000E+00
  0.3321E-03  0.9084E-03  0.2248E-04  0.6022E-04  0.1008E-03  0.0000E+00
  0.9335E-02  0.1504E+00  0.4427E-01  0.2219E-01  0.3285E-04  0.7188E-04
  0.5309E-04  0.9469E-04  0.1311E-03  0.4707E+00  0.7711E-07  0.0000E+00
  0.0000E+00  0.2347E-07  0.3075E-04  0.6382E-04  0.0000E+00  0.0000E+00
  0.1611E-03  0.3864E-02  0.1542E-01  0.7343E-04  0.0000E+00  0.0000E+00
  0.4424E-02  0.2928E-01  0.4466E-01  0.9009E-02  0.3013E-06  0.4351E-05
  0.5656E-04  0.5125E-04  0.3267E-04  0.2889E-04  0.0000E+00  0.0000E+00
  0.9156E-05  0.0000E+00  0.0000E+00  0.6489E-08  0.0000E+00  0.0000E+00
  0.1862E-02  0.2375E-02  0.2194E-02  0.3542E-01  0.0000E+00  0.0000E+00
  0.1503E-01  0.2831E-02  0.5021E-01  0.5242E-02  0.1323E-04  0.3876E-05
  0.4299E-03  0.4084E-03  0.6063E-04  0.3825E-04  0.0000E+00  0.0000E+00
 Relative number of events:
  0.0000E+00  0.1250E-03  0.0000E+00  0.2500E-03  0.0000E+00  0.0000E+00
  0.5875E-02  0.6250E-02  0.8750E-03  0.2125E-02  0.0000E+00  0.0000E+00
  0.5488E-01  0.5425E-01  0.6200E-01  0.5538E-01  0.1250E-02  0.3750E-03
  0.1500E-02  0.1000E-02  0.1250E-02  0.8750E-03  0.0000E+00  0.0000E+00
  0.0000E+00  0.5000E-03  0.0000E+00  0.0000E+00  0.0000E+00  0.0000E+00
  0.7875E-02  0.6000E-02  0.1250E-02  0.1750E-02  0.1250E-03  0.0000E+00
  0.6000E-01  0.5800E-01  0.5700E-01  0.5688E-01  0.1125E-02  0.6250E-03
  0.7500E-03  0.5000E-03  0.1625E-02  0.1125E-02  0.1250E-03  0.0000E+00
  0.0000E+00  0.1250E-03  0.2500E-03  0.1250E-03  0.0000E+00  0.0000E+00
  0.4625E-02  0.3625E-02  0.1500E-02  0.1000E-02  0.0000E+00  0.0000E+00
  0.5613E-01  0.5550E-01  0.6025E-01  0.5862E-01  0.5000E-03  0.1000E-02
  0.6250E-03  0.6250E-03  0.1250E-02  0.7500E-03  0.0000E+00  0.0000E+00
  0.1250E-03  0.0000E+00  0.0000E+00  0.1250E-03  0.0000E+00  0.0000E+00
  0.5500E-02  0.7375E-02  0.1250E-02  0.1875E-02  0.0000E+00  0.0000E+00
  0.5550E-01  0.5638E-01  0.6012E-01  0.5638E-01  0.5000E-03  0.5000E-03
  0.1000E-02  0.1125E-02  0.7500E-03  0.1500E-02  0.0000E+00  0.0000E+00
 Events:
           0           1           0           2           0           0
          47          50           7          17           0           0
         439         434         496         443          10           3
          12           8          10           7           0           0
           0           4           0           0           0           0
          63          48          10          14           1           0
         480         464         456         455           9           5
           6           4          13           9           1           0
           0           1           2           1           0           0
          37          29          12           8           0           0
         449         444         482         469           4           8
           5           5          10           6           0           0
           1           0           0           1           0           0
          44          59          10          15           0           0
         444         451         481         451           4           4
           8           9           6          12           0           0
 Accuracy:    0.454   0.100   0.212   4.606
 Found          240  events.
 Wrote            1  events.
 Actual xsec    9.5627218813657564E-013
 Correct abs xsec    9.5627218813657564E-013
 Event xsec    9.5627218813657564E-013
 Events wgts > 1:            0
 % Cross section > 1:    0.0000000000000000        0.0000000000000000     
 Iteration  5   Mean: 0.1297E-11 Abs mean: 0.1297E-11   Fluctuation:  0.252E-12   0.241E-08    54.4%
  5    0.1297E-11 0.1297E-11 +- 0.2515E-12     24.52
 Relative summed weights:
  0.1321E-03  0.0000E+00  0.1427E-05  0.0000E+00  0.0000E+00  0.0000E+00
  0.1006E-01  0.5286E-02  0.2308E-02  0.9243E-04  0.0000E+00  0.1885E-04
  0.2155E-01  0.2320E-01  0.2507E-01  0.3463E-01  0.1175E-04  0.2270E-04
  0.2251E-01  0.7341E-02  0.5832E-02  0.1354E-01  0.0000E+00  0.0000E+00
  0.0000E+00  0.1170E-06  0.6782E-08  0.2633E-07  0.0000E+00  0.0000E+00
  0.5902E-01  0.9808E-03  0.8620E-03  0.8382E-02  0.0000E+00  0.1136E-07
  0.2141E-01  0.1462E-01  0.4394E-01  0.1017E+00  0.8032E-04  0.6008E-05
  0.1675E-03  0.1260E-02  0.4671E-03  0.1523E-01  0.0000E+00  0.0000E+00
  0.1905E-03  0.5695E-04  0.1229E-03  0.0000E+00  0.0000E+00  0.0000E+00
  0.6223E-02  0.1900E-02  0.5299E-02  0.5746E-03  0.0000E+00  0.0000E+00
  0.3600E-01  0.1551E-01  0.5588E-01  0.5568E-01  0.1993E-04  0.2294E-04
  0.2239E-02  0.1558E-01  0.1120E-02  0.1205E+00  0.0000E+00  0.0000E+00
  0.1180E-02  0.1170E-06  0.1799E-03  0.9909E-09  0.0000E+00  0.0000E+00
  0.2825E-02  0.7030E-02  0.7817E-02  0.5932E-02  0.1042E-01  0.0000E+00
  0.1516E-01  0.1110E+00  0.3111E-01  0.1267E-01  0.5621E-03  0.6923E-04
  0.2420E-01  0.9008E-02  0.1097E-02  0.3083E-02  0.0000E+00  0.0000E+00
 Relative number of events:
  0.1250E-03  0.0000E+00  0.1250E-03  0.0000E+00  0.0000E+00  0.0000E+00
  0.5687E-02  0.6875E-02  0.2437E-02  0.2000E-02  0.0000E+00  0.1250E-03
  0.5900E-01  0.5575E-01  0.6137E-01  0.5531E-01  0.5000E-03  0.6875E-03
  0.1437E-02  0.1000E-02  0.1063E-02  0.1313E-02  0.0000E+00  0.0000E+00
  0.0000E+00  0.6250E-04  0.6250E-04  0.6250E-04  0.0000E+00  0.0000E+00
  0.6313E-02  0.6562E-02  0.1250E-02  0.1563E-02  0.0000E+00  0.6250E-04
  0.5894E-01  0.5556E-01  0.6075E-01  0.5394E-01  0.8125E-03  0.1187E-02
  0.4375E-03  0.1063E-02  0.1375E-02  0.1000E-02  0.0000E+00  0.0000E+00
  0.1250E-03  0.1875E-03  0.6250E-04  0.0000E+00  0.0000E+00  0.0000E+00
  0.6313E-02  0.6125E-02  0.1500E-02  0.1750E-02  0.0000E+00  0.0000E+00
  0.5975E-01  0.5525E-01  0.5569E-01  0.5619E-01  0.1000E-02  0.1063E-02
  0.1000E-02  0.1375E-02  0.1125E-02  0.1437E-02  0.0000E+00  0.0000E+00
  0.1875E-03  0.1250E-03  0.1250E-03  0.6250E-04  0.0000E+00  0.0000E+00
  0.7000E-02  0.5750E-02  0.1313E-02  0.1813E-02  0.6250E-04  0.0000E+00
  0.5500E-01  0.5794E-01  0.5544E-01  0.5300E-01  0.1437E-02  0.9375E-03
  0.9375E-03  0.1500E-02  0.6250E-03  0.1000E-02  0.0000E+00  0.0000E+00
 Events:
           2           0           2           0           0           0
          91         110          39          32           0           2
         944         892         982         885           8          11
          23          16          17          21           0           0
           0           1           1           1           0           0
         101         105          20          25           0           1
         943         889         972         863          13          19
           7          17          22          16           0           0
           2           3           1           0           0           0
         101          98          24          28           0           0
         956         884         891         899          16          17
          16          22          18          23           0           0
           3           2           2           1           0           0
         112          92          21          29           1           0
         880         927         887         848          23          15
          15          24          10          16           0           0
 Accuracy:    0.235   0.100   0.143   2.703
 Found          368  events.
 Wrote           13  events.
 Actual xsec    1.3413329890925868E-012
 Correct abs xsec    1.3413329890925868E-012
 Event xsec    1.3413329890925870E-012
 Events wgts > 1:            0
 % Cross section > 1:    0.0000000000000000        0.0000000000000000     

 -------------------------------------------------------------------------------
 Accumulated results:   Integral =  0.1144E-11
                        Std dev  =  0.1636E-12
                       Cross sec =  0.1144E-11
             Chi**2 per DoF.     =      2.7035
 -------------------------------------------------------------------------------
-------------------------------------------------
---------------------------
 Results Last   3 iters: Integral =   0.1341E-11
                     Abs integral =   0.1341E-11
                          Std dev =   0.2159E-12
                  Chi**2 per DoF. =      1.2890
-------------------------------------------------
---------------------------
 Status  0.10000000000000001                6           5

ls status:
events.lhe
ftn26
input_app.txt
results.dat
run1_app.log
