 Process in group number            1
 A PDF is used, so alpha_s(MZ) is going to be modified
 Old value of alpha_s from param_card:   0.11839999999999999     
  ****************************************
 
       NNPDFDriver version 1.0.3
   Grid: NNPDF23_lo_as_0130_qed_mem0.grid
  ****************************************
 New value of alpha_s from PDF nn23lo1:  0.13000000000000000     
 Define smin to   1600.0000000000000     
 Define smin to   1600.0000000000000     
 Define smin to   1600.0000000000000     
 *****************************************************
 *               MadGraph/MadEvent                   *
 *        --------------------------------           *
 *          http://madgraph.hep.uiuc.edu             *
 *          http://madgraph.phys.ucl.ac.be           *
 *          http://madgraph.roma2.infn.it            *
 *        --------------------------------           *
 *                                                   *
 *          PARAMETER AND COUPLING VALUES            *
 *                                                   *
 *****************************************************

  External Params
  ---------------------------------
  
 mdl_VeN1 =    1.0000000000000000     
 mdl_VeN2 =    0.0000000000000000     
 mdl_VeN3 =    0.0000000000000000     
 mdl_VmuN1 =    0.0000000000000000     
 mdl_VmuN2 =    1.0000000000000000     
 mdl_VmuN3 =    0.0000000000000000     
 mdl_VtaN1 =    0.0000000000000000     
 mdl_VtaN2 =    0.0000000000000000     
 mdl_VtaN3 =    1.0000000000000000     
 mdl_VN1N1 =    1.0000000000000000     
 mdl_VN1N2 =    1.0000000000000000     
 mdl_VN1N3 =    1.0000000000000000     
 mdl_VN2N2 =    1.0000000000000000     
 mdl_VN2N3 =    1.0000000000000000     
 mdl_VN3N3 =    1.0000000000000000     
 aEWM1 =    127.90000000000001     
 mdl_Gf =    1.1663700000000000E-005
 aS =   0.11839999999999999     
 mdl_ymt =    172.00000000000000     
 mdl_vevf =    50.000000000000000     
 mdl_MZ =    91.187600000000003     
 mdl_MT =    172.00000000000000     
 mdl_MH =    125.00000000000000     
 mdl_mN1 =    510.00000000000000     
 mdl_mN2 =    610.00000000000000     
 mdl_mN3 =    710.00000000000000     
 mdl_MJ =    91.187600000000003     
 mdl_MAx =    173.04800000000000     
 mdl_WZ =    2.4952000000000001     
 mdl_WW =    2.0850000000000000     
 mdl_WT =    1.5083359999999999     
 mdl_WH =    4.0699999999999998E-003
 mdl_WN1 =   0.30299999999999999     
 mdl_WN2 =    1.5000000000000000     
 mdl_WN3 =    12.300000000000001     
 mdl_WJ =    2.4952000000000001     
 mdl_WAx =    4.1700000000000001E-003
  Internal Params
  ---------------------------------
  
 mdl_vevf__exp__2 =    2500.0000000000000     
 mdl_sqrt__vevf__exp__2 =    50.000000000000000     
 mdl_muJ =    50.000000000000000     
 mdl_MZ__exp__2 =    8315.1783937600012     
 mdl_MZ__exp__4 =    69142191.720053151     
 mdl_sqrt__2 =    1.4142135623730951     
 mdl_MJ__exp__2 =    8315.1783937600012     
 mdl_muJ__exp__2 =    2500.0000000000000     
 mdl_lamJ =    4.3260713575040004     
 mdl_MH__exp__2 =    15625.000000000000     
 mdl_complexi =  (  0.0000000000000000     ,  1.0000000000000000     )
 mdl_aEW =    7.8186082877247844E-003
 mdl_MW =    79.824359746197842     
 mdl_sqrt__aEW =    8.8422894590285753E-002
 mdl_ee =   0.31345100004952897     
 mdl_MW__exp__2 =    6371.9284088904105     
 mdl_sw2 =   0.23369913342182447     
 mdl_cw =   0.87538612427783857     
 mdl_sqrt__sw2 =   0.48342438232036300     
 mdl_sw =   0.48342438232036300     
 mdl_g1 =   0.35807170271074895     
 mdl_gN =   0.64839716719502682     
 mdl_gw =   0.64839716719502682     
 mdl_vev =    246.22056907348590     
 mdl_vev__exp__2 =    60624.568634871241     
 mdl_lam =   0.12886689630821144     
 mdl_yt =   0.98791394091683138     
 mdl_muH =    88.388347648318444     
 mdl_I2a33 =  ( 0.98791394091683138     ,  0.0000000000000000     )
 mdl_I3a33 =  ( 0.98791394091683138     ,  0.0000000000000000     )
 mdl_ee__exp__2 =    9.8251529432049817E-002
 mdl_sw__exp__2 =   0.23369913342182450     
 mdl_cw__exp__2 =   0.76630086657817542     
  Internal Params evaluated point by point
  ----------------------------------------
  
 mdl_sqrt__aS =   0.34409301068170506     
 mdl_G__exp__2 =    1.4878582807401259     
  Couplings of SM_HeavyN_UFO
  ---------------------------------
  
         GC_1 =  -0.00000E+00  -0.10448E+00
         GC_2 =   0.00000E+00   0.20897E+00
         GC_3 =  -0.00000E+00  -0.31345E+00
         GC_4 =   0.00000E+00   0.31345E+00
        GC_26 =   0.00000E+00   0.45849E+00
        GC_27 =  -0.00000E+00  -0.28380E+00
        GC_28 =   0.00000E+00   0.28380E+00
        GC_30 =   0.00000E+00   0.56760E+00
        GC_35 =  -0.00000E+00  -0.28850E-01
        GC_37 =   0.00000E+00   0.17310E+00
        GC_39 =   0.00000E+00  -0.19725E+00
        GC_40 =   0.00000E+00   0.37035E+00
        GC_80 =   0.00000E+00   0.67543E+02
       GC_107 =  -0.00000E+00  -0.74070E+00
       GC_109 =  -0.00000E+00  -0.74070E+00
       GC_111 =  -0.00000E+00  -0.74070E+00
       GC_113 =  -0.00000E+00  -0.74070E+00
       GC_115 =  -0.00000E+00  -0.74070E+00
       GC_117 =  -0.00000E+00  -0.74070E+00
       GC_119 =   0.00000E+00   0.00000E+00
       GC_120 =   0.00000E+00   0.00000E+00
       GC_122 =  -0.00000E+00  -0.00000E+00
       GC_126 =   0.00000E+00   0.00000E+00
       GC_127 =   0.00000E+00   0.00000E+00
       GC_129 =  -0.00000E+00  -0.00000E+00
       GC_133 =   0.00000E+00   0.45849E+00
       GC_134 =   0.00000E+00   0.37035E+00
       GC_136 =  -0.00000E+00  -0.28836E+01
        GC_81 =   0.10200E+02   0.00000E+00
        GC_82 =   0.12200E+02   0.00000E+00
        GC_83 =   0.14200E+02   0.00000E+00

 Collider parameters:
 --------------------

 Running at P P   machine @    13000.000000000000       GeV
 PDF set = nn23lo1
 alpha_s(Mz)= 0.1300 running at 2 loops.
 alpha_s(Mz)= 0.1300 running at 2 loops.
 Renormalization scale set on event-by-event basis
 Factorization   scale set on event-by-event basis


 getting user params
Enter number of events and max and min iterations: 
 Number of events and iterations         1000           5           3
Enter desired fractional accuracy: 
 Desired fractional accuracy:   0.10000000000000001     
Enter 0 for fixed, 2 for adjustable grid: 
Suppress amplitude (0 no, 1 yes)? 
 Using suppressed amplitude.
Exact helicity sum (0 yes, n = number/event)? 
 Explicitly summing over helicities
Enter Configuration Number: 
Running Configuration Number:  159
 Using dconfig=         719
 BW Setting            2           2           1           2           2           2           0
 Attempting mappinvarients           1           9
 Completed mapping           9
 about to integrate           19        1000           5           3          19           1
 Using non-zero grid deformation.
 19 dimensions   1000 events 19 invarients  5 iterations  1 config(s),  (0.99)
 Using h-tuple random number sequence.
 Error opening grid
 Using Uniform Grid!          36
 Using uniform alpha   1.0000000000000000     
 Grid defined OK
 Set CM energy to      13000.00
 Mapping Graph         159  to config         159
Setting grid   1    0.75740E-07   1
Setting grid   2    0.75740E-07   1
 Setting BW          -3           3   710.00000000000000     
Setting grid   4    0.24885E-02   1
Setting grid   5    0.75740E-07   1
Setting grid   6    0.25160E-02   1
 Transforming s_hat 1/s           18   2.6443328402366868E-003   1600.0000000000000        168999999.99999997     
 159   1   2   3   4   5   6   7   8   9  10  11  12  13  14
  15  16  17  18  19
 Masses: 0.000E+00 0.000E+00 0.000E+00 0.000E+00 0.000E+00 0.000E+00 0.000E+00 0.000E+00 0.912E+02
Using random seed offsets   159 :      1
  with seed                   24
 Ranmar initialization seeds       31217        9398
 
 ********************************************
 * You are using the DiscreteSampler module *
 *      part of the MG5_aMC framework       *
 *         Author: Valentin Hirschi         *
 ********************************************
 
  Particle       3       4       5       6       7       8       9
      Et >    10.0    10.0    10.0    10.0     0.0     0.0     0.0
       E >     0.0     0.0     0.0     0.0     0.0     0.0     0.0
     Eta <     2.5     2.5     2.5     2.5    -1.0    -1.0    -1.0
   xqcut:      0.0     0.0     0.0     0.0     0.0     0.0     0.0
d R # 3  >    -0.0     0.4     0.4     0.4     0.0     0.0     0.0
d R # 4  >    -0.0    -0.0     0.4     0.4     0.0     0.0     0.0
d R # 5  >    -0.0    -0.0    -0.0     0.4     0.0     0.0     0.0
d R # 6  >    -0.0    -0.0    -0.0    -0.0     0.0     0.0     0.0
d R # 7  >    -0.0    -0.0    -0.0    -0.0    -0.0     0.0     0.0
d R # 8  >    -0.0    -0.0    -0.0    -0.0    -0.0    -0.0     0.0
s min # 3>     0.0     0.0     0.0     0.0     0.0     0.0     0.0
s min # 4>     0.0     0.0     0.0     0.0     0.0     0.0     0.0
s min # 5>     0.0     0.0     0.0     0.0     0.0     0.0     0.0
s min # 6>     0.0     0.0     0.0     0.0     0.0     0.0     0.0
s min # 7>     0.0     0.0     0.0     0.0     0.0     0.0     0.0
s min # 8>     0.0     0.0     0.0     0.0     0.0     0.0     0.0
xqcutij # 3>     0.0     0.0     0.0     0.0     0.0     0.0     0.0
xqcutij # 4>     0.0     0.0     0.0     0.0     0.0     0.0     0.0
xqcutij # 5>     0.0     0.0     0.0     0.0     0.0     0.0     0.0
xqcutij # 6>     0.0     0.0     0.0     0.0     0.0     0.0     0.0
xqcutij # 7>     0.0     0.0     0.0     0.0     0.0     0.0     0.0
xqcutij # 8>     0.0     0.0     0.0     0.0     0.0     0.0     0.0
 Excluding BW           -1           1
 Excluding BW           -2           2
 Requiring BW           -3           3
 Excluding BW           -4           4
 Excluding BW           -5           5
 Excluding BW           -6           6
 alpha_s for scale    789.34274428407969       is    9.5755722729863560E-002
 Added good helicity            1   13.839847070687213       in event            1 local:           1
 Added good helicity           21   1.0073002484213183       in event            1 local:           1
 Added good helicity           25  0.73897287782998688       in event            1 local:           1
 Added good helicity           37   4.9939540887034042       in event            1 local:           1
 Added good helicity           41   1.0172415719270718       in event            1 local:           1
 Added good helicity           61   3.7517504913684929       in event            1 local:           1
 Added good helicity          193   214.47201412595385       in event            1 local:           1
 Added good helicity          213   3.8285376147765255       in event            1 local:           1
 Added good helicity          217   9.2054561077990158       in event            1 local:           1
 Added good helicity          229  0.93923629065227410       in event            1 local:           1
 Added good helicity          233  0.36776031564652595       in event            1 local:           1
 Added good helicity          253   1.8379291962342987       in event            1 local:           1
 Added good helicity            1   13.839847070687291       in event            1 local:           1
 Added good helicity           21   1.0073002484213203       in event            1 local:           1
 Added good helicity           25  0.73897287783004528       in event            1 local:           1
 Added good helicity           37   4.9939540887033393       in event            1 local:           1
 Added good helicity           41   1.0172415719270556       in event            1 local:           1
 Added good helicity           61   3.7517504913685586       in event            1 local:           1
 Added good helicity          193   214.47201412595393       in event            1 local:           1
 Added good helicity          213   3.8285376147765722       in event            1 local:           1
 Added good helicity          217   9.2054561077986801       in event            1 local:           1
 Added good helicity          229  0.93923629065227154       in event            1 local:           1
 Added good helicity          233  0.36776031564652112       in event            1 local:           1
 Added good helicity          253   1.8379291962343836       in event            1 local:           1
 RESET CUMULATIVE VARIABLE
 RESET CUMULATIVE VARIABLE
 RESET CUMULATIVE VARIABLE
 Iteration  1   Mean: 0.6134E-14 Abs mean: 0.6134E-14   Fluctuation:  0.192E-14   0.121E-11     3.9%
  1    0.6134E-14 0.6134E-14 +- 0.1922E-14      9.91
 Writing out events   3.1196805876733622E-017   9.9074046350150820     
 Relative summed weights:
  0.1478E-02  0.4631E-03  0.3958E-02  0.3537E-01  0.1256E-05  0.1551E-04
  0.1211E-01  0.1172E-02  0.8537E-03  0.7246E-02  0.1858E-02  0.4779E-02
  0.1653E-02  0.1172E-01  0.1152E+00  0.6443E-01  0.0000E+00  0.3526E-08
  0.1323E-03  0.1257E-02  0.2988E-01  0.1180E-03  0.2908E-05  0.8310E-06
  0.1106E-01  0.4623E-01  0.3773E-01  0.4689E-01  0.1538E-02  0.2208E-02
  0.1537E-03  0.1968E+00  0.1915E-02  0.6961E-03  0.2841E-10  0.1967E-05
  0.4386E-02  0.3769E-02  0.7243E-01  0.3694E-01  0.8471E-09  0.3256E-05
  0.1151E-02  0.3401E-03  0.6061E-01  0.1811E+00  0.1050E-04  0.3167E-03
 Relative number of events:
  0.3072E-01  0.2577E-01  0.6739E-01  0.7433E-01  0.3964E-02  0.2973E-02
  0.7929E-02  0.8920E-02  0.9911E-02  0.1288E-01  0.6938E-02  0.2973E-02
  0.3271E-01  0.3568E-01  0.6343E-01  0.7929E-01  0.0000E+00  0.1982E-02
  0.4955E-02  0.3964E-02  0.1784E-01  0.4955E-02  0.2973E-02  0.1982E-02
  0.3667E-01  0.2874E-01  0.6739E-01  0.8127E-01  0.2973E-02  0.3964E-02
  0.2973E-02  0.4955E-02  0.1288E-01  0.1189E-01  0.9911E-03  0.1982E-02
  0.2676E-01  0.3072E-01  0.5946E-01  0.7433E-01  0.9911E-03  0.1982E-02
  0.1189E-01  0.4955E-02  0.8920E-02  0.1586E-01  0.9911E-03  0.1982E-02
 Events:
          31          26          68          75           4           3
           8           9          10          13           7           3
          33          36          64          80           0           2
           5           4          18           5           3           2
          37          29          68          82           3           4
           3           5          13          12           1           2
          27          31          60          75           1           2
          12           5           9          16           1           2
 Iteration  2   Mean: 0.7753E-14 Abs mean: 0.7753E-14   Fluctuation:  0.168E-14   0.171E-11    25.0%
  2    0.7753E-14 0.7753E-14 +- 0.1683E-14      9.71
 Relative summed weights:
  0.7884E-01  0.6429E-01  0.1269E-01  0.1034E-01  0.4665E-05  0.2765E-03
  0.9584E-01  0.7535E-03  0.2557E-02  0.9999E-01  0.2447E-03  0.2832E-05
  0.2779E-02  0.1862E-01  0.8881E-02  0.3176E-01  0.6461E-03  0.0000E+00
  0.1066E-03  0.1542E-03  0.2099E-01  0.4750E-02  0.4975E-04  0.1203E-03
  0.2972E-01  0.5375E-01  0.1151E+00  0.4381E-01  0.3932E-04  0.2002E-04
  0.1239E-02  0.1384E-01  0.7031E-02  0.1084E+00  0.1040E-04  0.2251E-03
  0.7514E-03  0.3124E-02  0.9226E-01  0.3770E-01  0.1563E-03  0.6399E-04
  0.8462E-02  0.3619E-02  0.1192E-02  0.2483E-01  0.1249E-06  0.2988E-06
 Relative number of events:
  0.2950E-01  0.3100E-01  0.6750E-01  0.7000E-01  0.2500E-02  0.2500E-02
  0.6500E-02  0.7000E-02  0.1050E-01  0.1050E-01  0.3000E-02  0.2000E-02
  0.2950E-01  0.3300E-01  0.7500E-01  0.7050E-01  0.3000E-02  0.0000E+00
  0.7000E-02  0.5500E-02  0.1750E-01  0.1600E-01  0.4000E-02  0.2500E-02
  0.2700E-01  0.2850E-01  0.6750E-01  0.6200E-01  0.2500E-02  0.1500E-02
  0.9500E-02  0.1150E-01  0.1600E-01  0.1350E-01  0.2000E-02  0.2000E-02
  0.2800E-01  0.3600E-01  0.7200E-01  0.6950E-01  0.1500E-02  0.2500E-02
  0.1000E-01  0.8000E-02  0.1250E-01  0.9000E-02  0.5000E-03  0.1000E-02
 Events:
          59          62         135         140           5           5
          13          14          21          21           6           4
          59          66         150         141           6           0
          14          11          35          32           8           5
          54          57         135         124           5           3
          19          23          32          27           4           4
          56          72         144         139           3           5
          20          16          25          18           1           2
 Iteration  3   Mean: 0.6750E-13 Abs mean: 0.6750E-13   Fluctuation:  0.575E-13   0.230E-09    39.4%
  3    0.6750E-13 0.6750E-13 +- 0.5750E-13     53.88
 Relative summed weights:
  0.1182E-02  0.8669E-02  0.3854E-02  0.7067E-02  0.4625E-03  0.2016E-04
  0.1680E-01  0.8520E+00  0.3165E-02  0.5127E-02  0.2935E-04  0.1069E-04
  0.5028E-02  0.2353E-02  0.1247E-01  0.8055E-02  0.1369E-04  0.9313E-04
  0.1579E-02  0.4277E-03  0.7646E-02  0.4119E-02  0.2287E-04  0.1558E-03
  0.1041E-01  0.7467E-02  0.2014E-02  0.2433E-02  0.1138E-06  0.2936E-06
  0.2488E-02  0.3794E-02  0.2041E-02  0.5344E-03  0.5791E-03  0.2765E-03
  0.5106E-02  0.1126E-01  0.5692E-02  0.1336E-02  0.5894E-05  0.8732E-06
  0.8998E-03  0.1031E-02  0.1533E-02  0.4061E-03  0.2949E-03  0.4979E-04
 Relative number of events:
  0.3300E-01  0.3225E-01  0.7350E-01  0.7350E-01  0.1750E-02  0.1250E-02
  0.7750E-02  0.7500E-02  0.1150E-01  0.1200E-01  0.2250E-02  0.3000E-02
  0.2900E-01  0.2675E-01  0.7825E-01  0.7100E-01  0.1250E-02  0.1500E-02
  0.9000E-02  0.7250E-02  0.9000E-02  0.1275E-01  0.1500E-02  0.3750E-02
  0.3375E-01  0.3100E-01  0.6875E-01  0.6925E-01  0.2500E-03  0.1250E-02
  0.7500E-02  0.8250E-02  0.9750E-02  0.1075E-01  0.2750E-02  0.2500E-02
  0.3325E-01  0.3375E-01  0.7125E-01  0.6775E-01  0.1250E-02  0.7500E-03
  0.6500E-02  0.7750E-02  0.1050E-01  0.7500E-02  0.1250E-02  0.2500E-02
 Events:
         132         129         294         294           7           5
          31          30          46          48           9          12
         116         107         313         284           5           6
          36          29          36          51           6          15
         135         124         275         277           1           5
          30          33          39          43          11          10
         133         135         285         271           5           3
          26          31          42          30           5          10
 Accuracy:    0.878   0.100   0.175  25.258
 Found          306  events.
 Wrote            1  events.
 Actual xsec    9.7603615304211622E-015
 Correct abs xsec    9.7603615304211622E-015
 Event xsec    9.7603615304211622E-015
 Events wgts > 1:            0
 % Cross section > 1:    0.0000000000000000        0.0000000000000000     
 Iteration  4   Mean: 0.3966E-13 Abs mean: 0.3966E-13   Fluctuation:  0.228E-13   0.180E-09    46.5%
  4    0.3966E-13 0.3966E-13 +- 0.2280E-13     51.42
 Relative summed weights:
  0.2960E-02  0.1637E-01  0.4473E-02  0.1161E-01  0.1155E-02  0.2655E-03
  0.9703E-02  0.4251E-02  0.1663E-01  0.2344E-02  0.1933E-04  0.1547E-04
  0.2579E-02  0.5398E-02  0.8607E-02  0.5696E+00  0.3609E-04  0.8675E-05
  0.1664E-02  0.1343E-01  0.6592E-02  0.6630E-01  0.3303E-04  0.1225E-04
  0.8546E-02  0.5197E-01  0.1037E-01  0.1019E-01  0.4573E-03  0.2223E-03
  0.4239E-02  0.5919E-02  0.2674E-01  0.1825E-01  0.1196E-03  0.6836E-05
  0.6580E-01  0.4211E-02  0.2238E-01  0.6304E-02  0.7546E-05  0.1904E-03
  0.5448E-02  0.2366E-02  0.2535E-02  0.9620E-02  0.6956E-05  0.9368E-04
 Relative number of events:
  0.3125E-01  0.3238E-01  0.6838E-01  0.7275E-01  0.1500E-02  0.1500E-02
  0.1000E-01  0.6625E-02  0.1200E-01  0.1038E-01  0.1500E-02  0.8750E-03
  0.3300E-01  0.3363E-01  0.7350E-01  0.7100E-01  0.1125E-02  0.1500E-02
  0.8750E-02  0.9375E-02  0.9625E-02  0.9125E-02  0.1000E-02  0.1250E-02
  0.3225E-01  0.2937E-01  0.7062E-01  0.6438E-01  0.1125E-02  0.1375E-02
  0.1087E-01  0.9500E-02  0.1162E-01  0.1362E-01  0.1125E-02  0.1750E-02
  0.3100E-01  0.3413E-01  0.7675E-01  0.6713E-01  0.7500E-03  0.1125E-02
  0.8750E-02  0.8375E-02  0.9500E-02  0.1038E-01  0.1000E-02  0.1500E-02
 Events:
         250         259         547         582          12          12
          80          53          96          83          12           7
         264         269         588         568           9          12
          70          75          77          73           8          10
         258         235         565         515           9          11
          87          76          93         109           9          14
         248         273         614         537           6           9
          70          67          76          83           8          12
 Accuracy:    0.670   0.100   0.167  16.095
 Found          126  events.
 Wrote            2  events.
 Actual xsec    1.4732102280542384E-014
 Correct abs xsec    1.4732102280542384E-014
 Event xsec    1.4732102280542384E-014
 Events wgts > 1:            0
 % Cross section > 1:    0.0000000000000000        0.0000000000000000     
 Iteration  5   Mean: 0.2080E-13 Abs mean: 0.2080E-13   Fluctuation:  0.441E-14   0.508E-10    47.9%
  5    0.2080E-13 0.2080E-13 +- 0.4407E-14     26.80
 Relative summed weights:
  0.1714E-01  0.1103E-01  0.3419E-01  0.1841E-01  0.5291E-04  0.3798E-03
  0.1388E+00  0.1962E-01  0.1592E+00  0.8315E-02  0.1645E-02  0.4270E-04
  0.1927E-01  0.1311E-01  0.2351E-01  0.1212E-01  0.3847E-03  0.1351E-04
  0.6708E-02  0.9798E-02  0.1007E-01  0.5590E-01  0.1997E-01  0.5906E-04
  0.5001E-01  0.9474E-02  0.2805E-01  0.5301E-01  0.2343E-03  0.4949E-03
  0.4878E-01  0.4564E-02  0.4006E-01  0.1877E-01  0.3134E-04  0.4001E-03
  0.3921E-01  0.1648E-01  0.1943E-01  0.3070E-01  0.6134E-04  0.4332E-04
  0.1856E-01  0.7515E-02  0.6548E-02  0.2703E-01  0.2030E-04  0.7799E-03
 Relative number of events:
  0.3263E-01  0.3481E-01  0.6863E-01  0.7019E-01  0.1375E-02  0.1187E-02
  0.8438E-02  0.8563E-02  0.1137E-01  0.1125E-01  0.1000E-02  0.1313E-02
  0.3181E-01  0.3444E-01  0.7187E-01  0.6938E-01  0.1063E-02  0.6250E-03
  0.9000E-02  0.7938E-02  0.1069E-01  0.1213E-01  0.1125E-02  0.1063E-02
  0.3513E-01  0.3394E-01  0.6850E-01  0.6663E-01  0.1063E-02  0.1250E-02
  0.8313E-02  0.7375E-02  0.1194E-01  0.1169E-01  0.9375E-03  0.1375E-02
  0.3456E-01  0.3062E-01  0.6919E-01  0.7125E-01  0.9375E-03  0.6875E-03
  0.8688E-02  0.9000E-02  0.1150E-01  0.1156E-01  0.8125E-03  0.1187E-02
 Events:
         522         557        1098        1123          22          19
         135         137         182         180          16          21
         509         551        1150        1110          17          10
         144         127         171         194          18          17
         562         543        1096        1066          17          20
         133         118         191         187          15          22
         553         490        1107        1140          15          11
         139         144         184         185          13          19
 Accuracy:    0.384   0.100   0.131   8.563
 Found          396  events.
 Wrote            6  events.
 Actual xsec    2.5350986607956482E-014
 Correct abs xsec    2.5350986607956482E-014
 Event xsec    2.5350986607956489E-014
 Events wgts > 1:            0
 % Cross section > 1:    0.0000000000000000        0.0000000000000000     

 -------------------------------------------------------------------------------
 Accumulated results:   Integral =  0.1555E-13
                        Std dev  =  0.2040E-14
                       Cross sec =  0.1555E-13
             Chi**2 per DoF.     =      8.5631
 -------------------------------------------------------------------------------
-------------------------------------------------
---------------------------
 Results Last   3 iters: Integral =   0.2535E-13
                     Abs integral =   0.2535E-13
                          Std dev =   0.4908E-14
                  Chi**2 per DoF. =      0.9983
-------------------------------------------------
---------------------------
 Status  0.10000000000000001                6           5

ls status:
events.lhe
ftn26
input_app.txt
results.dat
run1_app.log
