 Process in group number            1
 A PDF is used, so alpha_s(MZ) is going to be modified
 Old value of alpha_s from param_card:   0.11839999999999999     
  ****************************************
 
       NNPDFDriver version 1.0.3
   Grid: NNPDF23_lo_as_0130_qed_mem0.grid
  ****************************************
 New value of alpha_s from PDF nn23lo1:  0.13000000000000000     
 Define smin to   1600.0000000000000     
 Define smin to   1600.0000000000000     
 Define smin to   1600.0000000000000     
 *****************************************************
 *               MadGraph/MadEvent                   *
 *        --------------------------------           *
 *          http://madgraph.hep.uiuc.edu             *
 *          http://madgraph.phys.ucl.ac.be           *
 *          http://madgraph.roma2.infn.it            *
 *        --------------------------------           *
 *                                                   *
 *          PARAMETER AND COUPLING VALUES            *
 *                                                   *
 *****************************************************

  External Params
  ---------------------------------
  
 mdl_VeN1 =    1.0000000000000000     
 mdl_VeN2 =    0.0000000000000000     
 mdl_VeN3 =    0.0000000000000000     
 mdl_VmuN1 =    0.0000000000000000     
 mdl_VmuN2 =    1.0000000000000000     
 mdl_VmuN3 =    0.0000000000000000     
 mdl_VtaN1 =    0.0000000000000000     
 mdl_VtaN2 =    0.0000000000000000     
 mdl_VtaN3 =    1.0000000000000000     
 mdl_VN1N1 =    1.0000000000000000     
 mdl_VN1N2 =    1.0000000000000000     
 mdl_VN1N3 =    1.0000000000000000     
 mdl_VN2N2 =    1.0000000000000000     
 mdl_VN2N3 =    1.0000000000000000     
 mdl_VN3N3 =    1.0000000000000000     
 aEWM1 =    127.90000000000001     
 mdl_Gf =    1.1663700000000000E-005
 aS =   0.11839999999999999     
 mdl_ymt =    172.00000000000000     
 mdl_vevf =    50.000000000000000     
 mdl_MZ =    91.187600000000003     
 mdl_MT =    172.00000000000000     
 mdl_MH =    125.00000000000000     
 mdl_mN1 =    2000.0000000000000     
 mdl_mN2 =    2100.0000000000000     
 mdl_mN3 =    2200.0000000000000     
 mdl_MJ =    91.187600000000003     
 mdl_MAx =    173.04800000000000     
 mdl_WZ =    2.4952000000000001     
 mdl_WW =    2.0850000000000000     
 mdl_WT =    1.5083359999999999     
 mdl_WH =    4.0699999999999998E-003
 mdl_WN1 =   0.30299999999999999     
 mdl_WN2 =    1.5000000000000000     
 mdl_WN3 =    12.300000000000001     
 mdl_WJ =    2.4952000000000001     
 mdl_WAx =    4.1700000000000001E-003
  Internal Params
  ---------------------------------
  
 mdl_vevf__exp__2 =    2500.0000000000000     
 mdl_sqrt__vevf__exp__2 =    50.000000000000000     
 mdl_muJ =    50.000000000000000     
 mdl_MZ__exp__2 =    8315.1783937600012     
 mdl_MZ__exp__4 =    69142191.720053151     
 mdl_sqrt__2 =    1.4142135623730951     
 mdl_MJ__exp__2 =    8315.1783937600012     
 mdl_muJ__exp__2 =    2500.0000000000000     
 mdl_lamJ =    4.3260713575040004     
 mdl_MH__exp__2 =    15625.000000000000     
 mdl_complexi =  (  0.0000000000000000     ,  1.0000000000000000     )
 mdl_aEW =    7.8186082877247844E-003
 mdl_MW =    79.824359746197842     
 mdl_sqrt__aEW =    8.8422894590285753E-002
 mdl_ee =   0.31345100004952897     
 mdl_MW__exp__2 =    6371.9284088904105     
 mdl_sw2 =   0.23369913342182447     
 mdl_cw =   0.87538612427783857     
 mdl_sqrt__sw2 =   0.48342438232036300     
 mdl_sw =   0.48342438232036300     
 mdl_g1 =   0.35807170271074895     
 mdl_gN =   0.64839716719502682     
 mdl_gw =   0.64839716719502682     
 mdl_vev =    246.22056907348590     
 mdl_vev__exp__2 =    60624.568634871241     
 mdl_lam =   0.12886689630821144     
 mdl_yt =   0.98791394091683138     
 mdl_muH =    88.388347648318444     
 mdl_I2a33 =  ( 0.98791394091683138     ,  0.0000000000000000     )
 mdl_I3a33 =  ( 0.98791394091683138     ,  0.0000000000000000     )
 mdl_ee__exp__2 =    9.8251529432049817E-002
 mdl_sw__exp__2 =   0.23369913342182450     
 mdl_cw__exp__2 =   0.76630086657817542     
  Internal Params evaluated point by point
  ----------------------------------------
  
 mdl_sqrt__aS =   0.34409301068170506     
 mdl_G__exp__2 =    1.4878582807401259     
  Couplings of SM_HeavyN_UFO
  ---------------------------------
  
         GC_1 =  -0.00000E+00  -0.10448E+00
         GC_2 =   0.00000E+00   0.20897E+00
         GC_3 =  -0.00000E+00  -0.31345E+00
         GC_4 =   0.00000E+00   0.31345E+00
        GC_26 =   0.00000E+00   0.45849E+00
        GC_27 =  -0.00000E+00  -0.28380E+00
        GC_28 =   0.00000E+00   0.28380E+00
        GC_30 =   0.00000E+00   0.56760E+00
        GC_35 =  -0.00000E+00  -0.28850E-01
        GC_37 =   0.00000E+00   0.17310E+00
        GC_39 =   0.00000E+00  -0.19725E+00
        GC_40 =   0.00000E+00   0.37035E+00
        GC_80 =   0.00000E+00   0.67543E+02
       GC_107 =  -0.00000E+00  -0.74070E+00
       GC_109 =  -0.00000E+00  -0.74070E+00
       GC_111 =  -0.00000E+00  -0.74070E+00
       GC_113 =  -0.00000E+00  -0.74070E+00
       GC_115 =  -0.00000E+00  -0.74070E+00
       GC_117 =  -0.00000E+00  -0.74070E+00
       GC_119 =   0.00000E+00   0.00000E+00
       GC_120 =   0.00000E+00   0.00000E+00
       GC_122 =  -0.00000E+00  -0.00000E+00
       GC_126 =   0.00000E+00   0.00000E+00
       GC_127 =   0.00000E+00   0.00000E+00
       GC_129 =  -0.00000E+00  -0.00000E+00
       GC_133 =   0.00000E+00   0.45849E+00
       GC_134 =   0.00000E+00   0.37035E+00
       GC_136 =  -0.00000E+00  -0.89351E+01
        GC_81 =   0.40000E+02   0.00000E+00
        GC_82 =   0.42000E+02   0.00000E+00
        GC_83 =   0.44000E+02   0.00000E+00

 Collider parameters:
 --------------------

 Running at P P   machine @    13000.000000000000       GeV
 PDF set = nn23lo1
 alpha_s(Mz)= 0.1300 running at 2 loops.
 alpha_s(Mz)= 0.1300 running at 2 loops.
 Renormalization scale set on event-by-event basis
 Factorization   scale set on event-by-event basis


 getting user params
Enter number of events and max and min iterations: 
 Number of events and iterations         1000           5           3
Enter desired fractional accuracy: 
 Desired fractional accuracy:   0.10000000000000001     
Enter 0 for fixed, 2 for adjustable grid: 
Suppress amplitude (0 no, 1 yes)? 
 Using suppressed amplitude.
Exact helicity sum (0 yes, n = number/event)? 
 Explicitly summing over helicities
Enter Configuration Number: 
Running Configuration Number:  393
 Using dconfig=         619
 BW Setting            1           2           2           1           1           2           0
 Attempting mappinvarients           1           9
 Completed mapping           9
 about to integrate           19        1000           5           3          19           1
 Using non-zero grid deformation.
 19 dimensions   1000 events 19 invarients  5 iterations  1 config(s),  (0.99)
 Using h-tuple random number sequence.
 Error opening grid
 Using Uniform Grid!          36
 Using uniform alpha   1.0000000000000000     
 Grid defined OK
 Set CM energy to      13000.00
 Mapping Graph         393  to config         393
 Setting BW          -1           1   91.187600000000003     
Setting grid   2    0.36660E-04   1
Setting grid   3    0.17080E-03   1
 Setting BW          -4           4   79.824359746197842     
 Setting BW          -5           5   2200.0000000000000     
Setting grid   6    0.31531E-01   1
 Transforming s_hat 1/s           18   3.1530809861305562E-002   1600.0000000000000        168999999.99999997     
 393   1   2   3   4   5   6   7   8   9  10  11  12  13  14
  15  16  17  18  19
 Masses: 0.000E+00 0.000E+00 0.000E+00 0.000E+00 0.000E+00 0.000E+00 0.000E+00 0.000E+00 0.912E+02
Using random seed offsets   393 :      1
  with seed                   24
 Ranmar initialization seeds         123        9398
 
 ********************************************
 * You are using the DiscreteSampler module *
 *      part of the MG5_aMC framework       *
 *         Author: Valentin Hirschi         *
 ********************************************
 
  Particle       3       4       5       6       7       8       9
      Et >    10.0    10.0    10.0    10.0     0.0     0.0     0.0
       E >     0.0     0.0     0.0     0.0     0.0     0.0     0.0
     Eta <     2.5     2.5     2.5     2.5    -1.0    -1.0    -1.0
   xqcut:      0.0     0.0     0.0     0.0     0.0     0.0     0.0
d R # 3  >    -0.0     0.4     0.4     0.4     0.0     0.0     0.0
d R # 4  >    -0.0    -0.0     0.4     0.4     0.0     0.0     0.0
d R # 5  >    -0.0    -0.0    -0.0     0.4     0.0     0.0     0.0
d R # 6  >    -0.0    -0.0    -0.0    -0.0     0.0     0.0     0.0
d R # 7  >    -0.0    -0.0    -0.0    -0.0    -0.0     0.0     0.0
d R # 8  >    -0.0    -0.0    -0.0    -0.0    -0.0    -0.0     0.0
s min # 3>     0.0     0.0     0.0     0.0     0.0     0.0     0.0
s min # 4>     0.0     0.0     0.0     0.0     0.0     0.0     0.0
s min # 5>     0.0     0.0     0.0     0.0     0.0     0.0     0.0
s min # 6>     0.0     0.0     0.0     0.0     0.0     0.0     0.0
s min # 7>     0.0     0.0     0.0     0.0     0.0     0.0     0.0
s min # 8>     0.0     0.0     0.0     0.0     0.0     0.0     0.0
xqcutij # 3>     0.0     0.0     0.0     0.0     0.0     0.0     0.0
xqcutij # 4>     0.0     0.0     0.0     0.0     0.0     0.0     0.0
xqcutij # 5>     0.0     0.0     0.0     0.0     0.0     0.0     0.0
xqcutij # 6>     0.0     0.0     0.0     0.0     0.0     0.0     0.0
xqcutij # 7>     0.0     0.0     0.0     0.0     0.0     0.0     0.0
xqcutij # 8>     0.0     0.0     0.0     0.0     0.0     0.0     0.0
 Requiring BW           -1           1
 Excluding BW           -2           2
 Excluding BW           -3           3
 Requiring BW           -4           4
 Requiring BW           -5           5
 Excluding BW           -6           6
 alpha_s for scale    3310.1930500136045       is    8.1603064626568883E-002
 Added good helicity            1   10.257824718454541       in event            1 local:           1
 Added good helicity           41   3.6764783568527220       in event            1 local:           1
 Added good helicity          193   191.03284277533473       in event            1 local:           1
 Added good helicity          229   2.7253835413383423E-006  in event            1 local:           1
 Added good helicity          233   51.032851417043091       in event            1 local:           1
 Added good helicity            1   10.257824718455772       in event            1 local:           1
 Added good helicity           41   3.6764783568534214       in event            1 local:           1
 Added good helicity          193   191.03284277532441       in event            1 local:           1
 Added good helicity          229   2.7253835413388260E-006  in event            1 local:           1
 Added good helicity          233   51.032851417051482       in event            1 local:           1
 Added good helicity           25   9.7953113254217153E-004  in event            4 local:           2
 Added good helicity          217   7.3198618364070673E-003  in event            4 local:           2
 Added good helicity           25   9.7953113254216958E-004  in event            4 local:           2
 Added good helicity          217   7.3198618364072364E-003  in event            4 local:           2
 Added good helicity           37   3.6764783568527237       in event            7 local:           3
 Added good helicity           37   3.6764783568534054       in event            7 local:           3
 Added good helicity           21   9.7953113254217175E-004  in event           10 local:           4
 Added good helicity          213   7.3198618364070682E-003  in event           10 local:           4
 Added good helicity           21   9.7953113254216958E-004  in event           10 local:           4
 Added good helicity          213   7.3198618364072356E-003  in event           10 local:           4
 RESET CUMULATIVE VARIABLE
 RESET CUMULATIVE VARIABLE
 RESET CUMULATIVE VARIABLE
 Iteration  1   Mean: 0.4380E-07 Abs mean: 0.4380E-07   Fluctuation:  0.375E-07   0.373E-04    12.3%
  1    0.4380E-07 0.4380E-07 +- 0.3748E-07     27.06
 Writing out events   7.1368187310245736E-011   27.056927520123065     
 Relative summed weights:
  0.3454E-03  0.5867E-04  0.1233E-05  0.5898E-03  0.0000E+00  0.0000E+00
  0.1166E-01  0.2014E-03  0.1933E-04  0.1056E-02  0.0000E+00  0.0000E+00
  0.8638E-03  0.2206E-01  0.1286E-03  0.1063E-03  0.0000E+00  0.0000E+00
  0.2565E-03  0.1470E-01  0.4266E-03  0.7814E-04  0.0000E+00  0.0000E+00
  0.4148E-02  0.8514E+00  0.5719E-05  0.1488E-03  0.2744E-08  0.0000E+00
  0.8126E-01  0.1444E-03  0.1290E-02  0.2338E-06  0.0000E+00  0.0000E+00
  0.1142E-03  0.9781E-04  0.9098E-05  0.2390E-04  0.0000E+00  0.0000E+00
  0.1266E-03  0.3671E-02  0.5035E-02  0.3462E-05  0.0000E+00  0.0000E+00
 Relative number of events:
  0.2973E-01  0.2379E-01  0.2081E-01  0.1883E-01  0.0000E+00  0.0000E+00
  0.4955E-01  0.3964E-01  0.2874E-01  0.3271E-01  0.0000E+00  0.0000E+00
  0.3568E-01  0.3766E-01  0.2676E-01  0.2676E-01  0.0000E+00  0.0000E+00
  0.2973E-01  0.4063E-01  0.2478E-01  0.1586E-01  0.0000E+00  0.0000E+00
  0.2973E-01  0.3568E-01  0.1784E-01  0.2478E-01  0.9911E-03  0.0000E+00
  0.3865E-01  0.3964E-01  0.2279E-01  0.2379E-01  0.0000E+00  0.0000E+00
  0.4559E-01  0.6541E-01  0.2279E-01  0.2180E-01  0.0000E+00  0.0000E+00
  0.4163E-01  0.3667E-01  0.2775E-01  0.2279E-01  0.0000E+00  0.0000E+00
 Events:
          30          24          21          19           0           0
          50          40          29          33           0           0
          36          38          27          27           0           0
          30          41          25          16           0           0
          30          36          18          25           1           0
          39          40          23          24           0           0
          46          66          23          22           0           0
          42          37          28          23           0           0
 Iteration  2   Mean: 0.1164E-08 Abs mean: 0.1164E-08   Fluctuation:  0.370E-09   0.534E-06    13.7%
  2    0.1164E-08 0.1164E-08 +- 0.3698E-09     14.20
 Relative summed weights:
  0.5030E-01  0.7973E-02  0.2431E-03  0.4271E-03  0.0000E+00  0.0000E+00
  0.1761E+00  0.4706E-02  0.5017E-01  0.4553E-02  0.0000E+00  0.0000E+00
  0.3465E-03  0.3919E-01  0.8834E-04  0.6076E-02  0.0000E+00  0.0000E+00
  0.4116E-01  0.9664E-01  0.5369E-03  0.3087E-02  0.0000E+00  0.0000E+00
  0.4142E-01  0.2625E-01  0.1321E-02  0.3937E-02  0.0000E+00  0.0000E+00
  0.1465E-01  0.8002E-02  0.6577E-02  0.7742E-02  0.0000E+00  0.0000E+00
  0.5581E-02  0.1882E-01  0.1911E-02  0.1241E+00  0.0000E+00  0.0000E+00
  0.2428E+00  0.1437E-01  0.5594E-03  0.3488E-03  0.0000E+00  0.0000E+00
 Relative number of events:
  0.3400E-01  0.2600E-01  0.1350E-01  0.1650E-01  0.0000E+00  0.0000E+00
  0.5400E-01  0.4350E-01  0.2800E-01  0.2100E-01  0.0000E+00  0.0000E+00
  0.2650E-01  0.3250E-01  0.1700E-01  0.2650E-01  0.0000E+00  0.0000E+00
  0.4900E-01  0.5850E-01  0.2400E-01  0.2200E-01  0.0000E+00  0.0000E+00
  0.3100E-01  0.3450E-01  0.2000E-01  0.1850E-01  0.0000E+00  0.0000E+00
  0.3600E-01  0.3000E-01  0.1450E-01  0.2100E-01  0.0000E+00  0.0000E+00
  0.5500E-01  0.4900E-01  0.2400E-01  0.2650E-01  0.0000E+00  0.0000E+00
  0.5100E-01  0.5650E-01  0.1850E-01  0.2150E-01  0.0000E+00  0.0000E+00
 Events:
          68          52          27          33           0           0
         108          87          56          42           0           0
          53          65          34          53           0           0
          98         117          48          44           0           0
          62          69          40          37           0           0
          72          60          29          42           0           0
         110          98          48          53           0           0
         102         113          37          43           0           0
 Iteration  3   Mean: 0.9447E-08 Abs mean: 0.9447E-08   Fluctuation:  0.325E-08   0.966E-05    18.2%
  3    0.9447E-08 0.9447E-08 +- 0.3248E-08     21.75
 Relative summed weights:
  0.6113E-02  0.2659E-01  0.2329E-01  0.9735E-03  0.0000E+00  0.0000E+00
  0.2659E-02  0.1557E+00  0.2923E-02  0.1921E-01  0.0000E+00  0.3166E-07
  0.5100E-01  0.2248E-01  0.3763E-03  0.2929E-02  0.0000E+00  0.0000E+00
  0.8414E-02  0.3324E+00  0.1016E-02  0.4098E-02  0.0000E+00  0.0000E+00
  0.1861E-02  0.5815E-01  0.1278E-01  0.5662E-03  0.0000E+00  0.0000E+00
  0.2181E-01  0.4128E-01  0.2615E-02  0.1526E+00  0.0000E+00  0.0000E+00
  0.8894E-02  0.5216E-02  0.1114E-01  0.9789E-03  0.0000E+00  0.0000E+00
  0.1868E-02  0.1802E-01  0.7312E-03  0.1200E-02  0.0000E+00  0.0000E+00
 Relative number of events:
  0.2975E-01  0.3025E-01  0.1900E-01  0.2150E-01  0.0000E+00  0.0000E+00
  0.5275E-01  0.5275E-01  0.2500E-01  0.1600E-01  0.0000E+00  0.2500E-03
  0.3700E-01  0.2825E-01  0.1850E-01  0.2225E-01  0.0000E+00  0.0000E+00
  0.5550E-01  0.5225E-01  0.2475E-01  0.1900E-01  0.0000E+00  0.0000E+00
  0.3300E-01  0.3150E-01  0.1725E-01  0.1975E-01  0.0000E+00  0.0000E+00
  0.3100E-01  0.2875E-01  0.1875E-01  0.2075E-01  0.0000E+00  0.0000E+00
  0.4950E-01  0.5450E-01  0.2525E-01  0.1950E-01  0.0000E+00  0.0000E+00
  0.4875E-01  0.5250E-01  0.2225E-01  0.2225E-01  0.0000E+00  0.0000E+00
 Events:
         119         121          76          86           0           0
         211         211         100          64           0           1
         148         113          74          89           0           0
         222         209          99          76           0           0
         132         126          69          79           0           0
         124         115          75          83           0           0
         198         218         101          78           0           0
         195         210          89          89           0           0
 Accuracy:    0.981   0.100   0.225  18.984
 Found          323  events.
 Wrote            3  events.
 Actual xsec    7.6630144803999920E-009
 Correct abs xsec    7.6630144803999920E-009
 Event xsec    7.6630144803999920E-009
 Events wgts > 1:            1
 % Cross section > 1:    1.4832685106945672E-016   1.9356201328972877E-006
 Iteration  4   Mean: 0.6907E-08 Abs mean: 0.6907E-08   Fluctuation:  0.154E-08   0.749E-05    22.9%
  4    0.6907E-08 0.6907E-08 +- 0.1538E-08     19.91
 Relative summed weights:
  0.1502E+00  0.6432E-02  0.1874E-01  0.1196E-02  0.0000E+00  0.0000E+00
  0.3374E-01  0.7520E-01  0.2589E-02  0.5970E-02  0.0000E+00  0.1859E-07
  0.1055E-01  0.1145E-01  0.1104E-02  0.1414E-01  0.0000E+00  0.0000E+00
  0.2911E-01  0.2738E-01  0.7369E-02  0.9109E-02  0.0000E+00  0.0000E+00
  0.2382E-01  0.2642E+00  0.5985E-02  0.2748E-01  0.0000E+00  0.0000E+00
  0.3110E-01  0.8719E-01  0.6447E-02  0.1478E-01  0.0000E+00  0.0000E+00
  0.1888E-01  0.7766E-01  0.1551E-01  0.1169E-02  0.0000E+00  0.0000E+00
  0.6499E-02  0.9248E-02  0.1338E-02  0.4389E-02  0.0000E+00  0.0000E+00
 Relative number of events:
  0.3562E-01  0.3037E-01  0.1875E-01  0.2025E-01  0.0000E+00  0.0000E+00
  0.5337E-01  0.4800E-01  0.2088E-01  0.2075E-01  0.0000E+00  0.1250E-03
  0.2863E-01  0.2950E-01  0.1762E-01  0.2187E-01  0.0000E+00  0.0000E+00
  0.4913E-01  0.5162E-01  0.2138E-01  0.2413E-01  0.0000E+00  0.0000E+00
  0.3687E-01  0.3238E-01  0.2187E-01  0.1925E-01  0.0000E+00  0.0000E+00
  0.3188E-01  0.3513E-01  0.2113E-01  0.2038E-01  0.0000E+00  0.0000E+00
  0.5075E-01  0.4863E-01  0.2025E-01  0.2075E-01  0.0000E+00  0.0000E+00
  0.5250E-01  0.5287E-01  0.2025E-01  0.2312E-01  0.0000E+00  0.0000E+00
 Events:
         285         243         150         162           0           0
         427         384         167         166           0           1
         229         236         141         175           0           0
         393         413         171         193           0           0
         295         259         175         154           0           0
         255         281         169         163           0           0
         406         389         162         166           0           0
         420         423         162         185           0           0
 Accuracy:    0.593   0.100   0.158  14.055
 Found          292  events.
 Wrote            5  events.
 Actual xsec    5.9867311288299430E-009
 Correct abs xsec    5.9867311288299430E-009
 Event xsec    5.9867311288299439E-009
 Events wgts > 1:            1
 % Cross section > 1:    1.4494415220270277E-016   2.4210900587251006E-006
 Iteration  5   Mean: 0.1014E-07 Abs mean: 0.1014E-07   Fluctuation:  0.158E-08   0.187E-04    24.5%
  5    0.1014E-07 0.1014E-07 +- 0.1584E-08     19.76
 Relative summed weights:
  0.3450E-01  0.1516E-01  0.1388E-01  0.3908E-02  0.0000E+00  0.0000E+00
  0.4400E-01  0.2541E-01  0.1628E+00  0.4575E-02  0.2123E-06  0.0000E+00
  0.1627E-01  0.3164E-01  0.1767E-01  0.2515E-01  0.3927E-08  0.0000E+00
  0.1952E-01  0.6291E-01  0.1483E-01  0.2708E-01  0.0000E+00  0.0000E+00
  0.1733E-01  0.4822E-01  0.4613E-02  0.8028E-01  0.3527E-08  0.5911E-08
  0.1608E-01  0.3468E-01  0.9670E-02  0.3302E-02  0.5802E-03  0.0000E+00
  0.5100E-01  0.5810E-01  0.9116E-02  0.8768E-02  0.0000E+00  0.3625E-06
  0.2254E-01  0.8037E-01  0.6464E-02  0.2956E-01  0.0000E+00  0.0000E+00
 Relative number of events:
  0.3175E-01  0.3463E-01  0.2063E-01  0.1944E-01  0.0000E+00  0.0000E+00
  0.5356E-01  0.4963E-01  0.2006E-01  0.1937E-01  0.6250E-04  0.0000E+00
  0.3213E-01  0.3112E-01  0.1856E-01  0.1969E-01  0.6250E-04  0.0000E+00
  0.5162E-01  0.5150E-01  0.2013E-01  0.2444E-01  0.0000E+00  0.0000E+00
  0.3213E-01  0.3263E-01  0.2063E-01  0.2156E-01  0.6250E-04  0.6250E-04
  0.3350E-01  0.3481E-01  0.1713E-01  0.2000E-01  0.6250E-04  0.0000E+00
  0.4969E-01  0.5056E-01  0.1738E-01  0.2250E-01  0.0000E+00  0.6250E-04
  0.5256E-01  0.5394E-01  0.2144E-01  0.2094E-01  0.0000E+00  0.0000E+00
 Events:
         508         554         330         311           0           0
         857         794         321         310           1           0
         514         498         297         315           1           0
         826         824         322         391           0           0
         514         522         330         345           1           1
         536         557         274         320           1           0
         795         809         278         360           0           1
         841         863         343         335           0           0
 Accuracy:    0.312   0.100   0.111   7.875
 Found         1174  events.
 Wrote           11  events.
 Actual xsec    9.1195117388693657E-009
 Correct abs xsec    9.1195117388693657E-009
 Event xsec    9.1195117388693624E-009
 Events wgts > 1:            1
 % Cross section > 1:    1.4635362857201645E-016   1.6048406182561851E-006

 -------------------------------------------------------------------------------
 Accumulated results:   Integral =  0.8730E-08
                        Std dev  =  0.9706E-09
                       Cross sec =  0.8730E-08
             Chi**2 per DoF.     =      7.8751
 -------------------------------------------------------------------------------
-------------------------------------------------
---------------------------
 Results Last   3 iters: Integral =   0.9120E-08
                     Abs integral =   0.9120E-08
                          Std dev =   0.1093E-08
                  Chi**2 per DoF. =      1.2481
-------------------------------------------------
---------------------------
 Status  0.10000000000000001                6           5

ls status:
events.lhe
ftn26
input_app.txt
results.dat
run1_app.log
