 Process in group number            1
 A PDF is used, so alpha_s(MZ) is going to be modified
 Old value of alpha_s from param_card:   0.11839999999999999     
  ****************************************
 
       NNPDFDriver version 1.0.3
   Grid: NNPDF23_lo_as_0130_qed_mem0.grid
  ****************************************
 New value of alpha_s from PDF nn23lo1:  0.13000000000000000     
 Define smin to   1600.0000000000000     
 Define smin to   1600.0000000000000     
 Define smin to   1600.0000000000000     
 *****************************************************
 *               MadGraph/MadEvent                   *
 *        --------------------------------           *
 *          http://madgraph.hep.uiuc.edu             *
 *          http://madgraph.phys.ucl.ac.be           *
 *          http://madgraph.roma2.infn.it            *
 *        --------------------------------           *
 *                                                   *
 *          PARAMETER AND COUPLING VALUES            *
 *                                                   *
 *****************************************************

  External Params
  ---------------------------------
  
 mdl_VeN1 =    1.0000000000000000     
 mdl_VeN2 =    0.0000000000000000     
 mdl_VeN3 =    0.0000000000000000     
 mdl_VmuN1 =    0.0000000000000000     
 mdl_VmuN2 =    1.0000000000000000     
 mdl_VmuN3 =    0.0000000000000000     
 mdl_VtaN1 =    0.0000000000000000     
 mdl_VtaN2 =    0.0000000000000000     
 mdl_VtaN3 =    1.0000000000000000     
 mdl_VN1N1 =    1.0000000000000000     
 mdl_VN1N2 =    1.0000000000000000     
 mdl_VN1N3 =    1.0000000000000000     
 mdl_VN2N2 =    1.0000000000000000     
 mdl_VN2N3 =    1.0000000000000000     
 mdl_VN3N3 =    1.0000000000000000     
 aEWM1 =    127.90000000000001     
 mdl_Gf =    1.1663700000000000E-005
 aS =   0.11839999999999999     
 mdl_ymt =    172.00000000000000     
 mdl_vevf =    50.000000000000000     
 mdl_MZ =    91.187600000000003     
 mdl_MT =    172.00000000000000     
 mdl_MH =    125.00000000000000     
 mdl_mN1 =    2000.0000000000000     
 mdl_mN2 =    2100.0000000000000     
 mdl_mN3 =    2200.0000000000000     
 mdl_MJ =    91.187600000000003     
 mdl_MAx =    173.04800000000000     
 mdl_WZ =    2.4952000000000001     
 mdl_WW =    2.0850000000000000     
 mdl_WT =    1.5083359999999999     
 mdl_WH =    4.0699999999999998E-003
 mdl_WN1 =   0.30299999999999999     
 mdl_WN2 =    1.5000000000000000     
 mdl_WN3 =    12.300000000000001     
 mdl_WJ =    2.4952000000000001     
 mdl_WAx =    4.1700000000000001E-003
  Internal Params
  ---------------------------------
  
 mdl_vevf__exp__2 =    2500.0000000000000     
 mdl_sqrt__vevf__exp__2 =    50.000000000000000     
 mdl_muJ =    50.000000000000000     
 mdl_MZ__exp__2 =    8315.1783937600012     
 mdl_MZ__exp__4 =    69142191.720053151     
 mdl_sqrt__2 =    1.4142135623730951     
 mdl_MJ__exp__2 =    8315.1783937600012     
 mdl_muJ__exp__2 =    2500.0000000000000     
 mdl_lamJ =    4.3260713575040004     
 mdl_MH__exp__2 =    15625.000000000000     
 mdl_complexi =  (  0.0000000000000000     ,  1.0000000000000000     )
 mdl_aEW =    7.8186082877247844E-003
 mdl_MW =    79.824359746197842     
 mdl_sqrt__aEW =    8.8422894590285753E-002
 mdl_ee =   0.31345100004952897     
 mdl_MW__exp__2 =    6371.9284088904105     
 mdl_sw2 =   0.23369913342182447     
 mdl_cw =   0.87538612427783857     
 mdl_sqrt__sw2 =   0.48342438232036300     
 mdl_sw =   0.48342438232036300     
 mdl_g1 =   0.35807170271074895     
 mdl_gN =   0.64839716719502682     
 mdl_gw =   0.64839716719502682     
 mdl_vev =    246.22056907348590     
 mdl_vev__exp__2 =    60624.568634871241     
 mdl_lam =   0.12886689630821144     
 mdl_yt =   0.98791394091683138     
 mdl_muH =    88.388347648318444     
 mdl_I2a33 =  ( 0.98791394091683138     ,  0.0000000000000000     )
 mdl_I3a33 =  ( 0.98791394091683138     ,  0.0000000000000000     )
 mdl_ee__exp__2 =    9.8251529432049817E-002
 mdl_sw__exp__2 =   0.23369913342182450     
 mdl_cw__exp__2 =   0.76630086657817542     
  Internal Params evaluated point by point
  ----------------------------------------
  
 mdl_sqrt__aS =   0.34409301068170506     
 mdl_G__exp__2 =    1.4878582807401259     
  Couplings of SM_HeavyN_UFO
  ---------------------------------
  
         GC_1 =  -0.00000E+00  -0.10448E+00
         GC_2 =   0.00000E+00   0.20897E+00
         GC_3 =  -0.00000E+00  -0.31345E+00
         GC_4 =   0.00000E+00   0.31345E+00
        GC_26 =   0.00000E+00   0.45849E+00
        GC_27 =  -0.00000E+00  -0.28380E+00
        GC_28 =   0.00000E+00   0.28380E+00
        GC_30 =   0.00000E+00   0.56760E+00
        GC_35 =  -0.00000E+00  -0.28850E-01
        GC_37 =   0.00000E+00   0.17310E+00
        GC_39 =   0.00000E+00  -0.19725E+00
        GC_40 =   0.00000E+00   0.37035E+00
        GC_80 =   0.00000E+00   0.67543E+02
       GC_107 =  -0.00000E+00  -0.74070E+00
       GC_109 =  -0.00000E+00  -0.74070E+00
       GC_111 =  -0.00000E+00  -0.74070E+00
       GC_113 =  -0.00000E+00  -0.74070E+00
       GC_115 =  -0.00000E+00  -0.74070E+00
       GC_117 =  -0.00000E+00  -0.74070E+00
       GC_119 =   0.00000E+00   0.00000E+00
       GC_120 =   0.00000E+00   0.00000E+00
       GC_122 =  -0.00000E+00  -0.00000E+00
       GC_126 =   0.00000E+00   0.00000E+00
       GC_127 =   0.00000E+00   0.00000E+00
       GC_129 =  -0.00000E+00  -0.00000E+00
       GC_133 =   0.00000E+00   0.45849E+00
       GC_134 =   0.00000E+00   0.37035E+00
       GC_136 =  -0.00000E+00  -0.89351E+01
        GC_81 =   0.40000E+02   0.00000E+00
        GC_82 =   0.42000E+02   0.00000E+00
        GC_83 =   0.44000E+02   0.00000E+00

 Collider parameters:
 --------------------

 Running at P P   machine @    13000.000000000000       GeV
 PDF set = nn23lo1
 alpha_s(Mz)= 0.1300 running at 2 loops.
 alpha_s(Mz)= 0.1300 running at 2 loops.
 Renormalization scale set on event-by-event basis
 Factorization   scale set on event-by-event basis


 getting user params
Enter number of events and max and min iterations: 
 Number of events and iterations         1000           5           3
Enter desired fractional accuracy: 
 Desired fractional accuracy:   0.10000000000000001     
Enter 0 for fixed, 2 for adjustable grid: 
Suppress amplitude (0 no, 1 yes)? 
 Using suppressed amplitude.
Exact helicity sum (0 yes, n = number/event)? 
 Explicitly summing over helicities
Enter Configuration Number: 
Running Configuration Number:  333
 Using dconfig=         643
 BW Setting            1           1           2           2           1           2           0
 Attempting mappinvarients           1           9
 Completed mapping           9
 about to integrate           19        1000           5           3          19           1
 Using non-zero grid deformation.
 19 dimensions   1000 events 19 invarients  5 iterations  1 config(s),  (0.99)
 Using h-tuple random number sequence.
 Error opening grid
 Using Uniform Grid!          36
 Using uniform alpha   1.0000000000000000     
 Grid defined OK
 Set CM energy to      13000.00
 Mapping Graph         333  to config         333
 Setting BW          -1           1   79.824359746197842     
 Setting BW          -2           2   2200.0000000000000     
Setting grid   3    0.29417E-01   1
Setting grid   4    0.29417E-01   1
 Setting BW          -5           5   91.187600000000003     
Setting grid   6    0.31531E-01   1
 Transforming s_hat 1/s           18   3.1530809861305575E-002   1600.0000000000000        168999999.99999997     
 333   1   2   3   4   5   6   7   8   9  10  11  12  13  14
  15  16  17  18  19
 Masses: 0.000E+00 0.000E+00 0.000E+00 0.000E+00 0.000E+00 0.000E+00 0.000E+00 0.000E+00 0.912E+02
Using random seed offsets   333 :      1
  with seed                   24
 Ranmar initialization seeds          63        9398
 
 ********************************************
 * You are using the DiscreteSampler module *
 *      part of the MG5_aMC framework       *
 *         Author: Valentin Hirschi         *
 ********************************************
 
  Particle       3       4       5       6       7       8       9
      Et >    10.0    10.0    10.0    10.0     0.0     0.0     0.0
       E >     0.0     0.0     0.0     0.0     0.0     0.0     0.0
     Eta <     2.5     2.5     2.5     2.5    -1.0    -1.0    -1.0
   xqcut:      0.0     0.0     0.0     0.0     0.0     0.0     0.0
d R # 3  >    -0.0     0.4     0.4     0.4     0.0     0.0     0.0
d R # 4  >    -0.0    -0.0     0.4     0.4     0.0     0.0     0.0
d R # 5  >    -0.0    -0.0    -0.0     0.4     0.0     0.0     0.0
d R # 6  >    -0.0    -0.0    -0.0    -0.0     0.0     0.0     0.0
d R # 7  >    -0.0    -0.0    -0.0    -0.0    -0.0     0.0     0.0
d R # 8  >    -0.0    -0.0    -0.0    -0.0    -0.0    -0.0     0.0
s min # 3>     0.0     0.0     0.0     0.0     0.0     0.0     0.0
s min # 4>     0.0     0.0     0.0     0.0     0.0     0.0     0.0
s min # 5>     0.0     0.0     0.0     0.0     0.0     0.0     0.0
s min # 6>     0.0     0.0     0.0     0.0     0.0     0.0     0.0
s min # 7>     0.0     0.0     0.0     0.0     0.0     0.0     0.0
s min # 8>     0.0     0.0     0.0     0.0     0.0     0.0     0.0
xqcutij # 3>     0.0     0.0     0.0     0.0     0.0     0.0     0.0
xqcutij # 4>     0.0     0.0     0.0     0.0     0.0     0.0     0.0
xqcutij # 5>     0.0     0.0     0.0     0.0     0.0     0.0     0.0
xqcutij # 6>     0.0     0.0     0.0     0.0     0.0     0.0     0.0
xqcutij # 7>     0.0     0.0     0.0     0.0     0.0     0.0     0.0
xqcutij # 8>     0.0     0.0     0.0     0.0     0.0     0.0     0.0
 Requiring BW           -1           1
 Requiring BW           -2           2
 Excluding BW           -3           3
 Excluding BW           -4           4
 Requiring BW           -5           5
 Excluding BW           -6           6
 alpha_s for scale    3233.8112868203552       is    8.1799442087740704E-002
 Added good helicity            1  0.37805735919614458       in event            1 local:           1
 Added good helicity           37   2.1709377422634521E-008  in event            1 local:           1
 Added good helicity           41  0.32687608379261268       in event            1 local:           1
 Added good helicity          193   162.67969721674004       in event            1 local:           1
 Added good helicity          229   6.3809930302646630E-008  in event            1 local:           1
 Added good helicity          233   92.615369253086655       in event            1 local:           1
 Added good helicity            1  0.37805735919611905       in event            1 local:           1
 Added good helicity           37   2.1709377422639312E-008  in event            1 local:           1
 Added good helicity           41  0.32687608379262556       in event            1 local:           1
 Added good helicity          193   162.67969721673904       in event            1 local:           1
 Added good helicity          229   6.3809930302629014E-008  in event            1 local:           1
 Added good helicity          233   92.615369253087636       in event            1 local:           1
 Added good helicity          217   5.5035760491443348E-008  in event            5 local:           2
 Added good helicity          217   5.5035760491446346E-008  in event            5 local:           2
 Added good helicity          213   5.5035760491443381E-008  in event           11 local:           4
 Added good helicity          213   5.5035760491446068E-008  in event           11 local:           4
 Added good helicity           21   2.1709377422634478E-008  in event           13 local:           5
 Added good helicity           25  0.32687608379261263       in event           13 local:           5
 Added good helicity           21   2.1709377422640060E-008  in event           13 local:           5
 Added good helicity           25  0.32687608379262600       in event           13 local:           5
 RESET CUMULATIVE VARIABLE
 Added good helicity           61   3.3016029850970852E-008  in event           25 local:           9
 Added good helicity          253   2.7928413949207609E-007  in event           25 local:           9
 RESET CUMULATIVE VARIABLE
 RESET CUMULATIVE VARIABLE
 Iteration  1   Mean: 0.3781E-11 Abs mean: 0.3781E-11   Fluctuation:  0.137E-11   0.109E-08    28.2%
  1    0.3781E-11 0.3781E-11 +- 0.1369E-11     11.45
 Writing out events   2.6851654004474911E-015   11.449766256330209     
 Relative summed weights:
  0.9667E-02  0.6252E-01  0.2678E-02  0.2290E-01  0.0000E+00  0.0000E+00
  0.3425E-01  0.5365E-01  0.5863E-04  0.4141E-02  0.0000E+00  0.0000E+00
  0.2889E-01  0.6146E-02  0.2883E+00  0.6194E-02  0.0000E+00  0.0000E+00
  0.4056E-02  0.9272E-02  0.2385E-03  0.2373E-01  0.0000E+00  0.0000E+00
  0.1019E+00  0.6086E-02  0.1482E-02  0.3771E-01  0.0000E+00  0.3618E-05
  0.1826E+00  0.1402E-01  0.3980E-02  0.7742E-03  0.5645E-04  0.0000E+00
  0.5267E-01  0.3616E-02  0.2564E-04  0.7642E-03  0.0000E+00  0.0000E+00
  0.3307E-01  0.4465E-02  0.9742E-04  0.7491E-04  0.0000E+00  0.0000E+00
 Relative number of events:
  0.5847E-01  0.4955E-01  0.4955E-01  0.3370E-01  0.0000E+00  0.0000E+00
  0.1982E-01  0.3171E-01  0.1982E-02  0.7929E-02  0.0000E+00  0.0000E+00
  0.6640E-01  0.5550E-01  0.3271E-01  0.3964E-01  0.0000E+00  0.0000E+00
  0.1784E-01  0.2577E-01  0.4955E-02  0.7929E-02  0.0000E+00  0.0000E+00
  0.5154E-01  0.6938E-01  0.3964E-01  0.4757E-01  0.0000E+00  0.9911E-03
  0.5253E-01  0.4856E-01  0.4460E-01  0.3964E-01  0.9911E-03  0.0000E+00
  0.2379E-01  0.2180E-01  0.4955E-02  0.9911E-03  0.0000E+00  0.0000E+00
  0.2081E-01  0.1784E-01  0.5946E-02  0.4955E-02  0.0000E+00  0.0000E+00
 Events:
          59          50          50          34           0           0
          20          32           2           8           0           0
          67          56          33          40           0           0
          18          26           5           8           0           0
          52          70          40          48           0           1
          53          49          45          40           1           0
          24          22           5           1           0           0
          21          18           6           5           0           0
 Iteration  2   Mean: 0.4310E-11 Abs mean: 0.4310E-11   Fluctuation:  0.224E-11   0.440E-08    43.0%
  2    0.4310E-11 0.4310E-11 +- 0.2243E-11     23.27
 Relative summed weights:
  0.9819E-02  0.4920E-02  0.3129E-02  0.4762E-02  0.1459E-04  0.0000E+00
  0.1118E-01  0.2106E-01  0.3514E-03  0.3428E-02  0.0000E+00  0.0000E+00
  0.1500E-01  0.8814E-02  0.2145E-02  0.3329E-01  0.0000E+00  0.0000E+00
  0.1038E-01  0.5140E+00  0.8750E-03  0.2718E-02  0.0000E+00  0.0000E+00
  0.3733E-01  0.7806E-01  0.3471E-01  0.2838E-02  0.0000E+00  0.4849E-05
  0.1397E-01  0.1668E-01  0.7688E-02  0.2442E-02  0.0000E+00  0.0000E+00
  0.1236E-02  0.2888E-02  0.4548E-01  0.7955E-05  0.2314E-01  0.0000E+00
  0.4067E-01  0.4646E-01  0.5088E-03  0.5426E-04  0.0000E+00  0.0000E+00
 Relative number of events:
  0.6150E-01  0.6350E-01  0.4050E-01  0.3950E-01  0.1000E-02  0.0000E+00
  0.2700E-01  0.1900E-01  0.4500E-02  0.4500E-02  0.0000E+00  0.0000E+00
  0.6200E-01  0.6150E-01  0.3600E-01  0.3800E-01  0.0000E+00  0.0000E+00
  0.2100E-01  0.1250E-01  0.4500E-02  0.4500E-02  0.0000E+00  0.0000E+00
  0.6600E-01  0.6350E-01  0.3850E-01  0.3600E-01  0.0000E+00  0.5000E-03
  0.7150E-01  0.6050E-01  0.3550E-01  0.3550E-01  0.0000E+00  0.0000E+00
  0.2050E-01  0.1750E-01  0.3500E-02  0.3000E-02  0.5000E-03  0.0000E+00
  0.1900E-01  0.2000E-01  0.4500E-02  0.3000E-02  0.0000E+00  0.0000E+00
 Events:
         123         127          81          79           2           0
          54          38           9           9           0           0
         124         123          72          76           0           0
          42          25           9           9           0           0
         132         127          77          72           0           1
         143         121          71          71           0           0
          41          35           7           6           1           0
          38          40           9           6           0           0
 Iteration  3   Mean: 0.1042E-10 Abs mean: 0.1042E-10   Fluctuation:  0.810E-11   0.323E-07    43.6%
  3    0.1042E-10 0.1042E-10 +- 0.8102E-11     49.18
 Relative summed weights:
  0.2250E-01  0.4873E-01  0.5980E-02  0.5938E-02  0.0000E+00  0.0000E+00
  0.7255E-02  0.1807E-02  0.4827E-04  0.7877E-03  0.0000E+00  0.0000E+00
  0.7806E+00  0.3896E-02  0.9168E-03  0.3513E-02  0.2328E-05  0.0000E+00
  0.1753E-01  0.1578E-01  0.8054E-02  0.9472E-03  0.0000E+00  0.0000E+00
  0.2082E-02  0.8850E-02  0.2115E-02  0.4698E-03  0.0000E+00  0.0000E+00
  0.2840E-02  0.9470E-02  0.7346E-03  0.5355E-03  0.3166E-08  0.0000E+00
  0.8124E-02  0.1533E-01  0.1247E-02  0.8030E-02  0.0000E+00  0.0000E+00
  0.1251E-01  0.1026E-02  0.1465E-02  0.8738E-03  0.0000E+00  0.0000E+00
 Relative number of events:
  0.6525E-01  0.6200E-01  0.3200E-01  0.3525E-01  0.0000E+00  0.0000E+00
  0.2100E-01  0.2325E-01  0.4250E-02  0.7500E-02  0.0000E+00  0.0000E+00
  0.6375E-01  0.6725E-01  0.3575E-01  0.4100E-01  0.2500E-03  0.0000E+00
  0.2225E-01  0.1900E-01  0.7250E-02  0.4500E-02  0.0000E+00  0.0000E+00
  0.5625E-01  0.5325E-01  0.4050E-01  0.4075E-01  0.0000E+00  0.0000E+00
  0.5750E-01  0.5850E-01  0.3550E-01  0.4125E-01  0.2500E-03  0.0000E+00
  0.2200E-01  0.2050E-01  0.3750E-02  0.6750E-02  0.0000E+00  0.0000E+00
  0.2175E-01  0.1925E-01  0.6250E-02  0.4500E-02  0.0000E+00  0.0000E+00
 Events:
         261         248         128         141           0           0
          84          93          17          30           0           0
         255         269         143         164           1           0
          89          76          29          18           0           0
         225         213         162         163           0           0
         230         234         142         165           1           0
          88          82          15          27           0           0
          87          77          25          18           0           0
 Accuracy:    0.321   0.100   0.278   1.336
 Found          131  events.
 Wrote            2  events.
 Actual xsec    4.7775496051472567E-012
 Correct abs xsec    4.7775496051472567E-012
 Event xsec    4.7775496051472567E-012
 Events wgts > 1:            0
 % Cross section > 1:    0.0000000000000000        0.0000000000000000     
 Iteration  4   Mean: 0.3148E-11 Abs mean: 0.3148E-11   Fluctuation:  0.102E-11   0.723E-08    42.4%
  4    0.3148E-11 0.3148E-11 +- 0.1024E-11     29.10
 Relative summed weights:
  0.1815E-01  0.8906E-01  0.7999E-02  0.2086E-01  0.0000E+00  0.0000E+00
  0.6263E-02  0.1995E-01  0.4832E-02  0.5200E-02  0.0000E+00  0.0000E+00
  0.1904E-01  0.9993E-01  0.1042E-01  0.2700E-02  0.0000E+00  0.1289E-05
  0.7169E-02  0.2380E-02  0.2952E-01  0.3460E-01  0.0000E+00  0.2706E-05
  0.4137E-01  0.4330E-01  0.1089E-01  0.1495E-01  0.6752E-06  0.0000E+00
  0.3068E+00  0.7153E-02  0.2140E-02  0.3677E-02  0.0000E+00  0.0000E+00
  0.1965E-01  0.9917E-02  0.4841E-01  0.1168E-02  0.0000E+00  0.0000E+00
  0.7298E-02  0.8499E-02  0.7446E-01  0.2221E-01  0.0000E+00  0.0000E+00
 Relative number of events:
  0.6087E-01  0.6263E-01  0.3625E-01  0.3537E-01  0.0000E+00  0.0000E+00
  0.2337E-01  0.2325E-01  0.4125E-02  0.5875E-02  0.0000E+00  0.0000E+00
  0.6112E-01  0.6425E-01  0.3950E-01  0.3525E-01  0.0000E+00  0.1250E-03
  0.2262E-01  0.1900E-01  0.5625E-02  0.5000E-02  0.0000E+00  0.1250E-03
  0.5588E-01  0.6350E-01  0.3463E-01  0.3675E-01  0.2500E-03  0.0000E+00
  0.6638E-01  0.6000E-01  0.3288E-01  0.3650E-01  0.0000E+00  0.0000E+00
  0.2375E-01  0.2325E-01  0.4750E-02  0.5500E-02  0.0000E+00  0.0000E+00
  0.2050E-01  0.2125E-01  0.6000E-02  0.3875E-02  0.0000E+00  0.0000E+00
 Events:
         487         501         290         283           0           0
         187         186          33          47           0           0
         489         514         316         282           0           1
         181         152          45          40           0           1
         447         508         277         294           2           0
         531         480         263         292           0           0
         190         186          38          44           0           0
         164         170          48          31           0           0
 Accuracy:    0.259   0.100   0.211   1.504
 Found          119  events.
 Wrote            1  events.
 Actual xsec    4.2510995630602938E-012
 Correct abs xsec    4.2510995630602938E-012
 Event xsec    4.2510995630602938E-012
 Events wgts > 1:            1
 % Cross section > 1:    6.2214227552135331E-019   1.4634855436636346E-005
 Iteration  5   Mean: 0.2671E-11 Abs mean: 0.2671E-11   Fluctuation:  0.562E-12   0.658E-08    42.9%
  5    0.2671E-11 0.2671E-11 +- 0.5616E-12     26.59
 Relative summed weights:
  0.4235E-01  0.3140E-01  0.1657E-01  0.7643E-02  0.6456E-09  0.2764E-06
  0.2566E-01  0.6826E-01  0.6801E-02  0.5512E-02  0.0000E+00  0.0000E+00
  0.2018E-01  0.6576E-01  0.2655E-01  0.1049E-01  0.1176E-08  0.4968E-04
  0.8509E-02  0.7604E-01  0.1209E-01  0.6646E-01  0.0000E+00  0.0000E+00
  0.1731E+00  0.1186E-01  0.3676E-01  0.3059E-01  0.7683E-09  0.2318E-05
  0.2095E-01  0.3741E-01  0.6069E-02  0.1964E-01  0.7983E-06  0.2969E-04
  0.1012E+00  0.1160E-01  0.2231E-02  0.2051E-01  0.0000E+00  0.0000E+00
  0.8872E-02  0.1866E-01  0.6166E-02  0.4013E-02  0.4050E-08  0.0000E+00
 Relative number of events:
  0.5950E-01  0.6200E-01  0.3600E-01  0.3562E-01  0.6250E-04  0.6250E-04
  0.2488E-01  0.2138E-01  0.5063E-02  0.5687E-02  0.0000E+00  0.0000E+00
  0.6237E-01  0.5956E-01  0.3737E-01  0.3569E-01  0.6250E-04  0.3750E-03
  0.2300E-01  0.2031E-01  0.5063E-02  0.4437E-02  0.0000E+00  0.0000E+00
  0.6488E-01  0.5981E-01  0.3519E-01  0.3681E-01  0.6250E-04  0.3125E-03
  0.5987E-01  0.6237E-01  0.3450E-01  0.3787E-01  0.1250E-03  0.1250E-03
  0.2363E-01  0.2075E-01  0.5125E-02  0.5812E-02  0.0000E+00  0.0000E+00
  0.2262E-01  0.2131E-01  0.4562E-02  0.5687E-02  0.6250E-04  0.0000E+00
 Events:
         952         992         576         570           1           1
         398         342          81          91           0           0
         998         953         598         571           1           6
         368         325          81          71           0           0
        1038         957         563         589           1           5
         958         998         552         606           2           2
         378         332          82          93           0           0
         362         341          73          91           1           0
 Accuracy:    0.219   0.100   0.149   2.152
 Found          536  events.
 Wrote            8  events.
 Actual xsec    3.1846875759220520E-012
 Correct abs xsec    3.1846875759220520E-012
 Event xsec    3.1846875759220520E-012
 Events wgts > 1:            0
 % Cross section > 1:    0.0000000000000000        0.0000000000000000     

 -------------------------------------------------------------------------------
 Accumulated results:   Integral =  0.3378E-11
                        Std dev  =  0.5033E-12
                       Cross sec =  0.3378E-11
             Chi**2 per DoF.     =      2.1521
 -------------------------------------------------------------------------------
-------------------------------------------------
---------------------------
 Results Last   3 iters: Integral =   0.3185E-11
                     Abs integral =   0.3185E-11
                          Std dev =   0.5484E-12
                  Chi**2 per DoF. =      0.8172
-------------------------------------------------
---------------------------
 Status  0.10000000000000001                6           5

ls status:
events.lhe
ftn26
input_app.txt
results.dat
run1_app.log
