 Process in group number            1
 A PDF is used, so alpha_s(MZ) is going to be modified
 Old value of alpha_s from param_card:   0.11839999999999999     
  ****************************************
 
       NNPDFDriver version 1.0.3
   Grid: NNPDF23_lo_as_0130_qed_mem0.grid
  ****************************************
 New value of alpha_s from PDF nn23lo1:  0.13000000000000000     
 Define smin to   1600.0000000000000     
 Define smin to   1600.0000000000000     
 Define smin to   1600.0000000000000     
 *****************************************************
 *               MadGraph/MadEvent                   *
 *        --------------------------------           *
 *          http://madgraph.hep.uiuc.edu             *
 *          http://madgraph.phys.ucl.ac.be           *
 *          http://madgraph.roma2.infn.it            *
 *        --------------------------------           *
 *                                                   *
 *          PARAMETER AND COUPLING VALUES            *
 *                                                   *
 *****************************************************

  External Params
  ---------------------------------
  
 mdl_VeN1 =    1.0000000000000000     
 mdl_VeN2 =    0.0000000000000000     
 mdl_VeN3 =    0.0000000000000000     
 mdl_VmuN1 =    0.0000000000000000     
 mdl_VmuN2 =    1.0000000000000000     
 mdl_VmuN3 =    0.0000000000000000     
 mdl_VtaN1 =    0.0000000000000000     
 mdl_VtaN2 =    0.0000000000000000     
 mdl_VtaN3 =    1.0000000000000000     
 mdl_VN1N1 =    1.0000000000000000     
 mdl_VN1N2 =    1.0000000000000000     
 mdl_VN1N3 =    1.0000000000000000     
 mdl_VN2N2 =    1.0000000000000000     
 mdl_VN2N3 =    1.0000000000000000     
 mdl_VN3N3 =    1.0000000000000000     
 aEWM1 =    127.90000000000001     
 mdl_Gf =    1.1663700000000000E-005
 aS =   0.11839999999999999     
 mdl_ymt =    172.00000000000000     
 mdl_vevf =    50.000000000000000     
 mdl_MZ =    91.187600000000003     
 mdl_MT =    172.00000000000000     
 mdl_MH =    125.00000000000000     
 mdl_mN1 =    2000.0000000000000     
 mdl_mN2 =    2100.0000000000000     
 mdl_mN3 =    2200.0000000000000     
 mdl_MJ =    91.187600000000003     
 mdl_MAx =    173.04800000000000     
 mdl_WZ =    2.4952000000000001     
 mdl_WW =    2.0850000000000000     
 mdl_WT =    1.5083359999999999     
 mdl_WH =    4.0699999999999998E-003
 mdl_WN1 =   0.30299999999999999     
 mdl_WN2 =    1.5000000000000000     
 mdl_WN3 =    12.300000000000001     
 mdl_WJ =    2.4952000000000001     
 mdl_WAx =    4.1700000000000001E-003
  Internal Params
  ---------------------------------
  
 mdl_vevf__exp__2 =    2500.0000000000000     
 mdl_sqrt__vevf__exp__2 =    50.000000000000000     
 mdl_muJ =    50.000000000000000     
 mdl_MZ__exp__2 =    8315.1783937600012     
 mdl_MZ__exp__4 =    69142191.720053151     
 mdl_sqrt__2 =    1.4142135623730951     
 mdl_MJ__exp__2 =    8315.1783937600012     
 mdl_muJ__exp__2 =    2500.0000000000000     
 mdl_lamJ =    4.3260713575040004     
 mdl_MH__exp__2 =    15625.000000000000     
 mdl_complexi =  (  0.0000000000000000     ,  1.0000000000000000     )
 mdl_aEW =    7.8186082877247844E-003
 mdl_MW =    79.824359746197842     
 mdl_sqrt__aEW =    8.8422894590285753E-002
 mdl_ee =   0.31345100004952897     
 mdl_MW__exp__2 =    6371.9284088904105     
 mdl_sw2 =   0.23369913342182447     
 mdl_cw =   0.87538612427783857     
 mdl_sqrt__sw2 =   0.48342438232036300     
 mdl_sw =   0.48342438232036300     
 mdl_g1 =   0.35807170271074895     
 mdl_gN =   0.64839716719502682     
 mdl_gw =   0.64839716719502682     
 mdl_vev =    246.22056907348590     
 mdl_vev__exp__2 =    60624.568634871241     
 mdl_lam =   0.12886689630821144     
 mdl_yt =   0.98791394091683138     
 mdl_muH =    88.388347648318444     
 mdl_I2a33 =  ( 0.98791394091683138     ,  0.0000000000000000     )
 mdl_I3a33 =  ( 0.98791394091683138     ,  0.0000000000000000     )
 mdl_ee__exp__2 =    9.8251529432049817E-002
 mdl_sw__exp__2 =   0.23369913342182450     
 mdl_cw__exp__2 =   0.76630086657817542     
  Internal Params evaluated point by point
  ----------------------------------------
  
 mdl_sqrt__aS =   0.34409301068170506     
 mdl_G__exp__2 =    1.4878582807401259     
  Couplings of SM_HeavyN_UFO
  ---------------------------------
  
         GC_1 =  -0.00000E+00  -0.10448E+00
         GC_2 =   0.00000E+00   0.20897E+00
         GC_3 =  -0.00000E+00  -0.31345E+00
         GC_4 =   0.00000E+00   0.31345E+00
        GC_26 =   0.00000E+00   0.45849E+00
        GC_27 =  -0.00000E+00  -0.28380E+00
        GC_28 =   0.00000E+00   0.28380E+00
        GC_30 =   0.00000E+00   0.56760E+00
        GC_35 =  -0.00000E+00  -0.28850E-01
        GC_37 =   0.00000E+00   0.17310E+00
        GC_39 =   0.00000E+00  -0.19725E+00
        GC_40 =   0.00000E+00   0.37035E+00
        GC_80 =   0.00000E+00   0.67543E+02
       GC_107 =  -0.00000E+00  -0.74070E+00
       GC_109 =  -0.00000E+00  -0.74070E+00
       GC_111 =  -0.00000E+00  -0.74070E+00
       GC_113 =  -0.00000E+00  -0.74070E+00
       GC_115 =  -0.00000E+00  -0.74070E+00
       GC_117 =  -0.00000E+00  -0.74070E+00
       GC_119 =   0.00000E+00   0.00000E+00
       GC_120 =   0.00000E+00   0.00000E+00
       GC_122 =  -0.00000E+00  -0.00000E+00
       GC_126 =   0.00000E+00   0.00000E+00
       GC_127 =   0.00000E+00   0.00000E+00
       GC_129 =  -0.00000E+00  -0.00000E+00
       GC_133 =   0.00000E+00   0.45849E+00
       GC_134 =   0.00000E+00   0.37035E+00
       GC_136 =  -0.00000E+00  -0.89351E+01
        GC_81 =   0.40000E+02   0.00000E+00
        GC_82 =   0.42000E+02   0.00000E+00
        GC_83 =   0.44000E+02   0.00000E+00

 Collider parameters:
 --------------------

 Running at P P   machine @    13000.000000000000       GeV
 PDF set = nn23lo1
 alpha_s(Mz)= 0.1300 running at 2 loops.
 alpha_s(Mz)= 0.1300 running at 2 loops.
 Renormalization scale set on event-by-event basis
 Factorization   scale set on event-by-event basis


 getting user params
Enter number of events and max and min iterations: 
 Number of events and iterations         1000           5           3
Enter desired fractional accuracy: 
 Desired fractional accuracy:   0.10000000000000001     
Enter 0 for fixed, 2 for adjustable grid: 
Suppress amplitude (0 no, 1 yes)? 
 Using suppressed amplitude.
Exact helicity sum (0 yes, n = number/event)? 
 Explicitly summing over helicities
Enter Configuration Number: 
Running Configuration Number:  321
 Using dconfig=          79
 BW Setting            1           2           2           2           0           0           0
 Attempting mappinvarients           1           9
 Completed mapping           9
 about to integrate           19        1000           5           3          19           1
 Using non-zero grid deformation.
 19 dimensions   1000 events 19 invarients  5 iterations  1 config(s),  (0.99)
 Using h-tuple random number sequence.
 Error opening grid
 Using Uniform Grid!          36
 Using uniform alpha   1.0000000000000000     
 Grid defined OK
 Set CM energy to      13000.00
 Mapping Graph         321  to config         321
 Setting BW          -1           1   91.187600000000003     
Setting grid   2    0.36660E-04   1
Setting grid   3    0.17080E-03   1
Setting grid   4    0.17080E-03   1
 Setting BW          -5           5   79.824359746197842     
Setting grid   6    0.17080E-03   1
 Transforming s_hat 1/s           18   2.1338287669017756E-004   1600.0000000000000        168999999.99999997     
 321   1   2   3   4   5   6   7   8   9  10  11  12  13  14
  15  16  17  18  19
 Masses: 0.000E+00 0.000E+00 0.000E+00 0.000E+00 0.000E+00 0.000E+00 0.000E+00 0.000E+00 0.912E+02
Using random seed offsets   321 :      1
  with seed                   24
 Ranmar initialization seeds          51        9398
 
 ********************************************
 * You are using the DiscreteSampler module *
 *      part of the MG5_aMC framework       *
 *         Author: Valentin Hirschi         *
 ********************************************
 
  Particle       3       4       5       6       7       8       9
      Et >    10.0    10.0    10.0    10.0     0.0     0.0     0.0
       E >     0.0     0.0     0.0     0.0     0.0     0.0     0.0
     Eta <     2.5     2.5     2.5     2.5    -1.0    -1.0    -1.0
   xqcut:      0.0     0.0     0.0     0.0     0.0     0.0     0.0
d R # 3  >    -0.0     0.4     0.4     0.4     0.0     0.0     0.0
d R # 4  >    -0.0    -0.0     0.4     0.4     0.0     0.0     0.0
d R # 5  >    -0.0    -0.0    -0.0     0.4     0.0     0.0     0.0
d R # 6  >    -0.0    -0.0    -0.0    -0.0     0.0     0.0     0.0
d R # 7  >    -0.0    -0.0    -0.0    -0.0    -0.0     0.0     0.0
d R # 8  >    -0.0    -0.0    -0.0    -0.0    -0.0    -0.0     0.0
s min # 3>     0.0     0.0     0.0     0.0     0.0     0.0     0.0
s min # 4>     0.0     0.0     0.0     0.0     0.0     0.0     0.0
s min # 5>     0.0     0.0     0.0     0.0     0.0     0.0     0.0
s min # 6>     0.0     0.0     0.0     0.0     0.0     0.0     0.0
s min # 7>     0.0     0.0     0.0     0.0     0.0     0.0     0.0
s min # 8>     0.0     0.0     0.0     0.0     0.0     0.0     0.0
xqcutij # 3>     0.0     0.0     0.0     0.0     0.0     0.0     0.0
xqcutij # 4>     0.0     0.0     0.0     0.0     0.0     0.0     0.0
xqcutij # 5>     0.0     0.0     0.0     0.0     0.0     0.0     0.0
xqcutij # 6>     0.0     0.0     0.0     0.0     0.0     0.0     0.0
xqcutij # 7>     0.0     0.0     0.0     0.0     0.0     0.0     0.0
xqcutij # 8>     0.0     0.0     0.0     0.0     0.0     0.0     0.0
 Requiring BW           -1           1
 Excluding BW           -2           2
 Excluding BW           -3           3
 Excluding BW           -4           4
 No cut BW           -5           5
 alpha_s for scale    1039.5958307463316       is    9.2661518999387515E-002
 Added good helicity            1   14.703885442769828       in event            1 local:           1
 Added good helicity           21  0.73914819255281383       in event            1 local:           1
 Added good helicity           25   4.0196511092300662E-005  in event            1 local:           1
 Added good helicity           37   4.7500652647642222E-003  in event            1 local:           1
 Added good helicity           41   2.5896790106290295       in event            1 local:           1
 Added good helicity           61  0.36160921670279211       in event            1 local:           1
 Added good helicity          193   65.237059099781135       in event            1 local:           1
 Added good helicity          213   3.4465337910139575       in event            1 local:           1
 Added good helicity          217   6.8390865593864758E-004  in event            1 local:           1
 Added good helicity          229  0.19227152549006635       in event            1 local:           1
 Added good helicity          233   166.06139224848042       in event            1 local:           1
 Added good helicity          253   2.6629473021481957       in event            1 local:           1
 Added good helicity            1   14.703885442770115       in event            1 local:           1
 Added good helicity           21  0.73914819255276543       in event            1 local:           1
 Added good helicity           25   4.0196511092302851E-005  in event            1 local:           1
 Added good helicity           37   4.7500652647643436E-003  in event            1 local:           1
 Added good helicity           41   2.5896790106290299       in event            1 local:           1
 Added good helicity           61  0.36160921670279361       in event            1 local:           1
 Added good helicity          193   65.237059099782471       in event            1 local:           1
 Added good helicity          213   3.4465337910144473       in event            1 local:           1
 Added good helicity          217   6.8390865593867046E-004  in event            1 local:           1
 Added good helicity          229  0.19227152549007001       in event            1 local:           1
 Added good helicity          233   166.06139224847831       in event            1 local:           1
 Added good helicity          253   2.6629473021481878       in event            1 local:           1
 RESET CUMULATIVE VARIABLE
 RESET CUMULATIVE VARIABLE
 RESET CUMULATIVE VARIABLE
 Iteration  1   Mean: 0.6911E-10 Abs mean: 0.6911E-10   Fluctuation:  0.506E-10   0.503E-07     6.1%
  1    0.6911E-10 0.6911E-10 +- 0.5062E-10     23.16
 Writing out events   2.2590545935940559E-013   23.163113068183627     
 Relative summed weights:
  0.2811E-01  0.2822E-01  0.2305E-03  0.4897E-02  0.0000E+00  0.0000E+00
  0.2016E-03  0.4748E-03  0.0000E+00  0.6564E-09  0.2814E-04  0.1164E-03
  0.1173E-01  0.7137E-01  0.1007E-03  0.6080E-02  0.2731E-09  0.0000E+00
  0.6139E-03  0.1001E-01  0.6862E-07  0.6282E-05  0.1325E-05  0.3025E-05
  0.3481E-02  0.8980E-01  0.2288E-04  0.5160E-04  0.4851E-08  0.6926E-15
  0.8183E-02  0.7476E-02  0.2510E-03  0.3694E-04  0.7985E-09  0.1502E-12
  0.2884E-05  0.7470E-07  0.1497E-08  0.1595E-04  0.3451E-04  0.8250E-07
  0.1801E-03  0.6411E-04  0.1973E-04  0.7282E+00  0.1164E-06  0.1752E-07
 Relative number of events:
  0.8622E-01  0.9217E-01  0.2180E-01  0.1982E-01  0.0000E+00  0.0000E+00
  0.1189E-01  0.6938E-02  0.0000E+00  0.1982E-02  0.7929E-02  0.4955E-02
  0.7334E-01  0.9415E-01  0.1685E-01  0.2279E-01  0.1982E-02  0.0000E+00
  0.1090E-01  0.3964E-02  0.2973E-02  0.3964E-02  0.5946E-02  0.4955E-02
  0.8920E-01  0.1100E+00  0.2775E-01  0.1288E-01  0.9911E-03  0.9911E-03
  0.9019E-01  0.6938E-01  0.1388E-01  0.2081E-01  0.9911E-03  0.9911E-03
  0.8920E-02  0.5946E-02  0.2973E-02  0.1982E-02  0.1090E-01  0.3964E-02
  0.9911E-02  0.5946E-02  0.3964E-02  0.4955E-02  0.3964E-02  0.2973E-02
 Events:
          87          93          22          20           0           0
          12           7           0           2           8           5
          74          95          17          23           2           0
          11           4           3           4           6           5
          90         111          28          13           1           1
          91          70          14          21           1           1
           9           6           3           2          11           4
          10           6           4           5           4           3
 Iteration  2   Mean: 0.4253E-08 Abs mean: 0.4253E-08   Fluctuation:  0.244E-08   0.390E-05    32.3%
  2    0.4253E-08 0.4253E-08 +- 0.2441E-08     25.67
 Relative summed weights:
  0.6327E-02  0.5863E-02  0.2256E-03  0.1875E-02  0.0000E+00  0.0000E+00
  0.1345E-04  0.3368E+00  0.1504E-05  0.1346E-07  0.8914E-12  0.0000E+00
  0.8613E-02  0.6168E-03  0.1073E-02  0.1380E-02  0.0000E+00  0.0000E+00
  0.2581E-05  0.8094E-04  0.1095E-08  0.9082E-05  0.5602E-06  0.7435E-09
  0.1063E-01  0.6034E-02  0.9094E-02  0.5773E-06  0.1861E-07  0.4334E-15
  0.4305E-01  0.1005E-01  0.3406E-01  0.4585E+00  0.5423E-07  0.0000E+00
  0.6873E-03  0.3376E-04  0.2701E-04  0.8011E-05  0.3080E-08  0.3565E-08
  0.6476E-01  0.9812E-04  0.2589E-07  0.1495E-06  0.1540E-09  0.5003E-08
 Relative number of events:
  0.8800E-01  0.9700E-01  0.1800E-01  0.1750E-01  0.0000E+00  0.0000E+00
  0.9500E-02  0.9500E-02  0.2000E-02  0.2000E-02  0.1000E-02  0.0000E+00
  0.1010E+00  0.9100E-01  0.1800E-01  0.1350E-01  0.0000E+00  0.0000E+00
  0.9500E-02  0.5000E-02  0.1000E-02  0.5000E-03  0.2500E-02  0.3000E-02
  0.1010E+00  0.9650E-01  0.1750E-01  0.2050E-01  0.5000E-03  0.5000E-03
  0.1020E+00  0.9100E-01  0.1650E-01  0.1700E-01  0.1500E-02  0.0000E+00
  0.7000E-02  0.8000E-02  0.2500E-02  0.3000E-02  0.2500E-02  0.2000E-02
  0.7000E-02  0.7000E-02  0.5000E-03  0.1500E-02  0.3500E-02  0.1500E-02
 Events:
         176         194          36          35           0           0
          19          19           4           4           2           0
         202         182          36          27           0           0
          19          10           2           1           5           6
         202         193          35          41           1           1
         204         182          33          34           3           0
          14          16           5           6           5           4
          14          14           1           3           7           3
 Iteration  3   Mean: 0.1545E-07 Abs mean: 0.1545E-07   Fluctuation:  0.109E-07   0.428E-04    37.9%
  3    0.1545E-07 0.1545E-07 +- 0.1089E-07     44.57
 Relative summed weights:
  0.1621E+00  0.1652E-01  0.3246E-03  0.6518E-02  0.0000E+00  0.0000E+00
  0.1915E-02  0.2913E-03  0.3010E-06  0.2395E-07  0.1271E-08  0.4524E-06
  0.3033E-01  0.3722E-02  0.4568E-05  0.4227E-03  0.5268E-08  0.1985E-13
  0.1107E-03  0.3585E-04  0.7682E-06  0.1208E-05  0.2891E-06  0.1507E-05
  0.6943E+00  0.2938E-01  0.1552E-02  0.1097E-04  0.3334E-07  0.0000E+00
  0.1076E-02  0.3065E-01  0.2566E-03  0.2121E-03  0.0000E+00  0.1470E-13
  0.2365E-02  0.1725E-01  0.8621E-06  0.1413E-06  0.1205E-06  0.1340E-07
  0.4881E-03  0.1848E-03  0.1432E-04  0.1729E-06  0.1165E-08  0.1935E-08
 Relative number of events:
  0.1125E+00  0.1067E+00  0.1450E-01  0.1425E-01  0.0000E+00  0.0000E+00
  0.8250E-02  0.8500E-02  0.1250E-02  0.1500E-02  0.1250E-02  0.2500E-03
  0.9750E-01  0.9250E-01  0.1325E-01  0.1800E-01  0.7500E-03  0.2500E-03
  0.6000E-02  0.1025E-01  0.1500E-02  0.2250E-02  0.1250E-02  0.1250E-02
  0.9675E-01  0.9525E-01  0.1375E-01  0.1275E-01  0.2500E-03  0.0000E+00
  0.9450E-01  0.9675E-01  0.1350E-01  0.1500E-01  0.0000E+00  0.2500E-03
  0.8250E-02  0.8250E-02  0.2000E-02  0.1250E-02  0.1250E-02  0.1500E-02
  0.1100E-01  0.6750E-02  0.1750E-02  0.2250E-02  0.2000E-02  0.1250E-02
 Events:
         450         427          58          57           0           0
          33          34           5           6           5           1
         390         370          53          72           3           1
          24          41           6           9           5           5
         387         381          55          51           1           0
         378         387          54          60           0           1
          33          33           8           5           5           6
          44          27           7           9           8           5
 Accuracy:    0.671   0.100   0.380   3.109
 Found           79  events.
 Wrote            1  events.
 Actual xsec    6.3875696564505521E-009
 Correct abs xsec    6.3875696564505521E-009
 Event xsec    6.3875696564505529E-009
 Events wgts > 1:            1
 % Cross section > 1:    1.0989413348980336E-015   1.7204373400269011E-005
 Iteration  4   Mean: 0.1736E-07 Abs mean: 0.1736E-07   Fluctuation:  0.858E-08   0.477E-04    39.9%
  4    0.1736E-07 0.1736E-07 +- 0.8579E-08     44.21
 Relative summed weights:
  0.1707E-02  0.3632E-01  0.4388E-01  0.3048E-03  0.8192E-11  0.0000E+00
  0.1787E-02  0.9480E-04  0.1344E-02  0.2377E-02  0.9805E-05  0.2002E-10
  0.1091E-01  0.9559E-01  0.1307E-02  0.1513E-03  0.0000E+00  0.0000E+00
  0.5665E-02  0.8823E-03  0.6542E-06  0.2150E-02  0.3824E-06  0.4902E-08
  0.3590E-01  0.1958E-01  0.2090E-03  0.5785E-04  0.0000E+00  0.7151E-10
  0.3444E+00  0.3414E-01  0.1990E-02  0.2839E-02  0.3743E-11  0.0000E+00
  0.6920E-03  0.8291E-02  0.1034E-02  0.1221E-07  0.2080E-08  0.8380E-08
  0.2222E-03  0.3460E+00  0.3861E-04  0.1453E-03  0.4009E-07  0.1393E-07
 Relative number of events:
  0.1060E+00  0.1010E+00  0.1225E-01  0.1325E-01  0.1250E-03  0.0000E+00
  0.8375E-02  0.9250E-02  0.1125E-02  0.2250E-02  0.1125E-02  0.2500E-03
  0.1030E+00  0.9362E-01  0.1238E-01  0.1175E-01  0.0000E+00  0.0000E+00
  0.6250E-02  0.1038E-01  0.1000E-02  0.7500E-03  0.5000E-03  0.5000E-03
  0.1051E+00  0.1008E+00  0.1500E-01  0.9875E-02  0.0000E+00  0.2500E-03
  0.1022E+00  0.1022E+00  0.1287E-01  0.1375E-01  0.1250E-03  0.0000E+00
  0.7875E-02  0.8750E-02  0.1875E-02  0.1125E-02  0.2500E-03  0.7500E-03
  0.9125E-02  0.7250E-02  0.2500E-02  0.2125E-02  0.6250E-03  0.3750E-03
 Events:
         848         808          98         106           1           0
          67          74           9          18           9           2
         824         749          99          94           0           0
          50          83           8           6           4           4
         841         806         120          79           0           2
         818         818         103         110           1           0
          63          70          15           9           2           6
          73          58          20          17           5           3
 Accuracy:    0.395   0.100   0.301   1.713
 Found           99  events.
 Wrote            2  events.
 Actual xsec    1.2587804347935957E-008
 Correct abs xsec    1.2587804347935957E-008
 Event xsec    1.2587804347935957E-008
 Events wgts > 1:            2
 % Cross section > 1:    9.2708045328535523E-011  0.73649099371120275     
 Iteration  5   Mean: 0.1009E-07 Abs mean: 0.1009E-07   Fluctuation:  0.239E-08   0.201E-04    37.7%
  5    0.1009E-07 0.1009E-07 +- 0.2389E-08     29.93
 Relative summed weights:
  0.8499E-01  0.4442E-01  0.1366E-02  0.1458E-02  0.2399E-06  0.0000E+00
  0.5855E-02  0.6494E-02  0.8495E-03  0.5450E-04  0.7140E-08  0.7870E-07
  0.2586E-01  0.1838E+00  0.5028E-03  0.2839E-02  0.2992E-10  0.8035E-11
  0.5704E-02  0.1335E+00  0.2217E-02  0.9952E-03  0.1756E-03  0.9238E-05
  0.1577E+00  0.8817E-01  0.8798E-03  0.1074E-03  0.1196E-11  0.0000E+00
  0.5196E-01  0.4422E-01  0.5957E-03  0.5810E-03  0.0000E+00  0.1334E-06
  0.8792E-01  0.4877E-01  0.2980E-02  0.5561E-02  0.1831E-07  0.9088E-07
  0.1586E-02  0.1020E-02  0.5994E-02  0.8364E-03  0.6524E-08  0.6570E-06
 Relative number of events:
  0.1001E+00  0.1050E+00  0.1206E-01  0.1144E-01  0.1250E-03  0.0000E+00
  0.9187E-02  0.8375E-02  0.1875E-02  0.1313E-02  0.3125E-03  0.2500E-03
  0.9906E-01  0.9838E-01  0.1162E-01  0.1238E-01  0.6250E-04  0.1250E-03
  0.8375E-02  0.9125E-02  0.2250E-02  0.1563E-02  0.3125E-03  0.3750E-03
  0.1013E+00  0.9969E-01  0.1125E-01  0.1231E-01  0.6250E-04  0.0000E+00
  0.1060E+00  0.1036E+00  0.1119E-01  0.1438E-01  0.0000E+00  0.1875E-03
  0.9750E-02  0.9500E-02  0.2250E-02  0.1437E-02  0.3125E-03  0.3750E-03
  0.1038E-01  0.8125E-02  0.1875E-02  0.1687E-02  0.3125E-03  0.3125E-03
 Events:
        1602        1680         193         183           2           0
         147         134          30          21           5           4
        1585        1574         186         198           1           2
         134         146          36          25           5           6
        1621        1595         180         197           1           0
        1696        1658         179         230           0           3
         156         152          36          23           5           6
         166         130          30          27           5           5
 Accuracy:    0.216   0.100   0.186   1.346
 Found          272  events.
 Wrote            9  events.
 Actual xsec    1.1785385360416095E-008
 Correct abs xsec    1.1785385360416095E-008
 Event xsec    1.1785385360416090E-008
 Events wgts > 1:            0
 % Cross section > 1:    0.0000000000000000        0.0000000000000000     

 -------------------------------------------------------------------------------
 Accumulated results:   Integral =  0.1024E-07
                        Std dev  =  0.1905E-08
                       Cross sec =  0.1024E-07
             Chi**2 per DoF.     =      1.3456
 -------------------------------------------------------------------------------
-------------------------------------------------
---------------------------
 Results Last   3 iters: Integral =   0.1179E-07
                     Abs integral =   0.1179E-07
                          Std dev =   0.2407E-08
                  Chi**2 per DoF. =      0.5181
-------------------------------------------------
---------------------------
 Status  0.10000000000000001                6           5

ls status:
events.lhe
ftn26
input_app.txt
results.dat
run1_app.log
