 Process in group number            1
 A PDF is used, so alpha_s(MZ) is going to be modified
 Old value of alpha_s from param_card:   0.11839999999999999     
  ****************************************
 
       NNPDFDriver version 1.0.3
   Grid: NNPDF23_lo_as_0130_qed_mem0.grid
  ****************************************
 New value of alpha_s from PDF nn23lo1:  0.13000000000000000     
 Define smin to   1600.0000000000000     
 Define smin to   1600.0000000000000     
 Define smin to   1600.0000000000000     
 *****************************************************
 *               MadGraph/MadEvent                   *
 *        --------------------------------           *
 *          http://madgraph.hep.uiuc.edu             *
 *          http://madgraph.phys.ucl.ac.be           *
 *          http://madgraph.roma2.infn.it            *
 *        --------------------------------           *
 *                                                   *
 *          PARAMETER AND COUPLING VALUES            *
 *                                                   *
 *****************************************************

  External Params
  ---------------------------------
  
 mdl_VeN1 =    1.0000000000000000     
 mdl_VeN2 =    0.0000000000000000     
 mdl_VeN3 =    0.0000000000000000     
 mdl_VmuN1 =    0.0000000000000000     
 mdl_VmuN2 =    1.0000000000000000     
 mdl_VmuN3 =    0.0000000000000000     
 mdl_VtaN1 =    0.0000000000000000     
 mdl_VtaN2 =    0.0000000000000000     
 mdl_VtaN3 =    1.0000000000000000     
 mdl_VN1N1 =    1.0000000000000000     
 mdl_VN1N2 =    1.0000000000000000     
 mdl_VN1N3 =    1.0000000000000000     
 mdl_VN2N2 =    1.0000000000000000     
 mdl_VN2N3 =    1.0000000000000000     
 mdl_VN3N3 =    1.0000000000000000     
 aEWM1 =    127.90000000000001     
 mdl_Gf =    1.1663700000000000E-005
 aS =   0.11839999999999999     
 mdl_ymt =    172.00000000000000     
 mdl_vevf =    50.000000000000000     
 mdl_MZ =    91.187600000000003     
 mdl_MT =    172.00000000000000     
 mdl_MH =    125.00000000000000     
 mdl_mN1 =    1644.0000000000000     
 mdl_mN2 =    1744.0000000000000     
 mdl_mN3 =    1844.0000000000000     
 mdl_MJ =    91.187600000000003     
 mdl_MAx =    173.04800000000000     
 mdl_WZ =    2.4952000000000001     
 mdl_WW =    2.0850000000000000     
 mdl_WT =    1.5083359999999999     
 mdl_WH =    4.0699999999999998E-003
 mdl_WN1 =   0.30299999999999999     
 mdl_WN2 =    1.5000000000000000     
 mdl_WN3 =    12.300000000000001     
 mdl_WJ =    2.4952000000000001     
 mdl_WAx =    4.1700000000000001E-003
  Internal Params
  ---------------------------------
  
 mdl_vevf__exp__2 =    2500.0000000000000     
 mdl_sqrt__vevf__exp__2 =    50.000000000000000     
 mdl_muJ =    50.000000000000000     
 mdl_MZ__exp__2 =    8315.1783937600012     
 mdl_MZ__exp__4 =    69142191.720053151     
 mdl_sqrt__2 =    1.4142135623730951     
 mdl_MJ__exp__2 =    8315.1783937600012     
 mdl_muJ__exp__2 =    2500.0000000000000     
 mdl_lamJ =    4.3260713575040004     
 mdl_MH__exp__2 =    15625.000000000000     
 mdl_complexi =  (  0.0000000000000000     ,  1.0000000000000000     )
 mdl_aEW =    7.8186082877247844E-003
 mdl_MW =    79.824359746197842     
 mdl_sqrt__aEW =    8.8422894590285753E-002
 mdl_ee =   0.31345100004952897     
 mdl_MW__exp__2 =    6371.9284088904105     
 mdl_sw2 =   0.23369913342182447     
 mdl_cw =   0.87538612427783857     
 mdl_sqrt__sw2 =   0.48342438232036300     
 mdl_sw =   0.48342438232036300     
 mdl_g1 =   0.35807170271074895     
 mdl_gN =   0.64839716719502682     
 mdl_gw =   0.64839716719502682     
 mdl_vev =    246.22056907348590     
 mdl_vev__exp__2 =    60624.568634871241     
 mdl_lam =   0.12886689630821144     
 mdl_yt =   0.98791394091683138     
 mdl_muH =    88.388347648318444     
 mdl_I2a33 =  ( 0.98791394091683138     ,  0.0000000000000000     )
 mdl_I3a33 =  ( 0.98791394091683138     ,  0.0000000000000000     )
 mdl_ee__exp__2 =    9.8251529432049817E-002
 mdl_sw__exp__2 =   0.23369913342182450     
 mdl_cw__exp__2 =   0.76630086657817542     
  Internal Params evaluated point by point
  ----------------------------------------
  
 mdl_sqrt__aS =   0.34409301068170506     
 mdl_G__exp__2 =    1.4878582807401259     
  Couplings of SM_HeavyN_UFO
  ---------------------------------
  
         GC_1 =  -0.00000E+00  -0.10448E+00
         GC_2 =   0.00000E+00   0.20897E+00
         GC_3 =  -0.00000E+00  -0.31345E+00
         GC_4 =   0.00000E+00   0.31345E+00
        GC_26 =   0.00000E+00   0.45849E+00
        GC_27 =  -0.00000E+00  -0.28380E+00
        GC_28 =   0.00000E+00   0.28380E+00
        GC_30 =   0.00000E+00   0.56760E+00
        GC_35 =  -0.00000E+00  -0.28850E-01
        GC_37 =   0.00000E+00   0.17310E+00
        GC_39 =   0.00000E+00  -0.19725E+00
        GC_40 =   0.00000E+00   0.37035E+00
        GC_80 =   0.00000E+00   0.67543E+02
       GC_107 =  -0.00000E+00  -0.74070E+00
       GC_109 =  -0.00000E+00  -0.74070E+00
       GC_111 =  -0.00000E+00  -0.74070E+00
       GC_113 =  -0.00000E+00  -0.74070E+00
       GC_115 =  -0.00000E+00  -0.74070E+00
       GC_117 =  -0.00000E+00  -0.74070E+00
       GC_119 =   0.00000E+00   0.00000E+00
       GC_120 =   0.00000E+00   0.00000E+00
       GC_122 =  -0.00000E+00  -0.00000E+00
       GC_126 =   0.00000E+00   0.00000E+00
       GC_127 =   0.00000E+00   0.00000E+00
       GC_129 =  -0.00000E+00  -0.00000E+00
       GC_133 =   0.00000E+00   0.45849E+00
       GC_134 =   0.00000E+00   0.37035E+00
       GC_136 =  -0.00000E+00  -0.74892E+01
        GC_81 =   0.32880E+02   0.00000E+00
        GC_82 =   0.34880E+02   0.00000E+00
        GC_83 =   0.36880E+02   0.00000E+00

 Collider parameters:
 --------------------

 Running at P P   machine @    13000.000000000000       GeV
 PDF set = nn23lo1
 alpha_s(Mz)= 0.1300 running at 2 loops.
 alpha_s(Mz)= 0.1300 running at 2 loops.
 Renormalization scale set on event-by-event basis
 Factorization   scale set on event-by-event basis


 getting user params
Enter number of events and max and min iterations: 
 Number of events and iterations         1000           5           3
Enter desired fractional accuracy: 
 Desired fractional accuracy:   0.10000000000000001     
Enter 0 for fixed, 2 for adjustable grid: 
Suppress amplitude (0 no, 1 yes)? 
 Using suppressed amplitude.
Exact helicity sum (0 yes, n = number/event)? 
 Explicitly summing over helicities
Enter Configuration Number: 
Running Configuration Number: 1233
 Using dconfig=         241
 BW Setting            1           2           2           2           2           0           0
 Attempting mappinvarients           1           9
 Completed mapping           9
 about to integrate           19        1000           5           3          19           1
 Using non-zero grid deformation.
 19 dimensions   1000 events 19 invarients  5 iterations  1 config(s),  (0.99)
 Using h-tuple random number sequence.
 Error opening grid
 Using Uniform Grid!          36
 Using uniform alpha   1.0000000000000000     
 Grid defined OK
 Set CM energy to      13000.00
 Mapping Graph        1233  to config        1233
 Setting BW          -1           1   79.824359746197842     
Setting grid   2    0.28499E-04   1
Setting grid   3    0.15259E-03   1
Setting grid   4    0.59172E-08   1
Setting grid   5    0.59172E-08   1
Setting grid   6    0.15259E-03   1
 Transforming s_hat 1/s           18   2.1493129719111747E-004   1600.0000000000000        168999999.99999997     
1233   1   2   3   4   5   6   7   8   9  10  11  12  13  14
  15  16  17  18  19
 Masses: 0.000E+00 0.000E+00 0.000E+00 0.000E+00 0.000E+00 0.000E+00 0.000E+00 0.000E+00 0.912E+02
Using random seed offsets  1233 :      1
  with seed                   24
 Ranmar initialization seeds         963        9398
 
 ********************************************
 * You are using the DiscreteSampler module *
 *      part of the MG5_aMC framework       *
 *         Author: Valentin Hirschi         *
 ********************************************
 
  Particle       3       4       5       6       7       8       9
      Et >    10.0    10.0    10.0    10.0     0.0     0.0     0.0
       E >     0.0     0.0     0.0     0.0     0.0     0.0     0.0
     Eta <     2.5     2.5     2.5     2.5    -1.0    -1.0    -1.0
   xqcut:      0.0     0.0     0.0     0.0     0.0     0.0     0.0
d R # 3  >    -0.0     0.4     0.4     0.4     0.0     0.0     0.0
d R # 4  >    -0.0    -0.0     0.4     0.4     0.0     0.0     0.0
d R # 5  >    -0.0    -0.0    -0.0     0.4     0.0     0.0     0.0
d R # 6  >    -0.0    -0.0    -0.0    -0.0     0.0     0.0     0.0
d R # 7  >    -0.0    -0.0    -0.0    -0.0    -0.0     0.0     0.0
d R # 8  >    -0.0    -0.0    -0.0    -0.0    -0.0    -0.0     0.0
s min # 3>     0.0     0.0     0.0     0.0     0.0     0.0     0.0
s min # 4>     0.0     0.0     0.0     0.0     0.0     0.0     0.0
s min # 5>     0.0     0.0     0.0     0.0     0.0     0.0     0.0
s min # 6>     0.0     0.0     0.0     0.0     0.0     0.0     0.0
s min # 7>     0.0     0.0     0.0     0.0     0.0     0.0     0.0
s min # 8>     0.0     0.0     0.0     0.0     0.0     0.0     0.0
xqcutij # 3>     0.0     0.0     0.0     0.0     0.0     0.0     0.0
xqcutij # 4>     0.0     0.0     0.0     0.0     0.0     0.0     0.0
xqcutij # 5>     0.0     0.0     0.0     0.0     0.0     0.0     0.0
xqcutij # 6>     0.0     0.0     0.0     0.0     0.0     0.0     0.0
xqcutij # 7>     0.0     0.0     0.0     0.0     0.0     0.0     0.0
xqcutij # 8>     0.0     0.0     0.0     0.0     0.0     0.0     0.0
 Requiring BW           -1           1
 Excluding BW           -2           2
 Excluding BW           -3           3
 Excluding BW           -4           4
 Excluding BW           -6           5
 alpha_s for scale    631.71715297063702       is    9.8417034518643198E-002
 Added good helicity            1   5.3393181110378292       in event            1 local:           1
 Added good helicity           21   1.0133258165563197       in event            1 local:           1
 Added good helicity           25  0.10217312946214616       in event            1 local:           1
 Added good helicity           37   4.9984333802496730       in event            1 local:           1
 Added good helicity           41   5.5882958936999072E-002  in event            1 local:           1
 Added good helicity           61   5.4569464442369596E-003  in event            1 local:           1
 Added good helicity          193   201.60146627358910       in event            1 local:           1
 Added good helicity          213  0.21462003064658902       in event            1 local:           1
 Added good helicity          217   6.2555834987688911E-003  in event            1 local:           1
 Added good helicity          229   42.563343384114624       in event            1 local:           1
 Added good helicity          233   9.5893794430568724E-002  in event            1 local:           1
 Added good helicity          253   3.8305910332065789E-003  in event            1 local:           1
 Added good helicity            1   5.3393181110377697       in event            1 local:           1
 Added good helicity           21   1.0133258165563119       in event            1 local:           1
 Added good helicity           25  0.10217312946214591       in event            1 local:           1
 Added good helicity           37   4.9984333802496561       in event            1 local:           1
 Added good helicity           41   5.5882958936998808E-002  in event            1 local:           1
 Added good helicity           61   5.4569464442369570E-003  in event            1 local:           1
 Added good helicity          193   201.60146627358930       in event            1 local:           1
 Added good helicity          213  0.21462003064658780       in event            1 local:           1
 Added good helicity          217   6.2555834987690047E-003  in event            1 local:           1
 Added good helicity          229   42.563343384114454       in event            1 local:           1
 Added good helicity          233   9.5893794430568280E-002  in event            1 local:           1
 Added good helicity          253   3.8305910332065616E-003  in event            1 local:           1
 RESET CUMULATIVE VARIABLE
 RESET CUMULATIVE VARIABLE
 RESET CUMULATIVE VARIABLE
 Iteration  1   Mean: 0.1121E-12 Abs mean: 0.1121E-12   Fluctuation:  0.649E-13   0.608E-10     4.4%
  1    0.1121E-12 0.1121E-12 +- 0.6485E-13     18.29
 Writing out events   5.1032884359054209E-016   18.287346986192052     
 Relative summed weights:
  0.1751E-05  0.1279E-02  0.1003E-02  0.1123E-01  0.3515E-09  0.6293E-07
  0.1828E-01  0.4697E-02  0.4818E-02  0.1891E-03  0.0000E+00  0.4457E-05
  0.5390E-04  0.3711E-04  0.3150E-05  0.1294E-03  0.1594E-08  0.4406E-04
  0.1076E-02  0.1893E-01  0.1267E-02  0.2398E-02  0.7988E-07  0.3821E-08
  0.1192E-03  0.1909E-01  0.2475E-02  0.2207E-03  0.8240E-09  0.1550E-10
  0.6773E-04  0.6259E+00  0.4080E-03  0.9770E-04  0.3726E-06  0.4218E-11
  0.5669E-01  0.2282E+00  0.7017E-05  0.3514E-03  0.2968E-07  0.2658E-08
  0.7185E-04  0.6215E-03  0.3657E-04  0.1727E-03  0.3316E-05  0.1225E-03
 Relative number of events:
  0.7929E-02  0.2081E-01  0.1586E-01  0.1586E-01  0.3964E-02  0.4955E-02
  0.5649E-01  0.3865E-01  0.3766E-01  0.4559E-01  0.0000E+00  0.9911E-03
  0.1388E-01  0.1189E-01  0.8920E-02  0.8920E-02  0.5946E-02  0.1090E-01
  0.3271E-01  0.4559E-01  0.4163E-01  0.5748E-01  0.3964E-02  0.1982E-02
  0.3271E-01  0.4559E-01  0.3964E-01  0.3766E-01  0.1982E-02  0.1982E-02
  0.1288E-01  0.2478E-01  0.1586E-01  0.1685E-01  0.3964E-02  0.2973E-02
  0.4559E-01  0.4658E-01  0.4658E-01  0.4757E-01  0.3964E-02  0.9911E-03
  0.1685E-01  0.1388E-01  0.1685E-01  0.1586E-01  0.8920E-02  0.6938E-02
 Events:
           8          21          16          16           4           5
          57          39          38          46           0           1
          14          12           9           9           6          11
          33          46          42          58           4           2
          33          46          40          38           2           2
          13          25          16          17           4           3
          46          47          47          48           4           1
          17          14          17          16           9           7
 Iteration  2   Mean: 0.1421E-12 Abs mean: 0.1421E-12   Fluctuation:  0.779E-13   0.152E-09    21.3%
  2    0.1421E-12 0.1421E-12 +- 0.7791E-13     24.52
 Relative summed weights:
  0.1246E-01  0.9890E-02  0.4744E-02  0.3184E-01  0.7343E-07  0.1260E-05
  0.7055E-02  0.3983E-01  0.1377E-03  0.5358E+00  0.0000E+00  0.2303E-04
  0.6449E-03  0.5494E-04  0.2853E-03  0.1146E-02  0.2943E-04  0.3163E-13
  0.6721E-01  0.1319E-01  0.6825E-03  0.1189E-01  0.2726E-07  0.2119E-12
  0.8161E-02  0.3802E-01  0.2400E-01  0.5513E-02  0.1131E-08  0.1114E-06
  0.2881E-02  0.2761E-02  0.2670E-03  0.5216E-04  0.4810E-09  0.3688E-07
  0.7020E-01  0.1322E-01  0.9096E-02  0.1212E-01  0.2084E-07  0.1898E-12
  0.6554E-01  0.4178E-04  0.2471E-04  0.3756E-04  0.1114E-01  0.8060E-08
 Relative number of events:
  0.2250E-01  0.2000E-01  0.1300E-01  0.1150E-01  0.1500E-02  0.2000E-02
  0.4600E-01  0.5750E-01  0.2900E-01  0.3350E-01  0.0000E+00  0.5000E-03
  0.1700E-01  0.2050E-01  0.1550E-01  0.1350E-01  0.3000E-02  0.5000E-03
  0.5250E-01  0.5500E-01  0.3050E-01  0.2850E-01  0.1000E-02  0.5000E-03
  0.5850E-01  0.5400E-01  0.3600E-01  0.3650E-01  0.1000E-02  0.5000E-03
  0.1950E-01  0.1900E-01  0.1600E-01  0.1100E-01  0.1500E-02  0.1500E-02
  0.6450E-01  0.5500E-01  0.4200E-01  0.3600E-01  0.1500E-02  0.1000E-02
  0.2550E-01  0.1950E-01  0.1500E-01  0.6000E-02  0.2500E-02  0.1500E-02
 Events:
          45          40          26          23           3           4
          92         115          58          67           0           1
          34          41          31          27           6           1
         105         110          61          57           2           1
         117         108          72          73           2           1
          39          38          32          22           3           3
         129         110          84          72           3           2
          51          39          30          12           5           3
 Iteration  3   Mean: 0.2395E-11 Abs mean: 0.2395E-11   Fluctuation:  0.968E-12   0.300E-08    37.3%
  3    0.2395E-11 0.2395E-11 +- 0.9682E-12     25.56
 Relative summed weights:
  0.2337E-02  0.9350E-02  0.1317E-04  0.1018E+00  0.2875E-06  0.3215E-09
  0.6713E-03  0.1458E+00  0.1639E-01  0.8143E-02  0.2128E-08  0.6931E-07
  0.1840E-03  0.1087E-02  0.5376E-03  0.2138E-01  0.1165E-03  0.4401E-09
  0.9022E-02  0.2131E-02  0.6088E-02  0.7002E-03  0.9714E-10  0.1329E-05
  0.1408E+00  0.4041E-02  0.1395E+00  0.8302E-02  0.5787E-06  0.4326E-06
  0.9011E-02  0.5447E-04  0.1224E-03  0.8043E-02  0.2145E-05  0.4224E-06
  0.2940E-02  0.3196E+00  0.2012E-02  0.1260E-01  0.1483E-08  0.7290E-06
  0.3930E-04  0.1016E-01  0.2347E-04  0.1712E-01  0.1880E-05  0.7291E-06
 Relative number of events:
  0.2075E-01  0.2000E-01  0.1125E-01  0.1400E-01  0.1500E-02  0.1000E-02
  0.5525E-01  0.5275E-01  0.2975E-01  0.3275E-01  0.7500E-03  0.2500E-03
  0.2225E-01  0.2050E-01  0.1475E-01  0.1550E-01  0.1500E-02  0.7500E-03
  0.5300E-01  0.5675E-01  0.2900E-01  0.3700E-01  0.5000E-03  0.5000E-03
  0.5525E-01  0.5100E-01  0.3525E-01  0.4475E-01  0.7500E-03  0.2500E-03
  0.2225E-01  0.2100E-01  0.1125E-01  0.1150E-01  0.1750E-02  0.1500E-02
  0.5400E-01  0.5750E-01  0.3850E-01  0.3250E-01  0.2500E-03  0.5000E-03
  0.1700E-01  0.2250E-01  0.1175E-01  0.1325E-01  0.1750E-02  0.2000E-02
 Events:
          83          80          45          56           6           4
         221         211         119         131           3           1
          89          82          59          62           6           3
         212         227         116         148           2           2
         221         204         141         179           3           1
          89          84          45          46           7           6
         216         230         154         130           1           2
          68          90          47          53           7           8
 Accuracy:    0.645   0.100   0.284   5.166
 Found          211  events.
 Wrote            4  events.
 Actual xsec    1.2437177234710275E-012
 Correct abs xsec    1.2437177234710275E-012
 Event xsec    1.2437177234710275E-012
 Events wgts > 1:            1
 % Cross section > 1:    3.0843133583465894E-022   2.4799142925604843E-008
 Iteration  4   Mean: 0.7083E-11 Abs mean: 0.7083E-11   Fluctuation:  0.387E-11   0.245E-07    46.2%
  4    0.7083E-11 0.7083E-11 +- 0.3865E-11     48.81
 Relative summed weights:
  0.3730E-02  0.1566E-03  0.2872E-03  0.8650E-02  0.6829E-05  0.1058E-06
  0.3781E-01  0.9614E-03  0.7976E-03  0.5240E-02  0.8193E-08  0.2870E-07
  0.6884E-03  0.5104E-03  0.1179E-03  0.1556E-03  0.4791E-05  0.5223E-03
  0.1009E-01  0.3869E-02  0.5543E-02  0.5193E-01  0.3222E-07  0.6630E-06
  0.4030E-02  0.1522E-01  0.2658E-03  0.6301E-03  0.1713E-03  0.1412E-04
  0.1230E-02  0.6518E-02  0.5645E-03  0.1848E-01  0.1379E-06  0.1848E-04
  0.8654E-02  0.3943E-02  0.3489E+00  0.3401E-02  0.1539E-05  0.2099E-03
  0.3556E-02  0.4429E+00  0.8446E-02  0.1667E-02  0.7242E-05  0.4046E-04
 Relative number of events:
  0.2013E-01  0.2013E-01  0.8625E-02  0.1087E-01  0.6250E-03  0.1125E-02
  0.5738E-01  0.5600E-01  0.3737E-01  0.3388E-01  0.2500E-03  0.2500E-03
  0.1887E-01  0.1812E-01  0.1125E-01  0.1525E-01  0.1125E-02  0.7500E-03
  0.5663E-01  0.5538E-01  0.3288E-01  0.4000E-01  0.2500E-03  0.3750E-03
  0.5675E-01  0.5087E-01  0.3750E-01  0.3475E-01  0.5000E-03  0.5000E-03
  0.2237E-01  0.2237E-01  0.1337E-01  0.1025E-01  0.1000E-02  0.2500E-03
  0.5275E-01  0.5763E-01  0.3587E-01  0.3338E-01  0.1250E-03  0.2500E-03
  0.2375E-01  0.2275E-01  0.1213E-01  0.1200E-01  0.3750E-03  0.1000E-02
 Events:
         161         161          69          87           5           9
         459         448         299         271           2           2
         151         145          90         122           9           6
         453         443         263         320           2           3
         454         407         300         278           4           4
         179         179         107          82           8           2
         422         461         287         267           1           2
         190         182          97          96           3           8
 Accuracy:    0.602   0.100   0.252   5.729
 Found          158  events.
 Wrote            2  events.
 Actual xsec    3.0390211103601709E-012
 Correct abs xsec    3.0390211103601709E-012
 Event xsec    3.0390211103601709E-012
 Events wgts > 1:            0
 % Cross section > 1:    0.0000000000000000        0.0000000000000000     
 Iteration  5   Mean: 0.4826E-11 Abs mean: 0.4826E-11   Fluctuation:  0.239E-11   0.371E-07    50.4%
  5    0.4826E-11 0.4826E-11 +- 0.2388E-11     62.59
 Relative summed weights:
  0.1904E-02  0.4909E-02  0.1620E-01  0.3852E-03  0.2563E-06  0.8100E-05
  0.5358E-01  0.5620E+00  0.1150E-01  0.2352E-02  0.2653E-03  0.7272E-05
  0.1225E-01  0.7562E-03  0.1287E-01  0.4993E-02  0.2315E-07  0.2688E-03
  0.1360E-01  0.3304E-01  0.5120E-02  0.5003E-02  0.1136E-06  0.4448E-04
  0.3229E-02  0.3332E-01  0.2923E-02  0.1443E-01  0.5819E-06  0.1471E-07
  0.9781E-02  0.3693E-01  0.2432E-01  0.4193E-02  0.2038E-04  0.2358E-04
  0.4716E-01  0.5269E-01  0.3785E-02  0.1454E-01  0.4574E-08  0.8208E-05
  0.5203E-02  0.4058E-03  0.1631E-02  0.4324E-02  0.3214E-05  0.6135E-06
 Relative number of events:
  0.2156E-01  0.1956E-01  0.1350E-01  0.1213E-01  0.4375E-03  0.7500E-03
  0.5287E-01  0.5419E-01  0.3556E-01  0.3756E-01  0.5625E-03  0.3750E-03
  0.2088E-01  0.2038E-01  0.1263E-01  0.1300E-01  0.3125E-03  0.1125E-02
  0.5550E-01  0.5269E-01  0.3662E-01  0.3562E-01  0.1875E-03  0.5625E-03
  0.5387E-01  0.5219E-01  0.3569E-01  0.3569E-01  0.7500E-03  0.2500E-03
  0.2187E-01  0.1950E-01  0.1406E-01  0.1300E-01  0.1000E-02  0.3750E-03
  0.5563E-01  0.5756E-01  0.3706E-01  0.3719E-01  0.3750E-03  0.1875E-03
  0.1988E-01  0.1988E-01  0.1344E-01  0.1031E-01  0.1063E-02  0.6250E-03
 Events:
         345         313         216         194           7          12
         846         867         569         601           9           6
         334         326         202         208           5          18
         888         843         586         570           3           9
         862         835         571         571          12           4
         350         312         225         208          16           6
         890         921         593         595           6           3
         318         318         215         165          17          10
 Accuracy:    0.421   0.100   0.224   3.521
 Found          192  events.
 Wrote            3  events.
 Actual xsec    4.2878794119747110E-012
 Correct abs xsec    4.2878794119747110E-012
 Event xsec    4.2878794119747102E-012
 Events wgts > 1:            1
 % Cross section > 1:    4.9242600986708317E-019   1.1484138487940935E-005

 -------------------------------------------------------------------------------
 Accumulated results:   Integral =  0.2966E-11
                        Std dev  =  0.6652E-12
                       Cross sec =  0.2966E-11
             Chi**2 per DoF.     =      3.5213
 -------------------------------------------------------------------------------
-------------------------------------------------
---------------------------
 Results Last   3 iters: Integral =   0.4288E-11
                     Abs integral =   0.4288E-11
                          Std dev =   0.1164E-11
                  Chi**2 per DoF. =      2.1972
-------------------------------------------------
---------------------------
 Status  0.10000000000000001                6           5

ls status:
events.lhe
ftn26
input_app.txt
results.dat
run1_app.log
