 Process in group number            1
 A PDF is used, so alpha_s(MZ) is going to be modified
 Old value of alpha_s from param_card:   0.11839999999999999     
  ****************************************
 
       NNPDFDriver version 1.0.3
   Grid: NNPDF23_lo_as_0130_qed_mem0.grid
  ****************************************
 New value of alpha_s from PDF nn23lo1:  0.13000000000000000     
 Define smin to   1600.0000000000000     
 Define smin to   1600.0000000000000     
 Define smin to   1600.0000000000000     
 *****************************************************
 *               MadGraph/MadEvent                   *
 *        --------------------------------           *
 *          http://madgraph.hep.uiuc.edu             *
 *          http://madgraph.phys.ucl.ac.be           *
 *          http://madgraph.roma2.infn.it            *
 *        --------------------------------           *
 *                                                   *
 *          PARAMETER AND COUPLING VALUES            *
 *                                                   *
 *****************************************************

  External Params
  ---------------------------------
  
 mdl_VeN1 =    1.0000000000000000     
 mdl_VeN2 =    0.0000000000000000     
 mdl_VeN3 =    0.0000000000000000     
 mdl_VmuN1 =    0.0000000000000000     
 mdl_VmuN2 =    1.0000000000000000     
 mdl_VmuN3 =    0.0000000000000000     
 mdl_VtaN1 =    0.0000000000000000     
 mdl_VtaN2 =    0.0000000000000000     
 mdl_VtaN3 =    1.0000000000000000     
 mdl_VN1N1 =    1.0000000000000000     
 mdl_VN1N2 =    1.0000000000000000     
 mdl_VN1N3 =    1.0000000000000000     
 mdl_VN2N2 =    1.0000000000000000     
 mdl_VN2N3 =    1.0000000000000000     
 mdl_VN3N3 =    1.0000000000000000     
 aEWM1 =    127.90000000000001     
 mdl_Gf =    1.1663700000000000E-005
 aS =   0.11839999999999999     
 mdl_ymt =    172.00000000000000     
 mdl_vevf =    50.000000000000000     
 mdl_MZ =    91.187600000000003     
 mdl_MT =    172.00000000000000     
 mdl_MH =    125.00000000000000     
 mdl_mN1 =    2000.0000000000000     
 mdl_mN2 =    2100.0000000000000     
 mdl_mN3 =    2200.0000000000000     
 mdl_MJ =    91.187600000000003     
 mdl_MAx =    173.04800000000000     
 mdl_WZ =    2.4952000000000001     
 mdl_WW =    2.0850000000000000     
 mdl_WT =    1.5083359999999999     
 mdl_WH =    4.0699999999999998E-003
 mdl_WN1 =   0.30299999999999999     
 mdl_WN2 =    1.5000000000000000     
 mdl_WN3 =    12.300000000000001     
 mdl_WJ =    2.4952000000000001     
 mdl_WAx =    4.1700000000000001E-003
  Internal Params
  ---------------------------------
  
 mdl_vevf__exp__2 =    2500.0000000000000     
 mdl_sqrt__vevf__exp__2 =    50.000000000000000     
 mdl_muJ =    50.000000000000000     
 mdl_MZ__exp__2 =    8315.1783937600012     
 mdl_MZ__exp__4 =    69142191.720053151     
 mdl_sqrt__2 =    1.4142135623730951     
 mdl_MJ__exp__2 =    8315.1783937600012     
 mdl_muJ__exp__2 =    2500.0000000000000     
 mdl_lamJ =    4.3260713575040004     
 mdl_MH__exp__2 =    15625.000000000000     
 mdl_complexi =  (  0.0000000000000000     ,  1.0000000000000000     )
 mdl_aEW =    7.8186082877247844E-003
 mdl_MW =    79.824359746197842     
 mdl_sqrt__aEW =    8.8422894590285753E-002
 mdl_ee =   0.31345100004952897     
 mdl_MW__exp__2 =    6371.9284088904105     
 mdl_sw2 =   0.23369913342182447     
 mdl_cw =   0.87538612427783857     
 mdl_sqrt__sw2 =   0.48342438232036300     
 mdl_sw =   0.48342438232036300     
 mdl_g1 =   0.35807170271074895     
 mdl_gN =   0.64839716719502682     
 mdl_gw =   0.64839716719502682     
 mdl_vev =    246.22056907348590     
 mdl_vev__exp__2 =    60624.568634871241     
 mdl_lam =   0.12886689630821144     
 mdl_yt =   0.98791394091683138     
 mdl_muH =    88.388347648318444     
 mdl_I2a33 =  ( 0.98791394091683138     ,  0.0000000000000000     )
 mdl_I3a33 =  ( 0.98791394091683138     ,  0.0000000000000000     )
 mdl_ee__exp__2 =    9.8251529432049817E-002
 mdl_sw__exp__2 =   0.23369913342182450     
 mdl_cw__exp__2 =   0.76630086657817542     
  Internal Params evaluated point by point
  ----------------------------------------
  
 mdl_sqrt__aS =   0.34409301068170506     
 mdl_G__exp__2 =    1.4878582807401259     
  Couplings of SM_HeavyN_UFO
  ---------------------------------
  
         GC_1 =  -0.00000E+00  -0.10448E+00
         GC_2 =   0.00000E+00   0.20897E+00
         GC_3 =  -0.00000E+00  -0.31345E+00
         GC_4 =   0.00000E+00   0.31345E+00
        GC_26 =   0.00000E+00   0.45849E+00
        GC_27 =  -0.00000E+00  -0.28380E+00
        GC_28 =   0.00000E+00   0.28380E+00
        GC_30 =   0.00000E+00   0.56760E+00
        GC_35 =  -0.00000E+00  -0.28850E-01
        GC_37 =   0.00000E+00   0.17310E+00
        GC_39 =   0.00000E+00  -0.19725E+00
        GC_40 =   0.00000E+00   0.37035E+00
        GC_80 =   0.00000E+00   0.67543E+02
       GC_107 =  -0.00000E+00  -0.74070E+00
       GC_109 =  -0.00000E+00  -0.74070E+00
       GC_111 =  -0.00000E+00  -0.74070E+00
       GC_113 =  -0.00000E+00  -0.74070E+00
       GC_115 =  -0.00000E+00  -0.74070E+00
       GC_117 =  -0.00000E+00  -0.74070E+00
       GC_119 =   0.00000E+00   0.00000E+00
       GC_120 =   0.00000E+00   0.00000E+00
       GC_122 =  -0.00000E+00  -0.00000E+00
       GC_126 =   0.00000E+00   0.00000E+00
       GC_127 =   0.00000E+00   0.00000E+00
       GC_129 =  -0.00000E+00  -0.00000E+00
       GC_133 =   0.00000E+00   0.45849E+00
       GC_134 =   0.00000E+00   0.37035E+00
       GC_136 =  -0.00000E+00  -0.89351E+01
        GC_81 =   0.40000E+02   0.00000E+00
        GC_82 =   0.42000E+02   0.00000E+00
        GC_83 =   0.44000E+02   0.00000E+00

 Collider parameters:
 --------------------

 Running at P P   machine @    13000.000000000000       GeV
 PDF set = nn23lo1
 alpha_s(Mz)= 0.1300 running at 2 loops.
 alpha_s(Mz)= 0.1300 running at 2 loops.
 Renormalization scale set on event-by-event basis
 Factorization   scale set on event-by-event basis


 getting user params
Enter number of events and max and min iterations: 
 Number of events and iterations         1000           5           3
Enter desired fractional accuracy: 
 Desired fractional accuracy:   0.10000000000000001     
Enter 0 for fixed, 2 for adjustable grid: 
Suppress amplitude (0 no, 1 yes)? 
 Using suppressed amplitude.
Exact helicity sum (0 yes, n = number/event)? 
 Explicitly summing over helicities
Enter Configuration Number: 
Running Configuration Number:  327
 Using dconfig=         238
 BW Setting            1           1           2           2           2           0           0
 Attempting mappinvarients           1           9
 Completed mapping           9
 about to integrate           19        1000           5           3          19           1
 Using non-zero grid deformation.
 19 dimensions   1000 events 19 invarients  5 iterations  1 config(s),  (0.99)
 Using h-tuple random number sequence.
 Error opening grid
 Using Uniform Grid!          36
 Using uniform alpha   1.0000000000000000     
 Grid defined OK
 Set CM energy to      13000.00
 Mapping Graph         327  to config         327
 Setting BW          -1           1   79.824359746197842     
Setting grid   2    0.75740E-07   1
 Setting BW          -3           2   79.824359746197842     
Setting grid   4    0.31513E-04   1
Setting grid   5    0.15947E-03   1
Setting grid   6    0.15947E-03   1
 Transforming s_hat 1/s           18   2.1493129719111747E-004   1600.0000000000000        168999999.99999997     
 327   1   2   3   4   5   6   7   8   9  10  11  12  13  14
  15  16  17  18  19
 Masses: 0.000E+00 0.000E+00 0.000E+00 0.000E+00 0.000E+00 0.000E+00 0.000E+00 0.000E+00 0.912E+02
Using random seed offsets   327 :      1
  with seed                   24
 Ranmar initialization seeds          57        9398
 
 ********************************************
 * You are using the DiscreteSampler module *
 *      part of the MG5_aMC framework       *
 *         Author: Valentin Hirschi         *
 ********************************************
 
  Particle       3       4       5       6       7       8       9
      Et >    10.0    10.0    10.0    10.0     0.0     0.0     0.0
       E >     0.0     0.0     0.0     0.0     0.0     0.0     0.0
     Eta <     2.5     2.5     2.5     2.5    -1.0    -1.0    -1.0
   xqcut:      0.0     0.0     0.0     0.0     0.0     0.0     0.0
d R # 3  >    -0.0     0.4     0.4     0.4     0.0     0.0     0.0
d R # 4  >    -0.0    -0.0     0.4     0.4     0.0     0.0     0.0
d R # 5  >    -0.0    -0.0    -0.0     0.4     0.0     0.0     0.0
d R # 6  >    -0.0    -0.0    -0.0    -0.0     0.0     0.0     0.0
d R # 7  >    -0.0    -0.0    -0.0    -0.0    -0.0     0.0     0.0
d R # 8  >    -0.0    -0.0    -0.0    -0.0    -0.0    -0.0     0.0
s min # 3>     0.0     0.0     0.0     0.0     0.0     0.0     0.0
s min # 4>     0.0     0.0     0.0     0.0     0.0     0.0     0.0
s min # 5>     0.0     0.0     0.0     0.0     0.0     0.0     0.0
s min # 6>     0.0     0.0     0.0     0.0     0.0     0.0     0.0
s min # 7>     0.0     0.0     0.0     0.0     0.0     0.0     0.0
s min # 8>     0.0     0.0     0.0     0.0     0.0     0.0     0.0
xqcutij # 3>     0.0     0.0     0.0     0.0     0.0     0.0     0.0
xqcutij # 4>     0.0     0.0     0.0     0.0     0.0     0.0     0.0
xqcutij # 5>     0.0     0.0     0.0     0.0     0.0     0.0     0.0
xqcutij # 6>     0.0     0.0     0.0     0.0     0.0     0.0     0.0
xqcutij # 7>     0.0     0.0     0.0     0.0     0.0     0.0     0.0
xqcutij # 8>     0.0     0.0     0.0     0.0     0.0     0.0     0.0
 Requiring BW           -1           1
 Requiring BW           -3           2
 Excluding BW           -4           3
 Excluding BW           -5           4
 Excluding BW           -6           5
 alpha_s for scale    535.75076075485015       is   0.10048469153317809     
 Added good helicity            1   3.9440226338596180       in event            1 local:           1
 Added good helicity           21   1.0077203094696884E-004  in event            1 local:           1
 Added good helicity           25   2.0447903275170164E-003  in event            1 local:           1
 Added good helicity           37  0.79923153571442729       in event            1 local:           1
 Added good helicity           41   23.772166730042162       in event            1 local:           1
 Added good helicity           61   6.6442792002999900E-004  in event            1 local:           1
 Added good helicity          193   143.76917739418261       in event            1 local:           1
 Added good helicity          213   1.7878276821476705E-003  in event            1 local:           1
 Added good helicity          217  0.13994994453712187       in event            1 local:           1
 Added good helicity          229   2.9049301261588658       in event            1 local:           1
 Added good helicity          233   80.661665855891329       in event            1 local:           1
 Added good helicity          253   4.2579616532673519E-003  in event            1 local:           1
 Added good helicity            1   3.9440226338596789       in event            1 local:           1
 Added good helicity           21   1.0077203094696807E-004  in event            1 local:           1
 Added good helicity           25   2.0447903275169236E-003  in event            1 local:           1
 Added good helicity           37  0.79923153571442052       in event            1 local:           1
 Added good helicity           41   23.772166730042084       in event            1 local:           1
 Added good helicity           61   6.6442792002999683E-004  in event            1 local:           1
 Added good helicity          193   143.76917739418263       in event            1 local:           1
 Added good helicity          213   1.7878276821476429E-003  in event            1 local:           1
 Added good helicity          217  0.13994994453711698       in event            1 local:           1
 Added good helicity          229   2.9049301261588423       in event            1 local:           1
 Added good helicity          233   80.661665855891329       in event            1 local:           1
 Added good helicity          253   4.2579616532673224E-003  in event            1 local:           1
 RESET CUMULATIVE VARIABLE
 RESET CUMULATIVE VARIABLE
 RESET CUMULATIVE VARIABLE
 Iteration  1   Mean: 0.4289E-17 Abs mean: 0.4289E-17   Fluctuation:  0.385E-17   0.460E-16     0.0%
  1    0.4289E-17 0.4289E-17 +- 0.3848E-17      3.11
 Writing out events   1.7157683742059682E-019   3.1076651024047743     
 Relative summed weights:
  0.1001E-05  0.7504E-01  0.0000E+00  0.0000E+00  0.0000E+00  0.0000E+00
  0.0000E+00  0.0000E+00  0.0000E+00  0.1811E-04  0.0000E+00  0.0000E+00
  0.0000E+00  0.0000E+00  0.0000E+00  0.0000E+00  0.0000E+00  0.0000E+00
  0.0000E+00  0.8019E+00  0.7130E-01  0.3408E-03  0.0000E+00  0.0000E+00
  0.0000E+00  0.0000E+00  0.9580E-04  0.3149E-01  0.0000E+00  0.0000E+00
  0.5579E-03  0.0000E+00  0.9830E-06  0.0000E+00  0.0000E+00  0.0000E+00
  0.1162E-05  0.0000E+00  0.4471E-04  0.1920E-01  0.0000E+00  0.0000E+00
  0.1607E-06  0.5032E-04  0.0000E+00  0.0000E+00  0.0000E+00  0.0000E+00
 Relative number of events:
  0.4762E-01  0.4762E-01  0.0000E+00  0.0000E+00  0.0000E+00  0.0000E+00
  0.0000E+00  0.0000E+00  0.0000E+00  0.4762E-01  0.0000E+00  0.0000E+00
  0.0000E+00  0.0000E+00  0.0000E+00  0.0000E+00  0.0000E+00  0.0000E+00
  0.0000E+00  0.4762E-01  0.9524E-01  0.9524E-01  0.0000E+00  0.0000E+00
  0.0000E+00  0.0000E+00  0.4762E-01  0.9524E-01  0.0000E+00  0.0000E+00
  0.9524E-01  0.0000E+00  0.4762E-01  0.0000E+00  0.0000E+00  0.0000E+00
  0.4762E-01  0.0000E+00  0.9524E-01  0.9524E-01  0.0000E+00  0.0000E+00
  0.4762E-01  0.4762E-01  0.0000E+00  0.0000E+00  0.0000E+00  0.0000E+00
 Events:
           1           1           0           0           0           0
           0           0           0           1           0           0
           0           0           0           0           0           0
           0           1           2           2           0           0
           0           0           1           2           0           0
           2           0           1           0           0           0
           1           0           2           2           0           0
           1           1           0           0           0           0
 Iteration  2   Mean: 0.1175E-17 Abs mean: 0.1175E-17   Fluctuation:  0.103E-17   0.206E-14     1.9%
  2    0.1175E-17 0.1175E-17 +- 0.1034E-17     39.35
 Relative summed weights:
  0.2418E-03  0.1198E-04  0.3243E-05  0.1495E-04  0.1028E-10  0.4212E-11
  0.3254E-05  0.1607E-04  0.2358E-03  0.8144E-04  0.1159E-11  0.2672E-11
  0.1295E-06  0.3165E-05  0.1231E+00  0.1913E-04  0.3020E-04  0.5113E-09
  0.6939E-06  0.8757E+00  0.5718E-04  0.8039E-05  0.1442E-08  0.3426E-10
  0.1696E-05  0.1380E-04  0.4286E-04  0.1995E-03  0.0000E+00  0.9370E-12
  0.2229E-04  0.2753E-04  0.1174E-04  0.4193E-05  0.1341E-13  0.3642E-07
  0.6232E-05  0.3083E-05  0.5203E-05  0.3789E-05  0.4679E-12  0.5234E-10
  0.2719E-05  0.1065E-05  0.1844E-03  0.1506E-05  0.4911E-06  0.1024E-13
 Relative number of events:
  0.2200E-01  0.1550E-01  0.2750E-01  0.2500E-01  0.5000E-03  0.5000E-03
  0.2450E-01  0.1950E-01  0.6000E-01  0.7050E-01  0.1500E-02  0.1500E-02
  0.1700E-01  0.9500E-02  0.2150E-01  0.2900E-01  0.2000E-02  0.1500E-02
  0.1800E-01  0.2150E-01  0.6250E-01  0.6200E-01  0.3000E-02  0.1500E-02
  0.1300E-01  0.1700E-01  0.2250E-01  0.2250E-01  0.0000E+00  0.1500E-02
  0.1500E-01  0.1700E-01  0.2050E-01  0.2000E-01  0.5000E-03  0.1000E-02
  0.1650E-01  0.1650E-01  0.6350E-01  0.5900E-01  0.1500E-02  0.1000E-02
  0.2200E-01  0.1850E-01  0.6550E-01  0.6500E-01  0.2500E-02  0.5000E-03
 Events:
          44          31          55          50           1           1
          49          39         120         141           3           3
          34          19          43          58           4           3
          36          43         125         124           6           3
          26          34          45          45           0           3
          30          34          41          40           1           2
          33          33         127         118           3           2
          44          37         131         130           5           1
 Iteration  3   Mean: 0.2927E-19 Abs mean: 0.2927E-19   Fluctuation:  0.135E-19   0.428E-16     2.7%
  3    0.2927E-19 0.2927E-19 +- 0.1345E-19     29.07
 Relative summed weights:
  0.1809E-03  0.1725E-04  0.4525E-01  0.1163E-02  0.6114E-11  0.1777E-08
  0.9376E-01  0.8658E-01  0.9961E-02  0.1098E-01  0.6289E-06  0.3089E-10
  0.2255E-03  0.3002E-04  0.5376E-03  0.3383E-02  0.1909E-09  0.1719E-09
  0.1424E-02  0.6033E-06  0.2781E-03  0.8805E-02  0.3287E-07  0.5228E-06
  0.2660E-02  0.2812E-02  0.4911E-03  0.1053E-02  0.7741E-09  0.1450E-05
  0.1039E-01  0.2220E-04  0.1670E-01  0.5757E-01  0.1765E-09  0.8340E-11
  0.4849E-06  0.1104E-04  0.3844E+00  0.2379E+00  0.4547E-07  0.1600E-04
  0.2128E-03  0.5252E-03  0.1948E-01  0.3205E-02  0.1038E-06  0.2271E-10
 Relative number of events:
  0.1375E-01  0.1525E-01  0.2375E-01  0.2450E-01  0.1000E-02  0.1250E-02
  0.2025E-01  0.2125E-01  0.5775E-01  0.6075E-01  0.1250E-02  0.1500E-02
  0.1600E-01  0.1600E-01  0.2750E-01  0.2250E-01  0.7500E-03  0.5000E-03
  0.2100E-01  0.1675E-01  0.6300E-01  0.6525E-01  0.7500E-03  0.2250E-02
  0.1550E-01  0.1250E-01  0.2675E-01  0.2375E-01  0.5000E-03  0.1250E-02
  0.1725E-01  0.1375E-01  0.2275E-01  0.2075E-01  0.7500E-03  0.5000E-03
  0.2175E-01  0.2150E-01  0.6075E-01  0.7025E-01  0.1750E-02  0.2500E-02
  0.1850E-01  0.2525E-01  0.6450E-01  0.5975E-01  0.1750E-02  0.1250E-02
 Events:
          55          61          95          98           4           5
          81          85         231         243           5           6
          64          64         110          90           3           2
          84          67         252         261           3           9
          62          50         107          95           2           5
          69          55          91          83           3           2
          87          86         243         281           7          10
          74         101         258         239           7           5
 Accuracy:    1.156   0.100   0.371   9.704
 Found           28  events.
 Wrote            2  events.
 Actual xsec    9.6123725326763468E-019
 Correct abs xsec    9.6123725326763468E-019
 Event xsec    9.6123725326763468E-019
 Events wgts > 1:            1
 % Cross section > 1:    8.6832476894863932E-026   9.0334073715604736E-006
 Iteration  4   Mean: 0.5502E-17 Abs mean: 0.5502E-17   Fluctuation:  0.269E-17   0.170E-13     3.1%
  4    0.5502E-17 0.5502E-17 +- 0.2694E-17     43.80
 Relative summed weights:
  0.3662E-03  0.1172E-04  0.1661E-01  0.2638E-02  0.4225E-08  0.2168E-06
  0.1082E-04  0.4419E-03  0.7879E-02  0.1862E-03  0.1470E-05  0.1155E-07
  0.6116E-02  0.4956E-04  0.3879E-03  0.2359E-03  0.8834E-10  0.3255E-08
  0.7466E-04  0.2201E+00  0.1038E-02  0.1083E+00  0.1416E-05  0.7683E-08
  0.2041E-02  0.4778E-04  0.2886E-01  0.9425E-03  0.9451E-07  0.1582E-07
  0.6448E-04  0.1087E-02  0.2324E-03  0.1878E+00  0.1755E-09  0.7475E-07
  0.3861E+00  0.7275E-04  0.1892E-03  0.1685E-01  0.7678E-05  0.4160E-06
  0.5019E-02  0.5263E-02  0.3217E-03  0.6669E-03  0.5604E-08  0.3336E-10
 Relative number of events:
  0.1438E-01  0.1588E-01  0.2575E-01  0.2312E-01  0.7500E-03  0.8750E-03
  0.2075E-01  0.1887E-01  0.6413E-01  0.6775E-01  0.2125E-02  0.1750E-02
  0.1362E-01  0.1350E-01  0.2550E-01  0.2287E-01  0.6250E-03  0.8750E-03
  0.2388E-01  0.1950E-01  0.6450E-01  0.6475E-01  0.2750E-02  0.1625E-02
  0.1238E-01  0.1263E-01  0.2388E-01  0.2538E-01  0.8750E-03  0.8750E-03
  0.1275E-01  0.1463E-01  0.2425E-01  0.2413E-01  0.5000E-03  0.7500E-03
  0.2463E-01  0.1850E-01  0.6150E-01  0.6313E-01  0.1625E-02  0.1625E-02
  0.1875E-01  0.1900E-01  0.6137E-01  0.6363E-01  0.1500E-02  0.1625E-02
 Events:
         115         127         206         185           6           7
         166         151         513         542          17          14
         109         108         204         183           5           7
         191         156         516         518          22          13
          99         101         191         203           7           7
         102         117         194         193           4           6
         197         148         492         505          13          13
         150         152         491         509          12          13
 Accuracy:    0.556   0.100   0.296   3.532
 Found          568  events.
 Wrote            3  events.
 Actual xsec    2.4131550654979793E-018
 Correct abs xsec    2.4131550654979793E-018
 Event xsec    2.4131550654979793E-018
 Events wgts > 1:            0
 % Cross section > 1:    0.0000000000000000        0.0000000000000000     
 Iteration  5   Mean: 0.1039E-15 Abs mean: 0.1039E-15   Fluctuation:  0.665E-16   0.105E-11     3.2%
  5    0.1039E-15 0.1039E-15 +- 0.6649E-16     80.96
 Relative summed weights:
  0.1170E-03  0.2914E-03  0.5884E-01  0.1413E-02  0.8870E-08  0.4788E-04
  0.2506E-02  0.1012E-02  0.4619E-01  0.4251E-02  0.2884E-08  0.2703E-07
  0.3123E-01  0.3691E-03  0.2056E-03  0.4914E-01  0.7997E-06  0.1194E-08
  0.1101E-02  0.1068E-02  0.3405E-02  0.1622E-02  0.2111E-08  0.5352E-05
  0.6393E+00  0.6753E-01  0.2557E-03  0.9437E-02  0.9514E-07  0.9832E-08
  0.2470E-02  0.2052E-03  0.4526E-03  0.1083E-01  0.1406E-06  0.6169E-04
  0.3640E-03  0.2803E-03  0.1222E-01  0.3309E-02  0.1089E-04  0.1750E-05
  0.4647E-01  0.7333E-03  0.1851E-02  0.1363E-02  0.1032E-07  0.1025E-05
 Relative number of events:
  0.1419E-01  0.1494E-01  0.2513E-01  0.2550E-01  0.4375E-03  0.8750E-03
  0.2219E-01  0.2219E-01  0.5981E-01  0.6500E-01  0.1500E-02  0.1563E-02
  0.1506E-01  0.1463E-01  0.2319E-01  0.2475E-01  0.3750E-03  0.5000E-03
  0.2038E-01  0.2250E-01  0.5875E-01  0.6037E-01  0.1187E-02  0.1625E-02
  0.1613E-01  0.1594E-01  0.2319E-01  0.2431E-01  0.8125E-03  0.4375E-03
  0.1413E-01  0.1525E-01  0.2381E-01  0.2456E-01  0.6875E-03  0.4375E-03
  0.2187E-01  0.2231E-01  0.6237E-01  0.6144E-01  0.1500E-02  0.1187E-02
  0.2337E-01  0.2200E-01  0.6031E-01  0.6381E-01  0.1625E-02  0.1875E-02
 Events:
         227         239         402         408           7          14
         355         355         957        1040          24          25
         241         234         371         396           6           8
         326         360         940         966          19          26
         258         255         371         389          13           7
         226         244         381         393          11           7
         350         357         998         983          24          19
         374         352         965        1021          26          30
 Accuracy:    0.945   0.100   0.268  12.402
 Found          759  events.
 Wrote            1  events.
 Actual xsec    2.4386727660824122E-017
 Correct abs xsec    2.4386727660824122E-017
 Event xsec    2.4386727660824122E-017
 Events wgts > 1:            0
 % Cross section > 1:    0.0000000000000000        0.0000000000000000     

 -------------------------------------------------------------------------------
 Accumulated results:   Integral =  0.2043E-16
                        Std dev  =  0.5483E-17
                       Cross sec =  0.2043E-16
             Chi**2 per DoF.     =     12.4019
 -------------------------------------------------------------------------------
-------------------------------------------------
---------------------------
 Results Last   3 iters: Integral =   0.2439E-16
                     Abs integral =   0.2439E-16
                          Std dev =   0.7240E-17
                  Chi**2 per DoF. =1638918.2986
-------------------------------------------------
---------------------------
 Status  0.10000000000000001                6           5

ls status:
events.lhe
ftn26
input_app.txt
results.dat
run1_app.log
