 Process in group number            1
 A PDF is used, so alpha_s(MZ) is going to be modified
 Old value of alpha_s from param_card:   0.11839999999999999     
  ****************************************
 
       NNPDFDriver version 1.0.3
   Grid: NNPDF23_lo_as_0130_qed_mem0.grid
  ****************************************
 New value of alpha_s from PDF nn23lo1:  0.13000000000000000     
 Define smin to   1600.0000000000000     
 Define smin to   1600.0000000000000     
 Define smin to   1600.0000000000000     
 *****************************************************
 *               MadGraph/MadEvent                   *
 *        --------------------------------           *
 *          http://madgraph.hep.uiuc.edu             *
 *          http://madgraph.phys.ucl.ac.be           *
 *          http://madgraph.roma2.infn.it            *
 *        --------------------------------           *
 *                                                   *
 *          PARAMETER AND COUPLING VALUES            *
 *                                                   *
 *****************************************************

  External Params
  ---------------------------------
  
 mdl_VeN1 =    1.0000000000000000     
 mdl_VeN2 =    0.0000000000000000     
 mdl_VeN3 =    0.0000000000000000     
 mdl_VmuN1 =    0.0000000000000000     
 mdl_VmuN2 =    1.0000000000000000     
 mdl_VmuN3 =    0.0000000000000000     
 mdl_VtaN1 =    0.0000000000000000     
 mdl_VtaN2 =    0.0000000000000000     
 mdl_VtaN3 =    1.0000000000000000     
 mdl_VN1N1 =    1.0000000000000000     
 mdl_VN1N2 =    1.0000000000000000     
 mdl_VN1N3 =    1.0000000000000000     
 mdl_VN2N2 =    1.0000000000000000     
 mdl_VN2N3 =    1.0000000000000000     
 mdl_VN3N3 =    1.0000000000000000     
 aEWM1 =    127.90000000000001     
 mdl_Gf =    1.1663700000000000E-005
 aS =   0.11839999999999999     
 mdl_ymt =    172.00000000000000     
 mdl_vevf =    50.000000000000000     
 mdl_MZ =    91.187600000000003     
 mdl_MT =    172.00000000000000     
 mdl_MH =    125.00000000000000     
 mdl_mN1 =    510.00000000000000     
 mdl_mN2 =    610.00000000000000     
 mdl_mN3 =    710.00000000000000     
 mdl_MJ =    91.187600000000003     
 mdl_MAx =    173.04800000000000     
 mdl_WZ =    2.4952000000000001     
 mdl_WW =    2.0850000000000000     
 mdl_WT =    1.5083359999999999     
 mdl_WH =    4.0699999999999998E-003
 mdl_WN1 =   0.30299999999999999     
 mdl_WN2 =    1.5000000000000000     
 mdl_WN3 =    12.300000000000001     
 mdl_WJ =    2.4952000000000001     
 mdl_WAx =    4.1700000000000001E-003
  Internal Params
  ---------------------------------
  
 mdl_vevf__exp__2 =    2500.0000000000000     
 mdl_sqrt__vevf__exp__2 =    50.000000000000000     
 mdl_muJ =    50.000000000000000     
 mdl_MZ__exp__2 =    8315.1783937600012     
 mdl_MZ__exp__4 =    69142191.720053151     
 mdl_sqrt__2 =    1.4142135623730951     
 mdl_MJ__exp__2 =    8315.1783937600012     
 mdl_muJ__exp__2 =    2500.0000000000000     
 mdl_lamJ =    4.3260713575040004     
 mdl_MH__exp__2 =    15625.000000000000     
 mdl_complexi =  (  0.0000000000000000     ,  1.0000000000000000     )
 mdl_aEW =    7.8186082877247844E-003
 mdl_MW =    79.824359746197842     
 mdl_sqrt__aEW =    8.8422894590285753E-002
 mdl_ee =   0.31345100004952897     
 mdl_MW__exp__2 =    6371.9284088904105     
 mdl_sw2 =   0.23369913342182447     
 mdl_cw =   0.87538612427783857     
 mdl_sqrt__sw2 =   0.48342438232036300     
 mdl_sw =   0.48342438232036300     
 mdl_g1 =   0.35807170271074895     
 mdl_gN =   0.64839716719502682     
 mdl_gw =   0.64839716719502682     
 mdl_vev =    246.22056907348590     
 mdl_vev__exp__2 =    60624.568634871241     
 mdl_lam =   0.12886689630821144     
 mdl_yt =   0.98791394091683138     
 mdl_muH =    88.388347648318444     
 mdl_I2a33 =  ( 0.98791394091683138     ,  0.0000000000000000     )
 mdl_I3a33 =  ( 0.98791394091683138     ,  0.0000000000000000     )
 mdl_ee__exp__2 =    9.8251529432049817E-002
 mdl_sw__exp__2 =   0.23369913342182450     
 mdl_cw__exp__2 =   0.76630086657817542     
  Internal Params evaluated point by point
  ----------------------------------------
  
 mdl_sqrt__aS =   0.34409301068170506     
 mdl_G__exp__2 =    1.4878582807401259     
  Couplings of SM_HeavyN_UFO
  ---------------------------------
  
         GC_1 =  -0.00000E+00  -0.10448E+00
         GC_2 =   0.00000E+00   0.20897E+00
         GC_3 =  -0.00000E+00  -0.31345E+00
         GC_4 =   0.00000E+00   0.31345E+00
        GC_26 =   0.00000E+00   0.45849E+00
        GC_27 =  -0.00000E+00  -0.28380E+00
        GC_28 =   0.00000E+00   0.28380E+00
        GC_30 =   0.00000E+00   0.56760E+00
        GC_35 =  -0.00000E+00  -0.28850E-01
        GC_37 =   0.00000E+00   0.17310E+00
        GC_39 =   0.00000E+00  -0.19725E+00
        GC_40 =   0.00000E+00   0.37035E+00
        GC_80 =   0.00000E+00   0.67543E+02
       GC_107 =  -0.00000E+00  -0.74070E+00
       GC_109 =  -0.00000E+00  -0.74070E+00
       GC_111 =  -0.00000E+00  -0.74070E+00
       GC_113 =  -0.00000E+00  -0.74070E+00
       GC_115 =  -0.00000E+00  -0.74070E+00
       GC_117 =  -0.00000E+00  -0.74070E+00
       GC_119 =   0.00000E+00   0.00000E+00
       GC_120 =   0.00000E+00   0.00000E+00
       GC_122 =  -0.00000E+00  -0.00000E+00
       GC_126 =   0.00000E+00   0.00000E+00
       GC_127 =   0.00000E+00   0.00000E+00
       GC_129 =  -0.00000E+00  -0.00000E+00
       GC_133 =   0.00000E+00   0.45849E+00
       GC_134 =   0.00000E+00   0.37035E+00
       GC_136 =  -0.00000E+00  -0.28836E+01
        GC_81 =   0.10200E+02   0.00000E+00
        GC_82 =   0.12200E+02   0.00000E+00
        GC_83 =   0.14200E+02   0.00000E+00

 Collider parameters:
 --------------------

 Running at P P   machine @    13000.000000000000       GeV
 PDF set = nn23lo1
 alpha_s(Mz)= 0.1300 running at 2 loops.
 alpha_s(Mz)= 0.1300 running at 2 loops.
 Renormalization scale set on event-by-event basis
 Factorization   scale set on event-by-event basis


 getting user params
Enter number of events and max and min iterations: 
 Number of events and iterations         1000           5           3
Enter desired fractional accuracy: 
 Desired fractional accuracy:   0.10000000000000001     
Enter 0 for fixed, 2 for adjustable grid: 
Suppress amplitude (0 no, 1 yes)? 
 Using suppressed amplitude.
Exact helicity sum (0 yes, n = number/event)? 
 Explicitly summing over helicities
Enter Configuration Number: 
Running Configuration Number:  159
 Using dconfig=         635
 BW Setting            2           1           1           2           1           2           0
 Attempting mappinvarients           1           9
 Completed mapping           9
 about to integrate           19        1000           5           3          19           1
 Using non-zero grid deformation.
 19 dimensions   1000 events 19 invarients  5 iterations  1 config(s),  (0.99)
 Using h-tuple random number sequence.
 Error opening grid
 Using Uniform Grid!          36
 Using uniform alpha   1.0000000000000000     
 Grid defined OK
 Set CM energy to      13000.00
 Mapping Graph         159  to config         159
Setting grid   1    0.75740E-07   1
 Setting BW          -2           2   710.00000000000000     
 Setting BW          -3           3   710.00000000000000     
Setting grid   4    0.32375E-02   1
 Setting BW          -5           5   91.187600000000003     
Setting grid   6    0.39632E-02   1
 Transforming s_hat 1/s           18   3.9631789974002365E-003   1600.0000000000000        168999999.99999997     
 159   1   2   3   4   5   6   7   8   9  10  11  12  13  14
  15  16  17  18  19
 Masses: 0.000E+00 0.000E+00 0.000E+00 0.000E+00 0.000E+00 0.000E+00 0.000E+00 0.000E+00 0.912E+02
Using random seed offsets   159 :      1
  with seed                   24
 Ranmar initialization seeds       31217        9398
 
 ********************************************
 * You are using the DiscreteSampler module *
 *      part of the MG5_aMC framework       *
 *         Author: Valentin Hirschi         *
 ********************************************
 
  Particle       3       4       5       6       7       8       9
      Et >    10.0    10.0    10.0    10.0     0.0     0.0     0.0
       E >     0.0     0.0     0.0     0.0     0.0     0.0     0.0
     Eta <     2.5     2.5     2.5     2.5    -1.0    -1.0    -1.0
   xqcut:      0.0     0.0     0.0     0.0     0.0     0.0     0.0
d R # 3  >    -0.0     0.4     0.4     0.4     0.0     0.0     0.0
d R # 4  >    -0.0    -0.0     0.4     0.4     0.0     0.0     0.0
d R # 5  >    -0.0    -0.0    -0.0     0.4     0.0     0.0     0.0
d R # 6  >    -0.0    -0.0    -0.0    -0.0     0.0     0.0     0.0
d R # 7  >    -0.0    -0.0    -0.0    -0.0    -0.0     0.0     0.0
d R # 8  >    -0.0    -0.0    -0.0    -0.0    -0.0    -0.0     0.0
s min # 3>     0.0     0.0     0.0     0.0     0.0     0.0     0.0
s min # 4>     0.0     0.0     0.0     0.0     0.0     0.0     0.0
s min # 5>     0.0     0.0     0.0     0.0     0.0     0.0     0.0
s min # 6>     0.0     0.0     0.0     0.0     0.0     0.0     0.0
s min # 7>     0.0     0.0     0.0     0.0     0.0     0.0     0.0
s min # 8>     0.0     0.0     0.0     0.0     0.0     0.0     0.0
xqcutij # 3>     0.0     0.0     0.0     0.0     0.0     0.0     0.0
xqcutij # 4>     0.0     0.0     0.0     0.0     0.0     0.0     0.0
xqcutij # 5>     0.0     0.0     0.0     0.0     0.0     0.0     0.0
xqcutij # 6>     0.0     0.0     0.0     0.0     0.0     0.0     0.0
xqcutij # 7>     0.0     0.0     0.0     0.0     0.0     0.0     0.0
xqcutij # 8>     0.0     0.0     0.0     0.0     0.0     0.0     0.0
 Excluding BW           -1           1
 Requiring BW           -2           2
 Requiring BW           -3           3
 Excluding BW           -4           4
 Requiring BW           -5           5
 Excluding BW           -6           6
 alpha_s for scale    1041.9181152930846       is    9.2637278906381432E-002
 Added good helicity            1   2.1187250962015716       in event            1 local:           1
 Added good helicity           21   2.6972675736714720E-003  in event            1 local:           1
 Added good helicity           25   3.7213930959275296E-006  in event            1 local:           1
 Added good helicity           37   1.9580568220149199E-006  in event            1 local:           1
 Added good helicity           41   67.575610209520775       in event            1 local:           1
 Added good helicity           61   1.3156326085590387E-004  in event            1 local:           1
 Added good helicity          193   80.796554938749651       in event            1 local:           1
 Added good helicity          213   1.4735802791846990E-002  in event            1 local:           1
 Added good helicity          217   1.2760058747073073E-005  in event            1 local:           1
 Added good helicity          229   1.1205232689599619E-005  in event            1 local:           1
 Added good helicity          233   105.49055492036177       in event            1 local:           1
 Added good helicity          253   9.6055679848363489E-004  in event            1 local:           1
 Added good helicity            1   2.1187250962015369       in event            1 local:           1
 Added good helicity           21   2.6972675736716182E-003  in event            1 local:           1
 Added good helicity           25   3.7213930959275770E-006  in event            1 local:           1
 Added good helicity           37   1.9580568220148843E-006  in event            1 local:           1
 Added good helicity           41   67.575610209520946       in event            1 local:           1
 Added good helicity           61   1.3156326085591718E-004  in event            1 local:           1
 Added good helicity          193   80.796554938749495       in event            1 local:           1
 Added good helicity          213   1.4735802791847529E-002  in event            1 local:           1
 Added good helicity          217   1.2760058747073117E-005  in event            1 local:           1
 Added good helicity          229   1.1205232689599727E-005  in event            1 local:           1
 Added good helicity          233   105.49055492036183       in event            1 local:           1
 Added good helicity          253   9.6055679848375069E-004  in event            1 local:           1
 RESET CUMULATIVE VARIABLE
 RESET CUMULATIVE VARIABLE
 RESET CUMULATIVE VARIABLE
 Iteration  1   Mean: 0.1528E-15 Abs mean: 0.1528E-15   Fluctuation:  0.911E-16   0.159E-13     0.1%
  1    0.1528E-15 0.1528E-15 +- 0.9110E-16      8.02
 Writing out events   6.1115768161300110E-018   8.0218305394271905     
 Relative summed weights:
  0.1850E-01  0.3547E-02  0.1133E-01  0.9745E-04  0.0000E+00  0.0000E+00
  0.1768E-03  0.3477E-05  0.3961E-03  0.2701E-01  0.0000E+00  0.0000E+00
  0.1349E-02  0.2814E-04  0.1373E-04  0.7446E-03  0.0000E+00  0.0000E+00
  0.5744E+00  0.2509E-01  0.3494E-03  0.4915E-01  0.0000E+00  0.0000E+00
  0.1624E-02  0.4719E-03  0.3204E-04  0.3193E-03  0.0000E+00  0.0000E+00
  0.3658E-03  0.1075E-03  0.4917E-02  0.1082E-01  0.3300E-06  0.0000E+00
  0.5934E-01  0.8283E-02  0.1019E-06  0.9200E-06  0.0000E+00  0.0000E+00
  0.1619E-04  0.1854E+00  0.2689E-02  0.1339E-01  0.0000E+00  0.0000E+00
 Relative number of events:
  0.2632E-01  0.2632E-01  0.1579E-01  0.5263E-02  0.0000E+00  0.0000E+00
  0.3158E-01  0.2632E-01  0.7368E-01  0.5789E-01  0.0000E+00  0.0000E+00
  0.3684E-01  0.2105E-01  0.1053E-01  0.1053E-01  0.0000E+00  0.0000E+00
  0.3158E-01  0.2105E-01  0.3158E-01  0.7368E-01  0.0000E+00  0.0000E+00
  0.1579E-01  0.2632E-01  0.1053E-01  0.2632E-01  0.0000E+00  0.0000E+00
  0.2632E-01  0.2632E-01  0.4737E-01  0.5263E-01  0.5263E-02  0.0000E+00
  0.3684E-01  0.2105E-01  0.5263E-02  0.5263E-02  0.0000E+00  0.0000E+00
  0.1579E-01  0.4737E-01  0.4211E-01  0.8947E-01  0.0000E+00  0.0000E+00
 Events:
           5           5           3           1           0           0
           6           5          14          11           0           0
           7           4           2           2           0           0
           6           4           6          14           0           0
           3           5           2           5           0           0
           5           5           9          10           1           0
           7           4           1           1           0           0
           3           9           8          17           0           0
 Iteration  2   Mean: 0.1194E-15 Abs mean: 0.1194E-15   Fluctuation:  0.480E-16   0.707E-13    10.8%
  2    0.1194E-15 0.1194E-15 +- 0.4802E-16     17.98
 Relative summed weights:
  0.1042E-01  0.2774E-01  0.3001E+00  0.1495E-01  0.2523E-06  0.4094E-05
  0.3182E-01  0.1244E-01  0.1312E-01  0.4943E-02  0.1614E-05  0.5515E-05
  0.9132E-02  0.2703E-02  0.2215E+00  0.2013E-03  0.0000E+00  0.0000E+00
  0.3675E-02  0.7194E-02  0.6948E-02  0.3008E-02  0.0000E+00  0.5585E-04
  0.1381E+00  0.7299E-02  0.4484E-03  0.4511E-02  0.4881E-07  0.0000E+00
  0.2521E-01  0.5005E-02  0.2733E-02  0.5596E-02  0.2123E-03  0.2412E-05
  0.7179E-02  0.1963E-01  0.7081E-01  0.8004E-02  0.0000E+00  0.0000E+00
  0.2155E-01  0.9054E-02  0.4163E-02  0.4436E-03  0.4450E-04  0.5849E-04
 Relative number of events:
  0.3300E-01  0.2950E-01  0.1300E-01  0.9000E-02  0.5000E-03  0.1000E-02
  0.3150E-01  0.2700E-01  0.4500E-01  0.4300E-01  0.5000E-03  0.2000E-02
  0.3550E-01  0.2600E-01  0.1050E-01  0.1150E-01  0.0000E+00  0.0000E+00
  0.4100E-01  0.3250E-01  0.6300E-01  0.4850E-01  0.0000E+00  0.1500E-02
  0.3100E-01  0.2600E-01  0.9000E-02  0.1300E-01  0.5000E-03  0.0000E+00
  0.2850E-01  0.3100E-01  0.5550E-01  0.4950E-01  0.5000E-03  0.1500E-02
  0.3500E-01  0.3600E-01  0.9000E-02  0.9500E-02  0.0000E+00  0.0000E+00
  0.3550E-01  0.3400E-01  0.4150E-01  0.4650E-01  0.5000E-03  0.1500E-02
 Events:
          66          59          26          18           1           2
          63          54          90          86           1           4
          71          52          21          23           0           0
          82          65         126          97           0           3
          62          52          18          26           1           0
          57          62         111          99           1           3
          70          72          18          19           0           0
          71          68          83          93           1           3
 Iteration  3   Mean: 0.1566E-15 Abs mean: 0.1566E-15   Fluctuation:  0.790E-16   0.308E-12    36.1%
  3    0.1566E-15 0.1566E-15 +- 0.7901E-16     31.92
 Relative summed weights:
  0.1611E-01  0.5620E-02  0.7751E-03  0.2382E-02  0.5954E-07  0.0000E+00
  0.2163E-02  0.9303E-02  0.5250E+00  0.8595E-02  0.0000E+00  0.3277E-05
  0.4634E-02  0.8240E-02  0.8473E-02  0.6150E-02  0.2077E-05  0.0000E+00
  0.2358E-01  0.3387E-01  0.6327E-01  0.3101E-02  0.3726E-04  0.2788E-06
  0.1141E-01  0.3766E-02  0.1987E-01  0.3294E-01  0.0000E+00  0.0000E+00
  0.4208E-01  0.2542E-02  0.1070E-01  0.3696E-02  0.5968E-06  0.3522E-06
  0.1263E-02  0.2508E-01  0.4398E-02  0.6586E-03  0.0000E+00  0.2456E-05
  0.2138E-01  0.1738E-02  0.8572E-01  0.1146E-01  0.1234E-05  0.1135E-05
 Relative number of events:
  0.3175E-01  0.3325E-01  0.1175E-01  0.1225E-01  0.5000E-03  0.0000E+00
  0.3150E-01  0.3275E-01  0.5025E-01  0.4950E-01  0.0000E+00  0.2000E-02
  0.2800E-01  0.3125E-01  0.1100E-01  0.1075E-01  0.5000E-03  0.0000E+00
  0.3375E-01  0.3225E-01  0.4850E-01  0.4700E-01  0.5000E-03  0.5000E-03
  0.2975E-01  0.3250E-01  0.1100E-01  0.1075E-01  0.0000E+00  0.0000E+00
  0.3400E-01  0.2775E-01  0.5250E-01  0.4525E-01  0.5000E-03  0.7500E-03
  0.3375E-01  0.2850E-01  0.9000E-02  0.1200E-01  0.0000E+00  0.5000E-03
  0.3300E-01  0.3500E-01  0.4800E-01  0.5500E-01  0.2500E-03  0.7500E-03
 Events:
         127         133          47          49           2           0
         126         131         201         198           0           8
         112         125          44          43           2           0
         135         129         194         188           2           2
         119         130          44          43           0           0
         136         111         210         181           2           3
         135         114          36          48           0           2
         132         140         192         220           1           3
 Accuracy:    0.091   0.100   0.278   0.108
 Finished due to accuracy    9.1253252279396027E-002  0.10000000000000001     

 -------------------------------------------------------------------------------
 Accumulated results:   Integral =  0.1380E-15
                        Std dev  =  0.3838E-16
                       Cross sec =  0.1380E-15
             Chi**2 per DoF.     =      0.1076
 -------------------------------------------------------------------------------
 Found          152  events.
 Wrote            1  events.
 Actual xsec    1.3798039123625324E-016
 Correct abs xsec    1.3798039123625324E-016
 Event xsec    1.3798039123625324E-016
 Events wgts > 1:            1
 % Cross section > 1:    3.7373278610028914E-024   2.7085934657220618E-006
-------------------------------------------------
---------------------------
 Results Last   3 iters: Integral =   0.1380E-15
                     Abs integral =   0.1380E-15
                          Std dev =   0.3838E-16
                  Chi**2 per DoF. =      0.1153
-------------------------------------------------
---------------------------
 Status  0.10000000000000001                4           5

ls status:
events.lhe
ftn26
input_app.txt
results.dat
run1_app.log
