 Process in group number            1
 A PDF is used, so alpha_s(MZ) is going to be modified
 Old value of alpha_s from param_card:   0.11839999999999999     
  ****************************************
 
       NNPDFDriver version 1.0.3
   Grid: NNPDF23_lo_as_0130_qed_mem0.grid
  ****************************************
 New value of alpha_s from PDF nn23lo1:  0.13000000000000000     
 Define smin to   1600.0000000000000     
 Define smin to   1600.0000000000000     
 Define smin to   1600.0000000000000     
 *****************************************************
 *               MadGraph/MadEvent                   *
 *        --------------------------------           *
 *          http://madgraph.hep.uiuc.edu             *
 *          http://madgraph.phys.ucl.ac.be           *
 *          http://madgraph.roma2.infn.it            *
 *        --------------------------------           *
 *                                                   *
 *          PARAMETER AND COUPLING VALUES            *
 *                                                   *
 *****************************************************

  External Params
  ---------------------------------
  
 mdl_VeN1 =    1.0000000000000000     
 mdl_VeN2 =    0.0000000000000000     
 mdl_VeN3 =    0.0000000000000000     
 mdl_VmuN1 =    0.0000000000000000     
 mdl_VmuN2 =    1.0000000000000000     
 mdl_VmuN3 =    0.0000000000000000     
 mdl_VtaN1 =    0.0000000000000000     
 mdl_VtaN2 =    0.0000000000000000     
 mdl_VtaN3 =    1.0000000000000000     
 mdl_VN1N1 =    1.0000000000000000     
 mdl_VN1N2 =    1.0000000000000000     
 mdl_VN1N3 =    1.0000000000000000     
 mdl_VN2N2 =    1.0000000000000000     
 mdl_VN2N3 =    1.0000000000000000     
 mdl_VN3N3 =    1.0000000000000000     
 aEWM1 =    127.90000000000001     
 mdl_Gf =    1.1663700000000000E-005
 aS =   0.11839999999999999     
 mdl_ymt =    172.00000000000000     
 mdl_vevf =    50.000000000000000     
 mdl_MZ =    91.187600000000003     
 mdl_MT =    172.00000000000000     
 mdl_MH =    125.00000000000000     
 mdl_mN1 =    510.00000000000000     
 mdl_mN2 =    610.00000000000000     
 mdl_mN3 =    710.00000000000000     
 mdl_MJ =    91.187600000000003     
 mdl_MAx =    173.04800000000000     
 mdl_WZ =    2.4952000000000001     
 mdl_WW =    2.0850000000000000     
 mdl_WT =    1.5083359999999999     
 mdl_WH =    4.0699999999999998E-003
 mdl_WN1 =   0.30299999999999999     
 mdl_WN2 =    1.5000000000000000     
 mdl_WN3 =    12.300000000000001     
 mdl_WJ =    2.4952000000000001     
 mdl_WAx =    4.1700000000000001E-003
  Internal Params
  ---------------------------------
  
 mdl_vevf__exp__2 =    2500.0000000000000     
 mdl_sqrt__vevf__exp__2 =    50.000000000000000     
 mdl_muJ =    50.000000000000000     
 mdl_MZ__exp__2 =    8315.1783937600012     
 mdl_MZ__exp__4 =    69142191.720053151     
 mdl_sqrt__2 =    1.4142135623730951     
 mdl_MJ__exp__2 =    8315.1783937600012     
 mdl_muJ__exp__2 =    2500.0000000000000     
 mdl_lamJ =    4.3260713575040004     
 mdl_MH__exp__2 =    15625.000000000000     
 mdl_complexi =  (  0.0000000000000000     ,  1.0000000000000000     )
 mdl_aEW =    7.8186082877247844E-003
 mdl_MW =    79.824359746197842     
 mdl_sqrt__aEW =    8.8422894590285753E-002
 mdl_ee =   0.31345100004952897     
 mdl_MW__exp__2 =    6371.9284088904105     
 mdl_sw2 =   0.23369913342182447     
 mdl_cw =   0.87538612427783857     
 mdl_sqrt__sw2 =   0.48342438232036300     
 mdl_sw =   0.48342438232036300     
 mdl_g1 =   0.35807170271074895     
 mdl_gN =   0.64839716719502682     
 mdl_gw =   0.64839716719502682     
 mdl_vev =    246.22056907348590     
 mdl_vev__exp__2 =    60624.568634871241     
 mdl_lam =   0.12886689630821144     
 mdl_yt =   0.98791394091683138     
 mdl_muH =    88.388347648318444     
 mdl_I2a33 =  ( 0.98791394091683138     ,  0.0000000000000000     )
 mdl_I3a33 =  ( 0.98791394091683138     ,  0.0000000000000000     )
 mdl_ee__exp__2 =    9.8251529432049817E-002
 mdl_sw__exp__2 =   0.23369913342182450     
 mdl_cw__exp__2 =   0.76630086657817542     
  Internal Params evaluated point by point
  ----------------------------------------
  
 mdl_sqrt__aS =   0.34409301068170506     
 mdl_G__exp__2 =    1.4878582807401259     
  Couplings of SM_HeavyN_UFO
  ---------------------------------
  
         GC_1 =  -0.00000E+00  -0.10448E+00
         GC_2 =   0.00000E+00   0.20897E+00
         GC_3 =  -0.00000E+00  -0.31345E+00
         GC_4 =   0.00000E+00   0.31345E+00
        GC_26 =   0.00000E+00   0.45849E+00
        GC_27 =  -0.00000E+00  -0.28380E+00
        GC_28 =   0.00000E+00   0.28380E+00
        GC_30 =   0.00000E+00   0.56760E+00
        GC_35 =  -0.00000E+00  -0.28850E-01
        GC_37 =   0.00000E+00   0.17310E+00
        GC_39 =   0.00000E+00  -0.19725E+00
        GC_40 =   0.00000E+00   0.37035E+00
        GC_80 =   0.00000E+00   0.67543E+02
       GC_107 =  -0.00000E+00  -0.74070E+00
       GC_109 =  -0.00000E+00  -0.74070E+00
       GC_111 =  -0.00000E+00  -0.74070E+00
       GC_113 =  -0.00000E+00  -0.74070E+00
       GC_115 =  -0.00000E+00  -0.74070E+00
       GC_117 =  -0.00000E+00  -0.74070E+00
       GC_119 =   0.00000E+00   0.00000E+00
       GC_120 =   0.00000E+00   0.00000E+00
       GC_122 =  -0.00000E+00  -0.00000E+00
       GC_126 =   0.00000E+00   0.00000E+00
       GC_127 =   0.00000E+00   0.00000E+00
       GC_129 =  -0.00000E+00  -0.00000E+00
       GC_133 =   0.00000E+00   0.45849E+00
       GC_134 =   0.00000E+00   0.37035E+00
       GC_136 =  -0.00000E+00  -0.28836E+01
        GC_81 =   0.10200E+02   0.00000E+00
        GC_82 =   0.12200E+02   0.00000E+00
        GC_83 =   0.14200E+02   0.00000E+00

 Collider parameters:
 --------------------

 Running at P P   machine @    13000.000000000000       GeV
 PDF set = nn23lo1
 alpha_s(Mz)= 0.1300 running at 2 loops.
 alpha_s(Mz)= 0.1300 running at 2 loops.
 Renormalization scale set on event-by-event basis
 Factorization   scale set on event-by-event basis


 getting user params
Enter number of events and max and min iterations: 
 Number of events and iterations         1000           5           3
Enter desired fractional accuracy: 
 Desired fractional accuracy:   0.10000000000000001     
Enter 0 for fixed, 2 for adjustable grid: 
Suppress amplitude (0 no, 1 yes)? 
 Using suppressed amplitude.
Exact helicity sum (0 yes, n = number/event)? 
 Explicitly summing over helicities
Enter Configuration Number: 
Running Configuration Number:  174
 Using dconfig=         238
 BW Setting            1           1           2           2           2           0           0
 Attempting mappinvarients           1           9
 Completed mapping           9
 about to integrate           19        1000           5           3          19           1
 Using non-zero grid deformation.
 19 dimensions   1000 events 19 invarients  5 iterations  1 config(s),  (0.99)
 Using h-tuple random number sequence.
 Error opening grid
 Using Uniform Grid!          36
 Using uniform alpha   1.0000000000000000     
 Grid defined OK
 Set CM energy to      13000.00
 Mapping Graph         174  to config         174
 Setting BW          -1           1   91.187600000000003     
 Setting BW          -2           2   710.00000000000000     
Setting grid   3    0.32375E-02   1
Setting grid   4    0.75740E-07   1
Setting grid   5    0.32689E-02   1
Setting grid   6    0.32689E-02   1
 Transforming s_hat 1/s           18   3.4149423052885213E-003   1600.0000000000000        168999999.99999997     
 174   1   2   3   4   5   6   7   8   9  10  11  12  13  14
  15  16  17  18  19
 Masses: 0.000E+00 0.000E+00 0.000E+00 0.000E+00 0.000E+00 0.000E+00 0.000E+00 0.000E+00 0.912E+02
Using random seed offsets   174 :      1
  with seed                   24
 Ranmar initialization seeds       31232        9398
 
 ********************************************
 * You are using the DiscreteSampler module *
 *      part of the MG5_aMC framework       *
 *         Author: Valentin Hirschi         *
 ********************************************
 
  Particle       3       4       5       6       7       8       9
      Et >    10.0    10.0    10.0    10.0     0.0     0.0     0.0
       E >     0.0     0.0     0.0     0.0     0.0     0.0     0.0
     Eta <     2.5     2.5     2.5     2.5    -1.0    -1.0    -1.0
   xqcut:      0.0     0.0     0.0     0.0     0.0     0.0     0.0
d R # 3  >    -0.0     0.4     0.4     0.4     0.0     0.0     0.0
d R # 4  >    -0.0    -0.0     0.4     0.4     0.0     0.0     0.0
d R # 5  >    -0.0    -0.0    -0.0     0.4     0.0     0.0     0.0
d R # 6  >    -0.0    -0.0    -0.0    -0.0     0.0     0.0     0.0
d R # 7  >    -0.0    -0.0    -0.0    -0.0    -0.0     0.0     0.0
d R # 8  >    -0.0    -0.0    -0.0    -0.0    -0.0    -0.0     0.0
s min # 3>     0.0     0.0     0.0     0.0     0.0     0.0     0.0
s min # 4>     0.0     0.0     0.0     0.0     0.0     0.0     0.0
s min # 5>     0.0     0.0     0.0     0.0     0.0     0.0     0.0
s min # 6>     0.0     0.0     0.0     0.0     0.0     0.0     0.0
s min # 7>     0.0     0.0     0.0     0.0     0.0     0.0     0.0
s min # 8>     0.0     0.0     0.0     0.0     0.0     0.0     0.0
xqcutij # 3>     0.0     0.0     0.0     0.0     0.0     0.0     0.0
xqcutij # 4>     0.0     0.0     0.0     0.0     0.0     0.0     0.0
xqcutij # 5>     0.0     0.0     0.0     0.0     0.0     0.0     0.0
xqcutij # 6>     0.0     0.0     0.0     0.0     0.0     0.0     0.0
xqcutij # 7>     0.0     0.0     0.0     0.0     0.0     0.0     0.0
xqcutij # 8>     0.0     0.0     0.0     0.0     0.0     0.0     0.0
 Requiring BW           -1           1
 Requiring BW           -2           2
 Excluding BW           -3           3
 Excluding BW           -4           4
 Excluding BW           -6           5
 alpha_s for scale    1031.0653382951850       is    9.2751139743433256E-002
 Added good helicity            1   14.041231385248908       in event            1 local:           1
 Added good helicity           21  0.31281112221303892       in event            1 local:           1
 Added good helicity           25   5.9234627618257897E-005  in event            1 local:           1
 Added good helicity           37   5.7078094608370357E-004  in event            1 local:           1
 Added good helicity           41   11.063880522130724       in event            1 local:           1
 Added good helicity           61  0.38960898093095475       in event            1 local:           1
 Added good helicity          193   89.612132689665316       in event            1 local:           1
 Added good helicity          213   1.1804396264210895       in event            1 local:           1
 Added good helicity          217   4.3808409438659938E-004  in event            1 local:           1
 Added good helicity          229   5.4751764062417616E-003  in event            1 local:           1
 Added good helicity          233   137.35618585648700       in event            1 local:           1
 Added good helicity          253   2.0371665408286384       in event            1 local:           1
 Added good helicity            1   14.041231385249121       in event            1 local:           1
 Added good helicity           21  0.31281112221304935       in event            1 local:           1
 Added good helicity           25   5.9234627618247225E-005  in event            1 local:           1
 Added good helicity           37   5.7078094608372027E-004  in event            1 local:           1
 Added good helicity           41   11.063880522130690       in event            1 local:           1
 Added good helicity           61  0.38960898093096702       in event            1 local:           1
 Added good helicity          193   89.612132689664335       in event            1 local:           1
 Added good helicity          213   1.1804396264211399       in event            1 local:           1
 Added good helicity          217   4.3808409438660155E-004  in event            1 local:           1
 Added good helicity          229   5.4751764062421692E-003  in event            1 local:           1
 Added good helicity          233   137.35618585648763       in event            1 local:           1
 Added good helicity          253   2.0371665408287272       in event            1 local:           1
 RESET CUMULATIVE VARIABLE
 RESET CUMULATIVE VARIABLE
 RESET CUMULATIVE VARIABLE
 Iteration  1   Mean: 0.1444E-11 Abs mean: 0.1444E-11   Fluctuation:  0.928E-12   0.903E-09    13.6%
  1    0.1444E-11 0.1444E-11 +- 0.9280E-12     20.32
 Writing out events   2.1158019525310135E-015   20.324183857944835     
 Relative summed weights:
  0.3245E-02  0.1009E+00  0.1093E+00  0.1154E-01  0.7234E-06  0.0000E+00
  0.9644E-02  0.1191E-02  0.1064E-02  0.4410E-02  0.7183E-05  0.1660E-07
  0.7759E-02  0.5820E-03  0.5815E-02  0.8982E-04  0.0000E+00  0.8321E-10
  0.6252E+00  0.1673E-02  0.1211E-01  0.5665E-02  0.0000E+00  0.5099E-08
  0.4052E-02  0.3103E-01  0.5048E-03  0.2056E-02  0.0000E+00  0.2514E-06
  0.6309E-02  0.2709E-01  0.5590E-02  0.3098E-03  0.4737E-10  0.1494E-05
  0.1348E-05  0.7024E-04  0.3839E-03  0.2858E-02  0.4187E-09  0.0000E+00
  0.1702E-04  0.1160E-01  0.3832E-05  0.7882E-02  0.3847E-04  0.0000E+00
 Relative number of events:
  0.6244E-01  0.6244E-01  0.4361E-01  0.3964E-01  0.2973E-02  0.0000E+00
  0.6938E-01  0.5055E-01  0.4559E-01  0.4460E-01  0.2973E-02  0.3964E-02
  0.8920E-02  0.1487E-01  0.6938E-02  0.8920E-02  0.0000E+00  0.9911E-03
  0.1189E-01  0.9911E-02  0.8920E-02  0.6938E-02  0.0000E+00  0.9911E-03
  0.5748E-01  0.5253E-01  0.3865E-01  0.4063E-01  0.0000E+00  0.1982E-02
  0.6343E-01  0.7433E-01  0.3964E-01  0.4658E-01  0.9911E-03  0.2973E-02
  0.8920E-02  0.1288E-01  0.7929E-02  0.3964E-02  0.9911E-03  0.0000E+00
  0.1189E-01  0.8920E-02  0.6938E-02  0.9911E-02  0.9911E-03  0.0000E+00
 Events:
          63          63          44          40           3           0
          70          51          46          45           3           4
           9          15           7           9           0           1
          12          10           9           7           0           1
          58          53          39          41           0           2
          64          75          40          47           1           3
           9          13           8           4           1           0
          12           9           7          10           1           0
 Iteration  2   Mean: 0.6169E-12 Abs mean: 0.6169E-12   Fluctuation:  0.378E-12   0.737E-09    38.5%
  2    0.6169E-12 0.6169E-12 +- 0.3781E-12     27.41
 Relative summed weights:
  0.2718E-02  0.1658E-01  0.7067E-02  0.6038E+00  0.5720E-05  0.2789E-09
  0.8939E-02  0.1205E-01  0.1184E-01  0.1167E-02  0.1173E-05  0.0000E+00
  0.5443E-03  0.3556E-02  0.1080E-04  0.1671E-03  0.0000E+00  0.0000E+00
  0.1408E-02  0.4628E-02  0.8554E-03  0.1205E-02  0.0000E+00  0.0000E+00
  0.5452E-01  0.3526E-01  0.5758E-02  0.5934E-02  0.6510E-05  0.8108E-04
  0.1333E-02  0.3280E-02  0.1017E-02  0.2448E-01  0.6604E-04  0.3420E-06
  0.3194E-01  0.1393E-01  0.1200E+00  0.2711E-04  0.0000E+00  0.1962E-01
  0.5272E-02  0.1412E-04  0.4852E-05  0.9300E-03  0.0000E+00  0.0000E+00
 Relative number of events:
  0.6750E-01  0.6750E-01  0.3500E-01  0.4250E-01  0.5000E-03  0.1000E-02
  0.6550E-01  0.6350E-01  0.3900E-01  0.4450E-01  0.5000E-03  0.0000E+00
  0.7000E-02  0.1800E-01  0.5000E-02  0.5000E-02  0.0000E+00  0.0000E+00
  0.1400E-01  0.1500E-01  0.8500E-02  0.6500E-02  0.0000E+00  0.0000E+00
  0.6450E-01  0.6400E-01  0.3900E-01  0.4150E-01  0.1500E-02  0.1000E-02
  0.6000E-01  0.6650E-01  0.4650E-01  0.3900E-01  0.1000E-02  0.1500E-02
  0.1450E-01  0.9500E-02  0.7000E-02  0.4500E-02  0.0000E+00  0.5000E-03
  0.1000E-01  0.8500E-02  0.3500E-02  0.1000E-01  0.0000E+00  0.0000E+00
 Events:
         135         135          70          85           1           2
         131         127          78          89           1           0
          14          36          10          10           0           0
          28          30          17          13           0           0
         129         128          78          83           3           2
         120         133          93          78           2           3
          29          19          14           9           0           1
          20          17           7          20           0           0
 Iteration  3   Mean: 0.1205E-11 Abs mean: 0.1205E-11   Fluctuation:  0.476E-12   0.135E-08    47.6%
  3    0.1205E-11 0.1205E-11 +- 0.4764E-12     24.99
 Relative summed weights:
  0.6126E-02  0.3046E-02  0.1876E-02  0.5484E-02  0.1335E-03  0.8053E-04
  0.9607E-02  0.8268E-02  0.4379E-02  0.1100E-01  0.8650E-05  0.4237E-02
  0.1135E-01  0.4850E-02  0.4119E-03  0.3305E-02  0.0000E+00  0.1904E-06
  0.2677E-02  0.2394E-02  0.1710E-02  0.2513E+00  0.2339E-03  0.0000E+00
  0.1212E-01  0.1181E-01  0.3227E-03  0.3324E+00  0.4291E-05  0.1333E-06
  0.1986E-01  0.1381E-01  0.3323E-02  0.8693E-02  0.5305E-06  0.2102E-08
  0.4902E-01  0.5474E-01  0.4982E-02  0.2592E-02  0.6738E-04  0.0000E+00
  0.1049E+00  0.2149E-02  0.4652E-01  0.2184E-03  0.1315E-06  0.1487E-08
 Relative number of events:
  0.7075E-01  0.6050E-01  0.3375E-01  0.3950E-01  0.1250E-02  0.7500E-03
  0.6125E-01  0.7225E-01  0.4150E-01  0.4475E-01  0.1250E-02  0.1000E-02
  0.1200E-01  0.1200E-01  0.6000E-02  0.8000E-02  0.0000E+00  0.2500E-03
  0.1125E-01  0.1075E-01  0.4500E-02  0.7500E-02  0.2500E-03  0.0000E+00
  0.6450E-01  0.6500E-01  0.3600E-01  0.4225E-01  0.1250E-02  0.5000E-03
  0.6800E-01  0.6500E-01  0.3550E-01  0.4150E-01  0.5000E-03  0.1250E-02
  0.1575E-01  0.1375E-01  0.5500E-02  0.7250E-02  0.2500E-03  0.0000E+00
  0.1300E-01  0.1000E-01  0.5250E-02  0.6000E-02  0.7500E-03  0.2500E-03
 Events:
         283         242         135         158           5           3
         245         289         166         179           5           4
          48          48          24          32           0           1
          45          43          18          30           1           0
         258         260         144         169           5           2
         272         260         142         166           2           5
          63          55          22          29           1           0
          52          40          21          24           3           1
 Accuracy:    0.184   0.100   0.295   0.389
 Found          122  events.
 Wrote            2  events.
 Actual xsec    1.1193143527107273E-012
 Correct abs xsec    1.1193143527107273E-012
 Event xsec    1.1193143527107273E-012
 Events wgts > 1:            0
 % Cross section > 1:    0.0000000000000000        0.0000000000000000     
 Iteration  4   Mean: 0.1536E-11 Abs mean: 0.1536E-11   Fluctuation:  0.584E-12   0.427E-08    47.8%
  4    0.1536E-11 0.1536E-11 +- 0.5843E-12     34.03
 Relative summed weights:
  0.7886E-02  0.9232E-01  0.2881E-01  0.1462E-01  0.5889E-08  0.5967E-05
  0.5000E-02  0.1905E-01  0.1025E+00  0.7031E-02  0.2737E-05  0.5267E-05
  0.8903E-02  0.1857E-01  0.9606E-03  0.9224E-03  0.7484E-07  0.3026E-05
  0.7935E-02  0.2952E-01  0.5132E-02  0.1337E-02  0.2690E-07  0.0000E+00
  0.1781E-01  0.1908E-01  0.3512E-02  0.6712E-02  0.1346E-06  0.9552E-06
  0.1008E+00  0.1781E-01  0.4334E-02  0.8749E-02  0.4476E-05  0.1563E-05
  0.5646E-01  0.3718E+00  0.1710E-02  0.1289E-01  0.0000E+00  0.0000E+00
  0.1579E-02  0.2486E-02  0.1743E-01  0.6267E-02  0.9411E-04  0.1308E-06
 Relative number of events:
  0.6125E-01  0.6187E-01  0.4300E-01  0.4088E-01  0.5000E-03  0.1875E-02
  0.6650E-01  0.6750E-01  0.3775E-01  0.4250E-01  0.6250E-03  0.1125E-02
  0.1188E-01  0.1287E-01  0.7000E-02  0.6000E-02  0.1250E-03  0.2500E-03
  0.1350E-01  0.1087E-01  0.7125E-02  0.5625E-02  0.1250E-03  0.0000E+00
  0.6363E-01  0.6650E-01  0.4050E-01  0.4125E-01  0.6250E-03  0.3750E-03
  0.6237E-01  0.6425E-01  0.4125E-01  0.4150E-01  0.1125E-02  0.5000E-03
  0.1213E-01  0.1225E-01  0.6625E-02  0.6875E-02  0.0000E+00  0.0000E+00
  0.1175E-01  0.1150E-01  0.7375E-02  0.6375E-02  0.2500E-03  0.2500E-03
 Events:
         490         495         344         327           4          15
         532         540         302         340           5           9
          95         103          56          48           1           2
         108          87          57          45           1           0
         509         532         324         330           5           3
         499         514         330         332           9           4
          97          98          53          55           0           0
          94          92          59          51           2           2
 Accuracy:    0.138   0.100   0.233   0.353
 Found          238  events.
 Wrote            1  events.
 Actual xsec    1.2502759473828677E-012
 Correct abs xsec    1.2502759473828677E-012
 Event xsec    1.2502759473828677E-012
 Events wgts > 1:            0
 % Cross section > 1:    0.0000000000000000        0.0000000000000000     
 Iteration  5   Mean: 0.1853E-11 Abs mean: 0.1853E-11   Fluctuation:  0.315E-12   0.253E-08    49.4%
  5    0.1853E-11 0.1853E-11 +- 0.3154E-12     21.53
 Relative summed weights:
  0.2928E-01  0.1708E+00  0.1540E-01  0.3684E-01  0.2575E-04  0.2896E-05
  0.3332E-01  0.2319E-01  0.5469E-01  0.6579E-02  0.6161E-02  0.5175E-05
  0.4930E-02  0.2248E-01  0.4382E-02  0.4330E-01  0.1125E-04  0.3680E-05
  0.1818E-01  0.6809E-02  0.2218E-02  0.8607E-02  0.3493E-06  0.0000E+00
  0.3460E-01  0.3314E-01  0.7603E-01  0.1401E-01  0.1194E-03  0.7432E-05
  0.1329E-01  0.7518E-01  0.9192E-02  0.1029E-01  0.1552E-04  0.9175E-07
  0.3242E-01  0.1589E-01  0.7942E-01  0.6063E-02  0.0000E+00  0.0000E+00
  0.1835E-01  0.4967E-02  0.5349E-01  0.3626E-01  0.5707E-06  0.9419E-05
 Relative number of events:
  0.6688E-01  0.6531E-01  0.4006E-01  0.3956E-01  0.6250E-03  0.5625E-03
  0.6319E-01  0.6619E-01  0.3944E-01  0.4050E-01  0.8125E-03  0.1063E-02
  0.1188E-01  0.1112E-01  0.7625E-02  0.5812E-02  0.1250E-03  0.1875E-03
  0.1150E-01  0.1144E-01  0.5562E-02  0.6188E-02  0.2500E-03  0.0000E+00
  0.6888E-01  0.6869E-01  0.4050E-01  0.3769E-01  0.8125E-03  0.6250E-03
  0.6481E-01  0.6631E-01  0.4150E-01  0.3887E-01  0.1000E-02  0.3125E-03
  0.1306E-01  0.1162E-01  0.6687E-02  0.5875E-02  0.0000E+00  0.0000E+00
  0.1256E-01  0.1156E-01  0.6188E-02  0.6375E-02  0.1250E-03  0.6250E-04
 Events:
        1070        1045         641         633          10           9
        1011        1059         631         648          13          17
         190         178         122          93           2           3
         184         183          89          99           4           0
        1102        1099         648         603          13          10
        1037        1061         664         622          16           5
         209         186         107          94           0           0
         201         185          99         102           2           1
 Accuracy:    0.100   0.100   0.137   0.524
 Finished due to accuracy    9.9512593328509119E-002  0.10000000000000001     

 -------------------------------------------------------------------------------
 Accumulated results:   Integral =  0.1652E-11
                        Std dev  =  0.2272E-12
                       Cross sec =  0.1652E-11
             Chi**2 per DoF.     =      0.5239
 -------------------------------------------------------------------------------
 Found          570  events.
 Wrote           11  events.
 Actual xsec    1.7205202336497202E-012
 Correct abs xsec    1.7205202336497202E-012
 Event xsec    1.7205202336497208E-012
 Events wgts > 1:            0
 % Cross section > 1:    0.0000000000000000        0.0000000000000000     
-------------------------------------------------
---------------------------
 Results Last   3 iters: Integral =   0.1721E-11
                     Abs integral =   0.1721E-11
                          Std dev =   0.2488E-12
                  Chi**2 per DoF. =      0.7228
-------------------------------------------------
---------------------------
 Status  0.10000000000000001                6           5

ls status:
events.lhe
ftn26
input_app.txt
results.dat
run1_app.log
