 Process in group number            1
 A PDF is used, so alpha_s(MZ) is going to be modified
 Old value of alpha_s from param_card:   0.11839999999999999     
  ****************************************
 
       NNPDFDriver version 1.0.3
   Grid: NNPDF23_lo_as_0130_qed_mem0.grid
  ****************************************
 New value of alpha_s from PDF nn23lo1:  0.13000000000000000     
 Define smin to   1600.0000000000000     
 Define smin to   1600.0000000000000     
 Define smin to   1600.0000000000000     
 *****************************************************
 *               MadGraph/MadEvent                   *
 *        --------------------------------           *
 *          http://madgraph.hep.uiuc.edu             *
 *          http://madgraph.phys.ucl.ac.be           *
 *          http://madgraph.roma2.infn.it            *
 *        --------------------------------           *
 *                                                   *
 *          PARAMETER AND COUPLING VALUES            *
 *                                                   *
 *****************************************************

  External Params
  ---------------------------------
  
 mdl_VeN1 =    1.0000000000000000     
 mdl_VeN2 =    0.0000000000000000     
 mdl_VeN3 =    0.0000000000000000     
 mdl_VmuN1 =    0.0000000000000000     
 mdl_VmuN2 =    1.0000000000000000     
 mdl_VmuN3 =    0.0000000000000000     
 mdl_VtaN1 =    0.0000000000000000     
 mdl_VtaN2 =    0.0000000000000000     
 mdl_VtaN3 =    1.0000000000000000     
 mdl_VN1N1 =    1.0000000000000000     
 mdl_VN1N2 =    1.0000000000000000     
 mdl_VN1N3 =    1.0000000000000000     
 mdl_VN2N2 =    1.0000000000000000     
 mdl_VN2N3 =    1.0000000000000000     
 mdl_VN3N3 =    1.0000000000000000     
 aEWM1 =    127.90000000000001     
 mdl_Gf =    1.1663700000000000E-005
 aS =   0.11839999999999999     
 mdl_ymt =    172.00000000000000     
 mdl_vevf =    50.000000000000000     
 mdl_MZ =    91.187600000000003     
 mdl_MT =    172.00000000000000     
 mdl_MH =    125.00000000000000     
 mdl_mN1 =    2000.0000000000000     
 mdl_mN2 =    2100.0000000000000     
 mdl_mN3 =    2200.0000000000000     
 mdl_MJ =    91.187600000000003     
 mdl_MAx =    173.04800000000000     
 mdl_WZ =    2.4952000000000001     
 mdl_WW =    2.0850000000000000     
 mdl_WT =    1.5083359999999999     
 mdl_WH =    4.0699999999999998E-003
 mdl_WN1 =   0.30299999999999999     
 mdl_WN2 =    1.5000000000000000     
 mdl_WN3 =    12.300000000000001     
 mdl_WJ =    2.4952000000000001     
 mdl_WAx =    4.1700000000000001E-003
  Internal Params
  ---------------------------------
  
 mdl_vevf__exp__2 =    2500.0000000000000     
 mdl_sqrt__vevf__exp__2 =    50.000000000000000     
 mdl_muJ =    50.000000000000000     
 mdl_MZ__exp__2 =    8315.1783937600012     
 mdl_MZ__exp__4 =    69142191.720053151     
 mdl_sqrt__2 =    1.4142135623730951     
 mdl_MJ__exp__2 =    8315.1783937600012     
 mdl_muJ__exp__2 =    2500.0000000000000     
 mdl_lamJ =    4.3260713575040004     
 mdl_MH__exp__2 =    15625.000000000000     
 mdl_complexi =  (  0.0000000000000000     ,  1.0000000000000000     )
 mdl_aEW =    7.8186082877247844E-003
 mdl_MW =    79.824359746197842     
 mdl_sqrt__aEW =    8.8422894590285753E-002
 mdl_ee =   0.31345100004952897     
 mdl_MW__exp__2 =    6371.9284088904105     
 mdl_sw2 =   0.23369913342182447     
 mdl_cw =   0.87538612427783857     
 mdl_sqrt__sw2 =   0.48342438232036300     
 mdl_sw =   0.48342438232036300     
 mdl_g1 =   0.35807170271074895     
 mdl_gN =   0.64839716719502682     
 mdl_gw =   0.64839716719502682     
 mdl_vev =    246.22056907348590     
 mdl_vev__exp__2 =    60624.568634871241     
 mdl_lam =   0.12886689630821144     
 mdl_yt =   0.98791394091683138     
 mdl_muH =    88.388347648318444     
 mdl_I2a33 =  ( 0.98791394091683138     ,  0.0000000000000000     )
 mdl_I3a33 =  ( 0.98791394091683138     ,  0.0000000000000000     )
 mdl_ee__exp__2 =    9.8251529432049817E-002
 mdl_sw__exp__2 =   0.23369913342182450     
 mdl_cw__exp__2 =   0.76630086657817542     
  Internal Params evaluated point by point
  ----------------------------------------
  
 mdl_sqrt__aS =   0.34409301068170506     
 mdl_G__exp__2 =    1.4878582807401259     
  Couplings of SM_HeavyN_UFO
  ---------------------------------
  
         GC_1 =  -0.00000E+00  -0.10448E+00
         GC_2 =   0.00000E+00   0.20897E+00
         GC_3 =  -0.00000E+00  -0.31345E+00
         GC_4 =   0.00000E+00   0.31345E+00
        GC_26 =   0.00000E+00   0.45849E+00
        GC_27 =  -0.00000E+00  -0.28380E+00
        GC_28 =   0.00000E+00   0.28380E+00
        GC_30 =   0.00000E+00   0.56760E+00
        GC_35 =  -0.00000E+00  -0.28850E-01
        GC_37 =   0.00000E+00   0.17310E+00
        GC_39 =   0.00000E+00  -0.19725E+00
        GC_40 =   0.00000E+00   0.37035E+00
        GC_80 =   0.00000E+00   0.67543E+02
       GC_107 =  -0.00000E+00  -0.74070E+00
       GC_109 =  -0.00000E+00  -0.74070E+00
       GC_111 =  -0.00000E+00  -0.74070E+00
       GC_113 =  -0.00000E+00  -0.74070E+00
       GC_115 =  -0.00000E+00  -0.74070E+00
       GC_117 =  -0.00000E+00  -0.74070E+00
       GC_119 =   0.00000E+00   0.00000E+00
       GC_120 =   0.00000E+00   0.00000E+00
       GC_122 =  -0.00000E+00  -0.00000E+00
       GC_126 =   0.00000E+00   0.00000E+00
       GC_127 =   0.00000E+00   0.00000E+00
       GC_129 =  -0.00000E+00  -0.00000E+00
       GC_133 =   0.00000E+00   0.45849E+00
       GC_134 =   0.00000E+00   0.37035E+00
       GC_136 =  -0.00000E+00  -0.89351E+01
        GC_81 =   0.40000E+02   0.00000E+00
        GC_82 =   0.42000E+02   0.00000E+00
        GC_83 =   0.44000E+02   0.00000E+00

 Collider parameters:
 --------------------

 Running at P P   machine @    13000.000000000000       GeV
 PDF set = nn23lo1
 alpha_s(Mz)= 0.1300 running at 2 loops.
 alpha_s(Mz)= 0.1300 running at 2 loops.
 Renormalization scale set on event-by-event basis
 Factorization   scale set on event-by-event basis


 getting user params
Enter number of events and max and min iterations: 
 Number of events and iterations         1000           5           3
Enter desired fractional accuracy: 
 Desired fractional accuracy:   0.10000000000000001     
Enter 0 for fixed, 2 for adjustable grid: 
Suppress amplitude (0 no, 1 yes)? 
 Using suppressed amplitude.
Exact helicity sum (0 yes, n = number/event)? 
 Explicitly summing over helicities
Enter Configuration Number: 
Running Configuration Number:  372
 Using dconfig=         202
 BW Setting            1           1           1           1           2           0           0
 Attempting mappinvarients           1           9
 Completed mapping           9
 about to integrate           19        1000           5           3          19           1
 Using non-zero grid deformation.
 19 dimensions   1000 events 19 invarients  5 iterations  1 config(s),  (0.99)
 Using h-tuple random number sequence.
 Error opening grid
 Using Uniform Grid!          36
 Using uniform alpha   1.0000000000000000     
 Grid defined OK
 Set CM energy to      13000.00
 Mapping Graph         372  to config         372
 Setting BW          -1           1   79.824359746197842     
 Setting BW          -2           2   2200.0000000000000     
 Setting BW          -3           3   2200.0000000000000     
 Setting BW          -4           4   91.187600000000003     
Setting grid   5    0.36660E-04   1
Setting grid   6    0.31531E-01   1
 Transforming s_hat 1/s           18   3.1530809861305575E-002   1600.0000000000000        168999999.99999997     
 372   1   2   3   4   5   6   7   8   9  10  11  12  13  14
  15  16  17  18  19
 Masses: 0.000E+00 0.000E+00 0.000E+00 0.000E+00 0.000E+00 0.000E+00 0.000E+00 0.000E+00 0.912E+02
Using random seed offsets   372 :      1
  with seed                   24
 Ranmar initialization seeds         102        9398
 
 ********************************************
 * You are using the DiscreteSampler module *
 *      part of the MG5_aMC framework       *
 *         Author: Valentin Hirschi         *
 ********************************************
 
  Particle       3       4       5       6       7       8       9
      Et >    10.0    10.0    10.0    10.0     0.0     0.0     0.0
       E >     0.0     0.0     0.0     0.0     0.0     0.0     0.0
     Eta <     2.5     2.5     2.5     2.5    -1.0    -1.0    -1.0
   xqcut:      0.0     0.0     0.0     0.0     0.0     0.0     0.0
d R # 3  >    -0.0     0.4     0.4     0.4     0.0     0.0     0.0
d R # 4  >    -0.0    -0.0     0.4     0.4     0.0     0.0     0.0
d R # 5  >    -0.0    -0.0    -0.0     0.4     0.0     0.0     0.0
d R # 6  >    -0.0    -0.0    -0.0    -0.0     0.0     0.0     0.0
d R # 7  >    -0.0    -0.0    -0.0    -0.0    -0.0     0.0     0.0
d R # 8  >    -0.0    -0.0    -0.0    -0.0    -0.0    -0.0     0.0
s min # 3>     0.0     0.0     0.0     0.0     0.0     0.0     0.0
s min # 4>     0.0     0.0     0.0     0.0     0.0     0.0     0.0
s min # 5>     0.0     0.0     0.0     0.0     0.0     0.0     0.0
s min # 6>     0.0     0.0     0.0     0.0     0.0     0.0     0.0
s min # 7>     0.0     0.0     0.0     0.0     0.0     0.0     0.0
s min # 8>     0.0     0.0     0.0     0.0     0.0     0.0     0.0
xqcutij # 3>     0.0     0.0     0.0     0.0     0.0     0.0     0.0
xqcutij # 4>     0.0     0.0     0.0     0.0     0.0     0.0     0.0
xqcutij # 5>     0.0     0.0     0.0     0.0     0.0     0.0     0.0
xqcutij # 6>     0.0     0.0     0.0     0.0     0.0     0.0     0.0
xqcutij # 7>     0.0     0.0     0.0     0.0     0.0     0.0     0.0
xqcutij # 8>     0.0     0.0     0.0     0.0     0.0     0.0     0.0
 Requiring BW           -1           1
 Requiring BW           -2           2
 Requiring BW           -3           3
 Requiring BW           -4           4
 Excluding BW           -6           5
 alpha_s for scale    4705.2627106687014       is    7.8756545971597341E-002
 Added good helicity            1  0.20945865533562230       in event            1 local:           1
 Added good helicity           37   2.3217287631471615E-007  in event            1 local:           1
 Added good helicity           41  0.23354822688085611       in event            1 local:           1
 Added good helicity          193   175.48940175066741       in event            1 local:           1
 Added good helicity          229   5.5806547982809823E-008  in event            1 local:           1
 Added good helicity          233   80.067591078123399       in event            1 local:           1
 Added good helicity            1  0.20945865533750710       in event            1 local:           1
 Added good helicity           37   2.3217287631474820E-007  in event            1 local:           1
 Added good helicity           41  0.23354822688099072       in event            1 local:           1
 Added good helicity          193   175.48940175066369       in event            1 local:           1
 Added good helicity          229   5.5806547982790805E-008  in event            1 local:           1
 Added good helicity          233   80.067591078125105       in event            1 local:           1
 Added good helicity           25   7.5287174178587395E-008  in event            4 local:           2
 Added good helicity          217   1.5584058030043798E-005  in event            4 local:           2
 Added good helicity           25   7.5287174178617597E-008  in event            4 local:           2
 Added good helicity          217   1.5584058030050958E-005  in event            4 local:           2
 Added good helicity           21   7.5287174178587183E-008  in event           10 local:           4
 Added good helicity          213   1.5584058030043754E-005  in event           10 local:           4
 Added good helicity           21   7.5287174178617491E-008  in event           10 local:           4
 Added good helicity          213   1.5584058030050934E-005  in event           10 local:           4
 RESET CUMULATIVE VARIABLE
 Added good helicity          253   1.3871753992344299E-008  in event           25 local:           9
 RESET CUMULATIVE VARIABLE
 RESET CUMULATIVE VARIABLE
 Iteration  1   Mean: 0.8832E-13 Abs mean: 0.8832E-13   Fluctuation:  0.189E-13   0.630E-11     0.3%
  1    0.8832E-13 0.8832E-13 +- 0.1890E-13      5.10
 Writing out events   3.5328379932757567E-015   5.0963061831304923     
 Relative summed weights:
  0.8498E-02  0.1247E-01  0.1100E-01  0.1062E+00  0.2632E-02  0.0000E+00
  0.4536E-01  0.1074E-02  0.3355E-02  0.2968E-02  0.0000E+00  0.0000E+00
  0.6891E-02  0.4416E-01  0.3474E-03  0.8244E-02  0.0000E+00  0.0000E+00
  0.2018E-01  0.1053E+00  0.3767E-04  0.1339E-02  0.0000E+00  0.0000E+00
  0.1534E-02  0.8210E-01  0.7102E-01  0.2495E-01  0.0000E+00  0.0000E+00
  0.4266E-01  0.1010E+00  0.3567E-01  0.1286E+00  0.0000E+00  0.0000E+00
  0.5492E-01  0.2369E-02  0.5533E-02  0.4019E-02  0.0000E+00  0.4049E-05
  0.2233E-01  0.2983E-01  0.4086E-02  0.9297E-02  0.0000E+00  0.0000E+00
 Relative number of events:
  0.3646E-01  0.3299E-01  0.3646E-01  0.5035E-01  0.1736E-02  0.0000E+00
  0.2604E-01  0.1042E-01  0.1562E-01  0.2431E-01  0.0000E+00  0.0000E+00
  0.3646E-01  0.4514E-01  0.3819E-01  0.3993E-01  0.0000E+00  0.0000E+00
  0.2257E-01  0.2951E-01  0.1910E-01  0.1562E-01  0.0000E+00  0.0000E+00
  0.2778E-01  0.4861E-01  0.4861E-01  0.4340E-01  0.0000E+00  0.0000E+00
  0.5382E-01  0.3993E-01  0.5208E-01  0.4514E-01  0.0000E+00  0.0000E+00
  0.2778E-01  0.1910E-01  0.1736E-01  0.1736E-01  0.0000E+00  0.1736E-02
  0.1389E-01  0.2083E-01  0.1910E-01  0.2257E-01  0.0000E+00  0.0000E+00
 Events:
          21          19          21          29           1           0
          15           6           9          14           0           0
          21          26          22          23           0           0
          13          17          11           9           0           0
          16          28          28          25           0           0
          31          23          30          26           0           0
          16          11          10          10           0           1
           8          12          11          13           0           0
 Iteration  2   Mean: 0.1452E-12 Abs mean: 0.1452E-12   Fluctuation:  0.339E-13   0.405E-10    21.5%
  2    0.1452E-12 0.1452E-12 +- 0.3391E-13     10.44
 Relative summed weights:
  0.5754E-01  0.5016E-01  0.1286E-01  0.1209E-01  0.2975E-05  0.0000E+00
  0.8043E-02  0.1424E-01  0.4368E-02  0.3860E-01  0.0000E+00  0.0000E+00
  0.4580E-02  0.2962E-01  0.3007E-01  0.1333E-01  0.4207E-06  0.0000E+00
  0.1615E-01  0.3507E-01  0.1352E+00  0.1094E-01  0.0000E+00  0.0000E+00
  0.2729E-01  0.1803E+00  0.2950E-01  0.1611E-01  0.0000E+00  0.0000E+00
  0.2940E-01  0.2458E-01  0.3385E-02  0.4584E-01  0.0000E+00  0.0000E+00
  0.9923E-02  0.5017E-02  0.1406E-01  0.1196E+00  0.1482E-05  0.0000E+00
  0.8519E-02  0.1212E-01  0.9834E-03  0.5830E-03  0.0000E+00  0.0000E+00
 Relative number of events:
  0.4500E-01  0.4050E-01  0.4400E-01  0.3700E-01  0.5000E-03  0.0000E+00
  0.2400E-01  0.2500E-01  0.2100E-01  0.1750E-01  0.0000E+00  0.0000E+00
  0.3650E-01  0.4400E-01  0.3400E-01  0.4200E-01  0.5000E-03  0.0000E+00
  0.2050E-01  0.1900E-01  0.2500E-01  0.2100E-01  0.0000E+00  0.0000E+00
  0.5150E-01  0.3950E-01  0.5150E-01  0.3750E-01  0.0000E+00  0.0000E+00
  0.5100E-01  0.4450E-01  0.3250E-01  0.4200E-01  0.0000E+00  0.0000E+00
  0.1750E-01  0.1800E-01  0.2300E-01  0.2000E-01  0.5000E-03  0.0000E+00
  0.2450E-01  0.1900E-01  0.1600E-01  0.1450E-01  0.0000E+00  0.0000E+00
 Events:
          90          81          88          74           1           0
          48          50          42          35           0           0
          73          88          68          84           1           0
          41          38          50          42           0           0
         103          79         103          75           0           0
         102          89          65          84           0           0
          35          36          46          40           1           0
          49          38          32          29           0           0
 Iteration  3   Mean: 0.2206E-12 Abs mean: 0.2206E-12   Fluctuation:  0.604E-13   0.193E-09    48.4%
  3    0.2206E-12 0.2206E-12 +- 0.6038E-13     17.31
 Relative summed weights:
  0.6135E-01  0.1025E-01  0.1358E-01  0.6150E-02  0.0000E+00  0.7584E-06
  0.3419E-01  0.3023E-02  0.3217E-02  0.6866E-01  0.2657E-04  0.3814E-02
  0.1555E-01  0.7551E-02  0.1949E-01  0.1067E-01  0.2596E-07  0.0000E+00
  0.1315E-01  0.9318E-02  0.1791E-01  0.7355E-01  0.0000E+00  0.0000E+00
  0.4513E-02  0.2871E-01  0.7295E-02  0.1306E-01  0.3350E-05  0.0000E+00
  0.2731E-01  0.5692E-01  0.1856E-01  0.2393E+00  0.2049E-06  0.1025E-07
  0.6678E-02  0.3106E-01  0.2063E-01  0.2604E-01  0.4181E-06  0.0000E+00
  0.4697E-02  0.3800E-02  0.1382E+00  0.1754E-02  0.2144E-07  0.0000E+00
 Relative number of events:
  0.4975E-01  0.4575E-01  0.4050E-01  0.4300E-01  0.0000E+00  0.2500E-03
  0.2175E-01  0.2100E-01  0.1900E-01  0.1750E-01  0.2500E-03  0.2500E-03
  0.4275E-01  0.4600E-01  0.4200E-01  0.4750E-01  0.2500E-03  0.0000E+00
  0.2225E-01  0.2350E-01  0.1575E-01  0.1800E-01  0.0000E+00  0.0000E+00
  0.3975E-01  0.4100E-01  0.3750E-01  0.3825E-01  0.2500E-03  0.0000E+00
  0.4550E-01  0.4025E-01  0.4175E-01  0.3325E-01  0.2500E-03  0.2500E-03
  0.2375E-01  0.2475E-01  0.1875E-01  0.2150E-01  0.2500E-03  0.0000E+00
  0.1850E-01  0.1750E-01  0.1825E-01  0.2150E-01  0.2500E-03  0.0000E+00
 Events:
         199         183         162         172           0           1
          87          84          76          70           1           1
         171         184         168         190           1           0
          89          94          63          72           0           0
         159         164         150         153           1           0
         182         161         167         133           1           1
          95          99          75          86           1           0
          74          70          73          86           1           0
 Accuracy:    0.262   0.100   0.137   3.666
 Found          255  events.
 Wrote            5  events.
 Actual xsec    1.4080450041611955E-013
 Correct abs xsec    1.4080450041611955E-013
 Event xsec    1.4080450041611955E-013
 Events wgts > 1:            0
 % Cross section > 1:    0.0000000000000000        0.0000000000000000     
 Iteration  4   Mean: 0.3132E-12 Abs mean: 0.3132E-12   Fluctuation:  0.903E-13   0.663E-09    54.4%
  4    0.3132E-12 0.3132E-12 +- 0.9025E-13     25.78
 Relative summed weights:
  0.3447E-01  0.9649E-02  0.2199E-01  0.1680E-01  0.1211E-02  0.4653E-05
  0.1448E-01  0.6065E-02  0.3850E-01  0.6784E-02  0.0000E+00  0.0000E+00
  0.2247E-01  0.1249E-01  0.2656E-01  0.8773E-02  0.2623E-06  0.0000E+00
  0.3188E-01  0.4596E-01  0.7054E-02  0.1456E-01  0.0000E+00  0.2470E-05
  0.7385E-02  0.3060E-01  0.1989E-01  0.6711E-01  0.0000E+00  0.0000E+00
  0.2743E+00  0.1849E-01  0.2579E-01  0.5254E-01  0.0000E+00  0.9080E-07
  0.3687E-01  0.1573E-01  0.3616E-02  0.7680E-01  0.3246E-05  0.3607E-03
  0.4877E-02  0.2163E-01  0.1134E-01  0.1295E-01  0.1547E-05  0.2052E-05
 Relative number of events:
  0.4288E-01  0.4500E-01  0.4088E-01  0.3988E-01  0.2500E-03  0.2500E-03
  0.2125E-01  0.2150E-01  0.1988E-01  0.1862E-01  0.0000E+00  0.0000E+00
  0.4487E-01  0.4188E-01  0.4138E-01  0.3913E-01  0.2500E-03  0.0000E+00
  0.1850E-01  0.2237E-01  0.1700E-01  0.1738E-01  0.0000E+00  0.2500E-03
  0.4500E-01  0.4662E-01  0.3650E-01  0.3800E-01  0.0000E+00  0.0000E+00
  0.4625E-01  0.4150E-01  0.4475E-01  0.4213E-01  0.0000E+00  0.2500E-03
  0.2088E-01  0.2237E-01  0.1675E-01  0.1988E-01  0.3750E-03  0.1250E-03
  0.2200E-01  0.2113E-01  0.2063E-01  0.2113E-01  0.2500E-03  0.1250E-03
 Events:
         343         360         327         319           2           2
         170         172         159         149           0           0
         359         335         331         313           2           0
         148         179         136         139           0           2
         360         373         292         304           0           0
         370         332         358         337           0           2
         167         179         134         159           3           1
         176         169         165         169           2           1
 Accuracy:    0.273   0.100   0.123   4.902
 Found          330  events.
 Wrote            2  events.
 Actual xsec    2.1446143850193471E-013
 Correct abs xsec    2.1446143850193471E-013
 Event xsec    2.1446143850193468E-013
 Events wgts > 1:            1
 % Cross section > 1:    4.7355973569682351E-021   2.2081346605000578E-006
 Iteration  5   Mean: 0.2723E-12 Abs mean: 0.2723E-12   Fluctuation:  0.446E-13   0.439E-09    55.9%
  5    0.2723E-12 0.2723E-12 +- 0.4463E-13     20.73
 Relative summed weights:
  0.4557E-01  0.1728E-01  0.5233E-01  0.3051E-01  0.1288E-06  0.2176E-04
  0.6157E-01  0.1855E-01  0.8936E-01  0.1013E-01  0.2309E-06  0.7473E-06
  0.2178E-01  0.3328E-01  0.1399E-01  0.1169E-01  0.2601E-07  0.6572E-03
  0.5253E-02  0.2122E-01  0.1745E-01  0.1747E-01  0.2719E-05  0.8365E-06
  0.1596E-01  0.2708E-01  0.2265E-01  0.6049E-01  0.8594E-06  0.6781E-05
  0.1272E-01  0.1270E-01  0.4503E-01  0.2062E-01  0.2219E-07  0.2294E-05
  0.8596E-02  0.2700E-01  0.8239E-01  0.1218E-01  0.1110E-05  0.1062E-08
  0.1476E-01  0.1973E-01  0.1306E+00  0.1925E-01  0.1086E-03  0.0000E+00
 Relative number of events:
  0.4512E-01  0.4156E-01  0.4131E-01  0.4325E-01  0.1875E-03  0.1250E-03
  0.2200E-01  0.1994E-01  0.1837E-01  0.1769E-01  0.6250E-04  0.6250E-04
  0.4512E-01  0.4369E-01  0.4019E-01  0.3881E-01  0.1875E-03  0.3750E-03
  0.2094E-01  0.2225E-01  0.1775E-01  0.1881E-01  0.1875E-03  0.6250E-04
  0.4138E-01  0.4419E-01  0.4175E-01  0.4138E-01  0.2500E-03  0.3125E-03
  0.4575E-01  0.4400E-01  0.4019E-01  0.4019E-01  0.6250E-04  0.1250E-03
  0.2131E-01  0.2025E-01  0.2150E-01  0.1919E-01  0.6250E-04  0.6250E-04
  0.2388E-01  0.2006E-01  0.1812E-01  0.1787E-01  0.6250E-04  0.0000E+00
 Events:
         722         665         661         692           3           2
         352         319         294         283           1           1
         722         699         643         621           3           6
         335         356         284         301           3           1
         662         707         668         662           4           5
         732         704         643         643           1           2
         341         324         344         307           1           1
         382         321         290         286           1           0
 Accuracy:    0.194   0.100   0.099   3.873
 Found          601  events.
 Wrote            6  events.
 Actual xsec    2.6915097313025362E-013
 Correct abs xsec    2.6915097313025362E-013
 Event xsec    2.6915097313025362E-013
 Events wgts > 1:            0
 % Cross section > 1:    0.0000000000000000        0.0000000000000000     

 -------------------------------------------------------------------------------
 Accumulated results:   Integral =  0.2086E-12
                        Std dev  =  0.2058E-13
                       Cross sec =  0.2086E-12
             Chi**2 per DoF.     =      3.8727
 -------------------------------------------------------------------------------
-------------------------------------------------
---------------------------
 Results Last   3 iters: Integral =   0.2692E-12
                     Abs integral =   0.2692E-12
                          Std dev =   0.3401E-13
                  Chi**2 per DoF. =      0.4452
-------------------------------------------------
---------------------------
 Status  0.10000000000000001                6           5

ls status:
events.lhe
ftn26
input_app.txt
results.dat
run1_app.log
