 Process in group number            1
 A PDF is used, so alpha_s(MZ) is going to be modified
 Old value of alpha_s from param_card:   0.11839999999999999     
  ****************************************
 
       NNPDFDriver version 1.0.3
   Grid: NNPDF23_lo_as_0130_qed_mem0.grid
  ****************************************
 New value of alpha_s from PDF nn23lo1:  0.13000000000000000     
 Define smin to   1600.0000000000000     
 Define smin to   1600.0000000000000     
 Define smin to   1600.0000000000000     
 *****************************************************
 *               MadGraph/MadEvent                   *
 *        --------------------------------           *
 *          http://madgraph.hep.uiuc.edu             *
 *          http://madgraph.phys.ucl.ac.be           *
 *          http://madgraph.roma2.infn.it            *
 *        --------------------------------           *
 *                                                   *
 *          PARAMETER AND COUPLING VALUES            *
 *                                                   *
 *****************************************************

  External Params
  ---------------------------------
  
 mdl_VeN1 =    1.0000000000000000     
 mdl_VeN2 =    0.0000000000000000     
 mdl_VeN3 =    0.0000000000000000     
 mdl_VmuN1 =    0.0000000000000000     
 mdl_VmuN2 =    1.0000000000000000     
 mdl_VmuN3 =    0.0000000000000000     
 mdl_VtaN1 =    0.0000000000000000     
 mdl_VtaN2 =    0.0000000000000000     
 mdl_VtaN3 =    1.0000000000000000     
 mdl_VN1N1 =    1.0000000000000000     
 mdl_VN1N2 =    1.0000000000000000     
 mdl_VN1N3 =    1.0000000000000000     
 mdl_VN2N2 =    1.0000000000000000     
 mdl_VN2N3 =    1.0000000000000000     
 mdl_VN3N3 =    1.0000000000000000     
 aEWM1 =    127.90000000000001     
 mdl_Gf =    1.1663700000000000E-005
 aS =   0.11839999999999999     
 mdl_ymt =    172.00000000000000     
 mdl_vevf =    50.000000000000000     
 mdl_MZ =    91.187600000000003     
 mdl_MT =    172.00000000000000     
 mdl_MH =    125.00000000000000     
 mdl_mN1 =    2000.0000000000000     
 mdl_mN2 =    2100.0000000000000     
 mdl_mN3 =    2200.0000000000000     
 mdl_MJ =    91.187600000000003     
 mdl_MAx =    173.04800000000000     
 mdl_WZ =    2.4952000000000001     
 mdl_WW =    2.0850000000000000     
 mdl_WT =    1.5083359999999999     
 mdl_WH =    4.0699999999999998E-003
 mdl_WN1 =   0.30299999999999999     
 mdl_WN2 =    1.5000000000000000     
 mdl_WN3 =    12.300000000000001     
 mdl_WJ =    2.4952000000000001     
 mdl_WAx =    4.1700000000000001E-003
  Internal Params
  ---------------------------------
  
 mdl_vevf__exp__2 =    2500.0000000000000     
 mdl_sqrt__vevf__exp__2 =    50.000000000000000     
 mdl_muJ =    50.000000000000000     
 mdl_MZ__exp__2 =    8315.1783937600012     
 mdl_MZ__exp__4 =    69142191.720053151     
 mdl_sqrt__2 =    1.4142135623730951     
 mdl_MJ__exp__2 =    8315.1783937600012     
 mdl_muJ__exp__2 =    2500.0000000000000     
 mdl_lamJ =    4.3260713575040004     
 mdl_MH__exp__2 =    15625.000000000000     
 mdl_complexi =  (  0.0000000000000000     ,  1.0000000000000000     )
 mdl_aEW =    7.8186082877247844E-003
 mdl_MW =    79.824359746197842     
 mdl_sqrt__aEW =    8.8422894590285753E-002
 mdl_ee =   0.31345100004952897     
 mdl_MW__exp__2 =    6371.9284088904105     
 mdl_sw2 =   0.23369913342182447     
 mdl_cw =   0.87538612427783857     
 mdl_sqrt__sw2 =   0.48342438232036300     
 mdl_sw =   0.48342438232036300     
 mdl_g1 =   0.35807170271074895     
 mdl_gN =   0.64839716719502682     
 mdl_gw =   0.64839716719502682     
 mdl_vev =    246.22056907348590     
 mdl_vev__exp__2 =    60624.568634871241     
 mdl_lam =   0.12886689630821144     
 mdl_yt =   0.98791394091683138     
 mdl_muH =    88.388347648318444     
 mdl_I2a33 =  ( 0.98791394091683138     ,  0.0000000000000000     )
 mdl_I3a33 =  ( 0.98791394091683138     ,  0.0000000000000000     )
 mdl_ee__exp__2 =    9.8251529432049817E-002
 mdl_sw__exp__2 =   0.23369913342182450     
 mdl_cw__exp__2 =   0.76630086657817542     
  Internal Params evaluated point by point
  ----------------------------------------
  
 mdl_sqrt__aS =   0.34409301068170506     
 mdl_G__exp__2 =    1.4878582807401259     
  Couplings of SM_HeavyN_UFO
  ---------------------------------
  
         GC_1 =  -0.00000E+00  -0.10448E+00
         GC_2 =   0.00000E+00   0.20897E+00
         GC_3 =  -0.00000E+00  -0.31345E+00
         GC_4 =   0.00000E+00   0.31345E+00
        GC_26 =   0.00000E+00   0.45849E+00
        GC_27 =  -0.00000E+00  -0.28380E+00
        GC_28 =   0.00000E+00   0.28380E+00
        GC_30 =   0.00000E+00   0.56760E+00
        GC_35 =  -0.00000E+00  -0.28850E-01
        GC_37 =   0.00000E+00   0.17310E+00
        GC_39 =   0.00000E+00  -0.19725E+00
        GC_40 =   0.00000E+00   0.37035E+00
        GC_80 =   0.00000E+00   0.67543E+02
       GC_107 =  -0.00000E+00  -0.74070E+00
       GC_109 =  -0.00000E+00  -0.74070E+00
       GC_111 =  -0.00000E+00  -0.74070E+00
       GC_113 =  -0.00000E+00  -0.74070E+00
       GC_115 =  -0.00000E+00  -0.74070E+00
       GC_117 =  -0.00000E+00  -0.74070E+00
       GC_119 =   0.00000E+00   0.00000E+00
       GC_120 =   0.00000E+00   0.00000E+00
       GC_122 =  -0.00000E+00  -0.00000E+00
       GC_126 =   0.00000E+00   0.00000E+00
       GC_127 =   0.00000E+00   0.00000E+00
       GC_129 =  -0.00000E+00  -0.00000E+00
       GC_133 =   0.00000E+00   0.45849E+00
       GC_134 =   0.00000E+00   0.37035E+00
       GC_136 =  -0.00000E+00  -0.89351E+01
        GC_81 =   0.40000E+02   0.00000E+00
        GC_82 =   0.42000E+02   0.00000E+00
        GC_83 =   0.44000E+02   0.00000E+00

 Collider parameters:
 --------------------

 Running at P P   machine @    13000.000000000000       GeV
 PDF set = nn23lo1
 alpha_s(Mz)= 0.1300 running at 2 loops.
 alpha_s(Mz)= 0.1300 running at 2 loops.
 Renormalization scale set on event-by-event basis
 Factorization   scale set on event-by-event basis


 getting user params
Enter number of events and max and min iterations: 
 Number of events and iterations         1000           5           3
Enter desired fractional accuracy: 
 Desired fractional accuracy:   0.10000000000000001     
Enter 0 for fixed, 2 for adjustable grid: 
Suppress amplitude (0 no, 1 yes)? 
 Using suppressed amplitude.
Exact helicity sum (0 yes, n = number/event)? 
 Explicitly summing over helicities
Enter Configuration Number: 
Running Configuration Number:  975
 Using dconfig=         242
 BW Setting            2           2           2           2           2           0           0
 Attempting mappinvarients           1           9
 Completed mapping           9
 about to integrate           19        1000           5           3          19           1
 Using non-zero grid deformation.
 19 dimensions   1000 events 19 invarients  5 iterations  1 config(s),  (0.99)
 Using h-tuple random number sequence.
 Error opening grid
 Using Uniform Grid!          36
 Using uniform alpha   1.0000000000000000     
 Grid defined OK
 Set CM energy to      13000.00
 Mapping Graph         975  to config         975
Setting grid   1    0.59172E-08   1
Setting grid   2    0.59172E-08   1
Setting grid   3    0.49202E-04   1
Setting grid   4    0.49202E-04   1
Setting grid   5    0.49202E-04   1
Setting grid   6    0.49202E-04   1
 Transforming s_hat 1/s           18   1.0183542244828404E-004   1600.0000000000000        168999999.99999997     
 975   1   2   3   4   5   6   7   8   9  10  11  12  13  14
  15  16  17  18  19
 Masses: 0.000E+00 0.000E+00 0.000E+00 0.000E+00 0.000E+00 0.000E+00 0.000E+00 0.000E+00 0.912E+02
Using random seed offsets   975 :      1
  with seed                   24
 Ranmar initialization seeds         705        9398
 
 ********************************************
 * You are using the DiscreteSampler module *
 *      part of the MG5_aMC framework       *
 *         Author: Valentin Hirschi         *
 ********************************************
 
  Particle       3       4       5       6       7       8       9
      Et >    10.0    10.0    10.0    10.0     0.0     0.0     0.0
       E >     0.0     0.0     0.0     0.0     0.0     0.0     0.0
     Eta <     2.5     2.5     2.5     2.5    -1.0    -1.0    -1.0
   xqcut:      0.0     0.0     0.0     0.0     0.0     0.0     0.0
d R # 3  >    -0.0     0.4     0.4     0.4     0.0     0.0     0.0
d R # 4  >    -0.0    -0.0     0.4     0.4     0.0     0.0     0.0
d R # 5  >    -0.0    -0.0    -0.0     0.4     0.0     0.0     0.0
d R # 6  >    -0.0    -0.0    -0.0    -0.0     0.0     0.0     0.0
d R # 7  >    -0.0    -0.0    -0.0    -0.0    -0.0     0.0     0.0
d R # 8  >    -0.0    -0.0    -0.0    -0.0    -0.0    -0.0     0.0
s min # 3>     0.0     0.0     0.0     0.0     0.0     0.0     0.0
s min # 4>     0.0     0.0     0.0     0.0     0.0     0.0     0.0
s min # 5>     0.0     0.0     0.0     0.0     0.0     0.0     0.0
s min # 6>     0.0     0.0     0.0     0.0     0.0     0.0     0.0
s min # 7>     0.0     0.0     0.0     0.0     0.0     0.0     0.0
s min # 8>     0.0     0.0     0.0     0.0     0.0     0.0     0.0
xqcutij # 3>     0.0     0.0     0.0     0.0     0.0     0.0     0.0
xqcutij # 4>     0.0     0.0     0.0     0.0     0.0     0.0     0.0
xqcutij # 5>     0.0     0.0     0.0     0.0     0.0     0.0     0.0
xqcutij # 6>     0.0     0.0     0.0     0.0     0.0     0.0     0.0
xqcutij # 7>     0.0     0.0     0.0     0.0     0.0     0.0     0.0
xqcutij # 8>     0.0     0.0     0.0     0.0     0.0     0.0     0.0
 Excluding BW           -1           1
 Excluding BW           -2           2
 Excluding BW           -3           3
 Excluding BW           -4           4
 Excluding BW           -6           5
 alpha_s for scale    398.57796850837207       is   0.10442731712403014     
 Added good helicity            1   1.0800606343595163       in event            1 local:           1
 Added good helicity           21   21.909330551708713       in event            1 local:           1
 Added good helicity           25   1.9940902104312288       in event            1 local:           1
 Added good helicity           37  0.16004031737650765       in event            1 local:           1
 Added good helicity           41   3.9424127865177780       in event            1 local:           1
 Added good helicity           61   2.2843027206499857E-002  in event            1 local:           1
 Added good helicity          193   187.72787819701054       in event            1 local:           1
 Added good helicity          213   3.9014210621167775       in event            1 local:           1
 Added good helicity          217   1.8525245264298293       in event            1 local:           1
 Added good helicity          229   5.1556261534215615       in event            1 local:           1
 Added good helicity          233   28.241219479617783       in event            1 local:           1
 Added good helicity          253   1.2553053803265202E-002  in event            1 local:           1
 Added good helicity            1   1.0800606343595480       in event            1 local:           1
 Added good helicity           21   21.909330551708841       in event            1 local:           1
 Added good helicity           25   1.9940902104312399       in event            1 local:           1
 Added good helicity           37  0.16004031737650809       in event            1 local:           1
 Added good helicity           41   3.9424127865177971       in event            1 local:           1
 Added good helicity           61   2.2843027206500000E-002  in event            1 local:           1
 Added good helicity          193   187.72787819701028       in event            1 local:           1
 Added good helicity          213   3.9014210621168077       in event            1 local:           1
 Added good helicity          217   1.8525245264298216       in event            1 local:           1
 Added good helicity          229   5.1556261534215428       in event            1 local:           1
 Added good helicity          233   28.241219479617822       in event            1 local:           1
 Added good helicity          253   1.2553053803265529E-002  in event            1 local:           1
 RESET CUMULATIVE VARIABLE
 RESET CUMULATIVE VARIABLE
 RESET CUMULATIVE VARIABLE
 Iteration  1   Mean: 0.4646E-13 Abs mean: 0.4646E-13   Fluctuation:  0.373E-13   0.362E-10     2.4%
  1    0.4646E-13 0.4646E-13 +- 0.3728E-13     25.37
 Writing out events   3.9210059749636990E-016   25.372979782111056     
 Relative summed weights:
  0.7116E-04  0.1964E-01  0.1744E-04  0.1185E-04  0.0000E+00  0.4879E-15
  0.1087E-05  0.7800E+00  0.7657E-07  0.2718E-04  0.2905E-11  0.3279E-14
  0.3257E-02  0.1891E+00  0.1947E-05  0.3480E-06  0.1213E-11  0.2774E-07
  0.1211E-04  0.1672E-07  0.2222E-06  0.1659E-05  0.8732E-09  0.1361E-10
  0.3177E-04  0.1447E-04  0.1257E-05  0.7191E-05  0.0000E+00  0.6628E-14
  0.7600E-06  0.3886E-05  0.1968E-07  0.1375E-06  0.0000E+00  0.8475E-14
  0.4215E-03  0.9646E-07  0.2213E-07  0.1000E-07  0.8448E-14  0.3113E-10
  0.1339E-05  0.1250E-07  0.8527E-07  0.7429E-02  0.0000E+00  0.0000E+00
 Relative number of events:
  0.3964E-01  0.3964E-01  0.4856E-01  0.5550E-01  0.0000E+00  0.9911E-03
  0.3072E-01  0.4262E-01  0.6442E-01  0.4955E-01  0.3964E-02  0.9911E-03
  0.2577E-01  0.3964E-01  0.4658E-01  0.5748E-01  0.2973E-02  0.1982E-02
  0.2874E-01  0.4262E-01  0.6244E-01  0.4361E-01  0.4955E-02  0.3964E-02
  0.1388E-01  0.1784E-01  0.1685E-01  0.1982E-01  0.0000E+00  0.9911E-03
  0.2279E-01  0.1982E-01  0.1685E-01  0.1487E-01  0.0000E+00  0.9911E-03
  0.1685E-01  0.7929E-02  0.1586E-01  0.1784E-01  0.1982E-02  0.9911E-03
  0.1883E-01  0.1189E-01  0.1189E-01  0.1388E-01  0.0000E+00  0.0000E+00
 Events:
          40          40          49          56           0           1
          31          43          65          50           4           1
          26          40          47          58           3           2
          29          43          63          44           5           4
          14          18          17          20           0           1
          23          20          17          15           0           1
          17           8          16          18           2           1
          19          12          12          14           0           0
 Iteration  2   Mean: 0.2025E-14 Abs mean: 0.2025E-14   Fluctuation:  0.130E-14   0.195E-11    19.0%
  2    0.2025E-14 0.2025E-14 +- 0.1297E-14     28.64
 Relative summed weights:
  0.5066E-06  0.1869E-05  0.2408E-02  0.9000E-05  0.8899E-13  0.3577E-08
  0.2666E-04  0.1688E-06  0.6274E-01  0.4805E+00  0.4814E-15  0.1575E-10
  0.3612E-05  0.1293E-04  0.3445E-04  0.1326E-03  0.0000E+00  0.2567E-15
  0.2221E-01  0.4943E-04  0.2663E-04  0.1121E-01  0.1705E-11  0.1009E-10
  0.6341E-03  0.1127E-02  0.1720E-06  0.7074E-07  0.0000E+00  0.0000E+00
  0.2280E-03  0.4181E+00  0.1478E-07  0.2926E-07  0.0000E+00  0.0000E+00
  0.5089E-03  0.9911E-06  0.6958E-05  0.3602E-06  0.2693E-16  0.0000E+00
  0.1425E-06  0.7600E-05  0.8804E-05  0.1224E-08  0.4934E-09  0.1593E-09
 Relative number of events:
  0.4050E-01  0.4250E-01  0.4900E-01  0.4600E-01  0.5000E-03  0.1000E-02
  0.4950E-01  0.4800E-01  0.4750E-01  0.4750E-01  0.1500E-02  0.1000E-02
  0.4600E-01  0.4800E-01  0.4600E-01  0.5100E-01  0.0000E+00  0.5000E-03
  0.3550E-01  0.4300E-01  0.4150E-01  0.4000E-01  0.1000E-02  0.1000E-02
  0.2150E-01  0.2350E-01  0.1350E-01  0.9000E-02  0.0000E+00  0.0000E+00
  0.2050E-01  0.2450E-01  0.1500E-01  0.1050E-01  0.0000E+00  0.0000E+00
  0.1700E-01  0.2300E-01  0.1000E-01  0.1350E-01  0.5000E-03  0.0000E+00
  0.1850E-01  0.2400E-01  0.1300E-01  0.1300E-01  0.1000E-02  0.5000E-03
 Events:
          81          85          98          92           1           2
          99          96          95          95           3           2
          92          96          92         102           0           1
          71          86          83          80           2           2
          43          47          27          18           0           0
          41          49          30          21           0           0
          34          46          20          27           1           0
          37          48          26          26           2           1
 Iteration  3   Mean: 0.2061E-15 Abs mean: 0.2061E-15   Fluctuation:  0.971E-16   0.310E-12    49.1%
  3    0.2061E-15 0.2061E-15 +- 0.9715E-16     29.81
 Relative summed weights:
  0.1188E-01  0.1078E-01  0.1413E-03  0.8525E-03  0.9342E-13  0.0000E+00
  0.1273E+00  0.1561E-01  0.7383E-04  0.1007E-03  0.3602E-12  0.7552E-04
  0.6011E-04  0.3776E+00  0.3848E-01  0.1643E-03  0.1145E-10  0.0000E+00
  0.1121E-01  0.1643E-03  0.1623E-02  0.8882E-02  0.4508E-11  0.2574E-07
  0.2470E+00  0.4407E-03  0.3572E-03  0.8641E-06  0.2175E-12  0.0000E+00
  0.3902E-03  0.8603E-01  0.3534E-04  0.9162E-04  0.0000E+00  0.0000E+00
  0.6708E-04  0.9503E-02  0.3279E-01  0.6347E-05  0.0000E+00  0.1344E-20
  0.4660E-02  0.2528E-02  0.1107E-01  0.3086E-05  0.0000E+00  0.1518E-05
 Relative number of events:
  0.5350E-01  0.5675E-01  0.3600E-01  0.4100E-01  0.2500E-03  0.0000E+00
  0.5325E-01  0.5200E-01  0.4000E-01  0.3450E-01  0.2500E-03  0.7500E-03
  0.5125E-01  0.4750E-01  0.4100E-01  0.4300E-01  0.2500E-03  0.0000E+00
  0.5225E-01  0.5025E-01  0.3925E-01  0.3675E-01  0.2500E-03  0.2500E-03
  0.2200E-01  0.2475E-01  0.1350E-01  0.9750E-02  0.2500E-03  0.0000E+00
  0.2000E-01  0.2475E-01  0.1125E-01  0.1175E-01  0.0000E+00  0.0000E+00
  0.1850E-01  0.2425E-01  0.9250E-02  0.8250E-02  0.0000E+00  0.2500E-03
  0.2600E-01  0.2375E-01  0.1075E-01  0.1025E-01  0.0000E+00  0.5000E-03
 Events:
         214         227         144         164           1           0
         213         208         160         138           1           3
         205         190         164         172           1           0
         209         201         157         147           1           1
          88          99          54          39           1           0
          80          99          45          47           0           0
          74          97          37          33           0           1
         104          95          43          41           0           2
 Accuracy:    1.358   0.100   0.343  15.673
 Found           18  events.
 Wrote            1  events.
 Actual xsec    9.1873893195088391E-015
 Correct abs xsec    9.1873893195088391E-015
 Event xsec    9.1873893195088391E-015
 Events wgts > 1:            1
 % Cross section > 1:    8.5271848710155982E-022   9.2814014672358149E-006
 Iteration  4   Mean: 0.3874E-13 Abs mean: 0.3874E-13   Fluctuation:  0.302E-13   0.239E-09    61.4%
  4    0.3874E-13 0.3874E-13 +- 0.3015E-13     69.61
 Relative summed weights:
  0.6672E-02  0.5604E-03  0.2393E-03  0.1995E-03  0.4740E-08  0.3546E-13
  0.2481E-02  0.3516E-02  0.4787E-02  0.1898E-04  0.2040E-15  0.4724E-11
  0.3061E-03  0.2342E-01  0.3201E-01  0.6938E-03  0.9514E-11  0.6968E-08
  0.8372E+00  0.3113E-02  0.3330E-03  0.7141E-01  0.1360E-08  0.2111E-08
  0.1188E-03  0.1294E-03  0.1179E-04  0.2186E-02  0.0000E+00  0.3248E-10
  0.6916E-03  0.6058E-04  0.2955E-02  0.3815E-02  0.1940E-12  0.1418E-15
  0.1918E-03  0.2348E-02  0.1552E-03  0.1268E-05  0.6654E-15  0.3583E-13
  0.4016E-04  0.1431E-03  0.1749E-03  0.1177E-04  0.0000E+00  0.4220E-17
 Relative number of events:
  0.5275E-01  0.5300E-01  0.3762E-01  0.3600E-01  0.2500E-03  0.1250E-03
  0.5800E-01  0.5663E-01  0.3575E-01  0.3537E-01  0.1250E-03  0.5000E-03
  0.5625E-01  0.5500E-01  0.3375E-01  0.3850E-01  0.3750E-03  0.1250E-03
  0.5337E-01  0.5300E-01  0.4075E-01  0.3475E-01  0.2500E-03  0.2500E-03
  0.2275E-01  0.2125E-01  0.1038E-01  0.1100E-01  0.0000E+00  0.1250E-03
  0.2337E-01  0.2475E-01  0.1075E-01  0.8625E-02  0.1250E-03  0.1250E-03
  0.2262E-01  0.2100E-01  0.1137E-01  0.8250E-02  0.2500E-03  0.1250E-03
  0.2425E-01  0.2538E-01  0.1100E-01  0.9875E-02  0.0000E+00  0.1250E-03
 Events:
         422         424         301         288           2           1
         464         453         286         283           1           4
         450         440         270         308           3           1
         427         424         326         278           2           2
         182         170          83          88           0           1
         187         198          86          69           1           1
         181         168          91          66           2           1
         194         203          88          79           0           1
 Accuracy:    0.804   0.100   0.314   6.555
 Found          209  events.
 Wrote            1  events.
 Actual xsec    8.1294174591679678E-015
 Correct abs xsec    8.1294174591679678E-015
 Event xsec    8.1294174591679678E-015
 Events wgts > 1:            0
 % Cross section > 1:    0.0000000000000000        0.0000000000000000     
 Iteration  5   Mean: 0.6168E-14 Abs mean: 0.6168E-14   Fluctuation:  0.155E-14   0.149E-10    68.6%
  5    0.6168E-14 0.6168E-14 +- 0.1547E-14     31.72
 Relative summed weights:
  0.1661E-01  0.3942E-01  0.3504E-02  0.2439E-01  0.7195E-07  0.3670E-09
  0.1842E-01  0.3463E-01  0.1661E-01  0.1589E+00  0.2237E-11  0.5507E-06
  0.3875E-01  0.6714E-01  0.5891E-03  0.1434E-01  0.5351E-04  0.6337E-08
  0.3209E-01  0.3950E-01  0.1186E-01  0.4094E-02  0.1124E-07  0.8958E-05
  0.2729E-01  0.3424E-02  0.1096E-03  0.7411E-02  0.0000E+00  0.1136E-17
  0.8369E-01  0.5743E-03  0.1378E-02  0.7239E-03  0.1957E-10  0.0000E+00
  0.2377E+00  0.1291E-01  0.6933E-01  0.6906E-02  0.0000E+00  0.9796E-12
  0.2170E-01  0.8345E-03  0.4946E-03  0.4666E-02  0.0000E+00  0.1216E-11
 Relative number of events:
  0.5744E-01  0.5519E-01  0.3438E-01  0.3388E-01  0.1250E-03  0.1250E-03
  0.5919E-01  0.5825E-01  0.3687E-01  0.3406E-01  0.6250E-04  0.1875E-03
  0.5319E-01  0.5731E-01  0.3456E-01  0.3581E-01  0.2500E-03  0.6250E-04
  0.5450E-01  0.5800E-01  0.3150E-01  0.3581E-01  0.1875E-03  0.6250E-04
  0.2337E-01  0.2312E-01  0.9625E-02  0.9687E-02  0.0000E+00  0.6250E-04
  0.2463E-01  0.2431E-01  0.9875E-02  0.1019E-01  0.1250E-03  0.0000E+00
  0.2094E-01  0.2694E-01  0.1137E-01  0.8563E-02  0.0000E+00  0.6250E-04
  0.2400E-01  0.2294E-01  0.9687E-02  0.9437E-02  0.0000E+00  0.6250E-04
 Events:
         919         883         550         542           2           2
         947         932         590         545           1           3
         851         917         553         573           4           1
         872         928         504         573           3           1
         374         370         154         155           0           1
         394         389         158         163           2           0
         335         431         182         137           0           1
         384         367         155         151           0           1
 Accuracy:    0.692   0.100   0.196  12.454
 Found           86  events.
 Wrote            5  events.
 Actual xsec    7.3903561125858351E-015
 Correct abs xsec    7.3903561125858351E-015
 Event xsec    7.3903561125858351E-015
 Events wgts > 1:            1
 % Cross section > 1:    7.2385108040011057E-017  0.97945358704350716     

 -------------------------------------------------------------------------------
 Accumulated results:   Integral =  0.9218E-14
                        Std dev  =  0.1806E-14
                       Cross sec =  0.9218E-14
             Chi**2 per DoF.     =     12.4539
 -------------------------------------------------------------------------------
-------------------------------------------------
---------------------------
 Results Last   3 iters: Integral =   0.7390E-14
                     Abs integral =   0.7390E-14
                          Std dev =   0.1574E-14
                  Chi**2 per DoF. =   2735.2252
-------------------------------------------------
---------------------------
 Status  0.10000000000000001                6           5

ls status:
events.lhe
ftn26
input_app.txt
results.dat
run1_app.log
