 Process in group number            1
 A PDF is used, so alpha_s(MZ) is going to be modified
 Old value of alpha_s from param_card:   0.11839999999999999     
  ****************************************
 
       NNPDFDriver version 1.0.3
   Grid: NNPDF23_lo_as_0130_qed_mem0.grid
  ****************************************
 New value of alpha_s from PDF nn23lo1:  0.13000000000000000     
 Define smin to   1600.0000000000000     
 Define smin to   1600.0000000000000     
 Define smin to   1600.0000000000000     
 *****************************************************
 *               MadGraph/MadEvent                   *
 *        --------------------------------           *
 *          http://madgraph.hep.uiuc.edu             *
 *          http://madgraph.phys.ucl.ac.be           *
 *          http://madgraph.roma2.infn.it            *
 *        --------------------------------           *
 *                                                   *
 *          PARAMETER AND COUPLING VALUES            *
 *                                                   *
 *****************************************************

  External Params
  ---------------------------------
  
 mdl_VeN1 =    1.0000000000000000     
 mdl_VeN2 =    0.0000000000000000     
 mdl_VeN3 =    0.0000000000000000     
 mdl_VmuN1 =    0.0000000000000000     
 mdl_VmuN2 =    1.0000000000000000     
 mdl_VmuN3 =    0.0000000000000000     
 mdl_VtaN1 =    0.0000000000000000     
 mdl_VtaN2 =    0.0000000000000000     
 mdl_VtaN3 =    1.0000000000000000     
 mdl_VN1N1 =    1.0000000000000000     
 mdl_VN1N2 =    1.0000000000000000     
 mdl_VN1N3 =    1.0000000000000000     
 mdl_VN2N2 =    1.0000000000000000     
 mdl_VN2N3 =    1.0000000000000000     
 mdl_VN3N3 =    1.0000000000000000     
 aEWM1 =    127.90000000000001     
 mdl_Gf =    1.1663700000000000E-005
 aS =   0.11839999999999999     
 mdl_ymt =    172.00000000000000     
 mdl_vevf =    50.000000000000000     
 mdl_MZ =    91.187600000000003     
 mdl_MT =    172.00000000000000     
 mdl_MH =    125.00000000000000     
 mdl_mN1 =    1822.0000000000000     
 mdl_mN2 =    1922.0000000000000     
 mdl_mN3 =    2022.0000000000000     
 mdl_MJ =    91.187600000000003     
 mdl_MAx =    173.04800000000000     
 mdl_WZ =    2.4952000000000001     
 mdl_WW =    2.0850000000000000     
 mdl_WT =    1.5083359999999999     
 mdl_WH =    4.0699999999999998E-003
 mdl_WN1 =   0.30299999999999999     
 mdl_WN2 =    1.5000000000000000     
 mdl_WN3 =    12.300000000000001     
 mdl_WJ =    2.4952000000000001     
 mdl_WAx =    4.1700000000000001E-003
  Internal Params
  ---------------------------------
  
 mdl_vevf__exp__2 =    2500.0000000000000     
 mdl_sqrt__vevf__exp__2 =    50.000000000000000     
 mdl_muJ =    50.000000000000000     
 mdl_MZ__exp__2 =    8315.1783937600012     
 mdl_MZ__exp__4 =    69142191.720053151     
 mdl_sqrt__2 =    1.4142135623730951     
 mdl_MJ__exp__2 =    8315.1783937600012     
 mdl_muJ__exp__2 =    2500.0000000000000     
 mdl_lamJ =    4.3260713575040004     
 mdl_MH__exp__2 =    15625.000000000000     
 mdl_complexi =  (  0.0000000000000000     ,  1.0000000000000000     )
 mdl_aEW =    7.8186082877247844E-003
 mdl_MW =    79.824359746197842     
 mdl_sqrt__aEW =    8.8422894590285753E-002
 mdl_ee =   0.31345100004952897     
 mdl_MW__exp__2 =    6371.9284088904105     
 mdl_sw2 =   0.23369913342182447     
 mdl_cw =   0.87538612427783857     
 mdl_sqrt__sw2 =   0.48342438232036300     
 mdl_sw =   0.48342438232036300     
 mdl_g1 =   0.35807170271074895     
 mdl_gN =   0.64839716719502682     
 mdl_gw =   0.64839716719502682     
 mdl_vev =    246.22056907348590     
 mdl_vev__exp__2 =    60624.568634871241     
 mdl_lam =   0.12886689630821144     
 mdl_yt =   0.98791394091683138     
 mdl_muH =    88.388347648318444     
 mdl_I2a33 =  ( 0.98791394091683138     ,  0.0000000000000000     )
 mdl_I3a33 =  ( 0.98791394091683138     ,  0.0000000000000000     )
 mdl_ee__exp__2 =    9.8251529432049817E-002
 mdl_sw__exp__2 =   0.23369913342182450     
 mdl_cw__exp__2 =   0.76630086657817542     
  Internal Params evaluated point by point
  ----------------------------------------
  
 mdl_sqrt__aS =   0.34409301068170506     
 mdl_G__exp__2 =    1.4878582807401259     
  Couplings of SM_HeavyN_UFO
  ---------------------------------
  
         GC_1 =  -0.00000E+00  -0.10448E+00
         GC_2 =   0.00000E+00   0.20897E+00
         GC_3 =  -0.00000E+00  -0.31345E+00
         GC_4 =   0.00000E+00   0.31345E+00
        GC_26 =   0.00000E+00   0.45849E+00
        GC_27 =  -0.00000E+00  -0.28380E+00
        GC_28 =   0.00000E+00   0.28380E+00
        GC_30 =   0.00000E+00   0.56760E+00
        GC_35 =  -0.00000E+00  -0.28850E-01
        GC_37 =   0.00000E+00   0.17310E+00
        GC_39 =   0.00000E+00  -0.19725E+00
        GC_40 =   0.00000E+00   0.37035E+00
        GC_80 =   0.00000E+00   0.67543E+02
       GC_107 =  -0.00000E+00  -0.74070E+00
       GC_109 =  -0.00000E+00  -0.74070E+00
       GC_111 =  -0.00000E+00  -0.74070E+00
       GC_113 =  -0.00000E+00  -0.74070E+00
       GC_115 =  -0.00000E+00  -0.74070E+00
       GC_117 =  -0.00000E+00  -0.74070E+00
       GC_119 =   0.00000E+00   0.00000E+00
       GC_120 =   0.00000E+00   0.00000E+00
       GC_122 =  -0.00000E+00  -0.00000E+00
       GC_126 =   0.00000E+00   0.00000E+00
       GC_127 =   0.00000E+00   0.00000E+00
       GC_129 =  -0.00000E+00  -0.00000E+00
       GC_133 =   0.00000E+00   0.45849E+00
       GC_134 =   0.00000E+00   0.37035E+00
       GC_136 =  -0.00000E+00  -0.82121E+01
        GC_81 =   0.36440E+02   0.00000E+00
        GC_82 =   0.38440E+02   0.00000E+00
        GC_83 =   0.40440E+02   0.00000E+00

 Collider parameters:
 --------------------

 Running at P P   machine @    13000.000000000000       GeV
 PDF set = nn23lo1
 alpha_s(Mz)= 0.1300 running at 2 loops.
 alpha_s(Mz)= 0.1300 running at 2 loops.
 Renormalization scale set on event-by-event basis
 Factorization   scale set on event-by-event basis


 getting user params
Enter number of events and max and min iterations: 
 Number of events and iterations         1000           5           3
Enter desired fractional accuracy: 
 Desired fractional accuracy:   0.10000000000000001     
Enter 0 for fixed, 2 for adjustable grid: 
Suppress amplitude (0 no, 1 yes)? 
 Using suppressed amplitude.
Exact helicity sum (0 yes, n = number/event)? 
 Explicitly summing over helicities
Enter Configuration Number: 
Running Configuration Number:  966
 Using dconfig=         241
 BW Setting            1           2           2           2           2           0           0
 Attempting mappinvarients           1           9
 Completed mapping           9
 about to integrate           19        1000           5           3          19           1
 Using non-zero grid deformation.
 19 dimensions   1000 events 19 invarients  5 iterations  1 config(s),  (0.99)
 Using h-tuple random number sequence.
 Error opening grid
 Using Uniform Grid!          36
 Using uniform alpha   1.0000000000000000     
 Grid defined OK
 Set CM energy to      13000.00
 Mapping Graph         966  to config         966
 Setting BW          -1           1   79.824359746197842     
Setting grid   2    0.28499E-04   1
Setting grid   3    0.15259E-03   1
Setting grid   4    0.15259E-03   1
Setting grid   5    0.15259E-03   1
Setting grid   6    0.15259E-03   1
 Transforming s_hat 1/s           18   2.1493129719111747E-004   1600.0000000000000        168999999.99999997     
 966   1   2   3   4   5   6   7   8   9  10  11  12  13  14
  15  16  17  18  19
 Masses: 0.000E+00 0.000E+00 0.000E+00 0.000E+00 0.000E+00 0.000E+00 0.000E+00 0.000E+00 0.912E+02
Using random seed offsets   966 :      1
  with seed                   24
 Ranmar initialization seeds         696        9398
 
 ********************************************
 * You are using the DiscreteSampler module *
 *      part of the MG5_aMC framework       *
 *         Author: Valentin Hirschi         *
 ********************************************
 
  Particle       3       4       5       6       7       8       9
      Et >    10.0    10.0    10.0    10.0     0.0     0.0     0.0
       E >     0.0     0.0     0.0     0.0     0.0     0.0     0.0
     Eta <     2.5     2.5     2.5     2.5    -1.0    -1.0    -1.0
   xqcut:      0.0     0.0     0.0     0.0     0.0     0.0     0.0
d R # 3  >    -0.0     0.4     0.4     0.4     0.0     0.0     0.0
d R # 4  >    -0.0    -0.0     0.4     0.4     0.0     0.0     0.0
d R # 5  >    -0.0    -0.0    -0.0     0.4     0.0     0.0     0.0
d R # 6  >    -0.0    -0.0    -0.0    -0.0     0.0     0.0     0.0
d R # 7  >    -0.0    -0.0    -0.0    -0.0    -0.0     0.0     0.0
d R # 8  >    -0.0    -0.0    -0.0    -0.0    -0.0    -0.0     0.0
s min # 3>     0.0     0.0     0.0     0.0     0.0     0.0     0.0
s min # 4>     0.0     0.0     0.0     0.0     0.0     0.0     0.0
s min # 5>     0.0     0.0     0.0     0.0     0.0     0.0     0.0
s min # 6>     0.0     0.0     0.0     0.0     0.0     0.0     0.0
s min # 7>     0.0     0.0     0.0     0.0     0.0     0.0     0.0
s min # 8>     0.0     0.0     0.0     0.0     0.0     0.0     0.0
xqcutij # 3>     0.0     0.0     0.0     0.0     0.0     0.0     0.0
xqcutij # 4>     0.0     0.0     0.0     0.0     0.0     0.0     0.0
xqcutij # 5>     0.0     0.0     0.0     0.0     0.0     0.0     0.0
xqcutij # 6>     0.0     0.0     0.0     0.0     0.0     0.0     0.0
xqcutij # 7>     0.0     0.0     0.0     0.0     0.0     0.0     0.0
xqcutij # 8>     0.0     0.0     0.0     0.0     0.0     0.0     0.0
 Requiring BW           -1           1
 Excluding BW           -2           2
 Excluding BW           -3           3
 Excluding BW           -4           4
 Excluding BW           -6           5
 alpha_s for scale    296.69983513179216       is   0.10869020406785260     
 Added good helicity            1   49.768404557679979       in event            1 local:           1
 Added good helicity           21  0.26491919942349890       in event            1 local:           1
 Added good helicity           25   2.7579393913904804       in event            1 local:           1
 Added good helicity           37   1.0729859748630178E-006  in event            1 local:           1
 Added good helicity           41   4.0337605246622293E-004  in event            1 local:           1
 Added good helicity           61   2.0104107406556348E-007  in event            1 local:           1
 Added good helicity          193   104.50673178160702       in event            1 local:           1
 Added good helicity          213   43.269092782527224       in event            1 local:           1
 Added good helicity          217   55.379685307924952       in event            1 local:           1
 Added good helicity          229   1.0007930160522902E-003  in event            1 local:           1
 Added good helicity          233   5.1818056137268434E-002  in event            1 local:           1
 Added good helicity          253   3.4802140062830978E-006  in event            1 local:           1
 Added good helicity            1   49.768404557680299       in event            1 local:           1
 Added good helicity           21  0.26491919942350006       in event            1 local:           1
 Added good helicity           25   2.7579393913904746       in event            1 local:           1
 Added good helicity           37   1.0729859748630244E-006  in event            1 local:           1
 Added good helicity           41   4.0337605246622949E-004  in event            1 local:           1
 Added good helicity           61   2.0104107406556526E-007  in event            1 local:           1
 Added good helicity          193   104.50673178160667       in event            1 local:           1
 Added good helicity          213   43.269092782527238       in event            1 local:           1
 Added good helicity          217   55.379685307924930       in event            1 local:           1
 Added good helicity          229   1.0007930160522936E-003  in event            1 local:           1
 Added good helicity          233   5.1818056137268274E-002  in event            1 local:           1
 Added good helicity          253   3.4802140062831351E-006  in event            1 local:           1
 RESET CUMULATIVE VARIABLE
 RESET CUMULATIVE VARIABLE
 RESET CUMULATIVE VARIABLE
 Iteration  1   Mean: 0.1061E-13 Abs mean: 0.1061E-13   Fluctuation:  0.569E-14   0.472E-11     5.4%
  1    0.1061E-13 0.1061E-13 +- 0.5685E-14     16.94
 Writing out events   3.9106276517780986E-017   16.942734562949120     
 Relative summed weights:
  0.1137E-02  0.4668E-01  0.1754E+00  0.4415E-02  0.8002E-12  0.2378E-06
  0.6451E-04  0.2476E+00  0.7023E-03  0.4624E-01  0.5618E-08  0.2323E-07
  0.1853E-02  0.1715E-02  0.7590E-03  0.2152E-03  0.2105E-09  0.2282E-07
  0.1195E-01  0.4462E+00  0.7117E-02  0.4135E-02  0.9315E-05  0.6587E-05
  0.1480E-04  0.5324E-04  0.9809E-05  0.2627E-04  0.0000E+00  0.0000E+00
  0.8745E-03  0.1388E-05  0.1747E-08  0.1312E-05  0.0000E+00  0.0000E+00
  0.8982E-06  0.7433E-04  0.5857E-05  0.1273E-04  0.0000E+00  0.3643E-06
  0.1852E-04  0.2679E-02  0.4412E-06  0.1934E-06  0.0000E+00  0.0000E+00
 Relative number of events:
  0.5055E-01  0.4361E-01  0.5451E-01  0.4955E-01  0.9911E-03  0.2973E-02
  0.3766E-01  0.5154E-01  0.5847E-01  0.6739E-01  0.6938E-02  0.4955E-02
  0.5451E-01  0.4460E-01  0.7037E-01  0.5352E-01  0.5946E-02  0.1982E-02
  0.4658E-01  0.3667E-01  0.5649E-01  0.6046E-01  0.6938E-02  0.6938E-02
  0.1189E-01  0.1685E-01  0.3964E-02  0.5946E-02  0.0000E+00  0.0000E+00
  0.8920E-02  0.6938E-02  0.3964E-02  0.1982E-02  0.0000E+00  0.0000E+00
  0.1487E-01  0.1090E-01  0.1982E-02  0.7929E-02  0.0000E+00  0.9911E-03
  0.6938E-02  0.1189E-01  0.5946E-02  0.3964E-02  0.0000E+00  0.0000E+00
 Events:
          51          44          55          50           1           3
          38          52          59          68           7           5
          55          45          71          54           6           2
          47          37          57          61           7           7
          12          17           4           6           0           0
           9           7           4           2           0           0
          15          11           2           8           0           1
           7          12           6           4           0           0
 Iteration  2   Mean: 0.2160E-12 Abs mean: 0.2160E-12   Fluctuation:  0.146E-12   0.246E-09    33.1%
  2    0.2160E-12 0.2160E-12 +- 0.1465E-12     30.33
 Relative summed weights:
  0.9017E-03  0.5707E+00  0.4346E-05  0.7970E-04  0.8673E-07  0.2670E-11
  0.1618E-02  0.7113E-04  0.4393E-03  0.2039E-01  0.2707E-12  0.1445E-06
  0.1636E-03  0.2304E-04  0.2459E-02  0.2434E-02  0.8815E-08  0.2172E-10
  0.5055E-03  0.4271E-04  0.3022E-01  0.3659E+00  0.3858E-10  0.4171E-10
  0.2589E-03  0.5566E-04  0.2706E-07  0.2788E-06  0.0000E+00  0.0000E+00
  0.2751E-02  0.2752E-03  0.3157E-07  0.1144E-05  0.3036E-11  0.0000E+00
  0.1169E-03  0.8605E-04  0.4404E-08  0.9030E-04  0.0000E+00  0.0000E+00
  0.1332E-05  0.4224E-03  0.1810E-05  0.9301E-07  0.0000E+00  0.0000E+00
 Relative number of events:
  0.5350E-01  0.5600E-01  0.4550E-01  0.5000E-01  0.1500E-02  0.1500E-02
  0.5400E-01  0.5000E-01  0.5450E-01  0.4800E-01  0.1000E-02  0.1000E-02
  0.5450E-01  0.5300E-01  0.5450E-01  0.4650E-01  0.3500E-02  0.1000E-02
  0.5400E-01  0.5250E-01  0.5600E-01  0.4900E-01  0.2000E-02  0.2500E-02
  0.1700E-01  0.1300E-01  0.3000E-02  0.5000E-02  0.0000E+00  0.0000E+00
  0.1800E-01  0.1650E-01  0.2500E-02  0.4500E-02  0.5000E-03  0.0000E+00
  0.1000E-01  0.1300E-01  0.4000E-02  0.6500E-02  0.0000E+00  0.0000E+00
  0.1700E-01  0.1400E-01  0.6500E-02  0.3500E-02  0.0000E+00  0.0000E+00
 Events:
         107         112          91         100           3           3
         108         100         109          96           2           2
         109         106         109          93           7           2
         108         105         112          98           4           5
          34          26           6          10           0           0
          36          33           5           9           1           0
          20          26           8          13           0           0
          34          28          13           7           0           0
 Iteration  3   Mean: 0.1678E-12 Abs mean: 0.1678E-12   Fluctuation:  0.976E-13   0.375E-09    53.8%
  3    0.1678E-12 0.1678E-12 +- 0.9760E-13     36.79
 Relative summed weights:
  0.3314E-03  0.2754E-02  0.1001E-01  0.3235E-03  0.7155E-09  0.3529E-10
  0.2283E-02  0.2586E-01  0.1018E-01  0.6410E-03  0.2354E-12  0.0000E+00
  0.1547E-02  0.1282E-01  0.8375E-01  0.2566E-02  0.5257E-12  0.2936E-10
  0.4711E-01  0.1261E+00  0.8001E-01  0.1968E-01  0.3566E-09  0.1856E-06
  0.1086E-02  0.5595E+00  0.1342E-02  0.1570E-03  0.0000E+00  0.3685E-11
  0.4197E-03  0.1076E-02  0.1867E-06  0.1649E-02  0.0000E+00  0.0000E+00
  0.6525E-04  0.8042E-02  0.1043E-06  0.1558E-04  0.0000E+00  0.0000E+00
  0.7082E-03  0.2981E-05  0.9992E-06  0.2373E-04  0.0000E+00  0.0000E+00
 Relative number of events:
  0.6050E-01  0.6000E-01  0.4700E-01  0.5325E-01  0.1500E-02  0.2500E-03
  0.5450E-01  0.5750E-01  0.4200E-01  0.5200E-01  0.2500E-03  0.0000E+00
  0.6225E-01  0.5500E-01  0.5000E-01  0.4600E-01  0.5000E-03  0.1000E-02
  0.5075E-01  0.6125E-01  0.5200E-01  0.4725E-01  0.7500E-03  0.2500E-03
  0.1300E-01  0.1400E-01  0.5750E-02  0.4500E-02  0.0000E+00  0.2500E-03
  0.1600E-01  0.1200E-01  0.5000E-02  0.5000E-02  0.0000E+00  0.0000E+00
  0.1300E-01  0.1400E-01  0.4000E-02  0.3750E-02  0.0000E+00  0.0000E+00
  0.1400E-01  0.1175E-01  0.4250E-02  0.4000E-02  0.0000E+00  0.0000E+00
 Events:
         242         240         188         213           6           1
         218         230         168         208           1           0
         249         220         200         184           2           4
         203         245         208         189           3           1
          52          56          23          18           0           1
          64          48          20          20           0           0
          52          56          16          15           0           0
          56          47          17          16           0           0
 Accuracy:    0.541   0.100   0.341   2.523
 Found           33  events.
 Wrote            2  events.
 Actual xsec    1.1640048866665610E-013
 Correct abs xsec    1.1640048866665610E-013
 Event xsec    1.1640048866665608E-013
 Events wgts > 1:            1
 % Cross section > 1:    3.3430058276602620E-021   2.8719860766511499E-006
 Iteration  4   Mean: 0.1428E-12 Abs mean: 0.1428E-12   Fluctuation:  0.493E-13   0.273E-09    67.4%
  4    0.1428E-12 0.1428E-12 +- 0.4929E-13     30.88
 Relative summed weights:
  0.2455E-01  0.2104E-01  0.6733E-02  0.1413E-01  0.3604E-07  0.8505E-08
  0.9026E-02  0.2952E-02  0.7496E-02  0.3916E-01  0.1981E-05  0.1486E-07
  0.3145E+00  0.1455E+00  0.2775E-01  0.9861E-03  0.2354E-14  0.4146E-12
  0.1297E-01  0.2626E-01  0.1497E-01  0.3269E-02  0.3862E-05  0.1830E-06
  0.6661E-02  0.1601E+00  0.3304E-02  0.1061E-04  0.0000E+00  0.0000E+00
  0.1175E-02  0.4521E-03  0.6566E-02  0.9667E-03  0.0000E+00  0.0000E+00
  0.3428E-03  0.6216E-03  0.7052E-04  0.3758E-03  0.1526E-07  0.0000E+00
  0.1441E+00  0.3742E-02  0.7078E-05  0.8647E-04  0.0000E+00  0.0000E+00
 Relative number of events:
  0.6150E-01  0.5800E-01  0.4713E-01  0.4863E-01  0.2500E-03  0.2500E-03
  0.6187E-01  0.5700E-01  0.4763E-01  0.4675E-01  0.2500E-03  0.3750E-03
  0.5950E-01  0.5975E-01  0.4850E-01  0.4500E-01  0.1250E-03  0.1250E-03
  0.5738E-01  0.6112E-01  0.4637E-01  0.4700E-01  0.5000E-03  0.7500E-03
  0.1500E-01  0.1225E-01  0.3750E-02  0.4375E-02  0.0000E+00  0.0000E+00
  0.1375E-01  0.1450E-01  0.4875E-02  0.4500E-02  0.0000E+00  0.0000E+00
  0.1213E-01  0.1713E-01  0.3375E-02  0.3500E-02  0.1250E-03  0.0000E+00
  0.1375E-01  0.1362E-01  0.4000E-02  0.3625E-02  0.0000E+00  0.0000E+00
 Events:
         492         464         377         389           2           2
         495         456         381         374           2           3
         476         478         388         360           1           1
         459         489         371         376           4           6
         120          98          30          35           0           0
         110         116          39          36           0           0
          97         137          27          28           1           0
         110         109          32          29           0           0
 Accuracy:    0.289   0.100   0.242   1.420
 Found           95  events.
 Wrote            1  events.
 Actual xsec    1.6002815633312107E-013
 Correct abs xsec    1.6002815633312107E-013
 Event xsec    1.6002815633312107E-013
 Events wgts > 1:            1
 % Cross section > 1:    2.1349562861507266E-020   1.3341129055480183E-005
 Iteration  5   Mean: 0.2238E-11 Abs mean: 0.2238E-11   Fluctuation:  0.130E-11   0.205E-07    70.5%
  5    0.2238E-11 0.2238E-11 +- 0.1299E-11     73.42
 Relative summed weights:
  0.2672E-01  0.1133E-01  0.5912E-02  0.2666E-01  0.5662E-09  0.2637E-10
  0.2016E-01  0.6239E-02  0.1339E-02  0.3609E-01  0.1269E-06  0.2344E-05
  0.4442E-02  0.3799E-01  0.1040E-01  0.4590E-01  0.4058E-06  0.7868E-10
  0.2725E-02  0.1728E-01  0.1233E-01  0.4694E-02  0.5491E-11  0.4336E-06
  0.4339E-02  0.5101E-01  0.2312E-04  0.1084E-02  0.0000E+00  0.0000E+00
  0.4598E-01  0.6203E-02  0.5728E+00  0.5889E-02  0.0000E+00  0.0000E+00
  0.4640E-02  0.3267E-01  0.1631E-02  0.6184E-03  0.0000E+00  0.0000E+00
  0.5893E-03  0.1857E-02  0.2024E-04  0.3930E-03  0.0000E+00  0.0000E+00
 Relative number of events:
  0.5813E-01  0.5625E-01  0.4700E-01  0.4425E-01  0.5000E-03  0.1875E-03
  0.5975E-01  0.6094E-01  0.4381E-01  0.4662E-01  0.4375E-03  0.3750E-03
  0.5987E-01  0.6044E-01  0.4587E-01  0.4713E-01  0.3125E-03  0.3125E-03
  0.5937E-01  0.6231E-01  0.4625E-01  0.4394E-01  0.1875E-03  0.2500E-03
  0.1556E-01  0.1663E-01  0.3187E-02  0.4125E-02  0.0000E+00  0.0000E+00
  0.1644E-01  0.1537E-01  0.2938E-02  0.3938E-02  0.0000E+00  0.0000E+00
  0.1569E-01  0.1775E-01  0.4625E-02  0.3000E-02  0.0000E+00  0.0000E+00
  0.1506E-01  0.1463E-01  0.3687E-02  0.2875E-02  0.0000E+00  0.0000E+00
 Events:
         930         900         752         708           8           3
         956         975         701         746           7           6
         958         967         734         754           5           5
         950         997         740         703           3           4
         249         266          51          66           0           0
         263         246          47          63           0           0
         251         284          74          48           0           0
         241         234          59          46           0           0
 Accuracy:    0.850   0.100   0.224  14.418
 Found          443  events.
 Wrote            2  events.
 Actual xsec    5.8228722441408213E-013
 Correct abs xsec    5.8228722441408213E-013
 Event xsec    5.8228722441408213E-013
 Events wgts > 1:            1
 % Cross section > 1:    3.3229380316954907E-020   5.7066991896295643E-006

 -------------------------------------------------------------------------------
 Accumulated results:   Integral =  0.4427E-12
                        Std dev  =  0.9906E-13
                       Cross sec =  0.4427E-12
             Chi**2 per DoF.     =     14.4179
 -------------------------------------------------------------------------------
-------------------------------------------------
---------------------------
 Results Last   3 iters: Integral =   0.5823E-12
                     Abs integral =   0.5823E-12
                          Std dev =   0.1539E-12
                  Chi**2 per DoF. =     49.5847
-------------------------------------------------
---------------------------
 Status  0.10000000000000001                6           5

ls status:
events.lhe
ftn26
input_app.txt
results.dat
run1_app.log
