 Process in group number            1
 A PDF is used, so alpha_s(MZ) is going to be modified
 Old value of alpha_s from param_card:   0.11839999999999999     
  ****************************************
 
       NNPDFDriver version 1.0.3
   Grid: NNPDF23_lo_as_0130_qed_mem0.grid
  ****************************************
 New value of alpha_s from PDF nn23lo1:  0.13000000000000000     
 Define smin to   1600.0000000000000     
 Define smin to   1600.0000000000000     
 Define smin to   1600.0000000000000     
 *****************************************************
 *               MadGraph/MadEvent                   *
 *        --------------------------------           *
 *          http://madgraph.hep.uiuc.edu             *
 *          http://madgraph.phys.ucl.ac.be           *
 *          http://madgraph.roma2.infn.it            *
 *        --------------------------------           *
 *                                                   *
 *          PARAMETER AND COUPLING VALUES            *
 *                                                   *
 *****************************************************

  External Params
  ---------------------------------
  
 mdl_VeN1 =    1.0000000000000000     
 mdl_VeN2 =    0.0000000000000000     
 mdl_VeN3 =    0.0000000000000000     
 mdl_VmuN1 =    0.0000000000000000     
 mdl_VmuN2 =    1.0000000000000000     
 mdl_VmuN3 =    0.0000000000000000     
 mdl_VtaN1 =    0.0000000000000000     
 mdl_VtaN2 =    0.0000000000000000     
 mdl_VtaN3 =    1.0000000000000000     
 mdl_VN1N1 =    1.0000000000000000     
 mdl_VN1N2 =    1.0000000000000000     
 mdl_VN1N3 =    1.0000000000000000     
 mdl_VN2N2 =    1.0000000000000000     
 mdl_VN2N3 =    1.0000000000000000     
 mdl_VN3N3 =    1.0000000000000000     
 aEWM1 =    127.90000000000001     
 mdl_Gf =    1.1663700000000000E-005
 aS =   0.11839999999999999     
 mdl_ymt =    172.00000000000000     
 mdl_vevf =    50.000000000000000     
 mdl_MZ =    91.187600000000003     
 mdl_MT =    172.00000000000000     
 mdl_MH =    125.00000000000000     
 mdl_mN1 =    2000.0000000000000     
 mdl_mN2 =    2100.0000000000000     
 mdl_mN3 =    2200.0000000000000     
 mdl_MJ =    91.187600000000003     
 mdl_MAx =    173.04800000000000     
 mdl_WZ =    2.4952000000000001     
 mdl_WW =    2.0850000000000000     
 mdl_WT =    1.5083359999999999     
 mdl_WH =    4.0699999999999998E-003
 mdl_WN1 =   0.30299999999999999     
 mdl_WN2 =    1.5000000000000000     
 mdl_WN3 =    12.300000000000001     
 mdl_WJ =    2.4952000000000001     
 mdl_WAx =    4.1700000000000001E-003
  Internal Params
  ---------------------------------
  
 mdl_vevf__exp__2 =    2500.0000000000000     
 mdl_sqrt__vevf__exp__2 =    50.000000000000000     
 mdl_muJ =    50.000000000000000     
 mdl_MZ__exp__2 =    8315.1783937600012     
 mdl_MZ__exp__4 =    69142191.720053151     
 mdl_sqrt__2 =    1.4142135623730951     
 mdl_MJ__exp__2 =    8315.1783937600012     
 mdl_muJ__exp__2 =    2500.0000000000000     
 mdl_lamJ =    4.3260713575040004     
 mdl_MH__exp__2 =    15625.000000000000     
 mdl_complexi =  (  0.0000000000000000     ,  1.0000000000000000     )
 mdl_aEW =    7.8186082877247844E-003
 mdl_MW =    79.824359746197842     
 mdl_sqrt__aEW =    8.8422894590285753E-002
 mdl_ee =   0.31345100004952897     
 mdl_MW__exp__2 =    6371.9284088904105     
 mdl_sw2 =   0.23369913342182447     
 mdl_cw =   0.87538612427783857     
 mdl_sqrt__sw2 =   0.48342438232036300     
 mdl_sw =   0.48342438232036300     
 mdl_g1 =   0.35807170271074895     
 mdl_gN =   0.64839716719502682     
 mdl_gw =   0.64839716719502682     
 mdl_vev =    246.22056907348590     
 mdl_vev__exp__2 =    60624.568634871241     
 mdl_lam =   0.12886689630821144     
 mdl_yt =   0.98791394091683138     
 mdl_muH =    88.388347648318444     
 mdl_I2a33 =  ( 0.98791394091683138     ,  0.0000000000000000     )
 mdl_I3a33 =  ( 0.98791394091683138     ,  0.0000000000000000     )
 mdl_ee__exp__2 =    9.8251529432049817E-002
 mdl_sw__exp__2 =   0.23369913342182450     
 mdl_cw__exp__2 =   0.76630086657817542     
  Internal Params evaluated point by point
  ----------------------------------------
  
 mdl_sqrt__aS =   0.34409301068170506     
 mdl_G__exp__2 =    1.4878582807401259     
  Couplings of SM_HeavyN_UFO
  ---------------------------------
  
         GC_1 =  -0.00000E+00  -0.10448E+00
         GC_2 =   0.00000E+00   0.20897E+00
         GC_3 =  -0.00000E+00  -0.31345E+00
         GC_4 =   0.00000E+00   0.31345E+00
        GC_26 =   0.00000E+00   0.45849E+00
        GC_27 =  -0.00000E+00  -0.28380E+00
        GC_28 =   0.00000E+00   0.28380E+00
        GC_30 =   0.00000E+00   0.56760E+00
        GC_35 =  -0.00000E+00  -0.28850E-01
        GC_37 =   0.00000E+00   0.17310E+00
        GC_39 =   0.00000E+00  -0.19725E+00
        GC_40 =   0.00000E+00   0.37035E+00
        GC_80 =   0.00000E+00   0.67543E+02
       GC_107 =  -0.00000E+00  -0.74070E+00
       GC_109 =  -0.00000E+00  -0.74070E+00
       GC_111 =  -0.00000E+00  -0.74070E+00
       GC_113 =  -0.00000E+00  -0.74070E+00
       GC_115 =  -0.00000E+00  -0.74070E+00
       GC_117 =  -0.00000E+00  -0.74070E+00
       GC_119 =   0.00000E+00   0.00000E+00
       GC_120 =   0.00000E+00   0.00000E+00
       GC_122 =  -0.00000E+00  -0.00000E+00
       GC_126 =   0.00000E+00   0.00000E+00
       GC_127 =   0.00000E+00   0.00000E+00
       GC_129 =  -0.00000E+00  -0.00000E+00
       GC_133 =   0.00000E+00   0.45849E+00
       GC_134 =   0.00000E+00   0.37035E+00
       GC_136 =  -0.00000E+00  -0.89351E+01
        GC_81 =   0.40000E+02   0.00000E+00
        GC_82 =   0.42000E+02   0.00000E+00
        GC_83 =   0.44000E+02   0.00000E+00

 Collider parameters:
 --------------------

 Running at P P   machine @    13000.000000000000       GeV
 PDF set = nn23lo1
 alpha_s(Mz)= 0.1300 running at 2 loops.
 alpha_s(Mz)= 0.1300 running at 2 loops.
 Renormalization scale set on event-by-event basis
 Factorization   scale set on event-by-event basis


 getting user params
Enter number of events and max and min iterations: 
 Number of events and iterations         1000           5           3
Enter desired fractional accuracy: 
 Desired fractional accuracy:   0.10000000000000001     
Enter 0 for fixed, 2 for adjustable grid: 
Suppress amplitude (0 no, 1 yes)? 
 Using suppressed amplitude.
Exact helicity sum (0 yes, n = number/event)? 
 Explicitly summing over helicities
Enter Configuration Number: 
Running Configuration Number:  330
 Using dconfig=          76
 BW Setting            1           1           2           2           0           0           0
 Attempting mappinvarients           1           9
 Completed mapping           9
 about to integrate           19        1000           5           3          19           1
 Using non-zero grid deformation.
 19 dimensions   1000 events 19 invarients  5 iterations  1 config(s),  (0.99)
 Using h-tuple random number sequence.
 Error opening grid
 Using Uniform Grid!          36
 Using uniform alpha   1.0000000000000000     
 Grid defined OK
 Set CM energy to      13000.00
 Mapping Graph         330  to config         330
Setting grid   1    0.75740E-07   1
Setting grid   2    0.75740E-07   1
 Setting BW          -3           1   79.824359746197842     
 Setting BW          -4           2   2200.0000000000000     
Setting grid   5    0.29417E-01   1
Setting grid   6    0.29417E-01   1
 Transforming s_hat 1/s           18   2.9417199962093264E-002   1600.0000000000000        168999999.99999997     
 330   1   2   3   4   5   6   7   8   9  10  11  12  13  14
  15  16  17  18  19
 Masses: 0.000E+00 0.000E+00 0.000E+00 0.000E+00 0.000E+00 0.000E+00 0.000E+00 0.000E+00 0.912E+02
Using random seed offsets   330 :      1
  with seed                   24
 Ranmar initialization seeds          60        9398
 
 ********************************************
 * You are using the DiscreteSampler module *
 *      part of the MG5_aMC framework       *
 *         Author: Valentin Hirschi         *
 ********************************************
 
  Particle       3       4       5       6       7       8       9
      Et >    10.0    10.0    10.0    10.0     0.0     0.0     0.0
       E >     0.0     0.0     0.0     0.0     0.0     0.0     0.0
     Eta <     2.5     2.5     2.5     2.5    -1.0    -1.0    -1.0
   xqcut:      0.0     0.0     0.0     0.0     0.0     0.0     0.0
d R # 3  >    -0.0     0.4     0.4     0.4     0.0     0.0     0.0
d R # 4  >    -0.0    -0.0     0.4     0.4     0.0     0.0     0.0
d R # 5  >    -0.0    -0.0    -0.0     0.4     0.0     0.0     0.0
d R # 6  >    -0.0    -0.0    -0.0    -0.0     0.0     0.0     0.0
d R # 7  >    -0.0    -0.0    -0.0    -0.0    -0.0     0.0     0.0
d R # 8  >    -0.0    -0.0    -0.0    -0.0    -0.0    -0.0     0.0
s min # 3>     0.0     0.0     0.0     0.0     0.0     0.0     0.0
s min # 4>     0.0     0.0     0.0     0.0     0.0     0.0     0.0
s min # 5>     0.0     0.0     0.0     0.0     0.0     0.0     0.0
s min # 6>     0.0     0.0     0.0     0.0     0.0     0.0     0.0
s min # 7>     0.0     0.0     0.0     0.0     0.0     0.0     0.0
s min # 8>     0.0     0.0     0.0     0.0     0.0     0.0     0.0
xqcutij # 3>     0.0     0.0     0.0     0.0     0.0     0.0     0.0
xqcutij # 4>     0.0     0.0     0.0     0.0     0.0     0.0     0.0
xqcutij # 5>     0.0     0.0     0.0     0.0     0.0     0.0     0.0
xqcutij # 6>     0.0     0.0     0.0     0.0     0.0     0.0     0.0
xqcutij # 7>     0.0     0.0     0.0     0.0     0.0     0.0     0.0
xqcutij # 8>     0.0     0.0     0.0     0.0     0.0     0.0     0.0
 Requiring BW           -3           1
 Requiring BW           -4           2
 Excluding BW           -5           3
 Excluding BW           -6           4
 alpha_s for scale    2307.4309167365409       is    8.4749968244030388E-002
 Added good helicity            1  0.88288910369324358       in event            1 local:           1
 Added good helicity           37   2.2644347584858057E-002  in event            1 local:           1
 Added good helicity           41   1.7052567131058915E-002  in event            1 local:           1
 Added good helicity          193   254.05366452120526       in event            1 local:           1
 Added good helicity          213   2.0400557094524016E-008  in event            1 local:           1
 Added good helicity          217   6.1749077916859598E-008  in event            1 local:           1
 Added good helicity          229  0.76399708695627067       in event            1 local:           1
 Added good helicity          233  0.25975229036053205       in event            1 local:           1
 Added good helicity            1  0.88288910369327878       in event            1 local:           1
 Added good helicity           37   2.2644347584857862E-002  in event            1 local:           1
 Added good helicity           41   1.7052567131058603E-002  in event            1 local:           1
 Added good helicity          193   254.05366452120521       in event            1 local:           1
 Added good helicity          213   2.0400557094523169E-008  in event            1 local:           1
 Added good helicity          217   6.1749077916861080E-008  in event            1 local:           1
 Added good helicity          229  0.76399708695627844       in event            1 local:           1
 Added good helicity          233  0.25975229036053993       in event            1 local:           1
 Added good helicity           21   1.3711596160618872E-008  in event            4 local:           2
 Added good helicity           25   3.4389797743099977E-002  in event            4 local:           2
 Added good helicity           21   1.3711596160618283E-008  in event            4 local:           2
 Added good helicity           25   3.4389797743096188E-002  in event            4 local:           2
 Added good helicity           61   1.2979590575273455E-007  in event           25 local:           9
 Added good helicity          253   8.8253286011739877E-007  in event           25 local:           9
 RESET CUMULATIVE VARIABLE
 RESET CUMULATIVE VARIABLE
 RESET CUMULATIVE VARIABLE
 Iteration  1   Mean: 0.8333E-09 Abs mean: 0.8333E-09   Fluctuation:  0.256E-09   0.173E-06    19.5%
  1    0.8333E-09 0.8333E-09 +- 0.2558E-09      9.71
 Writing out events   8.5299047580377475E-013   9.7085020000484512     
 Relative summed weights:
  0.7254E-04  0.1894E-03  0.2060E-09  0.0000E+00  0.0000E+00  0.0000E+00
  0.5966E-01  0.2322E-02  0.4237E-02  0.1518E-01  0.0000E+00  0.0000E+00
  0.3830E-04  0.8514E-05  0.2951E-04  0.1380E-01  0.0000E+00  0.0000E+00
  0.2484E-01  0.2550E+00  0.2207E-01  0.2170E-01  0.0000E+00  0.2396E-03
  0.2862E-01  0.1682E-01  0.1203E-02  0.6051E-05  0.0000E+00  0.0000E+00
  0.1754E-06  0.1375E-05  0.3835E-04  0.0000E+00  0.0000E+00  0.0000E+00
  0.2353E-01  0.7745E-02  0.4265E-01  0.2941E-01  0.0000E+00  0.0000E+00
  0.1071E+00  0.1687E+00  0.5740E-01  0.9743E-01  0.0000E+00  0.0000E+00
 Relative number of events:
  0.3964E-02  0.2973E-02  0.9911E-03  0.0000E+00  0.0000E+00  0.0000E+00
  0.5451E-01  0.5649E-01  0.5253E-01  0.5748E-01  0.0000E+00  0.0000E+00
  0.2973E-02  0.3964E-02  0.2973E-02  0.1982E-02  0.0000E+00  0.0000E+00
  0.5352E-01  0.6244E-01  0.5649E-01  0.6244E-01  0.0000E+00  0.1982E-02
  0.5946E-02  0.2973E-02  0.2973E-02  0.3964E-02  0.0000E+00  0.0000E+00
  0.1982E-02  0.1982E-02  0.9911E-03  0.0000E+00  0.0000E+00  0.0000E+00
  0.4856E-01  0.6838E-01  0.6145E-01  0.6640E-01  0.0000E+00  0.0000E+00
  0.5550E-01  0.8127E-01  0.5253E-01  0.6739E-01  0.0000E+00  0.0000E+00
 Events:
           4           3           1           0           0           0
          55          57          53          58           0           0
           3           4           3           2           0           0
          54          63          57          63           0           2
           6           3           3           4           0           0
           2           2           1           0           0           0
          49          69          62          67           0           0
          56          82          53          68           0           0
 Iteration  2   Mean: 0.5988E-09 Abs mean: 0.5988E-09   Fluctuation:  0.119E-09   0.107E-06    30.2%
  2    0.5988E-09 0.5988E-09 +- 0.1192E-09      8.90
 Relative summed weights:
  0.1509E-02  0.1564E-02  0.1134E-05  0.6907E-09  0.0000E+00  0.0000E+00
  0.1491E-01  0.7669E-01  0.3165E-02  0.2093E-01  0.8859E-11  0.0000E+00
  0.2499E-01  0.2798E-03  0.8758E-01  0.5139E-01  0.0000E+00  0.0000E+00
  0.4737E-01  0.1215E+00  0.1610E-01  0.5743E-02  0.5406E-03  0.9504E-03
  0.1218E+00  0.2214E-03  0.2056E-02  0.8188E-01  0.0000E+00  0.0000E+00
  0.2029E-01  0.2283E-01  0.0000E+00  0.2771E-05  0.0000E+00  0.0000E+00
  0.2051E-01  0.3888E-01  0.1100E-01  0.4924E-02  0.9762E-09  0.0000E+00
  0.8146E-01  0.3571E-01  0.2383E-01  0.5937E-01  0.1148E-06  0.0000E+00
 Relative number of events:
  0.4000E-02  0.4000E-02  0.1000E-02  0.5000E-03  0.0000E+00  0.0000E+00
  0.7050E-01  0.6350E-01  0.5300E-01  0.5400E-01  0.5000E-03  0.0000E+00
  0.4000E-02  0.6000E-02  0.1500E-02  0.2500E-02  0.0000E+00  0.0000E+00
  0.5900E-01  0.5250E-01  0.6000E-01  0.5100E-01  0.5000E-03  0.1000E-02
  0.8500E-02  0.2000E-02  0.5000E-03  0.2500E-02  0.0000E+00  0.0000E+00
  0.7000E-02  0.6500E-02  0.0000E+00  0.1500E-02  0.0000E+00  0.0000E+00
  0.6350E-01  0.6550E-01  0.5100E-01  0.5250E-01  0.5000E-03  0.0000E+00
  0.7300E-01  0.5600E-01  0.5650E-01  0.6350E-01  0.5000E-03  0.0000E+00
 Events:
           8           8           2           1           0           0
         141         127         106         108           1           0
           8          12           3           5           0           0
         118         105         120         102           1           2
          17           4           1           5           0           0
          14          13           0           3           0           0
         127         131         102         105           1           0
         146         112         113         127           1           0
 Iteration  3   Mean: 0.4861E-09 Abs mean: 0.4861E-09   Fluctuation:  0.574E-10   0.101E-06    28.6%
  3    0.4861E-09 0.4861E-09 +- 0.5741E-10      7.47
 Relative summed weights:
  0.5108E-01  0.5590E-02  0.1473E-02  0.5613E-02  0.0000E+00  0.0000E+00
  0.5670E-01  0.7904E-01  0.4748E-01  0.2805E-01  0.1681E-06  0.0000E+00
  0.2810E-01  0.8538E-02  0.1177E-01  0.2203E-06  0.0000E+00  0.0000E+00
  0.6283E-01  0.1151E+00  0.4353E-01  0.2067E-01  0.7147E-05  0.4803E-03
  0.1928E-01  0.1203E-01  0.7366E-04  0.1789E-02  0.0000E+00  0.0000E+00
  0.1022E-01  0.1499E-01  0.1520E-01  0.7193E-04  0.0000E+00  0.0000E+00
  0.5444E-01  0.1164E+00  0.2650E-01  0.2844E-01  0.0000E+00  0.0000E+00
  0.2358E-01  0.3235E-01  0.5501E-01  0.2358E-01  0.0000E+00  0.2208E-07
 Relative number of events:
  0.4000E-02  0.3750E-02  0.1000E-02  0.1000E-02  0.0000E+00  0.0000E+00
  0.6750E-01  0.5625E-01  0.5750E-01  0.5275E-01  0.2500E-03  0.0000E+00
  0.6500E-02  0.4750E-02  0.7500E-03  0.5000E-03  0.0000E+00  0.0000E+00
  0.6525E-01  0.6275E-01  0.5450E-01  0.5200E-01  0.2500E-03  0.7500E-03
  0.3500E-02  0.5000E-02  0.1000E-02  0.1500E-02  0.0000E+00  0.0000E+00
  0.4250E-02  0.3250E-02  0.2000E-02  0.5000E-03  0.0000E+00  0.0000E+00
  0.6300E-01  0.6525E-01  0.5700E-01  0.5375E-01  0.0000E+00  0.0000E+00
  0.5975E-01  0.6900E-01  0.6100E-01  0.5750E-01  0.0000E+00  0.7500E-03
 Events:
          16          15           4           4           0           0
         270         225         230         211           1           0
          26          19           3           2           0           0
         261         251         218         208           1           3
          14          20           4           6           0           0
          17          13           8           2           0           0
         252         261         228         215           0           0
         239         276         244         230           0           3
 Accuracy:    0.137   0.100   0.096   2.013
 Found          360  events.
 Wrote           21  events.
 Actual xsec    5.4680822081019945E-010
 Correct abs xsec    5.4680822081019945E-010
 Event xsec    5.4680822081019945E-010
 Events wgts > 1:            1
 % Cross section > 1:    7.3937749725614638E-019   1.3521696805520209E-007
 Iteration  4   Mean: 0.8512E-09 Abs mean: 0.8512E-09   Fluctuation:  0.116E-09   0.630E-06    26.9%
  4    0.8512E-09 0.8512E-09 +- 0.1156E-09     12.15
 Relative summed weights:
  0.1321E-01  0.2161E-01  0.9537E-01  0.9419E-02  0.0000E+00  0.0000E+00
  0.2099E-01  0.5184E-01  0.2413E-01  0.4189E-01  0.9270E-04  0.3675E-03
  0.1091E+00  0.4837E-01  0.5962E-01  0.6597E-02  0.0000E+00  0.0000E+00
  0.4010E-01  0.2589E-01  0.1735E-01  0.2422E-01  0.3890E-04  0.5382E-03
  0.3465E-02  0.2345E-01  0.2567E-02  0.6739E-02  0.0000E+00  0.0000E+00
  0.6243E-02  0.2667E-01  0.6489E-02  0.1295E-01  0.0000E+00  0.0000E+00
  0.2786E-01  0.4767E-01  0.2989E-01  0.2524E-01  0.3392E-04  0.2693E-04
  0.3846E-01  0.3779E-01  0.2062E-01  0.6709E-01  0.6045E-02  0.0000E+00
 Relative number of events:
  0.4125E-02  0.4125E-02  0.1875E-02  0.7500E-03  0.0000E+00  0.0000E+00
  0.6300E-01  0.6250E-01  0.5650E-01  0.5688E-01  0.5000E-03  0.6250E-03
  0.4625E-02  0.4625E-02  0.1500E-02  0.1750E-02  0.0000E+00  0.0000E+00
  0.6800E-01  0.6338E-01  0.5362E-01  0.5663E-01  0.7500E-03  0.6250E-03
  0.4125E-02  0.4625E-02  0.1500E-02  0.1250E-02  0.0000E+00  0.0000E+00
  0.2750E-02  0.3625E-02  0.1000E-02  0.1250E-02  0.0000E+00  0.0000E+00
  0.6025E-01  0.6538E-01  0.5362E-01  0.5650E-01  0.3750E-03  0.2500E-03
  0.6588E-01  0.6300E-01  0.5100E-01  0.5663E-01  0.6250E-03  0.0000E+00
 Events:
          33          33          15           6           0           0
         504         500         452         455           4           5
          37          37          12          14           0           0
         544         507         429         453           6           5
          33          37          12          10           0           0
          22          29           8          10           0           0
         482         523         429         452           3           2
         527         504         408         453           5           0
 Accuracy:    0.149   0.100   0.079   3.597
 Found         1030  events.
 Wrote            6  events.
 Actual xsec    6.3583160140680350E-010
 Correct abs xsec    6.3583160140680350E-010
 Event xsec    6.3583160140680350E-010
 Events wgts > 1:            1
 % Cross section > 1:    8.3748079607997839E-018   1.3171424544282130E-006
 Iteration  5   Mean: 0.9111E-09 Abs mean: 0.9111E-09   Fluctuation:  0.818E-10   0.575E-06    24.4%
  5    0.9111E-09 0.9111E-09 +- 0.8181E-10     11.36
 Relative summed weights:
  0.2711E-01  0.2577E-01  0.2153E-02  0.5889E-01  0.0000E+00  0.3055E-03
  0.3538E-01  0.5837E-01  0.3939E-01  0.4034E-01  0.3072E-05  0.5060E-05
  0.2765E-01  0.1268E-01  0.4327E-02  0.7928E-03  0.0000E+00  0.9757E-06
  0.2650E-01  0.3788E-01  0.3397E-01  0.3176E-01  0.1496E-03  0.4154E-05
  0.6199E-01  0.1191E-01  0.2850E-02  0.4062E-01  0.0000E+00  0.0000E+00
  0.4160E-01  0.1256E-01  0.4119E-02  0.3047E-01  0.0000E+00  0.0000E+00
  0.4376E-01  0.2839E-01  0.6564E-01  0.2896E-01  0.1428E-04  0.3086E-04
  0.4522E-01  0.7382E-01  0.1938E-01  0.2509E-01  0.5560E-04  0.8502E-04
 Relative number of events:
  0.4250E-02  0.3500E-02  0.1437E-02  0.1187E-02  0.0000E+00  0.6250E-04
  0.6706E-01  0.6131E-01  0.5362E-01  0.5656E-01  0.3125E-03  0.6250E-04
  0.3312E-02  0.5437E-02  0.1125E-02  0.1063E-02  0.0000E+00  0.6250E-04
  0.6619E-01  0.6794E-01  0.5481E-01  0.5412E-01  0.4375E-03  0.1875E-03
  0.4437E-02  0.3063E-02  0.7500E-03  0.1500E-02  0.0000E+00  0.0000E+00
  0.4250E-02  0.4500E-02  0.8125E-03  0.9375E-03  0.0000E+00  0.0000E+00
  0.6300E-01  0.6694E-01  0.5563E-01  0.5450E-01  0.2500E-03  0.1875E-03
  0.6438E-01  0.6581E-01  0.5144E-01  0.5306E-01  0.3750E-03  0.1250E-03
 Events:
          68          56          23          19           0           1
        1073         981         858         905           5           1
          53          87          18          17           0           1
        1059        1087         877         866           7           3
          71          49          12          24           0           0
          68          72          13          15           0           0
        1008        1071         890         872           4           3
        1030        1053         823         849           6           2
 Accuracy:    0.119   0.100   0.059   4.029
 Found         1854  events.
 Wrote           25  events.
 Actual xsec    7.7620720433078877E-010
 Correct abs xsec    7.7620720433078877E-010
 Event xsec    7.7620720433078908E-010
 Events wgts > 1:            3
 % Cross section > 1:    3.1405238240124524E-012  0.40459864408499924     

 -------------------------------------------------------------------------------
 Accumulated results:   Integral =  0.7627E-09
                        Std dev  =  0.4512E-10
                       Cross sec =  0.7627E-09
             Chi**2 per DoF.     =      4.0292
 -------------------------------------------------------------------------------
-------------------------------------------------
---------------------------
 Results Last   3 iters: Integral =   0.7762E-09
                     Abs integral =   0.7762E-09
                          Std dev =   0.4910E-10
                  Chi**2 per DoF. =     14.3402
-------------------------------------------------
---------------------------
 Status  0.10000000000000001                6           5

ls status:
events.lhe
ftn26
input_app.txt
results.dat
run1_app.log
