 Process in group number            1
 A PDF is used, so alpha_s(MZ) is going to be modified
 Old value of alpha_s from param_card:   0.11839999999999999     
  ****************************************
 
       NNPDFDriver version 1.0.3
   Grid: NNPDF23_lo_as_0130_qed_mem0.grid
  ****************************************
 New value of alpha_s from PDF nn23lo1:  0.13000000000000000     
 Define smin to   1600.0000000000000     
 Define smin to   1600.0000000000000     
 Define smin to   1600.0000000000000     
 *****************************************************
 *               MadGraph/MadEvent                   *
 *        --------------------------------           *
 *          http://madgraph.hep.uiuc.edu             *
 *          http://madgraph.phys.ucl.ac.be           *
 *          http://madgraph.roma2.infn.it            *
 *        --------------------------------           *
 *                                                   *
 *          PARAMETER AND COUPLING VALUES            *
 *                                                   *
 *****************************************************

  External Params
  ---------------------------------
  
 mdl_VeN1 =    1.0000000000000000     
 mdl_VeN2 =    0.0000000000000000     
 mdl_VeN3 =    0.0000000000000000     
 mdl_VmuN1 =    0.0000000000000000     
 mdl_VmuN2 =    1.0000000000000000     
 mdl_VmuN3 =    0.0000000000000000     
 mdl_VtaN1 =    0.0000000000000000     
 mdl_VtaN2 =    0.0000000000000000     
 mdl_VtaN3 =    1.0000000000000000     
 mdl_VN1N1 =    1.0000000000000000     
 mdl_VN1N2 =    1.0000000000000000     
 mdl_VN1N3 =    1.0000000000000000     
 mdl_VN2N2 =    1.0000000000000000     
 mdl_VN2N3 =    1.0000000000000000     
 mdl_VN3N3 =    1.0000000000000000     
 aEWM1 =    127.90000000000001     
 mdl_Gf =    1.1663700000000000E-005
 aS =   0.11839999999999999     
 mdl_ymt =    172.00000000000000     
 mdl_vevf =    50.000000000000000     
 mdl_MZ =    91.187600000000003     
 mdl_MT =    172.00000000000000     
 mdl_MH =    125.00000000000000     
 mdl_mN1 =    510.00000000000000     
 mdl_mN2 =    610.00000000000000     
 mdl_mN3 =    710.00000000000000     
 mdl_MJ =    91.187600000000003     
 mdl_MAx =    173.04800000000000     
 mdl_WZ =    2.4952000000000001     
 mdl_WW =    2.0850000000000000     
 mdl_WT =    1.5083359999999999     
 mdl_WH =    4.0699999999999998E-003
 mdl_WN1 =   0.30299999999999999     
 mdl_WN2 =    1.5000000000000000     
 mdl_WN3 =    12.300000000000001     
 mdl_WJ =    2.4952000000000001     
 mdl_WAx =    4.1700000000000001E-003
  Internal Params
  ---------------------------------
  
 mdl_vevf__exp__2 =    2500.0000000000000     
 mdl_sqrt__vevf__exp__2 =    50.000000000000000     
 mdl_muJ =    50.000000000000000     
 mdl_MZ__exp__2 =    8315.1783937600012     
 mdl_MZ__exp__4 =    69142191.720053151     
 mdl_sqrt__2 =    1.4142135623730951     
 mdl_MJ__exp__2 =    8315.1783937600012     
 mdl_muJ__exp__2 =    2500.0000000000000     
 mdl_lamJ =    4.3260713575040004     
 mdl_MH__exp__2 =    15625.000000000000     
 mdl_complexi =  (  0.0000000000000000     ,  1.0000000000000000     )
 mdl_aEW =    7.8186082877247844E-003
 mdl_MW =    79.824359746197842     
 mdl_sqrt__aEW =    8.8422894590285753E-002
 mdl_ee =   0.31345100004952897     
 mdl_MW__exp__2 =    6371.9284088904105     
 mdl_sw2 =   0.23369913342182447     
 mdl_cw =   0.87538612427783857     
 mdl_sqrt__sw2 =   0.48342438232036300     
 mdl_sw =   0.48342438232036300     
 mdl_g1 =   0.35807170271074895     
 mdl_gN =   0.64839716719502682     
 mdl_gw =   0.64839716719502682     
 mdl_vev =    246.22056907348590     
 mdl_vev__exp__2 =    60624.568634871241     
 mdl_lam =   0.12886689630821144     
 mdl_yt =   0.98791394091683138     
 mdl_muH =    88.388347648318444     
 mdl_I2a33 =  ( 0.98791394091683138     ,  0.0000000000000000     )
 mdl_I3a33 =  ( 0.98791394091683138     ,  0.0000000000000000     )
 mdl_ee__exp__2 =    9.8251529432049817E-002
 mdl_sw__exp__2 =   0.23369913342182450     
 mdl_cw__exp__2 =   0.76630086657817542     
  Internal Params evaluated point by point
  ----------------------------------------
  
 mdl_sqrt__aS =   0.34409301068170506     
 mdl_G__exp__2 =    1.4878582807401259     
  Couplings of SM_HeavyN_UFO
  ---------------------------------
  
         GC_1 =  -0.00000E+00  -0.10448E+00
         GC_2 =   0.00000E+00   0.20897E+00
         GC_3 =  -0.00000E+00  -0.31345E+00
         GC_4 =   0.00000E+00   0.31345E+00
        GC_26 =   0.00000E+00   0.45849E+00
        GC_27 =  -0.00000E+00  -0.28380E+00
        GC_28 =   0.00000E+00   0.28380E+00
        GC_30 =   0.00000E+00   0.56760E+00
        GC_35 =  -0.00000E+00  -0.28850E-01
        GC_37 =   0.00000E+00   0.17310E+00
        GC_39 =   0.00000E+00  -0.19725E+00
        GC_40 =   0.00000E+00   0.37035E+00
        GC_80 =   0.00000E+00   0.67543E+02
       GC_107 =  -0.00000E+00  -0.74070E+00
       GC_109 =  -0.00000E+00  -0.74070E+00
       GC_111 =  -0.00000E+00  -0.74070E+00
       GC_113 =  -0.00000E+00  -0.74070E+00
       GC_115 =  -0.00000E+00  -0.74070E+00
       GC_117 =  -0.00000E+00  -0.74070E+00
       GC_119 =   0.00000E+00   0.00000E+00
       GC_120 =   0.00000E+00   0.00000E+00
       GC_122 =  -0.00000E+00  -0.00000E+00
       GC_126 =   0.00000E+00   0.00000E+00
       GC_127 =   0.00000E+00   0.00000E+00
       GC_129 =  -0.00000E+00  -0.00000E+00
       GC_133 =   0.00000E+00   0.45849E+00
       GC_134 =   0.00000E+00   0.37035E+00
       GC_136 =  -0.00000E+00  -0.28836E+01
        GC_81 =   0.10200E+02   0.00000E+00
        GC_82 =   0.12200E+02   0.00000E+00
        GC_83 =   0.14200E+02   0.00000E+00

 Collider parameters:
 --------------------

 Running at P P   machine @    13000.000000000000       GeV
 PDF set = nn23lo1
 alpha_s(Mz)= 0.1300 running at 2 loops.
 alpha_s(Mz)= 0.1300 running at 2 loops.
 Renormalization scale set on event-by-event basis
 Factorization   scale set on event-by-event basis


 getting user params
Enter number of events and max and min iterations: 
 Number of events and iterations         1000           5           3
Enter desired fractional accuracy: 
 Desired fractional accuracy:   0.10000000000000001     
Enter 0 for fixed, 2 for adjustable grid: 
Suppress amplitude (0 no, 1 yes)? 
 Using suppressed amplitude.
Exact helicity sum (0 yes, n = number/event)? 
 Explicitly summing over helicities
Enter Configuration Number: 
Running Configuration Number:   23
 Using dconfig=          76
 BW Setting            1           1           2           2           0           0           0
 Attempting mappinvarients           1           9
 Completed mapping           9
 about to integrate           19        1000           5           3          19           1
 Using non-zero grid deformation.
 19 dimensions   1000 events 19 invarients  5 iterations  1 config(s),  (0.99)
 Using h-tuple random number sequence.
 Error opening grid
 Using Uniform Grid!          36
 Using uniform alpha   1.0000000000000000     
 Grid defined OK
 Set CM energy to      13000.00
 Mapping Graph          23  to config          23
Setting grid   1    0.75740E-07   1
Setting grid   2    0.75740E-07   1
 Setting BW          -3           1   91.187600000000003     
 Setting BW          -4           2   710.00000000000000     
Setting grid   5    0.32375E-02   1
Setting grid   6    0.32375E-02   1
 Transforming s_hat 1/s           18   3.2375014532175150E-003   1600.0000000000000        168999999.99999997     
  23   1   2   3   4   5   6   7   8   9  10  11  12  13  14
  15  16  17  18  19
 Masses: 0.000E+00 0.000E+00 0.000E+00 0.000E+00 0.000E+00 0.000E+00 0.000E+00 0.000E+00 0.912E+02
Using random seed offsets    23 :      1
  with seed                   24
 Ranmar initialization seeds       31081        9398
 
 ********************************************
 * You are using the DiscreteSampler module *
 *      part of the MG5_aMC framework       *
 *         Author: Valentin Hirschi         *
 ********************************************
 
  Particle       3       4       5       6       7       8       9
      Et >    10.0    10.0    10.0    10.0     0.0     0.0     0.0
       E >     0.0     0.0     0.0     0.0     0.0     0.0     0.0
     Eta <     2.5     2.5     2.5     2.5    -1.0    -1.0    -1.0
   xqcut:      0.0     0.0     0.0     0.0     0.0     0.0     0.0
d R # 3  >    -0.0     0.4     0.4     0.4     0.0     0.0     0.0
d R # 4  >    -0.0    -0.0     0.4     0.4     0.0     0.0     0.0
d R # 5  >    -0.0    -0.0    -0.0     0.4     0.0     0.0     0.0
d R # 6  >    -0.0    -0.0    -0.0    -0.0     0.0     0.0     0.0
d R # 7  >    -0.0    -0.0    -0.0    -0.0    -0.0     0.0     0.0
d R # 8  >    -0.0    -0.0    -0.0    -0.0    -0.0    -0.0     0.0
s min # 3>     0.0     0.0     0.0     0.0     0.0     0.0     0.0
s min # 4>     0.0     0.0     0.0     0.0     0.0     0.0     0.0
s min # 5>     0.0     0.0     0.0     0.0     0.0     0.0     0.0
s min # 6>     0.0     0.0     0.0     0.0     0.0     0.0     0.0
s min # 7>     0.0     0.0     0.0     0.0     0.0     0.0     0.0
s min # 8>     0.0     0.0     0.0     0.0     0.0     0.0     0.0
xqcutij # 3>     0.0     0.0     0.0     0.0     0.0     0.0     0.0
xqcutij # 4>     0.0     0.0     0.0     0.0     0.0     0.0     0.0
xqcutij # 5>     0.0     0.0     0.0     0.0     0.0     0.0     0.0
xqcutij # 6>     0.0     0.0     0.0     0.0     0.0     0.0     0.0
xqcutij # 7>     0.0     0.0     0.0     0.0     0.0     0.0     0.0
xqcutij # 8>     0.0     0.0     0.0     0.0     0.0     0.0     0.0
 Requiring BW           -3           1
 Requiring BW           -4           2
 Excluding BW           -5           3
 Excluding BW           -6           4
 alpha_s for scale    943.58217348936967       is    9.3726834699800282E-002
 Added good helicity            1   48.513065254288968       in event            1 local:           1
 Added good helicity           21   33.233825535277937       in event            1 local:           1
 Added good helicity           25   20.681618349249550       in event            1 local:           1
 Added good helicity           37   6.8874365876318153       in event            1 local:           1
 Added good helicity           41   117.35582401664158       in event            1 local:           1
 Added good helicity           61   9.2347224712332334       in event            1 local:           1
 Added good helicity          193   5.4359415437217597       in event            1 local:           1
 Added good helicity          213   3.8668942328244729       in event            1 local:           1
 Added good helicity          217  0.87851305704151550       in event            1 local:           1
 Added good helicity          229  0.81748007177215398       in event            1 local:           1
 Added good helicity          233   8.1919571701365879       in event            1 local:           1
 Added good helicity          253  0.90272171018040648       in event            1 local:           1
 Added good helicity            1   48.513065254288861       in event            1 local:           1
 Added good helicity           21   33.233825535278044       in event            1 local:           1
 Added good helicity           25   20.681618349249408       in event            1 local:           1
 Added good helicity           37   6.8874365876317727       in event            1 local:           1
 Added good helicity           41   117.35582401664169       in event            1 local:           1
 Added good helicity           61   9.2347224712333205       in event            1 local:           1
 Added good helicity          193   5.4359415437217367       in event            1 local:           1
 Added good helicity          213   3.8668942328244782       in event            1 local:           1
 Added good helicity          217  0.87851305704150728       in event            1 local:           1
 Added good helicity          229  0.81748007177214710       in event            1 local:           1
 Added good helicity          233   8.1919571701366163       in event            1 local:           1
 Added good helicity          253  0.90272171018041236       in event            1 local:           1
 RESET CUMULATIVE VARIABLE
 RESET CUMULATIVE VARIABLE
 RESET CUMULATIVE VARIABLE
 Iteration  1   Mean: 0.3577E-10 Abs mean: 0.3577E-10   Fluctuation:  0.224E-10   0.115E-07     0.3%
  1    0.3577E-10 0.3577E-10 +- 0.2240E-10     14.48
 Writing out events   1.4308372872222725E-012   14.481121799763596     
 Relative summed weights:
  0.9329E-03  0.7892E-03  0.1407E-03  0.9686E-01  0.0000E+00  0.0000E+00
  0.1136E-01  0.4914E-03  0.3520E-02  0.1092E-03  0.0000E+00  0.5048E-04
  0.6611E-06  0.1949E-02  0.7203E-05  0.1421E-04  0.0000E+00  0.0000E+00
  0.1030E-01  0.1784E-02  0.8360E-03  0.5985E-03  0.0000E+00  0.0000E+00
  0.3852E-02  0.8186E-03  0.2581E-02  0.8219E-03  0.0000E+00  0.1712E-06
  0.4695E-02  0.1747E-01  0.2544E-03  0.2152E-02  0.0000E+00  0.0000E+00
  0.1942E-03  0.3918E-03  0.2780E-04  0.7681E-04  0.0000E+00  0.0000E+00
  0.6110E+00  0.0000E+00  0.0000E+00  0.1003E-07  0.0000E+00  0.0000E+00
  0.5126E-02  0.4156E-02  0.1059E-02  0.3122E-02  0.2355E-05  0.0000E+00
  0.4853E-03  0.7474E-04  0.1301E+00  0.9544E-03  0.0000E+00  0.0000E+00
  0.0000E+00  0.6740E-03  0.1884E-04  0.3612E-08  0.0000E+00  0.0000E+00
  0.2561E-01  0.9497E-04  0.0000E+00  0.0000E+00  0.0000E+00  0.0000E+00
  0.2514E-02  0.1256E-03  0.6024E-03  0.8874E-03  0.0000E+00  0.5894E-10
  0.1846E-01  0.2172E-01  0.1163E-03  0.7088E-04  0.4396E-02  0.0000E+00
  0.1751E-02  0.2898E-02  0.8704E-10  0.0000E+00  0.0000E+00  0.0000E+00
  0.5599E-03  0.3604E-03  0.5707E-05  0.2842E-07  0.0000E+00  0.0000E+00
 Relative number of events:
  0.3676E-01  0.3309E-01  0.3676E-01  0.4044E-01  0.0000E+00  0.0000E+00
  0.2390E-01  0.1471E-01  0.1654E-01  0.1287E-01  0.0000E+00  0.1838E-02
  0.5515E-02  0.9191E-02  0.7353E-02  0.7353E-02  0.0000E+00  0.0000E+00
  0.5515E-02  0.5515E-02  0.1838E-02  0.5515E-02  0.0000E+00  0.0000E+00
  0.3125E-01  0.1471E-01  0.3493E-01  0.3493E-01  0.0000E+00  0.1838E-02
  0.1103E-01  0.1838E-01  0.1654E-01  0.2941E-01  0.0000E+00  0.0000E+00
  0.1103E-01  0.1654E-01  0.3676E-02  0.1838E-02  0.0000E+00  0.0000E+00
  0.1287E-01  0.0000E+00  0.0000E+00  0.1838E-02  0.0000E+00  0.0000E+00
  0.3493E-01  0.2206E-01  0.5147E-01  0.3493E-01  0.3676E-02  0.0000E+00
  0.1471E-01  0.2022E-01  0.1654E-01  0.2757E-01  0.0000E+00  0.0000E+00
  0.0000E+00  0.1103E-01  0.1838E-02  0.1838E-02  0.0000E+00  0.0000E+00
  0.7353E-02  0.3676E-02  0.0000E+00  0.0000E+00  0.0000E+00  0.0000E+00
  0.2941E-01  0.4228E-01  0.2757E-01  0.3493E-01  0.0000E+00  0.1838E-02
  0.2022E-01  0.1838E-01  0.1654E-01  0.1471E-01  0.1838E-02  0.0000E+00
  0.9191E-02  0.9191E-02  0.1838E-02  0.0000E+00  0.0000E+00  0.0000E+00
  0.5515E-02  0.5515E-02  0.1838E-02  0.1838E-02  0.0000E+00  0.0000E+00
 Events:
          20          18          20          22           0           0
          13           8           9           7           0           1
           3           5           4           4           0           0
           3           3           1           3           0           0
          17           8          19          19           0           1
           6          10           9          16           0           0
           6           9           2           1           0           0
           7           0           0           1           0           0
          19          12          28          19           2           0
           8          11           9          15           0           0
           0           6           1           1           0           0
           4           2           0           0           0           0
          16          23          15          19           0           1
          11          10           9           8           1           0
           5           5           1           0           0           0
           3           3           1           1           0           0
 Iteration  2   Mean: 0.1168E-10 Abs mean: 0.1168E-10   Fluctuation:  0.292E-11   0.408E-08     2.7%
  2    0.1168E-10 0.1168E-10 +- 0.2915E-11     11.16
 Relative summed weights:
  0.1452E-02  0.1771E+00  0.9634E-02  0.3582E-01  0.2101E-04  0.0000E+00
  0.5120E-02  0.4156E-01  0.8430E-02  0.2832E-02  0.0000E+00  0.0000E+00
  0.1931E-02  0.2480E-03  0.2421E-03  0.1195E-04  0.0000E+00  0.0000E+00
  0.1918E-03  0.4061E-01  0.3352E-04  0.9797E-03  0.0000E+00  0.0000E+00
  0.3418E-02  0.1671E-01  0.6606E-01  0.2288E-01  0.4712E-05  0.0000E+00
  0.6551E-03  0.2268E-01  0.2393E-02  0.2395E-01  0.0000E+00  0.8974E-05
  0.2009E-01  0.2768E-02  0.7714E-04  0.8987E-06  0.0000E+00  0.0000E+00
  0.1799E-02  0.4637E-03  0.7390E-01  0.8949E-05  0.0000E+00  0.0000E+00
  0.1674E-01  0.5854E-02  0.3025E-02  0.2254E-02  0.1051E-05  0.2394E-05
  0.1025E-01  0.1104E-02  0.1514E-02  0.2574E-03  0.0000E+00  0.1348E-05
  0.9658E-03  0.1323E-01  0.2446E-02  0.7213E-03  0.0000E+00  0.0000E+00
  0.2897E-01  0.5827E-01  0.2589E-03  0.0000E+00  0.0000E+00  0.0000E+00
  0.8230E-02  0.1752E-01  0.4966E-01  0.2890E-02  0.8934E-06  0.4537E-06
  0.5593E-01  0.6235E-02  0.1751E-02  0.7884E-03  0.1798E-06  0.1339E-03
  0.1076E-02  0.1004E-01  0.2280E-02  0.1126E+00  0.0000E+00  0.0000E+00
  0.1427E-03  0.7141E-03  0.2711E-04  0.1362E-04  0.0000E+00  0.0000E+00
 Relative number of events:
  0.3600E-01  0.3650E-01  0.3650E-01  0.3450E-01  0.1000E-02  0.0000E+00
  0.1550E-01  0.1650E-01  0.2150E-01  0.1900E-01  0.0000E+00  0.0000E+00
  0.7000E-02  0.6000E-02  0.1500E-02  0.1000E-02  0.0000E+00  0.0000E+00
  0.4000E-02  0.5000E-02  0.1000E-02  0.1500E-02  0.0000E+00  0.0000E+00
  0.4000E-01  0.4300E-01  0.3450E-01  0.3200E-01  0.5000E-03  0.0000E+00
  0.2000E-01  0.2600E-01  0.1800E-01  0.1450E-01  0.0000E+00  0.5000E-03
  0.8000E-02  0.6500E-02  0.2500E-02  0.1500E-02  0.0000E+00  0.0000E+00
  0.3500E-02  0.5000E-02  0.3000E-02  0.1000E-02  0.0000E+00  0.0000E+00
  0.4600E-01  0.4100E-01  0.3050E-01  0.2050E-01  0.1000E-02  0.5000E-03
  0.2000E-01  0.1700E-01  0.1600E-01  0.1400E-01  0.0000E+00  0.5000E-03
  0.1150E-01  0.1250E-01  0.3500E-02  0.2000E-02  0.0000E+00  0.0000E+00
  0.7000E-02  0.7000E-02  0.1000E-02  0.0000E+00  0.0000E+00  0.0000E+00
  0.3200E-01  0.3750E-01  0.3150E-01  0.3850E-01  0.5000E-03  0.5000E-03
  0.1850E-01  0.2250E-01  0.1250E-01  0.1150E-01  0.1000E-02  0.2000E-02
  0.8500E-02  0.1300E-01  0.3500E-02  0.2500E-02  0.0000E+00  0.0000E+00
  0.4000E-02  0.3000E-02  0.1000E-02  0.5000E-03  0.0000E+00  0.0000E+00
 Events:
          72          73          73          69           2           0
          31          33          43          38           0           0
          14          12           3           2           0           0
           8          10           2           3           0           0
          80          86          69          64           1           0
          40          52          36          29           0           1
          16          13           5           3           0           0
           7          10           6           2           0           0
          92          82          61          41           2           1
          40          34          32          28           0           1
          23          25           7           4           0           0
          14          14           2           0           0           0
          64          75          63          77           1           1
          37          45          25          23           2           4
          17          26           7           5           0           0
           8           6           2           1           0           0
 Iteration  3   Mean: 0.8228E-11 Abs mean: 0.8228E-11   Fluctuation:  0.154E-11   0.357E-08     2.8%
  3    0.8228E-11 0.8228E-11 +- 0.1535E-11     11.80
 Relative summed weights:
  0.1174E-01  0.5329E-01  0.2532E-01  0.1195E-01  0.9813E-03  0.3836E-06
  0.7078E-02  0.2354E-01  0.8500E-02  0.6546E-02  0.0000E+00  0.1959E-08
  0.6203E-02  0.1389E-01  0.2803E-02  0.1902E-03  0.0000E+00  0.0000E+00
  0.5690E-01  0.1022E-02  0.2259E-03  0.2948E-02  0.0000E+00  0.4726E-05
  0.1044E-01  0.1144E-01  0.1220E-01  0.5180E-02  0.2537E-07  0.4227E-03
  0.1030E-01  0.3359E-01  0.6228E-02  0.9151E-02  0.0000E+00  0.0000E+00
  0.6768E-01  0.2064E-01  0.7618E-03  0.5114E-03  0.0000E+00  0.0000E+00
  0.1898E-01  0.3789E-02  0.9291E-03  0.9771E-02  0.0000E+00  0.0000E+00
  0.1511E-01  0.7434E-02  0.4463E-02  0.2334E-01  0.0000E+00  0.3590E-07
  0.1031E-01  0.1223E+00  0.2278E-01  0.1151E-01  0.1761E-04  0.1266E-04
  0.2482E-02  0.2755E-02  0.1070E-02  0.8477E-03  0.0000E+00  0.0000E+00
  0.1501E+00  0.1592E-01  0.4394E-02  0.2627E-03  0.0000E+00  0.0000E+00
  0.3440E-01  0.1217E-01  0.4009E-02  0.8241E-02  0.6028E-04  0.0000E+00
  0.2118E-01  0.1211E-01  0.1264E-01  0.1208E-01  0.1353E-05  0.4127E-04
  0.3387E-02  0.4473E-02  0.3780E-02  0.1241E-01  0.0000E+00  0.0000E+00
  0.2445E-02  0.3474E-02  0.1958E-02  0.9392E-03  0.0000E+00  0.0000E+00
 Relative number of events:
  0.4050E-01  0.3450E-01  0.3525E-01  0.3400E-01  0.1250E-02  0.2500E-03
  0.1850E-01  0.1875E-01  0.1600E-01  0.1900E-01  0.0000E+00  0.2500E-03
  0.9750E-02  0.9500E-02  0.2500E-02  0.2750E-02  0.0000E+00  0.0000E+00
  0.6000E-02  0.4000E-02  0.1750E-02  0.2750E-02  0.0000E+00  0.2500E-03
  0.4200E-01  0.3300E-01  0.3150E-01  0.3475E-01  0.2500E-03  0.7500E-03
  0.1975E-01  0.1900E-01  0.1800E-01  0.1575E-01  0.0000E+00  0.0000E+00
  0.8500E-02  0.1025E-01  0.2250E-02  0.2500E-02  0.0000E+00  0.0000E+00
  0.4250E-02  0.4750E-02  0.1500E-02  0.1000E-02  0.0000E+00  0.0000E+00
  0.3800E-01  0.3275E-01  0.2975E-01  0.2825E-01  0.0000E+00  0.2500E-03
  0.1850E-01  0.1575E-01  0.1775E-01  0.1750E-01  0.5000E-03  0.5000E-03
  0.1025E-01  0.1050E-01  0.2750E-02  0.2000E-02  0.0000E+00  0.0000E+00
  0.4750E-02  0.5250E-02  0.2000E-02  0.5000E-03  0.0000E+00  0.0000E+00
  0.3975E-01  0.3675E-01  0.3375E-01  0.3075E-01  0.1000E-02  0.0000E+00
  0.1950E-01  0.2100E-01  0.1875E-01  0.1625E-01  0.5000E-03  0.5000E-03
  0.1200E-01  0.8250E-02  0.2250E-02  0.1750E-02  0.0000E+00  0.0000E+00
  0.6250E-02  0.4500E-02  0.1250E-02  0.5000E-03  0.0000E+00  0.0000E+00
 Events:
         162         138         141         136           5           1
          74          75          64          76           0           1
          39          38          10          11           0           0
          24          16           7          11           0           1
         168         132         126         139           1           3
          79          76          72          63           0           0
          34          41           9          10           0           0
          17          19           6           4           0           0
         152         131         119         113           0           1
          74          63          71          70           2           2
          41          42          11           8           0           0
          19          21           8           2           0           0
         159         147         135         123           4           0
          78          84          75          65           2           2
          48          33           9           7           0           0
          25          18           5           2           0           0
 Accuracy:    0.400   0.100   0.145   7.566
 Found          894  events.
 Wrote            5  events.
 Actual xsec    1.0885128533087622E-011
 Correct abs xsec    1.0885128533087622E-011
 Event xsec    1.0885128533087622E-011
 Events wgts > 1:            1
 % Cross section > 1:    3.5048342910894325E-019   3.2198373041124473E-006
 Iteration  4   Mean: 0.1298E-10 Abs mean: 0.1298E-10   Fluctuation:  0.130E-11   0.417E-08     2.8%
  4    0.1298E-10 0.1298E-10 +- 0.1301E-11      8.96
 Relative summed weights:
  0.1508E-01  0.4639E-01  0.3056E-01  0.1480E-01  0.8759E-03  0.7275E-04
  0.5990E-02  0.2287E-01  0.7961E-02  0.1109E-01  0.3663E-06  0.9622E-03
  0.1401E-01  0.4926E-02  0.8534E-02  0.6587E-02  0.0000E+00  0.0000E+00
  0.4581E-01  0.3537E-02  0.4185E-02  0.2212E-01  0.0000E+00  0.0000E+00
  0.1315E-01  0.6465E-02  0.7431E-02  0.1085E-01  0.1236E-02  0.2730E-05
  0.8035E-02  0.1827E-01  0.7486E-02  0.8440E-02  0.8573E-05  0.5246E-07
  0.5474E-02  0.8648E-02  0.3740E-01  0.2541E-02  0.0000E+00  0.0000E+00
  0.7223E-02  0.8931E-02  0.3232E-01  0.3313E-02  0.0000E+00  0.0000E+00
  0.2204E-01  0.4006E-01  0.4730E-02  0.1293E-01  0.0000E+00  0.2915E-03
  0.2540E-01  0.8376E-02  0.1591E-01  0.1786E-01  0.4883E-05  0.3667E-04
  0.9231E-02  0.1740E-01  0.1723E-02  0.1969E-01  0.0000E+00  0.0000E+00
  0.5459E-02  0.4498E-02  0.4690E-01  0.1014E-01  0.0000E+00  0.0000E+00
  0.1429E-01  0.2935E-01  0.3003E-01  0.9167E-02  0.1351E-03  0.2968E-04
  0.1227E-01  0.1946E-01  0.2827E-01  0.1455E-01  0.2988E-04  0.4744E-05
  0.4679E-02  0.8674E-02  0.9396E-02  0.4102E-02  0.0000E+00  0.0000E+00
  0.3022E-01  0.2499E-01  0.1344E-01  0.3064E-01  0.0000E+00  0.0000E+00
 Relative number of events:
  0.3662E-01  0.3887E-01  0.3413E-01  0.3425E-01  0.3750E-03  0.2500E-03
  0.1713E-01  0.1975E-01  0.1663E-01  0.1438E-01  0.2500E-03  0.5000E-03
  0.1050E-01  0.1000E-01  0.2375E-02  0.3125E-02  0.0000E+00  0.0000E+00
  0.5125E-02  0.4875E-02  0.7500E-03  0.1750E-02  0.0000E+00  0.0000E+00
  0.3737E-01  0.3550E-01  0.3188E-01  0.3288E-01  0.6250E-03  0.3750E-03
  0.1625E-01  0.2162E-01  0.1825E-01  0.1625E-01  0.3750E-03  0.2500E-03
  0.1075E-01  0.8375E-02  0.3125E-02  0.3250E-02  0.0000E+00  0.0000E+00
  0.4750E-02  0.6000E-02  0.2500E-02  0.5000E-03  0.0000E+00  0.0000E+00
  0.3787E-01  0.3662E-01  0.3225E-01  0.3100E-01  0.0000E+00  0.7500E-03
  0.1762E-01  0.1812E-01  0.1700E-01  0.1638E-01  0.1250E-03  0.3750E-03
  0.8500E-02  0.9250E-02  0.1625E-02  0.2875E-02  0.0000E+00  0.0000E+00
  0.6125E-02  0.5125E-02  0.2375E-02  0.1125E-02  0.0000E+00  0.0000E+00
  0.3662E-01  0.3887E-01  0.3313E-01  0.2925E-01  0.7500E-03  0.3750E-03
  0.2125E-01  0.1912E-01  0.1937E-01  0.1638E-01  0.3750E-03  0.1250E-03
  0.7750E-02  0.8375E-02  0.3375E-02  0.2250E-02  0.0000E+00  0.0000E+00
  0.5625E-02  0.5250E-02  0.2000E-02  0.2125E-02  0.0000E+00  0.0000E+00
 Events:
         293         311         273         274           3           2
         137         158         133         115           2           4
          84          80          19          25           0           0
          41          39           6          14           0           0
         299         284         255         263           5           3
         130         173         146         130           3           2
          86          67          25          26           0           0
          38          48          20           4           0           0
         303         293         258         248           0           6
         141         145         136         131           1           3
          68          74          13          23           0           0
          49          41          19           9           0           0
         293         311         265         234           6           3
         170         153         155         131           3           1
          62          67          27          18           0           0
          45          42          16          17           0           0
 Accuracy:    0.170   0.100   0.083   4.257
 Found         2989  events.
 Wrote           26  events.
 Actual xsec    1.1890650529331851E-011
 Correct abs xsec    1.1890650529331851E-011
 Event xsec    1.1890650529331861E-011
 Events wgts > 1:            3
 % Cross section > 1:    6.5271739447127300E-014  0.54893329247306488     
 Iteration  5   Mean: 0.1367E-10 Abs mean: 0.1367E-10   Fluctuation:  0.104E-11   0.747E-08     2.7%
  5    0.1367E-10 0.1367E-10 +- 0.1041E-11      9.63
 Relative summed weights:
  0.1444E-01  0.2547E-01  0.1266E-01  0.1665E-01  0.1373E-03  0.7702E-04
  0.1190E-01  0.2026E-01  0.1476E-01  0.1938E-01  0.1092E-04  0.6171E-03
  0.9489E-02  0.7612E-02  0.3581E-01  0.2670E-02  0.0000E+00  0.4874E-07
  0.9279E-02  0.2211E-01  0.7356E-02  0.4635E-02  0.1323E-05  0.0000E+00
  0.1015E-01  0.1762E-01  0.1253E-01  0.1021E-01  0.1252E-03  0.1807E-03
  0.1818E-01  0.2494E-01  0.1137E-01  0.9417E-02  0.2734E-04  0.5049E-04
  0.1632E-01  0.1322E-01  0.2209E-01  0.9312E-02  0.6742E-07  0.0000E+00
  0.1763E-01  0.1390E-01  0.6711E-02  0.1868E-02  0.3161E-05  0.2865E-04
  0.1760E-01  0.1294E-01  0.1301E-01  0.1036E-01  0.9855E-04  0.5617E-04
  0.1833E-01  0.1707E-01  0.1670E-01  0.2102E-01  0.5093E-04  0.1063E-04
  0.1171E-01  0.1102E-01  0.6493E-01  0.9808E-02  0.0000E+00  0.0000E+00
  0.7003E-02  0.1996E-01  0.1520E-01  0.1297E-01  0.0000E+00  0.0000E+00
  0.1066E-01  0.1756E-01  0.1567E-01  0.1121E-01  0.9644E-04  0.1481E-03
  0.1446E-01  0.1769E-01  0.3028E-01  0.9499E-02  0.1333E-03  0.4342E-04
  0.1041E-01  0.2620E-01  0.7286E-02  0.1150E-01  0.0000E+00  0.3131E-04
  0.1097E-01  0.5017E-01  0.1533E-01  0.9621E-02  0.0000E+00  0.0000E+00
 Relative number of events:
  0.3769E-01  0.3687E-01  0.3325E-01  0.3219E-01  0.1125E-02  0.3750E-03
  0.1781E-01  0.1887E-01  0.1794E-01  0.1556E-01  0.3125E-03  0.5625E-03
  0.8500E-02  0.8500E-02  0.2312E-02  0.2563E-02  0.0000E+00  0.6250E-04
  0.4812E-02  0.5000E-02  0.1500E-02  0.1500E-02  0.6250E-04  0.0000E+00
  0.3725E-01  0.3744E-01  0.3081E-01  0.3181E-01  0.7500E-03  0.3750E-03
  0.1956E-01  0.1931E-01  0.1681E-01  0.1594E-01  0.1875E-03  0.1250E-03
  0.9250E-02  0.8438E-02  0.2687E-02  0.3250E-02  0.6250E-04  0.0000E+00
  0.4313E-02  0.4625E-02  0.1750E-02  0.1813E-02  0.6250E-04  0.6250E-04
  0.3794E-01  0.3712E-01  0.3344E-01  0.3350E-01  0.3750E-03  0.4375E-03
  0.2169E-01  0.1950E-01  0.1600E-01  0.1562E-01  0.1250E-03  0.3125E-03
  0.1094E-01  0.8937E-02  0.2312E-02  0.2812E-02  0.0000E+00  0.0000E+00
  0.5000E-02  0.5250E-02  0.1375E-02  0.1937E-02  0.0000E+00  0.0000E+00
  0.3481E-01  0.3856E-01  0.3363E-01  0.3112E-01  0.5625E-03  0.6875E-03
  0.1881E-01  0.1831E-01  0.1919E-01  0.1881E-01  0.2500E-03  0.1250E-03
  0.9750E-02  0.9312E-02  0.2812E-02  0.2063E-02  0.0000E+00  0.6250E-04
  0.4938E-02  0.4500E-02  0.1687E-02  0.1313E-02  0.0000E+00  0.0000E+00
 Events:
         603         590         532         515          18           6
         285         302         287         249           5           9
         136         136          37          41           0           1
          77          80          24          24           1           0
         596         599         493         509          12           6
         313         309         269         255           3           2
         148         135          43          52           1           0
          69          74          28          29           1           1
         607         594         535         536           6           7
         347         312         256         250           2           5
         175         143          37          45           0           0
          80          84          22          31           0           0
         557         617         538         498           9          11
         301         293         307         301           4           2
         156         149          45          33           0           1
          79          72          27          21           0           0
 Accuracy:    0.098   0.100   0.056   3.059
 Finished due to accuracy    9.7865901390136428E-002  0.10000000000000001     

 -------------------------------------------------------------------------------
 Accumulated results:   Integral =  0.1304E-10
                        Std dev  =  0.7298E-12
                       Cross sec =  0.1304E-10
             Chi**2 per DoF.     =      3.0591
 -------------------------------------------------------------------------------
 Found         6682  events.
 Wrote           31  events.
 Actual xsec    1.2921554996799696E-011
 Correct abs xsec    1.2921554996799696E-011
 Event xsec    1.2921554996799700E-011
 Events wgts > 1:            2
 % Cross section > 1:    2.2476865065910855E-014  0.17394860813174368     
-------------------------------------------------
---------------------------
 Results Last   3 iters: Integral =   0.1292E-10
                     Abs integral =   0.1292E-10
                          Std dev =   0.7451E-12
                  Chi**2 per DoF. =      4.9305
-------------------------------------------------
---------------------------
 Status  0.10000000000000001                6           5

ls status:
events.lhe
ftn26
input_app.txt
results.dat
run1_app.log
