 Process in group number            1
 A PDF is used, so alpha_s(MZ) is going to be modified
 Old value of alpha_s from param_card:   0.11839999999999999     
  ****************************************
 
       NNPDFDriver version 1.0.3
   Grid: NNPDF23_lo_as_0130_qed_mem0.grid
  ****************************************
 New value of alpha_s from PDF nn23lo1:  0.13000000000000000     
 Define smin to   1600.0000000000000     
 Define smin to   1600.0000000000000     
 Define smin to   1600.0000000000000     
 *****************************************************
 *               MadGraph/MadEvent                   *
 *        --------------------------------           *
 *          http://madgraph.hep.uiuc.edu             *
 *          http://madgraph.phys.ucl.ac.be           *
 *          http://madgraph.roma2.infn.it            *
 *        --------------------------------           *
 *                                                   *
 *          PARAMETER AND COUPLING VALUES            *
 *                                                   *
 *****************************************************

  External Params
  ---------------------------------
  
 mdl_VeN1 =    1.0000000000000000     
 mdl_VeN2 =    0.0000000000000000     
 mdl_VeN3 =    0.0000000000000000     
 mdl_VmuN1 =    0.0000000000000000     
 mdl_VmuN2 =    1.0000000000000000     
 mdl_VmuN3 =    0.0000000000000000     
 mdl_VtaN1 =    0.0000000000000000     
 mdl_VtaN2 =    0.0000000000000000     
 mdl_VtaN3 =    1.0000000000000000     
 mdl_VN1N1 =    1.0000000000000000     
 mdl_VN1N2 =    1.0000000000000000     
 mdl_VN1N3 =    1.0000000000000000     
 mdl_VN2N2 =    1.0000000000000000     
 mdl_VN2N3 =    1.0000000000000000     
 mdl_VN3N3 =    1.0000000000000000     
 aEWM1 =    127.90000000000001     
 mdl_Gf =    1.1663700000000000E-005
 aS =   0.11839999999999999     
 mdl_ymt =    172.00000000000000     
 mdl_vevf =    50.000000000000000     
 mdl_MZ =    91.187600000000003     
 mdl_MT =    172.00000000000000     
 mdl_MH =    125.00000000000000     
 mdl_mN1 =    2000.0000000000000     
 mdl_mN2 =    2100.0000000000000     
 mdl_mN3 =    2200.0000000000000     
 mdl_MJ =    91.187600000000003     
 mdl_MAx =    173.04800000000000     
 mdl_WZ =    2.4952000000000001     
 mdl_WW =    2.0850000000000000     
 mdl_WT =    1.5083359999999999     
 mdl_WH =    4.0699999999999998E-003
 mdl_WN1 =   0.30299999999999999     
 mdl_WN2 =    1.5000000000000000     
 mdl_WN3 =    12.300000000000001     
 mdl_WJ =    2.4952000000000001     
 mdl_WAx =    4.1700000000000001E-003
  Internal Params
  ---------------------------------
  
 mdl_vevf__exp__2 =    2500.0000000000000     
 mdl_sqrt__vevf__exp__2 =    50.000000000000000     
 mdl_muJ =    50.000000000000000     
 mdl_MZ__exp__2 =    8315.1783937600012     
 mdl_MZ__exp__4 =    69142191.720053151     
 mdl_sqrt__2 =    1.4142135623730951     
 mdl_MJ__exp__2 =    8315.1783937600012     
 mdl_muJ__exp__2 =    2500.0000000000000     
 mdl_lamJ =    4.3260713575040004     
 mdl_MH__exp__2 =    15625.000000000000     
 mdl_complexi =  (  0.0000000000000000     ,  1.0000000000000000     )
 mdl_aEW =    7.8186082877247844E-003
 mdl_MW =    79.824359746197842     
 mdl_sqrt__aEW =    8.8422894590285753E-002
 mdl_ee =   0.31345100004952897     
 mdl_MW__exp__2 =    6371.9284088904105     
 mdl_sw2 =   0.23369913342182447     
 mdl_cw =   0.87538612427783857     
 mdl_sqrt__sw2 =   0.48342438232036300     
 mdl_sw =   0.48342438232036300     
 mdl_g1 =   0.35807170271074895     
 mdl_gN =   0.64839716719502682     
 mdl_gw =   0.64839716719502682     
 mdl_vev =    246.22056907348590     
 mdl_vev__exp__2 =    60624.568634871241     
 mdl_lam =   0.12886689630821144     
 mdl_yt =   0.98791394091683138     
 mdl_muH =    88.388347648318444     
 mdl_I2a33 =  ( 0.98791394091683138     ,  0.0000000000000000     )
 mdl_I3a33 =  ( 0.98791394091683138     ,  0.0000000000000000     )
 mdl_ee__exp__2 =    9.8251529432049817E-002
 mdl_sw__exp__2 =   0.23369913342182450     
 mdl_cw__exp__2 =   0.76630086657817542     
  Internal Params evaluated point by point
  ----------------------------------------
  
 mdl_sqrt__aS =   0.34409301068170506     
 mdl_G__exp__2 =    1.4878582807401259     
  Couplings of SM_HeavyN_UFO
  ---------------------------------
  
         GC_1 =  -0.00000E+00  -0.10448E+00
         GC_2 =   0.00000E+00   0.20897E+00
         GC_3 =  -0.00000E+00  -0.31345E+00
         GC_4 =   0.00000E+00   0.31345E+00
        GC_26 =   0.00000E+00   0.45849E+00
        GC_27 =  -0.00000E+00  -0.28380E+00
        GC_28 =   0.00000E+00   0.28380E+00
        GC_30 =   0.00000E+00   0.56760E+00
        GC_35 =  -0.00000E+00  -0.28850E-01
        GC_37 =   0.00000E+00   0.17310E+00
        GC_39 =   0.00000E+00  -0.19725E+00
        GC_40 =   0.00000E+00   0.37035E+00
        GC_80 =   0.00000E+00   0.67543E+02
       GC_107 =  -0.00000E+00  -0.74070E+00
       GC_109 =  -0.00000E+00  -0.74070E+00
       GC_111 =  -0.00000E+00  -0.74070E+00
       GC_113 =  -0.00000E+00  -0.74070E+00
       GC_115 =  -0.00000E+00  -0.74070E+00
       GC_117 =  -0.00000E+00  -0.74070E+00
       GC_119 =   0.00000E+00   0.00000E+00
       GC_120 =   0.00000E+00   0.00000E+00
       GC_122 =  -0.00000E+00  -0.00000E+00
       GC_126 =   0.00000E+00   0.00000E+00
       GC_127 =   0.00000E+00   0.00000E+00
       GC_129 =  -0.00000E+00  -0.00000E+00
       GC_133 =   0.00000E+00   0.45849E+00
       GC_134 =   0.00000E+00   0.37035E+00
       GC_136 =  -0.00000E+00  -0.89351E+01
        GC_81 =   0.40000E+02   0.00000E+00
        GC_82 =   0.42000E+02   0.00000E+00
        GC_83 =   0.44000E+02   0.00000E+00

 Collider parameters:
 --------------------

 Running at P P   machine @    13000.000000000000       GeV
 PDF set = nn23lo1
 alpha_s(Mz)= 0.1300 running at 2 loops.
 alpha_s(Mz)= 0.1300 running at 2 loops.
 Renormalization scale set on event-by-event basis
 Factorization   scale set on event-by-event basis


 getting user params
Enter number of events and max and min iterations: 
 Number of events and iterations         1000           5           3
Enter desired fractional accuracy: 
 Desired fractional accuracy:   0.10000000000000001     
Enter 0 for fixed, 2 for adjustable grid: 
Suppress amplitude (0 no, 1 yes)? 
 Using suppressed amplitude.
Exact helicity sum (0 yes, n = number/event)? 
 Explicitly summing over helicities
Enter Configuration Number: 
Running Configuration Number:  966
 Using dconfig=         238
 BW Setting            1           1           2           2           2           0           0
 Attempting mappinvarients           1           9
 Completed mapping           9
 about to integrate           19        1000           5           3          19           1
 Using non-zero grid deformation.
 19 dimensions   1000 events 19 invarients  5 iterations  1 config(s),  (0.99)
 Using h-tuple random number sequence.
 Error opening grid
 Using Uniform Grid!          36
 Using uniform alpha   1.0000000000000000     
 Grid defined OK
 Set CM energy to      13000.00
 Mapping Graph         966  to config         966
 Setting BW          -1           1   79.824359746197842     
 Setting BW          -2           2   2200.0000000000000     
Setting grid   3    0.29417E-01   1
Setting grid   4    0.29417E-01   1
Setting grid   5    0.29417E-01   1
Setting grid   6    0.29417E-01   1
 Transforming s_hat 1/s           18   2.9947303536057766E-002   1600.0000000000000        168999999.99999997     
 966   1   2   3   4   5   6   7   8   9  10  11  12  13  14
  15  16  17  18  19
 Masses: 0.000E+00 0.000E+00 0.000E+00 0.000E+00 0.000E+00 0.000E+00 0.000E+00 0.000E+00 0.912E+02
Using random seed offsets   966 :      1
  with seed                   24
 Ranmar initialization seeds         696        9398
 
 ********************************************
 * You are using the DiscreteSampler module *
 *      part of the MG5_aMC framework       *
 *         Author: Valentin Hirschi         *
 ********************************************
 
  Particle       3       4       5       6       7       8       9
      Et >    10.0    10.0    10.0    10.0     0.0     0.0     0.0
       E >     0.0     0.0     0.0     0.0     0.0     0.0     0.0
     Eta <     2.5     2.5     2.5     2.5    -1.0    -1.0    -1.0
   xqcut:      0.0     0.0     0.0     0.0     0.0     0.0     0.0
d R # 3  >    -0.0     0.4     0.4     0.4     0.0     0.0     0.0
d R # 4  >    -0.0    -0.0     0.4     0.4     0.0     0.0     0.0
d R # 5  >    -0.0    -0.0    -0.0     0.4     0.0     0.0     0.0
d R # 6  >    -0.0    -0.0    -0.0    -0.0     0.0     0.0     0.0
d R # 7  >    -0.0    -0.0    -0.0    -0.0    -0.0     0.0     0.0
d R # 8  >    -0.0    -0.0    -0.0    -0.0    -0.0    -0.0     0.0
s min # 3>     0.0     0.0     0.0     0.0     0.0     0.0     0.0
s min # 4>     0.0     0.0     0.0     0.0     0.0     0.0     0.0
s min # 5>     0.0     0.0     0.0     0.0     0.0     0.0     0.0
s min # 6>     0.0     0.0     0.0     0.0     0.0     0.0     0.0
s min # 7>     0.0     0.0     0.0     0.0     0.0     0.0     0.0
s min # 8>     0.0     0.0     0.0     0.0     0.0     0.0     0.0
xqcutij # 3>     0.0     0.0     0.0     0.0     0.0     0.0     0.0
xqcutij # 4>     0.0     0.0     0.0     0.0     0.0     0.0     0.0
xqcutij # 5>     0.0     0.0     0.0     0.0     0.0     0.0     0.0
xqcutij # 6>     0.0     0.0     0.0     0.0     0.0     0.0     0.0
xqcutij # 7>     0.0     0.0     0.0     0.0     0.0     0.0     0.0
xqcutij # 8>     0.0     0.0     0.0     0.0     0.0     0.0     0.0
 Requiring BW           -1           1
 Requiring BW           -2           2
 Excluding BW           -3           3
 Excluding BW           -4           4
 Excluding BW           -6           5
 alpha_s for scale    8677.7677404381466       is    7.4254858217939562E-002
 Added good helicity            1   79.098579726702482       in event            1 local:           1
 Added good helicity           21   3.7684043443505140E-008  in event            1 local:           1
 Added good helicity           25   1.2426694685573828E-003  in event            1 local:           1
 Added good helicity          193   176.89524310428715       in event            1 local:           1
 Added good helicity          213   1.4300741202054114E-006  in event            1 local:           1
 Added good helicity          217   4.9330291250988022E-003  in event            1 local:           1
 Added good helicity            1   79.098579726704116       in event            1 local:           1
 Added good helicity           21   3.7684043443481820E-008  in event            1 local:           1
 Added good helicity           25   1.2426694685561475E-003  in event            1 local:           1
 Added good helicity          193   176.89524310428550       in event            1 local:           1
 Added good helicity          213   1.4300741202045360E-006  in event            1 local:           1
 Added good helicity          217   4.9330291251066258E-003  in event            1 local:           1
 Added good helicity           37   3.7684043443509077E-008  in event            7 local:           3
 Added good helicity           41   1.2426694685575127E-003  in event            7 local:           3
 Added good helicity          229   1.4300741202055609E-006  in event            7 local:           3
 Added good helicity          233   4.9330291250993174E-003  in event            7 local:           3
 Added good helicity           37   3.7684043443486558E-008  in event            7 local:           3
 Added good helicity           41   1.2426694685563038E-003  in event            7 local:           3
 Added good helicity          229   1.4300741202047158E-006  in event            7 local:           3
 Added good helicity          233   4.9330291251072460E-003  in event            7 local:           3
 RESET CUMULATIVE VARIABLE
 RESET CUMULATIVE VARIABLE
 RESET CUMULATIVE VARIABLE
 Iteration  1   Mean: 0.1444E-10 Abs mean: 0.1444E-10   Fluctuation:  0.584E-11   0.479E-08    41.0%
  1    0.1444E-10 0.1444E-10 +- 0.5841E-11     12.79
 Writing out events   7.0433386671091688E-015   12.792683885752105     
 Relative summed weights:
  0.7446E-02  0.1416E-01  0.2589E-03  0.1764E+00  0.0000E+00  0.0000E+00
  0.1794E-01  0.7580E-02  0.5356E-04  0.3817E+00  0.0000E+00  0.0000E+00
  0.4444E-03  0.1014E+00  0.1589E-02  0.2071E-03  0.0000E+00  0.3506E-07
  0.4728E-02  0.2643E-02  0.3246E-02  0.2263E-02  0.0000E+00  0.0000E+00
  0.1007E-02  0.3824E-02  0.1293E-03  0.5725E-03  0.5651E-09  0.2123E-09
  0.7878E-02  0.3957E-02  0.6343E-01  0.2869E-02  0.0000E+00  0.0000E+00
  0.8834E-02  0.1958E-01  0.1184E-01  0.4190E-02  0.0000E+00  0.0000E+00
  0.1239E+00  0.1629E-01  0.5565E-02  0.3995E-02  0.1104E-16  0.0000E+00
 Relative number of events:
  0.2775E-01  0.3568E-01  0.2379E-01  0.1784E-01  0.0000E+00  0.0000E+00
  0.1982E-01  0.3171E-01  0.1487E-01  0.1982E-01  0.0000E+00  0.0000E+00
  0.2379E-01  0.3370E-01  0.1883E-01  0.1883E-01  0.0000E+00  0.9911E-03
  0.3568E-01  0.3469E-01  0.2379E-01  0.9911E-02  0.0000E+00  0.0000E+00
  0.3072E-01  0.3766E-01  0.3271E-01  0.3171E-01  0.9911E-03  0.9911E-03
  0.4163E-01  0.3865E-01  0.4955E-01  0.4063E-01  0.0000E+00  0.0000E+00
  0.3964E-01  0.5055E-01  0.2775E-01  0.3271E-01  0.0000E+00  0.0000E+00
  0.4658E-01  0.4955E-01  0.2973E-01  0.2577E-01  0.9911E-03  0.0000E+00
 Events:
          28          36          24          18           0           0
          20          32          15          20           0           0
          24          34          19          19           0           1
          36          35          24          10           0           0
          31          38          33          32           1           1
          42          39          50          41           0           0
          40          51          28          33           0           0
          47          50          30          26           1           0
 Iteration  2   Mean: 0.8610E-11 Abs mean: 0.8610E-11   Fluctuation:  0.195E-11   0.246E-08    71.3%
  2    0.8610E-11 0.8610E-11 +- 0.1947E-11     10.11
 Relative summed weights:
  0.1179E-01  0.7559E-02  0.1364E-01  0.3876E-03  0.0000E+00  0.0000E+00
  0.1985E-02  0.6148E-01  0.2120E-01  0.2782E-02  0.0000E+00  0.0000E+00
  0.1650E-01  0.4229E-01  0.1244E-01  0.1480E+00  0.0000E+00  0.0000E+00
  0.1033E+00  0.6039E-01  0.1115E-01  0.8455E-02  0.0000E+00  0.0000E+00
  0.6531E-01  0.1766E-01  0.3712E-02  0.5743E-03  0.0000E+00  0.0000E+00
  0.8609E-01  0.9968E-02  0.1228E-01  0.1026E+00  0.0000E+00  0.7099E-05
  0.8201E-01  0.8189E-02  0.3323E-03  0.9455E-02  0.3427E-08  0.0000E+00
  0.2481E-01  0.1717E-01  0.3200E-01  0.4581E-02  0.9850E-11  0.0000E+00
 Relative number of events:
  0.3300E-01  0.3100E-01  0.1500E-01  0.1550E-01  0.0000E+00  0.0000E+00
  0.2850E-01  0.3400E-01  0.1900E-01  0.1200E-01  0.0000E+00  0.0000E+00
  0.3700E-01  0.3800E-01  0.1450E-01  0.1350E-01  0.0000E+00  0.0000E+00
  0.3350E-01  0.3500E-01  0.1200E-01  0.1100E-01  0.0000E+00  0.0000E+00
  0.4850E-01  0.3900E-01  0.2850E-01  0.3100E-01  0.0000E+00  0.0000E+00
  0.4000E-01  0.4950E-01  0.2900E-01  0.3400E-01  0.0000E+00  0.5000E-03
  0.5100E-01  0.4600E-01  0.3750E-01  0.3200E-01  0.5000E-03  0.0000E+00
  0.4300E-01  0.4450E-01  0.2950E-01  0.3300E-01  0.5000E-03  0.0000E+00
 Events:
          66          62          30          31           0           0
          57          68          38          24           0           0
          74          76          29          27           0           0
          67          70          24          22           0           0
          97          78          57          62           0           0
          80          99          58          68           0           1
         102          92          75          64           1           0
          86          89          59          66           1           0
 Iteration  3   Mean: 0.2080E-10 Abs mean: 0.2080E-10   Fluctuation:  0.115E-10   0.456E-07    75.2%
  3    0.2080E-10 0.2080E-10 +- 0.1147E-10     34.87
 Relative summed weights:
  0.3826E-01  0.3027E-01  0.1840E-01  0.5484E+00  0.0000E+00  0.1187E-12
  0.3050E-01  0.2047E-01  0.2595E-02  0.1896E-01  0.0000E+00  0.0000E+00
  0.1854E-01  0.2322E-01  0.1613E-03  0.1884E-02  0.0000E+00  0.0000E+00
  0.6029E-02  0.1100E-01  0.8703E-02  0.5725E-02  0.0000E+00  0.1979E-06
  0.1616E-01  0.1884E-01  0.1967E-01  0.2878E-02  0.0000E+00  0.7266E-08
  0.2416E-01  0.1024E-01  0.8189E-02  0.2001E-02  0.4649E-03  0.0000E+00
  0.2200E-01  0.3288E-01  0.1106E-02  0.3947E-02  0.0000E+00  0.0000E+00
  0.5201E-02  0.4288E-01  0.3147E-02  0.3153E-02  0.2222E-06  0.0000E+00
 Relative number of events:
  0.3100E-01  0.3025E-01  0.1575E-01  0.1475E-01  0.0000E+00  0.2500E-03
  0.3450E-01  0.3675E-01  0.1225E-01  0.1425E-01  0.0000E+00  0.0000E+00
  0.3400E-01  0.3550E-01  0.1300E-01  0.1200E-01  0.0000E+00  0.0000E+00
  0.3550E-01  0.3525E-01  0.1550E-01  0.1350E-01  0.0000E+00  0.2500E-03
  0.4625E-01  0.4125E-01  0.2950E-01  0.2825E-01  0.0000E+00  0.2500E-03
  0.4850E-01  0.4500E-01  0.2975E-01  0.3250E-01  0.2500E-03  0.0000E+00
  0.4875E-01  0.5200E-01  0.2900E-01  0.2925E-01  0.0000E+00  0.0000E+00
  0.4675E-01  0.4850E-01  0.2775E-01  0.3200E-01  0.2500E-03  0.0000E+00
 Events:
         124         121          63          59           0           1
         138         147          49          57           0           0
         136         142          52          48           0           0
         142         141          62          54           0           1
         185         165         118         113           0           1
         194         180         119         130           1           0
         195         208         116         117           0           0
         187         194         111         128           1           0
 Accuracy:    0.261   0.100   0.186   1.978
 Found          177  events.
 Wrote            1  events.
 Actual xsec    1.1225240437249009E-011
 Correct abs xsec    1.1225240437249009E-011
 Event xsec    1.1225240437249011E-011
 Events wgts > 1:            1
 % Cross section > 1:    5.9983373865882311E-019   5.3436159520323416E-006
 Iteration  4   Mean: 0.2219E-10 Abs mean: 0.2219E-10   Fluctuation:  0.639E-11   0.461E-07    77.7%
  4    0.2219E-10 0.2219E-10 +- 0.6389E-11     25.75
 Relative summed weights:
  0.4124E-01  0.5686E-01  0.1640E-02  0.2893E-02  0.2954E-07  0.0000E+00
  0.2206E-01  0.7187E-02  0.2924E-01  0.8778E-02  0.0000E+00  0.0000E+00
  0.2949E+00  0.2213E-01  0.1153E-01  0.2264E-01  0.7588E-06  0.0000E+00
  0.7743E-01  0.3240E-01  0.2272E-01  0.2993E-02  0.0000E+00  0.5400E-10
  0.1429E-01  0.1516E-01  0.6194E-02  0.4700E-02  0.0000E+00  0.0000E+00
  0.1538E-01  0.2198E-01  0.1808E-01  0.5653E-01  0.2571E-06  0.5774E-06
  0.1125E-01  0.2542E-01  0.1385E-01  0.9880E-01  0.1169E-05  0.0000E+00
  0.2076E-01  0.1360E-01  0.4816E-02  0.2539E-02  0.1409E-05  0.4603E-05
 Relative number of events:
  0.3650E-01  0.3775E-01  0.1425E-01  0.1325E-01  0.1250E-03  0.0000E+00
  0.3363E-01  0.3200E-01  0.1588E-01  0.1487E-01  0.0000E+00  0.0000E+00
  0.3575E-01  0.3687E-01  0.1350E-01  0.1362E-01  0.1250E-03  0.0000E+00
  0.3425E-01  0.3687E-01  0.1638E-01  0.1238E-01  0.0000E+00  0.1250E-03
  0.4775E-01  0.4612E-01  0.2625E-01  0.2438E-01  0.0000E+00  0.0000E+00
  0.4713E-01  0.5125E-01  0.2863E-01  0.3037E-01  0.1250E-03  0.1250E-03
  0.4600E-01  0.4838E-01  0.2612E-01  0.3050E-01  0.2500E-03  0.0000E+00
  0.4625E-01  0.4550E-01  0.2838E-01  0.2788E-01  0.2500E-03  0.2500E-03
 Events:
         292         302         114         106           1           0
         269         256         127         119           0           0
         286         295         108         109           1           0
         274         295         131          99           0           1
         382         369         210         195           0           0
         377         410         229         243           1           1
         368         387         209         244           2           0
         370         364         227         223           2           2
 Accuracy:    0.243   0.100   0.156   2.431
 Found          254  events.
 Wrote            1  events.
 Actual xsec    1.4454589593691052E-011
 Correct abs xsec    1.4454589593691052E-011
 Event xsec    1.4454589593691054E-011
 Events wgts > 1:            0
 % Cross section > 1:    0.0000000000000000        0.0000000000000000     
 Iteration  5   Mean: 0.2259E-10 Abs mean: 0.2259E-10   Fluctuation:  0.302E-11   0.343E-07    77.6%
  5    0.2259E-10 0.2259E-10 +- 0.3017E-11     16.89
 Relative summed weights:
  0.7016E-01  0.2740E-01  0.1738E-01  0.6159E-01  0.9128E-07  0.0000E+00
  0.1862E-01  0.1074E+00  0.2541E-01  0.7343E-02  0.0000E+00  0.0000E+00
  0.2975E-01  0.3831E-01  0.1011E-01  0.8026E-02  0.0000E+00  0.1416E-07
  0.2035E-01  0.1302E-01  0.1502E-01  0.1043E-01  0.0000E+00  0.0000E+00
  0.5403E-01  0.7675E-01  0.1397E-01  0.3900E-01  0.1314E-04  0.0000E+00
  0.4486E-01  0.1371E-01  0.3469E-01  0.3120E-01  0.0000E+00  0.0000E+00
  0.4185E-01  0.4358E-01  0.2514E-01  0.8301E-02  0.8615E-08  0.0000E+00
  0.1330E-01  0.2535E-01  0.1199E-01  0.4195E-01  0.2095E-08  0.8159E-06
 Relative number of events:
  0.3394E-01  0.3619E-01  0.1331E-01  0.1300E-01  0.6250E-04  0.0000E+00
  0.2975E-01  0.3444E-01  0.1550E-01  0.1438E-01  0.0000E+00  0.0000E+00
  0.3694E-01  0.3375E-01  0.1300E-01  0.1356E-01  0.0000E+00  0.6250E-04
  0.3581E-01  0.3369E-01  0.1525E-01  0.1194E-01  0.0000E+00  0.0000E+00
  0.4931E-01  0.4531E-01  0.2975E-01  0.3087E-01  0.1875E-03  0.0000E+00
  0.4713E-01  0.4531E-01  0.3094E-01  0.3087E-01  0.0000E+00  0.0000E+00
  0.4606E-01  0.4788E-01  0.3044E-01  0.2863E-01  0.1875E-03  0.0000E+00
  0.4569E-01  0.4719E-01  0.2894E-01  0.3050E-01  0.1250E-03  0.1250E-03
 Events:
         543         579         213         208           1           0
         476         551         248         230           0           0
         591         540         208         217           0           1
         573         539         244         191           0           0
         789         725         476         494           3           0
         754         725         495         494           0           0
         737         766         487         458           3           0
         731         755         463         488           2           2
 Accuracy:    0.147   0.100   0.101   2.108
 Found          614  events.
 Wrote           10  events.
 Actual xsec    2.2442446572983877E-011
 Correct abs xsec    2.2442446572983877E-011
 Event xsec    2.2442446572983880E-011
 Events wgts > 1:            1
 % Cross section > 1:    3.2637274599602773E-019   1.4542654471055478E-006

 -------------------------------------------------------------------------------
 Accumulated results:   Integral =  0.1915E-10
                        Std dev  =  0.1944E-11
                       Cross sec =  0.1915E-10
             Chi**2 per DoF.     =      2.1079
 -------------------------------------------------------------------------------
-------------------------------------------------
---------------------------
 Results Last   3 iters: Integral =   0.2244E-10
                     Abs integral =   0.2244E-10
                          Std dev =   0.2656E-11
                  Chi**2 per DoF. =      0.0122
-------------------------------------------------
---------------------------
 Status  0.10000000000000001                6           5

ls status:
events.lhe
ftn26
input_app.txt
results.dat
run1_app.log
