 Process in group number            1
 A PDF is used, so alpha_s(MZ) is going to be modified
 Old value of alpha_s from param_card:   0.11839999999999999     
  ****************************************
 
       NNPDFDriver version 1.0.3
   Grid: NNPDF23_lo_as_0130_qed_mem0.grid
  ****************************************
 New value of alpha_s from PDF nn23lo1:  0.13000000000000000     
 Define smin to   1600.0000000000000     
 Define smin to   1600.0000000000000     
 Define smin to   1600.0000000000000     
 *****************************************************
 *               MadGraph/MadEvent                   *
 *        --------------------------------           *
 *          http://madgraph.hep.uiuc.edu             *
 *          http://madgraph.phys.ucl.ac.be           *
 *          http://madgraph.roma2.infn.it            *
 *        --------------------------------           *
 *                                                   *
 *          PARAMETER AND COUPLING VALUES            *
 *                                                   *
 *****************************************************

  External Params
  ---------------------------------
  
 mdl_VeN1 =    1.0000000000000000     
 mdl_VeN2 =    0.0000000000000000     
 mdl_VeN3 =    0.0000000000000000     
 mdl_VmuN1 =    0.0000000000000000     
 mdl_VmuN2 =    1.0000000000000000     
 mdl_VmuN3 =    0.0000000000000000     
 mdl_VtaN1 =    0.0000000000000000     
 mdl_VtaN2 =    0.0000000000000000     
 mdl_VtaN3 =    1.0000000000000000     
 mdl_VN1N1 =    1.0000000000000000     
 mdl_VN1N2 =    1.0000000000000000     
 mdl_VN1N3 =    1.0000000000000000     
 mdl_VN2N2 =    1.0000000000000000     
 mdl_VN2N3 =    1.0000000000000000     
 mdl_VN3N3 =    1.0000000000000000     
 aEWM1 =    127.90000000000001     
 mdl_Gf =    1.1663700000000000E-005
 aS =   0.11839999999999999     
 mdl_ymt =    172.00000000000000     
 mdl_vevf =    50.000000000000000     
 mdl_MZ =    91.187600000000003     
 mdl_MT =    172.00000000000000     
 mdl_MH =    125.00000000000000     
 mdl_mN1 =    510.00000000000000     
 mdl_mN2 =    610.00000000000000     
 mdl_mN3 =    710.00000000000000     
 mdl_MJ =    91.187600000000003     
 mdl_MAx =    173.04800000000000     
 mdl_WZ =    2.4952000000000001     
 mdl_WW =    2.0850000000000000     
 mdl_WT =    1.5083359999999999     
 mdl_WH =    4.0699999999999998E-003
 mdl_WN1 =   0.30299999999999999     
 mdl_WN2 =    1.5000000000000000     
 mdl_WN3 =    12.300000000000001     
 mdl_WJ =    2.4952000000000001     
 mdl_WAx =    4.1700000000000001E-003
  Internal Params
  ---------------------------------
  
 mdl_vevf__exp__2 =    2500.0000000000000     
 mdl_sqrt__vevf__exp__2 =    50.000000000000000     
 mdl_muJ =    50.000000000000000     
 mdl_MZ__exp__2 =    8315.1783937600012     
 mdl_MZ__exp__4 =    69142191.720053151     
 mdl_sqrt__2 =    1.4142135623730951     
 mdl_MJ__exp__2 =    8315.1783937600012     
 mdl_muJ__exp__2 =    2500.0000000000000     
 mdl_lamJ =    4.3260713575040004     
 mdl_MH__exp__2 =    15625.000000000000     
 mdl_complexi =  (  0.0000000000000000     ,  1.0000000000000000     )
 mdl_aEW =    7.8186082877247844E-003
 mdl_MW =    79.824359746197842     
 mdl_sqrt__aEW =    8.8422894590285753E-002
 mdl_ee =   0.31345100004952897     
 mdl_MW__exp__2 =    6371.9284088904105     
 mdl_sw2 =   0.23369913342182447     
 mdl_cw =   0.87538612427783857     
 mdl_sqrt__sw2 =   0.48342438232036300     
 mdl_sw =   0.48342438232036300     
 mdl_g1 =   0.35807170271074895     
 mdl_gN =   0.64839716719502682     
 mdl_gw =   0.64839716719502682     
 mdl_vev =    246.22056907348590     
 mdl_vev__exp__2 =    60624.568634871241     
 mdl_lam =   0.12886689630821144     
 mdl_yt =   0.98791394091683138     
 mdl_muH =    88.388347648318444     
 mdl_I2a33 =  ( 0.98791394091683138     ,  0.0000000000000000     )
 mdl_I3a33 =  ( 0.98791394091683138     ,  0.0000000000000000     )
 mdl_ee__exp__2 =    9.8251529432049817E-002
 mdl_sw__exp__2 =   0.23369913342182450     
 mdl_cw__exp__2 =   0.76630086657817542     
  Internal Params evaluated point by point
  ----------------------------------------
  
 mdl_sqrt__aS =   0.34409301068170506     
 mdl_G__exp__2 =    1.4878582807401259     
  Couplings of SM_HeavyN_UFO
  ---------------------------------
  
         GC_1 =  -0.00000E+00  -0.10448E+00
         GC_2 =   0.00000E+00   0.20897E+00
         GC_3 =  -0.00000E+00  -0.31345E+00
         GC_4 =   0.00000E+00   0.31345E+00
        GC_26 =   0.00000E+00   0.45849E+00
        GC_27 =  -0.00000E+00  -0.28380E+00
        GC_28 =   0.00000E+00   0.28380E+00
        GC_30 =   0.00000E+00   0.56760E+00
        GC_35 =  -0.00000E+00  -0.28850E-01
        GC_37 =   0.00000E+00   0.17310E+00
        GC_39 =   0.00000E+00  -0.19725E+00
        GC_40 =   0.00000E+00   0.37035E+00
        GC_80 =   0.00000E+00   0.67543E+02
       GC_107 =  -0.00000E+00  -0.74070E+00
       GC_109 =  -0.00000E+00  -0.74070E+00
       GC_111 =  -0.00000E+00  -0.74070E+00
       GC_113 =  -0.00000E+00  -0.74070E+00
       GC_115 =  -0.00000E+00  -0.74070E+00
       GC_117 =  -0.00000E+00  -0.74070E+00
       GC_119 =   0.00000E+00   0.00000E+00
       GC_120 =   0.00000E+00   0.00000E+00
       GC_122 =  -0.00000E+00  -0.00000E+00
       GC_126 =   0.00000E+00   0.00000E+00
       GC_127 =   0.00000E+00   0.00000E+00
       GC_129 =  -0.00000E+00  -0.00000E+00
       GC_133 =   0.00000E+00   0.45849E+00
       GC_134 =   0.00000E+00   0.37035E+00
       GC_136 =  -0.00000E+00  -0.28836E+01
        GC_81 =   0.10200E+02   0.00000E+00
        GC_82 =   0.12200E+02   0.00000E+00
        GC_83 =   0.14200E+02   0.00000E+00

 Collider parameters:
 --------------------

 Running at P P   machine @    13000.000000000000       GeV
 PDF set = nn23lo1
 alpha_s(Mz)= 0.1300 running at 2 loops.
 alpha_s(Mz)= 0.1300 running at 2 loops.
 Renormalization scale set on event-by-event basis
 Factorization   scale set on event-by-event basis


 getting user params
Enter number of events and max and min iterations: 
 Number of events and iterations         1000           5           3
Enter desired fractional accuracy: 
 Desired fractional accuracy:   0.10000000000000001     
Enter 0 for fixed, 2 for adjustable grid: 
Suppress amplitude (0 no, 1 yes)? 
 Using suppressed amplitude.
Exact helicity sum (0 yes, n = number/event)? 
 Explicitly summing over helicities
Enter Configuration Number: 
Running Configuration Number:  159
 Using dconfig=         701
 BW Setting            2           2           2           1           2           2           0
 Attempting mappinvarients           1           9
 Completed mapping           9
 about to integrate           19        1000           5           3          19           1
 Using non-zero grid deformation.
 19 dimensions   1000 events 19 invarients  5 iterations  1 config(s),  (0.99)
 Using h-tuple random number sequence.
 Error opening grid
 Using Uniform Grid!          36
 Using uniform alpha   1.0000000000000000     
 Grid defined OK
 Set CM energy to      13000.00
 Mapping Graph         159  to config         159
Setting grid   1    0.75740E-07   1
Setting grid   2    0.75740E-07   1
Setting grid   3    0.53139E-04   1
 Setting BW          -4           4   125.00000000000000     
Setting grid   5    0.75740E-07   1
Setting grid   6    0.97793E-04   1
 Transforming s_hat 1/s           18   1.2437336635575443E-004   1600.0000000000000        168999999.99999997     
 159   1   2   3   4   5   6   7   8   9  10  11  12  13  14
  15  16  17  18  19
 Masses: 0.000E+00 0.000E+00 0.000E+00 0.000E+00 0.000E+00 0.000E+00 0.000E+00 0.000E+00 0.912E+02
Using random seed offsets   159 :      1
  with seed                   24
 Ranmar initialization seeds       31217        9398
 
 ********************************************
 * You are using the DiscreteSampler module *
 *      part of the MG5_aMC framework       *
 *         Author: Valentin Hirschi         *
 ********************************************
 
  Particle       3       4       5       6       7       8       9
      Et >    10.0    10.0    10.0    10.0     0.0     0.0     0.0
       E >     0.0     0.0     0.0     0.0     0.0     0.0     0.0
     Eta <     2.5     2.5     2.5     2.5    -1.0    -1.0    -1.0
   xqcut:      0.0     0.0     0.0     0.0     0.0     0.0     0.0
d R # 3  >    -0.0     0.4     0.4     0.4     0.0     0.0     0.0
d R # 4  >    -0.0    -0.0     0.4     0.4     0.0     0.0     0.0
d R # 5  >    -0.0    -0.0    -0.0     0.4     0.0     0.0     0.0
d R # 6  >    -0.0    -0.0    -0.0    -0.0     0.0     0.0     0.0
d R # 7  >    -0.0    -0.0    -0.0    -0.0    -0.0     0.0     0.0
d R # 8  >    -0.0    -0.0    -0.0    -0.0    -0.0    -0.0     0.0
s min # 3>     0.0     0.0     0.0     0.0     0.0     0.0     0.0
s min # 4>     0.0     0.0     0.0     0.0     0.0     0.0     0.0
s min # 5>     0.0     0.0     0.0     0.0     0.0     0.0     0.0
s min # 6>     0.0     0.0     0.0     0.0     0.0     0.0     0.0
s min # 7>     0.0     0.0     0.0     0.0     0.0     0.0     0.0
s min # 8>     0.0     0.0     0.0     0.0     0.0     0.0     0.0
xqcutij # 3>     0.0     0.0     0.0     0.0     0.0     0.0     0.0
xqcutij # 4>     0.0     0.0     0.0     0.0     0.0     0.0     0.0
xqcutij # 5>     0.0     0.0     0.0     0.0     0.0     0.0     0.0
xqcutij # 6>     0.0     0.0     0.0     0.0     0.0     0.0     0.0
xqcutij # 7>     0.0     0.0     0.0     0.0     0.0     0.0     0.0
xqcutij # 8>     0.0     0.0     0.0     0.0     0.0     0.0     0.0
 Excluding BW           -1           1
 Excluding BW           -2           2
 Excluding BW           -3           3
 Requiring BW           -4           4
 Excluding BW           -5           5
 Excluding BW           -6           6
 alpha_s for scale    106.97892986826248       is   0.12662689138681607     
 Added good helicity            1   43.469421646865015       in event            1 local:           1
 Added good helicity           21   26.672685810129693       in event            1 local:           1
 Added good helicity           25   4.9214137409141233E-002  in event            1 local:           1
 Added good helicity           37  0.23732094937411624       in event            1 local:           1
 Added good helicity           41   8.1787561764497418       in event            1 local:           1
 Added good helicity           61   5.6138170450081066       in event            1 local:           1
 Added good helicity          193   61.005729842987378       in event            1 local:           1
 Added good helicity          213   10.459968019761485       in event            1 local:           1
 Added good helicity          217   1.0073050585697096       in event            1 local:           1
 Added good helicity          229  0.13264058836676870       in event            1 local:           1
 Added good helicity          233   69.941124060094850       in event            1 local:           1
 Added good helicity          253   29.232016664983988       in event            1 local:           1
 Added good helicity            1   43.469421646875041       in event            1 local:           1
 Added good helicity           21   26.672685810135000       in event            1 local:           1
 Added good helicity           25   4.9214137409151815E-002  in event            1 local:           1
 Added good helicity           37  0.23732094937416925       in event            1 local:           1
 Added good helicity           41   8.1787561764509942       in event            1 local:           1
 Added good helicity           61   5.6138170450097737       in event            1 local:           1
 Added good helicity          193   61.005729842962822       in event            1 local:           1
 Added good helicity          213   10.459968019761918       in event            1 local:           1
 Added good helicity          217   1.0073050585699315       in event            1 local:           1
 Added good helicity          229  0.13264058836679793       in event            1 local:           1
 Added good helicity          233   69.941124060091667       in event            1 local:           1
 Added good helicity          253   29.232016664992738       in event            1 local:           1
 RESET CUMULATIVE VARIABLE
 RESET CUMULATIVE VARIABLE
 RESET CUMULATIVE VARIABLE
 Iteration  1   Mean: 0.1113E-22 Abs mean: 0.1113E-22   Fluctuation:  0.441E-23   0.102E-21     0.0%
  1    0.1113E-22 0.1113E-22 +- 0.4410E-23      2.51
 Writing out events   4.4526156054674202E-025   2.5053545294707527     
 Relative summed weights:
  0.7220E-05  0.1319E-01  0.3547E-07  0.8091E-01  0.0000E+00  0.0000E+00
  0.3473E-05  0.2911E-02  0.1868E+00  0.2968E-01  0.0000E+00  0.0000E+00
  0.9252E-02  0.5045E-03  0.0000E+00  0.4979E-03  0.0000E+00  0.4979E-02
  0.0000E+00  0.0000E+00  0.3247E-04  0.1818E-05  0.0000E+00  0.0000E+00
  0.8481E-07  0.8200E-02  0.2888E-03  0.1162E+00  0.0000E+00  0.0000E+00
  0.1482E-07  0.4993E-01  0.1363E-03  0.1855E-02  0.2639E-01  0.0000E+00
  0.0000E+00  0.0000E+00  0.2261E-04  0.0000E+00  0.0000E+00  0.0000E+00
  0.1379E-01  0.5184E-07  0.0000E+00  0.4544E+00  0.0000E+00  0.0000E+00
 Relative number of events:
  0.4082E-01  0.2041E-01  0.4082E-01  0.6122E-01  0.0000E+00  0.0000E+00
  0.4082E-01  0.4082E-01  0.4082E-01  0.2041E-01  0.0000E+00  0.0000E+00
  0.4082E-01  0.6122E-01  0.0000E+00  0.6122E-01  0.0000E+00  0.2041E-01
  0.0000E+00  0.0000E+00  0.2041E-01  0.2041E-01  0.0000E+00  0.0000E+00
  0.2041E-01  0.2041E-01  0.4082E-01  0.6122E-01  0.0000E+00  0.0000E+00
  0.2041E-01  0.4082E-01  0.6122E-01  0.2041E-01  0.2041E-01  0.0000E+00
  0.0000E+00  0.0000E+00  0.6122E-01  0.0000E+00  0.0000E+00  0.0000E+00
  0.4082E-01  0.2041E-01  0.0000E+00  0.4082E-01  0.0000E+00  0.0000E+00
 Events:
           2           1           2           3           0           0
           2           2           2           1           0           0
           2           3           0           3           0           1
           0           0           1           1           0           0
           1           1           2           3           0           0
           1           2           3           1           1           0
           0           0           3           0           0           0
           2           1           0           2           0           0
 Iteration  2   Mean: 0.7751E-22 Abs mean: 0.7751E-22   Fluctuation:  0.700E-22   0.140E-18     4.3%
  2    0.7751E-22 0.7751E-22 +- 0.7004E-22     40.42
 Relative summed weights:
  0.2459E-02  0.9045E+00  0.1838E-01  0.2200E-02  0.8412E-07  0.4338E-07
  0.2102E-03  0.4825E-02  0.1304E-03  0.3396E-03  0.3668E-04  0.2624E-06
  0.8467E-02  0.1308E-02  0.3823E-02  0.2742E-02  0.2356E-03  0.8459E-06
  0.3426E-03  0.4874E-02  0.3883E-03  0.2170E-02  0.0000E+00  0.2171E-02
  0.8103E-03  0.4718E-03  0.2045E-03  0.6370E-03  0.2297E-04  0.6955E-05
  0.1708E-03  0.3818E-03  0.3699E-03  0.1337E-01  0.2494E-05  0.2746E-11
  0.1313E-03  0.8525E-03  0.6263E-02  0.1508E-03  0.2824E-06  0.1803E-06
  0.5505E-03  0.1148E-01  0.5943E-03  0.3903E-02  0.3071E-05  0.1149E-05
 Relative number of events:
  0.3250E-01  0.2950E-01  0.4800E-01  0.4500E-01  0.2000E-02  0.2500E-02
  0.1650E-01  0.3000E-01  0.2750E-01  0.2450E-01  0.2500E-02  0.2500E-02
  0.2800E-01  0.2950E-01  0.3750E-01  0.3550E-01  0.1500E-02  0.1500E-02
  0.2400E-01  0.2200E-01  0.1900E-01  0.2250E-01  0.0000E+00  0.2500E-02
  0.2700E-01  0.3700E-01  0.4450E-01  0.4300E-01  0.2000E-02  0.4000E-02
  0.1600E-01  0.2400E-01  0.2300E-01  0.2500E-01  0.1000E-02  0.5000E-03
  0.4150E-01  0.3650E-01  0.4400E-01  0.4150E-01  0.1500E-02  0.1000E-02
  0.2550E-01  0.1900E-01  0.2650E-01  0.2700E-01  0.1000E-02  0.1500E-02
 Events:
          65          59          96          90           4           5
          33          60          55          49           5           5
          56          59          75          71           3           3
          48          44          38          45           0           5
          54          74          89          86           4           8
          32          48          46          50           2           1
          83          73          88          83           3           2
          51          38          53          54           2           3
 Iteration  3   Mean: 0.1388E-22 Abs mean: 0.1388E-22   Fluctuation:  0.447E-23   0.109E-19    10.5%
  3    0.1388E-22 0.1388E-22 +- 0.4475E-23     20.38
 Relative summed weights:
  0.1268E-01  0.5132E-01  0.3687E-02  0.5773E-02  0.5338E-07  0.5490E-07
  0.1919E-01  0.7113E-03  0.8084E-01  0.3235E-02  0.1069E-03  0.1342E-05
  0.1161E-01  0.8450E-02  0.1759E-02  0.9207E-02  0.6115E-02  0.2777E-06
  0.2008E+00  0.1158E+00  0.2303E-02  0.3172E-02  0.3721E-14  0.2813E-03
  0.2326E-02  0.7406E-01  0.4086E-02  0.9134E-02  0.1612E-02  0.1865E-05
  0.1453E-03  0.6286E-02  0.9995E-02  0.1129E-02  0.1027E-04  0.8103E-03
  0.7302E-02  0.1207E+00  0.3059E-01  0.5732E-03  0.1489E-05  0.1038E-05
  0.1076E-01  0.1768E+00  0.2242E-02  0.4353E-02  0.5975E-06  0.4845E-08
 Relative number of events:
  0.3875E-01  0.3550E-01  0.4175E-01  0.4000E-01  0.7500E-03  0.1750E-02
  0.2325E-01  0.1975E-01  0.2875E-01  0.2200E-01  0.1750E-02  0.7500E-03
  0.3325E-01  0.3350E-01  0.4300E-01  0.4125E-01  0.2750E-02  0.1250E-02
  0.2325E-01  0.2175E-01  0.2925E-01  0.2600E-01  0.2500E-03  0.1250E-02
  0.3400E-01  0.3925E-01  0.4175E-01  0.3650E-01  0.2750E-02  0.2000E-02
  0.2225E-01  0.2075E-01  0.2325E-01  0.2550E-01  0.7500E-03  0.1000E-02
  0.3325E-01  0.3225E-01  0.3725E-01  0.4400E-01  0.1750E-02  0.2000E-02
  0.2025E-01  0.1850E-01  0.2475E-01  0.2325E-01  0.7500E-03  0.7500E-03
 Events:
         155         142         167         160           3           7
          93          79         115          88           7           3
         133         134         172         165          11           5
          93          87         117         104           1           5
         136         157         167         146          11           8
          89          83          93         102           3           4
         133         129         149         176           7           8
          81          74          99          93           3           3
 Accuracy:    0.678   0.100   0.241   7.926
 Found           80  events.
 Wrote            4  events.
 Actual xsec    1.7388466641798803E-023
 Correct abs xsec    1.7388466641798803E-023
 Event xsec    1.7388466641798806E-023
 Events wgts > 1:            1
 % Cross section > 1:    1.1545402934183767E-030   6.6396900727466415E-006
 Iteration  4   Mean: 0.4547E-22 Abs mean: 0.4547E-22   Fluctuation:  0.122E-22   0.829E-19     9.9%
  4    0.4547E-22 0.4547E-22 +- 0.1217E-22     23.94
 Relative summed weights:
  0.1434E-01  0.5673E-02  0.3962E-01  0.2858E+00  0.1479E-04  0.3008E-03
  0.3499E-01  0.1499E-02  0.4611E-02  0.3404E-01  0.8026E-05  0.2726E-03
  0.2350E-02  0.5495E-02  0.2585E-01  0.2234E-01  0.2591E-05  0.7294E-02
  0.1349E-01  0.6351E-02  0.2261E-01  0.1595E-02  0.5643E-06  0.4518E-04
  0.8660E-02  0.3778E-02  0.8171E-02  0.1169E-01  0.2237E-04  0.3258E-03
  0.1274E-01  0.4805E-02  0.7613E-01  0.3374E-01  0.2147E-03  0.2910E-03
  0.1246E+00  0.3143E-01  0.7450E-01  0.8843E-02  0.2866E-03  0.1474E-04
  0.1106E-01  0.4164E-01  0.5124E-02  0.1218E-01  0.1181E-02  0.2169E-05
 Relative number of events:
  0.3488E-01  0.3400E-01  0.4113E-01  0.4337E-01  0.1375E-02  0.2250E-02
  0.2200E-01  0.2000E-01  0.2463E-01  0.2637E-01  0.1125E-02  0.1000E-02
  0.3275E-01  0.3612E-01  0.4100E-01  0.4050E-01  0.1125E-02  0.1625E-02
  0.2275E-01  0.2312E-01  0.2562E-01  0.2513E-01  0.1125E-02  0.7500E-03
  0.3488E-01  0.3700E-01  0.3800E-01  0.3875E-01  0.1250E-02  0.1875E-02
  0.2150E-01  0.2038E-01  0.2675E-01  0.2113E-01  0.6250E-03  0.1000E-02
  0.3762E-01  0.3712E-01  0.4038E-01  0.4138E-01  0.1625E-02  0.1125E-02
  0.2200E-01  0.2212E-01  0.2475E-01  0.2350E-01  0.7500E-03  0.7500E-03
 Events:
         279         272         329         347          11          18
         176         160         197         211           9           8
         262         289         328         324           9          13
         182         185         205         201           9           6
         279         296         304         310          10          15
         172         163         214         169           5           8
         301         297         323         331          13           9
         176         177         198         188           6           6
 Accuracy:    0.360   0.100   0.179   4.038
 Found          732  events.
 Wrote            2  events.
 Actual xsec    3.4796938594013628E-023
 Correct abs xsec    3.4796938594013628E-023
 Event xsec    3.4796938594013628E-023
 Events wgts > 1:            1
 % Cross section > 1:    6.1791455109060433E-031   1.7757727434013656E-006
 Iteration  5   Mean: 0.4599E-21 Abs mean: 0.4599E-21   Fluctuation:  0.374E-21   0.599E-17    10.1%
  5    0.4599E-21 0.4599E-21 +- 0.3744E-21    102.96
 Relative summed weights:
  0.1729E-02  0.4659E-02  0.1943E-02  0.2650E-02  0.1125E-03  0.1577E-03
  0.1583E-02  0.2063E-02  0.4945E-02  0.1885E-02  0.9174E-05  0.5223E-04
  0.3345E-02  0.1597E-01  0.8692E-02  0.5504E-02  0.3164E-02  0.1251E-03
  0.3305E-02  0.1545E-01  0.1583E-01  0.4694E-02  0.4260E-04  0.1734E-03
  0.1369E-01  0.2932E-02  0.2278E-02  0.5541E-02  0.8153E-04  0.8135E+00
  0.8119E-02  0.2880E-02  0.4587E-02  0.1093E-01  0.2029E-03  0.3556E-04
  0.1642E-02  0.8233E-02  0.2497E-02  0.7934E-02  0.1464E-04  0.7591E-04
  0.4539E-02  0.3515E-02  0.1784E-02  0.5890E-02  0.9888E-05  0.1027E-02
 Relative number of events:
  0.3725E-01  0.3775E-01  0.3919E-01  0.4206E-01  0.1187E-02  0.1687E-02
  0.2325E-01  0.2106E-01  0.2469E-01  0.2325E-01  0.1187E-02  0.9375E-03
  0.3656E-01  0.3687E-01  0.3906E-01  0.3744E-01  0.1625E-02  0.1500E-02
  0.2425E-01  0.2187E-01  0.2331E-01  0.2631E-01  0.8125E-03  0.1437E-02
  0.3562E-01  0.3612E-01  0.4281E-01  0.3625E-01  0.1250E-02  0.2563E-02
  0.2225E-01  0.2162E-01  0.2587E-01  0.2262E-01  0.1187E-02  0.1250E-02
  0.3731E-01  0.3562E-01  0.3825E-01  0.4031E-01  0.1375E-02  0.2063E-02
  0.2187E-01  0.2187E-01  0.2206E-01  0.2344E-01  0.1313E-02  0.5000E-03
 Events:
         596         604         627         673          19          27
         372         337         395         372          19          15
         585         590         625         599          26          24
         388         350         373         421          13          23
         570         578         685         580          20          41
         356         346         414         362          19          20
         597         570         612         645          22          33
         350         350         353         375          21           8
 Accuracy:    0.924   0.100   0.175  27.916
 Found         1984  events.
 Wrote            1  events.
 Actual xsec    5.8278953308225071E-023
 Correct abs xsec    5.8278953308225071E-023
 Event xsec    5.8278953308225071E-023
 Events wgts > 1:            1
 % Cross section > 1:    1.9960211237093237E-029   3.4249433292886878E-005

 -------------------------------------------------------------------------------
 Accumulated results:   Integral =  0.4981E-22
                        Std dev  =  0.8711E-23
                       Cross sec =  0.4981E-22
             Chi**2 per DoF.     =     27.9163
 -------------------------------------------------------------------------------
-------------------------------------------------
---------------------------
 Results Last   3 iters: Integral =   0.5828E-22
                     Abs integral =   0.5828E-22
                          Std dev =   0.1163E-22
                  Chi**2 per DoF. =     50.3468
-------------------------------------------------
---------------------------
 Status  0.10000000000000001                6           5

ls status:
events.lhe
ftn26
input_app.txt
results.dat
run1_app.log
