 Process in group number            1
 A PDF is used, so alpha_s(MZ) is going to be modified
 Old value of alpha_s from param_card:   0.11839999999999999     
  ****************************************
 
       NNPDFDriver version 1.0.3
   Grid: NNPDF23_lo_as_0130_qed_mem0.grid
  ****************************************
 New value of alpha_s from PDF nn23lo1:  0.13000000000000000     
 Define smin to   1600.0000000000000     
 Define smin to   1600.0000000000000     
 Define smin to   1600.0000000000000     
 *****************************************************
 *               MadGraph/MadEvent                   *
 *        --------------------------------           *
 *          http://madgraph.hep.uiuc.edu             *
 *          http://madgraph.phys.ucl.ac.be           *
 *          http://madgraph.roma2.infn.it            *
 *        --------------------------------           *
 *                                                   *
 *          PARAMETER AND COUPLING VALUES            *
 *                                                   *
 *****************************************************

  External Params
  ---------------------------------
  
 mdl_VeN1 =    1.0000000000000000     
 mdl_VeN2 =    0.0000000000000000     
 mdl_VeN3 =    0.0000000000000000     
 mdl_VmuN1 =    0.0000000000000000     
 mdl_VmuN2 =    1.0000000000000000     
 mdl_VmuN3 =    0.0000000000000000     
 mdl_VtaN1 =    0.0000000000000000     
 mdl_VtaN2 =    0.0000000000000000     
 mdl_VtaN3 =    1.0000000000000000     
 mdl_VN1N1 =    1.0000000000000000     
 mdl_VN1N2 =    1.0000000000000000     
 mdl_VN1N3 =    1.0000000000000000     
 mdl_VN2N2 =    1.0000000000000000     
 mdl_VN2N3 =    1.0000000000000000     
 mdl_VN3N3 =    1.0000000000000000     
 aEWM1 =    127.90000000000001     
 mdl_Gf =    1.1663700000000000E-005
 aS =   0.11839999999999999     
 mdl_ymt =    172.00000000000000     
 mdl_vevf =    50.000000000000000     
 mdl_MZ =    91.187600000000003     
 mdl_MT =    172.00000000000000     
 mdl_MH =    125.00000000000000     
 mdl_mN1 =    510.00000000000000     
 mdl_mN2 =    610.00000000000000     
 mdl_mN3 =    710.00000000000000     
 mdl_MJ =    91.187600000000003     
 mdl_MAx =    173.04800000000000     
 mdl_WZ =    2.4952000000000001     
 mdl_WW =    2.0850000000000000     
 mdl_WT =    1.5083359999999999     
 mdl_WH =    4.0699999999999998E-003
 mdl_WN1 =   0.30299999999999999     
 mdl_WN2 =    1.5000000000000000     
 mdl_WN3 =    12.300000000000001     
 mdl_WJ =    2.4952000000000001     
 mdl_WAx =    4.1700000000000001E-003
  Internal Params
  ---------------------------------
  
 mdl_vevf__exp__2 =    2500.0000000000000     
 mdl_sqrt__vevf__exp__2 =    50.000000000000000     
 mdl_muJ =    50.000000000000000     
 mdl_MZ__exp__2 =    8315.1783937600012     
 mdl_MZ__exp__4 =    69142191.720053151     
 mdl_sqrt__2 =    1.4142135623730951     
 mdl_MJ__exp__2 =    8315.1783937600012     
 mdl_muJ__exp__2 =    2500.0000000000000     
 mdl_lamJ =    4.3260713575040004     
 mdl_MH__exp__2 =    15625.000000000000     
 mdl_complexi =  (  0.0000000000000000     ,  1.0000000000000000     )
 mdl_aEW =    7.8186082877247844E-003
 mdl_MW =    79.824359746197842     
 mdl_sqrt__aEW =    8.8422894590285753E-002
 mdl_ee =   0.31345100004952897     
 mdl_MW__exp__2 =    6371.9284088904105     
 mdl_sw2 =   0.23369913342182447     
 mdl_cw =   0.87538612427783857     
 mdl_sqrt__sw2 =   0.48342438232036300     
 mdl_sw =   0.48342438232036300     
 mdl_g1 =   0.35807170271074895     
 mdl_gN =   0.64839716719502682     
 mdl_gw =   0.64839716719502682     
 mdl_vev =    246.22056907348590     
 mdl_vev__exp__2 =    60624.568634871241     
 mdl_lam =   0.12886689630821144     
 mdl_yt =   0.98791394091683138     
 mdl_muH =    88.388347648318444     
 mdl_I2a33 =  ( 0.98791394091683138     ,  0.0000000000000000     )
 mdl_I3a33 =  ( 0.98791394091683138     ,  0.0000000000000000     )
 mdl_ee__exp__2 =    9.8251529432049817E-002
 mdl_sw__exp__2 =   0.23369913342182450     
 mdl_cw__exp__2 =   0.76630086657817542     
  Internal Params evaluated point by point
  ----------------------------------------
  
 mdl_sqrt__aS =   0.34409301068170506     
 mdl_G__exp__2 =    1.4878582807401259     
  Couplings of SM_HeavyN_UFO
  ---------------------------------
  
         GC_1 =  -0.00000E+00  -0.10448E+00
         GC_2 =   0.00000E+00   0.20897E+00
         GC_3 =  -0.00000E+00  -0.31345E+00
         GC_4 =   0.00000E+00   0.31345E+00
        GC_26 =   0.00000E+00   0.45849E+00
        GC_27 =  -0.00000E+00  -0.28380E+00
        GC_28 =   0.00000E+00   0.28380E+00
        GC_30 =   0.00000E+00   0.56760E+00
        GC_35 =  -0.00000E+00  -0.28850E-01
        GC_37 =   0.00000E+00   0.17310E+00
        GC_39 =   0.00000E+00  -0.19725E+00
        GC_40 =   0.00000E+00   0.37035E+00
        GC_80 =   0.00000E+00   0.67543E+02
       GC_107 =  -0.00000E+00  -0.74070E+00
       GC_109 =  -0.00000E+00  -0.74070E+00
       GC_111 =  -0.00000E+00  -0.74070E+00
       GC_113 =  -0.00000E+00  -0.74070E+00
       GC_115 =  -0.00000E+00  -0.74070E+00
       GC_117 =  -0.00000E+00  -0.74070E+00
       GC_119 =   0.00000E+00   0.00000E+00
       GC_120 =   0.00000E+00   0.00000E+00
       GC_122 =  -0.00000E+00  -0.00000E+00
       GC_126 =   0.00000E+00   0.00000E+00
       GC_127 =   0.00000E+00   0.00000E+00
       GC_129 =  -0.00000E+00  -0.00000E+00
       GC_133 =   0.00000E+00   0.45849E+00
       GC_134 =   0.00000E+00   0.37035E+00
       GC_136 =  -0.00000E+00  -0.28836E+01
        GC_81 =   0.10200E+02   0.00000E+00
        GC_82 =   0.12200E+02   0.00000E+00
        GC_83 =   0.14200E+02   0.00000E+00

 Collider parameters:
 --------------------

 Running at P P   machine @    13000.000000000000       GeV
 PDF set = nn23lo1
 alpha_s(Mz)= 0.1300 running at 2 loops.
 alpha_s(Mz)= 0.1300 running at 2 loops.
 Renormalization scale set on event-by-event basis
 Factorization   scale set on event-by-event basis


 getting user params
Enter number of events and max and min iterations: 
 Number of events and iterations         1000           5           3
Enter desired fractional accuracy: 
 Desired fractional accuracy:   0.10000000000000001     
Enter 0 for fixed, 2 for adjustable grid: 
Suppress amplitude (0 no, 1 yes)? 
 Using suppressed amplitude.
Exact helicity sum (0 yes, n = number/event)? 
 Explicitly summing over helicities
Enter Configuration Number: 
Running Configuration Number:  195
 Using dconfig=         620
 BW Setting            2           2           2           1           1           2           0
 Attempting mappinvarients           1           9
 Completed mapping           9
 about to integrate           19        1000           5           3          19           1
 Using non-zero grid deformation.
 19 dimensions   1000 events 19 invarients  5 iterations  1 config(s),  (0.99)
 Using h-tuple random number sequence.
 Error opening grid
 Using Uniform Grid!          36
 Using uniform alpha   1.0000000000000000     
 Grid defined OK
 Set CM energy to      13000.00
 Mapping Graph         195  to config         195
Setting grid   1    0.75740E-07   1
Setting grid   2    0.75740E-07   1
Setting grid   3    0.75740E-07   1
 Setting BW          -4           4   710.00000000000000     
 Setting BW          -5           5   710.00000000000000     
Setting grid   6    0.32375E-02   1
 Transforming s_hat 1/s           18   3.2375014532175150E-003   1600.0000000000000        168999999.99999997     
 195   1   2   3   4   5   6   7   8   9  10  11  12  13  14
  15  16  17  18  19
 Masses: 0.000E+00 0.000E+00 0.000E+00 0.000E+00 0.000E+00 0.000E+00 0.000E+00 0.000E+00 0.912E+02
Using random seed offsets   195 :      1
  with seed                   24
 Ranmar initialization seeds       31253        9398
 
 ********************************************
 * You are using the DiscreteSampler module *
 *      part of the MG5_aMC framework       *
 *         Author: Valentin Hirschi         *
 ********************************************
 
  Particle       3       4       5       6       7       8       9
      Et >    10.0    10.0    10.0    10.0     0.0     0.0     0.0
       E >     0.0     0.0     0.0     0.0     0.0     0.0     0.0
     Eta <     2.5     2.5     2.5     2.5    -1.0    -1.0    -1.0
   xqcut:      0.0     0.0     0.0     0.0     0.0     0.0     0.0
d R # 3  >    -0.0     0.4     0.4     0.4     0.0     0.0     0.0
d R # 4  >    -0.0    -0.0     0.4     0.4     0.0     0.0     0.0
d R # 5  >    -0.0    -0.0    -0.0     0.4     0.0     0.0     0.0
d R # 6  >    -0.0    -0.0    -0.0    -0.0     0.0     0.0     0.0
d R # 7  >    -0.0    -0.0    -0.0    -0.0    -0.0     0.0     0.0
d R # 8  >    -0.0    -0.0    -0.0    -0.0    -0.0    -0.0     0.0
s min # 3>     0.0     0.0     0.0     0.0     0.0     0.0     0.0
s min # 4>     0.0     0.0     0.0     0.0     0.0     0.0     0.0
s min # 5>     0.0     0.0     0.0     0.0     0.0     0.0     0.0
s min # 6>     0.0     0.0     0.0     0.0     0.0     0.0     0.0
s min # 7>     0.0     0.0     0.0     0.0     0.0     0.0     0.0
s min # 8>     0.0     0.0     0.0     0.0     0.0     0.0     0.0
xqcutij # 3>     0.0     0.0     0.0     0.0     0.0     0.0     0.0
xqcutij # 4>     0.0     0.0     0.0     0.0     0.0     0.0     0.0
xqcutij # 5>     0.0     0.0     0.0     0.0     0.0     0.0     0.0
xqcutij # 6>     0.0     0.0     0.0     0.0     0.0     0.0     0.0
xqcutij # 7>     0.0     0.0     0.0     0.0     0.0     0.0     0.0
xqcutij # 8>     0.0     0.0     0.0     0.0     0.0     0.0     0.0
 Excluding BW           -1           1
 Excluding BW           -2           2
 Excluding BW           -3           3
 Requiring BW           -4           4
 Requiring BW           -5           5
 Excluding BW           -6           6
 alpha_s for scale    757.20769278751629       is    9.6241098283710289E-002
 Added good helicity            1   78.889827941458705       in event            1 local:           1
 Added good helicity           21   35.827273596840016       in event            1 local:           1
 Added good helicity           25   2.5124102759372864       in event            1 local:           1
 Added good helicity           37   5.9170552904895271       in event            1 local:           1
 Added good helicity           41   3.0669923110719095       in event            1 local:           1
 Added good helicity           61   4.8194206500587464       in event            1 local:           1
 Added good helicity          193   26.785926397472132       in event            1 local:           1
 Added good helicity          213   62.420199318878147       in event            1 local:           1
 Added good helicity          217   14.862580089176756       in event            1 local:           1
 Added good helicity          229   4.3593789857659679       in event            1 local:           1
 Added good helicity          233   13.863487856339255       in event            1 local:           1
 Added good helicity          253   2.6754472865115706       in event            1 local:           1
 Added good helicity            1   78.889827941456815       in event            1 local:           1
 Added good helicity           21   35.827273596840179       in event            1 local:           1
 Added good helicity           25   2.5124102759374018       in event            1 local:           1
 Added good helicity           37   5.9170552904895484       in event            1 local:           1
 Added good helicity           41   3.0669923110719450       in event            1 local:           1
 Added good helicity           61   4.8194206500587926       in event            1 local:           1
 Added good helicity          193   26.785926397471695       in event            1 local:           1
 Added good helicity          213   62.420199318879256       in event            1 local:           1
 Added good helicity          217   14.862580089177170       in event            1 local:           1
 Added good helicity          229   4.3593789857660843       in event            1 local:           1
 Added good helicity          233   13.863487856339431       in event            1 local:           1
 Added good helicity          253   2.6754472865116181       in event            1 local:           1
 RESET CUMULATIVE VARIABLE
 RESET CUMULATIVE VARIABLE
 RESET CUMULATIVE VARIABLE
 Iteration  1   Mean: 0.2499E-15 Abs mean: 0.2499E-15   Fluctuation:  0.144E-15   0.809E-13     0.4%
  1    0.2499E-15 0.2499E-15 +- 0.1441E-15     15.78
 Writing out events   9.9968619414912201E-018   15.780212988051270     
 Relative summed weights:
  0.4375E+00  0.3499E-01  0.3524E-01  0.5838E-04  0.0000E+00  0.5929E-11
  0.2184E-02  0.3189E-04  0.2070E-02  0.2259E-03  0.7017E-10  0.0000E+00
  0.3235E-02  0.1439E-02  0.1290E-02  0.1655E-04  0.1357E-04  0.6218E-18
  0.7462E-02  0.8420E-03  0.4299E-04  0.5513E-03  0.0000E+00  0.2684E-05
  0.7581E-02  0.2113E-01  0.1986E-02  0.9359E-03  0.1253E-06  0.3998E-12
  0.1021E-02  0.8493E-02  0.6564E-03  0.1195E-01  0.0000E+00  0.9899E-07
  0.3784E+00  0.2147E-03  0.4072E-03  0.1848E-03  0.2802E-10  0.0000E+00
  0.2329E-02  0.2985E-01  0.1902E-02  0.5696E-02  0.0000E+00  0.7572E-11
 Relative number of events:
  0.2111E-01  0.1583E-01  0.4354E-01  0.4090E-01  0.0000E+00  0.1319E-02
  0.3298E-01  0.1847E-01  0.4617E-01  0.3034E-01  0.3958E-02  0.0000E+00
  0.2902E-01  0.1979E-01  0.2243E-01  0.1979E-01  0.2639E-02  0.1319E-02
  0.1451E-01  0.1979E-01  0.2507E-01  0.2770E-01  0.0000E+00  0.2639E-02
  0.3166E-01  0.2639E-01  0.4617E-01  0.5541E-01  0.1319E-02  0.1319E-02
  0.4485E-01  0.2639E-01  0.5673E-01  0.4617E-01  0.0000E+00  0.3958E-02
  0.2375E-01  0.2639E-01  0.2770E-01  0.1847E-01  0.2639E-02  0.0000E+00
  0.2770E-01  0.3298E-01  0.2375E-01  0.3562E-01  0.0000E+00  0.1319E-02
 Events:
          16          12          33          31           0           1
          25          14          35          23           3           0
          22          15          17          15           2           1
          11          15          19          21           0           2
          24          20          35          42           1           1
          34          20          43          35           0           3
          18          20          21          14           2           0
          21          25          18          27           0           1
 Iteration  2   Mean: 0.8770E-15 Abs mean: 0.8770E-15   Fluctuation:  0.431E-15   0.827E-12    10.5%
  2    0.8770E-15 0.8770E-15 +- 0.4314E-15     22.00
 Relative summed weights:
  0.1104E-01  0.1168E-01  0.1226E+00  0.3193E-02  0.4970E-08  0.6772E-05
  0.3285E-02  0.1633E-01  0.8905E-01  0.1030E-02  0.2643E-06  0.2008E-06
  0.2096E-01  0.1874E-02  0.4481E-01  0.2153E-01  0.4567E-06  0.3746E-04
  0.1685E-03  0.4815E+00  0.1534E-02  0.7143E-02  0.4082E-06  0.1778E-07
  0.1959E-01  0.3073E-02  0.6932E-03  0.6189E-02  0.1104E-04  0.4203E-09
  0.2293E-02  0.2642E-02  0.4156E-02  0.2053E-01  0.4423E-02  0.7115E-06
  0.4027E-03  0.2379E-02  0.2560E-01  0.1798E-01  0.6015E-04  0.3651E-04
  0.4706E-03  0.1206E-01  0.3592E-01  0.3704E-02  0.0000E+00  0.0000E+00
 Relative number of events:
  0.2900E-01  0.3500E-01  0.3750E-01  0.4450E-01  0.5000E-03  0.1000E-02
  0.3400E-01  0.4200E-01  0.4550E-01  0.4100E-01  0.1500E-02  0.1000E-02
  0.2150E-01  0.2400E-01  0.2200E-01  0.2650E-01  0.1500E-02  0.5000E-03
  0.1800E-01  0.1950E-01  0.2450E-01  0.2800E-01  0.1000E-02  0.5000E-03
  0.3050E-01  0.3850E-01  0.4300E-01  0.4200E-01  0.1000E-02  0.1500E-02
  0.3550E-01  0.2900E-01  0.3750E-01  0.4600E-01  0.1000E-02  0.5000E-03
  0.2000E-01  0.2150E-01  0.2550E-01  0.3050E-01  0.1000E-02  0.1500E-02
  0.2100E-01  0.2900E-01  0.2000E-01  0.2400E-01  0.0000E+00  0.0000E+00
 Events:
          58          70          75          89           1           2
          68          84          91          82           3           2
          43          48          44          53           3           1
          36          39          49          56           2           1
          61          77          86          84           2           3
          71          58          75          92           2           1
          40          43          51          61           2           3
          42          58          40          48           0           0
 Iteration  3   Mean: 0.1826E-14 Abs mean: 0.1826E-14   Fluctuation:  0.888E-15   0.344E-11    41.0%
  3    0.1826E-14 0.1826E-14 +- 0.8882E-15     30.76
 Relative summed weights:
  0.6758E-02  0.4775E+00  0.4888E-02  0.1261E-01  0.0000E+00  0.8754E-05
  0.6109E-02  0.8580E-03  0.1396E-01  0.5491E-02  0.7919E-08  0.1176E-02
  0.3539E-02  0.2802E-02  0.1049E-01  0.1526E+00  0.8996E-06  0.1134E-02
  0.1064E-01  0.9950E-02  0.4762E-02  0.7955E-01  0.1656E-03  0.1590E-04
  0.7413E-02  0.1416E-01  0.3016E-01  0.1917E-02  0.5195E-05  0.1703E-06
  0.8566E-02  0.1100E-01  0.3421E-02  0.1522E-01  0.1983E-05  0.1033E-04
  0.2818E-02  0.4253E-01  0.1222E-02  0.1323E-01  0.0000E+00  0.2708E-04
  0.2850E-02  0.9844E-02  0.8278E-02  0.2232E-01  0.0000E+00  0.5725E-05
 Relative number of events:
  0.3100E-01  0.3150E-01  0.4225E-01  0.4600E-01  0.0000E+00  0.5000E-03
  0.2875E-01  0.2775E-01  0.4100E-01  0.4425E-01  0.5000E-03  0.1250E-02
  0.2200E-01  0.2875E-01  0.2450E-01  0.2925E-01  0.7500E-03  0.7500E-03
  0.2175E-01  0.2375E-01  0.2525E-01  0.2650E-01  0.1750E-02  0.1500E-02
  0.3350E-01  0.2800E-01  0.3750E-01  0.4025E-01  0.7500E-03  0.1000E-02
  0.3150E-01  0.3400E-01  0.4375E-01  0.4775E-01  0.5000E-03  0.7500E-03
  0.2500E-01  0.2200E-01  0.2200E-01  0.2525E-01  0.0000E+00  0.7500E-03
  0.2750E-01  0.2750E-01  0.2250E-01  0.2650E-01  0.0000E+00  0.5000E-03
 Events:
         124         126         169         184           0           2
         115         111         164         177           2           5
          88         115          98         117           3           3
          87          95         101         106           7           6
         134         112         150         161           3           4
         126         136         175         191           2           3
         100          88          88         101           0           3
         110         110          90         106           0           2
 Accuracy:    0.422   0.100   0.297   2.029
 Found          188  events.
 Wrote            1  events.
 Actual xsec    1.0641346490563904E-015
 Correct abs xsec    1.0641346490563904E-015
 Event xsec    1.0641346490563904E-015
 Events wgts > 1:            0
 % Cross section > 1:    0.0000000000000000        0.0000000000000000     
 Iteration  4   Mean: 0.2008E-14 Abs mean: 0.2008E-14   Fluctuation:  0.527E-15   0.309E-11    51.3%
  4    0.2008E-14 0.2008E-14 +- 0.5267E-15     23.46
 Relative summed weights:
  0.1542E+00  0.2243E-01  0.1392E-01  0.1081E-01  0.5631E-06  0.1134E-04
  0.2000E+00  0.7685E-01  0.1886E-01  0.9378E-02  0.5556E-05  0.2162E-04
  0.2746E-02  0.1056E-01  0.3181E-01  0.1143E-01  0.2522E-04  0.1555E-04
  0.2593E-01  0.9412E-02  0.8891E-02  0.1119E-01  0.2814E-02  0.6885E-07
  0.3130E-01  0.1769E-01  0.1220E-01  0.3155E-01  0.4245E-04  0.4043E-03
  0.3117E-01  0.4215E-02  0.8088E-02  0.3900E-02  0.1820E-04  0.1607E-04
  0.4039E-01  0.4230E-01  0.4411E-02  0.3503E-02  0.1914E-04  0.5918E-05
  0.2403E-01  0.1138E-01  0.7164E-01  0.4033E-01  0.3673E-05  0.1112E-04
 Relative number of events:
  0.3263E-01  0.3363E-01  0.4375E-01  0.4662E-01  0.6250E-03  0.7500E-03
  0.3163E-01  0.2987E-01  0.4325E-01  0.4600E-01  0.1000E-02  0.5000E-03
  0.2500E-01  0.2513E-01  0.2650E-01  0.2488E-01  0.3750E-03  0.8750E-03
  0.2125E-01  0.2463E-01  0.2450E-01  0.2562E-01  0.1000E-02  0.2500E-03
  0.3413E-01  0.3087E-01  0.4075E-01  0.4250E-01  0.5000E-03  0.1125E-02
  0.3562E-01  0.2913E-01  0.3975E-01  0.4088E-01  0.7500E-03  0.8750E-03
  0.2262E-01  0.2200E-01  0.2050E-01  0.2475E-01  0.7500E-03  0.3750E-03
  0.2388E-01  0.2350E-01  0.2813E-01  0.2550E-01  0.2500E-03  0.6250E-03
 Events:
         261         269         350         373           5           6
         253         239         346         368           8           4
         200         201         212         199           3           7
         170         197         196         205           8           2
         273         247         326         340           4           9
         285         233         318         327           6           7
         181         176         164         198           6           3
         191         188         225         204           2           5
 Accuracy:    0.228   0.100   0.196   1.349
 Found          310  events.
 Wrote            5  events.
 Actual xsec    1.7705771141201775E-015
 Correct abs xsec    1.7705771141201775E-015
 Event xsec    1.7705771141201773E-015
 Events wgts > 1:            1
 % Cross section > 1:    4.6585854761057770E-023   2.6311113133418582E-006
 Iteration  5   Mean: 0.1778E-14 Abs mean: 0.1778E-14   Fluctuation:  0.257E-15   0.288E-11    52.6%
  5    0.1778E-14 0.1778E-14 +- 0.2574E-15     18.31
 Relative summed weights:
  0.3114E-01  0.1897E-01  0.3579E-01  0.2969E-01  0.2469E-03  0.1240E-03
  0.1500E-01  0.2667E-01  0.1762E-01  0.2812E-01  0.8795E-04  0.5001E-04
  0.1848E-01  0.1328E-01  0.1940E-01  0.4218E-01  0.4101E-04  0.3139E-03
  0.1428E-01  0.6683E-02  0.2460E-01  0.1859E-01  0.5798E-04  0.1276E-02
  0.2753E-01  0.1972E-01  0.2049E-01  0.1660E-01  0.7051E-03  0.1592E-04
  0.3537E-01  0.4033E-01  0.4407E-01  0.1986E-01  0.4448E-04  0.4827E-02
  0.2421E-01  0.2979E-01  0.6156E-01  0.2064E-01  0.9918E-04  0.3246E-03
  0.2224E-01  0.1427E-01  0.3269E-01  0.2019E+00  0.1404E-05  0.3305E-04
 Relative number of events:
  0.3263E-01  0.3231E-01  0.4019E-01  0.4094E-01  0.8125E-03  0.5625E-03
  0.3219E-01  0.3037E-01  0.4119E-01  0.4387E-01  0.8750E-03  0.6875E-03
  0.2556E-01  0.2319E-01  0.2550E-01  0.2419E-01  0.6875E-03  0.6875E-03
  0.2131E-01  0.2425E-01  0.2562E-01  0.2481E-01  0.3750E-03  0.6875E-03
  0.3194E-01  0.3294E-01  0.4612E-01  0.4269E-01  0.6875E-03  0.8125E-03
  0.3112E-01  0.3263E-01  0.4125E-01  0.4394E-01  0.8125E-03  0.1000E-02
  0.2587E-01  0.2531E-01  0.2725E-01  0.2406E-01  0.4375E-03  0.5625E-03
  0.2363E-01  0.2531E-01  0.2419E-01  0.2312E-01  0.3750E-03  0.4375E-03
 Events:
         522         517         643         655          13           9
         515         486         659         702          14          11
         409         371         408         387          11          11
         341         388         410         397           6          11
         511         527         738         683          11          13
         498         522         660         703          13          16
         414         405         436         385           7           9
         378         405         387         370           6           7
 Accuracy:    0.112   0.100   0.117   0.924
 Found          829  events.
 Wrote           11  events.
 Actual xsec    1.8313666438971518E-015
 Correct abs xsec    1.8313666438971518E-015
 Event xsec    1.8313666438971522E-015
 Events wgts > 1:            1
 % Cross section > 1:    9.0215854563481522E-024   4.9261492702248851E-007

 -------------------------------------------------------------------------------
 Accumulated results:   Integral =  0.1713E-14
                        Std dev  =  0.1997E-15
                       Cross sec =  0.1713E-14
             Chi**2 per DoF.     =      0.9242
 -------------------------------------------------------------------------------
-------------------------------------------------
---------------------------
 Results Last   3 iters: Integral =   0.1831E-14
                     Abs integral =   0.1831E-14
                          Std dev =   0.2246E-15
                  Chi**2 per DoF. =      0.0781
-------------------------------------------------
---------------------------
 Status  0.10000000000000001                6           5

ls status:
events.lhe
ftn26
input_app.txt
results.dat
run1_app.log
