 Process in group number            1
 A PDF is used, so alpha_s(MZ) is going to be modified
 Old value of alpha_s from param_card:   0.11839999999999999     
  ****************************************
 
       NNPDFDriver version 1.0.3
   Grid: NNPDF23_lo_as_0130_qed_mem0.grid
  ****************************************
 New value of alpha_s from PDF nn23lo1:  0.13000000000000000     
 Define smin to   1600.0000000000000     
 Define smin to   1600.0000000000000     
 Define smin to   1600.0000000000000     
 *****************************************************
 *               MadGraph/MadEvent                   *
 *        --------------------------------           *
 *          http://madgraph.hep.uiuc.edu             *
 *          http://madgraph.phys.ucl.ac.be           *
 *          http://madgraph.roma2.infn.it            *
 *        --------------------------------           *
 *                                                   *
 *          PARAMETER AND COUPLING VALUES            *
 *                                                   *
 *****************************************************

  External Params
  ---------------------------------
  
 mdl_VeN1 =    1.0000000000000000     
 mdl_VeN2 =    0.0000000000000000     
 mdl_VeN3 =    0.0000000000000000     
 mdl_VmuN1 =    0.0000000000000000     
 mdl_VmuN2 =    1.0000000000000000     
 mdl_VmuN3 =    0.0000000000000000     
 mdl_VtaN1 =    0.0000000000000000     
 mdl_VtaN2 =    0.0000000000000000     
 mdl_VtaN3 =    1.0000000000000000     
 mdl_VN1N1 =    1.0000000000000000     
 mdl_VN1N2 =    1.0000000000000000     
 mdl_VN1N3 =    1.0000000000000000     
 mdl_VN2N2 =    1.0000000000000000     
 mdl_VN2N3 =    1.0000000000000000     
 mdl_VN3N3 =    1.0000000000000000     
 aEWM1 =    127.90000000000001     
 mdl_Gf =    1.1663700000000000E-005
 aS =   0.11839999999999999     
 mdl_ymt =    172.00000000000000     
 mdl_vevf =    50.000000000000000     
 mdl_MZ =    91.187600000000003     
 mdl_MT =    172.00000000000000     
 mdl_MH =    125.00000000000000     
 mdl_mN1 =    1644.0000000000000     
 mdl_mN2 =    1744.0000000000000     
 mdl_mN3 =    1844.0000000000000     
 mdl_MJ =    91.187600000000003     
 mdl_MAx =    173.04800000000000     
 mdl_WZ =    2.4952000000000001     
 mdl_WW =    2.0850000000000000     
 mdl_WT =    1.5083359999999999     
 mdl_WH =    4.0699999999999998E-003
 mdl_WN1 =   0.30299999999999999     
 mdl_WN2 =    1.5000000000000000     
 mdl_WN3 =    12.300000000000001     
 mdl_WJ =    2.4952000000000001     
 mdl_WAx =    4.1700000000000001E-003
  Internal Params
  ---------------------------------
  
 mdl_vevf__exp__2 =    2500.0000000000000     
 mdl_sqrt__vevf__exp__2 =    50.000000000000000     
 mdl_muJ =    50.000000000000000     
 mdl_MZ__exp__2 =    8315.1783937600012     
 mdl_MZ__exp__4 =    69142191.720053151     
 mdl_sqrt__2 =    1.4142135623730951     
 mdl_MJ__exp__2 =    8315.1783937600012     
 mdl_muJ__exp__2 =    2500.0000000000000     
 mdl_lamJ =    4.3260713575040004     
 mdl_MH__exp__2 =    15625.000000000000     
 mdl_complexi =  (  0.0000000000000000     ,  1.0000000000000000     )
 mdl_aEW =    7.8186082877247844E-003
 mdl_MW =    79.824359746197842     
 mdl_sqrt__aEW =    8.8422894590285753E-002
 mdl_ee =   0.31345100004952897     
 mdl_MW__exp__2 =    6371.9284088904105     
 mdl_sw2 =   0.23369913342182447     
 mdl_cw =   0.87538612427783857     
 mdl_sqrt__sw2 =   0.48342438232036300     
 mdl_sw =   0.48342438232036300     
 mdl_g1 =   0.35807170271074895     
 mdl_gN =   0.64839716719502682     
 mdl_gw =   0.64839716719502682     
 mdl_vev =    246.22056907348590     
 mdl_vev__exp__2 =    60624.568634871241     
 mdl_lam =   0.12886689630821144     
 mdl_yt =   0.98791394091683138     
 mdl_muH =    88.388347648318444     
 mdl_I2a33 =  ( 0.98791394091683138     ,  0.0000000000000000     )
 mdl_I3a33 =  ( 0.98791394091683138     ,  0.0000000000000000     )
 mdl_ee__exp__2 =    9.8251529432049817E-002
 mdl_sw__exp__2 =   0.23369913342182450     
 mdl_cw__exp__2 =   0.76630086657817542     
  Internal Params evaluated point by point
  ----------------------------------------
  
 mdl_sqrt__aS =   0.34409301068170506     
 mdl_G__exp__2 =    1.4878582807401259     
  Couplings of SM_HeavyN_UFO
  ---------------------------------
  
         GC_1 =  -0.00000E+00  -0.10448E+00
         GC_2 =   0.00000E+00   0.20897E+00
         GC_3 =  -0.00000E+00  -0.31345E+00
         GC_4 =   0.00000E+00   0.31345E+00
        GC_26 =   0.00000E+00   0.45849E+00
        GC_27 =  -0.00000E+00  -0.28380E+00
        GC_28 =   0.00000E+00   0.28380E+00
        GC_30 =   0.00000E+00   0.56760E+00
        GC_35 =  -0.00000E+00  -0.28850E-01
        GC_37 =   0.00000E+00   0.17310E+00
        GC_39 =   0.00000E+00  -0.19725E+00
        GC_40 =   0.00000E+00   0.37035E+00
        GC_80 =   0.00000E+00   0.67543E+02
       GC_107 =  -0.00000E+00  -0.74070E+00
       GC_109 =  -0.00000E+00  -0.74070E+00
       GC_111 =  -0.00000E+00  -0.74070E+00
       GC_113 =  -0.00000E+00  -0.74070E+00
       GC_115 =  -0.00000E+00  -0.74070E+00
       GC_117 =  -0.00000E+00  -0.74070E+00
       GC_119 =   0.00000E+00   0.00000E+00
       GC_120 =   0.00000E+00   0.00000E+00
       GC_122 =  -0.00000E+00  -0.00000E+00
       GC_126 =   0.00000E+00   0.00000E+00
       GC_127 =   0.00000E+00   0.00000E+00
       GC_129 =  -0.00000E+00  -0.00000E+00
       GC_133 =   0.00000E+00   0.45849E+00
       GC_134 =   0.00000E+00   0.37035E+00
       GC_136 =  -0.00000E+00  -0.74892E+01
        GC_81 =   0.32880E+02   0.00000E+00
        GC_82 =   0.34880E+02   0.00000E+00
        GC_83 =   0.36880E+02   0.00000E+00

 Collider parameters:
 --------------------

 Running at P P   machine @    13000.000000000000       GeV
 PDF set = nn23lo1
 alpha_s(Mz)= 0.1300 running at 2 loops.
 alpha_s(Mz)= 0.1300 running at 2 loops.
 Renormalization scale set on event-by-event basis
 Factorization   scale set on event-by-event basis


 getting user params
Enter number of events and max and min iterations: 
 Number of events and iterations         1000           5           3
Enter desired fractional accuracy: 
 Desired fractional accuracy:   0.10000000000000001     
Enter 0 for fixed, 2 for adjustable grid: 
Suppress amplitude (0 no, 1 yes)? 
 Using suppressed amplitude.
Exact helicity sum (0 yes, n = number/event)? 
 Explicitly summing over helicities
Enter Configuration Number: 
Running Configuration Number: 1253
 Using dconfig=         644
 BW Setting            2           1           2           2           1           2           0
 Attempting mappinvarients           1           9
 Completed mapping           9
 about to integrate           19        1000           5           3          19           1
 Using non-zero grid deformation.
 19 dimensions   1000 events 19 invarients  5 iterations  1 config(s),  (0.99)
 Using h-tuple random number sequence.
 Error opening grid
 Using Uniform Grid!          36
 Using uniform alpha   1.0000000000000000     
 Grid defined OK
 Set CM energy to      13000.00
 Mapping Graph        1253  to config        1253
Setting grid   1    0.59172E-08   1
 Setting BW          -2           2   1844.0000000000000     
Setting grid   3    0.20773E-01   1
Setting grid   4    0.59172E-08   1
 Setting BW          -5           5   1844.0000000000000     
Setting grid   6    0.79099E-01   1
 Transforming s_hat 1/s           18   7.9098862523040020E-002   1600.0000000000000        168999999.99999997     
1253   1   2   3   4   5   6   7   8   9  10  11  12  13  14
  15  16  17  18  19
 Masses: 0.000E+00 0.000E+00 0.000E+00 0.000E+00 0.000E+00 0.000E+00 0.000E+00 0.000E+00 0.912E+02
Using random seed offsets  1253 :      1
  with seed                   24
 Ranmar initialization seeds         983        9398
 
 ********************************************
 * You are using the DiscreteSampler module *
 *      part of the MG5_aMC framework       *
 *         Author: Valentin Hirschi         *
 ********************************************
 
  Particle       3       4       5       6       7       8       9
      Et >    10.0    10.0    10.0    10.0     0.0     0.0     0.0
       E >     0.0     0.0     0.0     0.0     0.0     0.0     0.0
     Eta <     2.5     2.5     2.5     2.5    -1.0    -1.0    -1.0
   xqcut:      0.0     0.0     0.0     0.0     0.0     0.0     0.0
d R # 3  >    -0.0     0.4     0.4     0.4     0.0     0.0     0.0
d R # 4  >    -0.0    -0.0     0.4     0.4     0.0     0.0     0.0
d R # 5  >    -0.0    -0.0    -0.0     0.4     0.0     0.0     0.0
d R # 6  >    -0.0    -0.0    -0.0    -0.0     0.0     0.0     0.0
d R # 7  >    -0.0    -0.0    -0.0    -0.0    -0.0     0.0     0.0
d R # 8  >    -0.0    -0.0    -0.0    -0.0    -0.0    -0.0     0.0
s min # 3>     0.0     0.0     0.0     0.0     0.0     0.0     0.0
s min # 4>     0.0     0.0     0.0     0.0     0.0     0.0     0.0
s min # 5>     0.0     0.0     0.0     0.0     0.0     0.0     0.0
s min # 6>     0.0     0.0     0.0     0.0     0.0     0.0     0.0
s min # 7>     0.0     0.0     0.0     0.0     0.0     0.0     0.0
s min # 8>     0.0     0.0     0.0     0.0     0.0     0.0     0.0
xqcutij # 3>     0.0     0.0     0.0     0.0     0.0     0.0     0.0
xqcutij # 4>     0.0     0.0     0.0     0.0     0.0     0.0     0.0
xqcutij # 5>     0.0     0.0     0.0     0.0     0.0     0.0     0.0
xqcutij # 6>     0.0     0.0     0.0     0.0     0.0     0.0     0.0
xqcutij # 7>     0.0     0.0     0.0     0.0     0.0     0.0     0.0
xqcutij # 8>     0.0     0.0     0.0     0.0     0.0     0.0     0.0
 Excluding BW           -1           1
 Requiring BW           -2           2
 Excluding BW           -3           3
 Excluding BW           -4           4
 Requiring BW           -5           5
 Excluding BW           -6           6
 alpha_s for scale    7949.3045525047146       is    7.4867419933283136E-002
 Added good helicity            1   62.221221327864932       in event            1 local:           1
 Added good helicity           21   6.6472801602470799E-005  in event            1 local:           1
 Added good helicity           25   39.458080400899590       in event            1 local:           1
 Added good helicity           61   1.1879303889787196E-008  in event            1 local:           1
 Added good helicity          193   87.276739008274305       in event            1 local:           1
 Added good helicity          213   6.1739947097451288E-006  in event            1 local:           1
 Added good helicity          217   67.043886245838550       in event            1 local:           1
 Added good helicity          229   1.7158239009834526E-007  in event            1 local:           1
 Added good helicity          253   1.7796617909344143E-007  in event            1 local:           1
 Added good helicity            1   62.221221327851410       in event            1 local:           1
 Added good helicity           21   6.6472801602392859E-005  in event            1 local:           1
 Added good helicity           25   39.458080400887340       in event            1 local:           1
 Added good helicity           61   1.1879303889830487E-008  in event            1 local:           1
 Added good helicity          193   87.276739008283698       in event            1 local:           1
 Added good helicity          213   6.1739947097265339E-006  in event            1 local:           1
 Added good helicity          217   67.043886245854893       in event            1 local:           1
 Added good helicity          229   1.7158239009931953E-007  in event            1 local:           1
 Added good helicity          253   1.7796617909471552E-007  in event            1 local:           1
 Added good helicity           37   7.2169682494363450       in event            4 local:           2
 Added good helicity           37   7.2169682494341147       in event            4 local:           2
 Added good helicity          233   1.7158239009834539E-007  in event            7 local:           3
 Added good helicity          233   1.7158239009931911E-007  in event            7 local:           3
 Added good helicity           41   7.2169682494364435       in event           10 local:           4
 Added good helicity           41   7.2169682494340579       in event           10 local:           4
 RESET CUMULATIVE VARIABLE
 RESET CUMULATIVE VARIABLE
 RESET CUMULATIVE VARIABLE
 Iteration  1   Mean: 0.1076E-07 Abs mean: 0.1076E-07   Fluctuation:  0.414E-08   0.311E-05    25.0%
  1    0.1076E-07 0.1076E-07 +- 0.4142E-08     12.17
 Writing out events   8.6117021802878549E-012   12.167640343951186     
 Relative summed weights:
  0.1750E-01  0.7478E-03  0.1552E-01  0.1608E-01  0.0000E+00  0.0000E+00
  0.2958E-01  0.5279E-02  0.1787E-03  0.5478E-04  0.0000E+00  0.2106E-11
  0.9679E-02  0.2231E-01  0.1430E-03  0.1070E-01  0.0000E+00  0.0000E+00
  0.1496E+00  0.4340E-02  0.1168E-03  0.6420E-04  0.0000E+00  0.0000E+00
  0.1535E-01  0.3653E-04  0.1000E+00  0.1163E-01  0.0000E+00  0.0000E+00
  0.4208E+00  0.1554E+00  0.6790E-03  0.4358E-02  0.0000E+00  0.0000E+00
  0.3862E-02  0.1150E-02  0.2170E-03  0.1358E-02  0.0000E+00  0.0000E+00
  0.2195E-02  0.6123E-03  0.3808E-03  0.9015E-04  0.0000E+00  0.0000E+00
 Relative number of events:
  0.4460E-01  0.5847E-01  0.2775E-01  0.2676E-01  0.0000E+00  0.0000E+00
  0.3766E-01  0.3271E-01  0.1883E-01  0.1685E-01  0.0000E+00  0.9911E-03
  0.5451E-01  0.5946E-01  0.1784E-01  0.1982E-01  0.0000E+00  0.0000E+00
  0.3370E-01  0.3370E-01  0.2081E-01  0.1288E-01  0.0000E+00  0.0000E+00
  0.3766E-01  0.2577E-01  0.1288E-01  0.2676E-01  0.0000E+00  0.0000E+00
  0.5847E-01  0.2973E-01  0.2973E-01  0.2775E-01  0.0000E+00  0.0000E+00
  0.4163E-01  0.3171E-01  0.1586E-01  0.1090E-01  0.0000E+00  0.0000E+00
  0.4262E-01  0.4063E-01  0.2775E-01  0.2279E-01  0.0000E+00  0.0000E+00
 Events:
          45          59          28          27           0           0
          38          33          19          17           0           1
          55          60          18          20           0           0
          34          34          21          13           0           0
          38          26          13          27           0           0
          59          30          30          28           0           0
          42          32          16          11           0           0
          43          41          28          23           0           0
 Iteration  2   Mean: 0.1407E-06 Abs mean: 0.1407E-06   Fluctuation:  0.130E-06   0.261E-03    47.0%
  2    0.1407E-06 0.1407E-06 +- 0.1304E-06     41.45
 Relative summed weights:
  0.6631E-02  0.5514E-02  0.1131E-02  0.6806E-03  0.0000E+00  0.0000E+00
  0.8388E-03  0.3731E-02  0.6029E-03  0.1214E-02  0.0000E+00  0.0000E+00
  0.8019E-02  0.6979E-02  0.4353E-03  0.4328E-03  0.1102E-05  0.0000E+00
  0.3752E-02  0.6177E-02  0.3185E-02  0.7245E-02  0.0000E+00  0.0000E+00
  0.3755E-03  0.1626E-03  0.9976E-03  0.1331E-03  0.0000E+00  0.0000E+00
  0.1698E-02  0.5070E-02  0.1142E-02  0.7518E-03  0.0000E+00  0.0000E+00
  0.8203E-03  0.9513E-03  0.5530E-03  0.1057E-03  0.0000E+00  0.0000E+00
  0.1117E-03  0.3266E-02  0.3850E-03  0.9269E+00  0.0000E+00  0.0000E+00
 Relative number of events:
  0.4850E-01  0.5050E-01  0.2200E-01  0.3450E-01  0.0000E+00  0.0000E+00
  0.3150E-01  0.4350E-01  0.2050E-01  0.2700E-01  0.0000E+00  0.0000E+00
  0.4400E-01  0.4050E-01  0.3100E-01  0.2900E-01  0.5000E-03  0.0000E+00
  0.3200E-01  0.3000E-01  0.1850E-01  0.1600E-01  0.0000E+00  0.0000E+00
  0.3350E-01  0.2750E-01  0.1750E-01  0.1900E-01  0.0000E+00  0.0000E+00
  0.4600E-01  0.4300E-01  0.2700E-01  0.2350E-01  0.0000E+00  0.0000E+00
  0.2950E-01  0.3100E-01  0.2300E-01  0.1550E-01  0.0000E+00  0.0000E+00
  0.4500E-01  0.4250E-01  0.2500E-01  0.3200E-01  0.0000E+00  0.0000E+00
 Events:
          97         101          44          69           0           0
          63          87          41          54           0           0
          88          81          62          58           1           0
          64          60          37          32           0           0
          67          55          35          38           0           0
          92          86          54          47           0           0
          59          62          46          31           0           0
          90          85          50          64           0           0
 Iteration  3   Mean: 0.3617E-07 Abs mean: 0.3617E-07   Fluctuation:  0.225E-07   0.830E-04    50.0%
  3    0.3617E-07 0.3617E-07 +- 0.2248E-07     39.32
 Relative summed weights:
  0.2575E-02  0.1511E-01  0.1017E-01  0.5307E-03  0.0000E+00  0.0000E+00
  0.1217E-01  0.1469E-01  0.1502E-02  0.3239E-02  0.0000E+00  0.0000E+00
  0.1022E-01  0.1178E-01  0.2659E-02  0.6317E-04  0.6481E-05  0.2194E-07
  0.2412E+00  0.8986E-02  0.1457E-02  0.4863E-03  0.0000E+00  0.0000E+00
  0.1346E-01  0.7546E-02  0.6862E-02  0.3179E-03  0.0000E+00  0.0000E+00
  0.5142E-02  0.2796E-02  0.3949E-03  0.6753E-03  0.0000E+00  0.0000E+00
  0.1319E-01  0.5761E+00  0.4076E-02  0.1077E-02  0.0000E+00  0.0000E+00
  0.1433E-01  0.2513E-02  0.3085E-02  0.1154E-01  0.0000E+00  0.0000E+00
 Relative number of events:
  0.4150E-01  0.4975E-01  0.2375E-01  0.2225E-01  0.0000E+00  0.0000E+00
  0.3575E-01  0.3150E-01  0.1475E-01  0.1600E-01  0.0000E+00  0.0000E+00
  0.4225E-01  0.5350E-01  0.2650E-01  0.2275E-01  0.5000E-03  0.2500E-03
  0.3400E-01  0.3600E-01  0.2275E-01  0.2000E-01  0.0000E+00  0.0000E+00
  0.3800E-01  0.3150E-01  0.1700E-01  0.1400E-01  0.0000E+00  0.0000E+00
  0.4425E-01  0.4675E-01  0.2275E-01  0.2600E-01  0.0000E+00  0.0000E+00
  0.3625E-01  0.3550E-01  0.2150E-01  0.2200E-01  0.0000E+00  0.0000E+00
  0.5075E-01  0.4450E-01  0.2775E-01  0.2775E-01  0.0000E+00  0.0000E+00
 Events:
         166         199          95          89           0           0
         143         126          59          64           0           0
         169         214         106          91           2           1
         136         144          91          80           0           0
         152         126          68          56           0           0
         177         187          91         104           0           0
         145         142          86          88           0           0
         203         178         111         111           0           0
 Accuracy:    0.901   0.100   0.309   8.529
 Found           35  events.
 Wrote            3  events.
 Actual xsec    3.1415544532059049E-008
 Correct abs xsec    3.1415544532059049E-008
 Event xsec    3.1415544532059049E-008
 Events wgts > 1:            1
 % Cross section > 1:    1.3746651639302036E-015   4.3757483258880973E-006
 Iteration  4   Mean: 0.2630E-07 Abs mean: 0.2630E-07   Fluctuation:  0.970E-08   0.706E-04    59.3%
  4    0.2630E-07 0.2630E-07 +- 0.9700E-08     32.98
 Relative summed weights:
  0.6136E-02  0.1130E+00  0.8553E-02  0.2850E-01  0.0000E+00  0.0000E+00
  0.1206E-01  0.1487E-01  0.1119E-01  0.2701E-01  0.1490E-05  0.0000E+00
  0.2627E-02  0.2256E-01  0.5168E-02  0.1883E-01  0.0000E+00  0.0000E+00
  0.1493E-01  0.3941E-01  0.1507E-02  0.2956E-02  0.0000E+00  0.0000E+00
  0.3267E-01  0.1045E+00  0.3367E+00  0.1392E-02  0.0000E+00  0.0000E+00
  0.2771E-01  0.1054E-01  0.6074E-02  0.3320E-02  0.0000E+00  0.0000E+00
  0.4042E-01  0.4053E-01  0.3095E-02  0.3830E-02  0.0000E+00  0.4285E-08
  0.4887E-02  0.2893E-01  0.2428E-01  0.1784E-02  0.1524E-07  0.0000E+00
 Relative number of events:
  0.4963E-01  0.4925E-01  0.2987E-01  0.2325E-01  0.0000E+00  0.0000E+00
  0.3500E-01  0.3425E-01  0.1875E-01  0.1950E-01  0.1250E-03  0.0000E+00
  0.4238E-01  0.4300E-01  0.2587E-01  0.2750E-01  0.0000E+00  0.0000E+00
  0.3388E-01  0.3350E-01  0.2113E-01  0.1963E-01  0.0000E+00  0.0000E+00
  0.3275E-01  0.3488E-01  0.1862E-01  0.2100E-01  0.0000E+00  0.0000E+00
  0.4250E-01  0.4525E-01  0.2687E-01  0.2562E-01  0.0000E+00  0.0000E+00
  0.3650E-01  0.3363E-01  0.1963E-01  0.1850E-01  0.0000E+00  0.1250E-03
  0.4575E-01  0.3988E-01  0.2738E-01  0.2450E-01  0.1250E-03  0.0000E+00
 Events:
         397         394         239         186           0           0
         280         274         150         156           1           0
         339         344         207         220           0           0
         271         268         169         157           0           0
         262         279         149         168           0           0
         340         362         215         205           0           0
         292         269         157         148           0           1
         366         319         219         196           1           0
 Accuracy:    0.607   0.100   0.237   6.576
 Found          164  events.
 Wrote            2  events.
 Actual xsec    4.0591019398027570E-008
 Correct abs xsec    4.0591019398027570E-008
 Event xsec    4.0591019398027570E-008
 Events wgts > 1:            0
 % Cross section > 1:    0.0000000000000000        0.0000000000000000     
 Iteration  5   Mean: 0.2761E-07 Abs mean: 0.2761E-07   Fluctuation:  0.478E-08   0.472E-04    62.2%
  5    0.2761E-07 0.2761E-07 +- 0.4778E-08     21.89
 Relative summed weights:
  0.3351E-01  0.3030E-01  0.3255E-01  0.2741E-01  0.0000E+00  0.1317E-02
  0.1419E-01  0.1712E-01  0.7987E-02  0.2490E-01  0.5127E-06  0.0000E+00
  0.2931E-01  0.3898E-01  0.4561E-01  0.1252E-01  0.0000E+00  0.1552E-06
  0.6435E-01  0.4982E-01  0.8873E-02  0.4998E-01  0.0000E+00  0.8006E-05
  0.4516E-01  0.1184E+00  0.6173E-02  0.2775E-02  0.1805E-07  0.1146E-08
  0.8492E-01  0.1602E-01  0.2227E-01  0.8201E-01  0.7358E-06  0.0000E+00
  0.1392E-01  0.7666E-02  0.3179E-01  0.1193E-01  0.0000E+00  0.0000E+00
  0.9290E-02  0.3357E-01  0.1304E-01  0.1231E-01  0.9124E-06  0.5279E-09
 Relative number of events:
  0.4387E-01  0.4650E-01  0.2587E-01  0.2631E-01  0.0000E+00  0.6250E-04
  0.3550E-01  0.3706E-01  0.1825E-01  0.1919E-01  0.6250E-04  0.0000E+00
  0.4644E-01  0.4450E-01  0.2681E-01  0.2562E-01  0.0000E+00  0.6250E-04
  0.3600E-01  0.3544E-01  0.1919E-01  0.1856E-01  0.0000E+00  0.6250E-04
  0.3500E-01  0.3375E-01  0.1875E-01  0.2038E-01  0.6250E-04  0.6250E-04
  0.4250E-01  0.4731E-01  0.2525E-01  0.2463E-01  0.6250E-04  0.0000E+00
  0.3206E-01  0.3606E-01  0.1875E-01  0.1850E-01  0.0000E+00  0.0000E+00
  0.4681E-01  0.4587E-01  0.2463E-01  0.2406E-01  0.6250E-04  0.6250E-04
 Events:
         702         744         414         421           0           1
         568         593         292         307           1           0
         743         712         429         410           0           1
         576         567         307         297           0           1
         560         540         300         326           1           1
         680         757         404         394           1           0
         513         577         300         296           0           0
         749         734         394         385           1           1
 Accuracy:    0.323   0.100   0.140   5.337
 Found          577  events.
 Wrote           11  events.
 Actual xsec    2.7902165237703806E-008
 Correct abs xsec    2.7902165237703806E-008
 Event xsec    2.7902165237703819E-008
 Events wgts > 1:            0
 % Cross section > 1:    0.0000000000000000        0.0000000000000000     

 -------------------------------------------------------------------------------
 Accumulated results:   Integral =  0.2821E-07
                        Std dev  =  0.3939E-08
                       Cross sec =  0.2821E-07
             Chi**2 per DoF.     =      5.3369
 -------------------------------------------------------------------------------
-------------------------------------------------
---------------------------
 Results Last   3 iters: Integral =   0.2790E-07
                     Abs integral =   0.2790E-07
                          Std dev =   0.4238E-08
                  Chi**2 per DoF. =      0.0829
-------------------------------------------------
---------------------------
 Status  0.10000000000000001                6           5

ls status:
events.lhe
ftn26
input_app.txt
results.dat
run1_app.log
