 Process in group number            1
 A PDF is used, so alpha_s(MZ) is going to be modified
 Old value of alpha_s from param_card:   0.11839999999999999     
  ****************************************
 
       NNPDFDriver version 1.0.3
   Grid: NNPDF23_lo_as_0130_qed_mem0.grid
  ****************************************
 New value of alpha_s from PDF nn23lo1:  0.13000000000000000     
 Define smin to   1600.0000000000000     
 Define smin to   1600.0000000000000     
 Define smin to   1600.0000000000000     
 *****************************************************
 *               MadGraph/MadEvent                   *
 *        --------------------------------           *
 *          http://madgraph.hep.uiuc.edu             *
 *          http://madgraph.phys.ucl.ac.be           *
 *          http://madgraph.roma2.infn.it            *
 *        --------------------------------           *
 *                                                   *
 *          PARAMETER AND COUPLING VALUES            *
 *                                                   *
 *****************************************************

  External Params
  ---------------------------------
  
 mdl_VeN1 =    1.0000000000000000     
 mdl_VeN2 =    0.0000000000000000     
 mdl_VeN3 =    0.0000000000000000     
 mdl_VmuN1 =    0.0000000000000000     
 mdl_VmuN2 =    1.0000000000000000     
 mdl_VmuN3 =    0.0000000000000000     
 mdl_VtaN1 =    0.0000000000000000     
 mdl_VtaN2 =    0.0000000000000000     
 mdl_VtaN3 =    1.0000000000000000     
 mdl_VN1N1 =    1.0000000000000000     
 mdl_VN1N2 =    1.0000000000000000     
 mdl_VN1N3 =    1.0000000000000000     
 mdl_VN2N2 =    1.0000000000000000     
 mdl_VN2N3 =    1.0000000000000000     
 mdl_VN3N3 =    1.0000000000000000     
 aEWM1 =    127.90000000000001     
 mdl_Gf =    1.1663700000000000E-005
 aS =   0.11839999999999999     
 mdl_ymt =    172.00000000000000     
 mdl_vevf =    50.000000000000000     
 mdl_MZ =    91.187600000000003     
 mdl_MT =    172.00000000000000     
 mdl_MH =    125.00000000000000     
 mdl_mN1 =    1644.0000000000000     
 mdl_mN2 =    1744.0000000000000     
 mdl_mN3 =    1844.0000000000000     
 mdl_MJ =    91.187600000000003     
 mdl_MAx =    173.04800000000000     
 mdl_WZ =    2.4952000000000001     
 mdl_WW =    2.0850000000000000     
 mdl_WT =    1.5083359999999999     
 mdl_WH =    4.0699999999999998E-003
 mdl_WN1 =   0.30299999999999999     
 mdl_WN2 =    1.5000000000000000     
 mdl_WN3 =    12.300000000000001     
 mdl_WJ =    2.4952000000000001     
 mdl_WAx =    4.1700000000000001E-003
  Internal Params
  ---------------------------------
  
 mdl_vevf__exp__2 =    2500.0000000000000     
 mdl_sqrt__vevf__exp__2 =    50.000000000000000     
 mdl_muJ =    50.000000000000000     
 mdl_MZ__exp__2 =    8315.1783937600012     
 mdl_MZ__exp__4 =    69142191.720053151     
 mdl_sqrt__2 =    1.4142135623730951     
 mdl_MJ__exp__2 =    8315.1783937600012     
 mdl_muJ__exp__2 =    2500.0000000000000     
 mdl_lamJ =    4.3260713575040004     
 mdl_MH__exp__2 =    15625.000000000000     
 mdl_complexi =  (  0.0000000000000000     ,  1.0000000000000000     )
 mdl_aEW =    7.8186082877247844E-003
 mdl_MW =    79.824359746197842     
 mdl_sqrt__aEW =    8.8422894590285753E-002
 mdl_ee =   0.31345100004952897     
 mdl_MW__exp__2 =    6371.9284088904105     
 mdl_sw2 =   0.23369913342182447     
 mdl_cw =   0.87538612427783857     
 mdl_sqrt__sw2 =   0.48342438232036300     
 mdl_sw =   0.48342438232036300     
 mdl_g1 =   0.35807170271074895     
 mdl_gN =   0.64839716719502682     
 mdl_gw =   0.64839716719502682     
 mdl_vev =    246.22056907348590     
 mdl_vev__exp__2 =    60624.568634871241     
 mdl_lam =   0.12886689630821144     
 mdl_yt =   0.98791394091683138     
 mdl_muH =    88.388347648318444     
 mdl_I2a33 =  ( 0.98791394091683138     ,  0.0000000000000000     )
 mdl_I3a33 =  ( 0.98791394091683138     ,  0.0000000000000000     )
 mdl_ee__exp__2 =    9.8251529432049817E-002
 mdl_sw__exp__2 =   0.23369913342182450     
 mdl_cw__exp__2 =   0.76630086657817542     
  Internal Params evaluated point by point
  ----------------------------------------
  
 mdl_sqrt__aS =   0.34409301068170506     
 mdl_G__exp__2 =    1.4878582807401259     
  Couplings of SM_HeavyN_UFO
  ---------------------------------
  
         GC_1 =  -0.00000E+00  -0.10448E+00
         GC_2 =   0.00000E+00   0.20897E+00
         GC_3 =  -0.00000E+00  -0.31345E+00
         GC_4 =   0.00000E+00   0.31345E+00
        GC_26 =   0.00000E+00   0.45849E+00
        GC_27 =  -0.00000E+00  -0.28380E+00
        GC_28 =   0.00000E+00   0.28380E+00
        GC_30 =   0.00000E+00   0.56760E+00
        GC_35 =  -0.00000E+00  -0.28850E-01
        GC_37 =   0.00000E+00   0.17310E+00
        GC_39 =   0.00000E+00  -0.19725E+00
        GC_40 =   0.00000E+00   0.37035E+00
        GC_80 =   0.00000E+00   0.67543E+02
       GC_107 =  -0.00000E+00  -0.74070E+00
       GC_109 =  -0.00000E+00  -0.74070E+00
       GC_111 =  -0.00000E+00  -0.74070E+00
       GC_113 =  -0.00000E+00  -0.74070E+00
       GC_115 =  -0.00000E+00  -0.74070E+00
       GC_117 =  -0.00000E+00  -0.74070E+00
       GC_119 =   0.00000E+00   0.00000E+00
       GC_120 =   0.00000E+00   0.00000E+00
       GC_122 =  -0.00000E+00  -0.00000E+00
       GC_126 =   0.00000E+00   0.00000E+00
       GC_127 =   0.00000E+00   0.00000E+00
       GC_129 =  -0.00000E+00  -0.00000E+00
       GC_133 =   0.00000E+00   0.45849E+00
       GC_134 =   0.00000E+00   0.37035E+00
       GC_136 =  -0.00000E+00  -0.74892E+01
        GC_81 =   0.32880E+02   0.00000E+00
        GC_82 =   0.34880E+02   0.00000E+00
        GC_83 =   0.36880E+02   0.00000E+00

 Collider parameters:
 --------------------

 Running at P P   machine @    13000.000000000000       GeV
 PDF set = nn23lo1
 alpha_s(Mz)= 0.1300 running at 2 loops.
 alpha_s(Mz)= 0.1300 running at 2 loops.
 Renormalization scale set on event-by-event basis
 Factorization   scale set on event-by-event basis


 getting user params
Enter number of events and max and min iterations: 
 Number of events and iterations         1000           5           3
Enter desired fractional accuracy: 
 Desired fractional accuracy:   0.10000000000000001     
Enter 0 for fixed, 2 for adjustable grid: 
Suppress amplitude (0 no, 1 yes)? 
 Using suppressed amplitude.
Exact helicity sum (0 yes, n = number/event)? 
 Explicitly summing over helicities
Enter Configuration Number: 
Running Configuration Number:  393
 Using dconfig=         697
 BW Setting            1           1           2           1           2           2           0
 Attempting mappinvarients           1           9
 Completed mapping           9
 about to integrate           19        1000           5           3          19           1
 Using non-zero grid deformation.
 19 dimensions   1000 events 19 invarients  5 iterations  1 config(s),  (0.99)
 Using h-tuple random number sequence.
 Error opening grid
 Using Uniform Grid!          36
 Using uniform alpha   1.0000000000000000     
 Grid defined OK
 Set CM energy to      13000.00
 Mapping Graph         393  to config         393
 Setting BW          -1           1   91.187600000000003     
 Setting BW          -2           2   1844.0000000000000     
Setting grid   3    0.20773E-01   1
 Setting BW          -4           4   79.824359746197842     
Setting grid   5    0.28499E-04   1
Setting grid   6    0.22341E-01   1
 Transforming s_hat 1/s           18   2.2571293919116255E-002   1600.0000000000000        168999999.99999997     
 393   1   2   3   4   5   6   7   8   9  10  11  12  13  14
  15  16  17  18  19
 Masses: 0.000E+00 0.000E+00 0.000E+00 0.000E+00 0.000E+00 0.000E+00 0.000E+00 0.000E+00 0.912E+02
Using random seed offsets   393 :      1
  with seed                   24
 Ranmar initialization seeds         123        9398
 
 ********************************************
 * You are using the DiscreteSampler module *
 *      part of the MG5_aMC framework       *
 *         Author: Valentin Hirschi         *
 ********************************************
 
  Particle       3       4       5       6       7       8       9
      Et >    10.0    10.0    10.0    10.0     0.0     0.0     0.0
       E >     0.0     0.0     0.0     0.0     0.0     0.0     0.0
     Eta <     2.5     2.5     2.5     2.5    -1.0    -1.0    -1.0
   xqcut:      0.0     0.0     0.0     0.0     0.0     0.0     0.0
d R # 3  >    -0.0     0.4     0.4     0.4     0.0     0.0     0.0
d R # 4  >    -0.0    -0.0     0.4     0.4     0.0     0.0     0.0
d R # 5  >    -0.0    -0.0    -0.0     0.4     0.0     0.0     0.0
d R # 6  >    -0.0    -0.0    -0.0    -0.0     0.0     0.0     0.0
d R # 7  >    -0.0    -0.0    -0.0    -0.0    -0.0     0.0     0.0
d R # 8  >    -0.0    -0.0    -0.0    -0.0    -0.0    -0.0     0.0
s min # 3>     0.0     0.0     0.0     0.0     0.0     0.0     0.0
s min # 4>     0.0     0.0     0.0     0.0     0.0     0.0     0.0
s min # 5>     0.0     0.0     0.0     0.0     0.0     0.0     0.0
s min # 6>     0.0     0.0     0.0     0.0     0.0     0.0     0.0
s min # 7>     0.0     0.0     0.0     0.0     0.0     0.0     0.0
s min # 8>     0.0     0.0     0.0     0.0     0.0     0.0     0.0
xqcutij # 3>     0.0     0.0     0.0     0.0     0.0     0.0     0.0
xqcutij # 4>     0.0     0.0     0.0     0.0     0.0     0.0     0.0
xqcutij # 5>     0.0     0.0     0.0     0.0     0.0     0.0     0.0
xqcutij # 6>     0.0     0.0     0.0     0.0     0.0     0.0     0.0
xqcutij # 7>     0.0     0.0     0.0     0.0     0.0     0.0     0.0
xqcutij # 8>     0.0     0.0     0.0     0.0     0.0     0.0     0.0
 Requiring BW           -1           1
 Requiring BW           -2           2
 Excluding BW           -3           3
 Requiring BW           -4           4
 Excluding BW           -5           5
 Excluding BW           -6           6
 alpha_s for scale    2368.7625985177856       is    8.4512916488457754E-002
 Added good helicity            1  0.77389850360520229       in event            1 local:           1
 Added good helicity           21  0.33027190940053053       in event            1 local:           1
 Added good helicity           25   2.1667962986215393E-002  in event            1 local:           1
 Added good helicity           37   8.7947218469057529E-004  in event            1 local:           1
 Added good helicity           41  0.40016373922357978       in event            1 local:           1
 Added good helicity           61  0.31546364928023479       in event            1 local:           1
 Added good helicity          193   158.42127885226733       in event            1 local:           1
 Added good helicity          213   1.3802945478311739       in event            1 local:           1
 Added good helicity          217   9.1899533783663702E-003  in event            1 local:           1
 Added good helicity          229   2.0860237266756135E-002  in event            1 local:           1
 Added good helicity          233   92.959297274407888       in event            1 local:           1
 Added good helicity          253   1.3667338981680590       in event            1 local:           1
 Added good helicity            1  0.77389850360476509       in event            1 local:           1
 Added good helicity           21  0.33027190940059736       in event            1 local:           1
 Added good helicity           25   2.1667962986221721E-002  in event            1 local:           1
 Added good helicity           37   8.7947218469077641E-004  in event            1 local:           1
 Added good helicity           41  0.40016373922302872       in event            1 local:           1
 Added good helicity           61  0.31546364928029769       in event            1 local:           1
 Added good helicity          193   158.42127885225665       in event            1 local:           1
 Added good helicity          213   1.3802945478312962       in event            1 local:           1
 Added good helicity          217   9.1899533783681674E-003  in event            1 local:           1
 Added good helicity          229   2.0860237266760104E-002  in event            1 local:           1
 Added good helicity          233   92.959297274419129       in event            1 local:           1
 Added good helicity          253   1.3667338981681882       in event            1 local:           1
 RESET CUMULATIVE VARIABLE
 RESET CUMULATIVE VARIABLE
 RESET CUMULATIVE VARIABLE
 Iteration  1   Mean: 0.3871E-09 Abs mean: 0.3871E-09   Fluctuation:  0.237E-09   0.224E-06     8.6%
  1    0.3871E-09 0.3871E-09 +- 0.2372E-09     19.38
 Writing out events   8.9933261274134000E-013   19.376467973664667     
 Relative summed weights:
  0.1533E-03  0.7743E-04  0.2817E-04  0.2272E-02  0.0000E+00  0.9335E-06
  0.4975E-04  0.1116E-01  0.3790E-05  0.1690E-02  0.0000E+00  0.2804E-11
  0.6938E-01  0.1618E-02  0.6977E-03  0.1637E+00  0.0000E+00  0.0000E+00
  0.4655E-04  0.1892E-04  0.4412E-05  0.0000E+00  0.0000E+00  0.0000E+00
  0.7085E-03  0.1649E-02  0.3851E-03  0.9573E-02  0.4162E-06  0.4679E-10
  0.5902E-01  0.9345E-01  0.2461E-03  0.1477E-04  0.0000E+00  0.0000E+00
  0.9041E-04  0.5789E+00  0.6007E-06  0.1389E-03  0.0000E+00  0.0000E+00
  0.2279E-02  0.5380E-03  0.2109E-02  0.8025E-05  0.1081E-09  0.0000E+00
 Relative number of events:
  0.4361E-01  0.4460E-01  0.4856E-01  0.5847E-01  0.0000E+00  0.9911E-03
  0.1685E-01  0.2379E-01  0.2973E-02  0.7929E-02  0.0000E+00  0.9911E-03
  0.4361E-01  0.4262E-01  0.5253E-01  0.5352E-01  0.0000E+00  0.0000E+00
  0.9911E-02  0.1288E-01  0.7929E-02  0.0000E+00  0.0000E+00  0.0000E+00
  0.5352E-01  0.6145E-01  0.6640E-01  0.5055E-01  0.9911E-03  0.9911E-03
  0.6244E-01  0.5253E-01  0.4460E-01  0.5352E-01  0.0000E+00  0.0000E+00
  0.1388E-01  0.1487E-01  0.6938E-02  0.7929E-02  0.0000E+00  0.0000E+00
  0.1189E-01  0.1388E-01  0.7929E-02  0.2973E-02  0.9911E-03  0.0000E+00
 Events:
          44          45          49          59           0           1
          17          24           3           8           0           1
          44          43          53          54           0           0
          10          13           8           0           0           0
          54          62          67          51           1           1
          63          53          45          54           0           0
          14          15           7           8           0           0
          12          14           8           3           1           0
 Iteration  2   Mean: 0.1585E-08 Abs mean: 0.1585E-08   Fluctuation:  0.938E-09   0.141E-05    12.9%
  2    0.1585E-08 0.1585E-08 +- 0.9384E-09     26.48
 Relative summed weights:
  0.1035E-02  0.1896E-03  0.7730E-04  0.1970E-02  0.0000E+00  0.0000E+00
  0.1634E+00  0.3896E-03  0.3257E-04  0.1079E-05  0.0000E+00  0.0000E+00
  0.2797E-02  0.7064E-04  0.4443E+00  0.1569E-03  0.0000E+00  0.3801E-09
  0.9372E-04  0.1619E-04  0.2055E-04  0.1450E-02  0.0000E+00  0.0000E+00
  0.6166E-03  0.7593E-02  0.1693E-02  0.7198E-02  0.0000E+00  0.0000E+00
  0.6523E-04  0.3560E+00  0.4579E-04  0.4447E-03  0.0000E+00  0.0000E+00
  0.4861E-02  0.5440E-04  0.1412E-06  0.1888E-05  0.1125E-12  0.0000E+00
  0.4697E-02  0.7505E-03  0.6443E-06  0.1189E-05  0.1990E-12  0.0000E+00
 Relative number of events:
  0.6250E-01  0.5100E-01  0.4250E-01  0.5050E-01  0.0000E+00  0.0000E+00
  0.1700E-01  0.1600E-01  0.5500E-02  0.3000E-02  0.0000E+00  0.0000E+00
  0.6450E-01  0.6450E-01  0.4200E-01  0.4600E-01  0.0000E+00  0.5000E-03
  0.1700E-01  0.1550E-01  0.8500E-02  0.2500E-02  0.0000E+00  0.0000E+00
  0.6050E-01  0.5450E-01  0.4900E-01  0.5600E-01  0.0000E+00  0.0000E+00
  0.5350E-01  0.4900E-01  0.4850E-01  0.3950E-01  0.0000E+00  0.0000E+00
  0.1950E-01  0.1600E-01  0.3000E-02  0.4000E-02  0.5000E-03  0.0000E+00
  0.1750E-01  0.1550E-01  0.2000E-02  0.2000E-02  0.5000E-03  0.0000E+00
 Events:
         125         102          85         101           0           0
          34          32          11           6           0           0
         129         129          84          92           0           1
          34          31          17           5           0           0
         121         109          98         112           0           0
         107          98          97          79           0           0
          39          32           6           8           1           0
          35          31           4           4           1           0
 Iteration  3   Mean: 0.2156E-09 Abs mean: 0.2156E-09   Fluctuation:  0.703E-10   0.227E-06    18.8%
  3    0.2156E-09 0.2156E-09 +- 0.7030E-10     20.63
 Relative summed weights:
  0.1591E+00  0.2741E+00  0.1138E-01  0.7123E-01  0.0000E+00  0.1105E-09
  0.3437E-02  0.2738E-01  0.4322E-01  0.1122E-03  0.0000E+00  0.0000E+00
  0.2470E-01  0.1039E+00  0.2153E-02  0.6561E-02  0.0000E+00  0.0000E+00
  0.1033E+00  0.4455E-02  0.1188E-02  0.2813E-02  0.0000E+00  0.1004E-09
  0.4043E-02  0.1024E+00  0.1580E-02  0.9478E-03  0.0000E+00  0.6724E-06
  0.1521E-01  0.1457E-01  0.1229E-01  0.2613E-02  0.0000E+00  0.0000E+00
  0.1216E-03  0.3174E-02  0.2893E-03  0.4712E-03  0.0000E+00  0.0000E+00
  0.3290E-03  0.4911E-03  0.2417E-02  0.2987E-04  0.3537E-07  0.0000E+00
 Relative number of events:
  0.5525E-01  0.5375E-01  0.4325E-01  0.4325E-01  0.0000E+00  0.2500E-03
  0.1625E-01  0.1900E-01  0.3000E-02  0.4750E-02  0.0000E+00  0.0000E+00
  0.6300E-01  0.5475E-01  0.4200E-01  0.4850E-01  0.0000E+00  0.0000E+00
  0.1725E-01  0.1600E-01  0.6000E-02  0.6500E-02  0.0000E+00  0.2500E-03
  0.6525E-01  0.6125E-01  0.4225E-01  0.4300E-01  0.0000E+00  0.2500E-03
  0.5725E-01  0.5775E-01  0.4625E-01  0.5100E-01  0.0000E+00  0.0000E+00
  0.1750E-01  0.1475E-01  0.5000E-02  0.4750E-02  0.0000E+00  0.0000E+00
  0.1650E-01  0.1400E-01  0.4500E-02  0.5500E-02  0.2500E-03  0.0000E+00
 Events:
         221         215         173         173           0           1
          65          76          12          19           0           0
         252         219         168         194           0           0
          69          64          24          26           0           1
         261         245         169         172           0           1
         229         231         185         204           0           0
          70          59          20          19           0           0
          66          56          18          22           1           0
 Accuracy:    0.734   0.100   0.259   8.041
 Found           65  events.
 Wrote            4  events.
 Actual xsec    5.0795793096510600E-010
 Correct abs xsec    5.0795793096510600E-010
 Event xsec    5.0795793096510600E-010
 Events wgts > 1:            1
 % Cross section > 1:    4.1568507913925844E-018   8.1834548453543843E-007
 Iteration  4   Mean: 0.5570E-09 Abs mean: 0.5570E-09   Fluctuation:  0.181E-09   0.114E-05    21.3%
  4    0.5570E-09 0.5570E-09 +- 0.1813E-09     29.12
 Relative summed weights:
  0.2027E-02  0.9392E-01  0.9747E-02  0.7302E-02  0.0000E+00  0.0000E+00
  0.2026E-02  0.1921E+00  0.1624E-01  0.1146E-03  0.0000E+00  0.0000E+00
  0.1152E-01  0.2938E-01  0.4559E-02  0.1756E-01  0.1873E-05  0.7471E-12
  0.3500E-01  0.1105E-01  0.4341E-03  0.6606E-03  0.8619E-08  0.4392E-09
  0.1419E-01  0.2238E-01  0.4719E-01  0.2687E+00  0.0000E+00  0.2591E-05
  0.1279E-01  0.5956E-02  0.4102E-02  0.3230E-02  0.0000E+00  0.1393E-05
  0.1980E-01  0.3749E-01  0.1279E-01  0.4853E-02  0.8455E-05  0.2837E-05
  0.1103E+00  0.1118E-02  0.2094E-03  0.1290E-02  0.0000E+00  0.0000E+00
 Relative number of events:
  0.5725E-01  0.6012E-01  0.4650E-01  0.4800E-01  0.0000E+00  0.0000E+00
  0.1750E-01  0.1588E-01  0.4500E-02  0.5000E-02  0.0000E+00  0.0000E+00
  0.5563E-01  0.5613E-01  0.4625E-01  0.4750E-01  0.1250E-03  0.1250E-03
  0.1762E-01  0.1413E-01  0.5500E-02  0.6500E-02  0.2500E-03  0.1250E-03
  0.6275E-01  0.5250E-01  0.5000E-01  0.4788E-01  0.0000E+00  0.2500E-03
  0.4875E-01  0.5287E-01  0.4475E-01  0.4875E-01  0.0000E+00  0.2500E-03
  0.1700E-01  0.1487E-01  0.5125E-02  0.6125E-02  0.1250E-03  0.2500E-03
  0.1550E-01  0.1750E-01  0.4875E-02  0.5250E-02  0.0000E+00  0.0000E+00
 Events:
         458         481         372         384           0           0
         140         127          36          40           0           0
         445         449         370         380           1           1
         141         113          44          52           2           1
         502         420         400         383           0           2
         390         423         358         390           0           2
         136         119          41          49           1           2
         124         140          39          42           0           0
 Accuracy:    0.453   0.100   0.203   4.998
 Found          353  events.
 Wrote            2  events.
 Actual xsec    5.4412512850895533E-010
 Correct abs xsec    5.4412512850895533E-010
 Event xsec    5.4412512850895533E-010
 Events wgts > 1:            1
 % Cross section > 1:    2.0815629331187365E-017   3.8255225205694166E-006
 Iteration  5   Mean: 0.3196E-08 Abs mean: 0.3196E-08   Fluctuation:  0.160E-08   0.247E-04    22.5%
  5    0.3196E-08 0.3196E-08 +- 0.1604E-08     63.51
 Relative summed weights:
  0.8340E-02  0.3524E-01  0.2594E-02  0.2881E-02  0.0000E+00  0.2611E-08
  0.3759E-02  0.1140E-01  0.6287E-03  0.4856E+00  0.7656E-09  0.4398E-07
  0.5601E-02  0.1667E-01  0.3537E-01  0.2896E-02  0.4444E-04  0.1894E-07
  0.7215E-02  0.7556E-02  0.1131E-02  0.2156E-02  0.1032E-06  0.5957E-06
  0.3733E-02  0.1426E-01  0.2250E-01  0.5143E-02  0.1120E-08  0.2585E-07
  0.1673E-01  0.4832E-02  0.1554E-01  0.9771E-02  0.3183E-07  0.2396E-07
  0.5564E-02  0.4470E-01  0.2980E-01  0.1098E-01  0.3444E-06  0.1389E-10
  0.4823E-02  0.1710E+00  0.2695E-03  0.1119E-01  0.0000E+00  0.4900E-06
 Relative number of events:
  0.5437E-01  0.5563E-01  0.4587E-01  0.4431E-01  0.0000E+00  0.6250E-04
  0.1656E-01  0.1506E-01  0.5250E-02  0.5875E-02  0.6250E-04  0.1250E-03
  0.5675E-01  0.5713E-01  0.4706E-01  0.4850E-01  0.1875E-03  0.1250E-03
  0.1700E-01  0.1575E-01  0.4938E-02  0.5063E-02  0.6250E-04  0.6250E-04
  0.5994E-01  0.5706E-01  0.4681E-01  0.4800E-01  0.6250E-04  0.6250E-04
  0.5550E-01  0.5563E-01  0.4825E-01  0.4756E-01  0.1250E-03  0.6250E-04
  0.1619E-01  0.1713E-01  0.5625E-02  0.4500E-02  0.6250E-04  0.6250E-04
  0.1588E-01  0.1725E-01  0.4188E-02  0.4125E-02  0.0000E+00  0.1250E-03
 Events:
         870         890         734         709           0           1
         265         241          84          94           1           2
         908         914         753         776           3           2
         272         252          79          81           1           1
         959         913         749         768           1           1
         888         890         772         761           2           1
         259         274          90          72           1           1
         254         276          67          66           0           2
 Accuracy:    0.556   0.100   0.188   8.768
 Found          817  events.
 Wrote            3  events.
 Actual xsec    8.7515265884132343E-010
 Correct abs xsec    8.7515265884132343E-010
 Event xsec    8.7515265884132353E-010
 Events wgts > 1:            0
 % Cross section > 1:    0.0000000000000000        0.0000000000000000     

 -------------------------------------------------------------------------------
 Accumulated results:   Integral =  0.9007E-09
                        Std dev  =  0.1693E-09
                       Cross sec =  0.9007E-09
             Chi**2 per DoF.     =      8.7678
 -------------------------------------------------------------------------------
-------------------------------------------------
---------------------------
 Results Last   3 iters: Integral =   0.8752E-09
                     Abs integral =   0.8752E-09
                          Std dev =   0.1833E-09
                  Chi**2 per DoF. =     46.5994
-------------------------------------------------
---------------------------
 Status  0.10000000000000001                6           5

ls status:
events.lhe
ftn26
input_app.txt
results.dat
run1_app.log
