 Process in group number            1
 A PDF is used, so alpha_s(MZ) is going to be modified
 Old value of alpha_s from param_card:   0.11839999999999999     
  ****************************************
 
       NNPDFDriver version 1.0.3
   Grid: NNPDF23_lo_as_0130_qed_mem0.grid
  ****************************************
 New value of alpha_s from PDF nn23lo1:  0.13000000000000000     
 Define smin to   1600.0000000000000     
 Define smin to   1600.0000000000000     
 Define smin to   1600.0000000000000     
 *****************************************************
 *               MadGraph/MadEvent                   *
 *        --------------------------------           *
 *          http://madgraph.hep.uiuc.edu             *
 *          http://madgraph.phys.ucl.ac.be           *
 *          http://madgraph.roma2.infn.it            *
 *        --------------------------------           *
 *                                                   *
 *          PARAMETER AND COUPLING VALUES            *
 *                                                   *
 *****************************************************

  External Params
  ---------------------------------
  
 mdl_VeN1 =    1.0000000000000000     
 mdl_VeN2 =    0.0000000000000000     
 mdl_VeN3 =    0.0000000000000000     
 mdl_VmuN1 =    0.0000000000000000     
 mdl_VmuN2 =    1.0000000000000000     
 mdl_VmuN3 =    0.0000000000000000     
 mdl_VtaN1 =    0.0000000000000000     
 mdl_VtaN2 =    0.0000000000000000     
 mdl_VtaN3 =    1.0000000000000000     
 mdl_VN1N1 =    1.0000000000000000     
 mdl_VN1N2 =    1.0000000000000000     
 mdl_VN1N3 =    1.0000000000000000     
 mdl_VN2N2 =    1.0000000000000000     
 mdl_VN2N3 =    1.0000000000000000     
 mdl_VN3N3 =    1.0000000000000000     
 aEWM1 =    127.90000000000001     
 mdl_Gf =    1.1663700000000000E-005
 aS =   0.11839999999999999     
 mdl_ymt =    172.00000000000000     
 mdl_vevf =    50.000000000000000     
 mdl_MZ =    91.187600000000003     
 mdl_MT =    172.00000000000000     
 mdl_MH =    125.00000000000000     
 mdl_mN1 =    2000.0000000000000     
 mdl_mN2 =    2100.0000000000000     
 mdl_mN3 =    2200.0000000000000     
 mdl_MJ =    91.187600000000003     
 mdl_MAx =    173.04800000000000     
 mdl_WZ =    2.4952000000000001     
 mdl_WW =    2.0850000000000000     
 mdl_WT =    1.5083359999999999     
 mdl_WH =    4.0699999999999998E-003
 mdl_WN1 =   0.30299999999999999     
 mdl_WN2 =    1.5000000000000000     
 mdl_WN3 =    12.300000000000001     
 mdl_WJ =    2.4952000000000001     
 mdl_WAx =    4.1700000000000001E-003
  Internal Params
  ---------------------------------
  
 mdl_vevf__exp__2 =    2500.0000000000000     
 mdl_sqrt__vevf__exp__2 =    50.000000000000000     
 mdl_muJ =    50.000000000000000     
 mdl_MZ__exp__2 =    8315.1783937600012     
 mdl_MZ__exp__4 =    69142191.720053151     
 mdl_sqrt__2 =    1.4142135623730951     
 mdl_MJ__exp__2 =    8315.1783937600012     
 mdl_muJ__exp__2 =    2500.0000000000000     
 mdl_lamJ =    4.3260713575040004     
 mdl_MH__exp__2 =    15625.000000000000     
 mdl_complexi =  (  0.0000000000000000     ,  1.0000000000000000     )
 mdl_aEW =    7.8186082877247844E-003
 mdl_MW =    79.824359746197842     
 mdl_sqrt__aEW =    8.8422894590285753E-002
 mdl_ee =   0.31345100004952897     
 mdl_MW__exp__2 =    6371.9284088904105     
 mdl_sw2 =   0.23369913342182447     
 mdl_cw =   0.87538612427783857     
 mdl_sqrt__sw2 =   0.48342438232036300     
 mdl_sw =   0.48342438232036300     
 mdl_g1 =   0.35807170271074895     
 mdl_gN =   0.64839716719502682     
 mdl_gw =   0.64839716719502682     
 mdl_vev =    246.22056907348590     
 mdl_vev__exp__2 =    60624.568634871241     
 mdl_lam =   0.12886689630821144     
 mdl_yt =   0.98791394091683138     
 mdl_muH =    88.388347648318444     
 mdl_I2a33 =  ( 0.98791394091683138     ,  0.0000000000000000     )
 mdl_I3a33 =  ( 0.98791394091683138     ,  0.0000000000000000     )
 mdl_ee__exp__2 =    9.8251529432049817E-002
 mdl_sw__exp__2 =   0.23369913342182450     
 mdl_cw__exp__2 =   0.76630086657817542     
  Internal Params evaluated point by point
  ----------------------------------------
  
 mdl_sqrt__aS =   0.34409301068170506     
 mdl_G__exp__2 =    1.4878582807401259     
  Couplings of SM_HeavyN_UFO
  ---------------------------------
  
         GC_1 =  -0.00000E+00  -0.10448E+00
         GC_2 =   0.00000E+00   0.20897E+00
         GC_3 =  -0.00000E+00  -0.31345E+00
         GC_4 =   0.00000E+00   0.31345E+00
        GC_26 =   0.00000E+00   0.45849E+00
        GC_27 =  -0.00000E+00  -0.28380E+00
        GC_28 =   0.00000E+00   0.28380E+00
        GC_30 =   0.00000E+00   0.56760E+00
        GC_35 =  -0.00000E+00  -0.28850E-01
        GC_37 =   0.00000E+00   0.17310E+00
        GC_39 =   0.00000E+00  -0.19725E+00
        GC_40 =   0.00000E+00   0.37035E+00
        GC_80 =   0.00000E+00   0.67543E+02
       GC_107 =  -0.00000E+00  -0.74070E+00
       GC_109 =  -0.00000E+00  -0.74070E+00
       GC_111 =  -0.00000E+00  -0.74070E+00
       GC_113 =  -0.00000E+00  -0.74070E+00
       GC_115 =  -0.00000E+00  -0.74070E+00
       GC_117 =  -0.00000E+00  -0.74070E+00
       GC_119 =   0.00000E+00   0.00000E+00
       GC_120 =   0.00000E+00   0.00000E+00
       GC_122 =  -0.00000E+00  -0.00000E+00
       GC_126 =   0.00000E+00   0.00000E+00
       GC_127 =   0.00000E+00   0.00000E+00
       GC_129 =  -0.00000E+00  -0.00000E+00
       GC_133 =   0.00000E+00   0.45849E+00
       GC_134 =   0.00000E+00   0.37035E+00
       GC_136 =  -0.00000E+00  -0.89351E+01
        GC_81 =   0.40000E+02   0.00000E+00
        GC_82 =   0.42000E+02   0.00000E+00
        GC_83 =   0.44000E+02   0.00000E+00

 Collider parameters:
 --------------------

 Running at P P   machine @    13000.000000000000       GeV
 PDF set = nn23lo1
 alpha_s(Mz)= 0.1300 running at 2 loops.
 alpha_s(Mz)= 0.1300 running at 2 loops.
 Renormalization scale set on event-by-event basis
 Factorization   scale set on event-by-event basis


 getting user params
Enter number of events and max and min iterations: 
 Number of events and iterations         1000           5           3
Enter desired fractional accuracy: 
 Desired fractional accuracy:   0.10000000000000001     
Enter 0 for fixed, 2 for adjustable grid: 
Suppress amplitude (0 no, 1 yes)? 
 Using suppressed amplitude.
Exact helicity sum (0 yes, n = number/event)? 
 Explicitly summing over helicities
Enter Configuration Number: 
Running Configuration Number:  392
 Using dconfig=         635
 BW Setting            2           1           1           2           1           2           0
 Attempting mappinvarients           1           9
 Completed mapping           9
 about to integrate           19        1000           5           3          19           1
 Using non-zero grid deformation.
 19 dimensions   1000 events 19 invarients  5 iterations  1 config(s),  (0.99)
 Using h-tuple random number sequence.
 Error opening grid
 Using Uniform Grid!          36
 Using uniform alpha   1.0000000000000000     
 Grid defined OK
 Set CM energy to      13000.00
 Mapping Graph         392  to config         392
Setting grid   1    0.59172E-08   1
 Setting BW          -2           2   2200.0000000000000     
 Setting BW          -3           3   2200.0000000000000     
Setting grid   4    0.75740E-07   1
 Setting BW          -5           5   2200.0000000000000     
Setting grid   6    0.11291E+00   1
 Transforming s_hat 1/s           18  0.11290569768517021        1600.0000000000000        168999999.99999997     
 392   1   2   3   4   5   6   7   8   9  10  11  12  13  14
  15  16  17  18  19
 Masses: 0.000E+00 0.000E+00 0.000E+00 0.000E+00 0.000E+00 0.000E+00 0.000E+00 0.000E+00 0.912E+02
Using random seed offsets   392 :      1
  with seed                   24
 Ranmar initialization seeds         122        9398
 
 ********************************************
 * You are using the DiscreteSampler module *
 *      part of the MG5_aMC framework       *
 *         Author: Valentin Hirschi         *
 ********************************************
 
  Particle       3       4       5       6       7       8       9
      Et >    10.0    10.0    10.0    10.0     0.0     0.0     0.0
       E >     0.0     0.0     0.0     0.0     0.0     0.0     0.0
     Eta <     2.5     2.5     2.5     2.5    -1.0    -1.0    -1.0
   xqcut:      0.0     0.0     0.0     0.0     0.0     0.0     0.0
d R # 3  >    -0.0     0.4     0.4     0.4     0.0     0.0     0.0
d R # 4  >    -0.0    -0.0     0.4     0.4     0.0     0.0     0.0
d R # 5  >    -0.0    -0.0    -0.0     0.4     0.0     0.0     0.0
d R # 6  >    -0.0    -0.0    -0.0    -0.0     0.0     0.0     0.0
d R # 7  >    -0.0    -0.0    -0.0    -0.0    -0.0     0.0     0.0
d R # 8  >    -0.0    -0.0    -0.0    -0.0    -0.0    -0.0     0.0
s min # 3>     0.0     0.0     0.0     0.0     0.0     0.0     0.0
s min # 4>     0.0     0.0     0.0     0.0     0.0     0.0     0.0
s min # 5>     0.0     0.0     0.0     0.0     0.0     0.0     0.0
s min # 6>     0.0     0.0     0.0     0.0     0.0     0.0     0.0
s min # 7>     0.0     0.0     0.0     0.0     0.0     0.0     0.0
s min # 8>     0.0     0.0     0.0     0.0     0.0     0.0     0.0
xqcutij # 3>     0.0     0.0     0.0     0.0     0.0     0.0     0.0
xqcutij # 4>     0.0     0.0     0.0     0.0     0.0     0.0     0.0
xqcutij # 5>     0.0     0.0     0.0     0.0     0.0     0.0     0.0
xqcutij # 6>     0.0     0.0     0.0     0.0     0.0     0.0     0.0
xqcutij # 7>     0.0     0.0     0.0     0.0     0.0     0.0     0.0
xqcutij # 8>     0.0     0.0     0.0     0.0     0.0     0.0     0.0
 Excluding BW           -1           1
 Requiring BW           -2           2
 Requiring BW           -3           3
 Excluding BW           -4           4
 Requiring BW           -5           5
 Excluding BW           -6           6
 alpha_s for scale    4701.8365433487052       is    7.8762233581352037E-002
 Added good helicity            1   1.9108306633147882       in event            1 local:           1
 Added good helicity           21   3.5587944875563882E-002  in event            1 local:           1
 Added good helicity           25   1.2627857303948526E-006  in event            1 local:           1
 Added good helicity           37   2.1314309345441185E-006  in event            1 local:           1
 Added good helicity           41   7.0311234119801109E-003  in event            1 local:           1
 Added good helicity           61   2.2745857767016011E-006  in event            1 local:           1
 Added good helicity          193   253.81092936476017       in event            1 local:           1
 Added good helicity          213  0.17584545923161773       in event            1 local:           1
 Added good helicity          217   1.1334498144670128E-006  in event            1 local:           1
 Added good helicity          229   6.2307060446387749E-007  in event            1 local:           1
 Added good helicity          233   5.9758179718323597E-002  in event            1 local:           1
 Added good helicity          253   9.8393647759104884E-006  in event            1 local:           1
 Added good helicity            1   1.9108306633108105       in event            1 local:           1
 Added good helicity           21   3.5587944875548359E-002  in event            1 local:           1
 Added good helicity           25   1.2627857303948841E-006  in event            1 local:           1
 Added good helicity           37   2.1314309345448643E-006  in event            1 local:           1
 Added good helicity           41   7.0311234119765443E-003  in event            1 local:           1
 Added good helicity           61   2.2745857767012834E-006  in event            1 local:           1
 Added good helicity          193   253.81092936476418       in event            1 local:           1
 Added good helicity          213  0.17584545923158715       in event            1 local:           1
 Added good helicity          217   1.1334498144673999E-006  in event            1 local:           1
 Added good helicity          229   6.2307060446367388E-007  in event            1 local:           1
 Added good helicity          233   5.9758179718305035E-002  in event            1 local:           1
 Added good helicity          253   9.8393647759091196E-006  in event            1 local:           1
 RESET CUMULATIVE VARIABLE
 RESET CUMULATIVE VARIABLE
 RESET CUMULATIVE VARIABLE
 Iteration  1   Mean: 0.1107E-12 Abs mean: 0.1107E-12   Fluctuation:  0.816E-13   0.183E-10     0.1%
  1    0.1107E-12 0.1107E-12 +- 0.8159E-13     11.61
 Writing out events   4.4278501364110429E-015   11.607160189608704     
 Relative summed weights:
  0.2989E-04  0.2138E-03  0.5680E-05  0.8406E-02  0.0000E+00  0.0000E+00
  0.2029E-03  0.3237E-03  0.1200E-07  0.5675E-03  0.0000E+00  0.0000E+00
  0.3021E-02  0.3609E-03  0.1024E-07  0.9635E-05  0.0000E+00  0.0000E+00
  0.1662E-02  0.2259E-08  0.3369E-07  0.4002E-09  0.0000E+00  0.0000E+00
  0.3173E+00  0.4426E-03  0.6512E-03  0.1174E-04  0.0000E+00  0.0000E+00
  0.1184E-04  0.1746E-04  0.8071E-07  0.8546E-04  0.0000E+00  0.0000E+00
  0.2006E-03  0.6664E+00  0.3878E-05  0.0000E+00  0.0000E+00  0.0000E+00
  0.2903E-05  0.5187E-04  0.1198E-05  0.4477E-12  0.0000E+00  0.0000E+00
 Relative number of events:
  0.8560E-01  0.3891E-01  0.2335E-01  0.3891E-01  0.0000E+00  0.0000E+00
  0.1556E-01  0.1946E-01  0.1167E-01  0.1556E-01  0.0000E+00  0.0000E+00
  0.5447E-01  0.4669E-01  0.1556E-01  0.3502E-01  0.0000E+00  0.0000E+00
  0.1556E-01  0.2335E-01  0.3891E-02  0.7782E-02  0.0000E+00  0.0000E+00
  0.7393E-01  0.6226E-01  0.1946E-01  0.3891E-01  0.0000E+00  0.0000E+00
  0.6226E-01  0.8560E-01  0.2335E-01  0.2335E-01  0.0000E+00  0.0000E+00
  0.1556E-01  0.5447E-01  0.1556E-01  0.0000E+00  0.0000E+00  0.0000E+00
  0.2724E-01  0.3113E-01  0.1167E-01  0.3891E-02  0.0000E+00  0.0000E+00
 Events:
          22          10           6          10           0           0
           4           5           3           4           0           0
          14          12           4           9           0           0
           4           6           1           2           0           0
          19          16           5          10           0           0
          16          22           6           6           0           0
           4          14           4           0           0           0
           7           8           3           1           0           0
 Iteration  2   Mean: 0.1651E-14 Abs mean: 0.1651E-14   Fluctuation:  0.614E-15   0.818E-12    17.7%
  2    0.1651E-14 0.1651E-14 +- 0.6142E-15     16.64
 Relative summed weights:
  0.4559E-01  0.3667E-02  0.1154E-01  0.9011E-03  0.0000E+00  0.0000E+00
  0.4371E-03  0.3713E-03  0.1451E-03  0.4190E-03  0.0000E+00  0.0000E+00
  0.2511E+00  0.3988E-01  0.1219E-01  0.4786E-02  0.0000E+00  0.0000E+00
  0.3996E-01  0.1262E-01  0.8174E-03  0.9155E-03  0.0000E+00  0.0000E+00
  0.2969E-02  0.1435E+00  0.6047E-02  0.4977E-02  0.0000E+00  0.0000E+00
  0.2031E+00  0.4146E-01  0.1452E+00  0.5700E-02  0.0000E+00  0.0000E+00
  0.7733E-02  0.4723E-02  0.1050E-03  0.2496E-03  0.0000E+00  0.0000E+00
  0.6907E-02  0.1972E-02  0.5172E-05  0.9373E-04  0.0000E+00  0.0000E+00
 Relative number of events:
  0.5800E-01  0.5150E-01  0.4250E-01  0.3350E-01  0.0000E+00  0.0000E+00
  0.1900E-01  0.1850E-01  0.8000E-02  0.1050E-01  0.0000E+00  0.0000E+00
  0.5400E-01  0.5950E-01  0.4150E-01  0.4250E-01  0.0000E+00  0.0000E+00
  0.1950E-01  0.1900E-01  0.1300E-01  0.9000E-02  0.0000E+00  0.0000E+00
  0.6100E-01  0.5600E-01  0.3650E-01  0.3800E-01  0.0000E+00  0.0000E+00
  0.6300E-01  0.4750E-01  0.3550E-01  0.4000E-01  0.0000E+00  0.0000E+00
  0.1750E-01  0.2500E-01  0.9500E-02  0.1100E-01  0.0000E+00  0.0000E+00
  0.2100E-01  0.1900E-01  0.1050E-01  0.9500E-02  0.0000E+00  0.0000E+00
 Events:
         116         103          85          67           0           0
          38          37          16          21           0           0
         108         119          83          85           0           0
          39          38          26          18           0           0
         122         112          73          76           0           0
         126          95          71          80           0           0
          35          50          19          22           0           0
          42          38          21          19           0           0
 Iteration  3   Mean: 0.3284E-13 Abs mean: 0.3284E-13   Fluctuation:  0.192E-13   0.599E-10    35.0%
  3    0.3284E-13 0.3284E-13 +- 0.1921E-13     36.99
 Relative summed weights:
  0.1495E-01  0.3543E+00  0.6697E-03  0.4015E-02  0.0000E+00  0.0000E+00
  0.6320E-02  0.8438E-03  0.1180E-02  0.4343E-04  0.0000E+00  0.0000E+00
  0.9057E-03  0.9345E-01  0.3999E-02  0.3044E-03  0.0000E+00  0.0000E+00
  0.7201E-03  0.8011E-02  0.3187E-03  0.2140E-03  0.0000E+00  0.0000E+00
  0.2039E-01  0.3794E-02  0.4736E+00  0.3166E-02  0.0000E+00  0.0000E+00
  0.1641E-02  0.3831E-02  0.2287E-03  0.1384E-03  0.0000E+00  0.3695E-09
  0.6868E-03  0.1262E-03  0.1101E-04  0.5930E-03  0.0000E+00  0.0000E+00
  0.9241E-03  0.5765E-03  0.1737E-04  0.4976E-04  0.0000E+00  0.0000E+00
 Relative number of events:
  0.6125E-01  0.5500E-01  0.3600E-01  0.3750E-01  0.0000E+00  0.0000E+00
  0.2200E-01  0.2350E-01  0.8250E-02  0.9500E-02  0.0000E+00  0.0000E+00
  0.5750E-01  0.5750E-01  0.3825E-01  0.3400E-01  0.0000E+00  0.0000E+00
  0.2225E-01  0.1950E-01  0.1250E-01  0.1075E-01  0.0000E+00  0.0000E+00
  0.5875E-01  0.5525E-01  0.3200E-01  0.3700E-01  0.0000E+00  0.0000E+00
  0.5450E-01  0.6000E-01  0.3550E-01  0.3775E-01  0.0000E+00  0.2500E-03
  0.2175E-01  0.1875E-01  0.8750E-02  0.1050E-01  0.0000E+00  0.0000E+00
  0.2025E-01  0.2400E-01  0.8250E-02  0.1150E-01  0.0000E+00  0.0000E+00
 Events:
         245         220         144         150           0           0
          88          94          33          38           0           0
         230         230         153         136           0           0
          89          78          50          43           0           0
         235         221         128         148           0           0
         218         240         142         151           0           1
          87          75          35          42           0           0
          81          96          33          46           0           0
 Accuracy:    1.043   0.100   0.289  13.038
 Found          177  events.
 Wrote            3  events.
 Actual xsec    2.5998086992120857E-014
 Correct abs xsec    2.5998086992120857E-014
 Event xsec    2.5998086992120857E-014
 Events wgts > 1:            1
 % Cross section > 1:    5.4120745564785797E-022   2.0817203043126969E-006
 Iteration  4   Mean: 0.8434E-14 Abs mean: 0.8434E-14   Fluctuation:  0.214E-14   0.112E-10    34.4%
  4    0.8434E-14 0.8434E-14 +- 0.2135E-14     22.64
 Relative summed weights:
  0.1348E-01  0.3427E-01  0.6884E-02  0.2891E-01  0.0000E+00  0.0000E+00
  0.1155E+00  0.6828E-02  0.1113E-01  0.9620E-03  0.0000E+00  0.4443E-06
  0.8012E-01  0.5623E-01  0.4011E-02  0.1779E+00  0.0000E+00  0.0000E+00
  0.1431E+00  0.2037E-02  0.1691E-01  0.4665E-02  0.0000E+00  0.0000E+00
  0.6824E-01  0.1496E-01  0.1895E-02  0.1907E-01  0.1243E-04  0.1743E-08
  0.5594E-01  0.2620E-01  0.1916E-01  0.1110E-01  0.2187E-07  0.0000E+00
  0.2318E-01  0.3117E-01  0.2344E-01  0.1929E-03  0.0000E+00  0.0000E+00
  0.9176E-03  0.8285E-03  0.2667E-03  0.4177E-03  0.0000E+00  0.0000E+00
 Relative number of events:
  0.5500E-01  0.5937E-01  0.3787E-01  0.3687E-01  0.0000E+00  0.0000E+00
  0.2138E-01  0.2138E-01  0.1013E-01  0.8750E-02  0.0000E+00  0.1250E-03
  0.6025E-01  0.5700E-01  0.3687E-01  0.3250E-01  0.0000E+00  0.0000E+00
  0.2138E-01  0.2175E-01  0.1125E-01  0.9750E-02  0.0000E+00  0.0000E+00
  0.5725E-01  0.5788E-01  0.3313E-01  0.3188E-01  0.1250E-03  0.1250E-03
  0.5775E-01  0.6137E-01  0.3463E-01  0.3350E-01  0.1250E-03  0.0000E+00
  0.2400E-01  0.2363E-01  0.1200E-01  0.9375E-02  0.0000E+00  0.0000E+00
  0.2287E-01  0.2000E-01  0.7750E-02  0.1100E-01  0.0000E+00  0.0000E+00
 Events:
         440         475         303         295           0           0
         171         171          81          70           0           1
         482         456         295         260           0           0
         171         174          90          78           0           0
         458         463         265         255           1           1
         462         491         277         268           1           0
         192         189          96          75           0           0
         183         160          62          88           0           0
 Accuracy:    0.961   0.100   0.190  25.460
 Found          120  events.
 Wrote            3  events.
 Actual xsec    9.3013416069677988E-015
 Correct abs xsec    9.3013416069677988E-015
 Event xsec    9.3013416069677973E-015
 Events wgts > 1:            1
 % Cross section > 1:    9.0491303344428839E-023   9.7288441999206018E-007
 Iteration  5   Mean: 0.2039E-13 Abs mean: 0.2039E-13   Fluctuation:  0.574E-14   0.859E-10    32.5%
  5    0.2039E-13 0.2039E-13 +- 0.5740E-14     35.61
 Relative summed weights:
  0.2387E-01  0.1124E-01  0.2900E-01  0.3151E-01  0.8968E-08  0.7187E-04
  0.1112E-02  0.4913E-02  0.2087E-02  0.7057E-03  0.0000E+00  0.0000E+00
  0.2504E-01  0.9197E-01  0.2502E-01  0.2191E-01  0.3671E-09  0.1446E-04
  0.3330E-02  0.1637E-01  0.5590E-01  0.2780E-02  0.7933E-08  0.0000E+00
  0.7744E-01  0.1336E-01  0.4962E-01  0.1228E-01  0.1447E-05  0.5382E-07
  0.2736E-01  0.2458E-01  0.2782E+00  0.2026E-01  0.4935E-06  0.0000E+00
  0.1071E-01  0.7358E-02  0.1572E-01  0.1887E-01  0.0000E+00  0.0000E+00
  0.5066E-01  0.1549E-01  0.2046E-01  0.1078E-01  0.0000E+00  0.3593E-06
 Relative number of events:
  0.5875E-01  0.5763E-01  0.3587E-01  0.3662E-01  0.6250E-04  0.1875E-03
  0.2019E-01  0.2206E-01  0.9813E-02  0.9375E-02  0.0000E+00  0.0000E+00
  0.5831E-01  0.5850E-01  0.3438E-01  0.3488E-01  0.6250E-04  0.1875E-03
  0.2206E-01  0.1906E-01  0.1250E-01  0.9938E-02  0.6250E-04  0.0000E+00
  0.5869E-01  0.5675E-01  0.3494E-01  0.3819E-01  0.6250E-04  0.6250E-04
  0.5806E-01  0.5475E-01  0.3519E-01  0.3519E-01  0.1250E-03  0.0000E+00
  0.1994E-01  0.2194E-01  0.1025E-01  0.1056E-01  0.0000E+00  0.0000E+00
  0.2194E-01  0.2219E-01  0.9813E-02  0.1081E-01  0.0000E+00  0.6250E-04
 Events:
         940         922         574         586           1           3
         323         353         157         150           0           0
         933         936         550         558           1           3
         353         305         200         159           1           0
         939         908         559         611           1           1
         929         876         563         563           2           0
         319         351         164         169           0           0
         351         355         157         173           0           1
 Accuracy:    0.638   0.100   0.158  16.371
 Found          880  events.
 Wrote            4  events.
 Actual xsec    1.5567882872450427E-014
 Correct abs xsec    1.5567882872450427E-014
 Event xsec    1.5567882872450427E-014
 Events wgts > 1:            0
 % Cross section > 1:    0.0000000000000000        0.0000000000000000     

 -------------------------------------------------------------------------------
 Accumulated results:   Integral =  0.1742E-13
                        Std dev  =  0.2748E-14
                       Cross sec =  0.1742E-13
             Chi**2 per DoF.     =     16.3713
 -------------------------------------------------------------------------------
-------------------------------------------------
---------------------------
 Results Last   3 iters: Integral =   0.1557E-13
                     Abs integral =   0.1557E-13
                          Std dev =   0.2790E-14
                  Chi**2 per DoF. =      6.3367
-------------------------------------------------
---------------------------
 Status  0.10000000000000001                6           5

ls status:
events.lhe
ftn26
input_app.txt
results.dat
run1_app.log
