 Process in group number            1
 A PDF is used, so alpha_s(MZ) is going to be modified
 Old value of alpha_s from param_card:   0.11839999999999999     
  ****************************************
 
       NNPDFDriver version 1.0.3
   Grid: NNPDF23_lo_as_0130_qed_mem0.grid
  ****************************************
 New value of alpha_s from PDF nn23lo1:  0.13000000000000000     
 Define smin to   1600.0000000000000     
 Define smin to   1600.0000000000000     
 Define smin to   1600.0000000000000     
 *****************************************************
 *               MadGraph/MadEvent                   *
 *        --------------------------------           *
 *          http://madgraph.hep.uiuc.edu             *
 *          http://madgraph.phys.ucl.ac.be           *
 *          http://madgraph.roma2.infn.it            *
 *        --------------------------------           *
 *                                                   *
 *          PARAMETER AND COUPLING VALUES            *
 *                                                   *
 *****************************************************

  External Params
  ---------------------------------
  
 mdl_VeN1 =    1.0000000000000000     
 mdl_VeN2 =    0.0000000000000000     
 mdl_VeN3 =    0.0000000000000000     
 mdl_VmuN1 =    0.0000000000000000     
 mdl_VmuN2 =    1.0000000000000000     
 mdl_VmuN3 =    0.0000000000000000     
 mdl_VtaN1 =    0.0000000000000000     
 mdl_VtaN2 =    0.0000000000000000     
 mdl_VtaN3 =    1.0000000000000000     
 mdl_VN1N1 =    1.0000000000000000     
 mdl_VN1N2 =    1.0000000000000000     
 mdl_VN1N3 =    1.0000000000000000     
 mdl_VN2N2 =    1.0000000000000000     
 mdl_VN2N3 =    1.0000000000000000     
 mdl_VN3N3 =    1.0000000000000000     
 aEWM1 =    127.90000000000001     
 mdl_Gf =    1.1663700000000000E-005
 aS =   0.11839999999999999     
 mdl_ymt =    172.00000000000000     
 mdl_vevf =    50.000000000000000     
 mdl_MZ =    91.187600000000003     
 mdl_MT =    172.00000000000000     
 mdl_MH =    125.00000000000000     
 mdl_mN1 =    2000.0000000000000     
 mdl_mN2 =    2100.0000000000000     
 mdl_mN3 =    2200.0000000000000     
 mdl_MJ =    91.187600000000003     
 mdl_MAx =    173.04800000000000     
 mdl_WZ =    2.4952000000000001     
 mdl_WW =    2.0850000000000000     
 mdl_WT =    1.5083359999999999     
 mdl_WH =    4.0699999999999998E-003
 mdl_WN1 =   0.30299999999999999     
 mdl_WN2 =    1.5000000000000000     
 mdl_WN3 =    12.300000000000001     
 mdl_WJ =    2.4952000000000001     
 mdl_WAx =    4.1700000000000001E-003
  Internal Params
  ---------------------------------
  
 mdl_vevf__exp__2 =    2500.0000000000000     
 mdl_sqrt__vevf__exp__2 =    50.000000000000000     
 mdl_muJ =    50.000000000000000     
 mdl_MZ__exp__2 =    8315.1783937600012     
 mdl_MZ__exp__4 =    69142191.720053151     
 mdl_sqrt__2 =    1.4142135623730951     
 mdl_MJ__exp__2 =    8315.1783937600012     
 mdl_muJ__exp__2 =    2500.0000000000000     
 mdl_lamJ =    4.3260713575040004     
 mdl_MH__exp__2 =    15625.000000000000     
 mdl_complexi =  (  0.0000000000000000     ,  1.0000000000000000     )
 mdl_aEW =    7.8186082877247844E-003
 mdl_MW =    79.824359746197842     
 mdl_sqrt__aEW =    8.8422894590285753E-002
 mdl_ee =   0.31345100004952897     
 mdl_MW__exp__2 =    6371.9284088904105     
 mdl_sw2 =   0.23369913342182447     
 mdl_cw =   0.87538612427783857     
 mdl_sqrt__sw2 =   0.48342438232036300     
 mdl_sw =   0.48342438232036300     
 mdl_g1 =   0.35807170271074895     
 mdl_gN =   0.64839716719502682     
 mdl_gw =   0.64839716719502682     
 mdl_vev =    246.22056907348590     
 mdl_vev__exp__2 =    60624.568634871241     
 mdl_lam =   0.12886689630821144     
 mdl_yt =   0.98791394091683138     
 mdl_muH =    88.388347648318444     
 mdl_I2a33 =  ( 0.98791394091683138     ,  0.0000000000000000     )
 mdl_I3a33 =  ( 0.98791394091683138     ,  0.0000000000000000     )
 mdl_ee__exp__2 =    9.8251529432049817E-002
 mdl_sw__exp__2 =   0.23369913342182450     
 mdl_cw__exp__2 =   0.76630086657817542     
  Internal Params evaluated point by point
  ----------------------------------------
  
 mdl_sqrt__aS =   0.34409301068170506     
 mdl_G__exp__2 =    1.4878582807401259     
  Couplings of SM_HeavyN_UFO
  ---------------------------------
  
         GC_1 =  -0.00000E+00  -0.10448E+00
         GC_2 =   0.00000E+00   0.20897E+00
         GC_3 =  -0.00000E+00  -0.31345E+00
         GC_4 =   0.00000E+00   0.31345E+00
        GC_26 =   0.00000E+00   0.45849E+00
        GC_27 =  -0.00000E+00  -0.28380E+00
        GC_28 =   0.00000E+00   0.28380E+00
        GC_30 =   0.00000E+00   0.56760E+00
        GC_35 =  -0.00000E+00  -0.28850E-01
        GC_37 =   0.00000E+00   0.17310E+00
        GC_39 =   0.00000E+00  -0.19725E+00
        GC_40 =   0.00000E+00   0.37035E+00
        GC_80 =   0.00000E+00   0.67543E+02
       GC_107 =  -0.00000E+00  -0.74070E+00
       GC_109 =  -0.00000E+00  -0.74070E+00
       GC_111 =  -0.00000E+00  -0.74070E+00
       GC_113 =  -0.00000E+00  -0.74070E+00
       GC_115 =  -0.00000E+00  -0.74070E+00
       GC_117 =  -0.00000E+00  -0.74070E+00
       GC_119 =   0.00000E+00   0.00000E+00
       GC_120 =   0.00000E+00   0.00000E+00
       GC_122 =  -0.00000E+00  -0.00000E+00
       GC_126 =   0.00000E+00   0.00000E+00
       GC_127 =   0.00000E+00   0.00000E+00
       GC_129 =  -0.00000E+00  -0.00000E+00
       GC_133 =   0.00000E+00   0.45849E+00
       GC_134 =   0.00000E+00   0.37035E+00
       GC_136 =  -0.00000E+00  -0.89351E+01
        GC_81 =   0.40000E+02   0.00000E+00
        GC_82 =   0.42000E+02   0.00000E+00
        GC_83 =   0.44000E+02   0.00000E+00

 Collider parameters:
 --------------------

 Running at P P   machine @    13000.000000000000       GeV
 PDF set = nn23lo1
 alpha_s(Mz)= 0.1300 running at 2 loops.
 alpha_s(Mz)= 0.1300 running at 2 loops.
 Renormalization scale set on event-by-event basis
 Factorization   scale set on event-by-event basis


 getting user params
Enter number of events and max and min iterations: 
 Number of events and iterations         1000           5           3
Enter desired fractional accuracy: 
 Desired fractional accuracy:   0.10000000000000001     
Enter 0 for fixed, 2 for adjustable grid: 
Suppress amplitude (0 no, 1 yes)? 
 Using suppressed amplitude.
Exact helicity sum (0 yes, n = number/event)? 
 Explicitly summing over helicities
Enter Configuration Number: 
Running Configuration Number:  327
 Using dconfig=         233
 BW Setting            2           2           1           2           2           0           0
 Attempting mappinvarients           1           9
 Completed mapping           9
 about to integrate           19        1000           5           3          19           1
 Using non-zero grid deformation.
 19 dimensions   1000 events 19 invarients  5 iterations  1 config(s),  (0.99)
 Using h-tuple random number sequence.
 Error opening grid
 Using Uniform Grid!          36
 Using uniform alpha   1.0000000000000000     
 Grid defined OK
 Set CM energy to      13000.00
 Mapping Graph         327  to config         327
Setting grid   1    0.59172E-08   1
Setting grid   2    0.75740E-07   1
Setting grid   3    0.75740E-07   1
 Setting BW          -4           3   2200.0000000000000     
Setting grid   5    0.29417E-01   1
Setting grid   6    0.29417E-01   1
 Transforming s_hat 1/s           18   2.9417199962093264E-002   1600.0000000000000        168999999.99999997     
 327   1   2   3   4   5   6   7   8   9  10  11  12  13  14
  15  16  17  18  19
 Masses: 0.000E+00 0.000E+00 0.000E+00 0.000E+00 0.000E+00 0.000E+00 0.000E+00 0.000E+00 0.912E+02
Using random seed offsets   327 :      1
  with seed                   24
 Ranmar initialization seeds          57        9398
 
 ********************************************
 * You are using the DiscreteSampler module *
 *      part of the MG5_aMC framework       *
 *         Author: Valentin Hirschi         *
 ********************************************
 
  Particle       3       4       5       6       7       8       9
      Et >    10.0    10.0    10.0    10.0     0.0     0.0     0.0
       E >     0.0     0.0     0.0     0.0     0.0     0.0     0.0
     Eta <     2.5     2.5     2.5     2.5    -1.0    -1.0    -1.0
   xqcut:      0.0     0.0     0.0     0.0     0.0     0.0     0.0
d R # 3  >    -0.0     0.4     0.4     0.4     0.0     0.0     0.0
d R # 4  >    -0.0    -0.0     0.4     0.4     0.0     0.0     0.0
d R # 5  >    -0.0    -0.0    -0.0     0.4     0.0     0.0     0.0
d R # 6  >    -0.0    -0.0    -0.0    -0.0     0.0     0.0     0.0
d R # 7  >    -0.0    -0.0    -0.0    -0.0    -0.0     0.0     0.0
d R # 8  >    -0.0    -0.0    -0.0    -0.0    -0.0    -0.0     0.0
s min # 3>     0.0     0.0     0.0     0.0     0.0     0.0     0.0
s min # 4>     0.0     0.0     0.0     0.0     0.0     0.0     0.0
s min # 5>     0.0     0.0     0.0     0.0     0.0     0.0     0.0
s min # 6>     0.0     0.0     0.0     0.0     0.0     0.0     0.0
s min # 7>     0.0     0.0     0.0     0.0     0.0     0.0     0.0
s min # 8>     0.0     0.0     0.0     0.0     0.0     0.0     0.0
xqcutij # 3>     0.0     0.0     0.0     0.0     0.0     0.0     0.0
xqcutij # 4>     0.0     0.0     0.0     0.0     0.0     0.0     0.0
xqcutij # 5>     0.0     0.0     0.0     0.0     0.0     0.0     0.0
xqcutij # 6>     0.0     0.0     0.0     0.0     0.0     0.0     0.0
xqcutij # 7>     0.0     0.0     0.0     0.0     0.0     0.0     0.0
xqcutij # 8>     0.0     0.0     0.0     0.0     0.0     0.0     0.0
 Excluding BW           -1           1
 Excluding BW           -3           2
 Requiring BW           -4           3
 Excluding BW           -5           4
 Excluding BW           -6           5
 alpha_s for scale    2298.2475309712627       is    8.4786122580386675E-002
 Added good helicity            1   232.32267137180835       in event            1 local:           1
 Added good helicity           21   7.0864133233951586E-005  in event            1 local:           1
 Added good helicity           25   1.3172013965683191       in event            1 local:           1
 Added good helicity           37   1.5759813549300031E-003  in event            1 local:           1
 Added good helicity           41   7.3498421716283345E-003  in event            1 local:           1
 Added good helicity           61   4.2423002058788216E-005  in event            1 local:           1
 Added good helicity          193   19.810159907605879       in event            1 local:           1
 Added good helicity          213   2.0820212197390536E-005  in event            1 local:           1
 Added good helicity          217   2.5316876929787098       in event            1 local:           1
 Added good helicity          229   8.7424253637294539E-005  in event            1 local:           1
 Added good helicity          233   9.1019143587076478E-003  in event            1 local:           1
 Added good helicity          253   3.0361552376858974E-005  in event            1 local:           1
 Added good helicity            1   232.32267137181009       in event            1 local:           1
 Added good helicity           21   7.0864133233944999E-005  in event            1 local:           1
 Added good helicity           25   1.3172013965682143       in event            1 local:           1
 Added good helicity           37   1.5759813549302650E-003  in event            1 local:           1
 Added good helicity           41   7.3498421716291030E-003  in event            1 local:           1
 Added good helicity           61   4.2423002058788683E-005  in event            1 local:           1
 Added good helicity          193   19.810159907604067       in event            1 local:           1
 Added good helicity          213   2.0820212197389079E-005  in event            1 local:           1
 Added good helicity          217   2.5316876929788639       in event            1 local:           1
 Added good helicity          229   8.7424253637296409E-005  in event            1 local:           1
 Added good helicity          233   9.1019143587083382E-003  in event            1 local:           1
 Added good helicity          253   3.0361552376863545E-005  in event            1 local:           1
 RESET CUMULATIVE VARIABLE
 RESET CUMULATIVE VARIABLE
 RESET CUMULATIVE VARIABLE
 Iteration  1   Mean: 0.3660E-09 Abs mean: 0.3660E-09   Fluctuation:  0.155E-09   0.145E-06    19.1%
  1    0.3660E-09 0.3660E-09 +- 0.1553E-09     13.42
 Writing out events   3.8368709605597668E-013   13.420987213364549     
 Relative summed weights:
  0.1691E-01  0.3714E+00  0.1014E-05  0.7639E-04  0.0000E+00  0.0000E+00
  0.2712E-02  0.2068E-01  0.2020E-01  0.1384E-01  0.1492E-03  0.0000E+00
  0.4985E-01  0.3415E-02  0.1067E+00  0.1183E-05  0.0000E+00  0.0000E+00
  0.1244E+00  0.7062E-01  0.5006E-03  0.6396E-02  0.2720E-09  0.0000E+00
  0.1846E-01  0.3476E-04  0.3273E-03  0.1077E-02  0.0000E+00  0.0000E+00
  0.3354E-02  0.1155E-02  0.3833E-05  0.1256E-01  0.0000E+00  0.0000E+00
  0.5814E-02  0.2136E-01  0.1423E-01  0.1836E-02  0.1088E-06  0.0000E+00
  0.1641E-01  0.3251E-02  0.6059E-02  0.8626E-01  0.0000E+00  0.0000E+00
 Relative number of events:
  0.2180E-01  0.2478E-01  0.3964E-02  0.6938E-02  0.0000E+00  0.0000E+00
  0.5748E-01  0.4955E-01  0.3568E-01  0.4559E-01  0.9911E-03  0.0000E+00
  0.2577E-01  0.1288E-01  0.9911E-02  0.3964E-02  0.0000E+00  0.0000E+00
  0.6739E-01  0.6442E-01  0.4163E-01  0.5550E-01  0.9911E-03  0.0000E+00
  0.1685E-01  0.2081E-01  0.4955E-02  0.7929E-02  0.0000E+00  0.0000E+00
  0.1685E-01  0.1487E-01  0.4955E-02  0.9911E-02  0.0000E+00  0.0000E+00
  0.3865E-01  0.3766E-01  0.4757E-01  0.3964E-01  0.2973E-02  0.0000E+00
  0.4757E-01  0.4955E-01  0.5253E-01  0.5748E-01  0.0000E+00  0.0000E+00
 Events:
          22          25           4           7           0           0
          58          50          36          46           1           0
          26          13          10           4           0           0
          68          65          42          56           1           0
          17          21           5           8           0           0
          17          15           5          10           0           0
          39          38          48          40           3           0
          48          50          53          58           0           0
 Iteration  2   Mean: 0.2042E-08 Abs mean: 0.2042E-08   Fluctuation:  0.135E-08   0.269E-05    39.8%
  2    0.2042E-08 0.2042E-08 +- 0.1355E-08     29.67
 Relative summed weights:
  0.3147E-01  0.1648E-02  0.3319E-02  0.2763E-04  0.2221E-03  0.0000E+00
  0.1830E-02  0.6114E-02  0.1457E-01  0.3453E-02  0.0000E+00  0.0000E+00
  0.4371E-01  0.5563E-03  0.1054E-04  0.5427E-02  0.0000E+00  0.0000E+00
  0.1910E-01  0.4492E-01  0.3858E-02  0.1537E-02  0.0000E+00  0.0000E+00
  0.6645E+00  0.8584E-02  0.9057E-04  0.3844E-02  0.0000E+00  0.3832E-08
  0.1853E-02  0.5114E-03  0.3348E-02  0.1906E-02  0.0000E+00  0.0000E+00
  0.2603E-02  0.8550E-02  0.3863E-01  0.3711E-02  0.0000E+00  0.6650E-10
  0.6274E-01  0.9124E-02  0.2436E-02  0.5796E-02  0.0000E+00  0.0000E+00
 Relative number of events:
  0.1950E-01  0.1900E-01  0.8500E-02  0.5500E-02  0.5000E-03  0.0000E+00
  0.4750E-01  0.5400E-01  0.4450E-01  0.5050E-01  0.0000E+00  0.0000E+00
  0.3000E-01  0.1950E-01  0.3000E-02  0.8500E-02  0.0000E+00  0.0000E+00
  0.4650E-01  0.4800E-01  0.4450E-01  0.4150E-01  0.0000E+00  0.0000E+00
  0.1800E-01  0.2550E-01  0.4000E-02  0.8500E-02  0.0000E+00  0.5000E-03
  0.2550E-01  0.2100E-01  0.7500E-02  0.3000E-02  0.0000E+00  0.0000E+00
  0.5300E-01  0.5350E-01  0.5050E-01  0.4400E-01  0.0000E+00  0.5000E-03
  0.5750E-01  0.5000E-01  0.3650E-01  0.5000E-01  0.0000E+00  0.0000E+00
 Events:
          39          38          17          11           1           0
          95         108          89         101           0           0
          60          39           6          17           0           0
          93          96          89          83           0           0
          36          51           8          17           0           1
          51          42          15           6           0           0
         106         107         101          88           0           1
         115         100          73         100           0           0
 Iteration  3   Mean: 0.5282E-09 Abs mean: 0.5282E-09   Fluctuation:  0.158E-09   0.414E-06    53.3%
  3    0.5282E-09 0.5282E-09 +- 0.1580E-09     18.91
 Relative summed weights:
  0.5574E-02  0.1612E-01  0.4585E-02  0.3479E-02  0.0000E+00  0.0000E+00
  0.1582E-01  0.2060E-01  0.7297E-02  0.1493E-01  0.0000E+00  0.0000E+00
  0.8192E-02  0.7842E-02  0.2803E-02  0.1750E-01  0.0000E+00  0.0000E+00
  0.2735E-01  0.1855E-01  0.7541E-02  0.3070E-02  0.2716E-07  0.0000E+00
  0.1881E-01  0.9339E-02  0.3466E-02  0.9638E-03  0.0000E+00  0.0000E+00
  0.2096E-01  0.2019E+00  0.1207E-02  0.5003E-03  0.0000E+00  0.0000E+00
  0.6195E-01  0.5736E-01  0.3016E-01  0.1245E+00  0.0000E+00  0.6932E-03
  0.1493E-01  0.1946E+00  0.4408E-01  0.3329E-01  0.4002E-06  0.9013E-10
 Relative number of events:
  0.2625E-01  0.2625E-01  0.5250E-02  0.5750E-02  0.0000E+00  0.0000E+00
  0.5825E-01  0.5600E-01  0.4025E-01  0.4550E-01  0.0000E+00  0.0000E+00
  0.2425E-01  0.2175E-01  0.6250E-02  0.5500E-02  0.0000E+00  0.0000E+00
  0.4700E-01  0.5750E-01  0.4225E-01  0.4650E-01  0.5000E-03  0.0000E+00
  0.1975E-01  0.2225E-01  0.6750E-02  0.6250E-02  0.0000E+00  0.0000E+00
  0.1825E-01  0.2150E-01  0.6500E-02  0.4500E-02  0.0000E+00  0.0000E+00
  0.5100E-01  0.4825E-01  0.4175E-01  0.4250E-01  0.0000E+00  0.2500E-03
  0.5075E-01  0.5525E-01  0.4325E-01  0.4550E-01  0.2500E-03  0.5000E-03
 Events:
         105         105          21          23           0           0
         233         224         161         182           0           0
          97          87          25          22           0           0
         188         230         169         186           2           0
          79          89          27          25           0           0
          73          86          26          18           0           0
         204         193         167         170           0           1
         203         221         173         182           1           2
 Accuracy:    0.549   0.100   0.229   5.721
 Found           71  events.
 Wrote            5  events.
 Actual xsec    6.6170349836239981E-010
 Correct abs xsec    6.6170349836239981E-010
 Event xsec    6.6170349836239991E-010
 Events wgts > 1:            1
 % Cross section > 1:    1.6551562102982042E-017   2.5013562938603551E-006
 Iteration  4   Mean: 0.1299E-08 Abs mean: 0.1299E-08   Fluctuation:  0.379E-09   0.242E-05    58.4%
  4    0.1299E-08 0.1299E-08 +- 0.3789E-09     26.10
 Relative summed weights:
  0.7387E-02  0.1563E-01  0.2610E-03  0.3358E-02  0.0000E+00  0.6408E-10
  0.1852E-01  0.5391E-01  0.8824E-02  0.6502E-02  0.7527E-07  0.1183E-05
  0.2672E-01  0.7711E-02  0.6398E-02  0.1160E-02  0.2218E-04  0.0000E+00
  0.1265E-01  0.6073E-01  0.1130E+00  0.1181E-01  0.9052E-05  0.0000E+00
  0.7884E-02  0.1903E-01  0.4276E-01  0.1104E-01  0.1479E-05  0.0000E+00
  0.1318E+00  0.1004E-01  0.1468E-02  0.9262E-02  0.0000E+00  0.7567E-07
  0.5637E-01  0.3175E-01  0.6663E-02  0.6838E-02  0.3585E-06  0.6781E-07
  0.2311E-01  0.2393E+00  0.3967E-01  0.8457E-02  0.0000E+00  0.4052E-05
 Relative number of events:
  0.2150E-01  0.2175E-01  0.5000E-02  0.4250E-02  0.0000E+00  0.1250E-03
  0.5488E-01  0.5162E-01  0.4175E-01  0.4788E-01  0.1250E-03  0.2500E-03
  0.2075E-01  0.1800E-01  0.7000E-02  0.4750E-02  0.1250E-03  0.0000E+00
  0.5200E-01  0.5775E-01  0.4788E-01  0.4612E-01  0.1250E-03  0.0000E+00
  0.2138E-01  0.2100E-01  0.5625E-02  0.6375E-02  0.1250E-03  0.0000E+00
  0.2013E-01  0.2138E-01  0.5250E-02  0.5500E-02  0.0000E+00  0.1250E-03
  0.5462E-01  0.5613E-01  0.4387E-01  0.4238E-01  0.1250E-03  0.2500E-03
  0.5400E-01  0.5125E-01  0.4437E-01  0.4213E-01  0.0000E+00  0.3750E-03
 Events:
         172         174          40          34           0           1
         439         413         334         383           1           2
         166         144          56          38           1           0
         416         462         383         369           1           0
         171         168          45          51           1           0
         161         171          42          44           0           1
         437         449         351         339           1           2
         432         410         355         337           0           3
 Accuracy:    0.324   0.100   0.180   3.238
 Found          427  events.
 Wrote            6  events.
 Actual xsec    1.0237791407904981E-009
 Correct abs xsec    1.0237791407904981E-009
 Event xsec    1.0237791407904983E-009
 Events wgts > 1:            1
 % Cross section > 1:    9.7057896074966189E-018   9.4803549132700762E-007
 Iteration  5   Mean: 0.1189E-08 Abs mean: 0.1189E-08   Fluctuation:  0.165E-09   0.147E-05    56.1%
  5    0.1189E-08 0.1189E-08 +- 0.1650E-09     17.55
 Relative summed weights:
  0.1779E-01  0.1617E-01  0.1609E-01  0.8309E-01  0.6050E-06  0.1393E-04
  0.2612E-01  0.3998E-01  0.1428E-01  0.2241E-01  0.6926E-08  0.6949E-06
  0.6300E-01  0.8975E-01  0.5709E-02  0.1382E-01  0.0000E+00  0.0000E+00
  0.3365E-01  0.3832E-01  0.2047E-01  0.2460E-01  0.8029E-03  0.2525E-04
  0.2108E-01  0.9804E-02  0.6684E-02  0.6371E-01  0.0000E+00  0.0000E+00
  0.3099E-01  0.3174E-01  0.6655E-02  0.5864E-01  0.2400E-07  0.0000E+00
  0.2894E-01  0.2875E-01  0.2121E-01  0.5720E-01  0.2102E-02  0.1274E-06
  0.3993E-01  0.3133E-01  0.1871E-01  0.1641E-01  0.2297E-07  0.6888E-05
 Relative number of events:
  0.2294E-01  0.2063E-01  0.5500E-02  0.6063E-02  0.6250E-04  0.6250E-04
  0.5269E-01  0.5194E-01  0.4481E-01  0.4450E-01  0.6250E-04  0.1875E-03
  0.2206E-01  0.2106E-01  0.5313E-02  0.4250E-02  0.0000E+00  0.0000E+00
  0.5544E-01  0.5219E-01  0.4625E-01  0.4219E-01  0.1875E-03  0.2500E-03
  0.2294E-01  0.2100E-01  0.5500E-02  0.5687E-02  0.0000E+00  0.0000E+00
  0.2244E-01  0.2244E-01  0.4625E-02  0.5437E-02  0.6250E-04  0.0000E+00
  0.5362E-01  0.5219E-01  0.4437E-01  0.4281E-01  0.2500E-03  0.6250E-04
  0.5488E-01  0.5462E-01  0.4631E-01  0.4188E-01  0.1250E-03  0.1250E-03
 Events:
         367         330          88          97           1           1
         843         831         717         712           1           3
         353         337          85          68           0           0
         887         835         740         675           3           4
         367         336          88          91           0           0
         359         359          74          87           1           0
         858         835         710         685           4           1
         878         874         741         670           2           2
 Accuracy:    0.157   0.100   0.110   2.026
 Found          758  events.
 Wrote           13  events.
 Actual xsec    1.1078351218930179E-009
 Correct abs xsec    1.1078351218930179E-009
 Event xsec    1.1078351218930179E-009
 Events wgts > 1:            1
 % Cross section > 1:    1.4426091288160588E-017   1.3021875731390374E-006

 -------------------------------------------------------------------------------
 Accumulated results:   Integral =  0.1084E-08
                        Std dev  =  0.1192E-09
                       Cross sec =  0.1084E-08
             Chi**2 per DoF.     =      2.0264
 -------------------------------------------------------------------------------
-------------------------------------------------
---------------------------
 Results Last   3 iters: Integral =   0.1108E-08
                     Abs integral =   0.1108E-08
                          Std dev =   0.1280E-09
                  Chi**2 per DoF. =      6.9809
-------------------------------------------------
---------------------------
 Status  0.10000000000000001                6           5

ls status:
events.lhe
ftn26
input_app.txt
results.dat
run1_app.log
