 Process in group number            1
 A PDF is used, so alpha_s(MZ) is going to be modified
 Old value of alpha_s from param_card:   0.11839999999999999     
  ****************************************
 
       NNPDFDriver version 1.0.3
   Grid: NNPDF23_lo_as_0130_qed_mem0.grid
  ****************************************
 New value of alpha_s from PDF nn23lo1:  0.13000000000000000     
 Define smin to   1600.0000000000000     
 Define smin to   1600.0000000000000     
 Define smin to   1600.0000000000000     
 *****************************************************
 *               MadGraph/MadEvent                   *
 *        --------------------------------           *
 *          http://madgraph.hep.uiuc.edu             *
 *          http://madgraph.phys.ucl.ac.be           *
 *          http://madgraph.roma2.infn.it            *
 *        --------------------------------           *
 *                                                   *
 *          PARAMETER AND COUPLING VALUES            *
 *                                                   *
 *****************************************************

  External Params
  ---------------------------------
  
 mdl_VeN1 =    1.0000000000000000     
 mdl_VeN2 =    0.0000000000000000     
 mdl_VeN3 =    0.0000000000000000     
 mdl_VmuN1 =    0.0000000000000000     
 mdl_VmuN2 =    1.0000000000000000     
 mdl_VmuN3 =    0.0000000000000000     
 mdl_VtaN1 =    0.0000000000000000     
 mdl_VtaN2 =    0.0000000000000000     
 mdl_VtaN3 =    1.0000000000000000     
 mdl_VN1N1 =    1.0000000000000000     
 mdl_VN1N2 =    1.0000000000000000     
 mdl_VN1N3 =    1.0000000000000000     
 mdl_VN2N2 =    1.0000000000000000     
 mdl_VN2N3 =    1.0000000000000000     
 mdl_VN3N3 =    1.0000000000000000     
 aEWM1 =    127.90000000000001     
 mdl_Gf =    1.1663700000000000E-005
 aS =   0.11839999999999999     
 mdl_ymt =    172.00000000000000     
 mdl_vevf =    50.000000000000000     
 mdl_MZ =    91.187600000000003     
 mdl_MT =    172.00000000000000     
 mdl_MH =    125.00000000000000     
 mdl_mN1 =    1644.0000000000000     
 mdl_mN2 =    1744.0000000000000     
 mdl_mN3 =    1844.0000000000000     
 mdl_MJ =    91.187600000000003     
 mdl_MAx =    173.04800000000000     
 mdl_WZ =    2.4952000000000001     
 mdl_WW =    2.0850000000000000     
 mdl_WT =    1.5083359999999999     
 mdl_WH =    4.0699999999999998E-003
 mdl_WN1 =   0.30299999999999999     
 mdl_WN2 =    1.5000000000000000     
 mdl_WN3 =    12.300000000000001     
 mdl_WJ =    2.4952000000000001     
 mdl_WAx =    4.1700000000000001E-003
  Internal Params
  ---------------------------------
  
 mdl_vevf__exp__2 =    2500.0000000000000     
 mdl_sqrt__vevf__exp__2 =    50.000000000000000     
 mdl_muJ =    50.000000000000000     
 mdl_MZ__exp__2 =    8315.1783937600012     
 mdl_MZ__exp__4 =    69142191.720053151     
 mdl_sqrt__2 =    1.4142135623730951     
 mdl_MJ__exp__2 =    8315.1783937600012     
 mdl_muJ__exp__2 =    2500.0000000000000     
 mdl_lamJ =    4.3260713575040004     
 mdl_MH__exp__2 =    15625.000000000000     
 mdl_complexi =  (  0.0000000000000000     ,  1.0000000000000000     )
 mdl_aEW =    7.8186082877247844E-003
 mdl_MW =    79.824359746197842     
 mdl_sqrt__aEW =    8.8422894590285753E-002
 mdl_ee =   0.31345100004952897     
 mdl_MW__exp__2 =    6371.9284088904105     
 mdl_sw2 =   0.23369913342182447     
 mdl_cw =   0.87538612427783857     
 mdl_sqrt__sw2 =   0.48342438232036300     
 mdl_sw =   0.48342438232036300     
 mdl_g1 =   0.35807170271074895     
 mdl_gN =   0.64839716719502682     
 mdl_gw =   0.64839716719502682     
 mdl_vev =    246.22056907348590     
 mdl_vev__exp__2 =    60624.568634871241     
 mdl_lam =   0.12886689630821144     
 mdl_yt =   0.98791394091683138     
 mdl_muH =    88.388347648318444     
 mdl_I2a33 =  ( 0.98791394091683138     ,  0.0000000000000000     )
 mdl_I3a33 =  ( 0.98791394091683138     ,  0.0000000000000000     )
 mdl_ee__exp__2 =    9.8251529432049817E-002
 mdl_sw__exp__2 =   0.23369913342182450     
 mdl_cw__exp__2 =   0.76630086657817542     
  Internal Params evaluated point by point
  ----------------------------------------
  
 mdl_sqrt__aS =   0.34409301068170506     
 mdl_G__exp__2 =    1.4878582807401259     
  Couplings of SM_HeavyN_UFO
  ---------------------------------
  
         GC_1 =  -0.00000E+00  -0.10448E+00
         GC_2 =   0.00000E+00   0.20897E+00
         GC_3 =  -0.00000E+00  -0.31345E+00
         GC_4 =   0.00000E+00   0.31345E+00
        GC_26 =   0.00000E+00   0.45849E+00
        GC_27 =  -0.00000E+00  -0.28380E+00
        GC_28 =   0.00000E+00   0.28380E+00
        GC_30 =   0.00000E+00   0.56760E+00
        GC_35 =  -0.00000E+00  -0.28850E-01
        GC_37 =   0.00000E+00   0.17310E+00
        GC_39 =   0.00000E+00  -0.19725E+00
        GC_40 =   0.00000E+00   0.37035E+00
        GC_80 =   0.00000E+00   0.67543E+02
       GC_107 =  -0.00000E+00  -0.74070E+00
       GC_109 =  -0.00000E+00  -0.74070E+00
       GC_111 =  -0.00000E+00  -0.74070E+00
       GC_113 =  -0.00000E+00  -0.74070E+00
       GC_115 =  -0.00000E+00  -0.74070E+00
       GC_117 =  -0.00000E+00  -0.74070E+00
       GC_119 =   0.00000E+00   0.00000E+00
       GC_120 =   0.00000E+00   0.00000E+00
       GC_122 =  -0.00000E+00  -0.00000E+00
       GC_126 =   0.00000E+00   0.00000E+00
       GC_127 =   0.00000E+00   0.00000E+00
       GC_129 =  -0.00000E+00  -0.00000E+00
       GC_133 =   0.00000E+00   0.45849E+00
       GC_134 =   0.00000E+00   0.37035E+00
       GC_136 =  -0.00000E+00  -0.74892E+01
        GC_81 =   0.32880E+02   0.00000E+00
        GC_82 =   0.34880E+02   0.00000E+00
        GC_83 =   0.36880E+02   0.00000E+00

 Collider parameters:
 --------------------

 Running at P P   machine @    13000.000000000000       GeV
 PDF set = nn23lo1
 alpha_s(Mz)= 0.1300 running at 2 loops.
 alpha_s(Mz)= 0.1300 running at 2 loops.
 Renormalization scale set on event-by-event basis
 Factorization   scale set on event-by-event basis


 getting user params
Enter number of events and max and min iterations: 
 Number of events and iterations         1000           5           3
Enter desired fractional accuracy: 
 Desired fractional accuracy:   0.10000000000000001     
Enter 0 for fixed, 2 for adjustable grid: 
Suppress amplitude (0 no, 1 yes)? 
 Using suppressed amplitude.
Exact helicity sum (0 yes, n = number/event)? 
 Explicitly summing over helicities
Enter Configuration Number: 
Running Configuration Number:  392
 Using dconfig=         716
 BW Setting            2           1           1           2           2           2           0
 Attempting mappinvarients           1           9
 Completed mapping           9
 about to integrate           19        1000           5           3          19           1
 Using non-zero grid deformation.
 19 dimensions   1000 events 19 invarients  5 iterations  1 config(s),  (0.99)
 Using h-tuple random number sequence.
 Error opening grid
 Using Uniform Grid!          36
 Using uniform alpha   1.0000000000000000     
 Grid defined OK
 Set CM energy to      13000.00
 Mapping Graph         392  to config         392
Setting grid   1    0.59172E-08   1
 Setting BW          -2           2   1844.0000000000000     
 Setting BW          -3           3   1844.0000000000000     
Setting grid   4    0.75740E-07   1
Setting grid   5    0.75740E-07   1
Setting grid   6    0.20853E-01   1
 Transforming s_hat 1/s           18   2.1219246901738226E-002   1600.0000000000000        168999999.99999997     
 392   1   2   3   4   5   6   7   8   9  10  11  12  13  14
  15  16  17  18  19
 Masses: 0.000E+00 0.000E+00 0.000E+00 0.000E+00 0.000E+00 0.000E+00 0.000E+00 0.000E+00 0.912E+02
Using random seed offsets   392 :      1
  with seed                   24
 Ranmar initialization seeds         122        9398
 
 ********************************************
 * You are using the DiscreteSampler module *
 *      part of the MG5_aMC framework       *
 *         Author: Valentin Hirschi         *
 ********************************************
 
  Particle       3       4       5       6       7       8       9
      Et >    10.0    10.0    10.0    10.0     0.0     0.0     0.0
       E >     0.0     0.0     0.0     0.0     0.0     0.0     0.0
     Eta <     2.5     2.5     2.5     2.5    -1.0    -1.0    -1.0
   xqcut:      0.0     0.0     0.0     0.0     0.0     0.0     0.0
d R # 3  >    -0.0     0.4     0.4     0.4     0.0     0.0     0.0
d R # 4  >    -0.0    -0.0     0.4     0.4     0.0     0.0     0.0
d R # 5  >    -0.0    -0.0    -0.0     0.4     0.0     0.0     0.0
d R # 6  >    -0.0    -0.0    -0.0    -0.0     0.0     0.0     0.0
d R # 7  >    -0.0    -0.0    -0.0    -0.0    -0.0     0.0     0.0
d R # 8  >    -0.0    -0.0    -0.0    -0.0    -0.0    -0.0     0.0
s min # 3>     0.0     0.0     0.0     0.0     0.0     0.0     0.0
s min # 4>     0.0     0.0     0.0     0.0     0.0     0.0     0.0
s min # 5>     0.0     0.0     0.0     0.0     0.0     0.0     0.0
s min # 6>     0.0     0.0     0.0     0.0     0.0     0.0     0.0
s min # 7>     0.0     0.0     0.0     0.0     0.0     0.0     0.0
s min # 8>     0.0     0.0     0.0     0.0     0.0     0.0     0.0
xqcutij # 3>     0.0     0.0     0.0     0.0     0.0     0.0     0.0
xqcutij # 4>     0.0     0.0     0.0     0.0     0.0     0.0     0.0
xqcutij # 5>     0.0     0.0     0.0     0.0     0.0     0.0     0.0
xqcutij # 6>     0.0     0.0     0.0     0.0     0.0     0.0     0.0
xqcutij # 7>     0.0     0.0     0.0     0.0     0.0     0.0     0.0
xqcutij # 8>     0.0     0.0     0.0     0.0     0.0     0.0     0.0
 Excluding BW           -1           1
 Requiring BW           -2           2
 Requiring BW           -3           3
 Excluding BW           -4           4
 Excluding BW           -5           5
 Excluding BW           -6           6
 alpha_s for scale    884.50620270072795       is    9.4451592148814906E-002
 Added good helicity            1   5.9778078820364575       in event            1 local:           1
 Added good helicity           21   1.6076154686066813E-008  in event            1 local:           1
 Added good helicity           25   2.4799620422976588E-007  in event            1 local:           1
 Added good helicity           37   2.8385323301409194E-005  in event            1 local:           1
 Added good helicity           41  0.31718957519547925       in event            1 local:           1
 Added good helicity           61   1.7606763359920959E-008  in event            1 local:           1
 Added good helicity          193   249.05610108332127       in event            1 local:           1
 Added good helicity          213   1.5643843987624523E-007  in event            1 local:           1
 Added good helicity          217   1.0615351537095449E-006  in event            1 local:           1
 Added good helicity          229   4.0541581359332125E-005  in event            1 local:           1
 Added good helicity          233  0.64883086850799809       in event            1 local:           1
 Added good helicity          253   1.6438145788064698E-007  in event            1 local:           1
 Added good helicity            1   5.9778078820374043       in event            1 local:           1
 Added good helicity           21   1.6076154686063167E-008  in event            1 local:           1
 Added good helicity           25   2.4799620422974211E-007  in event            1 local:           1
 Added good helicity           37   2.8385323301410715E-005  in event            1 local:           1
 Added good helicity           41  0.31718957519546398       in event            1 local:           1
 Added good helicity           61   1.7606763359921562E-008  in event            1 local:           1
 Added good helicity          193   249.05610108332039       in event            1 local:           1
 Added good helicity          213   1.5643843987629083E-007  in event            1 local:           1
 Added good helicity          217   1.0615351537094291E-006  in event            1 local:           1
 Added good helicity          229   4.0541581359311511E-005  in event            1 local:           1
 Added good helicity          233  0.64883086850793914       in event            1 local:           1
 Added good helicity          253   1.6438145788062806E-007  in event            1 local:           1
 RESET CUMULATIVE VARIABLE
 RESET CUMULATIVE VARIABLE
 RESET CUMULATIVE VARIABLE
 Iteration  1   Mean: 0.1673E-15 Abs mean: 0.1673E-15   Fluctuation:  0.155E-15   0.592E-13     0.2%
  1    0.1673E-15 0.1673E-15 +- 0.1554E-15     18.14
 Writing out events   6.6902461502692871E-018   18.136459602239473     
 Relative summed weights:
  0.1186E-05  0.2793E-07  0.9160E-12  0.1335E-01  0.0000E+00  0.2484E-09
  0.5765E-02  0.1385E-03  0.2754E-05  0.4124E-06  0.4378E-08  0.3268E-10
  0.3795E-03  0.1436E-03  0.6034E-08  0.4284E-05  0.1068E-07  0.2563E-08
  0.1093E-01  0.2610E-02  0.2244E-04  0.2757E-02  0.3769E-08  0.9977E-08
  0.5683E-05  0.9326E+00  0.3032E-06  0.2967E-05  0.1984E-08  0.1059E-07
  0.2365E-06  0.6174E-06  0.2026E-06  0.0000E+00  0.0000E+00  0.0000E+00
  0.5160E-02  0.8056E-03  0.9622E-05  0.7155E-05  0.1842E-09  0.1378E-07
  0.3810E-03  0.7331E-05  0.4920E-04  0.2487E-01  0.1946E-09  0.1362E-08
 Relative number of events:
  0.7692E-02  0.1282E-01  0.5128E-02  0.1795E-01  0.0000E+00  0.5128E-02
  0.5897E-01  0.6410E-01  0.4359E-01  0.1795E-01  0.7692E-02  0.5128E-02
  0.1795E-01  0.1538E-01  0.1282E-01  0.1538E-01  0.2564E-02  0.2564E-02
  0.3846E-01  0.5641E-01  0.3077E-01  0.6154E-01  0.1282E-01  0.5128E-02
  0.1026E-01  0.1795E-01  0.2564E-02  0.5128E-02  0.2564E-02  0.7692E-02
  0.1538E-01  0.1026E-01  0.7692E-02  0.0000E+00  0.0000E+00  0.0000E+00
  0.5128E-01  0.7179E-01  0.4359E-01  0.4615E-01  0.7692E-02  0.1282E-01
  0.4103E-01  0.5385E-01  0.3846E-01  0.2051E-01  0.1282E-01  0.2564E-02
 Events:
           3           5           2           7           0           2
          23          25          17           7           3           2
           7           6           5           6           1           1
          15          22          12          24           5           2
           4           7           1           2           1           3
           6           4           3           0           0           0
          20          28          17          18           3           5
          16          21          15           8           5           1
 Iteration  2   Mean: 0.2419E-16 Abs mean: 0.2419E-16   Fluctuation:  0.190E-16   0.372E-13    16.7%
  2    0.2419E-16 0.2419E-16 +- 0.1897E-16     35.07
 Relative summed weights:
  0.4796E-03  0.1401E-02  0.3791E-04  0.3217E-04  0.1151E-08  0.2909E-09
  0.3241E-03  0.1535E-03  0.1491E+00  0.1344E-01  0.1300E-07  0.2435E-04
  0.1693E-03  0.2783E-04  0.1411E-03  0.8053E-06  0.1983E-12  0.2392E-05
  0.2849E-02  0.3196E-02  0.1775E-02  0.1076E-03  0.4230E-07  0.5474E-06
  0.1022E-01  0.1794E-03  0.1031E-05  0.1799E-03  0.7966E-08  0.1578E-07
  0.5654E-05  0.2928E-01  0.3616E-04  0.3924E-05  0.6580E-04  0.2819E-08
  0.3779E-02  0.1472E-02  0.5764E-02  0.1874E-02  0.5280E-07  0.1175E-07
  0.3338E-02  0.2599E-03  0.1054E-02  0.7693E+00  0.1204E-06  0.1316E-08
 Relative number of events:
  0.1100E-01  0.8500E-02  0.6000E-02  0.1150E-01  0.1500E-02  0.1500E-02
  0.5450E-01  0.6050E-01  0.3100E-01  0.2750E-01  0.3500E-02  0.8500E-02
  0.1300E-01  0.1200E-01  0.1200E-01  0.8000E-02  0.1000E-02  0.2000E-02
  0.6850E-01  0.6250E-01  0.2850E-01  0.3000E-01  0.5000E-02  0.6000E-02
  0.1200E-01  0.6500E-02  0.9000E-02  0.1000E-01  0.1500E-02  0.2000E-02
  0.9500E-02  0.9000E-02  0.9000E-02  0.5500E-02  0.2000E-02  0.1500E-02
  0.7600E-01  0.7100E-01  0.3100E-01  0.3400E-01  0.6000E-02  0.4500E-02
  0.7300E-01  0.6900E-01  0.3550E-01  0.3700E-01  0.6500E-02  0.5000E-02
 Events:
          22          17          12          23           3           3
         109         121          62          55           7          17
          26          24          24          16           2           4
         137         125          57          60          10          12
          24          13          18          20           3           4
          19          18          18          11           4           3
         152         142          62          68          12           9
         146         138          71          74          13          10
 Iteration  3   Mean: 0.1615E-15 Abs mean: 0.1615E-15   Fluctuation:  0.124E-15   0.487E-12    45.7%
  3    0.1615E-15 0.1615E-15 +- 0.1236E-15     48.42
 Relative summed weights:
  0.3969E-02  0.1741E-04  0.5638E-04  0.2042E-05  0.4013E-09  0.4260E-04
  0.5581E-03  0.2360E-01  0.3119E-04  0.6640E-03  0.1104E-08  0.1051E-08
  0.4434E-04  0.7387E-04  0.1348E-04  0.8380E-05  0.3326E-05  0.1998E-06
  0.4555E-03  0.2524E-02  0.2898E-02  0.6755E-02  0.2953E-07  0.1427E-07
  0.6676E-04  0.1534E-02  0.7267E-05  0.1305E-03  0.5851E-06  0.2259E-09
  0.8670E-03  0.1004E-03  0.5624E-01  0.3363E-04  0.4108E-09  0.1857E-07
  0.2750E-02  0.2293E-01  0.1123E+00  0.1719E-03  0.1068E-06  0.7513E-09
  0.7554E+00  0.4794E-03  0.4188E-02  0.1139E-02  0.1244E-09  0.2396E-07
 Relative number of events:
  0.9250E-02  0.1375E-01  0.9750E-02  0.7500E-02  0.1000E-02  0.2000E-02
  0.6975E-01  0.6900E-01  0.2925E-01  0.3800E-01  0.2500E-02  0.2750E-02
  0.1125E-01  0.9000E-02  0.1075E-01  0.7500E-02  0.1250E-02  0.1250E-02
  0.6875E-01  0.6525E-01  0.3525E-01  0.2750E-01  0.3750E-02  0.4750E-02
  0.1175E-01  0.1100E-01  0.1075E-01  0.9000E-02  0.1500E-02  0.1000E-02
  0.1050E-01  0.1100E-01  0.8250E-02  0.6500E-02  0.1000E-02  0.1000E-02
  0.6450E-01  0.6825E-01  0.2800E-01  0.3100E-01  0.4750E-02  0.2750E-02
  0.7250E-01  0.7075E-01  0.3000E-01  0.3400E-01  0.4750E-02  0.4750E-02
 Events:
          37          55          39          30           4           8
         279         276         117         152          10          11
          45          36          43          30           5           5
         275         261         141         110          15          19
          47          44          43          36           6           4
          42          44          33          26           4           4
         258         273         112         124          19          11
         290         283         120         136          19          19
 Accuracy:    0.419   0.100   0.472   0.789
 Found           51  events.
 Wrote            1  events.
 Actual xsec    1.1324753251895307E-016
 Correct abs xsec    1.1324753251895307E-016
 Event xsec    1.1324753251895307E-016
 Events wgts > 1:            1
 % Cross section > 1:    5.5379408904047212E-024   4.8901205767798015E-006
 Iteration  4   Mean: 0.1260E-15 Abs mean: 0.1260E-15   Fluctuation:  0.591E-16   0.407E-12    52.1%
  4    0.1260E-15 0.1260E-15 +- 0.5910E-16     41.94
 Relative summed weights:
  0.1611E-03  0.2867E-04  0.4039E+00  0.3075E-03  0.4269E-07  0.1620E-06
  0.6534E-02  0.1005E+00  0.1416E+00  0.4316E-02  0.5688E-05  0.4485E-07
  0.8047E-03  0.1115E-02  0.5678E-03  0.3751E-04  0.2085E-09  0.1449E-07
  0.1365E+00  0.8799E-02  0.1113E-01  0.1949E-01  0.1260E-04  0.3443E-05
  0.1356E-02  0.4229E-03  0.3161E-04  0.2855E-04  0.1260E-08  0.2438E-09
  0.9093E-01  0.2492E-03  0.3057E-03  0.4693E-03  0.5196E-11  0.2984E-08
  0.4407E-02  0.1779E-01  0.6688E-03  0.1238E-02  0.2327E-07  0.3229E-06
  0.1470E-02  0.6953E-02  0.5220E-02  0.3263E-01  0.1260E-07  0.1521E-06
 Relative number of events:
  0.1013E-01  0.9750E-02  0.9000E-02  0.1025E-01  0.1375E-02  0.1375E-02
  0.6975E-01  0.6775E-01  0.3087E-01  0.2838E-01  0.2750E-02  0.2375E-02
  0.1150E-01  0.1175E-01  0.1013E-01  0.8250E-02  0.1750E-02  0.1250E-02
  0.7062E-01  0.6650E-01  0.3225E-01  0.3313E-01  0.3250E-02  0.3500E-02
  0.1063E-01  0.8625E-02  0.8500E-02  0.1087E-01  0.1125E-02  0.1250E-02
  0.1063E-01  0.9875E-02  0.1050E-01  0.8625E-02  0.1125E-02  0.7500E-03
  0.6913E-01  0.6663E-01  0.3000E-01  0.3087E-01  0.3625E-02  0.3000E-02
  0.7100E-01  0.7250E-01  0.3062E-01  0.3513E-01  0.4125E-02  0.3250E-02
 Events:
          81          78          72          82          11          11
         558         542         247         227          22          19
          92          94          81          66          14          10
         565         532         258         265          26          28
          85          69          68          87           9          10
          85          79          84          69           9           6
         553         533         240         247          29          24
         568         580         245         281          33          26
 Accuracy:    0.230   0.100   0.333   0.480
 Found           63  events.
 Wrote            2  events.
 Actual xsec    1.1269509905766436E-016
 Correct abs xsec    1.1269509905766436E-016
 Event xsec    1.1269509905766436E-016
 Events wgts > 1:            0
 % Cross section > 1:    0.0000000000000000        0.0000000000000000     
 Iteration  5   Mean: 0.2986E-14 Abs mean: 0.2986E-14   Fluctuation:  0.212E-14   0.331E-10    45.5%
  5    0.2986E-14 0.2986E-14 +- 0.2123E-14     89.92
 Relative summed weights:
  0.6932E+00  0.5691E-03  0.3503E-03  0.4994E-03  0.1936E-07  0.4461E-07
  0.5204E-03  0.5053E-01  0.5699E-03  0.1447E+00  0.1856E-06  0.2680E-05
  0.1404E-03  0.3745E-04  0.4292E-03  0.6181E-03  0.5537E-05  0.1616E-07
  0.2290E-01  0.2180E-02  0.1735E-01  0.2608E-03  0.7996E-06  0.3059E-04
  0.2618E-03  0.5398E-03  0.2424E-03  0.6308E-03  0.5255E-08  0.3613E-06
  0.4490E-04  0.8774E-03  0.3450E-03  0.1670E-03  0.4888E-05  0.7461E-05
  0.3335E-02  0.5622E-02  0.3231E-02  0.5805E-03  0.4663E-07  0.2738E-05
  0.3548E-01  0.1072E-01  0.2630E-02  0.3609E-03  0.4770E-07  0.1406E-06
 Relative number of events:
  0.1169E-01  0.1087E-01  0.9687E-02  0.8500E-02  0.1125E-02  0.1250E-02
  0.6956E-01  0.6594E-01  0.3000E-01  0.3319E-01  0.3187E-02  0.3187E-02
  0.1119E-01  0.9625E-02  0.9687E-02  0.9875E-02  0.8125E-03  0.1375E-02
  0.7087E-01  0.6925E-01  0.3288E-01  0.2987E-01  0.3000E-02  0.3000E-02
  0.1000E-01  0.1031E-01  0.1025E-01  0.9625E-02  0.1687E-02  0.9375E-03
  0.8875E-02  0.9813E-02  0.1081E-01  0.9562E-02  0.1437E-02  0.1375E-02
  0.6756E-01  0.7081E-01  0.3294E-01  0.3019E-01  0.3625E-02  0.3625E-02
  0.7119E-01  0.7075E-01  0.2825E-01  0.3163E-01  0.2812E-02  0.2312E-02
 Events:
         187         174         155         136          18          20
        1113        1055         480         531          51          51
         179         154         155         158          13          22
        1134        1108         526         478          48          48
         160         165         164         154          27          15
         142         157         173         153          23          22
        1081        1133         527         483          58          58
        1139        1132         452         506          45          37
 Accuracy:    0.868   0.100   0.301   8.295
 Found          300  events.
 Wrote            1  events.
 Actual xsec    8.2090934543572829E-016
 Correct abs xsec    8.2090934543572829E-016
 Event xsec    8.2090934543572839E-016
 Events wgts > 1:            1
 % Cross section > 1:    3.1912376322558170E-023   3.8874422005293998E-006

 -------------------------------------------------------------------------------
 Accumulated results:   Integral =  0.6346E-15
                        Std dev  =  0.1912E-15
                       Cross sec =  0.6346E-15
             Chi**2 per DoF.     =      8.2949
 -------------------------------------------------------------------------------
-------------------------------------------------
---------------------------
 Results Last   3 iters: Integral =   0.8209E-15
                     Abs integral =   0.8209E-15
                          Std dev =   0.2861E-15
                  Chi**2 per DoF. =     83.8566
-------------------------------------------------
---------------------------
 Status  0.10000000000000001                6           5

ls status:
events.lhe
ftn26
input_app.txt
results.dat
run1_app.log
