 Process in group number            1
 A PDF is used, so alpha_s(MZ) is going to be modified
 Old value of alpha_s from param_card:   0.11839999999999999     
  ****************************************
 
       NNPDFDriver version 1.0.3
   Grid: NNPDF23_lo_as_0130_qed_mem0.grid
  ****************************************
 New value of alpha_s from PDF nn23lo1:  0.13000000000000000     
 Define smin to   1600.0000000000000     
 Define smin to   1600.0000000000000     
 Define smin to   1600.0000000000000     
 *****************************************************
 *               MadGraph/MadEvent                   *
 *        --------------------------------           *
 *          http://madgraph.hep.uiuc.edu             *
 *          http://madgraph.phys.ucl.ac.be           *
 *          http://madgraph.roma2.infn.it            *
 *        --------------------------------           *
 *                                                   *
 *          PARAMETER AND COUPLING VALUES            *
 *                                                   *
 *****************************************************

  External Params
  ---------------------------------
  
 mdl_VeN1 =    1.0000000000000000     
 mdl_VeN2 =    0.0000000000000000     
 mdl_VeN3 =    0.0000000000000000     
 mdl_VmuN1 =    0.0000000000000000     
 mdl_VmuN2 =    1.0000000000000000     
 mdl_VmuN3 =    0.0000000000000000     
 mdl_VtaN1 =    0.0000000000000000     
 mdl_VtaN2 =    0.0000000000000000     
 mdl_VtaN3 =    1.0000000000000000     
 mdl_VN1N1 =    1.0000000000000000     
 mdl_VN1N2 =    1.0000000000000000     
 mdl_VN1N3 =    1.0000000000000000     
 mdl_VN2N2 =    1.0000000000000000     
 mdl_VN2N3 =    1.0000000000000000     
 mdl_VN3N3 =    1.0000000000000000     
 aEWM1 =    127.90000000000001     
 mdl_Gf =    1.1663700000000000E-005
 aS =   0.11839999999999999     
 mdl_ymt =    172.00000000000000     
 mdl_vevf =    50.000000000000000     
 mdl_MZ =    91.187600000000003     
 mdl_MT =    172.00000000000000     
 mdl_MH =    125.00000000000000     
 mdl_mN1 =    2000.0000000000000     
 mdl_mN2 =    2100.0000000000000     
 mdl_mN3 =    2200.0000000000000     
 mdl_MJ =    91.187600000000003     
 mdl_MAx =    173.04800000000000     
 mdl_WZ =    2.4952000000000001     
 mdl_WW =    2.0850000000000000     
 mdl_WT =    1.5083359999999999     
 mdl_WH =    4.0699999999999998E-003
 mdl_WN1 =   0.30299999999999999     
 mdl_WN2 =    1.5000000000000000     
 mdl_WN3 =    12.300000000000001     
 mdl_WJ =    2.4952000000000001     
 mdl_WAx =    4.1700000000000001E-003
  Internal Params
  ---------------------------------
  
 mdl_vevf__exp__2 =    2500.0000000000000     
 mdl_sqrt__vevf__exp__2 =    50.000000000000000     
 mdl_muJ =    50.000000000000000     
 mdl_MZ__exp__2 =    8315.1783937600012     
 mdl_MZ__exp__4 =    69142191.720053151     
 mdl_sqrt__2 =    1.4142135623730951     
 mdl_MJ__exp__2 =    8315.1783937600012     
 mdl_muJ__exp__2 =    2500.0000000000000     
 mdl_lamJ =    4.3260713575040004     
 mdl_MH__exp__2 =    15625.000000000000     
 mdl_complexi =  (  0.0000000000000000     ,  1.0000000000000000     )
 mdl_aEW =    7.8186082877247844E-003
 mdl_MW =    79.824359746197842     
 mdl_sqrt__aEW =    8.8422894590285753E-002
 mdl_ee =   0.31345100004952897     
 mdl_MW__exp__2 =    6371.9284088904105     
 mdl_sw2 =   0.23369913342182447     
 mdl_cw =   0.87538612427783857     
 mdl_sqrt__sw2 =   0.48342438232036300     
 mdl_sw =   0.48342438232036300     
 mdl_g1 =   0.35807170271074895     
 mdl_gN =   0.64839716719502682     
 mdl_gw =   0.64839716719502682     
 mdl_vev =    246.22056907348590     
 mdl_vev__exp__2 =    60624.568634871241     
 mdl_lam =   0.12886689630821144     
 mdl_yt =   0.98791394091683138     
 mdl_muH =    88.388347648318444     
 mdl_I2a33 =  ( 0.98791394091683138     ,  0.0000000000000000     )
 mdl_I3a33 =  ( 0.98791394091683138     ,  0.0000000000000000     )
 mdl_ee__exp__2 =    9.8251529432049817E-002
 mdl_sw__exp__2 =   0.23369913342182450     
 mdl_cw__exp__2 =   0.76630086657817542     
  Internal Params evaluated point by point
  ----------------------------------------
  
 mdl_sqrt__aS =   0.34409301068170506     
 mdl_G__exp__2 =    1.4878582807401259     
  Couplings of SM_HeavyN_UFO
  ---------------------------------
  
         GC_1 =  -0.00000E+00  -0.10448E+00
         GC_2 =   0.00000E+00   0.20897E+00
         GC_3 =  -0.00000E+00  -0.31345E+00
         GC_4 =   0.00000E+00   0.31345E+00
        GC_26 =   0.00000E+00   0.45849E+00
        GC_27 =  -0.00000E+00  -0.28380E+00
        GC_28 =   0.00000E+00   0.28380E+00
        GC_30 =   0.00000E+00   0.56760E+00
        GC_35 =  -0.00000E+00  -0.28850E-01
        GC_37 =   0.00000E+00   0.17310E+00
        GC_39 =   0.00000E+00  -0.19725E+00
        GC_40 =   0.00000E+00   0.37035E+00
        GC_80 =   0.00000E+00   0.67543E+02
       GC_107 =  -0.00000E+00  -0.74070E+00
       GC_109 =  -0.00000E+00  -0.74070E+00
       GC_111 =  -0.00000E+00  -0.74070E+00
       GC_113 =  -0.00000E+00  -0.74070E+00
       GC_115 =  -0.00000E+00  -0.74070E+00
       GC_117 =  -0.00000E+00  -0.74070E+00
       GC_119 =   0.00000E+00   0.00000E+00
       GC_120 =   0.00000E+00   0.00000E+00
       GC_122 =  -0.00000E+00  -0.00000E+00
       GC_126 =   0.00000E+00   0.00000E+00
       GC_127 =   0.00000E+00   0.00000E+00
       GC_129 =  -0.00000E+00  -0.00000E+00
       GC_133 =   0.00000E+00   0.45849E+00
       GC_134 =   0.00000E+00   0.37035E+00
       GC_136 =  -0.00000E+00  -0.89351E+01
        GC_81 =   0.40000E+02   0.00000E+00
        GC_82 =   0.42000E+02   0.00000E+00
        GC_83 =   0.44000E+02   0.00000E+00

 Collider parameters:
 --------------------

 Running at P P   machine @    13000.000000000000       GeV
 PDF set = nn23lo1
 alpha_s(Mz)= 0.1300 running at 2 loops.
 alpha_s(Mz)= 0.1300 running at 2 loops.
 Renormalization scale set on event-by-event basis
 Factorization   scale set on event-by-event basis


 getting user params
Enter number of events and max and min iterations: 
 Number of events and iterations         1000           5           3
Enter desired fractional accuracy: 
 Desired fractional accuracy:   0.10000000000000001     
Enter 0 for fixed, 2 for adjustable grid: 
Suppress amplitude (0 no, 1 yes)? 
 Using suppressed amplitude.
Exact helicity sum (0 yes, n = number/event)? 
 Explicitly summing over helicities
Enter Configuration Number: 
Running Configuration Number:  392
 Using dconfig=         698
 BW Setting            2           1           2           1           2           2           0
 Attempting mappinvarients           1           9
 Completed mapping           9
 about to integrate           19        1000           5           3          19           1
 Using non-zero grid deformation.
 19 dimensions   1000 events 19 invarients  5 iterations  1 config(s),  (0.99)
 Using h-tuple random number sequence.
 Error opening grid
 Using Uniform Grid!          36
 Using uniform alpha   1.0000000000000000     
 Grid defined OK
 Set CM energy to      13000.00
 Mapping Graph         392  to config         392
Setting grid   1    0.59172E-08   1
 Setting BW          -2           2   2200.0000000000000     
Setting grid   3    0.29417E-01   1
 Setting BW          -4           4   91.187600000000003     
Setting grid   5    0.36660E-04   1
Setting grid   6    0.31531E-01   1
 Transforming s_hat 1/s           18   3.1530809861305575E-002   1600.0000000000000        168999999.99999997     
 392   1   2   3   4   5   6   7   8   9  10  11  12  13  14
  15  16  17  18  19
 Masses: 0.000E+00 0.000E+00 0.000E+00 0.000E+00 0.000E+00 0.000E+00 0.000E+00 0.000E+00 0.912E+02
Using random seed offsets   392 :      1
  with seed                   24
 Ranmar initialization seeds         122        9398
 
 ********************************************
 * You are using the DiscreteSampler module *
 *      part of the MG5_aMC framework       *
 *         Author: Valentin Hirschi         *
 ********************************************
 
  Particle       3       4       5       6       7       8       9
      Et >    10.0    10.0    10.0    10.0     0.0     0.0     0.0
       E >     0.0     0.0     0.0     0.0     0.0     0.0     0.0
     Eta <     2.5     2.5     2.5     2.5    -1.0    -1.0    -1.0
   xqcut:      0.0     0.0     0.0     0.0     0.0     0.0     0.0
d R # 3  >    -0.0     0.4     0.4     0.4     0.0     0.0     0.0
d R # 4  >    -0.0    -0.0     0.4     0.4     0.0     0.0     0.0
d R # 5  >    -0.0    -0.0    -0.0     0.4     0.0     0.0     0.0
d R # 6  >    -0.0    -0.0    -0.0    -0.0     0.0     0.0     0.0
d R # 7  >    -0.0    -0.0    -0.0    -0.0    -0.0     0.0     0.0
d R # 8  >    -0.0    -0.0    -0.0    -0.0    -0.0    -0.0     0.0
s min # 3>     0.0     0.0     0.0     0.0     0.0     0.0     0.0
s min # 4>     0.0     0.0     0.0     0.0     0.0     0.0     0.0
s min # 5>     0.0     0.0     0.0     0.0     0.0     0.0     0.0
s min # 6>     0.0     0.0     0.0     0.0     0.0     0.0     0.0
s min # 7>     0.0     0.0     0.0     0.0     0.0     0.0     0.0
s min # 8>     0.0     0.0     0.0     0.0     0.0     0.0     0.0
xqcutij # 3>     0.0     0.0     0.0     0.0     0.0     0.0     0.0
xqcutij # 4>     0.0     0.0     0.0     0.0     0.0     0.0     0.0
xqcutij # 5>     0.0     0.0     0.0     0.0     0.0     0.0     0.0
xqcutij # 6>     0.0     0.0     0.0     0.0     0.0     0.0     0.0
xqcutij # 7>     0.0     0.0     0.0     0.0     0.0     0.0     0.0
xqcutij # 8>     0.0     0.0     0.0     0.0     0.0     0.0     0.0
 Excluding BW           -1           1
 Requiring BW           -2           2
 Excluding BW           -3           3
 Requiring BW           -4           4
 Excluding BW           -5           5
 Excluding BW           -6           6
 alpha_s for scale    2595.2988596223140       is    8.3697996737935959E-002
 Added good helicity            1   35.485120628468849       in event            1 local:           1
 Added good helicity           21   2.3660748341168872E-006  in event            1 local:           1
 Added good helicity           25   1.6919773536656277E-007  in event            1 local:           1
 Added good helicity           37   1.9949728715494873E-007  in event            1 local:           1
 Added good helicity           41   4.3515269081602170       in event            1 local:           1
 Added good helicity           61   2.1295144330150493E-008  in event            1 local:           1
 Added good helicity          193   149.41700936929317       in event            1 local:           1
 Added good helicity          213   3.2720633545721532E-005  in event            1 local:           1
 Added good helicity          217   1.0829130512574868E-006  in event            1 local:           1
 Added good helicity          229   1.0106321948982463E-006  in event            1 local:           1
 Added good helicity          233   66.746303243262773       in event            1 local:           1
 Added good helicity          253   2.2805711920187774E-006  in event            1 local:           1
 Added good helicity            1   35.485120628463982       in event            1 local:           1
 Added good helicity           21   2.3660748341165709E-006  in event            1 local:           1
 Added good helicity           25   1.6919773536657219E-007  in event            1 local:           1
 Added good helicity           37   1.9949728715491384E-007  in event            1 local:           1
 Added good helicity           41   4.3515269081593324       in event            1 local:           1
 Added good helicity           61   2.1295144330146205E-008  in event            1 local:           1
 Added good helicity          193   149.41700936931173       in event            1 local:           1
 Added good helicity          213   3.2720633545720245E-005  in event            1 local:           1
 Added good helicity          217   1.0829130512573287E-006  in event            1 local:           1
 Added good helicity          229   1.0106321948980730E-006  in event            1 local:           1
 Added good helicity          233   66.746303243249955       in event            1 local:           1
 Added good helicity          253   2.2805711920183246E-006  in event            1 local:           1
 RESET CUMULATIVE VARIABLE
 RESET CUMULATIVE VARIABLE
 RESET CUMULATIVE VARIABLE
 Iteration  1   Mean: 0.7846E-11 Abs mean: 0.7846E-11   Fluctuation:  0.373E-11   0.334E-08    36.7%
  1    0.7846E-11 0.7846E-11 +- 0.3734E-11     15.05
 Writing out events   4.2742785324241451E-015   15.050845960230667     
 Relative summed weights:
  0.2964E-01  0.2638E-04  0.1055E-05  0.1123E-01  0.9288E-09  0.0000E+00
  0.3963E-01  0.1831E-01  0.2085E-02  0.2783E-03  0.0000E+00  0.3165E-06
  0.4901E-01  0.7297E-03  0.9731E-02  0.7009E-04  0.0000E+00  0.0000E+00
  0.2947E-02  0.5607E-02  0.5706E-01  0.3605E-05  0.0000E+00  0.0000E+00
  0.5439E-01  0.2635E-03  0.6295E-03  0.2109E-03  0.0000E+00  0.0000E+00
  0.3569E-01  0.8645E-03  0.2158E-02  0.6158E-07  0.0000E+00  0.0000E+00
  0.4261E+00  0.1296E-03  0.2740E-03  0.1754E+00  0.0000E+00  0.0000E+00
  0.4651E-04  0.2977E-01  0.4768E-01  0.2199E-04  0.0000E+00  0.0000E+00
 Relative number of events:
  0.4658E-01  0.3568E-01  0.1586E-01  0.2379E-01  0.9911E-03  0.0000E+00
  0.3171E-01  0.3667E-01  0.1883E-01  0.2874E-01  0.0000E+00  0.1982E-02
  0.3865E-01  0.4757E-01  0.2775E-01  0.1883E-01  0.0000E+00  0.0000E+00
  0.3370E-01  0.4262E-01  0.2676E-01  0.1982E-01  0.0000E+00  0.0000E+00
  0.5847E-01  0.4361E-01  0.1982E-01  0.2081E-01  0.0000E+00  0.0000E+00
  0.5649E-01  0.3766E-01  0.2478E-01  0.1586E-01  0.0000E+00  0.0000E+00
  0.4460E-01  0.3667E-01  0.1586E-01  0.2081E-01  0.0000E+00  0.0000E+00
  0.3568E-01  0.3667E-01  0.2180E-01  0.1388E-01  0.0000E+00  0.0000E+00
 Events:
          47          36          16          24           1           0
          32          37          19          29           0           2
          39          48          28          19           0           0
          34          43          27          20           0           0
          59          44          20          21           0           0
          57          38          25          16           0           0
          45          37          16          21           0           0
          36          37          22          14           0           0
 Iteration  2   Mean: 0.6069E-10 Abs mean: 0.6069E-10   Fluctuation:  0.396E-10   0.723E-07    42.6%
  2    0.6069E-10 0.6069E-10 +- 0.3957E-10     29.16
 Relative summed weights:
  0.8567E-01  0.2854E-03  0.1613E-03  0.2198E-03  0.0000E+00  0.0000E+00
  0.1022E-01  0.4528E-02  0.2123E-04  0.6872E-04  0.0000E+00  0.0000E+00
  0.7889E-03  0.3282E-02  0.2500E+00  0.1466E-03  0.0000E+00  0.7301E-11
  0.3763E-02  0.1306E-02  0.1749E-02  0.4624E-03  0.0000E+00  0.0000E+00
  0.5971E+00  0.1253E-01  0.8204E-03  0.4443E-04  0.0000E+00  0.0000E+00
  0.1954E-02  0.2081E-02  0.2639E-04  0.8611E-03  0.0000E+00  0.0000E+00
  0.7920E-03  0.9993E-03  0.1073E-01  0.3164E-03  0.0000E+00  0.0000E+00
  0.1563E-03  0.6054E-02  0.1943E-02  0.9097E-03  0.0000E+00  0.1807E-07
 Relative number of events:
  0.4800E-01  0.5300E-01  0.1600E-01  0.1600E-01  0.0000E+00  0.0000E+00
  0.3600E-01  0.3450E-01  0.1750E-01  0.1200E-01  0.0000E+00  0.0000E+00
  0.5350E-01  0.5100E-01  0.1800E-01  0.2300E-01  0.0000E+00  0.1000E-02
  0.4500E-01  0.4100E-01  0.1800E-01  0.2000E-01  0.0000E+00  0.0000E+00
  0.5050E-01  0.5200E-01  0.1600E-01  0.1700E-01  0.0000E+00  0.0000E+00
  0.5600E-01  0.4650E-01  0.1950E-01  0.2200E-01  0.0000E+00  0.0000E+00
  0.3500E-01  0.4250E-01  0.1850E-01  0.1500E-01  0.0000E+00  0.0000E+00
  0.3900E-01  0.3150E-01  0.1800E-01  0.1700E-01  0.0000E+00  0.5000E-03
 Events:
          96         106          32          32           0           0
          72          69          35          24           0           0
         107         102          36          46           0           2
          90          82          36          40           0           0
         101         104          32          34           0           0
         112          93          39          44           0           0
          70          85          37          30           0           0
          78          63          36          34           0           1
 Iteration  3   Mean: 0.2308E-10 Abs mean: 0.2308E-10   Fluctuation:  0.119E-10   0.439E-07    46.6%
  3    0.2308E-10 0.2308E-10 +- 0.1194E-10     32.73
 Relative summed weights:
  0.8437E-02  0.4773E+00  0.3223E-01  0.8748E-03  0.0000E+00  0.0000E+00
  0.1386E-02  0.2859E-01  0.5785E-04  0.1825E+00  0.0000E+00  0.0000E+00
  0.5667E-03  0.4419E-01  0.9021E-03  0.7052E-02  0.0000E+00  0.0000E+00
  0.2147E-02  0.8165E-01  0.2423E-01  0.1986E-04  0.0000E+00  0.0000E+00
  0.2836E-01  0.9577E-02  0.1742E-02  0.1150E-02  0.0000E+00  0.0000E+00
  0.1520E-01  0.1986E-01  0.6105E-03  0.5629E-05  0.0000E+00  0.0000E+00
  0.9255E-02  0.2331E-02  0.7559E-02  0.7943E-04  0.0000E+00  0.0000E+00
  0.3138E-02  0.7315E-02  0.4095E-03  0.1249E-02  0.3954E-09  0.0000E+00
 Relative number of events:
  0.4825E-01  0.5350E-01  0.2125E-01  0.2125E-01  0.0000E+00  0.0000E+00
  0.3800E-01  0.4625E-01  0.1575E-01  0.1750E-01  0.0000E+00  0.0000E+00
  0.5025E-01  0.5450E-01  0.2100E-01  0.1825E-01  0.0000E+00  0.0000E+00
  0.3725E-01  0.3875E-01  0.1600E-01  0.1600E-01  0.0000E+00  0.0000E+00
  0.4650E-01  0.5075E-01  0.1750E-01  0.2125E-01  0.0000E+00  0.0000E+00
  0.5050E-01  0.4650E-01  0.1850E-01  0.1800E-01  0.0000E+00  0.0000E+00
  0.3950E-01  0.3275E-01  0.1625E-01  0.1675E-01  0.0000E+00  0.0000E+00
  0.4075E-01  0.3825E-01  0.1875E-01  0.1350E-01  0.2500E-03  0.0000E+00
 Events:
         193         214          85          85           0           0
         152         185          63          70           0           0
         201         218          84          73           0           0
         149         155          64          64           0           0
         186         203          70          85           0           0
         202         186          74          72           0           0
         158         131          65          67           0           0
         163         153          75          54           1           0
 Accuracy:    0.571   0.100   0.309   3.420
 Found           42  events.
 Wrote            2  events.
 Actual xsec    2.5099239969010800E-011
 Correct abs xsec    2.5099239969010800E-011
 Event xsec    2.5099239969010796E-011
 Events wgts > 1:            0
 % Cross section > 1:    0.0000000000000000        0.0000000000000000     
 Iteration  4   Mean: 0.9208E-10 Abs mean: 0.9208E-10   Fluctuation:  0.494E-10   0.356E-06    33.9%
  4    0.9208E-10 0.9208E-10 +- 0.4937E-10     47.95
 Relative summed weights:
  0.1221E-01  0.1711E-02  0.1835E-02  0.2601E-03  0.2234E-10  0.0000E+00
  0.3826E-02  0.2668E-01  0.4267E-03  0.1081E-02  0.2169E-10  0.0000E+00
  0.1488E-01  0.6863E-01  0.5138E-02  0.6678E-03  0.0000E+00  0.0000E+00
  0.2241E-02  0.1370E-01  0.5963E-02  0.1972E-03  0.0000E+00  0.3411E-11
  0.2181E-01  0.1712E-01  0.4416E-02  0.1156E-02  0.0000E+00  0.2650E-09
  0.3089E-02  0.1303E-01  0.2544E-01  0.7178E-02  0.0000E+00  0.0000E+00
  0.1247E-01  0.8373E-02  0.4877E+00  0.2217E+00  0.0000E+00  0.1880E-22
  0.2950E-02  0.1142E-01  0.2554E-03  0.2497E-02  0.0000E+00  0.0000E+00
 Relative number of events:
  0.4950E-01  0.5437E-01  0.2063E-01  0.1575E-01  0.1250E-03  0.0000E+00
  0.3700E-01  0.4000E-01  0.1362E-01  0.1375E-01  0.1250E-03  0.0000E+00
  0.5275E-01  0.5162E-01  0.1650E-01  0.1988E-01  0.0000E+00  0.0000E+00
  0.4038E-01  0.3650E-01  0.1900E-01  0.1450E-01  0.0000E+00  0.1250E-03
  0.5350E-01  0.5063E-01  0.1812E-01  0.2025E-01  0.0000E+00  0.2500E-03
  0.5287E-01  0.5162E-01  0.1925E-01  0.1925E-01  0.0000E+00  0.0000E+00
  0.3950E-01  0.3988E-01  0.1700E-01  0.1413E-01  0.0000E+00  0.1250E-03
  0.3762E-01  0.3875E-01  0.1625E-01  0.1487E-01  0.0000E+00  0.0000E+00
 Events:
         396         435         165         126           1           0
         296         320         109         110           1           0
         422         413         132         159           0           0
         323         292         152         116           0           1
         428         405         145         162           0           2
         423         413         154         154           0           0
         316         319         136         113           0           1
         301         310         130         119           0           0
 Accuracy:    0.468   0.100   0.267   3.063
 Found          245  events.
 Wrote            1  events.
 Actual xsec    5.7421555900582610E-011
 Correct abs xsec    5.7421555900582610E-011
 Event xsec    5.7421555900582610E-011
 Events wgts > 1:            0
 % Cross section > 1:    0.0000000000000000        0.0000000000000000     
 Iteration  5   Mean: 0.1767E-09 Abs mean: 0.1767E-09   Fluctuation:  0.779E-10   0.121E-05    34.1%
  5    0.1767E-09 0.1767E-09 +- 0.7792E-10     55.79
 Relative summed weights:
  0.3514E-01  0.1505E-01  0.9462E-02  0.2483E-01  0.5744E-08  0.0000E+00
  0.2382E-01  0.4196E-02  0.1476E-01  0.4332E-03  0.5992E-07  0.5531E-06
  0.1019E-01  0.8148E-01  0.1061E-01  0.2986E-02  0.7756E-13  0.0000E+00
  0.2167E-01  0.3438E-01  0.7471E-03  0.5879E-02  0.3677E-09  0.2003E-07
  0.4512E-01  0.3334E-01  0.4694E-02  0.2257E-01  0.0000E+00  0.2026E-09
  0.4771E+00  0.2625E-01  0.1172E-02  0.1147E-02  0.0000E+00  0.0000E+00
  0.1059E-01  0.3491E-02  0.2927E-02  0.1606E-01  0.1241E-01  0.1519E-09
  0.1293E-01  0.2937E-01  0.6111E-03  0.4593E-02  0.1344E-07  0.5972E-09
 Relative number of events:
  0.5075E-01  0.5319E-01  0.1887E-01  0.1594E-01  0.6250E-04  0.0000E+00
  0.3925E-01  0.3787E-01  0.1550E-01  0.1569E-01  0.6250E-04  0.6250E-04
  0.5219E-01  0.5137E-01  0.1875E-01  0.1844E-01  0.6250E-04  0.0000E+00
  0.3900E-01  0.4156E-01  0.1431E-01  0.1794E-01  0.6250E-04  0.6250E-04
  0.5287E-01  0.5106E-01  0.1950E-01  0.1731E-01  0.0000E+00  0.1250E-03
  0.5044E-01  0.5181E-01  0.1831E-01  0.1762E-01  0.0000E+00  0.0000E+00
  0.3956E-01  0.3844E-01  0.1475E-01  0.1713E-01  0.1250E-03  0.6250E-04
  0.3812E-01  0.3831E-01  0.1681E-01  0.1638E-01  0.1875E-03  0.6250E-04
 Events:
         812         851         302         255           1           0
         628         606         248         251           1           1
         835         822         300         295           1           0
         624         665         229         287           1           1
         846         817         312         277           0           2
         807         829         293         282           0           0
         633         615         236         274           2           1
         610         613         269         262           3           1
 Accuracy:    0.426   0.100   0.229   3.466
 Found          433  events.
 Wrote            3  events.
 Actual xsec    1.0641983954415586E-010
 Correct abs xsec    1.0641983954415586E-010
 Event xsec    1.0641983954415588E-010
 Events wgts > 1:            0
 % Cross section > 1:    0.0000000000000000        0.0000000000000000     

 -------------------------------------------------------------------------------
 Accumulated results:   Integral =  0.7804E-10
                        Std dev  =  0.1785E-10
                       Cross sec =  0.7804E-10
             Chi**2 per DoF.     =      3.4664
 -------------------------------------------------------------------------------
-------------------------------------------------
---------------------------
 Results Last   3 iters: Integral =   0.1064E-09
                     Abs integral =   0.1064E-09
                          Std dev =   0.3028E-10
                  Chi**2 per DoF. =     24.7988
-------------------------------------------------
---------------------------
 Status  0.10000000000000001                6           5

ls status:
events.lhe
ftn26
input_app.txt
results.dat
run1_app.log
