 Process in group number            1
 A PDF is used, so alpha_s(MZ) is going to be modified
 Old value of alpha_s from param_card:   0.11839999999999999     
  ****************************************
 
       NNPDFDriver version 1.0.3
   Grid: NNPDF23_lo_as_0130_qed_mem0.grid
  ****************************************
 New value of alpha_s from PDF nn23lo1:  0.13000000000000000     
 Define smin to   1600.0000000000000     
 Define smin to   1600.0000000000000     
 Define smin to   1600.0000000000000     
 *****************************************************
 *               MadGraph/MadEvent                   *
 *        --------------------------------           *
 *          http://madgraph.hep.uiuc.edu             *
 *          http://madgraph.phys.ucl.ac.be           *
 *          http://madgraph.roma2.infn.it            *
 *        --------------------------------           *
 *                                                   *
 *          PARAMETER AND COUPLING VALUES            *
 *                                                   *
 *****************************************************

  External Params
  ---------------------------------
  
 mdl_VeN1 =    1.0000000000000000     
 mdl_VeN2 =    0.0000000000000000     
 mdl_VeN3 =    0.0000000000000000     
 mdl_VmuN1 =    0.0000000000000000     
 mdl_VmuN2 =    1.0000000000000000     
 mdl_VmuN3 =    0.0000000000000000     
 mdl_VtaN1 =    0.0000000000000000     
 mdl_VtaN2 =    0.0000000000000000     
 mdl_VtaN3 =    1.0000000000000000     
 mdl_VN1N1 =    1.0000000000000000     
 mdl_VN1N2 =    1.0000000000000000     
 mdl_VN1N3 =    1.0000000000000000     
 mdl_VN2N2 =    1.0000000000000000     
 mdl_VN2N3 =    1.0000000000000000     
 mdl_VN3N3 =    1.0000000000000000     
 aEWM1 =    127.90000000000001     
 mdl_Gf =    1.1663700000000000E-005
 aS =   0.11839999999999999     
 mdl_ymt =    172.00000000000000     
 mdl_vevf =    50.000000000000000     
 mdl_MZ =    91.187600000000003     
 mdl_MT =    172.00000000000000     
 mdl_MH =    125.00000000000000     
 mdl_mN1 =    2000.0000000000000     
 mdl_mN2 =    2100.0000000000000     
 mdl_mN3 =    2200.0000000000000     
 mdl_MJ =    91.187600000000003     
 mdl_MAx =    173.04800000000000     
 mdl_WZ =    2.4952000000000001     
 mdl_WW =    2.0850000000000000     
 mdl_WT =    1.5083359999999999     
 mdl_WH =    4.0699999999999998E-003
 mdl_WN1 =   0.30299999999999999     
 mdl_WN2 =    1.5000000000000000     
 mdl_WN3 =    12.300000000000001     
 mdl_WJ =    2.4952000000000001     
 mdl_WAx =    4.1700000000000001E-003
  Internal Params
  ---------------------------------
  
 mdl_vevf__exp__2 =    2500.0000000000000     
 mdl_sqrt__vevf__exp__2 =    50.000000000000000     
 mdl_muJ =    50.000000000000000     
 mdl_MZ__exp__2 =    8315.1783937600012     
 mdl_MZ__exp__4 =    69142191.720053151     
 mdl_sqrt__2 =    1.4142135623730951     
 mdl_MJ__exp__2 =    8315.1783937600012     
 mdl_muJ__exp__2 =    2500.0000000000000     
 mdl_lamJ =    4.3260713575040004     
 mdl_MH__exp__2 =    15625.000000000000     
 mdl_complexi =  (  0.0000000000000000     ,  1.0000000000000000     )
 mdl_aEW =    7.8186082877247844E-003
 mdl_MW =    79.824359746197842     
 mdl_sqrt__aEW =    8.8422894590285753E-002
 mdl_ee =   0.31345100004952897     
 mdl_MW__exp__2 =    6371.9284088904105     
 mdl_sw2 =   0.23369913342182447     
 mdl_cw =   0.87538612427783857     
 mdl_sqrt__sw2 =   0.48342438232036300     
 mdl_sw =   0.48342438232036300     
 mdl_g1 =   0.35807170271074895     
 mdl_gN =   0.64839716719502682     
 mdl_gw =   0.64839716719502682     
 mdl_vev =    246.22056907348590     
 mdl_vev__exp__2 =    60624.568634871241     
 mdl_lam =   0.12886689630821144     
 mdl_yt =   0.98791394091683138     
 mdl_muH =    88.388347648318444     
 mdl_I2a33 =  ( 0.98791394091683138     ,  0.0000000000000000     )
 mdl_I3a33 =  ( 0.98791394091683138     ,  0.0000000000000000     )
 mdl_ee__exp__2 =    9.8251529432049817E-002
 mdl_sw__exp__2 =   0.23369913342182450     
 mdl_cw__exp__2 =   0.76630086657817542     
  Internal Params evaluated point by point
  ----------------------------------------
  
 mdl_sqrt__aS =   0.34409301068170506     
 mdl_G__exp__2 =    1.4878582807401259     
  Couplings of SM_HeavyN_UFO
  ---------------------------------
  
         GC_1 =  -0.00000E+00  -0.10448E+00
         GC_2 =   0.00000E+00   0.20897E+00
         GC_3 =  -0.00000E+00  -0.31345E+00
         GC_4 =   0.00000E+00   0.31345E+00
        GC_26 =   0.00000E+00   0.45849E+00
        GC_27 =  -0.00000E+00  -0.28380E+00
        GC_28 =   0.00000E+00   0.28380E+00
        GC_30 =   0.00000E+00   0.56760E+00
        GC_35 =  -0.00000E+00  -0.28850E-01
        GC_37 =   0.00000E+00   0.17310E+00
        GC_39 =   0.00000E+00  -0.19725E+00
        GC_40 =   0.00000E+00   0.37035E+00
        GC_80 =   0.00000E+00   0.67543E+02
       GC_107 =  -0.00000E+00  -0.74070E+00
       GC_109 =  -0.00000E+00  -0.74070E+00
       GC_111 =  -0.00000E+00  -0.74070E+00
       GC_113 =  -0.00000E+00  -0.74070E+00
       GC_115 =  -0.00000E+00  -0.74070E+00
       GC_117 =  -0.00000E+00  -0.74070E+00
       GC_119 =   0.00000E+00   0.00000E+00
       GC_120 =   0.00000E+00   0.00000E+00
       GC_122 =  -0.00000E+00  -0.00000E+00
       GC_126 =   0.00000E+00   0.00000E+00
       GC_127 =   0.00000E+00   0.00000E+00
       GC_129 =  -0.00000E+00  -0.00000E+00
       GC_133 =   0.00000E+00   0.45849E+00
       GC_134 =   0.00000E+00   0.37035E+00
       GC_136 =  -0.00000E+00  -0.89351E+01
        GC_81 =   0.40000E+02   0.00000E+00
        GC_82 =   0.42000E+02   0.00000E+00
        GC_83 =   0.44000E+02   0.00000E+00

 Collider parameters:
 --------------------

 Running at P P   machine @    13000.000000000000       GeV
 PDF set = nn23lo1
 alpha_s(Mz)= 0.1300 running at 2 loops.
 alpha_s(Mz)= 0.1300 running at 2 loops.
 Renormalization scale set on event-by-event basis
 Factorization   scale set on event-by-event basis


 getting user params
Enter number of events and max and min iterations: 
 Number of events and iterations         1000           5           3
Enter desired fractional accuracy: 
 Desired fractional accuracy:   0.10000000000000001     
Enter 0 for fixed, 2 for adjustable grid: 
Suppress amplitude (0 no, 1 yes)? 
 Using suppressed amplitude.
Exact helicity sum (0 yes, n = number/event)? 
 Explicitly summing over helicities
Enter Configuration Number: 
Running Configuration Number:  372
 Using dconfig=         230
 BW Setting            2           1           1           2           2           0           0
 Attempting mappinvarients           1           9
 Completed mapping           9
 about to integrate           19        1000           5           3          19           1
 Using non-zero grid deformation.
 19 dimensions   1000 events 19 invarients  5 iterations  1 config(s),  (0.99)
 Using h-tuple random number sequence.
 Error opening grid
 Using Uniform Grid!          36
 Using uniform alpha   1.0000000000000000     
 Grid defined OK
 Set CM energy to      13000.00
 Mapping Graph         372  to config         372
Setting grid   1    0.59172E-08   1
 Setting BW          -2           2   2200.0000000000000     
 Setting BW          -3           3   2200.0000000000000     
Setting grid   4    0.75740E-07   1
Setting grid   5    0.75740E-07   1
Setting grid   6    0.29512E-01   1
 Transforming s_hat 1/s           18   2.9947303536057766E-002   1600.0000000000000        168999999.99999997     
 372   1   2   3   4   5   6   7   8   9  10  11  12  13  14
  15  16  17  18  19
 Masses: 0.000E+00 0.000E+00 0.000E+00 0.000E+00 0.000E+00 0.000E+00 0.000E+00 0.000E+00 0.912E+02
Using random seed offsets   372 :      1
  with seed                   24
 Ranmar initialization seeds         102        9398
 
 ********************************************
 * You are using the DiscreteSampler module *
 *      part of the MG5_aMC framework       *
 *         Author: Valentin Hirschi         *
 ********************************************
 
  Particle       3       4       5       6       7       8       9
      Et >    10.0    10.0    10.0    10.0     0.0     0.0     0.0
       E >     0.0     0.0     0.0     0.0     0.0     0.0     0.0
     Eta <     2.5     2.5     2.5     2.5    -1.0    -1.0    -1.0
   xqcut:      0.0     0.0     0.0     0.0     0.0     0.0     0.0
d R # 3  >    -0.0     0.4     0.4     0.4     0.0     0.0     0.0
d R # 4  >    -0.0    -0.0     0.4     0.4     0.0     0.0     0.0
d R # 5  >    -0.0    -0.0    -0.0     0.4     0.0     0.0     0.0
d R # 6  >    -0.0    -0.0    -0.0    -0.0     0.0     0.0     0.0
d R # 7  >    -0.0    -0.0    -0.0    -0.0    -0.0     0.0     0.0
d R # 8  >    -0.0    -0.0    -0.0    -0.0    -0.0    -0.0     0.0
s min # 3>     0.0     0.0     0.0     0.0     0.0     0.0     0.0
s min # 4>     0.0     0.0     0.0     0.0     0.0     0.0     0.0
s min # 5>     0.0     0.0     0.0     0.0     0.0     0.0     0.0
s min # 6>     0.0     0.0     0.0     0.0     0.0     0.0     0.0
s min # 7>     0.0     0.0     0.0     0.0     0.0     0.0     0.0
s min # 8>     0.0     0.0     0.0     0.0     0.0     0.0     0.0
xqcutij # 3>     0.0     0.0     0.0     0.0     0.0     0.0     0.0
xqcutij # 4>     0.0     0.0     0.0     0.0     0.0     0.0     0.0
xqcutij # 5>     0.0     0.0     0.0     0.0     0.0     0.0     0.0
xqcutij # 6>     0.0     0.0     0.0     0.0     0.0     0.0     0.0
xqcutij # 7>     0.0     0.0     0.0     0.0     0.0     0.0     0.0
xqcutij # 8>     0.0     0.0     0.0     0.0     0.0     0.0     0.0
 Excluding BW           -1           1
 Requiring BW           -2           2
 Requiring BW           -3           3
 Excluding BW           -4           4
 Excluding BW           -6           5
 alpha_s for scale    1706.5804323611867       is    8.7576200271228963E-002
 Added good helicity            1   108.34409770139665       in event            1 local:           1
 Added good helicity           37   1.1386565829428224E-004  in event            1 local:           1
 Added good helicity           41   2.0041767954163420E-003  in event            1 local:           1
 Added good helicity          193   146.94735936580537       in event            1 local:           1
 Added good helicity          213   1.0458795522999110E-007  in event            1 local:           1
 Added good helicity          229   4.5161293879533857E-005  in event            1 local:           1
 Added good helicity          233  0.70637962198502346       in event            1 local:           1
 Added good helicity            1   108.34409770148120       in event            1 local:           1
 Added good helicity           37   1.1386565829430333E-004  in event            1 local:           1
 Added good helicity           41   2.0041767954160641E-003  in event            1 local:           1
 Added good helicity          193   146.94735936572059       in event            1 local:           1
 Added good helicity          213   1.0458795522978539E-007  in event            1 local:           1
 Added good helicity          229   4.5161293879506413E-005  in event            1 local:           1
 Added good helicity          233  0.70637962198520821       in event            1 local:           1
 Added good helicity           25   1.2327027766884806E-005  in event            4 local:           2
 Added good helicity           61   6.0593490807901199E-008  in event            4 local:           2
 Added good helicity          217   3.0094844232693392E-004  in event            4 local:           2
 Added good helicity           25   1.2327027766857738E-005  in event            4 local:           2
 Added good helicity           61   6.0593490807828804E-008  in event            4 local:           2
 Added good helicity          217   3.0094844232719407E-004  in event            4 local:           2
 Added good helicity           21   1.2327027766884853E-005  in event           10 local:           4
 Added good helicity           21   1.2327027766857785E-005  in event           10 local:           4
 RESET CUMULATIVE VARIABLE
 Added good helicity          253   2.7129975039641100E-003  in event           25 local:           9
 RESET CUMULATIVE VARIABLE
 RESET CUMULATIVE VARIABLE
 Iteration  1   Mean: 0.4172E-15 Abs mean: 0.4172E-15   Fluctuation:  0.312E-15   0.121E-12     0.2%
  1    0.4172E-15 0.4172E-15 +- 0.3118E-15     15.28
 Writing out events   1.6688878712896665E-017   15.278364015403424     
 Relative summed weights:
  0.4183E-07  0.2924E-03  0.1364E-04  0.1121E-04  0.0000E+00  0.6603E-08
  0.5401E-04  0.2256E-02  0.3280E-02  0.8604E-05  0.0000E+00  0.0000E+00
  0.5844E-05  0.8949E-06  0.3297E-04  0.5177E-04  0.0000E+00  0.0000E+00
  0.8348E-04  0.7311E-02  0.1659E-03  0.4309E-04  0.2013E-03  0.0000E+00
  0.1876E-03  0.1032E-02  0.6914E+00  0.2602E-11  0.0000E+00  0.0000E+00
  0.1796E-05  0.3226E-04  0.2467E-04  0.3311E-07  0.0000E+00  0.0000E+00
  0.2833E+00  0.3885E-03  0.7181E-04  0.5352E-05  0.0000E+00  0.0000E+00
  0.9545E-02  0.2089E-04  0.7200E-06  0.1398E-03  0.8074E-11  0.2650E-09
 Relative number of events:
  0.1405E-01  0.2108E-01  0.9368E-02  0.1171E-01  0.0000E+00  0.4684E-02
  0.6089E-01  0.6323E-01  0.3279E-01  0.2108E-01  0.0000E+00  0.0000E+00
  0.2342E-01  0.1405E-01  0.1639E-01  0.9368E-02  0.0000E+00  0.0000E+00
  0.7728E-01  0.7494E-01  0.3513E-01  0.3279E-01  0.4684E-02  0.0000E+00
  0.1874E-01  0.1405E-01  0.1171E-01  0.7026E-02  0.0000E+00  0.0000E+00
  0.2108E-01  0.1639E-01  0.7026E-02  0.4684E-02  0.0000E+00  0.0000E+00
  0.5621E-01  0.6792E-01  0.3044E-01  0.1874E-01  0.0000E+00  0.0000E+00
  0.6792E-01  0.6323E-01  0.2342E-01  0.3981E-01  0.2342E-02  0.2342E-02
 Events:
           6           9           4           5           0           2
          26          27          14           9           0           0
          10           6           7           4           0           0
          33          32          15          14           2           0
           8           6           5           3           0           0
           9           7           3           2           0           0
          24          29          13           8           0           0
          29          27          10          17           1           1
 Iteration  2   Mean: 0.5864E-16 Abs mean: 0.5864E-16   Fluctuation:  0.400E-16   0.765E-13    19.8%
  2    0.5864E-16 0.5864E-16 +- 0.3997E-16     30.48
 Relative summed weights:
  0.1569E-03  0.2255E-03  0.1816E+00  0.6166E-01  0.3268E-07  0.2343E-09
  0.9876E-02  0.4949E-02  0.1409E-03  0.3280E-01  0.0000E+00  0.4340E-14
  0.5714E-02  0.2799E-01  0.1166E-02  0.1412E-03  0.5342E-12  0.2856E-08
  0.4039E-02  0.1620E-02  0.7701E-05  0.2536E-04  0.1483E-08  0.1582E-09
  0.7811E-03  0.2978E-03  0.1886E-05  0.1563E-03  0.4858E-09  0.1683E-07
  0.9992E-04  0.2216E-02  0.2045E-03  0.6241E-03  0.5278E-05  0.3753E-12
  0.6526E+00  0.1749E-02  0.6978E-03  0.2767E-04  0.3634E-09  0.4170E-10
  0.2088E-03  0.8011E-02  0.1317E-03  0.2147E-04  0.7838E-08  0.0000E+00
 Relative number of events:
  0.2250E-01  0.1850E-01  0.1200E-01  0.1100E-01  0.1000E-02  0.1500E-02
  0.5900E-01  0.7050E-01  0.3200E-01  0.2600E-01  0.0000E+00  0.5000E-03
  0.2200E-01  0.1900E-01  0.8500E-02  0.1200E-01  0.5000E-03  0.5000E-03
  0.6700E-01  0.6300E-01  0.2800E-01  0.2550E-01  0.5000E-03  0.5000E-03
  0.1600E-01  0.1800E-01  0.9000E-02  0.1500E-01  0.1000E-02  0.1000E-02
  0.1600E-01  0.3050E-01  0.1350E-01  0.1200E-01  0.5000E-03  0.5000E-03
  0.5300E-01  0.6200E-01  0.2550E-01  0.2900E-01  0.5000E-03  0.5000E-03
  0.6550E-01  0.7300E-01  0.2500E-01  0.3100E-01  0.5000E-03  0.0000E+00
 Events:
          45          37          24          22           2           3
         118         141          64          52           0           1
          44          38          17          24           1           1
         134         126          56          51           1           1
          32          36          18          30           2           2
          32          61          27          24           1           1
         106         124          51          58           1           1
         131         146          50          62           1           0
 Iteration  3   Mean: 0.1392E-14 Abs mean: 0.1392E-14   Fluctuation:  0.138E-14   0.550E-11    50.1%
  3    0.1392E-14 0.1392E-14 +- 0.1376E-14     62.51
 Relative summed weights:
  0.1826E-02  0.9911E+00  0.3310E-04  0.1591E-04  0.0000E+00  0.1192E-09
  0.2246E-04  0.4885E-04  0.1398E-04  0.5132E-04  0.2070E-08  0.2251E-07
  0.8793E-05  0.2590E-05  0.8479E-04  0.4881E-05  0.3426E-06  0.7084E-07
  0.1511E-03  0.5172E-04  0.1393E-03  0.5518E-04  0.0000E+00  0.1438E-12
  0.1854E-04  0.3311E-04  0.1023E-03  0.2568E-03  0.1080E-05  0.2583E-17
  0.5025E-05  0.2157E-03  0.5506E-03  0.1318E-03  0.6239E-10  0.2714E-07
  0.1073E-03  0.7166E-04  0.5199E-05  0.1232E-03  0.4579E-08  0.2772E-12
  0.4777E-02  0.7172E-05  0.7285E-05  0.6079E-05  0.1178E-13  0.2684E-11
 Relative number of events:
  0.2300E-01  0.2150E-01  0.1225E-01  0.1325E-01  0.0000E+00  0.1250E-02
  0.6300E-01  0.7050E-01  0.2975E-01  0.3100E-01  0.7500E-03  0.1250E-02
  0.1775E-01  0.1825E-01  0.1000E-01  0.1075E-01  0.1000E-02  0.2500E-03
  0.5775E-01  0.6700E-01  0.2950E-01  0.3000E-01  0.0000E+00  0.7500E-03
  0.1775E-01  0.2100E-01  0.1225E-01  0.1125E-01  0.1250E-02  0.2500E-03
  0.2200E-01  0.1875E-01  0.1550E-01  0.8500E-02  0.7500E-03  0.5000E-03
  0.6800E-01  0.6350E-01  0.2850E-01  0.2725E-01  0.5000E-03  0.7500E-03
  0.6050E-01  0.6100E-01  0.2700E-01  0.2225E-01  0.2500E-03  0.2500E-03
 Events:
          92          86          49          53           0           5
         252         282         119         124           3           5
          71          73          40          43           4           1
         231         268         118         120           0           3
          71          84          49          45           5           1
          88          75          62          34           3           2
         272         254         114         109           2           3
         242         244         108          89           1           1
 Accuracy:    0.763   0.100   0.449   2.894
 Found           37  events.
 Wrote            1  events.
 Actual xsec    4.6271956929363721E-016
 Correct abs xsec    4.6271956929363721E-016
 Event xsec    4.6271956929363721E-016
 Events wgts > 1:            1
 % Cross section > 1:    7.5348186426767225E-023   1.6283769139435728E-005
 Iteration  4   Mean: 0.7244E-17 Abs mean: 0.7244E-17   Fluctuation:  0.268E-17   0.126E-13    50.2%
  4    0.7244E-17 0.7244E-17 +- 0.2676E-17     33.04
 Relative summed weights:
  0.1139E-01  0.2387E+00  0.1050E-04  0.2562E-02  0.5253E-05  0.6449E-06
  0.9370E-02  0.6160E-01  0.1740E-01  0.3312E-03  0.2492E-08  0.6891E-13
  0.3416E-02  0.2940E-02  0.9447E-02  0.1949E-02  0.1530E-07  0.1765E-07
  0.2977E+00  0.1038E-01  0.1619E-03  0.1379E-01  0.5232E-08  0.3914E-11
  0.9993E-02  0.3457E-01  0.1079E-01  0.9740E-03  0.1523E-09  0.2535E-08
  0.6146E-02  0.2952E-02  0.2006E+00  0.7102E-03  0.1599E-09  0.2132E-01
  0.1186E-01  0.2735E-02  0.4233E-03  0.1561E-03  0.8528E-08  0.5594E-08
  0.1902E-02  0.3373E-02  0.3148E-02  0.7201E-02  0.3094E-05  0.1843E-08
 Relative number of events:
  0.2225E-01  0.2038E-01  0.8250E-02  0.8000E-02  0.3750E-03  0.7500E-03
  0.6838E-01  0.6850E-01  0.2587E-01  0.2337E-01  0.2500E-03  0.2500E-03
  0.1950E-01  0.1713E-01  0.9750E-02  0.9250E-02  0.3750E-03  0.2500E-03
  0.6475E-01  0.7537E-01  0.2788E-01  0.2612E-01  0.3750E-03  0.2500E-03
  0.2225E-01  0.2162E-01  0.8625E-02  0.8750E-02  0.2500E-03  0.2500E-03
  0.2200E-01  0.2100E-01  0.6625E-02  0.9750E-02  0.1250E-03  0.7500E-03
  0.6688E-01  0.7075E-01  0.2763E-01  0.2738E-01  0.2500E-03  0.3750E-03
  0.6875E-01  0.6650E-01  0.2775E-01  0.2325E-01  0.6250E-03  0.2500E-03
 Events:
         178         163          66          64           3           6
         547         548         207         187           2           2
         156         137          78          74           3           2
         518         603         223         209           3           2
         178         173          69          70           2           2
         176         168          53          78           1           6
         535         566         221         219           2           3
         550         532         222         186           5           2
 Accuracy:    1.172   0.100   0.285  16.899
 Found           11  events.
 Wrote            5  events.
 Actual xsec    1.5269682309388890E-016
 Correct abs xsec    1.5269682309388890E-016
 Event xsec    1.5269682309388888E-016
 Events wgts > 1:            1
 % Cross section > 1:    5.1779192685809848E-024   3.3909803515671252E-006
 Iteration  5   Mean: 0.5342E-16 Abs mean: 0.5342E-16   Fluctuation:  0.215E-16   0.297E-12    60.2%
  5    0.5342E-16 0.5342E-16 +- 0.2153E-16     50.98
 Relative summed weights:
  0.1921E-02  0.1455E-02  0.1281E-02  0.1142E-01  0.1220E-03  0.1081E-05
  0.7648E-02  0.3441E-02  0.7338E-03  0.1951E-02  0.1998E-07  0.5351E-07
  0.1985E-01  0.9874E-01  0.1727E-01  0.1464E+00  0.5861E-06  0.2485E-04
  0.6049E-02  0.5987E-01  0.5943E-02  0.5230E-02  0.1419E-06  0.4429E-07
  0.1392E-01  0.7286E-01  0.1089E-01  0.6933E-03  0.8643E-05  0.3441E-04
  0.1962E-01  0.2857E-02  0.4576E-01  0.1323E-01  0.1807E-04  0.3980E-06
  0.1409E-01  0.3504E+00  0.3293E-03  0.3785E-02  0.5178E-04  0.2604E-05
  0.4815E-02  0.5006E-01  0.4453E-02  0.2768E-02  0.2448E-06  0.1766E-07
 Relative number of events:
  0.2106E-01  0.1981E-01  0.9938E-02  0.1150E-01  0.6250E-03  0.3125E-03
  0.6100E-01  0.6494E-01  0.2894E-01  0.2600E-01  0.5625E-03  0.5000E-03
  0.2162E-01  0.1931E-01  0.8500E-02  0.1069E-01  0.6250E-03  0.7500E-03
  0.6713E-01  0.6594E-01  0.2825E-01  0.2825E-01  0.5000E-03  0.6875E-03
  0.2000E-01  0.2000E-01  0.1038E-01  0.1050E-01  0.7500E-03  0.3750E-03
  0.2031E-01  0.1950E-01  0.8875E-02  0.1000E-01  0.7500E-03  0.6875E-03
  0.6850E-01  0.6650E-01  0.2944E-01  0.2725E-01  0.6875E-03  0.4375E-03
  0.7069E-01  0.6294E-01  0.2769E-01  0.2556E-01  0.4375E-03  0.3125E-03
 Events:
         337         317         159         184          10           5
         976        1039         463         416           9           8
         346         309         136         171          10          12
        1074        1055         452         452           8          11
         320         320         166         168          12           6
         325         312         142         160          12          11
        1096        1064         471         436          11           7
        1131        1007         443         409           7           5
 Accuracy:    1.114   0.100   0.233  22.890
 Found          402  events.
 Wrote            2  events.
 Actual xsec    1.2453018451636944E-016
 Correct abs xsec    1.2453018451636944E-016
 Event xsec    1.2453018451636944E-016
 Events wgts > 1:            1
 % Cross section > 1:    1.9373014975955132E-025   1.5556882896458375E-007

 -------------------------------------------------------------------------------
 Accumulated results:   Integral =  0.1452E-15
                        Std dev  =  0.3381E-16
                       Cross sec =  0.1452E-15
             Chi**2 per DoF.     =     22.8899
 -------------------------------------------------------------------------------
-------------------------------------------------
---------------------------
 Results Last   3 iters: Integral =   0.1245E-15
                     Abs integral =   0.1245E-15
                          Std dev =   0.3269E-16
                  Chi**2 per DoF. =    966.6128
-------------------------------------------------
---------------------------
 Status  0.10000000000000001                6           5

ls status:
events.lhe
ftn26
input_app.txt
results.dat
run1_app.log
