 Process in group number            1
 A PDF is used, so alpha_s(MZ) is going to be modified
 Old value of alpha_s from param_card:   0.11839999999999999     
  ****************************************
 
       NNPDFDriver version 1.0.3
   Grid: NNPDF23_lo_as_0130_qed_mem0.grid
  ****************************************
 New value of alpha_s from PDF nn23lo1:  0.13000000000000000     
 Define smin to   1600.0000000000000     
 Define smin to   1600.0000000000000     
 Define smin to   1600.0000000000000     
 *****************************************************
 *               MadGraph/MadEvent                   *
 *        --------------------------------           *
 *          http://madgraph.hep.uiuc.edu             *
 *          http://madgraph.phys.ucl.ac.be           *
 *          http://madgraph.roma2.infn.it            *
 *        --------------------------------           *
 *                                                   *
 *          PARAMETER AND COUPLING VALUES            *
 *                                                   *
 *****************************************************

  External Params
  ---------------------------------
  
 mdl_VeN1 =    1.0000000000000000     
 mdl_VeN2 =    0.0000000000000000     
 mdl_VeN3 =    0.0000000000000000     
 mdl_VmuN1 =    0.0000000000000000     
 mdl_VmuN2 =    1.0000000000000000     
 mdl_VmuN3 =    0.0000000000000000     
 mdl_VtaN1 =    0.0000000000000000     
 mdl_VtaN2 =    0.0000000000000000     
 mdl_VtaN3 =    1.0000000000000000     
 mdl_VN1N1 =    1.0000000000000000     
 mdl_VN1N2 =    1.0000000000000000     
 mdl_VN1N3 =    1.0000000000000000     
 mdl_VN2N2 =    1.0000000000000000     
 mdl_VN2N3 =    1.0000000000000000     
 mdl_VN3N3 =    1.0000000000000000     
 aEWM1 =    127.90000000000001     
 mdl_Gf =    1.1663700000000000E-005
 aS =   0.11839999999999999     
 mdl_ymt =    172.00000000000000     
 mdl_vevf =    50.000000000000000     
 mdl_MZ =    91.187600000000003     
 mdl_MT =    172.00000000000000     
 mdl_MH =    125.00000000000000     
 mdl_mN1 =    510.00000000000000     
 mdl_mN2 =    610.00000000000000     
 mdl_mN3 =    710.00000000000000     
 mdl_MJ =    91.187600000000003     
 mdl_MAx =    173.04800000000000     
 mdl_WZ =    2.4952000000000001     
 mdl_WW =    2.0850000000000000     
 mdl_WT =    1.5083359999999999     
 mdl_WH =    4.0699999999999998E-003
 mdl_WN1 =   0.30299999999999999     
 mdl_WN2 =    1.5000000000000000     
 mdl_WN3 =    12.300000000000001     
 mdl_WJ =    2.4952000000000001     
 mdl_WAx =    4.1700000000000001E-003
  Internal Params
  ---------------------------------
  
 mdl_vevf__exp__2 =    2500.0000000000000     
 mdl_sqrt__vevf__exp__2 =    50.000000000000000     
 mdl_muJ =    50.000000000000000     
 mdl_MZ__exp__2 =    8315.1783937600012     
 mdl_MZ__exp__4 =    69142191.720053151     
 mdl_sqrt__2 =    1.4142135623730951     
 mdl_MJ__exp__2 =    8315.1783937600012     
 mdl_muJ__exp__2 =    2500.0000000000000     
 mdl_lamJ =    4.3260713575040004     
 mdl_MH__exp__2 =    15625.000000000000     
 mdl_complexi =  (  0.0000000000000000     ,  1.0000000000000000     )
 mdl_aEW =    7.8186082877247844E-003
 mdl_MW =    79.824359746197842     
 mdl_sqrt__aEW =    8.8422894590285753E-002
 mdl_ee =   0.31345100004952897     
 mdl_MW__exp__2 =    6371.9284088904105     
 mdl_sw2 =   0.23369913342182447     
 mdl_cw =   0.87538612427783857     
 mdl_sqrt__sw2 =   0.48342438232036300     
 mdl_sw =   0.48342438232036300     
 mdl_g1 =   0.35807170271074895     
 mdl_gN =   0.64839716719502682     
 mdl_gw =   0.64839716719502682     
 mdl_vev =    246.22056907348590     
 mdl_vev__exp__2 =    60624.568634871241     
 mdl_lam =   0.12886689630821144     
 mdl_yt =   0.98791394091683138     
 mdl_muH =    88.388347648318444     
 mdl_I2a33 =  ( 0.98791394091683138     ,  0.0000000000000000     )
 mdl_I3a33 =  ( 0.98791394091683138     ,  0.0000000000000000     )
 mdl_ee__exp__2 =    9.8251529432049817E-002
 mdl_sw__exp__2 =   0.23369913342182450     
 mdl_cw__exp__2 =   0.76630086657817542     
  Internal Params evaluated point by point
  ----------------------------------------
  
 mdl_sqrt__aS =   0.34409301068170506     
 mdl_G__exp__2 =    1.4878582807401259     
  Couplings of SM_HeavyN_UFO
  ---------------------------------
  
         GC_1 =  -0.00000E+00  -0.10448E+00
         GC_2 =   0.00000E+00   0.20897E+00
         GC_3 =  -0.00000E+00  -0.31345E+00
         GC_4 =   0.00000E+00   0.31345E+00
        GC_26 =   0.00000E+00   0.45849E+00
        GC_27 =  -0.00000E+00  -0.28380E+00
        GC_28 =   0.00000E+00   0.28380E+00
        GC_30 =   0.00000E+00   0.56760E+00
        GC_35 =  -0.00000E+00  -0.28850E-01
        GC_37 =   0.00000E+00   0.17310E+00
        GC_39 =   0.00000E+00  -0.19725E+00
        GC_40 =   0.00000E+00   0.37035E+00
        GC_80 =   0.00000E+00   0.67543E+02
       GC_107 =  -0.00000E+00  -0.74070E+00
       GC_109 =  -0.00000E+00  -0.74070E+00
       GC_111 =  -0.00000E+00  -0.74070E+00
       GC_113 =  -0.00000E+00  -0.74070E+00
       GC_115 =  -0.00000E+00  -0.74070E+00
       GC_117 =  -0.00000E+00  -0.74070E+00
       GC_119 =   0.00000E+00   0.00000E+00
       GC_120 =   0.00000E+00   0.00000E+00
       GC_122 =  -0.00000E+00  -0.00000E+00
       GC_126 =   0.00000E+00   0.00000E+00
       GC_127 =   0.00000E+00   0.00000E+00
       GC_129 =  -0.00000E+00  -0.00000E+00
       GC_133 =   0.00000E+00   0.45849E+00
       GC_134 =   0.00000E+00   0.37035E+00
       GC_136 =  -0.00000E+00  -0.28836E+01
        GC_81 =   0.10200E+02   0.00000E+00
        GC_82 =   0.12200E+02   0.00000E+00
        GC_83 =   0.14200E+02   0.00000E+00

 Collider parameters:
 --------------------

 Running at P P   machine @    13000.000000000000       GeV
 PDF set = nn23lo1
 alpha_s(Mz)= 0.1300 running at 2 loops.
 alpha_s(Mz)= 0.1300 running at 2 loops.
 Renormalization scale set on event-by-event basis
 Factorization   scale set on event-by-event basis


 getting user params
Enter number of events and max and min iterations: 
 Number of events and iterations         1000           5           3
Enter desired fractional accuracy: 
 Desired fractional accuracy:   0.10000000000000001     
Enter 0 for fixed, 2 for adjustable grid: 
Suppress amplitude (0 no, 1 yes)? 
 Using suppressed amplitude.
Exact helicity sum (0 yes, n = number/event)? 
 Explicitly summing over helicities
Enter Configuration Number: 
Running Configuration Number:  159
 Using dconfig=         643
 BW Setting            1           1           2           2           1           2           0
 Attempting mappinvarients           1           9
 Completed mapping           9
 about to integrate           19        1000           5           3          19           1
 Using non-zero grid deformation.
 19 dimensions   1000 events 19 invarients  5 iterations  1 config(s),  (0.99)
 Using h-tuple random number sequence.
 Error opening grid
 Using Uniform Grid!          36
 Using uniform alpha   1.0000000000000000     
 Grid defined OK
 Set CM energy to      13000.00
 Mapping Graph         159  to config         159
 Setting BW          -1           1   91.187600000000003     
 Setting BW          -2           2   710.00000000000000     
Setting grid   3    0.32375E-02   1
Setting grid   4    0.32375E-02   1
 Setting BW          -5           5   91.187600000000003     
Setting grid   6    0.39632E-02   1
 Transforming s_hat 1/s           18   3.9631789974002365E-003   1600.0000000000000        168999999.99999997     
 159   1   2   3   4   5   6   7   8   9  10  11  12  13  14
  15  16  17  18  19
 Masses: 0.000E+00 0.000E+00 0.000E+00 0.000E+00 0.000E+00 0.000E+00 0.000E+00 0.000E+00 0.912E+02
Using random seed offsets   159 :      1
  with seed                   24
 Ranmar initialization seeds       31217        9398
 
 ********************************************
 * You are using the DiscreteSampler module *
 *      part of the MG5_aMC framework       *
 *         Author: Valentin Hirschi         *
 ********************************************
 
  Particle       3       4       5       6       7       8       9
      Et >    10.0    10.0    10.0    10.0     0.0     0.0     0.0
       E >     0.0     0.0     0.0     0.0     0.0     0.0     0.0
     Eta <     2.5     2.5     2.5     2.5    -1.0    -1.0    -1.0
   xqcut:      0.0     0.0     0.0     0.0     0.0     0.0     0.0
d R # 3  >    -0.0     0.4     0.4     0.4     0.0     0.0     0.0
d R # 4  >    -0.0    -0.0     0.4     0.4     0.0     0.0     0.0
d R # 5  >    -0.0    -0.0    -0.0     0.4     0.0     0.0     0.0
d R # 6  >    -0.0    -0.0    -0.0    -0.0     0.0     0.0     0.0
d R # 7  >    -0.0    -0.0    -0.0    -0.0    -0.0     0.0     0.0
d R # 8  >    -0.0    -0.0    -0.0    -0.0    -0.0    -0.0     0.0
s min # 3>     0.0     0.0     0.0     0.0     0.0     0.0     0.0
s min # 4>     0.0     0.0     0.0     0.0     0.0     0.0     0.0
s min # 5>     0.0     0.0     0.0     0.0     0.0     0.0     0.0
s min # 6>     0.0     0.0     0.0     0.0     0.0     0.0     0.0
s min # 7>     0.0     0.0     0.0     0.0     0.0     0.0     0.0
s min # 8>     0.0     0.0     0.0     0.0     0.0     0.0     0.0
xqcutij # 3>     0.0     0.0     0.0     0.0     0.0     0.0     0.0
xqcutij # 4>     0.0     0.0     0.0     0.0     0.0     0.0     0.0
xqcutij # 5>     0.0     0.0     0.0     0.0     0.0     0.0     0.0
xqcutij # 6>     0.0     0.0     0.0     0.0     0.0     0.0     0.0
xqcutij # 7>     0.0     0.0     0.0     0.0     0.0     0.0     0.0
xqcutij # 8>     0.0     0.0     0.0     0.0     0.0     0.0     0.0
 Requiring BW           -1           1
 Requiring BW           -2           2
 Excluding BW           -3           3
 Excluding BW           -4           4
 Requiring BW           -5           5
 Excluding BW           -6           6
 alpha_s for scale    955.69704031460947       is    9.3585161215683152E-002
 Added good helicity            1   84.630423740401099       in event            1 local:           1
 Added good helicity           21   25.598106984117443       in event            1 local:           1
 Added good helicity           25   1.9231906094327257E-005  in event            1 local:           1
 Added good helicity           37   1.0464134292253965E-005  in event            1 local:           1
 Added good helicity           41   14.427061554947949       in event            1 local:           1
 Added good helicity           61   4.5341633968519108       in event            1 local:           1
 Added good helicity          193   50.998789522652636       in event            1 local:           1
 Added good helicity          213   65.336523546612653       in event            1 local:           1
 Added good helicity          217   5.7574208025600714E-005  in event            1 local:           1
 Added good helicity          229   3.6625419177544242E-004  in event            1 local:           1
 Added good helicity          233   6.5834967539781735       in event            1 local:           1
 Added good helicity          253   3.8909809759979459       in event            1 local:           1
 Added good helicity            1   84.630423740400943       in event            1 local:           1
 Added good helicity           21   25.598106984117386       in event            1 local:           1
 Added good helicity           25   1.9231906094324113E-005  in event            1 local:           1
 Added good helicity           37   1.0464134292254661E-005  in event            1 local:           1
 Added good helicity           41   14.427061554948127       in event            1 local:           1
 Added good helicity           61   4.5341633968519783       in event            1 local:           1
 Added good helicity          193   50.998789522652558       in event            1 local:           1
 Added good helicity          213   65.336523546612469       in event            1 local:           1
 Added good helicity          217   5.7574208025602096E-005  in event            1 local:           1
 Added good helicity          229   3.6625419177546150E-004  in event            1 local:           1
 Added good helicity          233   6.5834967539782516       in event            1 local:           1
 Added good helicity          253   3.8909809759980800       in event            1 local:           1
 RESET CUMULATIVE VARIABLE
 RESET CUMULATIVE VARIABLE
 RESET CUMULATIVE VARIABLE
 Iteration  1   Mean: 0.8813E-11 Abs mean: 0.8813E-11   Fluctuation:  0.252E-11   0.169E-08    16.8%
  1    0.8813E-11 0.8813E-11 +- 0.2519E-11      9.04
 Writing out events   1.0499503223070675E-014   9.0396706171316659     
 Relative summed weights:
  0.3583E+00  0.5240E-02  0.1733E-01  0.2923E-02  0.0000E+00  0.2869E-03
  0.1491E-01  0.7897E-02  0.2699E-01  0.4415E-02  0.8634E-07  0.3629E-04
  0.4599E-01  0.1564E-01  0.3521E-02  0.1741E-02  0.6969E-05  0.1846E-02
  0.3399E-01  0.4723E-01  0.1852E-01  0.2368E-02  0.0000E+00  0.0000E+00
  0.1165E-01  0.3830E-02  0.1633E-02  0.1379E-01  0.8815E-07  0.7590E-07
  0.3516E-01  0.3724E-02  0.6564E-02  0.1402E-01  0.7794E-04  0.0000E+00
  0.2243E-01  0.4877E-01  0.1423E+00  0.1641E-01  0.0000E+00  0.0000E+00
  0.2194E-01  0.6794E-02  0.8905E-02  0.3275E-01  0.1733E-04  0.0000E+00
 Relative number of events:
  0.3964E-01  0.3171E-01  0.2279E-01  0.2973E-01  0.0000E+00  0.9911E-03
  0.2379E-01  0.3171E-01  0.2973E-01  0.3271E-01  0.9911E-03  0.9911E-03
  0.4757E-01  0.4757E-01  0.3171E-01  0.2973E-01  0.9911E-03  0.1982E-02
  0.2874E-01  0.2577E-01  0.3072E-01  0.2577E-01  0.0000E+00  0.0000E+00
  0.3766E-01  0.4163E-01  0.2180E-01  0.2478E-01  0.9911E-03  0.9911E-03
  0.2180E-01  0.2775E-01  0.3370E-01  0.3271E-01  0.9911E-03  0.0000E+00
  0.3072E-01  0.4658E-01  0.2478E-01  0.2775E-01  0.0000E+00  0.0000E+00
  0.3370E-01  0.1685E-01  0.1982E-01  0.3766E-01  0.1982E-02  0.0000E+00
 Events:
          40          32          23          30           0           1
          24          32          30          33           1           1
          48          48          32          30           1           2
          29          26          31          26           0           0
          38          42          22          25           1           1
          22          28          34          33           1           0
          31          47          25          28           0           0
          34          17          20          38           2           0
 Iteration  2   Mean: 0.7675E-11 Abs mean: 0.7675E-11   Fluctuation:  0.103E-11   0.927E-09    33.3%
  2    0.7675E-11 0.7675E-11 +- 0.1026E-11      5.98
 Relative summed weights:
  0.2764E-01  0.5054E-01  0.6770E-01  0.5843E-02  0.9572E-08  0.0000E+00
  0.1276E-01  0.1683E-01  0.5447E-01  0.1788E-01  0.1045E-04  0.5471E-06
  0.8407E-02  0.4961E-01  0.1070E-01  0.1232E-01  0.1336E-04  0.9750E-05
  0.4819E-01  0.6168E-01  0.1907E-01  0.1798E-01  0.8310E-05  0.1638E-05
  0.5955E-01  0.7795E-01  0.7584E-02  0.1380E-01  0.0000E+00  0.0000E+00
  0.1274E-01  0.2670E-01  0.1407E-01  0.3132E-01  0.0000E+00  0.0000E+00
  0.2685E-01  0.5903E-01  0.4955E-02  0.7126E-01  0.5474E-05  0.0000E+00
  0.7247E-01  0.1542E-01  0.6098E-02  0.1852E-01  0.0000E+00  0.2970E-05
 Relative number of events:
  0.4600E-01  0.3850E-01  0.2850E-01  0.2550E-01  0.5000E-03  0.0000E+00
  0.1900E-01  0.3000E-01  0.3200E-01  0.3000E-01  0.1000E-02  0.5000E-03
  0.4150E-01  0.4600E-01  0.2850E-01  0.2450E-01  0.5000E-03  0.5000E-03
  0.2750E-01  0.2400E-01  0.2400E-01  0.2750E-01  0.5000E-03  0.5000E-03
  0.4450E-01  0.4800E-01  0.2300E-01  0.2800E-01  0.0000E+00  0.0000E+00
  0.2650E-01  0.2900E-01  0.2150E-01  0.2500E-01  0.0000E+00  0.0000E+00
  0.3950E-01  0.4700E-01  0.2700E-01  0.2800E-01  0.5000E-03  0.0000E+00
  0.2450E-01  0.2500E-01  0.3150E-01  0.3350E-01  0.0000E+00  0.1000E-02
 Events:
          92          77          57          51           1           0
          38          60          64          60           2           1
          83          92          57          49           1           1
          55          48          48          55           1           1
          89          96          46          56           0           0
          53          58          43          50           0           0
          79          94          54          56           1           0
          49          50          63          67           0           2
 Iteration  3   Mean: 0.1315E-10 Abs mean: 0.1315E-10   Fluctuation:  0.233E-11   0.744E-08    39.2%
  3    0.1315E-10 0.1315E-10 +- 0.2326E-11     11.19
 Relative summed weights:
  0.5795E-01  0.4444E-01  0.1168E-01  0.1639E-01  0.4825E-05  0.1016E-04
  0.3636E-01  0.5279E-01  0.1348E-01  0.5939E-02  0.1849E-05  0.1995E-04
  0.1432E-01  0.2462E-01  0.7790E-01  0.1303E-01  0.1465E-03  0.9934E-05
  0.4389E-01  0.2699E-01  0.1089E-01  0.1430E-01  0.2614E-03  0.4645E-03
  0.1558E-01  0.5856E-01  0.1684E-01  0.5348E-02  0.2730E-04  0.0000E+00
  0.1933E-01  0.2976E-01  0.4835E-02  0.1747E-01  0.5037E-03  0.1662E-03
  0.2421E-01  0.3145E-01  0.1495E+00  0.1333E-01  0.1020E-08  0.4953E-05
  0.2264E-01  0.6864E-01  0.1542E-01  0.4047E-01  0.2630E-05  0.4929E-04
 Relative number of events:
  0.4625E-01  0.4425E-01  0.2275E-01  0.2575E-01  0.2500E-03  0.2500E-03
  0.2975E-01  0.2800E-01  0.2675E-01  0.3075E-01  0.5000E-03  0.2500E-03
  0.4250E-01  0.4300E-01  0.2575E-01  0.2725E-01  0.2500E-03  0.1000E-02
  0.2875E-01  0.2300E-01  0.2900E-01  0.2575E-01  0.1500E-02  0.5000E-03
  0.4275E-01  0.4725E-01  0.2250E-01  0.2650E-01  0.5000E-03  0.0000E+00
  0.2450E-01  0.2900E-01  0.2675E-01  0.2650E-01  0.2500E-03  0.5000E-03
  0.4400E-01  0.4125E-01  0.2700E-01  0.2575E-01  0.2500E-03  0.2500E-03
  0.2500E-01  0.2450E-01  0.3300E-01  0.2700E-01  0.5000E-03  0.7500E-03
 Events:
         185         177          91         103           1           1
         119         112         107         123           2           1
         170         172         103         109           1           4
         115          92         116         103           6           2
         171         189          90         106           2           0
          98         116         107         106           1           2
         176         165         108         103           1           1
         100          98         132         108           2           3
 Accuracy:    0.184   0.100   0.100   3.375
 Found          463  events.
 Wrote           13  events.
 Actual xsec    9.5594602590565928E-012
 Correct abs xsec    9.5594602590565928E-012
 Event xsec    9.5594602590565944E-012
 Events wgts > 1:            0
 % Cross section > 1:    0.0000000000000000        0.0000000000000000     
 Iteration  4   Mean: 0.1249E-10 Abs mean: 0.1249E-10   Fluctuation:  0.951E-12   0.232E-08    42.3%
  4    0.1249E-10 0.1249E-10 +- 0.9507E-12      6.81
 Relative summed weights:
  0.4797E-01  0.4716E-01  0.1886E-01  0.1067E-01  0.1370E-03  0.1711E-05
  0.3540E-01  0.3051E-01  0.1311E-01  0.1778E-01  0.0000E+00  0.2193E-06
  0.5164E-01  0.3294E-01  0.1483E-01  0.4602E-01  0.6848E-06  0.5392E-04
  0.3617E-01  0.4322E-01  0.2962E-01  0.1739E-01  0.4559E-04  0.5930E-04
  0.2973E-01  0.3787E-01  0.2335E-01  0.2729E-01  0.1117E-03  0.1106E-04
  0.1489E-01  0.4114E-01  0.1339E-01  0.2398E-01  0.3004E-03  0.2811E-04
  0.3756E-01  0.2542E-01  0.1253E-01  0.5312E-01  0.1484E-03  0.0000E+00
  0.3633E-01  0.6100E-01  0.3848E-01  0.2957E-01  0.1012E-03  0.7507E-04
 Relative number of events:
  0.4312E-01  0.3913E-01  0.2687E-01  0.2587E-01  0.2500E-03  0.2500E-03
  0.2788E-01  0.2413E-01  0.2950E-01  0.3163E-01  0.0000E+00  0.2500E-03
  0.4200E-01  0.4225E-01  0.2838E-01  0.2738E-01  0.2500E-03  0.3750E-03
  0.2662E-01  0.2513E-01  0.2463E-01  0.3050E-01  0.7500E-03  0.3750E-03
  0.4300E-01  0.4263E-01  0.2687E-01  0.2538E-01  0.6250E-03  0.2500E-03
  0.2637E-01  0.2500E-01  0.2562E-01  0.2675E-01  0.7500E-03  0.2500E-03
  0.4888E-01  0.4200E-01  0.2475E-01  0.2500E-01  0.3750E-03  0.0000E+00
  0.2775E-01  0.2587E-01  0.3138E-01  0.3213E-01  0.7500E-03  0.1250E-03
 Events:
         345         313         215         207           2           2
         223         193         236         253           0           2
         336         338         227         219           2           3
         213         201         197         244           6           3
         344         341         215         203           5           2
         211         200         205         214           6           2
         391         336         198         200           3           0
         222         207         251         257           6           1
 Accuracy:    0.104   0.100   0.061   2.972
 Found          767  events.
 Wrote           43  events.
 Actual xsec    1.1537285954730538E-011
 Correct abs xsec    1.1537285954730538E-011
 Event xsec    1.1537285954730526E-011
 Events wgts > 1:            5
 % Cross section > 1:    4.5592952395258980E-014  0.39517918316451994     
 Iteration  5   Mean: 0.1218E-10 Abs mean: 0.1218E-10   Fluctuation:  0.500E-12   0.265E-08    43.3%
  5    0.1218E-10 0.1218E-10 +- 0.5002E-12      5.20
 Relative summed weights:
  0.4358E-01  0.3904E-01  0.3447E-01  0.2638E-01  0.3241E-03  0.3276E-04
  0.3364E-01  0.2154E-01  0.1783E-01  0.2610E-01  0.1477E-04  0.6699E-03
  0.3238E-01  0.3493E-01  0.3411E-01  0.3148E-01  0.3504E-04  0.1765E-04
  0.3673E-01  0.4047E-01  0.1446E-01  0.2066E-01  0.2422E-04  0.4496E-03
  0.4450E-01  0.3901E-01  0.3492E-01  0.1546E-01  0.1213E-03  0.5239E-03
  0.5093E-01  0.2544E-01  0.3532E-01  0.3447E-01  0.1096E-04  0.1026E-03
  0.2919E-01  0.4945E-01  0.2804E-01  0.1323E-01  0.2510E-03  0.5896E-04
  0.3413E-01  0.2638E-01  0.2102E-01  0.2793E-01  0.7797E-04  0.6002E-04
 Relative number of events:
  0.4188E-01  0.4275E-01  0.2725E-01  0.2769E-01  0.4375E-03  0.3125E-03
  0.2594E-01  0.2706E-01  0.2694E-01  0.2825E-01  0.2500E-03  0.4375E-03
  0.4075E-01  0.4250E-01  0.2856E-01  0.2494E-01  0.3750E-03  0.2500E-03
  0.2769E-01  0.2637E-01  0.2906E-01  0.2850E-01  0.2500E-03  0.5000E-03
  0.4050E-01  0.4387E-01  0.2650E-01  0.2513E-01  0.5625E-03  0.3750E-03
  0.2625E-01  0.2531E-01  0.2844E-01  0.2819E-01  0.1250E-03  0.1875E-03
  0.4419E-01  0.4344E-01  0.2738E-01  0.2544E-01  0.1250E-03  0.3125E-03
  0.2881E-01  0.2800E-01  0.2800E-01  0.2925E-01  0.2500E-03  0.4375E-03
 Events:
         670         684         436         443           7           5
         415         433         431         452           4           7
         652         680         457         399           6           4
         443         422         465         456           4           8
         648         702         424         402           9           6
         420         405         455         451           2           3
         707         695         438         407           2           5
         461         448         448         468           4           7
 Accuracy:    0.051   0.100   0.034   2.229
 Finished due to accuracy    5.0750942902338891E-002  0.10000000000000001     

 -------------------------------------------------------------------------------
 Accumulated results:   Integral =  0.1194E-10
                        Std dev  =  0.4058E-12
                       Cross sec =  0.1194E-10
             Chi**2 per DoF.     =      2.2289
 -------------------------------------------------------------------------------
 Found         1858  events.
 Wrote          127  events.
 Actual xsec    1.2284105427499081E-011
 Correct abs xsec    1.2284105427499081E-011
 Event xsec    1.2284105427499088E-011
 Events wgts > 1:            6
 % Cross section > 1:    9.2465355484620812E-014  0.75272355834417293     
-------------------------------------------------
---------------------------
 Results Last   3 iters: Integral =   0.1228E-10
                     Abs integral =   0.1228E-10
                          Std dev =   0.4351E-12
                  Chi**2 per DoF. =      0.1155
-------------------------------------------------
---------------------------
 Status  0.10000000000000001                6           5

ls status:
events.lhe
ftn26
input_app.txt
results.dat
run1_app.log
