 Process in group number            1
 A PDF is used, so alpha_s(MZ) is going to be modified
 Old value of alpha_s from param_card:   0.11839999999999999     
  ****************************************
 
       NNPDFDriver version 1.0.3
   Grid: NNPDF23_lo_as_0130_qed_mem0.grid
  ****************************************
 New value of alpha_s from PDF nn23lo1:  0.13000000000000000     
 Define smin to   1600.0000000000000     
 Define smin to   1600.0000000000000     
 Define smin to   1600.0000000000000     
 *****************************************************
 *               MadGraph/MadEvent                   *
 *        --------------------------------           *
 *          http://madgraph.hep.uiuc.edu             *
 *          http://madgraph.phys.ucl.ac.be           *
 *          http://madgraph.roma2.infn.it            *
 *        --------------------------------           *
 *                                                   *
 *          PARAMETER AND COUPLING VALUES            *
 *                                                   *
 *****************************************************

  External Params
  ---------------------------------
  
 mdl_VeN1 =    1.0000000000000000     
 mdl_VeN2 =    0.0000000000000000     
 mdl_VeN3 =    0.0000000000000000     
 mdl_VmuN1 =    0.0000000000000000     
 mdl_VmuN2 =    1.0000000000000000     
 mdl_VmuN3 =    0.0000000000000000     
 mdl_VtaN1 =    0.0000000000000000     
 mdl_VtaN2 =    0.0000000000000000     
 mdl_VtaN3 =    1.0000000000000000     
 mdl_VN1N1 =    1.0000000000000000     
 mdl_VN1N2 =    1.0000000000000000     
 mdl_VN1N3 =    1.0000000000000000     
 mdl_VN2N2 =    1.0000000000000000     
 mdl_VN2N3 =    1.0000000000000000     
 mdl_VN3N3 =    1.0000000000000000     
 aEWM1 =    127.90000000000001     
 mdl_Gf =    1.1663700000000000E-005
 aS =   0.11839999999999999     
 mdl_ymt =    172.00000000000000     
 mdl_vevf =    50.000000000000000     
 mdl_MZ =    91.187600000000003     
 mdl_MT =    172.00000000000000     
 mdl_MH =    125.00000000000000     
 mdl_mN1 =    1644.0000000000000     
 mdl_mN2 =    1744.0000000000000     
 mdl_mN3 =    1844.0000000000000     
 mdl_MJ =    91.187600000000003     
 mdl_MAx =    173.04800000000000     
 mdl_WZ =    2.4952000000000001     
 mdl_WW =    2.0850000000000000     
 mdl_WT =    1.5083359999999999     
 mdl_WH =    4.0699999999999998E-003
 mdl_WN1 =   0.30299999999999999     
 mdl_WN2 =    1.5000000000000000     
 mdl_WN3 =    12.300000000000001     
 mdl_WJ =    2.4952000000000001     
 mdl_WAx =    4.1700000000000001E-003
  Internal Params
  ---------------------------------
  
 mdl_vevf__exp__2 =    2500.0000000000000     
 mdl_sqrt__vevf__exp__2 =    50.000000000000000     
 mdl_muJ =    50.000000000000000     
 mdl_MZ__exp__2 =    8315.1783937600012     
 mdl_MZ__exp__4 =    69142191.720053151     
 mdl_sqrt__2 =    1.4142135623730951     
 mdl_MJ__exp__2 =    8315.1783937600012     
 mdl_muJ__exp__2 =    2500.0000000000000     
 mdl_lamJ =    4.3260713575040004     
 mdl_MH__exp__2 =    15625.000000000000     
 mdl_complexi =  (  0.0000000000000000     ,  1.0000000000000000     )
 mdl_aEW =    7.8186082877247844E-003
 mdl_MW =    79.824359746197842     
 mdl_sqrt__aEW =    8.8422894590285753E-002
 mdl_ee =   0.31345100004952897     
 mdl_MW__exp__2 =    6371.9284088904105     
 mdl_sw2 =   0.23369913342182447     
 mdl_cw =   0.87538612427783857     
 mdl_sqrt__sw2 =   0.48342438232036300     
 mdl_sw =   0.48342438232036300     
 mdl_g1 =   0.35807170271074895     
 mdl_gN =   0.64839716719502682     
 mdl_gw =   0.64839716719502682     
 mdl_vev =    246.22056907348590     
 mdl_vev__exp__2 =    60624.568634871241     
 mdl_lam =   0.12886689630821144     
 mdl_yt =   0.98791394091683138     
 mdl_muH =    88.388347648318444     
 mdl_I2a33 =  ( 0.98791394091683138     ,  0.0000000000000000     )
 mdl_I3a33 =  ( 0.98791394091683138     ,  0.0000000000000000     )
 mdl_ee__exp__2 =    9.8251529432049817E-002
 mdl_sw__exp__2 =   0.23369913342182450     
 mdl_cw__exp__2 =   0.76630086657817542     
  Internal Params evaluated point by point
  ----------------------------------------
  
 mdl_sqrt__aS =   0.34409301068170506     
 mdl_G__exp__2 =    1.4878582807401259     
  Couplings of SM_HeavyN_UFO
  ---------------------------------
  
         GC_1 =  -0.00000E+00  -0.10448E+00
         GC_2 =   0.00000E+00   0.20897E+00
         GC_3 =  -0.00000E+00  -0.31345E+00
         GC_4 =   0.00000E+00   0.31345E+00
        GC_26 =   0.00000E+00   0.45849E+00
        GC_27 =  -0.00000E+00  -0.28380E+00
        GC_28 =   0.00000E+00   0.28380E+00
        GC_30 =   0.00000E+00   0.56760E+00
        GC_35 =  -0.00000E+00  -0.28850E-01
        GC_37 =   0.00000E+00   0.17310E+00
        GC_39 =   0.00000E+00  -0.19725E+00
        GC_40 =   0.00000E+00   0.37035E+00
        GC_80 =   0.00000E+00   0.67543E+02
       GC_107 =  -0.00000E+00  -0.74070E+00
       GC_109 =  -0.00000E+00  -0.74070E+00
       GC_111 =  -0.00000E+00  -0.74070E+00
       GC_113 =  -0.00000E+00  -0.74070E+00
       GC_115 =  -0.00000E+00  -0.74070E+00
       GC_117 =  -0.00000E+00  -0.74070E+00
       GC_119 =   0.00000E+00   0.00000E+00
       GC_120 =   0.00000E+00   0.00000E+00
       GC_122 =  -0.00000E+00  -0.00000E+00
       GC_126 =   0.00000E+00   0.00000E+00
       GC_127 =   0.00000E+00   0.00000E+00
       GC_129 =  -0.00000E+00  -0.00000E+00
       GC_133 =   0.00000E+00   0.45849E+00
       GC_134 =   0.00000E+00   0.37035E+00
       GC_136 =  -0.00000E+00  -0.74892E+01
        GC_81 =   0.32880E+02   0.00000E+00
        GC_82 =   0.34880E+02   0.00000E+00
        GC_83 =   0.36880E+02   0.00000E+00

 Collider parameters:
 --------------------

 Running at P P   machine @    13000.000000000000       GeV
 PDF set = nn23lo1
 alpha_s(Mz)= 0.1300 running at 2 loops.
 alpha_s(Mz)= 0.1300 running at 2 loops.
 Renormalization scale set on event-by-event basis
 Factorization   scale set on event-by-event basis


 getting user params
Enter number of events and max and min iterations: 
 Number of events and iterations         1000           5           3
Enter desired fractional accuracy: 
 Desired fractional accuracy:   0.10000000000000001     
Enter 0 for fixed, 2 for adjustable grid: 
Suppress amplitude (0 no, 1 yes)? 
 Using suppressed amplitude.
Exact helicity sum (0 yes, n = number/event)? 
 Explicitly summing over helicities
Enter Configuration Number: 
Running Configuration Number: 1011
 Using dconfig=         646
 BW Setting            1           2           2           2           1           2           0
 Attempting mappinvarients           1           9
 Completed mapping           9
 about to integrate           19        1000           5           3          19           1
 Using non-zero grid deformation.
 19 dimensions   1000 events 19 invarients  5 iterations  1 config(s),  (0.99)
 Using h-tuple random number sequence.
 Error opening grid
 Using Uniform Grid!          36
 Using uniform alpha   1.0000000000000000     
 Grid defined OK
 Set CM energy to      13000.00
 Mapping Graph        1011  to config        1011
 Setting BW          -1           1   79.824359746197842     
Setting grid   2    0.28499E-04   1
Setting grid   3    0.15259E-03   1
Setting grid   4    0.15259E-03   1
 Setting BW          -5           5   1844.0000000000000     
Setting grid   6    0.18801E-01   1
 Transforming s_hat 1/s           18   1.8800628698224856E-002   1600.0000000000000        168999999.99999997     
1011   1   2   3   4   5   6   7   8   9  10  11  12  13  14
  15  16  17  18  19
 Masses: 0.000E+00 0.000E+00 0.000E+00 0.000E+00 0.000E+00 0.000E+00 0.000E+00 0.000E+00 0.912E+02
Using random seed offsets  1011 :      1
  with seed                   24
 Ranmar initialization seeds         741        9398
 
 ********************************************
 * You are using the DiscreteSampler module *
 *      part of the MG5_aMC framework       *
 *         Author: Valentin Hirschi         *
 ********************************************
 
  Particle       3       4       5       6       7       8       9
      Et >    10.0    10.0    10.0    10.0     0.0     0.0     0.0
       E >     0.0     0.0     0.0     0.0     0.0     0.0     0.0
     Eta <     2.5     2.5     2.5     2.5    -1.0    -1.0    -1.0
   xqcut:      0.0     0.0     0.0     0.0     0.0     0.0     0.0
d R # 3  >    -0.0     0.4     0.4     0.4     0.0     0.0     0.0
d R # 4  >    -0.0    -0.0     0.4     0.4     0.0     0.0     0.0
d R # 5  >    -0.0    -0.0    -0.0     0.4     0.0     0.0     0.0
d R # 6  >    -0.0    -0.0    -0.0    -0.0     0.0     0.0     0.0
d R # 7  >    -0.0    -0.0    -0.0    -0.0    -0.0     0.0     0.0
d R # 8  >    -0.0    -0.0    -0.0    -0.0    -0.0    -0.0     0.0
s min # 3>     0.0     0.0     0.0     0.0     0.0     0.0     0.0
s min # 4>     0.0     0.0     0.0     0.0     0.0     0.0     0.0
s min # 5>     0.0     0.0     0.0     0.0     0.0     0.0     0.0
s min # 6>     0.0     0.0     0.0     0.0     0.0     0.0     0.0
s min # 7>     0.0     0.0     0.0     0.0     0.0     0.0     0.0
s min # 8>     0.0     0.0     0.0     0.0     0.0     0.0     0.0
xqcutij # 3>     0.0     0.0     0.0     0.0     0.0     0.0     0.0
xqcutij # 4>     0.0     0.0     0.0     0.0     0.0     0.0     0.0
xqcutij # 5>     0.0     0.0     0.0     0.0     0.0     0.0     0.0
xqcutij # 6>     0.0     0.0     0.0     0.0     0.0     0.0     0.0
xqcutij # 7>     0.0     0.0     0.0     0.0     0.0     0.0     0.0
xqcutij # 8>     0.0     0.0     0.0     0.0     0.0     0.0     0.0
 Requiring BW           -1           1
 Excluding BW           -2           2
 Excluding BW           -3           3
 Excluding BW           -4           4
 Requiring BW           -5           5
 Excluding BW           -6           6
 alpha_s for scale    2167.8071025355366       is    8.5319480672957124E-002
 Added good helicity            1   29.792783745823620       in event            1 local:           1
 Added good helicity           21   2.0554032891771917E-003  in event            1 local:           1
 Added good helicity           25   5.2045349971052285E-002  in event            1 local:           1
 Added good helicity           37   8.2395229002063559E-008  in event            1 local:           1
 Added good helicity           41   1.6026280755143091E-002  in event            1 local:           1
 Added good helicity           61   1.5083116758691360E-005  in event            1 local:           1
 Added good helicity          193   225.38090734883124       in event            1 local:           1
 Added good helicity          213   2.2409903597222846E-002  in event            1 local:           1
 Added good helicity          217  0.64453155318369915       in event            1 local:           1
 Added good helicity          229   4.0009657040099132E-006  in event            1 local:           1
 Added good helicity          233   8.9149124122363824E-002  in event            1 local:           1
 Added good helicity          253   7.2123948753263182E-005  in event            1 local:           1
 Added good helicity            1   29.792783745822788       in event            1 local:           1
 Added good helicity           21   2.0554032891778747E-003  in event            1 local:           1
 Added good helicity           25   5.2045349971050134E-002  in event            1 local:           1
 Added good helicity           37   8.2395229002051912E-008  in event            1 local:           1
 Added good helicity           41   1.6026280755143191E-002  in event            1 local:           1
 Added good helicity           61   1.5083116758691162E-005  in event            1 local:           1
 Added good helicity          193   225.38090734883201       in event            1 local:           1
 Added good helicity          213   2.2409903597220383E-002  in event            1 local:           1
 Added good helicity          217  0.64453155318373412       in event            1 local:           1
 Added good helicity          229   4.0009657040102012E-006  in event            1 local:           1
 Added good helicity          233   8.9149124122365059E-002  in event            1 local:           1
 Added good helicity          253   7.2123948753262585E-005  in event            1 local:           1
 RESET CUMULATIVE VARIABLE
 RESET CUMULATIVE VARIABLE
 RESET CUMULATIVE VARIABLE
 Iteration  1   Mean: 0.1172E-07 Abs mean: 0.1172E-07   Fluctuation:  0.452E-08   0.372E-05    20.1%
  1    0.1172E-07 0.1172E-07 +- 0.4516E-08     12.19
 Writing out events   1.1648404544408210E-011   12.188066784965926     
 Relative summed weights:
  0.1973E-02  0.1571E-01  0.3990E-01  0.9393E-03  0.0000E+00  0.0000E+00
  0.6710E-03  0.7652E-04  0.3052E-03  0.5241E-04  0.0000E+00  0.3674E-02
  0.2247E-01  0.4914E-02  0.7470E-02  0.9994E-03  0.0000E+00  0.2899E-07
  0.4315E-03  0.1330E-03  0.1077E-03  0.2144E-02  0.1348E-03  0.0000E+00
  0.2050E-01  0.6419E-02  0.1287E+00  0.3810E-01  0.0000E+00  0.0000E+00
  0.2491E-02  0.8593E-05  0.2394E-02  0.1462E-03  0.0000E+00  0.0000E+00
  0.8751E-02  0.3182E-02  0.2653E-02  0.2156E-01  0.0000E+00  0.0000E+00
  0.8380E-03  0.1981E-02  0.1215E-04  0.2561E-04  0.0000E+00  0.0000E+00
  0.6712E-04  0.3333E-04  0.1701E-03  0.3171E+00  0.0000E+00  0.0000E+00
  0.1619E-02  0.4343E-02  0.2894E-02  0.3763E-03  0.0000E+00  0.3236E-05
  0.1282E-04  0.9780E-03  0.1196E-04  0.1243E-04  0.0000E+00  0.0000E+00
  0.8871E-02  0.2571E-01  0.2061E-02  0.9282E-03  0.0000E+00  0.0000E+00
  0.1626E-02  0.2028E-06  0.2174E-01  0.1827E-05  0.0000E+00  0.0000E+00
  0.3312E-02  0.1770E+00  0.8654E-02  0.6749E-02  0.0000E+00  0.0000E+00
  0.7013E-03  0.7777E-04  0.4916E-05  0.1725E-03  0.0000E+00  0.0000E+00
  0.9361E-03  0.7934E-02  0.6474E-01  0.1338E-02  0.0000E+00  0.3866E-09
 Relative number of events:
  0.1685E-01  0.2775E-01  0.2180E-01  0.2180E-01  0.0000E+00  0.0000E+00
  0.1685E-01  0.1189E-01  0.1784E-01  0.9911E-02  0.0000E+00  0.9911E-03
  0.2180E-01  0.2081E-01  0.2379E-01  0.1883E-01  0.0000E+00  0.9911E-03
  0.1189E-01  0.1586E-01  0.9911E-02  0.1487E-01  0.9911E-03  0.0000E+00
  0.3271E-01  0.2180E-01  0.1883E-01  0.2081E-01  0.0000E+00  0.0000E+00
  0.3370E-01  0.7929E-02  0.1685E-01  0.1586E-01  0.0000E+00  0.0000E+00
  0.2081E-01  0.2478E-01  0.2081E-01  0.2379E-01  0.0000E+00  0.0000E+00
  0.2081E-01  0.1487E-01  0.1586E-01  0.1586E-01  0.0000E+00  0.0000E+00
  0.8920E-02  0.5946E-02  0.6938E-02  0.7929E-02  0.0000E+00  0.0000E+00
  0.2577E-01  0.1685E-01  0.1784E-01  0.1288E-01  0.0000E+00  0.9911E-03
  0.1090E-01  0.1090E-01  0.2973E-02  0.2973E-02  0.0000E+00  0.0000E+00
  0.2180E-01  0.1586E-01  0.1685E-01  0.9911E-02  0.0000E+00  0.0000E+00
  0.1487E-01  0.3964E-02  0.9911E-02  0.2973E-02  0.0000E+00  0.0000E+00
  0.2379E-01  0.2180E-01  0.1883E-01  0.1784E-01  0.0000E+00  0.0000E+00
  0.8920E-02  0.4955E-02  0.4955E-02  0.3964E-02  0.0000E+00  0.0000E+00
  0.1388E-01  0.1784E-01  0.1388E-01  0.8920E-02  0.0000E+00  0.9911E-03
 Events:
          17          28          22          22           0           0
          17          12          18          10           0           1
          22          21          24          19           0           1
          12          16          10          15           1           0
          33          22          19          21           0           0
          34           8          17          16           0           0
          21          25          21          24           0           0
          21          15          16          16           0           0
           9           6           7           8           0           0
          26          17          18          13           0           1
          11          11           3           3           0           0
          22          16          17          10           0           0
          15           4          10           3           0           0
          24          22          19          18           0           0
           9           5           5           4           0           0
          14          18          14           9           0           1
 Iteration  2   Mean: 0.1235E-07 Abs mean: 0.1235E-07   Fluctuation:  0.318E-08   0.577E-05    49.6%
  2    0.1235E-07 0.1235E-07 +- 0.3183E-08     11.53
 Relative summed weights:
  0.3723E-01  0.2145E-01  0.1300E-02  0.4275E-02  0.0000E+00  0.0000E+00
  0.1279E-02  0.3048E-02  0.5566E-03  0.1308E-01  0.0000E+00  0.0000E+00
  0.3526E-01  0.4974E-02  0.3139E-01  0.1471E-01  0.0000E+00  0.0000E+00
  0.2126E-02  0.4023E-02  0.3440E-02  0.1605E-02  0.0000E+00  0.0000E+00
  0.1217E-01  0.1286E-01  0.5070E-02  0.1606E-01  0.0000E+00  0.0000E+00
  0.2362E+00  0.3397E-02  0.2354E-02  0.1018E-02  0.0000E+00  0.5119E-06
  0.1667E-01  0.6823E-01  0.1626E-01  0.5683E-02  0.5378E-03  0.0000E+00
  0.2032E-02  0.4491E-02  0.3365E-02  0.1461E-02  0.0000E+00  0.0000E+00
  0.9035E-03  0.8794E-02  0.2222E-03  0.4307E-04  0.0000E+00  0.0000E+00
  0.4605E-02  0.3891E-01  0.2915E-01  0.1886E-01  0.0000E+00  0.3219E-06
  0.1633E-03  0.3425E-02  0.4404E-01  0.5063E-03  0.0000E+00  0.0000E+00
  0.3611E-02  0.1816E-01  0.1889E-01  0.3751E-02  0.0000E+00  0.0000E+00
  0.8613E-02  0.2366E-02  0.7041E-02  0.1893E-03  0.0000E+00  0.0000E+00
  0.3022E-01  0.2536E-01  0.9225E-02  0.7151E-02  0.0000E+00  0.0000E+00
  0.5064E-03  0.2141E-02  0.2095E-03  0.3554E-03  0.0000E+00  0.0000E+00
  0.3847E-01  0.1530E-01  0.6190E-02  0.6494E-01  0.0000E+00  0.8171E-04
 Relative number of events:
  0.2050E-01  0.3000E-01  0.1200E-01  0.1600E-01  0.0000E+00  0.0000E+00
  0.1800E-01  0.1700E-01  0.1250E-01  0.1550E-01  0.0000E+00  0.0000E+00
  0.2150E-01  0.2450E-01  0.2350E-01  0.2000E-01  0.0000E+00  0.0000E+00
  0.2150E-01  0.1950E-01  0.1600E-01  0.1350E-01  0.0000E+00  0.0000E+00
  0.2300E-01  0.2450E-01  0.1850E-01  0.1800E-01  0.0000E+00  0.0000E+00
  0.1450E-01  0.2050E-01  0.1300E-01  0.1700E-01  0.0000E+00  0.1000E-02
  0.2300E-01  0.2650E-01  0.1250E-01  0.2650E-01  0.5000E-03  0.0000E+00
  0.2100E-01  0.2800E-01  0.1200E-01  0.1600E-01  0.0000E+00  0.0000E+00
  0.9000E-02  0.1300E-01  0.5000E-02  0.5000E-02  0.0000E+00  0.0000E+00
  0.1550E-01  0.2050E-01  0.1500E-01  0.1150E-01  0.0000E+00  0.5000E-03
  0.1000E-01  0.1000E-01  0.3500E-02  0.5500E-02  0.0000E+00  0.0000E+00
  0.1550E-01  0.1950E-01  0.1350E-01  0.1500E-01  0.0000E+00  0.0000E+00
  0.4000E-02  0.1100E-01  0.6000E-02  0.5000E-02  0.0000E+00  0.0000E+00
  0.2050E-01  0.2250E-01  0.1300E-01  0.1450E-01  0.0000E+00  0.0000E+00
  0.1000E-01  0.6500E-02  0.5500E-02  0.4500E-02  0.0000E+00  0.0000E+00
  0.1950E-01  0.2050E-01  0.1700E-01  0.1450E-01  0.0000E+00  0.5000E-03
 Events:
          41          60          24          32           0           0
          36          34          25          31           0           0
          43          49          47          40           0           0
          43          39          32          27           0           0
          46          49          37          36           0           0
          29          41          26          34           0           2
          46          53          25          53           1           0
          42          56          24          32           0           0
          18          26          10          10           0           0
          31          41          30          23           0           1
          20          20           7          11           0           0
          31          39          27          30           0           0
           8          22          12          10           0           0
          41          45          26          29           0           0
          20          13          11           9           0           0
          39          41          34          29           0           1
 Iteration  3   Mean: 0.2079E-07 Abs mean: 0.2079E-07   Fluctuation:  0.348E-08   0.753E-05    64.0%
  3    0.2079E-07 0.2079E-07 +- 0.3480E-08     10.59
 Relative summed weights:
  0.2997E-01  0.9907E-01  0.3211E-01  0.4263E-02  0.0000E+00  0.0000E+00
  0.1202E-02  0.4877E-03  0.1242E-02  0.1654E-02  0.1879E-05  0.0000E+00
  0.1894E-01  0.7234E-02  0.8669E-02  0.1364E-01  0.4656E-04  0.0000E+00
  0.5147E-02  0.1170E-02  0.1036E-02  0.1026E-01  0.0000E+00  0.3317E-06
  0.1236E-01  0.1599E-01  0.3238E-01  0.1263E-01  0.0000E+00  0.6193E-07
  0.8936E-03  0.5509E-03  0.9464E-03  0.1046E-02  0.2130E-03  0.0000E+00
  0.9588E-02  0.1668E-01  0.6576E-02  0.6489E-02  0.0000E+00  0.0000E+00
  0.2245E-02  0.3233E-02  0.2120E-01  0.2949E-02  0.1100E-08  0.4687E-07
  0.1763E-02  0.4269E-02  0.5534E-03  0.2394E-01  0.0000E+00  0.7899E-06
  0.1102E-01  0.1752E-01  0.1246E-01  0.4038E-01  0.1855E-03  0.1724E-04
  0.5307E-02  0.3190E-02  0.1611E-02  0.2985E-03  0.1877E-07  0.0000E+00
  0.2429E-01  0.2537E-01  0.4069E-01  0.1757E-01  0.0000E+00  0.0000E+00
  0.3200E-03  0.1293E-01  0.2800E-01  0.9490E-03  0.0000E+00  0.0000E+00
  0.2130E-02  0.2374E-01  0.6154E-02  0.4325E-01  0.0000E+00  0.4944E-06
  0.5033E-02  0.7588E-03  0.2685E-02  0.4943E-03  0.0000E+00  0.0000E+00
  0.1933E+00  0.4023E-01  0.1964E-01  0.7833E-02  0.0000E+00  0.4912E-05
 Relative number of events:
  0.2275E-01  0.2750E-01  0.1975E-01  0.2175E-01  0.0000E+00  0.0000E+00
  0.1825E-01  0.2075E-01  0.1825E-01  0.1725E-01  0.2500E-03  0.0000E+00
  0.2275E-01  0.2175E-01  0.1600E-01  0.2200E-01  0.2500E-03  0.0000E+00
  0.2200E-01  0.2250E-01  0.1025E-01  0.1600E-01  0.0000E+00  0.2500E-03
  0.2025E-01  0.2050E-01  0.1625E-01  0.1750E-01  0.0000E+00  0.2500E-03
  0.2125E-01  0.1850E-01  0.1400E-01  0.1300E-01  0.2500E-03  0.0000E+00
  0.2375E-01  0.2475E-01  0.1625E-01  0.1925E-01  0.0000E+00  0.0000E+00
  0.2050E-01  0.2325E-01  0.1725E-01  0.1200E-01  0.2500E-03  0.2500E-03
  0.8750E-02  0.8000E-02  0.4500E-02  0.5500E-02  0.0000E+00  0.2500E-03
  0.2050E-01  0.2400E-01  0.1675E-01  0.1700E-01  0.5000E-03  0.2500E-03
  0.6000E-02  0.1000E-01  0.6250E-02  0.6000E-02  0.2500E-03  0.0000E+00
  0.1650E-01  0.1875E-01  0.1300E-01  0.1475E-01  0.0000E+00  0.0000E+00
  0.6250E-02  0.8750E-02  0.5000E-02  0.5250E-02  0.0000E+00  0.0000E+00
  0.1675E-01  0.1475E-01  0.1400E-01  0.1725E-01  0.0000E+00  0.2500E-03
  0.7250E-02  0.9500E-02  0.6500E-02  0.4250E-02  0.0000E+00  0.0000E+00
  0.1975E-01  0.1900E-01  0.1550E-01  0.1275E-01  0.0000E+00  0.2500E-03
 Events:
          91         110          79          87           0           0
          73          83          73          69           1           0
          91          87          64          88           1           0
          88          90          41          64           0           1
          81          82          65          70           0           1
          85          74          56          52           1           0
          95          99          65          77           0           0
          82          93          69          48           1           1
          35          32          18          22           0           1
          82          96          67          68           2           1
          24          40          25          24           1           0
          66          75          52          59           0           0
          25          35          20          21           0           0
          67          59          56          69           0           1
          29          38          26          17           0           0
          79          76          62          51           0           1
 Accuracy:    0.169   0.100   0.132   1.646
 Found          291  events.
 Wrote           14  events.
 Actual xsec    1.7513622904137876E-008
 Correct abs xsec    1.7513622904137876E-008
 Event xsec    1.7513622904137883E-008
 Events wgts > 1:            1
 % Cross section > 1:    6.5099679240556519E-011  0.37170880974704351     
 Iteration  4   Mean: 0.1758E-07 Abs mean: 0.1758E-07   Fluctuation:  0.190E-08   0.112E-04    67.3%
  4    0.1758E-07 0.1758E-07 +- 0.1896E-08      9.65
 Relative summed weights:
  0.5194E-01  0.4782E-01  0.1268E-01  0.5254E-02  0.0000E+00  0.0000E+00
  0.4159E-02  0.7551E-02  0.2286E-02  0.1462E-02  0.0000E+00  0.0000E+00
  0.4243E-01  0.2316E-01  0.1446E-01  0.2385E-01  0.0000E+00  0.3850E-06
  0.2493E-02  0.4978E-02  0.2034E-02  0.3378E-02  0.2644E-07  0.7458E-06
  0.3173E-01  0.3200E-01  0.2315E-01  0.1770E-01  0.0000E+00  0.0000E+00
  0.3795E-02  0.5070E-02  0.6092E-02  0.2165E-02  0.1726E-06  0.1834E-05
  0.2769E-01  0.2688E-01  0.1812E-01  0.6512E-02  0.1744E-03  0.0000E+00
  0.6084E-02  0.2640E-02  0.1890E-02  0.1224E-02  0.2554E-06  0.0000E+00
  0.7514E-02  0.4591E-02  0.9070E-03  0.7629E-02  0.5240E-06  0.3876E-04
  0.2175E-01  0.3451E-01  0.2436E-01  0.1145E-01  0.5325E-03  0.0000E+00
  0.3907E-02  0.6468E-02  0.2083E-02  0.1490E-02  0.0000E+00  0.0000E+00
  0.1860E-01  0.3229E-01  0.3688E-01  0.1116E+00  0.0000E+00  0.0000E+00
  0.7015E-02  0.2945E-02  0.1362E-02  0.1626E-02  0.0000E+00  0.0000E+00
  0.3203E-01  0.2256E-01  0.1661E-01  0.2145E-01  0.9676E-09  0.0000E+00
  0.1878E-02  0.7002E-02  0.3467E-02  0.1266E-02  0.0000E+00  0.2710E-07
  0.2738E-01  0.2134E-01  0.1941E-01  0.2306E-01  0.3602E-04  0.5746E-04
 Relative number of events:
  0.2587E-01  0.2262E-01  0.1537E-01  0.1887E-01  0.0000E+00  0.0000E+00
  0.1925E-01  0.2088E-01  0.1750E-01  0.1487E-01  0.0000E+00  0.0000E+00
  0.2200E-01  0.2325E-01  0.1512E-01  0.1812E-01  0.0000E+00  0.1250E-03
  0.1725E-01  0.1900E-01  0.1588E-01  0.1463E-01  0.1250E-03  0.1250E-03
  0.2562E-01  0.2625E-01  0.1500E-01  0.1837E-01  0.0000E+00  0.0000E+00
  0.1975E-01  0.2000E-01  0.1613E-01  0.1550E-01  0.1250E-03  0.2500E-03
  0.2463E-01  0.2488E-01  0.1925E-01  0.1725E-01  0.1250E-03  0.0000E+00
  0.1900E-01  0.2063E-01  0.1625E-01  0.1287E-01  0.2500E-03  0.0000E+00
  0.8375E-02  0.1063E-01  0.5500E-02  0.6375E-02  0.1250E-03  0.1250E-03
  0.1988E-01  0.2287E-01  0.1475E-01  0.1287E-01  0.1250E-03  0.0000E+00
  0.8125E-02  0.9000E-02  0.5750E-02  0.5625E-02  0.0000E+00  0.0000E+00
  0.2000E-01  0.1937E-01  0.1275E-01  0.1600E-01  0.0000E+00  0.0000E+00
  0.8875E-02  0.9125E-02  0.3750E-02  0.4750E-02  0.0000E+00  0.0000E+00
  0.2138E-01  0.1900E-01  0.1375E-01  0.1337E-01  0.1250E-03  0.0000E+00
  0.7875E-02  0.8250E-02  0.6125E-02  0.5000E-02  0.0000E+00  0.1250E-03
  0.1887E-01  0.2013E-01  0.1312E-01  0.1463E-01  0.2500E-03  0.2500E-03
 Events:
         207         181         123         151           0           0
         154         167         140         119           0           0
         176         186         121         145           0           1
         138         152         127         117           1           1
         205         210         120         147           0           0
         158         160         129         124           1           2
         197         199         154         138           1           0
         152         165         130         103           2           0
          67          85          44          51           1           1
         159         183         118         103           1           0
          65          72          46          45           0           0
         160         155         102         128           0           0
          71          73          30          38           0           0
         171         152         110         107           1           0
          63          66          49          40           0           1
         151         161         105         117           2           2
 Accuracy:    0.087   0.100   0.083   1.093
 Finished due to accuracy    8.7291225265859751E-002  0.10000000000000001     

 -------------------------------------------------------------------------------
 Accumulated results:   Integral =  0.1755E-07
                        Std dev  =  0.1465E-08
                       Cross sec =  0.1755E-07
             Chi**2 per DoF.     =      1.0930
 -------------------------------------------------------------------------------
 Found          489  events.
 Wrote            6  events.
 Actual xsec    1.7838593843745276E-008
 Correct abs xsec    1.7838593843745276E-008
 Event xsec    1.7838593843745276E-008
 Events wgts > 1:            0
 % Cross section > 1:    0.0000000000000000        0.0000000000000000     
-------------------------------------------------
---------------------------
 Results Last   3 iters: Integral =   0.1784E-07
                     Abs integral =   0.1784E-07
                          Std dev =   0.1526E-08
                  Chi**2 per DoF. =      1.8557
-------------------------------------------------
---------------------------
 Status  0.10000000000000001                5           5

ls status:
events.lhe
ftn26
input_app.txt
results.dat
run1_app.log
