 Process in group number            1
 A PDF is used, so alpha_s(MZ) is going to be modified
 Old value of alpha_s from param_card:   0.11839999999999999     
  ****************************************
 
       NNPDFDriver version 1.0.3
   Grid: NNPDF23_lo_as_0130_qed_mem0.grid
  ****************************************
 New value of alpha_s from PDF nn23lo1:  0.13000000000000000     
 Define smin to   1600.0000000000000     
 Define smin to   1600.0000000000000     
 Define smin to   1600.0000000000000     
 *****************************************************
 *               MadGraph/MadEvent                   *
 *        --------------------------------           *
 *          http://madgraph.hep.uiuc.edu             *
 *          http://madgraph.phys.ucl.ac.be           *
 *          http://madgraph.roma2.infn.it            *
 *        --------------------------------           *
 *                                                   *
 *          PARAMETER AND COUPLING VALUES            *
 *                                                   *
 *****************************************************

  External Params
  ---------------------------------
  
 mdl_VeN1 =    1.0000000000000000     
 mdl_VeN2 =    0.0000000000000000     
 mdl_VeN3 =    0.0000000000000000     
 mdl_VmuN1 =    0.0000000000000000     
 mdl_VmuN2 =    1.0000000000000000     
 mdl_VmuN3 =    0.0000000000000000     
 mdl_VtaN1 =    0.0000000000000000     
 mdl_VtaN2 =    0.0000000000000000     
 mdl_VtaN3 =    1.0000000000000000     
 mdl_VN1N1 =    1.0000000000000000     
 mdl_VN1N2 =    1.0000000000000000     
 mdl_VN1N3 =    1.0000000000000000     
 mdl_VN2N2 =    1.0000000000000000     
 mdl_VN2N3 =    1.0000000000000000     
 mdl_VN3N3 =    1.0000000000000000     
 aEWM1 =    127.90000000000001     
 mdl_Gf =    1.1663700000000000E-005
 aS =   0.11839999999999999     
 mdl_ymt =    172.00000000000000     
 mdl_vevf =    50.000000000000000     
 mdl_MZ =    91.187600000000003     
 mdl_MT =    172.00000000000000     
 mdl_MH =    125.00000000000000     
 mdl_mN1 =    510.00000000000000     
 mdl_mN2 =    610.00000000000000     
 mdl_mN3 =    710.00000000000000     
 mdl_MJ =    91.187600000000003     
 mdl_MAx =    173.04800000000000     
 mdl_WZ =    2.4952000000000001     
 mdl_WW =    2.0850000000000000     
 mdl_WT =    1.5083359999999999     
 mdl_WH =    4.0699999999999998E-003
 mdl_WN1 =   0.30299999999999999     
 mdl_WN2 =    1.5000000000000000     
 mdl_WN3 =    12.300000000000001     
 mdl_WJ =    2.4952000000000001     
 mdl_WAx =    4.1700000000000001E-003
  Internal Params
  ---------------------------------
  
 mdl_vevf__exp__2 =    2500.0000000000000     
 mdl_sqrt__vevf__exp__2 =    50.000000000000000     
 mdl_muJ =    50.000000000000000     
 mdl_MZ__exp__2 =    8315.1783937600012     
 mdl_MZ__exp__4 =    69142191.720053151     
 mdl_sqrt__2 =    1.4142135623730951     
 mdl_MJ__exp__2 =    8315.1783937600012     
 mdl_muJ__exp__2 =    2500.0000000000000     
 mdl_lamJ =    4.3260713575040004     
 mdl_MH__exp__2 =    15625.000000000000     
 mdl_complexi =  (  0.0000000000000000     ,  1.0000000000000000     )
 mdl_aEW =    7.8186082877247844E-003
 mdl_MW =    79.824359746197842     
 mdl_sqrt__aEW =    8.8422894590285753E-002
 mdl_ee =   0.31345100004952897     
 mdl_MW__exp__2 =    6371.9284088904105     
 mdl_sw2 =   0.23369913342182447     
 mdl_cw =   0.87538612427783857     
 mdl_sqrt__sw2 =   0.48342438232036300     
 mdl_sw =   0.48342438232036300     
 mdl_g1 =   0.35807170271074895     
 mdl_gN =   0.64839716719502682     
 mdl_gw =   0.64839716719502682     
 mdl_vev =    246.22056907348590     
 mdl_vev__exp__2 =    60624.568634871241     
 mdl_lam =   0.12886689630821144     
 mdl_yt =   0.98791394091683138     
 mdl_muH =    88.388347648318444     
 mdl_I2a33 =  ( 0.98791394091683138     ,  0.0000000000000000     )
 mdl_I3a33 =  ( 0.98791394091683138     ,  0.0000000000000000     )
 mdl_ee__exp__2 =    9.8251529432049817E-002
 mdl_sw__exp__2 =   0.23369913342182450     
 mdl_cw__exp__2 =   0.76630086657817542     
  Internal Params evaluated point by point
  ----------------------------------------
  
 mdl_sqrt__aS =   0.34409301068170506     
 mdl_G__exp__2 =    1.4878582807401259     
  Couplings of SM_HeavyN_UFO
  ---------------------------------
  
         GC_1 =  -0.00000E+00  -0.10448E+00
         GC_2 =   0.00000E+00   0.20897E+00
         GC_3 =  -0.00000E+00  -0.31345E+00
         GC_4 =   0.00000E+00   0.31345E+00
        GC_26 =   0.00000E+00   0.45849E+00
        GC_27 =  -0.00000E+00  -0.28380E+00
        GC_28 =   0.00000E+00   0.28380E+00
        GC_30 =   0.00000E+00   0.56760E+00
        GC_35 =  -0.00000E+00  -0.28850E-01
        GC_37 =   0.00000E+00   0.17310E+00
        GC_39 =   0.00000E+00  -0.19725E+00
        GC_40 =   0.00000E+00   0.37035E+00
        GC_80 =   0.00000E+00   0.67543E+02
       GC_107 =  -0.00000E+00  -0.74070E+00
       GC_109 =  -0.00000E+00  -0.74070E+00
       GC_111 =  -0.00000E+00  -0.74070E+00
       GC_113 =  -0.00000E+00  -0.74070E+00
       GC_115 =  -0.00000E+00  -0.74070E+00
       GC_117 =  -0.00000E+00  -0.74070E+00
       GC_119 =   0.00000E+00   0.00000E+00
       GC_120 =   0.00000E+00   0.00000E+00
       GC_122 =  -0.00000E+00  -0.00000E+00
       GC_126 =   0.00000E+00   0.00000E+00
       GC_127 =   0.00000E+00   0.00000E+00
       GC_129 =  -0.00000E+00  -0.00000E+00
       GC_133 =   0.00000E+00   0.45849E+00
       GC_134 =   0.00000E+00   0.37035E+00
       GC_136 =  -0.00000E+00  -0.28836E+01
        GC_81 =   0.10200E+02   0.00000E+00
        GC_82 =   0.12200E+02   0.00000E+00
        GC_83 =   0.14200E+02   0.00000E+00

 Collider parameters:
 --------------------

 Running at P P   machine @    13000.000000000000       GeV
 PDF set = nn23lo1
 alpha_s(Mz)= 0.1300 running at 2 loops.
 alpha_s(Mz)= 0.1300 running at 2 loops.
 Renormalization scale set on event-by-event basis
 Factorization   scale set on event-by-event basis


 getting user params
Enter number of events and max and min iterations: 
 Number of events and iterations         1000           5           3
Enter desired fractional accuracy: 
 Desired fractional accuracy:   0.10000000000000001     
Enter 0 for fixed, 2 for adjustable grid: 
Suppress amplitude (0 no, 1 yes)? 
 Using suppressed amplitude.
Exact helicity sum (0 yes, n = number/event)? 
 Explicitly summing over helicities
Enter Configuration Number: 
Running Configuration Number:  102
 Using dconfig=         725
 BW Setting            2           1           2           2           2           2           0
 Attempting mappinvarients           1           9
 Completed mapping           9
 about to integrate           19        1000           5           3          19           1
 Using non-zero grid deformation.
 19 dimensions   1000 events 19 invarients  5 iterations  1 config(s),  (0.99)
 Using h-tuple random number sequence.
 Error opening grid
 Using Uniform Grid!          36
 Using uniform alpha   1.0000000000000000     
 Grid defined OK
 Set CM energy to      13000.00
 Mapping Graph         102  to config         102
Setting grid   1    0.75740E-07   1
 Setting BW          -2           2   710.00000000000000     
Setting grid   3    0.32375E-02   1
Setting grid   4    0.32375E-02   1
Setting grid   5    0.32375E-02   1
Setting grid   6    0.32375E-02   1
 Transforming s_hat 1/s           18   3.4149423052885213E-003   1600.0000000000000        168999999.99999997     
 102   1   2   3   4   5   6   7   8   9  10  11  12  13  14
  15  16  17  18  19
 Masses: 0.000E+00 0.000E+00 0.000E+00 0.000E+00 0.000E+00 0.000E+00 0.000E+00 0.000E+00 0.912E+02
Using random seed offsets   102 :      1
  with seed                   24
 Ranmar initialization seeds       31160        9398
 
 ********************************************
 * You are using the DiscreteSampler module *
 *      part of the MG5_aMC framework       *
 *         Author: Valentin Hirschi         *
 ********************************************
 
  Particle       3       4       5       6       7       8       9
      Et >    10.0    10.0    10.0    10.0     0.0     0.0     0.0
       E >     0.0     0.0     0.0     0.0     0.0     0.0     0.0
     Eta <     2.5     2.5     2.5     2.5    -1.0    -1.0    -1.0
   xqcut:      0.0     0.0     0.0     0.0     0.0     0.0     0.0
d R # 3  >    -0.0     0.4     0.4     0.4     0.0     0.0     0.0
d R # 4  >    -0.0    -0.0     0.4     0.4     0.0     0.0     0.0
d R # 5  >    -0.0    -0.0    -0.0     0.4     0.0     0.0     0.0
d R # 6  >    -0.0    -0.0    -0.0    -0.0     0.0     0.0     0.0
d R # 7  >    -0.0    -0.0    -0.0    -0.0    -0.0     0.0     0.0
d R # 8  >    -0.0    -0.0    -0.0    -0.0    -0.0    -0.0     0.0
s min # 3>     0.0     0.0     0.0     0.0     0.0     0.0     0.0
s min # 4>     0.0     0.0     0.0     0.0     0.0     0.0     0.0
s min # 5>     0.0     0.0     0.0     0.0     0.0     0.0     0.0
s min # 6>     0.0     0.0     0.0     0.0     0.0     0.0     0.0
s min # 7>     0.0     0.0     0.0     0.0     0.0     0.0     0.0
s min # 8>     0.0     0.0     0.0     0.0     0.0     0.0     0.0
xqcutij # 3>     0.0     0.0     0.0     0.0     0.0     0.0     0.0
xqcutij # 4>     0.0     0.0     0.0     0.0     0.0     0.0     0.0
xqcutij # 5>     0.0     0.0     0.0     0.0     0.0     0.0     0.0
xqcutij # 6>     0.0     0.0     0.0     0.0     0.0     0.0     0.0
xqcutij # 7>     0.0     0.0     0.0     0.0     0.0     0.0     0.0
xqcutij # 8>     0.0     0.0     0.0     0.0     0.0     0.0     0.0
 Excluding BW           -1           1
 Requiring BW           -2           2
 Excluding BW           -3           3
 Excluding BW           -4           4
 Excluding BW           -5           5
 Excluding BW           -6           6
 alpha_s for scale    971.74275264222570       is    9.3400914029350121E-002
 Added good helicity            1   1.1764494739756874       in event            1 local:           1
 Added good helicity           21   8.5035966294518328       in event            1 local:           1
 Added good helicity           25   2.0924188090662774       in event            1 local:           1
 Added good helicity           37  0.14414368819162246       in event            1 local:           1
 Added good helicity           41   5.5707463426214450E-005  in event            1 local:           1
 Added good helicity           61   7.4977049100815277E-002  in event            1 local:           1
 Added good helicity          193   170.62484707667025       in event            1 local:           1
 Added good helicity          213   42.542875637738369       in event            1 local:           1
 Added good helicity          217   24.932375748572568       in event            1 local:           1
 Added good helicity          229   4.6737014999754436       in event            1 local:           1
 Added good helicity          233   1.7292853869931249E-003  in event            1 local:           1
 Added good helicity          253   1.2328293944067035       in event            1 local:           1
 Added good helicity            1   1.1764494739756768       in event            1 local:           1
 Added good helicity           21   8.5035966294517955       in event            1 local:           1
 Added good helicity           25   2.0924188090662672       in event            1 local:           1
 Added good helicity           37  0.14414368819162462       in event            1 local:           1
 Added good helicity           41   5.5707463426215019E-005  in event            1 local:           1
 Added good helicity           61   7.4977049100815291E-002  in event            1 local:           1
 Added good helicity          193   170.62484707667028       in event            1 local:           1
 Added good helicity          213   42.542875637738149       in event            1 local:           1
 Added good helicity          217   24.932375748572770       in event            1 local:           1
 Added good helicity          229   4.6737014999754951       in event            1 local:           1
 Added good helicity          233   1.7292853869932507E-003  in event            1 local:           1
 Added good helicity          253   1.2328293944067032       in event            1 local:           1
 RESET CUMULATIVE VARIABLE
 RESET CUMULATIVE VARIABLE
 RESET CUMULATIVE VARIABLE
 Iteration  1   Mean: 0.1504E-11 Abs mean: 0.1504E-11   Fluctuation:  0.978E-12   0.804E-09     9.6%
  1    0.1504E-11 0.1504E-11 +- 0.9776E-12     20.56
 Writing out events   3.1370420613990841E-015   20.558309599469780     
 Relative summed weights:
  0.4882E-05  0.3705E-01  0.1869E-03  0.3509E-04  0.0000E+00  0.0000E+00
  0.1581E-02  0.2182E-03  0.6613E-04  0.1707E-02  0.1167E-05  0.0000E+00
  0.8497E-04  0.2248E-02  0.4065E-03  0.1012E-03  0.0000E+00  0.3109E-12
  0.3566E-03  0.6358E-03  0.4662E-05  0.1046E-02  0.0000E+00  0.8375E-07
  0.3760E-04  0.4804E-05  0.5755E-04  0.3215E-03  0.0000E+00  0.2983E-08
  0.5592E-02  0.1411E-02  0.9715E-04  0.6107E-02  0.6049E-13  0.4289E-05
  0.2488E-04  0.1071E-04  0.3715E-02  0.1326E-01  0.4811E-05  0.0000E+00
  0.1928E-02  0.5364E+00  0.1934E-04  0.1093E-03  0.0000E+00  0.0000E+00
  0.8148E-05  0.1356E-03  0.1296E-06  0.1536E-04  0.9519E-07  0.0000E+00
  0.6756E-03  0.3970E-05  0.3273E-05  0.9275E-05  0.3082E-05  0.1586E-05
  0.5059E-03  0.2121E-02  0.3671E+00  0.2448E-02  0.6475E-10  0.3839E-09
  0.4586E-05  0.1104E-04  0.8479E-04  0.8634E-04  0.1368E-10  0.1792E-12
  0.8683E-08  0.3093E-08  0.1048E-03  0.1884E-04  0.0000E+00  0.0000E+00
  0.4479E-04  0.1618E-04  0.2354E-03  0.2827E-07  0.6202E-06  0.3223E-06
  0.7318E-02  0.1138E-03  0.6661E-05  0.2795E-02  0.6209E-10  0.3565E-07
  0.1281E-02  0.2464E-05  0.4437E-04  0.2825E-04  0.0000E+00  0.0000E+00
 Relative number of events:
  0.7929E-02  0.9911E-02  0.8920E-02  0.2973E-02  0.0000E+00  0.0000E+00
  0.1090E-01  0.1586E-01  0.8920E-02  0.5946E-02  0.2973E-02  0.0000E+00
  0.1487E-01  0.2676E-01  0.3469E-01  0.3370E-01  0.0000E+00  0.9911E-03
  0.1487E-01  0.1982E-01  0.2676E-01  0.1090E-01  0.0000E+00  0.9911E-03
  0.6938E-02  0.4955E-02  0.3964E-02  0.5946E-02  0.0000E+00  0.1982E-02
  0.2379E-01  0.1784E-01  0.9911E-02  0.1090E-01  0.9911E-03  0.2973E-02
  0.1487E-01  0.1487E-01  0.3271E-01  0.3370E-01  0.1982E-02  0.0000E+00
  0.1288E-01  0.1487E-01  0.1487E-01  0.9911E-02  0.0000E+00  0.0000E+00
  0.9911E-02  0.6938E-02  0.3964E-02  0.1189E-01  0.9911E-03  0.0000E+00
  0.1288E-01  0.1388E-01  0.5946E-02  0.1189E-01  0.9911E-03  0.3964E-02
  0.1883E-01  0.2478E-01  0.3766E-01  0.3271E-01  0.9911E-03  0.1982E-02
  0.7929E-02  0.1288E-01  0.1189E-01  0.1189E-01  0.1982E-02  0.9911E-03
  0.1982E-02  0.3964E-02  0.7929E-02  0.7929E-02  0.0000E+00  0.0000E+00
  0.8920E-02  0.1784E-01  0.1189E-01  0.2973E-02  0.9911E-03  0.9911E-03
  0.1982E-01  0.1685E-01  0.2379E-01  0.4460E-01  0.9911E-03  0.9911E-03
  0.2478E-01  0.1784E-01  0.1685E-01  0.2081E-01  0.0000E+00  0.0000E+00
 Events:
           8          10           9           3           0           0
          11          16           9           6           3           0
          15          27          35          34           0           1
          15          20          27          11           0           1
           7           5           4           6           0           2
          24          18          10          11           1           3
          15          15          33          34           2           0
          13          15          15          10           0           0
          10           7           4          12           1           0
          13          14           6          12           1           4
          19          25          38          33           1           2
           8          13          12          12           2           1
           2           4           8           8           0           0
           9          18          12           3           1           1
          20          17          24          45           1           1
          25          18          17          21           0           0
 Iteration  2   Mean: 0.9032E-12 Abs mean: 0.9032E-12   Fluctuation:  0.396E-12   0.551E-09    36.9%
  2    0.9032E-12 0.9032E-12 +- 0.3960E-12     19.61
 Relative summed weights:
  0.7534E-04  0.9404E-04  0.3965E-02  0.7513E-05  0.1208E-08  0.0000E+00
  0.5145E-03  0.3736E-01  0.5496E-04  0.3061E+00  0.0000E+00  0.6695E-05
  0.8740E-01  0.1098E-02  0.7002E-02  0.5455E-03  0.0000E+00  0.4101E-17
  0.5462E-03  0.7861E-03  0.2329E-04  0.9489E-05  0.0000E+00  0.0000E+00
  0.1041E-04  0.7539E-05  0.6938E-05  0.7036E-05  0.0000E+00  0.0000E+00
  0.5186E-03  0.1265E-03  0.2023E-02  0.7082E-04  0.2121E-08  0.1495E-06
  0.2734E+00  0.4988E-03  0.1200E-01  0.6937E-02  0.4746E-05  0.0000E+00
  0.1476E-02  0.3992E-02  0.2422E-03  0.8259E-05  0.4302E-08  0.6612E-10
  0.7057E-04  0.1132E-03  0.5148E-05  0.2595E-04  0.0000E+00  0.8169E-10
  0.1369E-02  0.1323E+00  0.5486E-03  0.1458E-03  0.4295E-03  0.1232E-07
  0.1041E-01  0.4237E-01  0.1947E-01  0.1687E-01  0.0000E+00  0.4690E-06
  0.2947E-05  0.8859E-04  0.4307E-04  0.4199E-04  0.0000E+00  0.0000E+00
  0.7267E-03  0.8367E-02  0.2794E-02  0.2012E-02  0.0000E+00  0.6561E-13
  0.9570E-03  0.3639E-02  0.2031E-03  0.7675E-04  0.2121E-05  0.1130E-06
  0.2294E-03  0.1306E-02  0.1027E-02  0.8427E-03  0.1143E-11  0.0000E+00
  0.4630E-05  0.6448E-02  0.3109E-04  0.1705E-03  0.0000E+00  0.2805E-05
 Relative number of events:
  0.5000E-02  0.8500E-02  0.7000E-02  0.5500E-02  0.5000E-03  0.0000E+00
  0.1950E-01  0.1650E-01  0.8500E-02  0.1050E-01  0.0000E+00  0.1500E-02
  0.1750E-01  0.2500E-01  0.3100E-01  0.3200E-01  0.0000E+00  0.5000E-03
  0.1600E-01  0.1850E-01  0.1000E-01  0.1500E-01  0.0000E+00  0.0000E+00
  0.5500E-02  0.7000E-02  0.4500E-02  0.4000E-02  0.0000E+00  0.0000E+00
  0.2150E-01  0.1500E-01  0.8000E-02  0.6500E-02  0.3000E-02  0.1000E-02
  0.1800E-01  0.2000E-01  0.2400E-01  0.3500E-01  0.1500E-02  0.0000E+00
  0.2150E-01  0.2200E-01  0.2300E-01  0.1350E-01  0.1000E-02  0.5000E-03
  0.5000E-02  0.7000E-02  0.5000E-02  0.5500E-02  0.0000E+00  0.5000E-03
  0.1800E-01  0.1750E-01  0.1100E-01  0.1000E-01  0.2000E-02  0.1500E-02
  0.2300E-01  0.2350E-01  0.4050E-01  0.2600E-01  0.0000E+00  0.2000E-02
  0.1050E-01  0.1600E-01  0.1650E-01  0.1350E-01  0.0000E+00  0.0000E+00
  0.5000E-02  0.7000E-02  0.6000E-02  0.5500E-02  0.0000E+00  0.5000E-03
  0.2200E-01  0.1100E-01  0.8000E-02  0.9500E-02  0.2500E-02  0.1000E-02
  0.1900E-01  0.2200E-01  0.3200E-01  0.3150E-01  0.5000E-03  0.0000E+00
  0.1400E-01  0.1850E-01  0.1400E-01  0.1100E-01  0.0000E+00  0.5000E-03
 Events:
          10          17          14          11           1           0
          39          33          17          21           0           3
          35          50          62          64           0           1
          32          37          20          30           0           0
          11          14           9           8           0           0
          43          30          16          13           6           2
          36          40          48          70           3           0
          43          44          46          27           2           1
          10          14          10          11           0           1
          36          35          22          20           4           3
          46          47          81          52           0           4
          21          32          33          27           0           0
          10          14          12          11           0           1
          44          22          16          19           5           2
          38          44          64          63           1           0
          28          37          28          22           0           1
 Iteration  3   Mean: 0.5516E-12 Abs mean: 0.5516E-12   Fluctuation:  0.266E-12   0.103E-08    52.5%
  3    0.5516E-12 0.5516E-12 +- 0.2657E-12     30.46
 Relative summed weights:
  0.2407E-02  0.1099E-02  0.9600E-05  0.1319E-03  0.1737E-06  0.0000E+00
  0.4044E-01  0.3114E-02  0.1424E-03  0.8485E-02  0.2587E-03  0.1339E-04
  0.9467E-02  0.1232E-01  0.1607E-01  0.7342E-02  0.5277E-06  0.8030E-08
  0.1766E-03  0.2675E-02  0.1807E-01  0.7585E-03  0.0000E+00  0.0000E+00
  0.3274E-02  0.6481E-03  0.1202E-03  0.5246E-03  0.2353E-05  0.0000E+00
  0.2550E-02  0.4125E-01  0.3709E-03  0.4365E-02  0.4723E-05  0.3344E-06
  0.5734E-01  0.9959E-03  0.1927E-01  0.1250E-02  0.2025E-04  0.1258E-07
  0.1378E-02  0.8702E-04  0.6645E-03  0.2662E-03  0.0000E+00  0.0000E+00
  0.4123E-02  0.4222E-03  0.3415E-04  0.1990E-03  0.0000E+00  0.8418E-12
  0.1821E-02  0.3457E-02  0.2746E-03  0.4839E+00  0.6941E-07  0.1135E-02
  0.1954E-01  0.7279E-02  0.1954E-01  0.1964E-01  0.2526E-05  0.1004E-09
  0.6152E-03  0.4474E-02  0.1420E-02  0.2697E-03  0.0000E+00  0.0000E+00
  0.7427E-01  0.7587E-03  0.1844E-03  0.7726E-03  0.0000E+00  0.1343E-04
  0.5026E-02  0.8138E-02  0.1680E-02  0.1186E-02  0.7307E-06  0.2247E-02
  0.7111E-03  0.6642E-02  0.2361E-01  0.4562E-01  0.0000E+00  0.1441E-07
  0.3533E-03  0.1853E-02  0.5848E-03  0.7839E-03  0.1451E-05  0.0000E+00
 Relative number of events:
  0.7500E-02  0.6750E-02  0.5250E-02  0.5750E-02  0.2500E-03  0.0000E+00
  0.1725E-01  0.2100E-01  0.7250E-02  0.1025E-01  0.2500E-03  0.2000E-02
  0.2300E-01  0.2025E-01  0.3150E-01  0.3450E-01  0.5000E-03  0.5000E-03
  0.1650E-01  0.1800E-01  0.1350E-01  0.1375E-01  0.0000E+00  0.0000E+00
  0.6750E-02  0.4000E-02  0.5000E-02  0.3750E-02  0.2500E-03  0.0000E+00
  0.2150E-01  0.1925E-01  0.8000E-02  0.8750E-02  0.1250E-02  0.7500E-03
  0.2150E-01  0.2325E-01  0.2550E-01  0.3125E-01  0.5000E-03  0.5000E-03
  0.1500E-01  0.1475E-01  0.1575E-01  0.1600E-01  0.0000E+00  0.0000E+00
  0.6250E-02  0.5000E-02  0.5000E-02  0.4500E-02  0.0000E+00  0.2500E-03
  0.1500E-01  0.1750E-01  0.9000E-02  0.1450E-01  0.5000E-03  0.1250E-02
  0.1725E-01  0.2675E-01  0.3200E-01  0.3275E-01  0.2500E-03  0.5000E-03
  0.2000E-01  0.1675E-01  0.1175E-01  0.1750E-01  0.0000E+00  0.0000E+00
  0.6750E-02  0.4250E-02  0.3750E-02  0.9000E-02  0.0000E+00  0.5000E-03
  0.1975E-01  0.1475E-01  0.1100E-01  0.1075E-01  0.7500E-03  0.5000E-03
  0.1925E-01  0.2125E-01  0.3475E-01  0.3250E-01  0.0000E+00  0.2500E-03
  0.1650E-01  0.1500E-01  0.1250E-01  0.1300E-01  0.2500E-03  0.0000E+00
 Events:
          30          27          21          23           1           0
          69          84          29          41           1           8
          92          81         126         138           2           2
          66          72          54          55           0           0
          27          16          20          15           1           0
          86          77          32          35           5           3
          86          93         102         125           2           2
          60          59          63          64           0           0
          25          20          20          18           0           1
          60          70          36          58           2           5
          69         107         128         131           1           2
          80          67          47          70           0           0
          27          17          15          36           0           2
          79          59          44          43           3           2
          77          85         139         130           0           1
          66          60          50          52           1           0
 Accuracy:    0.270   0.100   0.290   0.864
 Found           91  events.
 Wrote            3  events.
 Actual xsec    8.9524684994320943E-013
 Correct abs xsec    8.9524684994320943E-013
 Event xsec    8.9524684994320953E-013
 Events wgts > 1:            1
 % Cross section > 1:    5.5612247667699325E-020   6.2119456406048367E-006
 Iteration  4   Mean: 0.4515E-11 Abs mean: 0.4515E-11   Fluctuation:  0.396E-11   0.316E-07    57.8%
  4    0.4515E-11 0.4515E-11 +- 0.3955E-11     78.35
 Relative summed weights:
  0.1167E-02  0.3082E-04  0.3513E-04  0.8874E-04  0.0000E+00  0.1393E-06
  0.2398E-02  0.1243E-01  0.3711E-03  0.1714E-02  0.1618E-08  0.5168E-04
  0.1390E-01  0.1208E-02  0.1976E-02  0.1843E-02  0.4517E-06  0.5885E-05
  0.2098E-03  0.7446E-03  0.1274E-03  0.1811E-02  0.4557E-10  0.4373E-08
  0.2670E-02  0.1179E-03  0.2241E-02  0.2943E-04  0.1150E-04  0.5413E-11
  0.3083E-02  0.4021E-02  0.1984E-02  0.2448E-01  0.5620E-06  0.7606E-06
  0.5923E-03  0.5409E-03  0.2220E-02  0.3203E-02  0.3703E-07  0.1964E-05
  0.6454E-04  0.3750E-03  0.9960E-04  0.8801E-04  0.5033E-06  0.0000E+00
  0.2022E-03  0.1205E-03  0.2869E-04  0.1680E-03  0.0000E+00  0.0000E+00
  0.1535E-02  0.8799E-03  0.8126E-03  0.1269E-02  0.1749E-10  0.7662E-06
  0.3735E-03  0.1103E-02  0.9711E-03  0.1369E-02  0.1109E-04  0.0000E+00
  0.4263E-02  0.1527E-03  0.8758E+00  0.1109E-03  0.5193E-03  0.0000E+00
  0.1075E-03  0.4311E-04  0.5533E-02  0.4504E-03  0.5367E-02  0.0000E+00
  0.9589E-03  0.9189E-03  0.5714E-03  0.1126E-02  0.1140E-05  0.5900E-05
  0.1252E-02  0.3308E-02  0.2681E-02  0.5721E-03  0.3416E-05  0.1669E-05
  0.4710E-03  0.4425E-04  0.4318E-03  0.5549E-03  0.0000E+00  0.3270E-08
 Relative number of events:
  0.7875E-02  0.6375E-02  0.6000E-02  0.4625E-02  0.0000E+00  0.3750E-03
  0.1937E-01  0.1912E-01  0.8375E-02  0.9750E-02  0.2500E-03  0.6250E-03
  0.2025E-01  0.2175E-01  0.2725E-01  0.2775E-01  0.2500E-03  0.5000E-03
  0.1787E-01  0.1625E-01  0.1700E-01  0.1438E-01  0.2500E-03  0.2500E-03
  0.7125E-02  0.7500E-02  0.4500E-02  0.4500E-02  0.2500E-03  0.2500E-03
  0.1650E-01  0.1988E-01  0.9125E-02  0.1038E-01  0.1000E-02  0.1125E-02
  0.2050E-01  0.2275E-01  0.3000E-01  0.3525E-01  0.6250E-03  0.6250E-03
  0.1688E-01  0.1512E-01  0.1425E-01  0.1525E-01  0.1250E-03  0.0000E+00
  0.7500E-02  0.6250E-02  0.4125E-02  0.4375E-02  0.0000E+00  0.0000E+00
  0.2000E-01  0.1650E-01  0.8375E-02  0.1000E-01  0.2500E-03  0.1250E-02
  0.2088E-01  0.2262E-01  0.2712E-01  0.3350E-01  0.3750E-03  0.0000E+00
  0.1713E-01  0.1588E-01  0.1550E-01  0.1188E-01  0.2500E-03  0.0000E+00
  0.7750E-02  0.5625E-02  0.5750E-02  0.5125E-02  0.3750E-03  0.0000E+00
  0.1825E-01  0.1887E-01  0.9500E-02  0.8250E-02  0.3750E-03  0.1500E-02
  0.2262E-01  0.2413E-01  0.3138E-01  0.3138E-01  0.5000E-03  0.3750E-03
  0.1700E-01  0.1625E-01  0.1425E-01  0.1688E-01  0.0000E+00  0.1250E-03
 Events:
          63          51          48          37           0           3
         155         153          67          78           2           5
         162         174         218         222           2           4
         143         130         136         115           2           2
          57          60          36          36           2           2
         132         159          73          83           8           9
         164         182         240         282           5           5
         135         121         114         122           1           0
          60          50          33          35           0           0
         160         132          67          80           2          10
         167         181         217         268           3           0
         137         127         124          95           2           0
          62          45          46          41           3           0
         146         151          76          66           3          12
         181         193         251         251           4           3
         136         130         114         135           0           1
 Accuracy:    0.520   0.100   0.275   3.561
 Found          281  events.
 Wrote            1  events.
 Actual xsec    1.1983098968424017E-012
 Correct abs xsec    1.1983098968424017E-012
 Event xsec    1.1983098968424017E-012
 Events wgts > 1:            0
 % Cross section > 1:    0.0000000000000000        0.0000000000000000     
 Iteration  5   Mean: 0.1941E-11 Abs mean: 0.1941E-11   Fluctuation:  0.545E-12   0.489E-08    54.7%
  5    0.1941E-11 0.1941E-11 +- 0.5449E-12     35.51
 Relative summed weights:
  0.4227E-02  0.1372E+00  0.1048E-03  0.2716E-02  0.3236E-05  0.2757E-04
  0.2015E-01  0.1974E-02  0.9335E-03  0.9990E-03  0.6622E-06  0.9618E-06
  0.8451E-01  0.3074E-02  0.7218E-02  0.3801E-02  0.5387E-05  0.2573E-04
  0.5233E-03  0.1245E-02  0.2171E-02  0.2455E-03  0.2957E-04  0.1198E-06
  0.6292E-03  0.6066E-03  0.1235E-02  0.8271E-04  0.2346E-05  0.1315E-07
  0.1188E-02  0.8379E-02  0.1496E-01  0.7372E-03  0.3662E-05  0.5181E-06
  0.6526E-02  0.2680E-01  0.1612E+00  0.2248E-02  0.5104E-07  0.1149E-08
  0.3072E-03  0.1175E-01  0.5795E-03  0.1317E-02  0.2425E-08  0.3583E-06
  0.1005E-03  0.6817E-01  0.5953E-04  0.2004E-02  0.4022E-06  0.0000E+00
  0.1277E-02  0.1042E+00  0.7845E-02  0.2690E-01  0.1531E-04  0.6104E-06
  0.2402E-02  0.2838E-01  0.6013E-02  0.2441E-02  0.8734E-04  0.3435E-05
  0.5172E-02  0.2807E-03  0.1654E-03  0.2558E-03  0.0000E+00  0.5817E-10
  0.4250E-02  0.1621E-02  0.1519E-03  0.3026E-02  0.0000E+00  0.3608E-08
  0.1184E-01  0.9820E-01  0.2668E-02  0.3360E-01  0.1423E-05  0.2341E-07
  0.9580E-02  0.6421E-02  0.2378E-01  0.3392E-01  0.5660E-05  0.3619E-06
  0.9834E-03  0.3605E-02  0.1467E-03  0.7094E-03  0.1155E-09  0.1227E-07
 Relative number of events:
  0.5812E-02  0.7250E-02  0.4750E-02  0.4687E-02  0.6250E-04  0.1250E-03
  0.2337E-01  0.1900E-01  0.9062E-02  0.8625E-02  0.6875E-03  0.7500E-03
  0.2413E-01  0.2319E-01  0.3075E-01  0.3200E-01  0.2500E-03  0.3750E-03
  0.1581E-01  0.1825E-01  0.1512E-01  0.1406E-01  0.2500E-03  0.3125E-03
  0.6437E-02  0.8063E-02  0.5562E-02  0.5437E-02  0.1875E-03  0.1250E-03
  0.2181E-01  0.2094E-01  0.8875E-02  0.1063E-01  0.4375E-03  0.5000E-03
  0.1975E-01  0.2431E-01  0.2869E-01  0.3094E-01  0.3750E-03  0.1250E-03
  0.1688E-01  0.1812E-01  0.1444E-01  0.1325E-01  0.6250E-04  0.1250E-03
  0.5625E-02  0.6625E-02  0.4812E-02  0.4375E-02  0.1250E-03  0.0000E+00
  0.1825E-01  0.2056E-01  0.8000E-02  0.8000E-02  0.5625E-03  0.4375E-03
  0.2269E-01  0.2056E-01  0.3081E-01  0.2969E-01  0.1875E-03  0.1875E-03
  0.1862E-01  0.1837E-01  0.1162E-01  0.1400E-01  0.0000E+00  0.6250E-04
  0.6313E-02  0.6375E-02  0.5562E-02  0.5687E-02  0.0000E+00  0.6250E-04
  0.1969E-01  0.1981E-01  0.8250E-02  0.8313E-02  0.7500E-03  0.6250E-03
  0.2044E-01  0.2225E-01  0.2775E-01  0.2831E-01  0.2500E-03  0.5625E-03
  0.1725E-01  0.1537E-01  0.1344E-01  0.1381E-01  0.6250E-04  0.1250E-03
 Events:
          93         116          76          75           1           2
         374         304         145         138          11          12
         386         371         492         512           4           6
         253         292         242         225           4           5
         103         129          89          87           3           2
         349         335         142         170           7           8
         316         389         459         495           6           2
         270         290         231         212           1           2
          90         106          77          70           2           0
         292         329         128         128           9           7
         363         329         493         475           3           3
         298         294         186         224           0           1
         101         102          89          91           0           1
         315         317         132         133          12          10
         327         356         444         453           4           9
         276         246         215         221           1           2
 Accuracy:    0.275   0.100   0.197   1.960
 Found          144  events.
 Wrote            7  events.
 Actual xsec    1.7969512496319267E-012
 Correct abs xsec    1.7969512496319267E-012
 Event xsec    1.7969512496319269E-012
 Events wgts > 1:            0
 % Cross section > 1:    0.0000000000000000        0.0000000000000000     

 -------------------------------------------------------------------------------
 Accumulated results:   Integral =  0.1590E-11
                        Std dev  =  0.3127E-12
                       Cross sec =  0.1590E-11
             Chi**2 per DoF.     =      1.9601
 -------------------------------------------------------------------------------
-------------------------------------------------
---------------------------
 Results Last   3 iters: Integral =   0.1797E-11
                     Abs integral =   0.1797E-11
                          Std dev =   0.4201E-12
                  Chi**2 per DoF. =     11.2565
-------------------------------------------------
---------------------------
 Status  0.10000000000000001                6           5

ls status:
events.lhe
ftn26
input_app.txt
results.dat
run1_app.log
