 Process in group number            1
 A PDF is used, so alpha_s(MZ) is going to be modified
 Old value of alpha_s from param_card:   0.11839999999999999     
  ****************************************
 
       NNPDFDriver version 1.0.3
   Grid: NNPDF23_lo_as_0130_qed_mem0.grid
  ****************************************
 New value of alpha_s from PDF nn23lo1:  0.13000000000000000     
 Define smin to   1600.0000000000000     
 Define smin to   1600.0000000000000     
 Define smin to   1600.0000000000000     
 *****************************************************
 *               MadGraph/MadEvent                   *
 *        --------------------------------           *
 *          http://madgraph.hep.uiuc.edu             *
 *          http://madgraph.phys.ucl.ac.be           *
 *          http://madgraph.roma2.infn.it            *
 *        --------------------------------           *
 *                                                   *
 *          PARAMETER AND COUPLING VALUES            *
 *                                                   *
 *****************************************************

  External Params
  ---------------------------------
  
 mdl_VeN1 =    1.0000000000000000     
 mdl_VeN2 =    0.0000000000000000     
 mdl_VeN3 =    0.0000000000000000     
 mdl_VmuN1 =    0.0000000000000000     
 mdl_VmuN2 =    1.0000000000000000     
 mdl_VmuN3 =    0.0000000000000000     
 mdl_VtaN1 =    0.0000000000000000     
 mdl_VtaN2 =    0.0000000000000000     
 mdl_VtaN3 =    1.0000000000000000     
 mdl_VN1N1 =    1.0000000000000000     
 mdl_VN1N2 =    1.0000000000000000     
 mdl_VN1N3 =    1.0000000000000000     
 mdl_VN2N2 =    1.0000000000000000     
 mdl_VN2N3 =    1.0000000000000000     
 mdl_VN3N3 =    1.0000000000000000     
 aEWM1 =    127.90000000000001     
 mdl_Gf =    1.1663700000000000E-005
 aS =   0.11839999999999999     
 mdl_ymt =    172.00000000000000     
 mdl_vevf =    50.000000000000000     
 mdl_MZ =    91.187600000000003     
 mdl_MT =    172.00000000000000     
 mdl_MH =    125.00000000000000     
 mdl_mN1 =    510.00000000000000     
 mdl_mN2 =    610.00000000000000     
 mdl_mN3 =    710.00000000000000     
 mdl_MJ =    91.187600000000003     
 mdl_MAx =    173.04800000000000     
 mdl_WZ =    2.4952000000000001     
 mdl_WW =    2.0850000000000000     
 mdl_WT =    1.5083359999999999     
 mdl_WH =    4.0699999999999998E-003
 mdl_WN1 =   0.30299999999999999     
 mdl_WN2 =    1.5000000000000000     
 mdl_WN3 =    12.300000000000001     
 mdl_WJ =    2.4952000000000001     
 mdl_WAx =    4.1700000000000001E-003
  Internal Params
  ---------------------------------
  
 mdl_vevf__exp__2 =    2500.0000000000000     
 mdl_sqrt__vevf__exp__2 =    50.000000000000000     
 mdl_muJ =    50.000000000000000     
 mdl_MZ__exp__2 =    8315.1783937600012     
 mdl_MZ__exp__4 =    69142191.720053151     
 mdl_sqrt__2 =    1.4142135623730951     
 mdl_MJ__exp__2 =    8315.1783937600012     
 mdl_muJ__exp__2 =    2500.0000000000000     
 mdl_lamJ =    4.3260713575040004     
 mdl_MH__exp__2 =    15625.000000000000     
 mdl_complexi =  (  0.0000000000000000     ,  1.0000000000000000     )
 mdl_aEW =    7.8186082877247844E-003
 mdl_MW =    79.824359746197842     
 mdl_sqrt__aEW =    8.8422894590285753E-002
 mdl_ee =   0.31345100004952897     
 mdl_MW__exp__2 =    6371.9284088904105     
 mdl_sw2 =   0.23369913342182447     
 mdl_cw =   0.87538612427783857     
 mdl_sqrt__sw2 =   0.48342438232036300     
 mdl_sw =   0.48342438232036300     
 mdl_g1 =   0.35807170271074895     
 mdl_gN =   0.64839716719502682     
 mdl_gw =   0.64839716719502682     
 mdl_vev =    246.22056907348590     
 mdl_vev__exp__2 =    60624.568634871241     
 mdl_lam =   0.12886689630821144     
 mdl_yt =   0.98791394091683138     
 mdl_muH =    88.388347648318444     
 mdl_I2a33 =  ( 0.98791394091683138     ,  0.0000000000000000     )
 mdl_I3a33 =  ( 0.98791394091683138     ,  0.0000000000000000     )
 mdl_ee__exp__2 =    9.8251529432049817E-002
 mdl_sw__exp__2 =   0.23369913342182450     
 mdl_cw__exp__2 =   0.76630086657817542     
  Internal Params evaluated point by point
  ----------------------------------------
  
 mdl_sqrt__aS =   0.34409301068170506     
 mdl_G__exp__2 =    1.4878582807401259     
  Couplings of SM_HeavyN_UFO
  ---------------------------------
  
         GC_1 =  -0.00000E+00  -0.10448E+00
         GC_2 =   0.00000E+00   0.20897E+00
         GC_3 =  -0.00000E+00  -0.31345E+00
         GC_4 =   0.00000E+00   0.31345E+00
        GC_26 =   0.00000E+00   0.45849E+00
        GC_27 =  -0.00000E+00  -0.28380E+00
        GC_28 =   0.00000E+00   0.28380E+00
        GC_30 =   0.00000E+00   0.56760E+00
        GC_35 =  -0.00000E+00  -0.28850E-01
        GC_37 =   0.00000E+00   0.17310E+00
        GC_39 =   0.00000E+00  -0.19725E+00
        GC_40 =   0.00000E+00   0.37035E+00
        GC_80 =   0.00000E+00   0.67543E+02
       GC_107 =  -0.00000E+00  -0.74070E+00
       GC_109 =  -0.00000E+00  -0.74070E+00
       GC_111 =  -0.00000E+00  -0.74070E+00
       GC_113 =  -0.00000E+00  -0.74070E+00
       GC_115 =  -0.00000E+00  -0.74070E+00
       GC_117 =  -0.00000E+00  -0.74070E+00
       GC_119 =   0.00000E+00   0.00000E+00
       GC_120 =   0.00000E+00   0.00000E+00
       GC_122 =  -0.00000E+00  -0.00000E+00
       GC_126 =   0.00000E+00   0.00000E+00
       GC_127 =   0.00000E+00   0.00000E+00
       GC_129 =  -0.00000E+00  -0.00000E+00
       GC_133 =   0.00000E+00   0.45849E+00
       GC_134 =   0.00000E+00   0.37035E+00
       GC_136 =  -0.00000E+00  -0.28836E+01
        GC_81 =   0.10200E+02   0.00000E+00
        GC_82 =   0.12200E+02   0.00000E+00
        GC_83 =   0.14200E+02   0.00000E+00

 Collider parameters:
 --------------------

 Running at P P   machine @    13000.000000000000       GeV
 PDF set = nn23lo1
 alpha_s(Mz)= 0.1300 running at 2 loops.
 alpha_s(Mz)= 0.1300 running at 2 loops.
 Renormalization scale set on event-by-event basis
 Factorization   scale set on event-by-event basis


 getting user params
Enter number of events and max and min iterations: 
 Number of events and iterations         1000           5           3
Enter desired fractional accuracy: 
 Desired fractional accuracy:   0.10000000000000001     
Enter 0 for fixed, 2 for adjustable grid: 
Suppress amplitude (0 no, 1 yes)? 
 Using suppressed amplitude.
Exact helicity sum (0 yes, n = number/event)? 
 Explicitly summing over helicities
Enter Configuration Number: 
Running Configuration Number:  159
 Using dconfig=         715
 BW Setting            1           1           1           2           2           2           0
 Attempting mappinvarients           1           9
 Completed mapping           9
 about to integrate           19        1000           5           3          19           1
 Using non-zero grid deformation.
 19 dimensions   1000 events 19 invarients  5 iterations  1 config(s),  (0.99)
 Using h-tuple random number sequence.
 Error opening grid
 Using Uniform Grid!          36
 Using uniform alpha   1.0000000000000000     
 Grid defined OK
 Set CM energy to      13000.00
 Mapping Graph         159  to config         159
 Setting BW          -1           1   91.187600000000003     
 Setting BW          -2           2   710.00000000000000     
 Setting BW          -3           3   710.00000000000000     
Setting grid   4    0.32375E-02   1
Setting grid   5    0.75740E-07   1
Setting grid   6    0.32689E-02   1
 Transforming s_hat 1/s           18   3.4149423052885213E-003   1600.0000000000000        168999999.99999997     
 159   1   2   3   4   5   6   7   8   9  10  11  12  13  14
  15  16  17  18  19
 Masses: 0.000E+00 0.000E+00 0.000E+00 0.000E+00 0.000E+00 0.000E+00 0.000E+00 0.000E+00 0.912E+02
Using random seed offsets   159 :      1
  with seed                   24
 Ranmar initialization seeds       31217        9398
 
 ********************************************
 * You are using the DiscreteSampler module *
 *      part of the MG5_aMC framework       *
 *         Author: Valentin Hirschi         *
 ********************************************
 
  Particle       3       4       5       6       7       8       9
      Et >    10.0    10.0    10.0    10.0     0.0     0.0     0.0
       E >     0.0     0.0     0.0     0.0     0.0     0.0     0.0
     Eta <     2.5     2.5     2.5     2.5    -1.0    -1.0    -1.0
   xqcut:      0.0     0.0     0.0     0.0     0.0     0.0     0.0
d R # 3  >    -0.0     0.4     0.4     0.4     0.0     0.0     0.0
d R # 4  >    -0.0    -0.0     0.4     0.4     0.0     0.0     0.0
d R # 5  >    -0.0    -0.0    -0.0     0.4     0.0     0.0     0.0
d R # 6  >    -0.0    -0.0    -0.0    -0.0     0.0     0.0     0.0
d R # 7  >    -0.0    -0.0    -0.0    -0.0    -0.0     0.0     0.0
d R # 8  >    -0.0    -0.0    -0.0    -0.0    -0.0    -0.0     0.0
s min # 3>     0.0     0.0     0.0     0.0     0.0     0.0     0.0
s min # 4>     0.0     0.0     0.0     0.0     0.0     0.0     0.0
s min # 5>     0.0     0.0     0.0     0.0     0.0     0.0     0.0
s min # 6>     0.0     0.0     0.0     0.0     0.0     0.0     0.0
s min # 7>     0.0     0.0     0.0     0.0     0.0     0.0     0.0
s min # 8>     0.0     0.0     0.0     0.0     0.0     0.0     0.0
xqcutij # 3>     0.0     0.0     0.0     0.0     0.0     0.0     0.0
xqcutij # 4>     0.0     0.0     0.0     0.0     0.0     0.0     0.0
xqcutij # 5>     0.0     0.0     0.0     0.0     0.0     0.0     0.0
xqcutij # 6>     0.0     0.0     0.0     0.0     0.0     0.0     0.0
xqcutij # 7>     0.0     0.0     0.0     0.0     0.0     0.0     0.0
xqcutij # 8>     0.0     0.0     0.0     0.0     0.0     0.0     0.0
 Requiring BW           -1           1
 Requiring BW           -2           2
 Requiring BW           -3           3
 Excluding BW           -4           4
 Excluding BW           -5           5
 Excluding BW           -6           6
 alpha_s for scale    782.35524913644758       is    9.5859140871609225E-002
 Added good helicity            1   27.615171528022753       in event            1 local:           1
 Added good helicity           21   16.417357800560783       in event            1 local:           1
 Added good helicity           25   1.2924850711909292E-002  in event            1 local:           1
 Added good helicity           37  0.12375040176738149       in event            1 local:           1
 Added good helicity           41   28.833297685290471       in event            1 local:           1
 Added good helicity           61   14.945265894218457       in event            1 local:           1
 Added good helicity          193   24.899914960556657       in event            1 local:           1
 Added good helicity          213   33.260523674330713       in event            1 local:           1
 Added good helicity          217   6.6980356094837670E-002  in event            1 local:           1
 Added good helicity          229  0.26751939692859839       in event            1 local:           1
 Added good helicity          233   46.963016478351619       in event            1 local:           1
 Added good helicity          253   62.594276973165762       in event            1 local:           1
 Added good helicity            1   27.615171527997017       in event            1 local:           1
 Added good helicity           21   16.417357800553628       in event            1 local:           1
 Added good helicity           25   1.2924850711911748E-002  in event            1 local:           1
 Added good helicity           37  0.12375040176740081       in event            1 local:           1
 Added good helicity           41   28.833297685308946       in event            1 local:           1
 Added good helicity           61   14.945265894228159       in event            1 local:           1
 Added good helicity          193   24.899914960526512       in event            1 local:           1
 Added good helicity          213   33.260523674304437       in event            1 local:           1
 Added good helicity          217   6.6980356094850008E-002  in event            1 local:           1
 Added good helicity          229  0.26751939692861670       in event            1 local:           1
 Added good helicity          233   46.963016478377270       in event            1 local:           1
 Added good helicity          253   62.594276973201218       in event            1 local:           1
 RESET CUMULATIVE VARIABLE
 RESET CUMULATIVE VARIABLE
 RESET CUMULATIVE VARIABLE
 Iteration  1   Mean: 0.6583E-16 Abs mean: 0.6583E-16   Fluctuation:  0.408E-16   0.997E-14     0.1%
  1    0.6583E-16 0.6583E-16 +- 0.4080E-16      9.94
 Writing out events   2.6331236020847429E-018   9.9372763417183361     
 Relative summed weights:
  0.8788E-04  0.1081E-03  0.8813E-02  0.2340E-02  0.0000E+00  0.0000E+00
  0.2168E-01  0.2316E-02  0.2719E-03  0.5015E-04  0.0000E+00  0.0000E+00
  0.9004E-04  0.1635E+00  0.1159E-03  0.2854E-03  0.1028E-09  0.0000E+00
  0.5884E+00  0.5387E-02  0.9425E-03  0.3209E-02  0.0000E+00  0.0000E+00
  0.4918E-03  0.8362E-03  0.1574E-02  0.1196E-04  0.0000E+00  0.0000E+00
  0.2127E-01  0.4660E-03  0.2786E-01  0.1637E-02  0.5535E-05  0.0000E+00
  0.8459E-03  0.5582E-03  0.4808E-01  0.1032E-01  0.0000E+00  0.0000E+00
  0.2237E-04  0.1301E-03  0.9545E-03  0.7707E-01  0.0000E+00  0.1029E-01
 Relative number of events:
  0.7519E-02  0.3759E-02  0.1880E-01  0.4135E-01  0.0000E+00  0.0000E+00
  0.3759E-01  0.5263E-01  0.1880E-01  0.3008E-01  0.0000E+00  0.0000E+00
  0.3759E-02  0.1504E-01  0.3383E-01  0.2632E-01  0.7519E-02  0.0000E+00
  0.5639E-01  0.5639E-01  0.3383E-01  0.3759E-01  0.0000E+00  0.0000E+00
  0.7519E-02  0.2632E-01  0.3759E-01  0.3008E-01  0.0000E+00  0.0000E+00
  0.5639E-01  0.3008E-01  0.3759E-01  0.5639E-01  0.3759E-02  0.0000E+00
  0.2632E-01  0.1880E-01  0.2632E-01  0.3383E-01  0.0000E+00  0.0000E+00
  0.1880E-01  0.4887E-01  0.3008E-01  0.2632E-01  0.0000E+00  0.3759E-02
 Events:
           2           1           5          11           0           0
          10          14           5           8           0           0
           1           4           9           7           2           0
          15          15           9          10           0           0
           2           7          10           8           0           0
          15           8          10          15           1           0
           7           5           7           9           0           0
           5          13           8           7           0           1
 Iteration  2   Mean: 0.3054E-16 Abs mean: 0.3054E-16   Fluctuation:  0.680E-17   0.773E-14    14.6%
  2    0.3054E-16 0.3054E-16 +- 0.6803E-17      9.96
 Relative summed weights:
  0.5959E-02  0.5554E-01  0.1092E-01  0.2576E-02  0.4870E-04  0.7499E-06
  0.1442E-02  0.1621E-01  0.5003E-01  0.2320E+00  0.4087E-05  0.1551E-02
  0.7805E-03  0.3148E-01  0.4824E-02  0.1342E+00  0.1252E-04  0.0000E+00
  0.2462E-02  0.2065E-01  0.7559E-01  0.5221E-01  0.1180E-04  0.1178E-04
  0.1365E-02  0.8415E-02  0.1452E-02  0.1272E-01  0.2692E-01  0.1317E-06
  0.2002E-01  0.2285E-01  0.4525E-01  0.2786E-01  0.4922E-05  0.5722E-05
  0.2050E-02  0.6612E-02  0.7789E-02  0.3526E-01  0.1000E-01  0.1191E-04
  0.5402E-02  0.3800E-01  0.1609E-01  0.1330E-01  0.8660E-04  0.3966E-04
 Relative number of events:
  0.2050E-01  0.1500E-01  0.2550E-01  0.2750E-01  0.1500E-02  0.2000E-02
  0.3900E-01  0.3650E-01  0.3350E-01  0.3650E-01  0.3500E-02  0.4000E-02
  0.1400E-01  0.1200E-01  0.3150E-01  0.2950E-01  0.5000E-03  0.0000E+00
  0.3850E-01  0.3950E-01  0.4400E-01  0.3600E-01  0.3000E-02  0.3000E-02
  0.1750E-01  0.1200E-01  0.2650E-01  0.2550E-01  0.2000E-02  0.5000E-03
  0.3800E-01  0.3700E-01  0.4050E-01  0.3450E-01  0.4500E-02  0.2500E-02
  0.1700E-01  0.1500E-01  0.3050E-01  0.2900E-01  0.3000E-02  0.2500E-02
  0.4050E-01  0.3750E-01  0.4000E-01  0.4050E-01  0.3500E-02  0.3500E-02
 Events:
          41          30          51          55           3           4
          78          73          67          73           7           8
          28          24          63          59           1           0
          77          79          88          72           6           6
          35          24          53          51           4           1
          76          74          81          69           9           5
          34          30          61          58           6           5
          81          75          80          81           7           7
 Iteration  3   Mean: 0.6813E-16 Abs mean: 0.6813E-16   Fluctuation:  0.118E-16   0.292E-13    47.4%
  3    0.6813E-16 0.6813E-16 +- 0.1179E-16     10.94
 Relative summed weights:
  0.2861E-02  0.3363E-02  0.4535E-01  0.6966E-02  0.1671E-04  0.8762E-04
  0.1171E-01  0.3417E-01  0.5428E-01  0.3876E-01  0.4257E-05  0.1550E-03
  0.5391E-01  0.4013E-01  0.8291E-02  0.5592E-02  0.1668E-02  0.1589E-04
  0.7051E-01  0.4605E-01  0.1395E-01  0.1547E-01  0.2165E-03  0.4857E-04
  0.4836E-01  0.1151E-01  0.6156E-02  0.1633E-01  0.7680E-06  0.7158E-06
  0.6819E-01  0.6079E-02  0.7224E-02  0.4174E-01  0.8053E-04  0.1993E-03
  0.1824E-01  0.1141E+00  0.1352E-01  0.1840E-01  0.6199E-07  0.2760E-04
  0.7462E-01  0.5807E-01  0.7602E-02  0.3564E-01  0.1447E-03  0.1366E-03
 Relative number of events:
  0.1700E-01  0.1825E-01  0.2200E-01  0.2475E-01  0.1000E-02  0.1750E-02
  0.4225E-01  0.4325E-01  0.3650E-01  0.3300E-01  0.7500E-03  0.2750E-02
  0.1925E-01  0.1800E-01  0.2800E-01  0.2725E-01  0.5000E-03  0.7500E-03
  0.4550E-01  0.4325E-01  0.3475E-01  0.3625E-01  0.2250E-02  0.3250E-02
  0.1775E-01  0.1500E-01  0.2775E-01  0.2575E-01  0.7500E-03  0.1000E-02
  0.4225E-01  0.3525E-01  0.3975E-01  0.3425E-01  0.3250E-02  0.1750E-02
  0.1600E-01  0.1350E-01  0.2525E-01  0.3400E-01  0.7500E-03  0.1750E-02
  0.3675E-01  0.4000E-01  0.4050E-01  0.3900E-01  0.2000E-02  0.3750E-02
 Events:
          68          73          88          99           4           7
         169         173         146         132           3          11
          77          72         112         109           2           3
         182         173         139         145           9          13
          71          60         111         103           3           4
         169         141         159         137          13           7
          64          54         101         136           3           7
         147         160         162         156           8          15
 Accuracy:    0.233   0.100   0.133   3.045
 Found          319  events.
 Wrote           11  events.
 Actual xsec    5.4531327715203347E-017
 Correct abs xsec    5.4531327715203347E-017
 Event xsec    5.4531327715203372E-017
 Events wgts > 1:            0
 % Cross section > 1:    0.0000000000000000        0.0000000000000000     
 Iteration  4   Mean: 0.1096E-15 Abs mean: 0.1096E-15   Fluctuation:  0.191E-16   0.114E-12    50.7%
  4    0.1096E-15 0.1096E-15 +- 0.1909E-16     15.58
 Relative summed weights:
  0.7221E-02  0.4753E-01  0.1206E-01  0.1271E-01  0.2228E-04  0.3132E-04
  0.2050E-01  0.9800E-02  0.1193E-01  0.1392E-01  0.2120E-04  0.8322E-04
  0.3977E-01  0.2516E-01  0.1959E+00  0.5050E-01  0.9996E-05  0.3708E-06
  0.3283E-01  0.4806E-01  0.7471E-01  0.1529E-01  0.7290E-04  0.1808E-03
  0.1349E-01  0.4168E-02  0.1610E-01  0.1607E-01  0.2122E-03  0.1254E-02
  0.7687E-01  0.1825E-01  0.3781E-01  0.1677E-01  0.1458E-02  0.1487E-03
  0.5843E-02  0.3344E-01  0.2428E-01  0.3094E-01  0.1245E-03  0.5692E-06
  0.2725E-01  0.1653E-01  0.1106E-01  0.2857E-01  0.9203E-04  0.9391E-03
 Relative number of events:
  0.1675E-01  0.1575E-01  0.2950E-01  0.2725E-01  0.1000E-02  0.1500E-02
  0.4213E-01  0.3975E-01  0.3650E-01  0.3513E-01  0.1125E-02  0.2625E-02
  0.1675E-01  0.1613E-01  0.2375E-01  0.2600E-01  0.1250E-02  0.3750E-03
  0.4612E-01  0.4825E-01  0.3800E-01  0.3488E-01  0.2500E-02  0.2250E-02
  0.1613E-01  0.1500E-01  0.2975E-01  0.2788E-01  0.1500E-02  0.1250E-02
  0.4163E-01  0.4450E-01  0.3637E-01  0.3475E-01  0.2375E-02  0.2125E-02
  0.1500E-01  0.1475E-01  0.2637E-01  0.2850E-01  0.1000E-02  0.3750E-03
  0.4250E-01  0.4188E-01  0.3338E-01  0.3313E-01  0.2000E-02  0.2625E-02
 Events:
         134         126         236         218           8          12
         337         318         292         281           9          21
         134         129         190         208          10           3
         369         386         304         279          20          18
         129         120         238         223          12          10
         333         356         291         278          19          17
         120         118         211         228           8           3
         340         335         267         265          16          21
 Accuracy:    0.232   0.100   0.106   4.816
 Found          570  events.
 Wrote            8  events.
 Actual xsec    7.5167544689634875E-017
 Correct abs xsec    7.5167544689634875E-017
 Event xsec    7.5167544689634875E-017
 Events wgts > 1:            0
 % Cross section > 1:    0.0000000000000000        0.0000000000000000     
 Iteration  5   Mean: 0.1244E-15 Abs mean: 0.1244E-15   Fluctuation:  0.158E-16   0.165E-12    53.0%
  5    0.1244E-15 0.1244E-15 +- 0.1576E-16     16.02
 Relative summed weights:
  0.2118E-01  0.3665E-01  0.1521E-01  0.2881E-01  0.1343E-04  0.4796E-03
  0.1970E-01  0.2240E-01  0.3608E-01  0.2156E-01  0.4393E-03  0.2123E-02
  0.1304E+00  0.5242E-01  0.1263E-01  0.2926E-01  0.7876E-03  0.5568E-02
  0.7193E-01  0.2807E-01  0.2247E-01  0.2184E-01  0.1628E-03  0.2843E-03
  0.2077E-01  0.1364E-01  0.3448E-01  0.1601E-01  0.9650E-04  0.1546E-03
  0.2044E-01  0.2354E-01  0.1900E-01  0.2169E-01  0.8431E-04  0.7632E-03
  0.2846E-01  0.2602E-01  0.1794E-01  0.3789E-01  0.1772E-02  0.1205E-03
  0.8028E-01  0.2178E-01  0.2124E-01  0.1278E-01  0.5898E-04  0.5119E-03
 Relative number of events:
  0.1756E-01  0.1638E-01  0.2756E-01  0.2644E-01  0.5000E-03  0.1125E-02
  0.4319E-01  0.4300E-01  0.3631E-01  0.3737E-01  0.1687E-02  0.2000E-02
  0.1881E-01  0.1713E-01  0.2662E-01  0.2675E-01  0.9375E-03  0.6875E-03
  0.4200E-01  0.4288E-01  0.3625E-01  0.3544E-01  0.1813E-02  0.2000E-02
  0.1600E-01  0.1781E-01  0.2831E-01  0.2606E-01  0.9375E-03  0.9375E-03
  0.4306E-01  0.4219E-01  0.3662E-01  0.3300E-01  0.2188E-02  0.2312E-02
  0.1644E-01  0.1694E-01  0.2544E-01  0.2413E-01  0.1063E-02  0.8125E-03
  0.4094E-01  0.4519E-01  0.3531E-01  0.3562E-01  0.2250E-02  0.2000E-02
 Events:
         281         262         441         423           8          18
         691         688         581         598          27          32
         301         274         426         428          15          11
         672         686         580         567          29          32
         256         285         453         417          15          15
         689         675         586         528          35          37
         263         271         407         386          17          13
         655         723         565         570          36          32
 Accuracy:    0.176   0.100   0.081   4.706
 Found         1141  events.
 Wrote           14  events.
 Actual xsec    1.0598599118073926E-016
 Correct abs xsec    1.0598599118073926E-016
 Event xsec    1.0598599118073926E-016
 Events wgts > 1:            0
 % Cross section > 1:    0.0000000000000000        0.0000000000000000     

 -------------------------------------------------------------------------------
 Accumulated results:   Integral =  0.9525E-16
                        Std dev  =  0.7741E-17
                       Cross sec =  0.9525E-16
             Chi**2 per DoF.     =      4.7065
 -------------------------------------------------------------------------------
-------------------------------------------------
---------------------------
 Results Last   3 iters: Integral =   0.1060E-15
                     Abs integral =   0.1060E-15
                          Std dev =   0.9344E-17
                  Chi**2 per DoF. =      5.8527
-------------------------------------------------
---------------------------
 Status  0.10000000000000001                6           5

ls status:
events.lhe
ftn26
input_app.txt
results.dat
run1_app.log
