 Process in group number            1
 A PDF is used, so alpha_s(MZ) is going to be modified
 Old value of alpha_s from param_card:   0.11839999999999999     
  ****************************************
 
       NNPDFDriver version 1.0.3
   Grid: NNPDF23_lo_as_0130_qed_mem0.grid
  ****************************************
 New value of alpha_s from PDF nn23lo1:  0.13000000000000000     
 Define smin to   1600.0000000000000     
 Define smin to   1600.0000000000000     
 Define smin to   1600.0000000000000     
 *****************************************************
 *               MadGraph/MadEvent                   *
 *        --------------------------------           *
 *          http://madgraph.hep.uiuc.edu             *
 *          http://madgraph.phys.ucl.ac.be           *
 *          http://madgraph.roma2.infn.it            *
 *        --------------------------------           *
 *                                                   *
 *          PARAMETER AND COUPLING VALUES            *
 *                                                   *
 *****************************************************

  External Params
  ---------------------------------
  
 mdl_VeN1 =    1.0000000000000000     
 mdl_VeN2 =    0.0000000000000000     
 mdl_VeN3 =    0.0000000000000000     
 mdl_VmuN1 =    0.0000000000000000     
 mdl_VmuN2 =    1.0000000000000000     
 mdl_VmuN3 =    0.0000000000000000     
 mdl_VtaN1 =    0.0000000000000000     
 mdl_VtaN2 =    0.0000000000000000     
 mdl_VtaN3 =    1.0000000000000000     
 mdl_VN1N1 =    1.0000000000000000     
 mdl_VN1N2 =    1.0000000000000000     
 mdl_VN1N3 =    1.0000000000000000     
 mdl_VN2N2 =    1.0000000000000000     
 mdl_VN2N3 =    1.0000000000000000     
 mdl_VN3N3 =    1.0000000000000000     
 aEWM1 =    127.90000000000001     
 mdl_Gf =    1.1663700000000000E-005
 aS =   0.11839999999999999     
 mdl_ymt =    172.00000000000000     
 mdl_vevf =    50.000000000000000     
 mdl_MZ =    91.187600000000003     
 mdl_MT =    172.00000000000000     
 mdl_MH =    125.00000000000000     
 mdl_mN1 =    510.00000000000000     
 mdl_mN2 =    610.00000000000000     
 mdl_mN3 =    710.00000000000000     
 mdl_MJ =    91.187600000000003     
 mdl_MAx =    173.04800000000000     
 mdl_WZ =    2.4952000000000001     
 mdl_WW =    2.0850000000000000     
 mdl_WT =    1.5083359999999999     
 mdl_WH =    4.0699999999999998E-003
 mdl_WN1 =   0.30299999999999999     
 mdl_WN2 =    1.5000000000000000     
 mdl_WN3 =    12.300000000000001     
 mdl_WJ =    2.4952000000000001     
 mdl_WAx =    4.1700000000000001E-003
  Internal Params
  ---------------------------------
  
 mdl_vevf__exp__2 =    2500.0000000000000     
 mdl_sqrt__vevf__exp__2 =    50.000000000000000     
 mdl_muJ =    50.000000000000000     
 mdl_MZ__exp__2 =    8315.1783937600012     
 mdl_MZ__exp__4 =    69142191.720053151     
 mdl_sqrt__2 =    1.4142135623730951     
 mdl_MJ__exp__2 =    8315.1783937600012     
 mdl_muJ__exp__2 =    2500.0000000000000     
 mdl_lamJ =    4.3260713575040004     
 mdl_MH__exp__2 =    15625.000000000000     
 mdl_complexi =  (  0.0000000000000000     ,  1.0000000000000000     )
 mdl_aEW =    7.8186082877247844E-003
 mdl_MW =    79.824359746197842     
 mdl_sqrt__aEW =    8.8422894590285753E-002
 mdl_ee =   0.31345100004952897     
 mdl_MW__exp__2 =    6371.9284088904105     
 mdl_sw2 =   0.23369913342182447     
 mdl_cw =   0.87538612427783857     
 mdl_sqrt__sw2 =   0.48342438232036300     
 mdl_sw =   0.48342438232036300     
 mdl_g1 =   0.35807170271074895     
 mdl_gN =   0.64839716719502682     
 mdl_gw =   0.64839716719502682     
 mdl_vev =    246.22056907348590     
 mdl_vev__exp__2 =    60624.568634871241     
 mdl_lam =   0.12886689630821144     
 mdl_yt =   0.98791394091683138     
 mdl_muH =    88.388347648318444     
 mdl_I2a33 =  ( 0.98791394091683138     ,  0.0000000000000000     )
 mdl_I3a33 =  ( 0.98791394091683138     ,  0.0000000000000000     )
 mdl_ee__exp__2 =    9.8251529432049817E-002
 mdl_sw__exp__2 =   0.23369913342182450     
 mdl_cw__exp__2 =   0.76630086657817542     
  Internal Params evaluated point by point
  ----------------------------------------
  
 mdl_sqrt__aS =   0.34409301068170506     
 mdl_G__exp__2 =    1.4878582807401259     
  Couplings of SM_HeavyN_UFO
  ---------------------------------
  
         GC_1 =  -0.00000E+00  -0.10448E+00
         GC_2 =   0.00000E+00   0.20897E+00
         GC_3 =  -0.00000E+00  -0.31345E+00
         GC_4 =   0.00000E+00   0.31345E+00
        GC_26 =   0.00000E+00   0.45849E+00
        GC_27 =  -0.00000E+00  -0.28380E+00
        GC_28 =   0.00000E+00   0.28380E+00
        GC_30 =   0.00000E+00   0.56760E+00
        GC_35 =  -0.00000E+00  -0.28850E-01
        GC_37 =   0.00000E+00   0.17310E+00
        GC_39 =   0.00000E+00  -0.19725E+00
        GC_40 =   0.00000E+00   0.37035E+00
        GC_80 =   0.00000E+00   0.67543E+02
       GC_107 =  -0.00000E+00  -0.74070E+00
       GC_109 =  -0.00000E+00  -0.74070E+00
       GC_111 =  -0.00000E+00  -0.74070E+00
       GC_113 =  -0.00000E+00  -0.74070E+00
       GC_115 =  -0.00000E+00  -0.74070E+00
       GC_117 =  -0.00000E+00  -0.74070E+00
       GC_119 =   0.00000E+00   0.00000E+00
       GC_120 =   0.00000E+00   0.00000E+00
       GC_122 =  -0.00000E+00  -0.00000E+00
       GC_126 =   0.00000E+00   0.00000E+00
       GC_127 =   0.00000E+00   0.00000E+00
       GC_129 =  -0.00000E+00  -0.00000E+00
       GC_133 =   0.00000E+00   0.45849E+00
       GC_134 =   0.00000E+00   0.37035E+00
       GC_136 =  -0.00000E+00  -0.28836E+01
        GC_81 =   0.10200E+02   0.00000E+00
        GC_82 =   0.12200E+02   0.00000E+00
        GC_83 =   0.14200E+02   0.00000E+00

 Collider parameters:
 --------------------

 Running at P P   machine @    13000.000000000000       GeV
 PDF set = nn23lo1
 alpha_s(Mz)= 0.1300 running at 2 loops.
 alpha_s(Mz)= 0.1300 running at 2 loops.
 Renormalization scale set on event-by-event basis
 Factorization   scale set on event-by-event basis


 getting user params
Enter number of events and max and min iterations: 
 Number of events and iterations         1000           5           3
Enter desired fractional accuracy: 
 Desired fractional accuracy:   0.10000000000000001     
Enter 0 for fixed, 2 for adjustable grid: 
Suppress amplitude (0 no, 1 yes)? 
 Using suppressed amplitude.
Exact helicity sum (0 yes, n = number/event)? 
 Explicitly summing over helicities
Enter Configuration Number: 
Running Configuration Number:  194
 Using dconfig=         610
 BW Setting            1           2           1           1           1           2           0
 Attempting mappinvarients           1           9
 Completed mapping           9
 about to integrate           19        1000           5           3          19           1
 Using non-zero grid deformation.
 19 dimensions   1000 events 19 invarients  5 iterations  1 config(s),  (0.99)
 Using h-tuple random number sequence.
 Error opening grid
 Using Uniform Grid!          36
 Using uniform alpha   1.0000000000000000     
 Grid defined OK
 Set CM energy to      13000.00
 Mapping Graph         194  to config         194
 Setting BW          -1           1   91.187600000000003     
Setting grid   2    0.36660E-04   1
 Setting BW          -3           3   710.00000000000000     
 Setting BW          -4           4   91.187600000000003     
 Setting BW          -5           5   710.00000000000000     
Setting grid   6    0.31292E-02   1
 Transforming s_hat 1/s           18   3.1292113087252075E-003   1600.0000000000000        168999999.99999997     
 194   1   2   3   4   5   6   7   8   9  10  11  12  13  14
  15  16  17  18  19
 Masses: 0.000E+00 0.000E+00 0.000E+00 0.000E+00 0.000E+00 0.000E+00 0.000E+00 0.000E+00 0.912E+02
Using random seed offsets   194 :      1
  with seed                   24
 Ranmar initialization seeds       31252        9398
 
 ********************************************
 * You are using the DiscreteSampler module *
 *      part of the MG5_aMC framework       *
 *         Author: Valentin Hirschi         *
 ********************************************
 
  Particle       3       4       5       6       7       8       9
      Et >    10.0    10.0    10.0    10.0     0.0     0.0     0.0
       E >     0.0     0.0     0.0     0.0     0.0     0.0     0.0
     Eta <     2.5     2.5     2.5     2.5    -1.0    -1.0    -1.0
   xqcut:      0.0     0.0     0.0     0.0     0.0     0.0     0.0
d R # 3  >    -0.0     0.4     0.4     0.4     0.0     0.0     0.0
d R # 4  >    -0.0    -0.0     0.4     0.4     0.0     0.0     0.0
d R # 5  >    -0.0    -0.0    -0.0     0.4     0.0     0.0     0.0
d R # 6  >    -0.0    -0.0    -0.0    -0.0     0.0     0.0     0.0
d R # 7  >    -0.0    -0.0    -0.0    -0.0    -0.0     0.0     0.0
d R # 8  >    -0.0    -0.0    -0.0    -0.0    -0.0    -0.0     0.0
s min # 3>     0.0     0.0     0.0     0.0     0.0     0.0     0.0
s min # 4>     0.0     0.0     0.0     0.0     0.0     0.0     0.0
s min # 5>     0.0     0.0     0.0     0.0     0.0     0.0     0.0
s min # 6>     0.0     0.0     0.0     0.0     0.0     0.0     0.0
s min # 7>     0.0     0.0     0.0     0.0     0.0     0.0     0.0
s min # 8>     0.0     0.0     0.0     0.0     0.0     0.0     0.0
xqcutij # 3>     0.0     0.0     0.0     0.0     0.0     0.0     0.0
xqcutij # 4>     0.0     0.0     0.0     0.0     0.0     0.0     0.0
xqcutij # 5>     0.0     0.0     0.0     0.0     0.0     0.0     0.0
xqcutij # 6>     0.0     0.0     0.0     0.0     0.0     0.0     0.0
xqcutij # 7>     0.0     0.0     0.0     0.0     0.0     0.0     0.0
xqcutij # 8>     0.0     0.0     0.0     0.0     0.0     0.0     0.0
 Requiring BW           -1           1
 Excluding BW           -2           2
 Requiring BW           -3           3
 Requiring BW           -4           4
 Requiring BW           -5           5
 Excluding BW           -6           6
 alpha_s for scale    857.98443851405955       is    9.4796825761098436E-002
 Added good helicity            1   2.1002033873079360       in event            1 local:           1
 Added good helicity           21   47.976045095201897       in event            1 local:           1
 Added good helicity           25   3.4388165362604889E-002  in event            1 local:           1
 Added good helicity           37   6.8059322854669613E-006  in event            1 local:           1
 Added good helicity           41   2.8246013830722987       in event            1 local:           1
 Added good helicity           61   58.842912883978713       in event            1 local:           1
 Added good helicity          193   32.456121714296209       in event            1 local:           1
 Added good helicity          213   40.722628157691055       in event            1 local:           1
 Added good helicity          217   7.2492312001452591E-002  in event            1 local:           1
 Added good helicity          229   4.1555828947645177E-004  in event            1 local:           1
 Added good helicity          233   14.189220570004720       in event            1 local:           1
 Added good helicity          253   56.780963966861329       in event            1 local:           1
 Added good helicity            1   2.1002033873079489       in event            1 local:           1
 Added good helicity           21   47.976045095202018       in event            1 local:           1
 Added good helicity           25   3.4388165362605021E-002  in event            1 local:           1
 Added good helicity           37   6.8059322854679955E-006  in event            1 local:           1
 Added good helicity           41   2.8246013830723626       in event            1 local:           1
 Added good helicity           61   58.842912883978912       in event            1 local:           1
 Added good helicity          193   32.456121714296103       in event            1 local:           1
 Added good helicity          213   40.722628157690941       in event            1 local:           1
 Added good helicity          217   7.2492312001452730E-002  in event            1 local:           1
 Added good helicity          229   4.1555828947643963E-004  in event            1 local:           1
 Added good helicity          233   14.189220570004860       in event            1 local:           1
 Added good helicity          253   56.780963966861023       in event            1 local:           1
 RESET CUMULATIVE VARIABLE
 RESET CUMULATIVE VARIABLE
 RESET CUMULATIVE VARIABLE
 Iteration  1   Mean: 0.1639E-10 Abs mean: 0.1639E-10   Fluctuation:  0.328E-11   0.122E-08     0.3%
  1    0.1639E-10 0.1639E-10 +- 0.3280E-11      5.26
 Writing out events   6.5550855432530387E-013   5.2570117051446266     
 Relative summed weights:
  0.1507E-01  0.9478E-02  0.5582E-02  0.5220E-02  0.2188E-07  0.7899E-03
  0.5060E-01  0.6140E-01  0.2940E-01  0.2252E-01  0.0000E+00  0.0000E+00
  0.3052E-02  0.1665E-01  0.6735E-03  0.3013E-01  0.7098E-03  0.5003E-03
  0.6444E-02  0.1385E-02  0.5343E-01  0.1111E-01  0.0000E+00  0.1433E-03
  0.5327E-02  0.6509E-02  0.1938E-01  0.1597E-01  0.0000E+00  0.7767E-04
  0.2631E-01  0.7040E-01  0.4710E-01  0.4568E-01  0.2428E-03  0.0000E+00
  0.1977E-01  0.8436E-01  0.1487E-01  0.2168E+00  0.1320E-08  0.3949E-06
  0.1483E-01  0.1822E-01  0.3600E-01  0.2928E-01  0.4616E-02  0.0000E+00
 Relative number of events:
  0.1860E-01  0.2146E-01  0.4721E-01  0.3147E-01  0.2861E-02  0.2861E-02
  0.2003E-01  0.3004E-01  0.6581E-01  0.4435E-01  0.0000E+00  0.0000E+00
  0.1431E-01  0.1574E-01  0.2289E-01  0.4006E-01  0.1431E-02  0.1431E-02
  0.3147E-01  0.2289E-01  0.2861E-01  0.2718E-01  0.0000E+00  0.1431E-02
  0.2146E-01  0.1717E-01  0.4006E-01  0.4864E-01  0.0000E+00  0.1431E-02
  0.2146E-01  0.1717E-01  0.5007E-01  0.4578E-01  0.2861E-02  0.0000E+00
  0.2718E-01  0.3290E-01  0.2861E-01  0.3720E-01  0.1431E-02  0.1431E-02
  0.2432E-01  0.2861E-01  0.2861E-01  0.3004E-01  0.1431E-02  0.0000E+00
 Events:
          13          15          33          22           2           2
          14          21          46          31           0           0
          10          11          16          28           1           1
          22          16          20          19           0           1
          15          12          28          34           0           1
          15          12          35          32           2           0
          19          23          20          26           1           1
          17          20          20          21           1           0
 Iteration  2   Mean: 0.2771E-10 Abs mean: 0.2771E-10   Fluctuation:  0.489E-11   0.646E-08    16.9%
  2    0.2771E-10 0.2771E-10 +- 0.4890E-11      7.89
 Relative summed weights:
  0.3216E-01  0.2845E-01  0.2007E-01  0.1302E-01  0.1475E-03  0.2728E-05
  0.3804E-01  0.1285E-01  0.2150E-01  0.2515E-01  0.0000E+00  0.3352E-04
  0.1828E-01  0.1120E-01  0.9050E-01  0.1271E-01  0.2888E-03  0.1559E-06
  0.1566E-01  0.1351E-01  0.3272E-01  0.1222E-01  0.2123E-04  0.5347E-05
  0.2265E-01  0.6118E-02  0.2786E-01  0.1096E-01  0.7443E-03  0.8855E-05
  0.4019E-01  0.4856E-01  0.4584E-01  0.1103E-01  0.6242E-04  0.0000E+00
  0.8274E-01  0.1445E+00  0.6925E-01  0.1131E-01  0.0000E+00  0.4140E-04
  0.1655E-01  0.1905E-01  0.2480E-01  0.1918E-01  0.0000E+00  0.2196E-06
 Relative number of events:
  0.2700E-01  0.2100E-01  0.4800E-01  0.4500E-01  0.2000E-02  0.5000E-03
  0.2550E-01  0.2100E-01  0.4200E-01  0.4650E-01  0.0000E+00  0.1000E-02
  0.2650E-01  0.2750E-01  0.2400E-01  0.2600E-01  0.1000E-02  0.5000E-03
  0.2500E-01  0.2900E-01  0.3800E-01  0.3250E-01  0.1000E-02  0.1500E-02
  0.2300E-01  0.1650E-01  0.4500E-01  0.3650E-01  0.2000E-02  0.1000E-02
  0.2000E-01  0.1950E-01  0.4100E-01  0.5450E-01  0.1500E-02  0.0000E+00
  0.3000E-01  0.2450E-01  0.3150E-01  0.2700E-01  0.0000E+00  0.1000E-02
  0.2650E-01  0.2850E-01  0.3050E-01  0.2750E-01  0.0000E+00  0.5000E-03
 Events:
          54          42          96          90           4           1
          51          42          84          93           0           2
          53          55          48          52           2           1
          50          58          76          65           2           3
          46          33          90          73           4           2
          40          39          82         109           3           0
          60          49          63          54           0           2
          53          57          61          55           0           1
 Iteration  3   Mean: 0.3256E-10 Abs mean: 0.3256E-10   Fluctuation:  0.420E-11   0.133E-07    45.7%
  3    0.3256E-10 0.3256E-10 +- 0.4203E-11      8.16
 Relative summed weights:
  0.2578E-01  0.2359E-01  0.2699E-01  0.1173E-01  0.4131E-03  0.1648E-04
  0.1058E-01  0.1895E-01  0.3402E-01  0.2376E-01  0.1199E-03  0.5662E-03
  0.2413E-01  0.1428E-01  0.2672E-01  0.5044E-01  0.3166E-03  0.8698E-04
  0.2372E-01  0.2483E-01  0.2111E-01  0.1304E+00  0.4688E-03  0.7911E-03
  0.7371E-02  0.1408E-01  0.2873E-01  0.2944E-01  0.1990E-03  0.1370E-03
  0.1830E-01  0.4070E-01  0.1146E+00  0.2276E-01  0.5572E-04  0.2275E-03
  0.2274E-01  0.4203E-01  0.2605E-01  0.4186E-01  0.8330E-04  0.1971E-05
  0.2782E-01  0.2341E-01  0.3438E-01  0.7774E-02  0.1696E-03  0.3219E-02
 Relative number of events:
  0.2125E-01  0.2725E-01  0.4500E-01  0.4450E-01  0.7500E-03  0.7500E-03
  0.2100E-01  0.2500E-01  0.4675E-01  0.4275E-01  0.1000E-02  0.1750E-02
  0.2200E-01  0.2600E-01  0.2700E-01  0.2525E-01  0.1250E-02  0.2500E-03
  0.2625E-01  0.2000E-01  0.2950E-01  0.3075E-01  0.2500E-03  0.2500E-03
  0.2175E-01  0.2375E-01  0.4500E-01  0.4475E-01  0.1500E-02  0.7500E-03
  0.2375E-01  0.2375E-01  0.5500E-01  0.4475E-01  0.1250E-02  0.2000E-02
  0.2725E-01  0.2650E-01  0.3000E-01  0.3275E-01  0.7500E-03  0.5000E-03
  0.2800E-01  0.2300E-01  0.3350E-01  0.2200E-01  0.7500E-03  0.5000E-03
 Events:
          85         109         180         178           3           3
          84         100         187         171           4           7
          88         104         108         101           5           1
         105          80         118         123           1           1
          87          95         180         179           6           3
          95          95         220         179           5           8
         109         106         120         131           3           2
         112          92         134          88           3           2
 Accuracy:    0.160   0.100   0.092   2.988
 Found          514  events.
 Wrote           12  events.
 Actual xsec    2.7782507981329994E-011
 Correct abs xsec    2.7782507981329994E-011
 Event xsec    2.7782507981329988E-011
 Events wgts > 1:            0
 % Cross section > 1:    0.0000000000000000        0.0000000000000000     
 Iteration  4   Mean: 0.3154E-10 Abs mean: 0.3154E-10   Fluctuation:  0.155E-11   0.692E-08    55.4%
  4    0.3154E-10 0.3154E-10 +- 0.1548E-11      4.39
 Relative summed weights:
  0.2485E-01  0.2503E-01  0.2564E-01  0.2594E-01  0.2455E-03  0.6493E-03
  0.2337E-01  0.2585E-01  0.2366E-01  0.2615E-01  0.4111E-03  0.9364E-03
  0.3542E-01  0.2596E-01  0.2911E-01  0.3220E-01  0.9670E-03  0.2305E-03
  0.2873E-01  0.3229E-01  0.4688E-01  0.3520E-01  0.1433E-03  0.4965E-04
  0.3344E-01  0.2900E-01  0.2471E-01  0.3895E-01  0.1234E-03  0.2063E-03
  0.3172E-01  0.2390E-01  0.3880E-01  0.3378E-01  0.7966E-03  0.2566E-05
  0.2441E-01  0.3688E-01  0.2801E-01  0.2043E-01  0.1550E-03  0.2458E-03
  0.3577E-01  0.6104E-01  0.3857E-01  0.2897E-01  0.1150E-03  0.6836E-04
 Relative number of events:
  0.2212E-01  0.2325E-01  0.4300E-01  0.4775E-01  0.8750E-03  0.1125E-02
  0.2275E-01  0.2225E-01  0.4125E-01  0.4750E-01  0.7500E-03  0.1625E-02
  0.2562E-01  0.2675E-01  0.2800E-01  0.3188E-01  0.6250E-03  0.7500E-03
  0.2500E-01  0.2788E-01  0.3138E-01  0.2850E-01  0.5000E-03  0.1250E-03
  0.2575E-01  0.2100E-01  0.4312E-01  0.4713E-01  0.7500E-03  0.5000E-03
  0.2513E-01  0.2200E-01  0.4562E-01  0.4125E-01  0.1375E-02  0.3750E-03
  0.2612E-01  0.2700E-01  0.2700E-01  0.2838E-01  0.7500E-03  0.7500E-03
  0.2662E-01  0.2475E-01  0.3112E-01  0.3087E-01  0.1125E-02  0.2500E-03
 Events:
         177         186         344         382           7           9
         182         178         330         380           6          13
         205         214         224         255           5           6
         200         223         251         228           4           1
         206         168         345         377           6           4
         201         176         365         330          11           3
         209         216         216         227           6           6
         213         198         249         247           9           2
 Accuracy:    0.063   0.100   0.043   2.085
 Finished due to accuracy    6.2595890372401944E-002  0.10000000000000001     

 -------------------------------------------------------------------------------
 Accumulated results:   Integral =  0.3071E-10
                        Std dev  =  0.1331E-11
                       Cross sec =  0.3071E-10
             Chi**2 per DoF.     =      2.0853
 -------------------------------------------------------------------------------
 Found          992  events.
 Wrote           38  events.
 Actual xsec    3.1417477659380541E-011
 Correct abs xsec    3.1417477659380541E-011
 Event xsec    3.1417477659380573E-011
 Events wgts > 1:            1
 % Cross section > 1:    8.7646921746415294E-021   2.7897504279833818E-008
-------------------------------------------------
---------------------------
 Results Last   3 iters: Integral =   0.3142E-10
                     Abs integral =   0.3142E-10
                          Std dev =   0.1395E-11
                  Chi**2 per DoF. =      0.3271
-------------------------------------------------
---------------------------
 Status  0.10000000000000001                5           5

ls status:
events.lhe
ftn26
input_app.txt
results.dat
run1_app.log
