 Process in group number            1
 A PDF is used, so alpha_s(MZ) is going to be modified
 Old value of alpha_s from param_card:   0.11839999999999999     
  ****************************************
 
       NNPDFDriver version 1.0.3
   Grid: NNPDF23_lo_as_0130_qed_mem0.grid
  ****************************************
 New value of alpha_s from PDF nn23lo1:  0.13000000000000000     
 Define smin to   1600.0000000000000     
 Define smin to   1600.0000000000000     
 Define smin to   1600.0000000000000     
 *****************************************************
 *               MadGraph/MadEvent                   *
 *        --------------------------------           *
 *          http://madgraph.hep.uiuc.edu             *
 *          http://madgraph.phys.ucl.ac.be           *
 *          http://madgraph.roma2.infn.it            *
 *        --------------------------------           *
 *                                                   *
 *          PARAMETER AND COUPLING VALUES            *
 *                                                   *
 *****************************************************

  External Params
  ---------------------------------
  
 mdl_VeN1 =    1.0000000000000000     
 mdl_VeN2 =    0.0000000000000000     
 mdl_VeN3 =    0.0000000000000000     
 mdl_VmuN1 =    0.0000000000000000     
 mdl_VmuN2 =    1.0000000000000000     
 mdl_VmuN3 =    0.0000000000000000     
 mdl_VtaN1 =    0.0000000000000000     
 mdl_VtaN2 =    0.0000000000000000     
 mdl_VtaN3 =    1.0000000000000000     
 mdl_VN1N1 =    1.0000000000000000     
 mdl_VN1N2 =    1.0000000000000000     
 mdl_VN1N3 =    1.0000000000000000     
 mdl_VN2N2 =    1.0000000000000000     
 mdl_VN2N3 =    1.0000000000000000     
 mdl_VN3N3 =    1.0000000000000000     
 aEWM1 =    127.90000000000001     
 mdl_Gf =    1.1663700000000000E-005
 aS =   0.11839999999999999     
 mdl_ymt =    172.00000000000000     
 mdl_vevf =    50.000000000000000     
 mdl_MZ =    91.187600000000003     
 mdl_MT =    172.00000000000000     
 mdl_MH =    125.00000000000000     
 mdl_mN1 =    2000.0000000000000     
 mdl_mN2 =    2100.0000000000000     
 mdl_mN3 =    2200.0000000000000     
 mdl_MJ =    91.187600000000003     
 mdl_MAx =    173.04800000000000     
 mdl_WZ =    2.4952000000000001     
 mdl_WW =    2.0850000000000000     
 mdl_WT =    1.5083359999999999     
 mdl_WH =    4.0699999999999998E-003
 mdl_WN1 =   0.30299999999999999     
 mdl_WN2 =    1.5000000000000000     
 mdl_WN3 =    12.300000000000001     
 mdl_WJ =    2.4952000000000001     
 mdl_WAx =    4.1700000000000001E-003
  Internal Params
  ---------------------------------
  
 mdl_vevf__exp__2 =    2500.0000000000000     
 mdl_sqrt__vevf__exp__2 =    50.000000000000000     
 mdl_muJ =    50.000000000000000     
 mdl_MZ__exp__2 =    8315.1783937600012     
 mdl_MZ__exp__4 =    69142191.720053151     
 mdl_sqrt__2 =    1.4142135623730951     
 mdl_MJ__exp__2 =    8315.1783937600012     
 mdl_muJ__exp__2 =    2500.0000000000000     
 mdl_lamJ =    4.3260713575040004     
 mdl_MH__exp__2 =    15625.000000000000     
 mdl_complexi =  (  0.0000000000000000     ,  1.0000000000000000     )
 mdl_aEW =    7.8186082877247844E-003
 mdl_MW =    79.824359746197842     
 mdl_sqrt__aEW =    8.8422894590285753E-002
 mdl_ee =   0.31345100004952897     
 mdl_MW__exp__2 =    6371.9284088904105     
 mdl_sw2 =   0.23369913342182447     
 mdl_cw =   0.87538612427783857     
 mdl_sqrt__sw2 =   0.48342438232036300     
 mdl_sw =   0.48342438232036300     
 mdl_g1 =   0.35807170271074895     
 mdl_gN =   0.64839716719502682     
 mdl_gw =   0.64839716719502682     
 mdl_vev =    246.22056907348590     
 mdl_vev__exp__2 =    60624.568634871241     
 mdl_lam =   0.12886689630821144     
 mdl_yt =   0.98791394091683138     
 mdl_muH =    88.388347648318444     
 mdl_I2a33 =  ( 0.98791394091683138     ,  0.0000000000000000     )
 mdl_I3a33 =  ( 0.98791394091683138     ,  0.0000000000000000     )
 mdl_ee__exp__2 =    9.8251529432049817E-002
 mdl_sw__exp__2 =   0.23369913342182450     
 mdl_cw__exp__2 =   0.76630086657817542     
  Internal Params evaluated point by point
  ----------------------------------------
  
 mdl_sqrt__aS =   0.34409301068170506     
 mdl_G__exp__2 =    1.4878582807401259     
  Couplings of SM_HeavyN_UFO
  ---------------------------------
  
         GC_1 =  -0.00000E+00  -0.10448E+00
         GC_2 =   0.00000E+00   0.20897E+00
         GC_3 =  -0.00000E+00  -0.31345E+00
         GC_4 =   0.00000E+00   0.31345E+00
        GC_26 =   0.00000E+00   0.45849E+00
        GC_27 =  -0.00000E+00  -0.28380E+00
        GC_28 =   0.00000E+00   0.28380E+00
        GC_30 =   0.00000E+00   0.56760E+00
        GC_35 =  -0.00000E+00  -0.28850E-01
        GC_37 =   0.00000E+00   0.17310E+00
        GC_39 =   0.00000E+00  -0.19725E+00
        GC_40 =   0.00000E+00   0.37035E+00
        GC_80 =   0.00000E+00   0.67543E+02
       GC_107 =  -0.00000E+00  -0.74070E+00
       GC_109 =  -0.00000E+00  -0.74070E+00
       GC_111 =  -0.00000E+00  -0.74070E+00
       GC_113 =  -0.00000E+00  -0.74070E+00
       GC_115 =  -0.00000E+00  -0.74070E+00
       GC_117 =  -0.00000E+00  -0.74070E+00
       GC_119 =   0.00000E+00   0.00000E+00
       GC_120 =   0.00000E+00   0.00000E+00
       GC_122 =  -0.00000E+00  -0.00000E+00
       GC_126 =   0.00000E+00   0.00000E+00
       GC_127 =   0.00000E+00   0.00000E+00
       GC_129 =  -0.00000E+00  -0.00000E+00
       GC_133 =   0.00000E+00   0.45849E+00
       GC_134 =   0.00000E+00   0.37035E+00
       GC_136 =  -0.00000E+00  -0.89351E+01
        GC_81 =   0.40000E+02   0.00000E+00
        GC_82 =   0.42000E+02   0.00000E+00
        GC_83 =   0.44000E+02   0.00000E+00

 Collider parameters:
 --------------------

 Running at P P   machine @    13000.000000000000       GeV
 PDF set = nn23lo1
 alpha_s(Mz)= 0.1300 running at 2 loops.
 alpha_s(Mz)= 0.1300 running at 2 loops.
 Renormalization scale set on event-by-event basis
 Factorization   scale set on event-by-event basis


 getting user params
Enter number of events and max and min iterations: 
 Number of events and iterations         1000           5           3
Enter desired fractional accuracy: 
 Desired fractional accuracy:   0.10000000000000001     
Enter 0 for fixed, 2 for adjustable grid: 
Suppress amplitude (0 no, 1 yes)? 
 Using suppressed amplitude.
Exact helicity sum (0 yes, n = number/event)? 
 Explicitly summing over helicities
Enter Configuration Number: 
Running Configuration Number:  392
 Using dconfig=         607
 BW Setting            1           1           1           1           1           2           0
 Attempting mappinvarients           1           9
 Completed mapping           9
 about to integrate           19        1000           5           3          19           1
 Using non-zero grid deformation.
 19 dimensions   1000 events 19 invarients  5 iterations  1 config(s),  (0.99)
 Using h-tuple random number sequence.
 Error opening grid
 Using Uniform Grid!          36
 Using uniform alpha   1.0000000000000000     
 Grid defined OK
 Set CM energy to      13000.00
 Mapping Graph         392  to config         392
 Setting BW          -1           1   79.824359746197842     
 Setting BW          -2           2   2200.0000000000000     
 Setting BW          -3           3   2200.0000000000000     
 Setting BW          -4           4   91.187600000000003     
 Setting BW          -5           5   2200.0000000000000     
Setting grid   6    0.11291E+00   1
 Transforming s_hat 1/s           18  0.11290569768517021        1600.0000000000000        168999999.99999997     
 392   1   2   3   4   5   6   7   8   9  10  11  12  13  14
  15  16  17  18  19
 Masses: 0.000E+00 0.000E+00 0.000E+00 0.000E+00 0.000E+00 0.000E+00 0.000E+00 0.000E+00 0.912E+02
Using random seed offsets   392 :      1
  with seed                   24
 Ranmar initialization seeds         122        9398
 
 ********************************************
 * You are using the DiscreteSampler module *
 *      part of the MG5_aMC framework       *
 *         Author: Valentin Hirschi         *
 ********************************************
 
  Particle       3       4       5       6       7       8       9
      Et >    10.0    10.0    10.0    10.0     0.0     0.0     0.0
       E >     0.0     0.0     0.0     0.0     0.0     0.0     0.0
     Eta <     2.5     2.5     2.5     2.5    -1.0    -1.0    -1.0
   xqcut:      0.0     0.0     0.0     0.0     0.0     0.0     0.0
d R # 3  >    -0.0     0.4     0.4     0.4     0.0     0.0     0.0
d R # 4  >    -0.0    -0.0     0.4     0.4     0.0     0.0     0.0
d R # 5  >    -0.0    -0.0    -0.0     0.4     0.0     0.0     0.0
d R # 6  >    -0.0    -0.0    -0.0    -0.0     0.0     0.0     0.0
d R # 7  >    -0.0    -0.0    -0.0    -0.0    -0.0     0.0     0.0
d R # 8  >    -0.0    -0.0    -0.0    -0.0    -0.0    -0.0     0.0
s min # 3>     0.0     0.0     0.0     0.0     0.0     0.0     0.0
s min # 4>     0.0     0.0     0.0     0.0     0.0     0.0     0.0
s min # 5>     0.0     0.0     0.0     0.0     0.0     0.0     0.0
s min # 6>     0.0     0.0     0.0     0.0     0.0     0.0     0.0
s min # 7>     0.0     0.0     0.0     0.0     0.0     0.0     0.0
s min # 8>     0.0     0.0     0.0     0.0     0.0     0.0     0.0
xqcutij # 3>     0.0     0.0     0.0     0.0     0.0     0.0     0.0
xqcutij # 4>     0.0     0.0     0.0     0.0     0.0     0.0     0.0
xqcutij # 5>     0.0     0.0     0.0     0.0     0.0     0.0     0.0
xqcutij # 6>     0.0     0.0     0.0     0.0     0.0     0.0     0.0
xqcutij # 7>     0.0     0.0     0.0     0.0     0.0     0.0     0.0
xqcutij # 8>     0.0     0.0     0.0     0.0     0.0     0.0     0.0
 Requiring BW           -1           1
 Requiring BW           -2           2
 Requiring BW           -3           3
 Requiring BW           -4           4
 Requiring BW           -5           5
 Excluding BW           -6           6
 alpha_s for scale    6573.9742774167044       is    7.6230418975621661E-002
 Added good helicity            1   47.381936825106052       in event            1 local:           1
 Added good helicity           21   2.1081144892112222E-006  in event            1 local:           1
 Added good helicity           25   2.9994203180317332E-005  in event            1 local:           1
 Added good helicity           37   2.3724204407303227E-008  in event            1 local:           1
 Added good helicity           41   47.042943311332287       in event            1 local:           1
 Added good helicity           61   1.3712827242789149E-006  in event            1 local:           1
 Added good helicity          193   85.893076731089749       in event            1 local:           1
 Added good helicity          213   2.1143422158391142E-007  in event            1 local:           1
 Added good helicity          217   2.9892710890207645E-006  in event            1 local:           1
 Added good helicity          233   75.682006364620150       in event            1 local:           1
 Added good helicity          253   6.7394818433272762E-008  in event            1 local:           1
 Added good helicity            1   47.381936825112945       in event            1 local:           1
 Added good helicity           21   2.1081144892114780E-006  in event            1 local:           1
 Added good helicity           25   2.9994203180325803E-005  in event            1 local:           1
 Added good helicity           37   2.3724204407309524E-008  in event            1 local:           1
 Added good helicity           41   47.042943311332607       in event            1 local:           1
 Added good helicity           61   1.3712827242790939E-006  in event            1 local:           1
 Added good helicity          193   85.893076731083056       in event            1 local:           1
 Added good helicity          213   2.1143422158389707E-007  in event            1 local:           1
 Added good helicity          217   2.9892710890212973E-006  in event            1 local:           1
 Added good helicity          233   75.682006364619653       in event            1 local:           1
 Added good helicity          253   6.7394818433273596E-008  in event            1 local:           1
 Added good helicity          229   3.7356894815861381E-008  in event            4 local:           2
 Added good helicity          229   3.7356894815862036E-008  in event            4 local:           2
 RESET CUMULATIVE VARIABLE
 RESET CUMULATIVE VARIABLE
 RESET CUMULATIVE VARIABLE
 Iteration  1   Mean: 0.9351E-11 Abs mean: 0.9351E-11   Fluctuation:  0.340E-11   0.359E-09     0.1%
  1    0.9351E-11 0.9351E-11 +- 0.3399E-11      4.45
 Writing out events   3.7405286378436647E-013   4.4518489686749847     
 Relative summed weights:
  0.3970E-02  0.1818E-03  0.2266E+00  0.7641E-03  0.0000E+00  0.0000E+00
  0.2129E-01  0.4485E-01  0.0000E+00  0.1775E-01  0.0000E+00  0.0000E+00
  0.4024E-01  0.4637E-01  0.4101E-02  0.3739E-02  0.0000E+00  0.0000E+00
  0.2105E-01  0.1304E-01  0.1854E-02  0.2934E-03  0.0000E+00  0.0000E+00
  0.4104E-01  0.1065E-01  0.1055E-02  0.2547E+00  0.0000E+00  0.0000E+00
  0.9015E-01  0.3028E-01  0.4819E-02  0.1462E-02  0.0000E+00  0.0000E+00
  0.1809E-02  0.6075E-01  0.9246E-08  0.1146E-02  0.0000E+00  0.0000E+00
  0.2610E-01  0.1868E-01  0.2814E-02  0.8459E-02  0.0000E+00  0.0000E+00
 Relative number of events:
  0.5031E-01  0.2516E-01  0.3145E-01  0.1258E-01  0.0000E+00  0.0000E+00
  0.2516E-01  0.3145E-01  0.0000E+00  0.1887E-01  0.0000E+00  0.0000E+00
  0.6289E-01  0.3774E-01  0.3145E-01  0.1258E-01  0.0000E+00  0.0000E+00
  0.3774E-01  0.1887E-01  0.2516E-01  0.1258E-01  0.0000E+00  0.0000E+00
  0.6918E-01  0.5660E-01  0.4403E-01  0.3774E-01  0.0000E+00  0.0000E+00
  0.2516E-01  0.4403E-01  0.4403E-01  0.3145E-01  0.0000E+00  0.0000E+00
  0.2516E-01  0.4403E-01  0.6289E-02  0.1887E-01  0.0000E+00  0.0000E+00
  0.5031E-01  0.2516E-01  0.1258E-01  0.3145E-01  0.0000E+00  0.0000E+00
 Events:
           8           4           5           2           0           0
           4           5           0           3           0           0
          10           6           5           2           0           0
           6           3           4           2           0           0
          11           9           7           6           0           0
           4           7           7           5           0           0
           4           7           1           3           0           0
           8           4           2           5           0           0
 Iteration  2   Mean: 0.1786E-10 Abs mean: 0.1786E-10   Fluctuation:  0.431E-11   0.538E-08     6.6%
  2    0.1786E-10 0.1786E-10 +- 0.4315E-11     10.81
 Relative summed weights:
  0.5505E-02  0.4460E-01  0.3908E-01  0.2454E-02  0.8167E-09  0.0000E+00
  0.8244E-02  0.1916E-01  0.9357E-01  0.1098E-01  0.0000E+00  0.0000E+00
  0.2021E-01  0.8799E-01  0.2216E-02  0.1416E-01  0.0000E+00  0.0000E+00
  0.1065E-01  0.1021E+00  0.5333E-01  0.3050E-02  0.0000E+00  0.0000E+00
  0.3465E-01  0.5510E-01  0.2634E-02  0.1771E-02  0.0000E+00  0.0000E+00
  0.6715E-02  0.3691E-01  0.1172E-01  0.5606E-03  0.3465E-06  0.0000E+00
  0.2089E-01  0.3935E-02  0.1302E-01  0.2607E+00  0.0000E+00  0.0000E+00
  0.1508E-01  0.8274E-02  0.9389E-02  0.1363E-02  0.0000E+00  0.0000E+00
 Relative number of events:
  0.4350E-01  0.4850E-01  0.2950E-01  0.2250E-01  0.5000E-03  0.0000E+00
  0.2900E-01  0.3150E-01  0.1450E-01  0.1150E-01  0.0000E+00  0.0000E+00
  0.5150E-01  0.4750E-01  0.2500E-01  0.2750E-01  0.0000E+00  0.0000E+00
  0.3450E-01  0.2950E-01  0.1400E-01  0.1750E-01  0.0000E+00  0.0000E+00
  0.4350E-01  0.5300E-01  0.2750E-01  0.3050E-01  0.0000E+00  0.0000E+00
  0.5300E-01  0.5850E-01  0.3350E-01  0.2750E-01  0.5000E-03  0.0000E+00
  0.3100E-01  0.2750E-01  0.2150E-01  0.1550E-01  0.0000E+00  0.0000E+00
  0.3900E-01  0.2600E-01  0.1600E-01  0.1800E-01  0.0000E+00  0.0000E+00
 Events:
          87          97          59          45           1           0
          58          63          29          23           0           0
         103          95          50          55           0           0
          69          59          28          35           0           0
          87         106          55          61           0           0
         106         117          67          55           1           0
          62          55          43          31           0           0
          78          52          32          36           0           0
 Iteration  3   Mean: 0.1700E-10 Abs mean: 0.1700E-10   Fluctuation:  0.351E-11   0.715E-08    14.3%
  3    0.1700E-10 0.1700E-10 +- 0.3511E-11     13.06
 Relative summed weights:
  0.1087E+00  0.2778E-01  0.1086E-01  0.4856E-01  0.0000E+00  0.0000E+00
  0.1504E-01  0.6181E-02  0.4100E-01  0.3419E-02  0.0000E+00  0.0000E+00
  0.9468E-02  0.1009E-01  0.5201E-01  0.7882E-02  0.0000E+00  0.9841E-04
  0.1422E-01  0.1518E-01  0.1177E+00  0.3591E-02  0.0000E+00  0.0000E+00
  0.2387E-01  0.2462E-01  0.6658E-01  0.5595E-02  0.0000E+00  0.0000E+00
  0.1252E+00  0.4258E-01  0.5409E-01  0.7264E-02  0.0000E+00  0.0000E+00
  0.9758E-02  0.3651E-01  0.5605E-02  0.9737E-02  0.0000E+00  0.0000E+00
  0.3729E-02  0.3719E-01  0.5264E-02  0.5063E-01  0.0000E+00  0.0000E+00
 Relative number of events:
  0.4625E-01  0.5775E-01  0.3000E-01  0.3500E-01  0.0000E+00  0.0000E+00
  0.2775E-01  0.2925E-01  0.1275E-01  0.1500E-01  0.0000E+00  0.0000E+00
  0.4550E-01  0.4825E-01  0.3500E-01  0.2800E-01  0.0000E+00  0.2500E-03
  0.2900E-01  0.2825E-01  0.1825E-01  0.1250E-01  0.0000E+00  0.0000E+00
  0.5325E-01  0.4875E-01  0.3525E-01  0.2750E-01  0.0000E+00  0.0000E+00
  0.4650E-01  0.5400E-01  0.2575E-01  0.2850E-01  0.0000E+00  0.0000E+00
  0.2525E-01  0.2825E-01  0.1575E-01  0.1950E-01  0.0000E+00  0.0000E+00
  0.3225E-01  0.2550E-01  0.1675E-01  0.1850E-01  0.0000E+00  0.0000E+00
 Events:
         185         231         120         140           0           0
         111         117          51          60           0           0
         182         193         140         112           0           1
         116         113          73          50           0           0
         213         195         141         110           0           0
         186         216         103         114           0           0
         101         113          63          78           0           0
         129         102          67          74           0           0
 Accuracy:    0.129   0.100   0.144   0.803
 Found          327  events.
 Wrote           11  events.
 Actual xsec    1.6100759748381720E-011
 Correct abs xsec    1.6100759748381720E-011
 Event xsec    1.6100759748381720E-011
 Events wgts > 1:            2
 % Cross section > 1:    1.1649652481810647E-013  0.72354675579713235     
 Iteration  4   Mean: 0.1558E-10 Abs mean: 0.1558E-10   Fluctuation:  0.221E-11   0.100E-07    16.0%
  4    0.1558E-10 0.1558E-10 +- 0.2206E-11     12.67
 Relative summed weights:
  0.3861E-01  0.2715E-01  0.1869E-01  0.2223E-01  0.0000E+00  0.0000E+00
  0.1111E-01  0.4535E-01  0.1591E-01  0.9171E-01  0.0000E+00  0.0000E+00
  0.3874E-01  0.1483E-01  0.4172E-01  0.1928E-01  0.9158E-06  0.0000E+00
  0.2820E-01  0.2686E-01  0.6816E-02  0.5265E-02  0.0000E+00  0.0000E+00
  0.5263E-01  0.5245E-01  0.4547E-01  0.2344E-01  0.0000E+00  0.0000E+00
  0.2144E-01  0.8934E-01  0.2606E-01  0.7048E-01  0.0000E+00  0.0000E+00
  0.5877E-01  0.3916E-01  0.8878E-02  0.3968E-02  0.0000E+00  0.0000E+00
  0.1294E-01  0.3000E-01  0.3460E-02  0.9037E-02  0.0000E+00  0.0000E+00
 Relative number of events:
  0.4925E-01  0.4938E-01  0.3062E-01  0.3037E-01  0.0000E+00  0.0000E+00
  0.3000E-01  0.3112E-01  0.1487E-01  0.1588E-01  0.0000E+00  0.0000E+00
  0.5050E-01  0.4875E-01  0.3238E-01  0.3075E-01  0.1250E-03  0.0000E+00
  0.3062E-01  0.3025E-01  0.1250E-01  0.1625E-01  0.0000E+00  0.0000E+00
  0.4512E-01  0.4562E-01  0.3075E-01  0.3012E-01  0.0000E+00  0.0000E+00
  0.4437E-01  0.4600E-01  0.2950E-01  0.3263E-01  0.0000E+00  0.0000E+00
  0.3100E-01  0.3250E-01  0.1762E-01  0.1413E-01  0.0000E+00  0.0000E+00
  0.3062E-01  0.3400E-01  0.1738E-01  0.1500E-01  0.0000E+00  0.0000E+00
 Events:
         394         395         245         243           0           0
         240         249         119         127           0           0
         404         390         259         246           1           0
         245         242         100         130           0           0
         361         365         246         241           0           0
         355         368         236         261           0           0
         248         260         141         113           0           0
         245         272         139         120           0           0
 Accuracy:    0.076   0.100   0.101   0.562
 Finished due to accuracy    7.5750323620226989E-002  0.10000000000000001     

 -------------------------------------------------------------------------------
 Accumulated results:   Integral =  0.1584E-10
                        Std dev  =  0.1600E-11
                       Cross sec =  0.1584E-10
             Chi**2 per DoF.     =      0.5623
 -------------------------------------------------------------------------------
 Found          719  events.
 Wrote           13  events.
 Actual xsec    1.6378578471808621E-011
 Correct abs xsec    1.6378578471808621E-011
 Event xsec    1.6378578471808618E-011
 Events wgts > 1:            1
 % Cross section > 1:    1.5417975806015604E-019   9.4135005870952498E-007
-------------------------------------------------
---------------------------
 Results Last   3 iters: Integral =   0.1638E-10
                     Abs integral =   0.1638E-10
                          Std dev =   0.1722E-11
                  Chi**2 per DoF. =      0.1396
-------------------------------------------------
---------------------------
 Status  0.10000000000000001                5           5

ls status:
events.lhe
ftn26
input_app.txt
results.dat
run1_app.log
