 Process in group number            1
 A PDF is used, so alpha_s(MZ) is going to be modified
 Old value of alpha_s from param_card:   0.11839999999999999     
  ****************************************
 
       NNPDFDriver version 1.0.3
   Grid: NNPDF23_lo_as_0130_qed_mem0.grid
  ****************************************
 New value of alpha_s from PDF nn23lo1:  0.13000000000000000     
 Define smin to   1600.0000000000000     
 Define smin to   1600.0000000000000     
 Define smin to   1600.0000000000000     
 *****************************************************
 *               MadGraph/MadEvent                   *
 *        --------------------------------           *
 *          http://madgraph.hep.uiuc.edu             *
 *          http://madgraph.phys.ucl.ac.be           *
 *          http://madgraph.roma2.infn.it            *
 *        --------------------------------           *
 *                                                   *
 *          PARAMETER AND COUPLING VALUES            *
 *                                                   *
 *****************************************************

  External Params
  ---------------------------------
  
 mdl_VeN1 =    1.0000000000000000     
 mdl_VeN2 =    0.0000000000000000     
 mdl_VeN3 =    0.0000000000000000     
 mdl_VmuN1 =    0.0000000000000000     
 mdl_VmuN2 =    1.0000000000000000     
 mdl_VmuN3 =    0.0000000000000000     
 mdl_VtaN1 =    0.0000000000000000     
 mdl_VtaN2 =    0.0000000000000000     
 mdl_VtaN3 =    1.0000000000000000     
 mdl_VN1N1 =    1.0000000000000000     
 mdl_VN1N2 =    1.0000000000000000     
 mdl_VN1N3 =    1.0000000000000000     
 mdl_VN2N2 =    1.0000000000000000     
 mdl_VN2N3 =    1.0000000000000000     
 mdl_VN3N3 =    1.0000000000000000     
 aEWM1 =    127.90000000000001     
 mdl_Gf =    1.1663700000000000E-005
 aS =   0.11839999999999999     
 mdl_ymt =    172.00000000000000     
 mdl_vevf =    50.000000000000000     
 mdl_MZ =    91.187600000000003     
 mdl_MT =    172.00000000000000     
 mdl_MH =    125.00000000000000     
 mdl_mN1 =    2000.0000000000000     
 mdl_mN2 =    2100.0000000000000     
 mdl_mN3 =    2200.0000000000000     
 mdl_MJ =    91.187600000000003     
 mdl_MAx =    173.04800000000000     
 mdl_WZ =    2.4952000000000001     
 mdl_WW =    2.0850000000000000     
 mdl_WT =    1.5083359999999999     
 mdl_WH =    4.0699999999999998E-003
 mdl_WN1 =   0.30299999999999999     
 mdl_WN2 =    1.5000000000000000     
 mdl_WN3 =    12.300000000000001     
 mdl_WJ =    2.4952000000000001     
 mdl_WAx =    4.1700000000000001E-003
  Internal Params
  ---------------------------------
  
 mdl_vevf__exp__2 =    2500.0000000000000     
 mdl_sqrt__vevf__exp__2 =    50.000000000000000     
 mdl_muJ =    50.000000000000000     
 mdl_MZ__exp__2 =    8315.1783937600012     
 mdl_MZ__exp__4 =    69142191.720053151     
 mdl_sqrt__2 =    1.4142135623730951     
 mdl_MJ__exp__2 =    8315.1783937600012     
 mdl_muJ__exp__2 =    2500.0000000000000     
 mdl_lamJ =    4.3260713575040004     
 mdl_MH__exp__2 =    15625.000000000000     
 mdl_complexi =  (  0.0000000000000000     ,  1.0000000000000000     )
 mdl_aEW =    7.8186082877247844E-003
 mdl_MW =    79.824359746197842     
 mdl_sqrt__aEW =    8.8422894590285753E-002
 mdl_ee =   0.31345100004952897     
 mdl_MW__exp__2 =    6371.9284088904105     
 mdl_sw2 =   0.23369913342182447     
 mdl_cw =   0.87538612427783857     
 mdl_sqrt__sw2 =   0.48342438232036300     
 mdl_sw =   0.48342438232036300     
 mdl_g1 =   0.35807170271074895     
 mdl_gN =   0.64839716719502682     
 mdl_gw =   0.64839716719502682     
 mdl_vev =    246.22056907348590     
 mdl_vev__exp__2 =    60624.568634871241     
 mdl_lam =   0.12886689630821144     
 mdl_yt =   0.98791394091683138     
 mdl_muH =    88.388347648318444     
 mdl_I2a33 =  ( 0.98791394091683138     ,  0.0000000000000000     )
 mdl_I3a33 =  ( 0.98791394091683138     ,  0.0000000000000000     )
 mdl_ee__exp__2 =    9.8251529432049817E-002
 mdl_sw__exp__2 =   0.23369913342182450     
 mdl_cw__exp__2 =   0.76630086657817542     
  Internal Params evaluated point by point
  ----------------------------------------
  
 mdl_sqrt__aS =   0.34409301068170506     
 mdl_G__exp__2 =    1.4878582807401259     
  Couplings of SM_HeavyN_UFO
  ---------------------------------
  
         GC_1 =  -0.00000E+00  -0.10448E+00
         GC_2 =   0.00000E+00   0.20897E+00
         GC_3 =  -0.00000E+00  -0.31345E+00
         GC_4 =   0.00000E+00   0.31345E+00
        GC_26 =   0.00000E+00   0.45849E+00
        GC_27 =  -0.00000E+00  -0.28380E+00
        GC_28 =   0.00000E+00   0.28380E+00
        GC_30 =   0.00000E+00   0.56760E+00
        GC_35 =  -0.00000E+00  -0.28850E-01
        GC_37 =   0.00000E+00   0.17310E+00
        GC_39 =   0.00000E+00  -0.19725E+00
        GC_40 =   0.00000E+00   0.37035E+00
        GC_80 =   0.00000E+00   0.67543E+02
       GC_107 =  -0.00000E+00  -0.74070E+00
       GC_109 =  -0.00000E+00  -0.74070E+00
       GC_111 =  -0.00000E+00  -0.74070E+00
       GC_113 =  -0.00000E+00  -0.74070E+00
       GC_115 =  -0.00000E+00  -0.74070E+00
       GC_117 =  -0.00000E+00  -0.74070E+00
       GC_119 =   0.00000E+00   0.00000E+00
       GC_120 =   0.00000E+00   0.00000E+00
       GC_122 =  -0.00000E+00  -0.00000E+00
       GC_126 =   0.00000E+00   0.00000E+00
       GC_127 =   0.00000E+00   0.00000E+00
       GC_129 =  -0.00000E+00  -0.00000E+00
       GC_133 =   0.00000E+00   0.45849E+00
       GC_134 =   0.00000E+00   0.37035E+00
       GC_136 =  -0.00000E+00  -0.89351E+01
        GC_81 =   0.40000E+02   0.00000E+00
        GC_82 =   0.42000E+02   0.00000E+00
        GC_83 =   0.44000E+02   0.00000E+00

 Collider parameters:
 --------------------

 Running at P P   machine @    13000.000000000000       GeV
 PDF set = nn23lo1
 alpha_s(Mz)= 0.1300 running at 2 loops.
 alpha_s(Mz)= 0.1300 running at 2 loops.
 Renormalization scale set on event-by-event basis
 Factorization   scale set on event-by-event basis


 getting user params
Enter number of events and max and min iterations: 
 Number of events and iterations         1000           5           3
Enter desired fractional accuracy: 
 Desired fractional accuracy:   0.10000000000000001     
Enter 0 for fixed, 2 for adjustable grid: 
Suppress amplitude (0 no, 1 yes)? 
 Using suppressed amplitude.
Exact helicity sum (0 yes, n = number/event)? 
 Explicitly summing over helicities
Enter Configuration Number: 
Running Configuration Number:  345
 Using dconfig=         230
 BW Setting            2           1           1           2           2           0           0
 Attempting mappinvarients           1           9
 Completed mapping           9
 about to integrate           19        1000           5           3          19           1
 Using non-zero grid deformation.
 19 dimensions   1000 events 19 invarients  5 iterations  1 config(s),  (0.99)
 Using h-tuple random number sequence.
 Error opening grid
 Using Uniform Grid!          36
 Using uniform alpha   1.0000000000000000     
 Grid defined OK
 Set CM energy to      13000.00
 Mapping Graph         345  to config         345
Setting grid   1    0.75740E-07   1
Setting grid   2    0.75740E-07   1
 Setting BW          -3           2   79.824359746197842     
 Setting BW          -4           3   2200.0000000000000     
Setting grid   5    0.29417E-01   1
Setting grid   6    0.29417E-01   1
 Transforming s_hat 1/s           18   2.9417199962093264E-002   1600.0000000000000        168999999.99999997     
 345   1   2   3   4   5   6   7   8   9  10  11  12  13  14
  15  16  17  18  19
 Masses: 0.000E+00 0.000E+00 0.000E+00 0.000E+00 0.000E+00 0.000E+00 0.000E+00 0.000E+00 0.912E+02
Using random seed offsets   345 :      1
  with seed                   24
 Ranmar initialization seeds          75        9398
 
 ********************************************
 * You are using the DiscreteSampler module *
 *      part of the MG5_aMC framework       *
 *         Author: Valentin Hirschi         *
 ********************************************
 
  Particle       3       4       5       6       7       8       9
      Et >    10.0    10.0    10.0    10.0     0.0     0.0     0.0
       E >     0.0     0.0     0.0     0.0     0.0     0.0     0.0
     Eta <     2.5     2.5     2.5     2.5    -1.0    -1.0    -1.0
   xqcut:      0.0     0.0     0.0     0.0     0.0     0.0     0.0
d R # 3  >    -0.0     0.4     0.4     0.4     0.0     0.0     0.0
d R # 4  >    -0.0    -0.0     0.4     0.4     0.0     0.0     0.0
d R # 5  >    -0.0    -0.0    -0.0     0.4     0.0     0.0     0.0
d R # 6  >    -0.0    -0.0    -0.0    -0.0     0.0     0.0     0.0
d R # 7  >    -0.0    -0.0    -0.0    -0.0    -0.0     0.0     0.0
d R # 8  >    -0.0    -0.0    -0.0    -0.0    -0.0    -0.0     0.0
s min # 3>     0.0     0.0     0.0     0.0     0.0     0.0     0.0
s min # 4>     0.0     0.0     0.0     0.0     0.0     0.0     0.0
s min # 5>     0.0     0.0     0.0     0.0     0.0     0.0     0.0
s min # 6>     0.0     0.0     0.0     0.0     0.0     0.0     0.0
s min # 7>     0.0     0.0     0.0     0.0     0.0     0.0     0.0
s min # 8>     0.0     0.0     0.0     0.0     0.0     0.0     0.0
xqcutij # 3>     0.0     0.0     0.0     0.0     0.0     0.0     0.0
xqcutij # 4>     0.0     0.0     0.0     0.0     0.0     0.0     0.0
xqcutij # 5>     0.0     0.0     0.0     0.0     0.0     0.0     0.0
xqcutij # 6>     0.0     0.0     0.0     0.0     0.0     0.0     0.0
xqcutij # 7>     0.0     0.0     0.0     0.0     0.0     0.0     0.0
xqcutij # 8>     0.0     0.0     0.0     0.0     0.0     0.0     0.0
 Excluding BW           -1           1
 Requiring BW           -3           2
 Requiring BW           -4           3
 Excluding BW           -5           4
 Excluding BW           -6           5
 alpha_s for scale    2484.7465659569116       is    8.4084397181058812E-002
 Added good helicity            1   43.563839666165016       in event            1 local:           1
 Added good helicity           25   4.5852423432056271E-008  in event            1 local:           1
 Added good helicity           37  0.29359973270939782       in event            1 local:           1
 Added good helicity           41   4.2437481524175884E-003  in event            1 local:           1
 Added good helicity          193   210.99974593019454       in event            1 local:           1
 Added good helicity          217   3.2402896917562878E-007  in event            1 local:           1
 Added good helicity          229   1.1098831961921134       in event            1 local:           1
 Added good helicity          233   2.8687353025241339E-002  in event            1 local:           1
 Added good helicity            1   43.563839666164768       in event            1 local:           1
 Added good helicity           25   4.5852423432052956E-008  in event            1 local:           1
 Added good helicity           37  0.29359973270939327       in event            1 local:           1
 Added good helicity           41   4.2437481524182823E-003  in event            1 local:           1
 Added good helicity          193   210.99974593019479       in event            1 local:           1
 Added good helicity          217   3.2402896917560972E-007  in event            1 local:           1
 Added good helicity          229   1.1098831961920921       in event            1 local:           1
 Added good helicity          233   2.8687353025239091E-002  in event            1 local:           1
 Added good helicity           21   3.1551698584002714E-008  in event            4 local:           2
 Added good helicity           61   3.3493132605054954E-008  in event            4 local:           2
 Added good helicity          213   1.7415726076378266E-007  in event            4 local:           2
 Added good helicity          253   3.0588219108184857E-007  in event            4 local:           2
 Added good helicity           21   3.1551698584005765E-008  in event            4 local:           2
 Added good helicity           61   3.3493132605059957E-008  in event            4 local:           2
 Added good helicity          213   1.7415726076378724E-007  in event            4 local:           2
 Added good helicity          253   3.0588219108189299E-007  in event            4 local:           2
 RESET CUMULATIVE VARIABLE
 RESET CUMULATIVE VARIABLE
 RESET CUMULATIVE VARIABLE
 Iteration  1   Mean: 0.8251E-10 Abs mean: 0.8251E-10   Fluctuation:  0.424E-10   0.412E-07    17.9%
  1    0.8251E-10 0.8251E-10 +- 0.4244E-10     16.27
 Writing out events   9.2175022046820086E-014   16.267060417826730     
 Relative summed weights:
  0.9728E-02  0.1057E-01  0.3983E-03  0.3617E-03  0.0000E+00  0.0000E+00
  0.1920E-01  0.3528E-01  0.1216E-01  0.5007E+00  0.0000E+00  0.0000E+00
  0.4827E-01  0.2307E-01  0.3146E-01  0.7640E-03  0.0000E+00  0.0000E+00
  0.7348E-02  0.3769E-01  0.3437E-01  0.1573E-01  0.0000E+00  0.0000E+00
  0.9363E-01  0.1026E-01  0.7533E-02  0.2916E-04  0.0000E+00  0.0000E+00
  0.1046E-01  0.2798E-02  0.5798E-04  0.6540E-03  0.0000E+00  0.0000E+00
  0.6854E-01  0.4156E-02  0.1314E-03  0.4789E-02  0.1042E-05  0.0000E+00
  0.3988E-03  0.2720E-02  0.6498E-02  0.2332E-03  0.1819E-09  0.0000E+00
 Relative number of events:
  0.4262E-01  0.3271E-01  0.1090E-01  0.1487E-01  0.0000E+00  0.0000E+00
  0.2775E-01  0.3370E-01  0.3964E-01  0.3865E-01  0.0000E+00  0.0000E+00
  0.4559E-01  0.3568E-01  0.1090E-01  0.1784E-01  0.0000E+00  0.0000E+00
  0.2676E-01  0.3667E-01  0.4460E-01  0.3667E-01  0.0000E+00  0.0000E+00
  0.3865E-01  0.3568E-01  0.1685E-01  0.1189E-01  0.0000E+00  0.0000E+00
  0.3865E-01  0.4163E-01  0.1586E-01  0.1487E-01  0.0000E+00  0.0000E+00
  0.3171E-01  0.2775E-01  0.4361E-01  0.3964E-01  0.9911E-03  0.0000E+00
  0.2577E-01  0.3271E-01  0.4460E-01  0.4262E-01  0.9911E-03  0.0000E+00
 Events:
          43          33          11          15           0           0
          28          34          40          39           0           0
          46          36          11          18           0           0
          27          37          45          37           0           0
          39          36          17          12           0           0
          39          42          16          15           0           0
          32          28          44          40           1           0
          26          33          45          43           1           0
 Iteration  2   Mean: 0.4718E-09 Abs mean: 0.4718E-09   Fluctuation:  0.355E-09   0.707E-06    30.5%
  2    0.4718E-09 0.4718E-09 +- 0.3546E-09     33.61
 Relative summed weights:
  0.1232E-02  0.9247E-02  0.5443E-03  0.3197E-02  0.0000E+00  0.0000E+00
  0.2093E-02  0.1293E-01  0.1265E-01  0.4555E-02  0.0000E+00  0.0000E+00
  0.3374E-02  0.1160E-01  0.3924E-01  0.1993E-01  0.2133E-11  0.0000E+00
  0.1903E-01  0.9126E-02  0.1298E-02  0.4321E-02  0.0000E+00  0.1151E-07
  0.8804E-03  0.4735E-01  0.6436E-04  0.2943E-02  0.0000E+00  0.0000E+00
  0.7222E-02  0.1892E-02  0.8570E-02  0.1737E-02  0.0000E+00  0.0000E+00
  0.6186E-02  0.2092E-02  0.3484E-02  0.3435E-03  0.0000E+00  0.7268E-13
  0.7550E+00  0.3993E-02  0.3375E-02  0.4857E-03  0.0000E+00  0.2079E-08
 Relative number of events:
  0.3750E-01  0.3700E-01  0.1350E-01  0.1400E-01  0.0000E+00  0.0000E+00
  0.2850E-01  0.2500E-01  0.4600E-01  0.4300E-01  0.0000E+00  0.0000E+00
  0.4600E-01  0.3600E-01  0.1800E-01  0.1350E-01  0.5000E-03  0.0000E+00
  0.2900E-01  0.3800E-01  0.4050E-01  0.4000E-01  0.0000E+00  0.5000E-03
  0.3800E-01  0.3750E-01  0.1300E-01  0.1400E-01  0.0000E+00  0.0000E+00
  0.3900E-01  0.4100E-01  0.1350E-01  0.1350E-01  0.0000E+00  0.0000E+00
  0.2750E-01  0.3350E-01  0.4150E-01  0.3750E-01  0.0000E+00  0.5000E-03
  0.3250E-01  0.2900E-01  0.3950E-01  0.4200E-01  0.0000E+00  0.5000E-03
 Events:
          75          74          27          28           0           0
          57          50          92          86           0           0
          92          72          36          27           1           0
          58          76          81          80           0           1
          76          75          26          28           0           0
          78          82          27          27           0           0
          55          67          83          75           0           1
          65          58          79          84           0           1
 Iteration  3   Mean: 0.1238E-09 Abs mean: 0.1238E-09   Fluctuation:  0.256E-10   0.804E-07    39.8%
  3    0.1238E-09 0.1238E-09 +- 0.2558E-10     13.07
 Relative summed weights:
  0.5309E-02  0.1432E-01  0.8912E-02  0.4168E-02  0.0000E+00  0.0000E+00
  0.8165E-01  0.1691E-01  0.1045E-01  0.1270E-01  0.0000E+00  0.5716E-09
  0.1428E-01  0.2188E-01  0.6474E-02  0.3293E-01  0.0000E+00  0.0000E+00
  0.7533E-02  0.2638E+00  0.2997E-01  0.5154E-01  0.1726E-03  0.1177E-05
  0.1669E-01  0.6771E-01  0.4425E-02  0.4933E-02  0.0000E+00  0.0000E+00
  0.1050E-01  0.2764E-01  0.3769E-02  0.4437E-01  0.0000E+00  0.0000E+00
  0.5211E-01  0.1121E-01  0.3150E-01  0.1696E-01  0.1930E-06  0.0000E+00
  0.1213E-01  0.9201E-02  0.6583E-01  0.3797E-01  0.0000E+00  0.1568E-06
 Relative number of events:
  0.4125E-01  0.4225E-01  0.1325E-01  0.1325E-01  0.0000E+00  0.0000E+00
  0.3450E-01  0.3200E-01  0.3950E-01  0.4075E-01  0.0000E+00  0.2500E-03
  0.4175E-01  0.3625E-01  0.1550E-01  0.1150E-01  0.0000E+00  0.0000E+00
  0.2775E-01  0.2950E-01  0.3875E-01  0.4250E-01  0.2500E-03  0.7500E-03
  0.3550E-01  0.4075E-01  0.1400E-01  0.1825E-01  0.0000E+00  0.0000E+00
  0.3950E-01  0.3550E-01  0.1375E-01  0.1550E-01  0.0000E+00  0.0000E+00
  0.2850E-01  0.2900E-01  0.4225E-01  0.4050E-01  0.2500E-03  0.0000E+00
  0.3375E-01  0.3225E-01  0.3925E-01  0.3975E-01  0.0000E+00  0.2500E-03
 Events:
         165         169          53          53           0           0
         138         128         158         163           0           1
         167         145          62          46           0           0
         111         118         155         170           1           3
         142         163          56          73           0           0
         158         142          55          62           0           0
         114         116         169         162           1           0
         135         129         157         159           0           1
 Accuracy:    0.435   0.100   0.186   5.472
 Found          101  events.
 Wrote            6  events.
 Actual xsec    1.3969405105673363E-010
 Correct abs xsec    1.3969405105673363E-010
 Event xsec    1.3969405105673363E-010
 Events wgts > 1:            0
 % Cross section > 1:    0.0000000000000000        0.0000000000000000     
 Iteration  4   Mean: 0.3359E-09 Abs mean: 0.3359E-09   Fluctuation:  0.152E-09   0.119E-05    43.4%
  4    0.3359E-09 0.3359E-09 +- 0.1521E-09     40.49
 Relative summed weights:
  0.5918E-02  0.4545E+00  0.1275E-02  0.1328E-01  0.0000E+00  0.6505E-05
  0.6998E-02  0.9546E-02  0.2284E-01  0.7752E-02  0.1643E-05  0.1920E-05
  0.4455E-02  0.3785E-01  0.4791E-01  0.1021E-01  0.0000E+00  0.0000E+00
  0.1301E-01  0.1030E-01  0.2352E-01  0.1431E-01  0.2309E-05  0.3184E-08
  0.8999E-02  0.4539E-01  0.3308E-02  0.5466E-02  0.2060E-07  0.4102E-03
  0.5818E-01  0.7004E-02  0.1267E-01  0.7166E-02  0.0000E+00  0.1512E-09
  0.4831E-02  0.3795E-01  0.5133E-01  0.2366E-01  0.0000E+00  0.1063E-05
  0.2338E-01  0.1610E-01  0.5234E-02  0.5235E-02  0.3636E-05  0.0000E+00
 Relative number of events:
  0.4213E-01  0.3837E-01  0.1425E-01  0.1588E-01  0.0000E+00  0.2500E-03
  0.3075E-01  0.3112E-01  0.4075E-01  0.3650E-01  0.2500E-03  0.2500E-03
  0.3637E-01  0.4188E-01  0.1487E-01  0.1487E-01  0.0000E+00  0.0000E+00
  0.3288E-01  0.3075E-01  0.3562E-01  0.4263E-01  0.2500E-03  0.1250E-03
  0.3875E-01  0.4075E-01  0.1663E-01  0.1562E-01  0.2500E-03  0.1250E-03
  0.3837E-01  0.3700E-01  0.1475E-01  0.1688E-01  0.0000E+00  0.1250E-03
  0.2538E-01  0.3200E-01  0.3862E-01  0.4263E-01  0.0000E+00  0.1250E-03
  0.2925E-01  0.3112E-01  0.3975E-01  0.4100E-01  0.1250E-03  0.0000E+00
 Events:
         337         307         114         127           0           2
         246         249         326         292           2           2
         291         335         119         119           0           0
         263         246         285         341           2           1
         310         326         133         125           2           1
         307         296         118         135           0           1
         203         256         309         341           0           1
         234         249         318         328           1           0
 Accuracy:    0.361   0.100   0.172   4.422
 Found          554  events.
 Wrote            1  events.
 Actual xsec    1.7872228941927283E-010
 Correct abs xsec    1.7872228941927283E-010
 Event xsec    1.7872228941927283E-010
 Events wgts > 1:            1
 % Cross section > 1:    1.7320939851317747E-017   9.6915387037616535E-006
 Iteration  5   Mean: 0.2638E-09 Abs mean: 0.2638E-09   Fluctuation:  0.789E-10   0.124E-05    45.9%
  5    0.2638E-09 0.2638E-09 +- 0.7885E-10     37.81
 Relative summed weights:
  0.1854E-01  0.2821E-01  0.1552E-01  0.1045E-01  0.2539E-08  0.0000E+00
  0.1575E-01  0.2448E-01  0.1382E-01  0.3962E-01  0.1630E-05  0.1585E-05
  0.3358E-01  0.4714E-01  0.1252E-01  0.8035E-02  0.0000E+00  0.4289E-10
  0.2449E-01  0.4366E-01  0.1703E-01  0.2724E-01  0.2589E-05  0.1570E-06
  0.1847E-01  0.1805E-01  0.8048E-02  0.2072E-01  0.6990E-05  0.3163E-06
  0.5337E-01  0.1513E-01  0.2621E-01  0.7826E-02  0.0000E+00  0.1458E-08
  0.1871E-01  0.4065E-01  0.9137E-02  0.1034E-01  0.5002E-06  0.1389E-03
  0.1231E-01  0.3424E-01  0.3152E+00  0.1138E-01  0.1007E-04  0.0000E+00
 Relative number of events:
  0.3869E-01  0.4075E-01  0.1450E-01  0.1481E-01  0.6250E-04  0.0000E+00
  0.3150E-01  0.2987E-01  0.3994E-01  0.3944E-01  0.6250E-04  0.2500E-03
  0.4063E-01  0.3950E-01  0.1362E-01  0.1713E-01  0.0000E+00  0.6250E-04
  0.3125E-01  0.3094E-01  0.4088E-01  0.4206E-01  0.4375E-03  0.6250E-04
  0.4019E-01  0.3694E-01  0.1544E-01  0.1450E-01  0.1250E-03  0.6250E-04
  0.3744E-01  0.3744E-01  0.1312E-01  0.1494E-01  0.0000E+00  0.6250E-04
  0.2856E-01  0.2975E-01  0.4175E-01  0.3988E-01  0.6250E-04  0.1250E-03
  0.2756E-01  0.3413E-01  0.4387E-01  0.3744E-01  0.1875E-03  0.0000E+00
 Events:
         619         652         232         237           1           0
         504         478         639         631           1           4
         650         632         218         274           0           1
         500         495         654         673           7           1
         643         591         247         232           2           1
         599         599         210         239           0           1
         457         476         668         638           1           2
         441         546         702         599           3           0
 Accuracy:    0.261   0.100   0.149   3.069
 Found          747  events.
 Wrote            5  events.
 Actual xsec    1.8968518560098275E-010
 Correct abs xsec    1.8968518560098275E-010
 Event xsec    1.8968518560098272E-010
 Events wgts > 1:            1
 % Cross section > 1:    1.4134446196683932E-018   7.4515287801214056E-007

 -------------------------------------------------------------------------------
 Accumulated results:   Integral =  0.1918E-09
                        Std dev  =  0.2858E-10
                       Cross sec =  0.1918E-09
             Chi**2 per DoF.     =      3.0691
 -------------------------------------------------------------------------------
-------------------------------------------------
---------------------------
 Results Last   3 iters: Integral =   0.1897E-09
                     Abs integral =   0.1897E-09
                          Std dev =   0.3019E-10
                  Chi**2 per DoF. =      4.2183
-------------------------------------------------
---------------------------
 Status  0.10000000000000001                6           5

ls status:
events.lhe
ftn26
input_app.txt
results.dat
run1_app.log
