 Process in group number            1
 A PDF is used, so alpha_s(MZ) is going to be modified
 Old value of alpha_s from param_card:   0.11839999999999999     
  ****************************************
 
       NNPDFDriver version 1.0.3
   Grid: NNPDF23_lo_as_0130_qed_mem0.grid
  ****************************************
 New value of alpha_s from PDF nn23lo1:  0.13000000000000000     
 Define smin to   1600.0000000000000     
 Define smin to   1600.0000000000000     
 Define smin to   1600.0000000000000     
 *****************************************************
 *               MadGraph/MadEvent                   *
 *        --------------------------------           *
 *          http://madgraph.hep.uiuc.edu             *
 *          http://madgraph.phys.ucl.ac.be           *
 *          http://madgraph.roma2.infn.it            *
 *        --------------------------------           *
 *                                                   *
 *          PARAMETER AND COUPLING VALUES            *
 *                                                   *
 *****************************************************

  External Params
  ---------------------------------
  
 mdl_VeN1 =    1.0000000000000000     
 mdl_VeN2 =    0.0000000000000000     
 mdl_VeN3 =    0.0000000000000000     
 mdl_VmuN1 =    0.0000000000000000     
 mdl_VmuN2 =    1.0000000000000000     
 mdl_VmuN3 =    0.0000000000000000     
 mdl_VtaN1 =    0.0000000000000000     
 mdl_VtaN2 =    0.0000000000000000     
 mdl_VtaN3 =    1.0000000000000000     
 mdl_VN1N1 =    1.0000000000000000     
 mdl_VN1N2 =    1.0000000000000000     
 mdl_VN1N3 =    1.0000000000000000     
 mdl_VN2N2 =    1.0000000000000000     
 mdl_VN2N3 =    1.0000000000000000     
 mdl_VN3N3 =    1.0000000000000000     
 aEWM1 =    127.90000000000001     
 mdl_Gf =    1.1663700000000000E-005
 aS =   0.11839999999999999     
 mdl_ymt =    172.00000000000000     
 mdl_vevf =    50.000000000000000     
 mdl_MZ =    91.187600000000003     
 mdl_MT =    172.00000000000000     
 mdl_MH =    125.00000000000000     
 mdl_mN1 =    1822.0000000000000     
 mdl_mN2 =    1922.0000000000000     
 mdl_mN3 =    2022.0000000000000     
 mdl_MJ =    91.187600000000003     
 mdl_MAx =    173.04800000000000     
 mdl_WZ =    2.4952000000000001     
 mdl_WW =    2.0850000000000000     
 mdl_WT =    1.5083359999999999     
 mdl_WH =    4.0699999999999998E-003
 mdl_WN1 =   0.30299999999999999     
 mdl_WN2 =    1.5000000000000000     
 mdl_WN3 =    12.300000000000001     
 mdl_WJ =    2.4952000000000001     
 mdl_WAx =    4.1700000000000001E-003
  Internal Params
  ---------------------------------
  
 mdl_vevf__exp__2 =    2500.0000000000000     
 mdl_sqrt__vevf__exp__2 =    50.000000000000000     
 mdl_muJ =    50.000000000000000     
 mdl_MZ__exp__2 =    8315.1783937600012     
 mdl_MZ__exp__4 =    69142191.720053151     
 mdl_sqrt__2 =    1.4142135623730951     
 mdl_MJ__exp__2 =    8315.1783937600012     
 mdl_muJ__exp__2 =    2500.0000000000000     
 mdl_lamJ =    4.3260713575040004     
 mdl_MH__exp__2 =    15625.000000000000     
 mdl_complexi =  (  0.0000000000000000     ,  1.0000000000000000     )
 mdl_aEW =    7.8186082877247844E-003
 mdl_MW =    79.824359746197842     
 mdl_sqrt__aEW =    8.8422894590285753E-002
 mdl_ee =   0.31345100004952897     
 mdl_MW__exp__2 =    6371.9284088904105     
 mdl_sw2 =   0.23369913342182447     
 mdl_cw =   0.87538612427783857     
 mdl_sqrt__sw2 =   0.48342438232036300     
 mdl_sw =   0.48342438232036300     
 mdl_g1 =   0.35807170271074895     
 mdl_gN =   0.64839716719502682     
 mdl_gw =   0.64839716719502682     
 mdl_vev =    246.22056907348590     
 mdl_vev__exp__2 =    60624.568634871241     
 mdl_lam =   0.12886689630821144     
 mdl_yt =   0.98791394091683138     
 mdl_muH =    88.388347648318444     
 mdl_I2a33 =  ( 0.98791394091683138     ,  0.0000000000000000     )
 mdl_I3a33 =  ( 0.98791394091683138     ,  0.0000000000000000     )
 mdl_ee__exp__2 =    9.8251529432049817E-002
 mdl_sw__exp__2 =   0.23369913342182450     
 mdl_cw__exp__2 =   0.76630086657817542     
  Internal Params evaluated point by point
  ----------------------------------------
  
 mdl_sqrt__aS =   0.34409301068170506     
 mdl_G__exp__2 =    1.4878582807401259     
  Couplings of SM_HeavyN_UFO
  ---------------------------------
  
         GC_1 =  -0.00000E+00  -0.10448E+00
         GC_2 =   0.00000E+00   0.20897E+00
         GC_3 =  -0.00000E+00  -0.31345E+00
         GC_4 =   0.00000E+00   0.31345E+00
        GC_26 =   0.00000E+00   0.45849E+00
        GC_27 =  -0.00000E+00  -0.28380E+00
        GC_28 =   0.00000E+00   0.28380E+00
        GC_30 =   0.00000E+00   0.56760E+00
        GC_35 =  -0.00000E+00  -0.28850E-01
        GC_37 =   0.00000E+00   0.17310E+00
        GC_39 =   0.00000E+00  -0.19725E+00
        GC_40 =   0.00000E+00   0.37035E+00
        GC_80 =   0.00000E+00   0.67543E+02
       GC_107 =  -0.00000E+00  -0.74070E+00
       GC_109 =  -0.00000E+00  -0.74070E+00
       GC_111 =  -0.00000E+00  -0.74070E+00
       GC_113 =  -0.00000E+00  -0.74070E+00
       GC_115 =  -0.00000E+00  -0.74070E+00
       GC_117 =  -0.00000E+00  -0.74070E+00
       GC_119 =   0.00000E+00   0.00000E+00
       GC_120 =   0.00000E+00   0.00000E+00
       GC_122 =  -0.00000E+00  -0.00000E+00
       GC_126 =   0.00000E+00   0.00000E+00
       GC_127 =   0.00000E+00   0.00000E+00
       GC_129 =  -0.00000E+00  -0.00000E+00
       GC_133 =   0.00000E+00   0.45849E+00
       GC_134 =   0.00000E+00   0.37035E+00
       GC_136 =  -0.00000E+00  -0.82121E+01
        GC_81 =   0.36440E+02   0.00000E+00
        GC_82 =   0.38440E+02   0.00000E+00
        GC_83 =   0.40440E+02   0.00000E+00

 Collider parameters:
 --------------------

 Running at P P   machine @    13000.000000000000       GeV
 PDF set = nn23lo1
 alpha_s(Mz)= 0.1300 running at 2 loops.
 alpha_s(Mz)= 0.1300 running at 2 loops.
 Renormalization scale set on event-by-event basis
 Factorization   scale set on event-by-event basis


 getting user params
Enter number of events and max and min iterations: 
 Number of events and iterations         1000           5           3
Enter desired fractional accuracy: 
 Desired fractional accuracy:   0.10000000000000001     
Enter 0 for fixed, 2 for adjustable grid: 
Suppress amplitude (0 no, 1 yes)? 
 Using suppressed amplitude.
Exact helicity sum (0 yes, n = number/event)? 
 Explicitly summing over helicities
Enter Configuration Number: 
Running Configuration Number:  393
 Using dconfig=         701
 BW Setting            2           2           2           1           2           2           0
 Attempting mappinvarients           1           9
 Completed mapping           9
 about to integrate           19        1000           5           3          19           1
 Using non-zero grid deformation.
 19 dimensions   1000 events 19 invarients  5 iterations  1 config(s),  (0.99)
 Using h-tuple random number sequence.
 Error opening grid
 Using Uniform Grid!          36
 Using uniform alpha   1.0000000000000000     
 Grid defined OK
 Set CM energy to      13000.00
 Mapping Graph         393  to config         393
Setting grid   1    0.75740E-07   1
Setting grid   2    0.75740E-07   1
Setting grid   3    0.53139E-04   1
 Setting BW          -4           4   79.824359746197842     
Setting grid   5    0.28499E-04   1
Setting grid   6    0.15947E-03   1
 Transforming s_hat 1/s           18   2.1493129719111747E-004   1600.0000000000000        168999999.99999997     
 393   1   2   3   4   5   6   7   8   9  10  11  12  13  14
  15  16  17  18  19
 Masses: 0.000E+00 0.000E+00 0.000E+00 0.000E+00 0.000E+00 0.000E+00 0.000E+00 0.000E+00 0.912E+02
Using random seed offsets   393 :      1
  with seed                   24
 Ranmar initialization seeds         123        9398
 
 ********************************************
 * You are using the DiscreteSampler module *
 *      part of the MG5_aMC framework       *
 *         Author: Valentin Hirschi         *
 ********************************************
 
  Particle       3       4       5       6       7       8       9
      Et >    10.0    10.0    10.0    10.0     0.0     0.0     0.0
       E >     0.0     0.0     0.0     0.0     0.0     0.0     0.0
     Eta <     2.5     2.5     2.5     2.5    -1.0    -1.0    -1.0
   xqcut:      0.0     0.0     0.0     0.0     0.0     0.0     0.0
d R # 3  >    -0.0     0.4     0.4     0.4     0.0     0.0     0.0
d R # 4  >    -0.0    -0.0     0.4     0.4     0.0     0.0     0.0
d R # 5  >    -0.0    -0.0    -0.0     0.4     0.0     0.0     0.0
d R # 6  >    -0.0    -0.0    -0.0    -0.0     0.0     0.0     0.0
d R # 7  >    -0.0    -0.0    -0.0    -0.0    -0.0     0.0     0.0
d R # 8  >    -0.0    -0.0    -0.0    -0.0    -0.0    -0.0     0.0
s min # 3>     0.0     0.0     0.0     0.0     0.0     0.0     0.0
s min # 4>     0.0     0.0     0.0     0.0     0.0     0.0     0.0
s min # 5>     0.0     0.0     0.0     0.0     0.0     0.0     0.0
s min # 6>     0.0     0.0     0.0     0.0     0.0     0.0     0.0
s min # 7>     0.0     0.0     0.0     0.0     0.0     0.0     0.0
s min # 8>     0.0     0.0     0.0     0.0     0.0     0.0     0.0
xqcutij # 3>     0.0     0.0     0.0     0.0     0.0     0.0     0.0
xqcutij # 4>     0.0     0.0     0.0     0.0     0.0     0.0     0.0
xqcutij # 5>     0.0     0.0     0.0     0.0     0.0     0.0     0.0
xqcutij # 6>     0.0     0.0     0.0     0.0     0.0     0.0     0.0
xqcutij # 7>     0.0     0.0     0.0     0.0     0.0     0.0     0.0
xqcutij # 8>     0.0     0.0     0.0     0.0     0.0     0.0     0.0
 Excluding BW           -1           1
 Excluding BW           -2           2
 Excluding BW           -3           3
 Requiring BW           -4           4
 Excluding BW           -5           5
 Excluding BW           -6           6
 alpha_s for scale    611.54546942271304       is    9.8817380511119698E-002
 Added good helicity            1   26.429034716367887       in event            1 local:           1
 Added good helicity           21  0.43115795770101001       in event            1 local:           1
 Added good helicity           25   13.130022420582444       in event            1 local:           1
 Added good helicity           37  0.37990211568535898       in event            1 local:           1
 Added good helicity           41  0.30067814793837588       in event            1 local:           1
 Added good helicity           61   3.4394096129396134E-006  in event            1 local:           1
 Added good helicity          193   52.536125640691033       in event            1 local:           1
 Added good helicity          213   38.207342284557996       in event            1 local:           1
 Added good helicity          217   119.52946570982652       in event            1 local:           1
 Added good helicity          229   4.6098119294123849       in event            1 local:           1
 Added good helicity          233  0.44645491004108001       in event            1 local:           1
 Added good helicity          253   7.2778628525453970E-007  in event            1 local:           1
 Added good helicity            1   26.429034716367742       in event            1 local:           1
 Added good helicity           21  0.43115795770100929       in event            1 local:           1
 Added good helicity           25   13.130022420582421       in event            1 local:           1
 Added good helicity           37  0.37990211568536181       in event            1 local:           1
 Added good helicity           41  0.30067814793837661       in event            1 local:           1
 Added good helicity           61   3.4394096129396477E-006  in event            1 local:           1
 Added good helicity          193   52.536125640690813       in event            1 local:           1
 Added good helicity          213   38.207342284558003       in event            1 local:           1
 Added good helicity          217   119.52946570982691       in event            1 local:           1
 Added good helicity          229   4.6098119294123965       in event            1 local:           1
 Added good helicity          233  0.44645491004108112       in event            1 local:           1
 Added good helicity          253   7.2778628525448126E-007  in event            1 local:           1
 RESET CUMULATIVE VARIABLE
 RESET CUMULATIVE VARIABLE
 RESET CUMULATIVE VARIABLE
 Iteration  1   Mean: 0.2531E-12 Abs mean: 0.2531E-12   Fluctuation:  0.198E-12   0.195E-09     2.6%
  1    0.2531E-12 0.2531E-12 +- 0.1980E-12     24.74
 Writing out events   1.9577869168390600E-015   24.740785899891971     
 Relative summed weights:
  0.5944E-04  0.1160E+00  0.4605E-04  0.2101E-01  0.8183E-11  0.4407E-10
  0.4575E-02  0.3328E-05  0.4687E-05  0.6251E-06  0.0000E+00  0.1679E-05
  0.3201E-06  0.1969E-02  0.7769E+00  0.1356E-04  0.3049E-05  0.3205E-08
  0.2630E-04  0.3388E-06  0.1474E-05  0.1823E-05  0.0000E+00  0.2806E-04
  0.4695E-04  0.2825E-06  0.6148E-04  0.6513E-04  0.5734E-06  0.1848E-09
  0.1184E-06  0.4018E-05  0.1143E-03  0.2069E-04  0.5816E-05  0.1565E-12
  0.4938E-01  0.2137E-04  0.1933E-05  0.4188E-04  0.1129E-07  0.0000E+00
  0.6161E-04  0.2932E-01  0.1563E-03  0.4479E-06  0.0000E+00  0.1695E-10
 Relative number of events:
  0.1586E-01  0.2180E-01  0.6343E-01  0.7929E-01  0.2973E-02  0.2973E-02
  0.2180E-01  0.1883E-01  0.9911E-02  0.1388E-01  0.0000E+00  0.1982E-02
  0.1685E-01  0.1784E-01  0.6739E-01  0.6938E-01  0.1982E-02  0.2973E-02
  0.2676E-01  0.1586E-01  0.1586E-01  0.1288E-01  0.0000E+00  0.2973E-02
  0.1586E-01  0.1487E-01  0.7532E-01  0.6938E-01  0.2973E-02  0.2973E-02
  0.1784E-01  0.1487E-01  0.6838E-01  0.7631E-01  0.3964E-02  0.9911E-03
  0.1883E-01  0.2279E-01  0.1685E-01  0.7929E-02  0.1982E-02  0.0000E+00
  0.1883E-01  0.1487E-01  0.1685E-01  0.1288E-01  0.0000E+00  0.9911E-03
 Events:
          16          22          64          80           3           3
          22          19          10          14           0           2
          17          18          68          70           2           3
          27          16          16          13           0           3
          16          15          76          70           3           3
          18          15          69          77           4           1
          19          23          17           8           2           0
          19          15          17          13           0           1
 Iteration  2   Mean: 0.6841E-13 Abs mean: 0.6841E-13   Fluctuation:  0.472E-13   0.894E-10    21.7%
  2    0.6841E-13 0.6841E-13 +- 0.4724E-13     30.88
 Relative summed weights:
  0.4812E-02  0.1258E-03  0.1114E-04  0.3631E-03  0.2041E-09  0.0000E+00
  0.2230E-03  0.9488E-04  0.1070E-05  0.4597E-05  0.6626E-09  0.1619E-04
  0.6554E-05  0.4605E-03  0.2370E-04  0.3484E-04  0.5447E-05  0.1670E-03
  0.2619E-03  0.7921E-03  0.5904E-06  0.1874E+00  0.2246E-12  0.1296E-13
  0.6564E-04  0.2427E-03  0.5936E-04  0.2056E-03  0.0000E+00  0.2866E-06
  0.9919E-04  0.3942E-02  0.2179E-02  0.1311E+00  0.3373E-11  0.7138E-07
  0.2353E-04  0.1168E-01  0.3879E-04  0.1919E-05  0.0000E+00  0.0000E+00
  0.6538E+00  0.1688E-02  0.2576E-04  0.1917E-04  0.0000E+00  0.2199E-05
 Relative number of events:
  0.2950E-01  0.2550E-01  0.5650E-01  0.5950E-01  0.1500E-02  0.0000E+00
  0.2900E-01  0.2950E-01  0.9500E-02  0.9500E-02  0.5000E-03  0.5000E-03
  0.1750E-01  0.2300E-01  0.6650E-01  0.5550E-01  0.3000E-02  0.1000E-02
  0.2750E-01  0.3300E-01  0.1400E-01  0.1300E-01  0.5000E-03  0.5000E-03
  0.1750E-01  0.2200E-01  0.6300E-01  0.6000E-01  0.0000E+00  0.1500E-02
  0.1900E-01  0.1950E-01  0.7050E-01  0.6000E-01  0.1000E-02  0.5000E-03
  0.2800E-01  0.2600E-01  0.1400E-01  0.7000E-02  0.0000E+00  0.0000E+00
  0.2850E-01  0.2900E-01  0.1200E-01  0.1450E-01  0.0000E+00  0.5000E-03
 Events:
          59          51         113         119           3           0
          58          59          19          19           1           1
          35          46         133         111           6           2
          55          66          28          26           1           1
          35          44         126         120           0           3
          38          39         141         120           2           1
          56          52          28          14           0           0
          57          58          24          29           0           1
 Iteration  3   Mean: 0.5453E-14 Abs mean: 0.5453E-14   Fluctuation:  0.228E-14   0.802E-11    34.7%
  3    0.5453E-14 0.5453E-14 +- 0.2280E-14     26.44
 Relative summed weights:
  0.1322E-03  0.3678E+00  0.1441E+00  0.5301E-01  0.6964E-07  0.1220E-09
  0.3382E-01  0.1687E-02  0.7977E-02  0.7808E-03  0.0000E+00  0.4973E-05
  0.2936E-02  0.2065E-02  0.8547E-03  0.6571E-02  0.5227E-07  0.2587E-08
  0.9396E-02  0.1459E-02  0.1859E-02  0.1204E-02  0.6400E-11  0.0000E+00
  0.4373E-01  0.3973E-01  0.3654E-02  0.1004E-01  0.1487E-06  0.3678E-05
  0.7902E-03  0.4786E-01  0.5075E-01  0.5243E-02  0.8307E-10  0.1312E-09
  0.4601E-02  0.2693E-03  0.8139E-03  0.3094E-04  0.0000E+00  0.6959E-10
  0.1490E+00  0.2868E-02  0.5460E-03  0.4349E-02  0.3206E-06  0.1597E-10
 Relative number of events:
  0.2375E-01  0.1975E-01  0.6050E-01  0.6175E-01  0.7500E-03  0.2500E-03
  0.2500E-01  0.2550E-01  0.1150E-01  0.1225E-01  0.0000E+00  0.1000E-02
  0.2200E-01  0.2350E-01  0.6350E-01  0.6400E-01  0.2500E-03  0.2500E-03
  0.2575E-01  0.2825E-01  0.1000E-01  0.1475E-01  0.2500E-03  0.0000E+00
  0.2375E-01  0.2325E-01  0.6725E-01  0.6375E-01  0.2500E-03  0.5000E-03
  0.2375E-01  0.2075E-01  0.6550E-01  0.6125E-01  0.5000E-03  0.2500E-03
  0.2900E-01  0.2400E-01  0.1300E-01  0.9000E-02  0.0000E+00  0.5000E-03
  0.2925E-01  0.2650E-01  0.8750E-02  0.1350E-01  0.7500E-03  0.5000E-03
 Events:
          95          79         242         247           3           1
         100         102          46          49           0           4
          88          94         254         256           1           1
         103         113          40          59           1           0
          95          93         269         255           1           2
          95          83         262         245           2           1
         116          96          52          36           0           2
         117         106          35          54           3           2
 Accuracy:    1.032   0.100   0.325  10.074
 Found           30  events.
 Wrote            3  events.
 Actual xsec    6.2224036227910856E-014
 Correct abs xsec    6.2224036227910856E-014
 Event xsec    6.2224036227910856E-014
 Events wgts > 1:            1
 % Cross section > 1:    8.5917398359130760E-022   1.3807750761206992E-006
 Iteration  4   Mean: 0.6967E-13 Abs mean: 0.6967E-13   Fluctuation:  0.488E-13   0.384E-09    42.9%
  4    0.6967E-13 0.6967E-13 +- 0.4875E-13     62.59
 Relative summed weights:
  0.2611E-02  0.1483E-01  0.2180E-01  0.5421E-02  0.6987E-07  0.5437E-09
  0.2946E-01  0.2009E-02  0.1403E-02  0.3857E-03  0.2533E-07  0.0000E+00
  0.1351E-01  0.1850E-02  0.1168E-02  0.4915E-02  0.5999E-07  0.4826E-06
  0.1306E-01  0.5122E-02  0.3846E-03  0.6660E-04  0.5236E-09  0.1057E-09
  0.1149E+00  0.6136E-03  0.1232E-02  0.5514E-02  0.2429E-08  0.1691E-07
  0.9376E-03  0.2445E-02  0.1485E-01  0.6886E+00  0.2619E-10  0.2274E-07
  0.1223E-02  0.4291E-03  0.2942E-02  0.9591E-03  0.7202E-10  0.0000E+00
  0.2337E-03  0.4446E-01  0.1127E-02  0.1551E-02  0.0000E+00  0.5935E-07
 Relative number of events:
  0.2400E-01  0.2525E-01  0.5725E-01  0.6275E-01  0.8750E-03  0.8750E-03
  0.2775E-01  0.3025E-01  0.9500E-02  0.1175E-01  0.2500E-03  0.0000E+00
  0.2650E-01  0.2075E-01  0.5725E-01  0.6212E-01  0.7500E-03  0.5000E-03
  0.2562E-01  0.2712E-01  0.1125E-01  0.1137E-01  0.3750E-03  0.2500E-03
  0.2413E-01  0.2513E-01  0.6288E-01  0.6225E-01  0.6250E-03  0.8750E-03
  0.2250E-01  0.2312E-01  0.6237E-01  0.6012E-01  0.2500E-03  0.1125E-02
  0.2725E-01  0.2800E-01  0.1175E-01  0.1337E-01  0.1250E-03  0.0000E+00
  0.2625E-01  0.2675E-01  0.1350E-01  0.1300E-01  0.0000E+00  0.2500E-03
 Events:
         192         202         458         502           7           7
         222         242          76          94           2           0
         212         166         458         497           6           4
         205         217          90          91           3           2
         193         201         503         498           5           7
         180         185         499         481           2           9
         218         224          94         107           1           0
         210         214         108         104           0           2
 Accuracy:    0.749   0.100   0.295   6.447
 Found          246  events.
 Wrote            1  events.
 Actual xsec    3.2146381335643694E-014
 Correct abs xsec    3.2146381335643694E-014
 Event xsec    3.2146381335643694E-014
 Events wgts > 1:            0
 % Cross section > 1:    0.0000000000000000        0.0000000000000000     
 Iteration  5   Mean: 0.4391E-12 Abs mean: 0.4391E-12   Fluctuation:  0.231E-12   0.278E-08    53.8%
  5    0.4391E-12 0.4391E-12 +- 0.2311E-12     66.56
 Relative summed weights:
  0.2064E-02  0.1664E-03  0.1557E-02  0.1312E-02  0.6070E-11  0.3856E-07
  0.1814E-02  0.4938E-02  0.3795E-02  0.2639E+00  0.3111E-05  0.0000E+00
  0.6764E-03  0.2389E-03  0.1536E-01  0.1393E-02  0.2903E-05  0.5123E-12
  0.1616E-02  0.9995E-03  0.3442E-03  0.2268E-03  0.1020E-12  0.0000E+00
  0.2631E-02  0.2066E-02  0.1771E-01  0.1299E-02  0.2588E-07  0.2512E-06
  0.2811E-02  0.5436E-03  0.2636E-01  0.4126E-02  0.2572E-07  0.3086E-08
  0.5311E-02  0.3589E-02  0.1249E-02  0.1011E-02  0.5951E-06  0.2966E-10
  0.1308E-02  0.6264E+00  0.8173E-04  0.3077E-02  0.0000E+00  0.0000E+00
 Relative number of events:
  0.2375E-01  0.2287E-01  0.6269E-01  0.6231E-01  0.3750E-03  0.5000E-03
  0.2700E-01  0.2725E-01  0.1275E-01  0.1263E-01  0.1250E-03  0.0000E+00
  0.2444E-01  0.2531E-01  0.6381E-01  0.6206E-01  0.6875E-03  0.3750E-03
  0.2694E-01  0.2631E-01  0.1075E-01  0.1206E-01  0.6250E-04  0.0000E+00
  0.2444E-01  0.2319E-01  0.6144E-01  0.5931E-01  0.6875E-03  0.5000E-03
  0.2281E-01  0.2337E-01  0.6313E-01  0.6175E-01  0.3750E-03  0.3750E-03
  0.2644E-01  0.2581E-01  0.1063E-01  0.1156E-01  0.1875E-03  0.1250E-03
  0.2644E-01  0.2819E-01  0.1231E-01  0.1188E-01  0.0000E+00  0.0000E+00
 Events:
         380         366        1003         997           6           8
         432         436         204         202           2           0
         391         405        1021         993          11           6
         431         421         172         193           1           0
         391         371         983         949          11           8
         365         374        1010         988           6           6
         423         413         170         185           3           2
         423         451         197         190           0           0
 Accuracy:    0.573   0.100   0.257   4.951
 Found          196  events.
 Wrote            2  events.
 Actual xsec    1.5467895045098767E-013
 Correct abs xsec    1.5467895045098767E-013
 Event xsec    1.5467895045098767E-013
 Events wgts > 1:            0
 % Cross section > 1:    0.0000000000000000        0.0000000000000000     

 -------------------------------------------------------------------------------
 Accumulated results:   Integral =  0.1533E-12
                        Std dev  =  0.3946E-13
                       Cross sec =  0.1533E-12
             Chi**2 per DoF.     =      4.9515
 -------------------------------------------------------------------------------
-------------------------------------------------
---------------------------
 Results Last   3 iters: Integral =   0.1547E-12
                     Abs integral =   0.1547E-12
                          Std dev =   0.4587E-13
                  Chi**2 per DoF. =   2144.3490
-------------------------------------------------
---------------------------
 Status  0.10000000000000001                6           5

ls status:
events.lhe
ftn26
input_app.txt
results.dat
run1_app.log
