 Process in group number            1
 A PDF is used, so alpha_s(MZ) is going to be modified
 Old value of alpha_s from param_card:   0.11839999999999999     
  ****************************************
 
       NNPDFDriver version 1.0.3
   Grid: NNPDF23_lo_as_0130_qed_mem0.grid
  ****************************************
 New value of alpha_s from PDF nn23lo1:  0.13000000000000000     
 Define smin to   1600.0000000000000     
 Define smin to   1600.0000000000000     
 Define smin to   1600.0000000000000     
 *****************************************************
 *               MadGraph/MadEvent                   *
 *        --------------------------------           *
 *          http://madgraph.hep.uiuc.edu             *
 *          http://madgraph.phys.ucl.ac.be           *
 *          http://madgraph.roma2.infn.it            *
 *        --------------------------------           *
 *                                                   *
 *          PARAMETER AND COUPLING VALUES            *
 *                                                   *
 *****************************************************

  External Params
  ---------------------------------
  
 mdl_VeN1 =    1.0000000000000000     
 mdl_VeN2 =    0.0000000000000000     
 mdl_VeN3 =    0.0000000000000000     
 mdl_VmuN1 =    0.0000000000000000     
 mdl_VmuN2 =    1.0000000000000000     
 mdl_VmuN3 =    0.0000000000000000     
 mdl_VtaN1 =    0.0000000000000000     
 mdl_VtaN2 =    0.0000000000000000     
 mdl_VtaN3 =    1.0000000000000000     
 mdl_VN1N1 =    1.0000000000000000     
 mdl_VN1N2 =    1.0000000000000000     
 mdl_VN1N3 =    1.0000000000000000     
 mdl_VN2N2 =    1.0000000000000000     
 mdl_VN2N3 =    1.0000000000000000     
 mdl_VN3N3 =    1.0000000000000000     
 aEWM1 =    127.90000000000001     
 mdl_Gf =    1.1663700000000000E-005
 aS =   0.11839999999999999     
 mdl_ymt =    172.00000000000000     
 mdl_vevf =    50.000000000000000     
 mdl_MZ =    91.187600000000003     
 mdl_MT =    172.00000000000000     
 mdl_MH =    125.00000000000000     
 mdl_mN1 =    2000.0000000000000     
 mdl_mN2 =    2100.0000000000000     
 mdl_mN3 =    2200.0000000000000     
 mdl_MJ =    91.187600000000003     
 mdl_MAx =    173.04800000000000     
 mdl_WZ =    2.4952000000000001     
 mdl_WW =    2.0850000000000000     
 mdl_WT =    1.5083359999999999     
 mdl_WH =    4.0699999999999998E-003
 mdl_WN1 =   0.30299999999999999     
 mdl_WN2 =    1.5000000000000000     
 mdl_WN3 =    12.300000000000001     
 mdl_WJ =    2.4952000000000001     
 mdl_WAx =    4.1700000000000001E-003
  Internal Params
  ---------------------------------
  
 mdl_vevf__exp__2 =    2500.0000000000000     
 mdl_sqrt__vevf__exp__2 =    50.000000000000000     
 mdl_muJ =    50.000000000000000     
 mdl_MZ__exp__2 =    8315.1783937600012     
 mdl_MZ__exp__4 =    69142191.720053151     
 mdl_sqrt__2 =    1.4142135623730951     
 mdl_MJ__exp__2 =    8315.1783937600012     
 mdl_muJ__exp__2 =    2500.0000000000000     
 mdl_lamJ =    4.3260713575040004     
 mdl_MH__exp__2 =    15625.000000000000     
 mdl_complexi =  (  0.0000000000000000     ,  1.0000000000000000     )
 mdl_aEW =    7.8186082877247844E-003
 mdl_MW =    79.824359746197842     
 mdl_sqrt__aEW =    8.8422894590285753E-002
 mdl_ee =   0.31345100004952897     
 mdl_MW__exp__2 =    6371.9284088904105     
 mdl_sw2 =   0.23369913342182447     
 mdl_cw =   0.87538612427783857     
 mdl_sqrt__sw2 =   0.48342438232036300     
 mdl_sw =   0.48342438232036300     
 mdl_g1 =   0.35807170271074895     
 mdl_gN =   0.64839716719502682     
 mdl_gw =   0.64839716719502682     
 mdl_vev =    246.22056907348590     
 mdl_vev__exp__2 =    60624.568634871241     
 mdl_lam =   0.12886689630821144     
 mdl_yt =   0.98791394091683138     
 mdl_muH =    88.388347648318444     
 mdl_I2a33 =  ( 0.98791394091683138     ,  0.0000000000000000     )
 mdl_I3a33 =  ( 0.98791394091683138     ,  0.0000000000000000     )
 mdl_ee__exp__2 =    9.8251529432049817E-002
 mdl_sw__exp__2 =   0.23369913342182450     
 mdl_cw__exp__2 =   0.76630086657817542     
  Internal Params evaluated point by point
  ----------------------------------------
  
 mdl_sqrt__aS =   0.34409301068170506     
 mdl_G__exp__2 =    1.4878582807401259     
  Couplings of SM_HeavyN_UFO
  ---------------------------------
  
         GC_1 =  -0.00000E+00  -0.10448E+00
         GC_2 =   0.00000E+00   0.20897E+00
         GC_3 =  -0.00000E+00  -0.31345E+00
         GC_4 =   0.00000E+00   0.31345E+00
        GC_26 =   0.00000E+00   0.45849E+00
        GC_27 =  -0.00000E+00  -0.28380E+00
        GC_28 =   0.00000E+00   0.28380E+00
        GC_30 =   0.00000E+00   0.56760E+00
        GC_35 =  -0.00000E+00  -0.28850E-01
        GC_37 =   0.00000E+00   0.17310E+00
        GC_39 =   0.00000E+00  -0.19725E+00
        GC_40 =   0.00000E+00   0.37035E+00
        GC_80 =   0.00000E+00   0.67543E+02
       GC_107 =  -0.00000E+00  -0.74070E+00
       GC_109 =  -0.00000E+00  -0.74070E+00
       GC_111 =  -0.00000E+00  -0.74070E+00
       GC_113 =  -0.00000E+00  -0.74070E+00
       GC_115 =  -0.00000E+00  -0.74070E+00
       GC_117 =  -0.00000E+00  -0.74070E+00
       GC_119 =   0.00000E+00   0.00000E+00
       GC_120 =   0.00000E+00   0.00000E+00
       GC_122 =  -0.00000E+00  -0.00000E+00
       GC_126 =   0.00000E+00   0.00000E+00
       GC_127 =   0.00000E+00   0.00000E+00
       GC_129 =  -0.00000E+00  -0.00000E+00
       GC_133 =   0.00000E+00   0.45849E+00
       GC_134 =   0.00000E+00   0.37035E+00
       GC_136 =  -0.00000E+00  -0.89351E+01
        GC_81 =   0.40000E+02   0.00000E+00
        GC_82 =   0.42000E+02   0.00000E+00
        GC_83 =   0.44000E+02   0.00000E+00

 Collider parameters:
 --------------------

 Running at P P   machine @    13000.000000000000       GeV
 PDF set = nn23lo1
 alpha_s(Mz)= 0.1300 running at 2 loops.
 alpha_s(Mz)= 0.1300 running at 2 loops.
 Renormalization scale set on event-by-event basis
 Factorization   scale set on event-by-event basis


 getting user params
Enter number of events and max and min iterations: 
 Number of events and iterations         1000           5           3
Enter desired fractional accuracy: 
 Desired fractional accuracy:   0.10000000000000001     
Enter 0 for fixed, 2 for adjustable grid: 
Suppress amplitude (0 no, 1 yes)? 
 Using suppressed amplitude.
Exact helicity sum (0 yes, n = number/event)? 
 Explicitly summing over helicities
Enter Configuration Number: 
Running Configuration Number:  392
 Using dconfig=         637
 BW Setting            1           2           1           2           1           2           0
 Attempting mappinvarients           1           9
 Completed mapping           9
 about to integrate           19        1000           5           3          19           1
 Using non-zero grid deformation.
 19 dimensions   1000 events 19 invarients  5 iterations  1 config(s),  (0.99)
 Using h-tuple random number sequence.
 Error opening grid
 Using Uniform Grid!          36
 Using uniform alpha   1.0000000000000000     
 Grid defined OK
 Set CM energy to      13000.00
 Mapping Graph         392  to config         392
 Setting BW          -1           1   79.824359746197842     
Setting grid   2    0.28499E-04   1
 Setting BW          -3           3   2200.0000000000000     
Setting grid   4    0.75740E-07   1
 Setting BW          -5           5   2200.0000000000000     
Setting grid   6    0.10824E+00   1
 Transforming s_hat 1/s           18  0.10824100000000002        1600.0000000000000        168999999.99999997     
 392   1   2   3   4   5   6   7   8   9  10  11  12  13  14
  15  16  17  18  19
 Masses: 0.000E+00 0.000E+00 0.000E+00 0.000E+00 0.000E+00 0.000E+00 0.000E+00 0.000E+00 0.912E+02
Using random seed offsets   392 :      1
  with seed                   24
 Ranmar initialization seeds         122        9398
 
 ********************************************
 * You are using the DiscreteSampler module *
 *      part of the MG5_aMC framework       *
 *         Author: Valentin Hirschi         *
 ********************************************
 
  Particle       3       4       5       6       7       8       9
      Et >    10.0    10.0    10.0    10.0     0.0     0.0     0.0
       E >     0.0     0.0     0.0     0.0     0.0     0.0     0.0
     Eta <     2.5     2.5     2.5     2.5    -1.0    -1.0    -1.0
   xqcut:      0.0     0.0     0.0     0.0     0.0     0.0     0.0
d R # 3  >    -0.0     0.4     0.4     0.4     0.0     0.0     0.0
d R # 4  >    -0.0    -0.0     0.4     0.4     0.0     0.0     0.0
d R # 5  >    -0.0    -0.0    -0.0     0.4     0.0     0.0     0.0
d R # 6  >    -0.0    -0.0    -0.0    -0.0     0.0     0.0     0.0
d R # 7  >    -0.0    -0.0    -0.0    -0.0    -0.0     0.0     0.0
d R # 8  >    -0.0    -0.0    -0.0    -0.0    -0.0    -0.0     0.0
s min # 3>     0.0     0.0     0.0     0.0     0.0     0.0     0.0
s min # 4>     0.0     0.0     0.0     0.0     0.0     0.0     0.0
s min # 5>     0.0     0.0     0.0     0.0     0.0     0.0     0.0
s min # 6>     0.0     0.0     0.0     0.0     0.0     0.0     0.0
s min # 7>     0.0     0.0     0.0     0.0     0.0     0.0     0.0
s min # 8>     0.0     0.0     0.0     0.0     0.0     0.0     0.0
xqcutij # 3>     0.0     0.0     0.0     0.0     0.0     0.0     0.0
xqcutij # 4>     0.0     0.0     0.0     0.0     0.0     0.0     0.0
xqcutij # 5>     0.0     0.0     0.0     0.0     0.0     0.0     0.0
xqcutij # 6>     0.0     0.0     0.0     0.0     0.0     0.0     0.0
xqcutij # 7>     0.0     0.0     0.0     0.0     0.0     0.0     0.0
xqcutij # 8>     0.0     0.0     0.0     0.0     0.0     0.0     0.0
 Requiring BW           -1           1
 Excluding BW           -2           2
 Requiring BW           -3           3
 Excluding BW           -4           4
 Requiring BW           -5           5
 Excluding BW           -6           6
 alpha_s for scale    4591.1314164809246       is    7.8948736449426987E-002
 Added good helicity            1   64.622604102627804       in event            1 local:           1
 Added good helicity           21   2.8368172662942719E-003  in event            1 local:           1
 Added good helicity           25   1.6471188980637316E-008  in event            1 local:           1
 Added good helicity           37   1.8307163607847756E-008  in event            1 local:           1
 Added good helicity           41   6.4959908756907327E-006  in event            1 local:           1
 Added good helicity          193   191.36015923174836       in event            1 local:           1
 Added good helicity          213   1.3744615463531552E-002  in event            1 local:           1
 Added good helicity          229   1.5057024361618805E-006  in event            1 local:           1
 Added good helicity          233   6.4715717176608918E-004  in event            1 local:           1
 Added good helicity          253   3.5992441683374211E-008  in event            1 local:           1
 Added good helicity            1   64.622604102624877       in event            1 local:           1
 Added good helicity           21   2.8368172662940855E-003  in event            1 local:           1
 Added good helicity           25   1.6471188980637028E-008  in event            1 local:           1
 Added good helicity           37   1.8307163607842740E-008  in event            1 local:           1
 Added good helicity           41   6.4959908756920973E-006  in event            1 local:           1
 Added good helicity          193   191.36015923175128       in event            1 local:           1
 Added good helicity          213   1.3744615463530809E-002  in event            1 local:           1
 Added good helicity          229   1.5057024361618911E-006  in event            1 local:           1
 Added good helicity          233   6.4715717176627588E-004  in event            1 local:           1
 Added good helicity          253   3.5992441683380611E-008  in event            1 local:           1
 Added good helicity           61   1.2679496810710970E-004  in event            4 local:           2
 Added good helicity          217   5.1229321189866679E-002  in event            4 local:           2
 Added good helicity           61   1.2679496810710339E-004  in event            4 local:           2
 Added good helicity          217   5.1229321189876054E-002  in event            4 local:           2
 RESET CUMULATIVE VARIABLE
 RESET CUMULATIVE VARIABLE
 RESET CUMULATIVE VARIABLE
 Iteration  1   Mean: 0.9803E-08 Abs mean: 0.9803E-08   Fluctuation:  0.583E-08   0.554E-05    11.3%
  1    0.9803E-08 0.9803E-08 +- 0.5827E-08     18.80
 Writing out events   1.7320492246486550E-011   18.797416050064324     
 Relative summed weights:
  0.7429E-02  0.3123E-01  0.1978E-02  0.8146E-03  0.0000E+00  0.0000E+00
  0.1881E-02  0.5954E-02  0.2721E-02  0.3061E-04  0.0000E+00  0.0000E+00
  0.6275E+00  0.3415E-01  0.1553E-03  0.2025E-02  0.1466E-05  0.0000E+00
  0.1663E+00  0.2405E-01  0.2119E-03  0.6304E-05  0.0000E+00  0.0000E+00
  0.2329E-01  0.4038E-02  0.4358E-02  0.5982E-02  0.0000E+00  0.0000E+00
  0.1715E-01  0.1321E-01  0.1001E-01  0.8188E-02  0.0000E+00  0.0000E+00
  0.9086E-03  0.8609E-03  0.5876E-04  0.6290E-03  0.0000E+00  0.0000E+00
  0.2188E-02  0.1084E-02  0.1555E-02  0.3664E-04  0.0000E+00  0.0000E+00
 Relative number of events:
  0.3964E-01  0.5055E-01  0.3072E-01  0.3370E-01  0.0000E+00  0.0000E+00
  0.3171E-01  0.2874E-01  0.1883E-01  0.2676E-01  0.0000E+00  0.0000E+00
  0.4757E-01  0.5253E-01  0.2279E-01  0.2478E-01  0.9911E-03  0.0000E+00
  0.2478E-01  0.2676E-01  0.2180E-01  0.9911E-02  0.0000E+00  0.0000E+00
  0.4559E-01  0.4559E-01  0.3667E-01  0.3667E-01  0.0000E+00  0.0000E+00
  0.4361E-01  0.3964E-01  0.3171E-01  0.2577E-01  0.0000E+00  0.0000E+00
  0.2874E-01  0.3072E-01  0.1883E-01  0.1982E-01  0.0000E+00  0.0000E+00
  0.3766E-01  0.2973E-01  0.1982E-01  0.1685E-01  0.0000E+00  0.0000E+00
 Events:
          40          51          31          34           0           0
          32          29          19          27           0           0
          48          53          23          25           1           0
          25          27          22          10           0           0
          46          46          37          37           0           0
          44          40          32          26           0           0
          29          31          19          20           0           0
          38          30          20          17           0           0
 Iteration  2   Mean: 0.2073E-07 Abs mean: 0.2073E-07   Fluctuation:  0.694E-08   0.929E-05    29.5%
  2    0.2073E-07 0.2073E-07 +- 0.6943E-08     14.98
 Relative summed weights:
  0.1262E-01  0.6972E-02  0.1074E-02  0.1094E-02  0.0000E+00  0.0000E+00
  0.2331E+00  0.4878E-02  0.1136E-01  0.6893E-01  0.0000E+00  0.0000E+00
  0.1963E-01  0.1067E+00  0.5055E-01  0.1516E-01  0.0000E+00  0.0000E+00
  0.8756E-03  0.4348E-03  0.8913E-02  0.1745E-02  0.0000E+00  0.0000E+00
  0.7547E-02  0.1300E-02  0.4729E-02  0.1104E-01  0.0000E+00  0.0000E+00
  0.2500E+00  0.6403E-01  0.1454E-02  0.1356E-03  0.0000E+00  0.0000E+00
  0.1278E-02  0.9393E-01  0.1746E-02  0.2198E-03  0.0000E+00  0.0000E+00
  0.6351E-02  0.1048E-01  0.1319E-02  0.4150E-03  0.0000E+00  0.0000E+00
 Relative number of events:
  0.4500E-01  0.4750E-01  0.3300E-01  0.2700E-01  0.0000E+00  0.0000E+00
  0.3100E-01  0.3450E-01  0.1800E-01  0.1750E-01  0.0000E+00  0.0000E+00
  0.4050E-01  0.5350E-01  0.3550E-01  0.2800E-01  0.0000E+00  0.0000E+00
  0.2850E-01  0.2850E-01  0.1850E-01  0.1650E-01  0.0000E+00  0.0000E+00
  0.4150E-01  0.4550E-01  0.3750E-01  0.2300E-01  0.0000E+00  0.0000E+00
  0.5300E-01  0.4300E-01  0.3100E-01  0.2250E-01  0.0000E+00  0.0000E+00
  0.2850E-01  0.3450E-01  0.2050E-01  0.1650E-01  0.0000E+00  0.0000E+00
  0.2600E-01  0.3550E-01  0.2050E-01  0.1800E-01  0.0000E+00  0.0000E+00
 Events:
          90          95          66          54           0           0
          62          69          36          35           0           0
          81         107          71          56           0           0
          57          57          37          33           0           0
          83          91          75          46           0           0
         106          86          62          45           0           0
          57          69          41          33           0           0
          52          71          41          36           0           0
 Iteration  3   Mean: 0.4719E-07 Abs mean: 0.4719E-07   Fluctuation:  0.273E-07   0.107E-03    27.4%
  3    0.4719E-07 0.4719E-07 +- 0.2731E-07     36.59
 Relative summed weights:
  0.1290E-01  0.1712E-01  0.9111E-02  0.4254E-02  0.0000E+00  0.0000E+00
  0.6427E-02  0.1447E-01  0.2669E-02  0.1032E-02  0.0000E+00  0.0000E+00
  0.3449E-01  0.1769E-01  0.1201E-02  0.2719E-02  0.0000E+00  0.0000E+00
  0.3531E-01  0.2218E-01  0.1429E-01  0.1136E-01  0.0000E+00  0.0000E+00
  0.9735E-01  0.6052E-02  0.2047E-02  0.1694E-01  0.0000E+00  0.0000E+00
  0.2426E-02  0.3054E-02  0.1182E-02  0.3602E-02  0.0000E+00  0.0000E+00
  0.1086E-01  0.2367E-01  0.5763E+00  0.3264E-03  0.0000E+00  0.0000E+00
  0.8986E-02  0.3479E-01  0.3615E-03  0.4847E-02  0.0000E+00  0.0000E+00
 Relative number of events:
  0.4550E-01  0.4950E-01  0.3425E-01  0.2850E-01  0.0000E+00  0.0000E+00
  0.3500E-01  0.3300E-01  0.1475E-01  0.1425E-01  0.0000E+00  0.0000E+00
  0.3900E-01  0.4025E-01  0.2325E-01  0.2950E-01  0.0000E+00  0.0000E+00
  0.3175E-01  0.3200E-01  0.1725E-01  0.1900E-01  0.0000E+00  0.0000E+00
  0.4400E-01  0.5125E-01  0.2950E-01  0.2975E-01  0.0000E+00  0.0000E+00
  0.5075E-01  0.4325E-01  0.3025E-01  0.3025E-01  0.0000E+00  0.0000E+00
  0.3450E-01  0.3575E-01  0.1925E-01  0.1450E-01  0.0000E+00  0.0000E+00
  0.3425E-01  0.3525E-01  0.1600E-01  0.1475E-01  0.0000E+00  0.0000E+00
 Events:
         182         198         137         114           0           0
         140         132          59          57           0           0
         156         161          93         118           0           0
         127         128          69          76           0           0
         176         205         118         119           0           0
         203         173         121         121           0           0
         138         143          77          58           0           0
         137         141          64          59           0           0
 Accuracy:    0.366   0.100   0.261   1.973
 Found          229  events.
 Wrote            1  events.
 Actual xsec    2.3995284053137578E-008
 Correct abs xsec    2.3995284053137578E-008
 Event xsec    2.3995284053137578E-008
 Events wgts > 1:            1
 % Cross section > 1:    2.9062787964277205E-015   1.2111874941725063E-005
 Iteration  4   Mean: 0.2569E-07 Abs mean: 0.2569E-07   Fluctuation:  0.694E-08   0.470E-04    26.6%
  4    0.2569E-07 0.2569E-07 +- 0.6941E-08     24.16
 Relative summed weights:
  0.1833E-01  0.1151E-01  0.3795E-01  0.7759E-02  0.3413E-07  0.0000E+00
  0.1058E-01  0.2770E-01  0.5384E-02  0.1956E-01  0.3103E-05  0.1109E-06
  0.1011E+00  0.1986E-01  0.7858E-01  0.2099E-01  0.0000E+00  0.0000E+00
  0.2763E-01  0.2333E-01  0.1052E-01  0.8297E-02  0.0000E+00  0.0000E+00
  0.3519E-01  0.2453E+00  0.1146E-01  0.1713E-01  0.0000E+00  0.0000E+00
  0.2656E-01  0.1140E+00  0.4652E-02  0.5384E-02  0.6608E-07  0.0000E+00
  0.2182E-01  0.1763E-01  0.2720E-02  0.6507E-02  0.0000E+00  0.0000E+00
  0.3026E-01  0.2074E-02  0.1701E-02  0.2853E-01  0.0000E+00  0.0000E+00
 Relative number of events:
  0.4225E-01  0.4575E-01  0.3025E-01  0.2975E-01  0.1250E-03  0.0000E+00
  0.3062E-01  0.3213E-01  0.1762E-01  0.1388E-01  0.1250E-03  0.1250E-03
  0.4763E-01  0.4725E-01  0.3175E-01  0.3075E-01  0.0000E+00  0.0000E+00
  0.3238E-01  0.3338E-01  0.1812E-01  0.1562E-01  0.0000E+00  0.0000E+00
  0.4550E-01  0.4437E-01  0.3100E-01  0.3188E-01  0.0000E+00  0.0000E+00
  0.4738E-01  0.4512E-01  0.2937E-01  0.3375E-01  0.1250E-03  0.0000E+00
  0.3175E-01  0.3188E-01  0.1750E-01  0.1912E-01  0.0000E+00  0.0000E+00
  0.3125E-01  0.2763E-01  0.1613E-01  0.1675E-01  0.0000E+00  0.0000E+00
 Events:
         338         366         242         238           1           0
         245         257         141         111           1           1
         381         378         254         246           0           0
         259         267         145         125           0           0
         364         355         248         255           0           0
         379         361         235         270           1           0
         254         255         140         153           0           0
         250         221         129         134           0           0
 Accuracy:    0.209   0.100   0.188   1.241
 Found          336  events.
 Wrote            6  events.
 Actual xsec    2.6471311026182042E-008
 Correct abs xsec    2.6471311026182042E-008
 Event xsec    2.6471311026182046E-008
 Events wgts > 1:            0
 % Cross section > 1:    0.0000000000000000        0.0000000000000000     
 Iteration  5   Mean: 0.3436E-07 Abs mean: 0.3436E-07   Fluctuation:  0.518E-08   0.628E-04    24.9%
  5    0.3436E-07 0.3436E-07 +- 0.5179E-08     19.06
 Relative summed weights:
  0.3320E-01  0.3500E-01  0.6304E-02  0.2052E-01  0.1297E-08  0.0000E+00
  0.4484E-01  0.3213E-01  0.1463E-01  0.1235E+00  0.0000E+00  0.0000E+00
  0.3052E-01  0.4718E-01  0.2049E-01  0.3259E-01  0.1299E-02  0.2975E-04
  0.3781E-01  0.8203E-01  0.9335E-02  0.2035E-01  0.0000E+00  0.0000E+00
  0.4530E-01  0.2352E-01  0.1032E-01  0.4222E-01  0.0000E+00  0.1029E-06
  0.2365E-01  0.2035E-01  0.1714E-01  0.2967E-01  0.0000E+00  0.0000E+00
  0.4097E-01  0.2878E-01  0.1529E-01  0.3435E-01  0.0000E+00  0.0000E+00
  0.3400E-01  0.2290E-01  0.6372E-02  0.1341E-01  0.2530E-04  0.0000E+00
 Relative number of events:
  0.4838E-01  0.4750E-01  0.2831E-01  0.3094E-01  0.6250E-04  0.0000E+00
  0.3131E-01  0.3025E-01  0.1669E-01  0.1781E-01  0.0000E+00  0.0000E+00
  0.4525E-01  0.4744E-01  0.3119E-01  0.2869E-01  0.2500E-03  0.6250E-04
  0.3044E-01  0.3288E-01  0.1762E-01  0.1725E-01  0.0000E+00  0.0000E+00
  0.4738E-01  0.4281E-01  0.3012E-01  0.3056E-01  0.0000E+00  0.6250E-04
  0.4838E-01  0.4400E-01  0.3025E-01  0.3363E-01  0.0000E+00  0.0000E+00
  0.3069E-01  0.2863E-01  0.1631E-01  0.1688E-01  0.0000E+00  0.0000E+00
  0.3356E-01  0.3100E-01  0.1469E-01  0.1869E-01  0.6250E-04  0.0000E+00
 Events:
         774         760         453         495           1           0
         501         484         267         285           0           0
         724         759         499         459           4           1
         487         526         282         276           0           0
         758         685         482         489           0           1
         774         704         484         538           0           0
         491         458         261         270           0           0
         537         496         235         299           1           0
 Accuracy:    0.119   0.100   0.117   1.032
 Found         1292  events.
 Wrote           11  events.
 Actual xsec    3.3036593476510242E-008
 Correct abs xsec    3.3036593476510242E-008
 Event xsec    3.3036593476510249E-008
 Events wgts > 1:            0
 % Cross section > 1:    0.0000000000000000        0.0000000000000000     

 -------------------------------------------------------------------------------
 Accumulated results:   Integral =  0.3062E-07
                        Std dev  =  0.3597E-08
                       Cross sec =  0.3062E-07
             Chi**2 per DoF.     =      1.0318
 -------------------------------------------------------------------------------
-------------------------------------------------
---------------------------
 Results Last   3 iters: Integral =   0.3304E-07
                     Abs integral =   0.3304E-07
                          Std dev =   0.4240E-08
                  Chi**2 per DoF. =      0.7272
-------------------------------------------------
---------------------------
 Status  0.10000000000000001                6           5

ls status:
events.lhe
ftn26
input_app.txt
results.dat
run1_app.log
