 Process in group number            1
 A PDF is used, so alpha_s(MZ) is going to be modified
 Old value of alpha_s from param_card:   0.11839999999999999     
  ****************************************
 
       NNPDFDriver version 1.0.3
   Grid: NNPDF23_lo_as_0130_qed_mem0.grid
  ****************************************
 New value of alpha_s from PDF nn23lo1:  0.13000000000000000     
 Define smin to   1600.0000000000000     
 Define smin to   1600.0000000000000     
 Define smin to   1600.0000000000000     
 *****************************************************
 *               MadGraph/MadEvent                   *
 *        --------------------------------           *
 *          http://madgraph.hep.uiuc.edu             *
 *          http://madgraph.phys.ucl.ac.be           *
 *          http://madgraph.roma2.infn.it            *
 *        --------------------------------           *
 *                                                   *
 *          PARAMETER AND COUPLING VALUES            *
 *                                                   *
 *****************************************************

  External Params
  ---------------------------------
  
 mdl_VeN1 =    1.0000000000000000     
 mdl_VeN2 =    0.0000000000000000     
 mdl_VeN3 =    0.0000000000000000     
 mdl_VmuN1 =    0.0000000000000000     
 mdl_VmuN2 =    1.0000000000000000     
 mdl_VmuN3 =    0.0000000000000000     
 mdl_VtaN1 =    0.0000000000000000     
 mdl_VtaN2 =    0.0000000000000000     
 mdl_VtaN3 =    1.0000000000000000     
 mdl_VN1N1 =    1.0000000000000000     
 mdl_VN1N2 =    1.0000000000000000     
 mdl_VN1N3 =    1.0000000000000000     
 mdl_VN2N2 =    1.0000000000000000     
 mdl_VN2N3 =    1.0000000000000000     
 mdl_VN3N3 =    1.0000000000000000     
 aEWM1 =    127.90000000000001     
 mdl_Gf =    1.1663700000000000E-005
 aS =   0.11839999999999999     
 mdl_ymt =    172.00000000000000     
 mdl_vevf =    50.000000000000000     
 mdl_MZ =    91.187600000000003     
 mdl_MT =    172.00000000000000     
 mdl_MH =    125.00000000000000     
 mdl_mN1 =    2000.0000000000000     
 mdl_mN2 =    2100.0000000000000     
 mdl_mN3 =    2200.0000000000000     
 mdl_MJ =    91.187600000000003     
 mdl_MAx =    173.04800000000000     
 mdl_WZ =    2.4952000000000001     
 mdl_WW =    2.0850000000000000     
 mdl_WT =    1.5083359999999999     
 mdl_WH =    4.0699999999999998E-003
 mdl_WN1 =   0.30299999999999999     
 mdl_WN2 =    1.5000000000000000     
 mdl_WN3 =    12.300000000000001     
 mdl_WJ =    2.4952000000000001     
 mdl_WAx =    4.1700000000000001E-003
  Internal Params
  ---------------------------------
  
 mdl_vevf__exp__2 =    2500.0000000000000     
 mdl_sqrt__vevf__exp__2 =    50.000000000000000     
 mdl_muJ =    50.000000000000000     
 mdl_MZ__exp__2 =    8315.1783937600012     
 mdl_MZ__exp__4 =    69142191.720053151     
 mdl_sqrt__2 =    1.4142135623730951     
 mdl_MJ__exp__2 =    8315.1783937600012     
 mdl_muJ__exp__2 =    2500.0000000000000     
 mdl_lamJ =    4.3260713575040004     
 mdl_MH__exp__2 =    15625.000000000000     
 mdl_complexi =  (  0.0000000000000000     ,  1.0000000000000000     )
 mdl_aEW =    7.8186082877247844E-003
 mdl_MW =    79.824359746197842     
 mdl_sqrt__aEW =    8.8422894590285753E-002
 mdl_ee =   0.31345100004952897     
 mdl_MW__exp__2 =    6371.9284088904105     
 mdl_sw2 =   0.23369913342182447     
 mdl_cw =   0.87538612427783857     
 mdl_sqrt__sw2 =   0.48342438232036300     
 mdl_sw =   0.48342438232036300     
 mdl_g1 =   0.35807170271074895     
 mdl_gN =   0.64839716719502682     
 mdl_gw =   0.64839716719502682     
 mdl_vev =    246.22056907348590     
 mdl_vev__exp__2 =    60624.568634871241     
 mdl_lam =   0.12886689630821144     
 mdl_yt =   0.98791394091683138     
 mdl_muH =    88.388347648318444     
 mdl_I2a33 =  ( 0.98791394091683138     ,  0.0000000000000000     )
 mdl_I3a33 =  ( 0.98791394091683138     ,  0.0000000000000000     )
 mdl_ee__exp__2 =    9.8251529432049817E-002
 mdl_sw__exp__2 =   0.23369913342182450     
 mdl_cw__exp__2 =   0.76630086657817542     
  Internal Params evaluated point by point
  ----------------------------------------
  
 mdl_sqrt__aS =   0.34409301068170506     
 mdl_G__exp__2 =    1.4878582807401259     
  Couplings of SM_HeavyN_UFO
  ---------------------------------
  
         GC_1 =  -0.00000E+00  -0.10448E+00
         GC_2 =   0.00000E+00   0.20897E+00
         GC_3 =  -0.00000E+00  -0.31345E+00
         GC_4 =   0.00000E+00   0.31345E+00
        GC_26 =   0.00000E+00   0.45849E+00
        GC_27 =  -0.00000E+00  -0.28380E+00
        GC_28 =   0.00000E+00   0.28380E+00
        GC_30 =   0.00000E+00   0.56760E+00
        GC_35 =  -0.00000E+00  -0.28850E-01
        GC_37 =   0.00000E+00   0.17310E+00
        GC_39 =   0.00000E+00  -0.19725E+00
        GC_40 =   0.00000E+00   0.37035E+00
        GC_80 =   0.00000E+00   0.67543E+02
       GC_107 =  -0.00000E+00  -0.74070E+00
       GC_109 =  -0.00000E+00  -0.74070E+00
       GC_111 =  -0.00000E+00  -0.74070E+00
       GC_113 =  -0.00000E+00  -0.74070E+00
       GC_115 =  -0.00000E+00  -0.74070E+00
       GC_117 =  -0.00000E+00  -0.74070E+00
       GC_119 =   0.00000E+00   0.00000E+00
       GC_120 =   0.00000E+00   0.00000E+00
       GC_122 =  -0.00000E+00  -0.00000E+00
       GC_126 =   0.00000E+00   0.00000E+00
       GC_127 =   0.00000E+00   0.00000E+00
       GC_129 =  -0.00000E+00  -0.00000E+00
       GC_133 =   0.00000E+00   0.45849E+00
       GC_134 =   0.00000E+00   0.37035E+00
       GC_136 =  -0.00000E+00  -0.89351E+01
        GC_81 =   0.40000E+02   0.00000E+00
        GC_82 =   0.42000E+02   0.00000E+00
        GC_83 =   0.44000E+02   0.00000E+00

 Collider parameters:
 --------------------

 Running at P P   machine @    13000.000000000000       GeV
 PDF set = nn23lo1
 alpha_s(Mz)= 0.1300 running at 2 loops.
 alpha_s(Mz)= 0.1300 running at 2 loops.
 Renormalization scale set on event-by-event basis
 Factorization   scale set on event-by-event basis


 getting user params
Enter number of events and max and min iterations: 
 Number of events and iterations         1000           5           3
Enter desired fractional accuracy: 
 Desired fractional accuracy:   0.10000000000000001     
Enter 0 for fixed, 2 for adjustable grid: 
Suppress amplitude (0 no, 1 yes)? 
 Using suppressed amplitude.
Exact helicity sum (0 yes, n = number/event)? 
 Explicitly summing over helicities
Enter Configuration Number: 
Running Configuration Number:  293
 Using dconfig=         727
 BW Setting            1           2           2           2           2           2           0
 Attempting mappinvarients           1           9
 Completed mapping           9
 about to integrate           19        1000           5           3          19           1
 Using non-zero grid deformation.
 19 dimensions   1000 events 19 invarients  5 iterations  1 config(s),  (0.99)
 Using h-tuple random number sequence.
 Error opening grid
 Using Uniform Grid!          36
 Using uniform alpha   1.0000000000000000     
 Grid defined OK
 Set CM energy to      13000.00
 Mapping Graph         293  to config         293
 Setting BW          -1           1   91.187600000000003     
Setting grid   2    0.36660E-04   1
Setting grid   3    0.17080E-03   1
Setting grid   4    0.75740E-07   1
Setting grid   5    0.75740E-07   1
Setting grid   6    0.17807E-03   1
 Transforming s_hat 1/s           18   2.1338287669017756E-004   1600.0000000000000        168999999.99999997     
 293   1   2   3   4   5   6   7   8   9  10  11  12  13  14
  15  16  17  18  19
 Masses: 0.000E+00 0.000E+00 0.000E+00 0.000E+00 0.000E+00 0.000E+00 0.000E+00 0.000E+00 0.912E+02
Using random seed offsets   293 :      1
  with seed                   24
 Ranmar initialization seeds          23        9398
 
 ********************************************
 * You are using the DiscreteSampler module *
 *      part of the MG5_aMC framework       *
 *         Author: Valentin Hirschi         *
 ********************************************
 
  Particle       3       4       5       6       7       8       9
      Et >    10.0    10.0    10.0    10.0     0.0     0.0     0.0
       E >     0.0     0.0     0.0     0.0     0.0     0.0     0.0
     Eta <     2.5     2.5     2.5     2.5    -1.0    -1.0    -1.0
   xqcut:      0.0     0.0     0.0     0.0     0.0     0.0     0.0
d R # 3  >    -0.0     0.4     0.4     0.4     0.0     0.0     0.0
d R # 4  >    -0.0    -0.0     0.4     0.4     0.0     0.0     0.0
d R # 5  >    -0.0    -0.0    -0.0     0.4     0.0     0.0     0.0
d R # 6  >    -0.0    -0.0    -0.0    -0.0     0.0     0.0     0.0
d R # 7  >    -0.0    -0.0    -0.0    -0.0    -0.0     0.0     0.0
d R # 8  >    -0.0    -0.0    -0.0    -0.0    -0.0    -0.0     0.0
s min # 3>     0.0     0.0     0.0     0.0     0.0     0.0     0.0
s min # 4>     0.0     0.0     0.0     0.0     0.0     0.0     0.0
s min # 5>     0.0     0.0     0.0     0.0     0.0     0.0     0.0
s min # 6>     0.0     0.0     0.0     0.0     0.0     0.0     0.0
s min # 7>     0.0     0.0     0.0     0.0     0.0     0.0     0.0
s min # 8>     0.0     0.0     0.0     0.0     0.0     0.0     0.0
xqcutij # 3>     0.0     0.0     0.0     0.0     0.0     0.0     0.0
xqcutij # 4>     0.0     0.0     0.0     0.0     0.0     0.0     0.0
xqcutij # 5>     0.0     0.0     0.0     0.0     0.0     0.0     0.0
xqcutij # 6>     0.0     0.0     0.0     0.0     0.0     0.0     0.0
xqcutij # 7>     0.0     0.0     0.0     0.0     0.0     0.0     0.0
xqcutij # 8>     0.0     0.0     0.0     0.0     0.0     0.0     0.0
 Requiring BW           -1           1
 Excluding BW           -2           2
 Excluding BW           -3           3
 Excluding BW           -4           4
 Excluding BW           -5           5
 Excluding BW           -6           6
 alpha_s for scale    3867.5237045638773       is    8.0318176139714176E-002
 Added good helicity            1   4.4506170261967508       in event            1 local:           1
 Added good helicity           21   112.21908964722472       in event            1 local:           1
 Added good helicity           25  0.39109864331886474       in event            1 local:           1
 Added good helicity           37   2.7806160112874885E-004  in event            1 local:           1
 Added good helicity           41   1.0108019776537901E-003  in event            1 local:           1
 Added good helicity           61   2.3399519549340301E-004  in event            1 local:           1
 Added good helicity          193   138.29098133494927       in event            1 local:           1
 Added good helicity          213  0.47071163607525152       in event            1 local:           1
 Added good helicity          217  0.12957345488251454       in event            1 local:           1
 Added good helicity          229   6.8679303664833402E-005  in event            1 local:           1
 Added good helicity          233   9.3264467673031086E-003  in event            1 local:           1
 Added good helicity          253   3.7010272507412192E-002  in event            1 local:           1
 Added good helicity            1   4.4506170261964062       in event            1 local:           1
 Added good helicity           21   112.21908964722655       in event            1 local:           1
 Added good helicity           25  0.39109864331887068       in event            1 local:           1
 Added good helicity           37   2.7806160112885667E-004  in event            1 local:           1
 Added good helicity           41   1.0108019776539181E-003  in event            1 local:           1
 Added good helicity           61   2.3399519549345034E-004  in event            1 local:           1
 Added good helicity          193   138.29098133494514       in event            1 local:           1
 Added good helicity          213  0.47071163607779676       in event            1 local:           1
 Added good helicity          217  0.12957345488255778       in event            1 local:           1
 Added good helicity          229   6.8679303664874846E-005  in event            1 local:           1
 Added good helicity          233   9.3264467673093241E-003  in event            1 local:           1
 Added good helicity          253   3.7010272507428693E-002  in event            1 local:           1
 RESET CUMULATIVE VARIABLE
 RESET CUMULATIVE VARIABLE
 RESET CUMULATIVE VARIABLE
 Iteration  1   Mean: 0.4389E-13 Abs mean: 0.4389E-13   Fluctuation:  0.436E-13   0.436E-10     4.1%
  1    0.4389E-13 0.4389E-13 +- 0.4358E-13     31.40
 Writing out events   2.1315691264890451E-016   31.398305438256049     
 Relative summed weights:
  0.1363E-04  0.9790E-05  0.4046E-02  0.1572E-04  0.2837E-17  0.1024E-13
  0.3236E-04  0.1171E-04  0.3655E-04  0.4654E-04  0.0000E+00  0.5525E-08
  0.2173E-03  0.1622E-04  0.1281E-04  0.1105E-07  0.0000E+00  0.6185E-14
  0.9929E+00  0.3878E-04  0.1137E-03  0.7828E-04  0.9952E-09  0.4673E-11
  0.1915E-04  0.5416E-04  0.1804E-05  0.4275E-04  0.4706E-03  0.1621E-12
  0.7477E-07  0.3241E-06  0.4441E-06  0.2051E-05  0.1534E-14  0.4973E-13
  0.1269E-02  0.2793E-03  0.6580E-04  0.1861E-06  0.2023E-06  0.0000E+00
  0.1301E-05  0.5473E-05  0.1145E-05  0.1776E-03  0.1725E-06  0.9720E-13
 Relative number of events:
  0.4163E-01  0.4460E-01  0.4856E-01  0.5253E-01  0.9911E-03  0.1982E-02
  0.1784E-01  0.1685E-01  0.1388E-01  0.1189E-01  0.0000E+00  0.1982E-02
  0.1685E-01  0.1586E-01  0.1586E-01  0.1883E-01  0.0000E+00  0.9911E-03
  0.4262E-01  0.3171E-01  0.4856E-01  0.5352E-01  0.3964E-02  0.1982E-02
  0.4856E-01  0.3964E-01  0.4955E-01  0.4955E-01  0.3964E-02  0.1982E-02
  0.1982E-01  0.1586E-01  0.1189E-01  0.2279E-01  0.9911E-03  0.9911E-03
  0.9911E-02  0.1388E-01  0.1487E-01  0.1189E-01  0.9911E-03  0.0000E+00
  0.3072E-01  0.3964E-01  0.4163E-01  0.6145E-01  0.3964E-02  0.1982E-02
 Events:
          42          45          49          53           1           2
          18          17          14          12           0           2
          17          16          16          19           0           1
          43          32          49          54           4           2
          49          40          50          50           4           2
          20          16          12          23           1           1
          10          14          15          12           1           0
          31          40          42          62           4           2
 Iteration  2   Mean: 0.5721E-15 Abs mean: 0.5721E-15   Fluctuation:  0.329E-15   0.569E-12    22.0%
  2    0.5721E-15 0.5721E-15 +- 0.3294E-15     25.75
 Relative summed weights:
  0.2813E+00  0.7025E-01  0.2573E-04  0.1002E-03  0.7434E-09  0.3213E-12
  0.1005E-02  0.2950E-05  0.1295E-03  0.2267E-01  0.0000E+00  0.0000E+00
  0.1870E-03  0.4974E+00  0.3229E-04  0.1252E-05  0.4914E-10  0.0000E+00
  0.1856E-01  0.1290E-02  0.3840E-04  0.3045E-04  0.1246E-12  0.6121E-07
  0.4906E-03  0.5687E-03  0.5735E-02  0.3703E-03  0.4857E-05  0.0000E+00
  0.1334E-02  0.3322E-03  0.2087E-06  0.4811E-06  0.0000E+00  0.1190E-10
  0.1503E-04  0.2378E-01  0.6706E-05  0.1537E-04  0.2519E-09  0.0000E+00
  0.2682E-02  0.1946E-02  0.3872E-01  0.3100E-01  0.0000E+00  0.3872E-09
 Relative number of events:
  0.5350E-01  0.5100E-01  0.4050E-01  0.4250E-01  0.1000E-02  0.1000E-02
  0.1800E-01  0.1450E-01  0.1100E-01  0.1100E-01  0.0000E+00  0.0000E+00
  0.1700E-01  0.1900E-01  0.1600E-01  0.1100E-01  0.1000E-02  0.0000E+00
  0.4950E-01  0.4200E-01  0.3900E-01  0.3950E-01  0.5000E-03  0.1000E-02
  0.5450E-01  0.5750E-01  0.4850E-01  0.4950E-01  0.2000E-02  0.0000E+00
  0.1850E-01  0.1700E-01  0.8000E-02  0.1400E-01  0.0000E+00  0.5000E-03
  0.1900E-01  0.1800E-01  0.1050E-01  0.1350E-01  0.5000E-03  0.0000E+00
  0.4800E-01  0.4800E-01  0.4900E-01  0.4300E-01  0.0000E+00  0.1000E-02
 Events:
         107         102          81          85           2           2
          36          29          22          22           0           0
          34          38          32          22           2           0
          99          84          78          79           1           2
         109         115          97          99           4           0
          37          34          16          28           0           1
          38          36          21          27           1           0
          96          96          98          86           0           2
 Iteration  3   Mean: 0.9053E-15 Abs mean: 0.9053E-15   Fluctuation:  0.421E-15   0.140E-11    34.0%
  3    0.9053E-15 0.9053E-15 +- 0.4214E-15     29.44
 Relative summed weights:
  0.3612E-03  0.2632E-02  0.1593E-02  0.1351E-01  0.1248E-09  0.3123E-05
  0.2903E-03  0.1036E-02  0.6392E-02  0.7023E-03  0.6975E-08  0.1333E-10
  0.3261E-03  0.8796E-03  0.3217E-03  0.5577E-02  0.0000E+00  0.0000E+00
  0.9076E-03  0.5757E-01  0.3955E-01  0.1815E-02  0.1402E-10  0.0000E+00
  0.3911E+00  0.1863E-01  0.2111E+00  0.2089E-02  0.3385E-09  0.4978E-10
  0.1145E-01  0.3336E-01  0.1122E+00  0.1626E-03  0.0000E+00  0.9084E-06
  0.8032E-04  0.4501E-02  0.1777E-04  0.9490E-02  0.0000E+00  0.3655E-10
  0.6900E-03  0.6218E-01  0.7807E-03  0.8644E-02  0.2740E-11  0.9062E-11
 Relative number of events:
  0.6400E-01  0.5825E-01  0.3875E-01  0.3700E-01  0.2500E-03  0.2500E-03
  0.1650E-01  0.1850E-01  0.1125E-01  0.9000E-02  0.2500E-03  0.2500E-03
  0.1850E-01  0.1800E-01  0.1025E-01  0.1125E-01  0.0000E+00  0.0000E+00
  0.5575E-01  0.6125E-01  0.4050E-01  0.3400E-01  0.2500E-03  0.0000E+00
  0.5075E-01  0.5375E-01  0.4250E-01  0.4650E-01  0.7500E-03  0.2500E-03
  0.1600E-01  0.1700E-01  0.1050E-01  0.1075E-01  0.0000E+00  0.2500E-03
  0.1900E-01  0.2000E-01  0.9500E-02  0.1350E-01  0.0000E+00  0.2500E-03
  0.5025E-01  0.5450E-01  0.3750E-01  0.4150E-01  0.5000E-03  0.5000E-03
 Events:
         256         233         155         148           1           1
          66          74          45          36           1           1
          74          72          41          45           0           0
         223         245         162         136           1           0
         203         215         170         186           3           1
          64          68          42          43           0           1
          76          80          38          54           0           1
         201         218         150         166           2           2
 Accuracy:    1.682   0.100   0.340  24.470
 Found           57  events.
 Wrote            1  events.
 Actual xsec    5.8317234021875020E-015
 Correct abs xsec    5.8317234021875020E-015
 Event xsec    5.8317234021875012E-015
 Events wgts > 1:            0
 % Cross section > 1:    0.0000000000000000        0.0000000000000000     
 Iteration  4   Mean: 0.9020E-12 Abs mean: 0.9020E-12   Fluctuation:  0.896E-12   0.717E-08    35.4%
  4    0.9020E-12 0.9020E-12 +- 0.8964E-12     88.89
 Relative summed weights:
  0.1827E-04  0.9941E+00  0.1286E-03  0.5609E-04  0.3866E-14  0.1765E-17
  0.5450E-04  0.5090E-05  0.2086E-04  0.3613E-04  0.4023E-15  0.0000E+00
  0.2534E-03  0.8070E-05  0.5605E-04  0.1556E-04  0.2164E-07  0.0000E+00
  0.3076E-03  0.1417E-02  0.3892E-05  0.7563E-04  0.7044E-09  0.4238E-08
  0.4484E-03  0.1151E-04  0.1081E-02  0.1384E-03  0.1268E-09  0.1736E-10
  0.1689E-03  0.3948E-04  0.8265E-03  0.7237E-04  0.2188E-09  0.1081E-11
  0.3261E-04  0.4862E-05  0.1859E-05  0.2224E-04  0.0000E+00  0.6500E-12
  0.4027E-03  0.1298E-04  0.2939E-04  0.1246E-03  0.8846E-11  0.3741E-09
 Relative number of events:
  0.5050E-01  0.5275E-01  0.3900E-01  0.4325E-01  0.2500E-03  0.2500E-03
  0.1988E-01  0.2050E-01  0.1213E-01  0.1025E-01  0.1250E-03  0.0000E+00
  0.1512E-01  0.1663E-01  0.1213E-01  0.1038E-01  0.7500E-03  0.0000E+00
  0.5025E-01  0.5862E-01  0.4200E-01  0.4025E-01  0.3750E-03  0.6250E-03
  0.5237E-01  0.5175E-01  0.4188E-01  0.4188E-01  0.2500E-03  0.3750E-03
  0.2050E-01  0.1837E-01  0.1175E-01  0.1075E-01  0.5000E-03  0.1250E-03
  0.1850E-01  0.1900E-01  0.1188E-01  0.1000E-01  0.0000E+00  0.1250E-03
  0.5625E-01  0.5200E-01  0.4400E-01  0.4038E-01  0.1000E-02  0.3750E-03
 Events:
         404         422         312         346           2           2
         159         164          97          82           1           0
         121         133          97          83           6           0
         402         469         336         322           3           5
         419         414         335         335           2           3
         164         147          94          86           4           1
         148         152          95          80           0           1
         450         416         352         323           8           3
 Accuracy:    1.590   0.100   0.322  24.428
 Found          236  events.
 Wrote            1  events.
 Actual xsec    1.0633297288203685E-013
 Correct abs xsec    1.0633297288203685E-013
 Event xsec    1.0633297288203685E-013
 Events wgts > 1:            1
 % Cross section > 1:    2.1780926620496967E-020   2.0483699486762383E-005
 Iteration  5   Mean: 0.2963E-11 Abs mean: 0.2963E-11   Fluctuation:  0.296E-11   0.474E-07    33.5%
  5    0.2963E-11 0.2963E-11 +- 0.2961E-11    126.39
 Relative summed weights:
  0.4666E-05  0.1570E-03  0.3275E-03  0.2015E-05  0.3990E-13  0.1153E-05
  0.2502E-06  0.1182E-05  0.2718E-04  0.3414E-06  0.0000E+00  0.6451E-14
  0.3298E-04  0.1755E-04  0.8115E-06  0.3195E-05  0.1250E-10  0.1372E-07
  0.3577E-05  0.6198E-05  0.3000E-05  0.1140E-05  0.3084E-11  0.8366E-10
  0.1728E-04  0.9303E-05  0.1109E-04  0.9992E+00  0.2500E-09  0.1725E-08
  0.8960E-05  0.4363E-05  0.1057E-05  0.1147E-05  0.8384E-10  0.4091E-14
  0.3491E-05  0.5272E-05  0.3107E-04  0.4861E-06  0.1186E-11  0.0000E+00
  0.2573E-05  0.6151E-04  0.3997E-05  0.4136E-05  0.4935E-10  0.1655E-13
 Relative number of events:
  0.5319E-01  0.5506E-01  0.3900E-01  0.4213E-01  0.5000E-03  0.3125E-03
  0.1725E-01  0.1981E-01  0.1131E-01  0.1294E-01  0.0000E+00  0.1250E-03
  0.1869E-01  0.1912E-01  0.1294E-01  0.1044E-01  0.2500E-03  0.2500E-03
  0.5387E-01  0.4994E-01  0.4294E-01  0.4075E-01  0.3125E-03  0.3125E-03
  0.5181E-01  0.5125E-01  0.4256E-01  0.4169E-01  0.5000E-03  0.6875E-03
  0.1800E-01  0.1688E-01  0.1238E-01  0.1188E-01  0.1250E-03  0.6250E-04
  0.1713E-01  0.1713E-01  0.1406E-01  0.1169E-01  0.6250E-04  0.0000E+00
  0.5144E-01  0.5244E-01  0.4075E-01  0.4531E-01  0.5000E-03  0.2500E-03
 Events:
         851         881         624         674           8           5
         276         317         181         207           0           2
         299         306         207         167           4           4
         862         799         687         652           5           5
         829         820         681         667           8          11
         288         270         198         190           2           1
         274         274         225         187           1           0
         823         839         652         725           8           4
 Accuracy:    1.187   0.100   0.306  15.016
 Found           14  events.
 Wrote            1  events.
 Actual xsec    5.8616146517296754E-013
 Correct abs xsec    5.8616146517296754E-013
 Event xsec    5.8616146517296754E-013
 Events wgts > 1:            1
 % Cross section > 1:    8.5476094977978823E-020   1.4582346342531420E-005

 -------------------------------------------------------------------------------
 Accumulated results:   Integral =  0.3688E-12
                        Std dev  =  0.1130E-12
                       Cross sec =  0.3688E-12
             Chi**2 per DoF.     =     15.0158
 -------------------------------------------------------------------------------
-------------------------------------------------
---------------------------
 Results Last   3 iters: Integral =   0.5862E-12
                     Abs integral =   0.5862E-12
                          Std dev =   0.2277E-12
                  Chi**2 per DoF. = 964331.9887
-------------------------------------------------
---------------------------
 Status  0.10000000000000001                6           5

ls status:
events.lhe
ftn26
input_app.txt
results.dat
run1_app.log
